INFO    [03-24 16:23:06] setup_train in utils:
{
    "experiment_dir": "___movies_base_partial_2022",
    "experiment_description": "base",
    "describe": "{config[model_code]}-rate-{config[sample_rate]}-seed-{config[sample_seed]}",
    "dataset_name": "movies.csv",
    "sched": "basic",
    "model_code": "nextitnet",
    "num_epochs": 60,
    "mode": [
        "train",
        "test"
    ],
    "max_len": 10,
    "test_state_path": null,
    "model_state_path": null,
    "do_sampling": true,
    "path_for_sample": "Data/Cache/movies-5-5.pkl",
    "sample_rate": 0.8,
    "sample_seed": 2001,
    "rand_seed": 2022,
    "load_processed_dataset": true,
    "save_processed_dataset": false,
    "dataset_cache_filename": null,
    "do_remap": false,
    "weight_decay": 0,
    "decay_step": 15,
    "gamma": 0.99,
    "lr": 0.001,
    "min_length": 5,
    "min_item_inter": 5,
    "good_only": false,
    "use_rating": true,
    "test_negative_sampler_code": "random",
    "test_negative_sample_size": 0,
    "dataloader_type": "next",
    "train_batch_size": 512,
    "val_batch_size": 512,
    "test_batch_size": 512,
    "prop_sliding_window": -1.0,
    "worker_number": 2,
    "metric_ks": [
        5,
        10
    ],
    "device": "cuda",
    "num_gpu": 1,
    "optimizer": "Adam",
    "best_metric": "NDCG@10",
    "show_process_bar": false,
    "config_file": "config2.movies/nextitnet/config_partial.json",
    "task_id": 2,
    "split": "leave_one_out",
    "train_negative_sampler_code": "random",
    "train_negative_sample_size": 100,
    "device_idx": "0",
    "momentum": null,
    "log_period_as_iter": 12800,
    "mentor_code": "bert",
    "training_routine": null,
    "T": 1,
    "alpha": 0.1,
    "dvae_alpha": 0.5,
    "softmaxed_mentor": false,
    "weight_list": [
        0.5,
        0.5
    ],
    "validation_rate": 0.2,
    "num_items": null,
    "start_index": 1,
    "kwargs": null
}
DEBUG   [03-24 16:23:06] __init__ in BasicSched:
BasicScheduler attribs: tag=nextitnet
INFO    [03-24 16:23:06] _load_sampled_dataset_from_path in utils:
loading sampled dataset from /data/wushiguang-slurm/code/gitee-repos/soft-rec/Data/Cache/sampled_movies-5-5-rate-0.8-seed-2001.pkl
INFO    [03-24 16:23:07] _check_dataset_cache in utils:
check if the cache is generated under this configuration
INFO    [03-24 16:23:07] _check_dataset_cache in utils:
correct.
INFO    [03-24 16:23:07] __init__ in NextItemDataloader:
there are 21035 items in this dataset, 65724 users, padding_first? True
DEBUG   [03-24 16:23:19] generate_model in utils:
model_code_list=['nextitnet']
INFO    [03-24 16:23:19] load_model_config in utils:
loading model nextitnet's config file at asset/config/model/nextitnet.json
INFO    [03-24 16:23:19] load_model_config in utils:
{
    "embedding_size": 64,
    "kernel_size": 3,
    "block_num": 5,
    "dilations": [
        1
    ],
    "reg_weight": 5e-06,
    "loss_type": "CE"
}
WARNING [03-24 16:24:30] get_exist_path in utils:
dir ___movies_base_partial_2022/base_nextitnet-rate-0.8-seed-2001_03-24_16:23_t2/nextitnet_logs does not exist! Create one.
WARNING [03-24 16:24:30] get_exist_path in utils:
dir ___movies_base_partial_2022/base_nextitnet-rate-0.8-seed-2001_03-24_16:23_t2/nextitnet_logs/tb_vis does not exist! Create one.
WARNING [03-24 16:24:30] get_exist_path in utils:
dir ___movies_base_partial_2022/base_nextitnet-rate-0.8-seed-2001_03-24_16:23_t2/nextitnet_logs/checkpoint does not exist! Create one.
INFO    [03-24 16:24:30] __init__ in BasicSched:
NextItNet(
  (item_embedding): Embedding(21036, 64, padding_idx=0)
  (residual_blocks): Sequential(
    (0): ResidualBlock_b(
      (conv1): Conv2d(64, 64, kernel_size=(1, 3), stride=(1, 1))
      (ln1): LayerNorm((64,), eps=1e-08, elementwise_affine=True)
      (conv2): Conv2d(64, 64, kernel_size=(1, 3), stride=(1, 1), dilation=(2, 2))
      (ln2): LayerNorm((64,), eps=1e-08, elementwise_affine=True)
    )
    (1): ResidualBlock_b(
      (conv1): Conv2d(64, 64, kernel_size=(1, 3), stride=(1, 1))
      (ln1): LayerNorm((64,), eps=1e-08, elementwise_affine=True)
      (conv2): Conv2d(64, 64, kernel_size=(1, 3), stride=(1, 1), dilation=(2, 2))
      (ln2): LayerNorm((64,), eps=1e-08, elementwise_affine=True)
    )
    (2): ResidualBlock_b(
      (conv1): Conv2d(64, 64, kernel_size=(1, 3), stride=(1, 1))
      (ln1): LayerNorm((64,), eps=1e-08, elementwise_affine=True)
      (conv2): Conv2d(64, 64, kernel_size=(1, 3), stride=(1, 1), dilation=(2, 2))
      (ln2): LayerNorm((64,), eps=1e-08, elementwise_affine=True)
    )
    (3): ResidualBlock_b(
      (conv1): Conv2d(64, 64, kernel_size=(1, 3), stride=(1, 1))
      (ln1): LayerNorm((64,), eps=1e-08, elementwise_affine=True)
      (conv2): Conv2d(64, 64, kernel_size=(1, 3), stride=(1, 1), dilation=(2, 2))
      (ln2): LayerNorm((64,), eps=1e-08, elementwise_affine=True)
    )
    (4): ResidualBlock_b(
      (conv1): Conv2d(64, 64, kernel_size=(1, 3), stride=(1, 1))
      (ln1): LayerNorm((64,), eps=1e-08, elementwise_affine=True)
      (conv2): Conv2d(64, 64, kernel_size=(1, 3), stride=(1, 1), dilation=(2, 2))
      (ln2): LayerNorm((64,), eps=1e-08, elementwise_affine=True)
    )
  )
  (final_layer): Linear(in_features=64, out_features=64, bias=True)
  (loss_fct): CrossEntropyLoss()
  (reg_loss): RegLoss()
)
WARNING [03-24 16:24:30] get_path in utils:
Path is None
WARNING [03-24 16:24:30] load_state_from_given_path in utils:
Not given any path.
INFO    [03-24 16:24:30] assert_model_device in utils:
model nextitnet has 5.627685546875 MB params.
INFO    [03-24 16:24:30] __init__ in BasicTrainer:
360448 iter per epoch
INFO    [03-24 16:24:30] _fit in BasicSched:
Start training.
INFO    [03-24 16:25:05] log in loggers:
Update Best NDCG@10 Model at 0
INFO    [03-24 16:25:05] validate in BasicTrainer:
{'Recall@10': 0.0006207606589147287, 'NDCG@10': 0.00026895325222998397, 'MRR@10': 0.00016711030945961558, 'Recall@5': 0.00022710755813953488, 'NDCG@5': 0.00014206735586906358, 'MRR@5': 0.00011506783004395317, 'Recall*@10': 0.0006027256333550741, 'NDCG*@10': 0.0002625190450759359, 'MRR*@10': 0.00016510023987245594, 'Recall*@5': 0.00018165592291904975, 'NDCG*@5': 0.00012841902929538673, 'MRR*@5': 0.00011104177196271891}
INFO    [03-24 16:25:05] train in BasicTrainer:
epoch: 0
INFO    [03-24 16:25:38] _train_one_epoch in BasicTrainer:
loss = 9.137086307460612
INFO    [03-24 16:26:09] log in loggers:
Update Best NDCG@10 Model at 0
INFO    [03-24 16:26:10] validate in BasicTrainer:
{'Recall@10': 0.02454533388968124, 'NDCG@10': 0.01149452846973788, 'MRR@10': 0.007604815970109992, 'Recall@5': 0.013455720145486353, 'NDCG@5': 0.007955116643967438, 'MRR@5': 0.006171693586358122, 'Recall*@10': 0.02308354031496732, 'NDCG*@10': 0.010996554811239647, 'MRR*@10': 0.007389459176920354, 'Recall*@5': 0.012922288559362755, 'NDCG*@5': 0.007759248410972456, 'MRR*@5': 0.006082111092414274}
INFO    [03-24 16:26:10] train in BasicTrainer:
duration: 64.99842309951782s
INFO    [03-24 16:26:10] train in BasicTrainer:
epoch: 1
INFO    [03-24 16:26:41] _train_one_epoch in BasicTrainer:
loss = 8.746218957684256
INFO    [03-24 16:27:11] log in loggers:
Update Best NDCG@10 Model at 1
INFO    [03-24 16:27:11] validate in BasicTrainer:
{'Recall@10': 0.03669317219724027, 'NDCG@10': 0.018563024042708466, 'MRR@10': 0.013118970323382884, 'Recall@5': 0.02155427901839563, 'NDCG@5': 0.01369495316256964, 'MRR@5': 0.011126004885015793, 'Recall*@10': 0.03497124304489572, 'NDCG*@10': 0.01740457385763988, 'MRR*@10': 0.01213670308636718, 'Recall*@5': 0.020121461776799934, 'NDCG*@5': 0.01263530620251053, 'MRR*@5': 0.010187525226366382}
INFO    [03-24 16:27:11] train in BasicTrainer:
duration: 61.5556914806366s
INFO    [03-24 16:27:11] train in BasicTrainer:
epoch: 2
INFO    [03-24 16:27:42] _train_one_epoch in BasicTrainer:
loss = 8.478394622152502
INFO    [03-24 16:28:13] log in loggers:
Update Best NDCG@10 Model at 2
INFO    [03-24 16:28:13] validate in BasicTrainer:
{'Recall@10': 0.04865835806311563, 'NDCG@10': 0.024556862536904422, 'MRR@10': 0.017307806998318017, 'Recall@5': 0.02909006215920744, 'NDCG@5': 0.018282682627670525, 'MRR@5': 0.014749787848933722, 'Recall*@10': 0.04758848763944567, 'NDCG*@10': 0.024091789087410585, 'MRR*@10': 0.017023034198859404, 'Recall*@5': 0.028485875786101632, 'NDCG*@5': 0.01795921112995508, 'MRR*@5': 0.014518223186709391}
INFO    [03-24 16:28:13] train in BasicTrainer:
duration: 61.644989252090454s
INFO    [03-24 16:28:13] train in BasicTrainer:
epoch: 3
INFO    [03-24 16:28:44] _train_one_epoch in BasicTrainer:
loss = 8.154828908768566
INFO    [03-24 16:29:14] log in loggers:
Update Best NDCG@10 Model at 3
INFO    [03-24 16:29:15] validate in BasicTrainer:
{'Recall@10': 0.05969417470601178, 'NDCG@10': 0.03039144288546355, 'MRR@10': 0.02158524334979381, 'Recall@5': 0.0358797727917978, 'NDCG@5': 0.022752414399743542, 'MRR@5': 0.018469068893166476, 'Recall*@10': 0.05859103847959245, 'NDCG*@10': 0.029752003245575483, 'MRR*@10': 0.021078777867694232, 'Recall*@5': 0.03529967919223068, 'NDCG*@5': 0.022275448921172655, 'MRR*@5': 0.018025908518091653}
INFO    [03-24 16:29:15] train in BasicTrainer:
duration: 61.673532009124756s
INFO    [03-24 16:29:15] train in BasicTrainer:
epoch: 4
INFO    [03-24 16:29:45] _train_one_epoch in BasicTrainer:
loss = 7.8522572842511265
INFO    [03-24 16:30:16] log in loggers:
Update Best NDCG@10 Model at 4
INFO    [03-24 16:30:16] validate in BasicTrainer:
{'Recall@10': 0.06345159675954848, 'NDCG@10': 0.03389933885818766, 'MRR@10': 0.02498284515080064, 'Recall@5': 0.0402730960081252, 'NDCG@5': 0.02648299454545328, 'MRR@5': 0.021968044766564238, 'Recall*@10': 0.063142572204734, 'NDCG*@10': 0.03387492955770603, 'MRR*@10': 0.025031650713247845, 'Recall*@5': 0.04053115280157374, 'NDCG*@5': 0.026640055029717988, 'MRR*@5': 0.02209076528661242}
INFO    [03-24 16:30:16] train in BasicTrainer:
duration: 61.38202381134033s
INFO    [03-24 16:30:16] train in BasicTrainer:
epoch: 5
INFO    [03-24 16:30:47] _train_one_epoch in BasicTrainer:
loss = 7.591750539161942
INFO    [03-24 16:31:17] log in loggers:
Update Best NDCG@10 Model at 5
INFO    [03-24 16:31:17] validate in BasicTrainer:
{'Recall@10': 0.06647454332127127, 'NDCG@10': 0.035491574873295864, 'MRR@10': 0.02614904257880394, 'Recall@5': 0.0417365706850623, 'NDCG@5': 0.027544278694793235, 'MRR@5': 0.022899464884585188, 'Recall*@10': 0.067054407021334, 'NDCG*@10': 0.03594566247779732, 'MRR*@10': 0.026555553273579408, 'Recall*@5': 0.042361269856608194, 'NDCG*@5': 0.02800678763567477, 'MRR*@5': 0.02330576828428248}
INFO    [03-24 16:31:17] train in BasicTrainer:
duration: 61.52792024612427s
INFO    [03-24 16:31:17] train in BasicTrainer:
epoch: 6
INFO    [03-24 16:31:49] _train_one_epoch in BasicTrainer:
loss = 7.352172961966558
INFO    [03-24 16:32:20] log in loggers:
Update Best NDCG@10 Model at 6
INFO    [03-24 16:32:20] validate in BasicTrainer:
{'Recall@10': 0.06881294581432675, 'NDCG@10': 0.03754915175742881, 'MRR@10': 0.02809370593564917, 'Recall@5': 0.04469992165533147, 'NDCG@5': 0.02979660771296237, 'MRR@5': 0.024920045650860135, 'Recall*@10': 0.06812978353957798, 'NDCG*@10': 0.03731805168438789, 'MRR*@10': 0.027983508101671703, 'Recall*@5': 0.044691517284905266, 'NDCG*@5': 0.02978397539795138, 'MRR*@5': 0.024900120921259702}
INFO    [03-24 16:32:20] train in BasicTrainer:
duration: 62.44917297363281s
INFO    [03-24 16:32:20] train in BasicTrainer:
epoch: 7
INFO    [03-24 16:32:52] _train_one_epoch in BasicTrainer:
loss = 7.128553080287847
INFO    [03-24 16:33:22] log in loggers:
Update Best NDCG@10 Model at 7
INFO    [03-24 16:33:22] validate in BasicTrainer:
{'Recall@10': 0.07035727720967559, 'NDCG@10': 0.038726151234997334, 'MRR@10': 0.029170299598643947, 'Recall@5': 0.04580517843827721, 'NDCG@5': 0.03083927685380444, 'MRR@5': 0.025945793433013814, 'Recall*@10': 0.0702959620502106, 'NDCG*@10': 0.03886697955371798, 'MRR*@10': 0.029362793982953064, 'Recall*@5': 0.04596067131894042, 'NDCG*@5': 0.031035340333343014, 'MRR*@5': 0.026152613948193168}
INFO    [03-24 16:33:22] train in BasicTrainer:
duration: 62.58242845535278s
INFO    [03-24 16:33:22] train in BasicTrainer:
epoch: 8
INFO    [03-24 16:33:54] _train_one_epoch in BasicTrainer:
loss = 6.924096303907308
INFO    [03-24 16:34:25] log in loggers:
Update Best NDCG@10 Model at 8
INFO    [03-24 16:34:25] validate in BasicTrainer:
{'Recall@10': 0.06999390511665234, 'NDCG@10': 0.03920774093951828, 'MRR@10': 0.029899103227685127, 'Recall@5': 0.04605161428971346, 'NDCG@5': 0.03153538779001827, 'MRR@5': 0.02677341523876255, 'Recall*@10': 0.0698606715385997, 'NDCG*@10': 0.039315879330501076, 'MRR*@10': 0.030073620371751545, 'Recall*@5': 0.0461769355533197, 'NDCG*@5': 0.03171289798825286, 'MRR*@5': 0.02696864847671385}
INFO    [03-24 16:34:25] train in BasicTrainer:
duration: 62.535382986068726s
INFO    [03-24 16:34:25] train in BasicTrainer:
epoch: 9
INFO    [03-24 16:34:57] _train_one_epoch in BasicTrainer:
loss = 6.737991266629913
INFO    [03-24 16:35:27] validate in BasicTrainer:
{'Recall@10': 0.06907452218407809, 'NDCG@10': 0.038715550372766895, 'MRR@10': 0.02952242567557697, 'Recall@5': 0.04571852320444214, 'NDCG@5': 0.031206102002152177, 'MRR@5': 0.026447776228536005, 'Recall*@10': 0.06941952097208001, 'NDCG*@10': 0.03896202422793983, 'MRR*@10': 0.029737742870410745, 'Recall*@5': 0.04602908933636292, 'NDCG*@5': 0.031437465690018596, 'MRR*@5': 0.026654251764506795}
INFO    [03-24 16:35:27] train in BasicTrainer:
duration: 62.20048117637634s
INFO    [03-24 16:35:27] train in BasicTrainer:
epoch: 10
INFO    [03-24 16:35:59] _train_one_epoch in BasicTrainer:
loss = 6.57028487121517
INFO    [03-24 16:36:30] validate in BasicTrainer:
{'Recall@10': 0.06777662665460461, 'NDCG@10': 0.03850711749274601, 'MRR@10': 0.02962227594540563, 'Recall@5': 0.04580099063441735, 'NDCG@5': 0.03141428706373355, 'MRR@5': 0.026702925902177658, 'Recall*@10': 0.06778144290627436, 'NDCG*@10': 0.03899689420133598, 'MRR*@10': 0.030254629433386086, 'Recall*@5': 0.04632990748094496, 'NDCG*@5': 0.03206793468647687, 'MRR*@5': 0.027399716797725175}
INFO    [03-24 16:36:30] train in BasicTrainer:
duration: 62.382325410842896s
INFO    [03-24 16:36:30] train in BasicTrainer:
epoch: 11
INFO    [03-24 16:37:02] _train_one_epoch in BasicTrainer:
loss = 6.422378577969291
INFO    [03-24 16:37:34] log in loggers:
Update Best NDCG@10 Model at 11
INFO    [03-24 16:37:34] validate in BasicTrainer:
{'Recall@10': 0.06963729794866355, 'NDCG@10': 0.04008045248225216, 'MRR@10': 0.031110210401951804, 'Recall@5': 0.04762622669281424, 'NDCG@5': 0.033037104593344434, 'MRR@5': 0.02824703180195056, 'Recall*@10': 0.0694206700941851, 'NDCG*@10': 0.040174052956723424, 'MRR*@10': 0.031295046874488044, 'Recall*@5': 0.04785953628173632, 'NDCG*@5': 0.03328326311280099, 'MRR*@5': 0.028498683095902436}
INFO    [03-24 16:37:34] train in BasicTrainer:
duration: 64.20979905128479s
INFO    [03-24 16:37:34] train in BasicTrainer:
epoch: 12
INFO    [03-24 16:38:05] _train_one_epoch in BasicTrainer:
loss = 6.291161048141393
INFO    [03-24 16:38:35] log in loggers:
Update Best NDCG@10 Model at 12
INFO    [03-24 16:38:36] validate in BasicTrainer:
{'Recall@10': 0.07114877121508584, 'NDCG@10': 0.04099935947289301, 'MRR@10': 0.03186758584523386, 'Recall@5': 0.0481519565390524, 'NDCG@5': 0.03362879525263642, 'MRR@5': 0.028864560461090517, 'Recall*@10': 0.07141547164944716, 'NDCG*@10': 0.04132891131579414, 'MRR*@10': 0.032209324830955316, 'Recall*@5': 0.04858505574249944, 'NDCG*@5': 0.03400663692186507, 'MRR*@5': 0.029223085669872834}
INFO    [03-24 16:38:36] train in BasicTrainer:
duration: 61.91166090965271s
INFO    [03-24 16:38:36] train in BasicTrainer:
epoch: 13
INFO    [03-24 16:39:07] _train_one_epoch in BasicTrainer:
loss = 6.174075465988029
INFO    [03-24 16:39:38] log in loggers:
Update Best NDCG@10 Model at 13
INFO    [03-24 16:39:38] validate in BasicTrainer:
{'Recall@10': 0.07055829156392304, 'NDCG@10': 0.04142114144656085, 'MRR@10': 0.03256056781194007, 'Recall@5': 0.04895440324447876, 'NDCG@5': 0.034472389392150464, 'MRR@5': 0.029714753461438558, 'Recall*@10': 0.07071014360864034, 'NDCG*@10': 0.041775234086915504, 'MRR*@10': 0.03297674419112908, 'Recall*@5': 0.04931541425428649, 'NDCG*@5': 0.03491163510800332, 'MRR*@5': 0.03017610487665317}
INFO    [03-24 16:39:38] train in BasicTrainer:
duration: 62.430715560913086s
INFO    [03-24 16:39:38] train in BasicTrainer:
epoch: 14
INFO    [03-24 16:40:10] _train_one_epoch in BasicTrainer:
loss = 6.070451386272907
INFO    [03-24 16:40:40] log in loggers:
Update Best NDCG@10 Model at 14
INFO    [03-24 16:40:41] validate in BasicTrainer:
{'Recall@10': 0.07054991598508155, 'NDCG@10': 0.04152156438591868, 'MRR@10': 0.03272538473324258, 'Recall@5': 0.04846990712044775, 'NDCG@5': 0.0344381650057874, 'MRR@5': 0.02983523311107889, 'Recall*@10': 0.07100523699277131, 'NDCG*@10': 0.04206856901851273, 'MRR*@10': 0.033287622742066085, 'Recall*@5': 0.049472037601725076, 'NDCG*@5': 0.0351507103633742, 'MRR*@5': 0.030459445164820482}
INFO    [03-24 16:40:41] train in BasicTrainer:
duration: 62.47947955131531s
INFO    [03-24 16:40:41] train in BasicTrainer:
epoch: 15
INFO    [03-24 16:41:12] _train_one_epoch in BasicTrainer:
loss = 5.972247458317063
INFO    [03-24 16:41:42] log in loggers:
Update Best NDCG@10 Model at 15
INFO    [03-24 16:41:43] validate in BasicTrainer:
{'Recall@10': 0.07109336341305296, 'NDCG@10': 0.04190356796968353, 'MRR@10': 0.03305275784444439, 'Recall@5': 0.04909582199283349, 'NDCG@5': 0.034848085424119185, 'MRR@5': 0.03017477763369102, 'Recall*@10': 0.07178324189528014, 'NDCG*@10': 0.042593826070543406, 'MRR*@10': 0.033753656414012574, 'Recall*@5': 0.049707451936348464, 'NDCG*@5': 0.03553095930653025, 'MRR*@5': 0.030882829843565475}
INFO    [03-24 16:41:43] train in BasicTrainer:
duration: 61.99365830421448s
INFO    [03-24 16:41:43] train in BasicTrainer:
epoch: 16
INFO    [03-24 16:42:14] _train_one_epoch in BasicTrainer:
loss = 5.886327916248278
INFO    [03-24 16:42:44] log in loggers:
Update Best NDCG@10 Model at 16
INFO    [03-24 16:42:44] validate in BasicTrainer:
{'Recall@10': 0.07255941519672557, 'NDCG@10': 0.042955878732162854, 'MRR@10': 0.03397213540566984, 'Recall@5': 0.050414656512728036, 'NDCG@5': 0.03585742165644964, 'MRR@5': 0.031079385299668756, 'Recall*@10': 0.07212214143008225, 'NDCG*@10': 0.042913491325091944, 'MRR*@10': 0.03405050270605919, 'Recall*@5': 0.05031967834504538, 'NDCG*@5': 0.035938666194908375, 'MRR*@5': 0.031216347026963565}
INFO    [03-24 16:42:44] train in BasicTrainer:
duration: 61.76446270942688s
INFO    [03-24 16:42:44] train in BasicTrainer:
epoch: 17
INFO    [03-24 16:43:15] _train_one_epoch in BasicTrainer:
loss = 5.808480829000473
INFO    [03-24 16:43:46] log in loggers:
Update Best NDCG@10 Model at 17
INFO    [03-24 16:43:46] validate in BasicTrainer:
{'Recall@10': 0.071562719033208, 'NDCG@10': 0.042958462278741276, 'MRR@10': 0.03426145389676094, 'Recall@5': 0.05049035903210788, 'NDCG@5': 0.036203919585014496, 'MRR@5': 0.03150873147528763, 'Recall*@10': 0.07150422198365824, 'NDCG*@10': 0.04310246164253516, 'MRR*@10': 0.034461661610145904, 'Recall*@5': 0.050506642997957936, 'NDCG*@5': 0.03636108029835908, 'MRR*@5': 0.03170822132667599}
INFO    [03-24 16:43:46] train in BasicTrainer:
duration: 61.74915909767151s
INFO    [03-24 16:43:46] train in BasicTrainer:
epoch: 18
INFO    [03-24 16:44:17] _train_one_epoch in BasicTrainer:
loss = 5.738881533118811
INFO    [03-24 16:44:48] validate in BasicTrainer:
{'Recall@10': 0.06969785996416743, 'NDCG@10': 0.04145411256152068, 'MRR@10': 0.03286854873678481, 'Recall@5': 0.048692826874727424, 'NDCG@5': 0.03471410732225392, 'MRR@5': 0.03011756596812444, 'Recall*@10': 0.07016437597457291, 'NDCG*@10': 0.04192034238877222, 'MRR*@10': 0.033330958553178365, 'Recall*@5': 0.049197357436714245, 'NDCG*@5': 0.03519920495071614, 'MRR*@5': 0.030591576793339362}
INFO    [03-24 16:44:48] train in BasicTrainer:
duration: 61.52685046195984s
INFO    [03-24 16:44:48] train in BasicTrainer:
epoch: 19
INFO    [03-24 16:45:20] _train_one_epoch in BasicTrainer:
loss = 5.671965751458298
INFO    [03-24 16:45:50] log in loggers:
Update Best NDCG@10 Model at 19
INFO    [03-24 16:45:50] validate in BasicTrainer:
{'Recall@10': 0.07192931252047997, 'NDCG@10': 0.04322743366739547, 'MRR@10': 0.034496958605771844, 'Recall@5': 0.05072584219796713, 'NDCG@5': 0.03642424941062927, 'MRR@5': 0.031720193565007326, 'Recall*@10': 0.07238299402502156, 'NDCG*@10': 0.043742177805812785, 'MRR*@10': 0.035024200890992965, 'Recall*@5': 0.051502737758118054, 'NDCG*@5': 0.03703433700454559, 'MRR*@5': 0.03228125263496425}
INFO    [03-24 16:45:50] train in BasicTrainer:
duration: 62.723963260650635s
INFO    [03-24 16:45:50] train in BasicTrainer:
epoch: 20
INFO    [03-24 16:46:22] _train_one_epoch in BasicTrainer:
loss = 5.609137176112696
INFO    [03-24 16:46:53] validate in BasicTrainer:
{'Recall@10': 0.07089814757422884, 'NDCG@10': 0.04303407959293488, 'MRR@10': 0.03454879049009593, 'Recall@5': 0.05045331312819969, 'NDCG@5': 0.03646614881911019, 'MRR@5': 0.03186338949342107, 'Recall*@10': 0.07161667108420254, 'NDCG*@10': 0.04364113984701708, 'MRR*@10': 0.0351261704900237, 'Recall*@5': 0.050988578952329104, 'NDCG*@5': 0.03701775985979294, 'MRR*@5': 0.03242058106228825}
INFO    [03-24 16:46:53] train in BasicTrainer:
duration: 62.1423556804657s
INFO    [03-24 16:46:53] train in BasicTrainer:
epoch: 21
INFO    [03-24 16:47:24] _train_one_epoch in BasicTrainer:
loss = 5.552097011018883
INFO    [03-24 16:47:55] validate in BasicTrainer:
{'Recall@10': 0.07121191035176433, 'NDCG@10': 0.042657121611657994, 'MRR@10': 0.033984762233819146, 'Recall@5': 0.04957774099568988, 'NDCG@5': 0.035692930351509604, 'MRR@5': 0.031129171768593235, 'Recall*@10': 0.07187765384771565, 'NDCG*@10': 0.043385441393353215, 'MRR*@10': 0.03472732811761919, 'Recall*@5': 0.05057303662332453, 'NDCG*@5': 0.03652881552255893, 'MRR*@5': 0.031916632078761276}
INFO    [03-24 16:47:55] train in BasicTrainer:
duration: 62.26500082015991s
INFO    [03-24 16:47:55] train in BasicTrainer:
epoch: 22
INFO    [03-24 16:48:27] _train_one_epoch in BasicTrainer:
loss = 5.497964090921662
INFO    [03-24 16:48:58] log in loggers:
Update Best NDCG@10 Model at 22
INFO    [03-24 16:48:58] validate in BasicTrainer:
{'Recall@10': 0.07169898356809172, 'NDCG@10': 0.043520275200175686, 'MRR@10': 0.03493597746877245, 'Recall@5': 0.05127347742979841, 'NDCG@5': 0.03693840836080932, 'MRR@5': 0.032233290302083474, 'Recall*@10': 0.07235123387487359, 'NDCG*@10': 0.044038713411536326, 'MRR*@10': 0.03540939426179542, 'Recall*@5': 0.05204321059954259, 'NDCG*@5': 0.03750006968603116, 'MRR*@5': 0.03272771478681139}
INFO    [03-24 16:48:58] train in BasicTrainer:
duration: 63.23378586769104s
INFO    [03-24 16:48:58] train in BasicTrainer:
epoch: 23
INFO    [03-24 16:49:30] _train_one_epoch in BasicTrainer:
loss = 5.445564933121204
INFO    [03-24 16:50:00] validate in BasicTrainer:
{'Recall@10': 0.07017140338818233, 'NDCG@10': 0.04282589223553506, 'MRR@10': 0.0345055124498615, 'Recall@5': 0.04983094175772149, 'NDCG@5': 0.03630284612724023, 'MRR@5': 0.03184525304755499, 'Recall*@10': 0.07038588120147239, 'NDCG*@10': 0.04311634081798468, 'MRR*@10': 0.03481432690119096, 'Recall*@5': 0.05033973678080148, 'NDCG*@5': 0.03668936020008815, 'MRR*@5': 0.032194464907858725}
INFO    [03-24 16:50:00] train in BasicTrainer:
duration: 62.34375333786011s
INFO    [03-24 16:50:00] train in BasicTrainer:
epoch: 24
INFO    [03-24 16:50:32] _train_one_epoch in BasicTrainer:
loss = 5.3989920792254535
INFO    [03-24 16:51:04] validate in BasicTrainer:
{'Recall@10': 0.07097803786859032, 'NDCG@10': 0.04332225187862104, 'MRR@10': 0.034908296901357265, 'Recall@5': 0.05065948166703993, 'NDCG@5': 0.036809585627543835, 'MRR@5': 0.032253998411140704, 'Recall*@10': 0.07174684569355129, 'NDCG*@10': 0.043947164402451624, 'MRR*@10': 0.03548999454161918, 'Recall*@5': 0.05138445346681184, 'NDCG*@5': 0.03741713003941285, 'MRR*@5': 0.03282663878053427}
INFO    [03-24 16:51:04] train in BasicTrainer:
duration: 63.82419157028198s
INFO    [03-24 16:51:04] train in BasicTrainer:
epoch: 25
INFO    [03-24 16:51:35] _train_one_epoch in BasicTrainer:
loss = 5.353319254788485
INFO    [03-24 16:52:06] validate in BasicTrainer:
{'Recall@10': 0.07142387740602789, 'NDCG@10': 0.0434619805869437, 'MRR@10': 0.034964229001901874, 'Recall@5': 0.050577014251503835, 'NDCG@5': 0.036757235104839005, 'MRR@5': 0.03221861688896667, 'Recall*@10': 0.0718336424739786, 'NDCG*@10': 0.04383766075033088, 'MRR*@10': 0.03532281464557777, 'Recall*@5': 0.051089660127380095, 'NDCG*@5': 0.03715825122745, 'MRR*@5': 0.032582950915477076}
INFO    [03-24 16:52:06] train in BasicTrainer:
duration: 61.49939179420471s
INFO    [03-24 16:52:06] train in BasicTrainer:
epoch: 26
INFO    [03-24 16:52:37] _train_one_epoch in BasicTrainer:
loss = 5.308196697045457
INFO    [03-24 16:53:07] validate in BasicTrainer:
{'Recall@10': 0.07103280139754908, 'NDCG@10': 0.043402632106413215, 'MRR@10': 0.0349899229788503, 'Recall@5': 0.0509513390445432, 'NDCG@5': 0.036939195783216826, 'MRR@5': 0.032340368949050124, 'Recall*@10': 0.07165944602253825, 'NDCG*@10': 0.04380461156310499, 'MRR*@10': 0.035321792111147284, 'Recall*@5': 0.05147910248055015, 'NDCG*@5': 0.03731738768748997, 'MRR*@5': 0.0326670491273782}
INFO    [03-24 16:53:07] train in BasicTrainer:
duration: 61.43529939651489s
INFO    [03-24 16:53:07] train in BasicTrainer:
epoch: 27
INFO    [03-24 16:53:38] _train_one_epoch in BasicTrainer:
loss = 5.268340437927029
INFO    [03-24 16:54:09] log in loggers:
Update Best NDCG@10 Model at 27
INFO    [03-24 16:54:09] validate in BasicTrainer:
{'Recall@10': 0.07096547448588897, 'NDCG@10': 0.04360165084575036, 'MRR@10': 0.03528816875272481, 'Recall@5': 0.05017240845071253, 'NDCG@5': 0.036919532545892766, 'MRR@5': 0.03255504216681155, 'Recall*@10': 0.07139718899315642, 'NDCG*@10': 0.044238293500140656, 'MRR*@10': 0.03598206314121106, 'Recall*@5': 0.05092145221004652, 'NDCG*@5': 0.03766528215230435, 'MRR*@5': 0.03329798873773841}
INFO    [03-24 16:54:09] train in BasicTrainer:
duration: 61.87063384056091s
INFO    [03-24 16:54:09] train in BasicTrainer:
epoch: 28
INFO    [03-24 16:54:40] _train_one_epoch in BasicTrainer:
loss = 5.229509097608653
INFO    [03-24 16:55:11] log in loggers:
Update Best NDCG@10 Model at 28
INFO    [03-24 16:55:11] validate in BasicTrainer:
{'Recall@10': 0.07110173902077269, 'NDCG@10': 0.04379983009525048, 'MRR@10': 0.03548089559226073, 'Recall@5': 0.051658754922853885, 'NDCG@5': 0.0375699746140907, 'MRR@5': 0.032943444369837295, 'Recall*@10': 0.0711607551851938, 'NDCG*@10': 0.043996327535011044, 'MRR*@10': 0.035720637125908866, 'Recall*@5': 0.05178222831252009, 'NDCG*@5': 0.037782400052330294, 'MRR*@5': 0.033186742256200594}
INFO    [03-24 16:55:11] train in BasicTrainer:
duration: 61.73621225357056s
INFO    [03-24 16:55:11] train in BasicTrainer:
epoch: 29
INFO    [03-24 16:55:42] _train_one_epoch in BasicTrainer:
loss = 5.193057083948092
INFO    [03-24 16:56:12] validate in BasicTrainer:
{'Recall@10': 0.07107145801302074, 'NDCG@10': 0.04369930221244346, 'MRR@10': 0.03536142225471116, 'Recall@5': 0.051156541202650514, 'NDCG@5': 0.03731453831690226, 'MRR@5': 0.03275869801178459, 'Recall*@10': 0.07103069865888403, 'NDCG*@10': 0.04396244421485783, 'MRR*@10': 0.035711051116502565, 'Recall*@5': 0.05143341861029928, 'NDCG*@5': 0.03767739636318166, 'MRR*@5': 0.03314775104324023}
INFO    [03-24 16:56:12] train in BasicTrainer:
duration: 61.46356415748596s
INFO    [03-24 16:56:12] train in BasicTrainer:
epoch: 30
INFO    [03-24 16:56:43] _train_one_epoch in BasicTrainer:
loss = 5.1519064381718636
INFO    [03-24 16:57:14] validate in BasicTrainer:
{'Recall@10': 0.07073417912388957, 'NDCG@10': 0.04367687599372494, 'MRR@10': 0.035440318286418915, 'Recall@5': 0.050910105336775154, 'NDCG@5': 0.03729088464390862, 'MRR@5': 0.0328193298548229, 'Recall*@10': 0.07129280257594678, 'NDCG*@10': 0.044149226169715554, 'MRR*@10': 0.03588492583570092, 'Recall*@5': 0.051715123012315393, 'NDCG*@5': 0.037854893797243286, 'MRR*@5': 0.033308779127722565}
INFO    [03-24 16:57:14] train in BasicTrainer:
duration: 61.416993141174316s
INFO    [03-24 16:57:14] train in BasicTrainer:
epoch: 31
INFO    [03-24 16:57:46] _train_one_epoch in BasicTrainer:
loss = 5.114580409093336
INFO    [03-24 16:58:16] validate in BasicTrainer:
{'Recall@10': 0.06920917603627656, 'NDCG@10': 0.04285690802070059, 'MRR@10': 0.03481164210757544, 'Recall@5': 0.050614060155412026, 'NDCG@5': 0.03686432567851026, 'MRR@5': 0.032350290999856104, 'Recall*@10': 0.06951208918016086, 'NDCG*@10': 0.04312975018812242, 'MRR*@10': 0.035074728187317994, 'Recall*@5': 0.050879605778659034, 'NDCG*@5': 0.037122833564184436, 'MRR*@5': 0.03260612066170966}
INFO    [03-24 16:58:16] train in BasicTrainer:
duration: 62.58425807952881s
INFO    [03-24 16:58:16] train in BasicTrainer:
epoch: 32
INFO    [03-24 16:58:48] _train_one_epoch in BasicTrainer:
loss = 5.080959296361967
INFO    [03-24 16:59:18] validate in BasicTrainer:
{'Recall@10': 0.07118839424016864, 'NDCG@10': 0.04358468640797822, 'MRR@10': 0.03517364248517872, 'Recall@5': 0.05093619854066723, 'NDCG@5': 0.03706914749602939, 'MRR@5': 0.03250418720377046, 'Recall*@10': 0.07163942053683045, 'NDCG*@10': 0.04413167136006577, 'MRR*@10': 0.03574143237499303, 'Recall*@5': 0.05165475800402405, 'NDCG*@5': 0.037694934033608254, 'MRR*@5': 0.03310019460817178}
INFO    [03-24 16:59:18] train in BasicTrainer:
duration: 62.17129731178284s
INFO    [03-24 16:59:18] train in BasicTrainer:
epoch: 33
INFO    [03-24 16:59:50] _train_one_epoch in BasicTrainer:
loss = 5.052414480935443
INFO    [03-24 17:00:21] validate in BasicTrainer:
{'Recall@10': 0.06895178747038509, 'NDCG@10': 0.04249830107933791, 'MRR@10': 0.03443426924736001, 'Recall@5': 0.04991759697711745, 'NDCG@5': 0.0363573746596889, 'MRR@5': 0.03190831162844055, 'Recall*@10': 0.06933877308123795, 'NDCG*@10': 0.04311058078278867, 'MRR*@10': 0.03510781771741634, 'Recall*@5': 0.050663972923228905, 'NDCG*@5': 0.037084545738013217, 'MRR*@5': 0.03262885877963646}
INFO    [03-24 17:00:21] train in BasicTrainer:
duration: 62.23982572555542s
INFO    [03-24 17:00:21] train in BasicTrainer:
epoch: 34
INFO    [03-24 17:00:52] _train_one_epoch in BasicTrainer:
loss = 5.02191649377346
INFO    [03-24 17:01:23] validate in BasicTrainer:
{'Recall@10': 0.06982574889133143, 'NDCG@10': 0.04301709823252619, 'MRR@10': 0.034858088868186456, 'Recall@5': 0.050330578385628474, 'NDCG@5': 0.03673422896815825, 'MRR@5': 0.0322775574790877, 'Recall*@10': 0.06999069186606148, 'NDCG*@10': 0.043466422981185505, 'MRR*@10': 0.035394204722702965, 'Recall*@5': 0.05058581865746384, 'NDCG*@5': 0.03720869972955349, 'MRR*@5': 0.03282139443092106}
INFO    [03-24 17:01:23] train in BasicTrainer:
duration: 62.16622972488403s
INFO    [03-24 17:01:23] train in BasicTrainer:
epoch: 35
INFO    [03-24 17:01:55] _train_one_epoch in BasicTrainer:
loss = 4.994709767401218
INFO    [03-24 17:02:26] validate in BasicTrainer:
{'Recall@10': 0.06982317179903504, 'NDCG@10': 0.043247759313315384, 'MRR@10': 0.03514884185594644, 'Recall@5': 0.05068718558249548, 'NDCG@5': 0.03710576415408489, 'MRR@5': 0.032641337505837746, 'Recall*@10': 0.07012443284886752, 'NDCG*@10': 0.043734190032579175, 'MRR*@10': 0.03569751404687878, 'Recall*@5': 0.0511111252067625, 'NDCG*@5': 0.03764326239452344, 'MRR*@5': 0.03321784858902296}
INFO    [03-24 17:02:26] train in BasicTrainer:
duration: 62.71445345878601s
INFO    [03-24 17:02:26] train in BasicTrainer:
epoch: 36
INFO    [03-24 17:02:57] _train_one_epoch in BasicTrainer:
loss = 4.961605964736505
INFO    [03-24 17:03:29] validate in BasicTrainer:
{'Recall@10': 0.06877847703159318, 'NDCG@10': 0.04239014183828073, 'MRR@10': 0.03434926961628042, 'Recall@5': 0.049581928799549736, 'NDCG@5': 0.036219958028243494, 'MRR@5': 0.03182513015561326, 'Recall*@10': 0.06936456003161363, 'NDCG*@10': 0.04303445155883944, 'MRR*@10': 0.035018580626378686, 'Recall*@5': 0.04999312899949015, 'NDCG*@5': 0.03681470065327116, 'MRR*@5': 0.03247788740509702}
INFO    [03-24 17:03:29] train in BasicTrainer:
duration: 63.75852346420288s
INFO    [03-24 17:03:29] train in BasicTrainer:
epoch: 37
INFO    [03-24 17:04:00] _train_one_epoch in BasicTrainer:
loss = 4.939572534777901
INFO    [03-24 17:04:31] validate in BasicTrainer:
{'Recall@10': 0.06881552293550136, 'NDCG@10': 0.04243380810285723, 'MRR@10': 0.034402556197587836, 'Recall@5': 0.049309399729782294, 'NDCG@5': 0.03614480347307616, 'MRR@5': 0.03181799482409806, 'Recall*@10': 0.06935018841032833, 'NDCG*@10': 0.04290800681698692, 'MRR*@10': 0.034853181491295494, 'Recall*@5': 0.04988691909599674, 'NDCG*@5': 0.03662097077210282, 'MRR*@5': 0.032262539866474246}
INFO    [03-24 17:04:31] train in BasicTrainer:
duration: 61.26162052154541s
INFO    [03-24 17:04:31] train in BasicTrainer:
epoch: 38
INFO    [03-24 17:05:02] _train_one_epoch in BasicTrainer:
loss = 4.914773480458693
INFO    [03-24 17:05:32] validate in BasicTrainer:
{'Recall@10': 0.0689147415664769, 'NDCG@10': 0.04217797924959382, 'MRR@10': 0.034025008162093716, 'Recall@5': 0.04983255246928496, 'NDCG@5': 0.03605339723790801, 'MRR@5': 0.03152451041883739, 'Recall*@10': 0.06905086751478587, 'NDCG*@10': 0.04256251542431901, 'MRR*@10': 0.03446829906672008, 'Recall*@5': 0.050530854540393334, 'NDCG*@5': 0.03660884053381377, 'MRR*@5': 0.03203167885455281}
INFO    [03-24 17:05:32] train in BasicTrainer:
duration: 61.40914058685303s
INFO    [03-24 17:05:32] train in BasicTrainer:
epoch: 39
INFO    [03-24 17:06:03] _train_one_epoch in BasicTrainer:
loss = 4.889200694859028
INFO    [03-24 17:06:33] validate in BasicTrainer:
{'Recall@10': 0.07003352814173514, 'NDCG@10': 0.042895275045388426, 'MRR@10': 0.03463068302691907, 'Recall@5': 0.05039114040113235, 'NDCG@5': 0.036590359469716865, 'MRR@5': 0.032056167981652325, 'Recall*@10': 0.07072472442374673, 'NDCG*@10': 0.04330393780282764, 'MRR*@10': 0.03494158098401949, 'Recall*@5': 0.05103663098095924, 'NDCG*@5': 0.03698449986156567, 'MRR*@5': 0.03236122575205888}
INFO    [03-24 17:06:33] train in BasicTrainer:
duration: 61.20126271247864s
INFO    [03-24 17:06:33] train in BasicTrainer:
epoch: 40
INFO    [03-24 17:07:04] _train_one_epoch in BasicTrainer:
loss = 4.862856340679255
INFO    [03-24 17:07:34] validate in BasicTrainer:
{'Recall@10': 0.06743354927892833, 'NDCG@10': 0.04158503238775933, 'MRR@10': 0.03372455223701721, 'Recall@5': 0.048615513643784115, 'NDCG@5': 0.03553835555275743, 'MRR@5': 0.03125198703807916, 'Recall*@10': 0.06779981860818789, 'NDCG*@10': 0.04184374893300755, 'MRR*@10': 0.03394698721262836, 'Recall*@5': 0.049087831620560136, 'NDCG*@5': 0.0358294581691193, 'MRR*@5': 0.03148667849311533}
INFO    [03-24 17:07:34] train in BasicTrainer:
duration: 61.360063314437866s
INFO    [03-24 17:07:34] train in BasicTrainer:
epoch: 41
INFO    [03-24 17:08:05] _train_one_epoch in BasicTrainer:
loss = 4.8414454670114955
INFO    [03-24 17:08:36] validate in BasicTrainer:
{'Recall@10': 0.06910319250914478, 'NDCG@10': 0.04214272008443526, 'MRR@10': 0.03392107262052307, 'Recall@5': 0.05008156542745672, 'NDCG@5': 0.0360379001746575, 'MRR@5': 0.03142885729497255, 'Recall*@10': 0.06979601746497228, 'NDCG*@10': 0.04245472358640774, 'MRR*@10': 0.034121860237431155, 'Recall*@5': 0.05039324877105018, 'NDCG*@5': 0.03622354022696499, 'MRR*@5': 0.03157554461454698}
INFO    [03-24 17:08:36] train in BasicTrainer:
duration: 61.537590742111206s
INFO    [03-24 17:08:36] train in BasicTrainer:
epoch: 42
INFO    [03-24 17:09:07] _train_one_epoch in BasicTrainer:
loss = 4.8176943178881295
INFO    [03-24 17:09:38] validate in BasicTrainer:
{'Recall@10': 0.06711302160523659, 'NDCG@10': 0.04118544310908909, 'MRR@10': 0.033306432122638986, 'Recall@5': 0.04753796077629392, 'NDCG@5': 0.03488568228113559, 'MRR@5': 0.030724420898066936, 'Recall*@10': 0.06763398889885393, 'NDCG*@10': 0.041589497278134026, 'MRR*@10': 0.033663099285128506, 'Recall*@5': 0.04822606578931328, 'NDCG*@5': 0.035347580433238386, 'MRR*@5': 0.031107353089853775}
INFO    [03-24 17:09:38] train in BasicTrainer:
duration: 61.49237298965454s
INFO    [03-24 17:09:38] train in BasicTrainer:
epoch: 43
INFO    [03-24 17:10:09] _train_one_epoch in BasicTrainer:
loss = 4.798675123940814
INFO    [03-24 17:10:39] validate in BasicTrainer:
{'Recall@10': 0.06824018378821455, 'NDCG@10': 0.04202928474938222, 'MRR@10': 0.03403994194123634, 'Recall@5': 0.04919922839879066, 'NDCG@5': 0.03590055127707563, 'MRR@5': 0.03152749033341574, 'Recall*@10': 0.06845564900558124, 'NDCG*@10': 0.0425357643168333, 'MRR*@10': 0.03462184047283128, 'Recall*@5': 0.04982701908479365, 'NDCG*@5': 0.03653775932368382, 'MRR*@5': 0.03216180603142626}
INFO    [03-24 17:10:39] train in BasicTrainer:
duration: 61.53445076942444s
INFO    [03-24 17:10:39] train in BasicTrainer:
epoch: 44
INFO    [03-24 17:11:11] _train_one_epoch in BasicTrainer:
loss = 4.775006445294077
INFO    [03-24 17:11:41] validate in BasicTrainer:
{'Recall@10': 0.0688003824316254, 'NDCG@10': 0.042318878724246986, 'MRR@10': 0.034245885648699695, 'Recall@5': 0.0494372886569463, 'NDCG@5': 0.036069523817462514, 'MRR@5': 0.03167389685562415, 'Recall*@10': 0.06899569105616836, 'NDCG*@10': 0.042818220563290654, 'MRR*@10': 0.03484082772114942, 'Recall*@5': 0.04977976946636688, 'NDCG*@5': 0.03661330796547176, 'MRR*@5': 0.03228553210551194}
INFO    [03-24 17:11:41] train in BasicTrainer:
duration: 62.3951141834259s
INFO    [03-24 17:11:41] train in BasicTrainer:
epoch: 45
INFO    [03-24 17:12:13] _train_one_epoch in BasicTrainer:
loss = 4.747864272106778
INFO    [03-24 17:12:44] validate in BasicTrainer:
{'Recall@10': 0.0676538919409116, 'NDCG@10': 0.04177178573874078, 'MRR@10': 0.03387702016751896, 'Recall@5': 0.049164759587178856, 'NDCG@5': 0.035825911057434344, 'MRR@5': 0.03144264459436716, 'Recall*@10': 0.06761651180049245, 'NDCG*@10': 0.04207672057456748, 'MRR*@10': 0.03427388058441092, 'Recall*@5': 0.04973496981831484, 'NDCG*@5': 0.0363191174299911, 'MRR*@5': 0.031912440080340054}
INFO    [03-24 17:12:44] train in BasicTrainer:
duration: 62.42544102668762s
INFO    [03-24 17:12:44] train in BasicTrainer:
epoch: 46
INFO    [03-24 17:13:16] _train_one_epoch in BasicTrainer:
loss = 4.727076634087346
INFO    [03-24 17:13:46] validate in BasicTrainer:
{'Recall@10': 0.068441198142462, 'NDCG@10': 0.04199996580506942, 'MRR@10': 0.033945654699391176, 'Recall@5': 0.04931358753364216, 'NDCG@5': 0.03585534698741381, 'MRR@5': 0.03143350642838681, 'Recall*@10': 0.06857378708646279, 'NDCG*@10': 0.04236573554113392, 'MRR*@10': 0.03438048783776372, 'Recall*@5': 0.04975405323875043, 'NDCG*@5': 0.03632230536882267, 'MRR*@5': 0.03191098562160204}
INFO    [03-24 17:13:46] train in BasicTrainer:
duration: 62.362452030181885s
INFO    [03-24 17:13:46] train in BasicTrainer:
epoch: 47
INFO    [03-24 17:14:18] _train_one_epoch in BasicTrainer:
loss = 4.709458453411406
INFO    [03-24 17:14:49] validate in BasicTrainer:
{'Recall@10': 0.06721900513236836, 'NDCG@10': 0.04143701007142085, 'MRR@10': 0.03357842516933763, 'Recall@5': 0.04851371792051219, 'NDCG@5': 0.035418745837816894, 'MRR@5': 0.031112323854436245, 'Recall*@10': 0.06786676819703376, 'NDCG*@10': 0.042103399962995405, 'MRR*@10': 0.03425200836545275, 'Recall*@5': 0.04921687647064989, 'NDCG*@5': 0.03610477146021156, 'MRR*@5': 0.03179482753973368}
INFO    [03-24 17:14:49] train in BasicTrainer:
duration: 62.64347314834595s
INFO    [03-24 17:14:49] train in BasicTrainer:
epoch: 48
INFO    [03-24 17:15:21] _train_one_epoch in BasicTrainer:
loss = 4.687362058596178
INFO    [03-24 17:15:51] validate in BasicTrainer:
{'Recall@10': 0.06694647606260093, 'NDCG@10': 0.04113244188790636, 'MRR@10': 0.033269469156976816, 'Recall@5': 0.048124252623596854, 'NDCG@5': 0.035074049794627714, 'MRR@5': 0.03078608893493349, 'Recall*@10': 0.06726296020801677, 'NDCG*@10': 0.04148283814506013, 'MRR*@10': 0.03361692484612613, 'Recall*@5': 0.04875723299996335, 'NDCG*@5': 0.03552631902429022, 'MRR*@5': 0.03117553175015505}
INFO    [03-24 17:15:51] train in BasicTrainer:
duration: 62.34203839302063s
INFO    [03-24 17:15:51] train in BasicTrainer:
epoch: 49
INFO    [03-24 17:16:23] _train_one_epoch in BasicTrainer:
loss = 4.670209898190065
INFO    [03-24 17:16:55] validate in BasicTrainer:
{'Recall@10': 0.06766903244478759, 'NDCG@10': 0.04170612211144248, 'MRR@10': 0.03379988781530266, 'Recall@5': 0.04855237453598385, 'NDCG@5': 0.035557949958845626, 'MRR@5': 0.031281967336932816, 'Recall*@10': 0.06807521046247593, 'NDCG*@10': 0.04224452226198921, 'MRR*@10': 0.03437651150910429, 'Recall*@5': 0.04911063462784586, 'NDCG*@5': 0.036156083190048385, 'MRR*@5': 0.031889553665537244}
INFO    [03-24 17:16:55] train in BasicTrainer:
duration: 63.80815148353577s
INFO    [03-24 17:16:55] train in BasicTrainer:
epoch: 50
INFO    [03-24 17:17:26] _train_one_epoch in BasicTrainer:
loss = 4.650817361744967
INFO    [03-24 17:17:56] validate in BasicTrainer:
{'Recall@10': 0.0666133849773296, 'NDCG@10': 0.04120480972378291, 'MRR@10': 0.03345737770892853, 'Recall@5': 0.048275657662356544, 'NDCG@5': 0.03530973699954591, 'MRR@5': 0.03104422390172186, 'Recall*@10': 0.06657764185653177, 'NDCG*@10': 0.04172250878267972, 'MRR*@10': 0.03414423703829678, 'Recall*@5': 0.04856904955624148, 'NDCG*@5': 0.03592653342977513, 'MRR*@5': 0.03176757205248803}
INFO    [03-24 17:17:56] train in BasicTrainer:
duration: 61.413307905197144s
INFO    [03-24 17:17:56] train in BasicTrainer:
epoch: 51
INFO    [03-24 17:18:27] _train_one_epoch in BasicTrainer:
loss = 4.637007900937037
INFO    [03-24 17:18:58] validate in BasicTrainer:
{'Recall@10': 0.06557964290990385, 'NDCG@10': 0.04042299162567586, 'MRR@10': 0.03275892831558405, 'Recall@5': 0.047436165053022, 'NDCG@5': 0.034591579997493314, 'MRR@5': 0.03037249026892259, 'Recall*@10': 0.06560384672741558, 'NDCG*@10': 0.04080181768120721, 'MRR*@10': 0.03325404444810494, 'Recall*@5': 0.04723767978103124, 'NDCG*@5': 0.03489569113986899, 'MRR*@5': 0.030835169526322405}
INFO    [03-24 17:18:58] train in BasicTrainer:
duration: 61.52998375892639s
INFO    [03-24 17:18:58] train in BasicTrainer:
epoch: 52
INFO    [03-24 17:19:29] _train_one_epoch in BasicTrainer:
loss = 4.620086977088993
INFO    [03-24 17:19:59] validate in BasicTrainer:
{'Recall@10': 0.06625258997660274, 'NDCG@10': 0.04057469272394051, 'MRR@10': 0.03272430877410626, 'Recall@5': 0.048141970248647435, 'NDCG@5': 0.03474736472144145, 'MRR@5': 0.030335798787400704, 'Recall*@10': 0.06640061080571293, 'NDCG*@10': 0.041073921533633574, 'MRR*@10': 0.03333455400700255, 'Recall*@5': 0.04856117579421794, 'NDCG*@5': 0.03533633690067502, 'MRR*@5': 0.0309843298971884}
INFO    [03-24 17:19:59] train in BasicTrainer:
duration: 61.485209226608276s
INFO    [03-24 17:19:59] train in BasicTrainer:
epoch: 53
INFO    [03-24 17:20:30] _train_one_epoch in BasicTrainer:
loss = 4.601424319500273
INFO    [03-24 17:21:01] validate in BasicTrainer:
{'Recall@10': 0.06601871752230697, 'NDCG@10': 0.040850695655789485, 'MRR@10': 0.033169130729727964, 'Recall@5': 0.0480720662158127, 'NDCG@5': 0.035078261206431906, 'MRR@5': 0.030804982372783413, 'Recall*@10': 0.0661688299142113, 'NDCG*@10': 0.04141814999513386, 'MRR*@10': 0.033831888983069464, 'Recall*@5': 0.04911415658660175, 'NDCG*@5': 0.035912021821321444, 'MRR*@5': 0.03156477868441464}
INFO    [03-24 17:21:01] train in BasicTrainer:
duration: 61.4422926902771s
INFO    [03-24 17:21:01] train in BasicTrainer:
epoch: 54
INFO    [03-24 17:21:32] _train_one_epoch in BasicTrainer:
loss = 4.584299382499673
INFO    [03-24 17:22:02] validate in BasicTrainer:
{'Recall@10': 0.06541986226342446, 'NDCG@10': 0.0405936525455972, 'MRR@10': 0.03300946280937786, 'Recall@5': 0.047939989484788836, 'NDCG@5': 0.034973439392308854, 'MRR@5': 0.030709269781445347, 'Recall*@10': 0.06512038340402204, 'NDCG*@10': 0.04071514247808346, 'MRR*@10': 0.033260017091971496, 'Recall*@5': 0.04794685969981112, 'NDCG*@5': 0.03519339169296183, 'MRR*@5': 0.031000118291135446}
INFO    [03-24 17:22:02] train in BasicTrainer:
duration: 61.489930868148804s
INFO    [03-24 17:22:02] train in BasicTrainer:
epoch: 55
INFO    [03-24 17:22:33] _train_one_epoch in BasicTrainer:
loss = 4.5712365210056305
INFO    [03-24 17:23:04] validate in BasicTrainer:
{'Recall@10': 0.06410843691276025, 'NDCG@10': 0.03972612865731236, 'MRR@10': 0.03228437054411385, 'Recall@5': 0.046614390039859815, 'NDCG@5': 0.0340745074660048, 'MRR@5': 0.029954655269204183, 'Recall*@10': 0.0642051312408244, 'NDCG*@10': 0.04018490233047064, 'MRR*@10': 0.03285031419160754, 'Recall*@5': 0.04707867321522199, 'NDCG*@5': 0.034653710692312364, 'MRR*@5': 0.03057127832182387}
INFO    [03-24 17:23:04] train in BasicTrainer:
duration: 61.66925048828125s
INFO    [03-24 17:23:04] train in BasicTrainer:
epoch: 56
INFO    [03-24 17:23:36] _train_one_epoch in BasicTrainer:
loss = 4.556378930807114
INFO    [03-24 17:24:06] validate in BasicTrainer:
{'Recall@10': 0.06625838846314785, 'NDCG@10': 0.040637268186655154, 'MRR@10': 0.03282044285027556, 'Recall@5': 0.04790552067317704, 'NDCG@5': 0.03473945715746214, 'MRR@5': 0.030408209796215214, 'Recall*@10': 0.06619511238595312, 'NDCG*@10': 0.0409915367531222, 'MRR*@10': 0.03329987236291401, 'Recall*@5': 0.0481599839620812, 'NDCG*@5': 0.03519314772976461, 'MRR*@5': 0.03092658087293538}
INFO    [03-24 17:24:06] train in BasicTrainer:
duration: 62.09155869483948s
INFO    [03-24 17:24:06] train in BasicTrainer:
epoch: 57
INFO    [03-24 17:24:38] _train_one_epoch in BasicTrainer:
loss = 4.5405928235162385
INFO    [03-24 17:25:08] validate in BasicTrainer:
{'Recall@10': 0.06541052024609359, 'NDCG@10': 0.04038709527704605, 'MRR@10': 0.03275893394683683, 'Recall@5': 0.04734113422590633, 'NDCG@5': 0.034577424760705744, 'MRR@5': 0.030381284372577835, 'Recall*@10': 0.06564205079231152, 'NDCG*@10': 0.040843038696997847, 'MRR*@10': 0.03329450322329536, 'Recall*@5': 0.04748690428659898, 'NDCG*@5': 0.03501231579268856, 'MRR*@5': 0.0309118057290713}
INFO    [03-24 17:25:08] train in BasicTrainer:
duration: 62.17625665664673s
INFO    [03-24 17:25:08] train in BasicTrainer:
epoch: 58
INFO    [03-24 17:25:40] _train_one_epoch in BasicTrainer:
loss = 4.524384416301142
INFO    [03-24 17:26:11] validate in BasicTrainer:
{'Recall@10': 0.06575456403138101, 'NDCG@10': 0.040402809201284896, 'MRR@10': 0.03267399955165479, 'Recall@5': 0.04731761811431064, 'NDCG@5': 0.03447526330922463, 'MRR@5': 0.030248128686302393, 'Recall*@10': 0.06592904138126114, 'NDCG*@10': 0.040776747473797136, 'MRR*@10': 0.03310839277367259, 'Recall*@5': 0.04769076518136864, 'NDCG*@5': 0.03491340769642545, 'MRR*@5': 0.030708893498246983}
INFO    [03-24 17:26:11] train in BasicTrainer:
duration: 62.32974290847778s
INFO    [03-24 17:26:11] train in BasicTrainer:
epoch: 59
INFO    [03-24 17:26:43] _train_one_epoch in BasicTrainer:
loss = 4.512122970751741
INFO    [03-24 17:27:13] validate in BasicTrainer:
{'Recall@10': 0.06684049253546914, 'NDCG@10': 0.04105439346081527, 'MRR@10': 0.033207391020517014, 'Recall@5': 0.04794675438094509, 'NDCG@5': 0.034990508398113324, 'MRR@5': 0.030731572401384976, 'Recall*@10': 0.06638162476263305, 'NDCG*@10': 0.0411924870699182, 'MRR*@10': 0.033514935350002245, 'Recall*@5': 0.04814509188308734, 'NDCG*@5': 0.035340083568075366, 'MRR*@5': 0.03112593492449716}
INFO    [03-24 17:27:13] train in BasicTrainer:
duration: 62.33963465690613s
INFO    [03-24 17:27:13] close_training in BasicTrainer:
finished training
INFO    [03-24 17:27:13] final_validate in BasicTrainer:
validate model on val set!
INFO    [03-24 17:27:13] load_state_from_given_path in utils:
checkpoint epoch: 28
INFO    [03-24 17:27:13] load_state_from_given_path in utils:
Loading model's parameters
INFO    [03-24 17:27:44] validate in BasicTrainer:
{'Recall@10': 0.07110173902077269, 'NDCG@10': 0.04379983009525048, 'MRR@10': 0.03548089559226073, 'Recall@5': 0.051658754922853885, 'NDCG@5': 0.0375699746140907, 'MRR@5': 0.032943444369837295, 'Recall*@10': 0.0711607551851938, 'NDCG*@10': 0.043996327535011044, 'MRR*@10': 0.035720637125908866, 'Recall*@5': 0.05178222831252009, 'NDCG*@5': 0.037782400052330294, 'MRR*@5': 0.033186742256200594}
INFO    [03-24 17:27:44] test in BasicTrainer:
Test model on test set!
INFO    [03-24 17:27:44] test_with_given_state_path in BasicTrainer:
Loading model params from ___movies_base_partial_2022/base_nextitnet-rate-0.8-seed-2001_03-24_16:23_t2/nextitnet_logs/checkpoint/best_acc_model.pth.
INFO    [03-24 17:27:44] load_state_from_given_path in utils:
checkpoint epoch: 28
INFO    [03-24 17:27:44] load_state_from_given_path in utils:
Loading model's parameters
INFO    [03-24 17:27:44] test_with_given_state_path in BasicTrainer:
Finished loading. Start testing.
INFO    [03-24 17:28:16] test_with_given_state_path in BasicTrainer:
{'Recall@10': 0.06110385224916214, 'NDCG@10': 0.03656139953942724, 'MRR@10': 0.02910192349795685, 'Recall@5': 0.042954575905735176, 'NDCG@5': 0.030728723232944805, 'MRR@5': 0.026716418102268102, 'Recall*@10': 0.06260803663857685, 'NDCG*@10': 0.03757622469823028, 'MRR*@10': 0.029958456090485402, 'Recall*@5': 0.04428371199399464, 'NDCG*@5': 0.03169008013034283, 'MRR*@5': 0.027552869192562824}
INFO    [03-24 17:28:16] _evaluate in BasicSched:
!!Final Result!!: {'Recall@10': 0.06110385224916214, 'NDCG@10': 0.03656139953942724, 'MRR@10': 0.02910192349795685, 'Recall@5': 0.042954575905735176, 'NDCG@5': 0.030728723232944805, 'MRR@5': 0.026716418102268102, 'Recall*@10': 0.06260803663857685, 'NDCG*@10': 0.03757622469823028, 'MRR*@10': 0.029958456090485402, 'Recall*@5': 0.04428371199399464, 'NDCG*@5': 0.03169008013034283, 'MRR*@5': 0.027552869192562824}
