INFO    [05-20 23:40:13] setup_train in utils:
{
    "experiment_dir": "___movies_base_partial_2022",
    "experiment_description": "base",
    "describe": "{config[model_code]}-rate-{config[sample_rate]}-seed-{config[sample_seed]}",
    "dataset_name": "movies.csv",
    "sched": "basic",
    "model_code": "narm",
    "num_epochs": 60,
    "mode": [
        "train",
        "test"
    ],
    "max_len": 10,
    "test_state_path": null,
    "model_state_path": null,
    "do_sampling": true,
    "path_for_sample": "Data/Cache/movies-5-5.pkl",
    "sample_rate": 0.9,
    "sample_seed": 2001,
    "rand_seed": 2022,
    "load_processed_dataset": true,
    "save_processed_dataset": false,
    "dataset_cache_filename": null,
    "do_remap": false,
    "weight_decay": 0,
    "decay_step": 15,
    "gamma": 0.99,
    "lr": 0.001,
    "min_length": 5,
    "min_item_inter": 5,
    "good_only": false,
    "use_rating": true,
    "test_negative_sampler_code": "random",
    "test_negative_sample_size": 0,
    "dataloader_type": "next",
    "train_batch_size": 4096,
    "val_batch_size": 4096,
    "test_batch_size": 4096,
    "prop_sliding_window": -1.0,
    "worker_number": 2,
    "metric_ks": [
        5,
        10
    ],
    "device": "cuda",
    "num_gpu": 1,
    "optimizer": "Adam",
    "best_metric": "NDCG@10",
    "show_process_bar": false,
    "config_file": "config2.movies/narm/config_partial.json",
    "task_id": 10,
    "split": "leave_one_out",
    "train_negative_sampler_code": "random",
    "train_negative_sample_size": 100,
    "device_idx": "0",
    "momentum": null,
    "log_period_as_iter": 12800,
    "mentor_code": "bert",
    "training_routine": null,
    "T": 1,
    "alpha": 0.1,
    "dvae_alpha": 0.5,
    "softmaxed_mentor": false,
    "weight_list": [
        0.5,
        0.5
    ],
    "validation_rate": 0.2,
    "num_items": null,
    "start_index": 1,
    "kwargs": null
}
DEBUG   [05-20 23:40:13] __init__ in BasicSched:
BasicScheduler attribs: tag=narm
INFO    [05-20 23:40:13] _load_sampled_dataset_from_path in utils:
loading sampled dataset from /data/wushiguang-slurm/code/gitee-repos/soft-rec/Data/Cache/sampled_movies-5-5-rate-0.9-seed-2001.pkl
INFO    [05-20 23:40:14] _check_dataset_cache in utils:
check if the cache is generated under this configuration
INFO    [05-20 23:40:14] _check_dataset_cache in utils:
correct.
INFO    [05-20 23:40:14] __init__ in NextItemDataloader:
there are 21035 items in this dataset, 73940 users, padding_first? False
DEBUG   [05-20 23:40:27] generate_model in utils:
model_code_list=['narm']
INFO    [05-20 23:40:27] load_model_config in utils:
loading model narm's config file at asset/config/model/narm.json
INFO    [05-20 23:40:27] load_model_config in utils:
{
    "embedding_size": 64,
    "hidden_size": 128,
    "n_layers": 1,
    "dropout_probs": [
        0.25,
        0.5
    ]
}
WARNING [05-20 23:40:35] get_exist_path in utils:
dir ___movies_base_partial_2022/base_narm-rate-0.9-seed-2001_05-20_23:40_t10/narm_logs does not exist! Create one.
WARNING [05-20 23:40:35] get_exist_path in utils:
dir ___movies_base_partial_2022/base_narm-rate-0.9-seed-2001_05-20_23:40_t10/narm_logs/tb_vis does not exist! Create one.
WARNING [05-20 23:40:36] get_exist_path in utils:
dir ___movies_base_partial_2022/base_narm-rate-0.9-seed-2001_05-20_23:40_t10/narm_logs/checkpoint does not exist! Create one.
INFO    [05-20 23:40:36] __init__ in BasicSched:
NARM(
  (item_embedding): Embedding(21036, 64, padding_idx=0)
  (emb_dropout): Dropout(p=0.25, inplace=False)
  (gru): GRU(64, 128, bias=False, batch_first=True)
  (a_1): Linear(in_features=128, out_features=128, bias=False)
  (a_2): Linear(in_features=128, out_features=128, bias=False)
  (v_t): Linear(in_features=128, out_features=1, bias=False)
  (ct_dropout): Dropout(p=0.5, inplace=False)
  (b): Linear(in_features=256, out_features=64, bias=False)
  (loss_fct): CrossEntropyLoss()
)
WARNING [05-20 23:40:36] get_path in utils:
Path is None
WARNING [05-20 23:40:36] load_state_from_given_path in utils:
Not given any path.
INFO    [05-20 23:40:36] assert_model_device in utils:
model narm has 5.60498046875 MB params.
INFO    [05-20 23:40:36] __init__ in BasicTrainer:
405504 iter per epoch
INFO    [05-20 23:40:36] _fit in BasicSched:
Start training.
INFO    [05-20 23:41:04] log in loggers:
Update Best NDCG@10 Model at 0
INFO    [05-20 23:41:04] validate in BasicTrainer:
{'Recall@10': 0.0007622424317033667, 'NDCG@10': 0.0003275866612583693, 'MRR@10': 0.0002025521362635405, 'Recall@5': 0.00026983963815789476, 'NDCG@5': 0.00017614794763319783, 'MRR@5': 0.00014455695092788359, 'Recall*@10': 0.0007260943024639824, 'NDCG*@10': 0.0002849126697248338, 'MRR*@10': 0.00015931447744246965, 'Recall*@5': 0.0002059933444558594, 'NDCG*@5': 0.00012561752948003183, 'MRR*@5': 9.875132366831072e-05}
INFO    [05-20 23:41:04] train in BasicTrainer:
epoch: 0
INFO    [05-20 23:41:18] _train_one_epoch in BasicTrainer:
loss = 9.585188133548005
INFO    [05-20 23:41:46] log in loggers:
Update Best NDCG@10 Model at 0
INFO    [05-20 23:41:46] validate in BasicTrainer:
{'Recall@10': 0.015436378944861261, 'NDCG@10': 0.0075676919230701105, 'MRR@10': 0.005205675150806967, 'Recall@5': 0.008985926642229683, 'NDCG@5': 0.005491677487857248, 'MRR@5': 0.00435509384413691, 'Recall*@10': 0.015022389786808114, 'NDCG*@10': 0.007173933946576558, 'MRR*@10': 0.0048268474087021064, 'Recall*@5': 0.008465510719504795, 'NDCG*@5': 0.005066796524548217, 'MRR*@5': 0.003965310746264693}
INFO    [05-20 23:41:46] train in BasicTrainer:
duration: 42.14105558395386s
INFO    [05-20 23:41:46] train in BasicTrainer:
epoch: 1
INFO    [05-20 23:42:01] _train_one_epoch in BasicTrainer:
loss = 9.097056119128911
INFO    [05-20 23:42:29] log in loggers:
Update Best NDCG@10 Model at 1
INFO    [05-20 23:42:29] validate in BasicTrainer:
{'Recall@10': 0.01602333470394737, 'NDCG@10': 0.007677579494683366, 'MRR@10': 0.005186733961301415, 'Recall@5': 0.009007504111842105, 'NDCG@5': 0.0054370747437994735, 'MRR@5': 0.004278243286535144, 'Recall*@10': 0.015139196068048477, 'NDCG*@10': 0.006947528889500781, 'MRR*@10': 0.004506476958723445, 'Recall*@5': 0.00822170429225815, 'NDCG*@5': 0.004745146137123045, 'MRR*@5': 0.0036173336894104353}
INFO    [05-20 23:42:29] train in BasicTrainer:
duration: 43.01806855201721s
INFO    [05-20 23:42:29] train in BasicTrainer:
epoch: 2
INFO    [05-20 23:42:44] _train_one_epoch in BasicTrainer:
loss = 9.016021921177103
INFO    [05-20 23:43:13] log in loggers:
Update Best NDCG@10 Model at 2
INFO    [05-20 23:43:13] validate in BasicTrainer:
{'Recall@10': 0.021303997031952206, 'NDCG@10': 0.010553229159038318, 'MRR@10': 0.007330681123819791, 'Recall@5': 0.012391045885650735, 'NDCG@5': 0.0076898878905922174, 'MRR@5': 0.00615979900191489, 'Recall*@10': 0.01974387104181867, 'NDCG*@10': 0.009717996134177634, 'MRR*@10': 0.006715803100776516, 'Recall*@5': 0.011517926854522605, 'NDCG*@5': 0.007086362812275949, 'MRR*@5': 0.005646064693696405}
INFO    [05-20 23:43:13] train in BasicTrainer:
duration: 44.106740951538086s
INFO    [05-20 23:43:13] train in BasicTrainer:
epoch: 3
INFO    [05-20 23:43:28] _train_one_epoch in BasicTrainer:
loss = 8.879303720262316
INFO    [05-20 23:43:56] log in loggers:
Update Best NDCG@10 Model at 3
INFO    [05-20 23:43:56] validate in BasicTrainer:
{'Recall@10': 0.02910364752537326, 'NDCG@10': 0.014509733349673058, 'MRR@10': 0.010135337636855087, 'Recall@5': 0.017145363319861263, 'NDCG@5': 0.010685598931128257, 'MRR@5': 0.008582145171730142, 'Recall*@10': 0.027848205186034505, 'NDCG*@10': 0.014028230363405064, 'MRR*@10': 0.009888297608612399, 'Recall*@5': 0.016494368350035267, 'NDCG*@5': 0.010401850027081213, 'MRR*@5': 0.008418134867066615}
INFO    [05-20 23:43:56] train in BasicTrainer:
duration: 42.964020013809204s
INFO    [05-20 23:43:56] train in BasicTrainer:
epoch: 4
INFO    [05-20 23:44:11] _train_one_epoch in BasicTrainer:
loss = 8.699154497397066
INFO    [05-20 23:44:40] log in loggers:
Update Best NDCG@10 Model at 4
INFO    [05-20 23:44:40] validate in BasicTrainer:
{'Recall@10': 0.03508278962812925, 'NDCG@10': 0.01712553563380712, 'MRR@10': 0.011765607865527272, 'Recall@5': 0.019920856740913893, 'NDCG@5': 0.012295029334429847, 'MRR@5': 0.009813770406732434, 'Recall*@10': 0.03390354035716308, 'NDCG*@10': 0.016534073498884316, 'MRR*@10': 0.011347540470428373, 'Recall*@5': 0.019182133537374045, 'NDCG*@5': 0.011847370549252159, 'MRR*@5': 0.009455896154242126}
INFO    [05-20 23:44:40] train in BasicTrainer:
duration: 43.59917330741882s
INFO    [05-20 23:44:40] train in BasicTrainer:
epoch: 5
INFO    [05-20 23:44:54] _train_one_epoch in BasicTrainer:
loss = 8.599082686684348
INFO    [05-20 23:45:22] log in loggers:
Update Best NDCG@10 Model at 5
INFO    [05-20 23:45:22] validate in BasicTrainer:
{'Recall@10': 0.03805514719141157, 'NDCG@10': 0.018857244255119247, 'MRR@10': 0.01311017908646088, 'Recall@5': 0.02200659835024884, 'NDCG@5': 0.013725581309316974, 'MRR@5': 0.011026598096482064, 'Recall*@10': 0.037182826744882685, 'NDCG*@10': 0.0184713258457027, 'MRR*@10': 0.012878970929274433, 'Recall*@5': 0.021315557343002996, 'NDCG*@5': 0.013391352724283934, 'MRR*@5': 0.010812932551887474}
INFO    [05-20 23:45:22] train in BasicTrainer:
duration: 42.521334171295166s
INFO    [05-20 23:45:22] train in BasicTrainer:
epoch: 6
INFO    [05-20 23:45:37] _train_one_epoch in BasicTrainer:
loss = 8.51591077477041
INFO    [05-20 23:46:06] log in loggers:
Update Best NDCG@10 Model at 6
INFO    [05-20 23:46:06] validate in BasicTrainer:
{'Recall@10': 0.04238082448902883, 'NDCG@10': 0.021385297816442817, 'MRR@10': 0.0150998598944984, 'Recall@5': 0.024396606573933048, 'NDCG@5': 0.015619294938484305, 'MRR@5': 0.012749292691679378, 'Recall*@10': 0.04122746010359965, 'NDCG*@10': 0.02079522634219182, 'MRR*@10': 0.014666590373963118, 'Recall*@5': 0.024059210315738853, 'NDCG*@5': 0.015278232381924203, 'MRR*@5': 0.012409718621424154}
INFO    [05-20 23:46:06] train in BasicTrainer:
duration: 43.57768535614014s
INFO    [05-20 23:46:06] train in BasicTrainer:
epoch: 7
INFO    [05-20 23:46:20] _train_one_epoch in BasicTrainer:
loss = 8.424454891320432
INFO    [05-20 23:46:48] log in loggers:
Update Best NDCG@10 Model at 7
INFO    [05-20 23:46:48] validate in BasicTrainer:
{'Recall@10': 0.0480896420776844, 'NDCG@10': 0.024149401113390923, 'MRR@10': 0.016936873428915675, 'Recall@5': 0.029081585179818303, 'NDCG@5': 0.018019705765733595, 'MRR@5': 0.014417114226441635, 'Recall*@10': 0.04751757551964961, 'NDCG*@10': 0.02386815747932384, 'MRR*@10': 0.016755342385486552, 'Recall*@5': 0.028384507486694736, 'NDCG*@5': 0.01770635905038369, 'MRR*@5': 0.014227122411523995}
INFO    [05-20 23:46:48] train in BasicTrainer:
duration: 41.918198347091675s
INFO    [05-20 23:46:48] train in BasicTrainer:
epoch: 8
INFO    [05-20 23:47:02] _train_one_epoch in BasicTrainer:
loss = 8.34223088351163
INFO    [05-20 23:47:31] log in loggers:
Update Best NDCG@10 Model at 8
INFO    [05-20 23:47:31] validate in BasicTrainer:
{'Recall@10': 0.05054438271020588, 'NDCG@10': 0.02523314972457133, 'MRR@10': 0.017635129147062178, 'Recall@5': 0.029793399337090944, 'NDCG@5': 0.018571058165674146, 'MRR@5': 0.014913666944362615, 'Recall*@10': 0.04960119057642786, 'NDCG*@10': 0.024873644260591583, 'MRR*@10': 0.017447295084007476, 'Recall*@5': 0.029414188067771886, 'NDCG*@5': 0.018379223998636007, 'MRR*@5': 0.014786240718278446}
INFO    [05-20 23:47:31] train in BasicTrainer:
duration: 43.19250774383545s
INFO    [05-20 23:47:31] train in BasicTrainer:
epoch: 9
INFO    [05-20 23:47:45] _train_one_epoch in BasicTrainer:
loss = 8.266895881806962
INFO    [05-20 23:48:13] log in loggers:
Update Best NDCG@10 Model at 9
INFO    [05-20 23:48:13] validate in BasicTrainer:
{'Recall@10': 0.05488703105794756, 'NDCG@10': 0.028239446643151735, 'MRR@10': 0.0202233052175296, 'Recall@5': 0.03383178107048336, 'NDCG@5': 0.021505526904212802, 'MRR@5': 0.01748766951066883, 'Recall*@10': 0.05440612725521389, 'NDCG*@10': 0.027943541344843413, 'MRR*@10': 0.019983130507171154, 'Recall*@5': 0.033444834284876525, 'NDCG*@5': 0.021228220264770482, 'MRR*@5': 0.01724806476972605}
INFO    [05-20 23:48:13] train in BasicTrainer:
duration: 41.92695927619934s
INFO    [05-20 23:48:13] train in BasicTrainer:
epoch: 10
INFO    [05-20 23:48:28] _train_one_epoch in BasicTrainer:
loss = 8.185650093386872
INFO    [05-20 23:48:57] log in loggers:
Update Best NDCG@10 Model at 10
INFO    [05-20 23:48:57] validate in BasicTrainer:
{'Recall@10': 0.05947430490663177, 'NDCG@10': 0.030959394221243105, 'MRR@10': 0.022363928979948947, 'Recall@5': 0.03698815326941641, 'NDCG@5': 0.023749477671165215, 'MRR@5': 0.019424211527956158, 'Recall*@10': 0.05892144496503629, 'NDCG*@10': 0.030721852457837054, 'MRR*@10': 0.022222578133407393, 'Recall*@5': 0.036546546475667706, 'NDCG*@5': 0.02353520730608388, 'MRR*@5': 0.01928508664040189}
INFO    [05-20 23:48:57] train in BasicTrainer:
duration: 43.764588832855225s
INFO    [05-20 23:48:57] train in BasicTrainer:
epoch: 11
INFO    [05-20 23:49:11] _train_one_epoch in BasicTrainer:
loss = 8.103368335300022
INFO    [05-20 23:49:39] log in loggers:
Update Best NDCG@10 Model at 11
INFO    [05-20 23:49:39] validate in BasicTrainer:
{'Recall@10': 0.06538822972460796, 'NDCG@10': 0.033685136194291865, 'MRR@10': 0.02412580316396136, 'Recall@5': 0.04014452546834946, 'NDCG@5': 0.025575801730155945, 'MRR@5': 0.020810135983322795, 'Recall*@10': 0.06541072969373904, 'NDCG*@10': 0.03370930832859717, 'MRR*@10': 0.024151228662384183, 'Recall*@5': 0.04014806233738598, 'NDCG*@5': 0.025587167786924464, 'MRR*@5': 0.020826306684236778}
INFO    [05-20 23:49:39] train in BasicTrainer:
duration: 42.08298587799072s
INFO    [05-20 23:49:39] train in BasicTrainer:
epoch: 12
INFO    [05-20 23:49:54] _train_one_epoch in BasicTrainer:
loss = 8.034608802410087
INFO    [05-20 23:50:22] log in loggers:
Update Best NDCG@10 Model at 12
INFO    [05-20 23:50:23] validate in BasicTrainer:
{'Recall@10': 0.06798795179316872, 'NDCG@10': 0.03593990579247475, 'MRR@10': 0.026271511653536243, 'Recall@5': 0.04284704339347387, 'NDCG@5': 0.027871939206593914, 'MRR@5': 0.022977940640167185, 'Recall*@10': 0.06886398851087219, 'NDCG*@10': 0.03644614284367938, 'MRR*@10': 0.02666973861816682, 'Recall*@5': 0.043227632382982654, 'NDCG*@5': 0.028223418385574694, 'MRR*@5': 0.023315236658642168}
INFO    [05-20 23:50:23] train in BasicTrainer:
duration: 43.65175151824951s
INFO    [05-20 23:50:23] train in BasicTrainer:
epoch: 13
INFO    [05-20 23:50:36] _train_one_epoch in BasicTrainer:
loss = 7.980094567693845
INFO    [05-20 23:51:04] log in loggers:
Update Best NDCG@10 Model at 13
INFO    [05-20 23:51:04] validate in BasicTrainer:
{'Recall@10': 0.07007369320643575, 'NDCG@10': 0.03683219830456533, 'MRR@10': 0.026800487680654777, 'Recall@5': 0.04362213533175619, 'NDCG@5': 0.028330259319198758, 'MRR@5': 0.023321661019795818, 'Recall*@10': 0.07049202115127914, 'NDCG*@10': 0.03737290066323782, 'MRR*@10': 0.0273849613180286, 'Recall*@5': 0.04376782300440889, 'NDCG*@5': 0.028773499358641475, 'MRR*@5': 0.023860363877917592}
INFO    [05-20 23:51:04] train in BasicTrainer:
duration: 41.912312030792236s
INFO    [05-20 23:51:04] train in BasicTrainer:
epoch: 14
INFO    [05-20 23:51:19] _train_one_epoch in BasicTrainer:
loss = 7.9326597849528
INFO    [05-20 23:51:48] log in loggers:
Update Best NDCG@10 Model at 14
INFO    [05-20 23:51:48] validate in BasicTrainer:
{'Recall@10': 0.07073410953346052, 'NDCG@10': 0.037344149460918026, 'MRR@10': 0.02731395248127611, 'Recall@5': 0.04360152761402883, 'NDCG@5': 0.028671138968906905, 'MRR@5': 0.02379383205583221, 'Recall*@10': 0.070549652176468, 'NDCG*@10': 0.0377061993471886, 'MRR*@10': 0.027829021999710483, 'Recall*@5': 0.044085831234329624, 'NDCG*@5': 0.029223113173716946, 'MRR*@5': 0.02437213171077402}
INFO    [05-20 23:51:48] train in BasicTrainer:
duration: 43.24143695831299s
INFO    [05-20 23:51:48] train in BasicTrainer:
epoch: 15
INFO    [05-20 23:52:02] _train_one_epoch in BasicTrainer:
loss = 7.886624750464853
INFO    [05-20 23:52:30] log in loggers:
Update Best NDCG@10 Model at 15
INFO    [05-20 23:52:30] validate in BasicTrainer:
{'Recall@10': 0.07313648219171323, 'NDCG@10': 0.039444283827355035, 'MRR@10': 0.029262367243829527, 'Recall@5': 0.046697288947670085, 'NDCG@5': 0.030943483506378374, 'MRR@5': 0.025782349470414613, 'Recall*@10': 0.07345016535959746, 'NDCG*@10': 0.039693977291646754, 'MRR*@10': 0.029490321776584574, 'Recall*@5': 0.04718353030712981, 'NDCG*@5': 0.03126882506828559, 'MRR*@5': 0.02605327934418854}
INFO    [05-20 23:52:30] train in BasicTrainer:
duration: 42.15516948699951s
INFO    [05-20 23:52:30] train in BasicTrainer:
epoch: 16
INFO    [05-20 23:52:44] _train_one_epoch in BasicTrainer:
loss = 7.846339928983438
INFO    [05-20 23:53:12] log in loggers:
Update Best NDCG@10 Model at 16
INFO    [05-20 23:53:13] validate in BasicTrainer:
{'Recall@10': 0.07430578729039744, 'NDCG@10': 0.0398374133204159, 'MRR@10': 0.02944151194472062, 'Recall@5': 0.04686069586559346, 'NDCG@5': 0.0310086637343231, 'MRR@5': 0.025825427649052518, 'Recall*@10': 0.07526465074012154, 'NDCG*@10': 0.04060579561873486, 'MRR*@10': 0.030144866555929184, 'Recall*@5': 0.04761938456642, 'NDCG*@5': 0.03170750329368993, 'MRR*@5': 0.02649749011585587}
INFO    [05-20 23:53:13] train in BasicTrainer:
duration: 42.630616903305054s
INFO    [05-20 23:53:13] train in BasicTrainer:
epoch: 17
INFO    [05-20 23:53:27] _train_one_epoch in BasicTrainer:
loss = 7.810915657968232
INFO    [05-20 23:53:56] log in loggers:
Update Best NDCG@10 Model at 17
INFO    [05-20 23:53:56] validate in BasicTrainer:
{'Recall@10': 0.07562055870106346, 'NDCG@10': 0.040547268955331096, 'MRR@10': 0.02997059080945818, 'Recall@5': 0.04776016132611977, 'NDCG@5': 0.031612110373220946, 'MRR@5': 0.026326332241296768, 'Recall*@10': 0.0761234407362185, 'NDCG*@10': 0.04093140951896969, 'MRR*@10': 0.030298677910315364, 'Recall*@5': 0.04873091903956313, 'NDCG*@5': 0.03216236878774668, 'MRR*@5': 0.026732152523963076}
INFO    [05-20 23:53:56] train in BasicTrainer:
duration: 43.95007514953613s
INFO    [05-20 23:53:56] train in BasicTrainer:
epoch: 18
INFO    [05-20 23:54:11] _train_one_epoch in BasicTrainer:
loss = 7.776188291684545
INFO    [05-20 23:54:39] log in loggers:
Update Best NDCG@10 Model at 18
INFO    [05-20 23:54:40] validate in BasicTrainer:
{'Recall@10': 0.07613041722460796, 'NDCG@10': 0.04122996996892126, 'MRR@10': 0.030679771676659584, 'Recall@5': 0.04905747661465093, 'NDCG@5': 0.032516341950548325, 'MRR@5': 0.027107788445918185, 'Recall*@10': 0.07674340982186167, 'NDCG*@10': 0.04190758909834059, 'MRR*@10': 0.03137053431648957, 'Recall*@5': 0.04967418234599264, 'NDCG*@5': 0.033188011399225184, 'MRR*@5': 0.027792025455518773}
INFO    [05-20 23:54:40] train in BasicTrainer:
duration: 43.072185754776s
INFO    [05-20 23:54:40] train in BasicTrainer:
epoch: 19
INFO    [05-20 23:54:54] _train_one_epoch in BasicTrainer:
loss = 7.741782568921947
INFO    [05-20 23:55:23] log in loggers:
Update Best NDCG@10 Model at 19
INFO    [05-20 23:55:23] validate in BasicTrainer:
{'Recall@10': 0.07754386294829219, 'NDCG@10': 0.0418092602569806, 'MRR@10': 0.031037356704473495, 'Recall@5': 0.049208034025995356, 'NDCG@5': 0.03273037203440541, 'MRR@5': 0.027338800265600805, 'Recall*@10': 0.07772848206131082, 'NDCG*@10': 0.04247779281515824, 'MRR*@10': 0.03182712883541459, 'Recall*@5': 0.05042945848483788, 'NDCG*@5': 0.03371983070514704, 'MRR*@5': 0.028252640837117246}
INFO    [05-20 23:55:23] train in BasicTrainer:
duration: 43.271475076675415s
INFO    [05-20 23:55:23] train in BasicTrainer:
epoch: 20
INFO    [05-20 23:55:36] _train_one_epoch in BasicTrainer:
loss = 7.711689313252767
INFO    [05-20 23:56:04] log in loggers:
Update Best NDCG@10 Model at 20
INFO    [05-20 23:56:05] validate in BasicTrainer:
{'Recall@10': 0.0780023234455209, 'NDCG@10': 0.04234869876190236, 'MRR@10': 0.03156971490304721, 'Recall@5': 0.05039843171834946, 'NDCG@5': 0.03348249246023203, 'MRR@5': 0.027946198555199725, 'Recall*@10': 0.07891476781744707, 'NDCG*@10': 0.04315274051929775, 'MRR*@10': 0.03235264759706823, 'Recall*@5': 0.05081273850641752, 'NDCG*@5': 0.03411548555289444, 'MRR*@5': 0.028652685351277653}
INFO    [05-20 23:56:05] train in BasicTrainer:
duration: 41.772876262664795s
INFO    [05-20 23:56:05] train in BasicTrainer:
epoch: 21
INFO    [05-20 23:56:19] _train_one_epoch in BasicTrainer:
loss = 7.678817797188807
INFO    [05-20 23:56:48] log in loggers:
Update Best NDCG@10 Model at 21
INFO    [05-20 23:56:48] validate in BasicTrainer:
{'Recall@10': 0.07928266807606346, 'NDCG@10': 0.04330503901368693, 'MRR@10': 0.032424670300985635, 'Recall@5': 0.05111800408677051, 'NDCG@5': 0.034273535993538405, 'MRR@5': 0.028741801647763503, 'Recall*@10': 0.08070580504442516, 'NDCG*@10': 0.04446570065460707, 'MRR*@10': 0.033493580394669584, 'Recall*@5': 0.052611342582263444, 'NDCG*@5': 0.035442336021285305, 'MRR*@5': 0.029805715048783703}
INFO    [05-20 23:56:48] train in BasicTrainer:
duration: 43.598403215408325s
INFO    [05-20 23:56:48] train in BasicTrainer:
epoch: 22
INFO    [05-20 23:57:02] _train_one_epoch in BasicTrainer:
loss = 7.647758628382827
INFO    [05-20 23:57:30] log in loggers:
Update Best NDCG@10 Model at 22
INFO    [05-20 23:57:31] validate in BasicTrainer:
{'Recall@10': 0.0805676187339582, 'NDCG@10': 0.04435510462836215, 'MRR@10': 0.033425895987372646, 'Recall@5': 0.05234695029886145, 'NDCG@5': 0.03531525107590776, 'MRR@5': 0.029745205550601606, 'Recall*@10': 0.08189102575967186, 'NDCG*@10': 0.045283660096557515, 'MRR*@10': 0.03423079230675572, 'Recall*@5': 0.05332618383200545, 'NDCG*@5': 0.03612653068021724, 'MRR*@5': 0.03049800054807412}
INFO    [05-20 23:57:31] train in BasicTrainer:
duration: 42.358418464660645s
INFO    [05-20 23:57:31] train in BasicTrainer:
epoch: 23
INFO    [05-20 23:57:45] _train_one_epoch in BasicTrainer:
loss = 7.615873654683431
INFO    [05-20 23:58:13] log in loggers:
Update Best NDCG@10 Model at 23
INFO    [05-20 23:58:14] validate in BasicTrainer:
{'Recall@10': 0.08212240903001082, 'NDCG@10': 0.045180705228918476, 'MRR@10': 0.03397697092671143, 'Recall@5': 0.05424455572900019, 'NDCG@5': 0.03621413205799304, 'MRR@5': 0.030304895223755585, 'Recall*@10': 0.08364124125555943, 'NDCG*@10': 0.046357034852630215, 'MRR*@10': 0.035053238958904616, 'Recall*@5': 0.055419171915242545, 'NDCG*@5': 0.037281629874518045, 'MRR*@5': 0.03133800606194295}
INFO    [05-20 23:58:14] train in BasicTrainer:
duration: 43.13163661956787s
INFO    [05-20 23:58:14] train in BasicTrainer:
epoch: 24
INFO    [05-20 23:58:27] _train_one_epoch in BasicTrainer:
loss = 7.58402692428743
INFO    [05-20 23:58:55] log in loggers:
Update Best NDCG@10 Model at 24
INFO    [05-20 23:58:55] validate in BasicTrainer:
{'Recall@10': 0.08226375360237925, 'NDCG@10': 0.04533930632628893, 'MRR@10': 0.03413322518922781, 'Recall@5': 0.05469380358332082, 'NDCG@5': 0.03645590281015948, 'MRR@5': 0.030484707535881745, 'Recall*@10': 0.08359000910269587, 'NDCG*@10': 0.04636155970786747, 'MRR*@10': 0.03504874253351437, 'Recall*@5': 0.05594267970637271, 'NDCG*@5': 0.03745368926932937, 'MRR*@5': 0.03139015610672926}
INFO    [05-20 23:58:55] train in BasicTrainer:
duration: 41.555649280548096s
INFO    [05-20 23:58:55] train in BasicTrainer:
epoch: 25
INFO    [05-20 23:59:10] _train_one_epoch in BasicTrainer:
loss = 7.554677611649638
INFO    [05-20 23:59:38] log in loggers:
Update Best NDCG@10 Model at 25
INFO    [05-20 23:59:39] validate in BasicTrainer:
{'Recall@10': 0.08274791311276586, 'NDCG@10': 0.04556113461914815, 'MRR@10': 0.034322117798422515, 'Recall@5': 0.053585109349928405, 'NDCG@5': 0.036183158425908336, 'MRR@5': 0.03048294596374035, 'Recall*@10': 0.0838666820996686, 'NDCG*@10': 0.04627550628624464, 'MRR*@10': 0.034904583798427334, 'Recall*@5': 0.05459123379305789, 'NDCG*@5': 0.036844633813751373, 'MRR*@5': 0.03103443529260786}
INFO    [05-20 23:59:39] train in BasicTrainer:
duration: 43.384021282196045s
INFO    [05-20 23:59:39] train in BasicTrainer:
epoch: 26
INFO    [05-20 23:59:53] _train_one_epoch in BasicTrainer:
loss = 7.52804180588385
INFO    [05-21 00:00:21] log in loggers:
Update Best NDCG@10 Model at 26
INFO    [05-21 00:00:21] validate in BasicTrainer:
{'Recall@10': 0.08299666015725386, 'NDCG@10': 0.04615787240235429, 'MRR@10': 0.03500047933898474, 'Recall@5': 0.0547071379658423, 'NDCG@5': 0.03703637028995313, 'MRR@5': 0.031250542323840294, 'Recall*@10': 0.08456320041104366, 'NDCG*@10': 0.04743917306002818, 'MRR*@10': 0.03619423508644104, 'Recall*@5': 0.05617510841081017, 'NDCG*@5': 0.03830951746357115, 'MRR*@5': 0.03245485966142855}
INFO    [05-21 00:00:21] train in BasicTrainer:
duration: 42.360485315322876s
INFO    [05-21 00:00:21] train in BasicTrainer:
epoch: 27
INFO    [05-21 00:00:36] _train_one_epoch in BasicTrainer:
loss = 7.49920006472655
INFO    [05-21 00:01:04] log in loggers:
Update Best NDCG@10 Model at 27
INFO    [05-21 00:01:05] validate in BasicTrainer:
{'Recall@10': 0.08509937281671323, 'NDCG@10': 0.04730811068101933, 'MRR@10': 0.03584498716028113, 'Recall@5': 0.056535889443598296, 'NDCG@5': 0.0381365604698658, 'MRR@5': 0.03209744599696837, 'Recall*@10': 0.08653724115145833, 'NDCG*@10': 0.04851077634253, 'MRR*@10': 0.03697972901557621, 'Recall*@5': 0.05766341384304197, 'NDCG*@5': 0.03927074980578924, 'MRR*@5': 0.03322279561114939}
INFO    [05-21 00:01:05] train in BasicTrainer:
duration: 43.6100070476532s
INFO    [05-21 00:01:05] train in BasicTrainer:
epoch: 28
INFO    [05-21 00:01:19] _train_one_epoch in BasicTrainer:
loss = 7.471005420492153
INFO    [05-21 00:01:47] log in loggers:
Update Best NDCG@10 Model at 28
INFO    [05-21 00:01:47] validate in BasicTrainer:
{'Recall@10': 0.08539951788751703, 'NDCG@10': 0.04771873158843894, 'MRR@10': 0.036288947161091004, 'Recall@5': 0.05755100046333514, 'NDCG@5': 0.03878193348646164, 'MRR@5': 0.03264064812346509, 'Recall*@10': 0.08628936896198675, 'NDCG*@10': 0.04844189101928159, 'MRR*@10': 0.03695859220859252, 'Recall*@5': 0.05847267355573805, 'NDCG*@5': 0.039518104964181, 'MRR*@5': 0.033317493666943754}
INFO    [05-21 00:01:47] train in BasicTrainer:
duration: 42.741262912750244s
INFO    [05-21 00:01:47] train in BasicTrainer:
epoch: 29
INFO    [05-21 00:02:02] _train_one_epoch in BasicTrainer:
loss = 7.443599108493689
INFO    [05-21 00:02:31] log in loggers:
Update Best NDCG@10 Model at 29
INFO    [05-21 00:02:31] validate in BasicTrainer:
{'Recall@10': 0.0859268325331964, 'NDCG@10': 0.04832325111094274, 'MRR@10': 0.0368919264721243, 'Recall@5': 0.058309121351493035, 'NDCG@5': 0.03943818964456257, 'MRR@5': 0.033251040272022546, 'Recall*@10': 0.08763234395729869, 'NDCG*@10': 0.04933195188641548, 'MRR*@10': 0.03770282021478603, 'Recall*@5': 0.05897548775139608, 'NDCG*@5': 0.04011285344236776, 'MRR*@5': 0.033925003715251624}
INFO    [05-21 00:02:31] train in BasicTrainer:
duration: 43.801456451416016s
INFO    [05-21 00:02:31] train in BasicTrainer:
epoch: 30
INFO    [05-21 00:02:45] _train_one_epoch in BasicTrainer:
loss = 7.4155754609541455
INFO    [05-21 00:03:13] log in loggers:
Update Best NDCG@10 Model at 30
INFO    [05-21 00:03:14] validate in BasicTrainer:
{'Recall@10': 0.08621315814946827, 'NDCG@10': 0.048914680747609386, 'MRR@10': 0.03758723582876356, 'Recall@5': 0.05833482036465093, 'NDCG@5': 0.03996151156331364, 'MRR@5': 0.033928706653808295, 'Recall*@10': 0.08765153312369396, 'NDCG*@10': 0.05005308221045293, 'MRR*@10': 0.03862880386020008, 'Recall*@5': 0.05972179652828919, 'NDCG*@5': 0.04108256434923724, 'MRR*@5': 0.034962828516175874}
INFO    [05-21 00:03:14] train in BasicTrainer:
duration: 42.66821217536926s
INFO    [05-21 00:03:14] train in BasicTrainer:
epoch: 31
INFO    [05-21 00:03:29] _train_one_epoch in BasicTrainer:
loss = 7.3896407936558575
INFO    [05-21 00:03:57] log in loggers:
Update Best NDCG@10 Model at 31
INFO    [05-21 00:03:58] validate in BasicTrainer:
{'Recall@10': 0.08707868190188157, 'NDCG@10': 0.04932700509303495, 'MRR@10': 0.03788191707510697, 'Recall@5': 0.05890019865412461, 'NDCG@5': 0.040287602104638755, 'MRR@5': 0.03419368949375654, 'Recall*@10': 0.08839137616910432, 'NDCG*@10': 0.05025441376002211, 'MRR*@10': 0.03869206968106722, 'Recall*@5': 0.05963103198691418, 'NDCG*@5': 0.04102232130734544, 'MRR*@5': 0.034922057174538314}
INFO    [05-21 00:03:58] train in BasicTrainer:
duration: 43.96009945869446s
INFO    [05-21 00:03:58] train in BasicTrainer:
epoch: 32
INFO    [05-21 00:04:12] _train_one_epoch in BasicTrainer:
loss = 7.363391240437825
INFO    [05-21 00:04:40] log in loggers:
Update Best NDCG@10 Model at 32
INFO    [05-21 00:04:40] validate in BasicTrainer:
{'Recall@10': 0.08873578317855534, 'NDCG@10': 0.05023157380913433, 'MRR@10': 0.03855003906708015, 'Recall@5': 0.05994561510650735, 'NDCG@5': 0.0409739856657229, 'MRR@5': 0.03476025105306977, 'Recall*@10': 0.0904213766518392, 'NDCG*@10': 0.05127902152506929, 'MRR*@10': 0.03942029266373107, 'Recall*@5': 0.060878467599028034, 'NDCG*@5': 0.04179407009168675, 'MRR*@5': 0.035545829585508296}
INFO    [05-21 00:04:40] train in BasicTrainer:
duration: 42.32705473899841s
INFO    [05-21 00:04:40] train in BasicTrainer:
epoch: 33
INFO    [05-21 00:04:56] _train_one_epoch in BasicTrainer:
loss = 7.341332464507132
INFO    [05-21 00:05:24] log in loggers:
Update Best NDCG@10 Model at 33
INFO    [05-21 00:05:24] validate in BasicTrainer:
{'Recall@10': 0.08906162726251703, 'NDCG@10': 0.05055278069094608, 'MRR@10': 0.0388752104420411, 'Recall@5': 0.05975699405136861, 'NDCG@5': 0.041151563980077445, 'MRR@5': 0.0350388310065395, 'Recall*@10': 0.08979492987457074, 'NDCG*@10': 0.05133503048043502, 'MRR*@10': 0.03967208650551344, 'Recall*@5': 0.060546534822175375, 'NDCG*@5': 0.04195226238746392, 'MRR*@5': 0.035843369403952045}
INFO    [05-21 00:05:24] train in BasicTrainer:
duration: 44.10730004310608s
INFO    [05-21 00:05:24] train in BasicTrainer:
epoch: 34
INFO    [05-21 00:05:39] _train_one_epoch in BasicTrainer:
loss = 7.31620882978343
INFO    [05-21 00:06:09] log in loggers:
Update Best NDCG@10 Model at 34
INFO    [05-21 00:06:09] validate in BasicTrainer:
{'Recall@10': 0.08985781199053715, 'NDCG@10': 0.05120167195012695, 'MRR@10': 0.03950547505366175, 'Recall@5': 0.06065645951189493, 'NDCG@5': 0.041854643704075566, 'MRR@5': 0.03570347789086794, 'Recall*@10': 0.09081013775185535, 'NDCG*@10': 0.0520806179234856, 'MRR*@10': 0.040355469149194266, 'Recall*@5': 0.06194710378584109, 'NDCG*@5': 0.042864877534540075, 'MRR*@5': 0.036620709554929486}
INFO    [05-21 00:06:09] train in BasicTrainer:
duration: 44.8016631603241s
INFO    [05-21 00:06:09] train in BasicTrainer:
epoch: 35
INFO    [05-21 00:06:24] _train_one_epoch in BasicTrainer:
loss = 7.29334780664155
INFO    [05-21 00:06:52] log in loggers:
Update Best NDCG@10 Model at 35
INFO    [05-21 00:06:52] validate in BasicTrainer:
{'Recall@10': 0.08987526752446827, 'NDCG@10': 0.051672996266892084, 'MRR@10': 0.04006605575743474, 'Recall@5': 0.06129020687780882, 'NDCG@5': 0.042479904074417915, 'MRR@5': 0.036302188509388975, 'Recall*@10': 0.09103443983354066, 'NDCG*@10': 0.05277806794957111, 'MRR*@10': 0.041147612623478234, 'Recall*@5': 0.06248414751730467, 'NDCG*@5': 0.04360367122449373, 'MRR*@5': 0.037396204510801716}
INFO    [05-21 00:06:52] train in BasicTrainer:
duration: 43.110262393951416s
INFO    [05-21 00:06:52] train in BasicTrainer:
epoch: 36
INFO    [05-21 00:07:07] _train_one_epoch in BasicTrainer:
loss = 7.273204760117964
INFO    [05-21 00:07:36] validate in BasicTrainer:
{'Recall@10': 0.09018365568236301, 'NDCG@10': 0.05161110586241672, 'MRR@10': 0.039915254437609723, 'Recall@5': 0.06055414833520588, 'NDCG@5': 0.042082469910383224, 'MRR@5': 0.036013886528579814, 'Recall*@10': 0.09109005057498028, 'NDCG*@10': 0.05238137433403417, 'MRR*@10': 0.04064768297891868, 'Recall*@5': 0.06139769365912989, 'NDCG*@5': 0.042848079024176845, 'MRR*@5': 0.03675383682313718}
INFO    [05-21 00:07:36] train in BasicTrainer:
duration: 43.79103374481201s
INFO    [05-21 00:07:36] train in BasicTrainer:
epoch: 37
INFO    [05-21 00:07:50] _train_one_epoch in BasicTrainer:
loss = 7.252602394181069
INFO    [05-21 00:08:19] log in loggers:
Update Best NDCG@10 Model at 37
INFO    [05-21 00:08:19] validate in BasicTrainer:
{'Recall@10': 0.0924791113326424, 'NDCG@10': 0.05286157503724098, 'MRR@10': 0.04083928505056783, 'Recall@5': 0.06330345786715809, 'NDCG@5': 0.043525182691059615, 'MRR@5': 0.03704395684364595, 'Recall*@10': 0.09324223391319576, 'NDCG*@10': 0.053680902248934695, 'MRR*@10': 0.04165792337765819, 'Recall*@5': 0.0644528977572918, 'NDCG*@5': 0.04446020624355266, 'MRR*@5': 0.03790519170855221}
INFO    [05-21 00:08:19] train in BasicTrainer:
duration: 43.00564956665039s
INFO    [05-21 00:08:19] train in BasicTrainer:
epoch: 38
INFO    [05-21 00:08:34] _train_one_epoch in BasicTrainer:
loss = 7.227373956429838
INFO    [05-21 00:09:02] validate in BasicTrainer:
{'Recall@10': 0.09229097476131037, 'NDCG@10': 0.05277413306267638, 'MRR@10': 0.040770254637065684, 'Recall@5': 0.06278535606045473, 'NDCG@5': 0.043278362209859644, 'MRR@5': 0.03687755057686254, 'Recall*@10': 0.09321770660187069, 'NDCG*@10': 0.053635834667243455, 'MRR*@10': 0.04159307077919182, 'Recall*@5': 0.06416422618847144, 'NDCG*@5': 0.04427055132232214, 'MRR*@5': 0.03774460934494671}
INFO    [05-21 00:09:02] train in BasicTrainer:
duration: 43.384724140167236s
INFO    [05-21 00:09:02] train in BasicTrainer:
epoch: 39
INFO    [05-21 00:09:16] _train_one_epoch in BasicTrainer:
loss = 7.20764634103486
INFO    [05-21 00:09:44] validate in BasicTrainer:
{'Recall@10': 0.0916829266046223, 'NDCG@10': 0.05268744085180132, 'MRR@10': 0.04083291372578395, 'Recall@5': 0.06321351132110546, 'NDCG@5': 0.043563068305191244, 'MRR@5': 0.03711505381292418, 'Recall*@10': 0.09271118750697688, 'NDCG*@10': 0.05360875513992811, 'MRR*@10': 0.0416977814349689, 'Recall*@5': 0.06447706744074821, 'NDCG*@5': 0.044531150770030524, 'MRR*@5': 0.03798222953551694}
INFO    [05-21 00:09:44] train in BasicTrainer:
duration: 41.76274847984314s
INFO    [05-21 00:09:44] train in BasicTrainer:
epoch: 40
INFO    [05-21 00:09:59] _train_one_epoch in BasicTrainer:
loss = 7.188598059644603
INFO    [05-21 00:10:27] log in loggers:
Update Best NDCG@10 Model at 40
INFO    [05-21 00:10:28] validate in BasicTrainer:
{'Recall@10': 0.0941320908697028, 'NDCG@10': 0.053903541478671525, 'MRR@10': 0.041729988824380074, 'Recall@5': 0.06296985557204798, 'NDCG@5': 0.04392107595738612, 'MRR@5': 0.03766547721859656, 'Recall*@10': 0.09507319801732113, 'NDCG*@10': 0.05482976942470199, 'MRR*@10': 0.04263560415098542, 'Recall*@5': 0.0644252747297287, 'NDCG*@5': 0.045029476284980774, 'MRR*@5': 0.03865557761960908}
INFO    [05-21 00:10:28] train in BasicTrainer:
duration: 43.78793692588806s
INFO    [05-21 00:10:28] train in BasicTrainer:
epoch: 41
INFO    [05-21 00:10:42] _train_one_epoch in BasicTrainer:
loss = 7.167771305700745
INFO    [05-21 00:11:10] log in loggers:
Update Best NDCG@10 Model at 41
INFO    [05-21 00:11:10] validate in BasicTrainer:
{'Recall@10': 0.09378563926408165, 'NDCG@10': 0.05406220178855093, 'MRR@10': 0.04201335695229078, 'Recall@5': 0.06386471461308629, 'NDCG@5': 0.044437567654408906, 'MRR@5': 0.03807020736368079, 'Recall*@10': 0.09487272602947135, 'NDCG*@10': 0.0548749340600089, 'MRR*@10': 0.04273567848691815, 'Recall*@5': 0.06481665019926272, 'NDCG*@5': 0.0451888316556027, 'MRR*@5': 0.03875688483056269}
INFO    [05-21 00:11:10] train in BasicTrainer:
duration: 42.41245102882385s
INFO    [05-21 00:11:10] train in BasicTrainer:
epoch: 42
INFO    [05-21 00:11:25] _train_one_epoch in BasicTrainer:
loss = 7.146997803389424
INFO    [05-21 00:11:54] validate in BasicTrainer:
{'Recall@10': 0.09346852333922136, 'NDCG@10': 0.05399371703204356, 'MRR@10': 0.041992354451825746, 'Recall@5': 0.06491788927661746, 'NDCG@5': 0.04483917100649131, 'MRR@5': 0.03825888106305348, 'Recall*@10': 0.09504667002903788, 'NDCG*@10': 0.05522471234986657, 'MRR*@10': 0.04310459565175207, 'Recall*@5': 0.0663333648913785, 'NDCG*@5': 0.04601074970866505, 'MRR*@5': 0.039342728982630526}
INFO    [05-21 00:11:54] train in BasicTrainer:
duration: 43.555230379104614s
INFO    [05-21 00:11:54] train in BasicTrainer:
epoch: 43
INFO    [05-21 00:12:08] _train_one_epoch in BasicTrainer:
loss = 7.133019490675493
INFO    [05-21 00:12:36] log in loggers:
Update Best NDCG@10 Model at 43
INFO    [05-21 00:12:36] validate in BasicTrainer:
{'Recall@10': 0.09401693038250271, 'NDCG@10': 0.05451399029085511, 'MRR@10': 0.042516302905584634, 'Recall@5': 0.06499086477254566, 'NDCG@5': 0.04520281639538313, 'MRR@5': 0.03871753615768332, 'Recall*@10': 0.0949442606223257, 'NDCG*@10': 0.05525224753900578, 'MRR*@10': 0.04319649846538117, 'Recall*@5': 0.06608777865767479, 'NDCG*@5': 0.04601233962335085, 'MRR*@5': 0.039436585711021176}
INFO    [05-21 00:12:36] train in BasicTrainer:
duration: 42.57947516441345s
INFO    [05-21 00:12:36] train in BasicTrainer:
epoch: 44
INFO    [05-21 00:12:51] _train_one_epoch in BasicTrainer:
loss = 7.112576441331343
INFO    [05-21 00:13:20] log in loggers:
Update Best NDCG@10 Model at 44
INFO    [05-21 00:13:20] validate in BasicTrainer:
{'Recall@10': 0.0947961438643305, 'NDCG@10': 0.05458227780304457, 'MRR@10': 0.04239708832220027, 'Recall@5': 0.06455446642480399, 'NDCG@5': 0.044898619777277896, 'MRR@5': 0.03845685289094323, 'Recall*@10': 0.0961517883758796, 'NDCG*@10': 0.055670583130497685, 'MRR*@10': 0.043414976153718796, 'Recall*@5': 0.06548733891625154, 'NDCG*@5': 0.0458610591135527, 'MRR*@5': 0.03942882887234813}
INFO    [05-21 00:13:20] train in BasicTrainer:
duration: 43.92705678939819s
INFO    [05-21 00:13:20] train in BasicTrainer:
epoch: 45
INFO    [05-21 00:13:35] _train_one_epoch in BasicTrainer:
loss = 7.094841268327501
INFO    [05-21 00:14:03] log in loggers:
Update Best NDCG@10 Model at 45
INFO    [05-21 00:14:03] validate in BasicTrainer:
{'Recall@10': 0.09514720188943963, 'NDCG@10': 0.055277501870142784, 'MRR@10': 0.04317110365158633, 'Recall@5': 0.06541077694610546, 'NDCG@5': 0.04572160698865589, 'MRR@5': 0.03926179656072667, 'Recall*@10': 0.09642202328694494, 'NDCG*@10': 0.056435254255407734, 'MRR*@10': 0.044286705357463735, 'Recall*@5': 0.06694527460556281, 'NDCG*@5': 0.04698119077243303, 'MRR*@5': 0.04043019582566462}
INFO    [05-21 00:14:03] train in BasicTrainer:
duration: 42.76990079879761s
INFO    [05-21 00:14:03] train in BasicTrainer:
epoch: 46
INFO    [05-21 00:14:17] _train_one_epoch in BasicTrainer:
loss = 7.076126878911799
INFO    [05-21 00:14:46] log in loggers:
Update Best NDCG@10 Model at 46
INFO    [05-21 00:14:47] validate in BasicTrainer:
{'Recall@10': 0.09498476511553715, 'NDCG@10': 0.0554478903742213, 'MRR@10': 0.04344865071930384, 'Recall@5': 0.06489728155889009, 'NDCG@5': 0.04574751402986677, 'MRR@5': 0.0394626128438272, 'Recall*@10': 0.09569796135551051, 'NDCG*@10': 0.05648875863928544, 'MRR*@10': 0.044559189265495854, 'Recall*@5': 0.06659047854574103, 'NDCG*@5': 0.047105688013528525, 'MRR*@5': 0.04070444875641873}
INFO    [05-21 00:14:47] train in BasicTrainer:
duration: 43.44095587730408s
INFO    [05-21 00:14:47] train in BasicTrainer:
epoch: 47
INFO    [05-21 00:15:00] _train_one_epoch in BasicTrainer:
loss = 7.0609201999625775
INFO    [05-21 00:15:28] log in loggers:
Update Best NDCG@10 Model at 47
INFO    [05-21 00:15:28] validate in BasicTrainer:
{'Recall@10': 0.0958030117969764, 'NDCG@10': 0.05559884580342393, 'MRR@10': 0.043407334701011054, 'Recall@5': 0.06568110146020588, 'NDCG@5': 0.045913860397903544, 'MRR@5': 0.03944308428387893, 'Recall*@10': 0.09706413000822067, 'NDCG*@10': 0.05686083024269656, 'MRR*@10': 0.04462969293327708, 'Recall*@5': 0.06762241180005826, 'NDCG*@5': 0.04736756268692644, 'MRR*@5': 0.04072834002344232}
INFO    [05-21 00:15:28] train in BasicTrainer:
duration: 41.92382264137268s
INFO    [05-21 00:15:28] train in BasicTrainer:
epoch: 48
INFO    [05-21 00:15:44] _train_one_epoch in BasicTrainer:
loss = 7.044567435678809
INFO    [05-21 00:16:12] log in loggers:
Update Best NDCG@10 Model at 48
INFO    [05-21 00:16:12] validate in BasicTrainer:
{'Recall@10': 0.09647118613908165, 'NDCG@10': 0.05648749047204068, 'MRR@10': 0.044342073758966045, 'Recall@5': 0.06650759142480399, 'NDCG@5': 0.04687088835788401, 'MRR@5': 0.040415699250603974, 'Recall*@10': 0.09797658535994981, 'NDCG*@10': 0.05786040719402464, 'MRR*@10': 0.045667463325356185, 'Recall*@5': 0.06810399105674342, 'NDCG*@5': 0.04829643019720128, 'MRR*@5': 0.041776284967598165}
INFO    [05-21 00:16:12] train in BasicTrainer:
duration: 43.32411742210388s
INFO    [05-21 00:16:12] train in BasicTrainer:
epoch: 49
INFO    [05-21 00:16:26] _train_one_epoch in BasicTrainer:
loss = 7.029831982622243
INFO    [05-21 00:16:56] validate in BasicTrainer:
{'Recall@10': 0.09653082725248839, 'NDCG@10': 0.05608279865823294, 'MRR@10': 0.04377866810873935, 'Recall@5': 0.0664561933984882, 'NDCG@5': 0.046415650432831364, 'MRR@5': 0.0398226416620769, 'Recall*@10': 0.0977788889094403, 'NDCG*@10': 0.05728512237730779, 'MRR*@10': 0.04495983041430775, 'Recall*@5': 0.06801796959419, 'NDCG*@5': 0.04773221478650445, 'MRR*@5': 0.04105861563431589}
INFO    [05-21 00:16:56] train in BasicTrainer:
duration: 44.17631936073303s
INFO    [05-21 00:16:56] train in BasicTrainer:
epoch: 50
INFO    [05-21 00:17:11] _train_one_epoch in BasicTrainer:
loss = 7.0167433902470755
INFO    [05-21 00:17:39] log in loggers:
Update Best NDCG@10 Model at 50
INFO    [05-21 00:17:39] validate in BasicTrainer:
{'Recall@10': 0.09692916195643575, 'NDCG@10': 0.056892991850250645, 'MRR@10': 0.044735545194462725, 'Recall@5': 0.06738960095926334, 'NDCG@5': 0.04743001786501784, 'MRR@5': 0.04088180865112104, 'Recall*@10': 0.09837765011348222, 'NDCG*@10': 0.05818169485581549, 'MRR*@10': 0.04595123623546801, 'Recall*@5': 0.06934541405031555, 'NDCG*@5': 0.048871710896492004, 'MRR*@5': 0.04215410430180399}
INFO    [05-21 00:17:39] train in BasicTrainer:
duration: 42.98326826095581s
INFO    [05-21 00:17:39] train in BasicTrainer:
epoch: 51
INFO    [05-21 00:17:53] _train_one_epoch in BasicTrainer:
loss = 7.003934060684358
INFO    [05-21 00:18:22] log in loggers:
Update Best NDCG@10 Model at 51
INFO    [05-21 00:18:23] validate in BasicTrainer:
{'Recall@10': 0.09690346294327785, 'NDCG@10': 0.05700717513498507, 'MRR@10': 0.044872522942329705, 'Recall@5': 0.06717164422336377, 'NDCG@5': 0.04743415676057339, 'MRR@5': 0.04094530514588481, 'Recall*@10': 0.09817623660752647, 'NDCG*@10': 0.05834225957330905, 'MRR*@10': 0.04620323016455299, 'Recall*@5': 0.06904734631902293, 'NDCG*@5': 0.04896373115479946, 'MRR*@5': 0.042355896022758986}
INFO    [05-21 00:18:23] train in BasicTrainer:
duration: 43.605772972106934s
INFO    [05-21 00:18:23] train in BasicTrainer:
epoch: 52
INFO    [05-21 00:18:37] _train_one_epoch in BasicTrainer:
loss = 6.989858530988597
INFO    [05-21 00:19:05] validate in BasicTrainer:
{'Recall@10': 0.09623577328104722, 'NDCG@10': 0.05654743058901084, 'MRR@10': 0.04448786809256202, 'Recall@5': 0.06684580013940208, 'NDCG@5': 0.04711025757224936, 'MRR@5': 0.040631893728124466, 'Recall*@10': 0.09750411032061827, 'NDCG*@10': 0.05769073551422671, 'MRR*@10': 0.04554735378999459, 'Recall*@5': 0.06922482307019986, 'NDCG*@5': 0.048585301559222374, 'MRR*@5': 0.04181248273112272}
INFO    [05-21 00:19:05] train in BasicTrainer:
duration: 42.54406213760376s
INFO    [05-21 00:19:05] train in BasicTrainer:
epoch: 53
INFO    [05-21 00:19:20] _train_one_epoch in BasicTrainer:
loss = 6.977589795083711
INFO    [05-21 00:19:48] log in loggers:
Update Best NDCG@10 Model at 53
INFO    [05-21 00:19:48] validate in BasicTrainer:
{'Recall@10': 0.09718663676788933, 'NDCG@10': 0.057360158546974786, 'MRR@10': 0.04523005473770594, 'Recall@5': 0.0681091733276844, 'NDCG@5': 0.04799683235193554, 'MRR@5': 0.04138937631719991, 'Recall*@10': 0.09889665442077737, 'NDCG*@10': 0.058713679054850025, 'MRR*@10': 0.046450436311332804, 'Recall*@5': 0.07003722398688919, 'NDCG*@5': 0.04941318831161449, 'MRR*@5': 0.042630875581189207}
INFO    [05-21 00:19:48] train in BasicTrainer:
duration: 43.28826022148132s
INFO    [05-21 00:19:48] train in BasicTrainer:
epoch: 54
INFO    [05-21 00:20:03] _train_one_epoch in BasicTrainer:
loss = 6.96475724499635
INFO    [05-21 00:20:30] log in loggers:
Update Best NDCG@10 Model at 54
INFO    [05-21 00:20:30] validate in BasicTrainer:
{'Recall@10': 0.09767491801788933, 'NDCG@10': 0.0575186896481012, 'MRR@10': 0.04530341923236847, 'Recall@5': 0.06806650326440208, 'NDCG@5': 0.04801252876457415, 'MRR@5': 0.04142028416850065, 'Recall*@10': 0.09945923089981079, 'NDCG*@10': 0.05900479245342707, 'MRR*@10': 0.04668345949367473, 'Recall*@5': 0.06975688844134934, 'NDCG*@5': 0.04947300372939361, 'MRR*@5': 0.04279263150927268}
INFO    [05-21 00:20:30] train in BasicTrainer:
duration: 42.00819396972656s
INFO    [05-21 00:20:30] train in BasicTrainer:
epoch: 55
INFO    [05-21 00:20:45] _train_one_epoch in BasicTrainer:
loss = 6.9498176189384075
INFO    [05-21 00:21:14] validate in BasicTrainer:
{'Recall@10': 0.09778595754974767, 'NDCG@10': 0.057334707363655694, 'MRR@10': 0.045044815854022376, 'Recall@5': 0.06754015837060778, 'NDCG@5': 0.04761025603664549, 'MRR@5': 0.041064893630774396, 'Recall*@10': 0.09981701875987806, 'NDCG*@10': 0.05890542268753052, 'MRR*@10': 0.046467568039109834, 'Recall*@5': 0.069438730415545, 'NDCG*@5': 0.04913186399560226, 'MRR*@5': 0.04246351652239498}
INFO    [05-21 00:21:14] train in BasicTrainer:
duration: 43.132288694381714s
INFO    [05-21 00:21:14] train in BasicTrainer:
epoch: 56
INFO    [05-21 00:21:28] _train_one_epoch in BasicTrainer:
loss = 6.9368360933631354
INFO    [05-21 00:21:56] log in loggers:
Update Best NDCG@10 Model at 56
INFO    [05-21 00:21:56] validate in BasicTrainer:
{'Recall@10': 0.09909612214878986, 'NDCG@10': 0.05825350904151013, 'MRR@10': 0.045834901301484356, 'Recall@5': 0.06957353220174187, 'NDCG@5': 0.04877664031166779, 'MRR@5': 0.04196513601039585, 'Recall*@10': 0.10088260236539338, 'NDCG*@10': 0.0598919971993095, 'MRR*@10': 0.047388483427072824, 'Recall*@5': 0.0723166006960367, 'NDCG*@5': 0.05069964692780846, 'MRR*@5': 0.04362202239663977}
INFO    [05-21 00:21:56] train in BasicTrainer:
duration: 42.292964935302734s
INFO    [05-21 00:21:56] train in BasicTrainer:
epoch: 57
INFO    [05-21 00:22:10] _train_one_epoch in BasicTrainer:
loss = 6.924630290330058
INFO    [05-21 00:22:39] validate in BasicTrainer:
{'Recall@10': 0.09755927245867879, 'NDCG@10': 0.05802219321853236, 'MRR@10': 0.04599047393391007, 'Recall@5': 0.06864060951690924, 'NDCG@5': 0.04873245660411684, 'MRR@5': 0.042192972020099036, 'Recall*@10': 0.09910974533934343, 'NDCG*@10': 0.05941046950848479, 'MRR*@10': 0.047300457758338826, 'Recall*@5': 0.07084347876278978, 'NDCG*@5': 0.0503209709729019, 'MRR*@5': 0.0435796994715929}
INFO    [05-21 00:22:39] train in BasicTrainer:
duration: 43.030574798583984s
INFO    [05-21 00:22:39] train in BasicTrainer:
epoch: 58
INFO    [05-21 00:22:53] _train_one_epoch in BasicTrainer:
loss = 6.913328970321501
INFO    [05-21 00:23:21] log in loggers:
Update Best NDCG@10 Model at 58
INFO    [05-21 00:23:21] validate in BasicTrainer:
{'Recall@10': 0.09874554880355534, 'NDCG@10': 0.058616753863660914, 'MRR@10': 0.046405643224716187, 'Recall@5': 0.06950104158175618, 'NDCG@5': 0.049203354081040936, 'MRR@5': 0.04254570309268801, 'Recall*@10': 0.10021881131749404, 'NDCG*@10': 0.059939550922105185, 'MRR*@10': 0.047657945438435205, 'Recall*@5': 0.07129577939447604, 'NDCG*@5': 0.050621226822075094, 'MRR*@5': 0.04383171741899691}
INFO    [05-21 00:23:21] train in BasicTrainer:
duration: 42.29097127914429s
INFO    [05-21 00:23:21] train in BasicTrainer:
epoch: 59
INFO    [05-21 00:23:36] _train_one_epoch in BasicTrainer:
loss = 6.905064033739494
INFO    [05-21 00:24:05] validate in BasicTrainer:
{'Recall@10': 0.09808198088093807, 'NDCG@10': 0.05815689716684191, 'MRR@10': 0.045989539278180974, 'Recall@5': 0.06928259996991408, 'NDCG@5': 0.04886766170200549, 'MRR@5': 0.04217007266063439, 'Recall*@10': 0.10009110013121053, 'NDCG*@10': 0.05983533416139452, 'MRR*@10': 0.04753776090709787, 'Recall*@5': 0.07209903864484084, 'NDCG*@5': 0.050816836717881654, 'MRR*@5': 0.043835555938513654}
INFO    [05-21 00:24:05] train in BasicTrainer:
duration: 43.39193296432495s
INFO    [05-21 00:24:05] close_training in BasicTrainer:
finished training
INFO    [05-21 00:24:05] final_validate in BasicTrainer:
validate model on val set!
INFO    [05-21 00:24:05] load_state_from_given_path in utils:
checkpoint epoch: 58
INFO    [05-21 00:24:05] load_state_from_given_path in utils:
Loading model's parameters
INFO    [05-21 00:24:33] validate in BasicTrainer:
{'Recall@10': 0.09874554880355534, 'NDCG@10': 0.058616753863660914, 'MRR@10': 0.046405643224716187, 'Recall@5': 0.06950104158175618, 'NDCG@5': 0.049203354081040936, 'MRR@5': 0.04254570309268801, 'Recall*@10': 0.10021881131749404, 'NDCG*@10': 0.059939550922105185, 'MRR*@10': 0.047657945438435205, 'Recall*@5': 0.07129577939447604, 'NDCG*@5': 0.050621226822075094, 'MRR*@5': 0.04383171741899691}
INFO    [05-21 00:24:33] test in BasicTrainer:
Test model on test set!
INFO    [05-21 00:24:33] test_with_given_state_path in BasicTrainer:
Loading model params from ___movies_base_partial_2022/base_narm-rate-0.9-seed-2001_05-20_23:40_t10/narm_logs/checkpoint/best_acc_model.pth.
INFO    [05-21 00:24:33] load_state_from_given_path in utils:
checkpoint epoch: 58
INFO    [05-21 00:24:33] load_state_from_given_path in utils:
Loading model's parameters
INFO    [05-21 00:24:33] test_with_given_state_path in BasicTrainer:
Finished loading. Start testing.
INFO    [05-21 00:25:01] test_with_given_state_path in BasicTrainer:
{'Recall@10': 0.08605847939064629, 'NDCG@10': 0.049817356820169245, 'MRR@10': 0.03884125304849524, 'Recall@5': 0.05829627184491409, 'NDCG@5': 0.040884325182751605, 'MRR@5': 0.035180409782026946, 'Recall*@10': 0.08852018886490871, 'NDCG*@10': 0.051958476242266204, 'MRR*@10': 0.04086750334030703, 'Recall*@5': 0.06106725491975483, 'NDCG*@5': 0.04312348699099139, 'MRR*@5': 0.03724641401908899}
INFO    [05-21 00:25:01] _evaluate in BasicSched:
!!Final Result!!: {'Recall@10': 0.08605847939064629, 'NDCG@10': 0.049817356820169245, 'MRR@10': 0.03884125304849524, 'Recall@5': 0.05829627184491409, 'NDCG@5': 0.040884325182751605, 'MRR@5': 0.035180409782026946, 'Recall*@10': 0.08852018886490871, 'NDCG*@10': 0.051958476242266204, 'MRR*@10': 0.04086750334030703, 'Recall*@5': 0.06106725491975483, 'NDCG*@5': 0.04312348699099139, 'MRR*@5': 0.03724641401908899}
