INFO    [05-05 09:45:45] setup_train in utils:
{
    "experiment_dir": "___movies_ep_2022",
    "experiment_description": "ep",
    "describe": "{config[model_code]}-T-{config[T]}-al-{config[alpha]}-sr-{config[sample_rate]}",
    "dataset_name": "movies.csv",
    "sched": "ensemble_distill",
    "model_code": "narm",
    "mentor_code": "narm",
    "mentor2_code": "narm",
    "weight_list": [
        0.5,
        0.5
    ],
    "alpha": 0.5,
    "T": 6.0,
    "training_routine": "student",
    "softmaxed_mentor": true,
    "enable_auto_path_finder": true,
    "mentor_state_path": "___movies_base_partial_2022",
    "mentor_seed1": 2000,
    "mentor_seed2": 2001,
    "mentor_describe": "{config[model_code]}-rate-{config[sample_rate]}-seed-{config[sample_seed]}",
    "sample_rate": 0.8,
    "num_epochs": 80,
    "mode": [
        "train",
        "test"
    ],
    "test_state_path": null,
    "max_len": 10,
    "model_state_path": null,
    "rand_seed": 2022,
    "load_processed_dataset": true,
    "save_processed_dataset": false,
    "dataset_cache_filename": null,
    "do_remap": false,
    "weight_decay": 0,
    "decay_step": 15,
    "gamma": 0.99,
    "lr": 0.001,
    "min_length": 5,
    "min_item_inter": 5,
    "good_only": false,
    "use_rating": true,
    "test_negative_sampler_code": "random",
    "test_negative_sample_size": 0,
    "dataloader_type": "next",
    "train_batch_size": 4096,
    "val_batch_size": 4096,
    "test_batch_size": 4096,
    "prop_sliding_window": -1.0,
    "worker_number": 2,
    "metric_ks": [
        5,
        10
    ],
    "device": "cuda",
    "num_gpu": 1,
    "optimizer": "Adam",
    "best_metric": "NDCG@10",
    "show_process_bar": false,
    "enable_sample": false,
    "samples_ratio": 0.1,
    "config_file": "config2.movies/narm/config_distill_ensemble_partial.json",
    "task_id": 8,
    "split": "leave_one_out",
    "do_sampling": false,
    "path_for_sample": null,
    "sample_seed": 0,
    "train_negative_sampler_code": "random",
    "train_negative_sample_size": 100,
    "device_idx": "0",
    "momentum": null,
    "log_period_as_iter": 12800,
    "dvae_alpha": 0.5,
    "validation_rate": 0.2,
    "num_items": null,
    "start_index": 1,
    "kwargs": null
}
INFO    [05-05 09:45:52] _load_full_dataset_from_path in utils:
loading cache from /data01/wushiguang-slurm/Codes/soft-rec/Data/Cache/movies-5-5.pkl
INFO    [05-05 09:45:57] _check_dataset_cache in utils:
check if the cache is generated under this configuration
INFO    [05-05 09:45:57] _check_dataset_cache in utils:
correct.
INFO    [05-05 09:45:57] __init__ in NextItemDataloader:
there are 21035 items in this dataset, 82156 users, padding_first? False
DEBUG   [05-05 09:46:20] generate_model in utils:
model_code_list=['narm']
INFO    [05-05 09:46:23] load_model_config in utils:
loading model narm's config file at asset/config/model/narm.json
INFO    [05-05 09:46:25] load_model_config in utils:
{
    "embedding_size": 64,
    "hidden_size": 128,
    "n_layers": 1,
    "dropout_probs": [
        0.25,
        0.5
    ]
}
WARNING [05-05 09:46:35] get_exist_path in utils:
dir ___movies_ep_2022/ep_narm-T-6.0-al-0.5-sr-0.8_05-05_09:45_t8/teacher1_narm_logs does not exist! Create one.
WARNING [05-05 09:46:38] get_exist_path in utils:
dir ___movies_ep_2022/ep_narm-T-6.0-al-0.5-sr-0.8_05-05_09:45_t8/teacher1_narm_logs/tb_vis does not exist! Create one.
WARNING [05-05 09:46:42] get_exist_path in utils:
dir ___movies_ep_2022/ep_narm-T-6.0-al-0.5-sr-0.8_05-05_09:45_t8/teacher1_narm_logs/checkpoint does not exist! Create one.
INFO    [05-05 09:46:49] load_state_from_given_path in utils:
checkpoint epoch: 59
INFO    [05-05 09:46:49] load_state_from_given_path in utils:
Loading model's parameters
INFO    [05-05 09:46:49] load_state_from_given_path in utils:
Loading optimizer's parameters
DEBUG   [05-05 09:46:49] _generate_teacher_trainer in EnsembleDistillSched:
teacher1_narm: 
NARM(
  (item_embedding): Embedding(21036, 64, padding_idx=0)
  (emb_dropout): Dropout(p=0.25, inplace=False)
  (gru): GRU(64, 128, bias=False, batch_first=True)
  (a_1): Linear(in_features=128, out_features=128, bias=False)
  (a_2): Linear(in_features=128, out_features=128, bias=False)
  (v_t): Linear(in_features=128, out_features=1, bias=False)
  (ct_dropout): Dropout(p=0.5, inplace=False)
  (b): Linear(in_features=256, out_features=64, bias=False)
  (loss_fct): CrossEntropyLoss()
)
INFO    [05-05 09:46:49] assert_model_device in utils:
model teacher1_narm has 5.60498046875 MB params.
INFO    [05-05 09:46:49] __init__ in BasicTrainer:
450560 iter per epoch
DEBUG   [05-05 09:46:49] generate_model in utils:
model_code_list=['narm']
INFO    [05-05 09:46:49] load_model_config in utils:
loading model narm's config file at asset/config/model/narm.json
INFO    [05-05 09:46:49] load_model_config in utils:
{
    "embedding_size": 64,
    "hidden_size": 128,
    "n_layers": 1,
    "dropout_probs": [
        0.25,
        0.5
    ]
}
WARNING [05-05 09:46:54] get_exist_path in utils:
dir ___movies_ep_2022/ep_narm-T-6.0-al-0.5-sr-0.8_05-05_09:45_t8/teacher2_narm_logs does not exist! Create one.
WARNING [05-05 09:46:58] get_exist_path in utils:
dir ___movies_ep_2022/ep_narm-T-6.0-al-0.5-sr-0.8_05-05_09:45_t8/teacher2_narm_logs/tb_vis does not exist! Create one.
WARNING [05-05 09:47:08] get_exist_path in utils:
dir ___movies_ep_2022/ep_narm-T-6.0-al-0.5-sr-0.8_05-05_09:45_t8/teacher2_narm_logs/checkpoint does not exist! Create one.
INFO    [05-05 09:47:21] load_state_from_given_path in utils:
checkpoint epoch: 59
INFO    [05-05 09:47:21] load_state_from_given_path in utils:
Loading model's parameters
INFO    [05-05 09:47:21] load_state_from_given_path in utils:
Loading optimizer's parameters
DEBUG   [05-05 09:47:21] _generate_teacher_trainer in EnsembleDistillSched:
teacher2_narm: 
NARM(
  (item_embedding): Embedding(21036, 64, padding_idx=0)
  (emb_dropout): Dropout(p=0.25, inplace=False)
  (gru): GRU(64, 128, bias=False, batch_first=True)
  (a_1): Linear(in_features=128, out_features=128, bias=False)
  (a_2): Linear(in_features=128, out_features=128, bias=False)
  (v_t): Linear(in_features=128, out_features=1, bias=False)
  (ct_dropout): Dropout(p=0.5, inplace=False)
  (b): Linear(in_features=256, out_features=64, bias=False)
  (loss_fct): CrossEntropyLoss()
)
INFO    [05-05 09:47:21] assert_model_device in utils:
model teacher2_narm has 5.60498046875 MB params.
INFO    [05-05 09:47:21] __init__ in BasicTrainer:
450560 iter per epoch
DEBUG   [05-05 09:47:21] generate_model in utils:
model_code_list=['narm']
INFO    [05-05 09:47:21] load_model_config in utils:
loading model narm's config file at asset/config/model/narm.json
INFO    [05-05 09:47:21] load_model_config in utils:
{
    "embedding_size": 64,
    "hidden_size": 128,
    "n_layers": 1,
    "dropout_probs": [
        0.25,
        0.5
    ]
}
WARNING [05-05 09:47:26] get_exist_path in utils:
dir ___movies_ep_2022/ep_narm-T-6.0-al-0.5-sr-0.8_05-05_09:45_t8/student_narm_logs does not exist! Create one.
WARNING [05-05 09:47:27] get_exist_path in utils:
dir ___movies_ep_2022/ep_narm-T-6.0-al-0.5-sr-0.8_05-05_09:45_t8/student_narm_logs/tb_vis does not exist! Create one.
WARNING [05-05 09:47:30] get_exist_path in utils:
dir ___movies_ep_2022/ep_narm-T-6.0-al-0.5-sr-0.8_05-05_09:45_t8/student_narm_logs/checkpoint does not exist! Create one.
WARNING [05-05 09:47:31] get_path in utils:
Path is None
WARNING [05-05 09:47:31] load_state_from_given_path in utils:
Not given any path.
DEBUG   [05-05 09:47:31] _generate_student_trainer in EnsembleDistillSched:
student_narm: 
NARM(
  (item_embedding): Embedding(21036, 64, padding_idx=0)
  (emb_dropout): Dropout(p=0.25, inplace=False)
  (gru): GRU(64, 128, bias=False, batch_first=True)
  (a_1): Linear(in_features=128, out_features=128, bias=False)
  (a_2): Linear(in_features=128, out_features=128, bias=False)
  (v_t): Linear(in_features=128, out_features=1, bias=False)
  (ct_dropout): Dropout(p=0.5, inplace=False)
  (b): Linear(in_features=256, out_features=64, bias=False)
  (loss_fct): CrossEntropyLoss()
)
INFO    [05-05 09:47:31] assert_model_device in utils:
model student_narm has 5.60498046875 MB params.
INFO    [05-05 09:47:31] assert_model_device in utils:
model mix_narm_narm has 0.0 MB params.
INFO    [05-05 09:47:31] assert_model_device in utils:
model mix_narm_narm has no param
INFO    [05-05 09:47:31] __init__ in DistillTrainer:
450560 iter per epoch
INFO    [05-05 09:47:32] _set_current_routine in Routine:
first routine: student
INFO    [05-05 09:47:32] run_routine in Routine:
Start routine student
INFO    [05-05 09:47:32] run_routine in Routine:
Start training
INFO    [05-05 09:47:32] train in DistillTrainer:
Test mentor model: mix_narm_narm
DEBUG   [05-05 09:47:33] forward in Ensembler:
raw predict
DEBUG   [05-05 09:47:33] forward in Ensembler:
[tensor([[9.3106e-06, 7.2230e-05, 3.1330e-05,  ..., 2.4096e-05, 4.2248e-05,
         5.4681e-05],
        [5.7024e-06, 2.0400e-05, 1.7341e-05,  ..., 1.0247e-05, 7.4461e-05,
         6.8380e-05],
        [1.3988e-05, 3.6391e-05, 3.4282e-05,  ..., 8.5619e-06, 3.1197e-05,
         2.1430e-05],
        ...,
        [7.8471e-06, 4.1646e-06, 1.0581e-05,  ..., 4.3045e-06, 6.2326e-05,
         8.0383e-06],
        [9.3923e-06, 1.6506e-04, 2.9919e-05,  ..., 2.4498e-05, 4.9458e-05,
         3.8362e-05],
        [1.4698e-05, 6.1938e-05, 3.9156e-05,  ..., 2.4634e-05, 1.8132e-05,
         6.1979e-05]], device='cuda:0'), tensor([[1.1866e-05, 6.3180e-05, 4.0203e-05,  ..., 2.3709e-05, 4.0503e-05,
         5.9298e-05],
        [8.9230e-06, 2.2649e-05, 1.7785e-05,  ..., 1.6432e-05, 3.2108e-05,
         6.1149e-05],
        [1.4808e-05, 3.5725e-05, 4.4266e-05,  ..., 2.6672e-05, 2.3275e-05,
         3.5226e-05],
        ...,
        [6.6390e-06, 6.9679e-06, 1.7771e-05,  ..., 2.7094e-06, 7.6287e-05,
         2.2879e-05],
        [1.0266e-05, 1.4482e-04, 2.4994e-05,  ..., 5.3472e-05, 3.9806e-05,
         3.7206e-05],
        [2.0389e-05, 4.2412e-05, 9.5488e-05,  ..., 9.3948e-06, 1.0470e-05,
         3.4366e-05]], device='cuda:0')]
DEBUG   [05-05 09:47:33] forward in Ensembler:
raw confidence
DEBUG   [05-05 09:47:33] forward in Ensembler:
[tensor([0.0002, 0.0003, 0.0003,  ..., 0.0015, 0.0003, 0.0003], device='cuda:0'), tensor([0.0002, 0.0003, 0.0003,  ..., 0.0011, 0.0003, 0.0005], device='cuda:0')]
DEBUG   [05-05 09:47:33] forward in Ensembler:
weighted predict
DEBUG   [05-05 09:47:33] forward in Ensembler:
[tensor([[4.6553e-06, 3.6115e-05, 1.5665e-05,  ..., 1.2048e-05, 2.1124e-05,
         2.7340e-05],
        [2.8512e-06, 1.0200e-05, 8.6706e-06,  ..., 5.1235e-06, 3.7231e-05,
         3.4190e-05],
        [6.9938e-06, 1.8196e-05, 1.7141e-05,  ..., 4.2809e-06, 1.5599e-05,
         1.0715e-05],
        ...,
        [3.9236e-06, 2.0823e-06, 5.2906e-06,  ..., 2.1522e-06, 3.1163e-05,
         4.0192e-06],
        [4.6962e-06, 8.2529e-05, 1.4959e-05,  ..., 1.2249e-05, 2.4729e-05,
         1.9181e-05],
        [7.3492e-06, 3.0969e-05, 1.9578e-05,  ..., 1.2317e-05, 9.0659e-06,
         3.0990e-05]], device='cuda:0'), tensor([[5.9330e-06, 3.1590e-05, 2.0102e-05,  ..., 1.1854e-05, 2.0251e-05,
         2.9649e-05],
        [4.4615e-06, 1.1324e-05, 8.8926e-06,  ..., 8.2159e-06, 1.6054e-05,
         3.0575e-05],
        [7.4038e-06, 1.7862e-05, 2.2133e-05,  ..., 1.3336e-05, 1.1638e-05,
         1.7613e-05],
        ...,
        [3.3195e-06, 3.4839e-06, 8.8853e-06,  ..., 1.3547e-06, 3.8144e-05,
         1.1439e-05],
        [5.1329e-06, 7.2411e-05, 1.2497e-05,  ..., 2.6736e-05, 1.9903e-05,
         1.8603e-05],
        [1.0194e-05, 2.1206e-05, 4.7744e-05,  ..., 4.6974e-06, 5.2352e-06,
         1.7183e-05]], device='cuda:0')]
DEBUG   [05-05 09:47:33] forward in Ensembler:
final predict
DEBUG   [05-05 09:47:33] forward in Ensembler:
tensor([[1.0588e-05, 6.7705e-05, 3.5767e-05,  ..., 2.3902e-05, 4.1375e-05,
         5.6989e-05],
        [7.3127e-06, 2.1524e-05, 1.7563e-05,  ..., 1.3339e-05, 5.3284e-05,
         6.4765e-05],
        [1.4398e-05, 3.6058e-05, 3.9274e-05,  ..., 1.7617e-05, 2.7236e-05,
         2.8328e-05],
        ...,
        [7.2431e-06, 5.5662e-06, 1.4176e-05,  ..., 3.5069e-06, 6.9306e-05,
         1.5458e-05],
        [9.8290e-06, 1.5494e-04, 2.7456e-05,  ..., 3.8985e-05, 4.4632e-05,
         3.7784e-05],
        [1.7544e-05, 5.2175e-05, 6.7322e-05,  ..., 1.7014e-05, 1.4301e-05,
         4.8172e-05]], device='cuda:0')
DEBUG   [05-05 09:47:33] forward in Ensembler:
final confidence
DEBUG   [05-05 09:47:33] forward in Ensembler:
tensor([0.0002, 0.0003, 0.0002,  ..., 0.0013, 0.0003, 0.0003], device='cuda:0')
DEBUG   [05-05 09:47:35] forward in Ensembler:
raw predict
DEBUG   [05-05 09:47:35] forward in Ensembler:
[tensor([[1.1349e-05, 5.1674e-05, 4.2074e-05,  ..., 1.8600e-05, 7.0711e-05,
         5.6508e-05],
        [5.3585e-06, 8.9951e-05, 3.2079e-05,  ..., 3.7083e-05, 4.3746e-05,
         3.3194e-05],
        [1.0015e-05, 3.0973e-05, 2.9353e-05,  ..., 2.2322e-05, 4.4907e-05,
         4.7719e-05],
        ...,
        [1.5343e-05, 6.2877e-05, 4.8023e-05,  ..., 4.4033e-05, 2.6497e-05,
         3.9327e-05],
        [6.5396e-06, 3.0978e-05, 1.1898e-05,  ..., 8.5188e-06, 3.3119e-05,
         5.3818e-05],
        [1.0423e-05, 7.2168e-05, 2.0106e-05,  ..., 1.5398e-05, 5.7390e-05,
         4.2165e-05]], device='cuda:0'), tensor([[1.2154e-05, 6.3974e-05, 4.2685e-05,  ..., 2.1355e-05, 6.4582e-05,
         3.6981e-05],
        [1.0398e-05, 9.7281e-05, 2.4128e-05,  ..., 2.6493e-05, 4.1191e-05,
         4.4171e-05],
        [1.3647e-05, 4.5504e-05, 3.1767e-05,  ..., 2.1403e-05, 4.7666e-05,
         4.4538e-05],
        ...,
        [2.1499e-05, 1.0746e-04, 6.8659e-05,  ..., 4.1777e-05, 3.8897e-05,
         3.9665e-05],
        [9.0222e-06, 2.6025e-05, 1.6904e-05,  ..., 1.6001e-05, 3.4252e-05,
         5.5886e-05],
        [1.5832e-05, 1.1566e-04, 3.1424e-05,  ..., 3.3450e-05, 6.3623e-05,
         3.2559e-05]], device='cuda:0')]
DEBUG   [05-05 09:47:35] forward in Ensembler:
raw confidence
DEBUG   [05-05 09:47:35] forward in Ensembler:
[tensor([0.0001, 0.0003, 0.0003,  ..., 0.0002, 0.0002, 0.0002], device='cuda:0'), tensor([0.0002, 0.0004, 0.0002,  ..., 0.0002, 0.0003, 0.0002], device='cuda:0')]
DEBUG   [05-05 09:47:35] forward in Ensembler:
weighted predict
DEBUG   [05-05 09:47:35] forward in Ensembler:
[tensor([[5.6746e-06, 2.5837e-05, 2.1037e-05,  ..., 9.3002e-06, 3.5355e-05,
         2.8254e-05],
        [2.6792e-06, 4.4975e-05, 1.6039e-05,  ..., 1.8542e-05, 2.1873e-05,
         1.6597e-05],
        [5.0074e-06, 1.5487e-05, 1.4676e-05,  ..., 1.1161e-05, 2.2453e-05,
         2.3860e-05],
        ...,
        [7.6717e-06, 3.1439e-05, 2.4011e-05,  ..., 2.2016e-05, 1.3249e-05,
         1.9663e-05],
        [3.2698e-06, 1.5489e-05, 5.9488e-06,  ..., 4.2594e-06, 1.6559e-05,
         2.6909e-05],
        [5.2114e-06, 3.6084e-05, 1.0053e-05,  ..., 7.6989e-06, 2.8695e-05,
         2.1082e-05]], device='cuda:0'), tensor([[6.0772e-06, 3.1987e-05, 2.1343e-05,  ..., 1.0677e-05, 3.2291e-05,
         1.8491e-05],
        [5.1988e-06, 4.8641e-05, 1.2064e-05,  ..., 1.3246e-05, 2.0595e-05,
         2.2085e-05],
        [6.8234e-06, 2.2752e-05, 1.5884e-05,  ..., 1.0701e-05, 2.3833e-05,
         2.2269e-05],
        ...,
        [1.0750e-05, 5.3732e-05, 3.4329e-05,  ..., 2.0889e-05, 1.9449e-05,
         1.9832e-05],
        [4.5111e-06, 1.3012e-05, 8.4522e-06,  ..., 8.0007e-06, 1.7126e-05,
         2.7943e-05],
        [7.9161e-06, 5.7832e-05, 1.5712e-05,  ..., 1.6725e-05, 3.1812e-05,
         1.6280e-05]], device='cuda:0')]
DEBUG   [05-05 09:47:35] forward in Ensembler:
final predict
DEBUG   [05-05 09:47:35] forward in Ensembler:
tensor([[1.1752e-05, 5.7824e-05, 4.2380e-05,  ..., 1.9978e-05, 6.7646e-05,
         4.6745e-05],
        [7.8780e-06, 9.3616e-05, 2.8103e-05,  ..., 3.1788e-05, 4.2468e-05,
         3.8682e-05],
        [1.1831e-05, 3.8239e-05, 3.0560e-05,  ..., 2.1863e-05, 4.6286e-05,
         4.6129e-05],
        ...,
        [1.8421e-05, 8.5170e-05, 5.8341e-05,  ..., 4.2905e-05, 3.2697e-05,
         3.9496e-05],
        [7.7809e-06, 2.8501e-05, 1.4401e-05,  ..., 1.2260e-05, 3.3685e-05,
         5.4852e-05],
        [1.3128e-05, 9.3916e-05, 2.5765e-05,  ..., 2.4424e-05, 6.0507e-05,
         3.7362e-05]], device='cuda:0')
DEBUG   [05-05 09:47:35] forward in Ensembler:
final confidence
DEBUG   [05-05 09:47:35] forward in Ensembler:
tensor([0.0001, 0.0003, 0.0002,  ..., 0.0002, 0.0002, 0.0002], device='cuda:0')
DEBUG   [05-05 09:47:37] forward in Ensembler:
raw predict
DEBUG   [05-05 09:47:37] forward in Ensembler:
[tensor([[9.4918e-06, 4.2931e-05, 1.4927e-05,  ..., 2.3100e-05, 4.5601e-05,
         4.8157e-05],
        [4.7371e-06, 3.7248e-05, 4.8911e-06,  ..., 2.5543e-06, 4.4286e-05,
         5.4684e-05],
        [1.3005e-05, 4.3002e-05, 3.2896e-05,  ..., 2.6726e-05, 7.8086e-05,
         5.5807e-05],
        ...,
        [9.3483e-06, 5.8543e-05, 2.9844e-05,  ..., 6.4241e-05, 2.2375e-05,
         6.3817e-05],
        [1.0857e-05, 7.6823e-05, 3.3826e-05,  ..., 3.9117e-05, 4.2334e-05,
         4.3183e-05],
        [1.0522e-05, 2.8076e-05, 1.7827e-05,  ..., 1.9512e-05, 3.9891e-05,
         6.8832e-05]], device='cuda:0'), tensor([[1.2649e-05, 3.3745e-05, 1.2769e-05,  ..., 2.3851e-05, 2.6864e-05,
         4.9471e-05],
        [3.6749e-06, 2.8159e-05, 3.4155e-06,  ..., 7.4241e-06, 2.7082e-05,
         3.2772e-05],
        [1.0059e-05, 5.3627e-05, 3.6944e-05,  ..., 3.7224e-05, 6.0004e-05,
         4.3867e-05],
        ...,
        [9.1132e-06, 5.5457e-05, 3.5875e-05,  ..., 7.0994e-05, 2.2306e-05,
         5.1241e-05],
        [1.1716e-05, 5.7357e-05, 2.5567e-05,  ..., 5.7745e-05, 3.2099e-05,
         4.9607e-05],
        [1.1903e-05, 2.4338e-05, 1.6797e-05,  ..., 2.5778e-05, 3.8970e-05,
         8.3554e-05]], device='cuda:0')]
DEBUG   [05-05 09:47:37] forward in Ensembler:
raw confidence
DEBUG   [05-05 09:47:37] forward in Ensembler:
[tensor([0.0002, 0.0004, 0.0002,  ..., 0.0003, 0.0002, 0.0002], device='cuda:0'), tensor([0.0003, 0.0004, 0.0001,  ..., 0.0002, 0.0001, 0.0002], device='cuda:0')]
DEBUG   [05-05 09:47:37] forward in Ensembler:
weighted predict
DEBUG   [05-05 09:47:37] forward in Ensembler:
[tensor([[4.7459e-06, 2.1466e-05, 7.4634e-06,  ..., 1.1550e-05, 2.2800e-05,
         2.4078e-05],
        [2.3686e-06, 1.8624e-05, 2.4455e-06,  ..., 1.2771e-06, 2.2143e-05,
         2.7342e-05],
        [6.5026e-06, 2.1501e-05, 1.6448e-05,  ..., 1.3363e-05, 3.9043e-05,
         2.7904e-05],
        ...,
        [4.6742e-06, 2.9271e-05, 1.4922e-05,  ..., 3.2120e-05, 1.1187e-05,
         3.1909e-05],
        [5.4283e-06, 3.8411e-05, 1.6913e-05,  ..., 1.9559e-05, 2.1167e-05,
         2.1592e-05],
        [5.2609e-06, 1.4038e-05, 8.9136e-06,  ..., 9.7559e-06, 1.9946e-05,
         3.4416e-05]], device='cuda:0'), tensor([[6.3245e-06, 1.6872e-05, 6.3844e-06,  ..., 1.1926e-05, 1.3432e-05,
         2.4736e-05],
        [1.8375e-06, 1.4079e-05, 1.7077e-06,  ..., 3.7120e-06, 1.3541e-05,
         1.6386e-05],
        [5.0294e-06, 2.6813e-05, 1.8472e-05,  ..., 1.8612e-05, 3.0002e-05,
         2.1934e-05],
        ...,
        [4.5566e-06, 2.7729e-05, 1.7937e-05,  ..., 3.5497e-05, 1.1153e-05,
         2.5620e-05],
        [5.8582e-06, 2.8679e-05, 1.2784e-05,  ..., 2.8872e-05, 1.6049e-05,
         2.4804e-05],
        [5.9514e-06, 1.2169e-05, 8.3986e-06,  ..., 1.2889e-05, 1.9485e-05,
         4.1777e-05]], device='cuda:0')]
DEBUG   [05-05 09:47:37] forward in Ensembler:
final predict
DEBUG   [05-05 09:47:37] forward in Ensembler:
tensor([[1.1070e-05, 3.8338e-05, 1.3848e-05,  ..., 2.3475e-05, 3.6232e-05,
         4.8814e-05],
        [4.2060e-06, 3.2703e-05, 4.1533e-06,  ..., 4.9892e-06, 3.5684e-05,
         4.3728e-05],
        [1.1532e-05, 4.8314e-05, 3.4920e-05,  ..., 3.1975e-05, 6.9045e-05,
         4.9837e-05],
        ...,
        [9.2308e-06, 5.7000e-05, 3.2859e-05,  ..., 6.7618e-05, 2.2340e-05,
         5.7529e-05],
        [1.1286e-05, 6.7090e-05, 2.9697e-05,  ..., 4.8431e-05, 3.7216e-05,
         4.6395e-05],
        [1.1212e-05, 2.6207e-05, 1.7312e-05,  ..., 2.2645e-05, 3.9430e-05,
         7.6193e-05]], device='cuda:0')
DEBUG   [05-05 09:47:37] forward in Ensembler:
final confidence
DEBUG   [05-05 09:47:37] forward in Ensembler:
tensor([0.0002, 0.0004, 0.0001,  ..., 0.0003, 0.0001, 0.0002], device='cuda:0')
DEBUG   [05-05 09:47:39] forward in Ensembler:
raw predict
DEBUG   [05-05 09:47:39] forward in Ensembler:
[tensor([[1.4630e-05, 4.3143e-05, 4.3761e-05,  ..., 5.4003e-05, 2.0347e-05,
         5.1647e-05],
        [1.3346e-05, 1.1254e-04, 7.0748e-05,  ..., 4.8857e-05, 7.4499e-05,
         3.3602e-05],
        [5.5242e-06, 1.5729e-05, 9.0463e-06,  ..., 6.0102e-06, 2.4530e-05,
         6.1913e-05],
        ...,
        [1.1595e-05, 2.8181e-05, 1.3480e-05,  ..., 1.6537e-05, 2.2508e-05,
         3.8848e-05],
        [7.6946e-06, 8.3943e-06, 1.9156e-05,  ..., 2.0448e-05, 1.8698e-05,
         8.0387e-05],
        [1.8975e-05, 5.3881e-05, 5.4152e-05,  ..., 4.0434e-05, 2.4808e-05,
         4.8499e-05]], device='cuda:0'), tensor([[1.8056e-05, 7.2493e-05, 3.7021e-05,  ..., 3.6751e-05, 4.9280e-05,
         4.8494e-05],
        [1.4733e-05, 1.2531e-04, 4.7252e-05,  ..., 7.6108e-05, 7.9811e-05,
         5.0678e-05],
        [9.1495e-06, 8.2659e-06, 1.0275e-05,  ..., 8.0941e-06, 2.7456e-05,
         8.5678e-05],
        ...,
        [1.1232e-05, 3.4606e-05, 1.0739e-05,  ..., 1.9744e-05, 2.0159e-05,
         4.6542e-05],
        [1.1633e-05, 1.5255e-05, 2.1953e-05,  ..., 3.1283e-05, 2.7125e-05,
         8.6533e-05],
        [1.4615e-05, 7.2951e-05, 3.3316e-05,  ..., 1.5121e-04, 8.6410e-06,
         3.1736e-05]], device='cuda:0')]
DEBUG   [05-05 09:47:39] forward in Ensembler:
raw confidence
DEBUG   [05-05 09:47:39] forward in Ensembler:
[tensor([0.0004, 0.0002, 0.0004,  ..., 0.0002, 0.0003, 0.0003], device='cuda:0'), tensor([0.0004, 0.0002, 0.0004,  ..., 0.0002, 0.0002, 0.0005], device='cuda:0')]
DEBUG   [05-05 09:47:39] forward in Ensembler:
weighted predict
DEBUG   [05-05 09:47:39] forward in Ensembler:
[tensor([[7.3148e-06, 2.1571e-05, 2.1881e-05,  ..., 2.7001e-05, 1.0174e-05,
         2.5823e-05],
        [6.6732e-06, 5.6272e-05, 3.5374e-05,  ..., 2.4429e-05, 3.7250e-05,
         1.6801e-05],
        [2.7621e-06, 7.8645e-06, 4.5231e-06,  ..., 3.0051e-06, 1.2265e-05,
         3.0957e-05],
        ...,
        [5.7974e-06, 1.4091e-05, 6.7401e-06,  ..., 8.2686e-06, 1.1254e-05,
         1.9424e-05],
        [3.8473e-06, 4.1972e-06, 9.5780e-06,  ..., 1.0224e-05, 9.3489e-06,
         4.0194e-05],
        [9.4877e-06, 2.6941e-05, 2.7076e-05,  ..., 2.0217e-05, 1.2404e-05,
         2.4249e-05]], device='cuda:0'), tensor([[9.0282e-06, 3.6246e-05, 1.8511e-05,  ..., 1.8376e-05, 2.4640e-05,
         2.4247e-05],
        [7.3665e-06, 6.2656e-05, 2.3626e-05,  ..., 3.8054e-05, 3.9905e-05,
         2.5339e-05],
        [4.5747e-06, 4.1329e-06, 5.1377e-06,  ..., 4.0471e-06, 1.3728e-05,
         4.2839e-05],
        ...,
        [5.6158e-06, 1.7303e-05, 5.3697e-06,  ..., 9.8719e-06, 1.0079e-05,
         2.3271e-05],
        [5.8166e-06, 7.6275e-06, 1.0976e-05,  ..., 1.5642e-05, 1.3562e-05,
         4.3267e-05],
        [7.3074e-06, 3.6475e-05, 1.6658e-05,  ..., 7.5607e-05, 4.3205e-06,
         1.5868e-05]], device='cuda:0')]
DEBUG   [05-05 09:47:39] forward in Ensembler:
final predict
DEBUG   [05-05 09:47:39] forward in Ensembler:
tensor([[1.6343e-05, 5.7818e-05, 4.0391e-05,  ..., 4.5377e-05, 3.4814e-05,
         5.0071e-05],
        [1.4040e-05, 1.1893e-04, 5.9000e-05,  ..., 6.2482e-05, 7.7155e-05,
         4.2140e-05],
        [7.3368e-06, 1.1997e-05, 9.6608e-06,  ..., 7.0521e-06, 2.5993e-05,
         7.3796e-05],
        ...,
        [1.1413e-05, 3.1393e-05, 1.2110e-05,  ..., 1.8140e-05, 2.1334e-05,
         4.2695e-05],
        [9.6639e-06, 1.1825e-05, 2.0554e-05,  ..., 2.5866e-05, 2.2911e-05,
         8.3460e-05],
        [1.6795e-05, 6.3416e-05, 4.3734e-05,  ..., 9.5824e-05, 1.6724e-05,
         4.0117e-05]], device='cuda:0')
DEBUG   [05-05 09:47:39] forward in Ensembler:
final confidence
DEBUG   [05-05 09:47:39] forward in Ensembler:
tensor([0.0004, 0.0002, 0.0004,  ..., 0.0002, 0.0003, 0.0004], device='cuda:0')
DEBUG   [05-05 09:47:40] forward in Ensembler:
raw predict
DEBUG   [05-05 09:47:40] forward in Ensembler:
[tensor([[1.1148e-05, 1.8243e-05, 1.3812e-05,  ..., 5.6012e-06, 2.1939e-05,
         4.2492e-05],
        [1.1385e-05, 3.0097e-05, 1.6390e-05,  ..., 1.9237e-05, 5.5337e-05,
         8.5577e-05],
        [1.8926e-05, 3.5263e-05, 2.9778e-05,  ..., 1.9280e-05, 3.5226e-05,
         4.4899e-05],
        ...,
        [6.8451e-06, 6.9515e-05, 3.4840e-05,  ..., 4.5615e-05, 5.3188e-05,
         4.6982e-05],
        [7.2617e-06, 5.8013e-05, 3.1763e-05,  ..., 4.7018e-05, 4.3000e-05,
         5.0636e-05],
        [9.6887e-06, 1.6214e-05, 1.8236e-05,  ..., 2.4276e-05, 3.5641e-05,
         8.2090e-05]], device='cuda:0'), tensor([[9.4685e-06, 2.7146e-05, 2.0063e-05,  ..., 1.1055e-05, 2.0273e-05,
         6.9344e-05],
        [1.3541e-05, 2.2359e-05, 2.2126e-05,  ..., 3.3545e-05, 4.8813e-05,
         6.8187e-05],
        [2.0018e-05, 3.6304e-05, 1.7051e-05,  ..., 1.1211e-05, 7.1994e-05,
         4.9115e-05],
        ...,
        [8.1669e-06, 3.9196e-05, 3.6151e-05,  ..., 5.7373e-05, 5.0693e-05,
         7.6174e-05],
        [7.7843e-06, 3.4545e-05, 3.5121e-05,  ..., 6.3077e-05, 3.7370e-05,
         7.8874e-05],
        [1.0318e-05, 1.7954e-05, 2.2709e-05,  ..., 2.7551e-05, 3.7842e-05,
         8.7593e-05]], device='cuda:0')]
DEBUG   [05-05 09:47:41] forward in Ensembler:
raw confidence
DEBUG   [05-05 09:47:41] forward in Ensembler:
[tensor([0.0003, 0.0002, 0.0004,  ..., 0.0002, 0.0002, 0.0003], device='cuda:0'), tensor([0.0002, 0.0001, 0.0006,  ..., 0.0002, 0.0003, 0.0003], device='cuda:0')]
DEBUG   [05-05 09:47:41] forward in Ensembler:
weighted predict
DEBUG   [05-05 09:47:41] forward in Ensembler:
[tensor([[5.5741e-06, 9.1217e-06, 6.9060e-06,  ..., 2.8006e-06, 1.0970e-05,
         2.1246e-05],
        [5.6925e-06, 1.5048e-05, 8.1950e-06,  ..., 9.6186e-06, 2.7669e-05,
         4.2789e-05],
        [9.4630e-06, 1.7632e-05, 1.4889e-05,  ..., 9.6400e-06, 1.7613e-05,
         2.2449e-05],
        ...,
        [3.4225e-06, 3.4757e-05, 1.7420e-05,  ..., 2.2808e-05, 2.6594e-05,
         2.3491e-05],
        [3.6309e-06, 2.9007e-05, 1.5882e-05,  ..., 2.3509e-05, 2.1500e-05,
         2.5318e-05],
        [4.8443e-06, 8.1071e-06, 9.1182e-06,  ..., 1.2138e-05, 1.7821e-05,
         4.1045e-05]], device='cuda:0'), tensor([[4.7342e-06, 1.3573e-05, 1.0032e-05,  ..., 5.5273e-06, 1.0137e-05,
         3.4672e-05],
        [6.7705e-06, 1.1179e-05, 1.1063e-05,  ..., 1.6773e-05, 2.4406e-05,
         3.4093e-05],
        [1.0009e-05, 1.8152e-05, 8.5253e-06,  ..., 5.6057e-06, 3.5997e-05,
         2.4558e-05],
        ...,
        [4.0834e-06, 1.9598e-05, 1.8075e-05,  ..., 2.8687e-05, 2.5347e-05,
         3.8087e-05],
        [3.8922e-06, 1.7273e-05, 1.7560e-05,  ..., 3.1539e-05, 1.8685e-05,
         3.9437e-05],
        [5.1590e-06, 8.9768e-06, 1.1354e-05,  ..., 1.3776e-05, 1.8921e-05,
         4.3797e-05]], device='cuda:0')]
DEBUG   [05-05 09:47:41] forward in Ensembler:
final predict
DEBUG   [05-05 09:47:41] forward in Ensembler:
tensor([[1.0308e-05, 2.2695e-05, 1.6938e-05,  ..., 8.3279e-06, 2.1106e-05,
         5.5918e-05],
        [1.2463e-05, 2.6228e-05, 1.9258e-05,  ..., 2.6391e-05, 5.2075e-05,
         7.6882e-05],
        [1.9472e-05, 3.5784e-05, 2.3414e-05,  ..., 1.5246e-05, 5.3610e-05,
         4.7007e-05],
        ...,
        [7.5060e-06, 5.4355e-05, 3.5495e-05,  ..., 5.1494e-05, 5.1941e-05,
         6.1578e-05],
        [7.5230e-06, 4.6279e-05, 3.3442e-05,  ..., 5.5048e-05, 4.0185e-05,
         6.4755e-05],
        [1.0003e-05, 1.7084e-05, 2.0473e-05,  ..., 2.5914e-05, 3.6742e-05,
         8.4842e-05]], device='cuda:0')
DEBUG   [05-05 09:47:41] forward in Ensembler:
final confidence
DEBUG   [05-05 09:47:41] forward in Ensembler:
tensor([0.0002, 0.0001, 0.0004,  ..., 0.0002, 0.0003, 0.0003], device='cuda:0')
