INFO    [02-27 14:32:56] setup_train in utils:
{
    "experiment_dir": "___lfms_base_partial_2022",
    "experiment_description": "base",
    "describe": "{config[model_code]}-rate-{config[sample_rate]}-seed-{config[sample_seed]}",
    "dataset_name": "lastfm_small.csv",
    "sched": "basic",
    "model_code": "nextitnet",
    "num_epochs": 50,
    "mode": [
        "train",
        "test"
    ],
    "max_len": 20,
    "test_state_path": null,
    "model_state_path": null,
    "do_sampling": true,
    "path_for_sample": "Data/Cache/lastfm_small-5-5.pkl",
    "sample_rate": 0.5,
    "sample_seed": 2000,
    "rand_seed": 2022,
    "load_processed_dataset": true,
    "save_processed_dataset": false,
    "dataset_cache_filename": null,
    "weight_decay": 0,
    "decay_step": 15,
    "gamma": 0.99,
    "lr": 0.001,
    "min_length": 5,
    "min_item_inter": 5,
    "good_only": false,
    "use_rating": true,
    "test_negative_sampler_code": "random",
    "test_negative_sample_size": 0,
    "dataloader_type": "next",
    "train_batch_size": 64,
    "val_batch_size": 64,
    "test_batch_size": 64,
    "prop_sliding_window": -1.0,
    "worker_number": 2,
    "metric_ks": [
        5,
        10
    ],
    "device": "cuda",
    "num_gpu": 1,
    "optimizer": "Adam",
    "best_metric": "NDCG@10",
    "show_process_bar": false,
    "config_file": "config2.lastfm_small/nextitnet/config_partial.json",
    "task_id": 3,
    "split": "leave_one_out",
    "do_remap": true,
    "train_negative_sampler_code": "random",
    "train_negative_sample_size": 100,
    "device_idx": "0",
    "momentum": null,
    "log_period_as_iter": 12800,
    "mentor_code": "bert",
    "training_routine": null,
    "T": 1,
    "alpha": 0.1,
    "dvae_alpha": 0.5,
    "softmaxed_mentor": false,
    "weight_list": [
        0.5,
        0.5
    ],
    "validation_rate": 0.2,
    "num_items": null,
    "start_index": 1,
    "kwargs": null
}
DEBUG   [02-27 14:32:56] __init__ in BasicSched:
BasicScheduler attribs: tag=nextitnet
INFO    [02-27 14:32:56] _load_sampled_dataset_from_path in utils:
loading sampled dataset from /data/wushiguang-slurm/code/gitee-repos/soft-rec/Data/Cache/sampled_lastfm_small-5-5-rate-0.5-seed-2000.pkl
INFO    [02-27 14:32:57] _check_dataset_cache in utils:
check if the cache is generated under this configuration
INFO    [02-27 14:32:57] _check_dataset_cache in utils:
correct.
INFO    [02-27 14:32:57] __init__ in NextItemDataloader:
there are 3646 items in this dataset, 1586 users, padding_first? True
DEBUG   [02-27 14:32:57] generate_model in utils:
model_code_list=['nextitnet']
INFO    [02-27 14:32:57] load_model_config in utils:
loading model nextitnet's config file at asset/config/model/nextitnet.json
INFO    [02-27 14:32:57] load_model_config in utils:
{
    "embedding_size": 64,
    "kernel_size": 3,
    "block_num": 5,
    "dilations": [
        1
    ],
    "reg_weight": 5e-06,
    "loss_type": "CE"
}
WARNING [02-27 14:33:18] get_exist_path in utils:
dir ___lfms_base_partial_2022/base_nextitnet-rate-0.5-seed-2000_02-27_14:32_t3/nextitnet_logs does not exist! Create one.
WARNING [02-27 14:33:18] get_exist_path in utils:
dir ___lfms_base_partial_2022/base_nextitnet-rate-0.5-seed-2000_02-27_14:32_t3/nextitnet_logs/tb_vis does not exist! Create one.
WARNING [02-27 14:33:18] get_exist_path in utils:
dir ___lfms_base_partial_2022/base_nextitnet-rate-0.5-seed-2000_02-27_14:32_t3/nextitnet_logs/checkpoint does not exist! Create one.
INFO    [02-27 14:33:18] __init__ in BasicSched:
NextItNet(
  (item_embedding): Embedding(3647, 64, padding_idx=0)
  (residual_blocks): Sequential(
    (0): ResidualBlock_b(
      (conv1): Conv2d(64, 64, kernel_size=(1, 3), stride=(1, 1))
      (ln1): LayerNorm((64,), eps=1e-08, elementwise_affine=True)
      (conv2): Conv2d(64, 64, kernel_size=(1, 3), stride=(1, 1), dilation=(2, 2))
      (ln2): LayerNorm((64,), eps=1e-08, elementwise_affine=True)
    )
    (1): ResidualBlock_b(
      (conv1): Conv2d(64, 64, kernel_size=(1, 3), stride=(1, 1))
      (ln1): LayerNorm((64,), eps=1e-08, elementwise_affine=True)
      (conv2): Conv2d(64, 64, kernel_size=(1, 3), stride=(1, 1), dilation=(2, 2))
      (ln2): LayerNorm((64,), eps=1e-08, elementwise_affine=True)
    )
    (2): ResidualBlock_b(
      (conv1): Conv2d(64, 64, kernel_size=(1, 3), stride=(1, 1))
      (ln1): LayerNorm((64,), eps=1e-08, elementwise_affine=True)
      (conv2): Conv2d(64, 64, kernel_size=(1, 3), stride=(1, 1), dilation=(2, 2))
      (ln2): LayerNorm((64,), eps=1e-08, elementwise_affine=True)
    )
    (3): ResidualBlock_b(
      (conv1): Conv2d(64, 64, kernel_size=(1, 3), stride=(1, 1))
      (ln1): LayerNorm((64,), eps=1e-08, elementwise_affine=True)
      (conv2): Conv2d(64, 64, kernel_size=(1, 3), stride=(1, 1), dilation=(2, 2))
      (ln2): LayerNorm((64,), eps=1e-08, elementwise_affine=True)
    )
    (4): ResidualBlock_b(
      (conv1): Conv2d(64, 64, kernel_size=(1, 3), stride=(1, 1))
      (ln1): LayerNorm((64,), eps=1e-08, elementwise_affine=True)
      (conv2): Conv2d(64, 64, kernel_size=(1, 3), stride=(1, 1), dilation=(2, 2))
      (ln2): LayerNorm((64,), eps=1e-08, elementwise_affine=True)
    )
  )
  (final_layer): Linear(in_features=64, out_features=64, bias=True)
  (loss_fct): CrossEntropyLoss()
  (reg_loss): RegLoss()
)
WARNING [02-27 14:33:18] get_path in utils:
Path is None
WARNING [02-27 14:33:18] load_state_from_given_path in utils:
Not given any path.
INFO    [02-27 14:33:18] assert_model_device in utils:
model nextitnet has 1.38232421875 MB params.
INFO    [02-27 14:33:18] __init__ in BasicTrainer:
23872 iter per epoch
INFO    [02-27 14:33:18] _fit in BasicSched:
Start training.
INFO    [02-27 14:33:23] log in loggers:
Update Best NDCG@10 Model at 0
INFO    [02-27 14:33:24] validate in BasicTrainer:
{'Recall@10': 0.004549999982118607, 'NDCG@10': 0.0015367801301181317, 'MRR@10': 0.0006782242050394415, 'Recall@5': 0.000625, 'NDCG@5': 0.00026917286217212675, 'MRR@5': 0.00015625, 'Recall*@10': 0.004549999982118607, 'NDCG*@10': 0.0015367801301181317, 'MRR*@10': 0.0006782242050394415, 'Recall*@5': 0.000625, 'NDCG*@5': 0.00026917286217212675, 'MRR*@5': 0.00015625}
INFO    [02-27 14:33:24] train in BasicTrainer:
epoch: 0
INFO    [02-27 14:33:35] _train_one_epoch in BasicTrainer:
loss = 7.787554784370811
INFO    [02-27 14:33:37] log in loggers:
Update Best NDCG@10 Model at 0
INFO    [02-27 14:33:37] validate in BasicTrainer:
{'Recall@10': 0.02739999994635582, 'NDCG@10': 0.01203785128891468, 'MRR@10': 0.007458035675808787, 'Recall@5': 0.013924999982118607, 'NDCG@5': 0.007785972245037556, 'MRR@5': 0.00576666671782732, 'Recall*@10': 0.02739999994635582, 'NDCG*@10': 0.01203785128891468, 'MRR*@10': 0.007458035675808787, 'Recall*@5': 0.013924999982118607, 'NDCG*@5': 0.007785972245037556, 'MRR*@5': 0.00576666671782732}
INFO    [02-27 14:33:37] train in BasicTrainer:
duration: 13.767524242401123s
INFO    [02-27 14:33:37] train in BasicTrainer:
epoch: 1
INFO    [02-27 14:33:49] _train_one_epoch in BasicTrainer:
loss = 7.296549431440338
INFO    [02-27 14:33:51] log in loggers:
Update Best NDCG@10 Model at 1
INFO    [02-27 14:33:51] validate in BasicTrainer:
{'Recall@10': 0.04552499994635582, 'NDCG@10': 0.02155705563724041, 'MRR@10': 0.01432776814326644, 'Recall@5': 0.02625, 'NDCG@5': 0.015295465849339962, 'MRR@5': 0.0117291668523103, 'Recall*@10': 0.04552499994635582, 'NDCG*@10': 0.02155705563724041, 'MRR*@10': 0.01432776814326644, 'Recall*@5': 0.02625, 'NDCG*@5': 0.015295465849339962, 'MRR*@5': 0.0117291668523103}
INFO    [02-27 14:33:51] train in BasicTrainer:
duration: 13.53945016860962s
INFO    [02-27 14:33:51] train in BasicTrainer:
epoch: 2
INFO    [02-27 14:34:02] _train_one_epoch in BasicTrainer:
loss = 6.961179134992748
INFO    [02-27 14:34:04] log in loggers:
Update Best NDCG@10 Model at 2
INFO    [02-27 14:34:04] validate in BasicTrainer:
{'Recall@10': 0.05159999996423721, 'NDCG@10': 0.026540431194007397, 'MRR@10': 0.018892659125849604, 'Recall@5': 0.03409999996423721, 'NDCG@5': 0.020977056547999383, 'MRR@5': 0.01665208368562162, 'Recall*@10': 0.05159999996423721, 'NDCG*@10': 0.026540431194007397, 'MRR*@10': 0.018892659125849604, 'Recall*@5': 0.03409999996423721, 'NDCG*@5': 0.020977056547999383, 'MRR*@5': 0.01665208368562162}
INFO    [02-27 14:34:04] train in BasicTrainer:
duration: 13.528203248977661s
INFO    [02-27 14:34:04] train in BasicTrainer:
epoch: 3
INFO    [02-27 14:34:16] _train_one_epoch in BasicTrainer:
loss = 6.65963399314369
INFO    [02-27 14:34:18] log in loggers:
Update Best NDCG@10 Model at 3
INFO    [02-27 14:34:18] validate in BasicTrainer:
{'Recall@10': 0.06364999994635583, 'NDCG@10': 0.03335311520844698, 'MRR@10': 0.024362103510648013, 'Recall@5': 0.03722499996423721, 'NDCG@5': 0.025000318102538586, 'MRR@5': 0.021022917032241822, 'Recall*@10': 0.06364999994635583, 'NDCG*@10': 0.03335311520844698, 'MRR*@10': 0.024362103510648013, 'Recall*@5': 0.03722499996423721, 'NDCG*@5': 0.025000318102538586, 'MRR*@5': 0.021022917032241822}
INFO    [02-27 14:34:18] train in BasicTrainer:
duration: 13.524041652679443s
INFO    [02-27 14:34:18] train in BasicTrainer:
epoch: 4
INFO    [02-27 14:34:29] _train_one_epoch in BasicTrainer:
loss = 6.299430550582927
INFO    [02-27 14:34:31] validate in BasicTrainer:
{'Recall@10': 0.06382499992847443, 'NDCG@10': 0.03131412217393517, 'MRR@10': 0.021598859168589116, 'Recall@5': 0.03802499994635582, 'NDCG@5': 0.02307481050491333, 'MRR@5': 0.018260416742414236, 'Recall*@10': 0.06382499992847443, 'NDCG*@10': 0.03131412217393517, 'MRR*@10': 0.021598859168589116, 'Recall*@5': 0.03802499994635582, 'NDCG*@5': 0.02307481050491333, 'MRR*@5': 0.018260416742414236}
INFO    [02-27 14:34:31] train in BasicTrainer:
duration: 13.458393812179565s
INFO    [02-27 14:34:31] train in BasicTrainer:
epoch: 5
INFO    [02-27 14:34:43] _train_one_epoch in BasicTrainer:
loss = 5.900165340536081
INFO    [02-27 14:34:45] log in loggers:
Update Best NDCG@10 Model at 5
INFO    [02-27 14:34:45] validate in BasicTrainer:
{'Recall@10': 0.08204999998211861, 'NDCG@10': 0.038400962259620426, 'MRR@10': 0.025365625442937016, 'Recall@5': 0.043125, 'NDCG@5': 0.02592227216809988, 'MRR@5': 0.02028125062584877, 'Recall*@10': 0.08204999998211861, 'NDCG*@10': 0.038400962259620426, 'MRR*@10': 0.025365625442937016, 'Recall*@5': 0.043125, 'NDCG*@5': 0.02592227216809988, 'MRR*@5': 0.02028125062584877}
INFO    [02-27 14:34:45] train in BasicTrainer:
duration: 13.479469060897827s
INFO    [02-27 14:34:45] train in BasicTrainer:
epoch: 6
INFO    [02-27 14:34:56] _train_one_epoch in BasicTrainer:
loss = 5.474997852826566
INFO    [02-27 14:34:58] validate in BasicTrainer:
{'Recall@10': 0.07507499992847443, 'NDCG@10': 0.03549008226022124, 'MRR@10': 0.023706538234837354, 'Recall@5': 0.04222499996423721, 'NDCG@5': 0.025006947554647923, 'MRR@5': 0.019460417181253433, 'Recall*@10': 0.07507499992847443, 'NDCG*@10': 0.03549008226022124, 'MRR*@10': 0.023706538234837354, 'Recall*@5': 0.04222499996423721, 'NDCG*@5': 0.025006947554647923, 'MRR*@5': 0.019460417181253433}
INFO    [02-27 14:34:58] train in BasicTrainer:
duration: 13.363409519195557s
INFO    [02-27 14:34:58] train in BasicTrainer:
epoch: 7
INFO    [02-27 14:35:10] _train_one_epoch in BasicTrainer:
loss = 5.031481938451608
INFO    [02-27 14:35:12] log in loggers:
Update Best NDCG@10 Model at 7
INFO    [02-27 14:35:12] validate in BasicTrainer:
{'Recall@10': 0.08837499976158142, 'NDCG@10': 0.045821617171168325, 'MRR@10': 0.032997629083693025, 'Recall@5': 0.05382499992847443, 'NDCG@5': 0.03466268341988325, 'MRR@5': 0.02840125059708953, 'Recall*@10': 0.08837499976158142, 'NDCG*@10': 0.045821617171168325, 'MRR*@10': 0.032997629083693025, 'Recall*@5': 0.05382499992847443, 'NDCG*@5': 0.03466268341988325, 'MRR*@5': 0.02840125059708953}
INFO    [02-27 14:35:12] train in BasicTrainer:
duration: 13.381901979446411s
INFO    [02-27 14:35:12] train in BasicTrainer:
epoch: 8
INFO    [02-27 14:35:23] _train_one_epoch in BasicTrainer:
loss = 4.577038724684524
INFO    [02-27 14:35:25] log in loggers:
Update Best NDCG@10 Model at 8
INFO    [02-27 14:35:25] validate in BasicTrainer:
{'Recall@10': 0.09149999976158142, 'NDCG@10': 0.046950852535665034, 'MRR@10': 0.03339462355710566, 'Recall@5': 0.06132499992847443, 'NDCG@5': 0.03721617083996534, 'MRR@5': 0.02939125059172511, 'Recall*@10': 0.09149999976158142, 'NDCG*@10': 0.046950852535665034, 'MRR*@10': 0.03339462355710566, 'Recall*@5': 0.06132499992847443, 'NDCG*@5': 0.03721617083996534, 'MRR*@5': 0.02939125059172511}
INFO    [02-27 14:35:25] train in BasicTrainer:
duration: 13.569422960281372s
INFO    [02-27 14:35:25] train in BasicTrainer:
epoch: 9
INFO    [02-27 14:35:37] _train_one_epoch in BasicTrainer:
loss = 4.106665002117208
INFO    [02-27 14:35:38] log in loggers:
Update Best NDCG@10 Model at 9
INFO    [02-27 14:35:39] validate in BasicTrainer:
{'Recall@10': 0.09399999976158142, 'NDCG@10': 0.05235947318375111, 'MRR@10': 0.03977470271289349, 'Recall@5': 0.06052499994635582, 'NDCG@5': 0.041680667661130426, 'MRR@5': 0.035454167146235706, 'Recall*@10': 0.09399999976158142, 'NDCG*@10': 0.05235947318375111, 'MRR*@10': 0.03977470271289349, 'Recall*@5': 0.06052499994635582, 'NDCG*@5': 0.041680667661130426, 'MRR*@5': 0.035454167146235706}
INFO    [02-27 14:35:39] train in BasicTrainer:
duration: 13.399935245513916s
INFO    [02-27 14:35:39] train in BasicTrainer:
epoch: 10
INFO    [02-27 14:35:50] _train_one_epoch in BasicTrainer:
loss = 3.663706751355537
INFO    [02-27 14:35:52] log in loggers:
Update Best NDCG@10 Model at 10
INFO    [02-27 14:35:52] validate in BasicTrainer:
{'Recall@10': 0.09274999976158142, 'NDCG@10': 0.054766688346862796, 'MRR@10': 0.04328013902530074, 'Recall@5': 0.06194999992847443, 'NDCG@5': 0.04483900167047977, 'MRR@5': 0.039199583884328607, 'Recall*@10': 0.09274999976158142, 'NDCG*@10': 0.054766688346862796, 'MRR*@10': 0.04328013902530074, 'Recall*@5': 0.06194999992847443, 'NDCG*@5': 0.04483900167047977, 'MRR*@5': 0.039199583884328607}
INFO    [02-27 14:35:52] train in BasicTrainer:
duration: 13.582290410995483s
INFO    [02-27 14:35:52] train in BasicTrainer:
epoch: 11
INFO    [02-27 14:36:04] _train_one_epoch in BasicTrainer:
loss = 3.236737712139099
INFO    [02-27 14:36:06] log in loggers:
Update Best NDCG@10 Model at 11
INFO    [02-27 14:36:06] validate in BasicTrainer:
{'Recall@10': 0.10247500002384186, 'NDCG@10': 0.058793068528175355, 'MRR@10': 0.04559744097292423, 'Recall@5': 0.06774999976158141, 'NDCG@5': 0.047679219134151934, 'MRR@5': 0.0410808340087533, 'Recall*@10': 0.10247500002384186, 'NDCG*@10': 0.058793068528175355, 'MRR*@10': 0.04559744097292423, 'Recall*@5': 0.06774999976158141, 'NDCG*@5': 0.047679219134151934, 'MRR*@5': 0.0410808340087533}
INFO    [02-27 14:36:06] train in BasicTrainer:
duration: 13.629554986953735s
INFO    [02-27 14:36:06] train in BasicTrainer:
epoch: 12
INFO    [02-27 14:36:17] _train_one_epoch in BasicTrainer:
loss = 2.8572304840062324
INFO    [02-27 14:36:19] validate in BasicTrainer:
{'Recall@10': 0.09417499989271164, 'NDCG@10': 0.05702175550162792, 'MRR@10': 0.045737163200974464, 'Recall@5': 0.06729999989271164, 'NDCG@5': 0.048303500674664976, 'MRR@5': 0.042122083716094494, 'Recall*@10': 0.09417499989271164, 'NDCG*@10': 0.05702175550162792, 'MRR*@10': 0.045737163200974464, 'Recall*@5': 0.06729999989271164, 'NDCG*@5': 0.048303500674664976, 'MRR*@5': 0.042122083716094494}
INFO    [02-27 14:36:19] train in BasicTrainer:
duration: 13.46838927268982s
INFO    [02-27 14:36:19] train in BasicTrainer:
epoch: 13
INFO    [02-27 14:36:31] _train_one_epoch in BasicTrainer:
loss = 2.5125689458591367
INFO    [02-27 14:36:33] log in loggers:
Update Best NDCG@10 Model at 13
INFO    [02-27 14:36:33] validate in BasicTrainer:
{'Recall@10': 0.09462499976158142, 'NDCG@10': 0.06029522217810154, 'MRR@10': 0.04993842247873545, 'Recall@5': 0.06712499976158143, 'NDCG@5': 0.05159251034259796, 'MRR@5': 0.046460000202059745, 'Recall*@10': 0.09462499976158142, 'NDCG*@10': 0.06029522217810154, 'MRR*@10': 0.04993842247873545, 'Recall*@5': 0.06712499976158143, 'NDCG*@5': 0.05159251034259796, 'MRR*@5': 0.046460000202059745}
INFO    [02-27 14:36:33] train in BasicTrainer:
duration: 13.533989667892456s
INFO    [02-27 14:36:33] train in BasicTrainer:
epoch: 14
INFO    [02-27 14:36:44] _train_one_epoch in BasicTrainer:
loss = 2.21754893924212
INFO    [02-27 14:36:46] log in loggers:
Update Best NDCG@10 Model at 14
INFO    [02-27 14:36:46] validate in BasicTrainer:
{'Recall@10': 0.09649999976158143, 'NDCG@10': 0.06241630397737026, 'MRR@10': 0.05212123043835163, 'Recall@5': 0.06739999994635582, 'NDCG@5': 0.05313444651663304, 'MRR@5': 0.048364583905786275, 'Recall*@10': 0.09649999976158143, 'NDCG*@10': 0.06241630397737026, 'MRR*@10': 0.05212123043835163, 'Recall*@5': 0.06739999994635582, 'NDCG*@5': 0.05313444651663304, 'MRR*@5': 0.048364583905786275}
INFO    [02-27 14:36:46] train in BasicTrainer:
duration: 13.590509176254272s
INFO    [02-27 14:36:46] train in BasicTrainer:
epoch: 15
INFO    [02-27 14:36:58] _train_one_epoch in BasicTrainer:
loss = 1.9386299212560576
INFO    [02-27 14:37:00] log in loggers:
Update Best NDCG@10 Model at 15
INFO    [02-27 14:37:00] validate in BasicTrainer:
{'Recall@10': 0.10122500002384185, 'NDCG@10': 0.06666569024324417, 'MRR@10': 0.05620960336178541, 'Recall@5': 0.07587499976158142, 'NDCG@5': 0.058534017279744145, 'MRR@5': 0.05289333388209343, 'Recall*@10': 0.10122500002384185, 'NDCG*@10': 0.06666569024324417, 'MRR*@10': 0.05620960336178541, 'Recall*@5': 0.07587499976158142, 'NDCG*@5': 0.058534017279744145, 'MRR*@5': 0.05289333388209343}
INFO    [02-27 14:37:00] train in BasicTrainer:
duration: 13.587775707244873s
INFO    [02-27 14:37:00] train in BasicTrainer:
epoch: 16
INFO    [02-27 14:37:11] _train_one_epoch in BasicTrainer:
loss = 1.7122210305753407
INFO    [02-27 14:37:13] validate in BasicTrainer:
{'Recall@10': 0.09417499989271164, 'NDCG@10': 0.06459527302533388, 'MRR@10': 0.05565868102014065, 'Recall@5': 0.07069999992847442, 'NDCG@5': 0.05708943378180265, 'MRR@5': 0.05260833397507667, 'Recall*@10': 0.09417499989271164, 'NDCG*@10': 0.06459527302533388, 'MRR*@10': 0.05565868102014065, 'Recall*@5': 0.07069999992847442, 'NDCG*@5': 0.05708943378180265, 'MRR*@5': 0.05260833397507667}
INFO    [02-27 14:37:13] train in BasicTrainer:
duration: 13.338248252868652s
INFO    [02-27 14:37:13] train in BasicTrainer:
epoch: 17
INFO    [02-27 14:37:25] _train_one_epoch in BasicTrainer:
loss = 1.5249954832782695
INFO    [02-27 14:37:27] log in loggers:
Update Best NDCG@10 Model at 17
INFO    [02-27 14:37:27] validate in BasicTrainer:
{'Recall@10': 0.10560000002384186, 'NDCG@10': 0.07026722863316535, 'MRR@10': 0.0595351193100214, 'Recall@5': 0.07899999976158142, 'NDCG@5': 0.06172687791287899, 'MRR@5': 0.05605000026524067, 'Recall*@10': 0.10560000002384186, 'NDCG*@10': 0.07026722863316535, 'MRR*@10': 0.0595351193100214, 'Recall*@5': 0.07899999976158142, 'NDCG*@5': 0.06172687791287899, 'MRR*@5': 0.05605000026524067}
INFO    [02-27 14:37:27] train in BasicTrainer:
duration: 13.449977159500122s
INFO    [02-27 14:37:27] train in BasicTrainer:
epoch: 18
INFO    [02-27 14:37:38] _train_one_epoch in BasicTrainer:
loss = 1.3777599676684464
INFO    [02-27 14:37:40] validate in BasicTrainer:
{'Recall@10': 0.09649999976158143, 'NDCG@10': 0.06710891135036945, 'MRR@10': 0.0580954860150814, 'Recall@5': 0.07489999994635582, 'NDCG@5': 0.06007758222520351, 'MRR@5': 0.05516666688024998, 'Recall*@10': 0.09649999976158143, 'NDCG*@10': 0.06710891135036945, 'MRR*@10': 0.0580954860150814, 'Recall*@5': 0.07489999994635582, 'NDCG*@5': 0.06007758222520351, 'MRR*@5': 0.05516666688024998}
INFO    [02-27 14:37:40] train in BasicTrainer:
duration: 13.337146282196045s
INFO    [02-27 14:37:40] train in BasicTrainer:
epoch: 19
INFO    [02-27 14:37:52] _train_one_epoch in BasicTrainer:
loss = 1.2568786669991932
INFO    [02-27 14:37:54] validate in BasicTrainer:
{'Recall@10': 0.08712499976158142, 'NDCG@10': 0.061790249086916445, 'MRR@10': 0.053888144670054317, 'Recall@5': 0.07132499992847442, 'NDCG@5': 0.05654274024069309, 'MRR@5': 0.051641667112708095, 'Recall*@10': 0.08712499976158142, 'NDCG*@10': 0.061790249086916445, 'MRR*@10': 0.053888144670054317, 'Recall*@5': 0.07132499992847442, 'NDCG*@5': 0.05654274024069309, 'MRR*@5': 0.051641667112708095}
INFO    [02-27 14:37:54] train in BasicTrainer:
duration: 13.448060750961304s
INFO    [02-27 14:37:54] train in BasicTrainer:
epoch: 20
INFO    [02-27 14:38:05] _train_one_epoch in BasicTrainer:
loss = 1.144376103264397
INFO    [02-27 14:38:07] validate in BasicTrainer:
{'Recall@10': 0.09577499985694886, 'NDCG@10': 0.06597020998597145, 'MRR@10': 0.05684999987483025, 'Recall@5': 0.07462499976158142, 'NDCG@5': 0.059013339877128604, 'MRR@5': 0.05391458384692669, 'Recall*@10': 0.09577499985694886, 'NDCG*@10': 0.06597020998597145, 'MRR*@10': 0.05684999987483025, 'Recall*@5': 0.07462499976158142, 'NDCG*@5': 0.059013339877128604, 'MRR*@5': 0.05391458384692669}
INFO    [02-27 14:38:07] train in BasicTrainer:
duration: 13.466811180114746s
INFO    [02-27 14:38:07] train in BasicTrainer:
epoch: 21
INFO    [02-27 14:38:18] _train_one_epoch in BasicTrainer:
loss = 1.05231313810911
INFO    [02-27 14:38:20] validate in BasicTrainer:
{'Recall@10': 0.09337499976158142, 'NDCG@10': 0.06819372437894344, 'MRR@10': 0.06044759854674339, 'Recall@5': 0.07587499976158142, 'NDCG@5': 0.062454453967511654, 'MRR@5': 0.05803291689604521, 'Recall*@10': 0.09337499976158142, 'NDCG*@10': 0.06819372437894344, 'MRR*@10': 0.06044759854674339, 'Recall*@5': 0.07587499976158142, 'NDCG*@5': 0.062454453967511654, 'MRR*@5': 0.05803291689604521}
INFO    [02-27 14:38:20] train in BasicTrainer:
duration: 13.458887100219727s
INFO    [02-27 14:38:20] train in BasicTrainer:
epoch: 22
INFO    [02-27 14:38:32] _train_one_epoch in BasicTrainer:
loss = 0.96892142247898
INFO    [02-27 14:38:34] validate in BasicTrainer:
{'Recall@10': 0.09310000002384186, 'NDCG@10': 0.0678368204832077, 'MRR@10': 0.05990647867321968, 'Recall@5': 0.07935000002384186, 'NDCG@5': 0.06339946076273918, 'MRR@5': 0.05808083355426788, 'Recall*@10': 0.09310000002384186, 'NDCG*@10': 0.0678368204832077, 'MRR*@10': 0.05990647867321968, 'Recall*@5': 0.07935000002384186, 'NDCG*@5': 0.06339946076273918, 'MRR*@5': 0.05808083355426788}
INFO    [02-27 14:38:34] train in BasicTrainer:
duration: 13.469682455062866s
INFO    [02-27 14:38:34] train in BasicTrainer:
epoch: 23
INFO    [02-27 14:38:45] _train_one_epoch in BasicTrainer:
loss = 0.8808810298628206
INFO    [02-27 14:38:47] validate in BasicTrainer:
{'Recall@10': 0.09417499989271164, 'NDCG@10': 0.06933277722448111, 'MRR@10': 0.061640575751662256, 'Recall@5': 0.07712499976158142, 'NDCG@5': 0.06372547961771488, 'MRR@5': 0.05927083358168602, 'Recall*@10': 0.09417499989271164, 'NDCG*@10': 0.06933277722448111, 'MRR*@10': 0.061640575751662256, 'Recall*@5': 0.07712499976158142, 'NDCG*@5': 0.06372547961771488, 'MRR*@5': 0.05927083358168602}
INFO    [02-27 14:38:47] train in BasicTrainer:
duration: 13.39521050453186s
INFO    [02-27 14:38:47] train in BasicTrainer:
epoch: 24
INFO    [02-27 14:38:59] _train_one_epoch in BasicTrainer:
loss = 0.8265020061114519
INFO    [02-27 14:39:01] validate in BasicTrainer:
{'Recall@10': 0.09514999985694886, 'NDCG@10': 0.07010686852037906, 'MRR@10': 0.06253754971548915, 'Recall@5': 0.07462499976158142, 'NDCG@5': 0.06354137368500233, 'MRR@5': 0.0598708339035511, 'Recall*@10': 0.09514999985694886, 'NDCG*@10': 0.07010686852037906, 'MRR*@10': 0.06253754971548915, 'Recall*@5': 0.07462499976158142, 'NDCG*@5': 0.06354137368500233, 'MRR*@5': 0.0598708339035511}
INFO    [02-27 14:39:01] train in BasicTrainer:
duration: 13.515371561050415s
INFO    [02-27 14:39:01] train in BasicTrainer:
epoch: 25
INFO    [02-27 14:39:12] _train_one_epoch in BasicTrainer:
loss = 0.780550938269408
INFO    [02-27 14:39:14] validate in BasicTrainer:
{'Recall@10': 0.09435000002384186, 'NDCG@10': 0.0688551589101553, 'MRR@10': 0.0609894348308444, 'Recall@5': 0.07792499989271164, 'NDCG@5': 0.06360039498656989, 'MRR@5': 0.05885416682809591, 'Recall*@10': 0.09435000002384186, 'NDCG*@10': 0.0688551589101553, 'MRR*@10': 0.0609894348308444, 'Recall*@5': 0.07792499989271164, 'NDCG*@5': 0.06360039498656989, 'MRR*@5': 0.05885416682809591}
INFO    [02-27 14:39:14] train in BasicTrainer:
duration: 13.53267502784729s
INFO    [02-27 14:39:14] train in BasicTrainer:
epoch: 26
INFO    [02-27 14:39:26] _train_one_epoch in BasicTrainer:
loss = 0.7311641289465549
INFO    [02-27 14:39:28] validate in BasicTrainer:
{'Recall@10': 0.09247500002384186, 'NDCG@10': 0.06802415911108256, 'MRR@10': 0.0604229767434299, 'Recall@5': 0.07872500002384186, 'NDCG@5': 0.06356722913682461, 'MRR@5': 0.05857625041157007, 'Recall*@10': 0.09247500002384186, 'NDCG*@10': 0.06802415911108256, 'MRR*@10': 0.0604229767434299, 'Recall*@5': 0.07872500002384186, 'NDCG*@5': 0.06356722913682461, 'MRR*@5': 0.05857625041157007}
INFO    [02-27 14:39:28] train in BasicTrainer:
duration: 13.423130989074707s
INFO    [02-27 14:39:28] train in BasicTrainer:
epoch: 27
INFO    [02-27 14:39:39] _train_one_epoch in BasicTrainer:
loss = 0.7132314597793303
INFO    [02-27 14:39:41] validate in BasicTrainer:
{'Recall@10': 0.09327499985694886, 'NDCG@10': 0.068331429772079, 'MRR@10': 0.06083499918691814, 'Recall@5': 0.07212499976158142, 'NDCG@5': 0.061494531333446505, 'MRR@5': 0.05801624961197376, 'Recall*@10': 0.09327499985694886, 'NDCG*@10': 0.068331429772079, 'MRR*@10': 0.06083499918691814, 'Recall*@5': 0.07212499976158142, 'NDCG*@5': 0.061494531333446505, 'MRR*@5': 0.05801624961197376}
INFO    [02-27 14:39:41] train in BasicTrainer:
duration: 13.505059480667114s
INFO    [02-27 14:39:41] train in BasicTrainer:
epoch: 28
INFO    [02-27 14:39:53] _train_one_epoch in BasicTrainer:
loss = 0.6850723012602681
INFO    [02-27 14:39:55] validate in BasicTrainer:
{'Recall@10': 0.08542499989271164, 'NDCG@10': 0.06464820235967636, 'MRR@10': 0.0582760912925005, 'Recall@5': 0.07087499976158142, 'NDCG@5': 0.05989104367792606, 'MRR@5': 0.05628333356231451, 'Recall*@10': 0.08542499989271164, 'NDCG*@10': 0.06464820235967636, 'MRR*@10': 0.0582760912925005, 'Recall*@5': 0.07087499976158142, 'NDCG*@5': 0.05989104367792606, 'MRR*@5': 0.05628333356231451}
INFO    [02-27 14:39:55] train in BasicTrainer:
duration: 13.31449842453003s
INFO    [02-27 14:39:55] train in BasicTrainer:
epoch: 29
INFO    [02-27 14:40:06] _train_one_epoch in BasicTrainer:
loss = 0.6528758668707778
INFO    [02-27 14:40:08] validate in BasicTrainer:
{'Recall@10': 0.08577499985694885, 'NDCG@10': 0.06529218152165413, 'MRR@10': 0.05901130955666303, 'Recall@5': 0.07292499989271164, 'NDCG@5': 0.06113990500569343, 'MRR@5': 0.05730000015348196, 'Recall*@10': 0.08577499985694885, 'NDCG*@10': 0.06529218152165413, 'MRR*@10': 0.05901130955666303, 'Recall*@5': 0.07292499989271164, 'NDCG*@5': 0.06113990500569343, 'MRR*@5': 0.05730000015348196}
INFO    [02-27 14:40:08] train in BasicTrainer:
duration: 13.394247055053711s
INFO    [02-27 14:40:08] train in BasicTrainer:
epoch: 30
INFO    [02-27 14:40:20] _train_one_epoch in BasicTrainer:
loss = 0.5902242833104274
INFO    [02-27 14:40:21] log in loggers:
Update Best NDCG@10 Model at 30
INFO    [02-27 14:40:22] validate in BasicTrainer:
{'Recall@10': 0.09622500002384186, 'NDCG@10': 0.07070471599698067, 'MRR@10': 0.0628600699827075, 'Recall@5': 0.07872500002384186, 'NDCG@5': 0.06503728125244379, 'MRR@5': 0.06051458318717778, 'Recall*@10': 0.09622500002384186, 'NDCG*@10': 0.07070471599698067, 'MRR*@10': 0.0628600699827075, 'Recall*@5': 0.07872500002384186, 'NDCG*@5': 0.06503728125244379, 'MRR*@5': 0.06051458318717778}
INFO    [02-27 14:40:22] train in BasicTrainer:
duration: 13.468987703323364s
INFO    [02-27 14:40:22] train in BasicTrainer:
epoch: 31
INFO    [02-27 14:40:33] _train_one_epoch in BasicTrainer:
loss = 0.5446119033619162
INFO    [02-27 14:40:35] validate in BasicTrainer:
{'Recall@10': 0.09032499969005585, 'NDCG@10': 0.06762049190700054, 'MRR@10': 0.060642708763480185, 'Recall@5': 0.07524999976158142, 'NDCG@5': 0.06274694390594959, 'MRR@5': 0.05863333329558373, 'Recall*@10': 0.09032499969005585, 'NDCG*@10': 0.06762049190700054, 'MRR*@10': 0.060642708763480185, 'Recall*@5': 0.07524999976158142, 'NDCG*@5': 0.06274694390594959, 'MRR*@5': 0.05863333329558373}
INFO    [02-27 14:40:35] train in BasicTrainer:
duration: 13.347478866577148s
INFO    [02-27 14:40:35] train in BasicTrainer:
epoch: 32
INFO    [02-27 14:40:46] _train_one_epoch in BasicTrainer:
loss = 0.5463767037314959
INFO    [02-27 14:40:48] validate in BasicTrainer:
{'Recall@10': 0.09185000002384186, 'NDCG@10': 0.06882019696757197, 'MRR@10': 0.06173447411973029, 'Recall@5': 0.07729999989271163, 'NDCG@5': 0.06427591420710087, 'MRR@5': 0.05995208352804184, 'Recall*@10': 0.09185000002384186, 'NDCG*@10': 0.06882019696757197, 'MRR*@10': 0.06173447411973029, 'Recall*@5': 0.07729999989271163, 'NDCG*@5': 0.06427591420710087, 'MRR*@5': 0.05995208352804184}
INFO    [02-27 14:40:48] train in BasicTrainer:
duration: 13.388427495956421s
INFO    [02-27 14:40:48] train in BasicTrainer:
epoch: 33
INFO    [02-27 14:41:00] _train_one_epoch in BasicTrainer:
loss = 0.6129618354601132
INFO    [02-27 14:41:02] validate in BasicTrainer:
{'Recall@10': 0.09292499989271163, 'NDCG@10': 0.06964001312851906, 'MRR@10': 0.06254943430423737, 'Recall@5': 0.07462499976158142, 'NDCG@5': 0.06353527531027794, 'MRR@5': 0.05991833403706551, 'Recall*@10': 0.09292499989271163, 'NDCG*@10': 0.06964001312851906, 'MRR*@10': 0.06254943430423737, 'Recall*@5': 0.07462499976158142, 'NDCG*@5': 0.06353527531027794, 'MRR*@5': 0.05991833403706551}
INFO    [02-27 14:41:02] train in BasicTrainer:
duration: 13.443689346313477s
INFO    [02-27 14:41:02] train in BasicTrainer:
epoch: 34
INFO    [02-27 14:41:13] _train_one_epoch in BasicTrainer:
loss = 0.6181554681254456
INFO    [02-27 14:41:15] validate in BasicTrainer:
{'Recall@10': 0.09354999989271164, 'NDCG@10': 0.06708468537777662, 'MRR@10': 0.05911557561252266, 'Recall@5': 0.07229999989271164, 'NDCG@5': 0.06039535392075777, 'MRR@5': 0.056458333916962145, 'Recall*@10': 0.09354999989271164, 'NDCG*@10': 0.06708468537777662, 'MRR*@10': 0.05911557561252266, 'Recall*@5': 0.07229999989271164, 'NDCG*@5': 0.06039535392075777, 'MRR*@5': 0.056458333916962145}
INFO    [02-27 14:41:15] train in BasicTrainer:
duration: 13.416253328323364s
INFO    [02-27 14:41:15] train in BasicTrainer:
epoch: 35
INFO    [02-27 14:41:27] _train_one_epoch in BasicTrainer:
loss = 0.5548901824185739
INFO    [02-27 14:41:28] validate in BasicTrainer:
{'Recall@10': 0.08935000002384186, 'NDCG@10': 0.06589312490075827, 'MRR@10': 0.05863854236900806, 'Recall@5': 0.07310000002384186, 'NDCG@5': 0.06048653725534678, 'MRR@5': 0.056320833833888174, 'Recall*@10': 0.08935000002384186, 'NDCG*@10': 0.06589312490075827, 'MRR*@10': 0.05863854236900806, 'Recall*@5': 0.07310000002384186, 'NDCG*@5': 0.06048653725534678, 'MRR*@5': 0.056320833833888174}
INFO    [02-27 14:41:28] train in BasicTrainer:
duration: 13.388907432556152s
INFO    [02-27 14:41:28] train in BasicTrainer:
epoch: 36
INFO    [02-27 14:41:40] _train_one_epoch in BasicTrainer:
loss = 0.4768448472822
INFO    [02-27 14:41:42] validate in BasicTrainer:
{'Recall@10': 0.09264999985694886, 'NDCG@10': 0.06806609068065882, 'MRR@10': 0.06055409670807421, 'Recall@5': 0.07889999985694886, 'NDCG@5': 0.06362349722534417, 'MRR@5': 0.05872250025160611, 'Recall*@10': 0.09264999985694886, 'NDCG*@10': 0.06806609068065882, 'MRR*@10': 0.06055409670807421, 'Recall*@5': 0.07889999985694886, 'NDCG*@5': 0.06362349722534417, 'MRR*@5': 0.05872250025160611}
INFO    [02-27 14:41:42] train in BasicTrainer:
duration: 13.37375521659851s
INFO    [02-27 14:41:42] train in BasicTrainer:
epoch: 37
INFO    [02-27 14:41:53] _train_one_epoch in BasicTrainer:
loss = 0.47251029124848004
INFO    [02-27 14:41:55] log in loggers:
Update Best NDCG@10 Model at 37
INFO    [02-27 14:41:55] validate in BasicTrainer:
{'Recall@10': 0.09622500002384186, 'NDCG@10': 0.07113576516509056, 'MRR@10': 0.06349408742040395, 'Recall@5': 0.07712499976158142, 'NDCG@5': 0.06497624710202217, 'MRR@5': 0.060960417352616786, 'Recall*@10': 0.09622500002384186, 'NDCG*@10': 0.07113576516509056, 'MRR*@10': 0.06349408742040395, 'Recall*@5': 0.07712499976158142, 'NDCG*@5': 0.06497624710202217, 'MRR*@5': 0.060960417352616786}
INFO    [02-27 14:41:55] train in BasicTrainer:
duration: 13.566778421401978s
INFO    [02-27 14:41:55] train in BasicTrainer:
epoch: 38
INFO    [02-27 14:42:07] _train_one_epoch in BasicTrainer:
loss = 0.5299460399126878
INFO    [02-27 14:42:09] validate in BasicTrainer:
{'Recall@10': 0.09382499992847443, 'NDCG@10': 0.06679172236472368, 'MRR@10': 0.058675496745854615, 'Recall@5': 0.07177499994635582, 'NDCG@5': 0.059745241552591324, 'MRR@5': 0.05581666711717844, 'Recall*@10': 0.09382499992847443, 'NDCG*@10': 0.06679172236472368, 'MRR*@10': 0.058675496745854615, 'Recall*@5': 0.07177499994635582, 'NDCG*@5': 0.059745241552591324, 'MRR*@5': 0.05581666711717844}
INFO    [02-27 14:42:09] train in BasicTrainer:
duration: 13.498754978179932s
INFO    [02-27 14:42:09] train in BasicTrainer:
epoch: 39
INFO    [02-27 14:42:20] _train_one_epoch in BasicTrainer:
loss = 0.5412822430478983
INFO    [02-27 14:42:22] validate in BasicTrainer:
{'Recall@10': 0.09337499976158142, 'NDCG@10': 0.06672623803839088, 'MRR@10': 0.058567549483850595, 'Recall@5': 0.07632499992847443, 'NDCG@5': 0.06127802725881338, 'MRR@5': 0.056358332894742486, 'Recall*@10': 0.09337499976158142, 'NDCG*@10': 0.06672623803839088, 'MRR*@10': 0.058567549483850595, 'Recall*@5': 0.07632499992847443, 'NDCG*@5': 0.06127802725881338, 'MRR*@5': 0.056358332894742486}
INFO    [02-27 14:42:22] train in BasicTrainer:
duration: 13.496461153030396s
INFO    [02-27 14:42:22] train in BasicTrainer:
epoch: 40
INFO    [02-27 14:42:34] _train_one_epoch in BasicTrainer:
loss = 0.4922045087766392
INFO    [02-27 14:42:36] log in loggers:
Update Best NDCG@10 Model at 40
INFO    [02-27 14:42:36] validate in BasicTrainer:
{'Recall@10': 0.10032499969005584, 'NDCG@10': 0.07222673304378986, 'MRR@10': 0.06380219275131821, 'Recall@5': 0.07685000002384186, 'NDCG@5': 0.06459323562681675, 'MRR@5': 0.06062833346426487, 'Recall*@10': 0.10032499969005584, 'NDCG*@10': 0.07222673304378986, 'MRR*@10': 0.06380219275131821, 'Recall*@5': 0.07685000002384186, 'NDCG*@5': 0.06459323562681675, 'MRR*@5': 0.06062833346426487}
INFO    [02-27 14:42:36] train in BasicTrainer:
duration: 13.422212600708008s
INFO    [02-27 14:42:36] train in BasicTrainer:
epoch: 41
INFO    [02-27 14:42:47] _train_one_epoch in BasicTrainer:
loss = 0.442820264371087
INFO    [02-27 14:42:49] validate in BasicTrainer:
{'Recall@10': 0.09639999985694886, 'NDCG@10': 0.06798434115946293, 'MRR@10': 0.059442202392965555, 'Recall@5': 0.07479999989271163, 'NDCG@5': 0.061186353228986266, 'MRR@5': 0.05674583334475756, 'Recall*@10': 0.09639999985694886, 'NDCG*@10': 0.06798434115946293, 'MRR*@10': 0.059442202392965555, 'Recall*@5': 0.07479999989271163, 'NDCG*@5': 0.061186353228986266, 'MRR*@5': 0.05674583334475756}
INFO    [02-27 14:42:49] train in BasicTrainer:
duration: 13.1630539894104s
INFO    [02-27 14:42:49] train in BasicTrainer:
epoch: 42
INFO    [02-27 14:43:00] _train_one_epoch in BasicTrainer:
loss = 0.41110577118700375
INFO    [02-27 14:43:02] validate in BasicTrainer:
{'Recall@10': 0.09354999989271164, 'NDCG@10': 0.06922973535954952, 'MRR@10': 0.061979564223438505, 'Recall@5': 0.07399999976158142, 'NDCG@5': 0.06299242846667767, 'MRR@5': 0.059454166889190675, 'Recall*@10': 0.09354999989271164, 'NDCG*@10': 0.06922973535954952, 'MRR*@10': 0.061979564223438505, 'Recall*@5': 0.07399999976158142, 'NDCG*@5': 0.06299242846667767, 'MRR*@5': 0.059454166889190675}
INFO    [02-27 14:43:02] train in BasicTrainer:
duration: 13.126115560531616s
INFO    [02-27 14:43:02] train in BasicTrainer:
epoch: 43
INFO    [02-27 14:43:14] _train_one_epoch in BasicTrainer:
loss = 0.4075671526685797
INFO    [02-27 14:43:16] validate in BasicTrainer:
{'Recall@10': 0.08899999976158142, 'NDCG@10': 0.06621233843266965, 'MRR@10': 0.059268948696553705, 'Recall@5': 0.07337499976158142, 'NDCG@5': 0.06122089009732008, 'MRR@5': 0.05724166695028544, 'Recall*@10': 0.08899999976158142, 'NDCG*@10': 0.06621233843266965, 'MRR*@10': 0.059268948696553705, 'Recall*@5': 0.07337499976158142, 'NDCG*@5': 0.06122089009732008, 'MRR*@5': 0.05724166695028544}
INFO    [02-27 14:43:16] train in BasicTrainer:
duration: 13.414474964141846s
INFO    [02-27 14:43:16] train in BasicTrainer:
epoch: 44
INFO    [02-27 14:43:27] _train_one_epoch in BasicTrainer:
loss = 0.42666521904136157
INFO    [02-27 14:43:29] validate in BasicTrainer:
{'Recall@10': 0.09569999992847443, 'NDCG@10': 0.06897413246333599, 'MRR@10': 0.0609060026332736, 'Recall@5': 0.07694999992847443, 'NDCG@5': 0.06314508385956287, 'MRR@5': 0.05863541707396507, 'Recall*@10': 0.09569999992847443, 'NDCG*@10': 0.06897413246333599, 'MRR*@10': 0.0609060026332736, 'Recall*@5': 0.07694999992847443, 'NDCG*@5': 0.06314508385956287, 'MRR*@5': 0.05863541707396507}
INFO    [02-27 14:43:29] train in BasicTrainer:
duration: 13.261549234390259s
INFO    [02-27 14:43:29] train in BasicTrainer:
epoch: 45
INFO    [02-27 14:43:40] _train_one_epoch in BasicTrainer:
loss = 0.41105831867887893
INFO    [02-27 14:43:42] validate in BasicTrainer:
{'Recall@10': 0.09417499989271164, 'NDCG@10': 0.07012017738074064, 'MRR@10': 0.06270525878295302, 'Recall@5': 0.07854999989271164, 'NDCG@5': 0.06511991310864687, 'MRR@5': 0.0606750001758337, 'Recall*@10': 0.09417499989271164, 'NDCG*@10': 0.07012017738074064, 'MRR*@10': 0.06270525878295302, 'Recall*@5': 0.07854999989271164, 'NDCG*@5': 0.06511991310864687, 'MRR*@5': 0.0606750001758337}
INFO    [02-27 14:43:42] train in BasicTrainer:
duration: 13.103970289230347s
INFO    [02-27 14:43:42] train in BasicTrainer:
epoch: 46
INFO    [02-27 14:43:53] _train_one_epoch in BasicTrainer:
loss = 0.40128907479405723
INFO    [02-27 14:43:55] validate in BasicTrainer:
{'Recall@10': 0.09632499992847443, 'NDCG@10': 0.0694549634307623, 'MRR@10': 0.06140659715048969, 'Recall@5': 0.07382499992847442, 'NDCG@5': 0.06236322045326233, 'MRR@5': 0.058585416823625565, 'Recall*@10': 0.09632499992847443, 'NDCG*@10': 0.0694549634307623, 'MRR*@10': 0.06140659715048969, 'Recall*@5': 0.07382499992847442, 'NDCG*@5': 0.06236322045326233, 'MRR*@5': 0.058585416823625565}
INFO    [02-27 14:43:55] train in BasicTrainer:
duration: 12.966234922409058s
INFO    [02-27 14:43:55] train in BasicTrainer:
epoch: 47
INFO    [02-27 14:44:06] _train_one_epoch in BasicTrainer:
loss = 0.3740426156240398
INFO    [02-27 14:44:08] validate in BasicTrainer:
{'Recall@10': 0.09667499989271164, 'NDCG@10': 0.0717359409108758, 'MRR@10': 0.06408854220993816, 'Recall@5': 0.07899999976158142, 'NDCG@5': 0.06604173634201288, 'MRR@5': 0.06175416735000908, 'Recall*@10': 0.09667499989271164, 'NDCG*@10': 0.0717359409108758, 'MRR*@10': 0.06408854220993816, 'Recall*@5': 0.07899999976158142, 'NDCG*@5': 0.06604173634201288, 'MRR*@5': 0.06175416735000908}
INFO    [02-27 14:44:08] train in BasicTrainer:
duration: 13.105332612991333s
INFO    [02-27 14:44:08] train in BasicTrainer:
epoch: 48
INFO    [02-27 14:44:19] _train_one_epoch in BasicTrainer:
loss = 0.36895425785482727
INFO    [02-27 14:44:21] validate in BasicTrainer:
{'Recall@10': 0.09399999976158142, 'NDCG@10': 0.06896878775209188, 'MRR@10': 0.0613481647381559, 'Recall@5': 0.07569999992847443, 'NDCG@5': 0.06303991839289665, 'MRR@5': 0.058893750309944155, 'Recall*@10': 0.09399999976158142, 'NDCG*@10': 0.06896878775209188, 'MRR*@10': 0.0613481647381559, 'Recall*@5': 0.07569999992847443, 'NDCG*@5': 0.06303991839289665, 'MRR*@5': 0.058893750309944155}
INFO    [02-27 14:44:21] train in BasicTrainer:
duration: 13.029460191726685s
INFO    [02-27 14:44:21] train in BasicTrainer:
epoch: 49
INFO    [02-27 14:44:32] _train_one_epoch in BasicTrainer:
loss = 0.3527552656849332
INFO    [02-27 14:44:34] validate in BasicTrainer:
{'Recall@10': 0.09569999992847443, 'NDCG@10': 0.07067032553255558, 'MRR@10': 0.06304057565517723, 'Recall@5': 0.07694999992847443, 'NDCG@5': 0.06471422106027604, 'MRR@5': 0.060643751248717306, 'Recall*@10': 0.09569999992847443, 'NDCG*@10': 0.07067032553255558, 'MRR*@10': 0.06304057565517723, 'Recall*@5': 0.07694999992847443, 'NDCG*@5': 0.06471422106027604, 'MRR*@5': 0.060643751248717306}
INFO    [02-27 14:44:34] train in BasicTrainer:
duration: 13.025075912475586s
INFO    [02-27 14:44:34] close_training in BasicTrainer:
finished training
INFO    [02-27 14:44:34] final_validate in BasicTrainer:
validate model on val set!
INFO    [02-27 14:44:34] load_state_from_given_path in utils:
checkpoint epoch: 40
INFO    [02-27 14:44:34] load_state_from_given_path in utils:
Loading model's parameters
INFO    [02-27 14:44:36] validate in BasicTrainer:
{'Recall@10': 0.10032499969005584, 'NDCG@10': 0.07222673304378986, 'MRR@10': 0.06380219275131821, 'Recall@5': 0.07685000002384186, 'NDCG@5': 0.06459323562681675, 'MRR@5': 0.06062833346426487, 'Recall*@10': 0.10032499969005584, 'NDCG*@10': 0.07222673304378986, 'MRR*@10': 0.06380219275131821, 'Recall*@5': 0.07685000002384186, 'NDCG*@5': 0.06459323562681675, 'MRR*@5': 0.06062833346426487}
INFO    [02-27 14:44:36] test in BasicTrainer:
Test model on test set!
INFO    [02-27 14:44:36] test_with_given_state_path in BasicTrainer:
Loading model params from ___lfms_base_partial_2022/base_nextitnet-rate-0.5-seed-2000_02-27_14:32_t3/nextitnet_logs/checkpoint/best_acc_model.pth.
INFO    [02-27 14:44:36] load_state_from_given_path in utils:
checkpoint epoch: 40
INFO    [02-27 14:44:36] load_state_from_given_path in utils:
Loading model's parameters
INFO    [02-27 14:44:36] test_with_given_state_path in BasicTrainer:
Finished loading. Start testing.
INFO    [02-27 14:44:38] test_with_given_state_path in BasicTrainer:
{'Recall@10': 0.09917499989271164, 'NDCG@10': 0.07342524398118258, 'MRR@10': 0.06552882006391883, 'Recall@5': 0.08194999992847443, 'NDCG@5': 0.06782146953046322, 'MRR@5': 0.06319791719317436, 'Recall*@10': 0.09917499989271164, 'NDCG*@10': 0.07342524398118258, 'MRR*@10': 0.06552882006391883, 'Recall*@5': 0.08194999992847443, 'NDCG*@5': 0.06782146953046322, 'MRR*@5': 0.06319791719317436}
INFO    [02-27 14:44:38] _evaluate in BasicSched:
!!Final Result!!: {'Recall@10': 0.09917499989271164, 'NDCG@10': 0.07342524398118258, 'MRR@10': 0.06552882006391883, 'Recall@5': 0.08194999992847443, 'NDCG@5': 0.06782146953046322, 'MRR@5': 0.06319791719317436, 'Recall*@10': 0.09917499989271164, 'NDCG*@10': 0.07342524398118258, 'MRR*@10': 0.06552882006391883, 'Recall*@5': 0.08194999992847443, 'NDCG*@5': 0.06782146953046322, 'MRR*@5': 0.06319791719317436}
