INFO    [05-20 19:25:16] setup_train in utils:
{
    "experiment_dir": "___el_base_partial_2022",
    "experiment_description": "base",
    "describe": "{config[model_code]}-rate-{config[sample_rate]}-seed-{config[sample_seed]}",
    "dataset_name": "electronics.csv",
    "sched": "basic",
    "model_code": "narm",
    "num_epochs": 80,
    "mode": [
        "train",
        "test"
    ],
    "max_len": 10,
    "test_state_path": null,
    "model_state_path": null,
    "do_sampling": true,
    "path_for_sample": "Data/Cache/electronics-5-5.pkl",
    "sample_rate": 0.5,
    "sample_seed": 2001,
    "rand_seed": 2022,
    "load_processed_dataset": true,
    "save_processed_dataset": false,
    "dataset_cache_filename": null,
    "do_remap": false,
    "weight_decay": 0,
    "decay_step": 15,
    "gamma": 0.99,
    "lr": 0.001,
    "min_length": 5,
    "min_item_inter": 5,
    "good_only": false,
    "use_rating": true,
    "test_negative_sampler_code": "random",
    "test_negative_sample_size": 0,
    "dataloader_type": "next",
    "train_batch_size": 4096,
    "val_batch_size": 4096,
    "test_batch_size": 4096,
    "prop_sliding_window": -1.0,
    "worker_number": 2,
    "metric_ks": [
        5,
        10
    ],
    "device": "cuda",
    "num_gpu": 1,
    "optimizer": "Adam",
    "best_metric": "NDCG@10",
    "show_process_bar": false,
    "config_file": "config2.electronics/narm/config_partial.json",
    "task_id": 4,
    "split": "leave_one_out",
    "train_negative_sampler_code": "random",
    "train_negative_sample_size": 100,
    "device_idx": "0",
    "momentum": null,
    "log_period_as_iter": 12800,
    "mentor_code": "bert",
    "training_routine": null,
    "T": 1,
    "alpha": 0.1,
    "dvae_alpha": 0.5,
    "softmaxed_mentor": false,
    "weight_list": [
        0.5,
        0.5
    ],
    "validation_rate": 0.2,
    "num_items": null,
    "start_index": 1,
    "kwargs": null
}
DEBUG   [05-20 19:25:16] __init__ in BasicSched:
BasicScheduler attribs: tag=narm
WARNING [05-20 19:25:16] _load_sampled_dataset_from_path in utils:
file from /data01/wushiguang-slurm/Codes/soft-rec/Data/Cache/sampled_electronics-5-5-rate-0.5-seed-2001.pkl not found. Regenerating.
DEBUG   [05-20 19:25:16] _resampling in utils:
loading full dataset from Data/Cache/electronics-5-5.pkl
INFO    [05-20 19:25:16] _load_full_dataset_from_path in utils:
loading cache from Data/Cache/electronics-5-5.pkl
INFO    [05-20 19:25:17] _check_dataset_cache in utils:
check if the cache is generated under this configuration
INFO    [05-20 19:25:17] _check_dataset_cache in utils:
correct.
INFO    [05-20 19:25:20] __init__ in NextItemDataloader:
there are 29351 items in this dataset, 51093 users, padding_first? False
DEBUG   [05-20 19:25:28] generate_model in utils:
model_code_list=['narm']
INFO    [05-20 19:25:29] load_model_config in utils:
loading model narm's config file at asset/config/model/narm.json
INFO    [05-20 19:25:29] load_model_config in utils:
{
    "embedding_size": 64,
    "hidden_size": 128,
    "n_layers": 1,
    "dropout_probs": [
        0.25,
        0.5
    ]
}
WARNING [05-20 19:25:35] get_exist_path in utils:
dir ___el_base_partial_2022/base_narm-rate-0.5-seed-2001_05-20_19:25_t4/narm_logs does not exist! Create one.
WARNING [05-20 19:25:35] get_exist_path in utils:
dir ___el_base_partial_2022/base_narm-rate-0.5-seed-2001_05-20_19:25_t4/narm_logs/tb_vis does not exist! Create one.
WARNING [05-20 19:25:35] get_exist_path in utils:
dir ___el_base_partial_2022/base_narm-rate-0.5-seed-2001_05-20_19:25_t4/narm_logs/checkpoint does not exist! Create one.
INFO    [05-20 19:25:35] __init__ in BasicSched:
NARM(
  (item_embedding): Embedding(29352, 64, padding_idx=0)
  (emb_dropout): Dropout(p=0.25, inplace=False)
  (gru): GRU(64, 128, bias=False, batch_first=True)
  (a_1): Linear(in_features=128, out_features=128, bias=False)
  (a_2): Linear(in_features=128, out_features=128, bias=False)
  (v_t): Linear(in_features=128, out_features=1, bias=False)
  (ct_dropout): Dropout(p=0.5, inplace=False)
  (b): Linear(in_features=256, out_features=64, bias=False)
  (loss_fct): CrossEntropyLoss()
)
WARNING [05-20 19:25:35] get_path in utils:
Path is None
WARNING [05-20 19:25:35] load_state_from_given_path in utils:
Not given any path.
INFO    [05-20 19:25:35] assert_model_device in utils:
model narm has 7.63525390625 MB params.
INFO    [05-20 19:25:35] __init__ in BasicTrainer:
225280 iter per epoch
INFO    [05-20 19:25:35] _fit in BasicSched:
Start training.
INFO    [05-20 19:26:11] log in loggers:
Update Best NDCG@10 Model at 0
INFO    [05-20 19:26:13] validate in BasicTrainer:
{'Recall@10': 0.0005634014423076923, 'NDCG@10': 0.00023543818175452403, 'MRR@10': 0.00013925554874451616, 'Recall@5': 0.000244140625, 'NDCG@5': 0.00013385182067465322, 'MRR@5': 9.828225246075398e-05, 'Recall*@10': 0.0006029306297512868, 'NDCG*@10': 0.00024465847001500573, 'MRR*@10': 0.00013896045073544464, 'Recall*@5': 0.0002544971715766363, 'NDCG*@5': 0.00013270760581900293, 'MRR*@5': 9.317731298954011e-05}
INFO    [05-20 19:26:13] train in BasicTrainer:
epoch: 0
INFO    [05-20 19:26:26] _train_one_epoch in BasicTrainer:
loss = 10.197418004816228
INFO    [05-20 19:26:55] log in loggers:
Update Best NDCG@10 Model at 0
INFO    [05-20 19:26:55] validate in BasicTrainer:
{'Recall@10': 0.01225879487509911, 'NDCG@10': 0.0057441065661036055, 'MRR@10': 0.0038054897270810148, 'Recall@5': 0.006627141283108638, 'NDCG@5': 0.003927058164173594, 'MRR@5': 0.0030583787279633377, 'Recall*@10': 0.013255609485965509, 'NDCG*@10': 0.006281057551789742, 'MRR*@10': 0.00419839433967494, 'Recall*@5': 0.0075557856605603145, 'NDCG*@5': 0.004440739374751082, 'MRR*@5': 0.003440824605954381}
INFO    [05-20 19:26:55] train in BasicTrainer:
duration: 42.067585468292236s
INFO    [05-20 19:26:55] train in BasicTrainer:
epoch: 1
INFO    [05-20 19:27:04] _train_one_epoch in BasicTrainer:
loss = 9.679362349076705
INFO    [05-20 19:27:34] log in loggers:
Update Best NDCG@10 Model at 1
INFO    [05-20 19:27:34] validate in BasicTrainer:
{'Recall@10': 0.03515937523199962, 'NDCG@10': 0.018070306700582687, 'MRR@10': 0.012883376258497056, 'Recall@5': 0.02236009990939727, 'NDCG@5': 0.013988712945809731, 'MRR@5': 0.011232775277816333, 'Recall*@10': 0.038228191721897856, 'NDCG*@10': 0.01991242399582496, 'MRR*@10': 0.014365771355537267, 'Recall*@5': 0.02403864937906082, 'NDCG*@5': 0.015387669348945985, 'MRR*@5': 0.012536093377723144}
INFO    [05-20 19:27:34] train in BasicTrainer:
duration: 38.63594627380371s
INFO    [05-20 19:27:34] train in BasicTrainer:
epoch: 2
INFO    [05-20 19:27:43] _train_one_epoch in BasicTrainer:
loss = 9.446198671514338
INFO    [05-20 19:28:12] log in loggers:
Update Best NDCG@10 Model at 2
INFO    [05-20 19:28:12] validate in BasicTrainer:
{'Recall@10': 0.03535338720450035, 'NDCG@10': 0.018394308021435372, 'MRR@10': 0.013265927608769674, 'Recall@5': 0.022274481849028513, 'NDCG@5': 0.014186286797317175, 'MRR@5': 0.01154235814912961, 'Recall*@10': 0.03836953797592567, 'NDCG*@10': 0.020310758111568596, 'MRR*@10': 0.014852859079837799, 'Recall*@5': 0.024204031062813904, 'NDCG*@5': 0.015765059166229688, 'MRR*@5': 0.012997980516117353}
INFO    [05-20 19:28:12] train in BasicTrainer:
duration: 38.27876305580139s
INFO    [05-20 19:28:12] train in BasicTrainer:
epoch: 3
INFO    [05-20 19:28:21] _train_one_epoch in BasicTrainer:
loss = 9.36434057409113
INFO    [05-20 19:28:51] validate in BasicTrainer:
{'Recall@10': 0.03439146366256934, 'NDCG@10': 0.01826645011225572, 'MRR@10': 0.013377554356478728, 'Recall@5': 0.02220571843477396, 'NDCG@5': 0.014353769473158397, 'MRR@5': 0.011778226838662075, 'Recall*@10': 0.03750811703503132, 'NDCG*@10': 0.020112458473214738, 'MRR*@10': 0.014838856430007862, 'Recall*@5': 0.024333442059847023, 'NDCG*@5': 0.01588553820665066, 'MRR*@5': 0.013112977147102356}
INFO    [05-20 19:28:51] train in BasicTrainer:
duration: 38.60916471481323s
INFO    [05-20 19:28:51] train in BasicTrainer:
epoch: 4
INFO    [05-20 19:28:59] _train_one_epoch in BasicTrainer:
loss = 9.283565191789107
INFO    [05-20 19:29:29] log in loggers:
Update Best NDCG@10 Model at 4
INFO    [05-20 19:29:29] validate in BasicTrainer:
{'Recall@10': 0.03471072447987703, 'NDCG@10': 0.01861951485849344, 'MRR@10': 0.013755951793147968, 'Recall@5': 0.022080469733247392, 'NDCG@5': 0.014549698823919663, 'MRR@5': 0.01208447005886298, 'Recall*@10': 0.037674085022165224, 'NDCG*@10': 0.020284667897682924, 'MRR*@10': 0.015033553139521526, 'Recall*@5': 0.02383136161817954, 'NDCG*@5': 0.01582376515636077, 'MRR*@5': 0.013201368614458121}
INFO    [05-20 19:29:29] train in BasicTrainer:
duration: 38.31693363189697s
INFO    [05-20 19:29:29] train in BasicTrainer:
epoch: 5
INFO    [05-20 19:29:39] _train_one_epoch in BasicTrainer:
loss = 9.164551058682529
INFO    [05-20 19:30:09] log in loggers:
Update Best NDCG@10 Model at 5
INFO    [05-20 19:30:09] validate in BasicTrainer:
{'Recall@10': 0.03468366225178425, 'NDCG@10': 0.01874167063774971, 'MRR@10': 0.01390784541861369, 'Recall@5': 0.022766904189036444, 'NDCG@5': 0.014923227592729606, 'MRR@5': 0.012352322944654869, 'Recall*@10': 0.03810917858320933, 'NDCG*@10': 0.020602179118073903, 'MRR*@10': 0.0152854983909772, 'Recall*@5': 0.02521225451849974, 'NDCG*@5': 0.016464728933687393, 'MRR*@5': 0.01359699136362626}
INFO    [05-20 19:30:09] train in BasicTrainer:
duration: 39.91259980201721s
INFO    [05-20 19:30:09] train in BasicTrainer:
epoch: 6
INFO    [05-20 19:30:18] _train_one_epoch in BasicTrainer:
loss = 9.04352351101962
INFO    [05-20 19:30:47] log in loggers:
Update Best NDCG@10 Model at 6
INFO    [05-20 19:30:48] validate in BasicTrainer:
{'Recall@10': 0.035918859335092396, 'NDCG@10': 0.01931830309331417, 'MRR@10': 0.014273440465331078, 'Recall@5': 0.023689197089809638, 'NDCG@5': 0.01539296219841792, 'MRR@5': 0.01267062292362635, 'Recall*@10': 0.03894447879149364, 'NDCG*@10': 0.021161835497388475, 'MRR*@10': 0.01574756047473504, 'Recall*@5': 0.02613896346436097, 'NDCG*@5': 0.017047070539914645, 'MRR*@5': 0.014064502544127978}
INFO    [05-20 19:30:48] train in BasicTrainer:
duration: 38.735613107681274s
INFO    [05-20 19:30:48] train in BasicTrainer:
epoch: 7
INFO    [05-20 19:30:57] _train_one_epoch in BasicTrainer:
loss = 8.948121937838467
INFO    [05-20 19:31:27] log in loggers:
Update Best NDCG@10 Model at 7
INFO    [05-20 19:31:27] validate in BasicTrainer:
{'Recall@10': 0.038017938343378216, 'NDCG@10': 0.02012666673041307, 'MRR@10': 0.014708535172618352, 'Recall@5': 0.024467606384020586, 'NDCG@5': 0.015792379084114846, 'MRR@5': 0.012947975657880306, 'Recall*@10': 0.04153220011637761, 'NDCG*@10': 0.022104261729579706, 'MRR*@10': 0.01621614804921242, 'Recall*@5': 0.02693381174825705, 'NDCG*@5': 0.01744131435855077, 'MRR*@5': 0.014325897209346294}
INFO    [05-20 19:31:27] train in BasicTrainer:
duration: 39.54073667526245s
INFO    [05-20 19:31:27] train in BasicTrainer:
epoch: 8
INFO    [05-20 19:31:36] _train_one_epoch in BasicTrainer:
loss = 8.865979992259632
INFO    [05-20 19:32:05] log in loggers:
Update Best NDCG@10 Model at 8
INFO    [05-20 19:32:05] validate in BasicTrainer:
{'Recall@10': 0.039234500378370285, 'NDCG@10': 0.020868168140833195, 'MRR@10': 0.015304367631100692, 'Recall@5': 0.025277218996332243, 'NDCG@5': 0.016384335664602425, 'MRR@5': 0.013471054629637646, 'Recall*@10': 0.04271205428701181, 'NDCG*@10': 0.022654519201471254, 'MRR*@10': 0.016580622643232346, 'Recall*@5': 0.02746757435110899, 'NDCG*@5': 0.017761099725388564, 'MRR*@5': 0.014582133207183618}
INFO    [05-20 19:32:05] train in BasicTrainer:
duration: 37.79994606971741s
INFO    [05-20 19:32:05] train in BasicTrainer:
epoch: 9
INFO    [05-20 19:32:14] _train_one_epoch in BasicTrainer:
loss = 8.777553835782138
INFO    [05-20 19:32:44] log in loggers:
Update Best NDCG@10 Model at 9
INFO    [05-20 19:32:45] validate in BasicTrainer:
{'Recall@10': 0.03985424196490875, 'NDCG@10': 0.02121019406387439, 'MRR@10': 0.015545802692381235, 'Recall@5': 0.025842690983643897, 'NDCG@5': 0.01669359071036944, 'MRR@5': 0.013690052195810355, 'Recall*@10': 0.04333669921526542, 'NDCG*@10': 0.023209861408059414, 'MRR*@10': 0.017093602352990553, 'Recall*@5': 0.028303505709538095, 'NDCG*@5': 0.018363741871256094, 'MRR*@5': 0.015102325293880243}
INFO    [05-20 19:32:45] train in BasicTrainer:
duration: 39.53536009788513s
INFO    [05-20 19:32:45] train in BasicTrainer:
epoch: 10
INFO    [05-20 19:32:53] _train_one_epoch in BasicTrainer:
loss = 8.679814685474742
INFO    [05-20 19:33:23] log in loggers:
Update Best NDCG@10 Model at 10
INFO    [05-20 19:33:23] validate in BasicTrainer:
{'Recall@10': 0.041272953152656555, 'NDCG@10': 0.0220519438959085, 'MRR@10': 0.0162252842520292, 'Recall@5': 0.026773266064432952, 'NDCG@5': 0.01741414674772666, 'MRR@5': 0.01434128638356924, 'Recall*@10': 0.045196616592315525, 'NDCG*@10': 0.02417557528958871, 'MRR*@10': 0.017806135619489048, 'Recall*@5': 0.029334874250567876, 'NDCG*@5': 0.019092794651022323, 'MRR*@5': 0.0157358032436325}
INFO    [05-20 19:33:23] train in BasicTrainer:
duration: 38.131067514419556s
INFO    [05-20 19:33:23] train in BasicTrainer:
epoch: 11
INFO    [05-20 19:33:32] _train_one_epoch in BasicTrainer:
loss = 8.590332846208053
INFO    [05-20 19:34:02] log in loggers:
Update Best NDCG@10 Model at 11
INFO    [05-20 19:34:02] validate in BasicTrainer:
{'Recall@10': 0.041963673841494784, 'NDCG@10': 0.022494325844141152, 'MRR@10': 0.0165756346228031, 'Recall@5': 0.027870791032910347, 'NDCG@5': 0.01797714442587816, 'MRR@5': 0.01473497785627842, 'Recall*@10': 0.04520804062485695, 'NDCG*@10': 0.02437857137276576, 'MRR*@10': 0.018043894822207782, 'Recall*@5': 0.030076031358196184, 'NDCG*@5': 0.019514194904611662, 'MRR*@5': 0.01605354020228753}
INFO    [05-20 19:34:02] train in BasicTrainer:
duration: 39.53245425224304s
INFO    [05-20 19:34:02] train in BasicTrainer:
epoch: 12
INFO    [05-20 19:34:11] _train_one_epoch in BasicTrainer:
loss = 8.51187801361084
INFO    [05-20 19:34:41] validate in BasicTrainer:
{'Recall@10': 0.04174881113263277, 'NDCG@10': 0.02217466771029509, 'MRR@10': 0.016230025257055577, 'Recall@5': 0.02727825681750591, 'NDCG@5': 0.017514925736647386, 'MRR@5': 0.014318261653758012, 'Recall*@10': 0.04487127839372708, 'NDCG*@10': 0.023928208133349053, 'MRR*@10': 0.01755929136505494, 'Recall*@5': 0.029650367939701446, 'NDCG*@5': 0.019019010333487622, 'MRR*@5': 0.015540905941564303}
INFO    [05-20 19:34:41] train in BasicTrainer:
duration: 38.198644161224365s
INFO    [05-20 19:34:41] train in BasicTrainer:
epoch: 13
INFO    [05-20 19:34:49] _train_one_epoch in BasicTrainer:
loss = 8.438885515386408
INFO    [05-20 19:35:18] log in loggers:
Update Best NDCG@10 Model at 13
INFO    [05-20 19:35:18] validate in BasicTrainer:
{'Recall@10': 0.041671765538362354, 'NDCG@10': 0.02272605623763341, 'MRR@10': 0.01696811752537122, 'Recall@5': 0.027703841145222004, 'NDCG@5': 0.018234718232773818, 'MRR@5': 0.015129176469949575, 'Recall*@10': 0.04469568396990116, 'NDCG*@10': 0.024367049479713805, 'MRR*@10': 0.018190299518979512, 'Recall*@5': 0.02976037461597186, 'NDCG*@5': 0.019560919931301705, 'MRR*@5': 0.01622037711338355}
INFO    [05-20 19:35:18] train in BasicTrainer:
duration: 37.73871183395386s
INFO    [05-20 19:35:18] train in BasicTrainer:
epoch: 14
INFO    [05-20 19:35:27] _train_one_epoch in BasicTrainer:
loss = 8.365981379422275
INFO    [05-20 19:35:56] validate in BasicTrainer:
{'Recall@10': 0.041110434784339026, 'NDCG@10': 0.022117614316252563, 'MRR@10': 0.01636912816992173, 'Recall@5': 0.026708643740186326, 'NDCG@5': 0.017505490149442967, 'MRR@5': 0.014491810893210081, 'Recall*@10': 0.04432581708981441, 'NDCG*@10': 0.023873049622544877, 'MRR*@10': 0.01768391873114384, 'Recall*@5': 0.028694304852531508, 'NDCG*@5': 0.01886307419492648, 'MRR*@5': 0.01564210015707291}
INFO    [05-20 19:35:56] train in BasicTrainer:
duration: 38.13999128341675s
INFO    [05-20 19:35:56] train in BasicTrainer:
epoch: 15
INFO    [05-20 19:36:05] _train_one_epoch in BasicTrainer:
loss = 8.293673324584962
INFO    [05-20 19:36:34] validate in BasicTrainer:
{'Recall@10': 0.04138163763743181, 'NDCG@10': 0.022277967001383122, 'MRR@10': 0.016478904308034822, 'Recall@5': 0.026940215952121295, 'NDCG@5': 0.017645511919489272, 'MRR@5': 0.014588640501292853, 'Recall*@10': 0.04438035190105438, 'NDCG*@10': 0.023954235590421237, 'MRR*@10': 0.017750610024310075, 'Recall*@5': 0.028916506096720695, 'NDCG*@5': 0.01898162138576691, 'MRR*@5': 0.01571423080391609}
INFO    [05-20 19:36:34] train in BasicTrainer:
duration: 37.58054065704346s
INFO    [05-20 19:36:34] train in BasicTrainer:
epoch: 16
INFO    [05-20 19:36:43] _train_one_epoch in BasicTrainer:
loss = 8.218495594371449
INFO    [05-20 19:37:12] validate in BasicTrainer:
{'Recall@10': 0.04109579553970924, 'NDCG@10': 0.02225614109864602, 'MRR@10': 0.016524352563115265, 'Recall@5': 0.02739714874097934, 'NDCG@5': 0.017858297779009893, 'MRR@5': 0.014728511038881082, 'Recall*@10': 0.04404268643030754, 'NDCG*@10': 0.024041647234788306, 'MRR*@10': 0.01795899087133316, 'Recall*@5': 0.029516021219583657, 'NDCG*@5': 0.01938143243583349, 'MRR*@5': 0.01605803154122371}
INFO    [05-20 19:37:12] train in BasicTrainer:
duration: 38.34628868103027s
INFO    [05-20 19:37:12] train in BasicTrainer:
epoch: 17
INFO    [05-20 19:37:21] _train_one_epoch in BasicTrainer:
loss = 8.145894024588845
INFO    [05-20 19:37:50] validate in BasicTrainer:
{'Recall@10': 0.04083701624320103, 'NDCG@10': 0.02211060417959323, 'MRR@10': 0.016423568344460085, 'Recall@5': 0.026727278645222004, 'NDCG@5': 0.01756030457237592, 'MRR@5': 0.014553109971949687, 'Recall*@10': 0.04379567733177772, 'NDCG*@10': 0.02385076221365195, 'MRR*@10': 0.017795586600326575, 'Recall*@5': 0.028688579941025145, 'NDCG*@5': 0.018978549883915827, 'MRR*@5': 0.015792849043814037}
INFO    [05-20 19:37:50] train in BasicTrainer:
duration: 37.6392707824707s
INFO    [05-20 19:37:50] train in BasicTrainer:
epoch: 18
INFO    [05-20 19:37:59] _train_one_epoch in BasicTrainer:
loss = 8.073927454514937
INFO    [05-20 19:38:29] validate in BasicTrainer:
{'Recall@10': 0.04142540922531715, 'NDCG@10': 0.022358200441186245, 'MRR@10': 0.016606048179360535, 'Recall@5': 0.026251565808287032, 'NDCG@5': 0.017481521058541078, 'MRR@5': 0.014611034224239679, 'Recall*@10': 0.04454132312765488, 'NDCG*@10': 0.02406877322265735, 'MRR*@10': 0.01788886235310481, 'Recall*@5': 0.028527210394923504, 'NDCG*@5': 0.01892662263260438, 'MRR*@5': 0.015787931230778877}
INFO    [05-20 19:38:29] train in BasicTrainer:
duration: 38.67572474479675s
INFO    [05-20 19:38:29] train in BasicTrainer:
epoch: 19
INFO    [05-20 19:38:37] _train_one_epoch in BasicTrainer:
loss = 8.004378899660978
INFO    [05-20 19:39:06] validate in BasicTrainer:
{'Recall@10': 0.0403508053949246, 'NDCG@10': 0.021928023403653733, 'MRR@10': 0.016355993870932322, 'Recall@5': 0.026211935167129222, 'NDCG@5': 0.01739158982840868, 'MRR@5': 0.014504539780318737, 'Recall*@10': 0.043227300620996036, 'NDCG*@10': 0.02368422640630832, 'MRR*@10': 0.01776938011439947, 'Recall*@5': 0.028256369611391656, 'NDCG*@5': 0.018877920049887437, 'MRR*@5': 0.0158060655857508}
INFO    [05-20 19:39:06] train in BasicTrainer:
duration: 37.643983364105225s
INFO    [05-20 19:39:06] train in BasicTrainer:
epoch: 20
INFO    [05-20 19:39:15] _train_one_epoch in BasicTrainer:
loss = 7.937598098408092
INFO    [05-20 19:39:45] validate in BasicTrainer:
{'Recall@10': 0.04035716217297774, 'NDCG@10': 0.022441033130654923, 'MRR@10': 0.017006513590996083, 'Recall@5': 0.026979846593279105, 'NDCG@5': 0.018148937190954503, 'MRR@5': 0.0152550432114647, 'Recall*@10': 0.042946725797194704, 'NDCG*@10': 0.023953855180969603, 'MRR*@10': 0.018181248711278804, 'Recall*@5': 0.028951198005905517, 'NDCG*@5': 0.01945523674098345, 'MRR*@5': 0.016340747833825074}
INFO    [05-20 19:39:45] train in BasicTrainer:
duration: 38.818992137908936s
INFO    [05-20 19:39:45] train in BasicTrainer:
epoch: 21
INFO    [05-20 19:39:54] _train_one_epoch in BasicTrainer:
loss = 7.866863094676624
INFO    [05-20 19:40:23] validate in BasicTrainer:
{'Recall@10': 0.04042799598895586, 'NDCG@10': 0.02229641779110982, 'MRR@10': 0.01678892246519144, 'Recall@5': 0.026735705968279105, 'NDCG@5': 0.017889446650560085, 'MRR@5': 0.014982292643533303, 'Recall*@10': 0.043243785603688314, 'NDCG*@10': 0.024000469738474257, 'MRR*@10': 0.018154673135051362, 'Recall*@5': 0.0287259196719298, 'NDCG*@5': 0.01932492207449216, 'MRR*@5': 0.016236537924179666}
INFO    [05-20 19:40:23] train in BasicTrainer:
duration: 37.61315703392029s
INFO    [05-20 19:40:23] train in BasicTrainer:
epoch: 22
INFO    [05-20 19:40:32] _train_one_epoch in BasicTrainer:
loss = 7.8014169432900164
INFO    [05-20 19:41:02] validate in BasicTrainer:
{'Recall@10': 0.04098932702953999, 'NDCG@10': 0.022528373564665135, 'MRR@10': 0.016933032884620704, 'Recall@5': 0.026779477699444845, 'NDCG@5': 0.017969282630544443, 'MRR@5': 0.015072707086801529, 'Recall*@10': 0.043677436044582955, 'NDCG*@10': 0.024086755628769215, 'MRR*@10': 0.01814121910585807, 'Recall*@5': 0.02880145852955488, 'NDCG*@5': 0.01930828893987032, 'MRR*@5': 0.016188112015907582}
INFO    [05-20 19:41:02] train in BasicTrainer:
duration: 38.87643265724182s
INFO    [05-20 19:41:02] train in BasicTrainer:
epoch: 23
INFO    [05-20 19:41:10] _train_one_epoch in BasicTrainer:
loss = 7.732778843966398
INFO    [05-20 19:41:39] log in loggers:
Update Best NDCG@10 Model at 23
INFO    [05-20 19:41:39] validate in BasicTrainer:
{'Recall@10': 0.04105409464010826, 'NDCG@10': 0.022760456857772973, 'MRR@10': 0.017212678463413164, 'Recall@5': 0.02689008744290242, 'NDCG@5': 0.01822004460084897, 'MRR@5': 0.015362082049250603, 'Recall*@10': 0.04414049679270157, 'NDCG*@10': 0.02443299413873599, 'MRR*@10': 0.018460035252456482, 'Recall*@5': 0.028729339488423787, 'NDCG*@5': 0.019484690175606653, 'MRR*@5': 0.016438482615810174}
INFO    [05-20 19:41:39] train in BasicTrainer:
duration: 37.680036306381226s
INFO    [05-20 19:41:39] train in BasicTrainer:
epoch: 24
INFO    [05-20 19:41:48] _train_one_epoch in BasicTrainer:
loss = 7.666795687241987
INFO    [05-20 19:42:18] validate in BasicTrainer:
{'Recall@10': 0.04058873424163231, 'NDCG@10': 0.022383201867341995, 'MRR@10': 0.016858102252277043, 'Recall@5': 0.026902655855967447, 'NDCG@5': 0.017978639126970217, 'MRR@5': 0.015053017996251583, 'Recall*@10': 0.04356451590473835, 'NDCG*@10': 0.023981086909770966, 'MRR*@10': 0.018036438080553826, 'Recall*@5': 0.028888244181871414, 'NDCG*@5': 0.01925413289035742, 'MRR*@5': 0.016096897423267365}
INFO    [05-20 19:42:18] train in BasicTrainer:
duration: 39.11092519760132s
INFO    [05-20 19:42:18] train in BasicTrainer:
epoch: 25
INFO    [05-20 19:42:27] _train_one_epoch in BasicTrainer:
loss = 7.603563490780917
INFO    [05-20 19:43:00] log in loggers:
Update Best NDCG@10 Model at 25
INFO    [05-20 19:43:00] validate in BasicTrainer:
{'Recall@10': 0.04135664581106259, 'NDCG@10': 0.02284653312884844, 'MRR@10': 0.017224787591168515, 'Recall@5': 0.027384725470955554, 'NDCG@5': 0.01834246774132435, 'MRR@5': 0.015374438335689215, 'Recall*@10': 0.04448556785400097, 'NDCG*@10': 0.024674971229754962, 'MRR*@10': 0.01865561456921009, 'Recall*@5': 0.02948728733910964, 'NDCG*@5': 0.019833089497226935, 'MRR*@5': 0.01666229784202117}
INFO    [05-20 19:43:00] train in BasicTrainer:
duration: 41.94496393203735s
INFO    [05-20 19:43:00] train in BasicTrainer:
epoch: 26
INFO    [05-20 19:43:09] _train_one_epoch in BasicTrainer:
loss = 7.541030060161244
INFO    [05-20 19:43:38] log in loggers:
Update Best NDCG@10 Model at 26
INFO    [05-20 19:43:38] validate in BasicTrainer:
{'Recall@10': 0.040924704705293365, 'NDCG@10': 0.02294471960228223, 'MRR@10': 0.0174951316932073, 'Recall@5': 0.027668496737113364, 'NDCG@5': 0.018712372805636663, 'MRR@5': 0.015779584359664183, 'Recall*@10': 0.043713941310460754, 'NDCG*@10': 0.024524481537250373, 'MRR*@10': 0.018702430722232048, 'Recall*@5': 0.02942912667416609, 'NDCG*@5': 0.019953153167779628, 'MRR*@5': 0.016843272301440056}
INFO    [05-20 19:43:38] train in BasicTrainer:
duration: 38.07162880897522s
INFO    [05-20 19:43:38] train in BasicTrainer:
epoch: 27
INFO    [05-20 19:43:47] _train_one_epoch in BasicTrainer:
loss = 7.474220206520775
INFO    [05-20 19:44:17] log in loggers:
Update Best NDCG@10 Model at 27
INFO    [05-20 19:44:18] validate in BasicTrainer:
{'Recall@10': 0.04148396505759312, 'NDCG@10': 0.02313497433295617, 'MRR@10': 0.01755900838627265, 'Recall@5': 0.028140068484040406, 'NDCG@5': 0.018859212215130147, 'MRR@5': 0.015817388175771788, 'Recall*@10': 0.04468564746471552, 'NDCG*@10': 0.024903307453944132, 'MRR*@10': 0.01889636503675809, 'Recall*@5': 0.030208626905312903, 'NDCG*@5': 0.02026554010808468, 'MRR*@5': 0.017007804260804102}
INFO    [05-20 19:44:18] train in BasicTrainer:
duration: 39.291749000549316s
INFO    [05-20 19:44:18] train in BasicTrainer:
epoch: 28
INFO    [05-20 19:44:26] _train_one_epoch in BasicTrainer:
loss = 7.408696035905318
INFO    [05-20 19:45:03] log in loggers:
Update Best NDCG@10 Model at 28
INFO    [05-20 19:45:06] validate in BasicTrainer:
{'Recall@10': 0.04306977127607052, 'NDCG@10': 0.023972150224905748, 'MRR@10': 0.018185697639217742, 'Recall@5': 0.028532378948651828, 'NDCG@5': 0.019298234023153782, 'MRR@5': 0.01627209302611076, 'Recall*@10': 0.04583533165546564, 'NDCG*@10': 0.025643077607338246, 'MRR*@10': 0.01951981966312115, 'Recall*@5': 0.030664997461896677, 'NDCG*@5': 0.0207618186966731, 'MRR*@5': 0.01751923181403142}
INFO    [05-20 19:45:06] train in BasicTrainer:
duration: 48.2858772277832s
INFO    [05-20 19:45:06] train in BasicTrainer:
epoch: 29
INFO    [05-20 19:45:15] _train_one_epoch in BasicTrainer:
loss = 7.351389312744141
INFO    [05-20 19:45:49] validate in BasicTrainer:
{'Recall@10': 0.040939343663362354, 'NDCG@10': 0.023081211659770746, 'MRR@10': 0.017659410404471252, 'Recall@5': 0.027841658259813603, 'NDCG@5': 0.0188981148485954, 'MRR@5': 0.01596391272659485, 'Recall*@10': 0.04390405691587008, 'NDCG*@10': 0.02480330318212509, 'MRR*@10': 0.019001376886780445, 'Recall*@5': 0.02986406649534519, 'NDCG*@5': 0.020317821118694086, 'MRR*@5': 0.017182463565124914}
INFO    [05-20 19:45:49] train in BasicTrainer:
duration: 42.779317140579224s
INFO    [05-20 19:45:49] train in BasicTrainer:
epoch: 30
INFO    [05-20 19:45:57] _train_one_epoch in BasicTrainer:
loss = 7.290345478057861
INFO    [05-20 19:46:26] validate in BasicTrainer:
{'Recall@10': 0.04147967868126356, 'NDCG@10': 0.023153399045650776, 'MRR@10': 0.017594842741695736, 'Recall@5': 0.027491048981363956, 'NDCG@5': 0.01864557584317831, 'MRR@5': 0.015743624204053328, 'Recall*@10': 0.04419062974361273, 'NDCG*@10': 0.024685157033113334, 'MRR*@10': 0.018765573819669392, 'Recall*@5': 0.029358421810544454, 'NDCG*@5': 0.01990500192802686, 'MRR*@5': 0.016802271111653402}
INFO    [05-20 19:46:26] train in BasicTrainer:
duration: 37.5193657875061s
INFO    [05-20 19:46:26] train in BasicTrainer:
epoch: 31
INFO    [05-20 19:46:35] _train_one_epoch in BasicTrainer:
loss = 7.231571969118986
INFO    [05-20 19:47:05] validate in BasicTrainer:
{'Recall@10': 0.04155908524990082, 'NDCG@10': 0.023373583904825725, 'MRR@10': 0.017867331751264058, 'Recall@5': 0.02774361692942106, 'NDCG@5': 0.01892405254049943, 'MRR@5': 0.01604073544820914, 'Recall*@10': 0.04453929141163826, 'NDCG*@10': 0.024871481009400807, 'MRR*@10': 0.01892036872987564, 'Recall*@5': 0.02960461865250881, 'NDCG*@5': 0.020070191042927597, 'MRR*@5': 0.01695455317027294}
INFO    [05-20 19:47:05] train in BasicTrainer:
duration: 38.34718465805054s
INFO    [05-20 19:47:05] train in BasicTrainer:
epoch: 32
INFO    [05-20 19:47:13] _train_one_epoch in BasicTrainer:
loss = 7.181487066095525
INFO    [05-20 19:47:44] log in loggers:
Update Best NDCG@10 Model at 32
INFO    [05-20 19:47:45] validate in BasicTrainer:
{'Recall@10': 0.04241661068338614, 'NDCG@10': 0.024248209567024157, 'MRR@10': 0.01873713072675925, 'Recall@5': 0.028642843549068157, 'NDCG@5': 0.019838877452107575, 'MRR@5': 0.016943190103540055, 'Recall*@10': 0.045094330150347486, 'NDCG*@10': 0.02590474930520241, 'MRR*@10': 0.02007538266479969, 'Recall*@5': 0.030710580973671034, 'NDCG*@5': 0.02130301196414691, 'MRR*@5': 0.018204720834126838}
INFO    [05-20 19:47:45] train in BasicTrainer:
duration: 40.54310965538025s
INFO    [05-20 19:47:45] train in BasicTrainer:
epoch: 33
INFO    [05-20 19:47:54] _train_one_epoch in BasicTrainer:
loss = 7.123949345675382
INFO    [05-20 19:48:26] log in loggers:
Update Best NDCG@10 Model at 33
INFO    [05-20 19:48:27] validate in BasicTrainer:
{'Recall@10': 0.04303014049163231, 'NDCG@10': 0.024315937637136534, 'MRR@10': 0.01862975453528074, 'Recall@5': 0.029099921480967447, 'NDCG@5': 0.019836908063063256, 'MRR@5': 0.0167960048151704, 'Recall*@10': 0.04641294651306593, 'NDCG*@10': 0.02616756624327256, 'MRR*@10': 0.020020199509767387, 'Recall*@5': 0.03127535317952816, 'NDCG*@5': 0.021304329140828207, 'MRR*@5': 0.018031429642668136}
INFO    [05-20 19:48:27] train in BasicTrainer:
duration: 42.22010111808777s
INFO    [05-20 19:48:27] train in BasicTrainer:
epoch: 34
INFO    [05-20 19:48:36] _train_one_epoch in BasicTrainer:
loss = 7.071827090870251
INFO    [05-20 19:49:06] log in loggers:
Update Best NDCG@10 Model at 34
INFO    [05-20 19:49:07] validate in BasicTrainer:
{'Recall@10': 0.042589917205847226, 'NDCG@10': 0.024677922805914514, 'MRR@10': 0.019227828114078596, 'Recall@5': 0.02969866733138378, 'NDCG@5': 0.02054825210227416, 'MRR@5': 0.01754635737205927, 'Recall*@10': 0.04514701693103863, 'NDCG*@10': 0.026257576420903206, 'MRR*@10': 0.02050416601391939, 'Recall*@5': 0.03172230276350792, 'NDCG*@5': 0.021957262204243586, 'MRR*@5': 0.018753262809835948}
INFO    [05-20 19:49:07] train in BasicTrainer:
duration: 39.219791412353516s
INFO    [05-20 19:49:07] train in BasicTrainer:
epoch: 35
INFO    [05-20 19:49:16] _train_one_epoch in BasicTrainer:
loss = 7.029179789803245
INFO    [05-20 19:49:54] validate in BasicTrainer:
{'Recall@10': 0.04195760734952413, 'NDCG@10': 0.024357872370343942, 'MRR@10': 0.019007246511486862, 'Recall@5': 0.02895175164135603, 'NDCG@5': 0.020173790219884653, 'MRR@5': 0.017293631887206666, 'Recall*@10': 0.04469343246175693, 'NDCG*@10': 0.02587299134868842, 'MRR*@10': 0.02015856409875246, 'Recall*@5': 0.030621032015635416, 'NDCG*@5': 0.021349343972710464, 'MRR*@5': 0.018308006800138034}
INFO    [05-20 19:49:54] train in BasicTrainer:
duration: 47.73291230201721s
INFO    [05-20 19:49:54] train in BasicTrainer:
epoch: 36
INFO    [05-20 19:50:09] _train_one_epoch in BasicTrainer:
loss = 6.980496025085449
INFO    [05-20 19:50:40] validate in BasicTrainer:
{'Recall@10': 0.0427610083268239, 'NDCG@10': 0.024472338505662404, 'MRR@10': 0.018911317707254335, 'Recall@5': 0.02941918229827514, 'NDCG@5': 0.020175977824972227, 'MRR@5': 0.017148598455465756, 'Recall*@10': 0.0455725657252165, 'NDCG*@10': 0.02600522396656183, 'MRR*@10': 0.0200543450908019, 'Recall*@5': 0.03145844202775221, 'NDCG*@5': 0.021463973734241266, 'MRR*@5': 0.018193345087078903}
INFO    [05-20 19:50:40] train in BasicTrainer:
duration: 45.58718419075012s
INFO    [05-20 19:50:40] train in BasicTrainer:
epoch: 37
INFO    [05-20 19:50:49] _train_one_epoch in BasicTrainer:
loss = 6.937369173223322
INFO    [05-20 19:51:19] log in loggers:
Update Best NDCG@10 Model at 37
INFO    [05-20 19:51:19] validate in BasicTrainer:
{'Recall@10': 0.04388559552339407, 'NDCG@10': 0.025134875797308408, 'MRR@10': 0.019442029010791045, 'Recall@5': 0.029840625535983305, 'NDCG@5': 0.02062704600393772, 'MRR@5': 0.017601340650939025, 'Recall*@10': 0.046622735663102224, 'NDCG*@10': 0.026621240119521435, 'MRR*@10': 0.020550153146569546, 'Recall*@5': 0.03166957328525873, 'NDCG*@5': 0.021822153089138176, 'MRR*@5': 0.01859075905611882}
INFO    [05-20 19:51:19] train in BasicTrainer:
duration: 39.34039521217346s
INFO    [05-20 19:51:19] train in BasicTrainer:
epoch: 38
INFO    [05-20 19:51:28] _train_one_epoch in BasicTrainer:
loss = 6.889669054204767
INFO    [05-20 19:51:57] log in loggers:
Update Best NDCG@10 Model at 38
INFO    [05-20 19:51:57] validate in BasicTrainer:
{'Recall@10': 0.044115242476646714, 'NDCG@10': 0.02567994136076707, 'MRR@10': 0.02006768936721178, 'Recall@5': 0.03089851986330289, 'NDCG@5': 0.021429921858585797, 'MRR@5': 0.018327732068987992, 'Recall*@10': 0.04688906526336303, 'NDCG*@10': 0.027093305753973815, 'MRR*@10': 0.021063855061164267, 'Recall*@5': 0.03271141633964502, 'NDCG*@5': 0.022529766250115175, 'MRR*@5': 0.01919293303329211}
INFO    [05-20 19:51:57] train in BasicTrainer:
duration: 37.905932664871216s
INFO    [05-20 19:51:57] train in BasicTrainer:
epoch: 39
INFO    [05-20 19:52:06] _train_one_epoch in BasicTrainer:
loss = 6.850070346485484
INFO    [05-20 19:52:37] validate in BasicTrainer:
{'Recall@10': 0.043950362847401545, 'NDCG@10': 0.02560877026273654, 'MRR@10': 0.02003901394513937, 'Recall@5': 0.030322695150971413, 'NDCG@5': 0.02122994985144872, 'MRR@5': 0.01824828588332121, 'Recall*@10': 0.04678093498715988, 'NDCG*@10': 0.02708368920362913, 'MRR*@10': 0.021105972190315906, 'Recall*@5': 0.032145290850446775, 'NDCG*@5': 0.0223856450846562, 'MRR*@5': 0.01918730490769331}
INFO    [05-20 19:52:37] train in BasicTrainer:
duration: 39.376211166381836s
INFO    [05-20 19:52:37] train in BasicTrainer:
epoch: 40
INFO    [05-20 19:52:45] _train_one_epoch in BasicTrainer:
loss = 6.806545812433416
INFO    [05-20 19:53:16] log in loggers:
Update Best NDCG@10 Model at 40
INFO    [05-20 19:53:16] validate in BasicTrainer:
{'Recall@10': 0.044142304704739496, 'NDCG@10': 0.025720809084864762, 'MRR@10': 0.0201348765538289, 'Recall@5': 0.030619034830194253, 'NDCG@5': 0.02137980008354554, 'MRR@5': 0.018361800278608616, 'Recall*@10': 0.046952250198676035, 'NDCG*@10': 0.02726487643443621, 'MRR*@10': 0.02129522725366629, 'Recall*@5': 0.03247112723497244, 'NDCG*@5': 0.02260848292364524, 'MRR*@5': 0.019388764666823242}
INFO    [05-20 19:53:16] train in BasicTrainer:
duration: 39.85984778404236s
INFO    [05-20 19:53:16] train in BasicTrainer:
epoch: 41
INFO    [05-20 19:53:25] _train_one_epoch in BasicTrainer:
loss = 6.768018254366788
INFO    [05-20 19:53:55] log in loggers:
Update Best NDCG@10 Model at 41
INFO    [05-20 19:53:56] validate in BasicTrainer:
{'Recall@10': 0.044763971406679884, 'NDCG@10': 0.02600227353664545, 'MRR@10': 0.020284857027805768, 'Recall@5': 0.03131582201100313, 'NDCG@5': 0.0216738826666887, 'MRR@5': 0.018510310265880365, 'Recall*@10': 0.04775397852063179, 'NDCG*@10': 0.027685672617875613, 'MRR*@10': 0.021580041027986087, 'Recall*@5': 0.033118247699279055, 'NDCG*@5': 0.02297318956026664, 'MRR*@5': 0.01964681796156443}
INFO    [05-20 19:53:56] train in BasicTrainer:
duration: 39.8310329914093s
INFO    [05-20 19:53:56] train in BasicTrainer:
epoch: 42
INFO    [05-20 19:54:05] _train_one_epoch in BasicTrainer:
loss = 6.736545467376709
INFO    [05-20 19:54:43] log in loggers:
Update Best NDCG@10 Model at 42
INFO    [05-20 19:54:44] validate in BasicTrainer:
{'Recall@10': 0.04468056903435634, 'NDCG@10': 0.026356617991740886, 'MRR@10': 0.020781091342751797, 'Recall@5': 0.03129497141792224, 'NDCG@5': 0.022059272401607953, 'MRR@5': 0.0190257398554912, 'Recall*@10': 0.047865574463055685, 'NDCG*@10': 0.028173636358517867, 'MRR*@10': 0.022192352952865455, 'Recall*@5': 0.033227075751011186, 'NDCG*@5': 0.023476371398338906, 'MRR*@5': 0.020275089889764786}
INFO    [05-20 19:54:44] train in BasicTrainer:
duration: 47.35553050041199s
INFO    [05-20 19:54:44] train in BasicTrainer:
epoch: 43
INFO    [05-20 19:54:52] _train_one_epoch in BasicTrainer:
loss = 6.695451970533891
INFO    [05-20 19:55:23] log in loggers:
Update Best NDCG@10 Model at 43
INFO    [05-20 19:55:24] validate in BasicTrainer:
{'Recall@10': 0.04487251089169429, 'NDCG@10': 0.02637417084322526, 'MRR@10': 0.02075185999274254, 'Recall@5': 0.030973640055610582, 'NDCG@5': 0.021908522511904057, 'MRR@5': 0.01892565591977193, 'Recall*@10': 0.04774467446483099, 'NDCG*@10': 0.027910769988711063, 'MRR*@10': 0.02188090607523918, 'Recall*@5': 0.0328564360164679, 'NDCG*@5': 0.023121427601346604, 'MRR*@5': 0.019919056445360184}
INFO    [05-20 19:55:24] train in BasicTrainer:
duration: 40.14417576789856s
INFO    [05-20 19:55:24] train in BasicTrainer:
epoch: 44
INFO    [05-20 19:55:32] _train_one_epoch in BasicTrainer:
loss = 6.657694625854492
INFO    [05-20 19:56:03] validate in BasicTrainer:
{'Recall@10': 0.044534470026309676, 'NDCG@10': 0.026130190262427695, 'MRR@10': 0.020553935892306842, 'Recall@5': 0.030564620087926205, 'NDCG@5': 0.021660849165457945, 'MRR@5': 0.01873722142324998, 'Recall*@10': 0.04754033398169737, 'NDCG*@10': 0.02770826335136707, 'MRR*@10': 0.021704144346026275, 'Recall*@5': 0.03221505092313656, 'NDCG*@5': 0.02280385147493619, 'MRR*@5': 0.019709813910034988}
INFO    [05-20 19:56:03] train in BasicTrainer:
duration: 38.73971390724182s
INFO    [05-20 19:56:03] train in BasicTrainer:
epoch: 45
INFO    [05-20 19:56:11] _train_one_epoch in BasicTrainer:
loss = 6.622307872772216
INFO    [05-20 19:56:40] log in loggers:
Update Best NDCG@10 Model at 45
INFO    [05-20 19:56:41] validate in BasicTrainer:
{'Recall@10': 0.04535250996167843, 'NDCG@10': 0.026791760268119667, 'MRR@10': 0.02114879970367138, 'Recall@5': 0.03188129399831478, 'NDCG@5': 0.022492064592929985, 'MRR@5': 0.01940670394553588, 'Recall*@10': 0.04811610109530962, 'NDCG*@10': 0.028294090611430314, 'MRR*@10': 0.022274771848550208, 'Recall*@5': 0.033516877402479835, 'NDCG*@5': 0.023630097365150086, 'MRR*@5': 0.020382511214568064}
INFO    [05-20 19:56:41] train in BasicTrainer:
duration: 38.060874700546265s
INFO    [05-20 19:56:41] train in BasicTrainer:
epoch: 46
INFO    [05-20 19:56:49] _train_one_epoch in BasicTrainer:
loss = 6.591644729267467
INFO    [05-20 19:57:19] log in loggers:
Update Best NDCG@10 Model at 46
INFO    [05-20 19:57:19] validate in BasicTrainer:
{'Recall@10': 0.04561957143820249, 'NDCG@10': 0.02684190396506053, 'MRR@10': 0.021138916365229167, 'Recall@5': 0.03159131109714508, 'NDCG@5': 0.02233615732536866, 'MRR@5': 0.019297116077863254, 'Recall*@10': 0.04830764148097772, 'NDCG*@10': 0.02820909137909229, 'MRR*@10': 0.022103676142600868, 'Recall*@5': 0.03334375900717882, 'NDCG*@5': 0.023405544173259, 'MRR*@5': 0.020141655435928933}
INFO    [05-20 19:57:19] train in BasicTrainer:
duration: 38.31588172912598s
INFO    [05-20 19:57:19] train in BasicTrainer:
epoch: 47
INFO    [05-20 19:57:28] _train_one_epoch in BasicTrainer:
loss = 6.558429934761741
INFO    [05-20 19:57:57] validate in BasicTrainer:
{'Recall@10': 0.044828739017248154, 'NDCG@10': 0.026599854660721924, 'MRR@10': 0.021051151821246512, 'Recall@5': 0.03167692915751384, 'NDCG@5': 0.022373306636626903, 'MRR@5': 0.019322224964316074, 'Recall*@10': 0.04761542351200031, 'NDCG*@10': 0.028072921129373405, 'MRR*@10': 0.02211976767732547, 'Recall*@5': 0.03363689493674498, 'NDCG*@5': 0.023579476544490226, 'MRR*@5': 0.020280829702432338}
INFO    [05-20 19:57:57] train in BasicTrainer:
duration: 38.06734776496887s
INFO    [05-20 19:57:57] train in BasicTrainer:
epoch: 48
INFO    [05-20 19:58:06] _train_one_epoch in BasicTrainer:
loss = 6.524422220750289
INFO    [05-20 19:58:36] log in loggers:
Update Best NDCG@10 Model at 48
INFO    [05-20 19:58:37] validate in BasicTrainer:
{'Recall@10': 0.04508130710858565, 'NDCG@10': 0.026904737290281516, 'MRR@10': 0.02138321617474923, 'Recall@5': 0.03160802060021804, 'NDCG@5': 0.02258335154217023, 'MRR@5': 0.019620733049053412, 'Recall*@10': 0.04777836312468235, 'NDCG*@10': 0.028300660877273634, 'MRR*@10': 0.022383541585161135, 'Recall*@5': 0.03329334322076578, 'NDCG*@5': 0.023645406732192405, 'MRR*@5': 0.02047955975509607}
INFO    [05-20 19:58:37] train in BasicTrainer:
duration: 39.68798851966858s
INFO    [05-20 19:58:37] train in BasicTrainer:
epoch: 49
INFO    [05-20 19:58:45] _train_one_epoch in BasicTrainer:
loss = 6.496541144631125
INFO    [05-20 19:59:14] log in loggers:
Update Best NDCG@10 Model at 49
INFO    [05-20 19:59:15] validate in BasicTrainer:
{'Recall@10': 0.04487886738318663, 'NDCG@10': 0.026909820305613372, 'MRR@10': 0.021447485599380273, 'Recall@5': 0.03164558069637188, 'NDCG@5': 0.02266629871267539, 'MRR@5': 0.019716586631077986, 'Recall*@10': 0.047582679929641575, 'NDCG*@10': 0.028237020023740254, 'MRR*@10': 0.02235793838134179, 'Recall*@5': 0.03331959777726577, 'NDCG*@5': 0.023661344956893187, 'MRR*@5': 0.0204904441936658}
INFO    [05-20 19:59:15] train in BasicTrainer:
duration: 38.60092568397522s
INFO    [05-20 19:59:15] train in BasicTrainer:
epoch: 50
INFO    [05-20 19:59:24] _train_one_epoch in BasicTrainer:
loss = 6.467266741665926
INFO    [05-20 19:59:59] log in loggers:
Update Best NDCG@10 Model at 50
INFO    [05-20 20:00:02] validate in BasicTrainer:
{'Recall@10': 0.045072879642248154, 'NDCG@10': 0.027104104940707866, 'MRR@10': 0.021636867752441995, 'Recall@5': 0.031893862411379814, 'NDCG@5': 0.022882703118599378, 'MRR@5': 0.019918221407211743, 'Recall*@10': 0.04777481435583188, 'NDCG*@10': 0.02858259013065925, 'MRR*@10': 0.02274177151803787, 'Recall*@5': 0.03376832561424145, 'NDCG*@5': 0.024095992629344646, 'MRR*@5': 0.02091518001487622}
INFO    [05-20 20:00:02] train in BasicTrainer:
duration: 47.22130990028381s
INFO    [05-20 20:00:02] train in BasicTrainer:
epoch: 51
INFO    [05-20 20:00:11] _train_one_epoch in BasicTrainer:
loss = 6.4374039996754036
INFO    [05-20 20:00:41] log in loggers:
Update Best NDCG@10 Model at 51
INFO    [05-20 20:00:42] validate in BasicTrainer:
{'Recall@10': 0.04642918419379454, 'NDCG@10': 0.027619374772677056, 'MRR@10': 0.021904799084250744, 'Recall@5': 0.032578226465445295, 'NDCG@5': 0.023188647742454823, 'MRR@5': 0.020104567591960613, 'Recall*@10': 0.049355414051275984, 'NDCG*@10': 0.029156741184683945, 'MRR*@10': 0.023019973045358293, 'Recall*@5': 0.034465680042138465, 'NDCG*@5': 0.02439972672324914, 'MRR*@5': 0.021090677437873986}
INFO    [05-20 20:00:42] train in BasicTrainer:
duration: 39.64948797225952s
INFO    [05-20 20:00:42] train in BasicTrainer:
epoch: 52
INFO    [05-20 20:00:51] _train_one_epoch in BasicTrainer:
loss = 6.4137395511973985
INFO    [05-20 20:01:22] log in loggers:
Update Best NDCG@10 Model at 52
INFO    [05-20 20:01:23] validate in BasicTrainer:
{'Recall@10': 0.04636042077953999, 'NDCG@10': 0.027767722136699237, 'MRR@10': 0.02210602407845167, 'Recall@5': 0.03293090614561851, 'NDCG@5': 0.023461429258951776, 'MRR@5': 0.020350487902760506, 'Recall*@10': 0.049157291364211306, 'NDCG*@10': 0.029215222224593163, 'MRR*@10': 0.023143258232336778, 'Recall*@5': 0.034744399098249584, 'NDCG*@5': 0.024596898458324946, 'MRR*@5': 0.02126230227832611}
INFO    [05-20 20:01:23] train in BasicTrainer:
duration: 40.551966190338135s
INFO    [05-20 20:01:23] train in BasicTrainer:
epoch: 53
INFO    [05-20 20:01:32] _train_one_epoch in BasicTrainer:
loss = 6.388335826180198
INFO    [05-20 20:02:02] validate in BasicTrainer:
{'Recall@10': 0.045074950043971725, 'NDCG@10': 0.02743891956141362, 'MRR@10': 0.022071959307560556, 'Recall@5': 0.032302882379064195, 'NDCG@5': 0.023343148856208876, 'MRR@5': 0.020401838737038467, 'Recall*@10': 0.04765396393262423, 'NDCG*@10': 0.02878307135632405, 'MRR*@10': 0.023043880239129066, 'Recall*@5': 0.03379976076002304, 'NDCG*@5': 0.024339098626604445, 'MRR*@5': 0.02123111615387293}
INFO    [05-20 20:02:02] train in BasicTrainer:
duration: 39.044524908065796s
INFO    [05-20 20:02:02] train in BasicTrainer:
epoch: 54
INFO    [05-20 20:02:11] _train_one_epoch in BasicTrainer:
loss = 6.363318954814564
INFO    [05-20 20:02:42] log in loggers:
Update Best NDCG@10 Model at 54
INFO    [05-20 20:02:42] validate in BasicTrainer:
{'Recall@10': 0.046583565668417856, 'NDCG@10': 0.027899649997170154, 'MRR@10': 0.022234453891332332, 'Recall@5': 0.031985692106760465, 'NDCG@5': 0.023204930843069002, 'MRR@5': 0.020311887017809428, 'Recall*@10': 0.049327395569819674, 'NDCG*@10': 0.029450961746848546, 'MRR*@10': 0.023425590390196212, 'Recall*@5': 0.033694751417407624, 'NDCG*@5': 0.024419004957263287, 'MRR*@5': 0.021362247948463146}
INFO    [05-20 20:02:42] train in BasicTrainer:
duration: 40.77193069458008s
INFO    [05-20 20:02:42] train in BasicTrainer:
epoch: 55
INFO    [05-20 20:02:51] _train_one_epoch in BasicTrainer:
loss = 6.337514764612371
INFO    [05-20 20:03:22] log in loggers:
Update Best NDCG@10 Model at 55
INFO    [05-20 20:03:24] validate in BasicTrainer:
{'Recall@10': 0.045826151967048645, 'NDCG@10': 0.02797880912056336, 'MRR@10': 0.02253582400198166, 'Recall@5': 0.032784806994291454, 'NDCG@5': 0.02376121970323416, 'MRR@5': 0.020794855860563424, 'Recall*@10': 0.04836914115227186, 'NDCG*@10': 0.029380182090860147, 'MRR*@10': 0.02358582243323326, 'Recall*@5': 0.034652200169288196, 'NDCG*@5': 0.024947423201340895, 'MRR*@5': 0.021757659287406847}
INFO    [05-20 20:03:24] train in BasicTrainer:
duration: 41.10316348075867s
INFO    [05-20 20:03:24] train in BasicTrainer:
epoch: 56
INFO    [05-20 20:03:32] _train_one_epoch in BasicTrainer:
loss = 6.309677401455966
INFO    [05-20 20:04:03] validate in BasicTrainer:
{'Recall@10': 0.046331142863402, 'NDCG@10': 0.027961415740159843, 'MRR@10': 0.022384112270978782, 'Recall@5': 0.03270968680198376, 'NDCG@5': 0.023599649421297587, 'MRR@5': 0.020609258459164545, 'Recall*@10': 0.04895108537032054, 'NDCG*@10': 0.029337536543607712, 'MRR*@10': 0.023378351130164586, 'Recall*@5': 0.03451091452286793, 'NDCG*@5': 0.024713334125968125, 'MRR*@5': 0.021496511565951202}
INFO    [05-20 20:04:03] train in BasicTrainer:
duration: 39.15458154678345s
INFO    [05-20 20:04:03] train in BasicTrainer:
epoch: 57
INFO    [05-20 20:04:12] _train_one_epoch in BasicTrainer:
loss = 6.285072820836848
INFO    [05-20 20:04:43] log in loggers:
Update Best NDCG@10 Model at 57
INFO    [05-20 20:04:43] validate in BasicTrainer:
{'Recall@10': 0.04679221659898758, 'NDCG@10': 0.028653796905508407, 'MRR@10': 0.023151219464265384, 'Recall@5': 0.033216748100060686, 'NDCG@5': 0.02431023636689553, 'MRR@5': 0.02138554534086814, 'Recall*@10': 0.04942211193534044, 'NDCG*@10': 0.0301573694898532, 'MRR*@10': 0.024313582107424736, 'Recall*@5': 0.03501919427743325, 'NDCG*@5': 0.025546157302764747, 'MRR*@5': 0.022437324604162805}
INFO    [05-20 20:04:43] train in BasicTrainer:
duration: 40.51403856277466s
INFO    [05-20 20:04:43] train in BasicTrainer:
epoch: 58
INFO    [05-20 20:04:52] _train_one_epoch in BasicTrainer:
loss = 6.262625434181907
INFO    [05-20 20:05:22] validate in BasicTrainer:
{'Recall@10': 0.04702393424052458, 'NDCG@10': 0.028648067838870563, 'MRR@10': 0.023059806428276576, 'Recall@5': 0.0335173738690523, 'NDCG@5': 0.02432784538429517, 'MRR@5': 0.021304414965785466, 'Recall*@10': 0.0494273600096886, 'NDCG*@10': 0.02996299587763273, 'MRR*@10': 0.0240360157421002, 'Recall*@5': 0.0353409845668536, 'NDCG*@5': 0.025456970987411644, 'MRR*@5': 0.022204623342706606}
INFO    [05-20 20:05:22] train in BasicTrainer:
duration: 38.9226610660553s
INFO    [05-20 20:05:22] train in BasicTrainer:
epoch: 59
INFO    [05-20 20:05:31] _train_one_epoch in BasicTrainer:
loss = 6.233560284701261
INFO    [05-20 20:06:01] validate in BasicTrainer:
{'Recall@10': 0.04643761137357125, 'NDCG@10': 0.02839540919432273, 'MRR@10': 0.022920525561158474, 'Recall@5': 0.03275360353291035, 'NDCG@5': 0.02399869406452546, 'MRR@5': 0.02112289174244954, 'Recall*@10': 0.04898117683254755, 'NDCG*@10': 0.029776496526140433, 'MRR*@10': 0.023945387739401598, 'Recall*@5': 0.03445413035268967, 'NDCG*@5': 0.025108922416201003, 'MRR*@5': 0.022036883550194595}
INFO    [05-20 20:06:01] train in BasicTrainer:
duration: 39.135010957717896s
INFO    [05-20 20:06:01] train in BasicTrainer:
epoch: 60
INFO    [05-20 20:06:10] _train_one_epoch in BasicTrainer:
loss = 6.218348104303534
INFO    [05-20 20:06:40] log in loggers:
Update Best NDCG@10 Model at 60
INFO    [05-20 20:06:40] validate in BasicTrainer:
{'Recall@10': 0.04701343637246352, 'NDCG@10': 0.02870707084926275, 'MRR@10': 0.02313664211676671, 'Recall@5': 0.03357563941524579, 'NDCG@5': 0.0243807382021959, 'MRR@5': 0.02136197628883215, 'Recall*@10': 0.04925026343419002, 'NDCG*@10': 0.03002104707635366, 'MRR*@10': 0.024169338580507498, 'Recall*@5': 0.035171837760851934, 'NDCG*@5': 0.02548550613797628, 'MRR*@5': 0.022307238040062096}
INFO    [05-20 20:06:40] train in BasicTrainer:
duration: 39.00114607810974s
INFO    [05-20 20:06:40] train in BasicTrainer:
epoch: 61
INFO    [05-20 20:06:49] _train_one_epoch in BasicTrainer:
loss = 6.190324774655429
INFO    [05-20 20:07:19] log in loggers:
Update Best NDCG@10 Model at 61
INFO    [05-20 20:07:20] validate in BasicTrainer:
{'Recall@10': 0.04805669159843372, 'NDCG@10': 0.029355773845544227, 'MRR@10': 0.023688868691141788, 'Recall@5': 0.033675896433683544, 'NDCG@5': 0.02474285003084403, 'MRR@5': 0.02180654197358168, 'Recall*@10': 0.05060521398599331, 'NDCG*@10': 0.03065019831634485, 'MRR*@10': 0.0246075288607524, 'Recall*@5': 0.035048963788610235, 'NDCG*@5': 0.02565685759943265, 'MRR*@5': 0.02256803042613543}
INFO    [05-20 20:07:20] train in BasicTrainer:
duration: 39.925554037094116s
INFO    [05-20 20:07:20] train in BasicTrainer:
epoch: 62
INFO    [05-20 20:07:29] _train_one_epoch in BasicTrainer:
loss = 6.1704616806723855
INFO    [05-20 20:07:59] validate in BasicTrainer:
{'Recall@10': 0.047455730059972175, 'NDCG@10': 0.029058480062163793, 'MRR@10': 0.02345040526527625, 'Recall@5': 0.03422880000793017, 'NDCG@5': 0.02480246599477071, 'MRR@5': 0.02170612534078268, 'Recall*@10': 0.049843849757542975, 'NDCG*@10': 0.03034252845324003, 'MRR*@10': 0.024394362735060546, 'Recall*@5': 0.035942032360113584, 'NDCG*@5': 0.02586467979619136, 'MRR*@5': 0.02255647572187277}
INFO    [05-20 20:08:00] train in BasicTrainer:
duration: 39.264076232910156s
INFO    [05-20 20:08:00] train in BasicTrainer:
epoch: 63
INFO    [05-20 20:08:08] _train_one_epoch in BasicTrainer:
loss = 6.1542102813720705
INFO    [05-20 20:08:38] validate in BasicTrainer:
{'Recall@10': 0.04699879712783373, 'NDCG@10': 0.02887951511030014, 'MRR@10': 0.02337556819503124, 'Recall@5': 0.033271017556007094, 'NDCG@5': 0.024461160915402267, 'MRR@5': 0.021563728554890707, 'Recall*@10': 0.049506459958278216, 'NDCG*@10': 0.030318338567247756, 'MRR*@10': 0.024495073379232332, 'Recall*@5': 0.03499092233295624, 'NDCG*@5': 0.02565441681788518, 'MRR*@5': 0.022587124114999406}
INFO    [05-20 20:08:38] train in BasicTrainer:
duration: 38.70166635513306s
INFO    [05-20 20:08:38] train in BasicTrainer:
epoch: 64
INFO    [05-20 20:08:47] _train_one_epoch in BasicTrainer:
loss = 6.133772069757635
INFO    [05-20 20:09:17] log in loggers:
Update Best NDCG@10 Model at 64
INFO    [05-20 20:09:17] validate in BasicTrainer:
{'Recall@10': 0.0474745101080491, 'NDCG@10': 0.029383469086426955, 'MRR@10': 0.023862597031088974, 'Recall@5': 0.03438732257256141, 'NDCG@5': 0.025174676512296382, 'MRR@5': 0.022139345224087056, 'Recall*@10': 0.05002813786268234, 'NDCG*@10': 0.030742252961947367, 'MRR*@10': 0.024861183017492294, 'Recall*@5': 0.035851323403991185, 'NDCG*@5': 0.026180848909112122, 'MRR*@5': 0.02299231491409815}
INFO    [05-20 20:09:17] train in BasicTrainer:
duration: 39.059404134750366s
INFO    [05-20 20:09:17] train in BasicTrainer:
epoch: 65
INFO    [05-20 20:09:26] _train_one_epoch in BasicTrainer:
loss = 6.113595737110485
INFO    [05-20 20:09:56] log in loggers:
Update Best NDCG@10 Model at 65
INFO    [05-20 20:09:58] validate in BasicTrainer:
{'Recall@10': 0.04827791108534886, 'NDCG@10': 0.029839257494761393, 'MRR@10': 0.024220631529505435, 'Recall@5': 0.03506961579506214, 'NDCG@5': 0.025591850710602906, 'MRR@5': 0.02248178794980049, 'Recall*@10': 0.050504376681951374, 'NDCG*@10': 0.031054316231837638, 'MRR*@10': 0.02513139035839301, 'Recall*@5': 0.03652625588270334, 'NDCG*@5': 0.02655966508273895, 'MRR*@5': 0.02329168296777285}
INFO    [05-20 20:09:58] train in BasicTrainer:
duration: 40.485548973083496s
INFO    [05-20 20:09:58] train in BasicTrainer:
epoch: 66
INFO    [05-20 20:10:06] _train_one_epoch in BasicTrainer:
loss = 6.092821415987882
INFO    [05-20 20:10:38] validate in BasicTrainer:
{'Recall@10': 0.04699451103806496, 'NDCG@10': 0.02897257673052641, 'MRR@10': 0.02348544033100972, 'Recall@5': 0.033857340136399634, 'NDCG@5': 0.024764536665036127, 'MRR@5': 0.021772280908547915, 'Recall*@10': 0.049227042840077326, 'NDCG*@10': 0.030265377118037298, 'MRR*@10': 0.024493671523836944, 'Recall*@5': 0.035297952305812105, 'NDCG*@5': 0.02581450457756336, 'MRR*@5': 0.02268791342010865}
INFO    [05-20 20:10:38] train in BasicTrainer:
duration: 40.04181122779846s
INFO    [05-20 20:10:38] train in BasicTrainer:
epoch: 67
INFO    [05-20 20:10:47] _train_one_epoch in BasicTrainer:
loss = 6.0745886022394355
INFO    [05-20 20:11:17] validate in BasicTrainer:
{'Recall@10': 0.047578908216494784, 'NDCG@10': 0.029379576014784668, 'MRR@10': 0.023840770268669494, 'Recall@5': 0.034347691788123205, 'NDCG@5': 0.02512466348707676, 'MRR@5': 0.022098846590289704, 'Recall*@10': 0.04962503336943113, 'NDCG*@10': 0.030579640458409604, 'MRR*@10': 0.02478670744368663, 'Recall*@5': 0.03570838473164118, 'NDCG*@5': 0.026101813436700746, 'MRR*@5': 0.022951984204925023}
INFO    [05-20 20:11:17] train in BasicTrainer:
duration: 39.605700731277466s
INFO    [05-20 20:11:17] train in BasicTrainer:
epoch: 68
INFO    [05-20 20:11:26] _train_one_epoch in BasicTrainer:
loss = 6.0579056999900125
INFO    [05-20 20:11:56] validate in BasicTrainer:
{'Recall@10': 0.04740988778380247, 'NDCG@10': 0.029212123356186427, 'MRR@10': 0.02369051598585569, 'Recall@5': 0.03346517481482946, 'NDCG@5': 0.02472759296114628, 'MRR@5': 0.021854544774844095, 'Recall*@10': 0.04943243213571035, 'NDCG*@10': 0.030418354731339674, 'MRR*@10': 0.024647090010918103, 'Recall*@5': 0.03476672189740034, 'NDCG*@5': 0.02570195051913078, 'MRR*@5': 0.022716269040336974}
INFO    [05-20 20:11:56] train in BasicTrainer:
duration: 38.950828552246094s
INFO    [05-20 20:11:56] train in BasicTrainer:
epoch: 69
INFO    [05-20 20:12:05] _train_one_epoch in BasicTrainer:
loss = 6.037880862842907
INFO    [05-20 20:12:36] log in loggers:
Update Best NDCG@10 Model at 69
INFO    [05-20 20:12:38] validate in BasicTrainer:
{'Recall@10': 0.04860752477095677, 'NDCG@10': 0.029975970633901082, 'MRR@10': 0.024302382165422805, 'Recall@5': 0.03517194350178425, 'NDCG@5': 0.02565963466006976, 'MRR@5': 0.02253768564416812, 'Recall*@10': 0.05083111673593521, 'NDCG*@10': 0.03121845438503302, 'MRR*@10': 0.025243599111070998, 'Recall*@5': 0.03662771301773878, 'NDCG*@5': 0.026648226265723888, 'MRR*@5': 0.023370767012238503}
INFO    [05-20 20:12:38] train in BasicTrainer:
duration: 41.65542411804199s
INFO    [05-20 20:12:38] train in BasicTrainer:
epoch: 70
INFO    [05-20 20:12:47] _train_one_epoch in BasicTrainer:
loss = 6.0220301368019795
INFO    [05-20 20:13:20] log in loggers:
Update Best NDCG@10 Model at 70
INFO    [05-20 20:13:23] validate in BasicTrainer:
{'Recall@10': 0.048432292559972175, 'NDCG@10': 0.030010773585392878, 'MRR@10': 0.02440357107955676, 'Recall@5': 0.035028059895222, 'NDCG@5': 0.025705885142087936, 'MRR@5': 0.022644017321559098, 'Recall*@10': 0.05069035606888624, 'NDCG*@10': 0.031334081664681435, 'MRR*@10': 0.02543767298070284, 'Recall*@5': 0.03683845569881109, 'NDCG*@5': 0.026888046986781634, 'MRR*@5': 0.023621950298547745}
INFO    [05-20 20:13:23] train in BasicTrainer:
duration: 44.896647930145264s
INFO    [05-20 20:13:23] train in BasicTrainer:
epoch: 71
INFO    [05-20 20:13:31] _train_one_epoch in BasicTrainer:
loss = 6.011093824559992
INFO    [05-20 20:14:01] log in loggers:
Update Best NDCG@10 Model at 71
INFO    [05-20 20:14:01] validate in BasicTrainer:
{'Recall@10': 0.04847828012246352, 'NDCG@10': 0.03010528119137654, 'MRR@10': 0.024525002791331366, 'Recall@5': 0.035307544928330645, 'NDCG@5': 0.025899916600722533, 'MRR@5': 0.022820323419112425, 'Recall*@10': 0.05066741401186356, 'NDCG*@10': 0.03133751280032671, 'MRR*@10': 0.025464830776819818, 'Recall*@5': 0.03685462876008107, 'NDCG*@5': 0.02692912733898713, 'MRR*@5': 0.023678812986383073}
INFO    [05-20 20:14:01] train in BasicTrainer:
duration: 38.031150817871094s
INFO    [05-20 20:14:01] train in BasicTrainer:
epoch: 72
INFO    [05-20 20:14:10] _train_one_epoch in BasicTrainer:
loss = 5.985832751880992
INFO    [05-20 20:14:45] log in loggers:
Update Best NDCG@10 Model at 72
INFO    [05-20 20:14:48] validate in BasicTrainer:
{'Recall@10': 0.04833646691762484, 'NDCG@10': 0.030325648733056508, 'MRR@10': 0.024832714205751054, 'Recall@5': 0.03549327472081551, 'NDCG@5': 0.02619010811814895, 'MRR@5': 0.02313635856486284, 'Recall*@10': 0.050462052799188174, 'NDCG*@10': 0.031541516431249104, 'MRR*@10': 0.025770373785725005, 'Recall*@5': 0.03686636829605469, 'NDCG*@5': 0.027159870960391484, 'MRR*@5': 0.023970691630473502}
INFO    [05-20 20:14:48] train in BasicTrainer:
duration: 47.13225078582764s
INFO    [05-20 20:14:48] train in BasicTrainer:
epoch: 73
INFO    [05-20 20:14:57] _train_one_epoch in BasicTrainer:
loss = 5.971660163185813
INFO    [05-20 20:15:26] log in loggers:
Update Best NDCG@10 Model at 73
INFO    [05-20 20:15:27] validate in BasicTrainer:
{'Recall@10': 0.04878497238342579, 'NDCG@10': 0.030635129660367966, 'MRR@10': 0.02511249382335406, 'Recall@5': 0.03577497544196936, 'NDCG@5': 0.026463059565195672, 'MRR@5': 0.023410998571377534, 'Recall*@10': 0.051144854667095035, 'NDCG*@10': 0.03185791235703688, 'MRR*@10': 0.025991273327515677, 'Recall*@5': 0.037308552803901524, 'NDCG*@5': 0.027419903673804723, 'MRR*@5': 0.024180598843556184}
INFO    [05-20 20:15:27] train in BasicTrainer:
duration: 38.586641788482666s
INFO    [05-20 20:15:27] train in BasicTrainer:
epoch: 74
INFO    [05-20 20:15:35] _train_one_epoch in BasicTrainer:
loss = 5.960947210138494
INFO    [05-20 20:16:05] validate in BasicTrainer:
{'Recall@10': 0.04795657957975681, 'NDCG@10': 0.03021289737751851, 'MRR@10': 0.024796834072241418, 'Recall@5': 0.0356831458898691, 'NDCG@5': 0.026271506141011532, 'MRR@5': 0.023186234184182607, 'Recall*@10': 0.050193469398296796, 'NDCG*@10': 0.03138706732827883, 'MRR*@10': 0.025655389548494265, 'Recall*@5': 0.03710142494394229, 'NDCG*@5': 0.027189547625871804, 'MRR*@5': 0.02394422974724036}
INFO    [05-20 20:16:05] train in BasicTrainer:
duration: 38.19281768798828s
INFO    [05-20 20:16:05] train in BasicTrainer:
epoch: 75
INFO    [05-20 20:16:13] _train_one_epoch in BasicTrainer:
loss = 5.943846841291948
INFO    [05-20 20:16:44] log in loggers:
Update Best NDCG@10 Model at 75
INFO    [05-20 20:16:45] validate in BasicTrainer:
{'Recall@10': 0.04907702597287985, 'NDCG@10': 0.030653523854338206, 'MRR@10': 0.025043241393107634, 'Recall@5': 0.03562473505735397, 'NDCG@5': 0.026319976322926007, 'MRR@5': 0.02326438561655008, 'Recall*@10': 0.051155591240296, 'NDCG*@10': 0.031861584776869185, 'MRR*@10': 0.025986094314318437, 'Recall*@5': 0.03707152089247337, 'NDCG*@5': 0.027325565425249245, 'MRR*@5': 0.02412486606492446}
INFO    [05-20 20:16:45] train in BasicTrainer:
duration: 40.610522985458374s
INFO    [05-20 20:16:45] train in BasicTrainer:
epoch: 76
INFO    [05-20 20:16:54] _train_one_epoch in BasicTrainer:
loss = 5.923076681657271
INFO    [05-20 20:17:25] log in loggers:
Update Best NDCG@10 Model at 76
INFO    [05-20 20:17:26] validate in BasicTrainer:
{'Recall@10': 0.04993883749613395, 'NDCG@10': 0.030921204302173395, 'MRR@10': 0.025138711126951072, 'Recall@5': 0.03592743165791035, 'NDCG@5': 0.026431614676347144, 'MRR@5': 0.02330953900057536, 'Recall*@10': 0.05223979170505817, 'NDCG*@10': 0.03219579633038778, 'MRR*@10': 0.02610807393032771, 'Recall*@5': 0.037218280566426426, 'NDCG*@5': 0.027377603718867667, 'MRR*@5': 0.024141947380625285}
INFO    [05-20 20:17:26] train in BasicTrainer:
duration: 40.486164808273315s
INFO    [05-20 20:17:26] train in BasicTrainer:
epoch: 77
INFO    [05-20 20:17:35] _train_one_epoch in BasicTrainer:
loss = 5.912003144350919
INFO    [05-20 20:18:11] log in loggers:
Update Best NDCG@10 Model at 77
INFO    [05-20 20:18:16] validate in BasicTrainer:
{'Recall@10': 0.04985750581209476, 'NDCG@10': 0.031077651450267203, 'MRR@10': 0.025356863983548604, 'Recall@5': 0.036131796355430894, 'NDCG@5': 0.026653955762202922, 'MRR@5': 0.023539520226992093, 'Recall*@10': 0.05199916259600566, 'NDCG*@10': 0.03228544630110264, 'MRR*@10': 0.026286435671723805, 'Recall*@5': 0.03739088773727417, 'NDCG*@5': 0.027580423423877128, 'MRR*@5': 0.024355340749025345}
INFO    [05-20 20:18:16] train in BasicTrainer:
duration: 49.97858476638794s
INFO    [05-20 20:18:16] train in BasicTrainer:
epoch: 78
INFO    [05-20 20:18:25] _train_one_epoch in BasicTrainer:
loss = 5.897629217668013
INFO    [05-20 20:18:56] validate in BasicTrainer:
{'Recall@10': 0.049415211838025316, 'NDCG@10': 0.031005018175794527, 'MRR@10': 0.025394946336746216, 'Recall@5': 0.03592314542486118, 'NDCG@5': 0.02664737174144158, 'MRR@5': 0.02359991019161848, 'Recall*@10': 0.051394241073956855, 'NDCG*@10': 0.032246385486080095, 'MRR*@10': 0.026419047839366473, 'Recall*@5': 0.03695751010225369, 'NDCG*@5': 0.027576052082272675, 'MRR*@5': 0.024491091903585654}
INFO    [05-20 20:18:56] train in BasicTrainer:
duration: 40.199344635009766s
INFO    [05-20 20:18:56] train in BasicTrainer:
epoch: 79
INFO    [05-20 20:19:05] _train_one_epoch in BasicTrainer:
loss = 5.874916397441517
INFO    [05-20 20:19:35] log in loggers:
Update Best NDCG@10 Model at 79
INFO    [05-20 20:19:36] validate in BasicTrainer:
{'Recall@10': 0.04955909544458756, 'NDCG@10': 0.031290389310855135, 'MRR@10': 0.02572503127157688, 'Recall@5': 0.03648861726889244, 'NDCG@5': 0.027097819229731195, 'MRR@5': 0.02401387720153882, 'Recall*@10': 0.05161211324425844, 'NDCG*@10': 0.032491227182058185, 'MRR*@10': 0.026664779879725896, 'Recall*@5': 0.03787788118307407, 'NDCG*@5': 0.028085711483771984, 'MRR*@5': 0.024866824969649315}
INFO    [05-20 20:19:36] train in BasicTrainer:
duration: 40.07183384895325s
INFO    [05-20 20:19:38] close_training in BasicTrainer:
finished training
INFO    [05-20 20:19:38] final_validate in BasicTrainer:
validate model on val set!
INFO    [05-20 20:19:38] load_state_from_given_path in utils:
checkpoint epoch: 79
INFO    [05-20 20:19:38] load_state_from_given_path in utils:
Loading model's parameters
INFO    [05-20 20:20:09] validate in BasicTrainer:
{'Recall@10': 0.04955909544458756, 'NDCG@10': 0.031290389310855135, 'MRR@10': 0.02572503127157688, 'Recall@5': 0.03648861726889244, 'NDCG@5': 0.027097819229731195, 'MRR@5': 0.02401387720153882, 'Recall*@10': 0.05161211324425844, 'NDCG*@10': 0.032491227182058185, 'MRR*@10': 0.026664779879725896, 'Recall*@5': 0.03787788118307407, 'NDCG*@5': 0.028085711483771984, 'MRR*@5': 0.024866824969649315}
INFO    [05-20 20:20:09] test in BasicTrainer:
Test model on test set!
INFO    [05-20 20:20:09] test_with_given_state_path in BasicTrainer:
Loading model params from ___el_base_partial_2022/base_narm-rate-0.5-seed-2001_05-20_19:25_t4/narm_logs/checkpoint/best_acc_model.pth.
INFO    [05-20 20:20:09] load_state_from_given_path in utils:
checkpoint epoch: 79
INFO    [05-20 20:20:09] load_state_from_given_path in utils:
Loading model's parameters
INFO    [05-20 20:20:09] test_with_given_state_path in BasicTrainer:
Finished loading. Start testing.
INFO    [05-20 20:20:37] test_with_given_state_path in BasicTrainer:
{'Recall@10': 0.03831013693259312, 'NDCG@10': 0.023347659179797538, 'MRR@10': 0.01878531162555401, 'Recall@5': 0.027860438307890527, 'NDCG@5': 0.01998907170043542, 'MRR@5': 0.017411338810164195, 'Recall*@10': 0.04008345477856123, 'NDCG*@10': 0.024313476366492417, 'MRR*@10': 0.019508131134968538, 'Recall*@5': 0.02888826853953875, 'NDCG*@5': 0.02070977008686616, 'MRR*@5': 0.018030547107068393}
INFO    [05-20 20:20:37] _evaluate in BasicSched:
!!Final Result!!: {'Recall@10': 0.03831013693259312, 'NDCG@10': 0.023347659179797538, 'MRR@10': 0.01878531162555401, 'Recall@5': 0.027860438307890527, 'NDCG@5': 0.01998907170043542, 'MRR@5': 0.017411338810164195, 'Recall*@10': 0.04008345477856123, 'NDCG*@10': 0.024313476366492417, 'MRR*@10': 0.019508131134968538, 'Recall*@5': 0.02888826853953875, 'NDCG*@5': 0.02070977008686616, 'MRR*@5': 0.018030547107068393}
