INFO    [05-20 22:10:35] setup_train in utils:
{
    "experiment_dir": "___el_base_partial_2022",
    "experiment_description": "base",
    "describe": "{config[model_code]}-rate-{config[sample_rate]}-seed-{config[sample_seed]}",
    "dataset_name": "electronics.csv",
    "sched": "basic",
    "model_code": "narm",
    "num_epochs": 80,
    "mode": [
        "train",
        "test"
    ],
    "max_len": 10,
    "test_state_path": null,
    "model_state_path": null,
    "do_sampling": true,
    "path_for_sample": "Data/Cache/electronics-5-5.pkl",
    "sample_rate": 0.6,
    "sample_seed": 2000,
    "rand_seed": 2022,
    "load_processed_dataset": true,
    "save_processed_dataset": false,
    "dataset_cache_filename": null,
    "do_remap": false,
    "weight_decay": 0,
    "decay_step": 15,
    "gamma": 0.99,
    "lr": 0.001,
    "min_length": 5,
    "min_item_inter": 5,
    "good_only": false,
    "use_rating": true,
    "test_negative_sampler_code": "random",
    "test_negative_sample_size": 0,
    "dataloader_type": "next",
    "train_batch_size": 4096,
    "val_batch_size": 4096,
    "test_batch_size": 4096,
    "prop_sliding_window": -1.0,
    "worker_number": 2,
    "metric_ks": [
        5,
        10
    ],
    "device": "cuda",
    "num_gpu": 1,
    "optimizer": "Adam",
    "best_metric": "NDCG@10",
    "show_process_bar": false,
    "config_file": "config2.electronics/narm/config_partial.json",
    "task_id": 5,
    "split": "leave_one_out",
    "train_negative_sampler_code": "random",
    "train_negative_sample_size": 100,
    "device_idx": "0",
    "momentum": null,
    "log_period_as_iter": 12800,
    "mentor_code": "bert",
    "training_routine": null,
    "T": 1,
    "alpha": 0.1,
    "dvae_alpha": 0.5,
    "softmaxed_mentor": false,
    "weight_list": [
        0.5,
        0.5
    ],
    "validation_rate": 0.2,
    "num_items": null,
    "start_index": 1,
    "kwargs": null
}
DEBUG   [05-20 22:10:35] __init__ in BasicSched:
BasicScheduler attribs: tag=narm
INFO    [05-20 22:10:35] _load_sampled_dataset_from_path in utils:
loading sampled dataset from /data/wushiguang-slurm/code/gitee-repos/soft-rec/Data/Cache/sampled_electronics-5-5-rate-0.6-seed-2000.pkl
INFO    [05-20 22:10:37] _check_dataset_cache in utils:
check if the cache is generated under this configuration
INFO    [05-20 22:10:37] _check_dataset_cache in utils:
correct.
INFO    [05-20 22:10:37] __init__ in NextItemDataloader:
there are 29351 items in this dataset, 61312 users, padding_first? False
DEBUG   [05-20 22:10:45] generate_model in utils:
model_code_list=['narm']
INFO    [05-20 22:10:45] load_model_config in utils:
loading model narm's config file at asset/config/model/narm.json
INFO    [05-20 22:10:45] load_model_config in utils:
{
    "embedding_size": 64,
    "hidden_size": 128,
    "n_layers": 1,
    "dropout_probs": [
        0.25,
        0.5
    ]
}
WARNING [05-20 22:12:00] get_exist_path in utils:
dir ___el_base_partial_2022/base_narm-rate-0.6-seed-2000_05-20_22:10_t5/narm_logs does not exist! Create one.
WARNING [05-20 22:12:00] get_exist_path in utils:
dir ___el_base_partial_2022/base_narm-rate-0.6-seed-2000_05-20_22:10_t5/narm_logs/tb_vis does not exist! Create one.
WARNING [05-20 22:12:00] get_exist_path in utils:
dir ___el_base_partial_2022/base_narm-rate-0.6-seed-2000_05-20_22:10_t5/narm_logs/checkpoint does not exist! Create one.
INFO    [05-20 22:12:00] __init__ in BasicSched:
NARM(
  (item_embedding): Embedding(29352, 64, padding_idx=0)
  (emb_dropout): Dropout(p=0.25, inplace=False)
  (gru): GRU(64, 128, bias=False, batch_first=True)
  (a_1): Linear(in_features=128, out_features=128, bias=False)
  (a_2): Linear(in_features=128, out_features=128, bias=False)
  (v_t): Linear(in_features=128, out_features=1, bias=False)
  (ct_dropout): Dropout(p=0.5, inplace=False)
  (b): Linear(in_features=256, out_features=64, bias=False)
  (loss_fct): CrossEntropyLoss()
)
WARNING [05-20 22:12:00] get_path in utils:
Path is None
WARNING [05-20 22:12:00] load_state_from_given_path in utils:
Not given any path.
INFO    [05-20 22:12:00] assert_model_device in utils:
model narm has 7.63525390625 MB params.
INFO    [05-20 22:12:00] __init__ in BasicTrainer:
270336 iter per epoch
INFO    [05-20 22:12:00] _fit in BasicSched:
Start training.
INFO    [05-20 22:12:30] log in loggers:
Update Best NDCG@10 Model at 0
INFO    [05-20 22:12:30] validate in BasicTrainer:
{'Recall@10': 0.0004399781581014395, 'NDCG@10': 0.00019817970072229704, 'MRR@10': 0.0001254944928708331, 'Recall@5': 0.00022786458333333334, 'NDCG@5': 0.00012840496783610432, 'MRR@5': 9.602864665794186e-05, 'Recall*@10': 0.0005215302517171949, 'NDCG*@10': 0.00023809956376984095, 'MRR*@10': 0.00015249525507291157, 'Recall*@5': 0.000280504539841786, 'NDCG*@5': 0.00015826363038892548, 'MRR*@5': 0.00011846500419778749}
INFO    [05-20 22:12:30] train in BasicTrainer:
epoch: 0
INFO    [05-20 22:12:48] _train_one_epoch in BasicTrainer:
loss = 10.124409820094254
INFO    [05-20 22:13:13] log in loggers:
Update Best NDCG@10 Model at 0
INFO    [05-20 22:13:13] validate in BasicTrainer:
{'Recall@10': 0.028616956373055776, 'NDCG@10': 0.013026470939318338, 'MRR@10': 0.008386855448285739, 'Recall@5': 0.014448924735188485, 'NDCG@5': 0.008416166498015324, 'MRR@5': 0.006469192945708831, 'Recall*@10': 0.03190822452306748, 'NDCG*@10': 0.014592924403647583, 'MRR*@10': 0.009428304309646288, 'Recall*@5': 0.016578303401668867, 'NDCG*@5': 0.00959075524782141, 'MRR*@5': 0.0073399161299069725}
INFO    [05-20 22:13:13] train in BasicTrainer:
duration: 42.84014391899109s
INFO    [05-20 22:13:13] train in BasicTrainer:
epoch: 1
INFO    [05-20 22:13:27] _train_one_epoch in BasicTrainer:
loss = 9.58596693385731
INFO    [05-20 22:13:51] log in loggers:
Update Best NDCG@10 Model at 1
INFO    [05-20 22:13:52] validate in BasicTrainer:
{'Recall@10': 0.035521673411130904, 'NDCG@10': 0.018174257439871628, 'MRR@10': 0.012900292004148165, 'Recall@5': 0.022388482838869093, 'NDCG@5': 0.013944168202579021, 'MRR@5': 0.011164148524403571, 'Recall*@10': 0.03858802517255147, 'NDCG*@10': 0.020210061967372895, 'MRR*@10': 0.014608139358460902, 'Recall*@5': 0.024864813188711803, 'NDCG*@5': 0.01579768390705188, 'MRR*@5': 0.012801853753626347}
INFO    [05-20 22:13:52] train in BasicTrainer:
duration: 38.74807047843933s
INFO    [05-20 22:13:52] train in BasicTrainer:
epoch: 2
INFO    [05-20 22:14:07] _train_one_epoch in BasicTrainer:
loss = 9.414704958597818
INFO    [05-20 22:14:30] log in loggers:
Update Best NDCG@10 Model at 2
INFO    [05-20 22:14:31] validate in BasicTrainer:
{'Recall@10': 0.035877120991547905, 'NDCG@10': 0.019139098872741064, 'MRR@10': 0.01405978985130787, 'Recall@5': 0.023219085981448492, 'NDCG@5': 0.015066061479349932, 'MRR@5': 0.01239056537548701, 'Recall*@10': 0.03919654463728269, 'NDCG*@10': 0.02125651898483435, 'MRR*@10': 0.015808573986093203, 'Recall*@5': 0.02568686194717884, 'NDCG*@5': 0.016917753654221695, 'MRR*@5': 0.01403544433414936}
INFO    [05-20 22:14:31] train in BasicTrainer:
duration: 38.79168343544006s
INFO    [05-20 22:14:31] train in BasicTrainer:
epoch: 3
INFO    [05-20 22:14:46] _train_one_epoch in BasicTrainer:
loss = 9.325563083995473
INFO    [05-20 22:15:11] validate in BasicTrainer:
{'Recall@10': 0.03524393041928609, 'NDCG@10': 0.018953342611591022, 'MRR@10': 0.014016587659716606, 'Recall@5': 0.022910891224940617, 'NDCG@5': 0.014987779657046, 'MRR@5': 0.012393155631919702, 'Recall*@10': 0.0384172519048055, 'NDCG*@10': 0.020911981786290803, 'MRR*@10': 0.015606709010899066, 'Recall*@5': 0.025128153587381043, 'NDCG*@5': 0.01664151040216287, 'MRR*@5': 0.013859804285069307}
INFO    [05-20 22:15:11] train in BasicTrainer:
duration: 39.99483323097229s
INFO    [05-20 22:15:11] train in BasicTrainer:
epoch: 4
INFO    [05-20 22:15:25] _train_one_epoch in BasicTrainer:
loss = 9.189833091967033
INFO    [05-20 22:15:49] log in loggers:
Update Best NDCG@10 Model at 4
INFO    [05-20 22:15:49] validate in BasicTrainer:
{'Recall@10': 0.03715085263053576, 'NDCG@10': 0.01999418338139852, 'MRR@10': 0.014762113119165103, 'Recall@5': 0.02509923130273819, 'NDCG@5': 0.016108801091710725, 'MRR@5': 0.013165515350798766, 'Recall*@10': 0.040544751286506656, 'NDCG*@10': 0.02201615534722805, 'MRR*@10': 0.016362177456418672, 'Recall*@5': 0.02754277748366197, 'NDCG*@5': 0.017820644937455655, 'MRR*@5': 0.01463589792450269}
INFO    [05-20 22:15:49] train in BasicTrainer:
duration: 38.80907201766968s
INFO    [05-20 22:15:49] train in BasicTrainer:
epoch: 5
INFO    [05-20 22:16:05] _train_one_epoch in BasicTrainer:
loss = 9.054956739599055
INFO    [05-20 22:16:29] log in loggers:
Update Best NDCG@10 Model at 5
INFO    [05-20 22:16:29] validate in BasicTrainer:
{'Recall@10': 0.039301390200853346, 'NDCG@10': 0.021048086509108544, 'MRR@10': 0.015508799441158771, 'Recall@5': 0.025602738559246063, 'NDCG@5': 0.01664541947344939, 'MRR@5': 0.013707577312986056, 'Recall*@10': 0.042983030031124754, 'NDCG*@10': 0.02309627371529738, 'MRR*@10': 0.017056732003887496, 'Recall*@5': 0.028188729534546535, 'NDCG*@5': 0.01834411801149448, 'MRR*@5': 0.015114222839474677}
INFO    [05-20 22:16:29] train in BasicTrainer:
duration: 40.068963050842285s
INFO    [05-20 22:16:29] train in BasicTrainer:
epoch: 6
INFO    [05-20 22:16:44] _train_one_epoch in BasicTrainer:
loss = 8.96131824724602
INFO    [05-20 22:17:07] log in loggers:
Update Best NDCG@10 Model at 6
INFO    [05-20 22:17:07] validate in BasicTrainer:
{'Recall@10': 0.04114268297950427, 'NDCG@10': 0.02209567974011103, 'MRR@10': 0.01631383163233598, 'Recall@5': 0.027065482114752133, 'NDCG@5': 0.017566660108665626, 'MRR@5': 0.014458279187480608, 'Recall*@10': 0.04493697757522265, 'NDCG*@10': 0.024235864728689195, 'MRR*@10': 0.01794416643679142, 'Recall*@5': 0.029716826602816583, 'NDCG*@5': 0.01933047150572141, 'MRR*@5': 0.01592934230963389}
INFO    [05-20 22:17:07] train in BasicTrainer:
duration: 38.03348898887634s
INFO    [05-20 22:17:07] train in BasicTrainer:
epoch: 7
INFO    [05-20 22:17:23] _train_one_epoch in BasicTrainer:
loss = 8.87219660209887
INFO    [05-20 22:17:48] log in loggers:
Update Best NDCG@10 Model at 7
INFO    [05-20 22:17:48] validate in BasicTrainer:
{'Recall@10': 0.042490969349940615, 'NDCG@10': 0.022904702027638755, 'MRR@10': 0.016950422960023085, 'Recall@5': 0.02806199590365092, 'NDCG@5': 0.018273156881332398, 'MRR@5': 0.015058944188058376, 'Recall*@10': 0.04628645355502765, 'NDCG*@10': 0.025086906303962073, 'MRR*@10': 0.018637471894423167, 'Recall*@5': 0.03088274635374546, 'NDCG*@5': 0.020143395600219566, 'MRR*@5': 0.016619251358012357}
INFO    [05-20 22:17:48] train in BasicTrainer:
duration: 40.78683352470398s
INFO    [05-20 22:17:48] train in BasicTrainer:
epoch: 8
INFO    [05-20 22:18:03] _train_one_epoch in BasicTrainer:
loss = 8.782599637002656
INFO    [05-20 22:18:26] log in loggers:
Update Best NDCG@10 Model at 8
INFO    [05-20 22:18:27] validate in BasicTrainer:
{'Recall@10': 0.044088646521170935, 'NDCG@10': 0.023946175475915273, 'MRR@10': 0.017828648972014586, 'Recall@5': 0.02912466401855151, 'NDCG@5': 0.019139614204565683, 'MRR@5': 0.015863820972541968, 'Recall*@10': 0.047725363572438555, 'NDCG*@10': 0.02591993858416875, 'MRR*@10': 0.01929172339538733, 'Recall*@5': 0.031572920456528666, 'NDCG*@5': 0.020724094286561013, 'MRR*@5': 0.017163295360902945}
INFO    [05-20 22:18:27] train in BasicTrainer:
duration: 38.448293685913086s
INFO    [05-20 22:18:27] train in BasicTrainer:
epoch: 9
INFO    [05-20 22:18:41] _train_one_epoch in BasicTrainer:
loss = 8.708161021723893
INFO    [05-20 22:19:06] log in loggers:
Update Best NDCG@10 Model at 9
INFO    [05-20 22:19:06] validate in BasicTrainer:
{'Recall@10': 0.044568002223968506, 'NDCG@10': 0.023977140088876088, 'MRR@10': 0.017728838510811328, 'Recall@5': 0.02938035527865092, 'NDCG@5': 0.019099967802564302, 'MRR@5': 0.01573576492567857, 'Recall*@10': 0.04837499434749285, 'NDCG*@10': 0.026148247842987377, 'MRR*@10': 0.019405475383003554, 'Recall*@5': 0.03199254733820756, 'NDCG*@5': 0.020892282451192536, 'MRR*@5': 0.017260497063398363}
INFO    [05-20 22:19:06] train in BasicTrainer:
duration: 39.33453130722046s
INFO    [05-20 22:19:06] train in BasicTrainer:
epoch: 10
INFO    [05-20 22:19:21] _train_one_epoch in BasicTrainer:
loss = 8.646462440490723
INFO    [05-20 22:19:46] log in loggers:
Update Best NDCG@10 Model at 10
INFO    [05-20 22:19:46] validate in BasicTrainer:
{'Recall@10': 0.04523111979166667, 'NDCG@10': 0.024242699394623438, 'MRR@10': 0.01786879301071167, 'Recall@5': 0.029674374063809714, 'NDCG@5': 0.019251135488351185, 'MRR@5': 0.015831635830303035, 'Recall*@10': 0.04910708864529927, 'NDCG*@10': 0.026278864964842795, 'MRR*@10': 0.019341364627083142, 'Recall*@5': 0.032313285395503044, 'NDCG*@5': 0.020885566622018813, 'MRR*@5': 0.0171373687684536}
INFO    [05-20 22:19:46] train in BasicTrainer:
duration: 39.86047649383545s
INFO    [05-20 22:19:46] train in BasicTrainer:
epoch: 11
INFO    [05-20 22:20:02] _train_one_epoch in BasicTrainer:
loss = 8.591159777207809
INFO    [05-20 22:20:25] log in loggers:
Update Best NDCG@10 Model at 11
INFO    [05-20 22:20:25] validate in BasicTrainer:
{'Recall@10': 0.044809517761071525, 'NDCG@10': 0.024262599274516107, 'MRR@10': 0.01803956472625335, 'Recall@5': 0.02902123232682546, 'NDCG@5': 0.01920495815575123, 'MRR@5': 0.015980211707452934, 'Recall*@10': 0.04850223685304324, 'NDCG*@10': 0.026469787458578746, 'MRR*@10': 0.0197949996838967, 'Recall*@5': 0.03165550219515959, 'NDCG*@5': 0.0210763202359279, 'MRR*@5': 0.017600694422920546}
INFO    [05-20 22:20:25] train in BasicTrainer:
duration: 39.59854507446289s
INFO    [05-20 22:20:25] train in BasicTrainer:
epoch: 12
INFO    [05-20 22:20:41] _train_one_epoch in BasicTrainer:
loss = 8.529472770112934
INFO    [05-20 22:21:06] validate in BasicTrainer:
{'Recall@10': 0.04412067358692487, 'NDCG@10': 0.024002373094360034, 'MRR@10': 0.017905103353162605, 'Recall@5': 0.028547126923998196, 'NDCG@5': 0.018973014131188393, 'MRR@5': 0.015833464885751405, 'Recall*@10': 0.047714045643806456, 'NDCG*@10': 0.02610344849526882, 'MRR*@10': 0.019551069537798563, 'Recall*@5': 0.031099716698129973, 'NDCG*@5': 0.020748524367809294, 'MRR*@5': 0.017351622693240643}
INFO    [05-20 22:21:06] train in BasicTrainer:
duration: 40.40309715270996s
INFO    [05-20 22:21:06] train in BasicTrainer:
epoch: 13
INFO    [05-20 22:21:20] _train_one_epoch in BasicTrainer:
loss = 8.469220580476703
INFO    [05-20 22:21:44] validate in BasicTrainer:
{'Recall@10': 0.04424248139063517, 'NDCG@10': 0.023935479174057642, 'MRR@10': 0.01778245990475019, 'Recall@5': 0.02871251255273819, 'NDCG@5': 0.018947967514395713, 'MRR@5': 0.015744436780611673, 'Recall*@10': 0.047951846321423845, 'NDCG*@10': 0.02609216111401717, 'MRR*@10': 0.01946792397648096, 'Recall*@5': 0.031265324105819066, 'NDCG*@5': 0.020737927282849948, 'MRR*@5': 0.01728262087951104}
INFO    [05-20 22:21:44] train in BasicTrainer:
duration: 37.80278038978577s
INFO    [05-20 22:21:44] train in BasicTrainer:
epoch: 14
INFO    [05-20 22:21:59] _train_one_epoch in BasicTrainer:
loss = 8.404161756688898
INFO    [05-20 22:22:24] validate in BasicTrainer:
{'Recall@10': 0.042723559339841205, 'NDCG@10': 0.023322785397370656, 'MRR@10': 0.017436808968583743, 'Recall@5': 0.02814022588233153, 'NDCG@5': 0.018633518368005753, 'MRR@5': 0.01551710603137811, 'Recall*@10': 0.046278271824121475, 'NDCG*@10': 0.025444081301490465, 'MRR*@10': 0.01912186915675799, 'Recall*@5': 0.030762579664587973, 'NDCG*@5': 0.020466288117070994, 'MRR*@5': 0.017090577135483422}
INFO    [05-20 22:22:24] train in BasicTrainer:
duration: 40.0589063167572s
INFO    [05-20 22:22:24] train in BasicTrainer:
epoch: 15
INFO    [05-20 22:22:38] _train_one_epoch in BasicTrainer:
loss = 8.340291817982992
INFO    [05-20 22:23:02] validate in BasicTrainer:
{'Recall@10': 0.04353473608692487, 'NDCG@10': 0.023941083128253618, 'MRR@10': 0.017985938178996245, 'Recall@5': 0.029148815448085466, 'NDCG@5': 0.019327161150674024, 'MRR@5': 0.01610422432422638, 'Recall*@10': 0.04668454825878143, 'NDCG*@10': 0.025913570697108906, 'MRR*@10': 0.019588365902503332, 'Recall*@5': 0.03162013404071331, 'NDCG*@5': 0.021076702078183494, 'MRR*@5': 0.01761269401758909}
INFO    [05-20 22:23:02] train in BasicTrainer:
duration: 38.31687593460083s
INFO    [05-20 22:23:02] train in BasicTrainer:
epoch: 16
INFO    [05-20 22:23:17] _train_one_epoch in BasicTrainer:
loss = 8.272394382592404
INFO    [05-20 22:23:41] validate in BasicTrainer:
{'Recall@10': 0.04375367512305577, 'NDCG@10': 0.02395801121989886, 'MRR@10': 0.017955027955273786, 'Recall@5': 0.028796517848968507, 'NDCG@5': 0.019154748817284902, 'MRR@5': 0.015992453632255394, 'Recall*@10': 0.04674575179815292, 'NDCG*@10': 0.025820486371715863, 'MRR*@10': 0.019474076107144356, 'Recall*@5': 0.031008938575784364, 'NDCG*@5': 0.020775727493067584, 'MRR*@5': 0.01741815023124218}
INFO    [05-20 22:23:41] train in BasicTrainer:
duration: 39.17627286911011s
INFO    [05-20 22:23:41] train in BasicTrainer:
epoch: 17
INFO    [05-20 22:23:56] _train_one_epoch in BasicTrainer:
loss = 8.204762010863334
INFO    [05-20 22:24:20] validate in BasicTrainer:
{'Recall@10': 0.04406186987956365, 'NDCG@10': 0.024002637714147568, 'MRR@10': 0.01793104267368714, 'Recall@5': 0.02830456147591273, 'NDCG@5': 0.018919133208692075, 'MRR@5': 0.015840106395383677, 'Recall*@10': 0.04731839895248413, 'NDCG*@10': 0.025970849394798278, 'MRR*@10': 0.019504124671220778, 'Recall*@5': 0.030764225870370865, 'NDCG*@5': 0.020631063419083755, 'MRR*@5': 0.01730816631267468}
INFO    [05-20 22:24:20] train in BasicTrainer:
duration: 38.70869779586792s
INFO    [05-20 22:24:20] train in BasicTrainer:
epoch: 18
INFO    [05-20 22:24:36] _train_one_epoch in BasicTrainer:
loss = 8.139396154519284
INFO    [05-20 22:25:00] validate in BasicTrainer:
{'Recall@10': 0.04392956147591273, 'NDCG@10': 0.023854363709688187, 'MRR@10': 0.017768600210547447, 'Recall@5': 0.029086861511071524, 'NDCG@5': 0.019107147430380184, 'MRR@5': 0.015840403859814008, 'Recall*@10': 0.04738263214627902, 'NDCG*@10': 0.025827044621109962, 'MRR*@10': 0.01929121303061644, 'Recall*@5': 0.03138601668179035, 'NDCG*@5': 0.0207089493672053, 'MRR*@5': 0.017211381221810977}
INFO    [05-20 22:25:00] train in BasicTrainer:
duration: 39.973050117492676s
INFO    [05-20 22:25:00] train in BasicTrainer:
epoch: 19
INFO    [05-20 22:25:14] _train_one_epoch in BasicTrainer:
loss = 8.072345227906197
INFO    [05-20 22:25:38] log in loggers:
Update Best NDCG@10 Model at 19
INFO    [05-20 22:25:38] validate in BasicTrainer:
{'Recall@10': 0.044563277065753935, 'NDCG@10': 0.02444317750632763, 'MRR@10': 0.018334484472870827, 'Recall@5': 0.029426558191577593, 'NDCG@5': 0.0195692773287495, 'MRR@5': 0.016335423414905865, 'Recall*@10': 0.047611143936713535, 'NDCG*@10': 0.026157718275984128, 'MRR*@10': 0.019642426011463005, 'Recall*@5': 0.031436015665531156, 'NDCG*@5': 0.020950899148980778, 'MRR*@5': 0.01750754366318385}
INFO    [05-20 22:25:38] train in BasicTrainer:
duration: 38.45420789718628s
INFO    [05-20 22:25:38] train in BasicTrainer:
epoch: 20
INFO    [05-20 22:25:53] _train_one_epoch in BasicTrainer:
loss = 8.003552884766549
INFO    [05-20 22:26:16] validate in BasicTrainer:
{'Recall@10': 0.04349010835091273, 'NDCG@10': 0.023828972627719245, 'MRR@10': 0.017861787043511868, 'Recall@5': 0.028894699116547903, 'NDCG@5': 0.01914671404908101, 'MRR@5': 0.015951396338641642, 'Recall*@10': 0.04651336173216502, 'NDCG*@10': 0.02560054784019788, 'MRR*@10': 0.019245802300671737, 'Recall*@5': 0.03104311376810074, 'NDCG*@5': 0.020633316164215407, 'MRR*@5': 0.01721660525848468}
INFO    [05-20 22:26:16] train in BasicTrainer:
duration: 38.034714460372925s
INFO    [05-20 22:26:16] train in BasicTrainer:
epoch: 21
INFO    [05-20 22:26:32] _train_one_epoch in BasicTrainer:
loss = 7.940154111746586
INFO    [05-20 22:26:56] log in loggers:
Update Best NDCG@10 Model at 21
INFO    [05-20 22:26:57] validate in BasicTrainer:
{'Recall@10': 0.04546738490462303, 'NDCG@10': 0.024996505677700044, 'MRR@10': 0.018775536492466927, 'Recall@5': 0.030153729766607285, 'NDCG@5': 0.020058391988277434, 'MRR@5': 0.01674578928699096, 'Recall*@10': 0.04897492999831835, 'NDCG*@10': 0.02702844999730587, 'MRR*@10': 0.02036467728515466, 'Recall*@5': 0.03237445006767909, 'NDCG*@5': 0.021679507195949556, 'MRR*@5': 0.018168420406679313}
INFO    [05-20 22:26:57] train in BasicTrainer:
duration: 40.23076152801514s
INFO    [05-20 22:26:57] train in BasicTrainer:
epoch: 22
INFO    [05-20 22:27:12] _train_one_epoch in BasicTrainer:
loss = 7.881368593736128
INFO    [05-20 22:27:35] validate in BasicTrainer:
{'Recall@10': 0.044845219949881235, 'NDCG@10': 0.02466202589372794, 'MRR@10': 0.018530610327919323, 'Recall@5': 0.02985288550456365, 'NDCG@5': 0.019840339571237563, 'MRR@5': 0.016555683811505635, 'Recall*@10': 0.047900985926389694, 'NDCG*@10': 0.026426842560370763, 'MRR*@10': 0.019909419864416123, 'Recall*@5': 0.03183259628713131, 'NDCG*@5': 0.021263910022874675, 'MRR*@5': 0.017797528269390264}
INFO    [05-20 22:27:35] train in BasicTrainer:
duration: 38.58111262321472s
INFO    [05-20 22:27:35] train in BasicTrainer:
epoch: 23
INFO    [05-20 22:27:50] _train_one_epoch in BasicTrainer:
loss = 7.818800059231845
INFO    [05-20 22:28:14] log in loggers:
Update Best NDCG@10 Model at 23
INFO    [05-20 22:28:14] validate in BasicTrainer:
{'Recall@10': 0.04554351468880971, 'NDCG@10': 0.025068491324782373, 'MRR@10': 0.018867324044307073, 'Recall@5': 0.030016170938809712, 'NDCG@5': 0.02008328412969907, 'MRR@5': 0.016830538709958393, 'Recall*@10': 0.04871371686458588, 'NDCG*@10': 0.02678016262749831, 'MRR*@10': 0.02014033409456412, 'Recall*@5': 0.03194971183935801, 'NDCG*@5': 0.021398899083336195, 'MRR*@5': 0.01794252855082353}
INFO    [05-20 22:28:14] train in BasicTrainer:
duration: 39.18359923362732s
INFO    [05-20 22:28:14] train in BasicTrainer:
epoch: 24
INFO    [05-20 22:28:29] _train_one_epoch in BasicTrainer:
loss = 7.7618216890277285
INFO    [05-20 22:28:53] validate in BasicTrainer:
{'Recall@10': 0.04381772925456365, 'NDCG@10': 0.02442991708715757, 'MRR@10': 0.01855160972724358, 'Recall@5': 0.029251721998055775, 'NDCG@5': 0.019766074356933436, 'MRR@5': 0.016653628647327424, 'Recall*@10': 0.04672395711143811, 'NDCG*@10': 0.02587832361459732, 'MRR*@10': 0.019571802640954653, 'Recall*@5': 0.030824285621444385, 'NDCG*@5': 0.02079666734983524, 'MRR*@5': 0.0175092751160264}
INFO    [05-20 22:28:53] train in BasicTrainer:
duration: 39.03187537193298s
INFO    [05-20 22:28:53] train in BasicTrainer:
epoch: 25
INFO    [05-20 22:29:07] _train_one_epoch in BasicTrainer:
loss = 7.707161621613936
INFO    [05-20 22:29:33] log in loggers:
Update Best NDCG@10 Model at 25
INFO    [05-20 22:29:34] validate in BasicTrainer:
{'Recall@10': 0.045792905737956364, 'NDCG@10': 0.025244868422547976, 'MRR@10': 0.019021033371488253, 'Recall@5': 0.030357967813809714, 'NDCG@5': 0.020284995064139368, 'MRR@5': 0.016992397358020148, 'Recall*@10': 0.048993293195962906, 'NDCG*@10': 0.02688335192700227, 'MRR*@10': 0.020188570519288383, 'Recall*@5': 0.032377753779292105, 'NDCG*@5': 0.021549997727076213, 'MRR*@5': 0.018010645794371765}
INFO    [05-20 22:29:34] train in BasicTrainer:
duration: 40.99011564254761s
INFO    [05-20 22:29:34] train in BasicTrainer:
epoch: 26
INFO    [05-20 22:29:49] _train_one_epoch in BasicTrainer:
loss = 7.6507213838172685
INFO    [05-20 22:30:14] log in loggers:
Update Best NDCG@10 Model at 26
INFO    [05-20 22:30:14] validate in BasicTrainer:
{'Recall@10': 0.04561176896095276, 'NDCG@10': 0.025404271731774012, 'MRR@10': 0.019278682271639504, 'Recall@5': 0.03047347515821457, 'NDCG@5': 0.020548882335424422, 'MRR@5': 0.017297818697988986, 'Recall*@10': 0.04904153098662694, 'NDCG*@10': 0.027137272929151853, 'MRR*@10': 0.020506291153530278, 'Recall*@5': 0.03253667714695136, 'NDCG*@5': 0.021844773863752682, 'MRR*@5': 0.018347885521749655}
INFO    [05-20 22:30:14] train in BasicTrainer:
duration: 39.6908905506134s
INFO    [05-20 22:30:14] train in BasicTrainer:
epoch: 27
INFO    [05-20 22:30:30] _train_one_epoch in BasicTrainer:
loss = 7.599079009258386
INFO    [05-20 22:30:55] log in loggers:
Update Best NDCG@10 Model at 27
INFO    [05-20 22:30:56] validate in BasicTrainer:
{'Recall@10': 0.04570680012305577, 'NDCG@10': 0.02541940410931905, 'MRR@10': 0.01925565581768751, 'Recall@5': 0.03072129115462303, 'NDCG@5': 0.020599566834668317, 'MRR@5': 0.01728184868892034, 'Recall*@10': 0.0489152118563652, 'NDCG*@10': 0.027073920766512553, 'MRR*@10': 0.02044076720873515, 'Recall*@5': 0.03268724059065183, 'NDCG*@5': 0.02185198167959849, 'MRR*@5': 0.018300898000597955}
INFO    [05-20 22:30:56] train in BasicTrainer:
duration: 42.242290019989014s
INFO    [05-20 22:30:56] train in BasicTrainer:
epoch: 28
INFO    [05-20 22:31:11] _train_one_epoch in BasicTrainer:
loss = 7.550746556484338
INFO    [05-20 22:31:35] log in loggers:
Update Best NDCG@10 Model at 28
INFO    [05-20 22:31:36] validate in BasicTrainer:
{'Recall@10': 0.04580235630273819, 'NDCG@10': 0.025561976929505667, 'MRR@10': 0.01942342333495617, 'Recall@5': 0.030846774081389108, 'NDCG@5': 0.02077446145315965, 'MRR@5': 0.01747590973973274, 'Recall*@10': 0.049070945878823595, 'NDCG*@10': 0.027244930590192475, 'MRR*@10': 0.02063527305920919, 'Recall*@5': 0.03275946453213692, 'NDCG*@5': 0.02202679229279359, 'MRR*@5': 0.018514803114036717}
INFO    [05-20 22:31:36] train in BasicTrainer:
duration: 39.28039026260376s
INFO    [05-20 22:31:36] train in BasicTrainer:
epoch: 29
INFO    [05-20 22:31:50] _train_one_epoch in BasicTrainer:
loss = 7.502175013224284
INFO    [05-20 22:32:13] log in loggers:
Update Best NDCG@10 Model at 29
INFO    [05-20 22:32:14] validate in BasicTrainer:
{'Recall@10': 0.04658780644337336, 'NDCG@10': 0.025949502115448317, 'MRR@10': 0.01965478385488192, 'Recall@5': 0.03185641368230184, 'NDCG@5': 0.021196448306242625, 'MRR@5': 0.01769932924459378, 'Recall*@10': 0.04985845511158307, 'NDCG*@10': 0.02764845776061217, 'MRR*@10': 0.02087961360812187, 'Recall*@5': 0.03403699037929376, 'NDCG*@5': 0.022545924037694932, 'MRR*@5': 0.018781573325395585}
INFO    [05-20 22:32:14] train in BasicTrainer:
duration: 37.9737811088562s
INFO    [05-20 22:32:14] train in BasicTrainer:
epoch: 30
INFO    [05-20 22:32:28] _train_one_epoch in BasicTrainer:
loss = 7.453419692588575
INFO    [05-20 22:32:52] log in loggers:
Update Best NDCG@10 Model at 30
INFO    [05-20 22:32:52] validate in BasicTrainer:
{'Recall@10': 0.04723989814519882, 'NDCG@10': 0.026621612533926965, 'MRR@10': 0.02035001330077648, 'Recall@5': 0.03210055430730184, 'NDCG@5': 0.02173819368084272, 'MRR@5': 0.018341646591822306, 'Recall*@10': 0.05039913232127825, 'NDCG*@10': 0.028243165463209152, 'MRR*@10': 0.021507998555898668, 'Recall*@5': 0.034139559417963025, 'NDCG*@5': 0.0230022594332695, 'MRR*@5': 0.01935495510697365}
INFO    [05-20 22:32:52] train in BasicTrainer:
duration: 38.65297174453735s
INFO    [05-20 22:32:52] train in BasicTrainer:
epoch: 31
INFO    [05-20 22:33:07] _train_one_epoch in BasicTrainer:
loss = 7.407435727841927
INFO    [05-20 22:33:31] validate in BasicTrainer:
{'Recall@10': 0.04620873232682546, 'NDCG@10': 0.026378281911214194, 'MRR@10': 0.02035739943385124, 'Recall@5': 0.03156659528613091, 'NDCG@5': 0.02167791984975338, 'MRR@5': 0.01843738667666912, 'Recall*@10': 0.04911030679941177, 'NDCG*@10': 0.028013043478131293, 'MRR*@10': 0.02161351467172305, 'Recall*@5': 0.03354967683553696, 'NDCG*@5': 0.02302415333688259, 'MRR*@5': 0.01957934026916822}
INFO    [05-20 22:33:31] train in BasicTrainer:
duration: 38.524292945861816s
INFO    [05-20 22:33:31] train in BasicTrainer:
epoch: 32
INFO    [05-20 22:33:47] _train_one_epoch in BasicTrainer:
loss = 7.365819692611694
INFO    [05-20 22:34:11] validate in BasicTrainer:
{'Recall@10': 0.04702935988704363, 'NDCG@10': 0.026308249309659006, 'MRR@10': 0.02000460810959339, 'Recall@5': 0.031968770921230315, 'NDCG@5': 0.021458395818869273, 'MRR@5': 0.018014603232343992, 'Recall*@10': 0.04981882075468699, 'NDCG*@10': 0.02783244028687477, 'MRR*@10': 0.02114493039747079, 'Recall*@5': 0.03384070371588071, 'NDCG*@5': 0.022689831256866456, 'MRR*@5': 0.019036329972247284}
INFO    [05-20 22:34:11] train in BasicTrainer:
duration: 40.13241124153137s
INFO    [05-20 22:34:11] train in BasicTrainer:
epoch: 33
INFO    [05-20 22:34:27] _train_one_epoch in BasicTrainer:
loss = 7.324796373193914
INFO    [05-20 22:34:50] validate in BasicTrainer:
{'Recall@10': 0.04655315428972244, 'NDCG@10': 0.02647120915353298, 'MRR@10': 0.020374220609664918, 'Recall@5': 0.031548218925793965, 'NDCG@5': 0.021641521280010543, 'MRR@5': 0.018394246014455953, 'Recall*@10': 0.04969207396109899, 'NDCG*@10': 0.028228311489025753, 'MRR*@10': 0.021718004842599233, 'Recall*@5': 0.033626251543561615, 'NDCG*@5': 0.023063830037911733, 'MRR*@5': 0.019604703846077123}
INFO    [05-20 22:34:50] train in BasicTrainer:
duration: 39.25324463844299s
INFO    [05-20 22:34:50] train in BasicTrainer:
epoch: 34
INFO    [05-20 22:35:05] _train_one_epoch in BasicTrainer:
loss = 7.285238461060957
INFO    [05-20 22:35:29] validate in BasicTrainer:
{'Recall@10': 0.04630691359440486, 'NDCG@10': 0.026342681050300597, 'MRR@10': 0.020269527782996496, 'Recall@5': 0.03174090633789698, 'NDCG@5': 0.02166398676733176, 'MRR@5': 0.018356925621628762, 'Recall*@10': 0.04919149627288182, 'NDCG*@10': 0.02799435059229533, 'MRR*@10': 0.021552006155252455, 'Recall*@5': 0.03350342685977618, 'NDCG*@5': 0.022960457081596056, 'MRR*@5': 0.019497253745794297}
INFO    [05-20 22:35:29] train in BasicTrainer:
duration: 39.06378102302551s
INFO    [05-20 22:35:29] train in BasicTrainer:
epoch: 35
INFO    [05-20 22:35:44] _train_one_epoch in BasicTrainer:
loss = 7.246483362082279
INFO    [05-20 22:36:07] log in loggers:
Update Best NDCG@10 Model at 35
INFO    [05-20 22:36:08] validate in BasicTrainer:
{'Recall@10': 0.047382707397143044, 'NDCG@10': 0.027026445170243583, 'MRR@10': 0.02084553005794684, 'Recall@5': 0.03240927408138911, 'NDCG@5': 0.022211841121315957, 'MRR@5': 0.01887447703629732, 'Recall*@10': 0.050466831773519516, 'NDCG*@10': 0.02874272478123506, 'MRR*@10': 0.02215500921010971, 'Recall*@5': 0.034089068944255514, 'NDCG*@5': 0.023464823762575786, 'MRR*@5': 0.019987183064222334}
INFO    [05-20 22:36:08] train in BasicTrainer:
duration: 38.46549916267395s
INFO    [05-20 22:36:08] train in BasicTrainer:
epoch: 36
INFO    [05-20 22:36:23] _train_one_epoch in BasicTrainer:
loss = 7.206773295547023
INFO    [05-20 22:36:47] validate in BasicTrainer:
{'Recall@10': 0.04710706472396851, 'NDCG@10': 0.02692621052265167, 'MRR@10': 0.020808653409282365, 'Recall@5': 0.03198767205079397, 'NDCG@5': 0.022072158008813857, 'MRR@5': 0.018825631216168405, 'Recall*@10': 0.050126040975252785, 'NDCG*@10': 0.0286029901355505, 'MRR*@10': 0.022085218504071236, 'Recall*@5': 0.03388899900019169, 'NDCG*@5': 0.023392845690250397, 'MRR*@5': 0.019958377008636792}
INFO    [05-20 22:36:47] train in BasicTrainer:
duration: 39.475783348083496s
INFO    [05-20 22:36:47] train in BasicTrainer:
epoch: 37
INFO    [05-20 22:37:02] _train_one_epoch in BasicTrainer:
loss = 7.1696701555541065
INFO    [05-20 22:37:25] log in loggers:
Update Best NDCG@10 Model at 37
INFO    [05-20 22:37:25] validate in BasicTrainer:
{'Recall@10': 0.04689862628777822, 'NDCG@10': 0.027102891728281973, 'MRR@10': 0.021090998003880184, 'Recall@5': 0.03219978561004003, 'NDCG@5': 0.022383539378643035, 'MRR@5': 0.019162326740721863, 'Recall*@10': 0.050104798873265584, 'NDCG*@10': 0.0288424476981163, 'MRR*@10': 0.022391388068596522, 'Recall*@5': 0.03404871548215548, 'NDCG*@5': 0.02368327838679155, 'MRR*@5': 0.020280506213506064}
INFO    [05-20 22:37:25] train in BasicTrainer:
duration: 38.16710329055786s
INFO    [05-20 22:37:25] train in BasicTrainer:
epoch: 38
INFO    [05-20 22:37:40] _train_one_epoch in BasicTrainer:
loss = 7.137040961872447
INFO    [05-20 22:38:04] validate in BasicTrainer:
{'Recall@10': 0.04716744373242061, 'NDCG@10': 0.027077437316377958, 'MRR@10': 0.020981326575080554, 'Recall@5': 0.03240769902865092, 'NDCG@5': 0.02234967884918054, 'MRR@5': 0.019056462744871775, 'Recall*@10': 0.05040068800250689, 'NDCG*@10': 0.02871952305237452, 'MRR*@10': 0.022149791816870372, 'Recall*@5': 0.034167831391096117, 'NDCG*@5': 0.023522804180781048, 'MRR*@5': 0.02003579804052909}
INFO    [05-20 22:38:04] train in BasicTrainer:
duration: 38.91213130950928s
INFO    [05-20 22:38:04] train in BasicTrainer:
epoch: 39
INFO    [05-20 22:38:19] _train_one_epoch in BasicTrainer:
loss = 7.099525653954708
INFO    [05-20 22:38:43] log in loggers:
Update Best NDCG@10 Model at 39
INFO    [05-20 22:38:43] validate in BasicTrainer:
{'Recall@10': 0.046962155401706694, 'NDCG@10': 0.02717100145916144, 'MRR@10': 0.021145987138152123, 'Recall@5': 0.032489079236984256, 'NDCG@5': 0.022519045198957127, 'MRR@5': 0.019242630898952486, 'Recall*@10': 0.05020593951145808, 'NDCG*@10': 0.02891039935251077, 'MRR*@10': 0.022432485471169154, 'Recall*@5': 0.03448528908193112, 'NDCG*@5': 0.02385087087750435, 'MRR*@5': 0.020358443756898246}
INFO    [05-20 22:38:43] train in BasicTrainer:
duration: 39.091200828552246s
INFO    [05-20 22:38:43] train in BasicTrainer:
epoch: 40
INFO    [05-20 22:38:59] _train_one_epoch in BasicTrainer:
loss = 7.068732117161606
INFO    [05-20 22:39:22] log in loggers:
Update Best NDCG@10 Model at 40
INFO    [05-20 22:39:22] validate in BasicTrainer:
{'Recall@10': 0.04723254789908727, 'NDCG@10': 0.027621673171718916, 'MRR@10': 0.021657467633485795, 'Recall@5': 0.032781522969404855, 'NDCG@5': 0.02298887719710668, 'MRR@5': 0.019768749301632246, 'Recall*@10': 0.05027837082743645, 'NDCG*@10': 0.029360099012653032, 'MRR*@10': 0.02299473447104295, 'Recall*@5': 0.034949896236260734, 'NDCG*@5': 0.024448555583755176, 'MRR*@5': 0.020993703479568162}
INFO    [05-20 22:39:22] train in BasicTrainer:
duration: 38.99483847618103s
INFO    [05-20 22:39:22] train in BasicTrainer:
epoch: 41
INFO    [05-20 22:39:36] _train_one_epoch in BasicTrainer:
loss = 7.036260915525032
INFO    [05-20 22:40:00] log in loggers:
Update Best NDCG@10 Model at 41
INFO    [05-20 22:40:01] validate in BasicTrainer:
{'Recall@10': 0.048054225246111554, 'NDCG@10': 0.02798198238015175, 'MRR@10': 0.021897445743282635, 'Recall@5': 0.0328991303841273, 'NDCG@5': 0.023121924822529158, 'MRR@5': 0.0199151199311018, 'Recall*@10': 0.051121586561203004, 'NDCG*@10': 0.029762396092216172, 'MRR*@10': 0.023294580976168315, 'Recall*@5': 0.03485200541714827, 'NDCG*@5': 0.024549216280380884, 'MRR*@5': 0.021170749515295028}
INFO    [05-20 22:40:01] train in BasicTrainer:
duration: 38.367390394210815s
INFO    [05-20 22:40:01] train in BasicTrainer:
epoch: 42
INFO    [05-20 22:40:15] _train_one_epoch in BasicTrainer:
loss = 7.000102411616933
INFO    [05-20 22:40:39] log in loggers:
Update Best NDCG@10 Model at 42
INFO    [05-20 22:40:39] validate in BasicTrainer:
{'Recall@10': 0.048543556779623034, 'NDCG@10': 0.028340498358011244, 'MRR@10': 0.022216577331225076, 'Recall@5': 0.03315797199805578, 'NDCG@5': 0.02338715431590875, 'MRR@5': 0.02018517100562652, 'Recall*@10': 0.05119597961505254, 'NDCG*@10': 0.029764457295338314, 'MRR*@10': 0.023268524929881094, 'Recall*@5': 0.03485432229936123, 'NDCG*@5': 0.024502753342191378, 'MRR*@5': 0.021110477298498152}
INFO    [05-20 22:40:39] train in BasicTrainer:
duration: 38.35904598236084s
INFO    [05-20 22:40:39] train in BasicTrainer:
epoch: 43
INFO    [05-20 22:40:55] _train_one_epoch in BasicTrainer:
loss = 6.9711739149960605
INFO    [05-20 22:41:19] log in loggers:
Update Best NDCG@10 Model at 43
INFO    [05-20 22:41:19] validate in BasicTrainer:
{'Recall@10': 0.04859133462111155, 'NDCG@10': 0.02840779423713684, 'MRR@10': 0.022289891665180524, 'Recall@5': 0.033144846310218176, 'NDCG@5': 0.02345704510807991, 'MRR@5': 0.020272606487075486, 'Recall*@10': 0.05141397590438525, 'NDCG*@10': 0.02985279286901156, 'MRR*@10': 0.02332452858487765, 'Recall*@5': 0.03481256701052189, 'NDCG*@5': 0.024537665645281474, 'MRR*@5': 0.021162070085604986}
INFO    [05-20 22:41:19] train in BasicTrainer:
duration: 40.328367710113525s
INFO    [05-20 22:41:19] train in BasicTrainer:
epoch: 44
INFO    [05-20 22:41:35] _train_one_epoch in BasicTrainer:
loss = 6.944043715794881
INFO    [05-20 22:41:58] validate in BasicTrainer:
{'Recall@10': 0.048000671962896986, 'NDCG@10': 0.0281666016827027, 'MRR@10': 0.02212931364774704, 'Recall@5': 0.03364940360188484, 'NDCG@5': 0.023551380510131517, 'MRR@5': 0.020239354421695072, 'Recall*@10': 0.05090924153725306, 'NDCG*@10': 0.02976554421087106, 'MRR*@10': 0.02332859200735887, 'Recall*@5': 0.03569782314201196, 'NDCG*@5': 0.024872299656271933, 'MRR*@5': 0.021323907499512035}
INFO    [05-20 22:41:58] train in BasicTrainer:
duration: 38.91374921798706s
INFO    [05-20 22:41:58] train in BasicTrainer:
epoch: 45
INFO    [05-20 22:42:14] _train_one_epoch in BasicTrainer:
loss = 6.909980701677727
INFO    [05-20 22:42:40] log in loggers:
Update Best NDCG@10 Model at 45
INFO    [05-20 22:42:41] validate in BasicTrainer:
{'Recall@10': 0.048631762216488524, 'NDCG@10': 0.028533832728862764, 'MRR@10': 0.022430421287814774, 'Recall@5': 0.03355174735188484, 'NDCG@5': 0.02368158511817455, 'MRR@5': 0.02044146607319514, 'Recall*@10': 0.051183578372001645, 'NDCG*@10': 0.02991701550781727, 'MRR*@10': 0.023459260910749437, 'Recall*@5': 0.035217518856128054, 'NDCG*@5': 0.024783864120642343, 'MRR*@5': 0.02135761429866155}
INFO    [05-20 22:42:41] train in BasicTrainer:
duration: 42.843512535095215s
INFO    [05-20 22:42:41] train in BasicTrainer:
epoch: 46
INFO    [05-20 22:42:56] _train_one_epoch in BasicTrainer:
loss = 6.882994817964958
INFO    [05-20 22:43:19] log in loggers:
Update Best NDCG@10 Model at 46
INFO    [05-20 22:43:20] validate in BasicTrainer:
{'Recall@10': 0.04817025785644849, 'NDCG@10': 0.028568642710645995, 'MRR@10': 0.022611999760071437, 'Recall@5': 0.03353232095638911, 'NDCG@5': 0.02386577899257342, 'MRR@5': 0.020688826963305474, 'Recall*@10': 0.05132768576343854, 'NDCG*@10': 0.030361941208442052, 'MRR*@10': 0.02399612876276175, 'Recall*@5': 0.03561102698246638, 'NDCG*@5': 0.02532167062163353, 'MRR*@5': 0.021940277392665544}
INFO    [05-20 22:43:20] train in BasicTrainer:
duration: 38.6626763343811s
INFO    [05-20 22:43:20] train in BasicTrainer:
epoch: 47
INFO    [05-20 22:43:35] _train_one_epoch in BasicTrainer:
loss = 6.851176876010316
INFO    [05-20 22:44:00] log in loggers:
Update Best NDCG@10 Model at 47
INFO    [05-20 22:44:00] validate in BasicTrainer:
{'Recall@10': 0.048933656762043636, 'NDCG@10': 0.02890092444916566, 'MRR@10': 0.022819269200166067, 'Recall@5': 0.033989625175793965, 'NDCG@5': 0.02410342718164126, 'MRR@5': 0.020859847962856292, 'Recall*@10': 0.052031997591257095, 'NDCG*@10': 0.03061373420059681, 'MRR*@10': 0.02410552278161049, 'Recall*@5': 0.03628004056711991, 'NDCG*@5': 0.025557298213243484, 'MRR*@5': 0.022040486956636112}
INFO    [05-20 22:44:00] train in BasicTrainer:
duration: 40.21795415878296s
INFO    [05-20 22:44:00] train in BasicTrainer:
epoch: 48
INFO    [05-20 22:44:15] _train_one_epoch in BasicTrainer:
loss = 6.823823054631551
INFO    [05-20 22:44:39] validate in BasicTrainer:
{'Recall@10': 0.04802062312761943, 'NDCG@10': 0.02885589636862278, 'MRR@10': 0.0230239720394214, 'Recall@5': 0.03391402040918668, 'NDCG@5': 0.024305950105190276, 'MRR@5': 0.021152755245566368, 'Recall*@10': 0.05080571671326955, 'NDCG*@10': 0.03043107638756434, 'MRR*@10': 0.024235597501198452, 'Recall*@5': 0.03571811852355798, 'NDCG*@5': 0.025564720729986827, 'MRR*@5': 0.022234249860048294}
INFO    [05-20 22:44:39] train in BasicTrainer:
duration: 39.193615674972534s
INFO    [05-20 22:44:39] train in BasicTrainer:
epoch: 49
INFO    [05-20 22:44:54] _train_one_epoch in BasicTrainer:
loss = 6.804309086366133
INFO    [05-20 22:45:18] log in loggers:
Update Best NDCG@10 Model at 49
INFO    [05-20 22:45:18] validate in BasicTrainer:
{'Recall@10': 0.049232925722996396, 'NDCG@10': 0.029303915053606033, 'MRR@10': 0.023258222887913387, 'Recall@5': 0.03423901622494062, 'NDCG@5': 0.02449687992533048, 'MRR@5': 0.02129893365005652, 'Recall*@10': 0.05207821701963743, 'NDCG*@10': 0.030823816855748493, 'MRR*@10': 0.024374527360002198, 'Recall*@5': 0.03622155201931795, 'NDCG*@5': 0.02574307657778263, 'MRR*@5': 0.022305397813518844}
INFO    [05-20 22:45:18] train in BasicTrainer:
duration: 38.84534788131714s
INFO    [05-20 22:45:18] train in BasicTrainer:
epoch: 50
INFO    [05-20 22:45:34] _train_one_epoch in BasicTrainer:
loss = 6.771224729942553
INFO    [05-20 22:46:00] validate in BasicTrainer:
{'Recall@10': 0.04906649018327395, 'NDCG@10': 0.02928295483191808, 'MRR@10': 0.023274279137452444, 'Recall@5': 0.03433457240462303, 'NDCG@5': 0.024546626831094424, 'MRR@5': 0.021335466826955477, 'Recall*@10': 0.05202469552556674, 'NDCG*@10': 0.03082128961881002, 'MRR*@10': 0.024385621398687364, 'Recall*@5': 0.03618275262415409, 'NDCG*@5': 0.025733734667301177, 'MRR*@5': 0.022306503355503084}
INFO    [05-20 22:46:00] train in BasicTrainer:
duration: 41.630866289138794s
INFO    [05-20 22:46:00] train in BasicTrainer:
epoch: 51
INFO    [05-20 22:46:15] _train_one_epoch in BasicTrainer:
loss = 6.752332268339215
INFO    [05-20 22:46:39] validate in BasicTrainer:
{'Recall@10': 0.04821436057488124, 'NDCG@10': 0.029039840896924338, 'MRR@10': 0.02321079671382904, 'Recall@5': 0.034020077188809714, 'NDCG@5': 0.024481929590304694, 'MRR@5': 0.02134850521882375, 'Recall*@10': 0.050787973155577974, 'NDCG*@10': 0.03047413267195225, 'MRR*@10': 0.024299141640464466, 'Recall*@5': 0.03579443544149399, 'NDCG*@5': 0.025649945810437204, 'MRR*@5': 0.022322251151005428}
INFO    [05-20 22:46:39] train in BasicTrainer:
duration: 39.73508381843567s
INFO    [05-20 22:46:39] train in BasicTrainer:
epoch: 52
INFO    [05-20 22:46:54] _train_one_epoch in BasicTrainer:
loss = 6.730762806805697
INFO    [05-20 22:47:20] log in loggers:
Update Best NDCG@10 Model at 52
INFO    [05-20 22:47:21] validate in BasicTrainer:
{'Recall@10': 0.04921402459343274, 'NDCG@10': 0.029689222822586694, 'MRR@10': 0.023756455754240353, 'Recall@5': 0.03480972771843274, 'NDCG@5': 0.025062910094857217, 'MRR@5': 0.02186562828719616, 'Recall*@10': 0.05207659701506297, 'NDCG*@10': 0.03125377881030242, 'MRR*@10': 0.024929970627029736, 'Recall*@5': 0.03652181389431159, 'NDCG*@5': 0.026249628017346063, 'MRR*@5': 0.022879770025610924}
INFO    [05-20 22:47:21] train in BasicTrainer:
duration: 41.44870328903198s
INFO    [05-20 22:47:21] train in BasicTrainer:
epoch: 53
INFO    [05-20 22:47:36] _train_one_epoch in BasicTrainer:
loss = 6.705153219627611
INFO    [05-20 22:48:01] log in loggers:
Update Best NDCG@10 Model at 53
INFO    [05-20 22:48:02] validate in BasicTrainer:
{'Recall@10': 0.049683404713869096, 'NDCG@10': 0.02997593569258849, 'MRR@10': 0.023983882491787276, 'Recall@5': 0.03539409016569455, 'NDCG@5': 0.02539789999524752, 'MRR@5': 0.02211956058939298, 'Recall*@10': 0.05270184104641278, 'NDCG*@10': 0.0315905270477136, 'MRR*@10': 0.025175035124023755, 'Recall*@5': 0.0373825903981924, 'NDCG*@5': 0.026688130696614583, 'MRR*@5': 0.023182090371847153}
INFO    [05-20 22:48:02] train in BasicTrainer:
duration: 40.82225489616394s
INFO    [05-20 22:48:02] train in BasicTrainer:
epoch: 54
INFO    [05-20 22:48:17] _train_one_epoch in BasicTrainer:
loss = 6.682062365792015
INFO    [05-20 22:48:42] log in loggers:
Update Best NDCG@10 Model at 54
INFO    [05-20 22:48:44] validate in BasicTrainer:
{'Recall@10': 0.04963667665918668, 'NDCG@10': 0.030082819486657777, 'MRR@10': 0.02412428359190623, 'Recall@5': 0.03539619023601214, 'NDCG@5': 0.025495933617154756, 'MRR@5': 0.022241552546620368, 'Recall*@10': 0.0524821400642395, 'NDCG*@10': 0.031565153722961745, 'MRR*@10': 0.02518910082678, 'Recall*@5': 0.037249822293718655, 'NDCG*@5': 0.026656950637698174, 'MRR*@5': 0.023173516740401585}
INFO    [05-20 22:48:44] train in BasicTrainer:
duration: 42.677014112472534s
INFO    [05-20 22:48:44] train in BasicTrainer:
epoch: 55
INFO    [05-20 22:48:58] _train_one_epoch in BasicTrainer:
loss = 6.657335115201546
INFO    [05-20 22:49:22] validate in BasicTrainer:
{'Recall@10': 0.0491940734287103, 'NDCG@10': 0.02989139916996161, 'MRR@10': 0.024016950155297916, 'Recall@5': 0.03524865582585335, 'NDCG@5': 0.025414172932505606, 'MRR@5': 0.022187754263480505, 'Recall*@10': 0.05181626925865809, 'NDCG*@10': 0.031247711429993313, 'MRR*@10': 0.024993089462320008, 'Recall*@5': 0.036708639562129976, 'NDCG*@5': 0.026392813896139462, 'MRR*@5': 0.02300690660874049}
INFO    [05-20 22:49:22] train in BasicTrainer:
duration: 37.951045751571655s
INFO    [05-20 22:49:22] train in BasicTrainer:
epoch: 56
INFO    [05-20 22:49:38] _train_one_epoch in BasicTrainer:
loss = 6.6377896973581025
INFO    [05-20 22:50:04] validate in BasicTrainer:
{'Recall@10': 0.049275978654623034, 'NDCG@10': 0.030069314564267795, 'MRR@10': 0.024221402779221534, 'Recall@5': 0.035309559851884845, 'NDCG@5': 0.02559032862385114, 'MRR@5': 0.02239477410912514, 'Recall*@10': 0.052018936971823374, 'NDCG*@10': 0.03148020754257838, 'MRR*@10': 0.025228578597307205, 'Recall*@5': 0.03708373345434666, 'NDCG*@5': 0.02669307328760624, 'MRR*@5': 0.023277764022350312}
INFO    [05-20 22:50:04] train in BasicTrainer:
duration: 41.73985433578491s
INFO    [05-20 22:50:04] train in BasicTrainer:
epoch: 57
INFO    [05-20 22:50:19] _train_one_epoch in BasicTrainer:
loss = 6.617582097198024
INFO    [05-20 22:50:44] validate in BasicTrainer:
{'Recall@10': 0.04908066615462303, 'NDCG@10': 0.030038772026697795, 'MRR@10': 0.024245018884539605, 'Recall@5': 0.0350344421962897, 'NDCG@5': 0.025525880604982377, 'MRR@5': 0.02239985006550948, 'Recall*@10': 0.05187931035955747, 'NDCG*@10': 0.03158332084616025, 'MRR*@10': 0.025404699519276618, 'Recall*@5': 0.03702218693991502, 'NDCG*@5': 0.02681649774312973, 'MRR*@5': 0.023459423954288166}
INFO    [05-20 22:50:44] train in BasicTrainer:
duration: 40.273563385009766s
INFO    [05-20 22:50:44] train in BasicTrainer:
epoch: 58
INFO    [05-20 22:50:59] _train_one_epoch in BasicTrainer:
loss = 6.591645941589817
INFO    [05-20 22:51:25] log in loggers:
Update Best NDCG@10 Model at 58
INFO    [05-20 22:51:27] validate in BasicTrainer:
{'Recall@10': 0.05005617837111155, 'NDCG@10': 0.030373284220695497, 'MRR@10': 0.02438408136367798, 'Recall@5': 0.035359963029623034, 'NDCG@5': 0.025637525816758475, 'MRR@5': 0.02243964746594429, 'Recall*@10': 0.052884019911289215, 'NDCG*@10': 0.031850723053018254, 'MRR*@10': 0.025450480977694194, 'Recall*@5': 0.037244627128044765, 'NDCG*@5': 0.0268083809564511, 'MRR*@5': 0.023378515740235646}
INFO    [05-20 22:51:27] train in BasicTrainer:
duration: 42.18608260154724s
INFO    [05-20 22:51:27] train in BasicTrainer:
epoch: 59
INFO    [05-20 22:51:42] _train_one_epoch in BasicTrainer:
loss = 6.577083652669733
INFO    [05-20 22:52:08] validate in BasicTrainer:
{'Recall@10': 0.04959992418686549, 'NDCG@10': 0.0301570658882459, 'MRR@10': 0.02426819105943044, 'Recall@5': 0.03452830985188484, 'NDCG@5': 0.025326689705252647, 'MRR@5': 0.022299804911017417, 'Recall*@10': 0.0523045798142751, 'NDCG*@10': 0.031538415948549905, 'MRR*@10': 0.025255773961544038, 'Recall*@5': 0.03597794758776824, 'NDCG*@5': 0.026307779798905053, 'MRR*@5': 0.023125490918755532}
INFO    [05-20 22:52:08] train in BasicTrainer:
duration: 41.13826656341553s
INFO    [05-20 22:52:08] train in BasicTrainer:
epoch: 60
INFO    [05-20 22:52:23] _train_one_epoch in BasicTrainer:
loss = 6.555220502795595
INFO    [05-20 22:52:48] log in loggers:
Update Best NDCG@10 Model at 60
INFO    [05-20 22:52:49] validate in BasicTrainer:
{'Recall@10': 0.05054655993978183, 'NDCG@10': 0.030858640496929487, 'MRR@10': 0.02487331194182237, 'Recall@5': 0.03609606002767881, 'NDCG@5': 0.026228447258472443, 'MRR@5': 0.022987424085537594, 'Recall*@10': 0.05316913177569707, 'NDCG*@10': 0.03223166304330031, 'MRR*@10': 0.025872315963109335, 'Recall*@5': 0.03774957793454329, 'NDCG*@5': 0.02730353350440661, 'MRR*@5': 0.023872775832811992}
INFO    [05-20 22:52:49] train in BasicTrainer:
duration: 41.626157999038696s
INFO    [05-20 22:52:49] train in BasicTrainer:
epoch: 61
INFO    [05-20 22:53:04] _train_one_epoch in BasicTrainer:
loss = 6.534730087627064
INFO    [05-20 22:53:30] log in loggers:
Update Best NDCG@10 Model at 61
INFO    [05-20 22:53:31] validate in BasicTrainer:
{'Recall@10': 0.05087313080827395, 'NDCG@10': 0.031076490009824435, 'MRR@10': 0.02505858950316906, 'Recall@5': 0.03622469330827395, 'NDCG@5': 0.026371466865142187, 'MRR@5': 0.023135264466206232, 'Recall*@10': 0.05365104526281357, 'NDCG*@10': 0.03253585646549861, 'MRR*@10': 0.02612028978765011, 'Recall*@5': 0.037928498536348346, 'NDCG*@5': 0.02749049539367358, 'MRR*@5': 0.02406058870255947}
INFO    [05-20 22:53:31] train in BasicTrainer:
duration: 42.069403886795044s
INFO    [05-20 22:53:31] train in BasicTrainer:
epoch: 62
INFO    [05-20 22:53:46] _train_one_epoch in BasicTrainer:
loss = 6.5158116167241875
INFO    [05-20 22:54:09] validate in BasicTrainer:
{'Recall@10': 0.051033266137043634, 'NDCG@10': 0.031045275057355562, 'MRR@10': 0.02497174044450124, 'Recall@5': 0.036488260080416994, 'NDCG@5': 0.026384646569689117, 'MRR@5': 0.02307335448761781, 'Recall*@10': 0.05380460793773333, 'NDCG*@10': 0.032482659444212914, 'MRR*@10': 0.026014415671428044, 'Recall*@5': 0.0380561538040638, 'NDCG*@5': 0.027443920820951463, 'MRR*@5': 0.023966415350635848}
INFO    [05-20 22:54:09] train in BasicTrainer:
duration: 37.56779932975769s
INFO    [05-20 22:54:09] train in BasicTrainer:
epoch: 63
INFO    [05-20 22:54:24] _train_one_epoch in BasicTrainer:
loss = 6.49737717888572
INFO    [05-20 22:54:49] validate in BasicTrainer:
{'Recall@10': 0.0502079131702582, 'NDCG@10': 0.030851243808865548, 'MRR@10': 0.024970543136199317, 'Recall@5': 0.03593172455827395, 'NDCG@5': 0.026280290633440017, 'MRR@5': 0.02311025559902191, 'Recall*@10': 0.05282697305083275, 'NDCG*@10': 0.0322677177687486, 'MRR*@10': 0.026022519792119662, 'Recall*@5': 0.03775099292397499, 'NDCG*@5': 0.027445351456602415, 'MRR*@5': 0.024062661578257878}
INFO    [05-20 22:54:49] train in BasicTrainer:
duration: 39.777141094207764s
INFO    [05-20 22:54:49] train in BasicTrainer:
epoch: 64
INFO    [05-20 22:55:04] _train_one_epoch in BasicTrainer:
loss = 6.4760520241477275
INFO    [05-20 22:55:28] log in loggers:
Update Best NDCG@10 Model at 64
INFO    [05-20 22:55:28] validate in BasicTrainer:
{'Recall@10': 0.05067361791928609, 'NDCG@10': 0.03132690079510212, 'MRR@10': 0.025442876666784287, 'Recall@5': 0.036273521433273954, 'NDCG@5': 0.02669266387820244, 'MRR@5': 0.0235434519747893, 'Recall*@10': 0.0532976895570755, 'NDCG*@10': 0.03271937407553196, 'MRR*@10': 0.02646194150050481, 'Recall*@5': 0.03818841514488061, 'NDCG*@5': 0.027868428453803062, 'MRR*@5': 0.02448051000634829}
INFO    [05-20 22:55:28] train in BasicTrainer:
duration: 39.7050359249115s
INFO    [05-20 22:55:28] train in BasicTrainer:
epoch: 65
INFO    [05-20 22:55:44] _train_one_epoch in BasicTrainer:
loss = 6.454276633985115
INFO    [05-20 22:56:09] log in loggers:
Update Best NDCG@10 Model at 65
INFO    [05-20 22:56:09] validate in BasicTrainer:
{'Recall@10': 0.051586651553710304, 'NDCG@10': 0.03180251754820347, 'MRR@10': 0.025790172070264815, 'Recall@5': 0.03747899855176608, 'NDCG@5': 0.02728952057659626, 'MRR@5': 0.02395654817422231, 'Recall*@10': 0.05421253840128581, 'NDCG*@10': 0.03329068223635356, 'MRR*@10': 0.026933038358887038, 'Recall*@5': 0.03933939424653848, 'NDCG*@5': 0.028537609055638312, 'MRR*@5': 0.0250047800441583}
INFO    [05-20 22:56:09] train in BasicTrainer:
duration: 41.008256673812866s
INFO    [05-20 22:56:09] train in BasicTrainer:
epoch: 66
INFO    [05-20 22:56:24] _train_one_epoch in BasicTrainer:
loss = 6.442385377305927
INFO    [05-20 22:56:48] validate in BasicTrainer:
{'Recall@10': 0.05038904969890912, 'NDCG@10': 0.0313232367237409, 'MRR@10': 0.02550991711517175, 'Recall@5': 0.03681483119726181, 'NDCG@5': 0.026981007804473243, 'MRR@5': 0.02374544950822989, 'Recall*@10': 0.053024943172931674, 'NDCG*@10': 0.03280489556491375, 'MRR*@10': 0.026632881288727126, 'Recall*@5': 0.03884292369087537, 'NDCG*@5': 0.028261243055264156, 'MRR*@5': 0.024782498429218928}
INFO    [05-20 22:56:48] train in BasicTrainer:
duration: 38.72158980369568s
INFO    [05-20 22:56:48] train in BasicTrainer:
epoch: 67
INFO    [05-20 22:57:03] _train_one_epoch in BasicTrainer:
loss = 6.427998773979418
INFO    [05-20 22:57:29] validate in BasicTrainer:
{'Recall@10': 0.050904632856448494, 'NDCG@10': 0.0314841923614343, 'MRR@10': 0.025564068680008253, 'Recall@5': 0.03669827356934548, 'NDCG@5': 0.026895452414949735, 'MRR@5': 0.023673468083143235, 'Recall*@10': 0.05372951130072276, 'NDCG*@10': 0.033008081714312236, 'MRR*@10': 0.02669402671356996, 'Recall*@5': 0.03861723740895589, 'NDCG*@5': 0.028130885337789853, 'MRR*@5': 0.024687113364537557}
INFO    [05-20 22:57:29] train in BasicTrainer:
duration: 40.379860162734985s
INFO    [05-20 22:57:29] train in BasicTrainer:
epoch: 68
INFO    [05-20 22:57:42] _train_one_epoch in BasicTrainer:
loss = 6.410180286927656
INFO    [05-20 22:58:07] validate in BasicTrainer:
{'Recall@10': 0.05067361791928609, 'NDCG@10': 0.031405453383922574, 'MRR@10': 0.025543840229511262, 'Recall@5': 0.03644730746746063, 'NDCG@5': 0.02681888292233149, 'MRR@5': 0.023659327005346616, 'Recall*@10': 0.05334181760748227, 'NDCG*@10': 0.03271337201197942, 'MRR*@10': 0.026440838600198427, 'Recall*@5': 0.038087323556343713, 'NDCG*@5': 0.027789577345053353, 'MRR*@5': 0.02441460167368253}
INFO    [05-20 22:58:07] train in BasicTrainer:
duration: 38.024832248687744s
INFO    [05-20 22:58:07] train in BasicTrainer:
epoch: 69
INFO    [05-20 22:58:21] _train_one_epoch in BasicTrainer:
loss = 6.392377875067971
INFO    [05-20 22:58:47] validate in BasicTrainer:
{'Recall@10': 0.05007560476660729, 'NDCG@10': 0.031222174316644667, 'MRR@10': 0.025465682273109753, 'Recall@5': 0.036875734974940615, 'NDCG@5': 0.026965349167585372, 'MRR@5': 0.023715654388070107, 'Recall*@10': 0.052929796775182086, 'NDCG*@10': 0.03271197639405728, 'MRR*@10': 0.0265421728293101, 'Recall*@5': 0.03871402864654859, 'NDCG*@5': 0.02813058396180471, 'MRR*@5': 0.024660514295101167}
INFO    [05-20 22:58:47] train in BasicTrainer:
duration: 40.6056182384491s
INFO    [05-20 22:58:47] train in BasicTrainer:
epoch: 70
INFO    [05-20 22:59:02] _train_one_epoch in BasicTrainer:
loss = 6.376065470955589
INFO    [05-20 22:59:26] validate in BasicTrainer:
{'Recall@10': 0.05180086518327395, 'NDCG@10': 0.03168481799463431, 'MRR@10': 0.025566283240914346, 'Recall@5': 0.036859983950853346, 'NDCG@5': 0.02689493584136168, 'MRR@5': 0.023613998542229335, 'Recall*@10': 0.05466036895910899, 'NDCG*@10': 0.03318020155032476, 'MRR*@10': 0.026652025058865547, 'Recall*@5': 0.03866041724880536, 'NDCG*@5': 0.028054561962683997, 'MRR*@5': 0.02456511395672957}
INFO    [05-20 22:59:26] train in BasicTrainer:
duration: 38.387617349624634s
INFO    [05-20 22:59:26] train in BasicTrainer:
epoch: 71
INFO    [05-20 22:59:41] _train_one_epoch in BasicTrainer:
loss = 6.367696725960934
INFO    [05-20 23:00:05] log in loggers:
Update Best NDCG@10 Model at 71
INFO    [05-20 23:00:05] validate in BasicTrainer:
{'Recall@10': 0.051301558315753934, 'NDCG@10': 0.03187760536869367, 'MRR@10': 0.025960064058502517, 'Recall@5': 0.03719915573795637, 'NDCG@5': 0.02733083243171374, 'MRR@5': 0.02409136841694514, 'Recall*@10': 0.053689333299795784, 'NDCG*@10': 0.03318624248107274, 'MRR*@10': 0.026933645084500312, 'Recall*@5': 0.03901025565961997, 'NDCG*@5': 0.028456658745805424, 'MRR*@5': 0.024991571406523385}
INFO    [05-20 23:00:05] train in BasicTrainer:
duration: 39.55846810340881s
INFO    [05-20 23:00:05] train in BasicTrainer:
epoch: 72
INFO    [05-20 23:00:20] _train_one_epoch in BasicTrainer:
loss = 6.349975109100342
INFO    [05-20 23:00:44] log in loggers:
Update Best NDCG@10 Model at 72
INFO    [05-20 23:00:44] validate in BasicTrainer:
{'Recall@10': 0.05183761740724246, 'NDCG@10': 0.032063554724057516, 'MRR@10': 0.026048765207330387, 'Recall@5': 0.037577179819345476, 'NDCG@5': 0.027494052549203236, 'MRR@5': 0.024187379454572996, 'Recall*@10': 0.05447950785358747, 'NDCG*@10': 0.03355044064422449, 'MRR*@10': 0.027184065555532773, 'Recall*@5': 0.03939796487490336, 'NDCG*@5': 0.02871766115228335, 'MRR*@5': 0.02521518518527349}
INFO    [05-20 23:00:44] train in BasicTrainer:
duration: 38.78310704231262s
INFO    [05-20 23:00:44] train in BasicTrainer:
epoch: 73
INFO    [05-20 23:00:58] _train_one_epoch in BasicTrainer:
loss = 6.3362884015748
INFO    [05-20 23:01:22] log in loggers:
Update Best NDCG@10 Model at 73
INFO    [05-20 23:01:22] validate in BasicTrainer:
{'Recall@10': 0.051621828724940616, 'NDCG@10': 0.03228255646924178, 'MRR@10': 0.02638226995865504, 'Recall@5': 0.03777721772591273, 'NDCG@5': 0.027833927671114603, 'MRR@5': 0.024562498554587364, 'Recall*@10': 0.05416854694485664, 'NDCG*@10': 0.0337839542577664, 'MRR*@10': 0.027561876550316812, 'Recall*@5': 0.039589049046238264, 'NDCG*@5': 0.02909377453227838, 'MRR*@5': 0.025640040015180905}
INFO    [05-20 23:01:22] train in BasicTrainer:
duration: 38.407861948013306s
INFO    [05-20 23:01:22] train in BasicTrainer:
epoch: 74
INFO    [05-20 23:01:38] _train_one_epoch in BasicTrainer:
loss = 6.3192737535996875
INFO    [05-20 23:02:02] validate in BasicTrainer:
{'Recall@10': 0.05093665992220243, 'NDCG@10': 0.03189503935476144, 'MRR@10': 0.02609245280424754, 'Recall@5': 0.03695711518327395, 'NDCG@5': 0.02737496793270111, 'MRR@5': 0.024227037032445272, 'Recall*@10': 0.05367305502295494, 'NDCG*@10': 0.03334491848945618, 'MRR*@10': 0.02715616983671983, 'Recall*@5': 0.03857800289988518, 'NDCG*@5': 0.028465827802817027, 'MRR*@5': 0.025143400952219962}
INFO    [05-20 23:02:02] train in BasicTrainer:
duration: 39.604820728302s
INFO    [05-20 23:02:02] train in BasicTrainer:
epoch: 75
INFO    [05-20 23:02:16] _train_one_epoch in BasicTrainer:
loss = 6.301883972052372
INFO    [05-20 23:02:40] validate in BasicTrainer:
{'Recall@10': 0.0512459047138691, 'NDCG@10': 0.03221499522527059, 'MRR@10': 0.026405409226814905, 'Recall@5': 0.037938403089841206, 'NDCG@5': 0.027935031925638516, 'MRR@5': 0.024652305617928506, 'Recall*@10': 0.05374053021272023, 'NDCG*@10': 0.03355532797674338, 'MRR*@10': 0.02739915686349074, 'Recall*@5': 0.03968489641944568, 'NDCG*@5': 0.029042660941680273, 'MRR*@5': 0.02555509718755881}
INFO    [05-20 23:02:40] train in BasicTrainer:
duration: 37.69073009490967s
INFO    [05-20 23:02:40] train in BasicTrainer:
epoch: 76
INFO    [05-20 23:02:55] _train_one_epoch in BasicTrainer:
loss = 6.284401582949089
INFO    [05-20 23:03:19] log in loggers:
Update Best NDCG@10 Model at 76
INFO    [05-20 23:03:19] validate in BasicTrainer:
{'Recall@10': 0.05152259742220243, 'NDCG@10': 0.032458045954505604, 'MRR@10': 0.0266446507225434, 'Recall@5': 0.03799983188509941, 'NDCG@5': 0.02810802049934864, 'MRR@5': 0.024862984071175258, 'Recall*@10': 0.05402593513329824, 'NDCG*@10': 0.03382718240221341, 'MRR*@10': 0.027674162387847902, 'Recall*@5': 0.03959513852993647, 'NDCG*@5': 0.029184661433100702, 'MRR*@5': 0.02577251357336839}
INFO    [05-20 23:03:19] train in BasicTrainer:
duration: 39.814675092697144s
INFO    [05-20 23:03:19] train in BasicTrainer:
epoch: 77
INFO    [05-20 23:03:34] _train_one_epoch in BasicTrainer:
loss = 6.275651823390614
INFO    [05-20 23:03:57] validate in BasicTrainer:
{'Recall@10': 0.0508054015537103, 'NDCG@10': 0.03214594125747681, 'MRR@10': 0.026443864653507867, 'Recall@5': 0.037716838717460635, 'NDCG@5': 0.027942159647742906, 'MRR@5': 0.024726055189967157, 'Recall*@10': 0.05302231957515081, 'NDCG*@10': 0.03338326675196489, 'MRR*@10': 0.02738594263792038, 'Recall*@5': 0.039093044896920524, 'NDCG*@5': 0.02890632450580597, 'MRR*@5': 0.025554475312431654}
INFO    [05-20 23:03:57] train in BasicTrainer:
duration: 37.61089873313904s
INFO    [05-20 23:03:57] train in BasicTrainer:
epoch: 78
INFO    [05-20 23:04:11] _train_one_epoch in BasicTrainer:
loss = 6.2632027250347715
INFO    [05-20 23:04:35] log in loggers:
Update Best NDCG@10 Model at 78
INFO    [05-20 23:04:36] validate in BasicTrainer:
{'Recall@10': 0.05158822660644849, 'NDCG@10': 0.032554369792342185, 'MRR@10': 0.026747492949167888, 'Recall@5': 0.038033434003591535, 'NDCG@5': 0.028184579561154048, 'MRR@5': 0.024951985850930215, 'Recall*@10': 0.05407254497210185, 'NDCG*@10': 0.033896637707948686, 'MRR*@10': 0.02774655943115552, 'Recall*@5': 0.03954249160985152, 'NDCG*@5': 0.029213253532846768, 'MRR*@5': 0.025822907810409863}
INFO    [05-20 23:04:36] train in BasicTrainer:
duration: 38.75345182418823s
INFO    [05-20 23:04:36] train in BasicTrainer:
epoch: 79
INFO    [05-20 23:04:51] _train_one_epoch in BasicTrainer:
loss = 6.242124665867198
INFO    [05-20 23:05:14] log in loggers:
Update Best NDCG@10 Model at 79
INFO    [05-20 23:05:14] validate in BasicTrainer:
{'Recall@10': 0.05206128184994062, 'NDCG@10': 0.03283787456651529, 'MRR@10': 0.026983856782317163, 'Recall@5': 0.03816469237208366, 'NDCG@5': 0.028372990960876147, 'MRR@5': 0.02515842082599799, 'Recall*@10': 0.05445902024706205, 'NDCG*@10': 0.03425416188935439, 'MRR*@10': 0.028108136976758638, 'Recall*@5': 0.03965274915099144, 'NDCG*@5': 0.029496250798304875, 'MRR*@5': 0.026162671794493993}
INFO    [05-20 23:05:14] train in BasicTrainer:
duration: 38.40718102455139s
INFO    [05-20 23:05:14] close_training in BasicTrainer:
finished training
INFO    [05-20 23:05:14] final_validate in BasicTrainer:
validate model on val set!
INFO    [05-20 23:05:14] load_state_from_given_path in utils:
checkpoint epoch: 79
INFO    [05-20 23:05:14] load_state_from_given_path in utils:
Loading model's parameters
INFO    [05-20 23:05:39] validate in BasicTrainer:
{'Recall@10': 0.05206128184994062, 'NDCG@10': 0.03283787456651529, 'MRR@10': 0.026983856782317163, 'Recall@5': 0.03816469237208366, 'NDCG@5': 0.028372990960876147, 'MRR@5': 0.02515842082599799, 'Recall*@10': 0.05445902024706205, 'NDCG*@10': 0.03425416188935439, 'MRR*@10': 0.028108136976758638, 'Recall*@5': 0.03965274915099144, 'NDCG*@5': 0.029496250798304875, 'MRR*@5': 0.026162671794493993}
INFO    [05-20 23:05:39] test in BasicTrainer:
Test model on test set!
INFO    [05-20 23:05:39] test_with_given_state_path in BasicTrainer:
Loading model params from ___el_base_partial_2022/base_narm-rate-0.6-seed-2000_05-20_22:10_t5/narm_logs/checkpoint/best_acc_model.pth.
INFO    [05-20 23:05:39] load_state_from_given_path in utils:
checkpoint epoch: 79
INFO    [05-20 23:05:39] load_state_from_given_path in utils:
Loading model's parameters
INFO    [05-20 23:05:39] test_with_given_state_path in BasicTrainer:
Finished loading. Start testing.
INFO    [05-20 23:06:03] test_with_given_state_path in BasicTrainer:
{'Recall@10': 0.040343581885099414, 'NDCG@10': 0.024365517745415368, 'MRR@10': 0.019527990370988846, 'Recall@5': 0.028023143485188483, 'NDCG@5': 0.0204140093177557, 'MRR@5': 0.017916343236962954, 'Recall*@10': 0.04261079753438632, 'NDCG*@10': 0.025642587120334306, 'MRR*@10': 0.020505816116929053, 'Recall*@5': 0.02945594700674216, 'NDCG*@5': 0.021421680226922035, 'MRR*@5': 0.018783369784553847}
INFO    [05-20 23:06:03] _evaluate in BasicSched:
!!Final Result!!: {'Recall@10': 0.040343581885099414, 'NDCG@10': 0.024365517745415368, 'MRR@10': 0.019527990370988846, 'Recall@5': 0.028023143485188483, 'NDCG@5': 0.0204140093177557, 'MRR@5': 0.017916343236962954, 'Recall*@10': 0.04261079753438632, 'NDCG*@10': 0.025642587120334306, 'MRR*@10': 0.020505816116929053, 'Recall*@5': 0.02945594700674216, 'NDCG*@5': 0.021421680226922035, 'MRR*@5': 0.018783369784553847}
