[3933,
 14435,
 21540,
 9720,
 22037,
 5159,
 17978,
 21087,
 25491,
 1528,
 12899,
 6718,
 28822,
 17471,
 4062,
 17216,
 28379,
 18995,
 12274,
 6535,
 3129,
 20311,
 4994,
 26242,
 13688,
 15998,
 11547,
 17028,
 2006,
 13269,
 6079,
 19382,
 8641,
 21124,
 11403,
 13346,
 8255,
 10856,
 14231,
 20865,
 23729,
 25468,
 22321,
 7648,
 8913,
 26620,
 1989,
 4137,
 26294,
 15308,
 9224,
 21142,
 1679,
 12566,
 2085,
 3609,
 416,
 5616,
 3055,
 14343,
 28157,
 25480,
 12556,
 8196,
 16421,
 1739,
 9265,
 22093,
 20809,
 20580,
 16580,
 17339,
 1799,
 27986,
 18266,
 25148,
 17657,
 27507,
 13426,
 13159,
 13906,
 3407,
 24154,
 17046,
 8194,
 15270,
 28929,
 12053,
 26318,
 9965,
 5262,
 42,
 22379,
 24576,
 8489,
 7265,
 21466,
 1550,
 17362,
 17306]