INFO    [03-22 19:43:22] setup_train in utils:
{
    "experiment_dir": "___movies_base_2022",
    "experiment_description": "base",
    "dataset_name": "movies.csv",
    "sched": "basic",
    "model_code": "sasrec",
    "num_epochs": 60,
    "mode": [
        "train",
        "test"
    ],
    "max_len": 10,
    "test_state_path": null,
    "model_state_path": null,
    "do_remap": false,
    "rand_seed": 2022,
    "load_processed_dataset": true,
    "save_processed_dataset": false,
    "dataset_cache_filename": null,
    "weight_decay": 0,
    "decay_step": 15,
    "gamma": 0.99,
    "lr": 0.001,
    "min_length": 5,
    "min_item_inter": 5,
    "good_only": false,
    "use_rating": true,
    "test_negative_sampler_code": "random",
    "test_negative_sample_size": 0,
    "dataloader_type": "next",
    "train_batch_size": 256,
    "val_batch_size": 256,
    "test_batch_size": 256,
    "prop_sliding_window": -1.0,
    "worker_number": 2,
    "metric_ks": [
        5,
        10
    ],
    "device": "cuda",
    "num_gpu": 1,
    "optimizer": "Adam",
    "best_metric": "NDCG@10",
    "show_process_bar": false,
    "enable_sample": false,
    "samples_ratio": 0.1,
    "config_file": "config2.movies/sasrec/config.json",
    "task_id": -1,
    "describe": null,
    "split": "leave_one_out",
    "do_sampling": false,
    "path_for_sample": null,
    "sample_rate": 0.5,
    "sample_seed": 0,
    "train_negative_sampler_code": "random",
    "train_negative_sample_size": 100,
    "device_idx": "0",
    "momentum": null,
    "log_period_as_iter": 12800,
    "mentor_code": "bert",
    "training_routine": null,
    "T": 1,
    "alpha": 0.1,
    "dvae_alpha": 0.5,
    "softmaxed_mentor": false,
    "weight_list": [
        0.5,
        0.5
    ],
    "validation_rate": 0.2,
    "num_items": null,
    "start_index": 1,
    "kwargs": null
}
DEBUG   [03-22 19:43:22] __init__ in BasicSched:
BasicScheduler attribs: tag=sasrec
INFO    [03-22 19:43:22] _load_full_dataset_from_path in utils:
loading cache from /data/wushiguang-slurm/code/gitee-repos/soft-rec/Data/Cache/movies-5-5.pkl
INFO    [03-22 19:43:24] _check_dataset_cache in utils:
check if the cache is generated under this configuration
INFO    [03-22 19:43:24] _check_dataset_cache in utils:
correct.
INFO    [03-22 19:43:24] __init__ in NextItemDataloader:
there are 21035 items in this dataset, 82156 users, padding_first? False
DEBUG   [03-22 19:43:35] generate_model in utils:
model_code_list=['sasrec']
INFO    [03-22 19:43:35] load_model_config in utils:
loading model sasrec's config file at asset/config/model/sasrec.json
INFO    [03-22 19:43:35] load_model_config in utils:
{
    "n_layers": 2,
    "n_heads": 2,
    "hidden_size": 64,
    "inner_size": 128,
    "hidden_dropout_prob": 0.35,
    "attn_dropout_prob": 0.35,
    "hidden_act": "relu",
    "layer_norm_eps": 1e-12,
    "initializer_range": 0.02,
    "loss_type": "CE"
}
WARNING [03-22 19:44:01] get_exist_path in utils:
dir ___movies_base_2022/base_sasrec_03-22_19:43_0/sasrec_logs does not exist! Create one.
WARNING [03-22 19:44:01] get_exist_path in utils:
dir ___movies_base_2022/base_sasrec_03-22_19:43_0/sasrec_logs/tb_vis does not exist! Create one.
WARNING [03-22 19:44:01] get_exist_path in utils:
dir ___movies_base_2022/base_sasrec_03-22_19:43_0/sasrec_logs/checkpoint does not exist! Create one.
INFO    [03-22 19:44:01] __init__ in BasicSched:
SASRecModel(
  (item_embedding): Embedding(21036, 64, padding_idx=0)
  (position_embedding): Embedding(10, 64)
  (trm_encoder): TransformerEncoder(
    (layer): ModuleList(
      (0): TransformerLayer(
        (multi_head_attention): MultiHeadAttention(
          (query): Linear(in_features=64, out_features=64, bias=True)
          (key): Linear(in_features=64, out_features=64, bias=True)
          (value): Linear(in_features=64, out_features=64, bias=True)
          (attn_dropout): Dropout(p=0.35, inplace=False)
          (dense): Linear(in_features=64, out_features=64, bias=True)
          (LayerNorm): LayerNorm((64,), eps=1e-12, elementwise_affine=True)
          (out_dropout): Dropout(p=0.35, inplace=False)
        )
        (feed_forward): FeedForward(
          (dense_1): Linear(in_features=64, out_features=128, bias=True)
          (dense_2): Linear(in_features=128, out_features=64, bias=True)
          (LayerNorm): LayerNorm((64,), eps=1e-12, elementwise_affine=True)
          (dropout): Dropout(p=0.35, inplace=False)
        )
      )
      (1): TransformerLayer(
        (multi_head_attention): MultiHeadAttention(
          (query): Linear(in_features=64, out_features=64, bias=True)
          (key): Linear(in_features=64, out_features=64, bias=True)
          (value): Linear(in_features=64, out_features=64, bias=True)
          (attn_dropout): Dropout(p=0.35, inplace=False)
          (dense): Linear(in_features=64, out_features=64, bias=True)
          (LayerNorm): LayerNorm((64,), eps=1e-12, elementwise_affine=True)
          (out_dropout): Dropout(p=0.35, inplace=False)
        )
        (feed_forward): FeedForward(
          (dense_1): Linear(in_features=64, out_features=128, bias=True)
          (dense_2): Linear(in_features=128, out_features=64, bias=True)
          (LayerNorm): LayerNorm((64,), eps=1e-12, elementwise_affine=True)
          (dropout): Dropout(p=0.35, inplace=False)
        )
      )
    )
  )
  (LayerNorm): LayerNorm((64,), eps=1e-12, elementwise_affine=True)
  (dropout): Dropout(p=0.35, inplace=False)
  (loss_fct): CrossEntropyLoss()
)
WARNING [03-22 19:44:01] get_path in utils:
Path is None
WARNING [03-22 19:44:01] load_state_from_given_path in utils:
Not given any path.
INFO    [03-22 19:44:01] assert_model_device in utils:
model sasrec has 5.39404296875 MB params.
INFO    [03-22 19:44:01] __init__ in BasicTrainer:
451328 iter per epoch
INFO    [03-22 19:44:01] _fit in BasicSched:
Start training.
INFO    [03-22 19:44:30] log in loggers:
Update Best NDCG@10 Model at 0
INFO    [03-22 19:44:31] validate in BasicTrainer:
{'Recall@10': 0.0004989291277258566, 'NDCG@10': 0.0002533001147030716, 'MRR@10': 0.00018022197274769717, 'Recall@5': 0.00024338006230529595, 'NDCG@5': 0.0001677347534275222, 'MRR@5': 0.0001431886040361894, 'Recall*@10': 0.0005861208672603343, 'NDCG*@10': 0.00029228460783504436, 'MRR*@10': 0.0002052858223445203, 'Recall*@5': 0.0002785032713710333, 'NDCG*@5': 0.0001895698563506206, 'MRR*@5': 0.00016098897476213465}
INFO    [03-22 19:44:31] train in BasicTrainer:
epoch: 0
INFO    [03-22 19:45:05] _train_one_epoch in BasicTrainer:
loss = 9.029004254397924
INFO    [03-22 19:45:34] log in loggers:
Update Best NDCG@10 Model at 0
INFO    [03-22 19:45:35] validate in BasicTrainer:
{'Recall@10': 0.04604070139265506, 'NDCG@10': 0.02344097863488201, 'MRR@10': 0.016630780191894772, 'Recall@5': 0.02793920613430742, 'NDCG@5': 0.017620091679044693, 'MRR@5': 0.014247689110000626, 'Recall*@10': 0.044987491086833295, 'NDCG*@10': 0.022943574272972354, 'MRR*@10': 0.0163027036532896, 'Recall*@5': 0.027361945182409985, 'NDCG*@5': 0.01727691257076564, 'MRR*@5': 0.013983627888983307}
INFO    [03-22 19:45:35] train in BasicTrainer:
duration: 63.50268030166626s
INFO    [03-22 19:45:35] train in BasicTrainer:
epoch: 1
INFO    [03-22 19:46:07] _train_one_epoch in BasicTrainer:
loss = 8.45587757265304
INFO    [03-22 19:46:36] log in loggers:
Update Best NDCG@10 Model at 1
INFO    [03-22 19:46:37] validate in BasicTrainer:
{'Recall@10': 0.07520773932569866, 'NDCG@10': 0.04143303038256469, 'MRR@10': 0.03121890509762218, 'Recall@5': 0.04914771601836258, 'NDCG@5': 0.033072362549463726, 'MRR@5': 0.02780686353835222, 'Recall*@10': 0.07573760403581312, 'NDCG*@10': 0.0421819316014369, 'MRR*@10': 0.03201697893713447, 'Recall*@5': 0.0502830061022877, 'NDCG*@5': 0.03401819550406153, 'MRR*@5': 0.028686855440941926}
INFO    [03-22 19:46:37] train in BasicTrainer:
duration: 62.17676830291748s
INFO    [03-22 19:46:37] train in BasicTrainer:
epoch: 2
INFO    [03-22 19:47:09] _train_one_epoch in BasicTrainer:
loss = 8.103973596933141
INFO    [03-22 19:47:36] log in loggers:
Update Best NDCG@10 Model at 2
INFO    [03-22 19:47:37] validate in BasicTrainer:
{'Recall@10': 0.09141190136518805, 'NDCG@10': 0.052384090885473564, 'MRR@10': 0.040542943629427494, 'Recall@5': 0.06205201567936909, 'NDCG@5': 0.042947422547666265, 'MRR@5': 0.036681411645703044, 'Recall*@10': 0.09268304744497452, 'NDCG*@10': 0.05412655457494508, 'MRR*@10': 0.042405620751165524, 'Recall*@5': 0.06430184561759233, 'NDCG*@5': 0.045016434047997836, 'MRR*@5': 0.0386847475009776}
INFO    [03-22 19:47:37] train in BasicTrainer:
duration: 60.43627977371216s
INFO    [03-22 19:47:37] train in BasicTrainer:
epoch: 3
INFO    [03-22 19:48:10] _train_one_epoch in BasicTrainer:
loss = 7.890998412990732
INFO    [03-22 19:48:38] log in loggers:
Update Best NDCG@10 Model at 3
INFO    [03-22 19:48:39] validate in BasicTrainer:
{'Recall@10': 0.09951150732991108, 'NDCG@10': 0.05830995941018204, 'MRR@10': 0.04579596631693134, 'Recall@5': 0.06858182025382824, 'NDCG@5': 0.048372852354893615, 'MRR@5': 0.04173271345537492, 'Recall*@10': 0.10174782322342522, 'NDCG*@10': 0.060505546913757875, 'MRR*@10': 0.047975446506638396, 'Recall*@5': 0.07072459327817149, 'NDCG*@5': 0.05053559839261284, 'MRR*@5': 0.043897000594047185}
INFO    [03-22 19:48:39] train in BasicTrainer:
duration: 61.884511947631836s
INFO    [03-22 19:48:39] train in BasicTrainer:
epoch: 4
INFO    [03-22 19:49:13] _train_one_epoch in BasicTrainer:
loss = 7.748923836684808
INFO    [03-22 19:49:39] log in loggers:
Update Best NDCG@10 Model at 4
INFO    [03-22 19:49:40] validate in BasicTrainer:
{'Recall@10': 0.10525012044149025, 'NDCG@10': 0.06187602112829871, 'MRR@10': 0.048696724738565934, 'Recall@5': 0.07276486350089961, 'NDCG@5': 0.051406939168724686, 'MRR@5': 0.04439717481591712, 'Recall*@10': 0.10783435388053318, 'NDCG*@10': 0.0643188734582373, 'MRR*@10': 0.0510645704169836, 'Recall*@5': 0.07576572886926362, 'NDCG*@5': 0.05397625712857718, 'MRR*@5': 0.046812140733885614}
INFO    [03-22 19:49:40] train in BasicTrainer:
duration: 60.41994833946228s
INFO    [03-22 19:49:40] train in BasicTrainer:
epoch: 5
INFO    [03-22 19:50:12] _train_one_epoch in BasicTrainer:
loss = 7.652516378574728
INFO    [03-22 19:50:40] log in loggers:
Update Best NDCG@10 Model at 5
INFO    [03-22 19:50:40] validate in BasicTrainer:
{'Recall@10': 0.10766267688289238, 'NDCG@10': 0.06347563868603232, 'MRR@10': 0.05005424602589689, 'Recall@5': 0.07472304173533419, 'NDCG@5': 0.05291500987595301, 'MRR@5': 0.0457490893121449, 'Recall*@10': 0.1099157210590312, 'NDCG*@10': 0.06580439634110512, 'MRR*@10': 0.05239024070146671, 'Recall*@5': 0.07738096146290176, 'NDCG*@5': 0.05537633114491482, 'MRR*@5': 0.048140635194599254}
INFO    [03-22 19:50:40] train in BasicTrainer:
duration: 60.89934778213501s
INFO    [03-22 19:50:40] train in BasicTrainer:
epoch: 6
INFO    [03-22 19:51:13] _train_one_epoch in BasicTrainer:
loss = 7.5832159590869885
INFO    [03-22 19:51:40] log in loggers:
Update Best NDCG@10 Model at 6
INFO    [03-22 19:51:40] validate in BasicTrainer:
{'Recall@10': 0.10956516643736593, 'NDCG@10': 0.06442024973670828, 'MRR@10': 0.0506905740086349, 'Recall@5': 0.07621281647422232, 'NDCG@5': 0.05369134054075335, 'MRR@5': 0.04629616166038491, 'Recall*@10': 0.11240917335139629, 'NDCG*@10': 0.06705386230484162, 'MRR*@10': 0.05324858019702902, 'Recall*@5': 0.07906081912766365, 'NDCG*@5': 0.05632386715775153, 'MRR*@5': 0.04885233763454488}
INFO    [03-22 19:51:40] train in BasicTrainer:
duration: 60.04845452308655s
INFO    [03-22 19:51:40] train in BasicTrainer:
epoch: 7
INFO    [03-22 19:52:14] _train_one_epoch in BasicTrainer:
loss = 7.530677960396354
INFO    [03-22 19:52:42] log in loggers:
Update Best NDCG@10 Model at 7
INFO    [03-22 19:52:43] validate in BasicTrainer:
{'Recall@10': 0.11187521449502012, 'NDCG@10': 0.06637202405205397, 'MRR@10': 0.05253045617187877, 'Recall@5': 0.07810499333425475, 'NDCG@5': 0.055531628969534536, 'MRR@5': 0.04810313848529092, 'Recall*@10': 0.11439149707230824, 'NDCG*@10': 0.06895297737879173, 'MRR*@10': 0.05511554758241429, 'Recall*@5': 0.08104389498584738, 'NDCG*@5': 0.05823806818354167, 'MRR*@5': 0.05073348102029239}
INFO    [03-22 19:52:43] train in BasicTrainer:
duration: 62.45852541923523s
INFO    [03-22 19:52:43] train in BasicTrainer:
epoch: 8
INFO    [03-22 19:53:15] _train_one_epoch in BasicTrainer:
loss = 7.4913785085715965
INFO    [03-22 19:53:41] log in loggers:
Update Best NDCG@10 Model at 8
INFO    [03-22 19:53:42] validate in BasicTrainer:
{'Recall@10': 0.11292278005326649, 'NDCG@10': 0.06658296541215103, 'MRR@10': 0.052497632151637864, 'Recall@5': 0.07861918528967557, 'NDCG@5': 0.05557864095516665, 'MRR@5': 0.04800799705459507, 'Recall*@10': 0.11558800674626761, 'NDCG*@10': 0.06939242876532294, 'MRR*@10': 0.05532796839339154, 'Recall*@5': 0.08203223859456098, 'NDCG*@5': 0.05862665616811436, 'MRR*@5': 0.05093484102658394}
INFO    [03-22 19:53:42] train in BasicTrainer:
duration: 59.15398454666138s
INFO    [03-22 19:53:42] train in BasicTrainer:
epoch: 9
INFO    [03-22 19:54:15] _train_one_epoch in BasicTrainer:
loss = 7.456210652198294
INFO    [03-22 19:54:44] log in loggers:
Update Best NDCG@10 Model at 9
INFO    [03-22 19:54:45] validate in BasicTrainer:
{'Recall@10': 0.11332435715607023, 'NDCG@10': 0.06750384489555968, 'MRR@10': 0.05355101709494895, 'Recall@5': 0.08003078965104629, 'NDCG@5': 0.056819833873124136, 'MRR@5': 0.04918969639307149, 'Recall*@10': 0.11634257361524944, 'NDCG*@10': 0.07041696931389262, 'MRR*@10': 0.05641620987997248, 'Recall*@5': 0.08315746417715913, 'NDCG*@5': 0.059770446276506906, 'MRR*@5': 0.05207207021405021}
INFO    [03-22 19:54:45] train in BasicTrainer:
duration: 62.62837624549866s
INFO    [03-22 19:54:45] train in BasicTrainer:
epoch: 10
INFO    [03-22 19:55:17] _train_one_epoch in BasicTrainer:
loss = 7.428960759330053
INFO    [03-22 19:55:45] log in loggers:
Update Best NDCG@10 Model at 10
INFO    [03-22 19:55:46] validate in BasicTrainer:
{'Recall@10': 0.11411740489280855, 'NDCG@10': 0.0678928204844024, 'MRR@10': 0.053792835517882186, 'Recall@5': 0.08092015814558368, 'NDCG@5': 0.05721013395353641, 'MRR@5': 0.049415400524469924, 'Recall*@10': 0.11723533499045907, 'NDCG*@10': 0.07075099749751737, 'MRR*@10': 0.05655577276308217, 'Recall*@5': 0.08409018450158408, 'NDCG*@5': 0.06007801422797074, 'MRR*@5': 0.05217834997260682}
INFO    [03-22 19:55:46] train in BasicTrainer:
duration: 61.14828872680664s
INFO    [03-22 19:55:46] train in BasicTrainer:
epoch: 11
INFO    [03-22 19:56:19] _train_one_epoch in BasicTrainer:
loss = 7.405464780107521
INFO    [03-22 19:56:45] log in loggers:
Update Best NDCG@10 Model at 11
INFO    [03-22 19:56:45] validate in BasicTrainer:
{'Recall@10': 0.11402809677929893, 'NDCG@10': 0.06800026556830911, 'MRR@10': 0.05396196633763031, 'Recall@5': 0.08090695787534535, 'NDCG@5': 0.05734857941203028, 'MRR@5': 0.04959948920293761, 'Recall*@10': 0.1170259812655293, 'NDCG*@10': 0.07083146220705591, 'MRR*@10': 0.05672466609847508, 'Recall*@5': 0.08430334874008118, 'NDCG*@5': 0.06030220959068645, 'MRR*@5': 0.05240898650731439}
INFO    [03-22 19:56:45] train in BasicTrainer:
duration: 59.246373414993286s
INFO    [03-22 19:56:45] train in BasicTrainer:
epoch: 12
INFO    [03-22 19:57:18] _train_one_epoch in BasicTrainer:
loss = 7.386160831862529
INFO    [03-22 19:57:45] log in loggers:
Update Best NDCG@10 Model at 12
INFO    [03-22 19:57:45] validate in BasicTrainer:
{'Recall@10': 0.11485558899113693, 'NDCG@10': 0.0680338878799636, 'MRR@10': 0.05379118785447792, 'Recall@5': 0.08036141526940456, 'NDCG@5': 0.05692642273213076, 'MRR@5': 0.04923457732986995, 'Recall*@10': 0.11755176034764708, 'NDCG*@10': 0.07074445395547653, 'MRR*@10': 0.05649273753792883, 'Recall*@5': 0.08331182834654582, 'NDCG*@5': 0.05971581238173993, 'MRR*@5': 0.05196669342060141}
INFO    [03-22 19:57:45] train in BasicTrainer:
duration: 59.99159002304077s
INFO    [03-22 19:57:45] train in BasicTrainer:
epoch: 13
INFO    [03-22 19:58:18] _train_one_epoch in BasicTrainer:
loss = 7.366395469152717
INFO    [03-22 19:58:44] log in loggers:
Update Best NDCG@10 Model at 13
INFO    [03-22 19:58:45] validate in BasicTrainer:
{'Recall@10': 0.11525819736106374, 'NDCG@10': 0.06849015038750625, 'MRR@10': 0.05423289590233769, 'Recall@5': 0.08133493551862574, 'NDCG@5': 0.05756482197047208, 'MRR@5': 0.04974944305800574, 'Recall*@10': 0.11806767617244958, 'NDCG*@10': 0.07106033573942579, 'MRR*@10': 0.05671052897575302, 'Recall*@5': 0.0844341157717961, 'NDCG*@5': 0.06022156302083133, 'MRR*@5': 0.05225864678296345}
INFO    [03-22 19:58:45] train in BasicTrainer:
duration: 59.73199009895325s
INFO    [03-22 19:58:45] train in BasicTrainer:
epoch: 14
INFO    [03-22 19:59:18] _train_one_epoch in BasicTrainer:
loss = 7.351219700063012
INFO    [03-22 19:59:44] log in loggers:
Update Best NDCG@10 Model at 14
INFO    [03-22 19:59:45] validate in BasicTrainer:
{'Recall@10': 0.11553911572304841, 'NDCG@10': 0.06887843377447203, 'MRR@10': 0.05465521667489196, 'Recall@5': 0.08120210775148089, 'NDCG@5': 0.05781075072901271, 'MRR@5': 0.050108872220570054, 'Recall*@10': 0.11756762915589727, 'NDCG*@10': 0.07118959384868821, 'MRR*@10': 0.057009105527094595, 'Recall*@5': 0.08438550637936296, 'NDCG*@5': 0.06048617381428447, 'MRR*@5': 0.05260757442761062}
INFO    [03-22 19:59:45] train in BasicTrainer:
duration: 59.732288122177124s
INFO    [03-22 19:59:45] train in BasicTrainer:
epoch: 15
INFO    [03-22 20:00:17] _train_one_epoch in BasicTrainer:
loss = 7.332692985296655
INFO    [03-22 20:00:44] log in loggers:
Update Best NDCG@10 Model at 15
INFO    [03-22 20:00:44] validate in BasicTrainer:
{'Recall@10': 0.11566389957878077, 'NDCG@10': 0.06913479075207146, 'MRR@10': 0.054959401563738366, 'Recall@5': 0.08179529510275968, 'NDCG@5': 0.05824962738216666, 'MRR@5': 0.05050572273074838, 'Recall*@10': 0.11873543419152777, 'NDCG*@10': 0.07204024134511332, 'MRR*@10': 0.05780435571696528, 'Recall*@5': 0.08515397867773923, 'NDCG*@5': 0.06125544341762675, 'MRR*@5': 0.0533961410637121}
INFO    [03-22 20:00:44] train in BasicTrainer:
duration: 59.49487614631653s
INFO    [03-22 20:00:44] train in BasicTrainer:
epoch: 16
INFO    [03-22 20:01:17] _train_one_epoch in BasicTrainer:
loss = 7.317257462207796
INFO    [03-22 20:01:46] log in loggers:
Update Best NDCG@10 Model at 16
INFO    [03-22 20:01:46] validate in BasicTrainer:
{'Recall@10': 0.11676921628160268, 'NDCG@10': 0.06961679462099744, 'MRR@10': 0.055256410939996115, 'Recall@5': 0.08210261398201048, 'NDCG@5': 0.058456909758651, 'MRR@5': 0.05068023434935886, 'Recall*@10': 0.11869605765257298, 'NDCG*@10': 0.07201558842419464, 'MRR*@10': 0.05776965773063843, 'Recall*@5': 0.08523643415456063, 'NDCG*@5': 0.06125769084696643, 'MRR*@5': 0.05336591710461263}
INFO    [03-22 20:01:46] train in BasicTrainer:
duration: 62.411441802978516s
INFO    [03-22 20:01:46] train in BasicTrainer:
epoch: 17
INFO    [03-22 20:02:19] _train_one_epoch in BasicTrainer:
loss = 7.303098106005621
INFO    [03-22 20:02:46] validate in BasicTrainer:
{'Recall@10': 0.11595183053863382, 'NDCG@10': 0.06885367620306966, 'MRR@10': 0.054530650557155176, 'Recall@5': 0.08112496864108654, 'NDCG@5': 0.05767607310572146, 'MRR@5': 0.04996675967798798, 'Recall*@10': 0.11847880196023582, 'NDCG*@10': 0.07155968574952114, 'MRR*@10': 0.057273187793535976, 'Recall*@5': 0.08418365254580418, 'NDCG*@5': 0.0605564009444643, 'MRR*@5': 0.052782613708640555}
INFO    [03-22 20:02:46] train in BasicTrainer:
duration: 59.5447838306427s
INFO    [03-22 20:02:46] train in BasicTrainer:
epoch: 18
INFO    [03-22 20:03:18] _train_one_epoch in BasicTrainer:
loss = 7.293334042965115
INFO    [03-22 20:03:45] validate in BasicTrainer:
{'Recall@10': 0.11582807797323506, 'NDCG@10': 0.06925054979612151, 'MRR@10': 0.05504099789693534, 'Recall@5': 0.08261061831148242, 'NDCG@5': 0.0585467905630111, 'MRR@5': 0.05064608215867916, 'Recall*@10': 0.11874806932014097, 'NDCG*@10': 0.072074861999752, 'MRR*@10': 0.05781673620283789, 'Recall*@5': 0.08592821121494347, 'NDCG*@5': 0.061487606346514366, 'MRR*@5': 0.05346321225212742}
INFO    [03-22 20:03:45] train in BasicTrainer:
duration: 59.43426561355591s
INFO    [03-22 20:03:45] train in BasicTrainer:
epoch: 19
INFO    [03-22 20:04:19] _train_one_epoch in BasicTrainer:
loss = 7.282246795217219
INFO    [03-22 20:04:46] log in loggers:
Update Best NDCG@10 Model at 19
INFO    [03-22 20:04:46] validate in BasicTrainer:
{'Recall@10': 0.11763527808345367, 'NDCG@10': 0.06995485384144887, 'MRR@10': 0.05544174280354167, 'Recall@5': 0.08292701239247931, 'NDCG@5': 0.058828619352289446, 'MRR@5': 0.05090669810632679, 'Recall*@10': 0.12027369866675677, 'NDCG*@10': 0.0726388083347279, 'MRR*@10': 0.05812668028603833, 'Recall*@5': 0.08590081884203671, 'NDCG*@5': 0.06161211870285767, 'MRR*@5': 0.05362702478477702}
INFO    [03-22 20:04:46] train in BasicTrainer:
duration: 60.355639934539795s
INFO    [03-22 20:04:46] train in BasicTrainer:
epoch: 20
INFO    [03-22 20:05:19] _train_one_epoch in BasicTrainer:
loss = 7.270478623736939
INFO    [03-22 20:05:46] log in loggers:
Update Best NDCG@10 Model at 20
INFO    [03-22 20:05:46] validate in BasicTrainer:
{'Recall@10': 0.11705920982212292, 'NDCG@10': 0.06996906028822575, 'MRR@10': 0.055607588068115006, 'Recall@5': 0.08304870242363196, 'NDCG@5': 0.05901185102830423, 'MRR@5': 0.05110950097789831, 'Recall*@10': 0.1199164628587965, 'NDCG*@10': 0.07267855122871117, 'MRR*@10': 0.05825678228960602, 'Recall*@5': 0.08611380408671786, 'NDCG*@5': 0.06177834214822526, 'MRR*@5': 0.0537763074260913}
INFO    [03-22 20:05:46] train in BasicTrainer:
duration: 60.244951486587524s
INFO    [03-22 20:05:46] train in BasicTrainer:
epoch: 21
INFO    [03-22 20:06:19] _train_one_epoch in BasicTrainer:
loss = 7.2631688185598255
INFO    [03-22 20:06:46] validate in BasicTrainer:
{'Recall@10': 0.11681892358439734, 'NDCG@10': 0.06983074605047146, 'MRR@10': 0.055509898579473436, 'Recall@5': 0.08326980701395284, 'NDCG@5': 0.059055140770020144, 'MRR@5': 0.051105444699618675, 'Recall*@10': 0.11917528353422602, 'NDCG*@10': 0.07226100010431816, 'MRR*@10': 0.057940822495060544, 'Recall*@5': 0.08646677723415544, 'NDCG*@5': 0.06176761763512717, 'MRR*@5': 0.053658790143665126}
INFO    [03-22 20:06:46] train in BasicTrainer:
duration: 59.698055267333984s
INFO    [03-22 20:06:46] train in BasicTrainer:
epoch: 22
INFO    [03-22 20:07:19] _train_one_epoch in BasicTrainer:
loss = 7.253188796430167
INFO    [03-22 20:07:47] log in loggers:
Update Best NDCG@10 Model at 22
INFO    [03-22 20:07:49] validate in BasicTrainer:
{'Recall@10': 0.11783101337721043, 'NDCG@10': 0.07041661575947224, 'MRR@10': 0.05597962635769465, 'Recall@5': 0.08329311375306031, 'NDCG@5': 0.05933271469171174, 'MRR@5': 0.05145447843380249, 'Recall*@10': 0.12075472902796722, 'NDCG*@10': 0.07296654351078832, 'MRR*@10': 0.05840888137804385, 'Recall*@5': 0.08607225493757154, 'NDCG*@5': 0.06185558261320784, 'MRR*@5': 0.05388411775672362}
INFO    [03-22 20:07:49] train in BasicTrainer:
duration: 63.10579037666321s
INFO    [03-22 20:07:49] train in BasicTrainer:
epoch: 23
INFO    [03-22 20:08:22] _train_one_epoch in BasicTrainer:
loss = 7.2462647838884635
INFO    [03-22 20:08:48] log in loggers:
Update Best NDCG@10 Model at 23
INFO    [03-22 20:08:48] validate in BasicTrainer:
{'Recall@10': 0.11815442010249676, 'NDCG@10': 0.07058311419741387, 'MRR@10': 0.056101581859300816, 'Recall@5': 0.08364704611052605, 'NDCG@5': 0.059513607071103335, 'MRR@5': 0.05158531951001407, 'Recall*@10': 0.12107090870167979, 'NDCG*@10': 0.07349736405960125, 'MRR*@10': 0.058995979133053364, 'Recall*@5': 0.08666427460182864, 'NDCG*@5': 0.06245022233447924, 'MRR*@5': 0.05448279785706061}
INFO    [03-22 20:08:48] train in BasicTrainer:
duration: 59.59661412239075s
INFO    [03-22 20:08:48] train in BasicTrainer:
epoch: 24
INFO    [03-22 20:09:22] _train_one_epoch in BasicTrainer:
loss = 7.235817677719107
INFO    [03-22 20:09:49] log in loggers:
Update Best NDCG@10 Model at 24
INFO    [03-22 20:09:49] validate in BasicTrainer:
{'Recall@10': 0.11851536512746247, 'NDCG@10': 0.0706522381194284, 'MRR@10': 0.056075547714471076, 'Recall@5': 0.08346451106379708, 'NDCG@5': 0.05939313637040486, 'MRR@5': 0.05147276972231928, 'Recall*@10': 0.12158430923600434, 'NDCG*@10': 0.07327036453393575, 'MRR*@10': 0.05854081444303009, 'Recall*@5': 0.08670427374007918, 'NDCG*@5': 0.06208283498860037, 'MRR*@5': 0.053977058544708564}
INFO    [03-22 20:09:49] train in BasicTrainer:
duration: 60.34902811050415s
INFO    [03-22 20:09:49] train in BasicTrainer:
epoch: 25
INFO    [03-22 20:10:22] _train_one_epoch in BasicTrainer:
loss = 7.228734240096466
INFO    [03-22 20:10:51] validate in BasicTrainer:
{'Recall@10': 0.11816968293019173, 'NDCG@10': 0.07056478560086908, 'MRR@10': 0.05606437220333892, 'Recall@5': 0.08327991348282199, 'NDCG@5': 0.059335852059248455, 'MRR@5': 0.051461556636238026, 'Recall*@10': 0.12124200039934889, 'NDCG*@10': 0.07324367714610612, 'MRR*@10': 0.05860167702317609, 'Recall*@5': 0.0862980119396593, 'NDCG*@5': 0.061998977375179065, 'MRR*@5': 0.05399351746331309}
INFO    [03-22 20:10:51] train in BasicTrainer:
duration: 62.08198547363281s
INFO    [03-22 20:10:51] train in BasicTrainer:
epoch: 26
INFO    [03-22 20:11:24] _train_one_epoch in BasicTrainer:
loss = 7.22018710334938
INFO    [03-22 20:11:52] log in loggers:
Update Best NDCG@10 Model at 26
INFO    [03-22 20:11:52] validate in BasicTrainer:
{'Recall@10': 0.11877297672712914, 'NDCG@10': 0.0710622479622702, 'MRR@10': 0.05651097029818924, 'Recall@5': 0.08484971488469115, 'NDCG@5': 0.06016273926537356, 'MRR@5': 0.05205355445648372, 'Recall*@10': 0.12183553956425822, 'NDCG*@10': 0.07393814554304534, 'MRR*@10': 0.059316866529229274, 'Recall*@5': 0.08791879042286739, 'NDCG*@5': 0.0630212515372075, 'MRR*@5': 0.05484102611253009}
INFO    [03-22 20:11:52] train in BasicTrainer:
duration: 60.98904848098755s
INFO    [03-22 20:11:52] train in BasicTrainer:
epoch: 27
INFO    [03-22 20:12:25] _train_one_epoch in BasicTrainer:
loss = 7.214607159792532
INFO    [03-22 20:12:54] validate in BasicTrainer:
{'Recall@10': 0.11774170528691134, 'NDCG@10': 0.07066159769660588, 'MRR@10': 0.05631975021874793, 'Recall@5': 0.0833661277717519, 'NDCG@5': 0.05961420734027093, 'MRR@5': 0.05180086530280819, 'Recall*@10': 0.12070762761796004, 'NDCG*@10': 0.0732844824093246, 'MRR*@10': 0.05881367382996736, 'Recall*@5': 0.08654277843663997, 'NDCG*@5': 0.06229604473134439, 'MRR*@5': 0.05431360078285045}
INFO    [03-22 20:12:54] train in BasicTrainer:
duration: 61.75073862075806s
INFO    [03-22 20:12:54] train in BasicTrainer:
epoch: 28
INFO    [03-22 20:13:26] _train_one_epoch in BasicTrainer:
loss = 7.206113460181588
INFO    [03-22 20:13:53] log in loggers:
Update Best NDCG@10 Model at 28
INFO    [03-22 20:13:53] validate in BasicTrainer:
{'Recall@10': 0.11875585761397056, 'NDCG@10': 0.07121149618816895, 'MRR@10': 0.05673686708570269, 'Recall@5': 0.08383061242437809, 'NDCG@5': 0.05999261312581297, 'MRR@5': 0.05215032232455283, 'Recall*@10': 0.12126929749302404, 'NDCG*@10': 0.07359458520033649, 'MRR*@10': 0.05905759605547164, 'Recall*@5': 0.08660894813381623, 'NDCG*@5': 0.06244223740682981, 'MRR*@5': 0.054487274002248995}
INFO    [03-22 20:13:53] train in BasicTrainer:
duration: 59.843193769454956s
INFO    [03-22 20:13:53] train in BasicTrainer:
epoch: 29
INFO    [03-22 20:14:26] _train_one_epoch in BasicTrainer:
loss = 7.199595472181107
INFO    [03-22 20:14:54] validate in BasicTrainer:
{'Recall@10': 0.11808243737413876, 'NDCG@10': 0.07089676799664617, 'MRR@10': 0.05649835280377731, 'Recall@5': 0.08409936176003696, 'NDCG@5': 0.059933146363199685, 'MRR@5': 0.05198886287268077, 'Recall*@10': 0.12067388974106943, 'NDCG*@10': 0.07353354468825636, 'MRR*@10': 0.059133639506926045, 'Recall*@5': 0.0869222963083756, 'NDCG*@5': 0.06263191851198302, 'MRR*@5': 0.054642100995435525}
INFO    [03-22 20:14:54] train in BasicTrainer:
duration: 60.34110379219055s
INFO    [03-22 20:14:54] train in BasicTrainer:
epoch: 30
INFO    [03-22 20:15:26] _train_one_epoch in BasicTrainer:
loss = 7.1891530643318164
INFO    [03-22 20:15:55] log in loggers:
Update Best NDCG@10 Model at 30
INFO    [03-22 20:15:56] validate in BasicTrainer:
{'Recall@10': 0.1187304883638275, 'NDCG@10': 0.07135934850369287, 'MRR@10': 0.05693978681069482, 'Recall@5': 0.08404862321332979, 'NDCG@5': 0.06019251589370294, 'MRR@5': 0.05235983868857782, 'Recall*@10': 0.12127479195966157, 'NDCG*@10': 0.07368552387108869, 'MRR*@10': 0.059171196966899146, 'Recall*@5': 0.08690787355105083, 'NDCG*@5': 0.06259500370520484, 'MRR*@5': 0.054608150875642664}
INFO    [03-22 20:15:56] train in BasicTrainer:
duration: 62.55187129974365s
INFO    [03-22 20:15:56] train in BasicTrainer:
epoch: 31
INFO    [03-22 20:16:29] _train_one_epoch in BasicTrainer:
loss = 7.1851925522646845
INFO    [03-22 20:16:56] validate in BasicTrainer:
{'Recall@10': 0.11866964334825118, 'NDCG@10': 0.07111890618674852, 'MRR@10': 0.05663281058851989, 'Recall@5': 0.0845120765988329, 'NDCG@5': 0.06014167127486701, 'MRR@5': 0.05214189670144397, 'Recall*@10': 0.12180719502571959, 'NDCG*@10': 0.07410463441824802, 'MRR*@10': 0.05956286116506081, 'Recall*@5': 0.08754680180382506, 'NDCG*@5': 0.06308997312206717, 'MRR*@5': 0.05505391786519055}
INFO    [03-22 20:16:56] train in BasicTrainer:
duration: 59.99378156661987s
INFO    [03-22 20:16:56] train in BasicTrainer:
epoch: 32
INFO    [03-22 20:17:29] _train_one_epoch in BasicTrainer:
loss = 7.177739243715647
INFO    [03-22 20:17:56] validate in BasicTrainer:
{'Recall@10': 0.1192527242074503, 'NDCG@10': 0.07125619001616941, 'MRR@10': 0.05662501774542614, 'Recall@5': 0.08437718629744194, 'NDCG@5': 0.06004116540293084, 'MRR@5': 0.05203258880411167, 'Recall*@10': 0.12178190283454096, 'NDCG*@10': 0.07365359497079596, 'MRR*@10': 0.05895234388516885, 'Recall*@5': 0.08738542017396365, 'NDCG*@5': 0.06258785856939922, 'MRR*@5': 0.05441795062053241}
INFO    [03-22 20:17:56] train in BasicTrainer:
duration: 59.378756284713745s
INFO    [03-22 20:17:56] train in BasicTrainer:
epoch: 33
INFO    [03-22 20:18:28] _train_one_epoch in BasicTrainer:
loss = 7.172123174943237
INFO    [03-22 20:18:56] validate in BasicTrainer:
{'Recall@10': 0.11845369507033505, 'NDCG@10': 0.07093659717578012, 'MRR@10': 0.05645640711430634, 'Recall@5': 0.08398984073199958, 'NDCG@5': 0.05984219182804923, 'MRR@5': 0.051907186074373876, 'Recall*@10': 0.12110135416468355, 'NDCG*@10': 0.0737014940687429, 'MRR*@10': 0.059233851713415615, 'Recall*@5': 0.08713173223340251, 'NDCG*@5': 0.06276507057667335, 'MRR*@5': 0.05474880011026919}
INFO    [03-22 20:18:56] train in BasicTrainer:
duration: 60.38631582260132s
INFO    [03-22 20:18:56] train in BasicTrainer:
epoch: 34
INFO    [03-22 20:19:29] _train_one_epoch in BasicTrainer:
loss = 7.169699180957883
INFO    [03-22 20:19:56] validate in BasicTrainer:
{'Recall@10': 0.11921518590777092, 'NDCG@10': 0.07131068083541788, 'MRR@10': 0.05672345384143038, 'Recall@5': 0.08419465125071297, 'NDCG@5': 0.0600493206146443, 'MRR@5': 0.05211284910720364, 'Recall*@10': 0.12194262267412426, 'NDCG*@10': 0.0740241693605515, 'MRR*@10': 0.05942235419938683, 'Recall*@5': 0.08709323588422155, 'NDCG*@5': 0.06281283230889252, 'MRR*@5': 0.054829226928615124}
INFO    [03-22 20:19:56] train in BasicTrainer:
duration: 60.17122435569763s
INFO    [03-22 20:19:56] train in BasicTrainer:
epoch: 35
INFO    [03-22 20:20:28] _train_one_epoch in BasicTrainer:
loss = 7.1634398380329305
INFO    [03-22 20:20:53] validate in BasicTrainer:
{'Recall@10': 0.11837861851739735, 'NDCG@10': 0.07094202340345516, 'MRR@10': 0.056485931223658754, 'Recall@5': 0.08409936176003696, 'NDCG@5': 0.059922281925412726, 'MRR@5': 0.051976920723497314, 'Recall*@10': 0.12128097299381951, 'NDCG*@10': 0.07374612770603267, 'MRR*@10': 0.05924370113725417, 'Recall*@5': 0.08702923740460494, 'NDCG*@5': 0.06272049761751544, 'MRR*@5': 0.054723641687185964}
INFO    [03-22 20:20:53] train in BasicTrainer:
duration: 56.84370708465576s
INFO    [03-22 20:20:53] train in BasicTrainer:
epoch: 36
INFO    [03-22 20:21:24] _train_one_epoch in BasicTrainer:
loss = 7.1590771604787875
INFO    [03-22 20:21:50] validate in BasicTrainer:
{'Recall@10': 0.11858033521153102, 'NDCG@10': 0.0710379878099648, 'MRR@10': 0.056554558887102896, 'Recall@5': 0.08375450460431731, 'NDCG@5': 0.05983855948432398, 'MRR@5': 0.05196846085615062, 'Recall*@10': 0.12142955270418868, 'NDCG*@10': 0.07376075610866613, 'MRR*@10': 0.059222579843762134, 'Recall*@5': 0.08691354119146354, 'NDCG*@5': 0.06265734874199484, 'MRR*@5': 0.05467357804470716}
INFO    [03-22 20:21:50] train in BasicTrainer:
duration: 56.440881967544556s
INFO    [03-22 20:21:50] train in BasicTrainer:
epoch: 37
INFO    [03-22 20:22:21] _train_one_epoch in BasicTrainer:
loss = 7.152201630348383
INFO    [03-22 20:22:47] validate in BasicTrainer:
{'Recall@10': 0.11827817266789552, 'NDCG@10': 0.07114455243137395, 'MRR@10': 0.0567736959786987, 'Recall@5': 0.08397973428634097, 'NDCG@5': 0.06010004550195372, 'MRR@5': 0.052242985424640766, 'Recall*@10': 0.1210067015245696, 'NDCG*@10': 0.07375950763158709, 'MRR*@10': 0.05932681669837961, 'Recall*@5': 0.08720162740656148, 'NDCG*@5': 0.06287384806694085, 'MRR*@5': 0.05486098160485612}
INFO    [03-22 20:22:47] train in BasicTrainer:
duration: 57.18277096748352s
INFO    [03-22 20:22:47] train in BasicTrainer:
epoch: 38
INFO    [03-22 20:23:18] _train_one_epoch in BasicTrainer:
loss = 7.14826613992571
INFO    [03-22 20:23:45] log in loggers:
Update Best NDCG@10 Model at 38
INFO    [03-22 20:23:46] validate in BasicTrainer:
{'Recall@10': 0.11979826681339109, 'NDCG@10': 0.07166022460362251, 'MRR@10': 0.056998664536440855, 'Recall@5': 0.08428994074138897, 'NDCG@5': 0.060219404586471875, 'MRR@5': 0.052301186751980464, 'Recall*@10': 0.12279850612409018, 'NDCG*@10': 0.07423195122187011, 'MRR*@10': 0.059425741399281494, 'Recall*@5': 0.08727856468977958, 'NDCG*@5': 0.06278886402902016, 'MRR*@5': 0.054727985027515996}
INFO    [03-22 20:23:46] train in BasicTrainer:
duration: 59.41630959510803s
INFO    [03-22 20:23:46] train in BasicTrainer:
epoch: 39
INFO    [03-22 20:24:17] _train_one_epoch in BasicTrainer:
loss = 7.142504284210118
INFO    [03-22 20:24:43] validate in BasicTrainer:
{'Recall@10': 0.11876287025825999, 'NDCG@10': 0.07130779812222701, 'MRR@10': 0.05682500325305811, 'Recall@5': 0.08480207013935315, 'NDCG@5': 0.06036581545836086, 'MRR@5': 0.052332355196927194, 'Recall*@10': 0.12210290651547946, 'NDCG*@10': 0.07430965411027086, 'MRR*@10': 0.059717935605723166, 'Recall*@5': 0.08779902412698276, 'NDCG*@5': 0.06325696382636779, 'MRR*@5': 0.055180020299609576}
INFO    [03-22 20:24:43] train in BasicTrainer:
duration: 56.47617268562317s
INFO    [03-22 20:24:43] train in BasicTrainer:
epoch: 40
INFO    [03-22 20:25:14] _train_one_epoch in BasicTrainer:
loss = 7.1367364971054865
INFO    [03-22 20:25:39] log in loggers:
Update Best NDCG@10 Model at 40
INFO    [03-22 20:25:39] validate in BasicTrainer:
{'Recall@10': 0.11959345629467771, 'NDCG@10': 0.07167097448002883, 'MRR@10': 0.05704273733185645, 'Recall@5': 0.08528573643938403, 'NDCG@5': 0.06060814493077566, 'MRR@5': 0.0524956331388137, 'Recall*@10': 0.12236788742406718, 'NDCG*@10': 0.07417732424384152, 'MRR*@10': 0.059456619094604646, 'Recall*@5': 0.08798738572502805, 'NDCG*@5': 0.06308056556872119, 'MRR*@5': 0.054889430573378396}
INFO    [03-22 20:25:39] train in BasicTrainer:
duration: 56.413023471832275s
INFO    [03-22 20:25:39] train in BasicTrainer:
epoch: 41
INFO    [03-22 20:26:10] _train_one_epoch in BasicTrainer:
loss = 7.134793816002269
INFO    [03-22 20:26:36] validate in BasicTrainer:
{'Recall@10': 0.11894746783923509, 'NDCG@10': 0.07126815519600271, 'MRR@10': 0.056738001865993405, 'Recall@5': 0.08445226285037964, 'NDCG@5': 0.06019111612457724, 'MRR@5': 0.052212325699418506, 'Recall*@10': 0.12129775216553441, 'NDCG*@10': 0.07353895969363945, 'MRR*@10': 0.058973646893911644, 'Recall*@5': 0.08689610344412914, 'NDCG*@5': 0.062481367473151084, 'MRR*@5': 0.05444979340975344}
INFO    [03-22 20:26:36] train in BasicTrainer:
duration: 56.64450788497925s
INFO    [03-22 20:26:36] train in BasicTrainer:
epoch: 42
INFO    [03-22 20:27:07] _train_one_epoch in BasicTrainer:
loss = 7.13081177323634
INFO    [03-22 20:27:33] log in loggers:
Update Best NDCG@10 Model at 42
INFO    [03-22 20:27:34] validate in BasicTrainer:
{'Recall@10': 0.11960459400745939, 'NDCG@10': 0.07170628754543924, 'MRR@10': 0.05710906950855552, 'Recall@5': 0.08504957527015068, 'NDCG@5': 0.060612342938363, 'MRR@5': 0.052577643101089096, 'Recall*@10': 0.12215214867922376, 'NDCG*@10': 0.07428244606379965, 'MRR*@10': 0.059674612626526215, 'Recall*@5': 0.08809779341857753, 'NDCG*@5': 0.06334809177900401, 'MRR*@5': 0.05520780786082752}
INFO    [03-22 20:27:34] train in BasicTrainer:
duration: 58.011762619018555s
INFO    [03-22 20:27:34] train in BasicTrainer:
epoch: 43
INFO    [03-22 20:28:05] _train_one_epoch in BasicTrainer:
loss = 7.125787815855635
INFO    [03-22 20:28:31] validate in BasicTrainer:
{'Recall@10': 0.11951734845140641, 'NDCG@10': 0.07159464622374821, 'MRR@10': 0.057010287755514234, 'Recall@5': 0.08401108493686094, 'NDCG@5': 0.06014156379269848, 'MRR@5': 0.05230093589545782, 'Recall*@10': 0.12212705674851052, 'NDCG*@10': 0.07408398409545236, 'MRR*@10': 0.05943963223505429, 'Recall*@5': 0.0870670103395468, 'NDCG*@5': 0.06276838417017014, 'MRR*@5': 0.05478286096750762}
INFO    [03-22 20:28:31] train in BasicTrainer:
duration: 57.587817907333374s
INFO    [03-22 20:28:31] train in BasicTrainer:
epoch: 44
INFO    [03-22 20:29:03] _train_one_epoch in BasicTrainer:
loss = 7.123549088117283
INFO    [03-22 20:29:28] validate in BasicTrainer:
{'Recall@10': 0.1186543805205562, 'NDCG@10': 0.07135515781322559, 'MRR@10': 0.05692034170054758, 'Recall@5': 0.08501409955113848, 'NDCG@5': 0.060511696016027176, 'MRR@5': 0.05246536506229658, 'Recall*@10': 0.12136466523800683, 'NDCG*@10': 0.07403851990991292, 'MRR*@10': 0.05957461858162442, 'Recall*@5': 0.08793026652198714, 'NDCG*@5': 0.06324883089676453, 'MRR*@5': 0.055134571433020904}
INFO    [03-22 20:29:28] train in BasicTrainer:
duration: 56.78219723701477s
INFO    [03-22 20:29:28] train in BasicTrainer:
epoch: 45
INFO    [03-22 20:29:59] _train_one_epoch in BasicTrainer:
loss = 7.115439988643151
INFO    [03-22 20:30:25] log in loggers:
Update Best NDCG@10 Model at 45
INFO    [03-22 20:30:25] validate in BasicTrainer:
{'Recall@10': 0.11984591153551856, 'NDCG@10': 0.07204587556816336, 'MRR@10': 0.05747830130252697, 'Recall@5': 0.08465810463621609, 'NDCG@5': 0.06069050315547027, 'MRR@5': 0.05280528593564702, 'Recall*@10': 0.12265824699466844, 'NDCG*@10': 0.07481649054962898, 'MRR*@10': 0.06022495851849098, 'Recall*@5': 0.08774991114145127, 'NDCG*@5': 0.06355212448959781, 'MRR*@5': 0.0555901360869222}
INFO    [03-22 20:30:25] train in BasicTrainer:
duration: 57.00787281990051s
INFO    [03-22 20:30:25] train in BasicTrainer:
epoch: 46
INFO    [03-22 20:30:56] _train_one_epoch in BasicTrainer:
loss = 7.11196832256566
INFO    [03-22 20:31:22] validate in BasicTrainer:
{'Recall@10': 0.11866551823333787, 'NDCG@10': 0.07177930711725047, 'MRR@10': 0.05745824504167863, 'Recall@5': 0.08560419307783756, 'NDCG@5': 0.06114401248199546, 'MRR@5': 0.05310172471000212, 'Recall*@10': 0.12094158671123216, 'NDCG*@10': 0.07425332899173472, 'MRR*@10': 0.059971684653810996, 'Recall*@5': 0.08844494904359552, 'NDCG*@5': 0.063806660595202, 'MRR*@5': 0.05569674700173634}
INFO    [03-22 20:31:22] train in BasicTrainer:
duration: 56.61054229736328s
INFO    [03-22 20:31:22] train in BasicTrainer:
epoch: 47
INFO    [03-22 20:31:53] _train_one_epoch in BasicTrainer:
loss = 7.1071264112259405
INFO    [03-22 20:32:18] validate in BasicTrainer:
{'Recall@10': 0.11890992958597676, 'NDCG@10': 0.07160877617441605, 'MRR@10': 0.057176726664245316, 'Recall@5': 0.08512258928884227, 'NDCG@5': 0.06072504754030259, 'MRR@5': 0.052709223360194596, 'Recall*@10': 0.12164383554523607, 'NDCG*@10': 0.07425842633778433, 'MRR*@10': 0.05979306880396289, 'Recall*@5': 0.08787752362983621, 'NDCG*@5': 0.06339058046145045, 'MRR*@5': 0.05533754481495912}
INFO    [03-22 20:32:18] train in BasicTrainer:
duration: 56.60573959350586s
INFO    [03-22 20:32:18] train in BasicTrainer:
epoch: 48
INFO    [03-22 20:32:49] _train_one_epoch in BasicTrainer:
loss = 7.104804028182698
INFO    [03-22 20:33:15] validate in BasicTrainer:
{'Recall@10': 0.11984694282585215, 'NDCG@10': 0.07172753975213131, 'MRR@10': 0.05705558941510979, 'Recall@5': 0.0853152308044404, 'NDCG@5': 0.06061137599342523, 'MRR@5': 0.05249720738730698, 'Recall*@10': 0.12233923126093324, 'NDCG*@10': 0.07419212420131559, 'MRR*@10': 0.05948747649231804, 'Recall*@5': 0.08817700883866841, 'NDCG*@5': 0.06316377792356542, 'MRR*@5': 0.05494684814780115}
INFO    [03-22 20:33:15] train in BasicTrainer:
duration: 56.39913034439087s
INFO    [03-22 20:33:15] train in BasicTrainer:
epoch: 49
INFO    [03-22 20:33:46] _train_one_epoch in BasicTrainer:
loss = 7.103568788150867
INFO    [03-22 20:34:11] validate in BasicTrainer:
{'Recall@10': 0.11847390800807335, 'NDCG@10': 0.07118496194342587, 'MRR@10': 0.05676558208753387, 'Recall@5': 0.0841459752382519, 'NDCG@5': 0.06014024961240752, 'MRR@5': 0.05224028321395039, 'Recall*@10': 0.12115378482876538, 'NDCG*@10': 0.07383765879078447, 'MRR*@10': 0.05938378789366406, 'Recall*@5': 0.08748841205629233, 'NDCG*@5': 0.06300662958129916, 'MRR*@5': 0.054946450232252524}
INFO    [03-22 20:34:11] train in BasicTrainer:
duration: 56.76230788230896s
INFO    [03-22 20:34:11] train in BasicTrainer:
epoch: 50
INFO    [03-22 20:34:43] _train_one_epoch in BasicTrainer:
loss = 7.096235581169194
INFO    [03-22 20:35:08] validate in BasicTrainer:
{'Recall@10': 0.11923746137975533, 'NDCG@10': 0.07150468417092276, 'MRR@10': 0.05695862847023478, 'Recall@5': 0.0841713445116055, 'NDCG@5': 0.06020850153216321, 'MRR@5': 0.052322785042203106, 'Recall*@10': 0.12197243628843552, 'NDCG*@10': 0.07421176918895445, 'MRR*@10': 0.05963533942666009, 'Recall*@5': 0.08748345521519489, 'NDCG*@5': 0.06310381310936818, 'MRR*@5': 0.05507800138535158}
INFO    [03-22 20:35:08] train in BasicTrainer:
duration: 56.59733319282532s
INFO    [03-22 20:35:08] train in BasicTrainer:
epoch: 51
INFO    [03-22 20:35:39] _train_one_epoch in BasicTrainer:
loss = 7.095121405304527
INFO    [03-22 20:36:06] validate in BasicTrainer:
{'Recall@10': 0.11942205896073041, 'NDCG@10': 0.07166429816794544, 'MRR@10': 0.057112226842951926, 'Recall@5': 0.08476865693137653, 'NDCG@5': 0.06050843559205532, 'MRR@5': 0.05253697322490059, 'Recall*@10': 0.1223595287314271, 'NDCG*@10': 0.07429887806399033, 'MRR*@10': 0.05963619098624336, 'Recall*@5': 0.08806785630102841, 'NDCG*@5': 0.063254268323521, 'MRR*@5': 0.055103350889135004}
INFO    [03-22 20:36:06] train in BasicTrainer:
duration: 57.58053255081177s
INFO    [03-22 20:36:06] train in BasicTrainer:
epoch: 52
INFO    [03-22 20:36:37] _train_one_epoch in BasicTrainer:
loss = 7.092383563214247
INFO    [03-22 20:37:04] validate in BasicTrainer:
{'Recall@10': 0.11960150020609021, 'NDCG@10': 0.07193526413256877, 'MRR@10': 0.057405252514459264, 'Recall@5': 0.08522798524838741, 'NDCG@5': 0.06087205658240296, 'MRR@5': 0.05286957888437487, 'Recall*@10': 0.12238003100004523, 'NDCG*@10': 0.07480403498929238, 'MRR*@10': 0.060266583432614616, 'Recall*@5': 0.08894233327834777, 'NDCG*@5': 0.0640314403236655, 'MRR*@5': 0.05584380202970215}
INFO    [03-22 20:37:04] train in BasicTrainer:
duration: 57.84645986557007s
INFO    [03-22 20:37:04] train in BasicTrainer:
epoch: 53
INFO    [03-22 20:37:35] _train_one_epoch in BasicTrainer:
loss = 7.087303670373615
INFO    [03-22 20:38:00] validate in BasicTrainer:
{'Recall@10': 0.11958128729156245, 'NDCG@10': 0.07174743460114129, 'MRR@10': 0.057188540122637126, 'Recall@5': 0.0847554566611382, 'NDCG@5': 0.060537194809948916, 'MRR@5': 0.05259185401589328, 'Recall*@10': 0.1220031385179435, 'NDCG*@10': 0.07431267965526966, 'MRR*@10': 0.05976524173842041, 'Recall*@5': 0.08768592171394193, 'NDCG*@5': 0.06324131160138924, 'MRR*@5': 0.05521098081591159}
INFO    [03-22 20:38:00] train in BasicTrainer:
duration: 56.52778935432434s
INFO    [03-22 20:38:00] train in BasicTrainer:
epoch: 54
INFO    [03-22 20:38:31] _train_one_epoch in BasicTrainer:
loss = 7.080099477459609
INFO    [03-22 20:38:58] log in loggers:
Update Best NDCG@10 Model at 54
INFO    [03-22 20:38:59] validate in BasicTrainer:
{'Recall@10': 0.11976382233829141, 'NDCG@10': 0.07208534045800613, 'MRR@10': 0.05757009510728429, 'Recall@5': 0.08461045989087809, 'NDCG@5': 0.0607759063175627, 'MRR@5': 0.05293592756666313, 'Recall*@10': 0.12298099468012465, 'NDCG*@10': 0.0750023793324689, 'MRR*@10': 0.06038097197601914, 'Recall*@5': 0.0875939588958972, 'NDCG*@5': 0.06361002784303602, 'MRR*@5': 0.055708258438890226}
INFO    [03-22 20:38:59] train in BasicTrainer:
duration: 58.540971755981445s
INFO    [03-22 20:38:59] train in BasicTrainer:
epoch: 55
INFO    [03-22 20:39:30] _train_one_epoch in BasicTrainer:
loss = 7.079087313642843
INFO    [03-22 20:39:55] log in loggers:
Update Best NDCG@10 Model at 55
INFO    [03-22 20:39:55] validate in BasicTrainer:
{'Recall@10': 0.11988551236944407, 'NDCG@10': 0.07243774759922629, 'MRR@10': 0.05799641652827694, 'Recall@5': 0.08540453891795001, 'NDCG@5': 0.0613742009373933, 'MRR@5': 0.05348118138136893, 'Recall*@10': 0.12258751250548154, 'NDCG*@10': 0.07498945714760792, 'MRR*@10': 0.06047976879269534, 'Recall*@5': 0.08863495243858326, 'NDCG*@5': 0.06409921415869692, 'MRR*@5': 0.05603753744604246}
INFO    [03-22 20:39:55] train in BasicTrainer:
duration: 56.86902904510498s
INFO    [03-22 20:39:55] train in BasicTrainer:
epoch: 56
INFO    [03-22 20:40:27] _train_one_epoch in BasicTrainer:
loss = 7.07663695459263
INFO    [03-22 20:40:52] validate in BasicTrainer:
{'Recall@10': 0.1194961042697556, 'NDCG@10': 0.07175680707176897, 'MRR@10': 0.05722212449087532, 'Recall@5': 0.084791963670484, 'NDCG@5': 0.06060069054945422, 'MRR@5': 0.052656958262636284, 'Recall*@10': 0.12223049610667511, 'NDCG*@10': 0.07433627591094125, 'MRR*@10': 0.05974753908348789, 'Recall*@5': 0.08735695832939906, 'NDCG*@5': 0.06312103709931315, 'MRR*@5': 0.0551555480233559}
INFO    [03-22 20:40:52] train in BasicTrainer:
duration: 56.87778043746948s
INFO    [03-22 20:40:52] train in BasicTrainer:
epoch: 57
INFO    [03-22 20:41:24] _train_one_epoch in BasicTrainer:
loss = 7.074712939649161
INFO    [03-22 20:41:49] validate in BasicTrainer:
{'Recall@10': 0.11918177272300483, 'NDCG@10': 0.07173670351366017, 'MRR@10': 0.05728329774398484, 'Recall@5': 0.0843417105552192, 'NDCG@5': 0.06049842342757547, 'MRR@5': 0.05266106954987547, 'Recall*@10': 0.12191777790075523, 'NDCG*@10': 0.0745139422121449, 'MRR*@10': 0.06005902226863435, 'Recall*@5': 0.08738497708491819, 'NDCG*@5': 0.06337443386375718, 'MRR*@5': 0.055477404700029306}
INFO    [03-22 20:41:49] train in BasicTrainer:
duration: 56.658284425735474s
INFO    [03-22 20:41:49] train in BasicTrainer:
epoch: 58
INFO    [03-22 20:42:20] _train_one_epoch in BasicTrainer:
loss = 7.072353476093225
INFO    [03-22 20:42:46] validate in BasicTrainer:
{'Recall@10': 0.11964110101680518, 'NDCG@10': 0.07168241383687729, 'MRR@10': 0.057063094685521454, 'Recall@5': 0.08487302160058809, 'NDCG@5': 0.06047596695986678, 'MRR@5': 0.052460006005899555, 'Recall*@10': 0.12197618170226475, 'NDCG*@10': 0.07418771957357724, 'MRR*@10': 0.0595938947945369, 'Recall*@5': 0.08791907826827322, 'NDCG*@5': 0.06320950701670297, 'MRR*@5': 0.05508416045654414}
INFO    [03-22 20:42:46] train in BasicTrainer:
duration: 56.87499976158142s
INFO    [03-22 20:42:46] train in BasicTrainer:
epoch: 59
INFO    [03-22 20:43:17] _train_one_epoch in BasicTrainer:
loss = 7.069555499238584
INFO    [03-22 20:43:43] validate in BasicTrainer:
{'Recall@10': 0.11919187919187398, 'NDCG@10': 0.07180306057785159, 'MRR@10': 0.05735660510317559, 'Recall@5': 0.08482640814558368, 'NDCG@5': 0.060742880684842945, 'MRR@5': 0.05282300665417564, 'Recall*@10': 0.12134805334459213, 'NDCG*@10': 0.07426194658624792, 'MRR*@10': 0.05988054742856746, 'Recall*@5': 0.0877433573345529, 'NDCG*@5': 0.06344438908836367, 'MRR*@5': 0.05544535701403922}
INFO    [03-22 20:43:43] train in BasicTrainer:
duration: 56.69476866722107s
INFO    [03-22 20:43:43] close_training in BasicTrainer:
finished training
INFO    [03-22 20:43:43] final_validate in BasicTrainer:
validate model on val set!
INFO    [03-22 20:43:43] load_state_from_given_path in utils:
checkpoint epoch: 55
INFO    [03-22 20:43:43] load_state_from_given_path in utils:
Loading model's parameters
INFO    [03-22 20:44:08] validate in BasicTrainer:
{'Recall@10': 0.11988551236944407, 'NDCG@10': 0.07243774759922629, 'MRR@10': 0.05799641652827694, 'Recall@5': 0.08540453891795001, 'NDCG@5': 0.0613742009373933, 'MRR@5': 0.05348118138136893, 'Recall*@10': 0.12258751250548154, 'NDCG*@10': 0.07498945714760792, 'MRR*@10': 0.06047976879269534, 'Recall*@5': 0.08863495243858326, 'NDCG*@5': 0.06409921415869692, 'MRR*@5': 0.05603753744604246}
INFO    [03-22 20:44:08] test in BasicTrainer:
Test model on test set!
INFO    [03-22 20:44:08] test_with_given_state_path in BasicTrainer:
Loading model params from ___movies_base_2022/base_sasrec_03-22_19:43_0/sasrec_logs/checkpoint/best_acc_model.pth.
INFO    [03-22 20:44:08] load_state_from_given_path in utils:
checkpoint epoch: 55
INFO    [03-22 20:44:08] load_state_from_given_path in utils:
Loading model's parameters
INFO    [03-22 20:44:08] test_with_given_state_path in BasicTrainer:
Finished loading. Start testing.
INFO    [03-22 20:44:34] test_with_given_state_path in BasicTrainer:
{'Recall@10': 0.11236898726392015, 'NDCG@10': 0.06766146032656094, 'MRR@10': 0.05399827906322256, 'Recall@5': 0.0810651549158438, 'NDCG@5': 0.05758453034026972, 'MRR@5': 0.04986624173657545, 'Recall*@10': 0.11630948507618681, 'NDCG*@10': 0.07101399050532287, 'MRR*@10': 0.05715384746892987, 'Recall*@5': 0.08497314283920225, 'NDCG*@5': 0.060926841635756034, 'MRR*@5': 0.053017661532508996}
INFO    [03-22 20:44:34] _evaluate in BasicSched:
!!Final Result!!: {'Recall@10': 0.11236898726392015, 'NDCG@10': 0.06766146032656094, 'MRR@10': 0.05399827906322256, 'Recall@5': 0.0810651549158438, 'NDCG@5': 0.05758453034026972, 'MRR@5': 0.04986624173657545, 'Recall*@10': 0.11630948507618681, 'NDCG*@10': 0.07101399050532287, 'MRR*@10': 0.05715384746892987, 'Recall*@5': 0.08497314283920225, 'NDCG*@5': 0.060926841635756034, 'MRR*@5': 0.053017661532508996}
