INFO    [11-28 00:16:51] setup_train in utils:
{
    "experiment_dir": "_____lfms_sparsity_soft",
    "experiment_description": "soft",
    "describe": "{config[model_code]}-rate-{config[rate]}",
    "dataset_name": "lastfm_small_0.4.csv",
    "sched": "distill",
    "model_code": "gru4rec",
    "mentor_code": "pop",
    "training_routine": "student",
    "softmaxed_mentor": false,
    "dvae_alpha": 0.5,
    "alpha": 0.5,
    "T": 3,
    "num_epochs": 80,
    "mode": [
        "train",
        "test"
    ],
    "max_len": 20,
    "test_state_path": null,
    "model_state_path": null,
    "mentor_state_path": null,
    "rand_seed": 2021,
    "load_processed_dataset": false,
    "save_processed_dataset": false,
    "dataset_cache_filename": null,
    "weight_decay": 0,
    "decay_step": 15,
    "gamma": 0.99,
    "lr": 0.001,
    "min_length": 5,
    "min_item_inter": 5,
    "good_only": false,
    "use_rating": true,
    "test_negative_sampler_code": "random",
    "test_negative_sample_size": 0,
    "dataloader_type": "next",
    "train_batch_size": 1024,
    "val_batch_size": 1024,
    "test_batch_size": 1024,
    "prop_sliding_window": -1.0,
    "worker_number": 2,
    "metric_ks": [
        5,
        10
    ],
    "device": "cuda",
    "num_gpu": 1,
    "optimizer": "Adam",
    "best_metric": "NDCG@10",
    "show_process_bar": false,
    "enable_sample": false,
    "samples_ratio": 0.1,
    "rate": 0.4,
    "config_file": "config2.lastfm_small/gru4rec/config_distill.json",
    "task_id": 3,
    "split": "leave_one_out",
    "do_remap": true,
    "do_sampling": false,
    "path_for_sample": null,
    "sample_rate": 0.5,
    "sample_seed": 0,
    "train_negative_sampler_code": "random",
    "train_negative_sample_size": 100,
    "device_idx": "0",
    "momentum": null,
    "log_period_as_iter": 12800,
    "weight_list": [
        0.5,
        0.5
    ],
    "validation_rate": 0.2,
    "num_items": null,
    "start_index": 1,
    "kwargs": {
        "rate": 0.4
    }
}
DEBUG   [11-28 00:16:51] __init__ in DistillSched:
DistillScheduler attribs: teacher tag=teacher_pop, student tag=student_gru4rec
INFO    [11-28 00:16:51] _gen_dataset in utils:
processing dataset lastfm_small_0.4.csv
INFO    [11-28 00:16:51] _drop_cold in utils:
filtering out cold users (who interacts with less or eq than 5 items) and cold items (which is interacted by less or eq than 5 users)
DEBUG   [11-28 00:16:51] _drop_cold in utils:
before filtering, there are 273 users, 3644 items 
DEBUG   [11-28 00:16:51] _drop_cold in utils:
after 2 filterings, there are 272 users, 2537 items
INFO    [11-28 00:16:51] _drop_cold in utils:
user desc 
           seq_len
count  272.000000
mean   106.073529
std    107.496821
min      5.000000
25%     25.750000
50%     69.000000
75%    150.250000
max    787.000000
INFO    [11-28 00:16:51] _drop_cold in utils:
item desc 
           item_pop
count  2537.000000
mean     11.372487
std       9.247666
min       5.000000
25%       6.000000
50%       8.000000
75%      13.000000
max      82.000000
INFO    [11-28 00:16:51] _df_data_partition in utils:
dataset summary:
         session_id       item_id   rating
count  28852.000000  28852.000000  28852.0
mean     133.116699   1275.833183      1.0
std       74.708643    740.306642      0.0
min        1.000000      1.000000      1.0
25%       73.000000    642.000000      1.0
50%      131.000000   1278.000000      1.0
75%      196.000000   1913.000000      1.0
max      272.000000   2537.000000      1.0
INFO    [11-28 00:16:51] __init__ in NextItemDataloader:
there are 2537 items in this dataset, 1571 users, padding_first? False
DEBUG   [11-28 00:16:52] generate_model in utils:
model_code_list=['pop']
INFO    [11-28 00:16:52] load_model_config in utils:
loading model pop's config file at asset/config/model/pop.json
INFO    [11-28 00:16:52] load_model_config in utils:
{
    "rate": 0.4
}
WARNING [11-28 00:16:56] get_exist_path in utils:
dir _____lfms_sparsity_soft/soft_gru4rec-rate-0.4_11-28_00-16_t3/teacher_pop_logs does not exist! Create one.
WARNING [11-28 00:16:56] get_exist_path in utils:
dir _____lfms_sparsity_soft/soft_gru4rec-rate-0.4_11-28_00-16_t3/teacher_pop_logs/tb_vis does not exist! Create one.
WARNING [11-28 00:16:56] get_exist_path in utils:
dir _____lfms_sparsity_soft/soft_gru4rec-rate-0.4_11-28_00-16_t3/teacher_pop_logs/checkpoint does not exist! Create one.
WARNING [11-28 00:16:56] get_path in utils:
Path is None
WARNING [11-28 00:16:56] load_state_from_given_path in utils:
Not given any path.
DEBUG   [11-28 00:16:56] __init__ in DistillSched:
teacher model: 
POPModel(
  (fake_parameter): Linear(in_features=1, out_features=1, bias=False)
)
INFO    [11-28 00:16:56] assert_model_device in utils:
model teacher_pop has 3.814697265625e-06 MB params.
INFO    [11-28 00:16:56] __init__ in BasicTrainer:
25600 iter per epoch
DEBUG   [11-28 00:16:56] generate_model in utils:
model_code_list=['gru4rec']
INFO    [11-28 00:16:56] load_model_config in utils:
loading model gru4rec's config file at asset/config/model/gru4rec.json
INFO    [11-28 00:16:56] load_model_config in utils:
{
    "embed_size": 64,
    "hidden_units": 64,
    "num_layers": 2,
    "hidden_dropout": 0.5,
    "loss_type": "CE",
    "rate": 0.4
}
WARNING [11-28 00:16:57] get_exist_path in utils:
dir _____lfms_sparsity_soft/soft_gru4rec-rate-0.4_11-28_00-16_t3/student_gru4rec_logs does not exist! Create one.
WARNING [11-28 00:16:57] get_exist_path in utils:
dir _____lfms_sparsity_soft/soft_gru4rec-rate-0.4_11-28_00-16_t3/student_gru4rec_logs/tb_vis does not exist! Create one.
WARNING [11-28 00:16:57] get_exist_path in utils:
dir _____lfms_sparsity_soft/soft_gru4rec-rate-0.4_11-28_00-16_t3/student_gru4rec_logs/checkpoint does not exist! Create one.
WARNING [11-28 00:16:57] get_path in utils:
Path is None
WARNING [11-28 00:16:57] load_state_from_given_path in utils:
Not given any path.
DEBUG   [11-28 00:16:57] __init__ in DistillSched:
student model: 
GRU4RecModel(
  (item_embedding): Embedding(2538, 64, padding_idx=0)
  (emb_dropout): Dropout(p=0.5, inplace=False)
  (gru_layers): GRU(64, 64, num_layers=2, bias=False, batch_first=True)
  (dense): Linear(in_features=64, out_features=64, bias=True)
  (loss_fct): CrossEntropyLoss()
)
INFO    [11-28 00:16:57] assert_model_device in utils:
model student_gru4rec has 0.822998046875 MB params.
INFO    [11-28 00:16:57] assert_model_device in utils:
model teacher_pop has 3.814697265625e-06 MB params.
INFO    [11-28 00:16:57] __init__ in DistillTrainer:
25600 iter per epoch
INFO    [11-28 00:16:57] _set_current_routine in Routine:
first routine: student
INFO    [11-28 00:16:57] run_routine in Routine:
Start routine student
INFO    [11-28 00:16:57] run_routine in Routine:
Start training
INFO    [11-28 00:16:57] train in DistillTrainer:
Test mentor model: teacher_pop
INFO    [11-28 00:16:58] test_mentor in DistillTrainer:
{'Recall@10': 0.020246265456080437, 'NDCG@10': 0.009499031584709883, 'MRR@10': 0.006259742891415954, 'Recall@5': 0.01262122206389904, 'NDCG@5': 0.007004609797149897, 'MRR@5': 0.005215147277340293, 'Recall*@10': 0.020246265456080437, 'NDCG*@10': 0.009499031584709883, 'MRR*@10': 0.006259742891415954, 'Recall*@5': 0.01262122206389904, 'NDCG*@5': 0.007004609797149897, 'MRR*@5': 0.005215147277340293}
INFO    [11-28 00:16:58] train in DistillTrainer:
result:
{'Recall@10': 0.020246265456080437, 'NDCG@10': 0.009499031584709883, 'MRR@10': 0.006259742891415954, 'Recall@5': 0.01262122206389904, 'NDCG@5': 0.007004609797149897, 'MRR@5': 0.005215147277340293, 'Recall*@10': 0.020246265456080437, 'NDCG*@10': 0.009499031584709883, 'MRR*@10': 0.006259742891415954, 'Recall*@5': 0.01262122206389904, 'NDCG*@5': 0.007004609797149897, 'MRR*@5': 0.005215147277340293}
INFO    [11-28 00:16:59] log in loggers:
Update Best NDCG@10 Model at 0
INFO    [11-28 00:17:00] validate in BasicTrainer:
{'Recall@10': 0.007500071544200182, 'NDCG@10': 0.00428835628554225, 'MRR@10': 0.003297188086435199, 'Recall@5': 0.006523509044200182, 'NDCG@5': 0.0039674395229667425, 'MRR@5': 0.0031615543412044644, 'Recall*@10': 0.007500071544200182, 'NDCG*@10': 0.00428835628554225, 'MRR*@10': 0.003297188086435199, 'Recall*@5': 0.006523509044200182, 'NDCG*@5': 0.0039674395229667425, 'MRR*@5': 0.0031615543412044644}
INFO    [11-28 00:17:00] train in BasicTrainer:
epoch: 0
DEBUG   [11-28 00:17:00] calculate_loss in loss:
soft_target max: 0.5032005906105042, argmax 543667
DEBUG   [11-28 00:17:00] calculate_loss in loss:
pred max in softmax: 0.0004177341179456562, argmax 1428269
INFO    [11-28 00:17:01] _train_one_epoch in BasicTrainer:
loss = 5.560495681762696
INFO    [11-28 00:17:02] log in loggers:
Update Best NDCG@10 Model at 0
INFO    [11-28 00:17:03] validate in BasicTrainer:
{'Recall@10': 0.01945715956389904, 'NDCG@10': 0.007555574644356966, 'MRR@10': 0.00407723942771554, 'Recall@5': 0.007199247367680073, 'NDCG@5': 0.0036266392562538385, 'MRR@5': 0.0024783919798210263, 'Recall*@10': 0.01945715956389904, 'NDCG*@10': 0.007555574644356966, 'MRR*@10': 0.00407723942771554, 'Recall*@5': 0.007199247367680073, 'NDCG*@5': 0.0036266392562538385, 'MRR*@5': 0.0024783919798210263}
INFO    [11-28 00:17:03] train in BasicTrainer:
duration: 2.994481086730957s
INFO    [11-28 00:17:03] train in BasicTrainer:
epoch: 1
INFO    [11-28 00:17:04] _train_one_epoch in BasicTrainer:
loss = 5.4435028648376464
INFO    [11-28 00:17:06] log in loggers:
Update Best NDCG@10 Model at 1
INFO    [11-28 00:17:06] validate in BasicTrainer:
{'Recall@10': 0.01756652072072029, 'NDCG@10': 0.009596414398401976, 'MRR@10': 0.007204263703897595, 'Recall@5': 0.011832117103040218, 'NDCG@5': 0.007764075184240937, 'MRR@5': 0.006463002413511276, 'Recall*@10': 0.01756652072072029, 'NDCG*@10': 0.009596414398401976, 'MRR*@10': 0.007204263703897595, 'Recall*@5': 0.011832117103040218, 'NDCG*@5': 0.007764075184240937, 'MRR*@5': 0.006463002413511276}
INFO    [11-28 00:17:06] train in BasicTrainer:
duration: 3.1810684204101562s
INFO    [11-28 00:17:06] train in BasicTrainer:
epoch: 2
INFO    [11-28 00:17:07] _train_one_epoch in BasicTrainer:
loss = 5.3057277870178225
INFO    [11-28 00:17:09] log in loggers:
Update Best NDCG@10 Model at 2
INFO    [11-28 00:17:09] validate in BasicTrainer:
{'Recall@10': 0.018418111838400364, 'NDCG@10': 0.00960250897333026, 'MRR@10': 0.00703345681540668, 'Recall@5': 0.010855554603040218, 'NDCG@5': 0.0072898841463029385, 'MRR@5': 0.006155259907245636, 'Recall*@10': 0.018418111838400364, 'NDCG*@10': 0.00960250897333026, 'MRR*@10': 0.00703345681540668, 'Recall*@5': 0.010855554603040218, 'NDCG*@5': 0.0072898841463029385, 'MRR*@5': 0.006155259907245636}
INFO    [11-28 00:17:09] train in BasicTrainer:
duration: 3.143589973449707s
INFO    [11-28 00:17:09] train in BasicTrainer:
epoch: 3
INFO    [11-28 00:17:11] _train_one_epoch in BasicTrainer:
loss = 5.252239112854004
INFO    [11-28 00:17:12] validate in BasicTrainer:
{'Recall@10': 0.01555090956389904, 'NDCG@10': 0.008312460035085678, 'MRR@10': 0.006150522967800498, 'Recall@5': 0.009453196544200182, 'NDCG@5': 0.0063717064913362265, 'MRR@5': 0.005367761244997382, 'Recall*@10': 0.01555090956389904, 'NDCG*@10': 0.008312460035085678, 'MRR*@10': 0.006150522967800498, 'Recall*@5': 0.009453196544200182, 'NDCG*@5': 0.0063717064913362265, 'MRR*@5': 0.005367761244997382}
INFO    [11-28 00:17:12] train in BasicTrainer:
duration: 3.0119922161102295s
INFO    [11-28 00:17:12] train in BasicTrainer:
epoch: 4
INFO    [11-28 00:17:14] _train_one_epoch in BasicTrainer:
loss = 5.221005172729492
INFO    [11-28 00:17:15] validate in BasicTrainer:
{'Recall@10': 0.01756652072072029, 'NDCG@10': 0.008680117782205343, 'MRR@10': 0.006028052419424057, 'Recall@5': 0.010367273353040218, 'NDCG@5': 0.0064695479813963175, 'MRR@5': 0.00518448487855494, 'Recall*@10': 0.01756652072072029, 'NDCG*@10': 0.008680117782205343, 'MRR*@10': 0.006028052419424057, 'Recall*@5': 0.010367273353040218, 'NDCG*@5': 0.0064695479813963175, 'MRR*@5': 0.00518448487855494}
INFO    [11-28 00:17:15] train in BasicTrainer:
duration: 2.8329763412475586s
INFO    [11-28 00:17:15] train in BasicTrainer:
epoch: 5
INFO    [11-28 00:17:16] _train_one_epoch in BasicTrainer:
loss = 5.196516742706299
INFO    [11-28 00:17:17] log in loggers:
Update Best NDCG@10 Model at 5
INFO    [11-28 00:17:18] validate in BasicTrainer:
{'Recall@10': 0.020308751612901688, 'NDCG@10': 0.009626500308513641, 'MRR@10': 0.006420141318812966, 'Recall@5': 0.011769631411880255, 'NDCG@5': 0.006882283138111234, 'MRR@5': 0.005296140909194946, 'Recall*@10': 0.020308751612901688, 'NDCG*@10': 0.009626500308513641, 'MRR*@10': 0.006420141318812966, 'Recall*@5': 0.011769631411880255, 'NDCG*@5': 0.006882283138111234, 'MRR*@5': 0.005296140909194946}
INFO    [11-28 00:17:18] train in BasicTrainer:
duration: 2.8551313877105713s
INFO    [11-28 00:17:18] train in BasicTrainer:
epoch: 6
INFO    [11-28 00:17:19] _train_one_epoch in BasicTrainer:
loss = 5.16883171081543
INFO    [11-28 00:17:21] log in loggers:
Update Best NDCG@10 Model at 6
INFO    [11-28 00:17:21] validate in BasicTrainer:
{'Recall@10': 0.02823461778461933, 'NDCG@10': 0.013324945233762264, 'MRR@10': 0.00888340175151825, 'Recall@5': 0.01603919081389904, 'NDCG@5': 0.009490955155342817, 'MRR@5': 0.007362617878243327, 'Recall*@10': 0.02823461778461933, 'NDCG*@10': 0.013324945233762264, 'MRR*@10': 0.00888340175151825, 'Recall*@5': 0.01603919081389904, 'NDCG*@5': 0.009490955155342817, 'MRR*@5': 0.007362617878243327}
INFO    [11-28 00:17:21] train in BasicTrainer:
duration: 3.015519857406616s
INFO    [11-28 00:17:21] train in BasicTrainer:
epoch: 7
INFO    [11-28 00:17:22] _train_one_epoch in BasicTrainer:
loss = 5.13539909362793
INFO    [11-28 00:17:24] log in loggers:
Update Best NDCG@10 Model at 7
INFO    [11-28 00:17:24] validate in BasicTrainer:
{'Recall@10': 0.03311743028461933, 'NDCG@10': 0.016091391444206238, 'MRR@10': 0.010983954649418592, 'Recall@5': 0.018355626612901688, 'NDCG@5': 0.011256841477006674, 'MRR@5': 0.008953459560871124, 'Recall*@10': 0.03311743028461933, 'NDCG*@10': 0.016091391444206238, 'MRR*@10': 0.010983954649418592, 'Recall*@5': 0.018355626612901688, 'NDCG*@5': 0.011256841477006674, 'MRR*@5': 0.008953459560871124}
INFO    [11-28 00:17:24] train in BasicTrainer:
duration: 3.2184321880340576s
INFO    [11-28 00:17:24] train in BasicTrainer:
epoch: 8
INFO    [11-28 00:17:25] _train_one_epoch in BasicTrainer:
loss = 5.08883207321167
INFO    [11-28 00:17:27] log in loggers:
Update Best NDCG@10 Model at 8
INFO    [11-28 00:17:27] validate in BasicTrainer:
{'Recall@10': 0.03458227403461933, 'NDCG@10': 0.016591026447713375, 'MRR@10': 0.01119578117504716, 'Recall@5': 0.019882955588400364, 'NDCG@5': 0.011851111892610788, 'MRR@5': 0.009246695786714554, 'Recall*@10': 0.03458227403461933, 'NDCG*@10': 0.016591026447713375, 'MRR*@10': 0.01119578117504716, 'Recall*@5': 0.019882955588400364, 'NDCG*@5': 0.011851111892610788, 'MRR*@5': 0.009246695786714554}
INFO    [11-28 00:17:27] train in BasicTrainer:
duration: 2.8839094638824463s
INFO    [11-28 00:17:27] train in BasicTrainer:
epoch: 9
INFO    [11-28 00:17:29] _train_one_epoch in BasicTrainer:
loss = 5.034610042572021
INFO    [11-28 00:17:30] log in loggers:
Update Best NDCG@10 Model at 9
INFO    [11-28 00:17:30] validate in BasicTrainer:
{'Recall@10': 0.03989088162779808, 'NDCG@10': 0.019848059862852097, 'MRR@10': 0.013857085723429918, 'Recall@5': 0.02287512831389904, 'NDCG@5': 0.014374641701579094, 'MRR@5': 0.011615514289587736, 'Recall*@10': 0.03989088162779808, 'NDCG*@10': 0.019848059862852097, 'MRR*@10': 0.013857085723429918, 'Recall*@5': 0.02287512831389904, 'NDCG*@5': 0.014374641701579094, 'MRR*@5': 0.011615514289587736}
INFO    [11-28 00:17:30] train in BasicTrainer:
duration: 3.020292043685913s
INFO    [11-28 00:17:30] train in BasicTrainer:
epoch: 10
INFO    [11-28 00:17:31] _train_one_epoch in BasicTrainer:
loss = 4.9827391624450685
INFO    [11-28 00:17:33] log in loggers:
Update Best NDCG@10 Model at 10
INFO    [11-28 00:17:33] validate in BasicTrainer:
{'Recall@10': 0.04726598225533962, 'NDCG@10': 0.02272095810621977, 'MRR@10': 0.015392250381410122, 'Recall@5': 0.025617359206080437, 'NDCG@5': 0.015737928450107574, 'MRR@5': 0.012518909759819508, 'Recall*@10': 0.04726598225533962, 'NDCG*@10': 0.02272095810621977, 'MRR*@10': 0.015392250381410122, 'Recall*@5': 0.025617359206080437, 'NDCG*@5': 0.015737928450107574, 'MRR*@5': 0.012518909759819508}
INFO    [11-28 00:17:33] train in BasicTrainer:
duration: 2.9993982315063477s
INFO    [11-28 00:17:33] train in BasicTrainer:
epoch: 11
INFO    [11-28 00:17:34] _train_one_epoch in BasicTrainer:
loss = 4.943121967315673
INFO    [11-28 00:17:36] log in loggers:
Update Best NDCG@10 Model at 11
INFO    [11-28 00:17:36] validate in BasicTrainer:
{'Recall@10': 0.05189885199069977, 'NDCG@10': 0.025501308031380177, 'MRR@10': 0.017708309926092625, 'Recall@5': 0.029824433848261833, 'NDCG@5': 0.01865909807384014, 'MRR@5': 0.015058196149766445, 'Recall*@10': 0.05189885199069977, 'NDCG*@10': 0.025501308031380177, 'MRR*@10': 0.017708309926092625, 'Recall*@5': 0.029824433848261833, 'NDCG*@5': 0.01865909807384014, 'MRR*@5': 0.015058196149766445}
INFO    [11-28 00:17:36] train in BasicTrainer:
duration: 2.9645495414733887s
INFO    [11-28 00:17:36] train in BasicTrainer:
epoch: 12
INFO    [11-28 00:17:37] _train_one_epoch in BasicTrainer:
loss = 4.9105236625671385
INFO    [11-28 00:17:39] log in loggers:
Update Best NDCG@10 Model at 12
INFO    [11-28 00:17:39] validate in BasicTrainer:
{'Recall@10': 0.05153554305434227, 'NDCG@10': 0.026381023228168488, 'MRR@10': 0.018734540790319443, 'Recall@5': 0.03348074108362198, 'NDCG@5': 0.0204978184774518, 'MRR@5': 0.016280014999210835, 'Recall*@10': 0.05153554305434227, 'NDCG*@10': 0.026381023228168488, 'MRR*@10': 0.018734540790319443, 'Recall*@5': 0.03348074108362198, 'NDCG*@5': 0.0204978184774518, 'MRR*@5': 0.016280014999210835}
INFO    [11-28 00:17:39] train in BasicTrainer:
duration: 3.3102426528930664s
INFO    [11-28 00:17:39] train in BasicTrainer:
epoch: 13
INFO    [11-28 00:17:41] _train_one_epoch in BasicTrainer:
loss = 4.880954570770264
INFO    [11-28 00:17:42] log in loggers:
Update Best NDCG@10 Model at 13
INFO    [11-28 00:17:42] validate in BasicTrainer:
{'Recall@10': 0.05726994574069977, 'NDCG@10': 0.030288553796708584, 'MRR@10': 0.02223959658294916, 'Recall@5': 0.03415647894144058, 'NDCG@5': 0.022950480692088604, 'MRR@5': 0.019287838600575924, 'Recall*@10': 0.05726994574069977, 'NDCG*@10': 0.030288553796708584, 'MRR*@10': 0.02223959658294916, 'Recall*@5': 0.03415647894144058, 'NDCG*@5': 0.022950480692088604, 'MRR*@5': 0.019287838600575924}
INFO    [11-28 00:17:42] train in BasicTrainer:
duration: 3.226123094558716s
INFO    [11-28 00:17:42] train in BasicTrainer:
epoch: 14
INFO    [11-28 00:17:44] _train_one_epoch in BasicTrainer:
loss = 4.854404373168945
INFO    [11-28 00:17:45] validate in BasicTrainer:
{'Recall@10': 0.05690663680434227, 'NDCG@10': 0.029068080708384514, 'MRR@10': 0.020753762684762478, 'Recall@5': 0.03232832532376051, 'NDCG@5': 0.02125596534460783, 'MRR@5': 0.01761002279818058, 'Recall*@10': 0.05690663680434227, 'NDCG*@10': 0.029068080708384514, 'MRR*@10': 0.020753762684762478, 'Recall*@5': 0.03232832532376051, 'NDCG*@5': 0.02125596534460783, 'MRR*@5': 0.01761002279818058}
INFO    [11-28 00:17:45] train in BasicTrainer:
duration: 3.12343430519104s
INFO    [11-28 00:17:45] train in BasicTrainer:
epoch: 15
INFO    [11-28 00:17:47] _train_one_epoch in BasicTrainer:
loss = 4.825176429748535
INFO    [11-28 00:17:48] validate in BasicTrainer:
{'Recall@10': 0.058672305196523666, 'NDCG@10': 0.029842954128980637, 'MRR@10': 0.021255123429000378, 'Recall@5': 0.031902529299259186, 'NDCG@5': 0.021317724138498306, 'MRR@5': 0.01781216450035572, 'Recall*@10': 0.058672305196523666, 'NDCG*@10': 0.029842954128980637, 'MRR*@10': 0.021255123429000378, 'Recall*@5': 0.031902529299259186, 'NDCG*@5': 0.021317724138498306, 'MRR*@5': 0.01781216450035572}
INFO    [11-28 00:17:48] train in BasicTrainer:
duration: 2.9312000274658203s
INFO    [11-28 00:17:48] train in BasicTrainer:
epoch: 16
INFO    [11-28 00:17:50] _train_one_epoch in BasicTrainer:
loss = 4.798801422119141
INFO    [11-28 00:17:51] log in loggers:
Update Best NDCG@10 Model at 16
INFO    [11-28 00:17:51] validate in BasicTrainer:
{'Recall@10': 0.05873478949069977, 'NDCG@10': 0.030391396954655647, 'MRR@10': 0.0219376552850008, 'Recall@5': 0.03464476019144058, 'NDCG@5': 0.022813402116298676, 'MRR@5': 0.01893366500735283, 'Recall*@10': 0.05873478949069977, 'NDCG*@10': 0.030391396954655647, 'MRR*@10': 0.0219376552850008, 'Recall*@5': 0.03464476019144058, 'NDCG*@5': 0.022813402116298676, 'MRR*@5': 0.01893366500735283}
INFO    [11-28 00:17:51] train in BasicTrainer:
duration: 3.1497857570648193s
INFO    [11-28 00:17:51] train in BasicTrainer:
epoch: 17
INFO    [11-28 00:17:53] _train_one_epoch in BasicTrainer:
loss = 4.769532241821289
INFO    [11-28 00:17:54] log in loggers:
Update Best NDCG@10 Model at 17
INFO    [11-28 00:17:54] validate in BasicTrainer:
{'Recall@10': 0.05983632430434227, 'NDCG@10': 0.03165890369564295, 'MRR@10': 0.02324097603559494, 'Recall@5': 0.034343935549259186, 'NDCG@5': 0.023401040583848953, 'MRR@5': 0.019825066439807415, 'Recall*@10': 0.05983632430434227, 'NDCG*@10': 0.03165890369564295, 'MRR*@10': 0.02324097603559494, 'Recall*@5': 0.034343935549259186, 'NDCG*@5': 0.023401040583848953, 'MRR*@5': 0.019825066439807415}
INFO    [11-28 00:17:54] train in BasicTrainer:
duration: 3.100909471511841s
INFO    [11-28 00:17:54] train in BasicTrainer:
epoch: 18
INFO    [11-28 00:17:56] _train_one_epoch in BasicTrainer:
loss = 4.738596229553223
INFO    [11-28 00:17:57] log in loggers:
Update Best NDCG@10 Model at 18
INFO    [11-28 00:17:57] validate in BasicTrainer:
{'Recall@10': 0.06886372528970242, 'NDCG@10': 0.03483354765921831, 'MRR@10': 0.024670187383890152, 'Recall@5': 0.03818770032376051, 'NDCG@5': 0.02509020734578371, 'MRR@5': 0.02074987068772316, 'Recall*@10': 0.06886372528970242, 'NDCG*@10': 0.03483354765921831, 'MRR*@10': 0.024670187383890152, 'Recall*@5': 0.03818770032376051, 'NDCG*@5': 0.02509020734578371, 'MRR*@5': 0.02074987068772316}
INFO    [11-28 00:17:57] train in BasicTrainer:
duration: 2.8540074825286865s
INFO    [11-28 00:17:57] train in BasicTrainer:
epoch: 19
INFO    [11-28 00:17:59] _train_one_epoch in BasicTrainer:
loss = 4.710701808929444
INFO    [11-28 00:18:00] validate in BasicTrainer:
{'Recall@10': 0.06423085555434227, 'NDCG@10': 0.033199465833604336, 'MRR@10': 0.023952800780534744, 'Recall@5': 0.03470724634826183, 'NDCG@5': 0.023748342879116535, 'MRR@5': 0.020109898410737514, 'Recall*@10': 0.06423085555434227, 'NDCG*@10': 0.033199465833604336, 'MRR*@10': 0.023952800780534744, 'Recall*@5': 0.03470724634826183, 'NDCG*@5': 0.023748342879116535, 'MRR*@5': 0.020109898410737514}
INFO    [11-28 00:18:00] train in BasicTrainer:
duration: 3.067754030227661s
INFO    [11-28 00:18:00] train in BasicTrainer:
epoch: 20
INFO    [11-28 00:18:02] _train_one_epoch in BasicTrainer:
loss = 4.681402263641357
INFO    [11-28 00:18:04] log in loggers:
Update Best NDCG@10 Model at 20
INFO    [11-28 00:18:04] validate in BasicTrainer:
{'Recall@10': 0.07587551325559616, 'NDCG@10': 0.037845320999622345, 'MRR@10': 0.026505909860134125, 'Recall@5': 0.04239477403461933, 'NDCG@5': 0.027117648161947727, 'MRR@5': 0.02213302254676819, 'Recall*@10': 0.07587551325559616, 'NDCG*@10': 0.037845320999622345, 'MRR*@10': 0.026505909860134125, 'Recall*@5': 0.04239477403461933, 'NDCG*@5': 0.027117648161947727, 'MRR*@5': 0.02213302254676819}
INFO    [11-28 00:18:04] train in BasicTrainer:
duration: 3.4821979999542236s
INFO    [11-28 00:18:04] train in BasicTrainer:
epoch: 21
INFO    [11-28 00:18:06] _train_one_epoch in BasicTrainer:
loss = 4.653684215545654
INFO    [11-28 00:18:07] validate in BasicTrainer:
{'Recall@10': 0.06575818359851837, 'NDCG@10': 0.033727909438312054, 'MRR@10': 0.02413661777973175, 'Recall@5': 0.039226748049259186, 'NDCG@5': 0.025181353092193604, 'MRR@5': 0.02063027024269104, 'Recall*@10': 0.06575818359851837, 'NDCG*@10': 0.033727909438312054, 'MRR*@10': 0.02413661777973175, 'Recall*@5': 0.039226748049259186, 'NDCG*@5': 0.025181353092193604, 'MRR*@5': 0.02063027024269104}
INFO    [11-28 00:18:07] train in BasicTrainer:
duration: 2.9613776206970215s
INFO    [11-28 00:18:07] train in BasicTrainer:
epoch: 22
INFO    [11-28 00:18:09] _train_one_epoch in BasicTrainer:
loss = 4.6310336303710935
INFO    [11-28 00:18:10] validate in BasicTrainer:
{'Recall@10': 0.07179341278970242, 'NDCG@10': 0.03720120247453451, 'MRR@10': 0.026756114326417446, 'Recall@5': 0.04349630884826183, 'NDCG@5': 0.028041662648320198, 'MRR@5': 0.022974480874836445, 'Recall*@10': 0.07179341278970242, 'NDCG*@10': 0.03720120247453451, 'MRR*@10': 0.026756114326417446, 'Recall*@5': 0.04349630884826183, 'NDCG*@5': 0.028041662648320198, 'MRR*@5': 0.022974480874836445}
INFO    [11-28 00:18:10] train in BasicTrainer:
duration: 3.2101492881774902s
INFO    [11-28 00:18:10] train in BasicTrainer:
epoch: 23
INFO    [11-28 00:18:12] _train_one_epoch in BasicTrainer:
loss = 4.604008331298828
INFO    [11-28 00:18:13] validate in BasicTrainer:
{'Recall@10': 0.07417233288288116, 'NDCG@10': 0.03533864766359329, 'MRR@10': 0.02383902668952942, 'Recall@5': 0.03855101019144058, 'NDCG@5': 0.02390597853809595, 'MRR@5': 0.019168402068316936, 'Recall*@10': 0.07417233288288116, 'NDCG*@10': 0.03533864766359329, 'MRR*@10': 0.02383902668952942, 'Recall*@5': 0.03855101019144058, 'NDCG*@5': 0.02390597853809595, 'MRR*@5': 0.019168402068316936}
INFO    [11-28 00:18:13] train in BasicTrainer:
duration: 3.3250088691711426s
INFO    [11-28 00:18:13] train in BasicTrainer:
epoch: 24
INFO    [11-28 00:18:15] _train_one_epoch in BasicTrainer:
loss = 4.583008861541748
INFO    [11-28 00:18:17] validate in BasicTrainer:
{'Recall@10': 0.07655125297605991, 'NDCG@10': 0.03724322188645601, 'MRR@10': 0.025604180991649628, 'Recall@5': 0.03916426282376051, 'NDCG@5': 0.02535541821271181, 'MRR@5': 0.020815599709749222, 'Recall*@10': 0.07655125297605991, 'NDCG*@10': 0.03724322188645601, 'MRR*@10': 0.025604180991649628, 'Recall*@5': 0.03916426282376051, 'NDCG*@5': 0.02535541821271181, 'MRR*@5': 0.020815599709749222}
INFO    [11-28 00:18:17] train in BasicTrainer:
duration: 3.152789831161499s
INFO    [11-28 00:18:17] train in BasicTrainer:
epoch: 25
INFO    [11-28 00:18:18] _train_one_epoch in BasicTrainer:
loss = 4.560976333618164
INFO    [11-28 00:18:19] validate in BasicTrainer:
{'Recall@10': 0.07710202038288116, 'NDCG@10': 0.037805876694619656, 'MRR@10': 0.026070930995047092, 'Recall@5': 0.04245726019144058, 'NDCG@5': 0.026682925410568714, 'MRR@5': 0.021525110583752394, 'Recall*@10': 0.07710202038288116, 'NDCG*@10': 0.037805876694619656, 'MRR*@10': 0.026070930995047092, 'Recall*@5': 0.04245726019144058, 'NDCG*@5': 0.026682925410568714, 'MRR*@5': 0.021525110583752394}
INFO    [11-28 00:18:19] train in BasicTrainer:
duration: 2.903029441833496s
INFO    [11-28 00:18:19] train in BasicTrainer:
epoch: 26
INFO    [11-28 00:18:21] _train_one_epoch in BasicTrainer:
loss = 4.535072441101074
INFO    [11-28 00:18:23] log in loggers:
Update Best NDCG@10 Model at 26
INFO    [11-28 00:18:23] validate in BasicTrainer:
{'Recall@10': 0.08137157931923866, 'NDCG@10': 0.0393291674554348, 'MRR@10': 0.026803990826010704, 'Recall@5': 0.04441038519144058, 'NDCG@5': 0.02753137331455946, 'MRR@5': 0.02202199026942253, 'Recall*@10': 0.08137157931923866, 'NDCG*@10': 0.0393291674554348, 'MRR*@10': 0.026803990826010704, 'Recall*@5': 0.04441038519144058, 'NDCG*@5': 0.02753137331455946, 'MRR*@5': 0.02202199026942253}
INFO    [11-28 00:18:23] train in BasicTrainer:
duration: 3.1810202598571777s
INFO    [11-28 00:18:23] train in BasicTrainer:
epoch: 27
INFO    [11-28 00:18:24] _train_one_epoch in BasicTrainer:
loss = 4.514826412200928
INFO    [11-28 00:18:26] validate in BasicTrainer:
{'Recall@10': 0.07984425127506256, 'NDCG@10': 0.03916211612522602, 'MRR@10': 0.027209813706576824, 'Recall@5': 0.03812521509826183, 'NDCG@5': 0.025934618897736073, 'MRR@5': 0.021898298989981413, 'Recall*@10': 0.07984425127506256, 'NDCG*@10': 0.03916211612522602, 'MRR*@10': 0.027209813706576824, 'Recall*@5': 0.03812521509826183, 'NDCG*@5': 0.025934618897736073, 'MRR*@5': 0.021898298989981413}
INFO    [11-28 00:18:26] train in BasicTrainer:
duration: 3.1386024951934814s
INFO    [11-28 00:18:26] train in BasicTrainer:
epoch: 28
INFO    [11-28 00:18:27] _train_one_epoch in BasicTrainer:
loss = 4.49375883102417
INFO    [11-28 00:18:29] log in loggers:
Update Best NDCG@10 Model at 28
INFO    [11-28 00:18:29] validate in BasicTrainer:
{'Recall@10': 0.08740680664777756, 'NDCG@10': 0.04093023203313351, 'MRR@10': 0.027023869566619396, 'Recall@5': 0.04617605358362198, 'NDCG@5': 0.027648137882351875, 'MRR@5': 0.021571350283920765, 'Recall*@10': 0.08740680664777756, 'NDCG*@10': 0.04093023203313351, 'MRR*@10': 0.027023869566619396, 'Recall*@5': 0.04617605358362198, 'NDCG*@5': 0.027648137882351875, 'MRR*@5': 0.021571350283920765}
INFO    [11-28 00:18:29] train in BasicTrainer:
duration: 2.877502679824829s
INFO    [11-28 00:18:29] train in BasicTrainer:
epoch: 29
INFO    [11-28 00:18:31] _train_one_epoch in BasicTrainer:
loss = 4.475120258331299
INFO    [11-28 00:18:32] validate in BasicTrainer:
{'Recall@10': 0.08137157931923866, 'NDCG@10': 0.04062503483146429, 'MRR@10': 0.028373248875141144, 'Recall@5': 0.04776586778461933, 'NDCG@5': 0.02996572945266962, 'MRR@5': 0.024094522930681705, 'Recall*@10': 0.08137157931923866, 'NDCG*@10': 0.04062503483146429, 'MRR*@10': 0.028373248875141144, 'Recall*@5': 0.04776586778461933, 'NDCG*@5': 0.02996572945266962, 'MRR*@5': 0.024094522930681705}
INFO    [11-28 00:18:32] train in BasicTrainer:
duration: 3.252370595932007s
INFO    [11-28 00:18:32] train in BasicTrainer:
epoch: 30
INFO    [11-28 00:18:34] _train_one_epoch in BasicTrainer:
loss = 4.451655540466309
INFO    [11-28 00:18:35] validate in BasicTrainer:
{'Recall@10': 0.07795361056923866, 'NDCG@10': 0.04034695588052273, 'MRR@10': 0.029033932834863663, 'Recall@5': 0.04575025662779808, 'NDCG@5': 0.029867385514080524, 'MRR@5': 0.02467077597975731, 'Recall*@10': 0.07795361056923866, 'NDCG*@10': 0.04034695588052273, 'MRR*@10': 0.029033932834863663, 'Recall*@5': 0.04575025662779808, 'NDCG*@5': 0.029867385514080524, 'MRR*@5': 0.02467077597975731}
INFO    [11-28 00:18:35] train in BasicTrainer:
duration: 3.1545116901397705s
INFO    [11-28 00:18:35] train in BasicTrainer:
epoch: 31
INFO    [11-28 00:18:37] _train_one_epoch in BasicTrainer:
loss = 4.43147008895874
INFO    [11-28 00:18:38] log in loggers:
Update Best NDCG@10 Model at 31
INFO    [11-28 00:18:38] validate in BasicTrainer:
{'Recall@10': 0.09448108449578285, 'NDCG@10': 0.04517899826169014, 'MRR@10': 0.030480923131108284, 'Recall@5': 0.05221128091216087, 'NDCG@5': 0.03180195111781359, 'MRR@5': 0.025126310996711254, 'Recall*@10': 0.09448108449578285, 'NDCG*@10': 0.04517899826169014, 'MRR*@10': 0.030480923131108284, 'Recall*@5': 0.05221128091216087, 'NDCG*@5': 0.03180195111781359, 'MRR*@5': 0.025126310996711254}
INFO    [11-28 00:18:38] train in BasicTrainer:
duration: 3.0317015647888184s
INFO    [11-28 00:18:38] train in BasicTrainer:
epoch: 32
INFO    [11-28 00:18:40] _train_one_epoch in BasicTrainer:
loss = 4.414163589477539
INFO    [11-28 00:18:41] log in loggers:
Update Best NDCG@10 Model at 32
INFO    [11-28 00:18:41] validate in BasicTrainer:
{'Recall@10': 0.09582095593214035, 'NDCG@10': 0.04552688077092171, 'MRR@10': 0.030534233897924423, 'Recall@5': 0.04959402233362198, 'NDCG@5': 0.030765716917812824, 'MRR@5': 0.02454739809036255, 'Recall*@10': 0.09582095593214035, 'NDCG*@10': 0.04552688077092171, 'MRR*@10': 0.030534233897924423, 'Recall*@5': 0.04959402233362198, 'NDCG*@5': 0.030765716917812824, 'MRR*@5': 0.02454739809036255}
INFO    [11-28 00:18:41] train in BasicTrainer:
duration: 2.914006233215332s
INFO    [11-28 00:18:41] train in BasicTrainer:
epoch: 33
INFO    [11-28 00:18:43] _train_one_epoch in BasicTrainer:
loss = 4.395476589202881
INFO    [11-28 00:18:44] log in loggers:
Update Best NDCG@10 Model at 33
INFO    [11-28 00:18:44] validate in BasicTrainer:
{'Recall@10': 0.09862567111849785, 'NDCG@10': 0.04765045642852783, 'MRR@10': 0.03233105316758156, 'Recall@5': 0.05660581216216087, 'NDCG@5': 0.034133720211684704, 'MRR@5': 0.026793711818754673, 'Recall*@10': 0.09862567111849785, 'NDCG*@10': 0.04765045642852783, 'MRR*@10': 0.03233105316758156, 'Recall*@5': 0.05660581216216087, 'NDCG*@5': 0.034133720211684704, 'MRR*@5': 0.026793711818754673}
INFO    [11-28 00:18:44] train in BasicTrainer:
duration: 2.924290180206299s
INFO    [11-28 00:18:44] train in BasicTrainer:
epoch: 34
INFO    [11-28 00:18:46] _train_one_epoch in BasicTrainer:
loss = 4.37417459487915
INFO    [11-28 00:18:47] log in loggers:
Update Best NDCG@10 Model at 34
INFO    [11-28 00:18:47] validate in BasicTrainer:
{'Recall@10': 0.09826236218214035, 'NDCG@10': 0.04853692278265953, 'MRR@10': 0.03375293780118227, 'Recall@5': 0.056180017068982124, 'NDCG@5': 0.035235147923231125, 'MRR@5': 0.02844105940312147, 'Recall*@10': 0.09826236218214035, 'NDCG*@10': 0.04853692278265953, 'MRR*@10': 0.03375293780118227, 'Recall*@5': 0.056180017068982124, 'NDCG*@5': 0.035235147923231125, 'MRR*@5': 0.02844105940312147}
INFO    [11-28 00:18:47] train in BasicTrainer:
duration: 3.1591649055480957s
INFO    [11-28 00:18:47] train in BasicTrainer:
epoch: 35
INFO    [11-28 00:18:49] _train_one_epoch in BasicTrainer:
loss = 4.355548858642578
INFO    [11-28 00:18:50] log in loggers:
Update Best NDCG@10 Model at 35
INFO    [11-28 00:18:50] validate in BasicTrainer:
{'Recall@10': 0.10527415201067924, 'NDCG@10': 0.05231059901416302, 'MRR@10': 0.03652199264615774, 'Recall@5': 0.05776983126997948, 'NDCG@5': 0.037080034613609314, 'MRR@5': 0.030308682471513748, 'Recall*@10': 0.10527415201067924, 'NDCG*@10': 0.05231059901416302, 'MRR*@10': 0.03652199264615774, 'Recall*@5': 0.05776983126997948, 'NDCG*@5': 0.037080034613609314, 'MRR*@5': 0.030308682471513748}
INFO    [11-28 00:18:50] train in BasicTrainer:
duration: 3.0546510219573975s
INFO    [11-28 00:18:50] train in BasicTrainer:
epoch: 36
INFO    [11-28 00:18:52] _train_one_epoch in BasicTrainer:
loss = 4.3371356582641605
INFO    [11-28 00:18:53] validate in BasicTrainer:
{'Recall@10': 0.10027797520160675, 'NDCG@10': 0.05129051394760609, 'MRR@10': 0.03652154095470905, 'Recall@5': 0.06246518716216087, 'NDCG@5': 0.03907921351492405, 'MRR@5': 0.031492311507463455, 'Recall*@10': 0.10027797520160675, 'NDCG*@10': 0.05129051394760609, 'MRR*@10': 0.03652154095470905, 'Recall*@5': 0.06246518716216087, 'NDCG*@5': 0.03907921351492405, 'MRR*@5': 0.031492311507463455}
INFO    [11-28 00:18:53] train in BasicTrainer:
duration: 2.786904811859131s
INFO    [11-28 00:18:53] train in BasicTrainer:
epoch: 37
INFO    [11-28 00:18:55] _train_one_epoch in BasicTrainer:
loss = 4.318587665557861
INFO    [11-28 00:18:56] log in loggers:
Update Best NDCG@10 Model at 37
INFO    [11-28 00:18:56] validate in BasicTrainer:
{'Recall@10': 0.10350848361849785, 'NDCG@10': 0.05431600101292133, 'MRR@10': 0.039544484578073025, 'Recall@5': 0.06325429305434227, 'NDCG@5': 0.04138932190835476, 'MRR@5': 0.034260163083672523, 'Recall*@10': 0.10350848361849785, 'NDCG*@10': 0.05431600101292133, 'MRR*@10': 0.039544484578073025, 'Recall*@5': 0.06325429305434227, 'NDCG*@5': 0.04138932190835476, 'MRR*@5': 0.034260163083672523}
INFO    [11-28 00:18:56] train in BasicTrainer:
duration: 2.93428111076355s
INFO    [11-28 00:18:56] train in BasicTrainer:
epoch: 38
INFO    [11-28 00:18:58] _train_one_epoch in BasicTrainer:
loss = 4.297083778381348
INFO    [11-28 00:18:59] validate in BasicTrainer:
{'Recall@10': 0.10509829968214035, 'NDCG@10': 0.05377720296382904, 'MRR@10': 0.03820756729692221, 'Recall@5': 0.06709805689752102, 'NDCG@5': 0.041787317022681236, 'MRR@5': 0.033434947952628136, 'Recall*@10': 0.10509829968214035, 'NDCG*@10': 0.05377720296382904, 'MRR*@10': 0.03820756729692221, 'Recall*@5': 0.06709805689752102, 'NDCG*@5': 0.041787317022681236, 'MRR*@5': 0.033434947952628136}
INFO    [11-28 00:18:59] train in BasicTrainer:
duration: 2.8175435066223145s
INFO    [11-28 00:18:59] train in BasicTrainer:
epoch: 39
DEBUG   [11-28 00:19:00] calculate_loss in loss:
soft_target max: 0.5032005906105042, argmax 726403
DEBUG   [11-28 00:19:00] calculate_loss in loss:
pred max in softmax: 0.0935962125658989, argmax 201971
INFO    [11-28 00:19:00] _train_one_epoch in BasicTrainer:
loss = 4.281114349365234
INFO    [11-28 00:19:02] validate in BasicTrainer:
{'Recall@10': 0.10089122503995895, 'NDCG@10': 0.05238145589828491, 'MRR@10': 0.03766248095780611, 'Recall@5': 0.06471913680434227, 'NDCG@5': 0.04071919247508049, 'MRR@5': 0.03287519607692957, 'Recall*@10': 0.10089122503995895, 'NDCG*@10': 0.05238145589828491, 'MRR*@10': 0.03766248095780611, 'Recall*@5': 0.06471913680434227, 'NDCG*@5': 0.04071919247508049, 'MRR*@5': 0.03287519607692957}
INFO    [11-28 00:19:02] train in BasicTrainer:
duration: 2.9752132892608643s
INFO    [11-28 00:19:02] train in BasicTrainer:
epoch: 40
DEBUG   [11-28 00:19:02] calculate_loss in loss:
soft_target max: 0.5032005906105042, argmax 749245
DEBUG   [11-28 00:19:02] calculate_loss in loss:
pred max in softmax: 0.06416179239749908, argmax 381149
INFO    [11-28 00:19:03] _train_one_epoch in BasicTrainer:
loss = 4.26310432434082
INFO    [11-28 00:19:05] log in loggers:
Update Best NDCG@10 Model at 40
INFO    [11-28 00:19:05] validate in BasicTrainer:
{'Recall@10': 0.11113352701067924, 'NDCG@10': 0.05699969828128815, 'MRR@10': 0.04069475457072258, 'Recall@5': 0.06794964894652367, 'NDCG@5': 0.0431708600372076, 'MRR@5': 0.0350691732019186, 'Recall*@10': 0.11113352701067924, 'NDCG*@10': 0.05699969828128815, 'MRR*@10': 0.04069475457072258, 'Recall*@5': 0.06794964894652367, 'NDCG*@5': 0.0431708600372076, 'MRR*@5': 0.0350691732019186}
INFO    [11-28 00:19:05] train in BasicTrainer:
duration: 3.065748453140259s
INFO    [11-28 00:19:05] train in BasicTrainer:
epoch: 41
INFO    [11-28 00:19:07] _train_one_epoch in BasicTrainer:
loss = 4.246062488555908
INFO    [11-28 00:19:08] log in loggers:
Update Best NDCG@10 Model at 41
INFO    [11-28 00:19:08] validate in BasicTrainer:
{'Recall@10': 0.11302416771650314, 'NDCG@10': 0.0573092233389616, 'MRR@10': 0.040469637140631676, 'Recall@5': 0.06557072699069977, 'NDCG@5': 0.04188476875424385, 'MRR@5': 0.03405906353145838, 'Recall*@10': 0.11302416771650314, 'NDCG*@10': 0.0573092233389616, 'MRR*@10': 0.040469637140631676, 'Recall*@5': 0.06557072699069977, 'NDCG*@5': 0.04188476875424385, 'MRR*@5': 0.03405906353145838}
INFO    [11-28 00:19:08] train in BasicTrainer:
duration: 3.3880152702331543s
INFO    [11-28 00:19:08] train in BasicTrainer:
epoch: 42
INFO    [11-28 00:19:10] _train_one_epoch in BasicTrainer:
loss = 4.227017402648926
INFO    [11-28 00:19:11] log in loggers:
Update Best NDCG@10 Model at 42
INFO    [11-28 00:19:11] validate in BasicTrainer:
{'Recall@10': 0.11741869896650314, 'NDCG@10': 0.05842032842338085, 'MRR@10': 0.04044035915285349, 'Recall@5': 0.07166844047605991, 'NDCG@5': 0.043623095378279686, 'MRR@5': 0.034333016723394394, 'Recall*@10': 0.11741869896650314, 'NDCG*@10': 0.05842032842338085, 'MRR*@10': 0.04044035915285349, 'Recall*@5': 0.07166844047605991, 'NDCG*@5': 0.043623095378279686, 'MRR*@5': 0.034333016723394394}
INFO    [11-28 00:19:11] train in BasicTrainer:
duration: 3.125980854034424s
INFO    [11-28 00:19:11] train in BasicTrainer:
epoch: 43
INFO    [11-28 00:19:13] _train_one_epoch in BasicTrainer:
loss = 4.210340843200684
INFO    [11-28 00:19:14] log in loggers:
Update Best NDCG@10 Model at 43
INFO    [11-28 00:19:14] validate in BasicTrainer:
{'Recall@10': 0.11400073021650314, 'NDCG@10': 0.05948667973279953, 'MRR@10': 0.043084997683763504, 'Recall@5': 0.07032856903970242, 'NDCG@5': 0.045477140694856644, 'MRR@5': 0.03736702632158995, 'Recall*@10': 0.11400073021650314, 'NDCG*@10': 0.05948667973279953, 'MRR*@10': 0.043084997683763504, 'Recall*@5': 0.07032856903970242, 'NDCG*@5': 0.045477140694856644, 'MRR*@5': 0.03736702632158995}
INFO    [11-28 00:19:14] train in BasicTrainer:
duration: 2.9245338439941406s
INFO    [11-28 00:19:14] train in BasicTrainer:
epoch: 44
INFO    [11-28 00:19:16] _train_one_epoch in BasicTrainer:
loss = 4.195652256011963
INFO    [11-28 00:19:17] validate in BasicTrainer:
{'Recall@10': 0.11442652344703674, 'NDCG@10': 0.056779755279421806, 'MRR@10': 0.039583418518304825, 'Recall@5': 0.06873875297605991, 'NDCG@5': 0.04227560758590698, 'MRR@5': 0.03375783562660217, 'Recall*@10': 0.11442652344703674, 'NDCG*@10': 0.056779755279421806, 'MRR*@10': 0.039583418518304825, 'Recall*@5': 0.06873875297605991, 'NDCG*@5': 0.04227560758590698, 'MRR*@5': 0.03375783562660217}
INFO    [11-28 00:19:17] train in BasicTrainer:
duration: 3.2019808292388916s
INFO    [11-28 00:19:17] train in BasicTrainer:
epoch: 45
INFO    [11-28 00:19:19] _train_one_epoch in BasicTrainer:
loss = 4.179947509765625
INFO    [11-28 00:19:20] validate in BasicTrainer:
{'Recall@10': 0.11376238986849785, 'NDCG@10': 0.05679701082408428, 'MRR@10': 0.03971733991056681, 'Recall@5': 0.06361760199069977, 'NDCG@5': 0.04069056734442711, 'MRR@5': 0.033134644851088524, 'Recall*@10': 0.11376238986849785, 'NDCG*@10': 0.05679701082408428, 'MRR*@10': 0.03971733991056681, 'Recall*@5': 0.06361760199069977, 'NDCG*@5': 0.04069056734442711, 'MRR*@5': 0.033134644851088524}
INFO    [11-28 00:19:20] train in BasicTrainer:
duration: 3.078035354614258s
INFO    [11-28 00:19:20] train in BasicTrainer:
epoch: 46
INFO    [11-28 00:19:22] _train_one_epoch in BasicTrainer:
loss = 4.161270618438721
INFO    [11-28 00:19:24] log in loggers:
Update Best NDCG@10 Model at 46
INFO    [11-28 00:19:24] validate in BasicTrainer:
{'Recall@10': 0.12345392629504204, 'NDCG@10': 0.0630329567939043, 'MRR@10': 0.044980818405747414, 'Recall@5': 0.07538723200559616, 'NDCG@5': 0.04787651263177395, 'MRR@5': 0.03895030729472637, 'Recall*@10': 0.12345392629504204, 'NDCG*@10': 0.0630329567939043, 'MRR*@10': 0.044980818405747414, 'Recall*@5': 0.07538723200559616, 'NDCG*@5': 0.04787651263177395, 'MRR*@5': 0.03895030729472637}
INFO    [11-28 00:19:24] train in BasicTrainer:
duration: 3.2174623012542725s
INFO    [11-28 00:19:24] train in BasicTrainer:
epoch: 47
INFO    [11-28 00:19:25] _train_one_epoch in BasicTrainer:
loss = 4.149478435516357
INFO    [11-28 00:19:27] validate in BasicTrainer:
{'Recall@10': 0.11686792969703674, 'NDCG@10': 0.05920980125665665, 'MRR@10': 0.04180497117340565, 'Recall@5': 0.07209423556923866, 'NDCG@5': 0.044772859662771225, 'MRR@5': 0.03586754575371742, 'Recall*@10': 0.11686792969703674, 'NDCG*@10': 0.05920980125665665, 'MRR*@10': 0.04180497117340565, 'Recall*@5': 0.07209423556923866, 'NDCG*@5': 0.044772859662771225, 'MRR*@5': 0.03586754575371742}
INFO    [11-28 00:19:27] train in BasicTrainer:
duration: 3.0046329498291016s
INFO    [11-28 00:19:27] train in BasicTrainer:
epoch: 48
INFO    [11-28 00:19:29] _train_one_epoch in BasicTrainer:
loss = 4.132570858001709
INFO    [11-28 00:19:30] validate in BasicTrainer:
{'Recall@10': 0.11765703558921814, 'NDCG@10': 0.05843155458569527, 'MRR@10': 0.04065093770623207, 'Recall@5': 0.06916454806923866, 'NDCG@5': 0.04273776337504387, 'MRR@5': 0.034170523285865784, 'Recall*@10': 0.11765703558921814, 'NDCG*@10': 0.05843155458569527, 'MRR*@10': 0.04065093770623207, 'Recall*@5': 0.06916454806923866, 'NDCG*@5': 0.04273776337504387, 'MRR*@5': 0.034170523285865784}
INFO    [11-28 00:19:30] train in BasicTrainer:
duration: 3.046696424484253s
INFO    [11-28 00:19:30] train in BasicTrainer:
epoch: 49
INFO    [11-28 00:19:32] _train_one_epoch in BasicTrainer:
loss = 4.119952697753906
INFO    [11-28 00:19:33] validate in BasicTrainer:
{'Recall@10': 0.11924685165286064, 'NDCG@10': 0.05863730050623417, 'MRR@10': 0.040423380210995674, 'Recall@5': 0.06794964894652367, 'NDCG@5': 0.042025553062558174, 'MRR@5': 0.0335560068488121, 'Recall*@10': 0.11924685165286064, 'NDCG*@10': 0.05863730050623417, 'MRR*@10': 0.040423380210995674, 'Recall*@5': 0.06794964894652367, 'NDCG*@5': 0.042025553062558174, 'MRR*@5': 0.0335560068488121}
INFO    [11-28 00:19:33] train in BasicTrainer:
duration: 3.0098910331726074s
INFO    [11-28 00:19:33] train in BasicTrainer:
epoch: 50
INFO    [11-28 00:19:34] _train_one_epoch in BasicTrainer:
loss = 4.103642520904541
INFO    [11-28 00:19:36] validate in BasicTrainer:
{'Recall@10': 0.12375475093722343, 'NDCG@10': 0.061534471809864044, 'MRR@10': 0.043020376935601234, 'Recall@5': 0.07020359672605991, 'NDCG@5': 0.044500790536403656, 'MRR@5': 0.0361492857336998, 'Recall*@10': 0.12375475093722343, 'NDCG*@10': 0.061534471809864044, 'MRR*@10': 0.043020376935601234, 'Recall*@5': 0.07020359672605991, 'NDCG*@5': 0.044500790536403656, 'MRR*@5': 0.0361492857336998}
INFO    [11-28 00:19:36] train in BasicTrainer:
duration: 2.964975357055664s
INFO    [11-28 00:19:36] train in BasicTrainer:
epoch: 51
INFO    [11-28 00:19:38] _train_one_epoch in BasicTrainer:
loss = 4.0899931335449216
INFO    [11-28 00:19:39] log in loggers:
Update Best NDCG@10 Model at 51
INFO    [11-28 00:19:39] validate in BasicTrainer:
{'Recall@10': 0.13193055987358093, 'NDCG@10': 0.06481756642460823, 'MRR@10': 0.04476361721754074, 'Recall@5': 0.07600048556923866, 'NDCG@5': 0.04690156318247318, 'MRR@5': 0.03746834024786949, 'Recall*@10': 0.13193055987358093, 'NDCG*@10': 0.06481756642460823, 'MRR*@10': 0.04476361721754074, 'Recall*@5': 0.07600048556923866, 'NDCG*@5': 0.04690156318247318, 'MRR*@5': 0.03746834024786949}
INFO    [11-28 00:19:39] train in BasicTrainer:
duration: 3.3959157466888428s
INFO    [11-28 00:19:39] train in BasicTrainer:
epoch: 52
INFO    [11-28 00:19:41] _train_one_epoch in BasicTrainer:
loss = 4.080418739318848
INFO    [11-28 00:19:42] validate in BasicTrainer:
{'Recall@10': 0.12662195414304733, 'NDCG@10': 0.06370286084711552, 'MRR@10': 0.044791195541620255, 'Recall@5': 0.07587551325559616, 'NDCG@5': 0.04739086702466011, 'MRR@5': 0.03811243548989296, 'Recall*@10': 0.12662195414304733, 'NDCG*@10': 0.06370286084711552, 'MRR*@10': 0.044791195541620255, 'Recall*@5': 0.07587551325559616, 'NDCG*@5': 0.04739086702466011, 'MRR*@5': 0.03811243548989296}
INFO    [11-28 00:19:42] train in BasicTrainer:
duration: 3.051173448562622s
INFO    [11-28 00:19:42] train in BasicTrainer:
epoch: 53
INFO    [11-28 00:19:44] _train_one_epoch in BasicTrainer:
loss = 4.067549667358398
INFO    [11-28 00:19:45] validate in BasicTrainer:
{'Recall@10': 0.13003992289304733, 'NDCG@10': 0.06395639665424824, 'MRR@10': 0.044237155467271805, 'Recall@5': 0.07215672172605991, 'NDCG@5': 0.04531099274754524, 'MRR@5': 0.03657986968755722, 'Recall*@10': 0.13003992289304733, 'NDCG*@10': 0.06395639665424824, 'MRR*@10': 0.044237155467271805, 'Recall*@5': 0.07215672172605991, 'NDCG*@5': 0.04531099274754524, 'MRR*@5': 0.03657986968755722}
INFO    [11-28 00:19:45] train in BasicTrainer:
duration: 3.13971209526062s
INFO    [11-28 00:19:45] train in BasicTrainer:
epoch: 54
INFO    [11-28 00:19:47] _train_one_epoch in BasicTrainer:
loss = 4.054713716506958
INFO    [11-28 00:19:48] log in loggers:
Update Best NDCG@10 Model at 54
INFO    [11-28 00:19:49] validate in BasicTrainer:
{'Recall@10': 0.12997743487358093, 'NDCG@10': 0.06505076587200165, 'MRR@10': 0.04562011919915676, 'Recall@5': 0.07678959146142006, 'NDCG@5': 0.048140907660126686, 'MRR@5': 0.03881381079554558, 'Recall*@10': 0.12997743487358093, 'NDCG*@10': 0.06505076587200165, 'MRR*@10': 0.04562011919915676, 'Recall*@5': 0.07678959146142006, 'NDCG*@5': 0.048140907660126686, 'MRR*@5': 0.03881381079554558}
INFO    [11-28 00:19:49] train in BasicTrainer:
duration: 3.265131711959839s
INFO    [11-28 00:19:49] train in BasicTrainer:
epoch: 55
INFO    [11-28 00:19:50] _train_one_epoch in BasicTrainer:
loss = 4.0431626033782955
INFO    [11-28 00:19:52] log in loggers:
Update Best NDCG@10 Model at 55
INFO    [11-28 00:19:52] validate in BasicTrainer:
{'Recall@10': 0.13082902505993843, 'NDCG@10': 0.06508714891970158, 'MRR@10': 0.04544603079557419, 'Recall@5': 0.07489895075559616, 'NDCG@5': 0.047168394550681114, 'MRR@5': 0.03815031424164772, 'Recall*@10': 0.13082902505993843, 'NDCG*@10': 0.06508714891970158, 'MRR*@10': 0.04544603079557419, 'Recall*@5': 0.07489895075559616, 'NDCG*@5': 0.047168394550681114, 'MRR*@5': 0.03815031424164772}
INFO    [11-28 00:19:52] train in BasicTrainer:
duration: 3.183259963989258s
INFO    [11-28 00:19:52] train in BasicTrainer:
epoch: 56
INFO    [11-28 00:19:54] _train_one_epoch in BasicTrainer:
loss = 4.029513368606567
INFO    [11-28 00:19:55] log in loggers:
Update Best NDCG@10 Model at 56
INFO    [11-28 00:19:55] validate in BasicTrainer:
{'Recall@10': 0.13193055987358093, 'NDCG@10': 0.06723118387162685, 'MRR@10': 0.04787783324718475, 'Recall@5': 0.08373889699578285, 'NDCG@5': 0.05203480087220669, 'MRR@5': 0.041833581402897835, 'Recall*@10': 0.13193055987358093, 'NDCG*@10': 0.06723118387162685, 'MRR*@10': 0.04787783324718475, 'Recall*@5': 0.08373889699578285, 'NDCG*@5': 0.05203480087220669, 'MRR*@5': 0.041833581402897835}
INFO    [11-28 00:19:55] train in BasicTrainer:
duration: 3.2064621448516846s
INFO    [11-28 00:19:55] train in BasicTrainer:
epoch: 57
INFO    [11-28 00:19:57] _train_one_epoch in BasicTrainer:
loss = 4.018255186080933
INFO    [11-28 00:19:58] validate in BasicTrainer:
{'Recall@10': 0.13271966576576233, 'NDCG@10': 0.06606210023164749, 'MRR@10': 0.046294353902339935, 'Recall@5': 0.07001613825559616, 'NDCG@5': 0.045963482931256294, 'MRR@5': 0.038096191361546516, 'Recall*@10': 0.13271966576576233, 'NDCG*@10': 0.06606210023164749, 'MRR*@10': 0.046294353902339935, 'Recall*@5': 0.07001613825559616, 'NDCG*@5': 0.045963482931256294, 'MRR*@5': 0.038096191361546516}
INFO    [11-28 00:19:58] train in BasicTrainer:
duration: 3.078857660293579s
INFO    [11-28 00:19:58] train in BasicTrainer:
epoch: 58
INFO    [11-28 00:20:00] _train_one_epoch in BasicTrainer:
loss = 4.004281215667724
INFO    [11-28 00:20:01] validate in BasicTrainer:
{'Recall@10': 0.12753602862358093, 'NDCG@10': 0.06472391076385975, 'MRR@10': 0.04585275612771511, 'Recall@5': 0.07666461914777756, 'NDCG@5': 0.048472875729203224, 'MRR@5': 0.03926205448806286, 'Recall*@10': 0.12753602862358093, 'NDCG*@10': 0.06472391076385975, 'MRR*@10': 0.04585275612771511, 'Recall*@5': 0.07666461914777756, 'NDCG*@5': 0.048472875729203224, 'MRR*@5': 0.03926205448806286}
INFO    [11-28 00:20:01] train in BasicTrainer:
duration: 2.974432945251465s
INFO    [11-28 00:20:01] train in BasicTrainer:
epoch: 59
INFO    [11-28 00:20:03] _train_one_epoch in BasicTrainer:
loss = 3.9956995487213134
INFO    [11-28 00:20:04] validate in BasicTrainer:
{'Recall@10': 0.13448533415794373, 'NDCG@10': 0.06701280362904072, 'MRR@10': 0.04689771682024002, 'Recall@5': 0.08099666610360146, 'NDCG@5': 0.05014045163989067, 'MRR@5': 0.04018126241862774, 'Recall*@10': 0.13448533415794373, 'NDCG*@10': 0.06701280362904072, 'MRR*@10': 0.04689771682024002, 'Recall*@5': 0.08099666610360146, 'NDCG*@5': 0.05014045163989067, 'MRR*@5': 0.04018126241862774}
INFO    [11-28 00:20:04] train in BasicTrainer:
duration: 3.0743396282196045s
INFO    [11-28 00:20:04] train in BasicTrainer:
epoch: 60
INFO    [11-28 00:20:06] _train_one_epoch in BasicTrainer:
loss = 3.9841390228271485
INFO    [11-28 00:20:07] log in loggers:
Update Best NDCG@10 Model at 60
INFO    [11-28 00:20:07] validate in BasicTrainer:
{'Recall@10': 0.13284463807940483, 'NDCG@10': 0.07056370750069618, 'MRR@10': 0.05190522037446499, 'Recall@5': 0.08050838485360146, 'NDCG@5': 0.05364372953772545, 'MRR@5': 0.044921740889549255, 'Recall*@10': 0.13284463807940483, 'NDCG*@10': 0.07056370750069618, 'MRR*@10': 0.05190522037446499, 'Recall*@5': 0.08050838485360146, 'NDCG*@5': 0.05364372953772545, 'MRR*@5': 0.044921740889549255}
INFO    [11-28 00:20:07] train in BasicTrainer:
duration: 3.3978168964385986s
INFO    [11-28 00:20:07] train in BasicTrainer:
epoch: 61
INFO    [11-28 00:20:09] _train_one_epoch in BasicTrainer:
loss = 3.972496500015259
INFO    [11-28 00:20:11] validate in BasicTrainer:
{'Recall@10': 0.13382120057940483, 'NDCG@10': 0.06643082574009895, 'MRR@10': 0.046321598812937737, 'Recall@5': 0.07910602539777756, 'NDCG@5': 0.049195270985364914, 'MRR@5': 0.03947078809142113, 'Recall*@10': 0.13382120057940483, 'NDCG*@10': 0.06643082574009895, 'MRR*@10': 0.046321598812937737, 'Recall*@5': 0.07910602539777756, 'NDCG*@5': 0.049195270985364914, 'MRR*@5': 0.03947078809142113}
INFO    [11-28 00:20:11] train in BasicTrainer:
duration: 3.222595691680908s
INFO    [11-28 00:20:11] train in BasicTrainer:
epoch: 62
INFO    [11-28 00:20:12] _train_one_epoch in BasicTrainer:
loss = 3.9614491653442383
INFO    [11-28 00:20:14] validate in BasicTrainer:
{'Recall@10': 0.13278215005993843, 'NDCG@10': 0.06913427077233791, 'MRR@10': 0.04996917583048344, 'Recall@5': 0.08721935003995895, 'NDCG@5': 0.05464806221425533, 'MRR@5': 0.044139688834547997, 'Recall*@10': 0.13278215005993843, 'NDCG*@10': 0.06913427077233791, 'MRR*@10': 0.04996917583048344, 'Recall*@5': 0.08721935003995895, 'NDCG*@5': 0.05464806221425533, 'MRR*@5': 0.044139688834547997}
INFO    [11-28 00:20:14] train in BasicTrainer:
duration: 3.1721508502960205s
INFO    [11-28 00:20:14] train in BasicTrainer:
epoch: 63
INFO    [11-28 00:20:16] _train_one_epoch in BasicTrainer:
loss = 3.953737163543701
INFO    [11-28 00:20:17] validate in BasicTrainer:
{'Recall@10': 0.13522355630993843, 'NDCG@10': 0.06685766205191612, 'MRR@10': 0.046348655596375465, 'Recall@5': 0.07898105680942535, 'NDCG@5': 0.048897381871938705, 'MRR@5': 0.0390684362500906, 'Recall*@10': 0.13522355630993843, 'NDCG*@10': 0.06685766205191612, 'MRR*@10': 0.046348655596375465, 'Recall*@5': 0.07898105680942535, 'NDCG*@5': 0.048897381871938705, 'MRR*@5': 0.0390684362500906}
INFO    [11-28 00:20:17] train in BasicTrainer:
duration: 3.2432658672332764s
INFO    [11-28 00:20:17] train in BasicTrainer:
epoch: 64
INFO    [11-28 00:20:19] _train_one_epoch in BasicTrainer:
loss = 3.9432385540008545
INFO    [11-28 00:20:20] validate in BasicTrainer:
{'Recall@10': 0.13717668130993843, 'NDCG@10': 0.06832149252295494, 'MRR@10': 0.047721680253744125, 'Recall@5': 0.08197322860360146, 'NDCG@5': 0.05077850632369518, 'MRR@5': 0.04066044092178345, 'Recall*@10': 0.13717668130993843, 'NDCG*@10': 0.06832149252295494, 'MRR*@10': 0.047721680253744125, 'Recall*@5': 0.08197322860360146, 'NDCG*@5': 0.05077850632369518, 'MRR*@5': 0.04066044092178345}
INFO    [11-28 00:20:20] train in BasicTrainer:
duration: 3.130258560180664s
INFO    [11-28 00:20:20] train in BasicTrainer:
epoch: 65
INFO    [11-28 00:20:22] _train_one_epoch in BasicTrainer:
loss = 3.929577360153198
INFO    [11-28 00:20:23] validate in BasicTrainer:
{'Recall@10': 0.13186807557940483, 'NDCG@10': 0.06721613183617592, 'MRR@10': 0.0478013027459383, 'Recall@5': 0.08252399414777756, 'NDCG@5': 0.05164063349366188, 'MRR@5': 0.04159422777593136, 'Recall*@10': 0.13186807557940483, 'NDCG*@10': 0.06721613183617592, 'MRR*@10': 0.0478013027459383, 'Recall*@5': 0.08252399414777756, 'NDCG*@5': 0.05164063349366188, 'MRR*@5': 0.04159422777593136}
INFO    [11-28 00:20:23] train in BasicTrainer:
duration: 3.262876510620117s
INFO    [11-28 00:20:23] train in BasicTrainer:
epoch: 66
INFO    [11-28 00:20:25] _train_one_epoch in BasicTrainer:
loss = 3.9239918327331544
INFO    [11-28 00:20:26] log in loggers:
Update Best NDCG@10 Model at 66
INFO    [11-28 00:20:26] validate in BasicTrainer:
{'Recall@10': 0.14363770931959152, 'NDCG@10': 0.07088764011859894, 'MRR@10': 0.04914241097867489, 'Recall@5': 0.08562953770160675, 'NDCG@5': 0.05242105759680271, 'MRR@5': 0.041695427149534225, 'Recall*@10': 0.14363770931959152, 'NDCG*@10': 0.07088764011859894, 'MRR*@10': 0.04914241097867489, 'Recall*@5': 0.08562953770160675, 'NDCG*@5': 0.05242105759680271, 'MRR*@5': 0.041695427149534225}
INFO    [11-28 00:20:26] train in BasicTrainer:
duration: 2.970843553543091s
INFO    [11-28 00:20:26] train in BasicTrainer:
epoch: 67
INFO    [11-28 00:20:28] _train_one_epoch in BasicTrainer:
loss = 3.9118552875518797
INFO    [11-28 00:20:29] log in loggers:
Update Best NDCG@10 Model at 67
INFO    [11-28 00:20:30] validate in BasicTrainer:
{'Recall@10': 0.14162209630012512, 'NDCG@10': 0.07228025794029236, 'MRR@10': 0.05145072378218174, 'Recall@5': 0.08556704968214035, 'NDCG@5': 0.05438578687608242, 'MRR@5': 0.044199153780937195, 'Recall*@10': 0.14162209630012512, 'NDCG*@10': 0.07228025794029236, 'MRR*@10': 0.05145072378218174, 'Recall*@5': 0.08556704968214035, 'NDCG*@5': 0.05438578687608242, 'MRR*@5': 0.044199153780937195}
INFO    [11-28 00:20:30] train in BasicTrainer:
duration: 3.1148128509521484s
INFO    [11-28 00:20:30] train in BasicTrainer:
epoch: 68
INFO    [11-28 00:20:31] _train_one_epoch in BasicTrainer:
loss = 3.9009570121765136
INFO    [11-28 00:20:33] validate in BasicTrainer:
{'Recall@10': 0.13290712237358093, 'NDCG@10': 0.06935727968811989, 'MRR@10': 0.0503910593688488, 'Recall@5': 0.07910602539777756, 'NDCG@5': 0.05218143202364445, 'MRR@5': 0.043431174010038376, 'Recall*@10': 0.13290712237358093, 'NDCG*@10': 0.06935727968811989, 'MRR*@10': 0.0503910593688488, 'Recall*@5': 0.07910602539777756, 'NDCG*@5': 0.05218143202364445, 'MRR*@5': 0.043431174010038376}
INFO    [11-28 00:20:33] train in BasicTrainer:
duration: 3.203829288482666s
INFO    [11-28 00:20:33] train in BasicTrainer:
epoch: 69
INFO    [11-28 00:20:35] _train_one_epoch in BasicTrainer:
loss = 3.8874682712554933
INFO    [11-28 00:20:36] validate in BasicTrainer:
{'Recall@10': 0.13375871255993843, 'NDCG@10': 0.07021186873316765, 'MRR@10': 0.05106281489133835, 'Recall@5': 0.08575450628995895, 'NDCG@5': 0.05494408309459686, 'MRR@5': 0.044913602992892265, 'Recall*@10': 0.13375871255993843, 'NDCG*@10': 0.07021186873316765, 'MRR*@10': 0.05106281489133835, 'Recall*@5': 0.08575450628995895, 'NDCG*@5': 0.05494408309459686, 'MRR*@5': 0.044913602992892265}
INFO    [11-28 00:20:36] train in BasicTrainer:
duration: 3.231990098953247s
INFO    [11-28 00:20:36] train in BasicTrainer:
epoch: 70
INFO    [11-28 00:20:38] _train_one_epoch in BasicTrainer:
loss = 3.8785612964630127
INFO    [11-28 00:20:39] validate in BasicTrainer:
{'Recall@10': 0.13388368487358093, 'NDCG@10': 0.06937083974480629, 'MRR@10': 0.05001610144972801, 'Recall@5': 0.07959430664777756, 'NDCG@5': 0.05190199054777622, 'MRR@5': 0.042859163135290146, 'Recall*@10': 0.13388368487358093, 'NDCG*@10': 0.06937083974480629, 'MRR*@10': 0.05001610144972801, 'Recall*@5': 0.07959430664777756, 'NDCG*@5': 0.05190199054777622, 'MRR*@5': 0.042859163135290146}
INFO    [11-28 00:20:39] train in BasicTrainer:
duration: 3.1986539363861084s
INFO    [11-28 00:20:39] train in BasicTrainer:
epoch: 71
INFO    [11-28 00:20:41] _train_one_epoch in BasicTrainer:
loss = 3.870716762542725
INFO    [11-28 00:20:42] log in loggers:
Update Best NDCG@10 Model at 71
INFO    [11-28 00:20:42] validate in BasicTrainer:
{'Recall@10': 0.13894234970211983, 'NDCG@10': 0.07346583902835846, 'MRR@10': 0.053735461086034775, 'Recall@5': 0.08947329968214035, 'NDCG@5': 0.05764053203165531, 'MRR@5': 0.047303011640906334, 'Recall*@10': 0.13894234970211983, 'NDCG*@10': 0.07346583902835846, 'MRR*@10': 0.053735461086034775, 'Recall*@5': 0.08947329968214035, 'NDCG*@5': 0.05764053203165531, 'MRR*@5': 0.047303011640906334}
INFO    [11-28 00:20:42] train in BasicTrainer:
duration: 3.0960848331451416s
INFO    [11-28 00:20:42] train in BasicTrainer:
epoch: 72
INFO    [11-28 00:20:44] _train_one_epoch in BasicTrainer:
loss = 3.8565322589874267
INFO    [11-28 00:20:45] validate in BasicTrainer:
{'Recall@10': 0.13388368487358093, 'NDCG@10': 0.07119950838387012, 'MRR@10': 0.05236497148871422, 'Recall@5': 0.08246150985360146, 'NDCG@5': 0.05475507862865925, 'MRR@5': 0.045678652822971344, 'Recall*@10': 0.13388368487358093, 'NDCG*@10': 0.07119950838387012, 'MRR*@10': 0.05236497148871422, 'Recall*@5': 0.08246150985360146, 'NDCG*@5': 0.05475507862865925, 'MRR*@5': 0.045678652822971344}
INFO    [11-28 00:20:45] train in BasicTrainer:
duration: 2.8349385261535645s
INFO    [11-28 00:20:45] train in BasicTrainer:
epoch: 73
INFO    [11-28 00:20:47] _train_one_epoch in BasicTrainer:
loss = 3.851372766494751
INFO    [11-28 00:20:48] validate in BasicTrainer:
{'Recall@10': 0.13857904076576233, 'NDCG@10': 0.07016380876302719, 'MRR@10': 0.04955992475152016, 'Recall@5': 0.08532871305942535, 'NDCG@5': 0.05299929529428482, 'MRR@5': 0.04251077584922314, 'Recall*@10': 0.13857904076576233, 'NDCG*@10': 0.07016380876302719, 'MRR*@10': 0.04955992475152016, 'Recall*@5': 0.08532871305942535, 'NDCG*@5': 0.05299929529428482, 'MRR*@5': 0.04251077584922314}
INFO    [11-28 00:20:48] train in BasicTrainer:
duration: 3.08439564704895s
INFO    [11-28 00:20:48] train in BasicTrainer:
epoch: 74
INFO    [11-28 00:20:50] _train_one_epoch in BasicTrainer:
loss = 3.8412082958221436
INFO    [11-28 00:20:51] validate in BasicTrainer:
{'Recall@10': 0.13675088807940483, 'NDCG@10': 0.07210176438093185, 'MRR@10': 0.052701761946082115, 'Recall@5': 0.08868419378995895, 'NDCG@5': 0.05696871131658554, 'MRR@5': 0.046693433076143265, 'Recall*@10': 0.13675088807940483, 'NDCG*@10': 0.07210176438093185, 'MRR*@10': 0.052701761946082115, 'Recall*@5': 0.08868419378995895, 'NDCG*@5': 0.05696871131658554, 'MRR*@5': 0.046693433076143265}
INFO    [11-28 00:20:51] train in BasicTrainer:
duration: 3.172581195831299s
INFO    [11-28 00:20:51] train in BasicTrainer:
epoch: 75
INFO    [11-28 00:20:53] _train_one_epoch in BasicTrainer:
loss = 3.8285429668426514
INFO    [11-28 00:20:55] validate in BasicTrainer:
{'Recall@10': 0.13802827522158623, 'NDCG@10': 0.073312908411026, 'MRR@10': 0.05379942059516907, 'Recall@5': 0.08917247503995895, 'NDCG@5': 0.057746196165680885, 'MRR@5': 0.047514140605926514, 'Recall*@10': 0.13802827522158623, 'NDCG*@10': 0.073312908411026, 'MRR*@10': 0.05379942059516907, 'Recall*@5': 0.08917247503995895, 'NDCG*@5': 0.057746196165680885, 'MRR*@5': 0.047514140605926514}
INFO    [11-28 00:20:55] train in BasicTrainer:
duration: 3.1417975425720215s
INFO    [11-28 00:20:55] train in BasicTrainer:
epoch: 76
INFO    [11-28 00:20:56] _train_one_epoch in BasicTrainer:
loss = 3.8205379009246827
INFO    [11-28 00:20:58] log in loggers:
Update Best NDCG@10 Model at 76
INFO    [11-28 00:20:58] validate in BasicTrainer:
{'Recall@10': 0.14236031845211983, 'NDCG@10': 0.07519271224737167, 'MRR@10': 0.05503623187541962, 'Recall@5': 0.08484043180942535, 'NDCG@5': 0.05663045682013035, 'MRR@5': 0.047399166971445084, 'Recall*@10': 0.14236031845211983, 'NDCG*@10': 0.07519271224737167, 'MRR*@10': 0.05503623187541962, 'Recall*@5': 0.08484043180942535, 'NDCG*@5': 0.05663045682013035, 'MRR*@5': 0.047399166971445084}
INFO    [11-28 00:20:58] train in BasicTrainer:
duration: 3.2044334411621094s
INFO    [11-28 00:20:58] train in BasicTrainer:
epoch: 77
INFO    [11-28 00:20:59] _train_one_epoch in BasicTrainer:
loss = 3.810110626220703
INFO    [11-28 00:21:01] validate in BasicTrainer:
{'Recall@10': 0.13613763451576233, 'NDCG@10': 0.07010809890925884, 'MRR@10': 0.05020010285079479, 'Recall@5': 0.08630527555942535, 'NDCG@5': 0.05425244942307472, 'MRR@5': 0.043806297704577446, 'Recall*@10': 0.13613763451576233, 'NDCG*@10': 0.07010809890925884, 'MRR*@10': 0.05020010285079479, 'Recall*@5': 0.08630527555942535, 'NDCG*@5': 0.05425244942307472, 'MRR*@5': 0.043806297704577446}
INFO    [11-28 00:21:01] train in BasicTrainer:
duration: 2.8217527866363525s
INFO    [11-28 00:21:01] train in BasicTrainer:
epoch: 78
INFO    [11-28 00:21:02] _train_one_epoch in BasicTrainer:
loss = 3.8016102790832518
INFO    [11-28 00:21:03] validate in BasicTrainer:
{'Recall@10': 0.13796578720211983, 'NDCG@10': 0.07317891344428062, 'MRR@10': 0.053780367597937584, 'Recall@5': 0.08435215055942535, 'NDCG@5': 0.056185055524110794, 'MRR@5': 0.046964652836322784, 'Recall*@10': 0.13796578720211983, 'NDCG*@10': 0.07317891344428062, 'MRR*@10': 0.053780367597937584, 'Recall*@5': 0.08435215055942535, 'NDCG*@5': 0.056185055524110794, 'MRR*@5': 0.046964652836322784}
INFO    [11-28 00:21:03] train in BasicTrainer:
duration: 2.8152852058410645s
INFO    [11-28 00:21:03] train in BasicTrainer:
epoch: 79
DEBUG   [11-28 00:21:05] calculate_loss in loss:
soft_target max: 0.5032005906105042, argmax 386311
DEBUG   [11-28 00:21:05] calculate_loss in loss:
pred max in softmax: 0.23246808350086212, argmax 827997
INFO    [11-28 00:21:05] _train_one_epoch in BasicTrainer:
loss = 3.795801630020142
INFO    [11-28 00:21:06] log in loggers:
Update Best NDCG@10 Model at 79
INFO    [11-28 00:21:06] validate in BasicTrainer:
{'Recall@10': 0.14875885844230652, 'NDCG@10': 0.0785556435585022, 'MRR@10': 0.05740443617105484, 'Recall@5': 0.09051235020160675, 'NDCG@5': 0.05986599065363407, 'MRR@5': 0.04977913200855255, 'Recall*@10': 0.14875885844230652, 'NDCG*@10': 0.0785556435585022, 'MRR*@10': 0.05740443617105484, 'Recall*@5': 0.09051235020160675, 'NDCG*@5': 0.05986599065363407, 'MRR*@5': 0.04977913200855255}
INFO    [11-28 00:21:06] train in BasicTrainer:
duration: 3.0985751152038574s
INFO    [11-28 00:21:07] close_training in BasicTrainer:
finished training
DEBUG   [11-28 00:21:07] debug_summary in loss:
loss nan summary: nan 0 times, not nan 2001 times, ratio nan / (nan + not_nan) = 0.0
INFO    [11-28 00:21:07] run_routine in Routine:
Finished training, Start final validation
INFO    [11-28 00:21:07] final_validate in BasicTrainer:
validate model on val set!
INFO    [11-28 00:21:07] load_state_from_given_path in utils:
checkpoint epoch: 79
INFO    [11-28 00:21:07] load_state_from_given_path in utils:
Loading model's parameters
INFO    [11-28 00:21:08] validate in BasicTrainer:
{'Recall@10': 0.14875885844230652, 'NDCG@10': 0.0785556435585022, 'MRR@10': 0.05740443617105484, 'Recall@5': 0.09051235020160675, 'NDCG@5': 0.05986599065363407, 'MRR@5': 0.04977913200855255, 'Recall*@10': 0.14875885844230652, 'NDCG*@10': 0.0785556435585022, 'MRR*@10': 0.05740443617105484, 'Recall*@5': 0.09051235020160675, 'NDCG*@5': 0.05986599065363407, 'MRR*@5': 0.04977913200855255}
INFO    [11-28 00:21:08] run_routine in Routine:
Finished final validating. Result: {'Recall@10': 0.14875885844230652, 'NDCG@10': 0.0785556435585022, 'MRR@10': 0.05740443617105484, 'Recall@5': 0.09051235020160675, 'NDCG@5': 0.05986599065363407, 'MRR@5': 0.04977913200855255, 'Recall*@10': 0.14875885844230652, 'NDCG*@10': 0.0785556435585022, 'MRR*@10': 0.05740443617105484, 'Recall*@5': 0.09051235020160675, 'NDCG*@5': 0.05986599065363407, 'MRR*@5': 0.04977913200855255}
INFO    [11-28 00:21:08] _evaluate in DistillSched:
Start testing student model on test set
INFO    [11-28 00:21:08] test in BasicTrainer:
Test model on test set!
INFO    [11-28 00:21:08] test_with_given_state_path in BasicTrainer:
Loading model params from _____lfms_sparsity_soft/soft_gru4rec-rate-0.4_11-28_00-16_t3/student_gru4rec_logs/checkpoint/best_acc_model.pth.
INFO    [11-28 00:21:08] load_state_from_given_path in utils:
checkpoint epoch: 79
INFO    [11-28 00:21:08] load_state_from_given_path in utils:
Loading model's parameters
INFO    [11-28 00:21:08] test_with_given_state_path in BasicTrainer:
Finished loading. Start testing.
INFO    [11-28 00:21:09] test_with_given_state_path in BasicTrainer:
{'Recall@10': 0.14516503363847733, 'NDCG@10': 0.07316852733492851, 'MRR@10': 0.051302384585142136, 'Recall@5': 0.09471942111849785, 'NDCG@5': 0.05701676197350025, 'MRR@5': 0.04472470469772816, 'Recall*@10': 0.14516503363847733, 'NDCG*@10': 0.07316852733492851, 'MRR*@10': 0.051302384585142136, 'Recall*@5': 0.09471942111849785, 'NDCG*@5': 0.05701676197350025, 'MRR*@5': 0.04472470469772816}
INFO    [11-28 00:21:09] _evaluate in DistillSched:
!!Final Result!!: {'Recall@10': 0.14516503363847733, 'NDCG@10': 0.07316852733492851, 'MRR@10': 0.051302384585142136, 'Recall@5': 0.09471942111849785, 'NDCG@5': 0.05701676197350025, 'MRR@5': 0.04472470469772816, 'Recall*@10': 0.14516503363847733, 'NDCG*@10': 0.07316852733492851, 'MRR*@10': 0.051302384585142136, 'Recall*@5': 0.09471942111849785, 'NDCG*@5': 0.05701676197350025, 'MRR*@5': 0.04472470469772816}
