INFO    [05-06 21:14:49] setup_train in utils:
{
    "experiment_dir": "___movies_ep_2021",
    "experiment_description": "ep",
    "describe": "{config[model_code]}-T-{config[T]}-al-{config[alpha]}-sr-{config[sample_rate]}",
    "dataset_name": "movies.csv",
    "sched": "ensemble_distill",
    "model_code": "narm",
    "mentor_code": "narm",
    "mentor2_code": "narm",
    "weight_list": [
        0.5,
        0.5
    ],
    "alpha": 0.5,
    "T": 3,
    "training_routine": "student",
    "softmaxed_mentor": true,
    "enable_auto_path_finder": true,
    "mentor_state_path": "___movies_base_partial_2022",
    "mentor_seed1": 2000,
    "mentor_seed2": 2001,
    "mentor_describe": "{config[model_code]}-rate-{config[sample_rate]}-seed-{config[sample_seed]}",
    "sample_rate": 0.8,
    "num_epochs": 80,
    "mode": [
        "train",
        "test"
    ],
    "test_state_path": null,
    "max_len": 10,
    "model_state_path": null,
    "rand_seed": 2021,
    "load_processed_dataset": true,
    "save_processed_dataset": false,
    "dataset_cache_filename": null,
    "do_remap": false,
    "weight_decay": 0,
    "decay_step": 15,
    "gamma": 0.99,
    "lr": 0.001,
    "min_length": 5,
    "min_item_inter": 5,
    "good_only": false,
    "use_rating": true,
    "test_negative_sampler_code": "random",
    "test_negative_sample_size": 0,
    "dataloader_type": "next",
    "train_batch_size": 4096,
    "val_batch_size": 4096,
    "test_batch_size": 4096,
    "prop_sliding_window": -1.0,
    "worker_number": 2,
    "metric_ks": [
        5,
        10
    ],
    "device": "cuda",
    "num_gpu": 1,
    "optimizer": "Adam",
    "best_metric": "NDCG@10",
    "show_process_bar": false,
    "enable_sample": false,
    "samples_ratio": 0.1,
    "config_file": "config2.movies/narm/config_distill_ensemble_partial.json",
    "task_id": -1,
    "split": "leave_one_out",
    "do_sampling": false,
    "path_for_sample": null,
    "sample_seed": 0,
    "train_negative_sampler_code": "random",
    "train_negative_sample_size": 100,
    "device_idx": "0",
    "momentum": null,
    "log_period_as_iter": 12800,
    "dvae_alpha": 0.5,
    "validation_rate": 0.2,
    "num_items": null,
    "start_index": 1,
    "kwargs": null
}
INFO    [05-06 21:14:49] _load_full_dataset_from_path in utils:
loading cache from /data01/wushiguang-slurm/Codes/soft-rec/Data/Cache/movies-5-5.pkl
INFO    [05-06 21:14:50] _check_dataset_cache in utils:
check if the cache is generated under this configuration
INFO    [05-06 21:14:50] _check_dataset_cache in utils:
correct.
INFO    [05-06 21:14:50] __init__ in NextItemDataloader:
there are 21035 items in this dataset, 82156 users, padding_first? False
DEBUG   [05-06 21:15:06] generate_model in utils:
model_code_list=['narm']
INFO    [05-06 21:15:06] load_model_config in utils:
loading model narm's config file at asset/config/model/narm.json
INFO    [05-06 21:15:06] load_model_config in utils:
{
    "embedding_size": 64,
    "hidden_size": 128,
    "n_layers": 1,
    "dropout_probs": [
        0.25,
        0.5
    ]
}
WARNING [05-06 21:15:13] get_exist_path in utils:
dir ___movies_ep_2021/ep_narm-T-3-al-0.5-sr-0.8_05-06_21:14_0/teacher1_narm_logs does not exist! Create one.
WARNING [05-06 21:15:13] get_exist_path in utils:
dir ___movies_ep_2021/ep_narm-T-3-al-0.5-sr-0.8_05-06_21:14_0/teacher1_narm_logs/tb_vis does not exist! Create one.
WARNING [05-06 21:15:13] get_exist_path in utils:
dir ___movies_ep_2021/ep_narm-T-3-al-0.5-sr-0.8_05-06_21:14_0/teacher1_narm_logs/checkpoint does not exist! Create one.
INFO    [05-06 21:15:13] load_state_from_given_path in utils:
checkpoint epoch: 59
INFO    [05-06 21:15:13] load_state_from_given_path in utils:
Loading model's parameters
INFO    [05-06 21:15:13] load_state_from_given_path in utils:
Loading optimizer's parameters
DEBUG   [05-06 21:15:13] _generate_teacher_trainer in EnsembleDistillSched:
teacher1_narm: 
NARM(
  (item_embedding): Embedding(21036, 64, padding_idx=0)
  (emb_dropout): Dropout(p=0.25, inplace=False)
  (gru): GRU(64, 128, bias=False, batch_first=True)
  (a_1): Linear(in_features=128, out_features=128, bias=False)
  (a_2): Linear(in_features=128, out_features=128, bias=False)
  (v_t): Linear(in_features=128, out_features=1, bias=False)
  (ct_dropout): Dropout(p=0.5, inplace=False)
  (b): Linear(in_features=256, out_features=64, bias=False)
  (loss_fct): CrossEntropyLoss()
)
INFO    [05-06 21:15:13] assert_model_device in utils:
model teacher1_narm has 5.60498046875 MB params.
INFO    [05-06 21:15:13] __init__ in BasicTrainer:
450560 iter per epoch
DEBUG   [05-06 21:15:13] generate_model in utils:
model_code_list=['narm']
INFO    [05-06 21:15:13] load_model_config in utils:
loading model narm's config file at asset/config/model/narm.json
INFO    [05-06 21:15:13] load_model_config in utils:
{
    "embedding_size": 64,
    "hidden_size": 128,
    "n_layers": 1,
    "dropout_probs": [
        0.25,
        0.5
    ]
}
WARNING [05-06 21:15:18] get_exist_path in utils:
dir ___movies_ep_2021/ep_narm-T-3-al-0.5-sr-0.8_05-06_21:14_0/teacher2_narm_logs does not exist! Create one.
WARNING [05-06 21:15:18] get_exist_path in utils:
dir ___movies_ep_2021/ep_narm-T-3-al-0.5-sr-0.8_05-06_21:14_0/teacher2_narm_logs/tb_vis does not exist! Create one.
WARNING [05-06 21:15:18] get_exist_path in utils:
dir ___movies_ep_2021/ep_narm-T-3-al-0.5-sr-0.8_05-06_21:14_0/teacher2_narm_logs/checkpoint does not exist! Create one.
INFO    [05-06 21:15:18] load_state_from_given_path in utils:
checkpoint epoch: 59
INFO    [05-06 21:15:18] load_state_from_given_path in utils:
Loading model's parameters
INFO    [05-06 21:15:18] load_state_from_given_path in utils:
Loading optimizer's parameters
DEBUG   [05-06 21:15:18] _generate_teacher_trainer in EnsembleDistillSched:
teacher2_narm: 
NARM(
  (item_embedding): Embedding(21036, 64, padding_idx=0)
  (emb_dropout): Dropout(p=0.25, inplace=False)
  (gru): GRU(64, 128, bias=False, batch_first=True)
  (a_1): Linear(in_features=128, out_features=128, bias=False)
  (a_2): Linear(in_features=128, out_features=128, bias=False)
  (v_t): Linear(in_features=128, out_features=1, bias=False)
  (ct_dropout): Dropout(p=0.5, inplace=False)
  (b): Linear(in_features=256, out_features=64, bias=False)
  (loss_fct): CrossEntropyLoss()
)
INFO    [05-06 21:15:18] assert_model_device in utils:
model teacher2_narm has 5.60498046875 MB params.
INFO    [05-06 21:15:18] __init__ in BasicTrainer:
450560 iter per epoch
DEBUG   [05-06 21:15:18] generate_model in utils:
model_code_list=['narm']
INFO    [05-06 21:15:18] load_model_config in utils:
loading model narm's config file at asset/config/model/narm.json
INFO    [05-06 21:15:18] load_model_config in utils:
{
    "embedding_size": 64,
    "hidden_size": 128,
    "n_layers": 1,
    "dropout_probs": [
        0.25,
        0.5
    ]
}
WARNING [05-06 21:15:22] get_exist_path in utils:
dir ___movies_ep_2021/ep_narm-T-3-al-0.5-sr-0.8_05-06_21:14_0/student_narm_logs does not exist! Create one.
WARNING [05-06 21:15:22] get_exist_path in utils:
dir ___movies_ep_2021/ep_narm-T-3-al-0.5-sr-0.8_05-06_21:14_0/student_narm_logs/tb_vis does not exist! Create one.
WARNING [05-06 21:15:22] get_exist_path in utils:
dir ___movies_ep_2021/ep_narm-T-3-al-0.5-sr-0.8_05-06_21:14_0/student_narm_logs/checkpoint does not exist! Create one.
WARNING [05-06 21:15:22] get_path in utils:
Path is None
WARNING [05-06 21:15:22] load_state_from_given_path in utils:
Not given any path.
DEBUG   [05-06 21:15:22] _generate_student_trainer in EnsembleDistillSched:
student_narm: 
NARM(
  (item_embedding): Embedding(21036, 64, padding_idx=0)
  (emb_dropout): Dropout(p=0.25, inplace=False)
  (gru): GRU(64, 128, bias=False, batch_first=True)
  (a_1): Linear(in_features=128, out_features=128, bias=False)
  (a_2): Linear(in_features=128, out_features=128, bias=False)
  (v_t): Linear(in_features=128, out_features=1, bias=False)
  (ct_dropout): Dropout(p=0.5, inplace=False)
  (b): Linear(in_features=256, out_features=64, bias=False)
  (loss_fct): CrossEntropyLoss()
)
INFO    [05-06 21:15:22] assert_model_device in utils:
model student_narm has 5.60498046875 MB params.
INFO    [05-06 21:15:22] assert_model_device in utils:
model mix_narm_narm has 0.0 MB params.
INFO    [05-06 21:15:22] assert_model_device in utils:
model mix_narm_narm has no param
INFO    [05-06 21:15:22] __init__ in DistillTrainer:
450560 iter per epoch
INFO    [05-06 21:15:22] _set_current_routine in Routine:
first routine: student
INFO    [05-06 21:15:22] run_routine in Routine:
Start routine student
INFO    [05-06 21:15:22] run_routine in Routine:
Start training
INFO    [05-06 21:15:22] train in DistillTrainer:
Test mentor model: mix_narm_narm
DEBUG   [05-06 21:15:24] forward in Ensembler:
raw predict
DEBUG   [05-06 21:15:24] forward in Ensembler:
[tensor([[1.4914e-06, 8.9759e-05, 1.6888e-05,  ..., 9.9891e-06, 3.0708e-05,
         5.1441e-05],
        [4.2260e-07, 5.4085e-06, 3.9081e-06,  ..., 1.3646e-06, 7.2056e-05,
         6.0767e-05],
        [2.7769e-06, 1.8796e-05, 1.6680e-05,  ..., 1.0404e-06, 1.3814e-05,
         6.5180e-06],
        ...,
        [4.0104e-07, 1.1296e-07, 7.2918e-07,  ..., 1.2067e-07, 2.5299e-05,
         4.2082e-07],
        [1.4096e-06, 4.3533e-04, 1.4303e-05,  ..., 9.5894e-06, 3.9086e-05,
         2.3515e-05],
        [3.2844e-06, 5.8322e-05, 2.3309e-05,  ..., 9.2254e-06, 4.9981e-06,
         5.8400e-05]], device='cuda:0'), tensor([[2.4366e-06, 6.9078e-05, 2.7971e-05,  ..., 9.7276e-06, 2.8390e-05,
         6.0851e-05],
        [1.1175e-06, 7.1999e-06, 4.4397e-06,  ..., 3.7897e-06, 1.4469e-05,
         5.2483e-05],
        [3.3302e-06, 1.9384e-05, 2.9760e-05,  ..., 1.0805e-05, 8.2279e-06,
         1.8847e-05],
        ...,
        [3.2885e-07, 3.6223e-07, 2.3561e-06,  ..., 5.4767e-08, 4.3420e-05,
         3.9052e-06],
        [1.6366e-06, 3.2572e-04, 9.7014e-06,  ..., 4.4404e-05, 2.4608e-05,
         2.1497e-05],
        [4.6063e-06, 1.9932e-05, 1.0104e-04,  ..., 9.7803e-07, 1.2148e-06,
         1.3087e-05]], device='cuda:0')]
DEBUG   [05-06 21:15:24] forward in Ensembler:
raw confidence
DEBUG   [05-06 21:15:24] forward in Ensembler:
[tensor([0.0006, 0.0013, 0.0012,  ..., 0.0155, 0.0012, 0.0015], device='cuda:0'), tensor([0.0005, 0.0012, 0.0011,  ..., 0.0092, 0.0011, 0.0030], device='cuda:0')]
DEBUG   [05-06 21:15:24] forward in Ensembler:
weighted predict
DEBUG   [05-06 21:15:24] forward in Ensembler:
[tensor([[7.4571e-07, 4.4879e-05, 8.4438e-06,  ..., 4.9946e-06, 1.5354e-05,
         2.5721e-05],
        [2.1130e-07, 2.7043e-06, 1.9541e-06,  ..., 6.8231e-07, 3.6028e-05,
         3.0383e-05],
        [1.3885e-06, 9.3981e-06, 8.3402e-06,  ..., 5.2022e-07, 6.9069e-06,
         3.2590e-06],
        ...,
        [2.0052e-07, 5.6479e-08, 3.6459e-07,  ..., 6.0335e-08, 1.2649e-05,
         2.1041e-07],
        [7.0479e-07, 2.1767e-04, 7.1514e-06,  ..., 4.7947e-06, 1.9543e-05,
         1.1758e-05],
        [1.6422e-06, 2.9161e-05, 1.1654e-05,  ..., 4.6127e-06, 2.4990e-06,
         2.9200e-05]], device='cuda:0'), tensor([[1.2183e-06, 3.4539e-05, 1.3986e-05,  ..., 4.8638e-06, 1.4195e-05,
         3.0425e-05],
        [5.5876e-07, 3.5999e-06, 2.2198e-06,  ..., 1.8949e-06, 7.2347e-06,
         2.6241e-05],
        [1.6651e-06, 9.6919e-06, 1.4880e-05,  ..., 5.4024e-06, 4.1139e-06,
         9.4234e-06],
        ...,
        [1.6442e-07, 1.8112e-07, 1.1780e-06,  ..., 2.7384e-08, 2.1710e-05,
         1.9526e-06],
        [8.1832e-07, 1.6286e-04, 4.8507e-06,  ..., 2.2202e-05, 1.2304e-05,
         1.0749e-05],
        [2.3031e-06, 9.9659e-06, 5.0518e-05,  ..., 4.8901e-07, 6.0740e-07,
         6.5433e-06]], device='cuda:0')]
DEBUG   [05-06 21:15:24] forward in Ensembler:
final predict
DEBUG   [05-06 21:15:24] forward in Ensembler:
tensor([[1.9640e-06, 7.9418e-05, 2.2429e-05,  ..., 9.8584e-06, 2.9549e-05,
         5.6146e-05],
        [7.7005e-07, 6.3042e-06, 4.1739e-06,  ..., 2.5772e-06, 4.3263e-05,
         5.6625e-05],
        [3.0536e-06, 1.9090e-05, 2.3220e-05,  ..., 5.9226e-06, 1.1021e-05,
         1.2682e-05],
        ...,
        [3.6494e-07, 2.3759e-07, 1.5426e-06,  ..., 8.7719e-08, 3.4359e-05,
         2.1630e-06],
        [1.5231e-06, 3.8052e-04, 1.2002e-05,  ..., 2.6997e-05, 3.1847e-05,
         2.2506e-05],
        [3.9454e-06, 3.9127e-05, 6.2172e-05,  ..., 5.1017e-06, 3.1064e-06,
         3.5743e-05]], device='cuda:0')
DEBUG   [05-06 21:15:24] forward in Ensembler:
final confidence
DEBUG   [05-06 21:15:24] forward in Ensembler:
tensor([0.0005, 0.0012, 0.0009,  ..., 0.0123, 0.0011, 0.0017], device='cuda:0')
DEBUG   [05-06 21:15:26] forward in Ensembler:
raw predict
DEBUG   [05-06 21:15:26] forward in Ensembler:
[tensor([[2.3342e-06, 4.8390e-05, 3.2080e-05,  ..., 6.2698e-06, 9.0610e-05,
         5.7866e-05],
        [4.6953e-07, 1.3231e-04, 1.6828e-05,  ..., 2.2488e-05, 3.1294e-05,
         1.8017e-05],
        [1.5946e-06, 1.5253e-05, 1.3698e-05,  ..., 7.9223e-06, 3.2063e-05,
         3.6205e-05],
        ...,
        [3.9231e-06, 6.5884e-05, 3.8431e-05,  ..., 3.2310e-05, 1.1700e-05,
         2.5773e-05],
        [6.6071e-07, 1.4826e-05, 2.1869e-06,  ..., 1.1212e-06, 1.6946e-05,
         4.4747e-05],
        [1.8846e-06, 9.0353e-05, 7.0134e-06,  ..., 4.1132e-06, 5.7138e-05,
         3.0843e-05]], device='cuda:0'), tensor([[2.6619e-06, 7.3746e-05, 3.2831e-05,  ..., 8.2173e-06, 7.5154e-05,
         2.4643e-05],
        [1.7391e-06, 1.5224e-04, 9.3649e-06,  ..., 1.1291e-05, 2.7294e-05,
         3.1387e-05],
        [3.2213e-06, 3.5815e-05, 1.7455e-05,  ..., 7.9234e-06, 3.9299e-05,
         3.4311e-05],
        ...,
        [7.5050e-06, 1.8751e-04, 7.6542e-05,  ..., 2.8339e-05, 2.4566e-05,
         2.5546e-05],
        [1.2568e-06, 1.0457e-05, 4.4119e-06,  ..., 3.9532e-06, 1.8113e-05,
         4.8221e-05],
        [4.3047e-06, 2.2976e-04, 1.6959e-05,  ..., 1.9216e-05, 6.9518e-05,
         1.8206e-05]], device='cuda:0')]
DEBUG   [05-06 21:15:26] forward in Ensembler:
raw confidence
DEBUG   [05-06 21:15:26] forward in Ensembler:
[tensor([0.0004, 0.0016, 0.0010,  ..., 0.0008, 0.0009, 0.0005], device='cuda:0'), tensor([0.0005, 0.0024, 0.0006,  ..., 0.0008, 0.0010, 0.0006], device='cuda:0')]
DEBUG   [05-06 21:15:26] forward in Ensembler:
weighted predict
DEBUG   [05-06 21:15:26] forward in Ensembler:
[tensor([[1.1671e-06, 2.4195e-05, 1.6040e-05,  ..., 3.1349e-06, 4.5305e-05,
         2.8933e-05],
        [2.3476e-07, 6.6155e-05, 8.4138e-06,  ..., 1.1244e-05, 1.5647e-05,
         9.0087e-06],
        [7.9731e-07, 7.6264e-06, 6.8492e-06,  ..., 3.9612e-06, 1.6031e-05,
         1.8102e-05],
        ...,
        [1.9616e-06, 3.2942e-05, 1.9216e-05,  ..., 1.6155e-05, 5.8501e-06,
         1.2887e-05],
        [3.3035e-07, 7.4131e-06, 1.0934e-06,  ..., 5.6058e-07, 8.4728e-06,
         2.2374e-05],
        [9.4232e-07, 4.5176e-05, 3.5067e-06,  ..., 2.0566e-06, 2.8569e-05,
         1.5421e-05]], device='cuda:0'), tensor([[1.3310e-06, 3.6873e-05, 1.6416e-05,  ..., 4.1087e-06, 3.7577e-05,
         1.2321e-05],
        [8.6957e-07, 7.6120e-05, 4.6825e-06,  ..., 5.6454e-06, 1.3647e-05,
         1.5693e-05],
        [1.6106e-06, 1.7908e-05, 8.7276e-06,  ..., 3.9617e-06, 1.9649e-05,
         1.7156e-05],
        ...,
        [3.7525e-06, 9.3756e-05, 3.8271e-05,  ..., 1.4170e-05, 1.2283e-05,
         1.2773e-05],
        [6.2839e-07, 5.2284e-06, 2.2060e-06,  ..., 1.9766e-06, 9.0567e-06,
         2.4110e-05],
        [2.1524e-06, 1.1488e-04, 8.4795e-06,  ..., 9.6078e-06, 3.4759e-05,
         9.1029e-06]], device='cuda:0')]
DEBUG   [05-06 21:15:26] forward in Ensembler:
final predict
DEBUG   [05-06 21:15:26] forward in Ensembler:
tensor([[2.4981e-06, 6.1068e-05, 3.2456e-05,  ..., 7.2436e-06, 8.2882e-05,
         4.1255e-05],
        [1.1043e-06, 1.4228e-04, 1.3096e-05,  ..., 1.6889e-05, 2.9294e-05,
         2.4702e-05],
        [2.4080e-06, 2.5534e-05, 1.5577e-05,  ..., 7.9228e-06, 3.5681e-05,
         3.5258e-05],
        ...,
        [5.7141e-06, 1.2670e-04, 5.7487e-05,  ..., 3.0325e-05, 1.8133e-05,
         2.5659e-05],
        [9.5874e-07, 1.2641e-05, 3.2994e-06,  ..., 2.5372e-06, 1.7530e-05,
         4.6484e-05],
        [3.0947e-06, 1.6005e-04, 1.1986e-05,  ..., 1.1664e-05, 6.3328e-05,
         2.4524e-05]], device='cuda:0')
DEBUG   [05-06 21:15:26] forward in Ensembler:
final confidence
DEBUG   [05-06 21:15:26] forward in Ensembler:
tensor([0.0003, 0.0020, 0.0008,  ..., 0.0006, 0.0009, 0.0005], device='cuda:0')
DEBUG   [05-06 21:15:28] forward in Ensembler:
raw predict
DEBUG   [05-06 21:15:28] forward in Ensembler:
[tensor([[1.5168e-06, 3.1030e-05, 3.7511e-06,  ..., 8.9834e-06, 3.5008e-05,
         3.9043e-05],
        [2.7005e-07, 1.6696e-05, 2.8789e-07,  ..., 7.8514e-08, 2.3602e-05,
         3.5987e-05],
        [2.8717e-06, 3.1397e-05, 1.8373e-05,  ..., 1.2127e-05, 1.0353e-04,
         5.2879e-05],
        ...,
        [1.4102e-06, 5.5305e-05, 1.4373e-05,  ..., 6.6595e-05, 8.0786e-06,
         6.5719e-05],
        [2.1205e-06, 1.0618e-04, 2.0585e-05,  ..., 2.7529e-05, 3.2242e-05,
         3.3549e-05],
        [1.9196e-06, 1.3667e-05, 5.5104e-06,  ..., 6.6011e-06, 2.7591e-05,
         8.2149e-05]], device='cuda:0'), tensor([[2.2469e-06, 1.5991e-05, 2.2897e-06,  ..., 7.9890e-06, 1.0135e-05,
         3.4370e-05],
        [1.5419e-07, 9.0531e-06, 1.3319e-07,  ..., 6.2929e-07, 8.3740e-06,
         1.2263e-05],
        [1.8255e-06, 5.1887e-05, 2.4625e-05,  ..., 2.5000e-05, 6.4961e-05,
         3.4719e-05],
        ...,
        [1.3844e-06, 5.1266e-05, 2.1453e-05,  ..., 8.4016e-05, 8.2939e-06,
         4.3767e-05],
        [2.5528e-06, 6.1178e-05, 1.2156e-05,  ..., 6.2007e-05, 1.9160e-05,
         4.5762e-05],
        [2.4766e-06, 1.0355e-05, 4.9321e-06,  ..., 1.1616e-05, 2.6547e-05,
         1.2204e-04]], device='cuda:0')]
DEBUG   [05-06 21:15:28] forward in Ensembler:
raw confidence
DEBUG   [05-06 21:15:28] forward in Ensembler:
[tensor([0.0005, 0.0022, 0.0006,  ..., 0.0013, 0.0005, 0.0005], device='cuda:0'), tensor([0.0012, 0.0022, 0.0003,  ..., 0.0010, 0.0004, 0.0005], device='cuda:0')]
DEBUG   [05-06 21:15:28] forward in Ensembler:
weighted predict
DEBUG   [05-06 21:15:28] forward in Ensembler:
[tensor([[7.5840e-07, 1.5515e-05, 1.8756e-06,  ..., 4.4917e-06, 1.7504e-05,
         1.9521e-05],
        [1.3503e-07, 8.3481e-06, 1.4395e-07,  ..., 3.9257e-08, 1.1801e-05,
         1.7993e-05],
        [1.4358e-06, 1.5698e-05, 9.1864e-06,  ..., 6.0637e-06, 5.1763e-05,
         2.6439e-05],
        ...,
        [7.0510e-07, 2.7652e-05, 7.1863e-06,  ..., 3.3297e-05, 4.0393e-06,
         3.2859e-05],
        [1.0602e-06, 5.3089e-05, 1.0293e-05,  ..., 1.3764e-05, 1.6121e-05,
         1.6775e-05],
        [9.5979e-07, 6.8337e-06, 2.7552e-06,  ..., 3.3005e-06, 1.3796e-05,
         4.1075e-05]], device='cuda:0'), tensor([[1.1235e-06, 7.9957e-06, 1.1448e-06,  ..., 3.9945e-06, 5.0674e-06,
         1.7185e-05],
        [7.7097e-08, 4.5266e-06, 6.6595e-08,  ..., 3.1464e-07, 4.1870e-06,
         6.1314e-06],
        [9.1277e-07, 2.5943e-05, 1.2312e-05,  ..., 1.2500e-05, 3.2481e-05,
         1.7360e-05],
        ...,
        [6.9220e-07, 2.5633e-05, 1.0727e-05,  ..., 4.2008e-05, 4.1469e-06,
         2.1884e-05],
        [1.2764e-06, 3.0589e-05, 6.0780e-06,  ..., 3.1003e-05, 9.5799e-06,
         2.2881e-05],
        [1.2383e-06, 5.1774e-06, 2.4660e-06,  ..., 5.8079e-06, 1.3273e-05,
         6.1019e-05]], device='cuda:0')]
DEBUG   [05-06 21:15:28] forward in Ensembler:
final predict
DEBUG   [05-06 21:15:28] forward in Ensembler:
tensor([[1.8819e-06, 2.3511e-05, 3.0204e-06,  ..., 8.4862e-06, 2.2572e-05,
         3.6707e-05],
        [2.1212e-07, 1.2875e-05, 2.1054e-07,  ..., 3.5390e-07, 1.5988e-05,
         2.4125e-05],
        [2.3486e-06, 4.1642e-05, 2.1499e-05,  ..., 1.8564e-05, 8.4243e-05,
         4.3799e-05],
        ...,
        [1.3973e-06, 5.3286e-05, 1.7913e-05,  ..., 7.5305e-05, 8.1863e-06,
         5.4743e-05],
        [2.3366e-06, 8.3678e-05, 1.6371e-05,  ..., 4.4768e-05, 2.5701e-05,
         3.9656e-05],
        [2.1981e-06, 1.2011e-05, 5.2213e-06,  ..., 9.1085e-06, 2.7069e-05,
         1.0209e-04]], device='cuda:0')
DEBUG   [05-06 21:15:28] forward in Ensembler:
final confidence
DEBUG   [05-06 21:15:28] forward in Ensembler:
tensor([0.0008, 0.0017, 0.0004,  ..., 0.0011, 0.0004, 0.0005], device='cuda:0')
DEBUG   [05-06 21:15:31] forward in Ensembler:
raw predict
DEBUG   [05-06 21:15:31] forward in Ensembler:
[tensor([[3.3225e-06, 2.8895e-05, 2.9730e-05,  ..., 4.5274e-05, 6.4273e-06,
         4.1409e-05],
        [2.9557e-06, 2.1017e-04, 8.3054e-05,  ..., 3.9608e-05, 9.2095e-05,
         1.8735e-05],
        [4.1656e-07, 3.3771e-06, 1.1171e-06,  ..., 4.9308e-07, 8.2136e-06,
         5.2325e-05],
        ...,
        [2.1911e-06, 1.2944e-05, 2.9617e-06,  ..., 4.4573e-06, 8.2573e-06,
         2.4597e-05],
        [7.9680e-07, 9.4830e-07, 4.9384e-06,  ..., 5.6272e-06, 4.7050e-06,
         8.6966e-05],
        [5.8234e-06, 4.6954e-05, 4.7427e-05,  ..., 2.6442e-05, 9.9533e-06,
         3.8041e-05]], device='cuda:0'), tensor([[5.2270e-06, 8.4252e-05, 2.1973e-05,  ..., 2.1654e-05, 3.8935e-05,
         3.7703e-05],
        [3.6017e-06, 2.6056e-04, 3.7049e-05,  ..., 9.6115e-05, 1.0570e-04,
         4.2617e-05],
        [1.1716e-06, 9.5624e-07, 1.4777e-06,  ..., 9.1692e-07, 1.0551e-05,
         1.0274e-04],
        ...,
        [2.0414e-06, 1.9379e-05, 1.8664e-06,  ..., 6.3081e-06, 6.5760e-06,
         3.5053e-05],
        [2.0483e-06, 3.5223e-06, 7.2943e-06,  ..., 1.4812e-05, 1.1136e-05,
         1.1334e-04],
        [2.7508e-06, 6.8539e-05, 1.4295e-05,  ..., 2.9448e-04, 9.6162e-07,
         1.2971e-05]], device='cuda:0')]
DEBUG   [05-06 21:15:31] forward in Ensembler:
raw confidence
DEBUG   [05-06 21:15:31] forward in Ensembler:
[tensor([0.0023, 0.0008, 0.0020,  ..., 0.0008, 0.0012, 0.0013], device='cuda:0'), tensor([0.0030, 0.0007, 0.0019,  ..., 0.0008, 0.0008, 0.0036], device='cuda:0')]
DEBUG   [05-06 21:15:31] forward in Ensembler:
weighted predict
DEBUG   [05-06 21:15:31] forward in Ensembler:
[tensor([[1.6613e-06, 1.4448e-05, 1.4865e-05,  ..., 2.2637e-05, 3.2136e-06,
         2.0705e-05],
        [1.4778e-06, 1.0509e-04, 4.1527e-05,  ..., 1.9804e-05, 4.6047e-05,
         9.3677e-06],
        [2.0828e-07, 1.6886e-06, 5.5854e-07,  ..., 2.4654e-07, 4.1068e-06,
         2.6163e-05],
        ...,
        [1.0956e-06, 6.4719e-06, 1.4808e-06,  ..., 2.2286e-06, 4.1287e-06,
         1.2299e-05],
        [3.9840e-07, 4.7415e-07, 2.4692e-06,  ..., 2.8136e-06, 2.3525e-06,
         4.3483e-05],
        [2.9117e-06, 2.3477e-05, 2.3714e-05,  ..., 1.3221e-05, 4.9766e-06,
         1.9021e-05]], device='cuda:0'), tensor([[2.6135e-06, 4.2126e-05, 1.0987e-05,  ..., 1.0827e-05, 1.9467e-05,
         1.8851e-05],
        [1.8009e-06, 1.3028e-04, 1.8524e-05,  ..., 4.8057e-05, 5.2848e-05,
         2.1308e-05],
        [5.8581e-07, 4.7812e-07, 7.3886e-07,  ..., 4.5846e-07, 5.2753e-06,
         5.1369e-05],
        ...,
        [1.0207e-06, 9.6897e-06, 9.3319e-07,  ..., 3.1540e-06, 3.2880e-06,
         1.7527e-05],
        [1.0242e-06, 1.7612e-06, 3.6472e-06,  ..., 7.4062e-06, 5.5681e-06,
         5.6668e-05],
        [1.3754e-06, 3.4270e-05, 7.1476e-06,  ..., 1.4724e-04, 4.8081e-07,
         6.4854e-06]], device='cuda:0')]
DEBUG   [05-06 21:15:31] forward in Ensembler:
final predict
DEBUG   [05-06 21:15:31] forward in Ensembler:
tensor([[4.2748e-06, 5.6574e-05, 2.5852e-05,  ..., 3.3464e-05, 2.2681e-05,
         3.9556e-05],
        [3.2787e-06, 2.3537e-04, 6.0051e-05,  ..., 6.7861e-05, 9.8895e-05,
         3.0676e-05],
        [7.9409e-07, 2.1667e-06, 1.2974e-06,  ..., 7.0500e-07, 9.3821e-06,
         7.7532e-05],
        ...,
        [2.1163e-06, 1.6162e-05, 2.4140e-06,  ..., 5.3827e-06, 7.4167e-06,
         2.9825e-05],
        [1.4226e-06, 2.2353e-06, 6.1164e-06,  ..., 1.0220e-05, 7.9206e-06,
         1.0015e-04],
        [4.2871e-06, 5.7747e-05, 3.0861e-05,  ..., 1.6046e-04, 5.4574e-06,
         2.5506e-05]], device='cuda:0')
DEBUG   [05-06 21:15:31] forward in Ensembler:
final confidence
DEBUG   [05-06 21:15:31] forward in Ensembler:
tensor([0.0027, 0.0007, 0.0019,  ..., 0.0007, 0.0009, 0.0022], device='cuda:0')
DEBUG   [05-06 21:15:33] forward in Ensembler:
raw predict
DEBUG   [05-06 21:15:33] forward in Ensembler:
[tensor([[1.8889e-06, 5.0584e-06, 2.8994e-06,  ..., 4.7683e-07, 7.3153e-06,
         2.7442e-05],
        [2.2724e-06, 1.5881e-05, 4.7096e-06,  ..., 6.4881e-06, 5.3687e-05,
         1.2840e-04],
        [5.0642e-06, 1.7581e-05, 1.2537e-05,  ..., 5.2554e-06, 1.7544e-05,
         2.8501e-05],
        ...,
        [8.0240e-07, 8.2754e-05, 2.0787e-05,  ..., 3.5633e-05, 4.8447e-05,
         3.7800e-05],
        [8.7706e-07, 5.5976e-05, 1.6780e-05,  ..., 3.6769e-05, 3.0753e-05,
         4.2646e-05],
        [1.3890e-06, 3.8902e-06, 4.9211e-06,  ..., 8.7207e-06, 1.8797e-05,
         9.9716e-05]], device='cuda:0'), tensor([[1.3522e-06, 1.1115e-05, 6.0713e-06,  ..., 1.8431e-06, 6.1991e-06,
         7.2525e-05],
        [3.2205e-06, 8.7804e-06, 8.5983e-06,  ..., 1.9764e-05, 4.1850e-05,
         8.1663e-05],
        [4.2785e-06, 1.4072e-05, 3.1040e-06,  ..., 1.3421e-06, 5.5340e-05,
         2.5756e-05],
        ...,
        [1.0971e-06, 2.5272e-05, 2.1497e-05,  ..., 5.4146e-05, 4.2272e-05,
         9.5448e-05],
        [9.6327e-07, 1.8971e-05, 1.9608e-05,  ..., 6.3249e-05, 2.2200e-05,
         9.8896e-05],
        [1.5927e-06, 4.8223e-06, 7.7150e-06,  ..., 1.1356e-05, 2.1424e-05,
         1.1479e-04]], device='cuda:0')]
DEBUG   [05-06 21:15:33] forward in Ensembler:
raw confidence
DEBUG   [05-06 21:15:33] forward in Ensembler:
[tensor([0.0010, 0.0004, 0.0025,  ..., 0.0008, 0.0010, 0.0010], device='cuda:0'), tensor([0.0009, 0.0004, 0.0040,  ..., 0.0009, 0.0012, 0.0012], device='cuda:0')]
DEBUG   [05-06 21:15:33] forward in Ensembler:
weighted predict
DEBUG   [05-06 21:15:33] forward in Ensembler:
[tensor([[9.4445e-07, 2.5292e-06, 1.4497e-06,  ..., 2.3842e-07, 3.6576e-06,
         1.3721e-05],
        [1.1362e-06, 7.9403e-06, 2.3548e-06,  ..., 3.2441e-06, 2.6843e-05,
         6.4198e-05],
        [2.5321e-06, 8.7903e-06, 6.2683e-06,  ..., 2.6277e-06, 8.7721e-06,
         1.4251e-05],
        ...,
        [4.0120e-07, 4.1377e-05, 1.0393e-05,  ..., 1.7817e-05, 2.4223e-05,
         1.8900e-05],
        [4.3853e-07, 2.7988e-05, 8.3902e-06,  ..., 1.8384e-05, 1.5376e-05,
         2.1323e-05],
        [6.9451e-07, 1.9451e-06, 2.4605e-06,  ..., 4.3603e-06, 9.3985e-06,
         4.9858e-05]], device='cuda:0'), tensor([[6.7608e-07, 5.5573e-06, 3.0356e-06,  ..., 9.2155e-07, 3.0995e-06,
         3.6263e-05],
        [1.6103e-06, 4.3902e-06, 4.2992e-06,  ..., 9.8821e-06, 2.0925e-05,
         4.0832e-05],
        [2.1392e-06, 7.0361e-06, 1.5520e-06,  ..., 6.7104e-07, 2.7670e-05,
         1.2878e-05],
        ...,
        [5.4857e-07, 1.2636e-05, 1.0749e-05,  ..., 2.7073e-05, 2.1136e-05,
         4.7724e-05],
        [4.8163e-07, 9.4853e-06, 9.8041e-06,  ..., 3.1625e-05, 1.1100e-05,
         4.9448e-05],
        [7.9637e-07, 2.4112e-06, 3.8575e-06,  ..., 5.6781e-06, 1.0712e-05,
         5.7394e-05]], device='cuda:0')]
DEBUG   [05-06 21:15:33] forward in Ensembler:
final predict
DEBUG   [05-06 21:15:33] forward in Ensembler:
tensor([[1.6205e-06, 8.0865e-06, 4.4854e-06,  ..., 1.1600e-06, 6.7572e-06,
         4.9984e-05],
        [2.7465e-06, 1.2331e-05, 6.6540e-06,  ..., 1.3126e-05, 4.7768e-05,
         1.0503e-04],
        [4.6713e-06, 1.5826e-05, 7.8203e-06,  ..., 3.2988e-06, 3.6442e-05,
         2.7129e-05],
        ...,
        [9.4977e-07, 5.4013e-05, 2.1142e-05,  ..., 4.4890e-05, 4.5359e-05,
         6.6624e-05],
        [9.2016e-07, 3.7473e-05, 1.8194e-05,  ..., 5.0009e-05, 2.6477e-05,
         7.0771e-05],
        [1.4909e-06, 4.3563e-06, 6.3180e-06,  ..., 1.0038e-05, 2.0111e-05,
         1.0725e-04]], device='cuda:0')
DEBUG   [05-06 21:15:33] forward in Ensembler:
final confidence
DEBUG   [05-06 21:15:33] forward in Ensembler:
tensor([0.0009, 0.0003, 0.0021,  ..., 0.0008, 0.0011, 0.0010], device='cuda:0')
INFO    [05-06 21:16:09] test_mentor in DistillTrainer:
{'Recall@10': 0.09270585044508889, 'NDCG@10': 0.053566139546178636, 'MRR@10': 0.041716047163520543, 'Recall@5': 0.06279379626115163, 'NDCG@5': 0.04397082860980715, 'MRR@5': 0.03780170459122885, 'Recall*@10': 0.09475113345043999, 'NDCG*@10': 0.05563491724786304, 'MRR*@10': 0.04375858888739631, 'Recall*@5': 0.06553314963266962, 'NDCG*@5': 0.04622993813384147, 'MRR*@5': 0.039902474997299056}
INFO    [05-06 21:16:09] train in DistillTrainer:
result:
{'Recall@10': 0.09270585044508889, 'NDCG@10': 0.053566139546178636, 'MRR@10': 0.041716047163520543, 'Recall@5': 0.06279379626115163, 'NDCG@5': 0.04397082860980715, 'MRR@5': 0.03780170459122885, 'Recall*@10': 0.09475113345043999, 'NDCG*@10': 0.05563491724786304, 'MRR*@10': 0.04375858888739631, 'Recall*@5': 0.06553314963266962, 'NDCG*@5': 0.04622993813384147, 'MRR*@5': 0.039902474997299056}
INFO    [05-06 21:16:54] log in loggers:
Update Best NDCG@10 Model at 0
INFO    [05-06 21:16:54] validate in BasicTrainer:
{'Recall@10': 0.00038364955357142856, 'NDCG@10': 0.00017753013803268827, 'MRR@10': 0.00011628512203017072, 'Recall@5': 0.00018601190476190475, 'NDCG@5': 0.00011401937046598288, 'MRR@5': 9.029327875829214e-05, 'Recall*@10': 0.00042044471705421095, 'NDCG*@10': 0.00020086784380033524, 'MRR*@10': 0.000135551542847506, 'Recall*@5': 0.00021795727938990153, 'NDCG*@5': 0.00013632915354156423, 'MRR*@5': 0.00010946368621218772}
INFO    [05-06 21:16:54] train in BasicTrainer:
epoch: 0
DEBUG   [05-06 21:16:56] calculate_loss in loss:
soft_target max: 0.7676751613616943, argmax 57334661
DEBUG   [05-06 21:16:56] calculate_loss in loss:
pred max in softmax: 4.7817906306590885e-05, argmax 23408032
INFO    [05-06 21:17:32] _train_one_epoch in BasicTrainer:
loss = 6.904884221337058
INFO    [05-06 21:18:18] log in loggers:
Update Best NDCG@10 Model at 0
INFO    [05-06 21:18:18] validate in BasicTrainer:
{'Recall@10': 0.016390525691566012, 'NDCG@10': 0.008042138335960252, 'MRR@10': 0.005528353964022938, 'Recall@5': 0.010081096419266291, 'NDCG@5': 0.006035659573085252, 'MRR@5': 0.004720183566123957, 'Recall*@10': 0.015528940152199496, 'NDCG*@10': 0.007536531581232945, 'MRR*@10': 0.005131714057088608, 'Recall*@5': 0.009432977730674403, 'NDCG*@5': 0.005598917348487746, 'MRR*@5': 0.004351903739873143}
INFO    [05-06 21:18:18] train in BasicTrainer:
duration: 83.88943839073181s
INFO    [05-06 21:18:18] train in BasicTrainer:
epoch: 1
INFO    [05-06 21:18:52] _train_one_epoch in BasicTrainer:
loss = 6.586224755373868
INFO    [05-06 21:19:38] log in loggers:
Update Best NDCG@10 Model at 1
INFO    [05-06 21:19:38] validate in BasicTrainer:
{'Recall@10': 0.018533800506875628, 'NDCG@10': 0.009147016154158683, 'MRR@10': 0.006321682361885905, 'Recall@5': 0.011375692007797105, 'NDCG@5': 0.006854853127151728, 'MRR@5': 0.005389044859579631, 'Recall*@10': 0.017973039875782672, 'NDCG*@10': 0.008679726560200964, 'MRR*@10': 0.00590041701105379, 'Recall*@5': 0.010545736954857906, 'NDCG*@5': 0.006292932045956452, 'MRR*@5': 0.0049242252328743534}
INFO    [05-06 21:19:38] train in BasicTrainer:
duration: 79.51213550567627s
INFO    [05-06 21:19:38] train in BasicTrainer:
epoch: 2
INFO    [05-06 21:20:13] _train_one_epoch in BasicTrainer:
loss = 6.507744351300326
INFO    [05-06 21:20:59] log in loggers:
Update Best NDCG@10 Model at 2
INFO    [05-06 21:21:00] validate in BasicTrainer:
{'Recall@10': 0.024772687149899348, 'NDCG@10': 0.011884317068117005, 'MRR@10': 0.008036387463410696, 'Recall@5': 0.013668525210093884, 'NDCG@5': 0.008336936456284352, 'MRR@5': 0.006597225598636128, 'Recall*@10': 0.023470581819613773, 'NDCG*@10': 0.011174342328948634, 'MRR*@10': 0.0075173858287079, 'Recall*@5': 0.012380902411504871, 'NDCG*@5': 0.007631499508750581, 'MRR*@5': 0.006080125452994946}
INFO    [05-06 21:21:00] train in BasicTrainer:
duration: 81.83982110023499s
INFO    [05-06 21:21:00] train in BasicTrainer:
epoch: 3
INFO    [05-06 21:21:34] _train_one_epoch in BasicTrainer:
loss = 6.39531320658597
INFO    [05-06 21:22:19] log in loggers:
Update Best NDCG@10 Model at 3
INFO    [05-06 21:22:19] validate in BasicTrainer:
{'Recall@10': 0.0324547423848084, 'NDCG@10': 0.015562130315672783, 'MRR@10': 0.010487498138986882, 'Recall@5': 0.01887094708425658, 'NDCG@5': 0.011205004971651803, 'MRR@5': 0.008709886244365148, 'Recall*@10': 0.03028957891677107, 'NDCG*@10': 0.014503521578652518, 'MRR*@10': 0.009767766199296429, 'Recall*@5': 0.017324999595681827, 'NDCG*@5': 0.010342362115070933, 'MRR*@5': 0.008068514832605919}
INFO    [05-06 21:22:19] train in BasicTrainer:
duration: 79.1398196220398s
INFO    [05-06 21:22:19] train in BasicTrainer:
epoch: 4
INFO    [05-06 21:22:54] _train_one_epoch in BasicTrainer:
loss = 6.2991145177321
INFO    [05-06 21:23:41] log in loggers:
Update Best NDCG@10 Model at 4
INFO    [05-06 21:23:41] validate in BasicTrainer:
{'Recall@10': 0.040646753850437346, 'NDCG@10': 0.020727620504441716, 'MRR@10': 0.01474076917483693, 'Recall@5': 0.02438489959708282, 'NDCG@5': 0.015500631493826708, 'MRR@5': 0.012601847006451516, 'Recall*@10': 0.03849494652379127, 'NDCG*@10': 0.020032269259293873, 'MRR*@10': 0.014476863623020194, 'Recall*@5': 0.023480590610277085, 'NDCG*@5': 0.01520974827664239, 'MRR*@5': 0.012505478269997098}
INFO    [05-06 21:23:41] train in BasicTrainer:
duration: 82.19939088821411s
INFO    [05-06 21:23:41] train in BasicTrainer:
epoch: 5
INFO    [05-06 21:24:16] _train_one_epoch in BasicTrainer:
loss = 6.192651306499134
INFO    [05-06 21:25:01] log in loggers:
Update Best NDCG@10 Model at 5
INFO    [05-06 21:25:01] validate in BasicTrainer:
{'Recall@10': 0.04768604359456471, 'NDCG@10': 0.023791552743031866, 'MRR@10': 0.016644501216000036, 'Recall@5': 0.026881084733066104, 'NDCG@5': 0.0170957569831184, 'MRR@5': 0.0138999174925543, 'Recall*@10': 0.04513417805234591, 'NDCG*@10': 0.022905206130374046, 'MRR*@10': 0.016242511171315397, 'Recall*@5': 0.026493966668134646, 'NDCG*@5': 0.016919420588584172, 'MRR*@5': 0.013796834275126457}
INFO    [05-06 21:25:01] train in BasicTrainer:
duration: 80.19864773750305s
INFO    [05-06 21:25:01] train in BasicTrainer:
epoch: 6
INFO    [05-06 21:25:37] _train_one_epoch in BasicTrainer:
loss = 6.115332772515037
INFO    [05-06 21:26:23] log in loggers:
Update Best NDCG@10 Model at 6
INFO    [05-06 21:26:23] validate in BasicTrainer:
{'Recall@10': 0.05281299671956471, 'NDCG@10': 0.026815339124628475, 'MRR@10': 0.019005565017106988, 'Recall@5': 0.03188015467354229, 'NDCG@5': 0.020132008673889295, 'MRR@5': 0.016296672812175183, 'Recall*@10': 0.05045449609557787, 'NDCG*@10': 0.026151801060353006, 'MRR*@10': 0.018815719788627967, 'Recall*@5': 0.031839691723386444, 'NDCG*@5': 0.020198795855754896, 'MRR*@5': 0.016397783089251744}
INFO    [05-06 21:26:23] train in BasicTrainer:
duration: 82.27738356590271s
INFO    [05-06 21:26:23] train in BasicTrainer:
epoch: 7
INFO    [05-06 21:26:59] _train_one_epoch in BasicTrainer:
loss = 6.038636207580566
INFO    [05-06 21:27:44] log in loggers:
Update Best NDCG@10 Model at 7
INFO    [05-06 21:27:44] validate in BasicTrainer:
{'Recall@10': 0.058218179359322504, 'NDCG@10': 0.0300119085503476, 'MRR@10': 0.021512174003181003, 'Recall@5': 0.03566600932251839, 'NDCG@5': 0.022799793542141004, 'MRR@5': 0.018582701416952268, 'Recall*@10': 0.05674761693392481, 'NDCG*@10': 0.029675160490331195, 'MRR*@10': 0.021494546594719093, 'Recall*@5': 0.03582038029673554, 'NDCG*@5': 0.02298093480723245, 'MRR*@5': 0.01877429766491765}
INFO    [05-06 21:27:44] train in BasicTrainer:
duration: 80.88567590713501s
INFO    [05-06 21:27:44] train in BasicTrainer:
epoch: 8
INFO    [05-06 21:28:20] _train_one_epoch in BasicTrainer:
loss = 5.963824666630138
INFO    [05-06 21:29:05] log in loggers:
Update Best NDCG@10 Model at 8
INFO    [05-06 21:29:06] validate in BasicTrainer:
{'Recall@10': 0.0626201984428224, 'NDCG@10': 0.03231101873375121, 'MRR@10': 0.023179679044655392, 'Recall@5': 0.03905737683886573, 'NDCG@5': 0.024759828334762937, 'MRR@5': 0.020103033410296553, 'Recall*@10': 0.06222753138059661, 'NDCG*@10': 0.0323212668299675, 'MRR*@10': 0.023313554092532114, 'Recall*@5': 0.03869897889949027, 'NDCG*@5': 0.024774967204956783, 'MRR*@5': 0.020235163026622364}
INFO    [05-06 21:29:06] train in BasicTrainer:
duration: 81.25064277648926s
INFO    [05-06 21:29:06] train in BasicTrainer:
epoch: 9
DEBUG   [05-06 21:29:10] calculate_loss in loss:
soft_target max: 0.6069886088371277, argmax 75015616
DEBUG   [05-06 21:29:10] calculate_loss in loss:
pred max in softmax: 0.4793141484260559, argmax 77926039
DEBUG   [05-06 21:29:10] calculate_loss in loss:
soft_target max: 0.6271157264709473, argmax 65394501
DEBUG   [05-06 21:29:10] calculate_loss in loss:
pred max in softmax: 0.33161547780036926, argmax 61629536
INFO    [05-06 21:29:41] _train_one_epoch in BasicTrainer:
loss = 5.910942537134344
INFO    [05-06 21:30:28] log in loggers:
Update Best NDCG@10 Model at 9
INFO    [05-06 21:30:28] validate in BasicTrainer:
{'Recall@10': 0.06541451492479869, 'NDCG@10': 0.034020216159877326, 'MRR@10': 0.0245612459700732, 'Recall@5': 0.04076971095942315, 'NDCG@5': 0.02611123016547589, 'MRR@5': 0.021332311089194957, 'Recall*@10': 0.06498890352391061, 'NDCG*@10': 0.033994674150432856, 'MRR*@10': 0.024653829634189606, 'Recall*@5': 0.04090157568099953, 'NDCG*@5': 0.026272169624765713, 'MRR*@5': 0.02150577905454806}
INFO    [05-06 21:30:28] train in BasicTrainer:
duration: 82.46540760993958s
INFO    [05-06 21:30:28] train in BasicTrainer:
epoch: 10
INFO    [05-06 21:31:03] _train_one_epoch in BasicTrainer:
loss = 5.872367538105358
INFO    [05-06 21:31:48] log in loggers:
Update Best NDCG@10 Model at 10
INFO    [05-06 21:31:48] validate in BasicTrainer:
{'Recall@10': 0.06905829906463623, 'NDCG@10': 0.0359056375565983, 'MRR@10': 0.02593591392395042, 'Recall@5': 0.04231258517219907, 'NDCG@5': 0.027312560095673517, 'MRR@5': 0.022422474321155322, 'Recall*@10': 0.06888371635051001, 'NDCG*@10': 0.03619153176744779, 'MRR*@10': 0.026350640647468112, 'Recall*@5': 0.04274041524955204, 'NDCG*@5': 0.02779913055045264, 'MRR*@5': 0.0229235581521477}
INFO    [05-06 21:31:48] train in BasicTrainer:
duration: 80.0587420463562s
INFO    [05-06 21:31:48] train in BasicTrainer:
epoch: 11
INFO    [05-06 21:32:24] _train_one_epoch in BasicTrainer:
loss = 5.8402462872591885
INFO    [05-06 21:33:11] log in loggers:
Update Best NDCG@10 Model at 11
INFO    [05-06 21:33:11] validate in BasicTrainer:
{'Recall@10': 0.07110108009406499, 'NDCG@10': 0.03744249489335787, 'MRR@10': 0.02729961063180651, 'Recall@5': 0.0441029497555324, 'NDCG@5': 0.028787654514114063, 'MRR@5': 0.02377252537934553, 'Recall*@10': 0.07095359088409514, 'NDCG*@10': 0.037946248338336035, 'MRR*@10': 0.02799197987076782, 'Recall*@5': 0.04469136042254312, 'NDCG*@5': 0.029522902908779326, 'MRR*@5': 0.02455627652151244}
INFO    [05-06 21:33:11] train in BasicTrainer:
duration: 82.92020153999329s
INFO    [05-06 21:33:11] train in BasicTrainer:
epoch: 12
INFO    [05-06 21:33:47] _train_one_epoch in BasicTrainer:
loss = 5.8082325198433615
INFO    [05-06 21:34:32] log in loggers:
Update Best NDCG@10 Model at 12
INFO    [05-06 21:34:32] validate in BasicTrainer:
{'Recall@10': 0.07285912902582259, 'NDCG@10': 0.03852729694474311, 'MRR@10': 0.028153546686683382, 'Recall@5': 0.04597055645925658, 'NDCG@5': 0.02988283806258724, 'MRR@5': 0.02461576005000444, 'Recall*@10': 0.07264654551233564, 'NDCG*@10': 0.038906948995732125, 'MRR*@10': 0.02870046773127147, 'Recall*@5': 0.04632845450015295, 'NDCG*@5': 0.030455535277724266, 'MRR*@5': 0.025247650930569285}
INFO    [05-06 21:34:32] train in BasicTrainer:
duration: 81.4174222946167s
INFO    [05-06 21:34:32] train in BasicTrainer:
epoch: 13
INFO    [05-06 21:35:08] _train_one_epoch in BasicTrainer:
loss = 5.7757001399993895
INFO    [05-06 21:35:55] log in loggers:
Update Best NDCG@10 Model at 13
INFO    [05-06 21:35:55] validate in BasicTrainer:
{'Recall@10': 0.07588674873113632, 'NDCG@10': 0.0407751158234619, 'MRR@10': 0.030170376190827006, 'Recall@5': 0.04867265533123698, 'NDCG@5': 0.0320399459451437, 'MRR@5': 0.026602533778973987, 'Recall*@10': 0.07617935857602529, 'NDCG*@10': 0.041579368036417735, 'MRR*@10': 0.031127990622605597, 'Recall*@5': 0.04926260454314096, 'NDCG*@5': 0.0329512364807583, 'MRR*@5': 0.027610716720422108}
INFO    [05-06 21:35:55] train in BasicTrainer:
duration: 82.35789275169373s
INFO    [05-06 21:35:55] train in BasicTrainer:
epoch: 14
INFO    [05-06 21:36:30] _train_one_epoch in BasicTrainer:
loss = 5.743695094368674
INFO    [05-06 21:37:15] log in loggers:
Update Best NDCG@10 Model at 14
INFO    [05-06 21:37:15] validate in BasicTrainer:
{'Recall@10': 0.07838628370137442, 'NDCG@10': 0.04227692669346219, 'MRR@10': 0.03136740536207244, 'Recall@5': 0.05055602586695126, 'NDCG@5': 0.03334447014189902, 'MRR@5': 0.027720211073756218, 'Recall*@10': 0.07888248172544297, 'NDCG*@10': 0.04291873584900584, 'MRR*@10': 0.03205723821052483, 'Recall*@5': 0.05106517335488683, 'NDCG*@5': 0.03398803648139749, 'MRR*@5': 0.028409659685123535}
INFO    [05-06 21:37:15] train in BasicTrainer:
duration: 80.19045186042786s
INFO    [05-06 21:37:15] train in BasicTrainer:
epoch: 15
INFO    [05-06 21:37:51] _train_one_epoch in BasicTrainer:
loss = 5.714406403628263
INFO    [05-06 21:38:37] log in loggers:
Update Best NDCG@10 Model at 15
INFO    [05-06 21:38:37] validate in BasicTrainer:
{'Recall@10': 0.08036266018946965, 'NDCG@10': 0.04347308281631697, 'MRR@10': 0.03232195556518577, 'Recall@5': 0.05175682724941345, 'NDCG@5': 0.03429752668099744, 'MRR@5': 0.028579117109378178, 'Recall*@10': 0.08091844476404644, 'NDCG*@10': 0.04422705478611447, 'MRR*@10': 0.0331398986634754, 'Recall*@5': 0.05233585923200562, 'NDCG*@5': 0.035066990447895866, 'MRR*@5': 0.029408256833751995}
INFO    [05-06 21:38:37] train in BasicTrainer:
duration: 82.33271145820618s
INFO    [05-06 21:38:37] train in BasicTrainer:
epoch: 16
INFO    [05-06 21:39:12] _train_one_epoch in BasicTrainer:
loss = 5.685380992022428
INFO    [05-06 21:39:57] log in loggers:
Update Best NDCG@10 Model at 16
INFO    [05-06 21:39:58] validate in BasicTrainer:
{'Recall@10': 0.083092148460093, 'NDCG@10': 0.04516104928084782, 'MRR@10': 0.033699184390051026, 'Recall@5': 0.053787982712189354, 'NDCG@5': 0.035752371130954655, 'MRR@5': 0.029855666327334586, 'Recall*@10': 0.08375458632196699, 'NDCG*@10': 0.046068486713227774, 'MRR*@10': 0.034675375514087226, 'Recall*@5': 0.054677813358250116, 'NDCG*@5': 0.03674058580682391, 'MRR*@5': 0.030869672607098306}
INFO    [05-06 21:39:58] train in BasicTrainer:
duration: 80.33701491355896s
INFO    [05-06 21:39:58] train in BasicTrainer:
epoch: 17
INFO    [05-06 21:40:35] _train_one_epoch in BasicTrainer:
loss = 5.660424878380516
INFO    [05-06 21:41:21] log in loggers:
Update Best NDCG@10 Model at 17
INFO    [05-06 21:41:21] validate in BasicTrainer:
{'Recall@10': 0.08445906000477928, 'NDCG@10': 0.046032018072548364, 'MRR@10': 0.03441214162324156, 'Recall@5': 0.054659913515760786, 'NDCG@5': 0.036441573252280555, 'MRR@5': 0.030480691985715003, 'Recall*@10': 0.0853527585665385, 'NDCG*@10': 0.047004396007174536, 'MRR*@10': 0.03540716018705141, 'Recall*@5': 0.05554921180009842, 'NDCG*@5': 0.0374019956659703, 'MRR*@5': 0.03146439568982238}
INFO    [05-06 21:41:21] train in BasicTrainer:
duration: 83.38570046424866s
INFO    [05-06 21:41:21] train in BasicTrainer:
epoch: 18
DEBUG   [05-06 21:41:28] calculate_loss in loss:
soft_target max: 0.6057990789413452, argmax 45116606
DEBUG   [05-06 21:41:29] calculate_loss in loss:
pred max in softmax: 0.6705034971237183, argmax 62277820
DEBUG   [05-06 21:41:29] calculate_loss in loss:
soft_target max: 0.6129466891288757, argmax 80928136
DEBUG   [05-06 21:41:29] calculate_loss in loss:
pred max in softmax: 0.9874481558799744, argmax 80928136
INFO    [05-06 21:41:57] _train_one_epoch in BasicTrainer:
loss = 5.635182809829712
INFO    [05-06 21:42:42] log in loggers:
Update Best NDCG@10 Model at 18
INFO    [05-06 21:42:42] validate in BasicTrainer:
{'Recall@10': 0.08775150988783155, 'NDCG@10': 0.04778956054222016, 'MRR@10': 0.03569088077970913, 'Recall@5': 0.05743590458517983, 'NDCG@5': 0.0380437450394744, 'MRR@5': 0.03170294163837319, 'Recall*@10': 0.08830077804270245, 'NDCG*@10': 0.04868516254992712, 'MRR*@10': 0.03669706749774161, 'Recall*@5': 0.05798243039420673, 'NDCG*@5': 0.03894998168661481, 'MRR*@5': 0.03271984530701524}
INFO    [05-06 21:42:42] train in BasicTrainer:
duration: 81.2287962436676s
INFO    [05-06 21:42:42] train in BasicTrainer:
epoch: 19
INFO    [05-06 21:43:17] _train_one_epoch in BasicTrainer:
loss = 5.610153306614269
INFO    [05-06 21:44:04] log in loggers:
Update Best NDCG@10 Model at 19
INFO    [05-06 21:44:04] validate in BasicTrainer:
{'Recall@10': 0.0896116289354506, 'NDCG@10': 0.048787167916695275, 'MRR@10': 0.03642921522259712, 'Recall@5': 0.05824556875796545, 'NDCG@5': 0.038692135896001546, 'MRR@5': 0.03229090234353429, 'Recall*@10': 0.09040060745818275, 'NDCG*@10': 0.049908176774070376, 'MRR*@10': 0.03762403964286759, 'Recall*@5': 0.06006272225862458, 'NDCG*@5': 0.0401578980187575, 'MRR*@5': 0.03363488951609248}
INFO    [05-06 21:44:04] train in BasicTrainer:
duration: 81.48539876937866s
INFO    [05-06 21:44:04] train in BasicTrainer:
epoch: 20
INFO    [05-06 21:44:39] _train_one_epoch in BasicTrainer:
loss = 5.588841763409701
INFO    [05-06 21:45:24] validate in BasicTrainer:
{'Recall@10': 0.08924295504887898, 'NDCG@10': 0.04872964233869598, 'MRR@10': 0.03648032939859799, 'Recall@5': 0.05805876868821326, 'NDCG@5': 0.038731175873960764, 'MRR@5': 0.0324040332897788, 'Recall*@10': 0.09035783048186984, 'NDCG*@10': 0.04995309011567207, 'MRR*@10': 0.03774254201423554, 'Recall*@5': 0.05931005307606289, 'NDCG*@5': 0.04002626932093075, 'MRR*@5': 0.033711678126738184}
INFO    [05-06 21:45:24] train in BasicTrainer:
duration: 80.02536225318909s
INFO    [05-06 21:45:24] train in BasicTrainer:
epoch: 21
INFO    [05-06 21:45:59] _train_one_epoch in BasicTrainer:
loss = 5.567517115853049
INFO    [05-06 21:46:45] log in loggers:
Update Best NDCG@10 Model at 21
INFO    [05-06 21:46:45] validate in BasicTrainer:
{'Recall@10': 0.0906646457456407, 'NDCG@10': 0.049970226805834544, 'MRR@10': 0.03764350978391511, 'Recall@5': 0.05994706529946554, 'NDCG@5': 0.04009905865504628, 'MRR@5': 0.03360651238333611, 'Recall*@10': 0.09173863735936937, 'NDCG*@10': 0.05105262781892504, 'MRR*@10': 0.038720041868232545, 'Recall*@5': 0.061340664469060446, 'NDCG*@5': 0.041291355199757074, 'MRR*@5': 0.034731924445146604}
INFO    [05-06 21:46:45] train in BasicTrainer:
duration: 81.47329688072205s
INFO    [05-06 21:46:45] train in BasicTrainer:
epoch: 22
INFO    [05-06 21:47:19] _train_one_epoch in BasicTrainer:
loss = 5.547138907692649
INFO    [05-06 21:48:04] log in loggers:
Update Best NDCG@10 Model at 22
INFO    [05-06 21:48:05] validate in BasicTrainer:
{'Recall@10': 0.09193264018921625, 'NDCG@10': 0.05038167216948101, 'MRR@10': 0.03779978163185574, 'Recall@5': 0.06010982571613221, 'NDCG@5': 0.0401477160907927, 'MRR@5': 0.03360881097614765, 'Recall*@10': 0.09302077761718205, 'NDCG*@10': 0.051484812228452595, 'MRR*@10': 0.03888954027068047, 'Recall*@5': 0.061447872824612115, 'NDCG*@5': 0.04132819991736185, 'MRR*@5': 0.03472864459313098}
INFO    [05-06 21:48:05] train in BasicTrainer:
duration: 79.26227736473083s
INFO    [05-06 21:48:05] train in BasicTrainer:
epoch: 23
INFO    [05-06 21:48:41] _train_one_epoch in BasicTrainer:
loss = 5.529911435734142
INFO    [05-06 21:49:27] log in loggers:
Update Best NDCG@10 Model at 23
INFO    [05-06 21:49:27] validate in BasicTrainer:
{'Recall@10': 0.09300299698398226, 'NDCG@10': 0.051249255204484576, 'MRR@10': 0.0386403589731171, 'Recall@5': 0.06025268456765583, 'NDCG@5': 0.04074473235578764, 'MRR@5': 0.03435559801402546, 'Recall*@10': 0.09375684850272678, 'NDCG*@10': 0.05216384342028981, 'MRR*@10': 0.039585202222778684, 'Recall*@5': 0.06135532596991176, 'NDCG*@5': 0.04176963315833183, 'MRR*@5': 0.035343757786211516}
INFO    [05-06 21:49:27] train in BasicTrainer:
duration: 82.62642097473145s
INFO    [05-06 21:49:27] train in BasicTrainer:
epoch: 24
INFO    [05-06 21:50:03] _train_one_epoch in BasicTrainer:
loss = 5.512029465762052
INFO    [05-06 21:50:48] log in loggers:
Update Best NDCG@10 Model at 24
INFO    [05-06 21:50:48] validate in BasicTrainer:
{'Recall@10': 0.09485897776626405, 'NDCG@10': 0.052079751200619195, 'MRR@10': 0.03914835889424596, 'Recall@5': 0.06161703453177497, 'NDCG@5': 0.041410399334771295, 'MRR@5': 0.034792296233631316, 'Recall*@10': 0.09525612741708755, 'NDCG*@10': 0.05301351650130181, 'MRR*@10': 0.040206801501058397, 'Recall*@5': 0.0634854973426887, 'NDCG*@5': 0.0428051831466811, 'MRR*@5': 0.03603217325040272}
INFO    [05-06 21:50:48] train in BasicTrainer:
duration: 81.01642727851868s
INFO    [05-06 21:50:48] train in BasicTrainer:
epoch: 25
INFO    [05-06 21:51:27] _train_one_epoch in BasicTrainer:
loss = 5.496725368499756
INFO    [05-06 21:52:52] log in loggers:
Update Best NDCG@10 Model at 25
INFO    [05-06 21:52:52] validate in BasicTrainer:
{'Recall@10': 0.094820750611169, 'NDCG@10': 0.052213774905318304, 'MRR@10': 0.039360796057042624, 'Recall@5': 0.06084894725964183, 'NDCG@5': 0.041300548861424126, 'MRR@5': 0.03489907555991695, 'Recall*@10': 0.09563966130926496, 'NDCG*@10': 0.05334388517907688, 'MRR*@10': 0.04057568258472851, 'Recall*@5': 0.062079685429732, 'NDCG*@5': 0.042570212589842935, 'MRR*@5': 0.03617515042424202}
INFO    [05-06 21:52:52] train in BasicTrainer:
duration: 123.90216135978699s
INFO    [05-06 21:52:52] train in BasicTrainer:
epoch: 26
INFO    [05-06 21:53:30] _train_one_epoch in BasicTrainer:
loss = 5.480584357001565
INFO    [05-06 21:54:46] log in loggers:
Update Best NDCG@10 Model at 26
INFO    [05-06 21:54:46] validate in BasicTrainer:
{'Recall@10': 0.09600992642697834, 'NDCG@10': 0.053188376483463105, 'MRR@10': 0.04023039216796557, 'Recall@5': 0.06289586637701307, 'NDCG@5': 0.042522751149677095, 'MRR@5': 0.035854182250442956, 'Recall*@10': 0.0962108260109311, 'NDCG*@10': 0.05399639869020099, 'MRR*@10': 0.04120662755199841, 'Recall*@5': 0.0636757007312207, 'NDCG*@5': 0.04351067099542845, 'MRR*@5': 0.036900427813331284}
INFO    [05-06 21:54:46] train in BasicTrainer:
duration: 114.38542675971985s
INFO    [05-06 21:54:46] train in BasicTrainer:
epoch: 27
DEBUG   [05-06 21:54:58] calculate_loss in loss:
soft_target max: 0.6344724297523499, argmax 24546917
DEBUG   [05-06 21:54:58] calculate_loss in loss:
pred max in softmax: 0.6002219915390015, argmax 24871165
DEBUG   [05-06 21:54:59] calculate_loss in loss:
soft_target max: 0.6501308083534241, argmax 7045664
DEBUG   [05-06 21:54:59] calculate_loss in loss:
pred max in softmax: 0.761690616607666, argmax 74993281
INFO    [05-06 21:55:24] _train_one_epoch in BasicTrainer:
loss = 5.465626603906805
INFO    [05-06 21:56:46] log in loggers:
Update Best NDCG@10 Model at 27
INFO    [05-06 21:56:46] validate in BasicTrainer:
{'Recall@10': 0.09538134790602185, 'NDCG@10': 0.053233339495602106, 'MRR@10': 0.04047637556989988, 'Recall@5': 0.06343065060320355, 'NDCG@5': 0.04298770268048559, 'MRR@5': 0.03629801369139126, 'Recall*@10': 0.09694490085045497, 'NDCG*@10': 0.054701722271385644, 'MRR*@10': 0.04190820845819655, 'Recall*@5': 0.06492224371149427, 'NDCG*@5': 0.04444542917467299, 'MRR*@5': 0.03773270778003193}
INFO    [05-06 21:56:46] train in BasicTrainer:
duration: 119.83284544944763s
INFO    [05-06 21:56:46] train in BasicTrainer:
epoch: 28
INFO    [05-06 21:57:25] _train_one_epoch in BasicTrainer:
loss = 5.451205453005704
INFO    [05-06 21:58:50] log in loggers:
Update Best NDCG@10 Model at 28
INFO    [05-06 21:58:50] validate in BasicTrainer:
{'Recall@10': 0.0966186033827918, 'NDCG@10': 0.05409461809765725, 'MRR@10': 0.041239081926289056, 'Recall@5': 0.06402770146017983, 'NDCG@5': 0.04365082457661629, 'MRR@5': 0.036984119741689594, 'Recall*@10': 0.09737576579763776, 'NDCG*@10': 0.055363352987028304, 'MRR*@10': 0.042629988952761606, 'Recall*@5': 0.06562704486506325, 'NDCG*@5': 0.04515247383997554, 'MRR*@5': 0.03844834810921124}
INFO    [05-06 21:58:50] train in BasicTrainer:
duration: 123.83063864707947s
INFO    [05-06 21:58:50] train in BasicTrainer:
epoch: 29
INFO    [05-06 21:59:26] _train_one_epoch in BasicTrainer:
loss = 5.439047228206288
INFO    [05-06 22:00:51] log in loggers:
Update Best NDCG@10 Model at 29
INFO    [05-06 22:00:51] validate in BasicTrainer:
{'Recall@10': 0.09610214403697423, 'NDCG@10': 0.05433911776968411, 'MRR@10': 0.04168195064578738, 'Recall@5': 0.06453923419827506, 'NDCG@5': 0.044190305506899244, 'MRR@5': 0.03752705437086877, 'Recall*@10': 0.09730790413561322, 'NDCG*@10': 0.05583784587326504, 'MRR*@10': 0.04324855211944807, 'Recall*@5': 0.06627472756164414, 'NDCG*@5': 0.045863550156354904, 'MRR*@5': 0.03916785883761588}
INFO    [05-06 22:00:51] train in BasicTrainer:
duration: 120.58267712593079s
INFO    [05-06 22:00:51] train in BasicTrainer:
epoch: 30
INFO    [05-06 22:01:29] _train_one_epoch in BasicTrainer:
loss = 5.422592956369574
INFO    [05-06 22:02:47] log in loggers:
Update Best NDCG@10 Model at 30
INFO    [05-06 22:02:47] validate in BasicTrainer:
{'Recall@10': 0.09816147741817292, 'NDCG@10': 0.055268305398169015, 'MRR@10': 0.042279702389524096, 'Recall@5': 0.06578811506430308, 'NDCG@5': 0.04486659612684023, 'MRR@5': 0.038025375987802236, 'Recall*@10': 0.0983378617536454, 'NDCG*@10': 0.0563570750611169, 'MRR*@10': 0.04361416931663241, 'Recall*@5': 0.06758364396435874, 'NDCG*@5': 0.046483492567425684, 'MRR*@5': 0.03958113935022127}
INFO    [05-06 22:02:47] train in BasicTrainer:
duration: 116.56223821640015s
INFO    [05-06 22:02:47] train in BasicTrainer:
epoch: 31
INFO    [05-06 22:03:25] _train_one_epoch in BasicTrainer:
loss = 5.410434289412065
INFO    [05-06 22:04:39] log in loggers:
Update Best NDCG@10 Model at 31
INFO    [05-06 22:04:39] validate in BasicTrainer:
{'Recall@10': 0.09811832436493464, 'NDCG@10': 0.055496220609971454, 'MRR@10': 0.042584892539750965, 'Recall@5': 0.06587284519558861, 'NDCG@5': 0.045117954235701335, 'MRR@5': 0.03833053544873283, 'Recall*@10': 0.0991181880235672, 'NDCG*@10': 0.05685573745341528, 'MRR*@10': 0.044037047596204845, 'Recall*@5': 0.06749392087970461, 'NDCG*@5': 0.046704843995117006, 'MRR*@5': 0.03989190413128762}
INFO    [05-06 22:04:39] train in BasicTrainer:
duration: 111.67476058006287s
INFO    [05-06 22:04:39] train in BasicTrainer:
epoch: 32
INFO    [05-06 22:05:15] _train_one_epoch in BasicTrainer:
loss = 5.398507985201749
INFO    [05-06 22:06:41] log in loggers:
Update Best NDCG@10 Model at 32
INFO    [05-06 22:06:41] validate in BasicTrainer:
{'Recall@10': 0.09840817962374006, 'NDCG@10': 0.055872686029899685, 'MRR@10': 0.04296844381661642, 'Recall@5': 0.06664763213623137, 'NDCG@5': 0.04569191840432939, 'MRR@5': 0.038819413632154465, 'Recall*@10': 0.09946028639872868, 'NDCG*@10': 0.05700624805121195, 'MRR*@10': 0.044098043016025, 'Recall*@5': 0.06825352353709084, 'NDCG*@5': 0.046981796799671086, 'MRR*@5': 0.04000019636892137}
INFO    [05-06 22:06:41] train in BasicTrainer:
duration: 122.04379177093506s
INFO    [05-06 22:06:41] train in BasicTrainer:
epoch: 33
INFO    [05-06 22:07:18] _train_one_epoch in BasicTrainer:
loss = 5.385231950066307
INFO    [05-06 22:08:43] log in loggers:
Update Best NDCG@10 Model at 33
INFO    [05-06 22:08:43] validate in BasicTrainer:
{'Recall@10': 0.09955991662683941, 'NDCG@10': 0.056491270129169734, 'MRR@10': 0.04343048128343764, 'Recall@5': 0.06676388957670756, 'NDCG@5': 0.045924385566086995, 'MRR@5': 0.03909199223631904, 'Recall*@10': 0.1007530228013084, 'NDCG*@10': 0.05793500336862746, 'MRR*@10': 0.04492633860735666, 'Recall*@5': 0.06898296837295805, 'NDCG*@5': 0.04770846398813384, 'MRR*@5': 0.04073323681950569}
INFO    [05-06 22:08:43] train in BasicTrainer:
duration: 121.75459027290344s
INFO    [05-06 22:08:43] train in BasicTrainer:
epoch: 34
INFO    [05-06 22:09:21] _train_one_epoch in BasicTrainer:
loss = 5.375272659821944
INFO    [05-06 22:10:44] log in loggers:
Update Best NDCG@10 Model at 34
INFO    [05-06 22:10:44] validate in BasicTrainer:
{'Recall@10': 0.10001745820045471, 'NDCG@10': 0.05700555532461121, 'MRR@10': 0.04395993958626475, 'Recall@5': 0.06811405221621196, 'NDCG@5': 0.04674687201068515, 'MRR@5': 0.03976024527634893, 'Recall*@10': 0.10117405298210326, 'NDCG*@10': 0.05840113723561877, 'MRR*@10': 0.045427318662405014, 'Recall*@5': 0.0689875694612662, 'NDCG*@5': 0.04804322478317079, 'MRR*@5': 0.04118198812717483}
INFO    [05-06 22:10:44] train in BasicTrainer:
duration: 121.64422535896301s
INFO    [05-06 22:10:44] train in BasicTrainer:
epoch: 35
INFO    [05-06 22:11:21] _train_one_epoch in BasicTrainer:
loss = 5.363970414074984
INFO    [05-06 22:12:34] log in loggers:
Update Best NDCG@10 Model at 35
INFO    [05-06 22:12:35] validate in BasicTrainer:
{'Recall@10': 0.09994691539378393, 'NDCG@10': 0.05709630765375637, 'MRR@10': 0.04408615188939231, 'Recall@5': 0.0675776916600409, 'NDCG@5': 0.04667948470229194, 'MRR@5': 0.03981630468652362, 'Recall*@10': 0.10092234682469141, 'NDCG*@10': 0.0583200358918735, 'MRR*@10': 0.04536016746645882, 'Recall*@5': 0.06910962611436844, 'NDCG*@5': 0.04807471040458906, 'MRR*@5': 0.04115634145481246}
INFO    [05-06 22:12:35] train in BasicTrainer:
duration: 110.11766839027405s
INFO    [05-06 22:12:35] train in BasicTrainer:
epoch: 36
DEBUG   [05-06 22:12:48] calculate_loss in loss:
soft_target max: 0.8405592441558838, argmax 26014193
DEBUG   [05-06 22:12:48] calculate_loss in loss:
pred max in softmax: 0.8657510876655579, argmax 1492160
DEBUG   [05-06 22:12:49] calculate_loss in loss:
soft_target max: 0.6748868823051453, argmax 54569532
DEBUG   [05-06 22:12:49] calculate_loss in loss:
pred max in softmax: 0.8373891115188599, argmax 80275864
INFO    [05-06 22:13:12] _train_one_epoch in BasicTrainer:
loss = 5.353495203364979
INFO    [05-06 22:14:38] log in loggers:
Update Best NDCG@10 Model at 36
INFO    [05-06 22:14:38] validate in BasicTrainer:
{'Recall@10': 0.10025253466197423, 'NDCG@10': 0.05760634779220536, 'MRR@10': 0.04465056157537869, 'Recall@5': 0.06852351483844575, 'NDCG@5': 0.047368524507397695, 'MRR@5': 0.04043874250991004, 'Recall*@10': 0.1013007103687241, 'NDCG*@10': 0.059090813533181234, 'MRR*@10': 0.04623987774054209, 'Recall*@5': 0.07039935106322878, 'NDCG*@5': 0.04912725286114784, 'MRR*@5': 0.042144834817874996}
INFO    [05-06 22:14:38] train in BasicTrainer:
duration: 123.29896855354309s
INFO    [05-06 22:14:38] train in BasicTrainer:
epoch: 37
INFO    [05-06 22:15:15] _train_one_epoch in BasicTrainer:
loss = 5.3417099432511765
INFO    [05-06 22:16:30] log in loggers:
Update Best NDCG@10 Model at 37
INFO    [05-06 22:16:30] validate in BasicTrainer:
{'Recall@10': 0.10127225021521251, 'NDCG@10': 0.058273966113726296, 'MRR@10': 0.045205273443744295, 'Recall@5': 0.06962874851056508, 'NDCG@5': 0.048107167262406575, 'MRR@5': 0.04104749414892424, 'Recall*@10': 0.10169323320899691, 'NDCG*@10': 0.05953067008938108, 'MRR*@10': 0.04668600679863067, 'Recall*@5': 0.07131894606919516, 'NDCG*@5': 0.049769733810708636, 'MRR*@5': 0.04269319311493919}
INFO    [05-06 22:16:30] train in BasicTrainer:
duration: 112.41958808898926s
INFO    [05-06 22:16:30] train in BasicTrainer:
epoch: 38
INFO    [05-06 22:17:09] _train_one_epoch in BasicTrainer:
loss = 5.332562932101163
INFO    [05-06 22:18:23] log in loggers:
Update Best NDCG@10 Model at 38
INFO    [05-06 22:18:23] validate in BasicTrainer:
{'Recall@10': 0.10285827801341102, 'NDCG@10': 0.058888079332453866, 'MRR@10': 0.04555644325557209, 'Recall@5': 0.06957396971327919, 'NDCG@5': 0.04819751495406741, 'MRR@5': 0.041186329686925524, 'Recall*@10': 0.10386809280940465, 'NDCG*@10': 0.060148807508604865, 'MRR*@10': 0.04687372045147987, 'Recall*@5': 0.07116574332827613, 'NDCG*@5': 0.04963836464143935, 'MRR*@5': 0.042573138361885435}
INFO    [05-06 22:18:23] train in BasicTrainer:
duration: 112.64163255691528s
INFO    [05-06 22:18:23] train in BasicTrainer:
epoch: 39
INFO    [05-06 22:19:00] _train_one_epoch in BasicTrainer:
loss = 5.3230328386480155
INFO    [05-06 22:19:47] log in loggers:
Update Best NDCG@10 Model at 39
INFO    [05-06 22:19:47] validate in BasicTrainer:
{'Recall@10': 0.10205945159707751, 'NDCG@10': 0.05903979053809529, 'MRR@10': 0.04596250273642086, 'Recall@5': 0.07028727801073165, 'NDCG@5': 0.048842520940871464, 'MRR@5': 0.041799328866459075, 'Recall*@10': 0.10293550470045634, 'NDCG*@10': 0.060367412332977564, 'MRR*@10': 0.04741298300879342, 'Recall*@5': 0.0717999477471624, 'NDCG*@5': 0.05039164104631969, 'MRR*@5': 0.04335006716705504}
INFO    [05-06 22:19:47] train in BasicTrainer:
duration: 84.26345348358154s
INFO    [05-06 22:19:47] train in BasicTrainer:
epoch: 40
INFO    [05-06 22:20:23] _train_one_epoch in BasicTrainer:
loss = 5.314109971306541
INFO    [05-06 22:21:09] log in loggers:
Update Best NDCG@10 Model at 40
INFO    [05-06 22:21:10] validate in BasicTrainer:
{'Recall@10': 0.10243147540660132, 'NDCG@10': 0.05966095697312128, 'MRR@10': 0.04666101790609814, 'Recall@5': 0.07108610442706517, 'NDCG@5': 0.04960063099861145, 'MRR@5': 0.042553970856325965, 'Recall*@10': 0.10328556242443267, 'NDCG*@10': 0.06097330560996419, 'MRR*@10': 0.048095954670792536, 'Recall*@5': 0.07259753878627505, 'NDCG*@5': 0.051133964742933004, 'MRR*@5': 0.04408534385618709}
INFO    [05-06 22:21:10] train in BasicTrainer:
duration: 82.54974246025085s
INFO    [05-06 22:21:10] train in BasicTrainer:
epoch: 41
INFO    [05-06 22:21:45] _train_one_epoch in BasicTrainer:
loss = 5.305195999145508
INFO    [05-06 22:22:30] validate in BasicTrainer:
{'Recall@10': 0.10265985202221643, 'NDCG@10': 0.05965817134295191, 'MRR@10': 0.04660145193338394, 'Recall@5': 0.07071329262994584, 'NDCG@5': 0.049403735037360876, 'MRR@5': 0.042414376246077676, 'Recall*@10': 0.10303465951056708, 'NDCG*@10': 0.060779738639082224, 'MRR*@10': 0.04792561630407969, 'Recall*@5': 0.07221045735336486, 'NDCG*@5': 0.05089309350365684, 'MRR*@5': 0.04389381355472973}
INFO    [05-06 22:22:30] train in BasicTrainer:
duration: 80.3595621585846s
INFO    [05-06 22:22:30] train in BasicTrainer:
epoch: 42
INFO    [05-06 22:23:06] _train_one_epoch in BasicTrainer:
loss = 5.2962644360282205
INFO    [05-06 22:23:51] log in loggers:
Update Best NDCG@10 Model at 42
INFO    [05-06 22:23:51] validate in BasicTrainer:
{'Recall@10': 0.10361730129945845, 'NDCG@10': 0.05974580365277472, 'MRR@10': 0.046426265367439816, 'Recall@5': 0.07081043649287451, 'NDCG@5': 0.04921468755319005, 'MRR@5': 0.042125924002556575, 'Recall*@10': 0.10443152026051566, 'NDCG*@10': 0.06114886257620085, 'MRR*@10': 0.047985042134920754, 'Recall*@5': 0.07243555571351733, 'NDCG*@5': 0.05089375997583071, 'MRR*@5': 0.04380615924795469}
INFO    [05-06 22:23:51] train in BasicTrainer:
duration: 81.17133450508118s
INFO    [05-06 22:23:51] train in BasicTrainer:
epoch: 43
INFO    [05-06 22:24:29] _train_one_epoch in BasicTrainer:
loss = 5.288098807768388
INFO    [05-06 22:25:16] log in loggers:
Update Best NDCG@10 Model at 43
INFO    [05-06 22:25:16] validate in BasicTrainer:
{'Recall@10': 0.10329512967949822, 'NDCG@10': 0.060240004921243304, 'MRR@10': 0.04716417406286512, 'Recall@5': 0.07089930453470775, 'NDCG@5': 0.04980599596386864, 'MRR@5': 0.0428825526365212, 'Recall*@10': 0.10387581835190456, 'NDCG*@10': 0.06140767889363425, 'MRR*@10': 0.04849545267366227, 'Recall*@5': 0.07251741701648348, 'NDCG*@5': 0.051330044333423884, 'MRR*@5': 0.04437346135576566}
INFO    [05-06 22:25:16] train in BasicTrainer:
duration: 84.51125979423523s
INFO    [05-06 22:25:16] train in BasicTrainer:
epoch: 44
INFO    [05-06 22:25:52] _train_one_epoch in BasicTrainer:
loss = 5.28100548657504
INFO    [05-06 22:26:37] log in loggers:
Update Best NDCG@10 Model at 44
INFO    [05-06 22:26:38] validate in BasicTrainer:
{'Recall@10': 0.10345789009616488, 'NDCG@10': 0.060286586838109155, 'MRR@10': 0.04715359281925928, 'Recall@5': 0.07213242139135088, 'NDCG@5': 0.050247458120187126, 'MRR@5': 0.04306337237358093, 'Recall*@10': 0.10413742810487747, 'NDCG*@10': 0.06172354377451397, 'MRR*@10': 0.04879080947665941, 'Recall*@5': 0.07376794552519209, 'NDCG*@5': 0.051982572745709194, 'MRR*@5': 0.044817078149034864}
INFO    [05-06 22:26:38] train in BasicTrainer:
duration: 81.82142400741577s
INFO    [05-06 22:26:38] train in BasicTrainer:
epoch: 45
DEBUG   [05-06 22:26:55] calculate_loss in loss:
soft_target max: 0.6315651535987854, argmax 13219437
DEBUG   [05-06 22:26:55] calculate_loss in loss:
pred max in softmax: 0.8280805945396423, argmax 70791075
DEBUG   [05-06 22:26:55] calculate_loss in loss:
soft_target max: 0.8409924507141113, argmax 19679940
DEBUG   [05-06 22:26:55] calculate_loss in loss:
pred max in softmax: 0.7081083059310913, argmax 60955226
INFO    [05-06 22:27:13] _train_one_epoch in BasicTrainer:
loss = 5.272393248297951
INFO    [05-06 22:28:00] log in loggers:
Update Best NDCG@10 Model at 45
INFO    [05-06 22:28:00] validate in BasicTrainer:
{'Recall@10': 0.1047690375929787, 'NDCG@10': 0.0608124825216475, 'MRR@10': 0.04746190795586223, 'Recall@5': 0.07201202604032698, 'NDCG@5': 0.050270166780267446, 'MRR@5': 0.043140092598540444, 'Recall*@10': 0.10566733387254533, 'NDCG*@10': 0.06208675975600878, 'MRR*@10': 0.04882554230945451, 'Recall*@5': 0.07343228870914095, 'NDCG*@5': 0.051696739558662684, 'MRR*@5': 0.04455688116805894}
INFO    [05-06 22:28:00] train in BasicTrainer:
duration: 82.35017156600952s
INFO    [05-06 22:28:00] train in BasicTrainer:
epoch: 46
INFO    [05-06 22:28:37] _train_one_epoch in BasicTrainer:
loss = 5.263355021043258
INFO    [05-06 22:29:22] log in loggers:
Update Best NDCG@10 Model at 46
INFO    [05-06 22:29:22] validate in BasicTrainer:
{'Recall@10': 0.10532293575150627, 'NDCG@10': 0.061308576060192924, 'MRR@10': 0.04793237628681319, 'Recall@5': 0.07256178593351728, 'NDCG@5': 0.050762612904821126, 'MRR@5': 0.043608383053825014, 'Recall*@10': 0.10664107650518417, 'NDCG*@10': 0.06272934572327704, 'MRR*@10': 0.04937048220918292, 'Recall*@5': 0.07425597664855775, 'NDCG*@5': 0.05232277565768787, 'MRR*@5': 0.0451140943027678}
INFO    [05-06 22:29:22] train in BasicTrainer:
duration: 82.10216569900513s
INFO    [05-06 22:29:22] train in BasicTrainer:
epoch: 47
INFO    [05-06 22:29:57] _train_one_epoch in BasicTrainer:
loss = 5.257355057109486
INFO    [05-06 22:30:43] log in loggers:
Update Best NDCG@10 Model at 47
INFO    [05-06 22:30:43] validate in BasicTrainer:
{'Recall@10': 0.10569909711678822, 'NDCG@10': 0.06193326591026215, 'MRR@10': 0.04866624020394825, 'Recall@5': 0.07244217857008889, 'NDCG@5': 0.051268809608050754, 'MRR@5': 0.044317202553862615, 'Recall*@10': 0.10695949019420714, 'NDCG*@10': 0.06371346346679188, 'MRR*@10': 0.05058434481422106, 'Recall*@5': 0.07452275745925449, 'NDCG*@5': 0.05332961164060093, 'MRR*@5': 0.046359650435901824}
INFO    [05-06 22:30:43] train in BasicTrainer:
duration: 81.37570238113403s
INFO    [05-06 22:30:43] train in BasicTrainer:
epoch: 48
INFO    [05-06 22:31:19] _train_one_epoch in BasicTrainer:
loss = 5.249746881831776
INFO    [05-06 22:32:04] validate in BasicTrainer:
{'Recall@10': 0.10464706591197423, 'NDCG@10': 0.06133480086213067, 'MRR@10': 0.04817929384963853, 'Recall@5': 0.07227863016582671, 'NDCG@5': 0.050932502994934716, 'MRR@5': 0.04392429476692563, 'Recall*@10': 0.10590556370360511, 'NDCG*@10': 0.06275192470777602, 'MRR*@10': 0.04962819388934544, 'Recall*@5': 0.07387380905094601, 'NDCG*@5': 0.05246509061682792, 'MRR*@5': 0.04542476878989311}
INFO    [05-06 22:32:04] train in BasicTrainer:
duration: 80.35447549819946s
INFO    [05-06 22:32:04] train in BasicTrainer:
epoch: 49
INFO    [05-06 22:32:40] _train_one_epoch in BasicTrainer:
loss = 5.244300387122414
INFO    [05-06 22:33:26] log in loggers:
Update Best NDCG@10 Model at 49
INFO    [05-06 22:33:26] validate in BasicTrainer:
{'Recall@10': 0.10450755698340279, 'NDCG@10': 0.06196044172559466, 'MRR@10': 0.04899405031686738, 'Recall@5': 0.07382978002230327, 'NDCG@5': 0.05205832120208513, 'MRR@5': 0.044918584859087354, 'Recall*@10': 0.10581920366911661, 'NDCG*@10': 0.06356409440437953, 'MRR*@10': 0.05067854268210275, 'Recall*@5': 0.07534171711830866, 'NDCG*@5': 0.053725412026757284, 'MRR*@5': 0.04662857861036346}
INFO    [05-06 22:33:26] train in BasicTrainer:
duration: 82.48579525947571s
INFO    [05-06 22:33:26] train in BasicTrainer:
epoch: 50
INFO    [05-06 22:34:01] _train_one_epoch in BasicTrainer:
loss = 5.237291773882779
INFO    [05-06 22:34:46] log in loggers:
Update Best NDCG@10 Model at 50
INFO    [05-06 22:34:46] validate in BasicTrainer:
{'Recall@10': 0.10496096100125994, 'NDCG@10': 0.062000387658675514, 'MRR@10': 0.04892741551711446, 'Recall@5': 0.0730658308381126, 'NDCG@5': 0.051739128749995006, 'MRR@5': 0.04472354533416884, 'Recall*@10': 0.10607295376913888, 'NDCG*@10': 0.06343556692202885, 'MRR*@10': 0.05044749130805334, 'Recall*@5': 0.07439571441639037, 'NDCG*@5': 0.05324211042551767, 'MRR*@5': 0.04627033323049545}
INFO    [05-06 22:34:46] train in BasicTrainer:
duration: 79.75143313407898s
INFO    [05-06 22:34:46] train in BasicTrainer:
epoch: 51
INFO    [05-06 22:35:22] _train_one_epoch in BasicTrainer:
loss = 5.230325490778143
INFO    [05-06 22:36:09] log in loggers:
Update Best NDCG@10 Model at 51
INFO    [05-06 22:36:09] validate in BasicTrainer:
{'Recall@10': 0.1071133003348396, 'NDCG@10': 0.06265625375367347, 'MRR@10': 0.04916240168469293, 'Recall@5': 0.07363549229644593, 'NDCG@5': 0.05190484917589596, 'MRR@5': 0.04476818300428845, 'Recall*@10': 0.10703017243317195, 'NDCG*@10': 0.06383466383530981, 'MRR*@10': 0.05067243196424984, 'Recall*@5': 0.07550626673868724, 'NDCG*@5': 0.05367579861056237, 'MRR*@5': 0.04650028812743369}
INFO    [05-06 22:36:09] train in BasicTrainer:
duration: 83.13644242286682s
INFO    [05-06 22:36:09] train in BasicTrainer:
epoch: 52
INFO    [05-06 22:36:44] _train_one_epoch in BasicTrainer:
loss = 5.224588745290583
INFO    [05-06 22:37:29] log in loggers:
Update Best NDCG@10 Model at 52
INFO    [05-06 22:37:30] validate in BasicTrainer:
{'Recall@10': 0.10689241119793483, 'NDCG@10': 0.06277074540654819, 'MRR@10': 0.049351229199341366, 'Recall@5': 0.0737326361593746, 'NDCG@5': 0.05207944377547219, 'MRR@5': 0.04495746926182792, 'Recall*@10': 0.10805691104559671, 'NDCG*@10': 0.06430003295342128, 'MRR*@10': 0.05098232396301769, 'Recall*@5': 0.07520254062754768, 'NDCG*@5': 0.05370418603221575, 'MRR*@5': 0.046626426989123934}
INFO    [05-06 22:37:30] train in BasicTrainer:
duration: 80.44190955162048s
INFO    [05-06 22:37:30] train in BasicTrainer:
epoch: 53
INFO    [05-06 22:38:06] _train_one_epoch in BasicTrainer:
loss = 5.218017148971557
INFO    [05-06 22:38:52] validate in BasicTrainer:
{'Recall@10': 0.10625220693293072, 'NDCG@10': 0.06275081386168797, 'MRR@10': 0.049501500136795495, 'Recall@5': 0.07494998971621196, 'NDCG@5': 0.052693420222827365, 'MRR@5': 0.04538830795458385, 'Recall*@10': 0.10710220925864719, 'NDCG*@10': 0.0640693088727338, 'MRR*@10': 0.05094448175458681, 'Recall*@5': 0.07630478413332076, 'NDCG*@5': 0.05418069270395097, 'MRR*@5': 0.04690426038134666}
INFO    [05-06 22:38:52] train in BasicTrainer:
duration: 82.40158867835999s
INFO    [05-06 22:38:52] train in BasicTrainer:
epoch: 54
DEBUG   [05-06 22:39:11] calculate_loss in loss:
soft_target max: 0.56727135181427, argmax 59964773
DEBUG   [05-06 22:39:11] calculate_loss in loss:
pred max in softmax: 0.9282591342926025, argmax 59964773
DEBUG   [05-06 22:39:11] calculate_loss in loss:
soft_target max: 0.6669515371322632, argmax 43701060
DEBUG   [05-06 22:39:11] calculate_loss in loss:
pred max in softmax: 0.7085462808609009, argmax 28479205
INFO    [05-06 22:39:27] _train_one_epoch in BasicTrainer:
loss = 5.212043046951294
INFO    [05-06 22:40:12] log in loggers:
Update Best NDCG@10 Model at 54
INFO    [05-06 22:40:12] validate in BasicTrainer:
{'Recall@10': 0.10643408057235536, 'NDCG@10': 0.06293843331791106, 'MRR@10': 0.04966771247841063, 'Recall@5': 0.07496910293896993, 'NDCG@5': 0.05279213473910377, 'MRR@5': 0.045497510936998185, 'Recall*@10': 0.10728700423524493, 'NDCG*@10': 0.06421860325194541, 'MRR*@10': 0.05105758813165483, 'Recall*@5': 0.07648011084113802, 'NDCG*@5': 0.05427297045077596, 'MRR*@5': 0.04696271249226162}
INFO    [05-06 22:40:12] train in BasicTrainer:
duration: 80.15748524665833s
INFO    [05-06 22:40:12] train in BasicTrainer:
epoch: 55
INFO    [05-06 22:40:48] _train_one_epoch in BasicTrainer:
loss = 5.207386060194536
INFO    [05-06 22:41:34] log in loggers:
Update Best NDCG@10 Model at 55
INFO    [05-06 22:41:35] validate in BasicTrainer:
{'Recall@10': 0.10698462880793072, 'NDCG@10': 0.06332858580918539, 'MRR@10': 0.050020250536146615, 'Recall@5': 0.07552300074270793, 'NDCG@5': 0.05320953382622628, 'MRR@5': 0.04587674992425101, 'Recall*@10': 0.10831367259933836, 'NDCG*@10': 0.0649704917200974, 'MRR*@10': 0.05173554360156968, 'Recall*@5': 0.07780217308373678, 'NDCG*@5': 0.055168108571143376, 'MRR*@5': 0.04772849930893807}
INFO    [05-06 22:41:35] train in BasicTrainer:
duration: 82.49494552612305s
INFO    [05-06 22:41:35] train in BasicTrainer:
epoch: 56
INFO    [05-06 22:42:08] _train_one_epoch in BasicTrainer:
loss = 5.200855710289695
INFO    [05-06 22:42:54] log in loggers:
Update Best NDCG@10 Model at 56
INFO    [05-06 22:42:54] validate in BasicTrainer:
{'Recall@10': 0.10750857563245864, 'NDCG@10': 0.06360374426557905, 'MRR@10': 0.05026015337733995, 'Recall@5': 0.07505048314730327, 'NDCG@5': 0.053185531426043736, 'MRR@5': 0.04600599283973376, 'Recall*@10': 0.10883210457506634, 'NDCG*@10': 0.06522327253506296, 'MRR*@10': 0.05194171872876939, 'Recall*@5': 0.07728679726521175, 'NDCG*@5': 0.055098677142744974, 'MRR*@5': 0.0478079810383774}
INFO    [05-06 22:42:54] train in BasicTrainer:
duration: 79.11841607093811s
INFO    [05-06 22:42:54] train in BasicTrainer:
epoch: 57
INFO    [05-06 22:43:29] _train_one_epoch in BasicTrainer:
loss = 5.196248795769431
INFO    [05-06 22:44:16] validate in BasicTrainer:
{'Recall@10': 0.10739566811493464, 'NDCG@10': 0.0635540827753998, 'MRR@10': 0.05022649023504484, 'Recall@5': 0.07509284821294603, 'NDCG@5': 0.05317581870726177, 'MRR@5': 0.04598264928374972, 'Recall*@10': 0.10882830832685743, 'NDCG*@10': 0.06533827135960261, 'MRR*@10': 0.05210179640423684, 'Recall*@5': 0.07715002731198356, 'NDCG*@5': 0.05516210641889345, 'MRR*@5': 0.04794123839764368}
INFO    [05-06 22:44:16] train in BasicTrainer:
duration: 82.05081367492676s
INFO    [05-06 22:44:16] train in BasicTrainer:
epoch: 58
INFO    [05-06 22:44:51] _train_one_epoch in BasicTrainer:
loss = 5.189466016942805
INFO    [05-06 22:45:36] log in loggers:
Update Best NDCG@10 Model at 58
INFO    [05-06 22:45:36] validate in BasicTrainer:
{'Recall@10': 0.10777931766850608, 'NDCG@10': 0.06456188520505315, 'MRR@10': 0.05141556688717434, 'Recall@5': 0.0765044894956407, 'NDCG@5': 0.0545259126949878, 'MRR@5': 0.04731920964661099, 'Recall*@10': 0.10927325877405349, 'NDCG*@10': 0.06618935880916459, 'MRR*@10': 0.053080409055664426, 'Recall*@5': 0.07809565180823916, 'NDCG*@5': 0.05619226875049727, 'MRR*@5': 0.049004665265480675}
INFO    [05-06 22:45:36] train in BasicTrainer:
duration: 80.26079249382019s
INFO    [05-06 22:45:36] train in BasicTrainer:
epoch: 59
INFO    [05-06 22:46:12] _train_one_epoch in BasicTrainer:
loss = 5.18695233518427
INFO    [05-06 22:46:58] validate in BasicTrainer:
{'Recall@10': 0.10796532957326799, 'NDCG@10': 0.06452084953586261, 'MRR@10': 0.051313302524033044, 'Recall@5': 0.07559689311754136, 'NDCG@5': 0.05409869746792884, 'MRR@5': 0.04703799102987562, 'Recall*@10': 0.10946880564803169, 'NDCG*@10': 0.06639003487569946, 'MRR*@10': 0.053292852959462574, 'Recall*@5': 0.07743673736140841, 'NDCG*@5': 0.05609594587059248, 'MRR*@5': 0.049081988277889434}
INFO    [05-06 22:46:58] train in BasicTrainer:
duration: 82.03357100486755s
INFO    [05-06 22:46:58] train in BasicTrainer:
epoch: 60
INFO    [05-06 22:47:33] _train_one_epoch in BasicTrainer:
loss = 5.180118088288741
INFO    [05-06 22:48:18] validate in BasicTrainer:
{'Recall@10': 0.10774778964973632, 'NDCG@10': 0.0641941133709181, 'MRR@10': 0.050955377164341155, 'Recall@5': 0.07576300345716022, 'NDCG@5': 0.0539135533784117, 'MRR@5': 0.04674835964327767, 'Recall*@10': 0.1093985718630609, 'NDCG*@10': 0.06583995567191214, 'MRR*@10': 0.052579049907979514, 'Recall*@5': 0.07778826143060412, 'NDCG*@5': 0.05569078844218027, 'MRR*@5': 0.04843234111155782}
INFO    [05-06 22:48:18] train in BasicTrainer:
duration: 80.1855776309967s
INFO    [05-06 22:48:18] train in BasicTrainer:
epoch: 61
INFO    [05-06 22:48:55] _train_one_epoch in BasicTrainer:
loss = 5.176007465882734
INFO    [05-06 22:49:41] validate in BasicTrainer:
{'Recall@10': 0.10763567047459739, 'NDCG@10': 0.06424034067562648, 'MRR@10': 0.05101515849431356, 'Recall@5': 0.07624793478420802, 'NDCG@5': 0.05414307756083352, 'MRR@5': 0.04687810760168802, 'Recall*@10': 0.10875587768497921, 'NDCG*@10': 0.06574081842388425, 'MRR*@10': 0.05260855970638139, 'Recall*@5': 0.07819307453575589, 'NDCG*@5': 0.055903820941845574, 'MRR*@5': 0.04857486557392847}
INFO    [05-06 22:49:41] train in BasicTrainer:
duration: 82.63724780082703s
INFO    [05-06 22:49:41] train in BasicTrainer:
epoch: 62
INFO    [05-06 22:50:18] _train_one_epoch in BasicTrainer:
loss = 5.1715908960862595
INFO    [05-06 22:51:05] validate in BasicTrainer:
{'Recall@10': 0.10843863515626817, 'NDCG@10': 0.06453405302904901, 'MRR@10': 0.051176633153642924, 'Recall@5': 0.07639493154627937, 'NDCG@5': 0.05421056899996031, 'MRR@5': 0.04693899090800967, 'Recall*@10': 0.1097855819832711, 'NDCG*@10': 0.0661894723418213, 'MRR*@10': 0.05290685682779267, 'Recall*@5': 0.07862827430168788, 'NDCG*@5': 0.056146204648982914, 'MRR*@5': 0.04878049787311327}
INFO    [05-06 22:51:05] train in BasicTrainer:
duration: 83.76506447792053s
INFO    [05-06 22:51:05] train in BasicTrainer:
epoch: 63
DEBUG   [05-06 22:51:28] calculate_loss in loss:
soft_target max: 0.5372132658958435, argmax 700076
DEBUG   [05-06 22:51:28] calculate_loss in loss:
pred max in softmax: 0.9740378856658936, argmax 67857058
DEBUG   [05-06 22:51:28] calculate_loss in loss:
soft_target max: 0.5729056000709534, argmax 17814275
DEBUG   [05-06 22:51:28] calculate_loss in loss:
pred max in softmax: 0.7972009181976318, argmax 45663396
INFO    [05-06 22:51:41] _train_one_epoch in BasicTrainer:
loss = 5.167790009758689
INFO    [05-06 22:52:26] validate in BasicTrainer:
{'Recall@10': 0.10844947255793072, 'NDCG@10': 0.06442478529754139, 'MRR@10': 0.051007281634069625, 'Recall@5': 0.07697286918049767, 'NDCG@5': 0.05429641192867642, 'MRR@5': 0.04685656673141888, 'Recall*@10': 0.10955378164847691, 'NDCG*@10': 0.06579895370772906, 'MRR*@10': 0.0524435220729737, 'Recall*@5': 0.0785904707653182, 'NDCG*@5': 0.05584969868262609, 'MRR*@5': 0.048374672553368976}
INFO    [05-06 22:52:26] train in BasicTrainer:
duration: 81.3788902759552s
INFO    [05-06 22:52:26] train in BasicTrainer:
epoch: 64
INFO    [05-06 22:53:03] _train_one_epoch in BasicTrainer:
loss = 5.163832538778132
INFO    [05-06 22:53:49] log in loggers:
Update Best NDCG@10 Model at 64
INFO    [05-06 22:53:49] validate in BasicTrainer:
{'Recall@10': 0.10884139793259758, 'NDCG@10': 0.06489388325384685, 'MRR@10': 0.051495361186209176, 'Recall@5': 0.076988632835093, 'NDCG@5': 0.054646294918798265, 'MRR@5': 0.04729669647557395, 'Recall*@10': 0.11040094601256507, 'NDCG*@10': 0.06657911606487774, 'MRR*@10': 0.053209079518204645, 'Recall*@5': 0.0786592871660278, 'NDCG*@5': 0.05636658679161753, 'MRR*@5': 0.04902441906077521}
INFO    [05-06 22:53:49] train in BasicTrainer:
duration: 83.39918088912964s
INFO    [05-06 22:53:49] train in BasicTrainer:
epoch: 65
INFO    [05-06 22:54:25] _train_one_epoch in BasicTrainer:
loss = 5.159103749015115
INFO    [05-06 22:55:10] log in loggers:
Update Best NDCG@10 Model at 65
INFO    [05-06 22:55:10] validate in BasicTrainer:
{'Recall@10': 0.10871351474807375, 'NDCG@10': 0.06494485586881638, 'MRR@10': 0.05161701515316963, 'Recall@5': 0.07675611795414061, 'NDCG@5': 0.054662556697924934, 'MRR@5': 0.04740389063954353, 'Recall*@10': 0.11039311367840994, 'NDCG*@10': 0.06647685755576406, 'MRR*@10': 0.05309198956404414, 'Recall*@5': 0.07843559909434546, 'NDCG*@5': 0.05619276261755398, 'MRR*@5': 0.04887719097591582}
INFO    [05-06 22:55:10] train in BasicTrainer:
duration: 80.75889348983765s
INFO    [05-06 22:55:10] train in BasicTrainer:
epoch: 66
INFO    [05-06 22:55:48] _train_one_epoch in BasicTrainer:
loss = 5.155451345443725
INFO    [05-06 22:56:35] log in loggers:
Update Best NDCG@10 Model at 66
INFO    [05-06 22:56:35] validate in BasicTrainer:
{'Recall@10': 0.10932554162683941, 'NDCG@10': 0.06542531737969035, 'MRR@10': 0.052058435266926176, 'Recall@5': 0.07713149133182708, 'NDCG@5': 0.055050419022639595, 'MRR@5': 0.04779750374811036, 'Recall*@10': 0.11070481510389418, 'NDCG*@10': 0.0668981181723731, 'MRR*@10': 0.05355054707754226, 'Recall*@5': 0.07877227309204284, 'NDCG*@5': 0.056614353898025695, 'MRR*@5': 0.0493310329814752}
INFO    [05-06 22:56:35] train in BasicTrainer:
duration: 84.90214776992798s
INFO    [05-06 22:56:35] train in BasicTrainer:
epoch: 67
INFO    [05-06 22:57:10] _train_one_epoch in BasicTrainer:
loss = 5.151285687359897
INFO    [05-06 22:57:55] validate in BasicTrainer:
{'Recall@10': 0.1091669187659309, 'NDCG@10': 0.06500313413285073, 'MRR@10': 0.05156724864528293, 'Recall@5': 0.07661247111502148, 'NDCG@5': 0.05454446659201667, 'MRR@5': 0.04729102480979193, 'Recall*@10': 0.11100017988965624, 'NDCG*@10': 0.06679456787449974, 'MRR*@10': 0.053344820581731345, 'Recall*@5': 0.07868675213484537, 'NDCG*@5': 0.056437933374018895, 'MRR*@5': 0.04912486086998667}
INFO    [05-06 22:57:55] train in BasicTrainer:
duration: 79.73716831207275s
INFO    [05-06 22:57:55] train in BasicTrainer:
epoch: 68
INFO    [05-06 22:58:30] _train_one_epoch in BasicTrainer:
loss = 5.147789829427546
INFO    [05-06 22:59:17] validate in BasicTrainer:
{'Recall@10': 0.10942268513497852, 'NDCG@10': 0.06542403534764335, 'MRR@10': 0.05201057096322378, 'Recall@5': 0.07803159987642652, 'NDCG@5': 0.05535654155980973, 'MRR@5': 0.04790423633087249, 'Recall*@10': 0.11094973023448672, 'NDCG*@10': 0.06716270957674299, 'MRR*@10': 0.05381166846269653, 'Recall*@5': 0.07987713955697559, 'NDCG*@5': 0.05721827649644443, 'MRR*@5': 0.04976793041541463}
INFO    [05-06 22:59:17] train in BasicTrainer:
duration: 81.85644507408142s
INFO    [05-06 22:59:17] train in BasicTrainer:
epoch: 69
INFO    [05-06 22:59:51] _train_one_epoch in BasicTrainer:
loss = 5.14343296397816
INFO    [05-06 23:00:36] log in loggers:
Update Best NDCG@10 Model at 69
INFO    [05-06 23:00:36] validate in BasicTrainer:
{'Recall@10': 0.11029875420388721, 'NDCG@10': 0.06614055147483236, 'MRR@10': 0.052707442215510776, 'Recall@5': 0.07766627555801756, 'NDCG@5': 0.05566082149744034, 'MRR@5': 0.04842404542224748, 'Recall*@10': 0.11133961060217448, 'NDCG*@10': 0.06776828389792215, 'MRR*@10': 0.05449617175119264, 'Recall*@5': 0.07950877043462935, 'NDCG*@5': 0.05755305680490676, 'MRR*@5': 0.050325354295117516}
INFO    [05-06 23:00:36] train in BasicTrainer:
duration: 79.50955510139465s
INFO    [05-06 23:00:36] train in BasicTrainer:
epoch: 70
INFO    [05-06 23:01:12] _train_one_epoch in BasicTrainer:
loss = 5.141459369659424
INFO    [05-06 23:01:58] log in loggers:
Update Best NDCG@10 Model at 70
INFO    [05-06 23:01:58] validate in BasicTrainer:
{'Recall@10': 0.11059688528378804, 'NDCG@10': 0.06616799834938276, 'MRR@10': 0.05266375272046952, 'Recall@5': 0.07737149404627937, 'NDCG@5': 0.05546823622924941, 'MRR@5': 0.04827297975619634, 'Recall*@10': 0.1118396988936833, 'NDCG*@10': 0.06793234869837761, 'MRR*@10': 0.05455067132910093, 'Recall*@5': 0.08011994936636516, 'NDCG*@5': 0.0577264955001218, 'MRR*@5': 0.05036826023743266}
INFO    [05-06 23:01:58] train in BasicTrainer:
duration: 82.20595717430115s
INFO    [05-06 23:01:58] train in BasicTrainer:
epoch: 71
INFO    [05-06 23:02:33] _train_one_epoch in BasicTrainer:
loss = 5.136712325703014
INFO    [05-06 23:03:18] log in loggers:
Update Best NDCG@10 Model at 71
INFO    [05-06 23:03:19] validate in BasicTrainer:
{'Recall@10': 0.1099882090375537, 'NDCG@10': 0.06619838589713686, 'MRR@10': 0.05287095301208042, 'Recall@5': 0.07790292870430719, 'NDCG@5': 0.0558597111985797, 'MRR@5': 0.048625171361934574, 'Recall*@10': 0.11086582853680566, 'NDCG*@10': 0.06766536689939953, 'MRR*@10': 0.05450302078610375, 'Recall*@5': 0.07951863322939191, 'NDCG*@5': 0.05756614233056704, 'MRR*@5': 0.05035705545118877}
INFO    [05-06 23:03:19] train in BasicTrainer:
duration: 80.19609069824219s
INFO    [05-06 23:03:19] train in BasicTrainer:
epoch: 72
DEBUG   [05-06 23:03:45] calculate_loss in loss:
soft_target max: 0.5973820686340332, argmax 30567006
DEBUG   [05-06 23:03:45] calculate_loss in loss:
pred max in softmax: 0.9460675716400146, argmax 8975473
DEBUG   [05-06 23:03:45] calculate_loss in loss:
soft_target max: 0.6470937132835388, argmax 40300303
DEBUG   [05-06 23:03:45] calculate_loss in loss:
pred max in softmax: 0.9778528809547424, argmax 40300303
INFO    [05-06 23:03:54] _train_one_epoch in BasicTrainer:
loss = 5.13448596867648
INFO    [05-06 23:04:41] log in loggers:
Update Best NDCG@10 Model at 72
INFO    [05-06 23:04:41] validate in BasicTrainer:
{'Recall@10': 0.11054210648650215, 'NDCG@10': 0.06625351700044814, 'MRR@10': 0.052789517279182165, 'Recall@5': 0.07789130296025958, 'NDCG@5': 0.055729784603629796, 'MRR@5': 0.04846591076680592, 'Recall*@10': 0.11180373777945836, 'NDCG*@10': 0.06772755937916893, 'MRR*@10': 0.054307696010385244, 'Recall*@5': 0.07969014027288981, 'NDCG*@5': 0.05738345480390957, 'MRR*@5': 0.05006198851125581}
INFO    [05-06 23:04:41] train in BasicTrainer:
duration: 82.19182133674622s
INFO    [05-06 23:04:41] train in BasicTrainer:
epoch: 73
INFO    [05-06 23:05:15] _train_one_epoch in BasicTrainer:
loss = 5.131932527368719
INFO    [05-06 23:06:00] validate in BasicTrainer:
{'Recall@10': 0.11076299562340691, 'NDCG@10': 0.06601131441337722, 'MRR@10': 0.05242162659054711, 'Recall@5': 0.07717720632042203, 'NDCG@5': 0.0551846298788275, 'MRR@5': 0.04797321327385448, 'Recall*@10': 0.11189054059130805, 'NDCG*@10': 0.06756915985828355, 'MRR*@10': 0.05410031743702434, 'Recall*@5': 0.07889829540536517, 'NDCG*@5': 0.056942153899442585, 'MRR*@5': 0.04973887758595603}
INFO    [05-06 23:06:00] train in BasicTrainer:
duration: 78.92770600318909s
INFO    [05-06 23:06:00] train in BasicTrainer:
epoch: 74
INFO    [05-06 23:06:36] _train_one_epoch in BasicTrainer:
loss = 5.128482424129139
INFO    [05-06 23:07:22] log in loggers:
Update Best NDCG@10 Model at 74
INFO    [05-06 23:07:22] validate in BasicTrainer:
{'Recall@10': 0.10989520308517274, 'NDCG@10': 0.06638808796803157, 'MRR@10': 0.05316750563326336, 'Recall@5': 0.07784814955223174, 'NDCG@5': 0.05609198446784701, 'MRR@5': 0.04895743745423499, 'Recall*@10': 0.11121202189297903, 'NDCG*@10': 0.0680434595616091, 'MRR*@10': 0.054922024586371014, 'Recall*@5': 0.07945961114906129, 'NDCG*@5': 0.05785516773660978, 'MRR*@5': 0.05076372073519798}
INFO    [05-06 23:07:22] train in BasicTrainer:
duration: 82.44929814338684s
INFO    [05-06 23:07:22] train in BasicTrainer:
epoch: 75
INFO    [05-06 23:07:58] _train_one_epoch in BasicTrainer:
loss = 5.125146128914573
INFO    [05-06 23:08:43] validate in BasicTrainer:
{'Recall@10': 0.11069816705726442, 'NDCG@10': 0.06617277612288792, 'MRR@10': 0.052629308154185615, 'Recall@5': 0.07815869507335481, 'NDCG@5': 0.05573980776326997, 'MRR@5': 0.048376455725658504, 'Recall*@10': 0.11214804968663625, 'NDCG*@10': 0.06788902073389008, 'MRR*@10': 0.054396805309114005, 'Recall*@5': 0.08044837876444771, 'NDCG*@5': 0.057720529713800976, 'MRR*@5': 0.05024906921954382}
INFO    [05-06 23:08:43] train in BasicTrainer:
duration: 81.1405303478241s
INFO    [05-06 23:08:43] train in BasicTrainer:
epoch: 76
INFO    [05-06 23:09:19] _train_one_epoch in BasicTrainer:
loss = 5.122125057740645
INFO    [05-06 23:10:05] log in loggers:
Update Best NDCG@10 Model at 76
INFO    [05-06 23:10:05] validate in BasicTrainer:
{'Recall@10': 0.11103038773650215, 'NDCG@10': 0.06651803265724864, 'MRR@10': 0.05296716963251432, 'Recall@5': 0.07796026908216022, 'NDCG@5': 0.05587696124400411, 'MRR@5': 0.04860670456574077, 'Recall*@10': 0.11216224233309428, 'NDCG*@10': 0.06826126415814672, 'MRR*@10': 0.05486505106091499, 'Recall*@5': 0.08020042060386567, 'NDCG*@5': 0.05797169712327775, 'MRR*@5': 0.05064541669118972}
INFO    [05-06 23:10:05] train in BasicTrainer:
duration: 82.00950598716736s
INFO    [05-06 23:10:05] train in BasicTrainer:
epoch: 77
INFO    [05-06 23:10:41] _train_one_epoch in BasicTrainer:
loss = 5.119156521016901
INFO    [05-06 23:11:26] validate in BasicTrainer:
{'Recall@10': 0.11018505834397815, 'NDCG@10': 0.06611449023087819, 'MRR@10': 0.05269805749966985, 'Recall@5': 0.07809229017723174, 'NDCG@5': 0.05581404126825787, 'MRR@5': 0.0484920825277056, 'Recall*@10': 0.11129737964698247, 'NDCG*@10': 0.06779245641969499, 'MRR*@10': 0.05453017070179894, 'Recall*@5': 0.07997447784457888, 'NDCG*@5': 0.05774678041537603, 'MRR*@5': 0.05043328163169679}
INFO    [05-06 23:11:26] train in BasicTrainer:
duration: 80.7000150680542s
INFO    [05-06 23:11:26] train in BasicTrainer:
epoch: 78
INFO    [05-06 23:12:02] _train_one_epoch in BasicTrainer:
loss = 5.11684741973877
INFO    [05-06 23:12:48] log in loggers:
Update Best NDCG@10 Model at 78
INFO    [05-06 23:12:48] validate in BasicTrainer:
{'Recall@10': 0.11052299326374418, 'NDCG@10': 0.06683489573853356, 'MRR@10': 0.053531563885155176, 'Recall@5': 0.07889111694835481, 'NDCG@5': 0.05667460088928541, 'MRR@5': 0.04937826238927387, 'Recall*@10': 0.11140772310041246, 'NDCG*@10': 0.0682128414156891, 'MRR*@10': 0.05503986332388151, 'Recall*@5': 0.08039616048336029, 'NDCG*@5': 0.05825132184794971, 'MRR*@5': 0.05096763248244921}
INFO    [05-06 23:12:48] train in BasicTrainer:
duration: 82.33321905136108s
INFO    [05-06 23:12:48] train in BasicTrainer:
epoch: 79
INFO    [05-06 23:13:23] _train_one_epoch in BasicTrainer:
loss = 5.113084827769886
INFO    [05-06 23:14:09] log in loggers:
Update Best NDCG@10 Model at 79
INFO    [05-06 23:14:09] validate in BasicTrainer:
{'Recall@10': 0.11113915769826799, 'NDCG@10': 0.06728901128683772, 'MRR@10': 0.053946232689278464, 'Recall@5': 0.07901486186754136, 'NDCG@5': 0.056964241145622166, 'MRR@5': 0.04972206357689131, 'Recall*@10': 0.11226602501812435, 'NDCG*@10': 0.06886859167189825, 'MRR*@10': 0.05565241706513223, 'Recall*@5': 0.08041681455714363, 'NDCG*@5': 0.058621792743603386, 'MRR*@5': 0.05145378659168879}
INFO    [05-06 23:14:09] train in BasicTrainer:
duration: 80.45715022087097s
INFO    [05-06 23:14:09] close_training in BasicTrainer:
finished training
DEBUG   [05-06 23:14:09] debug_summary in loss:
loss nan summary: nan 0 times, not nan 8801 times, ratio nan / (nan + not_nan) = 0.0
INFO    [05-06 23:14:09] run_routine in Routine:
Finished training, Start final validation
INFO    [05-06 23:14:09] final_validate in BasicTrainer:
validate model on val set!
INFO    [05-06 23:14:09] load_state_from_given_path in utils:
checkpoint epoch: 79
INFO    [05-06 23:14:09] load_state_from_given_path in utils:
Loading model's parameters
INFO    [05-06 23:14:54] validate in BasicTrainer:
{'Recall@10': 0.11113915769826799, 'NDCG@10': 0.06728901128683772, 'MRR@10': 0.053946232689278464, 'Recall@5': 0.07901486186754136, 'NDCG@5': 0.056964241145622166, 'MRR@5': 0.04972206357689131, 'Recall*@10': 0.11226602501812435, 'NDCG*@10': 0.06886859167189825, 'MRR*@10': 0.05565241706513223, 'Recall*@5': 0.08041681455714363, 'NDCG*@5': 0.058621792743603386, 'MRR*@5': 0.05145378659168879}
INFO    [05-06 23:14:54] run_routine in Routine:
Finished final validating. Result: {'Recall@10': 0.11113915769826799, 'NDCG@10': 0.06728901128683772, 'MRR@10': 0.053946232689278464, 'Recall@5': 0.07901486186754136, 'NDCG@5': 0.056964241145622166, 'MRR@5': 0.04972206357689131, 'Recall*@10': 0.11226602501812435, 'NDCG*@10': 0.06886859167189825, 'MRR*@10': 0.05565241706513223, 'Recall*@5': 0.08041681455714363, 'NDCG*@5': 0.058621792743603386, 'MRR*@5': 0.05145378659168879}
INFO    [05-06 23:14:54] _evaluate in EnsembleDistillSched:
Start testing student model on test set
INFO    [05-06 23:14:54] test in BasicTrainer:
Test model on test set!
INFO    [05-06 23:14:54] test_with_given_state_path in BasicTrainer:
Loading model params from ___movies_ep_2021/ep_narm-T-3-al-0.5-sr-0.8_05-06_21:14_0/student_narm_logs/checkpoint/best_acc_model.pth.
INFO    [05-06 23:14:54] load_state_from_given_path in utils:
checkpoint epoch: 79
INFO    [05-06 23:14:54] load_state_from_given_path in utils:
Loading model's parameters
INFO    [05-06 23:14:54] test_with_given_state_path in BasicTrainer:
Finished loading. Start testing.
INFO    [05-06 23:15:41] test_with_given_state_path in BasicTrainer:
{'Recall@10': 0.09870887228420802, 'NDCG@10': 0.05778767966798374, 'MRR@10': 0.045359961688518524, 'Recall@5': 0.06851780042052269, 'NDCG@5': 0.04809369111344928, 'MRR@5': 0.04139927490836098, 'Recall*@10': 0.10222213928188596, 'NDCG*@10': 0.06086788113628115, 'MRR*@10': 0.048304801540715356, 'Recall*@5': 0.07185681341659456, 'NDCG*@5': 0.05112881390821366, 'MRR*@5': 0.04433204819049154}
INFO    [05-06 23:15:41] _evaluate in EnsembleDistillSched:
!!Final Result!!: {'Recall@10': 0.09870887228420802, 'NDCG@10': 0.05778767966798374, 'MRR@10': 0.045359961688518524, 'Recall@5': 0.06851780042052269, 'NDCG@5': 0.04809369111344928, 'MRR@5': 0.04139927490836098, 'Recall*@10': 0.10222213928188596, 'NDCG*@10': 0.06086788113628115, 'MRR*@10': 0.048304801540715356, 'Recall*@5': 0.07185681341659456, 'NDCG*@5': 0.05112881390821366, 'MRR*@5': 0.04433204819049154}
