INFO    [05-06 01:31:52] setup_train in utils:
{
    "experiment_dir": "___el_ed_2022",
    "experiment_description": "ed",
    "describe": "{config[model_code]}-T-{config[T]}-al-{config[alpha]}",
    "dataset_name": "electronics.csv",
    "sched": "ensemble_distill",
    "model_code": "narm",
    "mentor_code": "narm",
    "mentor2_code": "narm",
    "weight_list": [
        0.5,
        0.5
    ],
    "alpha": 0.75,
    "T": 6.0,
    "training_routine": "student",
    "softmaxed_mentor": true,
    "enable_auto_path_finder": false,
    "num_epochs": 80,
    "mode": [
        "train",
        "test"
    ],
    "max_len": 10,
    "test_state_path": null,
    "model_state_path": null,
    "mentor_state_path": "___el_base_2020/base_narm_05-04_22:58_0/narm_logs/checkpoint/best_acc_model.pth",
    "mentor2_state_path": "___el_base_2021/base_narm_05-04_22:57_0/narm_logs/checkpoint/best_acc_model.pth",
    "rand_seed": 2022,
    "load_processed_dataset": true,
    "save_processed_dataset": false,
    "dataset_cache_filename": null,
    "do_remap": false,
    "weight_decay": 0,
    "decay_step": 15,
    "gamma": 0.99,
    "lr": 0.001,
    "min_length": 5,
    "min_item_inter": 5,
    "good_only": false,
    "use_rating": true,
    "test_negative_sampler_code": "random",
    "test_negative_sample_size": 0,
    "dataloader_type": "next",
    "train_batch_size": 4096,
    "val_batch_size": 4096,
    "test_batch_size": 4096,
    "prop_sliding_window": -1.0,
    "worker_number": 2,
    "metric_ks": [
        5,
        10
    ],
    "device": "cuda",
    "num_gpu": 1,
    "optimizer": "Adam",
    "best_metric": "NDCG@10",
    "show_process_bar": false,
    "enable_sample": false,
    "samples_ratio": 0.1,
    "config_file": "config2.electronics/narm/config_distill_ensemble.json",
    "task_id": 9,
    "split": "leave_one_out",
    "do_sampling": false,
    "path_for_sample": null,
    "sample_rate": 0.5,
    "sample_seed": 0,
    "train_negative_sampler_code": "random",
    "train_negative_sample_size": 100,
    "device_idx": "0",
    "momentum": null,
    "log_period_as_iter": 12800,
    "dvae_alpha": 0.5,
    "validation_rate": 0.2,
    "num_items": null,
    "start_index": 1,
    "kwargs": null
}
INFO    [05-06 01:31:52] _load_full_dataset_from_path in utils:
loading cache from /data01/wushiguang-slurm/Codes/soft-rec/Data/Cache/electronics-5-5.pkl
INFO    [05-06 01:31:53] _check_dataset_cache in utils:
check if the cache is generated under this configuration
INFO    [05-06 01:31:53] _check_dataset_cache in utils:
correct.
INFO    [05-06 01:31:53] __init__ in NextItemDataloader:
there are 29351 items in this dataset, 102187 users, padding_first? False
DEBUG   [05-06 01:32:09] generate_model in utils:
model_code_list=['narm']
INFO    [05-06 01:32:09] load_model_config in utils:
loading model narm's config file at asset/config/model/narm.json
INFO    [05-06 01:32:09] load_model_config in utils:
{
    "embedding_size": 64,
    "hidden_size": 128,
    "n_layers": 1,
    "dropout_probs": [
        0.25,
        0.5
    ]
}
WARNING [05-06 01:32:18] get_exist_path in utils:
dir ___el_ed_2022/ed_narm-T-6.0-al-0.75_05-06_01:31_t9/teacher1_narm_logs does not exist! Create one.
WARNING [05-06 01:32:18] get_exist_path in utils:
dir ___el_ed_2022/ed_narm-T-6.0-al-0.75_05-06_01:31_t9/teacher1_narm_logs/tb_vis does not exist! Create one.
WARNING [05-06 01:32:18] get_exist_path in utils:
dir ___el_ed_2022/ed_narm-T-6.0-al-0.75_05-06_01:31_t9/teacher1_narm_logs/checkpoint does not exist! Create one.
INFO    [05-06 01:32:18] load_state_from_given_path in utils:
checkpoint epoch: 59
INFO    [05-06 01:32:18] load_state_from_given_path in utils:
Loading model's parameters
INFO    [05-06 01:32:18] load_state_from_given_path in utils:
Loading optimizer's parameters
DEBUG   [05-06 01:32:18] _generate_teacher_trainer in EnsembleDistillSched:
teacher1_narm: 
NARM(
  (item_embedding): Embedding(29352, 64, padding_idx=0)
  (emb_dropout): Dropout(p=0.25, inplace=False)
  (gru): GRU(64, 128, bias=False, batch_first=True)
  (a_1): Linear(in_features=128, out_features=128, bias=False)
  (a_2): Linear(in_features=128, out_features=128, bias=False)
  (v_t): Linear(in_features=128, out_features=1, bias=False)
  (ct_dropout): Dropout(p=0.5, inplace=False)
  (b): Linear(in_features=256, out_features=64, bias=False)
  (loss_fct): CrossEntropyLoss()
)
INFO    [05-06 01:32:18] assert_model_device in utils:
model teacher1_narm has 7.63525390625 MB params.
INFO    [05-06 01:32:18] __init__ in BasicTrainer:
454656 iter per epoch
DEBUG   [05-06 01:32:18] generate_model in utils:
model_code_list=['narm']
INFO    [05-06 01:32:18] load_model_config in utils:
loading model narm's config file at asset/config/model/narm.json
INFO    [05-06 01:32:18] load_model_config in utils:
{
    "embedding_size": 64,
    "hidden_size": 128,
    "n_layers": 1,
    "dropout_probs": [
        0.25,
        0.5
    ]
}
WARNING [05-06 01:32:23] get_exist_path in utils:
dir ___el_ed_2022/ed_narm-T-6.0-al-0.75_05-06_01:31_t9/teacher2_narm_logs does not exist! Create one.
WARNING [05-06 01:32:23] get_exist_path in utils:
dir ___el_ed_2022/ed_narm-T-6.0-al-0.75_05-06_01:31_t9/teacher2_narm_logs/tb_vis does not exist! Create one.
WARNING [05-06 01:32:23] get_exist_path in utils:
dir ___el_ed_2022/ed_narm-T-6.0-al-0.75_05-06_01:31_t9/teacher2_narm_logs/checkpoint does not exist! Create one.
INFO    [05-06 01:32:23] load_state_from_given_path in utils:
checkpoint epoch: 59
INFO    [05-06 01:32:23] load_state_from_given_path in utils:
Loading model's parameters
INFO    [05-06 01:32:23] load_state_from_given_path in utils:
Loading optimizer's parameters
DEBUG   [05-06 01:32:23] _generate_teacher_trainer in EnsembleDistillSched:
teacher2_narm: 
NARM(
  (item_embedding): Embedding(29352, 64, padding_idx=0)
  (emb_dropout): Dropout(p=0.25, inplace=False)
  (gru): GRU(64, 128, bias=False, batch_first=True)
  (a_1): Linear(in_features=128, out_features=128, bias=False)
  (a_2): Linear(in_features=128, out_features=128, bias=False)
  (v_t): Linear(in_features=128, out_features=1, bias=False)
  (ct_dropout): Dropout(p=0.5, inplace=False)
  (b): Linear(in_features=256, out_features=64, bias=False)
  (loss_fct): CrossEntropyLoss()
)
INFO    [05-06 01:32:23] assert_model_device in utils:
model teacher2_narm has 7.63525390625 MB params.
INFO    [05-06 01:32:23] __init__ in BasicTrainer:
454656 iter per epoch
DEBUG   [05-06 01:32:23] generate_model in utils:
model_code_list=['narm']
INFO    [05-06 01:32:23] load_model_config in utils:
loading model narm's config file at asset/config/model/narm.json
INFO    [05-06 01:32:23] load_model_config in utils:
{
    "embedding_size": 64,
    "hidden_size": 128,
    "n_layers": 1,
    "dropout_probs": [
        0.25,
        0.5
    ]
}
WARNING [05-06 01:32:28] get_exist_path in utils:
dir ___el_ed_2022/ed_narm-T-6.0-al-0.75_05-06_01:31_t9/student_narm_logs does not exist! Create one.
WARNING [05-06 01:32:28] get_exist_path in utils:
dir ___el_ed_2022/ed_narm-T-6.0-al-0.75_05-06_01:31_t9/student_narm_logs/tb_vis does not exist! Create one.
WARNING [05-06 01:32:28] get_exist_path in utils:
dir ___el_ed_2022/ed_narm-T-6.0-al-0.75_05-06_01:31_t9/student_narm_logs/checkpoint does not exist! Create one.
WARNING [05-06 01:32:28] get_path in utils:
Path is None
WARNING [05-06 01:32:28] load_state_from_given_path in utils:
Not given any path.
DEBUG   [05-06 01:32:28] _generate_student_trainer in EnsembleDistillSched:
student_narm: 
NARM(
  (item_embedding): Embedding(29352, 64, padding_idx=0)
  (emb_dropout): Dropout(p=0.25, inplace=False)
  (gru): GRU(64, 128, bias=False, batch_first=True)
  (a_1): Linear(in_features=128, out_features=128, bias=False)
  (a_2): Linear(in_features=128, out_features=128, bias=False)
  (v_t): Linear(in_features=128, out_features=1, bias=False)
  (ct_dropout): Dropout(p=0.5, inplace=False)
  (b): Linear(in_features=256, out_features=64, bias=False)
  (loss_fct): CrossEntropyLoss()
)
INFO    [05-06 01:32:28] assert_model_device in utils:
model student_narm has 7.63525390625 MB params.
INFO    [05-06 01:32:28] assert_model_device in utils:
model mix_narm_narm has 0.0 MB params.
INFO    [05-06 01:32:28] assert_model_device in utils:
model mix_narm_narm has no param
INFO    [05-06 01:32:28] __init__ in DistillTrainer:
454656 iter per epoch
INFO    [05-06 01:32:28] _set_current_routine in Routine:
first routine: student
INFO    [05-06 01:32:28] run_routine in Routine:
Start routine student
INFO    [05-06 01:32:28] run_routine in Routine:
Start training
INFO    [05-06 01:32:28] train in DistillTrainer:
Test mentor model: mix_narm_narm
DEBUG   [05-06 01:32:28] forward in Ensembler:
raw predict
DEBUG   [05-06 01:32:28] forward in Ensembler:
[tensor([[4.9611e-06, 2.2190e-05, 3.6700e-05,  ..., 7.5914e-06, 1.5208e-05,
         8.0125e-05],
        [4.8105e-06, 5.5077e-06, 8.6878e-06,  ..., 1.0520e-05, 2.6817e-05,
         5.4533e-05],
        [9.5803e-06, 2.0575e-05, 3.1112e-05,  ..., 1.3239e-05, 6.3581e-05,
         2.6718e-05],
        ...,
        [4.0515e-06, 1.4637e-05, 3.8120e-05,  ..., 1.9952e-05, 1.8569e-05,
         6.7393e-05],
        [9.8482e-06, 2.3778e-05, 2.4067e-05,  ..., 8.3152e-06, 5.4906e-05,
         3.6871e-05],
        [4.4225e-06, 1.8175e-05, 5.9752e-05,  ..., 3.0975e-05, 2.8031e-05,
         4.4410e-05]], device='cuda:0'), tensor([[6.0906e-06, 2.8825e-05, 5.0815e-05,  ..., 1.2124e-05, 1.6917e-05,
         4.8549e-05],
        [6.2960e-06, 4.9672e-06, 2.3326e-05,  ..., 1.1138e-05, 1.0908e-05,
         2.2811e-05],
        [3.7074e-06, 1.5852e-05, 3.2142e-05,  ..., 1.6265e-05, 4.9707e-05,
         2.6012e-05],
        ...,
        [3.2958e-06, 3.5912e-05, 4.0272e-05,  ..., 1.1624e-05, 1.7117e-05,
         4.8440e-05],
        [6.0690e-06, 2.3490e-05, 5.1901e-05,  ..., 5.7935e-06, 6.4405e-05,
         5.9033e-05],
        [3.5224e-06, 4.0849e-05, 5.1661e-05,  ..., 3.0222e-05, 2.0631e-05,
         4.0850e-05]], device='cuda:0')]
DEBUG   [05-06 01:32:28] forward in Ensembler:
raw confidence
DEBUG   [05-06 01:32:28] forward in Ensembler:
[tensor([0.0002, 0.0004, 0.0001,  ..., 0.0001, 0.0002, 0.0002], device='cuda:0'), tensor([0.0002, 0.0004, 0.0002,  ..., 0.0003, 0.0002, 0.0002], device='cuda:0')]
DEBUG   [05-06 01:32:28] forward in Ensembler:
weighted predict
DEBUG   [05-06 01:32:28] forward in Ensembler:
[tensor([[2.4806e-06, 1.1095e-05, 1.8350e-05,  ..., 3.7957e-06, 7.6041e-06,
         4.0063e-05],
        [2.4052e-06, 2.7539e-06, 4.3439e-06,  ..., 5.2599e-06, 1.3408e-05,
         2.7266e-05],
        [4.7901e-06, 1.0287e-05, 1.5556e-05,  ..., 6.6193e-06, 3.1790e-05,
         1.3359e-05],
        ...,
        [2.0257e-06, 7.3187e-06, 1.9060e-05,  ..., 9.9759e-06, 9.2847e-06,
         3.3697e-05],
        [4.9241e-06, 1.1889e-05, 1.2033e-05,  ..., 4.1576e-06, 2.7453e-05,
         1.8436e-05],
        [2.2113e-06, 9.0877e-06, 2.9876e-05,  ..., 1.5488e-05, 1.4016e-05,
         2.2205e-05]], device='cuda:0'), tensor([[3.0453e-06, 1.4412e-05, 2.5408e-05,  ..., 6.0618e-06, 8.4586e-06,
         2.4275e-05],
        [3.1480e-06, 2.4836e-06, 1.1663e-05,  ..., 5.5692e-06, 5.4539e-06,
         1.1405e-05],
        [1.8537e-06, 7.9261e-06, 1.6071e-05,  ..., 8.1323e-06, 2.4853e-05,
         1.3006e-05],
        ...,
        [1.6479e-06, 1.7956e-05, 2.0136e-05,  ..., 5.8121e-06, 8.5584e-06,
         2.4220e-05],
        [3.0345e-06, 1.1745e-05, 2.5951e-05,  ..., 2.8967e-06, 3.2202e-05,
         2.9517e-05],
        [1.7612e-06, 2.0425e-05, 2.5830e-05,  ..., 1.5111e-05, 1.0316e-05,
         2.0425e-05]], device='cuda:0')]
DEBUG   [05-06 01:32:28] forward in Ensembler:
final predict
DEBUG   [05-06 01:32:28] forward in Ensembler:
tensor([[5.5259e-06, 2.5507e-05, 4.3758e-05,  ..., 9.8575e-06, 1.6063e-05,
         6.4337e-05],
        [5.5533e-06, 5.2375e-06, 1.6007e-05,  ..., 1.0829e-05, 1.8862e-05,
         3.8672e-05],
        [6.6439e-06, 1.8214e-05, 3.1627e-05,  ..., 1.4752e-05, 5.6644e-05,
         2.6365e-05],
        ...,
        [3.6736e-06, 2.5275e-05, 3.9196e-05,  ..., 1.5788e-05, 1.7843e-05,
         5.7917e-05],
        [7.9586e-06, 2.3634e-05, 3.7984e-05,  ..., 7.0543e-06, 5.9655e-05,
         4.7952e-05],
        [3.9725e-06, 2.9512e-05, 5.5706e-05,  ..., 3.0599e-05, 2.4331e-05,
         4.2630e-05]], device='cuda:0')
DEBUG   [05-06 01:32:28] forward in Ensembler:
final confidence
DEBUG   [05-06 01:32:28] forward in Ensembler:
tensor([0.0002, 0.0003, 0.0002,  ..., 0.0002, 0.0002, 0.0002], device='cuda:0')
DEBUG   [05-06 01:32:30] forward in Ensembler:
raw predict
DEBUG   [05-06 01:32:30] forward in Ensembler:
[tensor([[3.9671e-06, 2.6748e-05, 1.3217e-05,  ..., 4.6043e-05, 4.6733e-05,
         4.8558e-05],
        [4.6265e-06, 2.0601e-05, 5.4778e-05,  ..., 4.9028e-05, 3.2816e-05,
         4.3798e-05],
        [3.7198e-06, 7.1409e-06, 1.8479e-05,  ..., 5.8785e-05, 1.6396e-05,
         3.9380e-05],
        ...,
        [6.5969e-06, 1.2414e-05, 1.7643e-05,  ..., 1.2958e-05, 8.4536e-05,
         3.2194e-05],
        [3.6511e-06, 1.1910e-05, 1.0225e-05,  ..., 1.7691e-05, 4.3511e-05,
         3.2317e-05],
        [7.7274e-06, 1.0523e-05, 1.9284e-05,  ..., 9.2562e-06, 4.0597e-05,
         3.3443e-05]], device='cuda:0'), tensor([[4.7817e-06, 2.0256e-05, 2.0772e-05,  ..., 4.0658e-05, 3.0915e-05,
         4.7519e-05],
        [3.2801e-06, 5.2874e-05, 2.1997e-05,  ..., 3.1091e-05, 3.3196e-05,
         6.0660e-05],
        [7.1036e-06, 5.7722e-06, 2.0075e-05,  ..., 3.8674e-05, 1.8981e-05,
         4.5774e-05],
        ...,
        [5.4207e-06, 1.8635e-05, 1.9167e-05,  ..., 2.2151e-05, 7.1913e-05,
         2.7066e-05],
        [2.8636e-06, 1.1131e-05, 2.4349e-05,  ..., 1.2792e-05, 3.6062e-05,
         2.8525e-05],
        [1.1519e-05, 8.4722e-06, 3.0323e-05,  ..., 4.8053e-06, 9.8131e-05,
         2.5849e-05]], device='cuda:0')]
DEBUG   [05-06 01:32:30] forward in Ensembler:
raw confidence
DEBUG   [05-06 01:32:30] forward in Ensembler:
[tensor([0.0003, 0.0003, 0.0002,  ..., 0.0002, 0.0002, 0.0002], device='cuda:0'), tensor([0.0002, 0.0002, 0.0003,  ..., 0.0001, 0.0002, 0.0002], device='cuda:0')]
DEBUG   [05-06 01:32:30] forward in Ensembler:
weighted predict
DEBUG   [05-06 01:32:30] forward in Ensembler:
[tensor([[1.9836e-06, 1.3374e-05, 6.6085e-06,  ..., 2.3022e-05, 2.3367e-05,
         2.4279e-05],
        [2.3133e-06, 1.0300e-05, 2.7389e-05,  ..., 2.4514e-05, 1.6408e-05,
         2.1899e-05],
        [1.8599e-06, 3.5704e-06, 9.2396e-06,  ..., 2.9392e-05, 8.1980e-06,
         1.9690e-05],
        ...,
        [3.2985e-06, 6.2072e-06, 8.8213e-06,  ..., 6.4790e-06, 4.2268e-05,
         1.6097e-05],
        [1.8256e-06, 5.9549e-06, 5.1123e-06,  ..., 8.8456e-06, 2.1755e-05,
         1.6159e-05],
        [3.8637e-06, 5.2613e-06, 9.6418e-06,  ..., 4.6281e-06, 2.0298e-05,
         1.6722e-05]], device='cuda:0'), tensor([[2.3908e-06, 1.0128e-05, 1.0386e-05,  ..., 2.0329e-05, 1.5457e-05,
         2.3760e-05],
        [1.6400e-06, 2.6437e-05, 1.0999e-05,  ..., 1.5545e-05, 1.6598e-05,
         3.0330e-05],
        [3.5518e-06, 2.8861e-06, 1.0037e-05,  ..., 1.9337e-05, 9.4907e-06,
         2.2887e-05],
        ...,
        [2.7104e-06, 9.3174e-06, 9.5835e-06,  ..., 1.1076e-05, 3.5956e-05,
         1.3533e-05],
        [1.4318e-06, 5.5656e-06, 1.2175e-05,  ..., 6.3958e-06, 1.8031e-05,
         1.4262e-05],
        [5.7595e-06, 4.2361e-06, 1.5162e-05,  ..., 2.4026e-06, 4.9065e-05,
         1.2924e-05]], device='cuda:0')]
DEBUG   [05-06 01:32:30] forward in Ensembler:
final predict
DEBUG   [05-06 01:32:30] forward in Ensembler:
tensor([[4.3744e-06, 2.3502e-05, 1.6995e-05,  ..., 4.3350e-05, 3.8824e-05,
         4.8039e-05],
        [3.9533e-06, 3.6737e-05, 3.8388e-05,  ..., 4.0059e-05, 3.3006e-05,
         5.2229e-05],
        [5.4117e-06, 6.4565e-06, 1.9277e-05,  ..., 4.8729e-05, 1.7689e-05,
         4.2577e-05],
        ...,
        [6.0088e-06, 1.5525e-05, 1.8405e-05,  ..., 1.7555e-05, 7.8224e-05,
         2.9630e-05],
        [3.2574e-06, 1.1520e-05, 1.7287e-05,  ..., 1.5241e-05, 3.9786e-05,
         3.0421e-05],
        [9.6232e-06, 9.4974e-06, 2.4803e-05,  ..., 7.0308e-06, 6.9364e-05,
         2.9646e-05]], device='cuda:0')
DEBUG   [05-06 01:32:30] forward in Ensembler:
final confidence
DEBUG   [05-06 01:32:30] forward in Ensembler:
tensor([0.0002, 0.0003, 0.0002,  ..., 0.0002, 0.0002, 0.0002], device='cuda:0')
DEBUG   [05-06 01:32:32] forward in Ensembler:
raw predict
DEBUG   [05-06 01:32:32] forward in Ensembler:
[tensor([[3.4172e-06, 1.8429e-05, 2.4248e-05,  ..., 1.4301e-05, 3.3427e-05,
         3.8949e-05],
        [1.3479e-05, 1.3946e-05, 2.2661e-05,  ..., 2.6314e-05, 3.0130e-05,
         5.1041e-05],
        [6.3565e-06, 1.2676e-05, 3.9196e-05,  ..., 5.9266e-05, 2.4142e-05,
         2.9448e-05],
        ...,
        [4.7302e-06, 6.2775e-06, 2.0559e-05,  ..., 2.5127e-05, 2.8194e-05,
         3.2035e-05],
        [1.7898e-05, 3.9835e-06, 2.9158e-05,  ..., 3.3354e-06, 5.7024e-05,
         1.0333e-05],
        [6.3786e-06, 9.3922e-06, 1.8058e-05,  ..., 3.4156e-06, 1.1140e-04,
         9.5215e-06]], device='cuda:0'), tensor([[4.0242e-06, 1.2564e-05, 3.6229e-05,  ..., 1.9429e-05, 2.1434e-05,
         2.6568e-05],
        [1.1310e-05, 1.5878e-05, 3.7350e-05,  ..., 2.4002e-05, 3.6293e-05,
         4.9947e-05],
        [8.7394e-06, 2.3738e-05, 2.7195e-05,  ..., 8.0042e-05, 2.8456e-05,
         3.5336e-05],
        ...,
        [6.3475e-06, 7.4291e-06, 3.2039e-05,  ..., 4.0472e-05, 1.5403e-05,
         4.6706e-05],
        [1.3538e-05, 1.5113e-06, 3.3336e-05,  ..., 3.1957e-06, 1.0202e-04,
         2.0406e-05],
        [4.2699e-06, 1.0646e-05, 1.7097e-05,  ..., 4.9235e-06, 1.0680e-04,
         9.5934e-06]], device='cuda:0')]
DEBUG   [05-06 01:32:32] forward in Ensembler:
raw confidence
DEBUG   [05-06 01:32:32] forward in Ensembler:
[tensor([0.0002, 0.0001, 0.0002,  ..., 0.0004, 0.0008, 0.0006], device='cuda:0'), tensor([0.0002, 0.0001, 0.0001,  ..., 0.0003, 0.0011, 0.0004], device='cuda:0')]
DEBUG   [05-06 01:32:32] forward in Ensembler:
weighted predict
DEBUG   [05-06 01:32:32] forward in Ensembler:
[tensor([[1.7086e-06, 9.2147e-06, 1.2124e-05,  ..., 7.1506e-06, 1.6713e-05,
         1.9475e-05],
        [6.7394e-06, 6.9728e-06, 1.1331e-05,  ..., 1.3157e-05, 1.5065e-05,
         2.5521e-05],
        [3.1783e-06, 6.3378e-06, 1.9598e-05,  ..., 2.9633e-05, 1.2071e-05,
         1.4724e-05],
        ...,
        [2.3651e-06, 3.1388e-06, 1.0279e-05,  ..., 1.2563e-05, 1.4097e-05,
         1.6017e-05],
        [8.9489e-06, 1.9918e-06, 1.4579e-05,  ..., 1.6677e-06, 2.8512e-05,
         5.1667e-06],
        [3.1893e-06, 4.6961e-06, 9.0290e-06,  ..., 1.7078e-06, 5.5700e-05,
         4.7607e-06]], device='cuda:0'), tensor([[2.0121e-06, 6.2821e-06, 1.8114e-05,  ..., 9.7143e-06, 1.0717e-05,
         1.3284e-05],
        [5.6552e-06, 7.9388e-06, 1.8675e-05,  ..., 1.2001e-05, 1.8146e-05,
         2.4974e-05],
        [4.3697e-06, 1.1869e-05, 1.3598e-05,  ..., 4.0021e-05, 1.4228e-05,
         1.7668e-05],
        ...,
        [3.1738e-06, 3.7146e-06, 1.6019e-05,  ..., 2.0236e-05, 7.7017e-06,
         2.3353e-05],
        [6.7692e-06, 7.5563e-07, 1.6668e-05,  ..., 1.5978e-06, 5.1008e-05,
         1.0203e-05],
        [2.1350e-06, 5.3232e-06, 8.5483e-06,  ..., 2.4618e-06, 5.3402e-05,
         4.7967e-06]], device='cuda:0')]
DEBUG   [05-06 01:32:32] forward in Ensembler:
final predict
DEBUG   [05-06 01:32:32] forward in Ensembler:
tensor([[3.7207e-06, 1.5497e-05, 3.0238e-05,  ..., 1.6865e-05, 2.7430e-05,
         3.2759e-05],
        [1.2395e-05, 1.4912e-05, 3.0006e-05,  ..., 2.5158e-05, 3.3211e-05,
         5.0494e-05],
        [7.5480e-06, 1.8207e-05, 3.3196e-05,  ..., 6.9654e-05, 2.6299e-05,
         3.2392e-05],
        ...,
        [5.5389e-06, 6.8533e-06, 2.6299e-05,  ..., 3.2799e-05, 2.1799e-05,
         3.9370e-05],
        [1.5718e-05, 2.7474e-06, 3.1247e-05,  ..., 3.2655e-06, 7.9520e-05,
         1.5369e-05],
        [5.3243e-06, 1.0019e-05, 1.7577e-05,  ..., 4.1696e-06, 1.0910e-04,
         9.5574e-06]], device='cuda:0')
DEBUG   [05-06 01:32:32] forward in Ensembler:
final confidence
DEBUG   [05-06 01:32:32] forward in Ensembler:
tensor([0.0002, 0.0001, 0.0001,  ..., 0.0003, 0.0010, 0.0005], device='cuda:0')
DEBUG   [05-06 01:32:33] forward in Ensembler:
raw predict
DEBUG   [05-06 01:32:33] forward in Ensembler:
[tensor([[5.4175e-06, 3.0268e-05, 3.1876e-05,  ..., 3.0592e-05, 4.1070e-05,
         3.5875e-05],
        [1.0735e-05, 6.8849e-05, 3.2259e-05,  ..., 7.0664e-06, 7.1080e-05,
         3.3799e-05],
        [1.1041e-05, 1.3847e-05, 6.2476e-05,  ..., 1.2543e-05, 4.2412e-05,
         2.8596e-05],
        ...,
        [3.3053e-06, 1.9518e-05, 2.1240e-05,  ..., 1.6180e-05, 2.8387e-05,
         4.0332e-05],
        [1.1004e-05, 1.4140e-05, 1.2589e-05,  ..., 6.6777e-06, 5.4438e-05,
         2.9441e-05],
        [6.9573e-06, 2.5237e-05, 2.5481e-05,  ..., 1.6710e-05, 4.4708e-05,
         1.9561e-05]], device='cuda:0'), tensor([[4.4952e-06, 3.2807e-05, 3.3131e-05,  ..., 2.4185e-05, 2.4929e-05,
         3.5636e-05],
        [9.5590e-06, 3.7529e-05, 4.7580e-05,  ..., 2.0585e-05, 4.7192e-05,
         4.7508e-05],
        [1.0947e-05, 9.0781e-06, 4.1267e-05,  ..., 2.6933e-05, 7.5997e-05,
         6.0889e-05],
        ...,
        [2.7729e-06, 1.4049e-05, 1.9911e-05,  ..., 1.2869e-05, 2.5324e-05,
         3.1035e-05],
        [1.0252e-05, 8.1994e-06, 2.4999e-05,  ..., 6.1944e-06, 4.0726e-05,
         3.1230e-05],
        [6.1372e-06, 2.0031e-05, 2.7794e-05,  ..., 1.6637e-05, 2.6662e-05,
         3.0066e-05]], device='cuda:0')]
DEBUG   [05-06 01:32:33] forward in Ensembler:
raw confidence
DEBUG   [05-06 01:32:33] forward in Ensembler:
[tensor([0.0001, 0.0002, 0.0002,  ..., 0.0001, 0.0003, 0.0002], device='cuda:0'), tensor([0.0002, 0.0002, 0.0002,  ..., 0.0002, 0.0002, 0.0002], device='cuda:0')]
DEBUG   [05-06 01:32:33] forward in Ensembler:
weighted predict
DEBUG   [05-06 01:32:33] forward in Ensembler:
[tensor([[2.7087e-06, 1.5134e-05, 1.5938e-05,  ..., 1.5296e-05, 2.0535e-05,
         1.7938e-05],
        [5.3676e-06, 3.4424e-05, 1.6129e-05,  ..., 3.5332e-06, 3.5540e-05,
         1.6899e-05],
        [5.5206e-06, 6.9236e-06, 3.1238e-05,  ..., 6.2714e-06, 2.1206e-05,
         1.4298e-05],
        ...,
        [1.6527e-06, 9.7592e-06, 1.0620e-05,  ..., 8.0901e-06, 1.4193e-05,
         2.0166e-05],
        [5.5022e-06, 7.0698e-06, 6.2947e-06,  ..., 3.3389e-06, 2.7219e-05,
         1.4720e-05],
        [3.4787e-06, 1.2618e-05, 1.2740e-05,  ..., 8.3551e-06, 2.2354e-05,
         9.7807e-06]], device='cuda:0'), tensor([[2.2476e-06, 1.6404e-05, 1.6566e-05,  ..., 1.2092e-05, 1.2464e-05,
         1.7818e-05],
        [4.7795e-06, 1.8764e-05, 2.3790e-05,  ..., 1.0293e-05, 2.3596e-05,
         2.3754e-05],
        [5.4735e-06, 4.5390e-06, 2.0634e-05,  ..., 1.3466e-05, 3.7999e-05,
         3.0444e-05],
        ...,
        [1.3865e-06, 7.0245e-06, 9.9554e-06,  ..., 6.4343e-06, 1.2662e-05,
         1.5517e-05],
        [5.1261e-06, 4.0997e-06, 1.2499e-05,  ..., 3.0972e-06, 2.0363e-05,
         1.5615e-05],
        [3.0686e-06, 1.0016e-05, 1.3897e-05,  ..., 8.3184e-06, 1.3331e-05,
         1.5033e-05]], device='cuda:0')]
DEBUG   [05-06 01:32:33] forward in Ensembler:
final predict
DEBUG   [05-06 01:32:33] forward in Ensembler:
tensor([[4.9563e-06, 3.1538e-05, 3.2503e-05,  ..., 2.7388e-05, 3.2999e-05,
         3.5756e-05],
        [1.0147e-05, 5.3189e-05, 3.9919e-05,  ..., 1.3826e-05, 5.9136e-05,
         4.0653e-05],
        [1.0994e-05, 1.1463e-05, 5.1871e-05,  ..., 1.9738e-05, 5.9205e-05,
         4.4743e-05],
        ...,
        [3.0391e-06, 1.6784e-05, 2.0575e-05,  ..., 1.4524e-05, 2.6855e-05,
         3.5684e-05],
        [1.0628e-05, 1.1170e-05, 1.8794e-05,  ..., 6.4360e-06, 4.7582e-05,
         3.0335e-05],
        [6.5473e-06, 2.2634e-05, 2.6637e-05,  ..., 1.6674e-05, 3.5685e-05,
         2.4814e-05]], device='cuda:0')
DEBUG   [05-06 01:32:33] forward in Ensembler:
final confidence
DEBUG   [05-06 01:32:33] forward in Ensembler:
tensor([0.0001, 0.0001, 0.0002,  ..., 0.0002, 0.0002, 0.0002], device='cuda:0')
DEBUG   [05-06 01:32:35] forward in Ensembler:
raw predict
DEBUG   [05-06 01:32:35] forward in Ensembler:
[tensor([[6.4558e-06, 2.2764e-05, 2.4031e-05,  ..., 2.6368e-05, 1.4123e-05,
         5.1626e-05],
        [1.3517e-05, 1.9427e-05, 3.9213e-05,  ..., 1.4595e-05, 4.7554e-05,
         4.0226e-05],
        [3.3311e-06, 1.2821e-05, 2.1482e-05,  ..., 1.0506e-05, 2.2534e-05,
         5.4307e-05],
        ...,
        [1.7091e-05, 9.8670e-06, 2.3979e-05,  ..., 8.1217e-06, 3.8454e-05,
         4.6214e-05],
        [2.6430e-06, 2.4093e-05, 1.9145e-05,  ..., 5.1089e-05, 1.0362e-05,
         3.9820e-05],
        [2.6024e-06, 2.1348e-05, 2.5103e-05,  ..., 2.3898e-05, 1.0673e-05,
         3.2701e-05]], device='cuda:0'), tensor([[4.4915e-06, 1.4096e-05, 2.5577e-05,  ..., 8.8391e-06, 1.6872e-05,
         6.0031e-05],
        [1.0421e-05, 1.9868e-05, 4.2305e-05,  ..., 1.8362e-05, 4.2142e-05,
         2.5960e-05],
        [6.1549e-06, 1.7353e-05, 2.9656e-05,  ..., 8.6627e-06, 2.9565e-05,
         3.5910e-05],
        ...,
        [1.1893e-05, 1.0722e-05, 3.6116e-05,  ..., 4.4893e-06, 5.7456e-05,
         4.1970e-05],
        [4.2483e-06, 1.5577e-05, 1.6556e-05,  ..., 8.1498e-05, 1.0936e-05,
         6.0228e-05],
        [3.7048e-06, 1.7484e-05, 1.3390e-05,  ..., 3.8069e-05, 1.1706e-05,
         6.4303e-05]], device='cuda:0')]
DEBUG   [05-06 01:32:35] forward in Ensembler:
raw confidence
DEBUG   [05-06 01:32:35] forward in Ensembler:
[tensor([0.0003, 0.0001, 0.0001,  ..., 0.0002, 0.0002, 0.0003], device='cuda:0'), tensor([2.7856e-04, 9.2421e-05, 1.3040e-04,  ..., 2.3482e-04, 2.6401e-04,
        8.5981e-04], device='cuda:0')]
DEBUG   [05-06 01:32:35] forward in Ensembler:
weighted predict
DEBUG   [05-06 01:32:35] forward in Ensembler:
[tensor([[3.2279e-06, 1.1382e-05, 1.2015e-05,  ..., 1.3184e-05, 7.0616e-06,
         2.5813e-05],
        [6.7587e-06, 9.7133e-06, 1.9606e-05,  ..., 7.2975e-06, 2.3777e-05,
         2.0113e-05],
        [1.6656e-06, 6.4104e-06, 1.0741e-05,  ..., 5.2528e-06, 1.1267e-05,
         2.7153e-05],
        ...,
        [8.5456e-06, 4.9335e-06, 1.1990e-05,  ..., 4.0609e-06, 1.9227e-05,
         2.3107e-05],
        [1.3215e-06, 1.2047e-05, 9.5725e-06,  ..., 2.5544e-05, 5.1811e-06,
         1.9910e-05],
        [1.3012e-06, 1.0674e-05, 1.2552e-05,  ..., 1.1949e-05, 5.3364e-06,
         1.6351e-05]], device='cuda:0'), tensor([[2.2457e-06, 7.0482e-06, 1.2788e-05,  ..., 4.4195e-06, 8.4358e-06,
         3.0015e-05],
        [5.2104e-06, 9.9342e-06, 2.1152e-05,  ..., 9.1811e-06, 2.1071e-05,
         1.2980e-05],
        [3.0775e-06, 8.6766e-06, 1.4828e-05,  ..., 4.3314e-06, 1.4783e-05,
         1.7955e-05],
        ...,
        [5.9467e-06, 5.3611e-06, 1.8058e-05,  ..., 2.2446e-06, 2.8728e-05,
         2.0985e-05],
        [2.1242e-06, 7.7885e-06, 8.2779e-06,  ..., 4.0749e-05, 5.4680e-06,
         3.0114e-05],
        [1.8524e-06, 8.7420e-06, 6.6952e-06,  ..., 1.9034e-05, 5.8530e-06,
         3.2152e-05]], device='cuda:0')]
DEBUG   [05-06 01:32:35] forward in Ensembler:
final predict
DEBUG   [05-06 01:32:35] forward in Ensembler:
tensor([[5.4737e-06, 1.8430e-05, 2.4804e-05,  ..., 1.7603e-05, 1.5497e-05,
         5.5829e-05],
        [1.1969e-05, 1.9648e-05, 4.0759e-05,  ..., 1.6479e-05, 4.4848e-05,
         3.3093e-05],
        [4.7430e-06, 1.5087e-05, 2.5569e-05,  ..., 9.5842e-06, 2.6049e-05,
         4.5108e-05],
        ...,
        [1.4492e-05, 1.0295e-05, 3.0047e-05,  ..., 6.3055e-06, 4.7955e-05,
         4.4092e-05],
        [3.4457e-06, 1.9835e-05, 1.7850e-05,  ..., 6.6293e-05, 1.0649e-05,
         5.0024e-05],
        [3.1536e-06, 1.9416e-05, 1.9247e-05,  ..., 3.0983e-05, 1.1189e-05,
         4.8502e-05]], device='cuda:0')
DEBUG   [05-06 01:32:35] forward in Ensembler:
final confidence
DEBUG   [05-06 01:32:35] forward in Ensembler:
tensor([2.6675e-04, 9.6928e-05, 1.3828e-04,  ..., 2.0344e-04, 2.4045e-04,
        5.7500e-04], device='cuda:0')
INFO    [05-06 01:33:09] test_mentor in DistillTrainer:
{'Recall@10': 0.05965177997946739, 'NDCG@10': 0.03558096393942833, 'MRR@10': 0.028258023113012315, 'Recall@5': 0.04187829971313477, 'NDCG@5': 0.029849533662199973, 'MRR@5': 0.02590215042233467, 'Recall*@10': 0.06369644612073898, 'NDCG*@10': 0.03785533830523491, 'MRR*@10': 0.02999197319149971, 'Recall*@5': 0.04467217043042183, 'NDCG*@5': 0.03171568773686886, 'MRR*@5': 0.027465640902519226}
INFO    [05-06 01:33:09] train in DistillTrainer:
result:
{'Recall@10': 0.05965177997946739, 'NDCG@10': 0.03558096393942833, 'MRR@10': 0.028258023113012315, 'Recall@5': 0.04187829971313477, 'NDCG@5': 0.029849533662199973, 'MRR@5': 0.02590215042233467, 'Recall*@10': 0.06369644612073898, 'NDCG*@10': 0.03785533830523491, 'MRR*@10': 0.02999197319149971, 'Recall*@5': 0.04467217043042183, 'NDCG*@5': 0.03171568773686886, 'MRR*@5': 0.027465640902519226}
INFO    [05-06 01:33:48] log in loggers:
Update Best NDCG@10 Model at 0
INFO    [05-06 01:33:48] validate in BasicTrainer:
{'Recall@10': 0.00033203125, 'NDCG@10': 0.00014112540433416142, 'MRR@10': 8.473617323033978e-05, 'Recall@5': 0.000146484375, 'NDCG@5': 8.149782719556242e-05, 'MRR@5': 6.03841150586959e-05, 'Recall*@10': 0.00031247938983142376, 'NDCG*@10': 0.00013840028928825633, 'MRR*@10': 8.687235858815257e-05, 'Recall*@5': 0.00014406405622139574, 'NDCG*@5': 8.445796614978463e-05, 'MRR*@5': 6.494511442724616e-05}
INFO    [05-06 01:33:48] train in BasicTrainer:
epoch: 0
DEBUG   [05-06 01:33:49] calculate_loss in loss:
soft_target max: 0.5023632049560547, argmax 87328153
DEBUG   [05-06 01:33:49] calculate_loss in loss:
pred max in softmax: 3.422421286813915e-05, argmax 110193085
INFO    [05-06 01:34:07] _train_one_epoch in BasicTrainer:
loss = 5.756461701951586
INFO    [05-06 01:34:48] log in loggers:
Update Best NDCG@10 Model at 0
INFO    [05-06 01:34:48] validate in BasicTrainer:
{'Recall@10': 0.03680994033813476, 'NDCG@10': 0.018581214472651483, 'MRR@10': 0.013041996695101261, 'Recall@5': 0.023697218373417855, 'NDCG@5': 0.014364063329994679, 'MRR@5': 0.011314760074019431, 'Recall*@10': 0.039804897159338, 'NDCG*@10': 0.020513327792286873, 'MRR*@10': 0.014645371176302433, 'Recall*@5': 0.025748114958405496, 'NDCG*@5': 0.01599956225603819, 'MRR*@5': 0.012800876796245576}
INFO    [05-06 01:34:48] train in BasicTrainer:
duration: 59.59346866607666s
INFO    [05-06 01:34:48] train in BasicTrainer:
epoch: 1
INFO    [05-06 01:35:05] _train_one_epoch in BasicTrainer:
loss = 5.513923344311413
INFO    [05-06 01:35:45] log in loggers:
Update Best NDCG@10 Model at 1
INFO    [05-06 01:35:45] validate in BasicTrainer:
{'Recall@10': 0.03643563240766525, 'NDCG@10': 0.01969906821846962, 'MRR@10': 0.014612538889050484, 'Recall@5': 0.024001024141907693, 'NDCG@5': 0.015703131146728992, 'MRR@5': 0.012978012561798096, 'Recall*@10': 0.03960184574127197, 'NDCG*@10': 0.021632161736488343, 'MRR*@10': 0.016168705262243746, 'Recall*@5': 0.026255407333374024, 'NDCG*@5': 0.01734264422208071, 'MRR*@5': 0.014413892254233361}
INFO    [05-06 01:35:45] train in BasicTrainer:
duration: 57.25596642494202s
INFO    [05-06 01:35:45] train in BasicTrainer:
epoch: 2
INFO    [05-06 01:36:04] _train_one_epoch in BasicTrainer:
loss = 5.409338336807114
INFO    [05-06 01:36:44] log in loggers:
Update Best NDCG@10 Model at 2
INFO    [05-06 01:36:45] validate in BasicTrainer:
{'Recall@10': 0.03928880199790001, 'NDCG@10': 0.02117206946015358, 'MRR@10': 0.015680333711206914, 'Recall@5': 0.02566493019461632, 'NDCG@5': 0.016800368502736092, 'MRR@5': 0.01389612466096878, 'Recall*@10': 0.04263289794325829, 'NDCG*@10': 0.023296302184462547, 'MRR*@10': 0.017430791147053242, 'Recall*@5': 0.02803474947810173, 'NDCG*@5': 0.018601429015398026, 'MRR*@5': 0.015508557967841625}
INFO    [05-06 01:36:45] train in BasicTrainer:
duration: 59.4776816368103s
INFO    [05-06 01:36:45] train in BasicTrainer:
epoch: 3
INFO    [05-06 01:37:02] _train_one_epoch in BasicTrainer:
loss = 5.33902425594158
INFO    [05-06 01:37:43] log in loggers:
Update Best NDCG@10 Model at 3
INFO    [05-06 01:37:43] validate in BasicTrainer:
{'Recall@10': 0.041908667981624605, 'NDCG@10': 0.022606993615627288, 'MRR@10': 0.016736959256231785, 'Recall@5': 0.02766688331961632, 'NDCG@5': 0.01802322991192341, 'MRR@5': 0.01485778670758009, 'Recall*@10': 0.04546192228794098, 'NDCG*@10': 0.024711607992649078, 'MRR*@10': 0.01840318214148283, 'Recall*@5': 0.030140272900462152, 'NDCG*@5': 0.019783788248896598, 'MRR*@5': 0.016385048106312753}
INFO    [05-06 01:37:43] train in BasicTrainer:
duration: 58.3960747718811s
INFO    [05-06 01:37:43] train in BasicTrainer:
epoch: 4
INFO    [05-06 01:38:00] _train_one_epoch in BasicTrainer:
loss = 5.297040784681165
INFO    [05-06 01:38:39] log in loggers:
Update Best NDCG@10 Model at 4
INFO    [05-06 01:38:40] validate in BasicTrainer:
{'Recall@10': 0.04424949303269386, 'NDCG@10': 0.02360571302473545, 'MRR@10': 0.017335760034620763, 'Recall@5': 0.028903780281543733, 'NDCG@5': 0.01866804115474224, 'MRR@5': 0.015312377288937569, 'Recall*@10': 0.04822218582034111, 'NDCG*@10': 0.025880719497799874, 'MRR*@10': 0.019098095819354056, 'Recall*@5': 0.03163297824561596, 'NDCG*@5': 0.02054690904915333, 'MRR*@5': 0.016914601288735866}
INFO    [05-06 01:38:40] train in BasicTrainer:
duration: 56.649659156799316s
INFO    [05-06 01:38:40] train in BasicTrainer:
epoch: 5
INFO    [05-06 01:38:58] _train_one_epoch in BasicTrainer:
loss = 5.2379631652488365
INFO    [05-06 01:39:38] log in loggers:
Update Best NDCG@10 Model at 5
INFO    [05-06 01:39:38] validate in BasicTrainer:
{'Recall@10': 0.04787896811962128, 'NDCG@10': 0.025995278656482698, 'MRR@10': 0.01933957800269127, 'Recall@5': 0.032026514410972595, 'NDCG@5': 0.02089040622115135, 'MRR@5': 0.017244885712862014, 'Recall*@10': 0.051764604300260544, 'NDCG*@10': 0.02828991286456585, 'MRR*@10': 0.021154017299413682, 'Recall*@5': 0.03463100969791413, 'NDCG*@5': 0.022768971547484397, 'MRR*@5': 0.018886447623372077}
INFO    [05-06 01:39:38] train in BasicTrainer:
duration: 58.47977066040039s
INFO    [05-06 01:39:38] train in BasicTrainer:
epoch: 6
INFO    [05-06 01:39:55] _train_one_epoch in BasicTrainer:
loss = 5.182020866119109
INFO    [05-06 01:40:35] log in loggers:
Update Best NDCG@10 Model at 6
INFO    [05-06 01:40:35] validate in BasicTrainer:
{'Recall@10': 0.04930796355009079, 'NDCG@10': 0.026830246299505235, 'MRR@10': 0.019995178133249282, 'Recall@5': 0.032724694907665254, 'NDCG@5': 0.021507319584488867, 'MRR@5': 0.017821379229426382, 'Recall*@10': 0.0533791971206665, 'NDCG*@10': 0.02916114166378975, 'MRR*@10': 0.02179606631398201, 'Recall*@5': 0.03556140422821045, 'NDCG*@5': 0.023437257632613184, 'MRR*@5': 0.019455773457884788}
INFO    [05-06 01:40:35] train in BasicTrainer:
duration: 56.94784617424011s
INFO    [05-06 01:40:35] train in BasicTrainer:
epoch: 7
INFO    [05-06 01:40:53] _train_one_epoch in BasicTrainer:
loss = 5.147556678668873
INFO    [05-06 01:41:34] log in loggers:
Update Best NDCG@10 Model at 7
INFO    [05-06 01:41:34] validate in BasicTrainer:
{'Recall@10': 0.05011743903160095, 'NDCG@10': 0.027454328164458273, 'MRR@10': 0.020554053634405135, 'Recall@5': 0.03339905872941017, 'NDCG@5': 0.022065606266260147, 'MRR@5': 0.018340198025107383, 'Recall*@10': 0.05427294701337814, 'NDCG*@10': 0.029820814952254294, 'MRR*@10': 0.022379109635949135, 'Recall*@5': 0.03618664041161537, 'NDCG*@5': 0.02398530289530754, 'MRR*@5': 0.019978255853056907}
INFO    [05-06 01:41:34] train in BasicTrainer:
duration: 59.040581941604614s
INFO    [05-06 01:41:34] train in BasicTrainer:
epoch: 8
INFO    [05-06 01:41:52] _train_one_epoch in BasicTrainer:
loss = 5.120463740718257
INFO    [05-06 01:42:32] log in loggers:
Update Best NDCG@10 Model at 8
INFO    [05-06 01:42:32] validate in BasicTrainer:
{'Recall@10': 0.05121333181858063, 'NDCG@10': 0.028171238526701926, 'MRR@10': 0.021175481379032135, 'Recall@5': 0.03377015247941017, 'NDCG@5': 0.02255386047065258, 'MRR@5': 0.01887093096971512, 'Recall*@10': 0.05546988353133202, 'NDCG*@10': 0.03060842163860798, 'MRR*@10': 0.023058907315135, 'Recall*@5': 0.03669276624917984, 'NDCG*@5': 0.02455535776913166, 'MRR*@5': 0.02057203471660614}
INFO    [05-06 01:42:32] train in BasicTrainer:
duration: 57.972880125045776s
INFO    [05-06 01:42:32] train in BasicTrainer:
epoch: 9
DEBUG   [05-06 01:42:33] calculate_loss in loss:
soft_target max: 0.5031329393386841, argmax 57202615
DEBUG   [05-06 01:42:33] calculate_loss in loss:
pred max in softmax: 0.09862774610519409, argmax 121248
DEBUG   [05-06 01:42:33] calculate_loss in loss:
soft_target max: 0.5074549317359924, argmax 100450029
DEBUG   [05-06 01:42:33] calculate_loss in loss:
pred max in softmax: 0.09501609206199646, argmax 99401043
INFO    [05-06 01:42:49] _train_one_epoch in BasicTrainer:
loss = 5.096281068819064
INFO    [05-06 01:43:29] log in loggers:
Update Best NDCG@10 Model at 9
INFO    [05-06 01:43:29] validate in BasicTrainer:
{'Recall@10': 0.051634860783815385, 'NDCG@10': 0.028584669828414917, 'MRR@10': 0.02158171497285366, 'Recall@5': 0.034520498514175414, 'NDCG@5': 0.023080151677131653, 'MRR@5': 0.019327594861388207, 'Recall*@10': 0.05594936013221741, 'NDCG*@10': 0.031017480045557023, 'MRR*@10': 0.02344463050365448, 'Recall*@5': 0.037384910658001896, 'NDCG*@5': 0.02504161946475506, 'MRR*@5': 0.02099459670484066}
INFO    [05-06 01:43:29] train in BasicTrainer:
duration: 56.992929458618164s
INFO    [05-06 01:43:29] train in BasicTrainer:
epoch: 10
INFO    [05-06 01:43:46] _train_one_epoch in BasicTrainer:
loss = 5.07305502247166
INFO    [05-06 01:44:26] log in loggers:
Update Best NDCG@10 Model at 10
INFO    [05-06 01:44:27] validate in BasicTrainer:
{'Recall@10': 0.05204823106527329, 'NDCG@10': 0.028697516173124313, 'MRR@10': 0.02158990278840065, 'Recall@5': 0.03514001846313477, 'NDCG@5': 0.023262488916516305, 'MRR@5': 0.019365896694362162, 'Recall*@10': 0.05663226068019867, 'NDCG*@10': 0.031343068554997446, 'MRR*@10': 0.023652606755495072, 'Recall*@5': 0.038184474930167196, 'NDCG*@5': 0.02541278026998043, 'MRR*@5': 0.02122563272714615}
INFO    [05-06 01:44:27] train in BasicTrainer:
duration: 57.73140001296997s
INFO    [05-06 01:44:27] train in BasicTrainer:
epoch: 11
INFO    [05-06 01:44:44] _train_one_epoch in BasicTrainer:
loss = 5.05027065191183
INFO    [05-06 01:45:24] log in loggers:
Update Best NDCG@10 Model at 11
INFO    [05-06 01:45:24] validate in BasicTrainer:
{'Recall@10': 0.053528733104467395, 'NDCG@10': 0.029611091390252114, 'MRR@10': 0.022350086122751234, 'Recall@5': 0.03580354526638985, 'NDCG@5': 0.023912132754921912, 'MRR@5': 0.020017056092619896, 'Recall*@10': 0.058236085772514344, 'NDCG*@10': 0.03226437598466873, 'MRR*@10': 0.024381155148148537, 'Recall*@5': 0.038877783566713335, 'NDCG*@5': 0.026033741235733033, 'MRR*@5': 0.021826604306697847}
INFO    [05-06 01:45:24] train in BasicTrainer:
duration: 57.090315103530884s
INFO    [05-06 01:45:24] train in BasicTrainer:
epoch: 12
INFO    [05-06 01:45:42] _train_one_epoch in BasicTrainer:
loss = 5.0268131763011485
INFO    [05-06 01:46:22] log in loggers:
Update Best NDCG@10 Model at 12
INFO    [05-06 01:46:23] validate in BasicTrainer:
{'Recall@10': 0.05395842060446739, 'NDCG@10': 0.029756580665707588, 'MRR@10': 0.02240108259022236, 'Recall@5': 0.03634494006633759, 'NDCG@5': 0.024102298468351366, 'MRR@5': 0.020091656297445297, 'Recall*@10': 0.058415579944849014, 'NDCG*@10': 0.032395310625433923, 'MRR*@10': 0.024487221390008928, 'Recall*@5': 0.0395381210744381, 'NDCG*@5': 0.026335241943597792, 'MRR*@5': 0.02201205037534237}
INFO    [05-06 01:46:23] train in BasicTrainer:
duration: 58.92186903953552s
INFO    [05-06 01:46:23] train in BasicTrainer:
epoch: 13
INFO    [05-06 01:46:40] _train_one_epoch in BasicTrainer:
loss = 5.002394856633367
INFO    [05-06 01:47:19] log in loggers:
Update Best NDCG@10 Model at 13
INFO    [05-06 01:47:20] validate in BasicTrainer:
{'Recall@10': 0.05484709247946739, 'NDCG@10': 0.030152154192328452, 'MRR@10': 0.022666555866599082, 'Recall@5': 0.036530486941337585, 'NDCG@5': 0.024294814467430113, 'MRR@5': 0.020287626162171363, 'Recall*@10': 0.05955052986741066, 'NDCG*@10': 0.03291348539292813, 'MRR*@10': 0.024838952869176863, 'Recall*@5': 0.039789519906044006, 'NDCG*@5': 0.02659319318830967, 'MRR*@5': 0.02227145589888096}
INFO    [05-06 01:47:20] train in BasicTrainer:
duration: 56.8656485080719s
INFO    [05-06 01:47:20] train in BasicTrainer:
epoch: 14
INFO    [05-06 01:47:38] _train_one_epoch in BasicTrainer:
loss = 4.978093074248718
INFO    [05-06 01:48:18] log in loggers:
Update Best NDCG@10 Model at 14
INFO    [05-06 01:48:18] validate in BasicTrainer:
{'Recall@10': 0.055780183672904965, 'NDCG@10': 0.03094211973249912, 'MRR@10': 0.023398122191429137, 'Recall@5': 0.03729809835553169, 'NDCG@5': 0.024987714365124702, 'MRR@5': 0.020953524261713027, 'Recall*@10': 0.060429186075925824, 'NDCG*@10': 0.033623381182551385, 'MRR*@10': 0.02548092998564243, 'Recall*@5': 0.04053835228085518, 'NDCG*@5': 0.027212449684739112, 'MRR*@5': 0.022847209945321082}
INFO    [05-06 01:48:18] train in BasicTrainer:
duration: 58.4889018535614s
INFO    [05-06 01:48:18] train in BasicTrainer:
epoch: 15
INFO    [05-06 01:48:35] _train_one_epoch in BasicTrainer:
loss = 4.9537908150269105
INFO    [05-06 01:49:16] log in loggers:
Update Best NDCG@10 Model at 15
INFO    [05-06 01:49:16] validate in BasicTrainer:
{'Recall@10': 0.056055763959884645, 'NDCG@10': 0.031057597547769548, 'MRR@10': 0.023466803804039954, 'Recall@5': 0.03778477251529694, 'NDCG@5': 0.025198275819420815, 'MRR@5': 0.02107765816152096, 'Recall*@10': 0.06076947927474976, 'NDCG*@10': 0.03381341755390167, 'MRR*@10': 0.025622064620256423, 'Recall*@5': 0.04117816209793091, 'NDCG*@5': 0.02752438820898533, 'MRR*@5': 0.023053883239626885}
INFO    [05-06 01:49:16] train in BasicTrainer:
duration: 57.90639090538025s
INFO    [05-06 01:49:16] train in BasicTrainer:
epoch: 16
INFO    [05-06 01:49:34] _train_one_epoch in BasicTrainer:
loss = 4.930898851102537
INFO    [05-06 01:50:13] log in loggers:
Update Best NDCG@10 Model at 16
INFO    [05-06 01:50:14] validate in BasicTrainer:
{'Recall@10': 0.05672744929790497, 'NDCG@10': 0.03146311745047569, 'MRR@10': 0.023798110857605935, 'Recall@5': 0.038162953406572345, 'NDCG@5': 0.025521726235747336, 'MRR@5': 0.021381953582167625, 'Recall*@10': 0.06137960836291313, 'NDCG*@10': 0.03419192664325237, 'MRR*@10': 0.02593702919781208, 'Recall*@5': 0.04150176793336868, 'NDCG*@5': 0.027819218039512636, 'MRR*@5': 0.023338888734579087}
INFO    [05-06 01:50:14] train in BasicTrainer:
duration: 57.53208637237549s
INFO    [05-06 01:50:14] train in BasicTrainer:
epoch: 17
INFO    [05-06 01:50:32] _train_one_epoch in BasicTrainer:
loss = 4.909004636712976
INFO    [05-06 01:51:12] log in loggers:
Update Best NDCG@10 Model at 17
INFO    [05-06 01:51:12] validate in BasicTrainer:
{'Recall@10': 0.05679473727941513, 'NDCG@10': 0.03149125993251801, 'MRR@10': 0.02380364269018173, 'Recall@5': 0.03799747347831726, 'NDCG@5': 0.025436423644423486, 'MRR@5': 0.02131888151168823, 'Recall*@10': 0.06145238637924194, 'NDCG*@10': 0.03429161474108696, 'MRR*@10': 0.026032716259360312, 'Recall*@5': 0.04145510703325272, 'NDCG*@5': 0.02784081168472767, 'MRR*@5': 0.02337999053299427}
INFO    [05-06 01:51:12] train in BasicTrainer:
duration: 58.910829067230225s
INFO    [05-06 01:51:12] train in BasicTrainer:
epoch: 18
DEBUG   [05-06 01:51:13] calculate_loss in loss:
soft_target max: 0.5030458569526672, argmax 81738802
DEBUG   [05-06 01:51:13] calculate_loss in loss:
pred max in softmax: 0.16089339554309845, argmax 91220589
DEBUG   [05-06 01:51:13] calculate_loss in loss:
soft_target max: 0.5035287737846375, argmax 8269079
DEBUG   [05-06 01:51:13] calculate_loss in loss:
pred max in softmax: 0.2586173415184021, argmax 90627685
INFO    [05-06 01:51:30] _train_one_epoch in BasicTrainer:
loss = 4.887138173386857
INFO    [05-06 01:52:10] log in loggers:
Update Best NDCG@10 Model at 18
INFO    [05-06 01:52:10] validate in BasicTrainer:
{'Recall@10': 0.057030183672904966, 'NDCG@10': 0.03167441137135029, 'MRR@10': 0.02396682254970074, 'Recall@5': 0.03868708297610283, 'NDCG@5': 0.02578733064234257, 'MRR@5': 0.021563185080885887, 'Recall*@10': 0.06171666041016579, 'NDCG*@10': 0.03445916518568993, 'MRR*@10': 0.026173285320401193, 'Recall*@5': 0.04198913440108299, 'NDCG*@5': 0.028122847378253938, 'MRR*@5': 0.023583304956555366}
INFO    [05-06 01:52:10] train in BasicTrainer:
duration: 57.4706974029541s
INFO    [05-06 01:52:10] train in BasicTrainer:
epoch: 19
INFO    [05-06 01:52:28] _train_one_epoch in BasicTrainer:
loss = 4.865742855243854
INFO    [05-06 01:53:08] log in loggers:
Update Best NDCG@10 Model at 19
INFO    [05-06 01:53:09] validate in BasicTrainer:
{'Recall@10': 0.05776033967733383, 'NDCG@10': 0.03216395556926727, 'MRR@10': 0.024388846680521964, 'Recall@5': 0.03866582155227661, 'NDCG@5': 0.02601823002099991, 'MRR@5': 0.02186906710267067, 'Recall*@10': 0.062375304996967314, 'NDCG*@10': 0.034921371266245844, 'MRR*@10': 0.02657673217356205, 'Recall*@5': 0.04203368946909904, 'NDCG*@5': 0.028367644622921944, 'MRR*@5': 0.023885727450251578}
INFO    [05-06 01:53:09] train in BasicTrainer:
duration: 58.67091202735901s
INFO    [05-06 01:53:09] train in BasicTrainer:
epoch: 20
INFO    [05-06 01:53:26] _train_one_epoch in BasicTrainer:
loss = 4.845948438386659
INFO    [05-06 01:54:06] validate in BasicTrainer:
{'Recall@10': 0.057874848544597624, 'NDCG@10': 0.03212983645498753, 'MRR@10': 0.02431912437081337, 'Recall@5': 0.0383989354968071, 'NDCG@5': 0.025869336202740668, 'MRR@5': 0.021756985262036323, 'Recall*@10': 0.06235671132802963, 'NDCG*@10': 0.03482772909104824, 'MRR*@10': 0.026470302268862725, 'Recall*@5': 0.04170833349227905, 'NDCG*@5': 0.028192943781614303, 'MRR*@5': 0.02375642575323582}
INFO    [05-06 01:54:06] train in BasicTrainer:
duration: 57.28551959991455s
INFO    [05-06 01:54:06] train in BasicTrainer:
epoch: 21
INFO    [05-06 01:54:24] _train_one_epoch in BasicTrainer:
loss = 4.825114778570227
INFO    [05-06 01:55:04] log in loggers:
Update Best NDCG@10 Model at 21
INFO    [05-06 01:55:05] validate in BasicTrainer:
{'Recall@10': 0.05817704737186432, 'NDCG@10': 0.03259722352027893, 'MRR@10': 0.024826965257525445, 'Recall@5': 0.039216033816337585, 'NDCG@5': 0.0265085157006979, 'MRR@5': 0.022339056357741357, 'Recall*@10': 0.06264774516224861, 'NDCG*@10': 0.035252917483448984, 'MRR*@10': 0.0269313732534647, 'Recall*@5': 0.042364519536495206, 'NDCG*@5': 0.028741071075201033, 'MRR*@5': 0.024271282479166986}
INFO    [05-06 01:55:05] train in BasicTrainer:
duration: 58.743104457855225s
INFO    [05-06 01:55:05] train in BasicTrainer:
epoch: 22
INFO    [05-06 01:55:22] _train_one_epoch in BasicTrainer:
loss = 4.806699980486621
INFO    [05-06 01:56:01] log in loggers:
Update Best NDCG@10 Model at 22
INFO    [05-06 01:56:02] validate in BasicTrainer:
{'Recall@10': 0.058237248063087464, 'NDCG@10': 0.032664262875914576, 'MRR@10': 0.024896937385201455, 'Recall@5': 0.03916493982076645, 'NDCG@5': 0.026517049744725227, 'MRR@5': 0.022371987476944924, 'Recall*@10': 0.06297892957925796, 'NDCG*@10': 0.035353910699486735, 'MRR*@10': 0.02695767566561699, 'Recall*@5': 0.042553581297397614, 'NDCG*@5': 0.02876615047454834, 'MRR*@5': 0.024249204844236375}
INFO    [05-06 01:56:02] train in BasicTrainer:
duration: 56.954668045043945s
INFO    [05-06 01:56:02] train in BasicTrainer:
epoch: 23
INFO    [05-06 01:56:20] _train_one_epoch in BasicTrainer:
loss = 4.788160444379927
INFO    [05-06 01:57:01] log in loggers:
Update Best NDCG@10 Model at 23
INFO    [05-06 01:57:01] validate in BasicTrainer:
{'Recall@10': 0.059097158908844, 'NDCG@10': 0.033006059899926186, 'MRR@10': 0.02508857011795044, 'Recall@5': 0.0396684667468071, 'NDCG@5': 0.02676347129046917, 'MRR@5': 0.022535535022616387, 'Recall*@10': 0.0637312388420105, 'NDCG*@10': 0.035732948780059816, 'MRR*@10': 0.027235297560691832, 'Recall*@5': 0.04290683090686798, 'NDCG*@5': 0.029044895023107527, 'MRR*@5': 0.024501847326755522}
INFO    [05-06 01:57:01] train in BasicTrainer:
duration: 59.82494926452637s
INFO    [05-06 01:57:01] train in BasicTrainer:
epoch: 24
INFO    [05-06 01:57:19] _train_one_epoch in BasicTrainer:
loss = 4.770740655091432
INFO    [05-06 01:58:00] log in loggers:
Update Best NDCG@10 Model at 24
INFO    [05-06 01:58:00] validate in BasicTrainer:
{'Recall@10': 0.059946109354496, 'NDCG@10': 0.033632819354534146, 'MRR@10': 0.025657064467668533, 'Recall@5': 0.04037534162402153, 'NDCG@5': 0.02737296909093857, 'MRR@5': 0.023113668486475943, 'Recall*@10': 0.06456712856888772, 'NDCG*@10': 0.0362559686601162, 'MRR*@10': 0.027671854943037033, 'Recall*@5': 0.043495563864707945, 'NDCG*@5': 0.029516278728842736, 'MRR*@5': 0.024933587536215784}
INFO    [05-06 01:58:00] train in BasicTrainer:
duration: 58.53675317764282s
INFO    [05-06 01:58:00] train in BasicTrainer:
epoch: 25
INFO    [05-06 01:58:18] _train_one_epoch in BasicTrainer:
loss = 4.7536832233806985
INFO    [05-06 01:58:57] validate in BasicTrainer:
{'Recall@10': 0.05932057350873947, 'NDCG@10': 0.033505991101264954, 'MRR@10': 0.025663090720772743, 'Recall@5': 0.040149125158786776, 'NDCG@5': 0.02735020712018013, 'MRR@5': 0.02314812608063221, 'Recall*@10': 0.0636026118695736, 'NDCG*@10': 0.0360684023052454, 'MRR*@10': 0.02770012177526951, 'Recall*@5': 0.04308574199676514, 'NDCG*@5': 0.029473461955785752, 'MRR*@5': 0.025001444518566132}
INFO    [05-06 01:58:57] train in BasicTrainer:
duration: 57.28204655647278s
INFO    [05-06 01:58:57] train in BasicTrainer:
epoch: 26
INFO    [05-06 01:59:15] _train_one_epoch in BasicTrainer:
loss = 4.736441612243652
INFO    [05-06 01:59:56] validate in BasicTrainer:
{'Recall@10': 0.05964551776647568, 'NDCG@10': 0.03352313540875912, 'MRR@10': 0.02559635289013386, 'Recall@5': 0.04008451551198959, 'NDCG@5': 0.02723687157034874, 'MRR@5': 0.023024797812104224, 'Recall*@10': 0.06406463518738746, 'NDCG*@10': 0.036125683784484865, 'MRR*@10': 0.02764416694641113, 'Recall*@5': 0.04319852367043495, 'NDCG*@5': 0.02941441036760807, 'MRR*@5': 0.024895548149943353}
INFO    [05-06 01:59:56] train in BasicTrainer:
duration: 58.40384578704834s
INFO    [05-06 01:59:56] train in BasicTrainer:
epoch: 27
DEBUG   [05-06 01:59:57] calculate_loss in loss:
soft_target max: 0.5026312470436096, argmax 52103386
DEBUG   [05-06 01:59:57] calculate_loss in loss:
pred max in softmax: 0.31575363874435425, argmax 42020851
DEBUG   [05-06 01:59:57] calculate_loss in loss:
soft_target max: 0.5018629431724548, argmax 99524114
DEBUG   [05-06 01:59:57] calculate_loss in loss:
pred max in softmax: 0.8892172574996948, argmax 71881108
INFO    [05-06 02:00:13] _train_one_epoch in BasicTrainer:
loss = 4.721129778269175
INFO    [05-06 02:00:53] log in loggers:
Update Best NDCG@10 Model at 27
INFO    [05-06 02:00:53] validate in BasicTrainer:
{'Recall@10': 0.060245093703269956, 'NDCG@10': 0.03408170066773891, 'MRR@10': 0.026130952090024948, 'Recall@5': 0.040988433212041854, 'NDCG@5': 0.027902348786592483, 'MRR@5': 0.023608291298151018, 'Recall*@10': 0.06494954496622085, 'NDCG*@10': 0.036780575513839724, 'MRR*@10': 0.028224363550543786, 'Recall*@5': 0.04412111669778824, 'NDCG*@5': 0.03009769432246685, 'MRR*@5': 0.02549658142030239}
INFO    [05-06 02:00:53] train in BasicTrainer:
duration: 57.30746293067932s
INFO    [05-06 02:00:53] train in BasicTrainer:
epoch: 28
INFO    [05-06 02:01:11] _train_one_epoch in BasicTrainer:
loss = 4.70603118501268
INFO    [05-06 02:01:52] log in loggers:
Update Best NDCG@10 Model at 28
INFO    [05-06 02:01:53] validate in BasicTrainer:
{'Recall@10': 0.06054663360118866, 'NDCG@10': 0.03422431215643883, 'MRR@10': 0.026231976449489592, 'Recall@5': 0.04076650232076645, 'NDCG@5': 0.027881064713001252, 'MRR@5': 0.023645493388175964, 'Recall*@10': 0.06519092991948128, 'NDCG*@10': 0.036904154419898985, 'MRR*@10': 0.028317227512598037, 'Recall*@5': 0.04393107175827026, 'NDCG*@5': 0.030086767747998237, 'MRR*@5': 0.025537723377346992}
INFO    [05-06 02:01:53] train in BasicTrainer:
duration: 59.72398519515991s
INFO    [05-06 02:01:53] train in BasicTrainer:
epoch: 29
INFO    [05-06 02:02:10] _train_one_epoch in BasicTrainer:
loss = 4.691649565825591
INFO    [05-06 02:02:49] log in loggers:
Update Best NDCG@10 Model at 29
INFO    [05-06 02:02:49] validate in BasicTrainer:
{'Recall@10': 0.060804412961006166, 'NDCG@10': 0.03431883677840233, 'MRR@10': 0.026275123283267022, 'Recall@5': 0.04107685953378677, 'NDCG@5': 0.02796845734119415, 'MRR@5': 0.023671013563871385, 'Recall*@10': 0.06535000786185265, 'NDCG*@10': 0.03691798880696297, 'MRR*@10': 0.028284089788794518, 'Recall*@5': 0.044108312875032425, 'NDCG*@5': 0.03007751427590847, 'MRR*@5': 0.02547749660909176}
INFO    [05-06 02:02:49] train in BasicTrainer:
duration: 56.776875495910645s
INFO    [05-06 02:02:49] train in BasicTrainer:
epoch: 30
INFO    [05-06 02:03:07] _train_one_epoch in BasicTrainer:
loss = 4.677390231742515
INFO    [05-06 02:03:48] log in loggers:
Update Best NDCG@10 Model at 30
INFO    [05-06 02:03:49] validate in BasicTrainer:
{'Recall@10': 0.06115049540996551, 'NDCG@10': 0.03464430592954159, 'MRR@10': 0.02658518172800541, 'Recall@5': 0.041601401567459104, 'NDCG@5': 0.02835616186261177, 'MRR@5': 0.02400946944952011, 'Recall*@10': 0.06563314318656921, 'NDCG*@10': 0.037183375358581544, 'MRR*@10': 0.028536368831992148, 'Recall*@5': 0.044558897763490674, 'NDCG*@5': 0.03040199227631092, 'MRR*@5': 0.025757135152816774}
INFO    [05-06 02:03:49] train in BasicTrainer:
duration: 59.113901138305664s
INFO    [05-06 02:03:49] train in BasicTrainer:
epoch: 31
INFO    [05-06 02:04:06] _train_one_epoch in BasicTrainer:
loss = 4.664939687058732
INFO    [05-06 02:04:46] log in loggers:
Update Best NDCG@10 Model at 31
INFO    [05-06 02:04:47] validate in BasicTrainer:
{'Recall@10': 0.061859100461006164, 'NDCG@10': 0.03505156047642231, 'MRR@10': 0.026908896565437317, 'Recall@5': 0.042270944118499756, 'NDCG@5': 0.028776959329843522, 'MRR@5': 0.02435435965657234, 'Recall*@10': 0.06619960069656372, 'NDCG*@10': 0.03761882610619068, 'MRR*@10': 0.028934292420744898, 'Recall*@5': 0.045409760624170306, 'NDCG*@5': 0.030961897894740104, 'MRR*@5': 0.026225815489888192}
INFO    [05-06 02:04:47] train in BasicTrainer:
duration: 58.137734174728394s
INFO    [05-06 02:04:47] train in BasicTrainer:
epoch: 32
INFO    [05-06 02:05:04] _train_one_epoch in BasicTrainer:
loss = 4.651057213276356
INFO    [05-06 02:05:44] validate in BasicTrainer:
{'Recall@10': 0.06160024970769882, 'NDCG@10': 0.034896254688501355, 'MRR@10': 0.02678345240652561, 'Recall@5': 0.04160420328378677, 'NDCG@5': 0.02845035456120968, 'MRR@5': 0.024134753569960594, 'Recall*@10': 0.06583686262369155, 'NDCG*@10': 0.03738575801253319, 'MRR*@10': 0.028739653527736664, 'Recall*@5': 0.04456713706254959, 'NDCG*@5': 0.03052822344005108, 'MRR*@5': 0.025921252742409705}
INFO    [05-06 02:05:44] train in BasicTrainer:
duration: 57.18704080581665s
INFO    [05-06 02:05:44] train in BasicTrainer:
epoch: 33
INFO    [05-06 02:06:02] _train_one_epoch in BasicTrainer:
loss = 4.639069733318982
INFO    [05-06 02:06:42] log in loggers:
Update Best NDCG@10 Model at 33
INFO    [05-06 02:06:43] validate in BasicTrainer:
{'Recall@10': 0.06251768290996551, 'NDCG@10': 0.03558269262313843, 'MRR@10': 0.02740421801805496, 'Recall@5': 0.04248191490769386, 'NDCG@5': 0.029134275019168855, 'MRR@5': 0.0247606797516346, 'Recall*@10': 0.06682218819856643, 'NDCG*@10': 0.03811075389385223, 'MRR*@10': 0.029392882212996484, 'Recall*@5': 0.04554759368300438, 'NDCG*@5': 0.03126655422151089, 'MRR*@5': 0.026588939502835272}
INFO    [05-06 02:06:43] train in BasicTrainer:
duration: 58.71064352989197s
INFO    [05-06 02:06:43] train in BasicTrainer:
epoch: 34
INFO    [05-06 02:07:00] _train_one_epoch in BasicTrainer:
loss = 4.626745945698506
INFO    [05-06 02:07:40] log in loggers:
Update Best NDCG@10 Model at 34
INFO    [05-06 02:07:40] validate in BasicTrainer:
{'Recall@10': 0.06277921199798583, 'NDCG@10': 0.03576245039701462, 'MRR@10': 0.027553981989622115, 'Recall@5': 0.0426853859424591, 'NDCG@5': 0.029295178577303887, 'MRR@5': 0.024902882277965544, 'Recall*@10': 0.06687848374247551, 'NDCG*@10': 0.03822123885154724, 'MRR*@10': 0.02950946845114231, 'Recall*@5': 0.04562973394989967, 'NDCG*@5': 0.03137594796717167, 'MRR*@5': 0.02669975146651268}
INFO    [05-06 02:07:40] train in BasicTrainer:
duration: 57.2268328666687s
INFO    [05-06 02:07:40] train in BasicTrainer:
epoch: 35
INFO    [05-06 02:07:58] _train_one_epoch in BasicTrainer:
loss = 4.616216285808666
INFO    [05-06 02:08:40] log in loggers:
Update Best NDCG@10 Model at 35
INFO    [05-06 02:08:40] validate in BasicTrainer:
{'Recall@10': 0.06345571845769882, 'NDCG@10': 0.03609707713127136, 'MRR@10': 0.027800487652420998, 'Recall@5': 0.042909459620714185, 'NDCG@5': 0.02950292780995369, 'MRR@5': 0.02510802499949932, 'Recall*@10': 0.06764977261424064, 'NDCG*@10': 0.03857677608728409, 'MRR*@10': 0.029762172847986223, 'Recall*@5': 0.04571803852915764, 'NDCG*@5': 0.03153450548648834, 'MRR*@5': 0.02688476987183094}
INFO    [05-06 02:08:40] train in BasicTrainer:
duration: 60.034672021865845s
INFO    [05-06 02:08:40] train in BasicTrainer:
epoch: 36
DEBUG   [05-06 02:08:41] calculate_loss in loss:
soft_target max: 0.5113757848739624, argmax 23997567
DEBUG   [05-06 02:08:41] calculate_loss in loss:
pred max in softmax: 0.7682099342346191, argmax 115318187
DEBUG   [05-06 02:08:41] calculate_loss in loss:
soft_target max: 0.5091633200645447, argmax 86579945
DEBUG   [05-06 02:08:41] calculate_loss in loss:
pred max in softmax: 0.6605415344238281, argmax 93164246
INFO    [05-06 02:08:57] _train_one_epoch in BasicTrainer:
loss = 4.604880668021537
INFO    [05-06 02:09:38] log in loggers:
Update Best NDCG@10 Model at 36
INFO    [05-06 02:09:38] validate in BasicTrainer:
{'Recall@10': 0.06319752663373947, 'NDCG@10': 0.036182957142591475, 'MRR@10': 0.027972140237689017, 'Recall@5': 0.043324437141418454, 'NDCG@5': 0.029793218448758124, 'MRR@5': 0.025356545001268386, 'Recall*@10': 0.06734599620103836, 'NDCG*@10': 0.03859430864453316, 'MRR*@10': 0.029852315708994867, 'Recall*@5': 0.04620080128312111, 'NDCG*@5': 0.03178999058902263, 'MRR*@5': 0.027063738256692886}
INFO    [05-06 02:09:38] train in BasicTrainer:
duration: 57.965972661972046s
INFO    [05-06 02:09:38] train in BasicTrainer:
epoch: 37
INFO    [05-06 02:09:55] _train_one_epoch in BasicTrainer:
loss = 4.59524494463259
INFO    [05-06 02:10:34] log in loggers:
Update Best NDCG@10 Model at 37
INFO    [05-06 02:10:34] validate in BasicTrainer:
{'Recall@10': 0.06349585235118865, 'NDCG@10': 0.036399887949228285, 'MRR@10': 0.02816892050206661, 'Recall@5': 0.04345687031745911, 'NDCG@5': 0.02995694726705551, 'MRR@5': 0.02553165636956692, 'Recall*@10': 0.06748502522706985, 'NDCG*@10': 0.03874239876866341, 'MRR*@10': 0.030012467950582503, 'Recall*@5': 0.04620718911290169, 'NDCG*@5': 0.03190199911594391, 'MRR*@5': 0.0272129824757576}
INFO    [05-06 02:10:34] train in BasicTrainer:
duration: 56.562525272369385s
INFO    [05-06 02:10:34] train in BasicTrainer:
epoch: 38
INFO    [05-06 02:10:53] _train_one_epoch in BasicTrainer:
loss = 4.585144098814543
INFO    [05-06 02:11:33] log in loggers:
Update Best NDCG@10 Model at 38
INFO    [05-06 02:11:33] validate in BasicTrainer:
{'Recall@10': 0.0640535643696785, 'NDCG@10': 0.03685490742325783, 'MRR@10': 0.028599580749869347, 'Recall@5': 0.04388762921094894, 'NDCG@5': 0.030378074273467063, 'MRR@5': 0.02595275953412056, 'Recall*@10': 0.06817060977220535, 'NDCG*@10': 0.03924286484718323, 'MRR*@10': 0.03045992210507393, 'Recall*@5': 0.04686017125844955, 'NDCG*@5': 0.03240175075829029, 'MRR*@5': 0.02766642041504383}
INFO    [05-06 02:11:33] train in BasicTrainer:
duration: 58.498066902160645s
INFO    [05-06 02:11:33] train in BasicTrainer:
epoch: 39
INFO    [05-06 02:11:50] _train_one_epoch in BasicTrainer:
loss = 4.575559199393332
INFO    [05-06 02:12:30] log in loggers:
Update Best NDCG@10 Model at 39
INFO    [05-06 02:12:30] validate in BasicTrainer:
{'Recall@10': 0.06437743693590164, 'NDCG@10': 0.03717195123434067, 'MRR@10': 0.028919344916939736, 'Recall@5': 0.04374221622943878, 'NDCG@5': 0.03053301014006138, 'MRR@5': 0.026199672520160675, 'Recall*@10': 0.06844884619116783, 'NDCG*@10': 0.03960757777094841, 'MRR*@10': 0.030858125761151312, 'Recall*@5': 0.04660809203982353, 'NDCG*@5': 0.03257708929479122, 'MRR*@5': 0.027975815907120706}
INFO    [05-06 02:12:30] train in BasicTrainer:
duration: 57.087904930114746s
INFO    [05-06 02:12:30] train in BasicTrainer:
epoch: 40
INFO    [05-06 02:12:48] _train_one_epoch in BasicTrainer:
loss = 4.5667056908478605
INFO    [05-06 02:13:28] validate in BasicTrainer:
{'Recall@10': 0.06416968047618866, 'NDCG@10': 0.03700917780399322, 'MRR@10': 0.028760747388005256, 'Recall@5': 0.04382034122943878, 'NDCG@5': 0.030452690348029138, 'MRR@5': 0.026068701520562173, 'Recall*@10': 0.0681317126750946, 'NDCG*@10': 0.03939452469348907, 'MRR*@10': 0.030666231587529184, 'Recall*@5': 0.04666608393192291, 'NDCG*@5': 0.03247681088745594, 'MRR*@5': 0.027824974060058592}
INFO    [05-06 02:13:28] train in BasicTrainer:
duration: 58.1181275844574s
INFO    [05-06 02:13:28] train in BasicTrainer:
epoch: 41
INFO    [05-06 02:13:46] _train_one_epoch in BasicTrainer:
loss = 4.558047350462492
INFO    [05-06 02:14:25] log in loggers:
Update Best NDCG@10 Model at 41
INFO    [05-06 02:14:26] validate in BasicTrainer:
{'Recall@10': 0.0645027831196785, 'NDCG@10': 0.03744909003376961, 'MRR@10': 0.02921301707625389, 'Recall@5': 0.0445071491599083, 'NDCG@5': 0.03099403254687786, 'MRR@5': 0.026555372923612593, 'Recall*@10': 0.06837465852499008, 'NDCG*@10': 0.0397625732421875, 'MRR*@10': 0.031046876162290574, 'Recall*@5': 0.04726338878273964, 'NDCG*@5': 0.03294450648128986, 'MRR*@5': 0.028238076269626617}
INFO    [05-06 02:14:26] train in BasicTrainer:
duration: 57.4938108921051s
INFO    [05-06 02:14:26] train in BasicTrainer:
epoch: 42
INFO    [05-06 02:14:44] _train_one_epoch in BasicTrainer:
loss = 4.548557204169196
INFO    [05-06 02:15:24] log in loggers:
Update Best NDCG@10 Model at 42
INFO    [05-06 02:15:25] validate in BasicTrainer:
{'Recall@10': 0.06507734805345536, 'NDCG@10': 0.037753191888332364, 'MRR@10': 0.02945225663483143, 'Recall@5': 0.04467316478490829, 'NDCG@5': 0.03119736187160015, 'MRR@5': 0.026771364063024522, 'Recall*@10': 0.06888052865862847, 'NDCG*@10': 0.04004433706402779, 'MRR*@10': 0.031281592473387715, 'Recall*@5': 0.04731186494231224, 'NDCG*@5': 0.03310562811791897, 'MRR*@5': 0.028438858091831207}
INFO    [05-06 02:15:25] train in BasicTrainer:
duration: 59.11934041976929s
INFO    [05-06 02:15:25] train in BasicTrainer:
epoch: 43
INFO    [05-06 02:15:42] _train_one_epoch in BasicTrainer:
loss = 4.542483540268631
INFO    [05-06 02:16:22] log in loggers:
Update Best NDCG@10 Model at 43
INFO    [05-06 02:16:22] validate in BasicTrainer:
{'Recall@10': 0.0652748030424118, 'NDCG@10': 0.03790413171052933, 'MRR@10': 0.02959194630384445, 'Recall@5': 0.0447219929099083, 'NDCG@5': 0.03129000522196293, 'MRR@5': 0.02688109189271927, 'Recall*@10': 0.06938569471240044, 'NDCG*@10': 0.040259156078100204, 'MRR*@10': 0.03141615077853203, 'Recall*@5': 0.047529193609952926, 'NDCG*@5': 0.033228146210312844, 'MRR*@5': 0.028535989001393317}
INFO    [05-06 02:16:22] train in BasicTrainer:
duration: 57.24593734741211s
INFO    [05-06 02:16:22] train in BasicTrainer:
epoch: 44
INFO    [05-06 02:16:40] _train_one_epoch in BasicTrainer:
loss = 4.533623222832207
INFO    [05-06 02:17:20] log in loggers:
Update Best NDCG@10 Model at 44
INFO    [05-06 02:17:20] validate in BasicTrainer:
{'Recall@10': 0.06522918909788132, 'NDCG@10': 0.038065044432878496, 'MRR@10': 0.029793265014886855, 'Recall@5': 0.045549392551183704, 'NDCG@5': 0.03170994751155377, 'MRR@5': 0.02717522218823433, 'Recall*@10': 0.06906208068132401, 'NDCG*@10': 0.04034096077084541, 'MRR*@10': 0.031593248695135114, 'Recall*@5': 0.04830489352345466, 'NDCG*@5': 0.033637371212244034, 'MRR*@5': 0.028831308260560035}
INFO    [05-06 02:17:20] train in BasicTrainer:
duration: 57.878706216812134s
INFO    [05-06 02:17:20] train in BasicTrainer:
epoch: 45
DEBUG   [05-06 02:17:21] calculate_loss in loss:
soft_target max: 0.5073694586753845, argmax 12117143
DEBUG   [05-06 02:17:21] calculate_loss in loss:
pred max in softmax: 0.7212451100349426, argmax 46310801
DEBUG   [05-06 02:17:21] calculate_loss in loss:
soft_target max: 0.5070995688438416, argmax 1842850
DEBUG   [05-06 02:17:21] calculate_loss in loss:
pred max in softmax: 0.7549458742141724, argmax 40458971
INFO    [05-06 02:17:38] _train_one_epoch in BasicTrainer:
loss = 4.526909072119911
INFO    [05-06 02:18:17] log in loggers:
Update Best NDCG@10 Model at 45
INFO    [05-06 02:18:17] validate in BasicTrainer:
{'Recall@10': 0.06586889922618866, 'NDCG@10': 0.038235950618982315, 'MRR@10': 0.029832601994276047, 'Recall@5': 0.04558458194136619, 'NDCG@5': 0.03171584419906139, 'MRR@5': 0.027164893597364424, 'Recall*@10': 0.06989071488380433, 'NDCG*@10': 0.04057508900761604, 'MRR*@10': 0.031659572198987004, 'Recall*@5': 0.048397764712572094, 'NDCG*@5': 0.03366763196885586, 'MRR*@5': 0.028834058716893197}
INFO    [05-06 02:18:17] train in BasicTrainer:
duration: 57.18885517120361s
INFO    [05-06 02:18:17] train in BasicTrainer:
epoch: 46
INFO    [05-06 02:18:35] _train_one_epoch in BasicTrainer:
loss = 4.519321639258583
INFO    [05-06 02:19:16] log in loggers:
Update Best NDCG@10 Model at 46
INFO    [05-06 02:19:16] validate in BasicTrainer:
{'Recall@10': 0.06564911097288131, 'NDCG@10': 0.03837910667061806, 'MRR@10': 0.030085271820425988, 'Recall@5': 0.045853610783815384, 'NDCG@5': 0.03201812215149403, 'MRR@5': 0.02748394325375557, 'Recall*@10': 0.06952138409018517, 'NDCG*@10': 0.0405772490799427, 'MRR*@10': 0.0317727242410183, 'Recall*@5': 0.04858083888888359, 'NDCG*@5': 0.033848068490624425, 'MRR*@5': 0.02902067847549915}
INFO    [05-06 02:19:16] train in BasicTrainer:
duration: 59.12481474876404s
INFO    [05-06 02:19:16] train in BasicTrainer:
epoch: 47
INFO    [05-06 02:19:34] _train_one_epoch in BasicTrainer:
loss = 4.512622141623282
INFO    [05-06 02:20:14] log in loggers:
Update Best NDCG@10 Model at 47
INFO    [05-06 02:20:14] validate in BasicTrainer:
{'Recall@10': 0.0660848143696785, 'NDCG@10': 0.03868332013487816, 'MRR@10': 0.03034787140786648, 'Recall@5': 0.045961155891418456, 'NDCG@5': 0.032211043685674665, 'MRR@5': 0.027697088569402693, 'Recall*@10': 0.07009686917066574, 'NDCG*@10': 0.04100452691316605, 'MRR*@10': 0.032153424024581906, 'Recall*@5': 0.04861907720565796, 'NDCG*@5': 0.034086184576153755, 'MRR*@5': 0.029313872531056405}
INFO    [05-06 02:20:14] train in BasicTrainer:
duration: 57.80479907989502s
INFO    [05-06 02:20:14] train in BasicTrainer:
epoch: 48
INFO    [05-06 02:20:32] _train_one_epoch in BasicTrainer:
loss = 4.506319853636596
INFO    [05-06 02:21:11] log in loggers:
Update Best NDCG@10 Model at 48
INFO    [05-06 02:21:11] validate in BasicTrainer:
{'Recall@10': 0.0668470686674118, 'NDCG@10': 0.039373578131198884, 'MRR@10': 0.03100714959204197, 'Recall@5': 0.046903477013111115, 'NDCG@5': 0.0329354889690876, 'MRR@5': 0.02835648223757744, 'Recall*@10': 0.07085773840546608, 'NDCG*@10': 0.04169287443161011, 'MRR*@10': 0.03281131953001022, 'Recall*@5': 0.0496560500562191, 'NDCG*@5': 0.03484843447804451, 'MRR*@5': 0.029993291199207305}
INFO    [05-06 02:21:11] train in BasicTrainer:
duration: 57.313889265060425s
INFO    [05-06 02:21:11] train in BasicTrainer:
epoch: 49
INFO    [05-06 02:21:30] _train_one_epoch in BasicTrainer:
loss = 4.499755829304188
INFO    [05-06 02:22:10] validate in BasicTrainer:
{'Recall@10': 0.06675810694694519, 'NDCG@10': 0.03899858221411705, 'MRR@10': 0.03056355655193329, 'Recall@5': 0.04584878951311112, 'NDCG@5': 0.0322468401491642, 'MRR@5': 0.027782810479402544, 'Recall*@10': 0.07069463059306144, 'NDCG*@10': 0.04128967389464378, 'MRR*@10': 0.032349582090973855, 'Recall*@5': 0.048705137819051746, 'NDCG*@5': 0.0341894519329071, 'MRR*@5': 0.02942552536725998}
INFO    [05-06 02:22:10] train in BasicTrainer:
duration: 58.722440004348755s
INFO    [05-06 02:22:10] train in BasicTrainer:
epoch: 50
INFO    [05-06 02:22:27] _train_one_epoch in BasicTrainer:
loss = 4.493636844394444
INFO    [05-06 02:23:07] log in loggers:
Update Best NDCG@10 Model at 50
INFO    [05-06 02:23:08] validate in BasicTrainer:
{'Recall@10': 0.06750672250986099, 'NDCG@10': 0.03946474775671959, 'MRR@10': 0.030943593308329582, 'Recall@5': 0.04674228265881539, 'NDCG@5': 0.03278359517455101, 'MRR@5': 0.028205966651439665, 'Recall*@10': 0.07159710928797722, 'NDCG*@10': 0.041853775084018704, 'MRR*@10': 0.0328164990991354, 'Recall*@5': 0.049518204629421234, 'NDCG*@5': 0.03474720686674118, 'MRR*@5': 0.029903143048286437}
INFO    [05-06 02:23:08] train in BasicTrainer:
duration: 57.59626913070679s
INFO    [05-06 02:23:08] train in BasicTrainer:
epoch: 51
INFO    [05-06 02:23:25] _train_one_epoch in BasicTrainer:
loss = 4.489358025628167
INFO    [05-06 02:24:04] validate in BasicTrainer:
{'Recall@10': 0.06705643236637115, 'NDCG@10': 0.0394549161195755, 'MRR@10': 0.031058572679758072, 'Recall@5': 0.04660717085003853, 'NDCG@5': 0.03285535365343094, 'MRR@5': 0.028342990055680275, 'Recall*@10': 0.07087848827242851, 'NDCG*@10': 0.04166294082999229, 'MRR*@10': 0.032769458442926405, 'Recall*@5': 0.04932839572429657, 'NDCG*@5': 0.034703684598207475, 'MRR*@5': 0.029903095960617066}
INFO    [05-06 02:24:04] train in BasicTrainer:
duration: 56.91493368148804s
INFO    [05-06 02:24:04] train in BasicTrainer:
epoch: 52
INFO    [05-06 02:24:23] _train_one_epoch in BasicTrainer:
loss = 4.4830269899454205
INFO    [05-06 02:25:03] validate in BasicTrainer:
{'Recall@10': 0.06714700162410736, 'NDCG@10': 0.03943124920129776, 'MRR@10': 0.03100399285554886, 'Recall@5': 0.046828566193580626, 'NDCG@5': 0.03290695756673813, 'MRR@5': 0.02833859495818615, 'Recall*@10': 0.07111657604575157, 'NDCG*@10': 0.041762782633304595, 'MRR*@10': 0.03283592864871025, 'Recall*@5': 0.04968730762600899, 'NDCG*@5': 0.03487880781292915, 'MRR*@5': 0.030021917447447775}
INFO    [05-06 02:25:03] train in BasicTrainer:
duration: 58.64456105232239s
INFO    [05-06 02:25:03] train in BasicTrainer:
epoch: 53
INFO    [05-06 02:25:20] _train_one_epoch in BasicTrainer:
loss = 4.476588262094034
INFO    [05-06 02:26:00] log in loggers:
Update Best NDCG@10 Model at 53
INFO    [05-06 02:26:00] validate in BasicTrainer:
{'Recall@10': 0.0668855956196785, 'NDCG@10': 0.039568465948104856, 'MRR@10': 0.031247699186205864, 'Recall@5': 0.04706294119358063, 'NDCG@5': 0.033185607939958575, 'MRR@5': 0.028629444167017938, 'Recall*@10': 0.07070550367236138, 'NDCG*@10': 0.04177066892385483, 'MRR*@10': 0.03294919922947884, 'Recall*@5': 0.04986401036381721, 'NDCG*@5': 0.03505260489881039, 'MRR*@5': 0.03018924668431282}
INFO    [05-06 02:26:00] train in BasicTrainer:
duration: 56.94772410392761s
INFO    [05-06 02:26:00] train in BasicTrainer:
epoch: 54
DEBUG   [05-06 02:26:01] calculate_loss in loss:
soft_target max: 0.5019118785858154, argmax 105316088
DEBUG   [05-06 02:26:01] calculate_loss in loss:
pred max in softmax: 0.8592344522476196, argmax 19960759
DEBUG   [05-06 02:26:03] calculate_loss in loss:
soft_target max: 0.5080350041389465, argmax 5707762
DEBUG   [05-06 02:26:03] calculate_loss in loss:
pred max in softmax: 0.8175226449966431, argmax 62308339
INFO    [05-06 02:26:18] _train_one_epoch in BasicTrainer:
loss = 4.472033019538398
INFO    [05-06 02:26:59] log in loggers:
Update Best NDCG@10 Model at 54
INFO    [05-06 02:26:59] validate in BasicTrainer:
{'Recall@10': 0.06765213549137115, 'NDCG@10': 0.039808221906423566, 'MRR@10': 0.03134189553558826, 'Recall@5': 0.047048354297876356, 'NDCG@5': 0.03317617751657963, 'MRR@5': 0.028622530922293662, 'Recall*@10': 0.07146794408559799, 'NDCG*@10': 0.04198192849755287, 'MRR*@10': 0.03301514953374863, 'Recall*@5': 0.049704782366752624, 'NDCG*@5': 0.034974073544144633, 'MRR*@5': 0.030140230134129524}
INFO    [05-06 02:26:59] train in BasicTrainer:
duration: 59.078773021698s
INFO    [05-06 02:26:59] train in BasicTrainer:
epoch: 55
INFO    [05-06 02:27:17] _train_one_epoch in BasicTrainer:
loss = 4.468115011850993
INFO    [05-06 02:27:57] log in loggers:
Update Best NDCG@10 Model at 55
INFO    [05-06 02:27:57] validate in BasicTrainer:
{'Recall@10': 0.06772103071212769, 'NDCG@10': 0.03996757224202156, 'MRR@10': 0.03153575152158737, 'Recall@5': 0.04710748374462128, 'NDCG@5': 0.033342731818556785, 'MRR@5': 0.028825731500983238, 'Recall*@10': 0.07148428559303284, 'NDCG*@10': 0.04223539859056473, 'MRR*@10': 0.033348356038331986, 'Recall*@5': 0.04982601568102837, 'NDCG*@5': 0.03527584001421928, 'MRR*@5': 0.030502004772424696}
INFO    [05-06 02:27:57] train in BasicTrainer:
duration: 57.8395459651947s
INFO    [05-06 02:27:57] train in BasicTrainer:
epoch: 56
INFO    [05-06 02:28:14] _train_one_epoch in BasicTrainer:
loss = 4.4632189638979805
INFO    [05-06 02:28:54] log in loggers:
Update Best NDCG@10 Model at 56
INFO    [05-06 02:28:54] validate in BasicTrainer:
{'Recall@10': 0.06813172250986099, 'NDCG@10': 0.04022316470742226, 'MRR@10': 0.03173599824309349, 'Recall@5': 0.04755616679787636, 'NDCG@5': 0.03360748313367367, 'MRR@5': 0.029028053358197213, 'Recall*@10': 0.07197589516639709, 'NDCG*@10': 0.04252743080258369, 'MRR*@10': 0.03356943577528, 'Recall*@5': 0.05030603975057602, 'NDCG*@5': 0.03555120289325714, 'MRR*@5': 0.030708833262324334}
INFO    [05-06 02:28:54] train in BasicTrainer:
duration: 57.20127010345459s
INFO    [05-06 02:28:54] train in BasicTrainer:
epoch: 57
INFO    [05-06 02:29:11] _train_one_epoch in BasicTrainer:
loss = 4.459024974891731
INFO    [05-06 02:29:52] log in loggers:
Update Best NDCG@10 Model at 57
INFO    [05-06 02:29:52] validate in BasicTrainer:
{'Recall@10': 0.06795969098806381, 'NDCG@10': 0.04037637904286385, 'MRR@10': 0.0319817703962326, 'Recall@5': 0.048030273765325544, 'NDCG@5': 0.033970439210534095, 'MRR@5': 0.029360765814781187, 'Recall*@10': 0.07200208351016045, 'NDCG*@10': 0.04261616840958595, 'MRR*@10': 0.033674234822392464, 'Recall*@5': 0.050585405379533765, 'NDCG*@5': 0.03572699256241321, 'MRR*@5': 0.030852533653378488}
INFO    [05-06 02:29:52] train in BasicTrainer:
duration: 57.578774213790894s
INFO    [05-06 02:29:52] train in BasicTrainer:
epoch: 58
INFO    [05-06 02:30:09] _train_one_epoch in BasicTrainer:
loss = 4.45523925300117
INFO    [05-06 02:30:48] log in loggers:
Update Best NDCG@10 Model at 58
INFO    [05-06 02:30:48] validate in BasicTrainer:
{'Recall@10': 0.06815125375986099, 'NDCG@10': 0.04054317310452461, 'MRR@10': 0.03214664973318577, 'Recall@5': 0.048080173283815385, 'NDCG@5': 0.03410585463047028, 'MRR@5': 0.029521188214421273, 'Recall*@10': 0.07185514971613884, 'NDCG*@10': 0.042742026299238206, 'MRR*@10': 0.03388145394623279, 'Recall*@5': 0.050861485749483105, 'NDCG*@5': 0.03600404001772404, 'MRR*@5': 0.03113058492541313}
INFO    [05-06 02:30:48] train in BasicTrainer:
duration: 56.54188895225525s
INFO    [05-06 02:30:48] train in BasicTrainer:
epoch: 59
INFO    [05-06 02:31:05] _train_one_epoch in BasicTrainer:
loss = 4.450970361898611
INFO    [05-06 02:31:45] validate in BasicTrainer:
{'Recall@10': 0.06768851965665817, 'NDCG@10': 0.04029459610581398, 'MRR@10': 0.031948339268565176, 'Recall@5': 0.04805849924683571, 'NDCG@5': 0.03398223750293255, 'MRR@5': 0.02936377912759781, 'Recall*@10': 0.07148819908499718, 'NDCG*@10': 0.04245701864361763, 'MRR*@10': 0.03361083574593067, 'Recall*@5': 0.050769307166337964, 'NDCG*@5': 0.03578989654779434, 'MRR*@5': 0.030878292769193648}
INFO    [05-06 02:31:45] train in BasicTrainer:
duration: 57.016019105911255s
INFO    [05-06 02:31:45] train in BasicTrainer:
epoch: 60
INFO    [05-06 02:32:03] _train_one_epoch in BasicTrainer:
loss = 4.444796626632278
INFO    [05-06 02:32:42] validate in BasicTrainer:
{'Recall@10': 0.06771340787410736, 'NDCG@10': 0.0405201455950737, 'MRR@10': 0.03223877765238285, 'Recall@5': 0.04786425814032555, 'NDCG@5': 0.03412636585533619, 'MRR@5': 0.029614830985665322, 'Recall*@10': 0.07173465505242348, 'NDCG*@10': 0.0428544844686985, 'MRR*@10': 0.034057899340987206, 'Recall*@5': 0.05056453287601471, 'NDCG*@5': 0.03603324748575688, 'MRR*@5': 0.031257472336292266}
INFO    [05-06 02:32:42] train in BasicTrainer:
duration: 56.690078020095825s
INFO    [05-06 02:32:42] train in BasicTrainer:
epoch: 61
INFO    [05-06 02:33:00] _train_one_epoch in BasicTrainer:
loss = 4.441555070447492
INFO    [05-06 02:33:40] log in loggers:
Update Best NDCG@10 Model at 61
INFO    [05-06 02:33:41] validate in BasicTrainer:
{'Recall@10': 0.0683883073925972, 'NDCG@10': 0.04088470205664635, 'MRR@10': 0.032505213469266894, 'Recall@5': 0.048465441316366195, 'NDCG@5': 0.034474096596241, 'MRR@5': 0.029878184422850607, 'Recall*@10': 0.07222050845623017, 'NDCG*@10': 0.04319059416651726, 'MRR*@10': 0.034344463646411895, 'Recall*@5': 0.05126969262957573, 'NDCG*@5': 0.03644841693341732, 'MRR*@5': 0.031581121385097506}
INFO    [05-06 02:33:41] train in BasicTrainer:
duration: 58.63144111633301s
INFO    [05-06 02:33:41] train in BasicTrainer:
epoch: 62
INFO    [05-06 02:33:58] _train_one_epoch in BasicTrainer:
loss = 4.436824253013542
INFO    [05-06 02:34:38] log in loggers:
Update Best NDCG@10 Model at 62
INFO    [05-06 02:34:38] validate in BasicTrainer:
{'Recall@10': 0.06908059537410736, 'NDCG@10': 0.04120256349444389, 'MRR@10': 0.03271445989608765, 'Recall@5': 0.048928175568580624, 'NDCG@5': 0.03473228476941585, 'MRR@5': 0.030070703849196433, 'Recall*@10': 0.07283588081598281, 'NDCG*@10': 0.043418942838907244, 'MRR*@10': 0.034460210055112836, 'Recall*@5': 0.05164696633815766, 'NDCG*@5': 0.03661303892731667, 'MRR*@5': 0.031677594184875486}
INFO    [05-06 02:34:38] train in BasicTrainer:
duration: 57.59175992012024s
INFO    [05-06 02:34:38] train in BasicTrainer:
epoch: 63
DEBUG   [05-06 02:34:40] calculate_loss in loss:
soft_target max: 0.5038305521011353, argmax 28209491
DEBUG   [05-06 02:34:40] calculate_loss in loss:
pred max in softmax: 0.9519243836402893, argmax 4507152
DEBUG   [05-06 02:34:40] calculate_loss in loss:
soft_target max: 0.5042740702629089, argmax 98811729
DEBUG   [05-06 02:34:40] calculate_loss in loss:
pred max in softmax: 0.9376466870307922, argmax 31781534
INFO    [05-06 02:34:56] _train_one_epoch in BasicTrainer:
loss = 4.433616900229239
INFO    [05-06 02:35:35] log in loggers:
Update Best NDCG@10 Model at 63
INFO    [05-06 02:35:35] validate in BasicTrainer:
{'Recall@10': 0.06904099702835083, 'NDCG@10': 0.04125776588916778, 'MRR@10': 0.032804294377565386, 'Recall@5': 0.048812595158815385, 'NDCG@5': 0.03475876547396183, 'MRR@5': 0.03014641486108303, 'Recall*@10': 0.0729517775774002, 'NDCG*@10': 0.04350329339504242, 'MRR*@10': 0.03454772301018238, 'Recall*@5': 0.05138022109866142, 'NDCG*@5': 0.03657597333192825, 'MRR*@5': 0.03171645261347294}
INFO    [05-06 02:35:35] train in BasicTrainer:
duration: 56.925705671310425s
INFO    [05-06 02:35:35] train in BasicTrainer:
epoch: 64
INFO    [05-06 02:35:53] _train_one_epoch in BasicTrainer:
loss = 4.429515666789837
INFO    [05-06 02:36:33] log in loggers:
Update Best NDCG@10 Model at 64
INFO    [05-06 02:36:34] validate in BasicTrainer:
{'Recall@10': 0.06952165544033051, 'NDCG@10': 0.04144855290651321, 'MRR@10': 0.03288412973284721, 'Recall@5': 0.04954930245876312, 'NDCG@5': 0.035019253119826316, 'MRR@5': 0.030247680246829986, 'Recall*@10': 0.07332221359014511, 'NDCG*@10': 0.04368092074990273, 'MRR*@10': 0.03462980918586254, 'Recall*@5': 0.05244675546884537, 'NDCG*@5': 0.03695717915892601, 'MRR*@5': 0.03187053263187409}
INFO    [05-06 02:36:34] train in BasicTrainer:
duration: 58.36137914657593s
INFO    [05-06 02:36:34] train in BasicTrainer:
epoch: 65
INFO    [05-06 02:36:51] _train_one_epoch in BasicTrainer:
loss = 4.427091967952144
INFO    [05-06 02:37:30] validate in BasicTrainer:
{'Recall@10': 0.06914133161306381, 'NDCG@10': 0.04138120114803314, 'MRR@10': 0.03291741020977497, 'Recall@5': 0.049264492243528364, 'NDCG@5': 0.034987252801656724, 'MRR@5': 0.03029832787811756, 'Recall*@10': 0.07308518528938293, 'NDCG*@10': 0.04364150434732437, 'MRR*@10': 0.0346634379029274, 'Recall*@5': 0.05211870416998863, 'NDCG*@5': 0.03690185360610485, 'MRR*@5': 0.03190560206770897}
INFO    [05-06 02:37:30] train in BasicTrainer:
duration: 56.65506434440613s
INFO    [05-06 02:37:30] train in BasicTrainer:
epoch: 66
INFO    [05-06 02:37:48] _train_one_epoch in BasicTrainer:
loss = 4.424227117418169
INFO    [05-06 02:38:29] log in loggers:
Update Best NDCG@10 Model at 66
INFO    [05-06 02:38:29] validate in BasicTrainer:
{'Recall@10': 0.06940178960561752, 'NDCG@10': 0.04149964869022369, 'MRR@10': 0.033001565858721736, 'Recall@5': 0.0491158652305603, 'NDCG@5': 0.03497607588768006, 'MRR@5': 0.03033075116574764, 'Recall*@10': 0.07333490163087845, 'NDCG*@10': 0.04376617357134819, 'MRR*@10': 0.03476581886410713, 'Recall*@5': 0.05164625108242035, 'NDCG*@5': 0.036793147176504136, 'MRR*@5': 0.031912017315626144}
INFO    [05-06 02:38:29] train in BasicTrainer:
duration: 59.239989042282104s
INFO    [05-06 02:38:29] train in BasicTrainer:
epoch: 67
INFO    [05-06 02:38:47] _train_one_epoch in BasicTrainer:
loss = 4.420084880278991
INFO    [05-06 02:39:26] log in loggers:
Update Best NDCG@10 Model at 67
INFO    [05-06 02:39:26] validate in BasicTrainer:
{'Recall@10': 0.06956887662410736, 'NDCG@10': 0.041553902477025985, 'MRR@10': 0.03301768638193607, 'Recall@5': 0.049486958980560304, 'NDCG@5': 0.03508252762258053, 'MRR@5': 0.03035995237529278, 'Recall*@10': 0.0736886551976204, 'NDCG*@10': 0.043867367058992385, 'MRR*@10': 0.03478660918772221, 'Recall*@5': 0.05209473431110382, 'NDCG*@5': 0.03690784953534603, 'MRR*@5': 0.031927892118692396}
INFO    [05-06 02:39:26] train in BasicTrainer:
duration: 56.855950117111206s
INFO    [05-06 02:39:26] train in BasicTrainer:
epoch: 68
INFO    [05-06 02:39:45] _train_one_epoch in BasicTrainer:
loss = 4.417539725432524
INFO    [05-06 02:40:25] validate in BasicTrainer:
{'Recall@10': 0.06945490300655364, 'NDCG@10': 0.04152015864849091, 'MRR@10': 0.0330144976079464, 'Recall@5': 0.04882998362183571, 'NDCG@5': 0.03486017875373364, 'MRR@5': 0.030271789208054543, 'Recall*@10': 0.07336471289396286, 'NDCG*@10': 0.04379081204533577, 'MRR*@10': 0.03478733666241169, 'Recall*@5': 0.051513544619083404, 'NDCG*@5': 0.03673959843814373, 'MRR*@5': 0.03188625484704971}
INFO    [05-06 02:40:25] train in BasicTrainer:
duration: 59.00118160247803s
INFO    [05-06 02:40:25] train in BasicTrainer:
epoch: 69
INFO    [05-06 02:40:43] _train_one_epoch in BasicTrainer:
loss = 4.414999918894725
INFO    [05-06 02:41:23] log in loggers:
Update Best NDCG@10 Model at 69
INFO    [05-06 02:41:23] validate in BasicTrainer:
{'Recall@10': 0.069791878759861, 'NDCG@10': 0.041725414097309114, 'MRR@10': 0.03317387633025646, 'Recall@5': 0.04941097661852836, 'NDCG@5': 0.03516054704785347, 'MRR@5': 0.030479590073227883, 'Recall*@10': 0.07371819972991943, 'NDCG*@10': 0.04404702857136726, 'MRR*@10': 0.03500634454190731, 'Recall*@5': 0.05212021127343178, 'NDCG*@5': 0.03708774991333485, 'MRR*@5': 0.03214877501130104}
INFO    [05-06 02:41:23] train in BasicTrainer:
duration: 57.952765226364136s
INFO    [05-06 02:41:23] train in BasicTrainer:
epoch: 70
INFO    [05-06 02:41:41] _train_one_epoch in BasicTrainer:
loss = 4.4119607392732085
INFO    [05-06 02:42:22] log in loggers:
Update Best NDCG@10 Model at 70
INFO    [05-06 02:42:23] validate in BasicTrainer:
{'Recall@10': 0.07022585183382034, 'NDCG@10': 0.041930386573076246, 'MRR@10': 0.03331172280013561, 'Recall@5': 0.04962260633707047, 'NDCG@5': 0.03528862491250038, 'MRR@5': 0.030582916289567948, 'Recall*@10': 0.07396042883396149, 'NDCG*@10': 0.04420371979475021, 'MRR*@10': 0.03513798341155052, 'Recall*@5': 0.05221000164747238, 'NDCG*@5': 0.03718499571084976, 'MRR*@5': 0.032250096276402476}
INFO    [05-06 02:42:23] train in BasicTrainer:
duration: 59.78761672973633s
INFO    [05-06 02:42:23] train in BasicTrainer:
epoch: 71
INFO    [05-06 02:42:40] _train_one_epoch in BasicTrainer:
loss = 4.4096382673796235
INFO    [05-06 02:43:20] log in loggers:
Update Best NDCG@10 Model at 71
INFO    [05-06 02:43:21] validate in BasicTrainer:
{'Recall@10': 0.06987107515335084, 'NDCG@10': 0.0419938325881958, 'MRR@10': 0.03350278839468956, 'Recall@5': 0.04974568635225296, 'NDCG@5': 0.03552751563489437, 'MRR@5': 0.0308585911244154, 'Recall*@10': 0.07352734237909317, 'NDCG*@10': 0.04419050663709641, 'MRR*@10': 0.03525442183017731, 'Recall*@5': 0.05220519155263901, 'NDCG*@5': 0.03733474306762218, 'MRR*@5': 0.03244808614253998}
INFO    [05-06 02:43:21] train in BasicTrainer:
duration: 57.556374311447144s
INFO    [05-06 02:43:21] train in BasicTrainer:
epoch: 72
DEBUG   [05-06 02:43:22] calculate_loss in loss:
soft_target max: 0.5034390687942505, argmax 2643772
DEBUG   [05-06 02:43:22] calculate_loss in loss:
pred max in softmax: 0.7479935884475708, argmax 60260606
DEBUG   [05-06 02:43:22] calculate_loss in loss:
soft_target max: 0.5060096383094788, argmax 27825090
DEBUG   [05-06 02:43:22] calculate_loss in loss:
pred max in softmax: 0.9098961353302002, argmax 91899016
INFO    [05-06 02:43:38] _train_one_epoch in BasicTrainer:
loss = 4.406269550323486
INFO    [05-06 02:44:17] log in loggers:
Update Best NDCG@10 Model at 72
INFO    [05-06 02:44:17] validate in BasicTrainer:
{'Recall@10': 0.07050303906202317, 'NDCG@10': 0.04209511175751686, 'MRR@10': 0.03345193147659302, 'Recall@5': 0.04950756147503853, 'NDCG@5': 0.03533369302749634, 'MRR@5': 0.03067772723734379, 'Recall*@10': 0.0743867352604866, 'NDCG*@10': 0.04433280199766159, 'MRR*@10': 0.03518704056739807, 'Recall*@5': 0.05224504292011261, 'NDCG*@5': 0.037203306928277016, 'MRR*@5': 0.03226237431168556}
INFO    [05-06 02:44:17] train in BasicTrainer:
duration: 56.699928998947144s
INFO    [05-06 02:44:17] train in BasicTrainer:
epoch: 73
INFO    [05-06 02:44:35] _train_one_epoch in BasicTrainer:
loss = 4.403284532529813
INFO    [05-06 02:45:15] log in loggers:
Update Best NDCG@10 Model at 73
INFO    [05-06 02:45:16] validate in BasicTrainer:
{'Recall@10': 0.07039133161306381, 'NDCG@10': 0.042119919657707214, 'MRR@10': 0.03350437425076962, 'Recall@5': 0.04985912397503853, 'NDCG@5': 0.035517255365848543, 'MRR@5': 0.030800729617476465, 'Recall*@10': 0.07415414512157441, 'NDCG*@10': 0.04430869519710541, 'MRR*@10': 0.03521518386900425, 'Recall*@5': 0.052406204640865324, 'NDCG*@5': 0.03731271892786026, 'MRR*@5': 0.03234904319047928}
INFO    [05-06 02:45:16] train in BasicTrainer:
duration: 58.47604727745056s
INFO    [05-06 02:45:16] train in BasicTrainer:
epoch: 74
INFO    [05-06 02:45:33] _train_one_epoch in BasicTrainer:
loss = 4.400484274099539
INFO    [05-06 02:46:12] validate in BasicTrainer:
{'Recall@10': 0.07028498113155365, 'NDCG@10': 0.04204287067055702, 'MRR@10': 0.03344207160174847, 'Recall@5': 0.0496979296207428, 'NDCG@5': 0.035426384806632995, 'MRR@5': 0.030735456198453904, 'Recall*@10': 0.074002845287323, 'NDCG*@10': 0.044193493276834486, 'MRR*@10': 0.03510724067687988, 'Recall*@5': 0.05235054433345795, 'NDCG*@5': 0.03722673900425434, 'MRR*@5': 0.03225267864763737}
INFO    [05-06 02:46:12] train in BasicTrainer:
duration: 56.35078144073486s
INFO    [05-06 02:46:12] train in BasicTrainer:
epoch: 75
INFO    [05-06 02:46:30] _train_one_epoch in BasicTrainer:
loss = 4.3978536451185075
INFO    [05-06 02:47:11] log in loggers:
Update Best NDCG@10 Model at 75
INFO    [05-06 02:47:11] validate in BasicTrainer:
{'Recall@10': 0.07049541622400284, 'NDCG@10': 0.04213374495506286, 'MRR@10': 0.033495655581355095, 'Recall@5': 0.049953442960977555, 'NDCG@5': 0.03554216891527176, 'MRR@5': 0.030804766938090325, 'Recall*@10': 0.07426829814910889, 'NDCG*@10': 0.04432694718241691, 'MRR*@10': 0.035199457705020906, 'Recall*@5': 0.05271598801016807, 'NDCG*@5': 0.03740774191915989, 'MRR*@5': 0.03237281829118729}
INFO    [05-06 02:47:11] train in BasicTrainer:
duration: 58.66872429847717s
INFO    [05-06 02:47:11] train in BasicTrainer:
epoch: 76
INFO    [05-06 02:47:28] _train_one_epoch in BasicTrainer:
loss = 4.396649180231868
INFO    [05-06 02:48:08] validate in BasicTrainer:
{'Recall@10': 0.06989489197731018, 'NDCG@10': 0.04192074805498123, 'MRR@10': 0.03339817143976689, 'Recall@5': 0.049591043442487714, 'NDCG@5': 0.03539193332195282, 'MRR@5': 0.030725323483347892, 'Recall*@10': 0.07360803574323654, 'NDCG*@10': 0.04414530575275421, 'MRR*@10': 0.035172438248991966, 'Recall*@5': 0.05220740795135498, 'NDCG*@5': 0.0372629964351654, 'MRR*@5': 0.03235433921217919}
INFO    [05-06 02:48:08] train in BasicTrainer:
duration: 56.824037313461304s
INFO    [05-06 02:48:08] train in BasicTrainer:
epoch: 77
INFO    [05-06 02:48:26] _train_one_epoch in BasicTrainer:
loss = 4.39405615265305
INFO    [05-06 02:49:06] validate in BasicTrainer:
{'Recall@10': 0.0700489991903305, 'NDCG@10': 0.041900408565998075, 'MRR@10': 0.03333206981420517, 'Recall@5': 0.04938221544027328, 'NDCG@5': 0.03524589985609054, 'MRR@5': 0.030602376386523248, 'Recall*@10': 0.0736730420589447, 'NDCG*@10': 0.044103487730026245, 'MRR*@10': 0.03509791702032089, 'Recall*@5': 0.052131102234125135, 'NDCG*@5': 0.03716459810733795, 'MRR*@5': 0.03224984832108021}
INFO    [05-06 02:49:06] train in BasicTrainer:
duration: 58.56596899032593s
INFO    [05-06 02:49:06] train in BasicTrainer:
epoch: 78
INFO    [05-06 02:49:24] _train_one_epoch in BasicTrainer:
loss = 4.39119629387383
INFO    [05-06 02:50:04] validate in BasicTrainer:
{'Recall@10': 0.07020578473806381, 'NDCG@10': 0.042095621228218076, 'MRR@10': 0.033531199917197226, 'Recall@5': 0.04993992745876312, 'NDCG@5': 0.03558632187545299, 'MRR@5': 0.030870560333132745, 'Recall*@10': 0.07399845063686371, 'NDCG*@10': 0.04429040044546127, 'MRR*@10': 0.03523778028786182, 'Recall*@5': 0.05265321984887123, 'NDCG*@5': 0.037442367523908615, 'MRR*@5': 0.032443336620926855}
INFO    [05-06 02:50:04] train in BasicTrainer:
duration: 57.767372846603394s
INFO    [05-06 02:50:04] train in BasicTrainer:
epoch: 79
INFO    [05-06 02:50:21] _train_one_epoch in BasicTrainer:
loss = 4.390352270624659
INFO    [05-06 02:51:00] log in loggers:
Update Best NDCG@10 Model at 79
INFO    [05-06 02:51:01] validate in BasicTrainer:
{'Recall@10': 0.06985154390335083, 'NDCG@10': 0.04215130537748337, 'MRR@10': 0.033699839860200885, 'Recall@5': 0.05011022865772247, 'NDCG@5': 0.0357990488409996, 'MRR@5': 0.03109666980803013, 'Recall*@10': 0.07340730726718903, 'NDCG*@10': 0.04427853897213936, 'MRR*@10': 0.03538318611681461, 'Recall*@5': 0.05287145972251892, 'NDCG*@5': 0.03766713514924049, 'MRR*@5': 0.032671761363744736}
INFO    [05-06 02:51:01] train in BasicTrainer:
duration: 56.77851581573486s
INFO    [05-06 02:51:01] close_training in BasicTrainer:
finished training
DEBUG   [05-06 02:51:01] debug_summary in loss:
loss nan summary: nan 0 times, not nan 8881 times, ratio nan / (nan + not_nan) = 0.0
INFO    [05-06 02:51:01] run_routine in Routine:
Finished training, Start final validation
INFO    [05-06 02:51:01] final_validate in BasicTrainer:
validate model on val set!
INFO    [05-06 02:51:01] load_state_from_given_path in utils:
checkpoint epoch: 79
INFO    [05-06 02:51:01] load_state_from_given_path in utils:
Loading model's parameters
INFO    [05-06 02:51:41] validate in BasicTrainer:
{'Recall@10': 0.06985154390335083, 'NDCG@10': 0.04215130537748337, 'MRR@10': 0.033699839860200885, 'Recall@5': 0.05011022865772247, 'NDCG@5': 0.0357990488409996, 'MRR@5': 0.03109666980803013, 'Recall*@10': 0.07340730726718903, 'NDCG*@10': 0.04427853897213936, 'MRR*@10': 0.03538318611681461, 'Recall*@5': 0.05287145972251892, 'NDCG*@5': 0.03766713514924049, 'MRR*@5': 0.032671761363744736}
INFO    [05-06 02:51:41] run_routine in Routine:
Finished final validating. Result: {'Recall@10': 0.06985154390335083, 'NDCG@10': 0.04215130537748337, 'MRR@10': 0.033699839860200885, 'Recall@5': 0.05011022865772247, 'NDCG@5': 0.0357990488409996, 'MRR@5': 0.03109666980803013, 'Recall*@10': 0.07340730726718903, 'NDCG*@10': 0.04427853897213936, 'MRR*@10': 0.03538318611681461, 'Recall*@5': 0.05287145972251892, 'NDCG*@5': 0.03766713514924049, 'MRR*@5': 0.032671761363744736}
INFO    [05-06 02:51:41] _evaluate in EnsembleDistillSched:
Start testing student model on test set
INFO    [05-06 02:51:41] test in BasicTrainer:
Test model on test set!
INFO    [05-06 02:51:41] test_with_given_state_path in BasicTrainer:
Loading model params from ___el_ed_2022/ed_narm-T-6.0-al-0.75_05-06_01:31_t9/student_narm_logs/checkpoint/best_acc_model.pth.
INFO    [05-06 02:51:41] load_state_from_given_path in utils:
checkpoint epoch: 79
INFO    [05-06 02:51:41] load_state_from_given_path in utils:
Loading model's parameters
INFO    [05-06 02:51:41] test_with_given_state_path in BasicTrainer:
Finished loading. Start testing.
INFO    [05-06 02:52:20] test_with_given_state_path in BasicTrainer:
{'Recall@10': 0.058028543442487715, 'NDCG@10': 0.03394540473818779, 'MRR@10': 0.026620871126651763, 'Recall@5': 0.040583757013082505, 'NDCG@5': 0.028343557789921762, 'MRR@5': 0.024331793710589408, 'Recall*@10': 0.06198778033256531, 'NDCG*@10': 0.036508384943008426, 'MRR*@10': 0.028749181106686592, 'Recall*@5': 0.04380546137690544, 'NDCG*@5': 0.03066898204386234, 'MRR*@5': 0.026362628638744355}
INFO    [05-06 02:52:20] _evaluate in EnsembleDistillSched:
!!Final Result!!: {'Recall@10': 0.058028543442487715, 'NDCG@10': 0.03394540473818779, 'MRR@10': 0.026620871126651763, 'Recall@5': 0.040583757013082505, 'NDCG@5': 0.028343557789921762, 'MRR@5': 0.024331793710589408, 'Recall*@10': 0.06198778033256531, 'NDCG*@10': 0.036508384943008426, 'MRR*@10': 0.028749181106686592, 'Recall*@5': 0.04380546137690544, 'NDCG*@5': 0.03066898204386234, 'MRR*@5': 0.026362628638744355}
