INFO    [04-01 00:26:49] setup_train in utils:
{
    "experiment_dir": "___el_soft_2020",
    "experiment_description": "pop",
    "describe": "{config[model_code]}-T-{config[T]}-al-{config[alpha]}",
    "dataset_name": "electronics.csv",
    "sched": "distill",
    "model_code": "nextitnet",
    "mentor_code": "pop",
    "training_routine": "student",
    "softmaxed_mentor": false,
    "alpha": 0.5,
    "T": 3,
    "num_epochs": 60,
    "mode": [
        "train",
        "test"
    ],
    "max_len": 10,
    "test_state_path": null,
    "model_state_path": null,
    "mentor_state_path": null,
    "rand_seed": 2020,
    "load_processed_dataset": true,
    "save_processed_dataset": false,
    "dataset_cache_filename": null,
    "do_remap": false,
    "weight_decay": 0,
    "decay_step": 15,
    "gamma": 0.99,
    "lr": 0.001,
    "min_length": 5,
    "min_item_inter": 5,
    "good_only": false,
    "use_rating": true,
    "test_negative_sampler_code": "random",
    "test_negative_sample_size": 0,
    "dataloader_type": "next",
    "train_batch_size": 256,
    "val_batch_size": 256,
    "test_batch_size": 256,
    "prop_sliding_window": -1.0,
    "worker_number": 2,
    "metric_ks": [
        5,
        10
    ],
    "device": "cuda",
    "num_gpu": 1,
    "optimizer": "Adam",
    "best_metric": "NDCG@10",
    "show_process_bar": false,
    "enable_sample": false,
    "samples_ratio": 0.1,
    "config_file": "config2.electronics/nextitnet/config_distill.json",
    "task_id": -1,
    "split": "leave_one_out",
    "do_sampling": false,
    "path_for_sample": null,
    "sample_rate": 0.5,
    "sample_seed": 0,
    "train_negative_sampler_code": "random",
    "train_negative_sample_size": 100,
    "device_idx": "0",
    "momentum": null,
    "log_period_as_iter": 12800,
    "dvae_alpha": 0.5,
    "weight_list": [
        0.5,
        0.5
    ],
    "validation_rate": 0.2,
    "num_items": null,
    "start_index": 1,
    "kwargs": null
}
DEBUG   [04-01 00:26:49] __init__ in DistillSched:
DistillScheduler attribs: teacher tag=teacher_pop, student tag=student_nextitnet
INFO    [04-01 00:26:49] _load_full_dataset_from_path in utils:
loading cache from /data/wushiguang-slurm/code/gitee-repos/soft-rec/Data/Cache/electronics-5-5.pkl
INFO    [04-01 00:26:50] _check_dataset_cache in utils:
check if the cache is generated under this configuration
INFO    [04-01 00:26:50] _check_dataset_cache in utils:
correct.
INFO    [04-01 00:26:50] __init__ in NextItemDataloader:
there are 29351 items in this dataset, 102187 users, padding_first? True
DEBUG   [04-01 00:27:07] generate_model in utils:
model_code_list=['pop']
INFO    [04-01 00:27:07] load_model_config in utils:
loading model pop's config file at asset/config/model/pop.json
INFO    [04-01 00:27:07] load_model_config in utils:
{}
WARNING [04-01 00:27:33] get_exist_path in utils:
dir ___el_soft_2020/pop_nextitnet-T-3-al-0.5_04-01_00:26_0/teacher_pop_logs does not exist! Create one.
WARNING [04-01 00:27:33] get_exist_path in utils:
dir ___el_soft_2020/pop_nextitnet-T-3-al-0.5_04-01_00:26_0/teacher_pop_logs/tb_vis does not exist! Create one.
WARNING [04-01 00:27:33] get_exist_path in utils:
dir ___el_soft_2020/pop_nextitnet-T-3-al-0.5_04-01_00:26_0/teacher_pop_logs/checkpoint does not exist! Create one.
WARNING [04-01 00:27:33] get_path in utils:
Path is None
WARNING [04-01 00:27:33] load_state_from_given_path in utils:
Not given any path.
DEBUG   [04-01 00:27:33] __init__ in DistillSched:
teacher model: 
POPModel(
  (fake_parameter): Linear(in_features=1, out_features=1, bias=False)
)
INFO    [04-01 00:27:33] assert_model_device in utils:
model teacher_pop has 3.814697265625e-06 MB params.
INFO    [04-01 00:27:33] __init__ in BasicTrainer:
457216 iter per epoch
DEBUG   [04-01 00:27:33] generate_model in utils:
model_code_list=['nextitnet']
INFO    [04-01 00:27:33] load_model_config in utils:
loading model nextitnet's config file at asset/config/model/nextitnet.json
INFO    [04-01 00:27:33] load_model_config in utils:
{
    "embedding_size": 64,
    "kernel_size": 3,
    "block_num": 5,
    "dilations": [
        1
    ],
    "reg_weight": 5e-06,
    "loss_type": "CE"
}
WARNING [04-01 00:27:38] get_exist_path in utils:
dir ___el_soft_2020/pop_nextitnet-T-3-al-0.5_04-01_00:26_0/student_nextitnet_logs does not exist! Create one.
WARNING [04-01 00:27:38] get_exist_path in utils:
dir ___el_soft_2020/pop_nextitnet-T-3-al-0.5_04-01_00:26_0/student_nextitnet_logs/tb_vis does not exist! Create one.
WARNING [04-01 00:27:38] get_exist_path in utils:
dir ___el_soft_2020/pop_nextitnet-T-3-al-0.5_04-01_00:26_0/student_nextitnet_logs/checkpoint does not exist! Create one.
WARNING [04-01 00:27:38] get_path in utils:
Path is None
WARNING [04-01 00:27:38] load_state_from_given_path in utils:
Not given any path.
DEBUG   [04-01 00:27:38] __init__ in DistillSched:
student model: 
NextItNet(
  (item_embedding): Embedding(29352, 64, padding_idx=0)
  (residual_blocks): Sequential(
    (0): ResidualBlock_b(
      (conv1): Conv2d(64, 64, kernel_size=(1, 3), stride=(1, 1))
      (ln1): LayerNorm((64,), eps=1e-08, elementwise_affine=True)
      (conv2): Conv2d(64, 64, kernel_size=(1, 3), stride=(1, 1), dilation=(2, 2))
      (ln2): LayerNorm((64,), eps=1e-08, elementwise_affine=True)
    )
    (1): ResidualBlock_b(
      (conv1): Conv2d(64, 64, kernel_size=(1, 3), stride=(1, 1))
      (ln1): LayerNorm((64,), eps=1e-08, elementwise_affine=True)
      (conv2): Conv2d(64, 64, kernel_size=(1, 3), stride=(1, 1), dilation=(2, 2))
      (ln2): LayerNorm((64,), eps=1e-08, elementwise_affine=True)
    )
    (2): ResidualBlock_b(
      (conv1): Conv2d(64, 64, kernel_size=(1, 3), stride=(1, 1))
      (ln1): LayerNorm((64,), eps=1e-08, elementwise_affine=True)
      (conv2): Conv2d(64, 64, kernel_size=(1, 3), stride=(1, 1), dilation=(2, 2))
      (ln2): LayerNorm((64,), eps=1e-08, elementwise_affine=True)
    )
    (3): ResidualBlock_b(
      (conv1): Conv2d(64, 64, kernel_size=(1, 3), stride=(1, 1))
      (ln1): LayerNorm((64,), eps=1e-08, elementwise_affine=True)
      (conv2): Conv2d(64, 64, kernel_size=(1, 3), stride=(1, 1), dilation=(2, 2))
      (ln2): LayerNorm((64,), eps=1e-08, elementwise_affine=True)
    )
    (4): ResidualBlock_b(
      (conv1): Conv2d(64, 64, kernel_size=(1, 3), stride=(1, 1))
      (ln1): LayerNorm((64,), eps=1e-08, elementwise_affine=True)
      (conv2): Conv2d(64, 64, kernel_size=(1, 3), stride=(1, 1), dilation=(2, 2))
      (ln2): LayerNorm((64,), eps=1e-08, elementwise_affine=True)
    )
  )
  (final_layer): Linear(in_features=64, out_features=64, bias=True)
  (loss_fct): CrossEntropyLoss()
  (reg_loss): RegLoss()
)
INFO    [04-01 00:27:38] assert_model_device in utils:
model student_nextitnet has 7.657958984375 MB params.
INFO    [04-01 00:27:38] assert_model_device in utils:
model teacher_pop has 3.814697265625e-06 MB params.
INFO    [04-01 00:27:38] __init__ in DistillTrainer:
457216 iter per epoch
INFO    [04-01 00:27:38] _set_current_routine in Routine:
first routine: student
INFO    [04-01 00:27:38] run_routine in Routine:
Start routine student
INFO    [04-01 00:27:38] run_routine in Routine:
Start training
INFO    [04-01 00:27:38] train in DistillTrainer:
Test mentor model: teacher_pop
INFO    [04-01 00:28:30] test_mentor in DistillTrainer:
{'Recall@10': 0.04043899890966714, 'NDCG@10': 0.02165573674137704, 'MRR@10': 0.01590296389476862, 'Recall@5': 0.028046420784667136, 'NDCG@5': 0.017628120144363494, 'MRR@5': 0.014229503915703389, 'Recall*@10': 0.043083362637553364, 'NDCG*@10': 0.023334566710982472, 'MRR*@10': 0.017303307598340326, 'Recall*@5': 0.029494235265301542, 'NDCG*@5': 0.018915610642870888, 'MRR*@5': 0.0154657981415221}
INFO    [04-01 00:28:30] train in DistillTrainer:
result:
{'Recall@10': 0.04043899890966714, 'NDCG@10': 0.02165573674137704, 'MRR@10': 0.01590296389476862, 'Recall@5': 0.028046420784667136, 'NDCG@5': 0.017628120144363494, 'MRR@5': 0.014229503915703389, 'Recall*@10': 0.043083362637553364, 'NDCG*@10': 0.023334566710982472, 'MRR*@10': 0.017303307598340326, 'Recall*@5': 0.029494235265301542, 'NDCG*@5': 0.018915610642870888, 'MRR*@5': 0.0154657981415221}
INFO    [04-01 00:29:33] log in loggers:
Update Best NDCG@10 Model at 0
INFO    [04-01 00:29:33] validate in BasicTrainer:
{'Recall@10': 0.0001171875, 'NDCG@10': 5.888212617719546e-05, 'MRR@10': 4.159691263339482e-05, 'Recall@5': 5.859375e-05, 'NDCG@5': 4.0341111016459764e-05, 'MRR@5': 3.41796877910383e-05, 'Recall*@10': 8.360765874385833e-05, 'NDCG*@10': 4.7647318278905e-05, 'MRR*@10': 3.6787228746106846e-05, 'Recall*@5': 4.792725667357445e-05, 'NDCG*@5': 3.570304659660906e-05, 'MRR*@5': 3.1628310098312794e-05}
INFO    [04-01 00:29:33] train in BasicTrainer:
epoch: 0
DEBUG   [04-01 00:29:34] calculate_loss in loss:
soft_target max: 0.5004648566246033, argmax 649677
DEBUG   [04-01 00:29:34] calculate_loss in loss:
pred max in softmax: 4.450626511243172e-05, argmax 5921024
DEBUG   [04-01 00:30:10] calculate_loss in loss:
soft_target max: 0.5001698136329651, argmax 3455724
DEBUG   [04-01 00:30:10] calculate_loss in loss:
pred max in softmax: 0.006738137453794479, argmax 590973
DEBUG   [04-01 00:30:10] calculate_loss in loss:
soft_target max: 0.5004648566246033, argmax 3203301
DEBUG   [04-01 00:30:10] calculate_loss in loss:
pred max in softmax: 0.007689904887229204, argmax 6754893
INFO    [04-01 00:30:38] _train_one_epoch in BasicTrainer:
loss = 6.836466999897631
INFO    [04-01 00:31:32] log in loggers:
Update Best NDCG@10 Model at 0
INFO    [04-01 00:31:32] validate in BasicTrainer:
{'Recall@10': 0.040145575944334266, 'NDCG@10': 0.022004470360116102, 'MRR@10': 0.01648316422419157, 'Recall@5': 0.02669831031933427, 'NDCG@5': 0.01768018209026195, 'MRR@5': 0.014712811405479443, 'Recall*@10': 0.04347175542498007, 'NDCG*@10': 0.02391752235358581, 'MRR*@10': 0.017964951246685814, 'Recall*@5': 0.02896472352440469, 'NDCG*@5': 0.019247231132467277, 'MRR*@5': 0.01605010816361755}
INFO    [04-01 00:31:32] train in BasicTrainer:
duration: 119.15631079673767s
INFO    [04-01 00:31:32] train in BasicTrainer:
epoch: 1
DEBUG   [04-01 00:31:41] calculate_loss in loss:
soft_target max: 0.5001698136329651, argmax 4688508
DEBUG   [04-01 00:31:41] calculate_loss in loss:
pred max in softmax: 0.015749135985970497, argmax 7165821
DEBUG   [04-01 00:31:41] calculate_loss in loss:
soft_target max: 0.5004648566246033, argmax 7195173
DEBUG   [04-01 00:31:41] calculate_loss in loss:
pred max in softmax: 0.015461127273738384, argmax 2939133
DEBUG   [04-01 00:32:16] calculate_loss in loss:
soft_target max: 0.5004648566246033, argmax 4729605
DEBUG   [04-01 00:32:16] calculate_loss in loss:
pred max in softmax: 0.0287310890853405, argmax 5701553
DEBUG   [04-01 00:32:16] calculate_loss in loss:
soft_target max: 0.5001698136329651, argmax 6244164
DEBUG   [04-01 00:32:16] calculate_loss in loss:
pred max in softmax: 0.025389358401298523, argmax 4468769
INFO    [04-01 00:32:36] _train_one_epoch in BasicTrainer:
loss = 6.603626711504724
INFO    [04-01 00:33:29] log in loggers:
Update Best NDCG@10 Model at 1
INFO    [04-01 00:33:29] validate in BasicTrainer:
{'Recall@10': 0.04927598111331463, 'NDCG@10': 0.026481211682548748, 'MRR@10': 0.019566728732606863, 'Recall@5': 0.03228424781933427, 'NDCG@5': 0.021008303616545165, 'MRR@5': 0.017320823809714055, 'Recall*@10': 0.05344319481868297, 'NDCG*@10': 0.02890694220433943, 'MRR*@10': 0.021465685680159368, 'Recall*@5': 0.035153261338127774, 'NDCG*@5': 0.0230089087941451, 'MRR*@5': 0.019041198247869033}
INFO    [04-01 00:33:29] train in BasicTrainer:
duration: 117.12953281402588s
INFO    [04-01 00:33:29] train in BasicTrainer:
epoch: 2
DEBUG   [04-01 00:33:45] calculate_loss in loss:
soft_target max: 0.5001698136329651, argmax 1371732
DEBUG   [04-01 00:33:45] calculate_loss in loss:
pred max in softmax: 0.028135716915130615, argmax 1676904
DEBUG   [04-01 00:33:45] calculate_loss in loss:
soft_target max: 0.5004648566246033, argmax 6255909
DEBUG   [04-01 00:33:45] calculate_loss in loss:
pred max in softmax: 0.04567548632621765, argmax 3840
DEBUG   [04-01 00:34:22] calculate_loss in loss:
soft_target max: 0.5004648566246033, argmax 884493
DEBUG   [04-01 00:34:22] calculate_loss in loss:
pred max in softmax: 0.03663552924990654, argmax 68424
DEBUG   [04-01 00:34:22] calculate_loss in loss:
soft_target max: 0.5004648566246033, argmax 356157
DEBUG   [04-01 00:34:22] calculate_loss in loss:
pred max in softmax: 0.03694281354546547, argmax 7437459
INFO    [04-01 00:34:35] _train_one_epoch in BasicTrainer:
loss = 6.413875788083136
INFO    [04-01 00:35:28] log in loggers:
Update Best NDCG@10 Model at 2
INFO    [04-01 00:35:28] validate in BasicTrainer:
{'Recall@10': 0.053349155159667136, 'NDCG@10': 0.02947580415289849, 'MRR@10': 0.02224240304727573, 'Recall@5': 0.035526889534667136, 'NDCG@5': 0.023756165937520564, 'MRR@5': 0.019907624371408018, 'Recall*@10': 0.057920180927030745, 'NDCG*@10': 0.032070337801706046, 'MRR*@10': 0.02423694333934691, 'Recall*@5': 0.03855950322118588, 'NDCG*@5': 0.025848262498038822, 'MRR*@5': 0.02169192308385391}
INFO    [04-01 00:35:28] train in BasicTrainer:
duration: 118.74466729164124s
INFO    [04-01 00:35:28] train in BasicTrainer:
epoch: 3
DEBUG   [04-01 00:35:52] calculate_loss in loss:
soft_target max: 0.5004648566246033, argmax 4171917
DEBUG   [04-01 00:35:52] calculate_loss in loss:
pred max in softmax: 0.09191810339689255, argmax 5821416
DEBUG   [04-01 00:35:52] calculate_loss in loss:
soft_target max: 0.5004648566246033, argmax 5639517
DEBUG   [04-01 00:35:52] calculate_loss in loss:
pred max in softmax: 0.05853375419974327, argmax 2211120
DEBUG   [04-01 00:36:27] calculate_loss in loss:
soft_target max: 0.5004648566246033, argmax 2234685
DEBUG   [04-01 00:36:27] calculate_loss in loss:
pred max in softmax: 0.05726299807429314, argmax 2947474
DEBUG   [04-01 00:36:27] calculate_loss in loss:
soft_target max: 0.5002869963645935, argmax 6237059
DEBUG   [04-01 00:36:27] calculate_loss in loss:
pred max in softmax: 0.05689818784594536, argmax 238749
INFO    [04-01 00:36:32] _train_one_epoch in BasicTrainer:
loss = 6.258135716031407
INFO    [04-01 00:37:25] log in loggers:
Update Best NDCG@10 Model at 3
INFO    [04-01 00:37:26] validate in BasicTrainer:
{'Recall@10': 0.05487259265966713, 'NDCG@10': 0.030235822817776353, 'MRR@10': 0.022762766858795656, 'Recall@5': 0.03672806140966713, 'NDCG@5': 0.02440485533908941, 'MRR@5': 0.020377702995901928, 'Recall*@10': 0.05964289392810315, 'NDCG*@10': 0.032860784912481907, 'MRR*@10': 0.024734715826343744, 'Recall*@5': 0.03991906014387496, 'NDCG*@5': 0.026516751959570685, 'MRR*@5': 0.022136415588029194}
INFO    [04-01 00:37:26] train in BasicTrainer:
duration: 117.52119302749634s
INFO    [04-01 00:37:26] train in BasicTrainer:
epoch: 4
DEBUG   [04-01 00:37:57] calculate_loss in loss:
soft_target max: 0.5002869963645935, argmax 630827
DEBUG   [04-01 00:37:57] calculate_loss in loss:
pred max in softmax: 0.10370630770921707, argmax 437652
DEBUG   [04-01 00:37:57] calculate_loss in loss:
soft_target max: 0.5001698136329651, argmax 4306932
DEBUG   [04-01 00:37:57] calculate_loss in loss:
pred max in softmax: 0.058991897851228714, argmax 179952
INFO    [04-01 00:38:30] _train_one_epoch in BasicTrainer:
loss = 6.110252242606271
INFO    [04-01 00:39:23] log in loggers:
Update Best NDCG@10 Model at 4
INFO    [04-01 00:39:23] validate in BasicTrainer:
{'Recall@10': 0.05492096656933427, 'NDCG@10': 0.030615495946258307, 'MRR@10': 0.023241784955607726, 'Recall@5': 0.03659134265966713, 'NDCG@5': 0.024721814575605093, 'MRR@5': 0.020829135965323077, 'Recall*@10': 0.05935261755716056, 'NDCG*@10': 0.033045631786808374, 'MRR*@10': 0.025063725590007378, 'Recall*@5': 0.03955486585386098, 'NDCG*@5': 0.026680981938261537, 'MRR*@5': 0.02245893364481162}
INFO    [04-01 00:39:23] train in BasicTrainer:
duration: 117.66218209266663s
INFO    [04-01 00:39:23] train in BasicTrainer:
epoch: 5
DEBUG   [04-01 00:39:27] calculate_loss in loss:
soft_target max: 0.5002869963645935, argmax 1247219
DEBUG   [04-01 00:39:27] calculate_loss in loss:
pred max in softmax: 0.3997255563735962, argmax 5093067
DEBUG   [04-01 00:39:27] calculate_loss in loss:
soft_target max: 0.5004648566246033, argmax 4436085
DEBUG   [04-01 00:39:27] calculate_loss in loss:
pred max in softmax: 0.11338871717453003, argmax 5490216
DEBUG   [04-01 00:40:02] calculate_loss in loss:
soft_target max: 0.5004648566246033, argmax 1148661
DEBUG   [04-01 00:40:02] calculate_loss in loss:
pred max in softmax: 0.057126741856336594, argmax 6733011
DEBUG   [04-01 00:40:02] calculate_loss in loss:
soft_target max: 0.5004648566246033, argmax 1471533
DEBUG   [04-01 00:40:02] calculate_loss in loss:
pred max in softmax: 0.04645814001560211, argmax 3768459
INFO    [04-01 00:40:29] _train_one_epoch in BasicTrainer:
loss = 5.964982521093439
INFO    [04-01 00:41:21] validate in BasicTrainer:
{'Recall@10': 0.05430618640966713, 'NDCG@10': 0.02997171049239114, 'MRR@10': 0.022594287808751688, 'Recall@5': 0.03604446765966714, 'NDCG@5': 0.024090326689183712, 'MRR@5': 0.020181039087474345, 'Recall*@10': 0.05825498183257878, 'NDCG*@10': 0.03214050178416073, 'MRR*@10': 0.024219458266161384, 'Recall*@5': 0.03870563654694706, 'NDCG*@5': 0.02584777673939243, 'MRR*@5': 0.021639385420130566}
INFO    [04-01 00:41:21] train in BasicTrainer:
duration: 118.27636647224426s
INFO    [04-01 00:41:21] train in BasicTrainer:
epoch: 6
DEBUG   [04-01 00:41:32] calculate_loss in loss:
soft_target max: 0.5004648566246033, argmax 62637
DEBUG   [04-01 00:41:32] calculate_loss in loss:
pred max in softmax: 0.23191970586776733, argmax 1159899
DEBUG   [04-01 00:41:33] calculate_loss in loss:
soft_target max: 0.5001698136329651, argmax 1753308
DEBUG   [04-01 00:41:33] calculate_loss in loss:
pred max in softmax: 0.09248094260692596, argmax 814044
DEBUG   [04-01 00:42:08] calculate_loss in loss:
soft_target max: 0.5004648566246033, argmax 6197205
DEBUG   [04-01 00:42:08] calculate_loss in loss:
pred max in softmax: 0.11699099093675613, argmax 1582087
DEBUG   [04-01 00:42:08] calculate_loss in loss:
soft_target max: 0.5004648566246033, argmax 2087925
DEBUG   [04-01 00:42:08] calculate_loss in loss:
pred max in softmax: 0.10059817880392075, argmax 3731544
INFO    [04-01 00:42:26] _train_one_epoch in BasicTrainer:
loss = 5.822598291538063
INFO    [04-01 00:43:19] validate in BasicTrainer:
{'Recall@10': 0.053251953125, 'NDCG@10': 0.029752927464433015, 'MRR@10': 0.02261557959835045, 'Recall@5': 0.03583984375, 'NDCG@5': 0.024142985781654715, 'MRR@5': 0.02031233765592333, 'Recall*@10': 0.056698322328738865, 'NDCG*@10': 0.03173715931130573, 'MRR*@10': 0.024158539461204782, 'Recall*@5': 0.03821988494601101, 'NDCG*@5': 0.02578035260201432, 'MRR*@5': 0.021710912883863783}
INFO    [04-01 00:43:19] train in BasicTrainer:
duration: 117.08809804916382s
INFO    [04-01 00:43:19] train in BasicTrainer:
epoch: 7
DEBUG   [04-01 00:43:37] calculate_loss in loss:
soft_target max: 0.5004648566246033, argmax 6696189
DEBUG   [04-01 00:43:37] calculate_loss in loss:
pred max in softmax: 0.3819451928138733, argmax 383246
DEBUG   [04-01 00:43:37] calculate_loss in loss:
soft_target max: 0.5004648566246033, argmax 6079797
DEBUG   [04-01 00:43:37] calculate_loss in loss:
pred max in softmax: 0.107801154255867, argmax 490719
DEBUG   [04-01 00:44:14] calculate_loss in loss:
soft_target max: 0.5004648566246033, argmax 2175981
DEBUG   [04-01 00:44:14] calculate_loss in loss:
pred max in softmax: 0.19435471296310425, argmax 6815843
DEBUG   [04-01 00:44:14] calculate_loss in loss:
soft_target max: 0.5004648566246033, argmax 3614229
DEBUG   [04-01 00:44:14] calculate_loss in loss:
pred max in softmax: 0.1775689423084259, argmax 5740400
INFO    [04-01 00:44:24] _train_one_epoch in BasicTrainer:
loss = 5.688685977846084
INFO    [04-01 00:45:17] validate in BasicTrainer:
{'Recall@10': 0.0533984375, 'NDCG@10': 0.030186601802706717, 'MRR@10': 0.023138989956350997, 'Recall@5': 0.036044921875, 'NDCG@5': 0.024609223295701668, 'MRR@5': 0.020856934011681004, 'Recall*@10': 0.056736489832401274, 'NDCG*@10': 0.03206425820477307, 'MRR*@10': 0.024572005211375654, 'Recall*@5': 0.03829447264783084, 'NDCG*@5': 0.026139263677177952, 'MRR*@5': 0.02214904169435613}
INFO    [04-01 00:45:17] train in BasicTrainer:
duration: 118.29771876335144s
INFO    [04-01 00:45:17] train in BasicTrainer:
epoch: 8
DEBUG   [04-01 00:45:43] calculate_loss in loss:
soft_target max: 0.5004648566246033, argmax 3966453
DEBUG   [04-01 00:45:43] calculate_loss in loss:
pred max in softmax: 0.10378774255514145, argmax 4204431
DEBUG   [04-01 00:45:43] calculate_loss in loss:
soft_target max: 0.5000758767127991, argmax 63863
DEBUG   [04-01 00:45:43] calculate_loss in loss:
pred max in softmax: 0.2681383788585663, argmax 3061647
DEBUG   [04-01 00:46:18] calculate_loss in loss:
soft_target max: 0.5004648566246033, argmax 326805
DEBUG   [04-01 00:46:18] calculate_loss in loss:
pred max in softmax: 0.530158281326294, argmax 4750096
DEBUG   [04-01 00:46:18] calculate_loss in loss:
soft_target max: 0.5004648566246033, argmax 150693
DEBUG   [04-01 00:46:18] calculate_loss in loss:
pred max in softmax: 0.22920021414756775, argmax 2992107
INFO    [04-01 00:46:21] _train_one_epoch in BasicTrainer:
loss = 5.5691431946343295
INFO    [04-01 00:47:14] log in loggers:
Update Best NDCG@10 Model at 8
INFO    [04-01 00:47:14] validate in BasicTrainer:
{'Recall@10': 0.054619140625, 'NDCG@10': 0.031098380375187844, 'MRR@10': 0.023952253333991393, 'Recall@5': 0.037265625, 'NDCG@5': 0.02552320902061183, 'MRR@5': 0.02167252636689227, 'Recall*@10': 0.05795121562667191, 'NDCG*@10': 0.03301039456622675, 'MRR*@10': 0.025428878711536526, 'Recall*@5': 0.03959362797671929, 'NDCG*@5': 0.0271115406928584, 'MRR*@5': 0.023016100808163173}
INFO    [04-01 00:47:14] train in BasicTrainer:
duration: 117.54465389251709s
INFO    [04-01 00:47:14] train in BasicTrainer:
epoch: 9
DEBUG   [04-01 00:47:48] calculate_loss in loss:
soft_target max: 0.5004648566246033, argmax 3496821
DEBUG   [04-01 00:47:48] calculate_loss in loss:
pred max in softmax: 0.306421160697937, argmax 3439309
DEBUG   [04-01 00:47:48] calculate_loss in loss:
soft_target max: 0.5001164078712463, argmax 2533992
DEBUG   [04-01 00:47:48] calculate_loss in loss:
pred max in softmax: 0.49043452739715576, argmax 1854936
INFO    [04-01 00:48:20] _train_one_epoch in BasicTrainer:
loss = 5.4632676213746105
INFO    [04-01 00:49:13] log in loggers:
Update Best NDCG@10 Model at 9
INFO    [04-01 00:49:13] validate in BasicTrainer:
{'Recall@10': 0.05494140625, 'NDCG@10': 0.03162949580233544, 'MRR@10': 0.02453814832493663, 'Recall@5': 0.03794921875, 'NDCG@5': 0.02616645213915035, 'MRR@5': 0.022301921034231783, 'Recall*@10': 0.05820777073036879, 'NDCG*@10': 0.03352791143581271, 'MRR*@10': 0.026022193658864125, 'Recall*@5': 0.040157081445213405, 'NDCG*@5': 0.027720780978561378, 'MRR*@5': 0.02364299985114485}
INFO    [04-01 00:49:13] train in BasicTrainer:
duration: 118.84029817581177s
INFO    [04-01 00:49:13] train in BasicTrainer:
epoch: 10
DEBUG   [04-01 00:49:19] calculate_loss in loss:
soft_target max: 0.5004648566246033, argmax 33285
DEBUG   [04-01 00:49:19] calculate_loss in loss:
pred max in softmax: 0.5471434593200684, argmax 6977810
DEBUG   [04-01 00:49:19] calculate_loss in loss:
soft_target max: 0.5004648566246033, argmax 3555525
DEBUG   [04-01 00:49:19] calculate_loss in loss:
pred max in softmax: 0.8207058906555176, argmax 3188558
DEBUG   [04-01 00:49:55] calculate_loss in loss:
soft_target max: 0.5001698136329651, argmax 4982028
DEBUG   [04-01 00:49:55] calculate_loss in loss:
pred max in softmax: 0.5248157382011414, argmax 1768595
DEBUG   [04-01 00:49:55] calculate_loss in loss:
soft_target max: 0.5002869963645935, argmax 4387883
DEBUG   [04-01 00:49:55] calculate_loss in loss:
pred max in softmax: 0.11756808310747147, argmax 1173756
INFO    [04-01 00:50:17] _train_one_epoch in BasicTrainer:
loss = 5.373584830881099
INFO    [04-01 00:51:11] log in loggers:
Update Best NDCG@10 Model at 10
INFO    [04-01 00:51:11] validate in BasicTrainer:
{'Recall@10': 0.05560546875, 'NDCG@10': 0.03256994597613812, 'MRR@10': 0.02555487768840976, 'Recall@5': 0.0387890625, 'NDCG@5': 0.027164239190751685, 'MRR@5': 0.023342448282055558, 'Recall*@10': 0.058741194317117336, 'NDCG*@10': 0.034364546104334294, 'MRR*@10': 0.026941384765086694, 'Recall*@5': 0.04104131724219769, 'NDCG*@5': 0.02867278774443548, 'MRR*@5': 0.024610703341313638}
INFO    [04-01 00:51:11] train in BasicTrainer:
duration: 117.55640459060669s
INFO    [04-01 00:51:11] train in BasicTrainer:
epoch: 11
DEBUG   [04-01 00:51:24] calculate_loss in loss:
soft_target max: 0.5004648566246033, argmax 4847013
DEBUG   [04-01 00:51:24] calculate_loss in loss:
pred max in softmax: 0.26219499111175537, argmax 2368076
INFO    [04-01 00:52:16] _train_one_epoch in BasicTrainer:
loss = 5.296271084137219
INFO    [04-01 00:53:09] log in loggers:
Update Best NDCG@10 Model at 11
INFO    [04-01 00:53:10] validate in BasicTrainer:
{'Recall@10': 0.057890625, 'NDCG@10': 0.03419466765597463, 'MRR@10': 0.02697169940918684, 'Recall@5': 0.040732421875, 'NDCG@5': 0.028672087683808058, 'MRR@5': 0.02470800820214208, 'Recall*@10': 0.061041694446466864, 'NDCG*@10': 0.036101328278891745, 'MRR*@10': 0.0284974524367135, 'Recall*@5': 0.043040726070757956, 'NDCG*@5': 0.03030924659105949, 'MRR*@5': 0.02612433713162318}
INFO    [04-01 00:53:10] train in BasicTrainer:
duration: 118.76830124855042s
INFO    [04-01 00:53:10] train in BasicTrainer:
epoch: 12
INFO    [04-01 00:54:14] _train_one_epoch in BasicTrainer:
loss = 5.2293309812983635
INFO    [04-01 00:55:07] log in loggers:
Update Best NDCG@10 Model at 12
INFO    [04-01 00:55:07] validate in BasicTrainer:
{'Recall@10': 0.057958530159667135, 'NDCG@10': 0.03488676761044189, 'MRR@10': 0.027837453936808743, 'Recall@5': 0.04189453125, 'NDCG@5': 0.029717963334405795, 'MRR@5': 0.025719238695455716, 'Recall*@10': 0.061109329950995744, 'NDCG*@10': 0.03665260049281642, 'MRR*@10': 0.02917912491131574, 'Recall*@5': 0.04416574029950425, 'NDCG*@5': 0.031198719110689124, 'MRR*@5': 0.02694278208888136}
INFO    [04-01 00:55:07] train in BasicTrainer:
duration: 117.51184797286987s
INFO    [04-01 00:55:07] train in BasicTrainer:
epoch: 13
INFO    [04-01 00:56:11] _train_one_epoch in BasicTrainer:
loss = 5.172034127981906
INFO    [04-01 00:57:04] log in loggers:
Update Best NDCG@10 Model at 13
INFO    [04-01 00:57:05] validate in BasicTrainer:
{'Recall@10': 0.059003452034667135, 'NDCG@10': 0.03579427148448303, 'MRR@10': 0.02870211875939276, 'Recall@5': 0.042509765625, 'NDCG@5': 0.03048143951455131, 'MRR@5': 0.026521973174531012, 'Recall*@10': 0.0623133524088189, 'NDCG*@10': 0.03752605703193694, 'MRR*@10': 0.02996026061126031, 'Recall*@5': 0.04456823195097968, 'NDCG*@5': 0.03181427250849083, 'MRR*@5': 0.02761881028302014}
INFO    [04-01 00:57:05] train in BasicTrainer:
duration: 117.48614406585693s
INFO    [04-01 00:57:05] train in BasicTrainer:
epoch: 14
INFO    [04-01 00:58:09] _train_one_epoch in BasicTrainer:
loss = 5.120348118454184
INFO    [04-01 00:59:02] log in loggers:
Update Best NDCG@10 Model at 14
INFO    [04-01 00:59:02] validate in BasicTrainer:
{'Recall@10': 0.06025299781933427, 'NDCG@10': 0.03682294837431982, 'MRR@10': 0.029664868080290036, 'Recall@5': 0.04360306140966713, 'NDCG@5': 0.03146984717343002, 'MRR@5': 0.027474193504313005, 'Recall*@10': 0.06348154148552566, 'NDCG*@10': 0.03862753025023267, 'MRR*@10': 0.03103847765829414, 'Recall*@5': 0.04568528825882822, 'NDCG*@5': 0.03290673166513443, 'MRR*@5': 0.028697856959188358}
INFO    [04-01 00:59:02] train in BasicTrainer:
duration: 117.32248640060425s
INFO    [04-01 00:59:02] train in BasicTrainer:
epoch: 15
INFO    [04-01 01:00:08] _train_one_epoch in BasicTrainer:
loss = 5.070939156937039
INFO    [04-01 01:01:01] log in loggers:
Update Best NDCG@10 Model at 15
INFO    [04-01 01:01:01] validate in BasicTrainer:
{'Recall@10': 0.06127838844433427, 'NDCG@10': 0.037708850644994525, 'MRR@10': 0.030489909511525182, 'Recall@5': 0.04484284156933427, 'NDCG@5': 0.032420162311755124, 'MRR@5': 0.028322739112190902, 'Recall*@10': 0.06436966175679118, 'NDCG*@10': 0.03946108320495114, 'MRR*@10': 0.031831840313971044, 'Recall*@5': 0.04706728751305491, 'NDCG*@5': 0.03389228608342819, 'MRR*@5': 0.029549134641420095}
INFO    [04-01 01:01:01] train in BasicTrainer:
duration: 118.96940898895264s
INFO    [04-01 01:01:01] train in BasicTrainer:
epoch: 16
INFO    [04-01 01:02:05] _train_one_epoch in BasicTrainer:
loss = 5.030358410629153
INFO    [04-01 01:02:58] log in loggers:
Update Best NDCG@10 Model at 16
INFO    [04-01 01:02:58] validate in BasicTrainer:
{'Recall@10': 0.06183502906933427, 'NDCG@10': 0.03830601508030668, 'MRR@10': 0.031128077587345614, 'Recall@5': 0.04480377906933427, 'NDCG@5': 0.03282336984528229, 'MRR@5': 0.02888003083062358, 'Recall*@10': 0.06511870513437316, 'NDCG*@10': 0.040138886048225686, 'MRR*@10': 0.03252336176810786, 'Recall*@5': 0.046963423385750505, 'NDCG*@5': 0.03429410588461906, 'MRR*@5': 0.030126570445718245}
INFO    [04-01 01:02:58] train in BasicTrainer:
duration: 117.26501727104187s
INFO    [04-01 01:02:58] train in BasicTrainer:
epoch: 17
INFO    [04-01 01:04:04] _train_one_epoch in BasicTrainer:
loss = 4.993643114574812
INFO    [04-01 01:04:56] log in loggers:
Update Best NDCG@10 Model at 17
INFO    [04-01 01:04:57] validate in BasicTrainer:
{'Recall@10': 0.06244980923831463, 'NDCG@10': 0.0392300596809946, 'MRR@10': 0.03214174185181037, 'Recall@5': 0.04605423328466714, 'NDCG@5': 0.03397033006418496, 'MRR@5': 0.029995704325847326, 'Recall*@10': 0.06559378893114626, 'NDCG*@10': 0.04101786725455895, 'MRR*@10': 0.03352193016326055, 'Recall*@5': 0.0481806413596496, 'NDCG*@5': 0.03543178058112972, 'MRR*@5': 0.031242686937330292}
INFO    [04-01 01:04:57] train in BasicTrainer:
duration: 118.93314504623413s
INFO    [04-01 01:04:57] train in BasicTrainer:
epoch: 18
INFO    [04-01 01:06:01] _train_one_epoch in BasicTrainer:
loss = 4.95961445416475
INFO    [04-01 01:06:54] validate in BasicTrainer:
{'Recall@10': 0.062088935319334265, 'NDCG@10': 0.03915092597715557, 'MRR@10': 0.03213382583810016, 'Recall@5': 0.04614212390966713, 'NDCG@5': 0.034014450581744314, 'MRR@5': 0.030025728002656252, 'Recall*@10': 0.06491256466135382, 'NDCG*@10': 0.0408473988994956, 'MRR*@10': 0.03348285364918411, 'Recall*@5': 0.04834733312483877, 'NDCG*@5': 0.035514528413768856, 'MRR*@5': 0.03129577729268931}
INFO    [04-01 01:06:54] train in BasicTrainer:
duration: 117.09824919700623s
INFO    [04-01 01:06:54] train in BasicTrainer:
epoch: 19
INFO    [04-01 01:08:00] _train_one_epoch in BasicTrainer:
loss = 4.928688250356933
INFO    [04-01 01:08:53] log in loggers:
Update Best NDCG@10 Model at 19
INFO    [04-01 01:08:53] validate in BasicTrainer:
{'Recall@10': 0.06295762173831462, 'NDCG@10': 0.039967247522436085, 'MRR@10': 0.03293546369532123, 'Recall@5': 0.04690338844433427, 'NDCG@5': 0.03478689686860889, 'MRR@5': 0.030804120204411447, 'Recall*@10': 0.06582488293759525, 'NDCG*@10': 0.04164582139346749, 'MRR*@10': 0.03424928978434764, 'Recall*@5': 0.04890071363421157, 'NDCG*@5': 0.03617952876957133, 'MRR*@5': 0.03199731109838467}
INFO    [04-01 01:08:53] train in BasicTrainer:
duration: 118.91722416877747s
INFO    [04-01 01:08:53] train in BasicTrainer:
epoch: 20
INFO    [04-01 01:09:57] _train_one_epoch in BasicTrainer:
loss = 4.900296782859896
INFO    [04-01 01:10:50] log in loggers:
Update Best NDCG@10 Model at 20
INFO    [04-01 01:10:51] validate in BasicTrainer:
{'Recall@10': 0.06389466751366854, 'NDCG@10': 0.04062693833373487, 'MRR@10': 0.033518377256114035, 'Recall@5': 0.04738190406933427, 'NDCG@5': 0.03533227963838726, 'MRR@5': 0.03135973504045978, 'Recall*@10': 0.06664725734386594, 'NDCG*@10': 0.04227920615579933, 'MRR*@10': 0.03483462233445607, 'Recall*@5': 0.04930698223412037, 'NDCG*@5': 0.03670809718547389, 'MRR*@5': 0.03255681349197403}
INFO    [04-01 01:10:51] train in BasicTrainer:
duration: 117.43670535087585s
INFO    [04-01 01:10:51] train in BasicTrainer:
epoch: 21
INFO    [04-01 01:11:56] _train_one_epoch in BasicTrainer:
loss = 4.874528143467321
INFO    [04-01 01:12:49] validate in BasicTrainer:
{'Recall@10': 0.06285951126366854, 'NDCG@10': 0.0402497666538693, 'MRR@10': 0.03332227408420294, 'Recall@5': 0.047254042513668534, 'NDCG@5': 0.03522719233529642, 'MRR@5': 0.03126332781976089, 'Recall*@10': 0.06571381278336048, 'NDCG*@10': 0.042023580491077156, 'MRR*@10': 0.034763804110698404, 'Recall*@5': 0.049393212520517406, 'NDCG*@5': 0.03676681397133507, 'MRR*@5': 0.03260652189695975}
INFO    [04-01 01:12:49] train in BasicTrainer:
duration: 118.39308595657349s
INFO    [04-01 01:12:49] train in BasicTrainer:
epoch: 22
INFO    [04-01 01:13:53] _train_one_epoch in BasicTrainer:
loss = 4.849254357187371
INFO    [04-01 01:14:46] log in loggers:
Update Best NDCG@10 Model at 22
INFO    [04-01 01:14:46] validate in BasicTrainer:
{'Recall@10': 0.06360215298831463, 'NDCG@10': 0.040894570322707297, 'MRR@10': 0.033932110341265795, 'Recall@5': 0.04817246548831463, 'NDCG@5': 0.035920846560038626, 'MRR@5': 0.03188864956609905, 'Recall*@10': 0.06609350185841321, 'NDCG*@10': 0.042475928543135526, 'MRR*@10': 0.03523583548143506, 'Recall*@5': 0.05004819008288905, 'NDCG*@5': 0.03730474027339369, 'MRR*@5': 0.033111939260270444}
INFO    [04-01 01:14:46] train in BasicTrainer:
duration: 117.5360906124115s
INFO    [04-01 01:14:46] train in BasicTrainer:
epoch: 23
INFO    [04-01 01:15:52] _train_one_epoch in BasicTrainer:
loss = 4.826781129516653
INFO    [04-01 01:16:45] log in loggers:
Update Best NDCG@10 Model at 23
INFO    [04-01 01:16:45] validate in BasicTrainer:
{'Recall@10': 0.06335801236331463, 'NDCG@10': 0.04104196926113218, 'MRR@10': 0.03421536819660105, 'Recall@5': 0.047772074863314626, 'NDCG@5': 0.036015803192276506, 'MRR@5': 0.032149043624522165, 'Recall*@10': 0.06603991840500384, 'NDCG*@10': 0.042672358928248284, 'MRR*@10': 0.03552572391461581, 'Recall*@5': 0.049731926578097045, 'NDCG*@5': 0.037415098589845, 'MRR*@5': 0.03336536763003096}
INFO    [04-01 01:16:45] train in BasicTrainer:
duration: 118.61412501335144s
INFO    [04-01 01:16:45] train in BasicTrainer:
epoch: 24
INFO    [04-01 01:17:49] _train_one_epoch in BasicTrainer:
loss = 4.805014312067064
INFO    [04-01 01:18:42] log in loggers:
Update Best NDCG@10 Model at 24
INFO    [04-01 01:18:43] validate in BasicTrainer:
{'Recall@10': 0.06431504361331462, 'NDCG@10': 0.04177118722582236, 'MRR@10': 0.03484760378720239, 'Recall@5': 0.04905137173831463, 'NDCG@5': 0.03684993802569807, 'MRR@5': 0.03282513534184545, 'Recall*@10': 0.06705195614136755, 'NDCG*@10': 0.043478578035719695, 'MRR*@10': 0.03624582315329462, 'Recall*@5': 0.05087327448884025, 'NDCG*@5': 0.03825973783968948, 'MRR*@5': 0.034099549939855936}
INFO    [04-01 01:18:43] train in BasicTrainer:
duration: 117.54172086715698s
INFO    [04-01 01:18:43] train in BasicTrainer:
epoch: 25
INFO    [04-01 01:19:47] _train_one_epoch in BasicTrainer:
loss = 4.785212393437094
INFO    [04-01 01:20:40] validate in BasicTrainer:
{'Recall@10': 0.06418763626366854, 'NDCG@10': 0.04152523481519893, 'MRR@10': 0.034563647333998235, 'Recall@5': 0.049207167513668534, 'NDCG@5': 0.036711810810957105, 'MRR@5': 0.03259505633497611, 'Recall*@10': 0.06710052314214408, 'NDCG*@10': 0.043212668073829265, 'MRR*@10': 0.035884437416680154, 'Recall*@5': 0.0510725590121001, 'NDCG*@5': 0.03806747291004285, 'MRR*@5': 0.033782753662671895}
INFO    [04-01 01:20:40] train in BasicTrainer:
duration: 117.75683879852295s
INFO    [04-01 01:20:40] train in BasicTrainer:
epoch: 26
INFO    [04-01 01:21:46] _train_one_epoch in BasicTrainer:
loss = 4.7661868006758565
INFO    [04-01 01:22:39] validate in BasicTrainer:
{'Recall@10': 0.06360215298831463, 'NDCG@10': 0.04168795083649456, 'MRR@10': 0.03495454953750596, 'Recall@5': 0.049061137363314626, 'NDCG@5': 0.037000710051506756, 'MRR@5': 0.03302872569533065, 'Recall*@10': 0.06614466490689665, 'NDCG*@10': 0.043223932948894796, 'MRR*@10': 0.03618607706157491, 'Recall*@5': 0.05083920816890895, 'NDCG*@5': 0.03829260145081207, 'MRR*@5': 0.034161539325723425}
INFO    [04-01 01:22:39] train in BasicTrainer:
duration: 118.41707754135132s
INFO    [04-01 01:22:39] train in BasicTrainer:
epoch: 27
INFO    [04-01 01:23:43] _train_one_epoch in BasicTrainer:
loss = 4.747311722124277
INFO    [04-01 01:24:38] validate in BasicTrainer:
{'Recall@10': 0.06424668423831463, 'NDCG@10': 0.04176408245228231, 'MRR@10': 0.0348658328584861, 'Recall@5': 0.04900254361331463, 'NDCG@5': 0.03684711293084547, 'MRR@5': 0.032843852631049233, 'Recall*@10': 0.06692157136742026, 'NDCG*@10': 0.04334600546630099, 'MRR*@10': 0.03612190659507178, 'Recall*@5': 0.050715228898916394, 'NDCG*@5': 0.03811486280523241, 'MRR*@5': 0.033968454945134}
INFO    [04-01 01:24:38] train in BasicTrainer:
duration: 119.31007814407349s
INFO    [04-01 01:24:38] train in BasicTrainer:
epoch: 28
INFO    [04-01 01:25:44] _train_one_epoch in BasicTrainer:
loss = 4.730205289727496
INFO    [04-01 01:26:37] log in loggers:
Update Best NDCG@10 Model at 28
INFO    [04-01 01:26:38] validate in BasicTrainer:
{'Recall@10': 0.06445176236331462, 'NDCG@10': 0.042479415060952305, 'MRR@10': 0.03574030199786648, 'Recall@5': 0.04936387173831463, 'NDCG@5': 0.03763054888695479, 'MRR@5': 0.03375661299447529, 'Recall*@10': 0.06709495225921273, 'NDCG*@10': 0.04416939393151551, 'MRR*@10': 0.03714408434228972, 'Recall*@5': 0.0511903839930892, 'NDCG*@5': 0.03905606999294833, 'MRR*@5': 0.03505099071422592}
INFO    [04-01 01:26:38] train in BasicTrainer:
duration: 119.69946765899658s
INFO    [04-01 01:26:38] train in BasicTrainer:
epoch: 29
INFO    [04-01 01:27:42] _train_one_epoch in BasicTrainer:
loss = 4.7140523207281095
INFO    [04-01 01:28:35] log in loggers:
Update Best NDCG@10 Model at 29
INFO    [04-01 01:28:36] validate in BasicTrainer:
{'Recall@10': 0.06472519986331463, 'NDCG@10': 0.04255901024211198, 'MRR@10': 0.03574761684983969, 'Recall@5': 0.04985260719433427, 'NDCG@5': 0.037765775562729684, 'MRR@5': 0.033779039982473474, 'Recall*@10': 0.06745539400726557, 'NDCG*@10': 0.0443427178892307, 'MRR*@10': 0.037249644296243785, 'Recall*@5': 0.051684415398631244, 'NDCG*@5': 0.039253793724346904, 'MRR*@5': 0.035155929959146306}
INFO    [04-01 01:28:36] train in BasicTrainer:
duration: 118.04047799110413s
INFO    [04-01 01:28:36] train in BasicTrainer:
epoch: 30
INFO    [04-01 01:29:42] _train_one_epoch in BasicTrainer:
loss = 4.694399004420401
INFO    [04-01 01:30:34] log in loggers:
Update Best NDCG@10 Model at 30
INFO    [04-01 01:30:35] validate in BasicTrainer:
{'Recall@10': 0.06479310501366854, 'NDCG@10': 0.04277265884215012, 'MRR@10': 0.036011624966049566, 'Recall@5': 0.049969340488314626, 'NDCG@5': 0.03799657460534945, 'MRR@5': 0.034050660555949436, 'Recall*@10': 0.06745794956572354, 'NDCG*@10': 0.04453804600285366, 'MRR*@10': 0.037503682705573735, 'Recall*@5': 0.05195722477277741, 'NDCG*@5': 0.03953920768224634, 'MRR*@5': 0.03544848643126897}
INFO    [04-01 01:30:35] train in BasicTrainer:
duration: 118.92449355125427s
INFO    [04-01 01:30:35] train in BasicTrainer:
epoch: 31
INFO    [04-01 01:31:39] _train_one_epoch in BasicTrainer:
loss = 4.679545223913161
INFO    [04-01 01:32:32] log in loggers:
Update Best NDCG@10 Model at 31
INFO    [04-01 01:32:32] validate in BasicTrainer:
{'Recall@10': 0.06545716751366853, 'NDCG@10': 0.04305605923989788, 'MRR@10': 0.03616879284731112, 'Recall@5': 0.05060410611331463, 'NDCG@5': 0.038280564388260246, 'MRR@5': 0.03421417419565841, 'Recall*@10': 0.06808181836269796, 'NDCG*@10': 0.044750613088253885, 'MRR*@10': 0.037585851942421866, 'Recall*@5': 0.05241089426679537, 'NDCG*@5': 0.03971631441847421, 'MRR*@5': 0.03552779714926146}
INFO    [04-01 01:32:32] train in BasicTrainer:
duration: 117.52941393852234s
INFO    [04-01 01:32:32] train in BasicTrainer:
epoch: 32
INFO    [04-01 01:33:38] _train_one_epoch in BasicTrainer:
loss = 4.665232371910155
INFO    [04-01 01:34:31] validate in BasicTrainer:
{'Recall@10': 0.06420762173831462, 'NDCG@10': 0.042658330583944915, 'MRR@10': 0.036030313838273285, 'Recall@5': 0.04975449673831463, 'NDCG@5': 0.03799864776898176, 'MRR@5': 0.03411533703096211, 'Recall*@10': 0.06675354748032987, 'NDCG*@10': 0.044222098221071066, 'MRR*@10': 0.03729958780109882, 'Recall*@5': 0.05148357124300674, 'NDCG*@5': 0.03929899173672311, 'MRR*@5': 0.03527622769470327}
INFO    [04-01 01:34:31] train in BasicTrainer:
duration: 118.34780502319336s
INFO    [04-01 01:34:31] train in BasicTrainer:
epoch: 33
INFO    [04-01 01:35:35] _train_one_epoch in BasicTrainer:
loss = 4.650950691868183
INFO    [04-01 01:36:28] log in loggers:
Update Best NDCG@10 Model at 33
INFO    [04-01 01:36:28] validate in BasicTrainer:
{'Recall@10': 0.06506654251366854, 'NDCG@10': 0.04311972437426448, 'MRR@10': 0.03637721955543384, 'Recall@5': 0.05060410611331463, 'NDCG@5': 0.03847363566048443, 'MRR@5': 0.03447747886646539, 'Recall*@10': 0.06756495852489025, 'NDCG*@10': 0.044707269784994424, 'MRR*@10': 0.03768865111749619, 'Recall*@5': 0.05246962711215019, 'NDCG*@5': 0.03986276305746287, 'MRR*@5': 0.03571078760898672}
INFO    [04-01 01:36:28] train in BasicTrainer:
duration: 117.47827053070068s
INFO    [04-01 01:36:28] train in BasicTrainer:
epoch: 34
INFO    [04-01 01:37:34] _train_one_epoch in BasicTrainer:
loss = 4.637971696367723
INFO    [04-01 01:38:29] log in loggers:
Update Best NDCG@10 Model at 34
INFO    [04-01 01:38:29] validate in BasicTrainer:
{'Recall@10': 0.06519394986331463, 'NDCG@10': 0.043249085280112926, 'MRR@10': 0.036500176596455276, 'Recall@5': 0.05072129361331463, 'NDCG@5': 0.03858352525858209, 'MRR@5': 0.03458325030747801, 'Recall*@10': 0.06786823664791881, 'NDCG*@10': 0.044965495225042104, 'MRR*@10': 0.03792904034722597, 'Recall*@5': 0.05262875048443675, 'NDCG*@5': 0.04005870449822396, 'MRR*@5': 0.03591649390989914}
INFO    [04-01 01:38:29] train in BasicTrainer:
duration: 121.25100898742676s
INFO    [04-01 01:38:29] train in BasicTrainer:
epoch: 35
INFO    [04-01 01:39:33] _train_one_epoch in BasicTrainer:
loss = 4.6261393110802835
INFO    [04-01 01:40:26] log in loggers:
Update Best NDCG@10 Model at 35
INFO    [04-01 01:40:27] validate in BasicTrainer:
{'Recall@10': 0.06547715298831464, 'NDCG@10': 0.04350849932990968, 'MRR@10': 0.0367661266378127, 'Recall@5': 0.05057480923831463, 'NDCG@5': 0.03872001620242372, 'MRR@5': 0.034807719920063394, 'Recall*@10': 0.06825834070332348, 'NDCG*@10': 0.045216613593511285, 'MRR*@10': 0.038141238829120995, 'Recall*@5': 0.052698870396707204, 'NDCG*@5': 0.04021624412853271, 'MRR*@5': 0.03609578526695259}
INFO    [04-01 01:40:27] train in BasicTrainer:
duration: 117.33925485610962s
INFO    [04-01 01:40:27] train in BasicTrainer:
epoch: 36
INFO    [04-01 01:41:32] _train_one_epoch in BasicTrainer:
loss = 4.6135318631688
INFO    [04-01 01:42:25] validate in BasicTrainer:
{'Recall@10': 0.06504746548831462, 'NDCG@10': 0.043207176544237884, 'MRR@10': 0.036488249232061204, 'Recall@5': 0.05062363736331463, 'NDCG@5': 0.03856475549982861, 'MRR@5': 0.034585018169600516, 'Recall*@10': 0.06749197848141193, 'NDCG*@10': 0.04474746234249324, 'MRR*@10': 0.03775219592498615, 'Recall*@5': 0.052418816350400445, 'NDCG*@5': 0.039893072415143255, 'MRR*@5': 0.035760320564731954}
INFO    [04-01 01:42:25] train in BasicTrainer:
duration: 118.17238426208496s
INFO    [04-01 01:42:25] train in BasicTrainer:
epoch: 37
INFO    [04-01 01:43:30] _train_one_epoch in BasicTrainer:
loss = 4.6012485219543215
INFO    [04-01 01:44:24] validate in BasicTrainer:
{'Recall@10': 0.06495957486331463, 'NDCG@10': 0.043486071403604, 'MRR@10': 0.036884754849597814, 'Recall@5': 0.05060456031933427, 'NDCG@5': 0.03885200997348875, 'MRR@5': 0.03497702088207007, 'Recall*@10': 0.06765015107113868, 'NDCG*@10': 0.045215789701323957, 'MRR*@10': 0.038316604297142474, 'Recall*@5': 0.052718903901986774, 'NDCG*@5': 0.040392055085394535, 'MRR*@5': 0.0363287210627459}
INFO    [04-01 01:44:24] train in BasicTrainer:
duration: 119.0569498538971s
INFO    [04-01 01:44:24] train in BasicTrainer:
epoch: 38
INFO    [04-01 01:45:28] _train_one_epoch in BasicTrainer:
loss = 4.590201567161791
INFO    [04-01 01:46:21] log in loggers:
Update Best NDCG@10 Model at 38
INFO    [04-01 01:46:22] validate in BasicTrainer:
{'Recall@10': 0.06535019986331463, 'NDCG@10': 0.04357881310395897, 'MRR@10': 0.03690848641097546, 'Recall@5': 0.05042832486331463, 'NDCG@5': 0.038773827929981054, 'MRR@5': 0.0349371786066331, 'Recall*@10': 0.06783651736099273, 'NDCG*@10': 0.04506629463750869, 'MRR*@10': 0.038092390587553385, 'Recall*@5': 0.052160930421669034, 'NDCG*@5': 0.040021095804404466, 'MRR*@5': 0.03602419086382724}
INFO    [04-01 01:46:22] train in BasicTrainer:
duration: 117.59919571876526s
INFO    [04-01 01:46:22] train in BasicTrainer:
epoch: 39
INFO    [04-01 01:47:27] _train_one_epoch in BasicTrainer:
loss = 4.579541759555044
INFO    [04-01 01:48:20] log in loggers:
Update Best NDCG@10 Model at 39
INFO    [04-01 01:48:20] validate in BasicTrainer:
{'Recall@10': 0.06560410611331463, 'NDCG@10': 0.04364093987038359, 'MRR@10': 0.03688691110350192, 'Recall@5': 0.05107331031933427, 'NDCG@5': 0.03895760800456628, 'MRR@5': 0.0349632848019246, 'Recall*@10': 0.06809974713250995, 'NDCG*@10': 0.04525488667190075, 'MRR*@10': 0.03822693737456575, 'Recall*@5': 0.05312805856112391, 'NDCG*@5': 0.04043453093385324, 'MRR*@5': 0.03625009010313079}
INFO    [04-01 01:48:20] train in BasicTrainer:
duration: 118.9321939945221s
INFO    [04-01 01:48:20] train in BasicTrainer:
epoch: 40
INFO    [04-01 01:49:25] _train_one_epoch in BasicTrainer:
loss = 4.568392110164595
INFO    [04-01 01:50:18] validate in BasicTrainer:
{'Recall@10': 0.06474427688866853, 'NDCG@10': 0.043142906725406646, 'MRR@10': 0.036508520694915204, 'Recall@5': 0.05027207486331463, 'NDCG@5': 0.03849228885723278, 'MRR@5': 0.03460654027294367, 'Recall*@10': 0.06693203709088266, 'NDCG*@10': 0.044577007442712785, 'MRR*@10': 0.03771272093988955, 'Recall*@5': 0.0519983212929219, 'NDCG*@5': 0.03977634760551155, 'MRR*@5': 0.035748482227791104}
INFO    [04-01 01:50:18] train in BasicTrainer:
duration: 117.17779970169067s
INFO    [04-01 01:50:18] train in BasicTrainer:
epoch: 41
INFO    [04-01 01:51:23] _train_one_epoch in BasicTrainer:
loss = 4.558029833459374
INFO    [04-01 01:52:16] validate in BasicTrainer:
{'Recall@10': 0.06466660611331462, 'NDCG@10': 0.043420979278162124, 'MRR@10': 0.03688022184884176, 'Recall@5': 0.050701762363314626, 'NDCG@5': 0.038914083123672755, 'MRR@5': 0.03502549322554842, 'Recall*@10': 0.0668408560892567, 'NDCG*@10': 0.04489503881428391, 'MRR*@10': 0.03814066516701132, 'Recall*@5': 0.05230151037918404, 'NDCG*@5': 0.04020298627205193, 'MRR*@5': 0.03620992420706898}
INFO    [04-01 01:52:16] train in BasicTrainer:
duration: 118.56907153129578s
INFO    [04-01 01:52:16] train in BasicTrainer:
epoch: 42
INFO    [04-01 01:53:20] _train_one_epoch in BasicTrainer:
loss = 4.547789890982402
INFO    [04-01 01:54:13] log in loggers:
Update Best NDCG@10 Model at 42
INFO    [04-01 01:54:14] validate in BasicTrainer:
{'Recall@10': 0.06581894986331463, 'NDCG@10': 0.04375719375209883, 'MRR@10': 0.03699447651393711, 'Recall@5': 0.05075059048831463, 'NDCG@5': 0.03890452027786523, 'MRR@5': 0.03500316084129736, 'Recall*@10': 0.0681512725353241, 'NDCG*@10': 0.04527898473665118, 'MRR*@10': 0.03826387613080442, 'Recall*@5': 0.05256244984455407, 'NDCG*@5': 0.04025473820976913, 'MRR*@5': 0.0361998834926635}
INFO    [04-01 01:54:14] train in BasicTrainer:
duration: 117.52513933181763s
INFO    [04-01 01:54:14] train in BasicTrainer:
epoch: 43
INFO    [04-01 01:55:19] _train_one_epoch in BasicTrainer:
loss = 4.538294076118597
INFO    [04-01 01:56:12] validate in BasicTrainer:
{'Recall@10': 0.06455918423831462, 'NDCG@10': 0.043355423498433084, 'MRR@10': 0.03684118989272975, 'Recall@5': 0.05015488736331463, 'NDCG@5': 0.03870704442029819, 'MRR@5': 0.03492866592947394, 'Recall*@10': 0.06689375385176391, 'NDCG*@10': 0.04488506502704695, 'MRR*@10': 0.03812385789700784, 'Recall*@5': 0.05187089702580124, 'NDCG*@5': 0.04003425196046009, 'MRR*@5': 0.03612665280175861}
INFO    [04-01 01:56:12] train in BasicTrainer:
duration: 118.5718936920166s
INFO    [04-01 01:56:12] train in BasicTrainer:
epoch: 44
INFO    [04-01 01:57:17] _train_one_epoch in BasicTrainer:
loss = 4.528301746287244
INFO    [04-01 01:58:09] validate in BasicTrainer:
{'Recall@10': 0.06471543423831463, 'NDCG@10': 0.043437685656826944, 'MRR@10': 0.03689978407463059, 'Recall@5': 0.05033066861331463, 'NDCG@5': 0.03879972783615813, 'MRR@5': 0.03499391778372228, 'Recall*@10': 0.06711850691121071, 'NDCG*@10': 0.045109353507868946, 'MRR*@10': 0.03834608836565167, 'Recall*@5': 0.05225171847268939, 'NDCG*@5': 0.04031562305986881, 'MRR*@5': 0.036375968323554844}
INFO    [04-01 01:58:09] train in BasicTrainer:
duration: 117.14724040031433s
INFO    [04-01 01:58:09] train in BasicTrainer:
epoch: 45
INFO    [04-01 01:59:15] _train_one_epoch in BasicTrainer:
loss = 4.516757788209605
INFO    [04-01 02:00:08] log in loggers:
Update Best NDCG@10 Model at 45
INFO    [04-01 02:00:08] validate in BasicTrainer:
{'Recall@10': 0.06490098111331463, 'NDCG@10': 0.04399355036206543, 'MRR@10': 0.03757243791827932, 'Recall@5': 0.05086777798831463, 'NDCG@5': 0.039479791524354366, 'MRR@5': 0.03572357267839834, 'Recall*@10': 0.06712750015314668, 'NDCG*@10': 0.04555872417986393, 'MRR*@10': 0.03893125349190086, 'Recall*@5': 0.052813696237280966, 'NDCG*@5': 0.04095782081829384, 'MRR*@5': 0.037048569258768115}
INFO    [04-01 02:00:08] train in BasicTrainer:
duration: 118.6071388721466s
INFO    [04-01 02:00:08] train in BasicTrainer:
epoch: 46
INFO    [04-01 02:01:12] _train_one_epoch in BasicTrainer:
loss = 4.506292876711351
INFO    [04-01 02:02:05] validate in BasicTrainer:
{'Recall@10': 0.06541855923831463, 'NDCG@10': 0.04363601774908602, 'MRR@10': 0.036945887755136936, 'Recall@5': 0.05081894986331463, 'NDCG@5': 0.03893614356173202, 'MRR@5': 0.035018494438845665, 'Recall*@10': 0.06787740480154753, 'NDCG*@10': 0.045217707303818314, 'MRR*@10': 0.03825825795065611, 'Recall*@5': 0.0526675070496276, 'NDCG*@5': 0.040318967710481955, 'MRR*@5': 0.03624784970423207}
INFO    [04-01 02:02:05] train in BasicTrainer:
duration: 117.15727925300598s
INFO    [04-01 02:02:05] train in BasicTrainer:
epoch: 47
INFO    [04-01 02:03:11] _train_one_epoch in BasicTrainer:
loss = 4.497511620751154
INFO    [04-01 02:04:04] validate in BasicTrainer:
{'Recall@10': 0.06478379361331463, 'NDCG@10': 0.04358649071771652, 'MRR@10': 0.03706518163206056, 'Recall@5': 0.05064316861331463, 'NDCG@5': 0.03903231896460056, 'MRR@5': 0.03519645585678518, 'Recall*@10': 0.06724955772049725, 'NDCG*@10': 0.045191516894847156, 'MRR*@10': 0.038403270121198145, 'Recall*@5': 0.052399163444060835, 'NDCG*@5': 0.04040464992169291, 'MRR*@5': 0.03643666561227292}
INFO    [04-01 02:04:04] train in BasicTrainer:
duration: 118.37124609947205s
INFO    [04-01 02:04:04] train in BasicTrainer:
epoch: 48
INFO    [04-01 02:05:07] _train_one_epoch in BasicTrainer:
loss = 4.489188931156513
INFO    [04-01 02:06:00] validate in BasicTrainer:
{'Recall@10': 0.06526230923831462, 'NDCG@10': 0.04366592440754175, 'MRR@10': 0.037033607652410865, 'Recall@5': 0.05072129361331463, 'NDCG@5': 0.038987459063064306, 'MRR@5': 0.035116979666054246, 'Recall*@10': 0.06777916660066693, 'NDCG*@10': 0.045264099859632555, 'MRR*@10': 0.038354269478004424, 'Recall*@5': 0.05249208905501291, 'NDCG*@5': 0.040341988987056536, 'MRR*@5': 0.036335759409703315}
INFO    [04-01 02:06:00] train in BasicTrainer:
duration: 116.8875162601471s
INFO    [04-01 02:06:00] train in BasicTrainer:
epoch: 49
INFO    [04-01 02:07:05] _train_one_epoch in BasicTrainer:
loss = 4.481403784682476
INFO    [04-01 02:07:59] validate in BasicTrainer:
{'Recall@10': 0.06398301236331463, 'NDCG@10': 0.04325413926970214, 'MRR@10': 0.036877028653398154, 'Recall@5': 0.05042832486331463, 'NDCG@5': 0.03890026326058432, 'MRR@5': 0.03509742563124746, 'Recall*@10': 0.06631730543915182, 'NDCG*@10': 0.044678695099428296, 'MRR*@10': 0.03802504331571981, 'Recall*@5': 0.05206659800838679, 'NDCG*@5': 0.040104773323982955, 'MRR*@5': 0.03615766867995262}
INFO    [04-01 02:07:59] train in BasicTrainer:
duration: 118.3399109840393s
INFO    [04-01 02:07:59] train in BasicTrainer:
epoch: 50
INFO    [04-01 02:09:04] _train_one_epoch in BasicTrainer:
loss = 4.472757183958141
INFO    [04-01 02:09:57] validate in BasicTrainer:
{'Recall@10': 0.06431504361331462, 'NDCG@10': 0.043617613818496465, 'MRR@10': 0.0372505581448786, 'Recall@5': 0.05049668423831463, 'NDCG@5': 0.03917002495145425, 'MRR@5': 0.03542708756634966, 'Recall*@10': 0.06660710552707315, 'NDCG*@10': 0.04509224274661392, 'MRR*@10': 0.03847611101577059, 'Recall*@5': 0.052171483987476674, 'NDCG*@5': 0.04044846824137494, 'MRR*@5': 0.03657378337578848}
INFO    [04-01 02:09:57] train in BasicTrainer:
duration: 118.45668315887451s
INFO    [04-01 02:09:57] train in BasicTrainer:
epoch: 51
INFO    [04-01 02:11:02] _train_one_epoch in BasicTrainer:
loss = 4.465267512325744
INFO    [04-01 02:11:55] validate in BasicTrainer:
{'Recall@10': 0.06370957486331463, 'NDCG@10': 0.04292940491810441, 'MRR@10': 0.03653756062267348, 'Recall@5': 0.049832621738314625, 'NDCG@5': 0.03847165898652747, 'MRR@5': 0.03471543467137963, 'Recall*@10': 0.06601380530744791, 'NDCG*@10': 0.044457917562685904, 'MRR*@10': 0.03782185719814152, 'Recall*@5': 0.05176540700253099, 'NDCG*@5': 0.03987681344384328, 'MRR*@5': 0.0359469847055152}
INFO    [04-01 02:11:55] train in BasicTrainer:
duration: 118.14752531051636s
INFO    [04-01 02:11:55] train in BasicTrainer:
epoch: 52
INFO    [04-01 02:13:01] _train_one_epoch in BasicTrainer:
loss = 4.457448932118004
INFO    [04-01 02:13:54] validate in BasicTrainer:
{'Recall@10': 0.06426621548831463, 'NDCG@10': 0.043342506857588885, 'MRR@10': 0.036906356597319244, 'Recall@5': 0.05028229469433427, 'NDCG@5': 0.038842527773231265, 'MRR@5': 0.035061981885228306, 'Recall*@10': 0.06655513078905642, 'NDCG*@10': 0.0449267192883417, 'MRR*@10': 0.038276518563507125, 'Recall*@5': 0.05202425546711311, 'NDCG*@5': 0.040249191442271695, 'MRR*@5': 0.036358384477207434}
INFO    [04-01 02:13:54] train in BasicTrainer:
duration: 118.29315996170044s
INFO    [04-01 02:13:54] train in BasicTrainer:
epoch: 53
INFO    [04-01 02:14:59] _train_one_epoch in BasicTrainer:
loss = 4.45025025076188
INFO    [04-01 02:15:52] validate in BasicTrainer:
{'Recall@10': 0.06397370094433427, 'NDCG@10': 0.043128659243229776, 'MRR@10': 0.036721789268776776, 'Recall@5': 0.05005768531933427, 'NDCG@5': 0.03865661031100899, 'MRR@5': 0.034892711015418174, 'Recall*@10': 0.0659451121930033, 'NDCG*@10': 0.04447696268558502, 'MRR*@10': 0.03787971345009282, 'Recall*@5': 0.05159467637306079, 'NDCG*@5': 0.03986327699618414, 'MRR*@5': 0.035991503323893996}
INFO    [04-01 02:15:52] train in BasicTrainer:
duration: 118.20983242988586s
INFO    [04-01 02:15:52] train in BasicTrainer:
epoch: 54
INFO    [04-01 02:16:57] _train_one_epoch in BasicTrainer:
loss = 4.443253620874975
INFO    [04-01 02:17:50] validate in BasicTrainer:
{'Recall@10': 0.06357285611331463, 'NDCG@10': 0.043081134958192706, 'MRR@10': 0.03677014415850863, 'Recall@5': 0.05015488736331463, 'NDCG@5': 0.03876621684990823, 'MRR@5': 0.03500339942518622, 'Recall*@10': 0.0659696757234633, 'NDCG*@10': 0.04455122318351641, 'MRR*@10': 0.037961107722949236, 'Recall*@5': 0.051806587751489136, 'NDCG*@5': 0.03999373266240582, 'MRR*@5': 0.03609335456509143}
INFO    [04-01 02:17:50] train in BasicTrainer:
duration: 117.74459338188171s
INFO    [04-01 02:17:50] train in BasicTrainer:
epoch: 55
INFO    [04-01 02:18:55] _train_one_epoch in BasicTrainer:
loss = 4.43536845713954
INFO    [04-01 02:19:48] validate in BasicTrainer:
{'Recall@10': 0.06379746548831462, 'NDCG@10': 0.04276244496461004, 'MRR@10': 0.03629253227030858, 'Recall@5': 0.04978379361331463, 'NDCG@5': 0.03824569563148543, 'MRR@5': 0.03443712944863364, 'Recall*@10': 0.06612457015551626, 'NDCG*@10': 0.044189020472113046, 'MRR*@10': 0.037442376867402344, 'Recall*@5': 0.05141109119867906, 'NDCG*@5': 0.03944358363281936, 'MRR*@5': 0.03549115493893623}
INFO    [04-01 02:19:48] train in BasicTrainer:
duration: 117.96466851234436s
INFO    [04-01 02:19:48] train in BasicTrainer:
epoch: 56
INFO    [04-01 02:20:53] _train_one_epoch in BasicTrainer:
loss = 4.428913594226688
INFO    [04-01 02:21:45] validate in BasicTrainer:
{'Recall@10': 0.06316269986331463, 'NDCG@10': 0.04299521645065397, 'MRR@10': 0.03677117847371846, 'Recall@5': 0.05020371548831463, 'NDCG@5': 0.03881534134503454, 'MRR@5': 0.035052575869485736, 'Recall*@10': 0.0655327526293695, 'NDCG*@10': 0.04445280663203448, 'MRR*@10': 0.03794619602384046, 'Recall*@5': 0.051970506431534884, 'NDCG*@5': 0.040071889916434886, 'MRR*@5': 0.03614117026911117}
INFO    [04-01 02:21:45] train in BasicTrainer:
duration: 117.78002309799194s
INFO    [04-01 02:21:45] train in BasicTrainer:
epoch: 57
INFO    [04-01 02:22:50] _train_one_epoch in BasicTrainer:
loss = 4.4223522096038
INFO    [04-01 02:23:43] validate in BasicTrainer:
{'Recall@10': 0.06416855923831463, 'NDCG@10': 0.04320242091314867, 'MRR@10': 0.03675938983913511, 'Recall@5': 0.05047760719433427, 'NDCG@5': 0.038807382192462686, 'MRR@5': 0.034964098574128, 'Recall*@10': 0.0664928947063163, 'NDCG*@10': 0.04468824979616329, 'MRR*@10': 0.037990899020805956, 'Recall*@5': 0.052192765180952845, 'NDCG*@5': 0.04009674834087491, 'MRR*@5': 0.03611468767747283}
INFO    [04-01 02:23:43] train in BasicTrainer:
duration: 117.82629156112671s
INFO    [04-01 02:23:43] train in BasicTrainer:
epoch: 58
INFO    [04-01 02:24:48] _train_one_epoch in BasicTrainer:
loss = 4.415308054857799
INFO    [04-01 02:25:41] validate in BasicTrainer:
{'Recall@10': 0.06445176236331462, 'NDCG@10': 0.04337860583327711, 'MRR@10': 0.036899359971284865, 'Recall@5': 0.050389262363314626, 'NDCG@5': 0.03886628835927695, 'MRR@5': 0.035057784083765, 'Recall*@10': 0.06673636150080711, 'NDCG*@10': 0.044914571181871, 'MRR*@10': 0.0382078014453873, 'Recall*@5': 0.052167557408101854, 'NDCG*@5': 0.040240310991648584, 'MRR*@5': 0.03630044427933171}
INFO    [04-01 02:25:41] train in BasicTrainer:
duration: 117.82616877555847s
INFO    [04-01 02:25:41] train in BasicTrainer:
epoch: 59
INFO    [04-01 02:26:46] _train_one_epoch in BasicTrainer:
loss = 4.409157945487694
INFO    [04-01 02:27:39] validate in BasicTrainer:
{'Recall@10': 0.06423737281933427, 'NDCG@10': 0.04361625028774142, 'MRR@10': 0.0372568408283405, 'Recall@5': 0.05070221656933427, 'NDCG@5': 0.03924298714846373, 'MRR@5': 0.03545407161815092, 'Recall*@10': 0.06666260169818998, 'NDCG*@10': 0.04514599530026317, 'MRR*@10': 0.03851576479151845, 'Recall*@5': 0.052520111419726165, 'NDCG*@5': 0.04058154702652246, 'MRR*@5': 0.03663712965324521}
INFO    [04-01 02:27:39] train in BasicTrainer:
duration: 117.81997108459473s
INFO    [04-01 02:27:39] close_training in BasicTrainer:
finished training
DEBUG   [04-01 02:27:39] debug_summary in loss:
loss nan summary: nan 0 times, not nan 107160 times, ratio nan / (nan + not_nan) = 0.0
INFO    [04-01 02:27:39] run_routine in Routine:
Finished training, Start final validation
INFO    [04-01 02:27:39] final_validate in BasicTrainer:
validate model on val set!
INFO    [04-01 02:27:39] load_state_from_given_path in utils:
checkpoint epoch: 45
INFO    [04-01 02:27:39] load_state_from_given_path in utils:
Loading model's parameters
INFO    [04-01 02:28:32] validate in BasicTrainer:
{'Recall@10': 0.06490098111331463, 'NDCG@10': 0.04399355036206543, 'MRR@10': 0.03757243791827932, 'Recall@5': 0.05086777798831463, 'NDCG@5': 0.039479791524354366, 'MRR@5': 0.03572357267839834, 'Recall*@10': 0.06712750015314668, 'NDCG*@10': 0.04555872417986393, 'MRR*@10': 0.03893125349190086, 'Recall*@5': 0.052813696237280966, 'NDCG*@5': 0.04095782081829384, 'MRR*@5': 0.037048569258768115}
INFO    [04-01 02:28:32] run_routine in Routine:
Finished final validating. Result: {'Recall@10': 0.06490098111331463, 'NDCG@10': 0.04399355036206543, 'MRR@10': 0.03757243791827932, 'Recall@5': 0.05086777798831463, 'NDCG@5': 0.039479791524354366, 'MRR@5': 0.03572357267839834, 'Recall*@10': 0.06712750015314668, 'NDCG*@10': 0.04555872417986393, 'MRR*@10': 0.03893125349190086, 'Recall*@5': 0.052813696237280966, 'NDCG*@5': 0.04095782081829384, 'MRR*@5': 0.037048569258768115}
INFO    [04-01 02:28:32] _evaluate in DistillSched:
Start testing student model on test set
INFO    [04-01 02:28:32] test in BasicTrainer:
Test model on test set!
INFO    [04-01 02:28:32] test_with_given_state_path in BasicTrainer:
Loading model params from ___el_soft_2020/pop_nextitnet-T-3-al-0.5_04-01_00:26_0/student_nextitnet_logs/checkpoint/best_acc_model.pth.
INFO    [04-01 02:28:32] load_state_from_given_path in utils:
checkpoint epoch: 45
INFO    [04-01 02:28:32] load_state_from_given_path in utils:
Loading model's parameters
INFO    [04-01 02:28:32] test_with_given_state_path in BasicTrainer:
Finished loading. Start testing.
INFO    [04-01 02:29:25] test_with_given_state_path in BasicTrainer:
{'Recall@10': 0.05208802688866854, 'NDCG@10': 0.03417923157569021, 'MRR@10': 0.028686384468455797, 'Recall@5': 0.03976517078466713, 'NDCG@5': 0.030198445400455968, 'MRR@5': 0.027045932713663207, 'Recall*@10': 0.054845046030823144, 'NDCG*@10': 0.035899309937958604, 'MRR*@10': 0.03009120247355895, 'Recall*@5': 0.04182891692733392, 'NDCG*@5': 0.03169166418723762, 'MRR*@5': 0.02835561753017828}
INFO    [04-01 02:29:25] _evaluate in DistillSched:
!!Final Result!!: {'Recall@10': 0.05208802688866854, 'NDCG@10': 0.03417923157569021, 'MRR@10': 0.028686384468455797, 'Recall@5': 0.03976517078466713, 'NDCG@5': 0.030198445400455968, 'MRR@5': 0.027045932713663207, 'Recall*@10': 0.054845046030823144, 'NDCG*@10': 0.035899309937958604, 'MRR*@10': 0.03009120247355895, 'Recall*@5': 0.04182891692733392, 'NDCG*@5': 0.03169166418723762, 'MRR*@5': 0.02835561753017828}
