INFO    [05-05 20:04:43] setup_train in utils:
{
    "experiment_dir": "___el_ep_2022",
    "experiment_description": "ep",
    "describe": "{config[model_code]}-T-{config[T]}-al-{config[alpha]}-sr-{config[sample_rate]}",
    "dataset_name": "electronics.csv",
    "sched": "ensemble_distill",
    "model_code": "narm",
    "mentor_code": "narm",
    "mentor2_code": "narm",
    "weight_list": [
        0.5,
        0.5
    ],
    "alpha": 0.5,
    "T": 6.0,
    "training_routine": "student",
    "softmaxed_mentor": true,
    "enable_auto_path_finder": true,
    "mentor_state_path": "___el_base_partial_2022",
    "mentor_seed1": 2000,
    "mentor_seed2": 2001,
    "mentor_describe": "{config[model_code]}-rate-{config[sample_rate]}-seed-{config[sample_seed]}",
    "sample_rate": 0.8,
    "num_epochs": 80,
    "mode": [
        "train",
        "test"
    ],
    "test_state_path": null,
    "max_len": 10,
    "model_state_path": null,
    "rand_seed": 2022,
    "load_processed_dataset": true,
    "save_processed_dataset": false,
    "dataset_cache_filename": null,
    "do_remap": false,
    "weight_decay": 0,
    "decay_step": 15,
    "gamma": 0.99,
    "lr": 0.001,
    "min_length": 5,
    "min_item_inter": 5,
    "good_only": false,
    "use_rating": true,
    "test_negative_sampler_code": "random",
    "test_negative_sample_size": 0,
    "dataloader_type": "next",
    "train_batch_size": 4096,
    "val_batch_size": 4096,
    "test_batch_size": 4096,
    "prop_sliding_window": -1.0,
    "worker_number": 2,
    "metric_ks": [
        5,
        10
    ],
    "device": "cuda",
    "num_gpu": 1,
    "optimizer": "Adam",
    "best_metric": "NDCG@10",
    "show_process_bar": false,
    "enable_sample": false,
    "samples_ratio": 0.1,
    "config_file": "config2.electronics/narm/config_distill_ensemble_partial.json",
    "task_id": 8,
    "split": "leave_one_out",
    "do_sampling": false,
    "path_for_sample": null,
    "sample_seed": 0,
    "train_negative_sampler_code": "random",
    "train_negative_sample_size": 100,
    "device_idx": "0",
    "momentum": null,
    "log_period_as_iter": 12800,
    "dvae_alpha": 0.5,
    "validation_rate": 0.2,
    "num_items": null,
    "start_index": 1,
    "kwargs": null
}
INFO    [05-05 20:04:43] _load_full_dataset_from_path in utils:
loading cache from /data01/wushiguang-slurm/Codes/soft-rec/Data/Cache/electronics-5-5.pkl
INFO    [05-05 20:04:45] _check_dataset_cache in utils:
check if the cache is generated under this configuration
INFO    [05-05 20:04:45] _check_dataset_cache in utils:
correct.
INFO    [05-05 20:04:45] __init__ in NextItemDataloader:
there are 29351 items in this dataset, 102187 users, padding_first? False
DEBUG   [05-05 20:05:00] generate_model in utils:
model_code_list=['narm']
INFO    [05-05 20:05:00] load_model_config in utils:
loading model narm's config file at asset/config/model/narm.json
INFO    [05-05 20:05:00] load_model_config in utils:
{
    "embedding_size": 64,
    "hidden_size": 128,
    "n_layers": 1,
    "dropout_probs": [
        0.25,
        0.5
    ]
}
WARNING [05-05 20:05:09] get_exist_path in utils:
dir ___el_ep_2022/ep_narm-T-6.0-al-0.5-sr-0.8_05-05_20:04_t8/teacher1_narm_logs does not exist! Create one.
WARNING [05-05 20:05:09] get_exist_path in utils:
dir ___el_ep_2022/ep_narm-T-6.0-al-0.5-sr-0.8_05-05_20:04_t8/teacher1_narm_logs/tb_vis does not exist! Create one.
WARNING [05-05 20:05:09] get_exist_path in utils:
dir ___el_ep_2022/ep_narm-T-6.0-al-0.5-sr-0.8_05-05_20:04_t8/teacher1_narm_logs/checkpoint does not exist! Create one.
INFO    [05-05 20:05:10] load_state_from_given_path in utils:
checkpoint epoch: 78
INFO    [05-05 20:05:10] load_state_from_given_path in utils:
Loading model's parameters
INFO    [05-05 20:05:10] load_state_from_given_path in utils:
Loading optimizer's parameters
DEBUG   [05-05 20:05:10] _generate_teacher_trainer in EnsembleDistillSched:
teacher1_narm: 
NARM(
  (item_embedding): Embedding(29352, 64, padding_idx=0)
  (emb_dropout): Dropout(p=0.25, inplace=False)
  (gru): GRU(64, 128, bias=False, batch_first=True)
  (a_1): Linear(in_features=128, out_features=128, bias=False)
  (a_2): Linear(in_features=128, out_features=128, bias=False)
  (v_t): Linear(in_features=128, out_features=1, bias=False)
  (ct_dropout): Dropout(p=0.5, inplace=False)
  (b): Linear(in_features=256, out_features=64, bias=False)
  (loss_fct): CrossEntropyLoss()
)
INFO    [05-05 20:05:10] assert_model_device in utils:
model teacher1_narm has 7.63525390625 MB params.
INFO    [05-05 20:05:10] __init__ in BasicTrainer:
454656 iter per epoch
DEBUG   [05-05 20:05:10] generate_model in utils:
model_code_list=['narm']
INFO    [05-05 20:05:10] load_model_config in utils:
loading model narm's config file at asset/config/model/narm.json
INFO    [05-05 20:05:10] load_model_config in utils:
{
    "embedding_size": 64,
    "hidden_size": 128,
    "n_layers": 1,
    "dropout_probs": [
        0.25,
        0.5
    ]
}
WARNING [05-05 20:05:15] get_exist_path in utils:
dir ___el_ep_2022/ep_narm-T-6.0-al-0.5-sr-0.8_05-05_20:04_t8/teacher2_narm_logs does not exist! Create one.
WARNING [05-05 20:05:15] get_exist_path in utils:
dir ___el_ep_2022/ep_narm-T-6.0-al-0.5-sr-0.8_05-05_20:04_t8/teacher2_narm_logs/tb_vis does not exist! Create one.
WARNING [05-05 20:05:15] get_exist_path in utils:
dir ___el_ep_2022/ep_narm-T-6.0-al-0.5-sr-0.8_05-05_20:04_t8/teacher2_narm_logs/checkpoint does not exist! Create one.
INFO    [05-05 20:05:15] load_state_from_given_path in utils:
checkpoint epoch: 78
INFO    [05-05 20:05:15] load_state_from_given_path in utils:
Loading model's parameters
INFO    [05-05 20:05:15] load_state_from_given_path in utils:
Loading optimizer's parameters
DEBUG   [05-05 20:05:15] _generate_teacher_trainer in EnsembleDistillSched:
teacher2_narm: 
NARM(
  (item_embedding): Embedding(29352, 64, padding_idx=0)
  (emb_dropout): Dropout(p=0.25, inplace=False)
  (gru): GRU(64, 128, bias=False, batch_first=True)
  (a_1): Linear(in_features=128, out_features=128, bias=False)
  (a_2): Linear(in_features=128, out_features=128, bias=False)
  (v_t): Linear(in_features=128, out_features=1, bias=False)
  (ct_dropout): Dropout(p=0.5, inplace=False)
  (b): Linear(in_features=256, out_features=64, bias=False)
  (loss_fct): CrossEntropyLoss()
)
INFO    [05-05 20:05:15] assert_model_device in utils:
model teacher2_narm has 7.63525390625 MB params.
INFO    [05-05 20:05:15] __init__ in BasicTrainer:
454656 iter per epoch
DEBUG   [05-05 20:05:15] generate_model in utils:
model_code_list=['narm']
INFO    [05-05 20:05:15] load_model_config in utils:
loading model narm's config file at asset/config/model/narm.json
INFO    [05-05 20:05:15] load_model_config in utils:
{
    "embedding_size": 64,
    "hidden_size": 128,
    "n_layers": 1,
    "dropout_probs": [
        0.25,
        0.5
    ]
}
WARNING [05-05 20:05:20] get_exist_path in utils:
dir ___el_ep_2022/ep_narm-T-6.0-al-0.5-sr-0.8_05-05_20:04_t8/student_narm_logs does not exist! Create one.
WARNING [05-05 20:05:20] get_exist_path in utils:
dir ___el_ep_2022/ep_narm-T-6.0-al-0.5-sr-0.8_05-05_20:04_t8/student_narm_logs/tb_vis does not exist! Create one.
WARNING [05-05 20:05:20] get_exist_path in utils:
dir ___el_ep_2022/ep_narm-T-6.0-al-0.5-sr-0.8_05-05_20:04_t8/student_narm_logs/checkpoint does not exist! Create one.
WARNING [05-05 20:05:20] get_path in utils:
Path is None
WARNING [05-05 20:05:20] load_state_from_given_path in utils:
Not given any path.
DEBUG   [05-05 20:05:20] _generate_student_trainer in EnsembleDistillSched:
student_narm: 
NARM(
  (item_embedding): Embedding(29352, 64, padding_idx=0)
  (emb_dropout): Dropout(p=0.25, inplace=False)
  (gru): GRU(64, 128, bias=False, batch_first=True)
  (a_1): Linear(in_features=128, out_features=128, bias=False)
  (a_2): Linear(in_features=128, out_features=128, bias=False)
  (v_t): Linear(in_features=128, out_features=1, bias=False)
  (ct_dropout): Dropout(p=0.5, inplace=False)
  (b): Linear(in_features=256, out_features=64, bias=False)
  (loss_fct): CrossEntropyLoss()
)
INFO    [05-05 20:05:20] assert_model_device in utils:
model student_narm has 7.63525390625 MB params.
INFO    [05-05 20:05:20] assert_model_device in utils:
model mix_narm_narm has 0.0 MB params.
INFO    [05-05 20:05:20] assert_model_device in utils:
model mix_narm_narm has no param
INFO    [05-05 20:05:20] __init__ in DistillTrainer:
454656 iter per epoch
INFO    [05-05 20:05:20] _set_current_routine in Routine:
first routine: student
INFO    [05-05 20:05:20] run_routine in Routine:
Start routine student
INFO    [05-05 20:05:20] run_routine in Routine:
Start training
INFO    [05-05 20:05:20] train in DistillTrainer:
Test mentor model: mix_narm_narm
DEBUG   [05-05 20:05:20] forward in Ensembler:
raw predict
DEBUG   [05-05 20:05:20] forward in Ensembler:
[tensor([[1.5816e-06, 1.9473e-05, 4.5252e-05,  ..., 5.1856e-06, 1.1606e-05,
         9.3796e-05],
        [2.2388e-06, 5.7889e-06, 3.0022e-05,  ..., 8.1031e-06, 8.3747e-05,
         1.1818e-05],
        [6.4897e-06, 9.7376e-06, 2.8668e-05,  ..., 2.2890e-05, 6.8156e-05,
         1.8241e-05],
        ...,
        [2.8645e-06, 1.9364e-05, 3.0719e-05,  ..., 1.0809e-05, 3.0900e-05,
         5.4703e-05],
        [2.7759e-06, 1.3458e-05, 3.3840e-05,  ..., 7.7050e-06, 4.9276e-05,
         3.6040e-05],
        [4.4964e-06, 9.3543e-06, 3.8671e-05,  ..., 2.4560e-05, 3.6162e-05,
         4.5399e-05]], device='cuda:0'), tensor([[2.8863e-06, 1.0381e-05, 3.0122e-05,  ..., 2.8298e-06, 2.1433e-05,
         3.1749e-05],
        [2.8069e-06, 1.6214e-05, 1.8834e-05,  ..., 1.1119e-05, 1.2361e-05,
         1.8654e-05],
        [2.5908e-06, 9.8104e-06, 8.6774e-06,  ..., 1.1204e-05, 6.7453e-05,
         9.3241e-06],
        ...,
        [2.6051e-06, 2.9453e-05, 2.3686e-05,  ..., 1.1510e-05, 2.4795e-05,
         4.2887e-05],
        [5.0164e-06, 2.6230e-05, 3.8615e-05,  ..., 3.9325e-06, 4.5056e-05,
         5.9509e-05],
        [3.3753e-06, 2.2001e-05, 2.8920e-05,  ..., 3.3203e-05, 2.6162e-05,
         6.0990e-05]], device='cuda:0')]
DEBUG   [05-05 20:05:20] forward in Ensembler:
raw confidence
DEBUG   [05-05 20:05:20] forward in Ensembler:
[tensor([0.0004, 0.0007, 0.0001,  ..., 0.0002, 0.0002, 0.0002], device='cuda:0'), tensor([0.0003, 0.0005, 0.0003,  ..., 0.0002, 0.0002, 0.0002], device='cuda:0')]
DEBUG   [05-05 20:05:20] forward in Ensembler:
weighted predict
DEBUG   [05-05 20:05:20] forward in Ensembler:
[tensor([[7.9079e-07, 9.7366e-06, 2.2626e-05,  ..., 2.5928e-06, 5.8032e-06,
         4.6898e-05],
        [1.1194e-06, 2.8945e-06, 1.5011e-05,  ..., 4.0516e-06, 4.1874e-05,
         5.9089e-06],
        [3.2448e-06, 4.8688e-06, 1.4334e-05,  ..., 1.1445e-05, 3.4078e-05,
         9.1207e-06],
        ...,
        [1.4323e-06, 9.6819e-06, 1.5360e-05,  ..., 5.4043e-06, 1.5450e-05,
         2.7352e-05],
        [1.3880e-06, 6.7292e-06, 1.6920e-05,  ..., 3.8525e-06, 2.4638e-05,
         1.8020e-05],
        [2.2482e-06, 4.6772e-06, 1.9336e-05,  ..., 1.2280e-05, 1.8081e-05,
         2.2699e-05]], device='cuda:0'), tensor([[1.4432e-06, 5.1905e-06, 1.5061e-05,  ..., 1.4149e-06, 1.0716e-05,
         1.5875e-05],
        [1.4034e-06, 8.1071e-06, 9.4168e-06,  ..., 5.5594e-06, 6.1803e-06,
         9.3268e-06],
        [1.2954e-06, 4.9052e-06, 4.3387e-06,  ..., 5.6019e-06, 3.3727e-05,
         4.6620e-06],
        ...,
        [1.3026e-06, 1.4727e-05, 1.1843e-05,  ..., 5.7548e-06, 1.2397e-05,
         2.1444e-05],
        [2.5082e-06, 1.3115e-05, 1.9308e-05,  ..., 1.9663e-06, 2.2528e-05,
         2.9754e-05],
        [1.6876e-06, 1.1001e-05, 1.4460e-05,  ..., 1.6601e-05, 1.3081e-05,
         3.0495e-05]], device='cuda:0')]
DEBUG   [05-05 20:05:20] forward in Ensembler:
final predict
DEBUG   [05-05 20:05:20] forward in Ensembler:
tensor([[2.2340e-06, 1.4927e-05, 3.7687e-05,  ..., 4.0077e-06, 1.6520e-05,
         6.2773e-05],
        [2.5229e-06, 1.1002e-05, 2.4428e-05,  ..., 9.6109e-06, 4.8054e-05,
         1.5236e-05],
        [4.5402e-06, 9.7740e-06, 1.8673e-05,  ..., 1.7047e-05, 6.7805e-05,
         1.3783e-05],
        ...,
        [2.7348e-06, 2.4408e-05, 2.7203e-05,  ..., 1.1159e-05, 2.7847e-05,
         4.8795e-05],
        [3.8961e-06, 1.9844e-05, 3.6227e-05,  ..., 5.8188e-06, 4.7166e-05,
         4.7774e-05],
        [3.9358e-06, 1.5678e-05, 3.3796e-05,  ..., 2.8881e-05, 3.1162e-05,
         5.3194e-05]], device='cuda:0')
DEBUG   [05-05 20:05:20] forward in Ensembler:
final confidence
DEBUG   [05-05 20:05:20] forward in Ensembler:
tensor([0.0003, 0.0004, 0.0002,  ..., 0.0002, 0.0002, 0.0002], device='cuda:0')
DEBUG   [05-05 20:05:22] forward in Ensembler:
raw predict
DEBUG   [05-05 20:05:22] forward in Ensembler:
[tensor([[3.6338e-06, 2.4279e-05, 2.0343e-05,  ..., 2.7882e-05, 3.2362e-05,
         3.4137e-05],
        [3.2782e-06, 1.1301e-05, 2.2199e-05,  ..., 1.9472e-05, 2.1068e-05,
         7.4268e-05],
        [1.3185e-06, 6.3228e-06, 3.6843e-05,  ..., 2.3683e-05, 2.5321e-05,
         3.2146e-05],
        ...,
        [4.8966e-06, 4.5138e-06, 1.2260e-05,  ..., 1.0758e-05, 6.1316e-05,
         2.8921e-05],
        [2.6782e-06, 7.4071e-06, 2.3409e-05,  ..., 8.1791e-06, 3.8448e-05,
         2.0105e-05],
        [7.4737e-06, 9.0907e-06, 2.0317e-05,  ..., 1.6491e-05, 3.2052e-05,
         2.8860e-05]], device='cuda:0'), tensor([[4.3962e-06, 1.3321e-05, 1.3868e-05,  ..., 2.2985e-05, 2.5779e-05,
         2.5286e-05],
        [2.5983e-06, 2.6837e-06, 3.1945e-05,  ..., 5.7790e-05, 5.0224e-05,
         5.4561e-05],
        [3.1954e-06, 1.3738e-05, 2.1897e-05,  ..., 1.1518e-05, 9.5543e-06,
         5.1509e-05],
        ...,
        [8.5796e-06, 1.1532e-05, 1.6500e-05,  ..., 1.6158e-05, 1.2815e-04,
         2.3089e-05],
        [4.5810e-06, 8.0280e-06, 2.2364e-05,  ..., 1.8972e-05, 4.1314e-05,
         5.0842e-05],
        [7.4505e-06, 2.2873e-05, 1.7181e-05,  ..., 7.8837e-06, 3.7827e-05,
         2.8656e-05]], device='cuda:0')]
DEBUG   [05-05 20:05:22] forward in Ensembler:
raw confidence
DEBUG   [05-05 20:05:22] forward in Ensembler:
[tensor([0.0002, 0.0002, 0.0003,  ..., 0.0003, 0.0002, 0.0002], device='cuda:0'), tensor([0.0004, 0.0005, 0.0004,  ..., 0.0002, 0.0003, 0.0002], device='cuda:0')]
DEBUG   [05-05 20:05:22] forward in Ensembler:
weighted predict
DEBUG   [05-05 20:05:22] forward in Ensembler:
[tensor([[1.8169e-06, 1.2139e-05, 1.0172e-05,  ..., 1.3941e-05, 1.6181e-05,
         1.7068e-05],
        [1.6391e-06, 5.6503e-06, 1.1099e-05,  ..., 9.7359e-06, 1.0534e-05,
         3.7134e-05],
        [6.5923e-07, 3.1614e-06, 1.8421e-05,  ..., 1.1842e-05, 1.2661e-05,
         1.6073e-05],
        ...,
        [2.4483e-06, 2.2569e-06, 6.1301e-06,  ..., 5.3791e-06, 3.0658e-05,
         1.4460e-05],
        [1.3391e-06, 3.7036e-06, 1.1705e-05,  ..., 4.0896e-06, 1.9224e-05,
         1.0052e-05],
        [3.7368e-06, 4.5454e-06, 1.0158e-05,  ..., 8.2455e-06, 1.6026e-05,
         1.4430e-05]], device='cuda:0'), tensor([[2.1981e-06, 6.6606e-06, 6.9342e-06,  ..., 1.1493e-05, 1.2890e-05,
         1.2643e-05],
        [1.2991e-06, 1.3418e-06, 1.5973e-05,  ..., 2.8895e-05, 2.5112e-05,
         2.7281e-05],
        [1.5977e-06, 6.8690e-06, 1.0948e-05,  ..., 5.7589e-06, 4.7772e-06,
         2.5754e-05],
        ...,
        [4.2898e-06, 5.7662e-06, 8.2499e-06,  ..., 8.0790e-06, 6.4076e-05,
         1.1544e-05],
        [2.2905e-06, 4.0140e-06, 1.1182e-05,  ..., 9.4862e-06, 2.0657e-05,
         2.5421e-05],
        [3.7253e-06, 1.1437e-05, 8.5903e-06,  ..., 3.9419e-06, 1.8913e-05,
         1.4328e-05]], device='cuda:0')]
DEBUG   [05-05 20:05:22] forward in Ensembler:
final predict
DEBUG   [05-05 20:05:22] forward in Ensembler:
tensor([[4.0150e-06, 1.8800e-05, 1.7106e-05,  ..., 2.5434e-05, 2.9070e-05,
         2.9711e-05],
        [2.9382e-06, 6.9922e-06, 2.7072e-05,  ..., 3.8631e-05, 3.5646e-05,
         6.4415e-05],
        [2.2569e-06, 1.0030e-05, 2.9370e-05,  ..., 1.7601e-05, 1.7438e-05,
         4.1827e-05],
        ...,
        [6.7381e-06, 8.0231e-06, 1.4380e-05,  ..., 1.3458e-05, 9.4734e-05,
         2.6005e-05],
        [3.6296e-06, 7.7176e-06, 2.2887e-05,  ..., 1.3576e-05, 3.9881e-05,
         3.5473e-05],
        [7.4621e-06, 1.5982e-05, 1.8749e-05,  ..., 1.2187e-05, 3.4939e-05,
         2.8758e-05]], device='cuda:0')
DEBUG   [05-05 20:05:22] forward in Ensembler:
final confidence
DEBUG   [05-05 20:05:22] forward in Ensembler:
tensor([0.0003, 0.0003, 0.0003,  ..., 0.0002, 0.0002, 0.0002], device='cuda:0')
DEBUG   [05-05 20:05:23] forward in Ensembler:
raw predict
DEBUG   [05-05 20:05:23] forward in Ensembler:
[tensor([[4.5853e-06, 1.0216e-05, 3.6715e-05,  ..., 9.6172e-06, 4.8997e-05,
         3.3968e-05],
        [9.8837e-06, 8.1094e-06, 3.4546e-05,  ..., 1.2201e-05, 3.1904e-05,
         4.1934e-05],
        [6.5577e-06, 2.3033e-05, 2.5779e-05,  ..., 6.5164e-05, 4.0473e-05,
         2.8014e-05],
        ...,
        [2.2168e-06, 2.2516e-06, 3.0695e-05,  ..., 1.0150e-05, 1.9237e-04,
         1.8976e-05],
        [1.1688e-05, 3.9941e-06, 2.2981e-05,  ..., 1.3510e-06, 1.3836e-04,
         4.5542e-05],
        [2.2934e-06, 1.7151e-05, 2.5748e-05,  ..., 1.3239e-05, 6.3787e-05,
         3.7169e-05]], device='cuda:0'), tensor([[3.6800e-06, 1.0345e-05, 1.9605e-05,  ..., 1.0693e-05, 2.8436e-05,
         9.9135e-06],
        [6.7911e-06, 1.8493e-05, 1.8415e-05,  ..., 2.5139e-05, 2.3567e-05,
         5.3371e-05],
        [6.2509e-06, 3.9393e-05, 4.0675e-05,  ..., 2.0626e-05, 1.7699e-05,
         7.2270e-05],
        ...,
        [3.6683e-06, 8.0303e-06, 1.7225e-05,  ..., 2.6602e-05, 6.2041e-05,
         3.3307e-05],
        [1.0108e-05, 3.7748e-06, 1.5959e-05,  ..., 1.2338e-05, 9.3629e-05,
         2.3850e-05],
        [3.3775e-06, 3.3851e-06, 1.2970e-05,  ..., 8.3697e-06, 9.3229e-05,
         1.4738e-05]], device='cuda:0')]
DEBUG   [05-05 20:05:24] forward in Ensembler:
raw confidence
DEBUG   [05-05 20:05:24] forward in Ensembler:
[tensor([0.0003, 0.0002, 0.0002,  ..., 0.0004, 0.0032, 0.0004], device='cuda:0'), tensor([0.0003, 0.0001, 0.0002,  ..., 0.0004, 0.0010, 0.0004], device='cuda:0')]
DEBUG   [05-05 20:05:24] forward in Ensembler:
weighted predict
DEBUG   [05-05 20:05:24] forward in Ensembler:
[tensor([[2.2927e-06, 5.1079e-06, 1.8357e-05,  ..., 4.8086e-06, 2.4498e-05,
         1.6984e-05],
        [4.9418e-06, 4.0547e-06, 1.7273e-05,  ..., 6.1003e-06, 1.5952e-05,
         2.0967e-05],
        [3.2789e-06, 1.1516e-05, 1.2890e-05,  ..., 3.2582e-05, 2.0237e-05,
         1.4007e-05],
        ...,
        [1.1084e-06, 1.1258e-06, 1.5347e-05,  ..., 5.0752e-06, 9.6185e-05,
         9.4882e-06],
        [5.8438e-06, 1.9970e-06, 1.1490e-05,  ..., 6.7548e-07, 6.9180e-05,
         2.2771e-05],
        [1.1467e-06, 8.5754e-06, 1.2874e-05,  ..., 6.6196e-06, 3.1894e-05,
         1.8585e-05]], device='cuda:0'), tensor([[1.8400e-06, 5.1727e-06, 9.8025e-06,  ..., 5.3467e-06, 1.4218e-05,
         4.9568e-06],
        [3.3955e-06, 9.2465e-06, 9.2077e-06,  ..., 1.2569e-05, 1.1784e-05,
         2.6685e-05],
        [3.1255e-06, 1.9696e-05, 2.0337e-05,  ..., 1.0313e-05, 8.8493e-06,
         3.6135e-05],
        ...,
        [1.8342e-06, 4.0151e-06, 8.6124e-06,  ..., 1.3301e-05, 3.1021e-05,
         1.6653e-05],
        [5.0538e-06, 1.8874e-06, 7.9795e-06,  ..., 6.1688e-06, 4.6814e-05,
         1.1925e-05],
        [1.6888e-06, 1.6925e-06, 6.4850e-06,  ..., 4.1848e-06, 4.6615e-05,
         7.3691e-06]], device='cuda:0')]
DEBUG   [05-05 20:05:24] forward in Ensembler:
final predict
DEBUG   [05-05 20:05:24] forward in Ensembler:
tensor([[4.1327e-06, 1.0281e-05, 2.8160e-05,  ..., 1.0155e-05, 3.8716e-05,
         2.1941e-05],
        [8.3374e-06, 1.3301e-05, 2.6481e-05,  ..., 1.8670e-05, 2.7736e-05,
         4.7652e-05],
        [6.4043e-06, 3.1213e-05, 3.3227e-05,  ..., 4.2895e-05, 2.9086e-05,
         5.0142e-05],
        ...,
        [2.9425e-06, 5.1409e-06, 2.3960e-05,  ..., 1.8376e-05, 1.2721e-04,
         2.6142e-05],
        [1.0898e-05, 3.8844e-06, 1.9470e-05,  ..., 6.8443e-06, 1.1599e-04,
         3.4696e-05],
        [2.8355e-06, 1.0268e-05, 1.9359e-05,  ..., 1.0804e-05, 7.8508e-05,
         2.5954e-05]], device='cuda:0')
DEBUG   [05-05 20:05:24] forward in Ensembler:
final confidence
DEBUG   [05-05 20:05:24] forward in Ensembler:
tensor([0.0003, 0.0001, 0.0002,  ..., 0.0003, 0.0021, 0.0003], device='cuda:0')
DEBUG   [05-05 20:05:25] forward in Ensembler:
raw predict
DEBUG   [05-05 20:05:25] forward in Ensembler:
[tensor([[2.8708e-06, 2.8630e-05, 2.7789e-05,  ..., 2.5250e-05, 5.4392e-05,
         2.7279e-05],
        [1.0172e-05, 4.2456e-05, 2.2479e-05,  ..., 7.9388e-06, 6.7477e-05,
         5.6336e-05],
        [6.9657e-06, 6.6952e-06, 3.2368e-05,  ..., 2.2595e-05, 4.0923e-05,
         5.8729e-05],
        ...,
        [3.1000e-06, 1.1256e-05, 3.3188e-05,  ..., 1.2438e-05, 1.7835e-05,
         4.1944e-05],
        [5.0208e-06, 3.9614e-06, 1.9177e-05,  ..., 6.9091e-06, 3.7527e-05,
         1.2180e-05],
        [3.1702e-06, 8.9559e-06, 2.3329e-05,  ..., 1.3985e-05, 2.1019e-05,
         3.2236e-05]], device='cuda:0'), tensor([[3.2592e-06, 1.6301e-05, 2.8128e-05,  ..., 3.5376e-05, 2.8801e-05,
         5.7416e-05],
        [6.7121e-06, 1.9137e-05, 2.3357e-05,  ..., 1.9723e-05, 6.8715e-05,
         2.7722e-05],
        [3.8486e-06, 2.1123e-06, 3.4159e-05,  ..., 3.4902e-05, 3.1660e-05,
         2.9360e-05],
        ...,
        [5.1499e-06, 3.5390e-05, 2.9302e-05,  ..., 1.3294e-05, 2.4129e-05,
         4.0734e-05],
        [7.2053e-06, 2.9110e-05, 2.0845e-05,  ..., 1.1544e-05, 3.6522e-05,
         2.9964e-05],
        [8.3621e-06, 2.0824e-05, 3.8011e-05,  ..., 3.8842e-05, 6.0154e-05,
         1.7312e-05]], device='cuda:0')]
DEBUG   [05-05 20:05:25] forward in Ensembler:
raw confidence
DEBUG   [05-05 20:05:25] forward in Ensembler:
[tensor([0.0002, 0.0002, 0.0002,  ..., 0.0002, 0.0003, 0.0002], device='cuda:0'), tensor([0.0002, 0.0002, 0.0002,  ..., 0.0002, 0.0002, 0.0001], device='cuda:0')]
DEBUG   [05-05 20:05:25] forward in Ensembler:
weighted predict
DEBUG   [05-05 20:05:25] forward in Ensembler:
[tensor([[1.4354e-06, 1.4315e-05, 1.3895e-05,  ..., 1.2625e-05, 2.7196e-05,
         1.3640e-05],
        [5.0858e-06, 2.1228e-05, 1.1240e-05,  ..., 3.9694e-06, 3.3738e-05,
         2.8168e-05],
        [3.4828e-06, 3.3476e-06, 1.6184e-05,  ..., 1.1298e-05, 2.0462e-05,
         2.9365e-05],
        ...,
        [1.5500e-06, 5.6280e-06, 1.6594e-05,  ..., 6.2191e-06, 8.9174e-06,
         2.0972e-05],
        [2.5104e-06, 1.9807e-06, 9.5883e-06,  ..., 3.4546e-06, 1.8763e-05,
         6.0902e-06],
        [1.5851e-06, 4.4780e-06, 1.1665e-05,  ..., 6.9927e-06, 1.0509e-05,
         1.6118e-05]], device='cuda:0'), tensor([[1.6296e-06, 8.1505e-06, 1.4064e-05,  ..., 1.7688e-05, 1.4401e-05,
         2.8708e-05],
        [3.3560e-06, 9.5684e-06, 1.1679e-05,  ..., 9.8613e-06, 3.4358e-05,
         1.3861e-05],
        [1.9243e-06, 1.0561e-06, 1.7080e-05,  ..., 1.7451e-05, 1.5830e-05,
         1.4680e-05],
        ...,
        [2.5749e-06, 1.7695e-05, 1.4651e-05,  ..., 6.6469e-06, 1.2065e-05,
         2.0367e-05],
        [3.6026e-06, 1.4555e-05, 1.0423e-05,  ..., 5.7720e-06, 1.8261e-05,
         1.4982e-05],
        [4.1811e-06, 1.0412e-05, 1.9005e-05,  ..., 1.9421e-05, 3.0077e-05,
         8.6561e-06]], device='cuda:0')]
DEBUG   [05-05 20:05:25] forward in Ensembler:
final predict
DEBUG   [05-05 20:05:25] forward in Ensembler:
tensor([[3.0650e-06, 2.2466e-05, 2.7959e-05,  ..., 3.0313e-05, 4.1597e-05,
         4.2348e-05],
        [8.4418e-06, 3.0796e-05, 2.2918e-05,  ..., 1.3831e-05, 6.8096e-05,
         4.2029e-05],
        [5.4072e-06, 4.4037e-06, 3.3264e-05,  ..., 2.8749e-05, 3.6292e-05,
         4.4045e-05],
        ...,
        [4.1249e-06, 2.3323e-05, 3.1245e-05,  ..., 1.2866e-05, 2.0982e-05,
         4.1339e-05],
        [6.1131e-06, 1.6536e-05, 2.0011e-05,  ..., 9.2266e-06, 3.7024e-05,
         2.1072e-05],
        [5.7662e-06, 1.4890e-05, 3.0670e-05,  ..., 2.6413e-05, 4.0586e-05,
         2.4774e-05]], device='cuda:0')
DEBUG   [05-05 20:05:25] forward in Ensembler:
final confidence
DEBUG   [05-05 20:05:25] forward in Ensembler:
tensor([0.0002, 0.0002, 0.0002,  ..., 0.0002, 0.0002, 0.0002], device='cuda:0')
DEBUG   [05-05 20:05:27] forward in Ensembler:
raw predict
DEBUG   [05-05 20:05:27] forward in Ensembler:
[tensor([[5.4013e-06, 7.8469e-06, 4.0939e-05,  ..., 2.1177e-05, 3.0795e-05,
         6.8115e-05],
        [1.2297e-05, 1.3401e-05, 2.5230e-05,  ..., 2.8994e-05, 5.9414e-05,
         2.4018e-05],
        [5.0144e-06, 1.0117e-05, 1.0980e-05,  ..., 5.7872e-06, 5.1981e-05,
         4.1178e-05],
        ...,
        [9.7027e-06, 1.9637e-05, 3.1002e-05,  ..., 1.0991e-05, 4.3387e-05,
         3.9613e-05],
        [2.0107e-06, 1.2128e-05, 4.2304e-05,  ..., 2.3960e-05, 1.7687e-05,
         3.8018e-05],
        [2.1161e-06, 2.0750e-05, 8.8319e-05,  ..., 1.0597e-05, 1.7014e-05,
         3.3917e-05]], device='cuda:0'), tensor([[5.4296e-06, 1.3950e-05, 2.5564e-05,  ..., 1.7935e-05, 2.2977e-05,
         3.1261e-05],
        [1.4418e-05, 1.9633e-05, 2.6206e-05,  ..., 1.9994e-05, 4.0875e-05,
         1.5976e-05],
        [3.3011e-06, 1.1097e-05, 2.2193e-05,  ..., 6.7041e-06, 2.6333e-05,
         1.7394e-05],
        ...,
        [7.3205e-06, 2.2637e-05, 2.8788e-05,  ..., 8.0224e-06, 5.0883e-05,
         7.0762e-05],
        [2.6199e-06, 2.3086e-05, 2.4249e-05,  ..., 3.9478e-05, 1.0870e-05,
         6.3791e-05],
        [2.7943e-06, 3.4364e-05, 4.6370e-05,  ..., 8.7314e-06, 1.4714e-05,
         8.0874e-05]], device='cuda:0')]
DEBUG   [05-05 20:05:27] forward in Ensembler:
raw confidence
DEBUG   [05-05 20:05:27] forward in Ensembler:
[tensor([0.0003, 0.0001, 0.0003,  ..., 0.0003, 0.0004, 0.0007], device='cuda:0'), tensor([0.0002, 0.0002, 0.0002,  ..., 0.0003, 0.0002, 0.0003], device='cuda:0')]
DEBUG   [05-05 20:05:27] forward in Ensembler:
weighted predict
DEBUG   [05-05 20:05:27] forward in Ensembler:
[tensor([[2.7006e-06, 3.9235e-06, 2.0469e-05,  ..., 1.0589e-05, 1.5397e-05,
         3.4058e-05],
        [6.1484e-06, 6.7007e-06, 1.2615e-05,  ..., 1.4497e-05, 2.9707e-05,
         1.2009e-05],
        [2.5072e-06, 5.0585e-06, 5.4900e-06,  ..., 2.8936e-06, 2.5991e-05,
         2.0589e-05],
        ...,
        [4.8514e-06, 9.8183e-06, 1.5501e-05,  ..., 5.4954e-06, 2.1693e-05,
         1.9807e-05],
        [1.0054e-06, 6.0641e-06, 2.1152e-05,  ..., 1.1980e-05, 8.8437e-06,
         1.9009e-05],
        [1.0580e-06, 1.0375e-05, 4.4159e-05,  ..., 5.2983e-06, 8.5071e-06,
         1.6959e-05]], device='cuda:0'), tensor([[2.7148e-06, 6.9751e-06, 1.2782e-05,  ..., 8.9676e-06, 1.1488e-05,
         1.5630e-05],
        [7.2092e-06, 9.8165e-06, 1.3103e-05,  ..., 9.9970e-06, 2.0437e-05,
         7.9879e-06],
        [1.6505e-06, 5.5485e-06, 1.1097e-05,  ..., 3.3521e-06, 1.3167e-05,
         8.6970e-06],
        ...,
        [3.6603e-06, 1.1318e-05, 1.4394e-05,  ..., 4.0112e-06, 2.5442e-05,
         3.5381e-05],
        [1.3099e-06, 1.1543e-05, 1.2125e-05,  ..., 1.9739e-05, 5.4350e-06,
         3.1895e-05],
        [1.3972e-06, 1.7182e-05, 2.3185e-05,  ..., 4.3657e-06, 7.3568e-06,
         4.0437e-05]], device='cuda:0')]
DEBUG   [05-05 20:05:27] forward in Ensembler:
final predict
DEBUG   [05-05 20:05:27] forward in Ensembler:
tensor([[5.4154e-06, 1.0899e-05, 3.3252e-05,  ..., 1.9556e-05, 2.6886e-05,
         4.9688e-05],
        [1.3358e-05, 1.6517e-05, 2.5718e-05,  ..., 2.4494e-05, 5.0145e-05,
         1.9997e-05],
        [4.1577e-06, 1.0607e-05, 1.6587e-05,  ..., 6.2457e-06, 3.9157e-05,
         2.9286e-05],
        ...,
        [8.5116e-06, 2.1137e-05, 2.9895e-05,  ..., 9.5066e-06, 4.7135e-05,
         5.5188e-05],
        [2.3153e-06, 1.7607e-05, 3.3276e-05,  ..., 3.1719e-05, 1.4279e-05,
         5.0904e-05],
        [2.4552e-06, 2.7557e-05, 6.7344e-05,  ..., 9.6641e-06, 1.5864e-05,
         5.7396e-05]], device='cuda:0')
DEBUG   [05-05 20:05:27] forward in Ensembler:
final confidence
DEBUG   [05-05 20:05:27] forward in Ensembler:
tensor([0.0003, 0.0001, 0.0002,  ..., 0.0003, 0.0003, 0.0005], device='cuda:0')
INFO    [05-05 20:06:02] test_mentor in DistillTrainer:
{'Recall@10': 0.06249238222837448, 'NDCG@10': 0.03875884994864464, 'MRR@10': 0.031511134430766106, 'Recall@5': 0.045557551085948944, 'NDCG@5': 0.03329778946936131, 'MRR@5': 0.029266326501965523, 'Recall*@10': 0.06664570197463035, 'NDCG*@10': 0.04127179726958275, 'MRR*@10': 0.033513287752866744, 'Recall*@5': 0.048688478320837024, 'NDCG*@5': 0.03547375403344631, 'MRR*@5': 0.031125812530517577}
INFO    [05-05 20:06:02] train in DistillTrainer:
result:
{'Recall@10': 0.06249238222837448, 'NDCG@10': 0.03875884994864464, 'MRR@10': 0.031511134430766106, 'Recall@5': 0.045557551085948944, 'NDCG@5': 0.03329778946936131, 'MRR@5': 0.029266326501965523, 'Recall*@10': 0.06664570197463035, 'NDCG*@10': 0.04127179726958275, 'MRR*@10': 0.033513287752866744, 'Recall*@5': 0.048688478320837024, 'NDCG*@5': 0.03547375403344631, 'MRR*@5': 0.031125812530517577}
INFO    [05-05 20:06:41] log in loggers:
Update Best NDCG@10 Model at 0
INFO    [05-05 20:06:41] validate in BasicTrainer:
{'Recall@10': 0.00033203125, 'NDCG@10': 0.00014112540433416142, 'MRR@10': 8.473617323033978e-05, 'Recall@5': 0.000146484375, 'NDCG@5': 8.149782719556242e-05, 'MRR@5': 6.03841150586959e-05, 'Recall*@10': 0.00031247938983142376, 'NDCG*@10': 0.00013840028928825633, 'MRR*@10': 8.687235858815257e-05, 'Recall*@5': 0.00014406405622139574, 'NDCG*@5': 8.445796614978463e-05, 'MRR*@5': 6.494511442724616e-05}
INFO    [05-05 20:06:41] train in BasicTrainer:
epoch: 0
DEBUG   [05-05 20:06:42] calculate_loss in loss:
soft_target max: 0.5070807933807373, argmax 82804649
DEBUG   [05-05 20:06:42] calculate_loss in loss:
pred max in softmax: 3.422421286813915e-05, argmax 110193085
INFO    [05-05 20:07:00] _train_one_epoch in BasicTrainer:
loss = 7.151293870565054
INFO    [05-05 20:07:40] log in loggers:
Update Best NDCG@10 Model at 0
INFO    [05-05 20:07:40] validate in BasicTrainer:
{'Recall@10': 0.036760576516389844, 'NDCG@10': 0.018560622781515122, 'MRR@10': 0.013029609173536301, 'Recall@5': 0.023930521979928017, 'NDCG@5': 0.014447670094668866, 'MRR@5': 0.011353119984269142, 'Recall*@10': 0.039685723036527634, 'NDCG*@10': 0.020463404655456544, 'MRR*@10': 0.01461602445691824, 'Recall*@5': 0.025843368321657182, 'NDCG*@5': 0.016027690954506398, 'MRR*@5': 0.012809094935655595}
INFO    [05-05 20:07:40] train in BasicTrainer:
duration: 58.47045016288757s
INFO    [05-05 20:07:40] train in BasicTrainer:
epoch: 1
INFO    [05-05 20:07:57] _train_one_epoch in BasicTrainer:
loss = 6.842712221918879
INFO    [05-05 20:08:37] log in loggers:
Update Best NDCG@10 Model at 1
INFO    [05-05 20:08:37] validate in BasicTrainer:
{'Recall@10': 0.03664178192615509, 'NDCG@10': 0.01978471055626869, 'MRR@10': 0.014670193791389466, 'Recall@5': 0.023881693854928016, 'NDCG@5': 0.015680173672735692, 'MRR@5': 0.012988908998668194, 'Recall*@10': 0.039820043295621874, 'NDCG*@10': 0.02172771602869034, 'MRR*@10': 0.016239469945430754, 'Recall*@5': 0.026050164997577667, 'NDCG*@5': 0.01730309784412384, 'MRR*@5': 0.014429946579039097}
INFO    [05-05 20:08:37] train in BasicTrainer:
duration: 57.53257966041565s
INFO    [05-05 20:08:37] train in BasicTrainer:
epoch: 2
INFO    [05-05 20:08:55] _train_one_epoch in BasicTrainer:
loss = 6.729087790927371
INFO    [05-05 20:09:34] log in loggers:
Update Best NDCG@10 Model at 2
INFO    [05-05 20:09:35] validate in BasicTrainer:
{'Recall@10': 0.038211369067430494, 'NDCG@10': 0.020534288585186005, 'MRR@10': 0.01517730087041855, 'Recall@5': 0.02489946164190769, 'NDCG@5': 0.016267315894365312, 'MRR@5': 0.013438574895262718, 'Recall*@10': 0.04175091400742531, 'NDCG*@10': 0.022725564166903495, 'MRR*@10': 0.01695914302021265, 'Recall*@5': 0.027239113226532937, 'NDCG*@5': 0.01807006645947695, 'MRR*@5': 0.015059768483042716}
INFO    [05-05 20:09:35] train in BasicTrainer:
duration: 57.19224143028259s
INFO    [05-05 20:09:35] train in BasicTrainer:
epoch: 3
INFO    [05-05 20:09:52] _train_one_epoch in BasicTrainer:
loss = 6.623932567802635
INFO    [05-05 20:10:33] log in loggers:
Update Best NDCG@10 Model at 3
INFO    [05-05 20:10:33] validate in BasicTrainer:
{'Recall@10': 0.041626536101102826, 'NDCG@10': 0.022440818324685096, 'MRR@10': 0.016611715964972972, 'Recall@5': 0.02742167130112648, 'NDCG@5': 0.017874147929251193, 'MRR@5': 0.014742631502449512, 'Recall*@10': 0.045074225217103955, 'NDCG*@10': 0.02451256237924099, 'MRR*@10': 0.01826609544456005, 'Recall*@5': 0.02979091912508011, 'NDCG*@5': 0.019598546624183654, 'MRR*@5': 0.0162543922662735}
INFO    [05-05 20:10:33] train in BasicTrainer:
duration: 58.182621002197266s
INFO    [05-05 20:10:33] train in BasicTrainer:
epoch: 4
INFO    [05-05 20:10:50] _train_one_epoch in BasicTrainer:
loss = 6.569127091416368
INFO    [05-05 20:11:30] log in loggers:
Update Best NDCG@10 Model at 4
INFO    [05-05 20:11:30] validate in BasicTrainer:
{'Recall@10': 0.04364241719245911, 'NDCG@10': 0.023258146345615387, 'MRR@10': 0.017067926786839962, 'Recall@5': 0.0287171620875597, 'NDCG@5': 0.018470714092254637, 'MRR@5': 0.015114793293178082, 'Recall*@10': 0.04758453354239464, 'NDCG*@10': 0.025530478209257124, 'MRR*@10': 0.018837961107492446, 'Recall*@5': 0.03141295418143272, 'NDCG*@5': 0.020348131358623504, 'MRR*@5': 0.016726591177284717}
INFO    [05-05 20:11:30] train in BasicTrainer:
duration: 57.53876733779907s
INFO    [05-05 20:11:30] train in BasicTrainer:
epoch: 5
INFO    [05-05 20:11:49] _train_one_epoch in BasicTrainer:
loss = 6.50348204535407
INFO    [05-05 20:12:29] log in loggers:
Update Best NDCG@10 Model at 5
INFO    [05-05 20:12:30] validate in BasicTrainer:
{'Recall@10': 0.0474080753326416, 'NDCG@10': 0.025468290969729423, 'MRR@10': 0.018804555162787437, 'Recall@5': 0.03131040960550308, 'NDCG@5': 0.020297388285398482, 'MRR@5': 0.016690640561282635, 'Recall*@10': 0.05132765457034111, 'NDCG*@10': 0.0277617397159338, 'MRR*@10': 0.020608211979269982, 'Recall*@5': 0.03395752839744091, 'NDCG*@5': 0.022185415253043173, 'MRR*@5': 0.018330556526780128}
INFO    [05-05 20:12:30] train in BasicTrainer:
duration: 59.44846510887146s
INFO    [05-05 20:12:30] train in BasicTrainer:
epoch: 6
INFO    [05-05 20:12:47] _train_one_epoch in BasicTrainer:
loss = 6.431478298462189
INFO    [05-05 20:13:27] log in loggers:
Update Best NDCG@10 Model at 6
INFO    [05-05 20:13:27] validate in BasicTrainer:
{'Recall@10': 0.04896723806858063, 'NDCG@10': 0.02649271622300148, 'MRR@10': 0.019656775593757628, 'Recall@5': 0.03250383540987969, 'NDCG@5': 0.021203979030251504, 'MRR@5': 0.017494782730937006, 'Recall*@10': 0.0529243603348732, 'NDCG*@10': 0.028762477934360504, 'MRR*@10': 0.02141550086438656, 'Recall*@5': 0.03526610314846039, 'NDCG*@5': 0.023090347051620483, 'MRR*@5': 0.019097095169126988}
INFO    [05-05 20:13:27] train in BasicTrainer:
duration: 57.32694363594055s
INFO    [05-05 20:13:27] train in BasicTrainer:
epoch: 7
INFO    [05-05 20:13:44] _train_one_epoch in BasicTrainer:
loss = 6.38271495458242
INFO    [05-05 20:14:24] log in loggers:
Update Best NDCG@10 Model at 7
INFO    [05-05 20:14:25] validate in BasicTrainer:
{'Recall@10': 0.049955173283815386, 'NDCG@10': 0.02714571215212345, 'MRR@10': 0.020215000361204147, 'Recall@5': 0.03304696053266525, 'NDCG@5': 0.021713385730981825, 'MRR@5': 0.01799355410039425, 'Recall*@10': 0.053934281468391417, 'NDCG*@10': 0.02941941946744919, 'MRR*@10': 0.02196985937654972, 'Recall*@5': 0.035864127203822135, 'NDCG*@5': 0.023610840514302255, 'MRR*@5': 0.01959270767867565}
INFO    [05-05 20:14:25] train in BasicTrainer:
duration: 57.805628299713135s
INFO    [05-05 20:14:25] train in BasicTrainer:
epoch: 8
INFO    [05-05 20:14:43] _train_one_epoch in BasicTrainer:
loss = 6.346877699499732
INFO    [05-05 20:15:23] log in loggers:
Update Best NDCG@10 Model at 8
INFO    [05-05 20:15:23] validate in BasicTrainer:
{'Recall@10': 0.05093012869358063, 'NDCG@10': 0.027640343382954596, 'MRR@10': 0.02057004228234291, 'Recall@5': 0.033612831085920336, 'NDCG@5': 0.02208444081246853, 'MRR@5': 0.01830295078456402, 'Recall*@10': 0.05515587717294693, 'NDCG*@10': 0.030060638561844825, 'MRR*@10': 0.022440469339489937, 'Recall*@5': 0.036597348153591155, 'NDCG*@5': 0.024106686487793922, 'MRR*@5': 0.020011054575443266}
INFO    [05-05 20:15:23] train in BasicTrainer:
duration: 58.36421275138855s
INFO    [05-05 20:15:23] train in BasicTrainer:
epoch: 9
DEBUG   [05-05 20:15:24] calculate_loss in loss:
soft_target max: 0.5078794360160828, argmax 57202615
DEBUG   [05-05 20:15:24] calculate_loss in loss:
pred max in softmax: 0.09747646749019623, argmax 121248
DEBUG   [05-05 20:15:24] calculate_loss in loss:
soft_target max: 0.5054556727409363, argmax 116613544
DEBUG   [05-05 20:15:24] calculate_loss in loss:
pred max in softmax: 0.12740765511989594, argmax 99401043
INFO    [05-05 20:15:41] _train_one_epoch in BasicTrainer:
loss = 6.316826382198849
INFO    [05-05 20:16:20] log in loggers:
Update Best NDCG@10 Model at 9
INFO    [05-05 20:16:21] validate in BasicTrainer:
{'Recall@10': 0.050647461265325544, 'NDCG@10': 0.028112039864063264, 'MRR@10': 0.021251455694437028, 'Recall@5': 0.034452139139175414, 'NDCG@5': 0.022900284454226493, 'MRR@5': 0.01911546237766743, 'Recall*@10': 0.05477070778608322, 'NDCG*@10': 0.03043063186109066, 'MRR*@10': 0.023022007718682288, 'Recall*@5': 0.03729238465428352, 'NDCG*@5': 0.024806600213050842, 'MRR*@5': 0.020717398524284364}
INFO    [05-05 20:16:21] train in BasicTrainer:
duration: 57.43028903007507s
INFO    [05-05 20:16:21] train in BasicTrainer:
epoch: 10
INFO    [05-05 20:16:39] _train_one_epoch in BasicTrainer:
loss = 6.287348648449322
INFO    [05-05 20:17:19] log in loggers:
Update Best NDCG@10 Model at 10
INFO    [05-05 20:17:19] validate in BasicTrainer:
{'Recall@10': 0.05180784031748772, 'NDCG@10': 0.02834441766142845, 'MRR@10': 0.021206719130277635, 'Recall@5': 0.034886647909879685, 'NDCG@5': 0.02291718661785126, 'MRR@5': 0.018992544785141945, 'Recall*@10': 0.05620207920670509, 'NDCG*@10': 0.03088491313159466, 'MRR*@10': 0.023186785653233528, 'Recall*@5': 0.03780391752719879, 'NDCG*@5': 0.024980010613799095, 'MRR*@5': 0.020775432512164117}
INFO    [05-05 20:17:19] train in BasicTrainer:
duration: 58.24766826629639s
INFO    [05-05 20:17:19] train in BasicTrainer:
epoch: 11
INFO    [05-05 20:17:36] _train_one_epoch in BasicTrainer:
loss = 6.257253268817523
INFO    [05-05 20:18:16] log in loggers:
Update Best NDCG@10 Model at 11
INFO    [05-05 20:18:16] validate in BasicTrainer:
{'Recall@10': 0.0526737667620182, 'NDCG@10': 0.02912889577448368, 'MRR@10': 0.021975131928920744, 'Recall@5': 0.035490509569644925, 'NDCG@5': 0.02360948197543621, 'MRR@5': 0.019718921706080438, 'Recall*@10': 0.05722943812608719, 'NDCG*@10': 0.031667755246162416, 'MRR*@10': 0.023902242779731752, 'Recall*@5': 0.03850452333688736, 'NDCG*@5': 0.02564808040857315, 'MRR*@5': 0.021438526809215545}
INFO    [05-05 20:18:16] train in BasicTrainer:
duration: 57.17491602897644s
INFO    [05-05 20:18:16] train in BasicTrainer:
epoch: 12
INFO    [05-05 20:18:34] _train_one_epoch in BasicTrainer:
loss = 6.225868259464298
INFO    [05-05 20:19:15] log in loggers:
Update Best NDCG@10 Model at 12
INFO    [05-05 20:19:15] validate in BasicTrainer:
{'Recall@10': 0.05338599845767021, 'NDCG@10': 0.029536832123994827, 'MRR@10': 0.0222920248657465, 'Recall@5': 0.036107351034879685, 'NDCG@5': 0.024002249240875243, 'MRR@5': 0.020039060190320014, 'Recall*@10': 0.05784444496035576, 'NDCG*@10': 0.03211718507111073, 'MRR*@10': 0.024301555901765824, 'Recall*@5': 0.03921798124909401, 'NDCG*@5': 0.026148777902126313, 'MRR*@5': 0.02187055066227913}
INFO    [05-05 20:19:15] train in BasicTrainer:
duration: 58.66003394126892s
INFO    [05-05 20:19:15] train in BasicTrainer:
epoch: 13
INFO    [05-05 20:19:33] _train_one_epoch in BasicTrainer:
loss = 6.194132027325329
INFO    [05-05 20:20:14] log in loggers:
Update Best NDCG@10 Model at 13
INFO    [05-05 20:20:14] validate in BasicTrainer:
{'Recall@10': 0.053963777422904965, 'NDCG@10': 0.029712285473942758, 'MRR@10': 0.02235567435622215, 'Recall@5': 0.035755252838134764, 'NDCG@5': 0.023866864144802092, 'MRR@5': 0.019968283995985985, 'Recall*@10': 0.05862721174955368, 'NDCG*@10': 0.03237786293029785, 'MRR*@10': 0.024416720792651177, 'Recall*@5': 0.03890485554933548, 'NDCG*@5': 0.02604838043451309, 'MRR*@5': 0.02183286815881729}
INFO    [05-05 20:20:14] train in BasicTrainer:
duration: 59.056983947753906s
INFO    [05-05 20:20:14] train in BasicTrainer:
epoch: 14
INFO    [05-05 20:20:31] _train_one_epoch in BasicTrainer:
loss = 6.162806893254186
INFO    [05-05 20:21:10] log in loggers:
Update Best NDCG@10 Model at 14
INFO    [05-05 20:21:10] validate in BasicTrainer:
{'Recall@10': 0.055040138959884646, 'NDCG@10': 0.030591513440012933, 'MRR@10': 0.02316768892109394, 'Recall@5': 0.036749616265296936, 'NDCG@5': 0.02471383921802044, 'MRR@5': 0.020763530656695367, 'Recall*@10': 0.05977826818823814, 'NDCG*@10': 0.03324304550886154, 'MRR*@10': 0.02518629774451256, 'Recall*@5': 0.03991307511925697, 'NDCG*@5': 0.02686089977622032, 'MRR*@5': 0.022576717361807823}
INFO    [05-05 20:21:10] train in BasicTrainer:
duration: 56.3849720954895s
INFO    [05-05 20:21:10] train in BasicTrainer:
epoch: 15
INFO    [05-05 20:21:29] _train_one_epoch in BasicTrainer:
loss = 6.131912227149482
INFO    [05-05 20:22:09] log in loggers:
Update Best NDCG@10 Model at 15
INFO    [05-05 20:22:09] validate in BasicTrainer:
{'Recall@10': 0.05542969256639481, 'NDCG@10': 0.030696867406368254, 'MRR@10': 0.023177288472652435, 'Recall@5': 0.037326323837041854, 'NDCG@5': 0.024869919270277024, 'MRR@5': 0.02078783415257931, 'Recall*@10': 0.060008761584758756, 'NDCG*@10': 0.03335133224725723, 'MRR*@10': 0.02524079754948616, 'Recall*@5': 0.04067252814769745, 'NDCG*@5': 0.027127323895692824, 'MRR*@5': 0.02268832892179489}
INFO    [05-05 20:22:09] train in BasicTrainer:
duration: 59.06590676307678s
INFO    [05-05 20:22:09] train in BasicTrainer:
epoch: 16
INFO    [05-05 20:22:27] _train_one_epoch in BasicTrainer:
loss = 6.103486830049807
INFO    [05-05 20:23:06] log in loggers:
Update Best NDCG@10 Model at 16
INFO    [05-05 20:23:06] validate in BasicTrainer:
{'Recall@10': 0.05647032886743546, 'NDCG@10': 0.03141032502055168, 'MRR@10': 0.02380653440952301, 'Recall@5': 0.037893265783786774, 'NDCG@5': 0.02545041121542454, 'MRR@5': 0.02137394927442074, 'Recall*@10': 0.061088128089904783, 'NDCG*@10': 0.0340803737193346, 'MRR*@10': 0.02587417535483837, 'Recall*@5': 0.0413129785656929, 'NDCG*@5': 0.0277340367436409, 'MRR*@5': 0.02328271970152855}
INFO    [05-05 20:23:06] train in BasicTrainer:
duration: 57.06414031982422s
INFO    [05-05 20:23:06] train in BasicTrainer:
epoch: 17
INFO    [05-05 20:23:24] _train_one_epoch in BasicTrainer:
loss = 6.075938632896355
INFO    [05-05 20:24:05] validate in BasicTrainer:
{'Recall@10': 0.0562917460501194, 'NDCG@10': 0.031228628382086752, 'MRR@10': 0.023613583222031595, 'Recall@5': 0.037792395353317264, 'NDCG@5': 0.025286731868982316, 'MRR@5': 0.02118531234562397, 'Recall*@10': 0.060987437218427656, 'NDCG*@10': 0.033957608491182324, 'MRR*@10': 0.0257405374199152, 'Recall*@5': 0.041129278391599654, 'NDCG*@5': 0.027580241933465005, 'MRR*@5': 0.02313491404056549}
INFO    [05-05 20:24:05] train in BasicTrainer:
duration: 58.3495569229126s
INFO    [05-05 20:24:05] train in BasicTrainer:
epoch: 18
DEBUG   [05-05 20:24:06] calculate_loss in loss:
soft_target max: 0.5038278102874756, argmax 42765585
DEBUG   [05-05 20:24:06] calculate_loss in loss:
pred max in softmax: 0.35800331830978394, argmax 38751869
DEBUG   [05-05 20:24:06] calculate_loss in loss:
soft_target max: 0.5023058652877808, argmax 11900843
DEBUG   [05-05 20:24:06] calculate_loss in loss:
pred max in softmax: 0.22831027209758759, argmax 13787628
INFO    [05-05 20:24:22] _train_one_epoch in BasicTrainer:
loss = 6.048565903225461
INFO    [05-05 20:25:02] validate in BasicTrainer:
{'Recall@10': 0.05624023944139481, 'NDCG@10': 0.03133901566267014, 'MRR@10': 0.02375991240143776, 'Recall@5': 0.038440140783786776, 'NDCG@5': 0.025621973127126694, 'MRR@5': 0.021422940120100976, 'Recall*@10': 0.06098112314939499, 'NDCG*@10': 0.03412841841578484, 'MRR*@10': 0.025959662422537805, 'Recall*@5': 0.04166796192526817, 'NDCG*@5': 0.02792291350662708, 'MRR*@5': 0.02342151015996933}
INFO    [05-05 20:25:02] train in BasicTrainer:
duration: 57.030919790267944s
INFO    [05-05 20:25:02] train in BasicTrainer:
epoch: 19
INFO    [05-05 20:25:20] _train_one_epoch in BasicTrainer:
loss = 6.0219452574446395
INFO    [05-05 20:26:00] log in loggers:
Update Best NDCG@10 Model at 19
INFO    [05-05 20:26:00] validate in BasicTrainer:
{'Recall@10': 0.05668879926204681, 'NDCG@10': 0.0316517435759306, 'MRR@10': 0.024046707078814508, 'Recall@5': 0.03817807599902153, 'NDCG@5': 0.025700497776269912, 'MRR@5': 0.021610789969563483, 'Recall*@10': 0.06122459650039673, 'NDCG*@10': 0.034343700110912326, 'MRR*@10': 0.026175811141729354, 'Recall*@5': 0.04147154375910759, 'NDCG*@5': 0.027990560829639435, 'MRR*@5': 0.023573978841304778}
INFO    [05-05 20:26:00] train in BasicTrainer:
duration: 58.38641047477722s
INFO    [05-05 20:26:00] train in BasicTrainer:
epoch: 20
INFO    [05-05 20:26:17] _train_one_epoch in BasicTrainer:
loss = 5.996885772223945
INFO    [05-05 20:26:56] log in loggers:
Update Best NDCG@10 Model at 20
INFO    [05-05 20:26:57] validate in BasicTrainer:
{'Recall@10': 0.05686297357082367, 'NDCG@10': 0.031715896651148795, 'MRR@10': 0.024089114740490913, 'Recall@5': 0.03795025244355202, 'NDCG@5': 0.025636492818593978, 'MRR@5': 0.02160145528614521, 'Recall*@10': 0.0613538758456707, 'NDCG*@10': 0.034439660459756855, 'MRR*@10': 0.02627269484102726, 'Recall*@5': 0.04128284767270088, 'NDCG*@5': 0.02799035541713238, 'MRR*@5': 0.02363511860370636}
INFO    [05-05 20:26:57] train in BasicTrainer:
duration: 56.53357291221619s
INFO    [05-05 20:26:57] train in BasicTrainer:
epoch: 21
INFO    [05-05 20:27:14] _train_one_epoch in BasicTrainer:
loss = 5.97179736317815
INFO    [05-05 20:27:55] log in loggers:
Update Best NDCG@10 Model at 21
INFO    [05-05 20:27:55] validate in BasicTrainer:
{'Recall@10': 0.05689173460006714, 'NDCG@10': 0.031889047995209696, 'MRR@10': 0.0242834897339344, 'Recall@5': 0.03862247347831726, 'NDCG@5': 0.026006817668676376, 'MRR@5': 0.021870893612504005, 'Recall*@10': 0.06143883407115936, 'NDCG*@10': 0.03458896234631539, 'MRR*@10': 0.0264179814606905, 'Recall*@5': 0.041947921961545946, 'NDCG*@5': 0.028312413170933724, 'MRR*@5': 0.023843043968081474}
INFO    [05-05 20:27:55] train in BasicTrainer:
duration: 58.08596444129944s
INFO    [05-05 20:27:55] train in BasicTrainer:
epoch: 22
INFO    [05-05 20:28:12] _train_one_epoch in BasicTrainer:
loss = 5.947989837543385
INFO    [05-05 20:28:52] log in loggers:
Update Best NDCG@10 Model at 22
INFO    [05-05 20:28:52] validate in BasicTrainer:
{'Recall@10': 0.057445696890354156, 'NDCG@10': 0.032147814631462095, 'MRR@10': 0.02446264013648033, 'Recall@5': 0.03855679258704185, 'NDCG@5': 0.026065376847982408, 'MRR@5': 0.02196728900074959, 'Recall*@10': 0.06219377547502518, 'NDCG*@10': 0.03483453273773193, 'MRR*@10': 0.026518797874450682, 'Recall*@5': 0.04193989932537079, 'NDCG*@5': 0.028312945887446404, 'MRR*@5': 0.023843633458018303}
INFO    [05-05 20:28:52] train in BasicTrainer:
duration: 57.168891191482544s
INFO    [05-05 20:28:52] train in BasicTrainer:
epoch: 23
INFO    [05-05 20:29:10] _train_one_epoch in BasicTrainer:
loss = 5.923804390537846
INFO    [05-05 20:29:50] log in loggers:
Update Best NDCG@10 Model at 23
INFO    [05-05 20:29:51] validate in BasicTrainer:
{'Recall@10': 0.05800608724355698, 'NDCG@10': 0.032354527860879896, 'MRR@10': 0.024559502452611924, 'Recall@5': 0.03871357828378677, 'NDCG@5': 0.02614468924701214, 'MRR@5': 0.022013421803712845, 'Recall*@10': 0.0625190044939518, 'NDCG*@10': 0.03503167793154716, 'MRR*@10': 0.026672201231122017, 'Recall*@5': 0.042059877514839174, 'NDCG*@5': 0.028447596430778502, 'MRR*@5': 0.02397333540022373}
INFO    [05-05 20:29:51] train in BasicTrainer:
duration: 58.6614716053009s
INFO    [05-05 20:29:51] train in BasicTrainer:
epoch: 24
INFO    [05-05 20:30:08] _train_one_epoch in BasicTrainer:
loss = 5.901389010317691
INFO    [05-05 20:30:48] log in loggers:
Update Best NDCG@10 Model at 24
INFO    [05-05 20:30:48] validate in BasicTrainer:
{'Recall@10': 0.05899402260780334, 'NDCG@10': 0.033017847836017605, 'MRR@10': 0.025132535398006438, 'Recall@5': 0.03955062031745911, 'NDCG@5': 0.026777022033929825, 'MRR@5': 0.022584118023514746, 'Recall*@10': 0.0635031907260418, 'NDCG*@10': 0.035624153167009356, 'MRR*@10': 0.02716435432434082, 'Recall*@5': 0.04250633254647255, 'NDCG*@5': 0.028882848098874092, 'MRR*@5': 0.024410401955246925}
INFO    [05-05 20:30:48] train in BasicTrainer:
duration: 57.869927167892456s
INFO    [05-05 20:30:48] train in BasicTrainer:
epoch: 25
INFO    [05-05 20:31:06] _train_one_epoch in BasicTrainer:
loss = 5.878214655695735
INFO    [05-05 20:31:45] validate in BasicTrainer:
{'Recall@10': 0.05835270524024963, 'NDCG@10': 0.032968029156327246, 'MRR@10': 0.025255108028650285, 'Recall@5': 0.03959837704896927, 'NDCG@5': 0.026955181956291197, 'MRR@5': 0.022803906798362732, 'Recall*@10': 0.06264119923114776, 'NDCG*@10': 0.035529261901974675, 'MRR*@10': 0.027284834906458853, 'Recall*@5': 0.04275600716471672, 'NDCG*@5': 0.029145862087607385, 'MRR*@5': 0.024677938893437387}
INFO    [05-05 20:31:45] train in BasicTrainer:
duration: 56.97338056564331s
INFO    [05-05 20:31:45] train in BasicTrainer:
epoch: 26
INFO    [05-05 20:32:03] _train_one_epoch in BasicTrainer:
loss = 5.856873843046996
INFO    [05-05 20:32:44] log in loggers:
Update Best NDCG@10 Model at 26
INFO    [05-05 20:32:44] validate in BasicTrainer:
{'Recall@10': 0.05897061824798584, 'NDCG@10': 0.03319878466427326, 'MRR@10': 0.025377040505409242, 'Recall@5': 0.03937001794576645, 'NDCG@5': 0.02690672770142555, 'MRR@5': 0.022807170152664185, 'Recall*@10': 0.06343951493501664, 'NDCG*@10': 0.03581730894744396, 'MRR*@10': 0.027434207126498224, 'Recall*@5': 0.04243205532431602, 'NDCG*@5': 0.029071242809295655, 'MRR*@5': 0.024677399098873138}
INFO    [05-05 20:32:44] train in BasicTrainer:
duration: 58.43371248245239s
INFO    [05-05 20:32:44] train in BasicTrainer:
epoch: 27
DEBUG   [05-05 20:32:45] calculate_loss in loss:
soft_target max: 0.5024835467338562, argmax 114628425
DEBUG   [05-05 20:32:45] calculate_loss in loss:
pred max in softmax: 0.32219573855400085, argmax 43808680
DEBUG   [05-05 20:32:45] calculate_loss in loss:
soft_target max: 0.5038370490074158, argmax 10881241
DEBUG   [05-05 20:32:45] calculate_loss in loss:
pred max in softmax: 0.766773521900177, argmax 71881108
INFO    [05-05 20:33:01] _train_one_epoch in BasicTrainer:
loss = 5.835667073189676
INFO    [05-05 20:33:40] log in loggers:
Update Best NDCG@10 Model at 27
INFO    [05-05 20:33:40] validate in BasicTrainer:
{'Recall@10': 0.059207259118556975, 'NDCG@10': 0.03362574800848961, 'MRR@10': 0.02585920140147209, 'Recall@5': 0.03998418092727661, 'NDCG@5': 0.02743725322186947, 'MRR@5': 0.02332095503807068, 'Recall*@10': 0.06363483503460884, 'NDCG*@10': 0.0361913537979126, 'MRR*@10': 0.027859115451574327, 'Recall*@5': 0.042936123609542846, 'NDCG*@5': 0.029526322484016418, 'MRR*@5': 0.02512462601065636}
INFO    [05-05 20:33:40] train in BasicTrainer:
duration: 56.394853591918945s
INFO    [05-05 20:33:40] train in BasicTrainer:
epoch: 28
INFO    [05-05 20:33:59] _train_one_epoch in BasicTrainer:
loss = 5.816523637857523
INFO    [05-05 20:34:39] validate in BasicTrainer:
{'Recall@10': 0.05917087495326996, 'NDCG@10': 0.0334957130998373, 'MRR@10': 0.025681490302085875, 'Recall@5': 0.0403443144261837, 'NDCG@5': 0.02742536999285221, 'MRR@5': 0.023186749443411828, 'Recall*@10': 0.06359320133924484, 'NDCG*@10': 0.03606577403843403, 'MRR*@10': 0.027683654874563215, 'Recall*@5': 0.04343027234077454, 'NDCG*@5': 0.029561235457658767, 'MRR*@5': 0.025008689016103744}
INFO    [05-05 20:34:39] train in BasicTrainer:
duration: 58.49917483329773s
INFO    [05-05 20:34:39] train in BasicTrainer:
epoch: 29
INFO    [05-05 20:34:56] _train_one_epoch in BasicTrainer:
loss = 5.797758287137693
INFO    [05-05 20:35:35] log in loggers:
Update Best NDCG@10 Model at 29
INFO    [05-05 20:35:35] validate in BasicTrainer:
{'Recall@10': 0.05992056220769882, 'NDCG@10': 0.033840155079960826, 'MRR@10': 0.025912380442023278, 'Recall@5': 0.04088529676198959, 'NDCG@5': 0.027735128328204156, 'MRR@5': 0.02342174418270588, 'Recall*@10': 0.06403295204043388, 'NDCG*@10': 0.03631321668624878, 'MRR*@10': 0.027881376370787622, 'Recall*@5': 0.043865712583065035, 'NDCG*@5': 0.029835130721330642, 'MRR*@5': 0.025232731848955154}
INFO    [05-05 20:35:35] train in BasicTrainer:
duration: 56.56154823303223s
INFO    [05-05 20:35:35] train in BasicTrainer:
epoch: 30
INFO    [05-05 20:35:53] _train_one_epoch in BasicTrainer:
loss = 5.778524089503932
INFO    [05-05 20:36:34] log in loggers:
Update Best NDCG@10 Model at 30
INFO    [05-05 20:36:34] validate in BasicTrainer:
{'Recall@10': 0.06013058483600617, 'NDCG@10': 0.03419741228222847, 'MRR@10': 0.026304543614387513, 'Recall@5': 0.04121184796094894, 'NDCG@5': 0.02811755932867527, 'MRR@5': 0.023817730247974397, 'Recall*@10': 0.06443782091140747, 'NDCG*@10': 0.03673089787364006, 'MRR*@10': 0.028297165781259535, 'Recall*@5': 0.04430593237280846, 'NDCG*@5': 0.030264644771814345, 'MRR*@5': 0.025654281973838806}
INFO    [05-05 20:36:34] train in BasicTrainer:
duration: 58.643773555755615s
INFO    [05-05 20:36:34] train in BasicTrainer:
epoch: 31
INFO    [05-05 20:36:51] _train_one_epoch in BasicTrainer:
loss = 5.762255625681834
INFO    [05-05 20:37:31] log in loggers:
Update Best NDCG@10 Model at 31
INFO    [05-05 20:37:31] validate in BasicTrainer:
{'Recall@10': 0.061101667284965515, 'NDCG@10': 0.03472929373383522, 'MRR@10': 0.026715198382735252, 'Recall@5': 0.04182976081967354, 'NDCG@5': 0.028540143594145775, 'MRR@5': 0.024185945987701418, 'Recall*@10': 0.06534455254673958, 'NDCG*@10': 0.037254869043827056, 'MRR*@10': 0.028718428388237953, 'Recall*@5': 0.04492325112223625, 'NDCG*@5': 0.030703399106860162, 'MRR*@5': 0.02604501388967037}
INFO    [05-05 20:37:31] train in BasicTrainer:
duration: 57.02368426322937s
INFO    [05-05 20:37:31] train in BasicTrainer:
epoch: 32
INFO    [05-05 20:37:49] _train_one_epoch in BasicTrainer:
loss = 5.74420639416119
INFO    [05-05 20:38:30] validate in BasicTrainer:
{'Recall@10': 0.06050876557826996, 'NDCG@10': 0.03446763254702091, 'MRR@10': 0.026552698761224746, 'Recall@5': 0.04140983894467354, 'NDCG@5': 0.028339572474360464, 'MRR@5': 0.024051659777760505, 'Recall*@10': 0.06468543648719788, 'NDCG*@10': 0.03696529567241669, 'MRR*@10': 0.02854030780494213, 'Recall*@5': 0.04443461239337921, 'NDCG*@5': 0.030477457866072654, 'MRR*@5': 0.0258982165902853}
INFO    [05-05 20:38:30] train in BasicTrainer:
duration: 58.768452644348145s
INFO    [05-05 20:38:30] train in BasicTrainer:
epoch: 33
INFO    [05-05 20:38:47] _train_one_epoch in BasicTrainer:
loss = 5.72773113766232
INFO    [05-05 20:39:27] log in loggers:
Update Best NDCG@10 Model at 33
INFO    [05-05 20:39:28] validate in BasicTrainer:
{'Recall@10': 0.06135343074798584, 'NDCG@10': 0.03508684694766998, 'MRR@10': 0.027099149078130724, 'Recall@5': 0.041972495317459106, 'NDCG@5': 0.02884680077433586, 'MRR@5': 0.024539730548858642, 'Recall*@10': 0.06554534867405891, 'NDCG*@10': 0.03753331109881401, 'MRR*@10': 0.02901181973516941, 'Recall*@5': 0.04507062628865242, 'NDCG*@5': 0.030940923467278482, 'MRR*@5': 0.02630771428346634}
INFO    [05-05 20:39:28] train in BasicTrainer:
duration: 57.763057708740234s
INFO    [05-05 20:39:28] train in BasicTrainer:
epoch: 34
INFO    [05-05 20:39:45] _train_one_epoch in BasicTrainer:
loss = 5.711956410794644
INFO    [05-05 20:40:24] validate in BasicTrainer:
{'Recall@10': 0.061256845891475675, 'NDCG@10': 0.035079780220985415, 'MRR@10': 0.027126242890954017, 'Recall@5': 0.04182333245873451, 'NDCG@5': 0.028839921057224275, 'MRR@5': 0.02457732826471329, 'Recall*@10': 0.06517480760812759, 'NDCG*@10': 0.03737811744213104, 'MRR*@10': 0.028931673616170883, 'Recall*@5': 0.04459890767931938, 'NDCG*@5': 0.030774822533130644, 'MRR*@5': 0.026236256882548332}
INFO    [05-05 20:40:24] train in BasicTrainer:
duration: 56.30957293510437s
INFO    [05-05 20:40:24] train in BasicTrainer:
epoch: 35
INFO    [05-05 20:40:42] _train_one_epoch in BasicTrainer:
loss = 5.697477847606212
INFO    [05-05 20:41:23] log in loggers:
Update Best NDCG@10 Model at 35
INFO    [05-05 20:41:23] validate in BasicTrainer:
{'Recall@10': 0.06218231409788132, 'NDCG@10': 0.03541431203484535, 'MRR@10': 0.027277814894914626, 'Recall@5': 0.0424243925511837, 'NDCG@5': 0.029054969549179077, 'MRR@5': 0.024670609384775163, 'Recall*@10': 0.06640773192048073, 'NDCG*@10': 0.03780507162213326, 'MRR*@10': 0.02911360189318657, 'Recall*@5': 0.04526276633143425, 'NDCG*@5': 0.031000490486621856, 'MRR*@5': 0.026324594542384148}
INFO    [05-05 20:41:23] train in BasicTrainer:
duration: 59.505975008010864s
INFO    [05-05 20:41:23] train in BasicTrainer:
epoch: 36
DEBUG   [05-05 20:41:24] calculate_loss in loss:
soft_target max: 0.504337728023529, argmax 28929014
DEBUG   [05-05 20:41:24] calculate_loss in loss:
pred max in softmax: 0.9350513815879822, argmax 115318187
DEBUG   [05-05 20:41:25] calculate_loss in loss:
soft_target max: 0.5133761763572693, argmax 86579945
DEBUG   [05-05 20:41:25] calculate_loss in loss:
pred max in softmax: 0.9601448774337769, argmax 8344662
INFO    [05-05 20:41:40] _train_one_epoch in BasicTrainer:
loss = 5.682400733500987
INFO    [05-05 20:42:20] log in loggers:
Update Best NDCG@10 Model at 36
INFO    [05-05 20:42:20] validate in BasicTrainer:
{'Recall@10': 0.06177763819694519, 'NDCG@10': 0.035553710013628004, 'MRR@10': 0.027577928453683852, 'Recall@5': 0.04261368915438652, 'NDCG@5': 0.029396944418549537, 'MRR@5': 0.025060215145349504, 'Recall*@10': 0.06584955424070359, 'NDCG*@10': 0.037881282418966294, 'MRR*@10': 0.02937575340270996, 'Recall*@5': 0.045461335629224775, 'NDCG*@5': 0.03133215166628361, 'MRR*@5': 0.026698028221726417}
INFO    [05-05 20:42:20] train in BasicTrainer:
duration: 56.51864290237427s
INFO    [05-05 20:42:20] train in BasicTrainer:
epoch: 37
INFO    [05-05 20:42:38] _train_one_epoch in BasicTrainer:
loss = 5.668041173402254
INFO    [05-05 20:43:18] log in loggers:
Update Best NDCG@10 Model at 37
INFO    [05-05 20:43:18] validate in BasicTrainer:
{'Recall@10': 0.06229200214147568, 'NDCG@10': 0.035734805762767795, 'MRR@10': 0.027659305334091187, 'Recall@5': 0.04267014026641846, 'NDCG@5': 0.029415520504117013, 'MRR@5': 0.02506633698940277, 'Recall*@10': 0.06617474555969238, 'NDCG*@10': 0.037987699210643766, 'MRR*@10': 0.029410122707486153, 'Recall*@5': 0.04542239993810654, 'NDCG*@5': 0.03129691384732723, 'MRR*@5': 0.026660374477505685}
INFO    [05-05 20:43:18] train in BasicTrainer:
duration: 58.5154287815094s
INFO    [05-05 20:43:18] train in BasicTrainer:
epoch: 38
INFO    [05-05 20:43:35] _train_one_epoch in BasicTrainer:
loss = 5.653680590895919
INFO    [05-05 20:44:15] log in loggers:
Update Best NDCG@10 Model at 38
INFO    [05-05 20:44:15] validate in BasicTrainer:
{'Recall@10': 0.062315283119678495, 'NDCG@10': 0.03606812343001366, 'MRR@10': 0.028089054077863693, 'Recall@5': 0.043060229569673536, 'NDCG@5': 0.02989274874329567, 'MRR@5': 0.02556987389922142, 'Recall*@10': 0.06661007091403008, 'NDCG*@10': 0.03851221412420273, 'MRR*@10': 0.029973031878471376, 'Recall*@5': 0.04595502182841301, 'NDCG*@5': 0.03189228378236294, 'MRR*@5': 0.027274988889694214}
INFO    [05-05 20:44:15] train in BasicTrainer:
duration: 56.84791588783264s
INFO    [05-05 20:44:15] train in BasicTrainer:
epoch: 39
INFO    [05-05 20:44:33] _train_one_epoch in BasicTrainer:
loss = 5.640771225766018
INFO    [05-05 20:45:14] log in loggers:
Update Best NDCG@10 Model at 39
INFO    [05-05 20:45:14] validate in BasicTrainer:
{'Recall@10': 0.06298470258712768, 'NDCG@10': 0.03656792178750038, 'MRR@10': 0.028541921004652977, 'Recall@5': 0.0435767363011837, 'NDCG@5': 0.03032576061785221, 'MRR@5': 0.02598563127219677, 'Recall*@10': 0.06703414991497994, 'NDCG*@10': 0.03895333155989647, 'MRR*@10': 0.030423594191670417, 'Recall*@5': 0.04638982132077217, 'NDCG*@5': 0.03231505498290062, 'MRR*@5': 0.02770585775375366}
INFO    [05-05 20:45:14] train in BasicTrainer:
duration: 58.71776103973389s
INFO    [05-05 20:45:14] train in BasicTrainer:
epoch: 40
INFO    [05-05 20:45:31] _train_one_epoch in BasicTrainer:
loss = 5.627948748098837
INFO    [05-05 20:46:11] validate in BasicTrainer:
{'Recall@10': 0.06272490382194519, 'NDCG@10': 0.036410178244113925, 'MRR@10': 0.028406486138701437, 'Recall@5': 0.04316711574792862, 'NDCG@5': 0.030108772814273835, 'MRR@5': 0.025819242894649506, 'Recall*@10': 0.06687250852584839, 'NDCG*@10': 0.03878696918487549, 'MRR*@10': 0.030250733122229576, 'Recall*@5': 0.04584992080926895, 'NDCG*@5': 0.03201749950647354, 'MRR*@5': 0.0274735077470541}
INFO    [05-05 20:46:11] train in BasicTrainer:
duration: 57.350751638412476s
INFO    [05-05 20:46:11] train in BasicTrainer:
epoch: 41
INFO    [05-05 20:46:29] _train_one_epoch in BasicTrainer:
loss = 5.615200480899295
INFO    [05-05 20:47:09] log in loggers:
Update Best NDCG@10 Model at 41
INFO    [05-05 20:47:09] validate in BasicTrainer:
{'Recall@10': 0.06366668909788131, 'NDCG@10': 0.03690797477960586, 'MRR@10': 0.02876203991472721, 'Recall@5': 0.04425538554787636, 'NDCG@5': 0.030668788626790046, 'MRR@5': 0.02620907172560692, 'Recall*@10': 0.06745397359132767, 'NDCG*@10': 0.03914278954267502, 'MRR*@10': 0.030519914254546164, 'Recall*@5': 0.04692636907100677, 'NDCG*@5': 0.03254295267164707, 'MRR*@5': 0.027818362191319466}
INFO    [05-05 20:47:09] train in BasicTrainer:
duration: 57.69840431213379s
INFO    [05-05 20:47:09] train in BasicTrainer:
epoch: 42
INFO    [05-05 20:47:27] _train_one_epoch in BasicTrainer:
loss = 5.600313465874474
INFO    [05-05 20:48:07] log in loggers:
Update Best NDCG@10 Model at 42
INFO    [05-05 20:48:08] validate in BasicTrainer:
{'Recall@10': 0.06362494826316833, 'NDCG@10': 0.037152774930000305, 'MRR@10': 0.0290923086553812, 'Recall@5': 0.044286289513111116, 'NDCG@5': 0.030934168174862862, 'MRR@5': 0.02654611386358738, 'Recall*@10': 0.06771668642759324, 'NDCG*@10': 0.039522268325090405, 'MRR*@10': 0.030940917059779166, 'Recall*@5': 0.047017451375722885, 'NDCG*@5': 0.03286738567054272, 'MRR*@5': 0.02821673810482025}
INFO    [05-05 20:48:08] train in BasicTrainer:
duration: 58.69987916946411s
INFO    [05-05 20:48:08] train in BasicTrainer:
epoch: 43
INFO    [05-05 20:48:25] _train_one_epoch in BasicTrainer:
loss = 5.592941958625038
INFO    [05-05 20:49:04] log in loggers:
Update Best NDCG@10 Model at 43
INFO    [05-05 20:49:04] validate in BasicTrainer:
{'Recall@10': 0.06403617590665817, 'NDCG@10': 0.03739017993211746, 'MRR@10': 0.029283105358481408, 'Recall@5': 0.04442890092730522, 'NDCG@5': 0.031084851548075675, 'MRR@5': 0.026700955480337143, 'Recall*@10': 0.06799408778548241, 'NDCG*@10': 0.03968626961112023, 'MRR*@10': 0.031077487617731093, 'Recall*@5': 0.0470484060049057, 'NDCG*@5': 0.0329497979581356, 'MRR*@5': 0.028318309858441353}
INFO    [05-05 20:49:04] train in BasicTrainer:
duration: 56.6944055557251s
INFO    [05-05 20:49:04] train in BasicTrainer:
epoch: 44
INFO    [05-05 20:49:22] _train_one_epoch in BasicTrainer:
loss = 5.579100372555019
INFO    [05-05 20:50:03] log in loggers:
Update Best NDCG@10 Model at 44
INFO    [05-05 20:50:03] validate in BasicTrainer:
{'Recall@10': 0.0641702163219452, 'NDCG@10': 0.03770992577075958, 'MRR@10': 0.029658087715506553, 'Recall@5': 0.044795173406600955, 'NDCG@5': 0.03147571019828319, 'MRR@5': 0.02710303120315075, 'Recall*@10': 0.06815188705921173, 'NDCG*@10': 0.039986387640237805, 'MRR*@10': 0.031418923661112784, 'Recall*@5': 0.04740405708551407, 'NDCG*@5': 0.033316175788640975, 'MRR*@5': 0.028688594549894333}
INFO    [05-05 20:50:03] train in BasicTrainer:
duration: 58.52126908302307s
INFO    [05-05 20:50:03] train in BasicTrainer:
epoch: 45
DEBUG   [05-05 20:50:04] calculate_loss in loss:
soft_target max: 0.5104288458824158, argmax 92420904
DEBUG   [05-05 20:50:04] calculate_loss in loss:
pred max in softmax: 0.9617133140563965, argmax 46310801
DEBUG   [05-05 20:50:04] calculate_loss in loss:
soft_target max: 0.5049383640289307, argmax 68058287
DEBUG   [05-05 20:50:04] calculate_loss in loss:
pred max in softmax: 0.9489622712135315, argmax 53405243
INFO    [05-05 20:50:21] _train_one_epoch in BasicTrainer:
loss = 5.567487059412776
INFO    [05-05 20:51:02] validate in BasicTrainer:
{'Recall@10': 0.06436231464147568, 'NDCG@10': 0.037599321901798245, 'MRR@10': 0.02945351779460907, 'Recall@5': 0.04488359972834587, 'NDCG@5': 0.03134009525179863, 'MRR@5': 0.026893458366394042, 'Recall*@10': 0.06816142126917839, 'NDCG*@10': 0.03977883040904999, 'MRR*@10': 0.03114216834306717, 'Recall*@5': 0.047416070252656935, 'NDCG*@5': 0.033110526353120805, 'MRR*@5': 0.028413567617535593}
INFO    [05-05 20:51:02] train in BasicTrainer:
duration: 58.700475454330444s
INFO    [05-05 20:51:02] train in BasicTrainer:
epoch: 46
INFO    [05-05 20:51:18] _train_one_epoch in BasicTrainer:
loss = 5.556873330124864
INFO    [05-05 20:51:58] log in loggers:
Update Best NDCG@10 Model at 46
INFO    [05-05 20:51:58] validate in BasicTrainer:
{'Recall@10': 0.06471923381090164, 'NDCG@10': 0.03787553608417511, 'MRR@10': 0.029719417467713356, 'Recall@5': 0.044737115353345874, 'NDCG@5': 0.03146007023751736, 'MRR@5': 0.027098788246512413, 'Recall*@10': 0.0685717897117138, 'NDCG*@10': 0.04010145992040634, 'MRR*@10': 0.03145114302635193, 'Recall*@5': 0.0474384206533432, 'NDCG*@5': 0.03331595025956631, 'MRR*@5': 0.028679137229919435}
INFO    [05-05 20:51:58] train in BasicTrainer:
duration: 56.466673612594604s
INFO    [05-05 20:51:58] train in BasicTrainer:
epoch: 47
INFO    [05-05 20:52:16] _train_one_epoch in BasicTrainer:
loss = 5.5457843359526215
INFO    [05-05 20:52:56] log in loggers:
Update Best NDCG@10 Model at 47
INFO    [05-05 20:52:57] validate in BasicTrainer:
{'Recall@10': 0.0647366225719452, 'NDCG@10': 0.03811099290847778, 'MRR@10': 0.030014568865299227, 'Recall@5': 0.044940050691366196, 'NDCG@5': 0.03174082413315773, 'MRR@5': 0.02740373767912388, 'Recall*@10': 0.06849960133433342, 'NDCG*@10': 0.040338305234909055, 'MRR*@10': 0.031773651167750355, 'Recall*@5': 0.047604096680879594, 'NDCG*@5': 0.0336169058829546, 'MRR*@5': 0.029020161554217338}
INFO    [05-05 20:52:57] train in BasicTrainer:
duration: 58.51272702217102s
INFO    [05-05 20:52:57] train in BasicTrainer:
epoch: 48
INFO    [05-05 20:53:13] _train_one_epoch in BasicTrainer:
loss = 5.536236556800636
INFO    [05-05 20:53:53] log in loggers:
Update Best NDCG@10 Model at 48
INFO    [05-05 20:53:53] validate in BasicTrainer:
{'Recall@10': 0.06523788332939148, 'NDCG@10': 0.03859720140695572, 'MRR@10': 0.03047384351491928, 'Recall@5': 0.04600664660334587, 'NDCG@5': 0.032399429827928546, 'MRR@5': 0.027928066328167914, 'Recall*@10': 0.06918404012918472, 'NDCG*@10': 0.04082817539572716, 'MRR*@10': 0.032181927487254146, 'Recall*@5': 0.04865213587880134, 'NDCG*@5': 0.03421485833823681, 'MRR*@5': 0.02946745216846466}
INFO    [05-05 20:53:53] train in BasicTrainer:
duration: 56.14140868186951s
INFO    [05-05 20:53:53] train in BasicTrainer:
epoch: 49
INFO    [05-05 20:54:11] _train_one_epoch in BasicTrainer:
loss = 5.526134877591519
INFO    [05-05 20:54:51] validate in BasicTrainer:
{'Recall@10': 0.06486303985118866, 'NDCG@10': 0.03819202721118927, 'MRR@10': 0.030070958733558653, 'Recall@5': 0.04525094360113144, 'NDCG@5': 0.03188609465956688, 'MRR@5': 0.02748983517289162, 'Recall*@10': 0.06863724991679192, 'NDCG*@10': 0.04036908924579621, 'MRR*@10': 0.031763232350349425, 'Recall*@5': 0.047810458540916444, 'NDCG*@5': 0.033674840405583384, 'MRR*@5': 0.029024419263005256}
INFO    [05-05 20:54:51] train in BasicTrainer:
duration: 57.98908829689026s
INFO    [05-05 20:54:51] train in BasicTrainer:
epoch: 50
INFO    [05-05 20:55:08] _train_one_epoch in BasicTrainer:
loss = 5.515975071503235
INFO    [05-05 20:55:47] validate in BasicTrainer:
{'Recall@10': 0.06543373167514802, 'NDCG@10': 0.038594394624233246, 'MRR@10': 0.030433350056409837, 'Recall@5': 0.045651869922876356, 'NDCG@5': 0.03225106254220009, 'MRR@5': 0.027846695110201835, 'Recall*@10': 0.06923074945807457, 'NDCG*@10': 0.04081683680415153, 'MRR*@10': 0.032176863923668864, 'Recall*@5': 0.048204315602779386, 'NDCG*@5': 0.03407610572874546, 'MRR*@5': 0.029429194778203965}
INFO    [05-05 20:55:47] train in BasicTrainer:
duration: 56.605464220047s
INFO    [05-05 20:55:47] train in BasicTrainer:
epoch: 51
INFO    [05-05 20:56:05] _train_one_epoch in BasicTrainer:
loss = 5.509548255989143
INFO    [05-05 20:56:45] log in loggers:
Update Best NDCG@10 Model at 51
INFO    [05-05 20:56:45] validate in BasicTrainer:
{'Recall@10': 0.06566971361637115, 'NDCG@10': 0.03878067016601563, 'MRR@10': 0.030599292516708374, 'Recall@5': 0.0460103964805603, 'NDCG@5': 0.032463554590940476, 'MRR@5': 0.028015461936593055, 'Recall*@10': 0.0694411849975586, 'NDCG*@10': 0.040980109572410585, 'MRR*@10': 0.03232235372066498, 'Recall*@5': 0.04874465197324753, 'NDCG*@5': 0.03434007316827774, 'MRR*@5': 0.029612537324428558}
INFO    [05-05 20:56:45] train in BasicTrainer:
duration: 58.088953733444214s
INFO    [05-05 20:56:45] train in BasicTrainer:
epoch: 52
INFO    [05-05 20:57:03] _train_one_epoch in BasicTrainer:
loss = 5.4997674967791585
INFO    [05-05 20:57:43] log in loggers:
Update Best NDCG@10 Model at 52
INFO    [05-05 20:57:43] validate in BasicTrainer:
{'Recall@10': 0.06638540595769882, 'NDCG@10': 0.03921775862574577, 'MRR@10': 0.030952690914273263, 'Recall@5': 0.046201959103345874, 'NDCG@5': 0.032727855145931246, 'MRR@5': 0.028295807987451554, 'Recall*@10': 0.07038502126932145, 'NDCG*@10': 0.0414800451695919, 'MRR*@10': 0.03269505597651005, 'Recall*@5': 0.048783096224069594, 'NDCG*@5': 0.034540557190775874, 'MRR*@5': 0.0298579278588295}
INFO    [05-05 20:57:43] train in BasicTrainer:
duration: 57.8538703918457s
INFO    [05-05 20:57:43] train in BasicTrainer:
epoch: 53
INFO    [05-05 20:58:00] _train_one_epoch in BasicTrainer:
loss = 5.4892291979746775
INFO    [05-05 20:58:40] validate in BasicTrainer:
{'Recall@10': 0.06580536097288131, 'NDCG@10': 0.03914521172642708, 'MRR@10': 0.031023112460970878, 'Recall@5': 0.046468309462070465, 'NDCG@5': 0.03293177753686905, 'MRR@5': 0.028481621965765952, 'Recall*@10': 0.06963307574391366, 'NDCG*@10': 0.041360812783241274, 'MRR*@10': 0.03275700606405735, 'Recall*@5': 0.048879898935556415, 'NDCG*@5': 0.03469376616179943, 'MRR*@5': 0.030030951127409933}
INFO    [05-05 20:58:40] train in BasicTrainer:
duration: 56.44438147544861s
INFO    [05-05 20:58:40] train in BasicTrainer:
epoch: 54
DEBUG   [05-05 20:58:41] calculate_loss in loss:
soft_target max: 0.5042400360107422, argmax 49319064
DEBUG   [05-05 20:58:41] calculate_loss in loss:
pred max in softmax: 0.8369721174240112, argmax 49923546
DEBUG   [05-05 20:58:41] calculate_loss in loss:
soft_target max: 0.5079938769340515, argmax 1333673
DEBUG   [05-05 20:58:41] calculate_loss in loss:
pred max in softmax: 0.8809022903442383, argmax 53716621
INFO    [05-05 20:58:57] _train_one_epoch in BasicTrainer:
loss = 5.480592229344824
INFO    [05-05 20:59:37] log in loggers:
Update Best NDCG@10 Model at 54
INFO    [05-05 20:59:38] validate in BasicTrainer:
{'Recall@10': 0.06617377638816833, 'NDCG@10': 0.03934434294700623, 'MRR@10': 0.031168964058160782, 'Recall@5': 0.04678843230009079, 'NDCG@5': 0.03310912288725376, 'MRR@5': 0.028615330830216407, 'Recall*@10': 0.06984854191541671, 'NDCG*@10': 0.04139650791883469, 'MRR*@10': 0.03272794082760811, 'Recall*@5': 0.049361226707696916, 'NDCG*@5': 0.034808348342776296, 'MRR*@5': 0.030030519440770148}
INFO    [05-05 20:59:38] train in BasicTrainer:
duration: 57.95456838607788s
INFO    [05-05 20:59:38] train in BasicTrainer:
epoch: 55
INFO    [05-05 20:59:55] _train_one_epoch in BasicTrainer:
loss = 5.474779227832416
INFO    [05-05 21:00:34] log in loggers:
Update Best NDCG@10 Model at 55
INFO    [05-05 21:00:35] validate in BasicTrainer:
{'Recall@10': 0.06608642131090164, 'NDCG@10': 0.03952985033392906, 'MRR@10': 0.031442689895629886, 'Recall@5': 0.04695605501532554, 'NDCG@5': 0.03338948421180248, 'MRR@5': 0.0289352847635746, 'Recall*@10': 0.06983693897724151, 'NDCG*@10': 0.04168552279472351, 'MRR*@10': 0.03311572454869747, 'Recall*@5': 0.049400251209735874, 'NDCG*@5': 0.03512111455202103, 'MRR*@5': 0.030432204827666284}
INFO    [05-05 21:00:35] train in BasicTrainer:
duration: 57.20198059082031s
INFO    [05-05 21:00:35] train in BasicTrainer:
epoch: 56
INFO    [05-05 21:00:53] _train_one_epoch in BasicTrainer:
loss = 5.467192422162305
INFO    [05-05 21:01:33] log in loggers:
Update Best NDCG@10 Model at 56
INFO    [05-05 21:01:34] validate in BasicTrainer:
{'Recall@10': 0.06705428957939148, 'NDCG@10': 0.03975237652659416, 'MRR@10': 0.03144803628325463, 'Recall@5': 0.047021200209856034, 'NDCG@5': 0.03332221023738384, 'MRR@5': 0.028822393491864204, 'Recall*@10': 0.07062911033630372, 'NDCG*@10': 0.04190658584237099, 'MRR*@10': 0.033167651742696765, 'Recall*@5': 0.04965891495347023, 'NDCG*@5': 0.035181399807333945, 'MRR*@5': 0.03042501613497734}
INFO    [05-05 21:01:34] train in BasicTrainer:
duration: 58.598363161087036s
INFO    [05-05 21:01:34] train in BasicTrainer:
epoch: 57
INFO    [05-05 21:01:51] _train_one_epoch in BasicTrainer:
loss = 5.459964765084757
INFO    [05-05 21:02:31] validate in BasicTrainer:
{'Recall@10': 0.06661697924137115, 'NDCG@10': 0.039742276221513745, 'MRR@10': 0.031537485867738725, 'Recall@5': 0.047665195763111116, 'NDCG@5': 0.03363451071083546, 'MRR@5': 0.02902859017252922, 'Recall*@10': 0.0703575123846531, 'NDCG*@10': 0.04189953446388245, 'MRR*@10': 0.03321279764175415, 'Recall*@5': 0.050151006281375886, 'NDCG*@5': 0.03538515776395798, 'MRR*@5': 0.030535541847348212}
INFO    [05-05 21:02:31] train in BasicTrainer:
duration: 57.664665937423706s
INFO    [05-05 21:02:31] train in BasicTrainer:
epoch: 58
INFO    [05-05 21:02:49] _train_one_epoch in BasicTrainer:
loss = 5.453022338248588
INFO    [05-05 21:03:30] log in loggers:
Update Best NDCG@10 Model at 58
INFO    [05-05 21:03:30] validate in BasicTrainer:
{'Recall@10': 0.06710579633712768, 'NDCG@10': 0.040149843841791155, 'MRR@10': 0.03193363934755325, 'Recall@5': 0.04768633410334587, 'NDCG@5': 0.033917435705661775, 'MRR@5': 0.029388630613684654, 'Recall*@10': 0.07065735772252082, 'NDCG*@10': 0.04223717674612999, 'MRR*@10': 0.033572903648018834, 'Recall*@5': 0.05018817976117134, 'NDCG*@5': 0.03567041225731373, 'MRR*@5': 0.0308928719162941}
INFO    [05-05 21:03:30] train in BasicTrainer:
duration: 58.67400074005127s
INFO    [05-05 21:03:30] train in BasicTrainer:
epoch: 59
INFO    [05-05 21:03:48] _train_one_epoch in BasicTrainer:
loss = 5.445344486752072
INFO    [05-05 21:04:27] validate in BasicTrainer:
{'Recall@10': 0.06695234805345535, 'NDCG@10': 0.04002024322748184, 'MRR@10': 0.03180448487401009, 'Recall@5': 0.04797007292509079, 'NDCG@5': 0.03394240207970142, 'MRR@5': 0.029331149980425835, 'Recall*@10': 0.07041048139333725, 'NDCG*@10': 0.04203774258494377, 'MRR*@10': 0.03338085867464542, 'Recall*@5': 0.05034622564911842, 'NDCG*@5': 0.035617278963327406, 'MRR*@5': 0.030770363360643385}
INFO    [05-05 21:04:27] train in BasicTrainer:
duration: 57.089115142822266s
INFO    [05-05 21:04:27] train in BasicTrainer:
epoch: 60
INFO    [05-05 21:04:45] _train_one_epoch in BasicTrainer:
loss = 5.437771676896928
INFO    [05-05 21:05:26] log in loggers:
Update Best NDCG@10 Model at 60
INFO    [05-05 21:05:26] validate in BasicTrainer:
{'Recall@10': 0.06801346361637116, 'NDCG@10': 0.040496205240488053, 'MRR@10': 0.03212730586528778, 'Recall@5': 0.04766787424683571, 'NDCG@5': 0.033950026333332065, 'MRR@5': 0.02944503217935562, 'Recall*@10': 0.07177687644958496, 'NDCG*@10': 0.04258159056305885, 'MRR*@10': 0.03370449110865593, 'Recall*@5': 0.050087505877017977, 'NDCG*@5': 0.03560408018529415, 'MRR*@5': 0.0308460084348917}
INFO    [05-05 21:05:26] train in BasicTrainer:
duration: 59.00472092628479s
INFO    [05-05 21:05:26] train in BasicTrainer:
epoch: 61
INFO    [05-05 21:05:43] _train_one_epoch in BasicTrainer:
loss = 5.429798036008267
INFO    [05-05 21:06:23] log in loggers:
Update Best NDCG@10 Model at 61
INFO    [05-05 21:06:24] validate in BasicTrainer:
{'Recall@10': 0.06774443507194519, 'NDCG@10': 0.04052068516612053, 'MRR@10': 0.0322192483395338, 'Recall@5': 0.048094883263111114, 'NDCG@5': 0.03419518068432808, 'MRR@5': 0.029625087156891824, 'Recall*@10': 0.07153803616762161, 'NDCG*@10': 0.042719656378030775, 'MRR*@10': 0.03393387258052826, 'Recall*@5': 0.050795414000749585, 'NDCG*@5': 0.03605126991868019, 'MRR*@5': 0.031204368099570275}
INFO    [05-05 21:06:24] train in BasicTrainer:
duration: 57.770224809646606s
INFO    [05-05 21:06:24] train in BasicTrainer:
epoch: 62
INFO    [05-05 21:06:41] _train_one_epoch in BasicTrainer:
loss = 5.423870138219885
INFO    [05-05 21:07:21] log in loggers:
Update Best NDCG@10 Model at 62
INFO    [05-05 21:07:21] validate in BasicTrainer:
{'Recall@10': 0.0682137206196785, 'NDCG@10': 0.04071086257696152, 'MRR@10': 0.032314375042915344, 'Recall@5': 0.04876001715660095, 'NDCG@5': 0.034451554641127584, 'MRR@5': 0.02974916324019432, 'Recall*@10': 0.07181533068418502, 'NDCG*@10': 0.04274941742420196, 'MRR*@10': 0.03387397229671478, 'Recall*@5': 0.05113054454326629, 'NDCG*@5': 0.03608673140406608, 'MRR*@5': 0.031139207631349565}
INFO    [05-05 21:07:21] train in BasicTrainer:
duration: 57.14259362220764s
INFO    [05-05 21:07:21] train in BasicTrainer:
epoch: 63
DEBUG   [05-05 21:07:23] calculate_loss in loss:
soft_target max: 0.5038862228393555, argmax 65239882
DEBUG   [05-05 21:07:23] calculate_loss in loss:
pred max in softmax: 0.8685735464096069, argmax 66863575
DEBUG   [05-05 21:07:23] calculate_loss in loss:
soft_target max: 0.5096843242645264, argmax 37089972
DEBUG   [05-05 21:07:23] calculate_loss in loss:
pred max in softmax: 0.940481424331665, argmax 82446111
INFO    [05-05 21:07:39] _train_one_epoch in BasicTrainer:
loss = 5.418592113632339
INFO    [05-05 21:08:19] log in loggers:
Update Best NDCG@10 Model at 63
INFO    [05-05 21:08:20] validate in BasicTrainer:
{'Recall@10': 0.06852889895439147, 'NDCG@10': 0.04100507542490959, 'MRR@10': 0.032613714560866355, 'Recall@5': 0.048703030496835706, 'NDCG@5': 0.03463200829923153, 'MRR@5': 0.030005594864487648, 'Recall*@10': 0.07234923154115677, 'NDCG*@10': 0.0432049860060215, 'MRR*@10': 0.03432379893958568, 'Recall*@5': 0.05124952867627144, 'NDCG*@5': 0.036420183777809145, 'MRR*@5': 0.03154586657881737}
INFO    [05-05 21:08:20] train in BasicTrainer:
duration: 59.00789737701416s
INFO    [05-05 21:08:20] train in BasicTrainer:
epoch: 64
INFO    [05-05 21:08:37] _train_one_epoch in BasicTrainer:
loss = 5.412931012677717
INFO    [05-05 21:09:16] log in loggers:
Update Best NDCG@10 Model at 64
INFO    [05-05 21:09:17] validate in BasicTrainer:
{'Recall@10': 0.06924553960561752, 'NDCG@10': 0.04133111253380775, 'MRR@10': 0.03281844668090343, 'Recall@5': 0.04901445910334587, 'NDCG@5': 0.034812378734350204, 'MRR@5': 0.030142050981521607, 'Recall*@10': 0.07322755068540573, 'NDCG*@10': 0.04366224214434624, 'MRR*@10': 0.03464900493621826, 'Recall*@5': 0.05172869578003883, 'NDCG*@5': 0.036738071441650394, 'MRR*@5': 0.031807972490787505}
INFO    [05-05 21:09:17] train in BasicTrainer:
duration: 56.841161251068115s
INFO    [05-05 21:09:17] train in BasicTrainer:
epoch: 65
INFO    [05-05 21:09:35] _train_one_epoch in BasicTrainer:
loss = 5.407629850748423
INFO    [05-05 21:10:16] validate in BasicTrainer:
{'Recall@10': 0.06863632082939147, 'NDCG@10': 0.041075389236211776, 'MRR@10': 0.03267668336629868, 'Recall@5': 0.04867319792509079, 'NDCG@5': 0.0346491539478302, 'MRR@5': 0.030041218847036363, 'Recall*@10': 0.07240821868181228, 'NDCG*@10': 0.04328616380691528, 'MRR*@10': 0.03441468089818955, 'Recall*@5': 0.05116708040237427, 'NDCG*@5': 0.03644997209310532, 'MRR*@5': 0.031611759588122366}
INFO    [05-05 21:10:16] train in BasicTrainer:
duration: 59.11798357963562s
INFO    [05-05 21:10:16] train in BasicTrainer:
epoch: 66
INFO    [05-05 21:10:33] _train_one_epoch in BasicTrainer:
loss = 5.401436603821076
INFO    [05-05 21:11:13] validate in BasicTrainer:
{'Recall@10': 0.06850228071212769, 'NDCG@10': 0.04110850512981415, 'MRR@10': 0.03275423921644688, 'Recall@5': 0.04889339849352837, 'NDCG@5': 0.03479624748229981, 'MRR@5': 0.03016578987240791, 'Recall*@10': 0.07219364732503891, 'NDCG*@10': 0.04328037515282631, 'MRR*@10': 0.03446577273309231, 'Recall*@5': 0.051434626579284666, 'NDCG*@5': 0.036601653546094896, 'MRR*@5': 0.03172926373779774}
INFO    [05-05 21:11:13] train in BasicTrainer:
duration: 56.859232902526855s
INFO    [05-05 21:11:13] train in BasicTrainer:
epoch: 67
INFO    [05-05 21:11:30] _train_one_epoch in BasicTrainer:
loss = 5.39800687308784
INFO    [05-05 21:12:12] validate in BasicTrainer:
{'Recall@10': 0.06851538360118865, 'NDCG@10': 0.04109736129641533, 'MRR@10': 0.032728883996605874, 'Recall@5': 0.04885928049683571, 'NDCG@5': 0.03475240014493466, 'MRR@5': 0.030117053464055063, 'Recall*@10': 0.07233344405889511, 'NDCG*@10': 0.04333738282322883, 'MRR*@10': 0.03449039489030838, 'Recall*@5': 0.05151309818029404, 'NDCG*@5': 0.036618673503398896, 'MRR*@5': 0.03172601163387299}
INFO    [05-05 21:12:12] train in BasicTrainer:
duration: 59.0853385925293s
INFO    [05-05 21:12:12] train in BasicTrainer:
epoch: 68
INFO    [05-05 21:12:29] _train_one_epoch in BasicTrainer:
loss = 5.390962566341366
INFO    [05-05 21:13:10] log in loggers:
Update Best NDCG@10 Model at 68
INFO    [05-05 21:13:10] validate in BasicTrainer:
{'Recall@10': 0.06932914465665817, 'NDCG@10': 0.041462396532297136, 'MRR@10': 0.03297889590263367, 'Recall@5': 0.04908763960003853, 'NDCG@5': 0.03496424548327923, 'MRR@5': 0.030324332937598227, 'Recall*@10': 0.07316529780626296, 'NDCG*@10': 0.04369057640433312, 'MRR*@10': 0.03471977822482586, 'Recall*@5': 0.05173466384410858, 'NDCG*@5': 0.03681974835693836, 'MRR*@5': 0.03191844336688519}
INFO    [05-05 21:13:10] train in BasicTrainer:
duration: 58.30106806755066s
INFO    [05-05 21:13:10] train in BasicTrainer:
epoch: 69
INFO    [05-05 21:13:27] _train_one_epoch in BasicTrainer:
loss = 5.3870552595671235
INFO    [05-05 21:14:07] log in loggers:
Update Best NDCG@10 Model at 69
INFO    [05-05 21:14:07] validate in BasicTrainer:
{'Recall@10': 0.06935135424137115, 'NDCG@10': 0.04151250347495079, 'MRR@10': 0.03302486658096313, 'Recall@5': 0.049321479052305224, 'NDCG@5': 0.03507846496999264, 'MRR@5': 0.030394261106848716, 'Recall*@10': 0.07304993212223053, 'NDCG*@10': 0.04366666451096535, 'MRR*@10': 0.03470793098211288, 'Recall*@5': 0.05181478634476662, 'NDCG*@5': 0.036847000420093534, 'MRR*@5': 0.031920590847730634}
INFO    [05-05 21:14:07] train in BasicTrainer:
duration: 57.18032193183899s
INFO    [05-05 21:14:07] train in BasicTrainer:
epoch: 70
INFO    [05-05 21:14:25] _train_one_epoch in BasicTrainer:
loss = 5.381861957343849
INFO    [05-05 21:15:06] log in loggers:
Update Best NDCG@10 Model at 70
INFO    [05-05 21:15:06] validate in BasicTrainer:
{'Recall@10': 0.06941423356533051, 'NDCG@10': 0.04184416189789772, 'MRR@10': 0.03343550108373165, 'Recall@5': 0.049592773765325546, 'NDCG@5': 0.03547543585300446, 'MRR@5': 0.030831151455640794, 'Recall*@10': 0.07312033146619797, 'NDCG*@10': 0.04401149988174438, 'MRR*@10': 0.03513590537011623, 'Recall*@5': 0.052138166576623915, 'NDCG*@5': 0.037266757041215896, 'MRR*@5': 0.032376015558838844}
INFO    [05-05 21:15:06] train in BasicTrainer:
duration: 58.68734669685364s
INFO    [05-05 21:15:06] train in BasicTrainer:
epoch: 71
INFO    [05-05 21:15:23] _train_one_epoch in BasicTrainer:
loss = 5.377131152797389
INFO    [05-05 21:16:03] log in loggers:
Update Best NDCG@10 Model at 71
INFO    [05-05 21:16:04] validate in BasicTrainer:
{'Recall@10': 0.06927215784788132, 'NDCG@10': 0.04192177474498749, 'MRR@10': 0.03358516424894333, 'Recall@5': 0.04923198133707046, 'NDCG@5': 0.035465188696980475, 'MRR@5': 0.030934106931090354, 'Recall*@10': 0.07282996475696564, 'NDCG*@10': 0.044006659835577014, 'MRR*@10': 0.03522210694849491, 'Recall*@5': 0.051695950627326966, 'NDCG*@5': 0.03719534888863563, 'MRR*@5': 0.03242409966886044}
INFO    [05-05 21:16:04] train in BasicTrainer:
duration: 57.816964864730835s
INFO    [05-05 21:16:04] train in BasicTrainer:
epoch: 72
DEBUG   [05-05 21:16:06] calculate_loss in loss:
soft_target max: 0.5037059783935547, argmax 1852875
DEBUG   [05-05 21:16:06] calculate_loss in loss:
pred max in softmax: 0.846444845199585, argmax 62040612
DEBUG   [05-05 21:16:06] calculate_loss in loss:
soft_target max: 0.503404438495636, argmax 25528332
DEBUG   [05-05 21:16:06] calculate_loss in loss:
pred max in softmax: 0.8745130300521851, argmax 88270952
INFO    [05-05 21:16:22] _train_one_epoch in BasicTrainer:
loss = 5.371664231961912
INFO    [05-05 21:17:02] validate in BasicTrainer:
{'Recall@10': 0.06965676724910735, 'NDCG@10': 0.04179021567106247, 'MRR@10': 0.0332875195145607, 'Recall@5': 0.04995678022503853, 'NDCG@5': 0.03546348735690117, 'MRR@5': 0.03070178605616093, 'Recall*@10': 0.07345703214406968, 'NDCG*@10': 0.044002526253461835, 'MRR*@10': 0.035022015199065205, 'Recall*@5': 0.0525134302675724, 'NDCG*@5': 0.03728572532534599, 'MRR*@5': 0.0322822742909193}
INFO    [05-05 21:17:02] train in BasicTrainer:
duration: 58.263869762420654s
INFO    [05-05 21:17:02] train in BasicTrainer:
epoch: 73
INFO    [05-05 21:17:19] _train_one_epoch in BasicTrainer:
loss = 5.368210878458109
INFO    [05-05 21:17:59] validate in BasicTrainer:
{'Recall@10': 0.069427872300148, 'NDCG@10': 0.041829025745391844, 'MRR@10': 0.03342325329780579, 'Recall@5': 0.04928736090660095, 'NDCG@5': 0.03535429075360298, 'MRR@5': 0.03077345572412014, 'Recall*@10': 0.0734153437614441, 'NDCG*@10': 0.04405241847038269, 'MRR*@10': 0.03511837840080261, 'Recall*@5': 0.051763591915369035, 'NDCG*@5': 0.03709657222032547, 'MRR*@5': 0.032274430170655254}
INFO    [05-05 21:17:59] train in BasicTrainer:
duration: 57.000078439712524s
INFO    [05-05 21:17:59] train in BasicTrainer:
epoch: 74
INFO    [05-05 21:18:16] _train_one_epoch in BasicTrainer:
loss = 5.363770991832286
INFO    [05-05 21:18:56] validate in BasicTrainer:
{'Recall@10': 0.0691695573925972, 'NDCG@10': 0.04189356565475464, 'MRR@10': 0.03357018142938614, 'Recall@5': 0.049661133140325546, 'NDCG@5': 0.035591773092746734, 'MRR@5': 0.030973414182662962, 'Recall*@10': 0.07289536356925964, 'NDCG*@10': 0.04413855001330376, 'MRR*@10': 0.03536211721599102, 'Recall*@5': 0.052416679263114926, 'NDCG*@5': 0.037521075010299686, 'MRR*@5': 0.03263391338288784}
INFO    [05-05 21:18:56] train in BasicTrainer:
duration: 56.80100774765015s
INFO    [05-05 21:18:56] train in BasicTrainer:
epoch: 75
INFO    [05-05 21:19:14] _train_one_epoch in BasicTrainer:
loss = 5.358937044401427
INFO    [05-05 21:19:54] log in loggers:
Update Best NDCG@10 Model at 75
INFO    [05-05 21:19:55] validate in BasicTrainer:
{'Recall@10': 0.07038436770439148, 'NDCG@10': 0.04221220776438713, 'MRR@10': 0.033636996746063234, 'Recall@5': 0.04980493903160095, 'NDCG@5': 0.035593393594026565, 'MRR@5': 0.03092618577182293, 'Recall*@10': 0.07422054916620255, 'NDCG*@10': 0.04445936724543571, 'MRR*@10': 0.03540327101945877, 'Recall*@5': 0.05235310927033424, 'NDCG*@5': 0.0374238657951355, 'MRR*@5': 0.032520435974001886}
INFO    [05-05 21:19:55] train in BasicTrainer:
duration: 58.886786222457886s
INFO    [05-05 21:19:55] train in BasicTrainer:
epoch: 76
INFO    [05-05 21:20:12] _train_one_epoch in BasicTrainer:
loss = 5.356135149259825
INFO    [05-05 21:20:51] validate in BasicTrainer:
{'Recall@10': 0.06986130952835083, 'NDCG@10': 0.04209025308489799, 'MRR@10': 0.033631018921732904, 'Recall@5': 0.04978808626532555, 'NDCG@5': 0.03563478350639343, 'MRR@5': 0.030988068357110023, 'Recall*@10': 0.07344321012496949, 'NDCG*@10': 0.04423814103007317, 'MRR*@10': 0.035341384932398794, 'Recall*@5': 0.0523663093149662, 'NDCG*@5': 0.03745924830436707, 'MRR*@5': 0.03256553187966347}
INFO    [05-05 21:20:51] train in BasicTrainer:
duration: 56.26009678840637s
INFO    [05-05 21:20:51] train in BasicTrainer:
epoch: 77
INFO    [05-05 21:21:09] _train_one_epoch in BasicTrainer:
loss = 5.349648157755534
INFO    [05-05 21:21:49] validate in BasicTrainer:
{'Recall@10': 0.06931830763816833, 'NDCG@10': 0.04186124786734581, 'MRR@10': 0.0334896481782198, 'Recall@5': 0.04953257292509079, 'NDCG@5': 0.03548149973154068, 'MRR@5': 0.030867763608694077, 'Recall*@10': 0.07296217739582062, 'NDCG*@10': 0.044000277668237685, 'MRR*@10': 0.03517198905348778, 'Recall*@5': 0.051973145455121994, 'NDCG*@5': 0.03722340017557144, 'MRR*@5': 0.03238145649433136}
INFO    [05-05 21:21:49] train in BasicTrainer:
duration: 57.909966468811035s
INFO    [05-05 21:21:49] train in BasicTrainer:
epoch: 78
INFO    [05-05 21:22:06] _train_one_epoch in BasicTrainer:
loss = 5.3481634114239665
INFO    [05-05 21:22:45] validate in BasicTrainer:
{'Recall@10': 0.07024109750986099, 'NDCG@10': 0.04218847781419754, 'MRR@10': 0.0336493980884552, 'Recall@5': 0.04957109972834587, 'NDCG@5': 0.03553461655974388, 'MRR@5': 0.03092099279165268, 'Recall*@10': 0.0740256854891777, 'NDCG*@10': 0.04433777332305908, 'MRR*@10': 0.035305493026971814, 'Recall*@5': 0.05205375835299492, 'NDCG*@5': 0.0372653429210186, 'MRR*@5': 0.032405922785401345}
INFO    [05-05 21:22:45] train in BasicTrainer:
duration: 56.59295153617859s
INFO    [05-05 21:22:45] train in BasicTrainer:
epoch: 79
INFO    [05-05 21:23:04] _train_one_epoch in BasicTrainer:
loss = 5.3459691442884845
INFO    [05-05 21:23:44] validate in BasicTrainer:
{'Recall@10': 0.0697572249174118, 'NDCG@10': 0.04210910603404045, 'MRR@10': 0.03367340959608555, 'Recall@5': 0.04987490549683571, 'NDCG@5': 0.035701882541179654, 'MRR@5': 0.031041812375187872, 'Recall*@10': 0.07331611067056656, 'NDCG*@10': 0.04420195087790489, 'MRR*@10': 0.0353164816647768, 'Recall*@5': 0.05245299905538559, 'NDCG*@5': 0.03747784413397312, 'MRR*@5': 0.0325541289895773}
INFO    [05-05 21:23:44] train in BasicTrainer:
duration: 58.03867530822754s
INFO    [05-05 21:23:44] close_training in BasicTrainer:
finished training
DEBUG   [05-05 21:23:44] debug_summary in loss:
loss nan summary: nan 0 times, not nan 8881 times, ratio nan / (nan + not_nan) = 0.0
INFO    [05-05 21:23:44] run_routine in Routine:
Finished training, Start final validation
INFO    [05-05 21:23:44] final_validate in BasicTrainer:
validate model on val set!
INFO    [05-05 21:23:44] load_state_from_given_path in utils:
checkpoint epoch: 75
INFO    [05-05 21:23:44] load_state_from_given_path in utils:
Loading model's parameters
INFO    [05-05 21:24:23] validate in BasicTrainer:
{'Recall@10': 0.07038436770439148, 'NDCG@10': 0.04221220776438713, 'MRR@10': 0.033636996746063234, 'Recall@5': 0.04980493903160095, 'NDCG@5': 0.035593393594026565, 'MRR@5': 0.03092618577182293, 'Recall*@10': 0.07422054916620255, 'NDCG*@10': 0.04445936724543571, 'MRR*@10': 0.03540327101945877, 'Recall*@5': 0.05235310927033424, 'NDCG*@5': 0.0374238657951355, 'MRR*@5': 0.032520435974001886}
INFO    [05-05 21:24:23] run_routine in Routine:
Finished final validating. Result: {'Recall@10': 0.07038436770439148, 'NDCG@10': 0.04221220776438713, 'MRR@10': 0.033636996746063234, 'Recall@5': 0.04980493903160095, 'NDCG@5': 0.035593393594026565, 'MRR@5': 0.03092618577182293, 'Recall*@10': 0.07422054916620255, 'NDCG*@10': 0.04445936724543571, 'MRR*@10': 0.03540327101945877, 'Recall*@5': 0.05235310927033424, 'NDCG*@5': 0.0374238657951355, 'MRR*@5': 0.032520435974001886}
INFO    [05-05 21:24:23] _evaluate in EnsembleDistillSched:
Start testing student model on test set
INFO    [05-05 21:24:23] test in BasicTrainer:
Test model on test set!
INFO    [05-05 21:24:23] test_with_given_state_path in BasicTrainer:
Loading model params from ___el_ep_2022/ep_narm-T-6.0-al-0.5-sr-0.8_05-05_20:04_t8/student_narm_logs/checkpoint/best_acc_model.pth.
INFO    [05-05 21:24:23] load_state_from_given_path in utils:
checkpoint epoch: 75
INFO    [05-05 21:24:23] load_state_from_given_path in utils:
Loading model's parameters
INFO    [05-05 21:24:23] test_with_given_state_path in BasicTrainer:
Finished loading. Start testing.
INFO    [05-05 21:25:04] test_with_given_state_path in BasicTrainer:
{'Recall@10': 0.05769704788923263, 'NDCG@10': 0.03409987688064575, 'MRR@10': 0.026908971071243286, 'Recall@5': 0.04081050917506218, 'NDCG@5': 0.028678557500243188, 'MRR@5': 0.024694594815373422, 'Recall*@10': 0.06188892751932144, 'NDCG*@10': 0.036561510115861895, 'MRR*@10': 0.02884412944316864, 'Recall*@5': 0.04382579445838928, 'NDCG*@5': 0.03076444573700428, 'MRR*@5': 0.026477435752749443}
INFO    [05-05 21:25:04] _evaluate in EnsembleDistillSched:
!!Final Result!!: {'Recall@10': 0.05769704788923263, 'NDCG@10': 0.03409987688064575, 'MRR@10': 0.026908971071243286, 'Recall@5': 0.04081050917506218, 'NDCG@5': 0.028678557500243188, 'MRR@5': 0.024694594815373422, 'Recall*@10': 0.06188892751932144, 'NDCG*@10': 0.036561510115861895, 'MRR*@10': 0.02884412944316864, 'Recall*@5': 0.04382579445838928, 'NDCG*@5': 0.03076444573700428, 'MRR*@5': 0.026477435752749443}
