INFO    [05-05 18:25:49] setup_train in utils:
{
    "experiment_dir": "___el_ep_2022",
    "experiment_description": "ep",
    "describe": "{config[model_code]}-T-{config[T]}-al-{config[alpha]}-sr-{config[sample_rate]}",
    "dataset_name": "electronics.csv",
    "sched": "ensemble_distill",
    "model_code": "narm",
    "mentor_code": "narm",
    "mentor2_code": "narm",
    "weight_list": [
        0.5,
        0.5
    ],
    "alpha": 0.25,
    "T": 3.0,
    "training_routine": "student",
    "softmaxed_mentor": true,
    "enable_auto_path_finder": true,
    "mentor_state_path": "___el_base_partial_2022",
    "mentor_seed1": 2000,
    "mentor_seed2": 2001,
    "mentor_describe": "{config[model_code]}-rate-{config[sample_rate]}-seed-{config[sample_seed]}",
    "sample_rate": 0.8,
    "num_epochs": 80,
    "mode": [
        "train",
        "test"
    ],
    "test_state_path": null,
    "max_len": 10,
    "model_state_path": null,
    "rand_seed": 2022,
    "load_processed_dataset": true,
    "save_processed_dataset": false,
    "dataset_cache_filename": null,
    "do_remap": false,
    "weight_decay": 0,
    "decay_step": 15,
    "gamma": 0.99,
    "lr": 0.001,
    "min_length": 5,
    "min_item_inter": 5,
    "good_only": false,
    "use_rating": true,
    "test_negative_sampler_code": "random",
    "test_negative_sample_size": 0,
    "dataloader_type": "next",
    "train_batch_size": 4096,
    "val_batch_size": 4096,
    "test_batch_size": 4096,
    "prop_sliding_window": -1.0,
    "worker_number": 2,
    "metric_ks": [
        5,
        10
    ],
    "device": "cuda",
    "num_gpu": 1,
    "optimizer": "Adam",
    "best_metric": "NDCG@10",
    "show_process_bar": false,
    "enable_sample": false,
    "samples_ratio": 0.1,
    "config_file": "config2.electronics/narm/config_distill_ensemble_partial.json",
    "task_id": 4,
    "split": "leave_one_out",
    "do_sampling": false,
    "path_for_sample": null,
    "sample_seed": 0,
    "train_negative_sampler_code": "random",
    "train_negative_sample_size": 100,
    "device_idx": "0",
    "momentum": null,
    "log_period_as_iter": 12800,
    "dvae_alpha": 0.5,
    "validation_rate": 0.2,
    "num_items": null,
    "start_index": 1,
    "kwargs": null
}
INFO    [05-05 18:25:49] _load_full_dataset_from_path in utils:
loading cache from /data01/wushiguang-slurm/Codes/soft-rec/Data/Cache/electronics-5-5.pkl
INFO    [05-05 18:25:51] _check_dataset_cache in utils:
check if the cache is generated under this configuration
INFO    [05-05 18:25:51] _check_dataset_cache in utils:
correct.
INFO    [05-05 18:25:51] __init__ in NextItemDataloader:
there are 29351 items in this dataset, 102187 users, padding_first? False
DEBUG   [05-05 18:26:07] generate_model in utils:
model_code_list=['narm']
INFO    [05-05 18:26:07] load_model_config in utils:
loading model narm's config file at asset/config/model/narm.json
INFO    [05-05 18:26:07] load_model_config in utils:
{
    "embedding_size": 64,
    "hidden_size": 128,
    "n_layers": 1,
    "dropout_probs": [
        0.25,
        0.5
    ]
}
WARNING [05-05 18:26:16] get_exist_path in utils:
dir ___el_ep_2022/ep_narm-T-3.0-al-0.25-sr-0.8_05-05_18:25_t4/teacher1_narm_logs does not exist! Create one.
WARNING [05-05 18:26:16] get_exist_path in utils:
dir ___el_ep_2022/ep_narm-T-3.0-al-0.25-sr-0.8_05-05_18:25_t4/teacher1_narm_logs/tb_vis does not exist! Create one.
WARNING [05-05 18:26:16] get_exist_path in utils:
dir ___el_ep_2022/ep_narm-T-3.0-al-0.25-sr-0.8_05-05_18:25_t4/teacher1_narm_logs/checkpoint does not exist! Create one.
INFO    [05-05 18:26:17] load_state_from_given_path in utils:
checkpoint epoch: 78
INFO    [05-05 18:26:17] load_state_from_given_path in utils:
Loading model's parameters
INFO    [05-05 18:26:17] load_state_from_given_path in utils:
Loading optimizer's parameters
DEBUG   [05-05 18:26:17] _generate_teacher_trainer in EnsembleDistillSched:
teacher1_narm: 
NARM(
  (item_embedding): Embedding(29352, 64, padding_idx=0)
  (emb_dropout): Dropout(p=0.25, inplace=False)
  (gru): GRU(64, 128, bias=False, batch_first=True)
  (a_1): Linear(in_features=128, out_features=128, bias=False)
  (a_2): Linear(in_features=128, out_features=128, bias=False)
  (v_t): Linear(in_features=128, out_features=1, bias=False)
  (ct_dropout): Dropout(p=0.5, inplace=False)
  (b): Linear(in_features=256, out_features=64, bias=False)
  (loss_fct): CrossEntropyLoss()
)
INFO    [05-05 18:26:17] assert_model_device in utils:
model teacher1_narm has 7.63525390625 MB params.
INFO    [05-05 18:26:17] __init__ in BasicTrainer:
454656 iter per epoch
DEBUG   [05-05 18:26:17] generate_model in utils:
model_code_list=['narm']
INFO    [05-05 18:26:17] load_model_config in utils:
loading model narm's config file at asset/config/model/narm.json
INFO    [05-05 18:26:17] load_model_config in utils:
{
    "embedding_size": 64,
    "hidden_size": 128,
    "n_layers": 1,
    "dropout_probs": [
        0.25,
        0.5
    ]
}
WARNING [05-05 18:26:22] get_exist_path in utils:
dir ___el_ep_2022/ep_narm-T-3.0-al-0.25-sr-0.8_05-05_18:25_t4/teacher2_narm_logs does not exist! Create one.
WARNING [05-05 18:26:22] get_exist_path in utils:
dir ___el_ep_2022/ep_narm-T-3.0-al-0.25-sr-0.8_05-05_18:25_t4/teacher2_narm_logs/tb_vis does not exist! Create one.
WARNING [05-05 18:26:22] get_exist_path in utils:
dir ___el_ep_2022/ep_narm-T-3.0-al-0.25-sr-0.8_05-05_18:25_t4/teacher2_narm_logs/checkpoint does not exist! Create one.
INFO    [05-05 18:26:22] load_state_from_given_path in utils:
checkpoint epoch: 78
INFO    [05-05 18:26:22] load_state_from_given_path in utils:
Loading model's parameters
INFO    [05-05 18:26:22] load_state_from_given_path in utils:
Loading optimizer's parameters
DEBUG   [05-05 18:26:22] _generate_teacher_trainer in EnsembleDistillSched:
teacher2_narm: 
NARM(
  (item_embedding): Embedding(29352, 64, padding_idx=0)
  (emb_dropout): Dropout(p=0.25, inplace=False)
  (gru): GRU(64, 128, bias=False, batch_first=True)
  (a_1): Linear(in_features=128, out_features=128, bias=False)
  (a_2): Linear(in_features=128, out_features=128, bias=False)
  (v_t): Linear(in_features=128, out_features=1, bias=False)
  (ct_dropout): Dropout(p=0.5, inplace=False)
  (b): Linear(in_features=256, out_features=64, bias=False)
  (loss_fct): CrossEntropyLoss()
)
INFO    [05-05 18:26:22] assert_model_device in utils:
model teacher2_narm has 7.63525390625 MB params.
INFO    [05-05 18:26:22] __init__ in BasicTrainer:
454656 iter per epoch
DEBUG   [05-05 18:26:22] generate_model in utils:
model_code_list=['narm']
INFO    [05-05 18:26:22] load_model_config in utils:
loading model narm's config file at asset/config/model/narm.json
INFO    [05-05 18:26:22] load_model_config in utils:
{
    "embedding_size": 64,
    "hidden_size": 128,
    "n_layers": 1,
    "dropout_probs": [
        0.25,
        0.5
    ]
}
WARNING [05-05 18:26:27] get_exist_path in utils:
dir ___el_ep_2022/ep_narm-T-3.0-al-0.25-sr-0.8_05-05_18:25_t4/student_narm_logs does not exist! Create one.
WARNING [05-05 18:26:27] get_exist_path in utils:
dir ___el_ep_2022/ep_narm-T-3.0-al-0.25-sr-0.8_05-05_18:25_t4/student_narm_logs/tb_vis does not exist! Create one.
WARNING [05-05 18:26:27] get_exist_path in utils:
dir ___el_ep_2022/ep_narm-T-3.0-al-0.25-sr-0.8_05-05_18:25_t4/student_narm_logs/checkpoint does not exist! Create one.
WARNING [05-05 18:26:27] get_path in utils:
Path is None
WARNING [05-05 18:26:27] load_state_from_given_path in utils:
Not given any path.
DEBUG   [05-05 18:26:27] _generate_student_trainer in EnsembleDistillSched:
student_narm: 
NARM(
  (item_embedding): Embedding(29352, 64, padding_idx=0)
  (emb_dropout): Dropout(p=0.25, inplace=False)
  (gru): GRU(64, 128, bias=False, batch_first=True)
  (a_1): Linear(in_features=128, out_features=128, bias=False)
  (a_2): Linear(in_features=128, out_features=128, bias=False)
  (v_t): Linear(in_features=128, out_features=1, bias=False)
  (ct_dropout): Dropout(p=0.5, inplace=False)
  (b): Linear(in_features=256, out_features=64, bias=False)
  (loss_fct): CrossEntropyLoss()
)
INFO    [05-05 18:26:27] assert_model_device in utils:
model student_narm has 7.63525390625 MB params.
INFO    [05-05 18:26:27] assert_model_device in utils:
model mix_narm_narm has 0.0 MB params.
INFO    [05-05 18:26:27] assert_model_device in utils:
model mix_narm_narm has no param
INFO    [05-05 18:26:27] __init__ in DistillTrainer:
454656 iter per epoch
INFO    [05-05 18:26:27] _set_current_routine in Routine:
first routine: student
INFO    [05-05 18:26:27] run_routine in Routine:
Start routine student
INFO    [05-05 18:26:27] run_routine in Routine:
Start training
INFO    [05-05 18:26:27] train in DistillTrainer:
Test mentor model: mix_narm_narm
DEBUG   [05-05 18:26:28] forward in Ensembler:
raw predict
DEBUG   [05-05 18:26:28] forward in Ensembler:
[tensor([[3.4382e-08, 5.2123e-06, 2.8146e-05,  ..., 3.6962e-07, 1.8516e-06,
         1.2093e-04],
        [5.2436e-08, 3.5057e-07, 9.4290e-06,  ..., 6.8689e-07, 7.3371e-05,
         1.4610e-06],
        [9.4050e-07, 2.1175e-06, 1.8353e-05,  ..., 1.1701e-05, 1.0373e-04,
         7.4306e-06],
        ...,
        [1.7403e-07, 7.9523e-06, 2.0014e-05,  ..., 2.4777e-06, 2.0249e-05,
         6.3466e-05],
        [1.5505e-07, 3.6445e-06, 2.3041e-05,  ..., 1.1945e-06, 4.8857e-05,
         2.6135e-05],
        [3.6851e-07, 1.5950e-06, 2.7259e-05,  ..., 1.0995e-05, 2.3836e-05,
         3.7568e-05]], device='cuda:0'), tensor([[1.3875e-07, 1.7947e-06, 1.5111e-05,  ..., 1.3336e-07, 7.6505e-06,
         1.6788e-05],
        [1.1278e-07, 3.7632e-06, 5.0773e-06,  ..., 1.7696e-06, 2.1870e-06,
         4.9807e-06],
        [1.2194e-07, 1.7485e-06, 1.3679e-06,  ..., 2.2804e-06, 8.2659e-05,
         1.5794e-06],
        ...,
        [1.3735e-07, 1.7556e-05, 1.1354e-05,  ..., 2.6810e-06, 1.2442e-05,
         3.7224e-05],
        [4.8528e-07, 1.3268e-05, 2.8756e-05,  ..., 2.9823e-07, 3.9148e-05,
         6.8293e-05],
        [2.4059e-07, 1.0222e-05, 1.7663e-05,  ..., 2.3282e-05, 1.4455e-05,
         7.8555e-05]], device='cuda:0')]
DEBUG   [05-05 18:26:28] forward in Ensembler:
raw confidence
DEBUG   [05-05 18:26:28] forward in Ensembler:
[tensor([0.0018, 0.0055, 0.0005,  ..., 0.0008, 0.0009, 0.0010], device='cuda:0'), tensor([0.0014, 0.0037, 0.0014,  ..., 0.0006, 0.0010, 0.0006], device='cuda:0')]
DEBUG   [05-05 18:26:28] forward in Ensembler:
weighted predict
DEBUG   [05-05 18:26:28] forward in Ensembler:
[tensor([[1.7191e-08, 2.6061e-06, 1.4073e-05,  ..., 1.8481e-07, 9.2579e-07,
         6.0463e-05],
        [2.6218e-08, 1.7529e-07, 4.7145e-06,  ..., 3.4345e-07, 3.6686e-05,
         7.3052e-07],
        [4.7025e-07, 1.0587e-06, 9.1767e-06,  ..., 5.8503e-06, 5.1867e-05,
         3.7153e-06],
        ...,
        [8.7013e-08, 3.9761e-06, 1.0007e-05,  ..., 1.2388e-06, 1.0125e-05,
         3.1733e-05],
        [7.7524e-08, 1.8223e-06, 1.1521e-05,  ..., 5.9727e-07, 2.4429e-05,
         1.3068e-05],
        [1.8426e-07, 7.9749e-07, 1.3629e-05,  ..., 5.4974e-06, 1.1918e-05,
         1.8784e-05]], device='cuda:0'), tensor([[6.9373e-08, 8.9737e-07, 7.5554e-06,  ..., 6.6681e-08, 3.8252e-06,
         8.3940e-06],
        [5.6388e-08, 1.8816e-06, 2.5387e-06,  ..., 8.8480e-07, 1.0935e-06,
         2.4903e-06],
        [6.0969e-08, 8.7423e-07, 6.8396e-07,  ..., 1.1402e-06, 4.1329e-05,
         7.8970e-07],
        ...,
        [6.8674e-08, 8.7781e-06, 5.6771e-06,  ..., 1.3405e-06, 6.2210e-06,
         1.8612e-05],
        [2.4264e-07, 6.6340e-06, 1.4378e-05,  ..., 1.4912e-07, 1.9574e-05,
         3.4146e-05],
        [1.2030e-07, 5.1112e-06, 8.8316e-06,  ..., 1.1641e-05, 7.2273e-06,
         3.9278e-05]], device='cuda:0')]
DEBUG   [05-05 18:26:28] forward in Ensembler:
final predict
DEBUG   [05-05 18:26:28] forward in Ensembler:
tensor([[8.6564e-08, 3.5035e-06, 2.1629e-05,  ..., 2.5149e-07, 4.7510e-06,
         6.8857e-05],
        [8.2606e-08, 2.0569e-06, 7.2532e-06,  ..., 1.2282e-06, 3.7779e-05,
         3.2209e-06],
        [5.3122e-07, 1.9330e-06, 9.8607e-06,  ..., 6.9905e-06, 9.3196e-05,
         4.5050e-06],
        ...,
        [1.5569e-07, 1.2754e-05, 1.5684e-05,  ..., 2.5793e-06, 1.6346e-05,
         5.0345e-05],
        [3.2016e-07, 8.4563e-06, 2.5899e-05,  ..., 7.4639e-07, 4.4003e-05,
         4.7214e-05],
        [3.0455e-07, 5.9087e-06, 2.2461e-05,  ..., 1.7138e-05, 1.9145e-05,
         5.8062e-05]], device='cuda:0')
DEBUG   [05-05 18:26:28] forward in Ensembler:
final confidence
DEBUG   [05-05 18:26:28] forward in Ensembler:
tensor([0.0011, 0.0029, 0.0008,  ..., 0.0005, 0.0008, 0.0007], device='cuda:0')
DEBUG   [05-05 18:26:30] forward in Ensembler:
raw predict
DEBUG   [05-05 18:26:30] forward in Ensembler:
[tensor([[2.9175e-07, 1.3024e-05, 9.1439e-06,  ..., 1.7176e-05, 2.3139e-05,
         2.5747e-05],
        [1.8549e-07, 2.2043e-06, 8.5056e-06,  ..., 6.5443e-06, 7.6610e-06,
         9.5204e-05],
        [2.9427e-08, 6.7677e-07, 2.2979e-05,  ..., 9.4954e-06, 1.0854e-05,
         1.7494e-05],
        ...,
        [4.1056e-07, 3.4888e-07, 2.5739e-06,  ..., 1.9818e-06, 6.4377e-05,
         1.4322e-05],
        [1.3805e-07, 1.0560e-06, 1.0547e-05,  ..., 1.2876e-06, 2.8451e-05,
         7.7795e-06],
        [1.1606e-06, 1.7171e-06, 8.5764e-06,  ..., 5.6507e-06, 2.1346e-05,
         1.7306e-05]], device='cuda:0'), tensor([[3.2245e-07, 2.9606e-06, 3.2089e-06,  ..., 8.8147e-06, 1.1088e-05,
         1.0667e-05],
        [9.0072e-08, 9.6090e-08, 1.3616e-05,  ..., 4.4559e-05, 3.3655e-05,
         3.9718e-05],
        [1.7346e-07, 3.2063e-06, 8.1453e-06,  ..., 2.2536e-06, 1.5508e-06,
         4.5072e-05],
        ...,
        [1.6715e-06, 3.0200e-06, 6.1820e-06,  ..., 5.9286e-06, 3.7292e-04,
         1.2105e-05],
        [4.2461e-07, 1.3040e-06, 1.0120e-05,  ..., 7.2832e-06, 3.4535e-05,
         5.2302e-05],
        [1.0903e-06, 1.0276e-05, 5.7974e-06,  ..., 1.2207e-06, 2.8103e-05,
         1.6128e-05]], device='cuda:0')]
DEBUG   [05-05 18:26:30] forward in Ensembler:
raw confidence
DEBUG   [05-05 18:26:30] forward in Ensembler:
[tensor([0.0010, 0.0010, 0.0018,  ..., 0.0014, 0.0009, 0.0011], device='cuda:0'), tensor([0.0025, 0.0030, 0.0021,  ..., 0.0008, 0.0013, 0.0010], device='cuda:0')]
DEBUG   [05-05 18:26:30] forward in Ensembler:
weighted predict
DEBUG   [05-05 18:26:30] forward in Ensembler:
[tensor([[1.4588e-07, 6.5119e-06, 4.5719e-06,  ..., 8.5880e-06, 1.1570e-05,
         1.2873e-05],
        [9.2746e-08, 1.1021e-06, 4.2528e-06,  ..., 3.2722e-06, 3.8305e-06,
         4.7602e-05],
        [1.4714e-08, 3.3838e-07, 1.1489e-05,  ..., 4.7477e-06, 5.4271e-06,
         8.7469e-06],
        ...,
        [2.0528e-07, 1.7444e-07, 1.2869e-06,  ..., 9.9092e-07, 3.2188e-05,
         7.1610e-06],
        [6.9027e-08, 5.2798e-07, 5.2735e-06,  ..., 6.4378e-07, 1.4226e-05,
         3.8897e-06],
        [5.8028e-07, 8.5856e-07, 4.2882e-06,  ..., 2.8253e-06, 1.0673e-05,
         8.6532e-06]], device='cuda:0'), tensor([[1.6123e-07, 1.4803e-06, 1.6044e-06,  ..., 4.4073e-06, 5.5438e-06,
         5.3337e-06],
        [4.5036e-08, 4.8045e-08, 6.8078e-06,  ..., 2.2279e-05, 1.6828e-05,
         1.9859e-05],
        [8.6730e-08, 1.6031e-06, 4.0726e-06,  ..., 1.1268e-06, 7.7538e-07,
         2.2536e-05],
        ...,
        [8.3575e-07, 1.5100e-06, 3.0910e-06,  ..., 2.9643e-06, 1.8646e-04,
         6.0525e-06],
        [2.1230e-07, 6.5202e-07, 5.0601e-06,  ..., 3.6416e-06, 1.7267e-05,
         2.6151e-05],
        [5.4514e-07, 5.1379e-06, 2.8987e-06,  ..., 6.1037e-07, 1.4052e-05,
         8.0640e-06]], device='cuda:0')]
DEBUG   [05-05 18:26:30] forward in Ensembler:
final predict
DEBUG   [05-05 18:26:30] forward in Ensembler:
tensor([[3.0710e-07, 7.9922e-06, 6.1764e-06,  ..., 1.2995e-05, 1.7113e-05,
         1.8207e-05],
        [1.3778e-07, 1.1502e-06, 1.1061e-05,  ..., 2.5552e-05, 2.0658e-05,
         6.7461e-05],
        [1.0144e-07, 1.9415e-06, 1.5562e-05,  ..., 5.8745e-06, 6.2025e-06,
         3.1283e-05],
        ...,
        [1.0410e-06, 1.6844e-06, 4.3779e-06,  ..., 3.9552e-06, 2.1865e-04,
         1.3214e-05],
        [2.8133e-07, 1.1800e-06, 1.0334e-05,  ..., 4.2854e-06, 3.1493e-05,
         3.0041e-05],
        [1.1254e-06, 5.9965e-06, 7.1869e-06,  ..., 3.4357e-06, 2.4725e-05,
         1.6717e-05]], device='cuda:0')
DEBUG   [05-05 18:26:30] forward in Ensembler:
final confidence
DEBUG   [05-05 18:26:30] forward in Ensembler:
tensor([0.0015, 0.0016, 0.0017,  ..., 0.0008, 0.0007, 0.0007], device='cuda:0')
DEBUG   [05-05 18:26:31] forward in Ensembler:
raw predict
DEBUG   [05-05 18:26:31] forward in Ensembler:
[tensor([[4.0481e-07, 2.0094e-06, 2.5953e-05,  ..., 1.7807e-06, 4.6221e-05,
         2.2215e-05],
        [2.3007e-06, 1.5488e-06, 2.8106e-05,  ..., 3.5057e-06, 2.3972e-05,
         4.1413e-05],
        [9.1295e-07, 1.1262e-05, 1.4109e-05,  ..., 9.0147e-05, 3.4776e-05,
         1.6661e-05],
        ...,
        [6.2540e-08, 6.4521e-08, 1.1991e-05,  ..., 1.3112e-06, 4.7097e-04,
         4.5829e-06],
        [1.2873e-06, 1.5034e-07, 4.9769e-06,  ..., 1.7200e-08, 1.8041e-04,
         1.9546e-05],
        [7.7017e-08, 4.3070e-06, 9.7075e-06,  ..., 2.5664e-06, 5.9577e-05,
         2.0229e-05]], device='cuda:0'), tensor([[2.4511e-07, 1.9372e-06, 6.9567e-06,  ..., 2.0697e-06, 1.4635e-05,
         1.7788e-06],
        [1.0782e-06, 7.9950e-06, 7.9281e-06,  ..., 1.4774e-05, 1.2984e-05,
         6.6591e-05],
        [7.6721e-07, 3.0469e-05, 3.2484e-05,  ..., 8.3531e-06, 6.1503e-06,
         1.0255e-04],
        ...,
        [2.2701e-07, 1.0879e-06, 5.0051e-06,  ..., 1.1938e-05, 6.4934e-05,
         1.8714e-05],
        [1.3508e-06, 1.8841e-07, 3.3676e-06,  ..., 2.0127e-06, 1.1591e-04,
         7.5212e-06],
        [1.7009e-07, 1.7086e-07, 2.5083e-06,  ..., 1.0445e-06, 1.2960e-04,
         3.2388e-06]], device='cuda:0')]
DEBUG   [05-05 18:26:31] forward in Ensembler:
raw confidence
DEBUG   [05-05 18:26:31] forward in Ensembler:
[tensor([0.0015, 0.0006, 0.0007,  ..., 0.0023, 0.0955, 0.0020], device='cuda:0'), tensor([0.0021, 0.0004, 0.0010,  ..., 0.0023, 0.0128, 0.0025], device='cuda:0')]
DEBUG   [05-05 18:26:31] forward in Ensembler:
weighted predict
DEBUG   [05-05 18:26:31] forward in Ensembler:
[tensor([[2.0241e-07, 1.0047e-06, 1.2976e-05,  ..., 8.9037e-07, 2.3111e-05,
         1.1108e-05],
        [1.1503e-06, 7.7439e-07, 1.4053e-05,  ..., 1.7528e-06, 1.1986e-05,
         2.0707e-05],
        [4.5648e-07, 5.6311e-06, 7.0543e-06,  ..., 4.5073e-05, 1.7388e-05,
         8.3303e-06],
        ...,
        [3.1270e-08, 3.2260e-08, 5.9953e-06,  ..., 6.5562e-07, 2.3548e-04,
         2.2915e-06],
        [6.4367e-07, 7.5171e-08, 2.4885e-06,  ..., 8.6001e-09, 9.0204e-05,
         9.7730e-06],
        [3.8508e-08, 2.1535e-06, 4.8537e-06,  ..., 1.2832e-06, 2.9789e-05,
         1.0115e-05]], device='cuda:0'), tensor([[1.2256e-07, 9.6860e-07, 3.4784e-06,  ..., 1.0348e-06, 7.3176e-06,
         8.8940e-07],
        [5.3908e-07, 3.9975e-06, 3.9641e-06,  ..., 7.3870e-06, 6.4922e-06,
         3.3296e-05],
        [3.8360e-07, 1.5234e-05, 1.6242e-05,  ..., 4.1766e-06, 3.0752e-06,
         5.1275e-05],
        ...,
        [1.1350e-07, 5.4393e-07, 2.5026e-06,  ..., 5.9692e-06, 3.2467e-05,
         9.3572e-06],
        [6.7542e-07, 9.4204e-08, 1.6838e-06,  ..., 1.0064e-06, 5.7956e-05,
         3.7606e-06],
        [8.5047e-08, 8.5429e-08, 1.2541e-06,  ..., 5.2225e-07, 6.4799e-05,
         1.6194e-06]], device='cuda:0')]
DEBUG   [05-05 18:26:31] forward in Ensembler:
final predict
DEBUG   [05-05 18:26:31] forward in Ensembler:
tensor([[3.2496e-07, 1.9733e-06, 1.6455e-05,  ..., 1.9252e-06, 3.0428e-05,
         1.1997e-05],
        [1.6894e-06, 4.7719e-06, 1.8017e-05,  ..., 9.1398e-06, 1.8478e-05,
         5.4002e-05],
        [8.4008e-07, 2.0865e-05, 2.3296e-05,  ..., 4.9250e-05, 2.0463e-05,
         5.9606e-05],
        ...,
        [1.4477e-07, 5.7619e-07, 8.4979e-06,  ..., 6.6248e-06, 2.6795e-04,
         1.1649e-05],
        [1.3191e-06, 1.6937e-07, 4.1723e-06,  ..., 1.0150e-06, 1.4816e-04,
         1.3534e-05],
        [1.2356e-07, 2.2389e-06, 6.1079e-06,  ..., 1.8055e-06, 9.4587e-05,
         1.1734e-05]], device='cuda:0')
DEBUG   [05-05 18:26:31] forward in Ensembler:
final confidence
DEBUG   [05-05 18:26:31] forward in Ensembler:
tensor([0.0013, 0.0004, 0.0006,  ..., 0.0014, 0.0541, 0.0018], device='cuda:0')
DEBUG   [05-05 18:26:33] forward in Ensembler:
raw predict
DEBUG   [05-05 18:26:33] forward in Ensembler:
[tensor([[1.6636e-07, 1.6546e-05, 1.5588e-05,  ..., 1.2869e-05, 5.9719e-05,
         1.5021e-05],
        [2.1687e-06, 3.7782e-05, 1.0592e-05,  ..., 1.3211e-06, 9.5439e-05,
         6.6525e-05],
        [1.0110e-06, 9.3398e-07, 2.1829e-05,  ..., 1.0638e-05, 3.4894e-05,
         7.1865e-05],
        ...,
        [1.8600e-07, 2.4522e-06, 2.1318e-05,  ..., 2.9944e-06, 6.1565e-06,
         3.4051e-05],
        [4.3647e-07, 2.7171e-07, 6.3671e-06,  ..., 8.2650e-07, 2.4383e-05,
         2.5688e-06],
        [1.9349e-07, 1.5442e-06, 1.0478e-05,  ..., 3.7655e-06, 8.5054e-06,
         2.0006e-05]], device='cuda:0'), tensor([[2.4187e-07, 6.0504e-06, 1.8015e-05,  ..., 2.8495e-05, 1.8888e-05,
         7.5061e-05],
        [1.0054e-06, 8.1728e-06, 1.2175e-05,  ..., 8.6809e-06, 1.0538e-04,
         1.7150e-05],
        [2.8532e-07, 8.5945e-08, 2.2477e-05,  ..., 2.3465e-05, 1.9308e-05,
         1.6605e-05],
        ...,
        [5.5646e-07, 2.6278e-05, 1.8015e-05,  ..., 3.7079e-06, 1.2216e-05,
         3.4815e-05],
        [1.0667e-06, 1.7410e-05, 8.9279e-06,  ..., 2.7381e-06, 2.7405e-05,
         1.8447e-05],
        [1.6227e-06, 1.0063e-05, 3.3528e-05,  ..., 3.5010e-05, 8.3969e-05,
         6.9551e-06]], device='cuda:0')]
DEBUG   [05-05 18:26:33] forward in Ensembler:
raw confidence
DEBUG   [05-05 18:26:33] forward in Ensembler:
[tensor([0.0010, 0.0009, 0.0009,  ..., 0.0009, 0.0017, 0.0009], device='cuda:0'), tensor([0.0005, 0.0007, 0.0010,  ..., 0.0006, 0.0010, 0.0004], device='cuda:0')]
DEBUG   [05-05 18:26:33] forward in Ensembler:
weighted predict
DEBUG   [05-05 18:26:33] forward in Ensembler:
[tensor([[8.3182e-08, 8.2731e-06, 7.7941e-06,  ..., 6.4346e-06, 2.9860e-05,
         7.5106e-06],
        [1.0843e-06, 1.8891e-05, 5.2961e-06,  ..., 6.6055e-07, 4.7719e-05,
         3.3263e-05],
        [5.0549e-07, 4.6699e-07, 1.0915e-05,  ..., 5.3189e-06, 1.7447e-05,
         3.5933e-05],
        ...,
        [9.3001e-08, 1.2261e-06, 1.0659e-05,  ..., 1.4972e-06, 3.0782e-06,
         1.7025e-05],
        [2.1823e-07, 1.3585e-07, 3.1836e-06,  ..., 4.1325e-07, 1.2191e-05,
         1.2844e-06],
        [9.6744e-08, 7.7210e-07, 5.2391e-06,  ..., 1.8828e-06, 4.2527e-06,
         1.0003e-05]], device='cuda:0'), tensor([[1.2094e-07, 3.0252e-06, 9.0074e-06,  ..., 1.4248e-05, 9.4438e-06,
         3.7531e-05],
        [5.0271e-07, 4.0864e-06, 6.0877e-06,  ..., 4.3405e-06, 5.2688e-05,
         8.5751e-06],
        [1.4266e-07, 4.2972e-08, 1.1238e-05,  ..., 1.1733e-05, 9.6541e-06,
         8.3024e-06],
        ...,
        [2.7823e-07, 1.3139e-05, 9.0077e-06,  ..., 1.8540e-06, 6.1080e-06,
         1.7407e-05],
        [5.3333e-07, 8.7052e-06, 4.4640e-06,  ..., 1.3690e-06, 1.3702e-05,
         9.2233e-06],
        [8.1134e-07, 5.0313e-06, 1.6764e-05,  ..., 1.7505e-05, 4.1985e-05,
         3.4776e-06]], device='cuda:0')]
DEBUG   [05-05 18:26:33] forward in Ensembler:
final predict
DEBUG   [05-05 18:26:33] forward in Ensembler:
tensor([[2.0412e-07, 1.1298e-05, 1.6801e-05,  ..., 2.0682e-05, 3.9303e-05,
         4.5041e-05],
        [1.5871e-06, 2.2978e-05, 1.1384e-05,  ..., 5.0010e-06, 1.0041e-04,
         4.1838e-05],
        [6.4815e-07, 5.0996e-07, 2.2153e-05,  ..., 1.7052e-05, 2.7101e-05,
         4.4235e-05],
        ...,
        [3.7123e-07, 1.4365e-05, 1.9667e-05,  ..., 3.3512e-06, 9.1862e-06,
         3.4433e-05],
        [7.5157e-07, 8.8411e-06, 7.6475e-06,  ..., 1.7823e-06, 2.5894e-05,
         1.0508e-05],
        [9.0809e-07, 5.8034e-06, 2.2003e-05,  ..., 1.9388e-05, 4.6237e-05,
         1.3481e-05]], device='cuda:0')
DEBUG   [05-05 18:26:33] forward in Ensembler:
final confidence
DEBUG   [05-05 18:26:33] forward in Ensembler:
tensor([0.0007, 0.0006, 0.0006,  ..., 0.0008, 0.0010, 0.0006], device='cuda:0')
DEBUG   [05-05 18:26:34] forward in Ensembler:
raw predict
DEBUG   [05-05 18:26:34] forward in Ensembler:
[tensor([[5.4965e-07, 1.1601e-06, 3.1576e-05,  ..., 8.4495e-06, 1.7867e-05,
         8.7414e-05],
        [3.6129e-06, 4.2912e-06, 1.5209e-05,  ..., 2.0086e-05, 8.4344e-05,
         1.3783e-05],
        [4.4528e-07, 1.8126e-06, 2.1350e-06,  ..., 5.9310e-07, 4.7851e-05,
         3.0028e-05],
        ...,
        [1.7672e-06, 7.2380e-06, 1.8041e-05,  ..., 2.2675e-06, 3.5335e-05,
         2.9456e-05],
        [5.8464e-08, 2.1270e-06, 2.5879e-05,  ..., 8.3015e-06, 4.5239e-06,
         2.0901e-05],
        [4.6103e-08, 4.4331e-06, 8.0309e-05,  ..., 1.1561e-06, 2.9804e-06,
         1.1844e-05]], device='cuda:0'), tensor([[6.3111e-07, 4.1661e-06, 1.3991e-05,  ..., 6.8863e-06, 1.1302e-05,
         2.0920e-05],
        [4.8314e-06, 8.9579e-06, 1.5960e-05,  ..., 9.2904e-06, 3.8828e-05,
         5.9314e-06],
        [2.2221e-07, 2.5111e-06, 1.0043e-05,  ..., 9.1650e-07, 1.4140e-05,
         6.1694e-06],
        ...,
        [9.9982e-07, 9.5601e-06, 1.5462e-05,  ..., 1.2007e-06, 4.8304e-05,
         9.3420e-05],
        [1.3137e-07, 1.0201e-05, 1.1254e-05,  ..., 2.9829e-05, 2.2615e-06,
         7.7884e-05],
        [1.2323e-07, 1.8637e-05, 3.3935e-05,  ..., 1.2032e-06, 3.4168e-06,
         1.0323e-04]], device='cuda:0')]
DEBUG   [05-05 18:26:34] forward in Ensembler:
raw confidence
DEBUG   [05-05 18:26:34] forward in Ensembler:
[tensor([0.0022, 0.0004, 0.0016,  ..., 0.0015, 0.0027, 0.0050], device='cuda:0'), tensor([0.0011, 0.0009, 0.0009,  ..., 0.0021, 0.0009, 0.0017], device='cuda:0')]
DEBUG   [05-05 18:26:34] forward in Ensembler:
weighted predict
DEBUG   [05-05 18:26:34] forward in Ensembler:
[tensor([[2.7482e-07, 5.8004e-07, 1.5788e-05,  ..., 4.2248e-06, 8.9333e-06,
         4.3707e-05],
        [1.8064e-06, 2.1456e-06, 7.6044e-06,  ..., 1.0043e-05, 4.2172e-05,
         6.8915e-06],
        [2.2264e-07, 9.0631e-07, 1.0675e-06,  ..., 2.9655e-07, 2.3926e-05,
         1.5014e-05],
        ...,
        [8.8358e-07, 3.6190e-06, 9.0206e-06,  ..., 1.1338e-06, 1.7667e-05,
         1.4728e-05],
        [2.9232e-08, 1.0635e-06, 1.2939e-05,  ..., 4.1508e-06, 2.2620e-06,
         1.0450e-05],
        [2.3051e-08, 2.2165e-06, 4.0154e-05,  ..., 5.7805e-07, 1.4902e-06,
         5.9219e-06]], device='cuda:0'), tensor([[3.1555e-07, 2.0830e-06, 6.9953e-06,  ..., 3.4431e-06, 5.6509e-06,
         1.0460e-05],
        [2.4157e-06, 4.4790e-06, 7.9800e-06,  ..., 4.6452e-06, 1.9414e-05,
         2.9657e-06],
        [1.1110e-07, 1.2555e-06, 5.0217e-06,  ..., 4.5825e-07, 7.0702e-06,
         3.0847e-06],
        ...,
        [4.9991e-07, 4.7800e-06, 7.7311e-06,  ..., 6.0036e-07, 2.4152e-05,
         4.6710e-05],
        [6.5685e-08, 5.1003e-06, 5.6272e-06,  ..., 1.4914e-05, 1.1307e-06,
         3.8942e-05],
        [6.1617e-08, 9.3187e-06, 1.6967e-05,  ..., 6.0162e-07, 1.7084e-06,
         5.1614e-05]], device='cuda:0')]
DEBUG   [05-05 18:26:34] forward in Ensembler:
final predict
DEBUG   [05-05 18:26:34] forward in Ensembler:
tensor([[5.9038e-07, 2.6631e-06, 2.2784e-05,  ..., 7.6679e-06, 1.4584e-05,
         5.4167e-05],
        [4.2221e-06, 6.6246e-06, 1.5584e-05,  ..., 1.4688e-05, 6.1586e-05,
         9.8573e-06],
        [3.3375e-07, 2.1619e-06, 6.0892e-06,  ..., 7.5480e-07, 3.0996e-05,
         1.8099e-05],
        ...,
        [1.3835e-06, 8.3991e-06, 1.6752e-05,  ..., 1.7341e-06, 4.1820e-05,
         6.1438e-05],
        [9.4917e-08, 6.1638e-06, 1.8567e-05,  ..., 1.9065e-05, 3.3927e-06,
         4.9392e-05],
        [8.4669e-08, 1.1535e-05, 5.7122e-05,  ..., 1.1797e-06, 3.1986e-06,
         5.7535e-05]], device='cuda:0')
DEBUG   [05-05 18:26:34] forward in Ensembler:
final confidence
DEBUG   [05-05 18:26:34] forward in Ensembler:
tensor([0.0017, 0.0005, 0.0012,  ..., 0.0018, 0.0016, 0.0030], device='cuda:0')
INFO    [05-05 18:27:10] test_mentor in DistillTrainer:
{'Recall@10': 0.06164771720767021, 'NDCG@10': 0.03833414658904075, 'MRR@10': 0.031211747154593468, 'Recall@5': 0.04500478357076645, 'NDCG@5': 0.03296767055988312, 'MRR@5': 0.029006101861596106, 'Recall*@10': 0.06575129061937332, 'NDCG*@10': 0.04076294526457787, 'MRR*@10': 0.03312544248998165, 'Recall*@5': 0.04801308467984199, 'NDCG*@5': 0.035045683085918426, 'MRR*@5': 0.0307771535217762}
INFO    [05-05 18:27:10] train in DistillTrainer:
result:
{'Recall@10': 0.06164771720767021, 'NDCG@10': 0.03833414658904075, 'MRR@10': 0.031211747154593468, 'Recall@5': 0.04500478357076645, 'NDCG@5': 0.03296767055988312, 'MRR@5': 0.029006101861596106, 'Recall*@10': 0.06575129061937332, 'NDCG*@10': 0.04076294526457787, 'MRR*@10': 0.03312544248998165, 'Recall*@5': 0.04801308467984199, 'NDCG*@5': 0.035045683085918426, 'MRR*@5': 0.0307771535217762}
INFO    [05-05 18:27:50] log in loggers:
Update Best NDCG@10 Model at 0
INFO    [05-05 18:27:52] validate in BasicTrainer:
{'Recall@10': 0.00033203125, 'NDCG@10': 0.00014112540433416142, 'MRR@10': 8.473617323033978e-05, 'Recall@5': 0.000146484375, 'NDCG@5': 8.149782719556242e-05, 'MRR@5': 6.03841150586959e-05, 'Recall*@10': 0.00031247938983142376, 'NDCG*@10': 0.00013840028928825633, 'MRR*@10': 8.687235858815257e-05, 'Recall*@5': 0.00014406405622139574, 'NDCG*@5': 8.445796614978463e-05, 'MRR*@5': 6.494511442724616e-05}
INFO    [05-05 18:27:52] train in BasicTrainer:
epoch: 0
DEBUG   [05-05 18:27:53] calculate_loss in loss:
soft_target max: 0.6770743131637573, argmax 82804649
DEBUG   [05-05 18:27:53] calculate_loss in loss:
pred max in softmax: 3.422421286813915e-05, argmax 110193085
INFO    [05-05 18:28:11] _train_one_epoch in BasicTrainer:
loss = 8.567823014817796
INFO    [05-05 18:29:07] log in loggers:
Update Best NDCG@10 Model at 0
INFO    [05-05 18:29:10] validate in BasicTrainer:
{'Recall@10': 0.03621209442615509, 'NDCG@10': 0.01833989270031452, 'MRR@10': 0.012907715924084186, 'Recall@5': 0.02329414926469326, 'NDCG@5': 0.014184161722660064, 'MRR@5': 0.011204985491931439, 'Recall*@10': 0.03921556293964386, 'NDCG*@10': 0.020274180620908737, 'MRR*@10': 0.014510459788143635, 'Recall*@5': 0.025482973158359526, 'NDCG*@5': 0.01586590737104416, 'MRR*@5': 0.01270999375730753}
INFO    [05-05 18:29:10] train in BasicTrainer:
duration: 77.67363023757935s
INFO    [05-05 18:29:10] train in BasicTrainer:
epoch: 1
INFO    [05-05 18:29:27] _train_one_epoch in BasicTrainer:
loss = 8.173474973386472
INFO    [05-05 18:30:09] log in loggers:
Update Best NDCG@10 Model at 1
INFO    [05-05 18:30:09] validate in BasicTrainer:
{'Recall@10': 0.036709605604410174, 'NDCG@10': 0.019728350937366485, 'MRR@10': 0.014580384492874146, 'Recall@5': 0.023851861283183097, 'NDCG@5': 0.015602991580963135, 'MRR@5': 0.012896692752838135, 'Recall*@10': 0.03989070624113083, 'NDCG*@10': 0.021680732294917106, 'MRR*@10': 0.016162653118371964, 'Recall*@5': 0.025964711979031562, 'NDCG*@5': 0.01721628077328205, 'MRR*@5': 0.014342821761965751}
INFO    [05-05 18:30:09] train in BasicTrainer:
duration: 59.47796058654785s
INFO    [05-05 18:30:09] train in BasicTrainer:
epoch: 2
INFO    [05-05 18:30:27] _train_one_epoch in BasicTrainer:
loss = 8.030717656419084
INFO    [05-05 18:31:07] log in loggers:
Update Best NDCG@10 Model at 2
INFO    [05-05 18:31:07] validate in BasicTrainer:
{'Recall@10': 0.037547306567430494, 'NDCG@10': 0.02015631675720215, 'MRR@10': 0.014889601767063141, 'Recall@5': 0.024350443854928017, 'NDCG@5': 0.015925355218350888, 'MRR@5': 0.013164977952837944, 'Recall*@10': 0.041088342219591144, 'NDCG*@10': 0.022331360504031183, 'MRR*@10': 0.016647813208401203, 'Recall*@5': 0.026758706346154213, 'NDCG*@5': 0.01773066435009241, 'MRR*@5': 0.014768660739064217}
INFO    [05-05 18:31:07] train in BasicTrainer:
duration: 57.84561347961426s
INFO    [05-05 18:31:07] train in BasicTrainer:
epoch: 3
INFO    [05-05 18:31:26] _train_one_epoch in BasicTrainer:
loss = 7.882260915395376
INFO    [05-05 18:32:07] log in loggers:
Update Best NDCG@10 Model at 3
INFO    [05-05 18:32:07] validate in BasicTrainer:
{'Recall@10': 0.04132219478487968, 'NDCG@10': 0.022310183495283128, 'MRR@10': 0.01653425510972738, 'Recall@5': 0.02732401505112648, 'NDCG@5': 0.017807287089526655, 'MRR@5': 0.014689803570508957, 'Recall*@10': 0.044749803245067596, 'NDCG*@10': 0.02439519926905632, 'MRR*@10': 0.01821483187377453, 'Recall*@5': 0.029661422967910765, 'NDCG*@5': 0.019543156549334525, 'MRR*@5': 0.016228167675435543}
INFO    [05-05 18:32:07] train in BasicTrainer:
duration: 59.885786056518555s
INFO    [05-05 18:32:07] train in BasicTrainer:
epoch: 4
INFO    [05-05 18:32:25] _train_one_epoch in BasicTrainer:
loss = 7.805713962864232
INFO    [05-05 18:33:05] log in loggers:
Update Best NDCG@10 Model at 4
INFO    [05-05 18:33:07] validate in BasicTrainer:
{'Recall@10': 0.04314651310443878, 'NDCG@10': 0.02307155430316925, 'MRR@10': 0.01697208106517792, 'Recall@5': 0.028334159925580023, 'NDCG@5': 0.01830427959561348, 'MRR@5': 0.015018047206103802, 'Recall*@10': 0.046985994279384616, 'NDCG*@10': 0.025282364040613174, 'MRR*@10': 0.018690698966383933, 'Recall*@5': 0.030929690599441527, 'NDCG*@5': 0.020113284811377526, 'MRR*@5': 0.016571191102266312}
INFO    [05-05 18:33:07] train in BasicTrainer:
duration: 59.981098890304565s
INFO    [05-05 18:33:07] train in BasicTrainer:
epoch: 5
INFO    [05-05 18:33:28] _train_one_epoch in BasicTrainer:
loss = 7.715144333538708
INFO    [05-05 18:34:09] log in loggers:
Update Best NDCG@10 Model at 5
INFO    [05-05 18:34:10] validate in BasicTrainer:
{'Recall@10': 0.04734293013811111, 'NDCG@10': 0.02542081266641617, 'MRR@10': 0.01875799924135208, 'Recall@5': 0.0313917487859726, 'NDCG@5': 0.020296330749988555, 'MRR@5': 0.01666236072778702, 'Recall*@10': 0.05125842288136482, 'NDCG*@10': 0.02775548815727234, 'MRR*@10': 0.02061108723282814, 'Recall*@5': 0.034174794703722, 'NDCG*@5': 0.022265678495168684, 'MRR*@5': 0.018365239650011064}
INFO    [05-05 18:34:10] train in BasicTrainer:
duration: 62.93868088722229s
INFO    [05-05 18:34:10] train in BasicTrainer:
epoch: 6
INFO    [05-05 18:34:27] _train_one_epoch in BasicTrainer:
loss = 7.617230793377301
INFO    [05-05 18:35:08] log in loggers:
Update Best NDCG@10 Model at 6
INFO    [05-05 18:35:08] validate in BasicTrainer:
{'Recall@10': 0.048720418959856036, 'NDCG@10': 0.02643387794494629, 'MRR@10': 0.019653859660029412, 'Recall@5': 0.03222063228487968, 'NDCG@5': 0.02112449936568737, 'MRR@5': 0.017478161379694938, 'Recall*@10': 0.052666261196136474, 'NDCG*@10': 0.028636489883065223, 'MRR*@10': 0.02132945314049721, 'Recall*@5': 0.03486945003271103, 'NDCG*@5': 0.02291221760213375, 'MRR*@5': 0.01898519095033407}
INFO    [05-05 18:35:08] train in BasicTrainer:
duration: 58.59260153770447s
INFO    [05-05 18:35:08] train in BasicTrainer:
epoch: 7
INFO    [05-05 18:35:27] _train_one_epoch in BasicTrainer:
loss = 7.55147749668843
INFO    [05-05 18:36:07] log in loggers:
Update Best NDCG@10 Model at 7
INFO    [05-05 18:36:08] validate in BasicTrainer:
{'Recall@10': 0.04963130056858063, 'NDCG@10': 0.026918829157948493, 'MRR@10': 0.020023790672421455, 'Recall@5': 0.03265687122941017, 'NDCG@5': 0.02147729240357876, 'MRR@5': 0.017805838510394096, 'Recall*@10': 0.053596711307764056, 'NDCG*@10': 0.0291811241209507, 'MRR*@10': 0.02176858864724636, 'Recall*@5': 0.035444120988249776, 'NDCG*@5': 0.023363202437758447, 'MRR*@5': 0.019397837519645692}
INFO    [05-05 18:36:08] train in BasicTrainer:
duration: 59.16778230667114s
INFO    [05-05 18:36:08] train in BasicTrainer:
epoch: 8
INFO    [05-05 18:36:25] _train_one_epoch in BasicTrainer:
loss = 7.5030009939863875
INFO    [05-05 18:37:05] log in loggers:
Update Best NDCG@10 Model at 8
INFO    [05-05 18:37:06] validate in BasicTrainer:
{'Recall@10': 0.05026392340660095, 'NDCG@10': 0.027422705590724947, 'MRR@10': 0.020487636253237726, 'Recall@5': 0.033347552120685575, 'NDCG@5': 0.021993064805865287, 'MRR@5': 0.018270754218101502, 'Recall*@10': 0.054615475833415986, 'NDCG*@10': 0.029854027330875398, 'MRR*@10': 0.022337474524974824, 'Recall*@5': 0.03630404703319073, 'NDCG*@5': 0.023972853124141692, 'MRR*@5': 0.01993409179151058}
INFO    [05-05 18:37:06] train in BasicTrainer:
duration: 58.063743591308594s
INFO    [05-05 18:37:06] train in BasicTrainer:
epoch: 9
DEBUG   [05-05 18:37:06] calculate_loss in loss:
soft_target max: 0.6816134452819824, argmax 57202615
DEBUG   [05-05 18:37:06] calculate_loss in loss:
pred max in softmax: 0.10590685158967972, argmax 31398375
DEBUG   [05-05 18:37:06] calculate_loss in loss:
soft_target max: 0.6218034029006958, argmax 116613544
DEBUG   [05-05 18:37:06] calculate_loss in loss:
pred max in softmax: 0.10797981172800064, argmax 99401043
INFO    [05-05 18:37:23] _train_one_epoch in BasicTrainer:
loss = 7.463030153566653
INFO    [05-05 18:38:03] log in loggers:
Update Best NDCG@10 Model at 9
INFO    [05-05 18:38:03] validate in BasicTrainer:
{'Recall@10': 0.04967745020985603, 'NDCG@10': 0.027676852643489836, 'MRR@10': 0.020970772504806518, 'Recall@5': 0.03377670392394066, 'NDCG@5': 0.02255655489861965, 'MRR@5': 0.01887040853500366, 'Recall*@10': 0.05363433748483658, 'NDCG*@10': 0.029905150756239892, 'MRR*@10': 0.02267342448234558, 'Recall*@5': 0.03647102206945419, 'NDCG*@5': 0.0243782851845026, 'MRR*@5': 0.020406191423535346}
INFO    [05-05 18:38:03] train in BasicTrainer:
duration: 57.6146457195282s
INFO    [05-05 18:38:03] train in BasicTrainer:
epoch: 10
INFO    [05-05 18:38:21] _train_one_epoch in BasicTrainer:
loss = 7.425369924253172
INFO    [05-05 18:39:02] log in loggers:
Update Best NDCG@10 Model at 10
INFO    [05-05 18:39:02] validate in BasicTrainer:
{'Recall@10': 0.05094137817621231, 'NDCG@10': 0.027904400900006295, 'MRR@10': 0.020894896239042282, 'Recall@5': 0.034401044994592664, 'NDCG@5': 0.022592421099543573, 'MRR@5': 0.018724050968885422, 'Recall*@10': 0.05515629976987839, 'NDCG*@10': 0.030371107310056687, 'MRR*@10': 0.022831891551613807, 'Recall*@5': 0.03733925335109234, 'NDCG*@5': 0.02464904248714447, 'MRR*@5': 0.020493312254548073}
INFO    [05-05 18:39:02] train in BasicTrainer:
duration: 58.876904249191284s
INFO    [05-05 18:39:02] train in BasicTrainer:
epoch: 11
INFO    [05-05 18:39:19] _train_one_epoch in BasicTrainer:
loss = 7.3855728587588745
INFO    [05-05 18:39:59] log in loggers:
Update Best NDCG@10 Model at 11
INFO    [05-05 18:40:00] validate in BasicTrainer:
{'Recall@10': 0.052032449692487714, 'NDCG@10': 0.02872662656009197, 'MRR@10': 0.021647493988275528, 'Recall@5': 0.034884505122900006, 'NDCG@5': 0.023217319771647454, 'MRR@5': 0.019395040795207024, 'Recall*@10': 0.05651067018508911, 'NDCG*@10': 0.031207599863409995, 'MRR*@10': 0.02352397881448269, 'Recall*@5': 0.03785961091518402, 'NDCG*@5': 0.025216289088129996, 'MRR*@5': 0.021075037494301795}
INFO    [05-05 18:40:00] train in BasicTrainer:
duration: 57.46040439605713s
INFO    [05-05 18:40:00] train in BasicTrainer:
epoch: 12
INFO    [05-05 18:40:18] _train_one_epoch in BasicTrainer:
loss = 7.3435748976630135
INFO    [05-05 18:40:59] log in loggers:
Update Best NDCG@10 Model at 12
INFO    [05-05 18:40:59] validate in BasicTrainer:
{'Recall@10': 0.05253585338592529, 'NDCG@10': 0.028883340284228325, 'MRR@10': 0.021708087399601936, 'Recall@5': 0.034964772909879684, 'NDCG@5': 0.023246470913290976, 'MRR@5': 0.019407777041196825, 'Recall*@10': 0.05700896918773651, 'NDCG*@10': 0.03142103314399719, 'MRR*@10': 0.02366004101932049, 'Recall*@5': 0.037969935536384586, 'NDCG*@5': 0.025312725231051447, 'MRR*@5': 0.02116703234612942}
INFO    [05-05 18:40:59] train in BasicTrainer:
duration: 59.3191180229187s
INFO    [05-05 18:40:59] train in BasicTrainer:
epoch: 13
INFO    [05-05 18:41:17] _train_one_epoch in BasicTrainer:
loss = 7.298810288712785
INFO    [05-05 18:41:57] log in loggers:
Update Best NDCG@10 Model at 13
INFO    [05-05 18:41:58] validate in BasicTrainer:
{'Recall@10': 0.05307189136743545, 'NDCG@10': 0.029290321096777917, 'MRR@10': 0.02207365497946739, 'Recall@5': 0.03566081061959267, 'NDCG@5': 0.023698901161551475, 'MRR@5': 0.019788832999765874, 'Recall*@10': 0.057659643292427065, 'NDCG*@10': 0.03192700669169426, 'MRR*@10': 0.02411650337278843, 'Recall*@5': 0.03876801297068596, 'NDCG*@5': 0.025856928452849388, 'MRR*@5': 0.021634182929992675}
INFO    [05-05 18:41:58] train in BasicTrainer:
duration: 58.78988790512085s
INFO    [05-05 18:41:58] train in BasicTrainer:
epoch: 14
INFO    [05-05 18:42:15] _train_one_epoch in BasicTrainer:
loss = 7.254587577269958
INFO    [05-05 18:42:55] log in loggers:
Update Best NDCG@10 Model at 14
INFO    [05-05 18:42:55] validate in BasicTrainer:
{'Recall@10': 0.05364699199795723, 'NDCG@10': 0.029957345724105834, 'MRR@10': 0.022764987424016, 'Recall@5': 0.035815453678369524, 'NDCG@5': 0.024223850071430207, 'MRR@5': 0.020418313220143317, 'Recall*@10': 0.05812754556536674, 'NDCG*@10': 0.032500957399606706, 'MRR*@10': 0.02471894957125187, 'Recall*@5': 0.038836590796709064, 'NDCG*@5': 0.02629322327673435, 'MRR*@5': 0.022175253704190254}
INFO    [05-05 18:42:55] train in BasicTrainer:
duration: 57.4945433139801s
INFO    [05-05 18:42:55] train in BasicTrainer:
epoch: 15
INFO    [05-05 18:43:13] _train_one_epoch in BasicTrainer:
loss = 7.210574321918659
INFO    [05-05 18:43:54] validate in BasicTrainer:
{'Recall@10': 0.05428336456418038, 'NDCG@10': 0.029914120733737944, 'MRR@10': 0.022513455227017403, 'Recall@5': 0.036451826244592665, 'NDCG@5': 0.024186415374279024, 'MRR@5': 0.020171922110021116, 'Recall*@10': 0.05890356183052063, 'NDCG*@10': 0.03256015919148922, 'MRR*@10': 0.02455104686319828, 'Recall*@5': 0.03993286177515984, 'NDCG*@5': 0.02646644487977028, 'MRR*@5': 0.02205990009009838}
INFO    [05-05 18:43:54] train in BasicTrainer:
duration: 58.84985303878784s
INFO    [05-05 18:43:54] train in BasicTrainer:
epoch: 16
INFO    [05-05 18:44:12] _train_one_epoch in BasicTrainer:
loss = 7.170251378067979
INFO    [05-05 18:44:51] log in loggers:
Update Best NDCG@10 Model at 16
INFO    [05-05 18:44:52] validate in BasicTrainer:
{'Recall@10': 0.05475920185446739, 'NDCG@10': 0.030467768386006355, 'MRR@10': 0.02307986244559288, 'Recall@5': 0.03729982867836952, 'NDCG@5': 0.02485830456018448, 'MRR@5': 0.0207860653847456, 'Recall*@10': 0.0591848124563694, 'NDCG*@10': 0.03304053269326687, 'MRR*@10': 0.025079372003674508, 'Recall*@5': 0.04071287602186203, 'NDCG*@5': 0.027104254588484766, 'MRR*@5': 0.02265116907656193}
INFO    [05-05 18:44:52] train in BasicTrainer:
duration: 57.4978506565094s
INFO    [05-05 18:44:52] train in BasicTrainer:
epoch: 17
INFO    [05-05 18:45:10] _train_one_epoch in BasicTrainer:
loss = 7.132074364670762
INFO    [05-05 18:45:51] log in loggers:
Update Best NDCG@10 Model at 17
INFO    [05-05 18:45:51] validate in BasicTrainer:
{'Recall@10': 0.05517525061964989, 'NDCG@10': 0.030736089795827867, 'MRR@10': 0.02332086279988289, 'Recall@5': 0.037078969031572345, 'NDCG@5': 0.024920072630047797, 'MRR@5': 0.02094167619943619, 'Recall*@10': 0.05961369976401329, 'NDCG*@10': 0.03334377497434616, 'MRR*@10': 0.025363409891724586, 'Recall*@5': 0.040442055761814116, 'NDCG*@5': 0.027176546677947045, 'MRR*@5': 0.022837196588516236}
INFO    [05-05 18:45:51] train in BasicTrainer:
duration: 59.36579155921936s
INFO    [05-05 18:45:51] train in BasicTrainer:
epoch: 18
DEBUG   [05-05 18:45:52] calculate_loss in loss:
soft_target max: 0.5869272947311401, argmax 42765585
DEBUG   [05-05 18:45:52] calculate_loss in loss:
pred max in softmax: 0.617297351360321, argmax 110509551
DEBUG   [05-05 18:45:52] calculate_loss in loss:
soft_target max: 0.581540584564209, argmax 11900843
DEBUG   [05-05 18:45:52] calculate_loss in loss:
pred max in softmax: 0.5557224750518799, argmax 114752966
INFO    [05-05 18:46:10] _train_one_epoch in BasicTrainer:
loss = 7.093658082120053
INFO    [05-05 18:46:50] log in loggers:
Update Best NDCG@10 Model at 18
INFO    [05-05 18:46:50] validate in BasicTrainer:
{'Recall@10': 0.055161735117435454, 'NDCG@10': 0.0307877067476511, 'MRR@10': 0.023377382084727286, 'Recall@5': 0.037566714584827424, 'NDCG@5': 0.025133328735828398, 'MRR@5': 0.021064330339431763, 'Recall*@10': 0.0598094542324543, 'NDCG*@10': 0.03355417154729366, 'MRR*@10': 0.025572249814867973, 'Recall*@5': 0.04091848224401474, 'NDCG*@5': 0.02748000346124172, 'MRR*@5': 0.02308542899787426}
INFO    [05-05 18:46:50] train in BasicTrainer:
duration: 59.07697558403015s
INFO    [05-05 18:46:50] train in BasicTrainer:
epoch: 19
INFO    [05-05 18:47:08] _train_one_epoch in BasicTrainer:
loss = 7.057532400698276
INFO    [05-05 18:47:49] log in loggers:
Update Best NDCG@10 Model at 19
INFO    [05-05 18:47:49] validate in BasicTrainer:
{'Recall@10': 0.05579089760780334, 'NDCG@10': 0.031045410558581354, 'MRR@10': 0.02351856738328934, 'Recall@5': 0.037326323837041854, 'NDCG@5': 0.02508086398243904, 'MRR@5': 0.02106072589755058, 'Recall*@10': 0.06034558892250061, 'NDCG*@10': 0.033735310062766075, 'MRR*@10': 0.02564106859266758, 'Recall*@5': 0.04055813208222389, 'NDCG*@5': 0.027340877130627633, 'MRR*@5': 0.023004682511091234}
INFO    [05-05 18:47:49] train in BasicTrainer:
duration: 59.36324143409729s
INFO    [05-05 18:47:49] train in BasicTrainer:
epoch: 20
INFO    [05-05 18:48:07] _train_one_epoch in BasicTrainer:
loss = 7.02398884403813
INFO    [05-05 18:48:48] validate in BasicTrainer:
{'Recall@10': 0.055498587638139724, 'NDCG@10': 0.030955944433808325, 'MRR@10': 0.02350960373878479, 'Recall@5': 0.03742999583482742, 'NDCG@5': 0.025167193487286566, 'MRR@5': 0.021152023896574973, 'Recall*@10': 0.05992249920964241, 'NDCG*@10': 0.03350855462253094, 'MRR*@10': 0.025488638505339622, 'Recall*@5': 0.04065827563405037, 'NDCG*@5': 0.027334149107337, 'MRR*@5': 0.022972298935055733}
INFO    [05-05 18:48:48] train in BasicTrainer:
duration: 58.21129560470581s
INFO    [05-05 18:48:48] train in BasicTrainer:
epoch: 21
INFO    [05-05 18:49:06] _train_one_epoch in BasicTrainer:
loss = 6.9902792019887015
INFO    [05-05 18:49:47] log in loggers:
Update Best NDCG@10 Model at 21
INFO    [05-05 18:49:47] validate in BasicTrainer:
{'Recall@10': 0.05595048487186432, 'NDCG@10': 0.03130930051207542, 'MRR@10': 0.023827675208449365, 'Recall@5': 0.037463042587041855, 'NDCG@5': 0.0253659850358963, 'MRR@5': 0.021395111083984376, 'Recall*@10': 0.06052977547049523, 'NDCG*@10': 0.03395066931843758, 'MRR*@10': 0.025878817364573477, 'Recall*@5': 0.0407810552418232, 'NDCG*@5': 0.027601844295859337, 'MRR*@5': 0.023280363976955414}
INFO    [05-05 18:49:47] train in BasicTrainer:
duration: 59.661471366882324s
INFO    [05-05 18:49:47] train in BasicTrainer:
epoch: 22
INFO    [05-05 18:50:05] _train_one_epoch in BasicTrainer:
loss = 6.959156358564222
INFO    [05-05 18:50:45] log in loggers:
Update Best NDCG@10 Model at 22
INFO    [05-05 18:50:45] validate in BasicTrainer:
{'Recall@10': 0.05590927958488465, 'NDCG@10': 0.03148706883192062, 'MRR@10': 0.02406188890337944, 'Recall@5': 0.03754771903157234, 'NDCG@5': 0.025568301752209664, 'MRR@5': 0.021630438566207884, 'Recall*@10': 0.060311095118522645, 'NDCG*@10': 0.03407699957489967, 'MRR*@10': 0.026090243384242057, 'Recall*@5': 0.040803972780704495, 'NDCG*@5': 0.027782617285847664, 'MRR*@5': 0.02350084960460663}
INFO    [05-05 18:50:45] train in BasicTrainer:
duration: 58.255736351013184s
INFO    [05-05 18:50:45] train in BasicTrainer:
epoch: 23
INFO    [05-05 18:51:03] _train_one_epoch in BasicTrainer:
loss = 6.927018934541994
INFO    [05-05 18:51:43] log in loggers:
Update Best NDCG@10 Model at 23
INFO    [05-05 18:51:44] validate in BasicTrainer:
{'Recall@10': 0.05684237092733383, 'NDCG@10': 0.03182031601667404, 'MRR@10': 0.02423286534845829, 'Recall@5': 0.037804839462041856, 'NDCG@5': 0.025692802369594574, 'MRR@5': 0.021720989644527434, 'Recall*@10': 0.06132929399609566, 'NDCG*@10': 0.0344707402586937, 'MRR*@10': 0.026325489208102227, 'Recall*@5': 0.04090285733342171, 'NDCG*@5': 0.027890727370977402, 'MRR*@5': 0.023624875470995902}
INFO    [05-05 18:51:44] train in BasicTrainer:
duration: 58.12644290924072s
INFO    [05-05 18:51:44] train in BasicTrainer:
epoch: 24
INFO    [05-05 18:52:02] _train_one_epoch in BasicTrainer:
loss = 6.8972000903911415
INFO    [05-05 18:52:43] log in loggers:
Update Best NDCG@10 Model at 24
INFO    [05-05 18:52:43] validate in BasicTrainer:
{'Recall@10': 0.0579903057217598, 'NDCG@10': 0.032494151517748836, 'MRR@10': 0.024757133200764656, 'Recall@5': 0.03891865640878677, 'NDCG@5': 0.026364073604345322, 'MRR@5': 0.02224833905696869, 'Recall*@10': 0.06259196028113365, 'NDCG*@10': 0.035016985088586805, 'MRR*@10': 0.026654557883739473, 'Recall*@5': 0.041823609918355945, 'NDCG*@5': 0.028336049392819404, 'MRR*@5': 0.023917129933834075}
INFO    [05-05 18:52:43] train in BasicTrainer:
duration: 59.567519187927246s
INFO    [05-05 18:52:43] train in BasicTrainer:
epoch: 25
INFO    [05-05 18:53:02] _train_one_epoch in BasicTrainer:
loss = 6.865872902913137
INFO    [05-05 18:53:41] validate in BasicTrainer:
{'Recall@10': 0.057372928857803346, 'NDCG@10': 0.03227954261004925, 'MRR@10': 0.024662827774882316, 'Recall@5': 0.03873953774571419, 'NDCG@5': 0.026297448277473448, 'MRR@5': 0.02221952237188816, 'Recall*@10': 0.06158949881792068, 'NDCG*@10': 0.034751796796917915, 'MRR*@10': 0.02660205937922001, 'Recall*@5': 0.0417131045460701, 'NDCG*@5': 0.0283718703687191, 'MRR*@5': 0.02399699367582798}
INFO    [05-05 18:53:41] train in BasicTrainer:
duration: 58.206414222717285s
INFO    [05-05 18:53:41] train in BasicTrainer:
epoch: 26
INFO    [05-05 18:54:00] _train_one_epoch in BasicTrainer:
loss = 6.8378944268097746
INFO    [05-05 18:54:41] validate in BasicTrainer:
{'Recall@10': 0.05760730385780335, 'NDCG@10': 0.03231288976967335, 'MRR@10': 0.02463051438331604, 'Recall@5': 0.038694582730531696, 'NDCG@5': 0.026237266659736632, 'MRR@5': 0.022146513238549232, 'Recall*@10': 0.06184272706508637, 'NDCG*@10': 0.034881777688860895, 'MRR*@10': 0.02668559342622757, 'Recall*@5': 0.04177255943417549, 'NDCG*@5': 0.028427376747131347, 'MRR*@5': 0.024042611718177797}
INFO    [05-05 18:54:41] train in BasicTrainer:
duration: 59.733341455459595s
INFO    [05-05 18:54:41] train in BasicTrainer:
epoch: 27
DEBUG   [05-05 18:54:42] calculate_loss in loss:
soft_target max: 0.596599280834198, argmax 114628425
DEBUG   [05-05 18:54:42] calculate_loss in loss:
pred max in softmax: 0.7585707902908325, argmax 3260747
DEBUG   [05-05 18:54:42] calculate_loss in loss:
soft_target max: 0.6471335887908936, argmax 10881241
DEBUG   [05-05 18:54:42] calculate_loss in loss:
pred max in softmax: 0.8712550401687622, argmax 10881241
INFO    [05-05 18:54:59] _train_one_epoch in BasicTrainer:
loss = 6.809866561545982
INFO    [05-05 18:55:38] log in loggers:
Update Best NDCG@10 Model at 27
INFO    [05-05 18:55:39] validate in BasicTrainer:
{'Recall@10': 0.058183475732803344, 'NDCG@10': 0.03284640043973923, 'MRR@10': 0.025147559568285942, 'Recall@5': 0.03932988405227661, 'NDCG@5': 0.026779940724372862, 'MRR@5': 0.022661736831068993, 'Recall*@10': 0.06221885710954666, 'NDCG*@10': 0.035222599059343336, 'MRR*@10': 0.027014894634485243, 'Recall*@5': 0.0421893435716629, 'NDCG*@5': 0.028776754662394523, 'MRR*@5': 0.02437304399907589}
INFO    [05-05 18:55:39] train in BasicTrainer:
duration: 57.667277574539185s
INFO    [05-05 18:55:39] train in BasicTrainer:
epoch: 28
INFO    [05-05 18:55:57] _train_one_epoch in BasicTrainer:
loss = 6.7841206026506855
INFO    [05-05 18:56:39] log in loggers:
Update Best NDCG@10 Model at 28
INFO    [05-05 18:56:39] validate in BasicTrainer:
{'Recall@10': 0.05849210262298584, 'NDCG@10': 0.032972041219472885, 'MRR@10': 0.025221675783395767, 'Recall@5': 0.039735631495714185, 'NDCG@5': 0.026949294358491898, 'MRR@5': 0.02276089459657669, 'Recall*@10': 0.0626477788388729, 'NDCG*@10': 0.03543260022997856, 'MRR*@10': 0.027163141667842866, 'Recall*@5': 0.04271245777606964, 'NDCG*@5': 0.029026271179318427, 'MRR*@5': 0.024542642310261726}
INFO    [05-05 18:56:39] train in BasicTrainer:
duration: 60.38871431350708s
INFO    [05-05 18:56:39] train in BasicTrainer:
epoch: 29
INFO    [05-05 18:56:57] _train_one_epoch in BasicTrainer:
loss = 6.759581613111067
INFO    [05-05 18:57:37] log in loggers:
Update Best NDCG@10 Model at 29
INFO    [05-05 18:57:38] validate in BasicTrainer:
{'Recall@10': 0.058958586454391476, 'NDCG@10': 0.033246827125549314, 'MRR@10': 0.025438697412610053, 'Recall@5': 0.03984466046094894, 'NDCG@5': 0.027099059224128724, 'MRR@5': 0.022920762151479722, 'Recall*@10': 0.06301520019769669, 'NDCG*@10': 0.035641830414533615, 'MRR*@10': 0.027328210920095443, 'Recall*@5': 0.04262042641639709, 'NDCG*@5': 0.02907733350992203, 'MRR*@5': 0.024636675044894217}
INFO    [05-05 18:57:38] train in BasicTrainer:
duration: 58.47245168685913s
INFO    [05-05 18:57:38] train in BasicTrainer:
epoch: 30
INFO    [05-05 18:57:55] _train_one_epoch in BasicTrainer:
loss = 6.733068204140878
INFO    [05-05 18:58:35] log in loggers:
Update Best NDCG@10 Model at 30
INFO    [05-05 18:58:35] validate in BasicTrainer:
{'Recall@10': 0.059616220891475676, 'NDCG@10': 0.03381511397659778, 'MRR@10': 0.025977539867162704, 'Recall@5': 0.04023314267396927, 'NDCG@5': 0.027568077817559242, 'MRR@5': 0.023411826342344285, 'Recall*@10': 0.06370504170656205, 'NDCG*@10': 0.036170315369963645, 'MRR*@10': 0.027808277904987334, 'Recall*@5': 0.04294271230697632, 'NDCG*@5': 0.02947895035147667, 'MRR*@5': 0.025060067176818846}
INFO    [05-05 18:58:35] train in BasicTrainer:
duration: 57.437788248062134s
INFO    [05-05 18:58:35] train in BasicTrainer:
epoch: 31
INFO    [05-05 18:58:53] _train_one_epoch in BasicTrainer:
loss = 6.710871236818331
INFO    [05-05 18:59:34] log in loggers:
Update Best NDCG@10 Model at 31
INFO    [05-05 18:59:34] validate in BasicTrainer:
{'Recall@10': 0.06036549538373947, 'NDCG@10': 0.03425906129181385, 'MRR@10': 0.02634810909628868, 'Recall@5': 0.04056249544024468, 'NDCG@5': 0.02790660969913006, 'MRR@5': 0.02375634089112282, 'Recall*@10': 0.06431756541132927, 'NDCG*@10': 0.03657666571438312, 'MRR*@10': 0.028161466866731644, 'Recall*@5': 0.04343257933855057, 'NDCG*@5': 0.029875351786613463, 'MRR*@5': 0.02542633257806301}
INFO    [05-05 18:59:34] train in BasicTrainer:
duration: 59.361000537872314s
INFO    [05-05 18:59:34] train in BasicTrainer:
epoch: 32
INFO    [05-05 18:59:52] _train_one_epoch in BasicTrainer:
loss = 6.686337866224684
INFO    [05-05 19:00:32] validate in BasicTrainer:
{'Recall@10': 0.05968136608600617, 'NDCG@10': 0.034098819866776466, 'MRR@10': 0.02632421039044857, 'Recall@5': 0.040643834620714185, 'NDCG@5': 0.027974553108215332, 'MRR@5': 0.023815643861889838, 'Recall*@10': 0.0636437763273716, 'NDCG*@10': 0.03635974496603012, 'MRR*@10': 0.028068677112460135, 'Recall*@5': 0.04329477787017822, 'NDCG*@5': 0.02981339193880558, 'MRR*@5': 0.025387049913406373}
INFO    [05-05 19:00:32] train in BasicTrainer:
duration: 57.25419044494629s
INFO    [05-05 19:00:32] train in BasicTrainer:
epoch: 33
INFO    [05-05 19:00:50] _train_one_epoch in BasicTrainer:
loss = 6.6649161759797515
INFO    [05-05 19:01:31] log in loggers:
Update Best NDCG@10 Model at 33
INFO    [05-05 19:01:32] validate in BasicTrainer:
{'Recall@10': 0.06083424538373947, 'NDCG@10': 0.034811090603470804, 'MRR@10': 0.026901624649763107, 'Recall@5': 0.04141424760222435, 'NDCG@5': 0.028567369505763055, 'MRR@5': 0.02434579372406006, 'Recall*@10': 0.06495979398488999, 'NDCG*@10': 0.037132145762443544, 'MRR*@10': 0.028673850744962693, 'Recall*@5': 0.04423983797430992, 'NDCG*@5': 0.030466030165553094, 'MRR*@5': 0.025942622795701028}
INFO    [05-05 19:01:32] train in BasicTrainer:
duration: 59.82975769042969s
INFO    [05-05 19:01:32] train in BasicTrainer:
epoch: 34
INFO    [05-05 19:01:49] _train_one_epoch in BasicTrainer:
loss = 6.64218874235411
INFO    [05-05 19:02:30] validate in BasicTrainer:
{'Recall@10': 0.06076427906751633, 'NDCG@10': 0.03479453414678574, 'MRR@10': 0.026905397921800613, 'Recall@5': 0.04156996190547943, 'NDCG@5': 0.02863755524158478, 'MRR@5': 0.024393042325973512, 'Recall*@10': 0.06434034436941147, 'NDCG*@10': 0.036935993358492854, 'MRR*@10': 0.02860656216740608, 'Recall*@5': 0.044184305369853974, 'NDCG*@5': 0.030467161536216737, 'MRR*@5': 0.025965066030621528}
INFO    [05-05 19:02:30] train in BasicTrainer:
duration: 58.04371237754822s
INFO    [05-05 19:02:30] train in BasicTrainer:
epoch: 35
INFO    [05-05 19:02:47] _train_one_epoch in BasicTrainer:
loss = 6.623339343715358
INFO    [05-05 19:03:27] log in loggers:
Update Best NDCG@10 Model at 35
INFO    [05-05 19:03:28] validate in BasicTrainer:
{'Recall@10': 0.06109404444694519, 'NDCG@10': 0.03496660403907299, 'MRR@10': 0.027035919576883317, 'Recall@5': 0.041396859139204024, 'NDCG@5': 0.02863987274467945, 'MRR@5': 0.024449794068932534, 'Recall*@10': 0.06486713618040085, 'NDCG*@10': 0.03710688069462776, 'MRR*@10': 0.0286848296970129, 'Recall*@5': 0.04390502944588661, 'NDCG*@5': 0.030378189831972123, 'MRR*@5': 0.02593684457242489}
INFO    [05-05 19:03:28] train in BasicTrainer:
duration: 58.04934120178223s
INFO    [05-05 19:03:28] train in BasicTrainer:
epoch: 36
DEBUG   [05-05 19:03:29] calculate_loss in loss:
soft_target max: 0.6251770257949829, argmax 28929014
DEBUG   [05-05 19:03:29] calculate_loss in loss:
pred max in softmax: 0.9314979910850525, argmax 31622358
DEBUG   [05-05 19:03:29] calculate_loss in loss:
soft_target max: 0.8241779208183289, argmax 86579945
DEBUG   [05-05 19:03:29] calculate_loss in loss:
pred max in softmax: 0.9999350309371948, argmax 8344662
INFO    [05-05 19:03:46] _train_one_epoch in BasicTrainer:
loss = 6.602481395274669
INFO    [05-05 19:04:27] log in loggers:
Update Best NDCG@10 Model at 36
INFO    [05-05 19:04:27] validate in BasicTrainer:
{'Recall@10': 0.061215640604496004, 'NDCG@10': 0.03529137849807739, 'MRR@10': 0.027407147586345673, 'Recall@5': 0.04239723846316337, 'NDCG@5': 0.02924543686211109, 'MRR@5': 0.024935091584920882, 'Recall*@10': 0.06489883720874787, 'NDCG*@10': 0.037379761785268785, 'MRR*@10': 0.029008284881711005, 'Recall*@5': 0.045017791390419004, 'NDCG*@5': 0.030996955409646035, 'MRR*@5': 0.026401169300079345}
INFO    [05-05 19:04:27] train in BasicTrainer:
duration: 59.3881311416626s
INFO    [05-05 19:04:27] train in BasicTrainer:
epoch: 37
INFO    [05-05 19:04:44] _train_one_epoch in BasicTrainer:
loss = 6.583166423144641
INFO    [05-05 19:05:24] log in loggers:
Update Best NDCG@10 Model at 37
INFO    [05-05 19:05:24] validate in BasicTrainer:
{'Recall@10': 0.061316511034965514, 'NDCG@10': 0.03540485270321369, 'MRR@10': 0.027542380318045616, 'Recall@5': 0.041680062264204024, 'NDCG@5': 0.029078044220805167, 'MRR@5': 0.0249446676671505, 'Recall*@10': 0.06502536654472352, 'NDCG*@10': 0.037597024738788606, 'MRR*@10': 0.029279732927680015, 'Recall*@5': 0.044171292036771774, 'NDCG*@5': 0.03088019646704197, 'MRR*@5': 0.026523067504167556}
INFO    [05-05 19:05:24] train in BasicTrainer:
duration: 57.3622407913208s
INFO    [05-05 19:05:24] train in BasicTrainer:
epoch: 38
INFO    [05-05 19:05:42] _train_one_epoch in BasicTrainer:
loss = 6.564724415272206
INFO    [05-05 19:06:23] log in loggers:
Update Best NDCG@10 Model at 38
INFO    [05-05 19:06:23] validate in BasicTrainer:
{'Recall@10': 0.061309423744678494, 'NDCG@10': 0.03571286469697952, 'MRR@10': 0.027934596762061118, 'Recall@5': 0.042242059707641604, 'NDCG@5': 0.029587253108620645, 'MRR@5': 0.025430093333125115, 'Recall*@10': 0.0650943797826767, 'NDCG*@10': 0.03793255016207695, 'MRR*@10': 0.029676890820264815, 'Recall*@5': 0.044897533655166626, 'NDCG*@5': 0.031446012184023854, 'MRR*@5': 0.027025913074612617}
INFO    [05-05 19:06:23] train in BasicTrainer:
duration: 59.00639081001282s
INFO    [05-05 19:06:23] train in BasicTrainer:
epoch: 39
INFO    [05-05 19:06:40] _train_one_epoch in BasicTrainer:
loss = 6.544993022540668
INFO    [05-05 19:07:21] log in loggers:
Update Best NDCG@10 Model at 39
INFO    [05-05 19:07:21] validate in BasicTrainer:
{'Recall@10': 0.061762515604496, 'NDCG@10': 0.03627470627427101, 'MRR@10': 0.028530748039484025, 'Recall@5': 0.042703186869621275, 'NDCG@5': 0.03015126280486584, 'MRR@5': 0.026026733964681626, 'Recall*@10': 0.06552264302968978, 'NDCG*@10': 0.03853699117898941, 'MRR*@10': 0.03034072570502758, 'Recall*@5': 0.04519821122288704, 'NDCG*@5': 0.032005552276968954, 'MRR*@5': 0.027668923512101172}
INFO    [05-05 19:07:21] train in BasicTrainer:
duration: 57.42171597480774s
INFO    [05-05 19:07:21] train in BasicTrainer:
epoch: 40
INFO    [05-05 19:07:39] _train_one_epoch in BasicTrainer:
loss = 6.528753220498025
INFO    [05-05 19:08:20] log in loggers:
Update Best NDCG@10 Model at 40
INFO    [05-05 19:08:20] validate in BasicTrainer:
{'Recall@10': 0.06193335235118866, 'NDCG@10': 0.036306590735912324, 'MRR@10': 0.028516048416495323, 'Recall@5': 0.0430130085349083, 'NDCG@5': 0.030214964896440506, 'MRR@5': 0.02601773142814636, 'Recall*@10': 0.06538266137242317, 'NDCG*@10': 0.038436060398817064, 'MRR*@10': 0.030245427712798117, 'Recall*@5': 0.04551348075270653, 'NDCG*@5': 0.032036004737019536, 'MRR*@5': 0.027618716582655908}
INFO    [05-05 19:08:20] train in BasicTrainer:
duration: 59.431867361068726s
INFO    [05-05 19:08:20] train in BasicTrainer:
epoch: 41
INFO    [05-05 19:08:38] _train_one_epoch in BasicTrainer:
loss = 6.51044360581819
INFO    [05-05 19:09:18] log in loggers:
Update Best NDCG@10 Model at 41
INFO    [05-05 19:09:19] validate in BasicTrainer:
{'Recall@10': 0.06294242590665818, 'NDCG@10': 0.0368508729338646, 'MRR@10': 0.028911762461066245, 'Recall@5': 0.043876133263111114, 'NDCG@5': 0.03073023147881031, 'MRR@5': 0.02641171619296074, 'Recall*@10': 0.06650433734059334, 'NDCG*@10': 0.038975501358509065, 'MRR*@10': 0.030599291995167734, 'Recall*@5': 0.04639164075255394, 'NDCG*@5': 0.03251617223024368, 'MRR*@5': 0.02795931100845337}
INFO    [05-05 19:09:19] train in BasicTrainer:
duration: 58.69944930076599s
INFO    [05-05 19:09:19] train in BasicTrainer:
epoch: 42
INFO    [05-05 19:09:36] _train_one_epoch in BasicTrainer:
loss = 6.492021058056806
INFO    [05-05 19:10:16] log in loggers:
Update Best NDCG@10 Model at 42
INFO    [05-05 19:10:17] validate in BasicTrainer:
{'Recall@10': 0.06242216944694519, 'NDCG@10': 0.036865807473659515, 'MRR@10': 0.029088550880551338, 'Recall@5': 0.043876133263111114, 'NDCG@5': 0.030903494581580163, 'MRR@5': 0.0266487742215395, 'Recall*@10': 0.06601889997720718, 'NDCG*@10': 0.03903707802295685, 'MRR*@10': 0.030827139019966126, 'Recall*@5': 0.046480810344219206, 'NDCG*@5': 0.03276038944721222, 'MRR*@5': 0.02826140947639942}
INFO    [05-05 19:10:17] train in BasicTrainer:
duration: 57.60311794281006s
INFO    [05-05 19:10:17] train in BasicTrainer:
epoch: 43
INFO    [05-05 19:10:35] _train_one_epoch in BasicTrainer:
loss = 6.480303476522635
INFO    [05-05 19:11:16] log in loggers:
Update Best NDCG@10 Model at 43
INFO    [05-05 19:11:16] validate in BasicTrainer:
{'Recall@10': 0.06351966917514801, 'NDCG@10': 0.03741594448685646, 'MRR@10': 0.029463206678628923, 'Recall@5': 0.04439638987183571, 'NDCG@5': 0.031262675896286965, 'MRR@5': 0.02694183260202408, 'Recall*@10': 0.0672033630311489, 'NDCG*@10': 0.03969924867153168, 'MRR*@10': 0.03132152959704399, 'Recall*@5': 0.04702565297484398, 'NDCG*@5': 0.03320931613445282, 'MRR*@5': 0.028663859814405442}
INFO    [05-05 19:11:16] train in BasicTrainer:
duration: 59.30672860145569s
INFO    [05-05 19:11:16] train in BasicTrainer:
epoch: 44
INFO    [05-05 19:11:34] _train_one_epoch in BasicTrainer:
loss = 6.461570726858603
INFO    [05-05 19:12:13] validate in BasicTrainer:
{'Recall@10': 0.06278403311967849, 'NDCG@10': 0.037196415811777114, 'MRR@10': 0.02940213307738304, 'Recall@5': 0.044246691316366195, 'NDCG@5': 0.031227001771330833, 'MRR@5': 0.026952976807951928, 'Recall*@10': 0.0663954721391201, 'NDCG*@10': 0.03930376797914505, 'MRR*@10': 0.031054136753082277, 'Recall*@5': 0.04684134185314179, 'NDCG*@5': 0.03301884055137634, 'MRR*@5': 0.028482435941696166}
INFO    [05-05 19:12:13] train in BasicTrainer:
duration: 57.587982416152954s
INFO    [05-05 19:12:13] train in BasicTrainer:
epoch: 45
DEBUG   [05-05 19:12:15] calculate_loss in loss:
soft_target max: 0.8352974653244019, argmax 92420904
DEBUG   [05-05 19:12:15] calculate_loss in loss:
pred max in softmax: 0.9964518547058105, argmax 46310801
DEBUG   [05-05 19:12:15] calculate_loss in loss:
soft_target max: 0.7040660381317139, argmax 68058287
DEBUG   [05-05 19:12:15] calculate_loss in loss:
pred max in softmax: 0.9892969727516174, argmax 53405243
INFO    [05-05 19:12:32] _train_one_epoch in BasicTrainer:
loss = 6.4464422818776725
INFO    [05-05 19:13:12] validate in BasicTrainer:
{'Recall@10': 0.0629212874174118, 'NDCG@10': 0.03732774883508682, 'MRR@10': 0.029537714496254922, 'Recall@5': 0.044362807422876356, 'NDCG@5': 0.031370385438203814, 'MRR@5': 0.02710506707429886, 'Recall*@10': 0.0663983853161335, 'NDCG*@10': 0.039391327053308486, 'MRR*@10': 0.031172671616077424, 'Recall*@5': 0.04675662219524383, 'NDCG*@5': 0.033086782470345494, 'MRR*@5': 0.028598483726382254}
INFO    [05-05 19:13:12] train in BasicTrainer:
duration: 58.80514693260193s
INFO    [05-05 19:13:12] train in BasicTrainer:
epoch: 46
INFO    [05-05 19:13:30] _train_one_epoch in BasicTrainer:
loss = 6.432799811835761
INFO    [05-05 19:14:10] log in loggers:
Update Best NDCG@10 Model at 46
INFO    [05-05 19:14:10] validate in BasicTrainer:
{'Recall@10': 0.06388153284788131, 'NDCG@10': 0.03783211961388588, 'MRR@10': 0.02990494966506958, 'Recall@5': 0.04474152415990829, 'NDCG@5': 0.031670409366488454, 'MRR@5': 0.027378254905343055, 'Recall*@10': 0.06747539132833481, 'NDCG*@10': 0.039970842450857164, 'MRR*@10': 0.031599550992250446, 'Recall*@5': 0.04720497339963913, 'NDCG*@5': 0.03344453349709511, 'MRR*@5': 0.028923033252358437}
INFO    [05-05 19:14:10] train in BasicTrainer:
duration: 57.84731459617615s
INFO    [05-05 19:14:10] train in BasicTrainer:
epoch: 47
INFO    [05-05 19:14:28] _train_one_epoch in BasicTrainer:
loss = 6.417381913812311
INFO    [05-05 19:15:09] log in loggers:
Update Best NDCG@10 Model at 47
INFO    [05-05 19:15:09] validate in BasicTrainer:
{'Recall@10': 0.06350186824798584, 'NDCG@10': 0.037847135215997696, 'MRR@10': 0.03004077360033989, 'Recall@5': 0.0449862003326416, 'NDCG@5': 0.031911594644188884, 'MRR@5': 0.027621457278728487, 'Recall*@10': 0.06699247375130653, 'NDCG*@10': 0.04005704835057258, 'MRR*@10': 0.031863448172807694, 'Recall*@5': 0.047557357400655746, 'NDCG*@5': 0.03382517978549004, 'MRR*@5': 0.029322388768196105}
INFO    [05-05 19:15:09] train in BasicTrainer:
duration: 58.950066804885864s
INFO    [05-05 19:15:09] train in BasicTrainer:
epoch: 48
INFO    [05-05 19:15:26] _train_one_epoch in BasicTrainer:
loss = 6.403055229702511
INFO    [05-05 19:16:07] log in loggers:
Update Best NDCG@10 Model at 48
INFO    [05-05 19:16:07] validate in BasicTrainer:
{'Recall@10': 0.06436552882194518, 'NDCG@10': 0.03842893645167351, 'MRR@10': 0.030530586391687393, 'Recall@5': 0.045529202371835706, 'NDCG@5': 0.032380951568484306, 'MRR@5': 0.028059844672679902, 'Recall*@10': 0.0680022157728672, 'NDCG*@10': 0.04062270522117615, 'MRR*@10': 0.032283341065049175, 'Recall*@5': 0.0481543818116188, 'NDCG*@5': 0.03425513453781605, 'MRR*@5': 0.029685185551643373}
INFO    [05-05 19:16:07] train in BasicTrainer:
duration: 58.071611166000366s
INFO    [05-05 19:16:07] train in BasicTrainer:
epoch: 49
INFO    [05-05 19:16:24] _train_one_epoch in BasicTrainer:
loss = 6.390295574256966
INFO    [05-05 19:17:04] validate in BasicTrainer:
{'Recall@10': 0.06371831893920898, 'NDCG@10': 0.038061817586421964, 'MRR@10': 0.03024146966636181, 'Recall@5': 0.04529054179787636, 'NDCG@5': 0.03212819129228592, 'MRR@5': 0.02780735619366169, 'Recall*@10': 0.06735013827681541, 'NDCG*@10': 0.040183739066123964, 'MRR*@10': 0.03190350852906704, 'Recall*@5': 0.04787064403295517, 'NDCG*@5': 0.033913361206650734, 'MRR*@5': 0.02933245472609997}
INFO    [05-05 19:17:04] train in BasicTrainer:
duration: 56.94162631034851s
INFO    [05-05 19:17:04] train in BasicTrainer:
epoch: 50
INFO    [05-05 19:17:23] _train_one_epoch in BasicTrainer:
loss = 6.376831402649751
INFO    [05-05 19:18:03] log in loggers:
Update Best NDCG@10 Model at 50
INFO    [05-05 19:18:04] validate in BasicTrainer:
{'Recall@10': 0.06490799486637115, 'NDCG@10': 0.03853602945804596, 'MRR@10': 0.030510969758033753, 'Recall@5': 0.04567675814032555, 'NDCG@5': 0.032373031750321385, 'MRR@5': 0.02800000138580799, 'Recall*@10': 0.06842003732919694, 'NDCG*@10': 0.040674109905958176, 'MRR*@10': 0.03222791284322739, 'Recall*@5': 0.048348495215177534, 'NDCG*@5': 0.03424834132194519, 'MRR*@5': 0.029613748863339423}
INFO    [05-05 19:18:04] train in BasicTrainer:
duration: 59.51846122741699s
INFO    [05-05 19:18:04] train in BasicTrainer:
epoch: 51
INFO    [05-05 19:18:21] _train_one_epoch in BasicTrainer:
loss = 6.36846923828125
INFO    [05-05 19:19:01] log in loggers:
Update Best NDCG@10 Model at 51
INFO    [05-05 19:19:01] validate in BasicTrainer:
{'Recall@10': 0.06486184537410736, 'NDCG@10': 0.03863258987665177, 'MRR@10': 0.030653166845440866, 'Recall@5': 0.04551997244358063, 'NDCG@5': 0.03240634620189667, 'MRR@5': 0.028099657222628593, 'Recall*@10': 0.06833594530820847, 'NDCG*@10': 0.04063773423433304, 'MRR*@10': 0.03221030995249748, 'Recall*@5': 0.048082245737314226, 'NDCG*@5': 0.03412699945271015, 'MRR*@5': 0.029545398727059365}
INFO    [05-05 19:19:01] train in BasicTrainer:
duration: 57.908344984054565s
INFO    [05-05 19:19:01] train in BasicTrainer:
epoch: 52
INFO    [05-05 19:19:20] _train_one_epoch in BasicTrainer:
loss = 6.353058926694028
INFO    [05-05 19:20:01] log in loggers:
Update Best NDCG@10 Model at 52
INFO    [05-05 19:20:01] validate in BasicTrainer:
{'Recall@10': 0.06460311770439148, 'NDCG@10': 0.0390452367067337, 'MRR@10': 0.03126251712441444, 'Recall@5': 0.04602069780230522, 'NDCG@5': 0.03307189308106899, 'MRR@5': 0.028818397000432015, 'Recall*@10': 0.0680670540034771, 'NDCG*@10': 0.04115869626402855, 'MRR*@10': 0.03296148180961609, 'Recall*@5': 0.04859149619936943, 'NDCG*@5': 0.034893233105540274, 'MRR*@5': 0.03039493940770626}
INFO    [05-05 19:20:01] train in BasicTrainer:
duration: 59.684086322784424s
INFO    [05-05 19:20:01] train in BasicTrainer:
epoch: 53
INFO    [05-05 19:20:18] _train_one_epoch in BasicTrainer:
loss = 6.340626029280929
INFO    [05-05 19:20:58] validate in BasicTrainer:
{'Recall@10': 0.06452606409788132, 'NDCG@10': 0.03903743326663971, 'MRR@10': 0.03127546861767769, 'Recall@5': 0.04611513987183571, 'NDCG@5': 0.033118261769413945, 'MRR@5': 0.028852256834506988, 'Recall*@10': 0.06787305772304535, 'NDCG*@10': 0.04109248355031014, 'MRR*@10': 0.03293812498450279, 'Recall*@5': 0.04858681008219719, 'NDCG*@5': 0.03489308714866638, 'MRR*@5': 0.03040079981088638}
INFO    [05-05 19:20:58] train in BasicTrainer:
duration: 57.15595030784607s
INFO    [05-05 19:20:58] train in BasicTrainer:
epoch: 54
DEBUG   [05-05 19:21:00] calculate_loss in loss:
soft_target max: 0.6577383279800415, argmax 57311026
DEBUG   [05-05 19:21:00] calculate_loss in loss:
pred max in softmax: 0.9486873745918274, argmax 75971155
DEBUG   [05-05 19:21:00] calculate_loss in loss:
soft_target max: 0.7541941404342651, argmax 1333673
DEBUG   [05-05 19:21:00] calculate_loss in loss:
pred max in softmax: 0.9830974340438843, argmax 78887656
INFO    [05-05 19:21:17] _train_one_epoch in BasicTrainer:
loss = 6.329646389763634
INFO    [05-05 19:21:57] log in loggers:
Update Best NDCG@10 Model at 54
INFO    [05-05 19:21:57] validate in BasicTrainer:
{'Recall@10': 0.06493622034788132, 'NDCG@10': 0.03923212170600891, 'MRR@10': 0.03140859059989452, 'Recall@5': 0.04612222701311111, 'NDCG@5': 0.03318481922149658, 'MRR@5': 0.02893404006958008, 'Recall*@10': 0.06818715542554855, 'NDCG*@10': 0.04128512069582939, 'MRR*@10': 0.03309005238115788, 'Recall*@5': 0.04865757465362549, 'NDCG*@5': 0.03500171907246113, 'MRR*@5': 0.03051537327468395}
INFO    [05-05 19:21:57] train in BasicTrainer:
duration: 59.040061712265015s
INFO    [05-05 19:21:57] train in BasicTrainer:
epoch: 55
INFO    [05-05 19:22:15] _train_one_epoch in BasicTrainer:
loss = 6.319590362342629
INFO    [05-05 19:22:54] validate in BasicTrainer:
{'Recall@10': 0.06576951265335083, 'NDCG@10': 0.03922809824347496, 'MRR@10': 0.031167025715112685, 'Recall@5': 0.0459029746055603, 'NDCG@5': 0.03284431025385857, 'MRR@5': 0.028556150570511817, 'Recall*@10': 0.06935634061694146, 'NDCG*@10': 0.04127056986093521, 'MRR*@10': 0.03273715578019619, 'Recall*@5': 0.04839587613940239, 'NDCG*@5': 0.03453615836799145, 'MRR*@5': 0.029983199313282968}
INFO    [05-05 19:22:54] train in BasicTrainer:
duration: 57.02066111564636s
INFO    [05-05 19:22:54] train in BasicTrainer:
epoch: 56
INFO    [05-05 19:23:12] _train_one_epoch in BasicTrainer:
loss = 6.307727439983471
INFO    [05-05 19:23:53] log in loggers:
Update Best NDCG@10 Model at 56
INFO    [05-05 19:23:53] validate in BasicTrainer:
{'Recall@10': 0.065807503759861, 'NDCG@10': 0.03977771878242493, 'MRR@10': 0.03184027872979641, 'Recall@5': 0.04722240522503853, 'NDCG@5': 0.03380959436297417, 'MRR@5': 0.029401704147458078, 'Recall*@10': 0.06906595021486282, 'NDCG*@10': 0.041717711240053176, 'MRR*@10': 0.033369255289435386, 'Recall*@5': 0.049813229441642765, 'NDCG*@5': 0.03553132928907871, 'MRR*@5': 0.03083925597369671}
INFO    [05-05 19:23:53] train in BasicTrainer:
duration: 58.813475370407104s
INFO    [05-05 19:23:53] train in BasicTrainer:
epoch: 57
INFO    [05-05 19:24:11] _train_one_epoch in BasicTrainer:
loss = 6.298138064307135
INFO    [05-05 19:24:51] log in loggers:
Update Best NDCG@10 Model at 57
INFO    [05-05 19:24:51] validate in BasicTrainer:
{'Recall@10': 0.06619705736637116, 'NDCG@10': 0.04004258409142494, 'MRR@10': 0.032077012732625004, 'Recall@5': 0.047195374369621276, 'NDCG@5': 0.0339280853420496, 'MRR@5': 0.029570828452706338, 'Recall*@10': 0.06959163054823875, 'NDCG*@10': 0.04208865135908127, 'MRR*@10': 0.03370638445019722, 'Recall*@5': 0.04969856172800064, 'NDCG*@5': 0.03568252563476562, 'MRR*@5': 0.031077759489417076}
INFO    [05-05 19:24:51] train in BasicTrainer:
duration: 58.197815895080566s
INFO    [05-05 19:24:51] train in BasicTrainer:
epoch: 58
INFO    [05-05 19:25:09] _train_one_epoch in BasicTrainer:
loss = 6.288212720338289
INFO    [05-05 19:25:49] log in loggers:
Update Best NDCG@10 Model at 58
INFO    [05-05 19:25:49] validate in BasicTrainer:
{'Recall@10': 0.06637444585561753, 'NDCG@10': 0.04011002853512764, 'MRR@10': 0.03211280845105648, 'Recall@5': 0.04710468217730522, 'NDCG@5': 0.033899143263697626, 'MRR@5': 0.02956184111535549, 'Recall*@10': 0.06981494098901748, 'NDCG*@10': 0.04213924363255501, 'MRR*@10': 0.03371107786893845, 'Recall*@5': 0.04952374562621117, 'NDCG*@5': 0.03560123853385448, 'MRR*@5': 0.031026841774582863}
INFO    [05-05 19:25:49] train in BasicTrainer:
duration: 57.84156608581543s
INFO    [05-05 19:25:49] train in BasicTrainer:
epoch: 59
INFO    [05-05 19:26:08] _train_one_epoch in BasicTrainer:
loss = 6.277812343459946
INFO    [05-05 19:26:48] validate in BasicTrainer:
{'Recall@10': 0.06615745931863785, 'NDCG@10': 0.03999440431594849, 'MRR@10': 0.03202451206743717, 'Recall@5': 0.04720233842730522, 'NDCG@5': 0.033904172107577325, 'MRR@5': 0.029534081071615217, 'Recall*@10': 0.0693517929315567, 'NDCG*@10': 0.04192233189940452, 'MRR*@10': 0.03356372199952602, 'Recall*@5': 0.04951250836253166, 'NDCG*@5': 0.03555181160569191, 'MRR*@5': 0.030960982739925383}
INFO    [05-05 19:26:48] train in BasicTrainer:
duration: 58.96675777435303s
INFO    [05-05 19:26:48] train in BasicTrainer:
epoch: 60
INFO    [05-05 19:27:06] _train_one_epoch in BasicTrainer:
loss = 6.268381943573823
INFO    [05-05 19:27:46] log in loggers:
Update Best NDCG@10 Model at 60
INFO    [05-05 19:27:46] validate in BasicTrainer:
{'Recall@10': 0.066129769384861, 'NDCG@10': 0.04014346957206726, 'MRR@10': 0.03222630999982357, 'Recall@5': 0.04705638960003853, 'NDCG@5': 0.033990880325436595, 'MRR@5': 0.029696044996380806, 'Recall*@10': 0.06952976241707802, 'NDCG*@10': 0.042071316689252854, 'MRR*@10': 0.03370472937822342, 'Recall*@5': 0.04935044720768929, 'NDCG*@5': 0.03556768126785755, 'MRR*@5': 0.031033400818705557}
INFO    [05-05 19:27:46] train in BasicTrainer:
duration: 57.828535318374634s
INFO    [05-05 19:27:46] train in BasicTrainer:
epoch: 61
INFO    [05-05 19:28:05] _train_one_epoch in BasicTrainer:
loss = 6.258032248900817
INFO    [05-05 19:28:45] log in loggers:
Update Best NDCG@10 Model at 61
INFO    [05-05 19:28:45] validate in BasicTrainer:
{'Recall@10': 0.06683891028165817, 'NDCG@10': 0.04033757582306862, 'MRR@10': 0.032269426360726355, 'Recall@5': 0.047461724728345873, 'NDCG@5': 0.03409557580947876, 'MRR@5': 0.02970742605626583, 'Recall*@10': 0.0703254796564579, 'NDCG*@10': 0.042409107536077496, 'MRR*@10': 0.03390261963009834, 'Recall*@5': 0.050075101852416995, 'NDCG*@5': 0.03589039467275143, 'MRR*@5': 0.031229811236262322}
INFO    [05-05 19:28:45] train in BasicTrainer:
duration: 59.2686288356781s
INFO    [05-05 19:28:45] train in BasicTrainer:
epoch: 62
INFO    [05-05 19:29:02] _train_one_epoch in BasicTrainer:
loss = 6.248567868997385
INFO    [05-05 19:29:42] log in loggers:
Update Best NDCG@10 Model at 62
INFO    [05-05 19:29:42] validate in BasicTrainer:
{'Recall@10': 0.06742966890335084, 'NDCG@10': 0.040607832074165344, 'MRR@10': 0.032429209426045415, 'Recall@5': 0.04805569753050804, 'NDCG@5': 0.03436725087463856, 'MRR@5': 0.029868014827370643, 'Recall*@10': 0.07046041458845138, 'NDCG*@10': 0.04250067636370659, 'MRR*@10': 0.03396935671567917, 'Recall*@5': 0.0503519032895565, 'NDCG*@5': 0.036018586084246636, 'MRR*@5': 0.031306120604276656}
INFO    [05-05 19:29:42] train in BasicTrainer:
duration: 57.00743556022644s
INFO    [05-05 19:29:42] train in BasicTrainer:
epoch: 63
DEBUG   [05-05 19:29:45] calculate_loss in loss:
soft_target max: 0.619047224521637, argmax 34736729
DEBUG   [05-05 19:29:45] calculate_loss in loss:
pred max in softmax: 0.9848021864891052, argmax 27393484
DEBUG   [05-05 19:29:45] calculate_loss in loss:
soft_target max: 0.7560312747955322, argmax 37089972
DEBUG   [05-05 19:29:45] calculate_loss in loss:
pred max in softmax: 0.9673370122909546, argmax 118588596
INFO    [05-05 19:30:01] _train_one_epoch in BasicTrainer:
loss = 6.239858889364982
INFO    [05-05 19:30:42] log in loggers:
Update Best NDCG@10 Model at 63
INFO    [05-05 19:30:42] validate in BasicTrainer:
{'Recall@10': 0.06744812875986099, 'NDCG@10': 0.04084821730852127, 'MRR@10': 0.03274570383131504, 'Recall@5': 0.0481718136370182, 'NDCG@5': 0.03464735798537731, 'MRR@5': 0.030205179080367087, 'Recall*@10': 0.07091159790754319, 'NDCG*@10': 0.04285146161913872, 'MRR*@10': 0.03430352129042149, 'Recall*@5': 0.05062694936990738, 'NDCG*@5': 0.03633125238120556, 'MRR*@5': 0.03163520753383636}
INFO    [05-05 19:30:42] train in BasicTrainer:
duration: 59.84193539619446s
INFO    [05-05 19:30:42] train in BasicTrainer:
epoch: 64
INFO    [05-05 19:31:00] _train_one_epoch in BasicTrainer:
loss = 6.231765162837398
INFO    [05-05 19:31:40] log in loggers:
Update Best NDCG@10 Model at 64
INFO    [05-05 19:31:41] validate in BasicTrainer:
{'Recall@10': 0.06809373140335083, 'NDCG@10': 0.041373921930789946, 'MRR@10': 0.033241962417960166, 'Recall@5': 0.04852123335003853, 'NDCG@5': 0.035078329667449, 'MRR@5': 0.03066325008869171, 'Recall*@10': 0.07160718500614166, 'NDCG*@10': 0.04350617125630379, 'MRR*@10': 0.03494660846889019, 'Recall*@5': 0.05127025917172432, 'NDCG*@5': 0.03697165749967098, 'MRR*@5': 0.032273946702480315}
INFO    [05-05 19:31:41] train in BasicTrainer:
duration: 58.440706729888916s
INFO    [05-05 19:31:41] train in BasicTrainer:
epoch: 65
INFO    [05-05 19:31:58] _train_one_epoch in BasicTrainer:
loss = 6.223817713625796
INFO    [05-05 19:32:38] validate in BasicTrainer:
{'Recall@10': 0.06756037175655365, 'NDCG@10': 0.04112277030944824, 'MRR@10': 0.033065232560038564, 'Recall@5': 0.048298766762018205, 'NDCG@5': 0.034905438423156736, 'MRR@5': 0.03050616592168808, 'Recall*@10': 0.07084317594766616, 'NDCG*@10': 0.04303550556302071, 'MRR*@10': 0.03455500558018684, 'Recall*@5': 0.05068556785583496, 'NDCG*@5': 0.03653651267290115, 'MRR*@5': 0.03188441619277001}
INFO    [05-05 19:32:38] train in BasicTrainer:
duration: 56.95250344276428s
INFO    [05-05 19:32:38] train in BasicTrainer:
epoch: 66
INFO    [05-05 19:32:56] _train_one_epoch in BasicTrainer:
loss = 6.215237406996994
INFO    [05-05 19:33:36] validate in BasicTrainer:
{'Recall@10': 0.06775247037410737, 'NDCG@10': 0.04120365351438522, 'MRR@10': 0.03311740130186081, 'Recall@5': 0.04846478238701821, 'NDCG@5': 0.0349989864230156, 'MRR@5': 0.030575713366270064, 'Recall*@10': 0.07111579284071923, 'NDCG*@10': 0.04321679055690766, 'MRR*@10': 0.03472147800028324, 'Recall*@5': 0.050792208313941954, 'NDCG*@5': 0.03667986802756786, 'MRR*@5': 0.03204413965344429}
INFO    [05-05 19:33:36] train in BasicTrainer:
duration: 58.92629814147949s
INFO    [05-05 19:33:36] train in BasicTrainer:
epoch: 67
INFO    [05-05 19:33:54] _train_one_epoch in BasicTrainer:
loss = 6.21027253984331
INFO    [05-05 19:34:34] validate in BasicTrainer:
{'Recall@10': 0.06786590784788132, 'NDCG@10': 0.04129868268966675, 'MRR@10': 0.03319286629557609, 'Recall@5': 0.0487772823870182, 'NDCG@5': 0.03515102632343769, 'MRR@5': 0.030670619755983352, 'Recall*@10': 0.07125301748514175, 'NDCG*@10': 0.0432410591840744, 'MRR*@10': 0.034688937216997145, 'Recall*@5': 0.05130656182765961, 'NDCG*@5': 0.03681435078382492, 'MRR*@5': 0.032050483003258703}
INFO    [05-05 19:34:34] train in BasicTrainer:
duration: 57.67782950401306s
INFO    [05-05 19:34:34] train in BasicTrainer:
epoch: 68
INFO    [05-05 19:34:52] _train_one_epoch in BasicTrainer:
loss = 6.201665285471323
INFO    [05-05 19:35:33] validate in BasicTrainer:
{'Recall@10': 0.06778671145439148, 'NDCG@10': 0.04127187803387642, 'MRR@10': 0.033191479444503784, 'Recall@5': 0.04864979356527328, 'NDCG@5': 0.035110770761966704, 'MRR@5': 0.030664893463253975, 'Recall*@10': 0.07116001635789872, 'NDCG*@10': 0.04325509995222092, 'MRR*@10': 0.03475039191544056, 'Recall*@5': 0.05099224880337715, 'NDCG*@5': 0.03676253721117973, 'MRR*@5': 0.03208834119141102}
INFO    [05-05 19:35:33] train in BasicTrainer:
duration: 59.14153170585632s
INFO    [05-05 19:35:33] train in BasicTrainer:
epoch: 69
INFO    [05-05 19:35:51] _train_one_epoch in BasicTrainer:
loss = 6.194487017554206
INFO    [05-05 19:36:31] log in loggers:
Update Best NDCG@10 Model at 69
INFO    [05-05 19:36:32] validate in BasicTrainer:
{'Recall@10': 0.068766488134861, 'NDCG@10': 0.041693222373723984, 'MRR@10': 0.03344453692436218, 'Recall@5': 0.04897968217730522, 'NDCG@5': 0.03530877694487572, 'MRR@5': 0.03081771358847618, 'Recall*@10': 0.0719897136092186, 'NDCG*@10': 0.04360424771904945, 'MRR*@10': 0.03494363494217396, 'Recall*@5': 0.05154495507478714, 'NDCG*@5': 0.03700017653405666, 'MRR*@5': 0.03222217559814453}
INFO    [05-05 19:36:32] train in BasicTrainer:
duration: 58.216254234313965s
INFO    [05-05 19:36:32] train in BasicTrainer:
epoch: 70
INFO    [05-05 19:36:49] _train_one_epoch in BasicTrainer:
loss = 6.186365204888421
INFO    [05-05 19:37:29] log in loggers:
Update Best NDCG@10 Model at 70
INFO    [05-05 19:37:29] validate in BasicTrainer:
{'Recall@10': 0.06877839654684066, 'NDCG@10': 0.041977076828479766, 'MRR@10': 0.03380898892879486, 'Recall@5': 0.04938382253050804, 'NDCG@5': 0.035732820779085156, 'MRR@5': 0.03124758690595627, 'Recall*@10': 0.07222429394721985, 'NDCG*@10': 0.04395222276449204, 'MRR*@10': 0.03533688105642795, 'Recall*@5': 0.05186308726668358, 'NDCG*@5': 0.037399393767118455, 'MRR*@5': 0.03265076532959938}
INFO    [05-05 19:37:29] train in BasicTrainer:
duration: 57.4847366809845s
INFO    [05-05 19:37:29] train in BasicTrainer:
epoch: 71
INFO    [05-05 19:37:48] _train_one_epoch in BasicTrainer:
loss = 6.179000605334033
INFO    [05-05 19:38:29] log in loggers:
Update Best NDCG@10 Model at 71
INFO    [05-05 19:38:29] validate in BasicTrainer:
{'Recall@10': 0.06870628744363785, 'NDCG@10': 0.04203331843018532, 'MRR@10': 0.03390179172158241, 'Recall@5': 0.04927961483597756, 'NDCG@5': 0.03578295037150383, 'MRR@5': 0.03134076215326786, 'Recall*@10': 0.07201970100402832, 'NDCG*@10': 0.04400239661335945, 'MRR*@10': 0.035458403900265695, 'Recall*@5': 0.05178171783685684, 'NDCG*@5': 0.03749268740415573, 'MRR*@5': 0.03279198691248894}
INFO    [05-05 19:38:29] train in BasicTrainer:
duration: 59.812920570373535s
INFO    [05-05 19:38:29] train in BasicTrainer:
epoch: 72
DEBUG   [05-05 19:38:30] calculate_loss in loss:
soft_target max: 0.5920840501785278, argmax 31577430
DEBUG   [05-05 19:38:30] calculate_loss in loss:
pred max in softmax: 0.9827567338943481, argmax 14714732
DEBUG   [05-05 19:38:31] calculate_loss in loss:
soft_target max: 0.6423772573471069, argmax 25528332
DEBUG   [05-05 19:38:31] calculate_loss in loss:
pred max in softmax: 0.9959619641304016, argmax 33971272
INFO    [05-05 19:38:46] _train_one_epoch in BasicTrainer:
loss = 6.171445795007654
INFO    [05-05 19:39:26] log in loggers:
Update Best NDCG@10 Model at 72
INFO    [05-05 19:39:26] validate in BasicTrainer:
{'Recall@10': 0.06898615300655365, 'NDCG@10': 0.04224287837743759, 'MRR@10': 0.03407845698297024, 'Recall@5': 0.04997029572725296, 'NDCG@5': 0.036119753941893575, 'MRR@5': 0.03156648978590965, 'Recall*@10': 0.07236552208662034, 'NDCG*@10': 0.04418172895908356, 'MRR*@10': 0.035577293783426285, 'Recall*@5': 0.05231848046183586, 'NDCG*@5': 0.03773077756166458, 'MRR*@5': 0.03293323285877705}
INFO    [05-05 19:39:26] train in BasicTrainer:
duration: 56.96908903121948s
INFO    [05-05 19:39:26] train in BasicTrainer:
epoch: 73
INFO    [05-05 19:39:44] _train_one_epoch in BasicTrainer:
loss = 6.16790010692837
INFO    [05-05 19:40:25] log in loggers:
Update Best NDCG@10 Model at 73
INFO    [05-05 19:40:25] validate in BasicTrainer:
{'Recall@10': 0.06923898786306382, 'NDCG@10': 0.04228763997554779, 'MRR@10': 0.03406551465392113, 'Recall@5': 0.05023396760225296, 'NDCG@5': 0.03617207288742066, 'MRR@5': 0.031558675467967985, 'Recall*@10': 0.07240170776844025, 'NDCG*@10': 0.044224960654973985, 'MRR*@10': 0.03562235720455646, 'Recall*@5': 0.05278112664818764, 'NDCG*@5': 0.03791478425264359, 'MRR*@5': 0.033037962689995766}
INFO    [05-05 19:40:25] train in BasicTrainer:
duration: 59.26045632362366s
INFO    [05-05 19:40:25] train in BasicTrainer:
epoch: 74
INFO    [05-05 19:40:42] _train_one_epoch in BasicTrainer:
loss = 6.161224829184042
INFO    [05-05 19:41:22] validate in BasicTrainer:
{'Recall@10': 0.06894655495882035, 'NDCG@10': 0.04215153530240059, 'MRR@10': 0.03397575497627258, 'Recall@5': 0.050001199692487716, 'NDCG@5': 0.03605547666549683, 'MRR@5': 0.031477719247341156, 'Recall*@10': 0.07210533678531647, 'NDCG*@10': 0.04413053885102272, 'MRR*@10': 0.035589139834046365, 'Recall*@5': 0.05257895648479462, 'NDCG*@5': 0.037852458208799365, 'MRR*@5': 0.03301958754658699}
INFO    [05-05 19:41:22] train in BasicTrainer:
duration: 56.87411832809448s
INFO    [05-05 19:41:22] train in BasicTrainer:
epoch: 75
INFO    [05-05 19:41:40] _train_one_epoch in BasicTrainer:
loss = 6.154156586071393
INFO    [05-05 19:42:21] log in loggers:
Update Best NDCG@10 Model at 75
INFO    [05-05 19:42:21] validate in BasicTrainer:
{'Recall@10': 0.06961061745882034, 'NDCG@10': 0.04252592906355858, 'MRR@10': 0.03426357723772526, 'Recall@5': 0.05014500558376312, 'NDCG@5': 0.036248176842927936, 'MRR@5': 0.0316827629506588, 'Recall*@10': 0.07306111842393875, 'NDCG*@10': 0.04453445941209793, 'MRR*@10': 0.0358283606171608, 'Recall*@5': 0.05258550867438316, 'NDCG*@5': 0.0379337078332901, 'MRR*@5': 0.03311620466411114}
INFO    [05-05 19:42:21] train in BasicTrainer:
duration: 59.26732087135315s
INFO    [05-05 19:42:21] train in BasicTrainer:
epoch: 76
INFO    [05-05 19:42:39] _train_one_epoch in BasicTrainer:
loss = 6.149930313900784
INFO    [05-05 19:43:20] validate in BasicTrainer:
{'Recall@10': 0.06965676724910735, 'NDCG@10': 0.04239259585738182, 'MRR@10': 0.034082486405968664, 'Recall@5': 0.04997952565550804, 'NDCG@5': 0.03606557577848434, 'MRR@5': 0.0314921809732914, 'Recall*@10': 0.07279495477676391, 'NDCG*@10': 0.044327067881822585, 'MRR*@10': 0.03563848815858364, 'Recall*@5': 0.05236555561423302, 'NDCG*@5': 0.03774660304188728, 'MRR*@5': 0.03293780080974102}
INFO    [05-05 19:43:20] train in BasicTrainer:
duration: 58.64762020111084s
INFO    [05-05 19:43:20] train in BasicTrainer:
epoch: 77
INFO    [05-05 19:43:37] _train_one_epoch in BasicTrainer:
loss = 6.140654314745654
INFO    [05-05 19:44:17] validate in BasicTrainer:
{'Recall@10': 0.06905129849910736, 'NDCG@10': 0.04230779409408569, 'MRR@10': 0.03414275877177715, 'Recall@5': 0.049997449815273286, 'NDCG@5': 0.03617381826043129, 'MRR@5': 0.03162768743932247, 'Recall*@10': 0.07221711695194244, 'NDCG*@10': 0.04428436324000359, 'MRR*@10': 0.03575208462774754, 'Recall*@5': 0.05247137725353241, 'NDCG*@5': 0.0379294590651989, 'MRR*@5': 0.03314754515886307}
INFO    [05-05 19:44:17] train in BasicTrainer:
duration: 56.91116952896118s
INFO    [05-05 19:44:17] train in BasicTrainer:
epoch: 78
INFO    [05-05 19:44:35] _train_one_epoch in BasicTrainer:
loss = 6.138290903589747
INFO    [05-05 19:45:16] log in loggers:
Update Best NDCG@10 Model at 78
INFO    [05-05 19:45:16] validate in BasicTrainer:
{'Recall@10': 0.06926667779684066, 'NDCG@10': 0.04253564551472664, 'MRR@10': 0.034393609538674354, 'Recall@5': 0.049717460870742795, 'NDCG@5': 0.03624342486262321, 'MRR@5': 0.031814055144786836, 'Recall*@10': 0.0726518988609314, 'NDCG*@10': 0.04450640290975571, 'MRR*@10': 0.035929240211844446, 'Recall*@5': 0.052098490595817566, 'NDCG*@5': 0.03789687365293503, 'MRR*@5': 0.033223042860627175}
INFO    [05-05 19:45:16] train in BasicTrainer:
duration: 59.36101174354553s
INFO    [05-05 19:45:16] train in BasicTrainer:
epoch: 79
INFO    [05-05 19:45:34] _train_one_epoch in BasicTrainer:
loss = 6.132969499708296
INFO    [05-05 19:46:14] log in loggers:
Update Best NDCG@10 Model at 79
INFO    [05-05 19:46:14] validate in BasicTrainer:
{'Recall@10': 0.07011789411306381, 'NDCG@10': 0.042921334058046344, 'MRR@10': 0.034640045762062074, 'Recall@5': 0.050182996690273284, 'NDCG@5': 0.03650860145688057, 'MRR@5': 0.03201352156698704, 'Recall*@10': 0.07344445526599884, 'NDCG*@10': 0.044878915548324586, 'MRR*@10': 0.03617643192410469, 'Recall*@5': 0.052617871165275575, 'NDCG*@5': 0.038186050951480865, 'MRR*@5': 0.03343895219266415}
INFO    [05-05 19:46:14] train in BasicTrainer:
duration: 57.759355306625366s
INFO    [05-05 19:46:14] close_training in BasicTrainer:
finished training
DEBUG   [05-05 19:46:14] debug_summary in loss:
loss nan summary: nan 0 times, not nan 8881 times, ratio nan / (nan + not_nan) = 0.0
INFO    [05-05 19:46:14] run_routine in Routine:
Finished training, Start final validation
INFO    [05-05 19:46:14] final_validate in BasicTrainer:
validate model on val set!
INFO    [05-05 19:46:14] load_state_from_given_path in utils:
checkpoint epoch: 79
INFO    [05-05 19:46:14] load_state_from_given_path in utils:
Loading model's parameters
INFO    [05-05 19:46:55] validate in BasicTrainer:
{'Recall@10': 0.07011789411306381, 'NDCG@10': 0.042921334058046344, 'MRR@10': 0.034640045762062074, 'Recall@5': 0.050182996690273284, 'NDCG@5': 0.03650860145688057, 'MRR@5': 0.03201352156698704, 'Recall*@10': 0.07344445526599884, 'NDCG*@10': 0.044878915548324586, 'MRR*@10': 0.03617643192410469, 'Recall*@5': 0.052617871165275575, 'NDCG*@5': 0.038186050951480865, 'MRR*@5': 0.03343895219266415}
INFO    [05-05 19:46:55] run_routine in Routine:
Finished final validating. Result: {'Recall@10': 0.07011789411306381, 'NDCG@10': 0.042921334058046344, 'MRR@10': 0.034640045762062074, 'Recall@5': 0.050182996690273284, 'NDCG@5': 0.03650860145688057, 'MRR@5': 0.03201352156698704, 'Recall*@10': 0.07344445526599884, 'NDCG*@10': 0.044878915548324586, 'MRR*@10': 0.03617643192410469, 'Recall*@5': 0.052617871165275575, 'NDCG*@5': 0.038186050951480865, 'MRR*@5': 0.03343895219266415}
INFO    [05-05 19:46:55] _evaluate in EnsembleDistillSched:
Start testing student model on test set
INFO    [05-05 19:46:55] test in BasicTrainer:
Test model on test set!
INFO    [05-05 19:46:55] test_with_given_state_path in BasicTrainer:
Loading model params from ___el_ep_2022/ep_narm-T-3.0-al-0.25-sr-0.8_05-05_18:25_t4/student_narm_logs/checkpoint/best_acc_model.pth.
INFO    [05-05 19:46:55] load_state_from_given_path in utils:
checkpoint epoch: 79
INFO    [05-05 19:46:55] load_state_from_given_path in utils:
Loading model's parameters
INFO    [05-05 19:46:55] test_with_given_state_path in BasicTrainer:
Finished loading. Start testing.
INFO    [05-05 19:47:34] test_with_given_state_path in BasicTrainer:
{'Recall@10': 0.0566315233707428, 'NDCG@10': 0.033889709189534184, 'MRR@10': 0.026963815093040466, 'Recall@5': 0.040094940066337584, 'NDCG@5': 0.028572658821940423, 'MRR@5': 0.02478727087378502, 'Recall*@10': 0.06087107330560684, 'NDCG*@10': 0.03633614778518677, 'MRR*@10': 0.028870834857225417, 'Recall*@5': 0.04285279631614685, 'NDCG*@5': 0.03054448276758194, 'MRR*@5': 0.026501070261001586}
INFO    [05-05 19:47:34] _evaluate in EnsembleDistillSched:
!!Final Result!!: {'Recall@10': 0.0566315233707428, 'NDCG@10': 0.033889709189534184, 'MRR@10': 0.026963815093040466, 'Recall@5': 0.040094940066337584, 'NDCG@5': 0.028572658821940423, 'MRR@5': 0.02478727087378502, 'Recall*@10': 0.06087107330560684, 'NDCG*@10': 0.03633614778518677, 'MRR*@10': 0.028870834857225417, 'Recall*@5': 0.04285279631614685, 'NDCG*@5': 0.03054448276758194, 'MRR*@5': 0.026501070261001586}
