INFO    [05-05 08:16:46] setup_train in utils:
{
    "experiment_dir": "___movies_ed_2022",
    "experiment_description": "ed_diff_2022",
    "describe": "{config[model_code]}-en-{config[weight_list][0]}-T-{config[T]}-al-{config[alpha]}",
    "dataset_name": "movies.csv",
    "sched": "ensemble_distill",
    "model_code": "narm",
    "mentor_code": "narm",
    "mentor2_code": "narm",
    "weight_list": [
        0.5,
        0.5
    ],
    "alpha": 0.75,
    "T": 6.0,
    "training_routine": "student",
    "softmaxed_mentor": true,
    "enable_auto_path_finder": false,
    "num_epochs": 80,
    "mode": [
        "train",
        "test"
    ],
    "max_len": 10,
    "test_state_path": null,
    "model_state_path": null,
    "mentor_state_path": "___movies_base_2020/base_narm_05-04_21:31_0/narm_logs/checkpoint/best_acc_model.pth",
    "mentor2_state_path": "___movies_base_2021/base_narm_05-04_21:29_0/narm_logs/checkpoint/best_acc_model.pth",
    "rand_seed": 2022,
    "load_processed_dataset": true,
    "save_processed_dataset": false,
    "dataset_cache_filename": null,
    "do_remap": false,
    "weight_decay": 0,
    "decay_step": 15,
    "gamma": 0.99,
    "lr": 0.001,
    "min_length": 5,
    "min_item_inter": 5,
    "good_only": false,
    "use_rating": true,
    "test_negative_sampler_code": "random",
    "test_negative_sample_size": 0,
    "dataloader_type": "next",
    "train_batch_size": 4096,
    "val_batch_size": 4096,
    "test_batch_size": 4096,
    "prop_sliding_window": -1.0,
    "worker_number": 2,
    "metric_ks": [
        5,
        10
    ],
    "device": "cuda",
    "num_gpu": 1,
    "optimizer": "Adam",
    "best_metric": "NDCG@10",
    "show_process_bar": false,
    "enable_sample": false,
    "samples_ratio": 0.1,
    "config_file": "config2.movies/narm/config_distill_ensemble.json",
    "task_id": 9,
    "split": "leave_one_out",
    "do_sampling": false,
    "path_for_sample": null,
    "sample_rate": 0.5,
    "sample_seed": 0,
    "train_negative_sampler_code": "random",
    "train_negative_sample_size": 100,
    "device_idx": "0",
    "momentum": null,
    "log_period_as_iter": 12800,
    "dvae_alpha": 0.5,
    "validation_rate": 0.2,
    "num_items": null,
    "start_index": 1,
    "kwargs": null
}
INFO    [05-05 08:16:46] _load_full_dataset_from_path in utils:
loading cache from /data01/wushiguang-slurm/Codes/soft-rec/Data/Cache/movies-5-5.pkl
INFO    [05-05 08:16:47] _check_dataset_cache in utils:
check if the cache is generated under this configuration
INFO    [05-05 08:16:47] _check_dataset_cache in utils:
correct.
INFO    [05-05 08:16:47] __init__ in NextItemDataloader:
there are 21035 items in this dataset, 82156 users, padding_first? False
DEBUG   [05-05 08:17:01] generate_model in utils:
model_code_list=['narm']
INFO    [05-05 08:17:01] load_model_config in utils:
loading model narm's config file at asset/config/model/narm.json
INFO    [05-05 08:17:01] load_model_config in utils:
{
    "embedding_size": 64,
    "hidden_size": 128,
    "n_layers": 1,
    "dropout_probs": [
        0.25,
        0.5
    ]
}
WARNING [05-05 08:17:08] get_exist_path in utils:
dir ___movies_ed_2022/ed_diff_2022_narm-en-0.5-T-6.0-al-0.75_05-05_08:16_t9/teacher1_narm_logs does not exist! Create one.
WARNING [05-05 08:17:08] get_exist_path in utils:
dir ___movies_ed_2022/ed_diff_2022_narm-en-0.5-T-6.0-al-0.75_05-05_08:16_t9/teacher1_narm_logs/tb_vis does not exist! Create one.
WARNING [05-05 08:17:08] get_exist_path in utils:
dir ___movies_ed_2022/ed_diff_2022_narm-en-0.5-T-6.0-al-0.75_05-05_08:16_t9/teacher1_narm_logs/checkpoint does not exist! Create one.
INFO    [05-05 08:17:08] load_state_from_given_path in utils:
checkpoint epoch: 57
INFO    [05-05 08:17:08] load_state_from_given_path in utils:
Loading model's parameters
INFO    [05-05 08:17:08] load_state_from_given_path in utils:
Loading optimizer's parameters
DEBUG   [05-05 08:17:08] _generate_teacher_trainer in EnsembleDistillSched:
teacher1_narm: 
NARM(
  (item_embedding): Embedding(21036, 64, padding_idx=0)
  (emb_dropout): Dropout(p=0.25, inplace=False)
  (gru): GRU(64, 128, bias=False, batch_first=True)
  (a_1): Linear(in_features=128, out_features=128, bias=False)
  (a_2): Linear(in_features=128, out_features=128, bias=False)
  (v_t): Linear(in_features=128, out_features=1, bias=False)
  (ct_dropout): Dropout(p=0.5, inplace=False)
  (b): Linear(in_features=256, out_features=64, bias=False)
  (loss_fct): CrossEntropyLoss()
)
INFO    [05-05 08:17:08] assert_model_device in utils:
model teacher1_narm has 5.60498046875 MB params.
INFO    [05-05 08:17:08] __init__ in BasicTrainer:
450560 iter per epoch
DEBUG   [05-05 08:17:08] generate_model in utils:
model_code_list=['narm']
INFO    [05-05 08:17:08] load_model_config in utils:
loading model narm's config file at asset/config/model/narm.json
INFO    [05-05 08:17:08] load_model_config in utils:
{
    "embedding_size": 64,
    "hidden_size": 128,
    "n_layers": 1,
    "dropout_probs": [
        0.25,
        0.5
    ]
}
WARNING [05-05 08:17:13] get_exist_path in utils:
dir ___movies_ed_2022/ed_diff_2022_narm-en-0.5-T-6.0-al-0.75_05-05_08:16_t9/teacher2_narm_logs does not exist! Create one.
WARNING [05-05 08:17:13] get_exist_path in utils:
dir ___movies_ed_2022/ed_diff_2022_narm-en-0.5-T-6.0-al-0.75_05-05_08:16_t9/teacher2_narm_logs/tb_vis does not exist! Create one.
WARNING [05-05 08:17:13] get_exist_path in utils:
dir ___movies_ed_2022/ed_diff_2022_narm-en-0.5-T-6.0-al-0.75_05-05_08:16_t9/teacher2_narm_logs/checkpoint does not exist! Create one.
INFO    [05-05 08:17:13] load_state_from_given_path in utils:
checkpoint epoch: 59
INFO    [05-05 08:17:13] load_state_from_given_path in utils:
Loading model's parameters
INFO    [05-05 08:17:13] load_state_from_given_path in utils:
Loading optimizer's parameters
DEBUG   [05-05 08:17:13] _generate_teacher_trainer in EnsembleDistillSched:
teacher2_narm: 
NARM(
  (item_embedding): Embedding(21036, 64, padding_idx=0)
  (emb_dropout): Dropout(p=0.25, inplace=False)
  (gru): GRU(64, 128, bias=False, batch_first=True)
  (a_1): Linear(in_features=128, out_features=128, bias=False)
  (a_2): Linear(in_features=128, out_features=128, bias=False)
  (v_t): Linear(in_features=128, out_features=1, bias=False)
  (ct_dropout): Dropout(p=0.5, inplace=False)
  (b): Linear(in_features=256, out_features=64, bias=False)
  (loss_fct): CrossEntropyLoss()
)
INFO    [05-05 08:17:13] assert_model_device in utils:
model teacher2_narm has 5.60498046875 MB params.
INFO    [05-05 08:17:13] __init__ in BasicTrainer:
450560 iter per epoch
DEBUG   [05-05 08:17:13] generate_model in utils:
model_code_list=['narm']
INFO    [05-05 08:17:13] load_model_config in utils:
loading model narm's config file at asset/config/model/narm.json
INFO    [05-05 08:17:13] load_model_config in utils:
{
    "embedding_size": 64,
    "hidden_size": 128,
    "n_layers": 1,
    "dropout_probs": [
        0.25,
        0.5
    ]
}
WARNING [05-05 08:17:17] get_exist_path in utils:
dir ___movies_ed_2022/ed_diff_2022_narm-en-0.5-T-6.0-al-0.75_05-05_08:16_t9/student_narm_logs does not exist! Create one.
WARNING [05-05 08:17:17] get_exist_path in utils:
dir ___movies_ed_2022/ed_diff_2022_narm-en-0.5-T-6.0-al-0.75_05-05_08:16_t9/student_narm_logs/tb_vis does not exist! Create one.
WARNING [05-05 08:17:17] get_exist_path in utils:
dir ___movies_ed_2022/ed_diff_2022_narm-en-0.5-T-6.0-al-0.75_05-05_08:16_t9/student_narm_logs/checkpoint does not exist! Create one.
WARNING [05-05 08:17:17] get_path in utils:
Path is None
WARNING [05-05 08:17:17] load_state_from_given_path in utils:
Not given any path.
DEBUG   [05-05 08:17:17] _generate_student_trainer in EnsembleDistillSched:
student_narm: 
NARM(
  (item_embedding): Embedding(21036, 64, padding_idx=0)
  (emb_dropout): Dropout(p=0.25, inplace=False)
  (gru): GRU(64, 128, bias=False, batch_first=True)
  (a_1): Linear(in_features=128, out_features=128, bias=False)
  (a_2): Linear(in_features=128, out_features=128, bias=False)
  (v_t): Linear(in_features=128, out_features=1, bias=False)
  (ct_dropout): Dropout(p=0.5, inplace=False)
  (b): Linear(in_features=256, out_features=64, bias=False)
  (loss_fct): CrossEntropyLoss()
)
INFO    [05-05 08:17:17] assert_model_device in utils:
model student_narm has 5.60498046875 MB params.
INFO    [05-05 08:17:17] assert_model_device in utils:
model mix_narm_narm has 0.0 MB params.
INFO    [05-05 08:17:17] assert_model_device in utils:
model mix_narm_narm has no param
INFO    [05-05 08:17:17] __init__ in DistillTrainer:
450560 iter per epoch
INFO    [05-05 08:17:17] _set_current_routine in Routine:
first routine: student
INFO    [05-05 08:17:17] run_routine in Routine:
Start routine student
INFO    [05-05 08:17:17] run_routine in Routine:
Start training
INFO    [05-05 08:17:17] train in DistillTrainer:
Test mentor model: mix_narm_narm
DEBUG   [05-05 08:17:17] forward in Ensembler:
raw predict
DEBUG   [05-05 08:17:17] forward in Ensembler:
[tensor([[1.3992e-05, 7.6533e-05, 4.2785e-05,  ..., 2.4365e-05, 4.1933e-05,
         5.7137e-05],
        [9.3201e-06, 2.1533e-05, 1.9938e-05,  ..., 1.9626e-05, 2.9499e-05,
         5.1253e-05],
        [1.1765e-05, 3.4670e-05, 2.6899e-05,  ..., 1.4879e-05, 2.6783e-05,
         2.5761e-05],
        ...,
        [5.8628e-06, 5.6952e-06, 1.6462e-05,  ..., 8.0638e-06, 1.0683e-04,
         1.2508e-05],
        [9.0726e-06, 1.0916e-04, 3.1411e-05,  ..., 4.2961e-05, 5.2590e-05,
         3.0269e-05],
        [2.5142e-05, 4.6677e-05, 6.1987e-05,  ..., 2.9321e-05, 1.8399e-05,
         7.1890e-05]], device='cuda:0'), tensor([[1.1309e-05, 7.1980e-05, 3.8910e-05,  ..., 2.7293e-05, 5.0497e-05,
         6.5027e-05],
        [1.2647e-05, 2.0159e-05, 2.6496e-05,  ..., 2.5492e-05, 3.7739e-05,
         5.9419e-05],
        [1.0213e-05, 2.6262e-05, 3.0556e-05,  ..., 1.5216e-05, 3.1775e-05,
         3.8969e-05],
        ...,
        [1.5269e-05, 4.4159e-06, 1.6505e-05,  ..., 8.6574e-05, 5.1948e-05,
         2.1994e-05],
        [1.1150e-05, 1.1649e-04, 2.9814e-05,  ..., 3.7147e-05, 4.0587e-05,
         2.5667e-05],
        [2.1612e-05, 3.6660e-05, 6.0879e-05,  ..., 3.0552e-05, 2.4794e-05,
         7.0773e-05]], device='cuda:0')]
DEBUG   [05-05 08:17:17] forward in Ensembler:
raw confidence
DEBUG   [05-05 08:17:17] forward in Ensembler:
[tensor([0.0002, 0.0002, 0.0002,  ..., 0.0022, 0.0003, 0.0004], device='cuda:0'), tensor([0.0002, 0.0002, 0.0003,  ..., 0.0019, 0.0003, 0.0003], device='cuda:0')]
DEBUG   [05-05 08:17:17] forward in Ensembler:
weighted predict
DEBUG   [05-05 08:17:17] forward in Ensembler:
[tensor([[6.9958e-06, 3.8266e-05, 2.1392e-05,  ..., 1.2182e-05, 2.0966e-05,
         2.8568e-05],
        [4.6601e-06, 1.0767e-05, 9.9689e-06,  ..., 9.8129e-06, 1.4750e-05,
         2.5627e-05],
        [5.8827e-06, 1.7335e-05, 1.3449e-05,  ..., 7.4394e-06, 1.3392e-05,
         1.2881e-05],
        ...,
        [2.9314e-06, 2.8476e-06, 8.2308e-06,  ..., 4.0319e-06, 5.3414e-05,
         6.2538e-06],
        [4.5363e-06, 5.4582e-05, 1.5705e-05,  ..., 2.1480e-05, 2.6295e-05,
         1.5134e-05],
        [1.2571e-05, 2.3339e-05, 3.0993e-05,  ..., 1.4661e-05, 9.1993e-06,
         3.5945e-05]], device='cuda:0'), tensor([[5.6546e-06, 3.5990e-05, 1.9455e-05,  ..., 1.3646e-05, 2.5249e-05,
         3.2514e-05],
        [6.3233e-06, 1.0080e-05, 1.3248e-05,  ..., 1.2746e-05, 1.8869e-05,
         2.9710e-05],
        [5.1064e-06, 1.3131e-05, 1.5278e-05,  ..., 7.6080e-06, 1.5888e-05,
         1.9484e-05],
        ...,
        [7.6343e-06, 2.2080e-06, 8.2523e-06,  ..., 4.3287e-05, 2.5974e-05,
         1.0997e-05],
        [5.5750e-06, 5.8245e-05, 1.4907e-05,  ..., 1.8574e-05, 2.0293e-05,
         1.2833e-05],
        [1.0806e-05, 1.8330e-05, 3.0439e-05,  ..., 1.5276e-05, 1.2397e-05,
         3.5386e-05]], device='cuda:0')]
DEBUG   [05-05 08:17:18] forward in Ensembler:
final predict
DEBUG   [05-05 08:17:18] forward in Ensembler:
tensor([[1.2650e-05, 7.4256e-05, 4.0848e-05,  ..., 2.5829e-05, 4.6215e-05,
         6.1082e-05],
        [1.0983e-05, 2.0846e-05, 2.3217e-05,  ..., 2.2559e-05, 3.3619e-05,
         5.5336e-05],
        [1.0989e-05, 3.0466e-05, 2.8727e-05,  ..., 1.5047e-05, 2.9279e-05,
         3.2365e-05],
        ...,
        [1.0566e-05, 5.0556e-06, 1.6483e-05,  ..., 4.7319e-05, 7.9388e-05,
         1.7251e-05],
        [1.0111e-05, 1.1283e-04, 3.0612e-05,  ..., 4.0054e-05, 4.6588e-05,
         2.7968e-05],
        [2.3377e-05, 4.1669e-05, 6.1433e-05,  ..., 2.9936e-05, 2.1597e-05,
         7.1331e-05]], device='cuda:0')
DEBUG   [05-05 08:17:18] forward in Ensembler:
final confidence
DEBUG   [05-05 08:17:18] forward in Ensembler:
tensor([0.0002, 0.0002, 0.0002,  ..., 0.0020, 0.0003, 0.0003], device='cuda:0')
DEBUG   [05-05 08:17:19] forward in Ensembler:
raw predict
DEBUG   [05-05 08:17:19] forward in Ensembler:
[tensor([[9.8369e-06, 3.9715e-05, 4.7887e-05,  ..., 1.8568e-05, 5.1622e-05,
         5.3829e-05],
        [1.2501e-05, 7.6932e-05, 3.5412e-05,  ..., 5.2833e-05, 3.9190e-05,
         3.8521e-05],
        [9.9805e-06, 3.3667e-05, 3.4817e-05,  ..., 1.6681e-05, 2.6016e-05,
         6.1250e-05],
        ...,
        [1.8289e-05, 8.1319e-05, 5.1469e-05,  ..., 6.7827e-05, 6.6793e-05,
         2.4935e-05],
        [6.9597e-06, 2.4850e-05, 1.7512e-05,  ..., 1.3444e-05, 3.2306e-05,
         4.3437e-05],
        [1.2246e-05, 8.2493e-05, 3.5488e-05,  ..., 1.9644e-05, 4.0830e-05,
         5.1156e-05]], device='cuda:0'), tensor([[1.4012e-05, 5.6890e-05, 4.2366e-05,  ..., 2.1304e-05, 3.6767e-05,
         4.3828e-05],
        [9.3283e-06, 7.1014e-05, 2.3912e-05,  ..., 5.8059e-05, 5.5958e-05,
         4.1289e-05],
        [1.1891e-05, 3.3794e-05, 3.3276e-05,  ..., 2.6955e-05, 3.5928e-05,
         4.6711e-05],
        ...,
        [1.2569e-05, 5.2807e-05, 3.7892e-05,  ..., 3.1638e-05, 1.9442e-05,
         2.8396e-05],
        [8.0471e-06, 2.5104e-05, 1.5802e-05,  ..., 1.3347e-05, 2.9569e-05,
         5.1683e-05],
        [1.2940e-05, 8.2967e-05, 5.2513e-05,  ..., 2.6421e-05, 2.6272e-05,
         5.4159e-05]], device='cuda:0')]
DEBUG   [05-05 08:17:19] forward in Ensembler:
raw confidence
DEBUG   [05-05 08:17:19] forward in Ensembler:
[tensor([0.0001, 0.0003, 0.0002,  ..., 0.0002, 0.0002, 0.0002], device='cuda:0'), tensor([0.0002, 0.0002, 0.0002,  ..., 0.0002, 0.0002, 0.0002], device='cuda:0')]
DEBUG   [05-05 08:17:19] forward in Ensembler:
weighted predict
DEBUG   [05-05 08:17:19] forward in Ensembler:
[tensor([[4.9185e-06, 1.9858e-05, 2.3944e-05,  ..., 9.2838e-06, 2.5811e-05,
         2.6914e-05],
        [6.2505e-06, 3.8466e-05, 1.7706e-05,  ..., 2.6416e-05, 1.9595e-05,
         1.9261e-05],
        [4.9902e-06, 1.6834e-05, 1.7409e-05,  ..., 8.3403e-06, 1.3008e-05,
         3.0625e-05],
        ...,
        [9.1447e-06, 4.0660e-05, 2.5734e-05,  ..., 3.3914e-05, 3.3397e-05,
         1.2467e-05],
        [3.4799e-06, 1.2425e-05, 8.7559e-06,  ..., 6.7219e-06, 1.6153e-05,
         2.1718e-05],
        [6.1229e-06, 4.1246e-05, 1.7744e-05,  ..., 9.8218e-06, 2.0415e-05,
         2.5578e-05]], device='cuda:0'), tensor([[7.0062e-06, 2.8445e-05, 2.1183e-05,  ..., 1.0652e-05, 1.8383e-05,
         2.1914e-05],
        [4.6642e-06, 3.5507e-05, 1.1956e-05,  ..., 2.9029e-05, 2.7979e-05,
         2.0645e-05],
        [5.9456e-06, 1.6897e-05, 1.6638e-05,  ..., 1.3477e-05, 1.7964e-05,
         2.3356e-05],
        ...,
        [6.2846e-06, 2.6404e-05, 1.8946e-05,  ..., 1.5819e-05, 9.7211e-06,
         1.4198e-05],
        [4.0235e-06, 1.2552e-05, 7.9009e-06,  ..., 6.6733e-06, 1.4785e-05,
         2.5841e-05],
        [6.4700e-06, 4.1484e-05, 2.6256e-05,  ..., 1.3210e-05, 1.3136e-05,
         2.7080e-05]], device='cuda:0')]
DEBUG   [05-05 08:17:19] forward in Ensembler:
final predict
DEBUG   [05-05 08:17:19] forward in Ensembler:
tensor([[1.1925e-05, 4.8302e-05, 4.5126e-05,  ..., 1.9936e-05, 4.4194e-05,
         4.8829e-05],
        [1.0915e-05, 7.3973e-05, 2.9662e-05,  ..., 5.5446e-05, 4.7574e-05,
         3.9905e-05],
        [1.0936e-05, 3.3730e-05, 3.4046e-05,  ..., 2.1818e-05, 3.0972e-05,
         5.3981e-05],
        ...,
        [1.5429e-05, 6.7063e-05, 4.4680e-05,  ..., 4.9733e-05, 4.3118e-05,
         2.6665e-05],
        [7.5034e-06, 2.4977e-05, 1.6657e-05,  ..., 1.3395e-05, 3.0938e-05,
         4.7560e-05],
        [1.2593e-05, 8.2730e-05, 4.4001e-05,  ..., 2.3032e-05, 3.3551e-05,
         5.2658e-05]], device='cuda:0')
DEBUG   [05-05 08:17:19] forward in Ensembler:
final confidence
DEBUG   [05-05 08:17:19] forward in Ensembler:
tensor([0.0001, 0.0003, 0.0002,  ..., 0.0002, 0.0002, 0.0002], device='cuda:0')
DEBUG   [05-05 08:17:21] forward in Ensembler:
raw predict
DEBUG   [05-05 08:17:21] forward in Ensembler:
[tensor([[1.1826e-05, 3.9944e-05, 1.1792e-05,  ..., 3.0976e-05, 4.9644e-05,
         2.5014e-05],
        [4.6768e-06, 3.4721e-05, 1.6056e-05,  ..., 5.6111e-06, 2.5101e-05,
         3.6403e-05],
        [1.0655e-05, 4.0271e-05, 2.6720e-05,  ..., 3.1401e-05, 9.3925e-05,
         4.0238e-05],
        ...,
        [1.1910e-05, 5.0415e-05, 2.9265e-05,  ..., 7.6218e-05, 2.8939e-05,
         3.5411e-05],
        [1.4570e-05, 6.3545e-05, 3.1982e-05,  ..., 4.4712e-05, 4.0182e-05,
         4.1280e-05],
        [1.1983e-05, 3.0658e-05, 1.4505e-05,  ..., 1.8899e-05, 3.7264e-05,
         7.0275e-05]], device='cuda:0'), tensor([[1.1998e-05, 2.7034e-05, 1.9775e-05,  ..., 1.8697e-05, 3.8895e-05,
         3.9903e-05],
        [5.8748e-06, 2.6693e-05, 9.5225e-06,  ..., 9.3625e-06, 2.9884e-05,
         3.4243e-05],
        [1.0460e-05, 4.2068e-05, 2.5938e-05,  ..., 3.2364e-05, 8.2376e-05,
         5.1475e-05],
        ...,
        [1.4301e-05, 4.9726e-05, 3.2722e-05,  ..., 7.0242e-05, 3.6814e-05,
         4.7686e-05],
        [1.3995e-05, 6.8127e-05, 3.0213e-05,  ..., 5.4816e-05, 4.1881e-05,
         3.7499e-05],
        [1.2022e-05, 2.7738e-05, 1.6634e-05,  ..., 3.1746e-05, 4.2838e-05,
         6.1504e-05]], device='cuda:0')]
DEBUG   [05-05 08:17:21] forward in Ensembler:
raw confidence
DEBUG   [05-05 08:17:21] forward in Ensembler:
[tensor([0.0002, 0.0003, 0.0002,  ..., 0.0003, 0.0002, 0.0002], device='cuda:0'), tensor([0.0002, 0.0004, 0.0001,  ..., 0.0002, 0.0002, 0.0002], device='cuda:0')]
DEBUG   [05-05 08:17:21] forward in Ensembler:
weighted predict
DEBUG   [05-05 08:17:21] forward in Ensembler:
[tensor([[5.9129e-06, 1.9972e-05, 5.8961e-06,  ..., 1.5488e-05, 2.4822e-05,
         1.2507e-05],
        [2.3384e-06, 1.7361e-05, 8.0281e-06,  ..., 2.8055e-06, 1.2550e-05,
         1.8202e-05],
        [5.3274e-06, 2.0135e-05, 1.3360e-05,  ..., 1.5700e-05, 4.6962e-05,
         2.0119e-05],
        ...,
        [5.9552e-06, 2.5207e-05, 1.4632e-05,  ..., 3.8109e-05, 1.4469e-05,
         1.7706e-05],
        [7.2852e-06, 3.1772e-05, 1.5991e-05,  ..., 2.2356e-05, 2.0091e-05,
         2.0640e-05],
        [5.9913e-06, 1.5329e-05, 7.2526e-06,  ..., 9.4495e-06, 1.8632e-05,
         3.5138e-05]], device='cuda:0'), tensor([[5.9992e-06, 1.3517e-05, 9.8877e-06,  ..., 9.3485e-06, 1.9448e-05,
         1.9952e-05],
        [2.9374e-06, 1.3346e-05, 4.7612e-06,  ..., 4.6812e-06, 1.4942e-05,
         1.7121e-05],
        [5.2300e-06, 2.1034e-05, 1.2969e-05,  ..., 1.6182e-05, 4.1188e-05,
         2.5737e-05],
        ...,
        [7.1506e-06, 2.4863e-05, 1.6361e-05,  ..., 3.5121e-05, 1.8407e-05,
         2.3843e-05],
        [6.9974e-06, 3.4063e-05, 1.5107e-05,  ..., 2.7408e-05, 2.0940e-05,
         1.8750e-05],
        [6.0110e-06, 1.3869e-05, 8.3170e-06,  ..., 1.5873e-05, 2.1419e-05,
         3.0752e-05]], device='cuda:0')]
DEBUG   [05-05 08:17:21] forward in Ensembler:
final predict
DEBUG   [05-05 08:17:21] forward in Ensembler:
tensor([[1.1912e-05, 3.3489e-05, 1.5784e-05,  ..., 2.4837e-05, 4.4270e-05,
         3.2458e-05],
        [5.2758e-06, 3.0707e-05, 1.2789e-05,  ..., 7.4868e-06, 2.7492e-05,
         3.5323e-05],
        [1.0557e-05, 4.1170e-05, 2.6329e-05,  ..., 3.1882e-05, 8.8150e-05,
         4.5857e-05],
        ...,
        [1.3106e-05, 5.0070e-05, 3.0993e-05,  ..., 7.3230e-05, 3.2877e-05,
         4.1549e-05],
        [1.4283e-05, 6.5836e-05, 3.1097e-05,  ..., 4.9764e-05, 4.1031e-05,
         3.9390e-05],
        [1.2002e-05, 2.9198e-05, 1.5570e-05,  ..., 2.5323e-05, 4.0051e-05,
         6.5890e-05]], device='cuda:0')
DEBUG   [05-05 08:17:21] forward in Ensembler:
final confidence
DEBUG   [05-05 08:17:21] forward in Ensembler:
tensor([0.0002, 0.0003, 0.0001,  ..., 0.0002, 0.0002, 0.0002], device='cuda:0')
DEBUG   [05-05 08:17:22] forward in Ensembler:
raw predict
DEBUG   [05-05 08:17:22] forward in Ensembler:
[tensor([[1.2643e-05, 6.6393e-05, 2.7034e-05,  ..., 4.4903e-05, 3.2728e-05,
         2.8542e-05],
        [2.2236e-05, 6.7868e-05, 5.0372e-05,  ..., 5.1932e-05, 5.8732e-05,
         4.5826e-05],
        [5.6808e-06, 1.3475e-05, 1.0935e-05,  ..., 5.1321e-06, 2.4696e-05,
         7.0571e-05],
        ...,
        [1.0707e-05, 3.4463e-05, 1.4866e-05,  ..., 2.7635e-05, 2.2278e-05,
         4.0264e-05],
        [9.9927e-06, 1.3237e-05, 1.9780e-05,  ..., 2.8821e-05, 2.1193e-05,
         6.4672e-05],
        [2.1416e-05, 1.2018e-04, 3.2297e-05,  ..., 7.4891e-05, 2.7177e-05,
         3.0136e-05]], device='cuda:0'), tensor([[1.4688e-05, 5.9611e-05, 2.8922e-05,  ..., 7.6977e-05, 2.1262e-05,
         2.8794e-05],
        [1.7180e-05, 6.0890e-05, 5.0747e-05,  ..., 3.8458e-05, 5.5601e-05,
         7.4555e-05],
        [7.3112e-06, 1.8348e-05, 1.7333e-05,  ..., 9.9040e-06, 2.0631e-05,
         5.9529e-05],
        ...,
        [1.2328e-05, 3.6480e-05, 1.8465e-05,  ..., 4.3441e-05, 3.3922e-05,
         4.2858e-05],
        [1.1325e-05, 1.3342e-05, 2.5654e-05,  ..., 2.1274e-05, 2.7390e-05,
         7.7311e-05],
        [1.7222e-05, 6.3217e-05, 3.1925e-05,  ..., 7.6119e-05, 3.3095e-05,
         4.5583e-05]], device='cuda:0')]
DEBUG   [05-05 08:17:22] forward in Ensembler:
raw confidence
DEBUG   [05-05 08:17:22] forward in Ensembler:
[tensor([0.0003, 0.0002, 0.0004,  ..., 0.0002, 0.0002, 0.0006], device='cuda:0'), tensor([0.0005, 0.0003, 0.0004,  ..., 0.0002, 0.0002, 0.0003], device='cuda:0')]
DEBUG   [05-05 08:17:22] forward in Ensembler:
weighted predict
DEBUG   [05-05 08:17:22] forward in Ensembler:
[tensor([[6.3214e-06, 3.3196e-05, 1.3517e-05,  ..., 2.2451e-05, 1.6364e-05,
         1.4271e-05],
        [1.1118e-05, 3.3934e-05, 2.5186e-05,  ..., 2.5966e-05, 2.9366e-05,
         2.2913e-05],
        [2.8404e-06, 6.7376e-06, 5.4677e-06,  ..., 2.5661e-06, 1.2348e-05,
         3.5286e-05],
        ...,
        [5.3535e-06, 1.7232e-05, 7.4330e-06,  ..., 1.3818e-05, 1.1139e-05,
         2.0132e-05],
        [4.9964e-06, 6.6186e-06, 9.8901e-06,  ..., 1.4411e-05, 1.0596e-05,
         3.2336e-05],
        [1.0708e-05, 6.0089e-05, 1.6148e-05,  ..., 3.7445e-05, 1.3589e-05,
         1.5068e-05]], device='cuda:0'), tensor([[7.3441e-06, 2.9805e-05, 1.4461e-05,  ..., 3.8488e-05, 1.0631e-05,
         1.4397e-05],
        [8.5901e-06, 3.0445e-05, 2.5373e-05,  ..., 1.9229e-05, 2.7801e-05,
         3.7278e-05],
        [3.6556e-06, 9.1742e-06, 8.6666e-06,  ..., 4.9520e-06, 1.0316e-05,
         2.9764e-05],
        ...,
        [6.1638e-06, 1.8240e-05, 9.2327e-06,  ..., 2.1721e-05, 1.6961e-05,
         2.1429e-05],
        [5.6626e-06, 6.6709e-06, 1.2827e-05,  ..., 1.0637e-05, 1.3695e-05,
         3.8656e-05],
        [8.6112e-06, 3.1608e-05, 1.5963e-05,  ..., 3.8059e-05, 1.6548e-05,
         2.2791e-05]], device='cuda:0')]
DEBUG   [05-05 08:17:22] forward in Ensembler:
final predict
DEBUG   [05-05 08:17:22] forward in Ensembler:
tensor([[1.3665e-05, 6.3002e-05, 2.7978e-05,  ..., 6.0940e-05, 2.6995e-05,
         2.8668e-05],
        [1.9708e-05, 6.4379e-05, 5.0560e-05,  ..., 4.5195e-05, 5.7167e-05,
         6.0191e-05],
        [6.4960e-06, 1.5912e-05, 1.4134e-05,  ..., 7.5181e-06, 2.2664e-05,
         6.5050e-05],
        ...,
        [1.1517e-05, 3.5471e-05, 1.6666e-05,  ..., 3.5538e-05, 2.8100e-05,
         4.1561e-05],
        [1.0659e-05, 1.3289e-05, 2.2717e-05,  ..., 2.5048e-05, 2.4292e-05,
         7.0992e-05],
        [1.9319e-05, 9.1697e-05, 3.2111e-05,  ..., 7.5505e-05, 3.0136e-05,
         3.7859e-05]], device='cuda:0')
DEBUG   [05-05 08:17:22] forward in Ensembler:
final confidence
DEBUG   [05-05 08:17:22] forward in Ensembler:
tensor([0.0004, 0.0002, 0.0004,  ..., 0.0002, 0.0002, 0.0004], device='cuda:0')
DEBUG   [05-05 08:17:24] forward in Ensembler:
raw predict
DEBUG   [05-05 08:17:24] forward in Ensembler:
[tensor([[1.2436e-05, 3.3113e-05, 1.6870e-05,  ..., 1.2808e-05, 2.0859e-05,
         4.8718e-05],
        [1.2262e-05, 2.2832e-05, 1.5075e-05,  ..., 3.1910e-05, 4.0149e-05,
         7.3628e-05],
        [1.6454e-05, 3.7822e-05, 2.9518e-05,  ..., 1.5887e-05, 5.1905e-05,
         4.4933e-05],
        ...,
        [7.0350e-06, 4.7774e-05, 3.6930e-05,  ..., 4.7118e-05, 4.7165e-05,
         4.0704e-05],
        [6.7864e-06, 4.1803e-05, 5.2872e-05,  ..., 3.9649e-05, 3.3820e-05,
         4.3086e-05],
        [9.6816e-06, 1.3301e-05, 1.5251e-05,  ..., 2.5486e-05, 2.6399e-05,
         6.0321e-05]], device='cuda:0'), tensor([[1.4221e-05, 3.0075e-05, 2.7126e-05,  ..., 2.2273e-05, 2.3030e-05,
         3.4145e-05],
        [1.1235e-05, 2.1667e-05, 1.5105e-05,  ..., 2.2275e-05, 5.2215e-05,
         7.5295e-05],
        [1.7734e-05, 4.5152e-05, 1.8755e-05,  ..., 1.7525e-05, 1.5122e-05,
         4.2016e-05],
        ...,
        [9.2939e-06, 4.1541e-05, 4.1273e-05,  ..., 5.9509e-05, 5.6256e-05,
         4.0985e-05],
        [8.9553e-06, 3.9474e-05, 5.6320e-05,  ..., 4.9736e-05, 4.1254e-05,
         4.1384e-05],
        [9.4527e-06, 1.3575e-05, 1.8049e-05,  ..., 2.2304e-05, 2.5409e-05,
         6.5496e-05]], device='cuda:0')]
DEBUG   [05-05 08:17:24] forward in Ensembler:
raw confidence
DEBUG   [05-05 08:17:24] forward in Ensembler:
[tensor([0.0002, 0.0001, 0.0003,  ..., 0.0003, 0.0004, 0.0003], device='cuda:0'), tensor([0.0002, 0.0001, 0.0005,  ..., 0.0002, 0.0002, 0.0003], device='cuda:0')]
DEBUG   [05-05 08:17:24] forward in Ensembler:
weighted predict
DEBUG   [05-05 08:17:24] forward in Ensembler:
[tensor([[6.2180e-06, 1.6556e-05, 8.4349e-06,  ..., 6.4039e-06, 1.0430e-05,
         2.4359e-05],
        [6.1312e-06, 1.1416e-05, 7.5376e-06,  ..., 1.5955e-05, 2.0074e-05,
         3.6814e-05],
        [8.2269e-06, 1.8911e-05, 1.4759e-05,  ..., 7.9436e-06, 2.5953e-05,
         2.2466e-05],
        ...,
        [3.5175e-06, 2.3887e-05, 1.8465e-05,  ..., 2.3559e-05, 2.3582e-05,
         2.0352e-05],
        [3.3932e-06, 2.0901e-05, 2.6436e-05,  ..., 1.9825e-05, 1.6910e-05,
         2.1543e-05],
        [4.8408e-06, 6.6507e-06, 7.6254e-06,  ..., 1.2743e-05, 1.3200e-05,
         3.0161e-05]], device='cuda:0'), tensor([[7.1106e-06, 1.5037e-05, 1.3563e-05,  ..., 1.1137e-05, 1.1515e-05,
         1.7073e-05],
        [5.6173e-06, 1.0834e-05, 7.5527e-06,  ..., 1.1137e-05, 2.6108e-05,
         3.7647e-05],
        [8.8671e-06, 2.2576e-05, 9.3773e-06,  ..., 8.7625e-06, 7.5609e-06,
         2.1008e-05],
        ...,
        [4.6469e-06, 2.0770e-05, 2.0637e-05,  ..., 2.9755e-05, 2.8128e-05,
         2.0493e-05],
        [4.4777e-06, 1.9737e-05, 2.8160e-05,  ..., 2.4868e-05, 2.0627e-05,
         2.0692e-05],
        [4.7263e-06, 6.7873e-06, 9.0243e-06,  ..., 1.1152e-05, 1.2704e-05,
         3.2748e-05]], device='cuda:0')]
DEBUG   [05-05 08:17:24] forward in Ensembler:
final predict
DEBUG   [05-05 08:17:24] forward in Ensembler:
tensor([[1.3329e-05, 3.1594e-05, 2.1998e-05,  ..., 1.7541e-05, 2.1945e-05,
         4.1431e-05],
        [1.1748e-05, 2.2250e-05, 1.5090e-05,  ..., 2.7093e-05, 4.6182e-05,
         7.4461e-05],
        [1.7094e-05, 4.1487e-05, 2.4136e-05,  ..., 1.6706e-05, 3.3513e-05,
         4.3474e-05],
        ...,
        [8.1644e-06, 4.4658e-05, 3.9102e-05,  ..., 5.3314e-05, 5.1710e-05,
         4.0845e-05],
        [7.8709e-06, 4.0639e-05, 5.4596e-05,  ..., 4.4693e-05, 3.7537e-05,
         4.2235e-05],
        [9.5671e-06, 1.3438e-05, 1.6650e-05,  ..., 2.3895e-05, 2.5904e-05,
         6.2909e-05]], device='cuda:0')
DEBUG   [05-05 08:17:24] forward in Ensembler:
final confidence
DEBUG   [05-05 08:17:24] forward in Ensembler:
tensor([0.0002, 0.0001, 0.0004,  ..., 0.0003, 0.0003, 0.0003], device='cuda:0')
INFO    [05-05 08:17:49] test_mentor in DistillTrainer:
{'Recall@10': 0.10141845898968833, 'NDCG@10': 0.06030361780098507, 'MRR@10': 0.04781552847652208, 'Recall@5': 0.07018441972987992, 'NDCG@5': 0.05022956892138436, 'MRR@5': 0.043673306526172725, 'Recall*@10': 0.10484883224680311, 'NDCG*@10': 0.06362696240345637, 'MRR*@10': 0.05107122109759422, 'Recall*@5': 0.07469079395135243, 'NDCG*@5': 0.0539204998030549, 'MRR*@5': 0.04709236820538839}
INFO    [05-05 08:17:49] train in DistillTrainer:
result:
{'Recall@10': 0.10141845898968833, 'NDCG@10': 0.06030361780098507, 'MRR@10': 0.04781552847652208, 'Recall@5': 0.07018441972987992, 'NDCG@5': 0.05022956892138436, 'MRR@5': 0.043673306526172725, 'Recall*@10': 0.10484883224680311, 'NDCG*@10': 0.06362696240345637, 'MRR*@10': 0.05107122109759422, 'Recall*@5': 0.07469079395135243, 'NDCG*@5': 0.0539204998030549, 'MRR*@5': 0.04709236820538839}
INFO    [05-05 08:18:20] log in loggers:
Update Best NDCG@10 Model at 0
INFO    [05-05 08:18:20] validate in BasicTrainer:
{'Recall@10': 0.0005621736913564659, 'NDCG@10': 0.0002518326828500167, 'MRR@10': 0.00016323403568614076, 'Recall@5': 0.000244140625, 'NDCG@5': 0.0001554943959317392, 'MRR@5': 0.00012730189960815812, 'Recall*@10': 0.0006350042725292345, 'NDCG*@10': 0.00026557081859902523, 'MRR*@10': 0.00016128076735878407, 'Recall*@5': 0.0002341387305586111, 'NDCG*@5': 0.0001443168709686558, 'MRR*@5': 0.00011615793378691055}
INFO    [05-05 08:18:20] train in BasicTrainer:
epoch: 0
DEBUG   [05-05 08:18:20] calculate_loss in loss:
soft_target max: 0.505319356918335, argmax 84237252
DEBUG   [05-05 08:18:20] calculate_loss in loss:
pred max in softmax: 4.766563142766245e-05, argmax 12561770
INFO    [05-05 08:18:37] _train_one_epoch in BasicTrainer:
loss = 5.5262585033069955
INFO    [05-05 08:19:09] log in loggers:
Update Best NDCG@10 Model at 0
INFO    [05-05 08:19:09] validate in BasicTrainer:
{'Recall@10': 0.016603926994970868, 'NDCG@10': 0.008415696565948781, 'MRR@10': 0.005948393805218595, 'Recall@5': 0.010236369091130439, 'NDCG@5': 0.006367372016289404, 'MRR@5': 0.0051094291709540855, 'Recall*@10': 0.01591766851821116, 'NDCG*@10': 0.008271099223444859, 'MRR*@10': 0.005976408963934297, 'Recall*@5': 0.009677678080541747, 'NDCG*@5': 0.0062666537816680615, 'MRR*@5': 0.005157072895339557}
INFO    [05-05 08:19:09] train in BasicTrainer:
duration: 49.41801905632019s
INFO    [05-05 08:19:09] train in BasicTrainer:
epoch: 1
INFO    [05-05 08:19:27] _train_one_epoch in BasicTrainer:
loss = 5.302668437090787
INFO    [05-05 08:19:57] log in loggers:
Update Best NDCG@10 Model at 1
INFO    [05-05 08:19:58] validate in BasicTrainer:
{'Recall@10': 0.017246692751844723, 'NDCG@10': 0.008435854688286781, 'MRR@10': 0.00577959696584869, 'Recall@5': 0.010534500437123435, 'NDCG@5': 0.0062859746893601754, 'MRR@5': 0.004904402320140174, 'Recall*@10': 0.01633975144830488, 'NDCG*@10': 0.008042510909338793, 'MRR*@10': 0.0055470943805717285, 'Recall*@5': 0.009946879952968586, 'NDCG*@5': 0.005997613693277041, 'MRR*@5': 0.004716262631561784}
INFO    [05-05 08:19:58] train in BasicTrainer:
duration: 48.51303744316101s
INFO    [05-05 08:19:58] train in BasicTrainer:
epoch: 2
INFO    [05-05 08:20:16] _train_one_epoch in BasicTrainer:
loss = 5.26893105506897
INFO    [05-05 08:20:48] log in loggers:
Update Best NDCG@10 Model at 2
INFO    [05-05 08:20:48] validate in BasicTrainer:
{'Recall@10': 0.020595695291246687, 'NDCG@10': 0.010285026438179471, 'MRR@10': 0.007175535407094728, 'Recall@5': 0.01227087429946377, 'NDCG@5': 0.007598887596811567, 'MRR@5': 0.00607032324409201, 'Recall*@10': 0.01894871655496813, 'NDCG*@10': 0.009527845152964195, 'MRR*@10': 0.006678228754372824, 'Recall*@5': 0.011793115619747411, 'NDCG*@5': 0.00723372617115577, 'MRR*@5': 0.005743092169896478}
INFO    [05-05 08:20:48] train in BasicTrainer:
duration: 50.30765390396118s
INFO    [05-05 08:20:48] train in BasicTrainer:
epoch: 3
INFO    [05-05 08:21:05] _train_one_epoch in BasicTrainer:
loss = 5.222140208157626
INFO    [05-05 08:21:36] log in loggers:
Update Best NDCG@10 Model at 3
INFO    [05-05 08:21:36] validate in BasicTrainer:
{'Recall@10': 0.03009057825519925, 'NDCG@10': 0.01514348347804376, 'MRR@10': 0.010669736768163386, 'Recall@5': 0.01731644721613044, 'NDCG@5': 0.01103215314270485, 'MRR@5': 0.008984309665503957, 'Recall*@10': 0.02826253173961526, 'NDCG*@10': 0.014360869347694375, 'MRR*@10': 0.01020894292742014, 'Recall*@5': 0.016373274093937306, 'NDCG*@5': 0.010542355633030335, 'MRR*@5': 0.008648406270714034}
INFO    [05-05 08:21:36] train in BasicTrainer:
duration: 47.80475687980652s
INFO    [05-05 08:21:36] train in BasicTrainer:
epoch: 4
INFO    [05-05 08:21:53] _train_one_epoch in BasicTrainer:
loss = 5.1524680571122605
INFO    [05-05 08:22:25] log in loggers:
Update Best NDCG@10 Model at 4
INFO    [05-05 08:22:25] validate in BasicTrainer:
{'Recall@10': 0.03620571962424687, 'NDCG@10': 0.01830952667764255, 'MRR@10': 0.012926663005990642, 'Recall@5': 0.02205226304275649, 'NDCG@5': 0.013779978888730208, 'MRR@5': 0.01108493713573331, 'Recall*@10': 0.034068015803183825, 'NDCG*@10': 0.016987340125654424, 'MRR*@10': 0.011846612251940229, 'Recall*@5': 0.02065227251677286, 'NDCG*@5': 0.01269303062664611, 'MRR*@5': 0.010099873235005708}
INFO    [05-05 08:22:25] train in BasicTrainer:
duration: 49.35992980003357s
INFO    [05-05 08:22:25] train in BasicTrainer:
epoch: 5
INFO    [05-05 08:22:43] _train_one_epoch in BasicTrainer:
loss = 5.062056294354526
INFO    [05-05 08:23:14] log in loggers:
Update Best NDCG@10 Model at 5
INFO    [05-05 08:23:14] validate in BasicTrainer:
{'Recall@10': 0.04348008565249897, 'NDCG@10': 0.02202330849000386, 'MRR@10': 0.015573622703197457, 'Recall@5': 0.026357926250923248, 'NDCG@5': 0.01654706589345421, 'MRR@5': 0.01334903429129294, 'Recall*@10': 0.0413894850228514, 'NDCG*@10': 0.021157977215590932, 'MRR*@10': 0.015069030447020418, 'Recall*@5': 0.025428961785066696, 'NDCG*@5': 0.016049281294856752, 'MRR*@5': 0.01299131125034321}
INFO    [05-05 08:23:14] train in BasicTrainer:
duration: 49.09172201156616s
INFO    [05-05 08:23:14] train in BasicTrainer:
epoch: 6
INFO    [05-05 08:23:32] _train_one_epoch in BasicTrainer:
loss = 5.000659574161876
INFO    [05-05 08:24:04] log in loggers:
Update Best NDCG@10 Model at 6
INFO    [05-05 08:24:04] validate in BasicTrainer:
{'Recall@10': 0.047777473039570306, 'NDCG@10': 0.0240254376438402, 'MRR@10': 0.016876896798965476, 'Recall@5': 0.028721302126844723, 'NDCG@5': 0.017902372759722528, 'MRR@5': 0.014372819280695347, 'Recall*@10': 0.04624755893434797, 'NDCG*@10': 0.02339766405168034, 'MRR*@10': 0.01651418479602961, 'Recall*@5': 0.02801228625078996, 'NDCG*@5': 0.017537294931354978, 'MRR*@5': 0.014116479172593071}
INFO    [05-05 08:24:04] train in BasicTrainer:
duration: 49.90267848968506s
INFO    [05-05 08:24:04] train in BasicTrainer:
epoch: 7
INFO    [05-05 08:24:21] _train_one_epoch in BasicTrainer:
loss = 4.966724673184482
INFO    [05-05 08:24:52] log in loggers:
Update Best NDCG@10 Model at 7
INFO    [05-05 08:24:52] validate in BasicTrainer:
{'Recall@10': 0.04985020522560392, 'NDCG@10': 0.02534617545704047, 'MRR@10': 0.017976678907871246, 'Recall@5': 0.02997274448474248, 'NDCG@5': 0.018964393064379692, 'MRR@5': 0.015370498544403486, 'Recall*@10': 0.0483103853960832, 'NDCG*@10': 0.024580406645933788, 'MRR*@10': 0.017438919771285283, 'Recall*@5': 0.029078626206942966, 'NDCG*@5': 0.018405419863050894, 'MRR*@5': 0.014917042195087387}
INFO    [05-05 08:24:52] train in BasicTrainer:
duration: 48.02600407600403s
INFO    [05-05 08:24:52] train in BasicTrainer:
epoch: 8
INFO    [05-05 08:25:11] _train_one_epoch in BasicTrainer:
loss = 4.937923258001154
INFO    [05-05 08:25:41] log in loggers:
Update Best NDCG@10 Model at 8
INFO    [05-05 08:25:41] validate in BasicTrainer:
{'Recall@10': 0.055017749823275064, 'NDCG@10': 0.02796514837869576, 'MRR@10': 0.019808898280773844, 'Recall@5': 0.03363229227917535, 'NDCG@5': 0.02110102249398118, 'MRR@5': 0.017005603494388715, 'Recall*@10': 0.05314782474722181, 'NDCG*@10': 0.027176572542105402, 'MRR*@10': 0.01935713711593832, 'Recall*@5': 0.032328651419707706, 'NDCG*@5': 0.020488032095489047, 'MRR*@5': 0.01662207856064751}
INFO    [05-05 08:25:41] train in BasicTrainer:
duration: 49.30762577056885s
INFO    [05-05 08:25:41] train in BasicTrainer:
epoch: 9
DEBUG   [05-05 08:25:44] calculate_loss in loss:
soft_target max: 0.5019853115081787, argmax 65991120
DEBUG   [05-05 08:25:44] calculate_loss in loss:
pred max in softmax: 0.12319888174533844, argmax 39236527
DEBUG   [05-05 08:25:44] calculate_loss in loss:
soft_target max: 0.5027971863746643, argmax 81403054
DEBUG   [05-05 08:25:44] calculate_loss in loss:
pred max in softmax: 0.1265876293182373, argmax 52796377
INFO    [05-05 08:25:59] _train_one_epoch in BasicTrainer:
loss = 4.905272882634943
INFO    [05-05 08:26:31] log in loggers:
Update Best NDCG@10 Model at 9
INFO    [05-05 08:26:32] validate in BasicTrainer:
{'Recall@10': 0.05890823616867974, 'NDCG@10': 0.030236193821543737, 'MRR@10': 0.021572084653945195, 'Recall@5': 0.03650798896948496, 'NDCG@5': 0.023041755847987674, 'MRR@5': 0.01863192678207443, 'Recall*@10': 0.056954375335148404, 'NDCG*@10': 0.02951845420258386, 'MRR*@10': 0.02122978733054229, 'Recall*@5': 0.035576822147482916, 'NDCG*@5': 0.022647808882452193, 'MRR*@5': 0.018418964619437855}
INFO    [05-05 08:26:32] train in BasicTrainer:
duration: 50.08002948760986s
INFO    [05-05 08:26:32] train in BasicTrainer:
epoch: 10
INFO    [05-05 08:26:50] _train_one_epoch in BasicTrainer:
loss = 4.871709416129372
INFO    [05-05 08:27:21] log in loggers:
Update Best NDCG@10 Model at 10
INFO    [05-05 08:27:21] validate in BasicTrainer:
{'Recall@10': 0.061973294686703456, 'NDCG@10': 0.03204454836391267, 'MRR@10': 0.023031668560135932, 'Recall@5': 0.038166332457746775, 'NDCG@5': 0.024407658548582168, 'MRR@5': 0.019915583233038586, 'Recall*@10': 0.06085692168701263, 'NDCG*@10': 0.03177430232365926, 'MRR*@10': 0.02301870472729206, 'Recall*@5': 0.037363880269584204, 'NDCG*@5': 0.02423413922744138, 'MRR*@5': 0.019939873012758437}
INFO    [05-05 08:27:21] train in BasicTrainer:
duration: 49.221678018569946s
INFO    [05-05 08:27:21] train in BasicTrainer:
epoch: 11
INFO    [05-05 08:27:39] _train_one_epoch in BasicTrainer:
loss = 4.834349645267833
INFO    [05-05 08:28:11] log in loggers:
Update Best NDCG@10 Model at 11
INFO    [05-05 08:28:11] validate in BasicTrainer:
{'Recall@10': 0.06624486900511242, 'NDCG@10': 0.034919765999629385, 'MRR@10': 0.025480254952396666, 'Recall@5': 0.0408635050767944, 'NDCG@5': 0.02674523936141105, 'MRR@5': 0.022125384282498134, 'Recall*@10': 0.06426979353030522, 'NDCG*@10': 0.034333745904621626, 'MRR*@10': 0.025303171149321964, 'Recall*@5': 0.04020043001288459, 'NDCG*@5': 0.02657465503684112, 'MRR*@5': 0.022114956485373632}
INFO    [05-05 08:28:11] train in BasicTrainer:
duration: 50.118778705596924s
INFO    [05-05 08:28:11] train in BasicTrainer:
epoch: 12
INFO    [05-05 08:28:29] _train_one_epoch in BasicTrainer:
loss = 4.794830543344671
INFO    [05-05 08:28:59] log in loggers:
Update Best NDCG@10 Model at 12
INFO    [05-05 08:29:00] validate in BasicTrainer:
{'Recall@10': 0.06981062250477928, 'NDCG@10': 0.03655604077946572, 'MRR@10': 0.02650598090674196, 'Recall@5': 0.0439135879278183, 'NDCG@5': 0.028235727300246555, 'MRR@5': 0.023104215927776835, 'Recall*@10': 0.06947888877420198, 'NDCG*@10': 0.03673175083739417, 'MRR*@10': 0.02682818773956526, 'Recall*@5': 0.044215653623853414, 'NDCG*@5': 0.028622300497123172, 'MRR*@5': 0.023517091448108356}
INFO    [05-05 08:29:00] train in BasicTrainer:
duration: 48.81777811050415s
INFO    [05-05 08:29:00] train in BasicTrainer:
epoch: 13
INFO    [05-05 08:29:18] _train_one_epoch in BasicTrainer:
loss = 4.762963008880615
INFO    [05-05 08:29:50] log in loggers:
Update Best NDCG@10 Model at 13
INFO    [05-05 08:29:50] validate in BasicTrainer:
{'Recall@10': 0.07319706394558861, 'NDCG@10': 0.03886419871733302, 'MRR@10': 0.028518156725026313, 'Recall@5': 0.04552129052934192, 'NDCG@5': 0.02996529612158026, 'MRR@5': 0.02487549664718764, 'Recall*@10': 0.07279815382900692, 'NDCG*@10': 0.03895534716901325, 'MRR*@10': 0.028770246587338903, 'Recall*@5': 0.04506459388704527, 'NDCG*@5': 0.030055275098198934, 'MRR*@5': 0.025137494717325484}
INFO    [05-05 08:29:50] train in BasicTrainer:
duration: 50.604599952697754s
INFO    [05-05 08:29:50] train in BasicTrainer:
epoch: 14
INFO    [05-05 08:30:07] _train_one_epoch in BasicTrainer:
loss = 4.736267341266979
INFO    [05-05 08:30:38] log in loggers:
Update Best NDCG@10 Model at 14
INFO    [05-05 08:30:39] validate in BasicTrainer:
{'Recall@10': 0.0762977876833507, 'NDCG@10': 0.04060734613310723, 'MRR@10': 0.029844355813804128, 'Recall@5': 0.047858065082913355, 'NDCG@5': 0.03147956524931249, 'MRR@5': 0.026117887880120958, 'Recall*@10': 0.07587643003179914, 'NDCG*@10': 0.04099711500817821, 'MRR*@10': 0.030484492668793314, 'Recall*@5': 0.04764038865410146, 'NDCG*@5': 0.031930004113486836, 'MRR*@5': 0.0267801077238151}
INFO    [05-05 08:30:39] train in BasicTrainer:
duration: 48.236061811447144s
INFO    [05-05 08:30:39] train in BasicTrainer:
epoch: 15
INFO    [05-05 08:30:56] _train_one_epoch in BasicTrainer:
loss = 4.713011880354448
INFO    [05-05 08:31:28] log in loggers:
Update Best NDCG@10 Model at 15
INFO    [05-05 08:31:28] validate in BasicTrainer:
{'Recall@10': 0.0777045027131126, 'NDCG@10': 0.0416058874910786, 'MRR@10': 0.030686682444952783, 'Recall@5': 0.050673071472417744, 'NDCG@5': 0.03291576320216769, 'MRR@5': 0.027130414953544027, 'Recall*@10': 0.0774652354774021, 'NDCG*@10': 0.041924257008802326, 'MRR*@10': 0.031157152283759343, 'Recall*@5': 0.05118712250675474, 'NDCG*@5': 0.03348916857725098, 'MRR*@5': 0.027712900635032428}
INFO    [05-05 08:31:28] train in BasicTrainer:
duration: 49.485854148864746s
INFO    [05-05 08:31:28] train in BasicTrainer:
epoch: 16
INFO    [05-05 08:31:45] _train_one_epoch in BasicTrainer:
loss = 4.692257473685524
INFO    [05-05 08:32:16] log in loggers:
Update Best NDCG@10 Model at 16
INFO    [05-05 08:32:16] validate in BasicTrainer:
{'Recall@10': 0.080960499388831, 'NDCG@10': 0.04335342205706097, 'MRR@10': 0.03200179214278857, 'Recall@5': 0.05211880164487021, 'NDCG@5': 0.0341057823527427, 'MRR@5': 0.028230844242941765, 'Recall*@10': 0.08082527418931325, 'NDCG*@10': 0.04364322959667161, 'MRR*@10': 0.032414440775201434, 'Recall*@5': 0.05254043550008819, 'NDCG*@5': 0.03458031648326488, 'MRR*@5': 0.028722388403756276}
INFO    [05-05 08:32:16] train in BasicTrainer:
duration: 47.95258450508118s
INFO    [05-05 08:32:16] train in BasicTrainer:
epoch: 17
INFO    [05-05 08:32:34] _train_one_epoch in BasicTrainer:
loss = 4.674332965504039
INFO    [05-05 08:33:05] log in loggers:
Update Best NDCG@10 Model at 17
INFO    [05-05 08:33:05] validate in BasicTrainer:
{'Recall@10': 0.08297924058777946, 'NDCG@10': 0.04448842807185082, 'MRR@10': 0.03289283430647282, 'Recall@5': 0.052144614713532586, 'NDCG@5': 0.034579419309184664, 'MRR@5': 0.02883968457934402, 'Recall*@10': 0.0831563270517758, 'NDCG*@10': 0.044869329602945415, 'MRR*@10': 0.03333446552001294, 'Recall*@5': 0.05223195343500092, 'NDCG*@5': 0.03493596808541389, 'MRR*@5': 0.0292740622091861}
INFO    [05-05 08:33:05] train in BasicTrainer:
duration: 49.29803776741028s
INFO    [05-05 08:33:05] train in BasicTrainer:
epoch: 18
DEBUG   [05-05 08:33:09] calculate_loss in loss:
soft_target max: 0.5040305256843567, argmax 76691438
DEBUG   [05-05 08:33:09] calculate_loss in loss:
pred max in softmax: 0.29768556356430054, argmax 79385275
DEBUG   [05-05 08:33:09] calculate_loss in loss:
soft_target max: 0.5018543601036072, argmax 39101184
DEBUG   [05-05 08:33:09] calculate_loss in loss:
pred max in softmax: 0.41194361448287964, argmax 22588875
INFO    [05-05 08:33:22] _train_one_epoch in BasicTrainer:
loss = 4.655380894921043
INFO    [05-05 08:33:53] log in loggers:
Update Best NDCG@10 Model at 18
INFO    [05-05 08:33:53] validate in BasicTrainer:
{'Recall@10': 0.0847812309151604, 'NDCG@10': 0.04581293250833239, 'MRR@10': 0.03402962012305146, 'Recall@5': 0.05495883311544146, 'NDCG@5': 0.03621693274804524, 'MRR@5': 0.0300968119963294, 'Recall*@10': 0.08493923431351072, 'NDCG*@10': 0.046362318275939854, 'MRR*@10': 0.03468407078513077, 'Recall*@5': 0.055661472181479134, 'NDCG*@5': 0.036950260312074705, 'MRR*@5': 0.03083210438489914}
INFO    [05-05 08:33:53] train in BasicTrainer:
duration: 48.103013038635254s
INFO    [05-05 08:33:53] train in BasicTrainer:
epoch: 19
INFO    [05-05 08:34:11] _train_one_epoch in BasicTrainer:
loss = 4.638617567582564
INFO    [05-05 08:34:42] log in loggers:
Update Best NDCG@10 Model at 19
INFO    [05-05 08:34:43] validate in BasicTrainer:
{'Recall@10': 0.08530852766264052, 'NDCG@10': 0.04615272226787749, 'MRR@10': 0.03431096939103944, 'Recall@5': 0.05551686882972717, 'NDCG@5': 0.03657163519944463, 'MRR@5': 0.03038788569115457, 'Recall*@10': 0.08554994811614354, 'NDCG*@10': 0.04667345363469351, 'MRR*@10': 0.03491288175185522, 'Recall*@5': 0.05565268635040238, 'NDCG*@5': 0.03704772206644217, 'MRR*@5': 0.030965066470560573}
INFO    [05-05 08:34:43] train in BasicTrainer:
duration: 49.250691175460815s
INFO    [05-05 08:34:43] train in BasicTrainer:
epoch: 20
INFO    [05-05 08:34:59] _train_one_epoch in BasicTrainer:
loss = 4.622143823450262
INFO    [05-05 08:35:30] log in loggers:
Update Best NDCG@10 Model at 20
INFO    [05-05 08:35:30] validate in BasicTrainer:
{'Recall@10': 0.0866305125611169, 'NDCG@10': 0.047202371238243016, 'MRR@10': 0.03526199875133378, 'Recall@5': 0.0570556049545606, 'NDCG@5': 0.03770205839758828, 'MRR@5': 0.03137897052580402, 'Recall*@10': 0.08676334683384214, 'NDCG*@10': 0.047903679843459814, 'MRR*@10': 0.03611058653110549, 'Recall*@5': 0.05803968171988215, 'NDCG*@5': 0.03865026851140317, 'MRR*@5': 0.032312970608472824}
INFO    [05-05 08:35:30] train in BasicTrainer:
duration: 47.711719036102295s
INFO    [05-05 08:35:30] train in BasicTrainer:
epoch: 21
INFO    [05-05 08:35:48] _train_one_epoch in BasicTrainer:
loss = 4.606258179924705
INFO    [05-05 08:36:19] log in loggers:
Update Best NDCG@10 Model at 21
INFO    [05-05 08:36:20] validate in BasicTrainer:
{'Recall@10': 0.08824235307318824, 'NDCG@10': 0.048196228132361456, 'MRR@10': 0.03610258602670261, 'Recall@5': 0.057244966604879925, 'NDCG@5': 0.038251878250212895, 'MRR@5': 0.032045457866929826, 'Recall*@10': 0.08873926174072992, 'NDCG*@10': 0.04875563191516059, 'MRR*@10': 0.03666586402271475, 'Recall*@5': 0.05804875173739025, 'NDCG*@5': 0.038918443999829744, 'MRR*@5': 0.03265762000921227}
INFO    [05-05 08:36:20] train in BasicTrainer:
duration: 49.19290256500244s
INFO    [05-05 08:36:20] train in BasicTrainer:
epoch: 22
INFO    [05-05 08:36:37] _train_one_epoch in BasicTrainer:
loss = 4.590244561975653
INFO    [05-05 08:37:08] log in loggers:
Update Best NDCG@10 Model at 22
INFO    [05-05 08:37:08] validate in BasicTrainer:
{'Recall@10': 0.08957931363866442, 'NDCG@10': 0.04919639052379699, 'MRR@10': 0.03698828124574253, 'Recall@5': 0.058244780592975165, 'NDCG@5': 0.03910482036215918, 'MRR@5': 0.03284745308614913, 'Recall*@10': 0.09025924581856955, 'NDCG*@10': 0.05017730877512977, 'MRR*@10': 0.038042084801764714, 'Recall*@5': 0.05940484805476098, 'NDCG*@5': 0.040223107185392154, 'MRR*@5': 0.033946950609485306}
INFO    [05-05 08:37:08] train in BasicTrainer:
duration: 48.86628770828247s
INFO    [05-05 08:37:08] train in BasicTrainer:
epoch: 23
INFO    [05-05 08:37:26] _train_one_epoch in BasicTrainer:
loss = 4.575749366933649
INFO    [05-05 08:37:58] log in loggers:
Update Best NDCG@10 Model at 23
INFO    [05-05 08:37:58] validate in BasicTrainer:
{'Recall@10': 0.09085814548390252, 'NDCG@10': 0.05024497015845208, 'MRR@10': 0.037971729678767066, 'Recall@5': 0.05916321437273707, 'NDCG@5': 0.040058854257776624, 'MRR@5': 0.03380401308337847, 'Recall*@10': 0.09165530332497188, 'NDCG*@10': 0.05135020187922886, 'MRR*@10': 0.03914502742035048, 'Recall*@5': 0.060629094285624366, 'NDCG*@5': 0.041362540352912175, 'MRR*@5': 0.03504843885699908}
INFO    [05-05 08:37:58] train in BasicTrainer:
duration: 49.7204852104187s
INFO    [05-05 08:37:58] train in BasicTrainer:
epoch: 24
INFO    [05-05 08:38:15] _train_one_epoch in BasicTrainer:
loss = 4.56180644902316
INFO    [05-05 08:38:46] log in loggers:
Update Best NDCG@10 Model at 24
INFO    [05-05 08:38:47] validate in BasicTrainer:
{'Recall@10': 0.0916445581685929, 'NDCG@10': 0.050937834240141366, 'MRR@10': 0.03862267555225463, 'Recall@5': 0.06050766277171317, 'NDCG@5': 0.04094714955205009, 'MRR@5': 0.03454433612170674, 'Recall*@10': 0.09185758055675597, 'NDCG*@10': 0.0516783350280353, 'MRR*@10': 0.03948429599404335, 'Recall*@5': 0.062103980353900363, 'NDCG*@5': 0.04212256893515587, 'MRR*@5': 0.03557794248419149}
INFO    [05-05 08:38:47] train in BasicTrainer:
duration: 48.68386435508728s
INFO    [05-05 08:38:47] train in BasicTrainer:
epoch: 25
INFO    [05-05 08:39:05] _train_one_epoch in BasicTrainer:
loss = 4.548077982122248
INFO    [05-05 08:39:37] log in loggers:
Update Best NDCG@10 Model at 25
INFO    [05-05 08:39:37] validate in BasicTrainer:
{'Recall@10': 0.09336260670707339, 'NDCG@10': 0.051619035857064385, 'MRR@10': 0.03898386728195917, 'Recall@5': 0.06093446555591765, 'NDCG@5': 0.041182324645065126, 'MRR@5': 0.034705148388942085, 'Recall*@10': 0.09399839668046861, 'NDCG*@10': 0.05273256149320375, 'MRR*@10': 0.04022318337644849, 'Recall*@5': 0.0623038150370121, 'NDCG*@5': 0.04252074658870697, 'MRR*@5': 0.03602989133270014}
INFO    [05-05 08:39:37] train in BasicTrainer:
duration: 50.39191675186157s
INFO    [05-05 08:39:37] train in BasicTrainer:
epoch: 26
INFO    [05-05 08:39:55] _train_one_epoch in BasicTrainer:
loss = 4.536594533920288
INFO    [05-05 08:40:26] log in loggers:
Update Best NDCG@10 Model at 26
INFO    [05-05 08:40:26] validate in BasicTrainer:
{'Recall@10': 0.09283038406145006, 'NDCG@10': 0.05187033471607026, 'MRR@10': 0.03945493467506908, 'Recall@5': 0.06159713296663193, 'NDCG@5': 0.04183633270717803, 'MRR@5': 0.035351927436533426, 'Recall*@10': 0.0934913403221539, 'NDCG*@10': 0.05301758256696519, 'MRR*@10': 0.04074069839857873, 'Recall*@5': 0.0631433982579481, 'NDCG*@5': 0.043297040675367625, 'MRR*@5': 0.03678274358667079}
INFO    [05-05 08:40:26] train in BasicTrainer:
duration: 48.9815239906311s
INFO    [05-05 08:40:26] train in BasicTrainer:
epoch: 27
DEBUG   [05-05 08:40:32] calculate_loss in loss:
soft_target max: 0.502403974533081, argmax 57037155
DEBUG   [05-05 08:40:32] calculate_loss in loss:
pred max in softmax: 0.48046404123306274, argmax 55857123
DEBUG   [05-05 08:40:32] calculate_loss in loss:
soft_target max: 0.5043588280677795, argmax 47246906
DEBUG   [05-05 08:40:32] calculate_loss in loss:
pred max in softmax: 0.5162534117698669, argmax 38216561
INFO    [05-05 08:40:44] _train_one_epoch in BasicTrainer:
loss = 4.523346528139982
INFO    [05-05 08:41:15] log in loggers:
Update Best NDCG@10 Model at 27
INFO    [05-05 08:41:15] validate in BasicTrainer:
{'Recall@10': 0.09400537219785508, 'NDCG@10': 0.05198139289305324, 'MRR@10': 0.03925829416229611, 'Recall@5': 0.06193092962106069, 'NDCG@5': 0.041713254437560125, 'MRR@5': 0.03508044992174421, 'Recall*@10': 0.09474056994631178, 'NDCG*@10': 0.05314686415450914, 'MRR*@10': 0.04052315244362468, 'Recall*@5': 0.06340184293332554, 'NDCG*@5': 0.04309145219269253, 'MRR*@5': 0.03641866706311703}
INFO    [05-05 08:41:15] train in BasicTrainer:
duration: 48.876936197280884s
INFO    [05-05 08:41:15] train in BasicTrainer:
epoch: 28
INFO    [05-05 08:41:33] _train_one_epoch in BasicTrainer:
loss = 4.511668235605414
INFO    [05-05 08:42:06] log in loggers:
Update Best NDCG@10 Model at 28
INFO    [05-05 08:42:06] validate in BasicTrainer:
{'Recall@10': 0.0944264605641365, 'NDCG@10': 0.0528952552094346, 'MRR@10': 0.04028493325625147, 'Recall@5': 0.06361666250796545, 'NDCG@5': 0.04298550582357815, 'MRR@5': 0.036226666754200346, 'Recall*@10': 0.09504885971546173, 'NDCG*@10': 0.05390133797412827, 'MRR*@10': 0.04139720772703489, 'Recall*@5': 0.0649914722002688, 'NDCG*@5': 0.04425187621797834, 'MRR*@5': 0.037456169192280085}
INFO    [05-05 08:42:06] train in BasicTrainer:
duration: 50.70956897735596s
INFO    [05-05 08:42:06] train in BasicTrainer:
epoch: 29
INFO    [05-05 08:42:24] _train_one_epoch in BasicTrainer:
loss = 4.500216739827937
INFO    [05-05 08:42:55] log in loggers:
Update Best NDCG@10 Model at 29
INFO    [05-05 08:42:55] validate in BasicTrainer:
{'Recall@10': 0.09698156267404556, 'NDCG@10': 0.053973931996595295, 'MRR@10': 0.0409797639364288, 'Recall@5': 0.06441805068226088, 'NDCG@5': 0.04357025541719936, 'MRR@5': 0.03675992405485539, 'Recall*@10': 0.09754588703314464, 'NDCG*@10': 0.05503530818082038, 'MRR*@10': 0.04215923262139162, 'Recall*@5': 0.06586988678290731, 'NDCG*@5': 0.044903376184049104, 'MRR*@5': 0.03804252598257292}
INFO    [05-05 08:42:55] train in BasicTrainer:
duration: 49.08987760543823s
INFO    [05-05 08:42:55] train in BasicTrainer:
epoch: 30
INFO    [05-05 08:43:13] _train_one_epoch in BasicTrainer:
loss = 4.4892130158164285
INFO    [05-05 08:43:45] log in loggers:
Update Best NDCG@10 Model at 30
INFO    [05-05 08:43:45] validate in BasicTrainer:
{'Recall@10': 0.09716343666825976, 'NDCG@10': 0.05434754845641908, 'MRR@10': 0.04138048312493733, 'Recall@5': 0.06456169769877479, 'NDCG@5': 0.04389429713288943, 'MRR@5': 0.03711911282014279, 'Recall*@10': 0.09724483639001846, 'NDCG*@10': 0.05525059820640655, 'MRR*@10': 0.04251579008996487, 'Recall*@5': 0.06554971440207391, 'NDCG*@5': 0.045075050599518274, 'MRR*@5': 0.038359941116401126}
INFO    [05-05 08:43:45] train in BasicTrainer:
duration: 50.11106514930725s
INFO    [05-05 08:43:45] train in BasicTrainer:
epoch: 31
INFO    [05-05 08:44:03] _train_one_epoch in BasicTrainer:
loss = 4.47756797617132
INFO    [05-05 08:44:33] log in loggers:
Update Best NDCG@10 Model at 31
INFO    [05-05 08:44:34] validate in BasicTrainer:
{'Recall@10': 0.097317921263831, 'NDCG@10': 0.054951482940287816, 'MRR@10': 0.04207672480316389, 'Recall@5': 0.06628723407075518, 'NDCG@5': 0.044986746850467864, 'MRR@5': 0.03800489895400547, 'Recall*@10': 0.09795695614247095, 'NDCG*@10': 0.05616028660110065, 'MRR*@10': 0.04344395778718449, 'Recall*@5': 0.06759616342328843, 'NDCG*@5': 0.04641578559364591, 'MRR*@5': 0.039465145873171945}
INFO    [05-05 08:44:34] train in BasicTrainer:
duration: 48.68155574798584s
INFO    [05-05 08:44:34] train in BasicTrainer:
epoch: 32
INFO    [05-05 08:44:51] _train_one_epoch in BasicTrainer:
loss = 4.4673722180453215
INFO    [05-05 08:45:27] log in loggers:
Update Best NDCG@10 Model at 32
INFO    [05-05 08:45:28] validate in BasicTrainer:
{'Recall@10': 0.09837665195975985, 'NDCG@10': 0.055287023030576254, 'MRR@10': 0.04221003999312719, 'Recall@5': 0.06650398494232268, 'NDCG@5': 0.04506387366425423, 'MRR@5': 0.03803954113806997, 'Recall*@10': 0.09924388499487014, 'NDCG*@10': 0.05641209724403563, 'MRR*@10': 0.043400200261246594, 'Recall*@5': 0.06761349737644196, 'NDCG*@5': 0.04625010827467555, 'MRR*@5': 0.03924429327959106}
INFO    [05-05 08:45:28] train in BasicTrainer:
duration: 53.99774193763733s
INFO    [05-05 08:45:28] train in BasicTrainer:
epoch: 33
INFO    [05-05 08:45:45] _train_one_epoch in BasicTrainer:
loss = 4.457170143994418
INFO    [05-05 08:46:16] log in loggers:
Update Best NDCG@10 Model at 33
INFO    [05-05 08:46:16] validate in BasicTrainer:
{'Recall@10': 0.09976425341197423, 'NDCG@10': 0.05625240965968087, 'MRR@10': 0.04305725172162056, 'Recall@5': 0.06707029683249337, 'NDCG@5': 0.04573195729227293, 'MRR@5': 0.038746027364617304, 'Recall*@10': 0.10095279060658954, 'NDCG*@10': 0.05743370063248135, 'MRR*@10': 0.044243816818509786, 'Recall*@5': 0.06847576264824186, 'NDCG*@5': 0.047003146970555895, 'MRR*@5': 0.03998145780393055}
INFO    [05-05 08:46:16] train in BasicTrainer:
duration: 48.322479248046875s
INFO    [05-05 08:46:16] train in BasicTrainer:
epoch: 34
INFO    [05-05 08:46:34] _train_one_epoch in BasicTrainer:
loss = 4.448991810191761
INFO    [05-05 08:47:07] log in loggers:
Update Best NDCG@10 Model at 34
INFO    [05-05 08:47:07] validate in BasicTrainer:
{'Recall@10': 0.10076485574245453, 'NDCG@10': 0.05679243377276829, 'MRR@10': 0.043455599141972404, 'Recall@5': 0.06774045207670756, 'NDCG@5': 0.046173758450008574, 'MRR@5': 0.03910855434480168, 'Recall*@10': 0.10118920639866874, 'NDCG*@10': 0.05769331859690802, 'MRR*@10': 0.044487755390859786, 'Recall*@5': 0.06863435357809067, 'NDCG*@5': 0.04720719407002131, 'MRR*@5': 0.04018464817532471}
INFO    [05-05 08:47:07] train in BasicTrainer:
duration: 51.10223436355591s
INFO    [05-05 08:47:07] train in BasicTrainer:
epoch: 35
INFO    [05-05 08:47:25] _train_one_epoch in BasicTrainer:
loss = 4.439621539549394
INFO    [05-05 08:47:56] log in loggers:
Update Best NDCG@10 Model at 35
INFO    [05-05 08:47:57] validate in BasicTrainer:
{'Recall@10': 0.10028327398356937, 'NDCG@10': 0.056919434773070474, 'MRR@10': 0.04375876592738288, 'Recall@5': 0.06817474251701719, 'NDCG@5': 0.046609879249618166, 'MRR@5': 0.03954680086601348, 'Recall*@10': 0.10116392799786159, 'NDCG*@10': 0.057858708181551526, 'MRR*@10': 0.04470944998874551, 'Recall*@5': 0.06931659011613756, 'NDCG*@5': 0.047640856178033916, 'MRR*@5': 0.04053940038595881}
INFO    [05-05 08:47:57] train in BasicTrainer:
duration: 49.519092321395874s
INFO    [05-05 08:47:57] train in BasicTrainer:
epoch: 36
DEBUG   [05-05 08:48:03] calculate_loss in loss:
soft_target max: 0.5083392858505249, argmax 54511464
DEBUG   [05-05 08:48:03] calculate_loss in loss:
pred max in softmax: 0.7153811454772949, argmax 54511464
DEBUG   [05-05 08:48:03] calculate_loss in loss:
soft_target max: 0.5039553046226501, argmax 70635291
DEBUG   [05-05 08:48:03] calculate_loss in loss:
pred max in softmax: 0.7011340260505676, argmax 17488878
INFO    [05-05 08:48:14] _train_one_epoch in BasicTrainer:
loss = 4.431223006681963
INFO    [05-05 08:48:45] log in loggers:
Update Best NDCG@10 Model at 36
INFO    [05-05 08:48:46] validate in BasicTrainer:
{'Recall@10': 0.10188506543636322, 'NDCG@10': 0.057857656407923924, 'MRR@10': 0.04452222834030787, 'Recall@5': 0.06825612272535052, 'NDCG@5': 0.04705243149683589, 'MRR@5': 0.040103688126518613, 'Recall*@10': 0.1027921260822387, 'NDCG*@10': 0.05909482247772671, 'MRR*@10': 0.04585153325682595, 'Recall*@5': 0.0693116911820003, 'NDCG*@5': 0.04833478374140603, 'MRR*@5': 0.0414501109293529}
INFO    [05-05 08:48:46] train in BasicTrainer:
duration: 49.07229423522949s
INFO    [05-05 08:48:46] train in BasicTrainer:
epoch: 37
INFO    [05-05 08:49:03] _train_one_epoch in BasicTrainer:
loss = 4.422703452543779
INFO    [05-05 08:49:33] validate in BasicTrainer:
{'Recall@10': 0.10117096844173613, 'NDCG@10': 0.05760295831021808, 'MRR@10': 0.04438776310001101, 'Recall@5': 0.0682935615380605, 'NDCG@5': 0.047064869708958124, 'MRR@5': 0.040093437901565006, 'Recall*@10': 0.10213074194533485, 'NDCG*@10': 0.05882641885961805, 'MRR*@10': 0.045667627382846104, 'Recall*@5': 0.0700522054518972, 'NDCG*@5': 0.04854264855384827, 'MRR*@5': 0.04147592852158206}
INFO    [05-05 08:49:33] train in BasicTrainer:
duration: 47.73032355308533s
INFO    [05-05 08:49:33] train in BasicTrainer:
epoch: 38
INFO    [05-05 08:49:51] _train_one_epoch in BasicTrainer:
loss = 4.414977988329801
INFO    [05-05 08:50:23] log in loggers:
Update Best NDCG@10 Model at 38
INFO    [05-05 08:50:23] validate in BasicTrainer:
{'Recall@10': 0.10226457672459739, 'NDCG@10': 0.05826872835556666, 'MRR@10': 0.04492154752924329, 'Recall@5': 0.06918204433861233, 'NDCG@5': 0.04766282119921276, 'MRR@5': 0.040597992816141674, 'Recall*@10': 0.10354384283224742, 'NDCG*@10': 0.05975775154573577, 'MRR*@10': 0.04647497477985564, 'Recall*@5': 0.07028767466545105, 'NDCG*@5': 0.04908903794629233, 'MRR*@5': 0.0421217160210723}
INFO    [05-05 08:50:23] train in BasicTrainer:
duration: 49.76364731788635s
INFO    [05-05 08:50:23] train in BasicTrainer:
epoch: 39
INFO    [05-05 08:50:41] _train_one_epoch in BasicTrainer:
loss = 4.407742990146984
INFO    [05-05 08:51:11] validate in BasicTrainer:
{'Recall@10': 0.10174476816540673, 'NDCG@10': 0.05822043670784859, 'MRR@10': 0.04501010654937653, 'Recall@5': 0.06936391797803697, 'NDCG@5': 0.04782666656233016, 'MRR@5': 0.040765442131530674, 'Recall*@10': 0.10284512809344701, 'NDCG*@10': 0.059457959341151376, 'MRR*@10': 0.0462796970137528, 'Recall*@5': 0.07079445109480903, 'NDCG*@5': 0.04917509552268755, 'MRR*@5': 0.042083603995186944}
INFO    [05-05 08:51:11] train in BasicTrainer:
duration: 48.305219650268555s
INFO    [05-05 08:51:11] train in BasicTrainer:
epoch: 40
INFO    [05-05 08:51:30] _train_one_epoch in BasicTrainer:
loss = 4.401325633309105
INFO    [05-05 08:52:02] log in loggers:
Update Best NDCG@10 Model at 40
INFO    [05-05 08:52:02] validate in BasicTrainer:
{'Recall@10': 0.10297709703445435, 'NDCG@10': 0.05911826572957493, 'MRR@10': 0.045804691988797414, 'Recall@5': 0.0701229412640844, 'NDCG@5': 0.04856920597099122, 'MRR@5': 0.04149495739312399, 'Recall*@10': 0.10413782759791329, 'NDCG*@10': 0.06079418389570145, 'MRR*@10': 0.047623517080431894, 'Recall*@5': 0.07189265496674038, 'NDCG*@5': 0.05042803393942969, 'MRR*@5': 0.04338106903291884}
INFO    [05-05 08:52:02] train in BasicTrainer:
duration: 50.68290162086487s
INFO    [05-05 08:52:02] train in BasicTrainer:
epoch: 41
INFO    [05-05 08:52:20] _train_one_epoch in BasicTrainer:
loss = 4.392753900181163
INFO    [05-05 08:52:51] validate in BasicTrainer:
{'Recall@10': 0.10259758503664107, 'NDCG@10': 0.05897131686409315, 'MRR@10': 0.04571558801191194, 'Recall@5': 0.07011210386242185, 'NDCG@5': 0.0485124263380255, 'MRR@5': 0.04142658252801214, 'Recall*@10': 0.10383673508961995, 'NDCG*@10': 0.06040561341104053, 'MRR*@10': 0.04720368626571837, 'Recall*@5': 0.0715065041468257, 'NDCG*@5': 0.05000267585828191, 'MRR*@5': 0.04294178333310854}
INFO    [05-05 08:52:51] train in BasicTrainer:
duration: 48.65896487236023s
INFO    [05-05 08:52:51] train in BasicTrainer:
epoch: 42
INFO    [05-05 08:53:09] _train_one_epoch in BasicTrainer:
loss = 4.387614128806375
INFO    [05-05 08:53:40] log in loggers:
Update Best NDCG@10 Model at 42
INFO    [05-05 08:53:40] validate in BasicTrainer:
{'Recall@10': 0.10350439307235536, 'NDCG@10': 0.059542949355783914, 'MRR@10': 0.04620131371276719, 'Recall@5': 0.0710463012967791, 'NDCG@5': 0.04912965868910154, 'MRR@5': 0.04195244415175347, 'Recall*@10': 0.10425499400922231, 'NDCG*@10': 0.06109114558923812, 'MRR*@10': 0.04798042862897828, 'Recall*@5': 0.07241785171486083, 'NDCG*@5': 0.05087898299098015, 'MRR*@5': 0.04381431532757623}
INFO    [05-05 08:53:40] train in BasicTrainer:
duration: 49.556114196777344s
INFO    [05-05 08:53:40] train in BasicTrainer:
epoch: 43
INFO    [05-05 08:53:57] _train_one_epoch in BasicTrainer:
loss = 4.38103719624606
INFO    [05-05 08:54:28] log in loggers:
Update Best NDCG@10 Model at 43
INFO    [05-05 08:54:28] validate in BasicTrainer:
{'Recall@10': 0.10467603164059776, 'NDCG@10': 0.060292462685278485, 'MRR@10': 0.04685096318523089, 'Recall@5': 0.07095329534439813, 'NDCG@5': 0.04950217299518131, 'MRR@5': 0.04246506023974646, 'Recall*@10': 0.1052604704385712, 'NDCG*@10': 0.06147289861525808, 'MRR*@10': 0.04817603812331245, 'Recall*@5': 0.07278937917380106, 'NDCG*@5': 0.05106555528583981, 'MRR*@5': 0.043935532725992654}
INFO    [05-05 08:54:28] train in BasicTrainer:
duration: 48.002901554107666s
INFO    [05-05 08:54:28] train in BasicTrainer:
epoch: 44
INFO    [05-05 08:54:46] _train_one_epoch in BasicTrainer:
loss = 4.3756922635165125
INFO    [05-05 08:55:17] log in loggers:
Update Best NDCG@10 Model at 44
INFO    [05-05 08:55:17] validate in BasicTrainer:
{'Recall@10': 0.10536195053940728, 'NDCG@10': 0.06033513428909438, 'MRR@10': 0.04668423072213218, 'Recall@5': 0.0708677772255171, 'NDCG@5': 0.049239855437051686, 'MRR@5': 0.04213872197128478, 'Recall*@10': 0.10622998859201159, 'NDCG*@10': 0.06170420082552092, 'MRR*@10': 0.048181445470878055, 'Recall*@5': 0.0723254212311336, 'NDCG*@5': 0.05077400785826501, 'MRR*@5': 0.043689798741113575}
INFO    [05-05 08:55:17] train in BasicTrainer:
duration: 48.98603701591492s
INFO    [05-05 08:55:17] train in BasicTrainer:
epoch: 45
DEBUG   [05-05 08:55:26] calculate_loss in loss:
soft_target max: 0.5029625296592712, argmax 9979066
DEBUG   [05-05 08:55:26] calculate_loss in loss:
pred max in softmax: 0.6170670986175537, argmax 23268731
DEBUG   [05-05 08:55:26] calculate_loss in loss:
soft_target max: 0.5086548328399658, argmax 10954620
DEBUG   [05-05 08:55:26] calculate_loss in loss:
pred max in softmax: 0.6580568552017212, argmax 29535732
INFO    [05-05 08:55:36] _train_one_epoch in BasicTrainer:
loss = 4.368662717125632
INFO    [05-05 08:56:08] log in loggers:
Update Best NDCG@10 Model at 45
INFO    [05-05 08:56:08] validate in BasicTrainer:
{'Recall@10': 0.10543919319198244, 'NDCG@10': 0.06086658633181027, 'MRR@10': 0.04732544702433404, 'Recall@5': 0.07179448682637442, 'NDCG@5': 0.05007059428663481, 'MRR@5': 0.04291873407505807, 'Recall*@10': 0.10651766473338717, 'NDCG*@10': 0.06237918014327685, 'MRR*@10': 0.04895484766789845, 'Recall*@5': 0.07345472772916158, 'NDCG*@5': 0.05176241891015144, 'MRR*@5': 0.04461720585823059}
INFO    [05-05 08:56:08] train in BasicTrainer:
duration: 50.65015172958374s
INFO    [05-05 08:56:08] train in BasicTrainer:
epoch: 46
INFO    [05-05 08:56:27] _train_one_epoch in BasicTrainer:
loss = 4.363673305511474
INFO    [05-05 08:56:58] log in loggers:
Update Best NDCG@10 Model at 46
INFO    [05-05 08:56:58] validate in BasicTrainer:
{'Recall@10': 0.10570165869735536, 'NDCG@10': 0.06129498194370951, 'MRR@10': 0.04781443341856911, 'Recall@5': 0.07223626510018394, 'NDCG@5': 0.05052903259084338, 'MRR@5': 0.043404338437886464, 'Recall*@10': 0.10642783982413155, 'NDCG*@10': 0.06260128691792488, 'MRR*@10': 0.04927398778852962, 'Recall*@5': 0.07380555286293938, 'NDCG*@5': 0.052107912443933035, 'MRR*@5': 0.044976327036108286}
INFO    [05-05 08:56:58] train in BasicTrainer:
duration: 49.90274143218994s
INFO    [05-05 08:56:58] train in BasicTrainer:
epoch: 47
INFO    [05-05 08:57:17] _train_one_epoch in BasicTrainer:
loss = 4.358434321663596
INFO    [05-05 08:57:48] log in loggers:
Update Best NDCG@10 Model at 47
INFO    [05-05 08:57:48] validate in BasicTrainer:
{'Recall@10': 0.10634186296235948, 'NDCG@10': 0.06160493922375497, 'MRR@10': 0.04801773989484424, 'Recall@5': 0.07311233381430308, 'NDCG@5': 0.05095772285546575, 'MRR@5': 0.043681093624659946, 'Recall*@10': 0.10730256282147907, 'NDCG*@10': 0.06311650414552007, 'MRR*@10': 0.04968394658395222, 'Recall*@5': 0.07460248683180128, 'NDCG*@5': 0.05263586945476986, 'MRR*@5': 0.0454132922348522}
INFO    [05-05 08:57:48] train in BasicTrainer:
duration: 50.492281675338745s
INFO    [05-05 08:57:48] train in BasicTrainer:
epoch: 48
INFO    [05-05 08:58:06] _train_one_epoch in BasicTrainer:
loss = 4.35280178676952
INFO    [05-05 08:58:37] log in loggers:
Update Best NDCG@10 Model at 48
INFO    [05-05 08:58:37] validate in BasicTrainer:
{'Recall@10': 0.10665575805164519, 'NDCG@10': 0.061909972734394525, 'MRR@10': 0.04831015779858544, 'Recall@5': 0.07346859396923155, 'NDCG@5': 0.05122313719420206, 'MRR@5': 0.04392587446740696, 'Recall*@10': 0.10735072372924714, 'NDCG*@10': 0.06324326335674241, 'MRR*@10': 0.049816811723368506, 'Recall*@5': 0.0749843805318787, 'NDCG*@5': 0.05281273807798113, 'MRR*@5': 0.04553293099715596}
INFO    [05-05 08:58:37] train in BasicTrainer:
duration: 48.819807291030884s
INFO    [05-05 08:58:37] train in BasicTrainer:
epoch: 49
INFO    [05-05 08:58:55] _train_one_epoch in BasicTrainer:
loss = 4.346950110522184
INFO    [05-05 08:59:27] log in loggers:
Update Best NDCG@10 Model at 49
INFO    [05-05 08:59:27] validate in BasicTrainer:
{'Recall@10': 0.10693891417412531, 'NDCG@10': 0.06201777270152455, 'MRR@10': 0.04835609311149234, 'Recall@5': 0.0742831840401604, 'NDCG@5': 0.05154252921541532, 'MRR@5': 0.044081932199852805, 'Recall*@10': 0.10850058389561516, 'NDCG*@10': 0.06360351170102756, 'MRR*@10': 0.049943242754255025, 'Recall*@5': 0.0761999792995907, 'NDCG*@5': 0.05325770750641823, 'MRR*@5': 0.04573110757129533}
INFO    [05-05 08:59:27] train in BasicTrainer:
duration: 49.55341815948486s
INFO    [05-05 08:59:27] train in BasicTrainer:
epoch: 50
INFO    [05-05 08:59:43] _train_one_epoch in BasicTrainer:
loss = 4.3426210403442385
INFO    [05-05 09:00:14] log in loggers:
Update Best NDCG@10 Model at 50
INFO    [05-05 09:00:14] validate in BasicTrainer:
{'Recall@10': 0.10692650008769262, 'NDCG@10': 0.06237357375877244, 'MRR@10': 0.04883472106996037, 'Recall@5': 0.07389460858844575, 'NDCG@5': 0.051775255905730386, 'MRR@5': 0.04450893881065505, 'Recall*@10': 0.10814334487631208, 'NDCG*@10': 0.06407794143472399, 'MRR*@10': 0.05066286293523652, 'Recall*@5': 0.07603876824889864, 'NDCG*@5': 0.053766569743553795, 'MRR*@5': 0.046448313941558204}
INFO    [05-05 09:00:14] train in BasicTrainer:
duration: 47.671576738357544s
INFO    [05-05 09:00:14] train in BasicTrainer:
epoch: 51
INFO    [05-05 09:00:33] _train_one_epoch in BasicTrainer:
loss = 4.337666407498446
INFO    [05-05 09:01:04] validate in BasicTrainer:
{'Recall@10': 0.10665162049588703, 'NDCG@10': 0.06222068234568551, 'MRR@10': 0.04873076985989298, 'Recall@5': 0.07326268049932662, 'NDCG@5': 0.051484269932622, 'MRR@5': 0.04433456843807584, 'Recall*@10': 0.10721033492258616, 'NDCG*@10': 0.06380558617058255, 'MRR*@10': 0.0505868989442076, 'Recall*@5': 0.07559917370478313, 'NDCG*@5': 0.05363156859363828, 'MRR*@5': 0.046415850874923524}
INFO    [05-05 09:01:04] train in BasicTrainer:
duration: 49.845114946365356s
INFO    [05-05 09:01:04] train in BasicTrainer:
epoch: 52
INFO    [05-05 09:01:21] _train_one_epoch in BasicTrainer:
loss = 4.333824526179921
INFO    [05-05 09:01:52] validate in BasicTrainer:
{'Recall@10': 0.10662009247711726, 'NDCG@10': 0.061924047413326445, 'MRR@10': 0.04831394340310778, 'Recall@5': 0.07430564754066013, 'NDCG@5': 0.05152314138554391, 'MRR@5': 0.04405025676602409, 'Recall*@10': 0.10726945457004365, 'NDCG*@10': 0.06347265644442468, 'MRR*@10': 0.05011308831827981, 'Recall*@5': 0.07599259203388578, 'NDCG*@5': 0.05339829393085979, 'MRR*@5': 0.045978281646966934}
INFO    [05-05 09:01:52] train in BasicTrainer:
duration: 48.031373262405396s
INFO    [05-05 09:01:52] train in BasicTrainer:
epoch: 53
INFO    [05-05 09:02:10] _train_one_epoch in BasicTrainer:
loss = 4.330021511424672
INFO    [05-05 09:02:42] log in loggers:
Update Best NDCG@10 Model at 53
INFO    [05-05 09:02:42] validate in BasicTrainer:
{'Recall@10': 0.10719389220078786, 'NDCG@10': 0.06240059754678181, 'MRR@10': 0.048779548988455816, 'Recall@5': 0.07382899203470775, 'NDCG@5': 0.05166435649707204, 'MRR@5': 0.044379666447639465, 'Recall*@10': 0.10829899956782658, 'NDCG*@10': 0.06397042015478724, 'MRR*@10': 0.05048125343663352, 'Recall*@5': 0.07520524128561928, 'NDCG*@5': 0.05332579800770396, 'MRR*@5': 0.046121910569213685}
INFO    [05-05 09:02:42] train in BasicTrainer:
duration: 49.491838693618774s
INFO    [05-05 09:02:42] train in BasicTrainer:
epoch: 54
DEBUG   [05-05 09:02:51] calculate_loss in loss:
soft_target max: 0.5029115676879883, argmax 79342209
DEBUG   [05-05 09:02:51] calculate_loss in loss:
pred max in softmax: 0.7031887173652649, argmax 16429057
DEBUG   [05-05 09:02:51] calculate_loss in loss:
soft_target max: 0.5026479959487915, argmax 41122563
DEBUG   [05-05 09:02:51] calculate_loss in loss:
pred max in softmax: 0.5501171946525574, argmax 22239439
INFO    [05-05 09:02:59] _train_one_epoch in BasicTrainer:
loss = 4.325188805840233
INFO    [05-05 09:03:30] log in loggers:
Update Best NDCG@10 Model at 54
INFO    [05-05 09:03:30] validate in BasicTrainer:
{'Recall@10': 0.10773695224807375, 'NDCG@10': 0.06279692479542323, 'MRR@10': 0.04909611156299001, 'Recall@5': 0.07535610241549355, 'NDCG@5': 0.05240567915496372, 'MRR@5': 0.04485354678971427, 'Recall*@10': 0.10820026695728302, 'NDCG*@10': 0.06411341826121013, 'MRR*@10': 0.05064732262066433, 'Recall*@5': 0.0773962228780701, 'NDCG*@5': 0.05424774775192851, 'MRR*@5': 0.046631096729210446}
INFO    [05-05 09:03:30] train in BasicTrainer:
duration: 48.23579788208008s
INFO    [05-05 09:03:30] train in BasicTrainer:
epoch: 55
INFO    [05-05 09:03:48] _train_one_epoch in BasicTrainer:
loss = 4.321887124668468
INFO    [05-05 09:04:19] log in loggers:
Update Best NDCG@10 Model at 55
INFO    [05-05 09:04:20] validate in BasicTrainer:
{'Recall@10': 0.10812395172459739, 'NDCG@10': 0.063284472518024, 'MRR@10': 0.049660379865339825, 'Recall@5': 0.07473580007042203, 'NDCG@5': 0.05255101763066791, 'MRR@5': 0.04526776412413234, 'Recall*@10': 0.10920699543896176, 'NDCG*@10': 0.06496991376791682, 'MRR*@10': 0.05151749703855742, 'Recall*@5': 0.0762277405176844, 'NDCG*@5': 0.05435374325939587, 'MRR*@5': 0.04716466030194646}
INFO    [05-05 09:04:20] train in BasicTrainer:
duration: 49.637107849121094s
INFO    [05-05 09:04:20] train in BasicTrainer:
epoch: 56
INFO    [05-05 09:04:37] _train_one_epoch in BasicTrainer:
loss = 4.317757671529597
INFO    [05-05 09:05:07] log in loggers:
Update Best NDCG@10 Model at 56
INFO    [05-05 09:05:08] validate in BasicTrainer:
{'Recall@10': 0.10871430309045882, 'NDCG@10': 0.06355378741309756, 'MRR@10': 0.049835458220470516, 'Recall@5': 0.07516595260018394, 'NDCG@5': 0.052775105904965175, 'MRR@5': 0.04542891557017962, 'Recall*@10': 0.10957395285367966, 'NDCG*@10': 0.06499723433738663, 'MRR*@10': 0.051436450155008404, 'Recall*@5': 0.07698774444205421, 'NDCG*@5': 0.054517271440653575, 'MRR*@5': 0.04714573742378326}
INFO    [05-05 09:05:08] train in BasicTrainer:
duration: 48.08700680732727s
INFO    [05-05 09:05:08] train in BasicTrainer:
epoch: 57
INFO    [05-05 09:05:25] _train_one_epoch in BasicTrainer:
loss = 4.313629614223133
INFO    [05-05 09:05:57] log in loggers:
Update Best NDCG@10 Model at 57
INFO    [05-05 09:05:57] validate in BasicTrainer:
{'Recall@10': 0.10889538909707751, 'NDCG@10': 0.06406895124486514, 'MRR@10': 0.050437956338837034, 'Recall@5': 0.07621305755206517, 'NDCG@5': 0.05360166604320208, 'MRR@5': 0.04617707839324361, 'Recall*@10': 0.1101942356853258, 'NDCG*@10': 0.06549995339342526, 'MRR*@10': 0.05189681674043337, 'Recall*@5': 0.0779763190519242, 'NDCG*@5': 0.055187233501956576, 'MRR*@5': 0.04770212407623019}
INFO    [05-05 09:05:57] train in BasicTrainer:
duration: 49.33464789390564s
INFO    [05-05 09:05:57] train in BasicTrainer:
epoch: 58
INFO    [05-05 09:06:14] _train_one_epoch in BasicTrainer:
loss = 4.309581258080223
INFO    [05-05 09:06:45] log in loggers:
Update Best NDCG@10 Model at 58
INFO    [05-05 09:06:45] validate in BasicTrainer:
{'Recall@10': 0.1090356856584549, 'NDCG@10': 0.06416043745619911, 'MRR@10': 0.050511179403180166, 'Recall@5': 0.0756309823620887, 'NDCG@5': 0.053392552371535985, 'MRR@5': 0.046086401102088746, 'Recall*@10': 0.11059510317586717, 'NDCG*@10': 0.06581178573625428, 'MRR*@10': 0.052183489359560464, 'Recall*@5': 0.07723541557788849, 'NDCG*@5': 0.055054158149730595, 'MRR*@5': 0.04776052882273992}
INFO    [05-05 09:06:45] train in BasicTrainer:
duration: 47.758875131607056s
INFO    [05-05 09:06:45] train in BasicTrainer:
epoch: 59
INFO    [05-05 09:07:02] _train_one_epoch in BasicTrainer:
loss = 4.306552228060636
INFO    [05-05 09:07:33] log in loggers:
Update Best NDCG@10 Model at 59
INFO    [05-05 09:07:33] validate in BasicTrainer:
{'Recall@10': 0.10900080842631203, 'NDCG@10': 0.06428699213124457, 'MRR@10': 0.05069628978768984, 'Recall@5': 0.0758642852306366, 'NDCG@5': 0.053625311525095073, 'MRR@5': 0.04632790705987385, 'Recall*@10': 0.10993043510686784, 'NDCG*@10': 0.06553447086896215, 'MRR*@10': 0.05201337220413344, 'Recall*@5': 0.07749118159214656, 'NDCG*@5': 0.05507670378401166, 'MRR*@5': 0.04771665714326359}
INFO    [05-05 09:07:33] train in BasicTrainer:
duration: 48.32626724243164s
INFO    [05-05 09:07:33] train in BasicTrainer:
epoch: 60
INFO    [05-05 09:07:50] _train_one_epoch in BasicTrainer:
loss = 4.302065446160056
INFO    [05-05 09:08:23] validate in BasicTrainer:
{'Recall@10': 0.10869361318293072, 'NDCG@10': 0.06400052511266299, 'MRR@10': 0.05039866410550617, 'Recall@5': 0.0763600543141365, 'NDCG@5': 0.05359673127532005, 'MRR@5': 0.046135353367953075, 'Recall*@10': 0.11070204455228079, 'NDCG*@10': 0.06589211080045927, 'MRR*@10': 0.05224306863688287, 'Recall*@5': 0.07867739385082609, 'NDCG*@5': 0.05560230516961643, 'MRR*@5': 0.048034963331052234}
INFO    [05-05 09:08:23] train in BasicTrainer:
duration: 49.4354829788208s
INFO    [05-05 09:08:23] train in BasicTrainer:
epoch: 61
INFO    [05-05 09:08:40] _train_one_epoch in BasicTrainer:
loss = 4.299075196006081
INFO    [05-05 09:09:11] log in loggers:
Update Best NDCG@10 Model at 61
INFO    [05-05 09:09:11] validate in BasicTrainer:
{'Recall@10': 0.10953480501969655, 'NDCG@10': 0.06437290424392336, 'MRR@10': 0.05063739791512489, 'Recall@5': 0.0759955183381126, 'NDCG@5': 0.053564846160865966, 'MRR@5': 0.04619988994229408, 'Recall*@10': 0.1109584914076896, 'NDCG*@10': 0.06601227181298393, 'MRR*@10': 0.05232549139431545, 'Recall*@5': 0.07790406864313852, 'NDCG*@5': 0.05536536251505216, 'MRR*@5': 0.047957110085657666}
INFO    [05-05 09:09:11] train in BasicTrainer:
duration: 48.61437106132507s
INFO    [05-05 09:09:11] train in BasicTrainer:
epoch: 62
INFO    [05-05 09:09:30] _train_one_epoch in BasicTrainer:
loss = 4.296130414442582
INFO    [05-05 09:10:02] log in loggers:
Update Best NDCG@10 Model at 62
INFO    [05-05 09:10:02] validate in BasicTrainer:
{'Recall@10': 0.1097407184896015, 'NDCG@10': 0.0644238011113235, 'MRR@10': 0.050678096002056486, 'Recall@5': 0.07551393657922745, 'NDCG@5': 0.053440291789315995, 'MRR@5': 0.04619438201189041, 'Recall*@10': 0.11069853603839874, 'NDCG*@10': 0.06598282569930666, 'MRR*@10': 0.0523958553870519, 'Recall*@5': 0.07727455347776413, 'NDCG*@5': 0.05524875968694687, 'MRR*@5': 0.04800958168648538}
INFO    [05-05 09:10:02] train in BasicTrainer:
duration: 50.826995849609375s
INFO    [05-05 09:10:02] train in BasicTrainer:
epoch: 63
DEBUG   [05-05 09:10:14] calculate_loss in loss:
soft_target max: 0.5026037096977234, argmax 78232522
DEBUG   [05-05 09:10:14] calculate_loss in loss:
pred max in softmax: 0.5791976451873779, argmax 68863489
DEBUG   [05-05 09:10:14] calculate_loss in loss:
soft_target max: 0.50432950258255, argmax 70309512
DEBUG   [05-05 09:10:14] calculate_loss in loss:
pred max in softmax: 0.8847295045852661, argmax 42415353
INFO    [05-05 09:10:20] _train_one_epoch in BasicTrainer:
loss = 4.292593596198342
INFO    [05-05 09:10:50] log in loggers:
Update Best NDCG@10 Model at 63
INFO    [05-05 09:10:51] validate in BasicTrainer:
{'Recall@10': 0.1097407184896015, 'NDCG@10': 0.06479469686746597, 'MRR@10': 0.05115163734271413, 'Recall@5': 0.07594073954082671, 'NDCG@5': 0.053933165612674895, 'MRR@5': 0.04670934095269158, 'Recall*@10': 0.11140589806295577, 'NDCG*@10': 0.0666106753051281, 'MRR*@10': 0.05299803845229603, 'Recall*@5': 0.0782985765309561, 'NDCG*@5': 0.055976997706152144, 'MRR*@5': 0.04865168052769843}
INFO    [05-05 09:10:51] train in BasicTrainer:
duration: 48.64753270149231s
INFO    [05-05 09:10:51] train in BasicTrainer:
epoch: 64
INFO    [05-05 09:11:08] _train_one_epoch in BasicTrainer:
loss = 4.289952438527887
INFO    [05-05 09:11:40] log in loggers:
Update Best NDCG@10 Model at 64
INFO    [05-05 09:11:40] validate in BasicTrainer:
{'Recall@10': 0.10990682882922036, 'NDCG@10': 0.06483065673992747, 'MRR@10': 0.05112760815592039, 'Recall@5': 0.0761773923323268, 'NDCG@5': 0.05400712610710235, 'MRR@5': 0.04670927194612367, 'Recall*@10': 0.11138872270073209, 'NDCG*@10': 0.0666873726461615, 'MRR*@10': 0.05308090629322188, 'Recall*@5': 0.07845234303247361, 'NDCG*@5': 0.056121754326990674, 'MRR*@5': 0.04877001543839773}
INFO    [05-05 09:11:40] train in BasicTrainer:
duration: 49.17082905769348s
INFO    [05-05 09:11:40] train in BasicTrainer:
epoch: 65
INFO    [05-05 09:11:58] _train_one_epoch in BasicTrainer:
loss = 4.286076068878174
INFO    [05-05 09:12:29] validate in BasicTrainer:
{'Recall@10': 0.10962032278378804, 'NDCG@10': 0.06419425493194944, 'MRR@10': 0.05039037356064433, 'Recall@5': 0.0757513777131126, 'NDCG@5': 0.05332145236787342, 'MRR@5': 0.04594932177237102, 'Recall*@10': 0.11092526288259597, 'NDCG*@10': 0.06580680449094091, 'MRR*@10': 0.052077626543385644, 'Recall*@5': 0.07795536979323342, 'NDCG*@5': 0.05522346922329494, 'MRR*@5': 0.0477553064979258}
INFO    [05-05 09:12:29] train in BasicTrainer:
duration: 49.567238569259644s
INFO    [05-05 09:12:29] train in BasicTrainer:
epoch: 66
INFO    [05-05 09:12:47] _train_one_epoch in BasicTrainer:
loss = 4.283366883884777
INFO    [05-05 09:13:19] log in loggers:
Update Best NDCG@10 Model at 66
INFO    [05-05 09:13:19] validate in BasicTrainer:
{'Recall@10': 0.11061264929317292, 'NDCG@10': 0.06510287665185474, 'MRR@10': 0.05129951362808546, 'Recall@5': 0.07667394940342222, 'NDCG@5': 0.05423256311388243, 'MRR@5': 0.04687484619872911, 'Recall*@10': 0.11197680873530251, 'NDCG*@10': 0.06683100901898884, 'MRR*@10': 0.05310219685946192, 'Recall*@5': 0.07909687324648812, 'NDCG*@5': 0.05629292520738784, 'MRR*@5': 0.048809275740668887}
INFO    [05-05 09:13:19] train in BasicTrainer:
duration: 49.68762540817261s
INFO    [05-05 09:13:19] train in BasicTrainer:
epoch: 67
INFO    [05-05 09:13:37] _train_one_epoch in BasicTrainer:
loss = 4.281569849361073
INFO    [05-05 09:14:07] log in loggers:
Update Best NDCG@10 Model at 67
INFO    [05-05 09:14:08] validate in BasicTrainer:
{'Recall@10': 0.11039511007922036, 'NDCG@10': 0.06518427477706046, 'MRR@10': 0.051431497115464436, 'Recall@5': 0.07729425174849373, 'NDCG@5': 0.054558168564523966, 'MRR@5': 0.047091558220840636, 'Recall*@10': 0.1124959701583499, 'NDCG*@10': 0.06720995920754615, 'MRR*@10': 0.05343246530918848, 'Recall*@5': 0.07932466445934205, 'NDCG*@5': 0.05657990791258358, 'MRR*@5': 0.049101553325142176}
INFO    [05-05 09:14:08] train in BasicTrainer:
duration: 48.44379234313965s
INFO    [05-05 09:14:08] train in BasicTrainer:
epoch: 68
INFO    [05-05 09:14:25] _train_one_epoch in BasicTrainer:
loss = 4.278567552566528
INFO    [05-05 09:14:57] log in loggers:
Update Best NDCG@10 Model at 68
INFO    [05-05 09:14:57] validate in BasicTrainer:
{'Recall@10': 0.1102871284598396, 'NDCG@10': 0.06542613233129184, 'MRR@10': 0.05179353608261971, 'Recall@5': 0.07719710788556508, 'NDCG@5': 0.05479976996069863, 'MRR@5': 0.04745083657048997, 'Recall*@10': 0.11214329763537362, 'NDCG*@10': 0.0673997306397983, 'MRR*@10': 0.053802856909377236, 'Recall*@5': 0.07886565441177004, 'NDCG*@5': 0.0567116437568551, 'MRR*@5': 0.04943400532716796}
INFO    [05-05 09:14:57] train in BasicTrainer:
duration: 49.188724756240845s
INFO    [05-05 09:14:57] train in BasicTrainer:
epoch: 69
INFO    [05-05 09:15:14] _train_one_epoch in BasicTrainer:
loss = 4.276246989857067
INFO    [05-05 09:15:45] log in loggers:
Update Best NDCG@10 Model at 69
INFO    [05-05 09:15:45] validate in BasicTrainer:
{'Recall@10': 0.11099294892379216, 'NDCG@10': 0.06557645595499448, 'MRR@10': 0.05177563854626247, 'Recall@5': 0.07761228510311671, 'NDCG@5': 0.05487031631526493, 'MRR@5': 0.047408363116639, 'Recall*@10': 0.11204457815204348, 'NDCG*@10': 0.06720284408047086, 'MRR*@10': 0.05354698711917514, 'Recall*@5': 0.07958700401442391, 'NDCG*@5': 0.05676749135766711, 'MRR*@5': 0.04927560367754528}
INFO    [05-05 09:15:45] train in BasicTrainer:
duration: 48.17587327957153s
INFO    [05-05 09:15:45] train in BasicTrainer:
epoch: 70
INFO    [05-05 09:16:02] _train_one_epoch in BasicTrainer:
loss = 4.273931863091208
INFO    [05-05 09:16:34] validate in BasicTrainer:
{'Recall@10': 0.10994505527473632, 'NDCG@10': 0.065022003083002, 'MRR@10': 0.05134614024843488, 'Recall@5': 0.07691730204082671, 'NDCG@5': 0.054390214915786474, 'MRR@5': 0.04698638529295013, 'Recall*@10': 0.11168862524486724, 'NDCG*@10': 0.06682835253221649, 'MRR*@10': 0.05315603599661872, 'Recall*@5': 0.07940204299631573, 'NDCG*@5': 0.05644206791406586, 'MRR*@5': 0.04890096489162672}
INFO    [05-05 09:16:34] train in BasicTrainer:
duration: 48.79990220069885s
INFO    [05-05 09:16:34] train in BasicTrainer:
epoch: 71
INFO    [05-05 09:16:50] _train_one_epoch in BasicTrainer:
loss = 4.270624698292125
INFO    [05-05 09:17:21] validate in BasicTrainer:
{'Recall@10': 0.11044161305541084, 'NDCG@10': 0.06539120702516465, 'MRR@10': 0.051669233256862276, 'Recall@5': 0.07772775420120784, 'NDCG@5': 0.05487322629917236, 'MRR@5': 0.047363639764842536, 'Recall*@10': 0.11213731339999608, 'NDCG*@10': 0.06733018301782154, 'MRR*@10': 0.05366953249488558, 'Recall*@5': 0.07965763942116783, 'NDCG*@5': 0.05685967171476001, 'MRR*@5': 0.04936682982813744}
INFO    [05-05 09:17:21] train in BasicTrainer:
duration: 47.10781812667847s
INFO    [05-05 09:17:21] train in BasicTrainer:
epoch: 72
DEBUG   [05-05 09:17:34] calculate_loss in loss:
soft_target max: 0.5055054426193237, argmax 70591109
DEBUG   [05-05 09:17:34] calculate_loss in loss:
pred max in softmax: 0.5298823118209839, argmax 13562402
DEBUG   [05-05 09:17:34] calculate_loss in loss:
soft_target max: 0.5029902458190918, argmax 64106758
DEBUG   [05-05 09:17:34] calculate_loss in loss:
pred max in softmax: 0.8445470333099365, argmax 1386602
INFO    [05-05 09:17:39] _train_one_epoch in BasicTrainer:
loss = 4.268506279858676
INFO    [05-05 09:18:10] log in loggers:
Update Best NDCG@10 Model at 72
INFO    [05-05 09:18:10] validate in BasicTrainer:
{'Recall@10': 0.1109580716916493, 'NDCG@10': 0.0659083023312546, 'MRR@10': 0.052198126912117004, 'Recall@5': 0.07803416145699364, 'NDCG@5': 0.05532643660193398, 'MRR@5': 0.047869179575216206, 'Recall*@10': 0.11275132851941246, 'NDCG*@10': 0.06786630018835976, 'MRR*@10': 0.05418946292428743, 'Recall*@5': 0.08048078417778015, 'NDCG*@5': 0.05750791391446477, 'MRR*@5': 0.04996010696604138}
INFO    [05-05 09:18:10] train in BasicTrainer:
duration: 49.65859770774841s
INFO    [05-05 09:18:10] train in BasicTrainer:
epoch: 73
INFO    [05-05 09:18:27] _train_one_epoch in BasicTrainer:
loss = 4.266552365909924
INFO    [05-05 09:18:58] validate in BasicTrainer:
{'Recall@10': 0.11027136445045471, 'NDCG@10': 0.06563117905032068, 'MRR@10': 0.05204483157112485, 'Recall@5': 0.07724282287416004, 'NDCG@5': 0.054971815042552497, 'MRR@5': 0.04765765954341207, 'Recall*@10': 0.11174846688906352, 'NDCG*@10': 0.06752837662185941, 'MRR*@10': 0.05405427480027789, 'Recall*@5': 0.0793801581575757, 'NDCG*@5': 0.05708079199705805, 'MRR*@5': 0.049753457662605104}
INFO    [05-05 09:18:58] train in BasicTrainer:
duration: 47.53704810142517s
INFO    [05-05 09:18:58] train in BasicTrainer:
epoch: 74
INFO    [05-05 09:19:16] _train_one_epoch in BasicTrainer:
loss = 4.263833925940774
INFO    [05-05 09:19:47] validate in BasicTrainer:
{'Recall@10': 0.11110841802188329, 'NDCG@10': 0.06567047625070527, 'MRR@10': 0.05185880476520175, 'Recall@5': 0.07698705650511242, 'NDCG@5': 0.05466324215133985, 'MRR@5': 0.047331445451293676, 'Recall*@10': 0.11301729934556144, 'NDCG*@10': 0.06757952166455132, 'MRR*@10': 0.05375681090213004, 'Recall*@5': 0.07943938778979438, 'NDCG*@5': 0.05677506487284388, 'MRR*@5': 0.04932929167435283}
INFO    [05-05 09:19:47] train in BasicTrainer:
duration: 49.163695335388184s
INFO    [05-05 09:19:47] train in BasicTrainer:
epoch: 75
INFO    [05-05 09:20:04] _train_one_epoch in BasicTrainer:
loss = 4.263182111219926
INFO    [05-05 09:20:36] validate in BasicTrainer:
{'Recall@10': 0.11074723161402203, 'NDCG@10': 0.06561185295383136, 'MRR@10': 0.051864425163893474, 'Recall@5': 0.07785898730868385, 'NDCG@5': 0.055009804133858, 'MRR@5': 0.047507562807628086, 'Recall*@10': 0.11248368947278886, 'NDCG*@10': 0.06725830779898734, 'MRR*@10': 0.05347600171253795, 'Recall*@5': 0.07970060372636431, 'NDCG*@5': 0.056703349841492515, 'MRR*@5': 0.04914582875512895}
INFO    [05-05 09:20:36] train in BasicTrainer:
duration: 48.58566856384277s
INFO    [05-05 09:20:36] train in BasicTrainer:
epoch: 76
INFO    [05-05 09:20:53] _train_one_epoch in BasicTrainer:
loss = 4.261165774952282
INFO    [05-05 09:21:25] log in loggers:
Update Best NDCG@10 Model at 76
INFO    [05-05 09:21:25] validate in BasicTrainer:
{'Recall@10': 0.11133265708174024, 'NDCG@10': 0.06613553173485257, 'MRR@10': 0.0524165802413509, 'Recall@5': 0.07707927411510831, 'NDCG@5': 0.05512884259223938, 'MRR@5': 0.04791463751878057, 'Recall*@10': 0.11298286595514842, 'NDCG*@10': 0.06803758974586215, 'MRR*@10': 0.05438366354930969, 'Recall*@5': 0.0789780230039642, 'NDCG*@5': 0.05710344726131076, 'MRR*@5': 0.0499072800434771}
INFO    [05-05 09:21:25] train in BasicTrainer:
duration: 49.26226878166199s
INFO    [05-05 09:21:25] train in BasicTrainer:
epoch: 77
INFO    [05-05 09:21:42] _train_one_epoch in BasicTrainer:
loss = 4.258166334845803
INFO    [05-05 09:22:12] log in loggers:
Update Best NDCG@10 Model at 77
INFO    [05-05 09:22:13] validate in BasicTrainer:
{'Recall@10': 0.11180261274178822, 'NDCG@10': 0.06644327388632865, 'MRR@10': 0.05263405718973705, 'Recall@5': 0.07909210416532698, 'NDCG@5': 0.055954327540738244, 'MRR@5': 0.04835788763704754, 'Recall*@10': 0.11384174476067226, 'NDCG*@10': 0.06832145952752658, 'MRR*@10': 0.0544549897313118, 'Recall*@5': 0.08117889790307908, 'NDCG*@5': 0.05785057534064565, 'MRR*@5': 0.05018777595389457}
INFO    [05-05 09:22:13] train in BasicTrainer:
duration: 47.533113956451416s
INFO    [05-05 09:22:13] train in BasicTrainer:
epoch: 78
INFO    [05-05 09:22:30] _train_one_epoch in BasicTrainer:
loss = 4.255960910970514
INFO    [05-05 09:23:01] validate in BasicTrainer:
{'Recall@10': 0.11139906162307375, 'NDCG@10': 0.06614078332980473, 'MRR@10': 0.05239323757234074, 'Recall@5': 0.07725779818637031, 'NDCG@5': 0.05515911944565319, 'MRR@5': 0.04789552465081215, 'Recall*@10': 0.11311656662396022, 'NDCG*@10': 0.06806817278265953, 'MRR*@10': 0.05437721720054036, 'Recall*@5': 0.07903772521586645, 'NDCG*@5': 0.05710460387525104, 'MRR*@5': 0.049885450019722895}
INFO    [05-05 09:23:01] train in BasicTrainer:
duration: 48.50014519691467s
INFO    [05-05 09:23:01] train in BasicTrainer:
epoch: 79
INFO    [05-05 09:23:18] _train_one_epoch in BasicTrainer:
loss = 4.255598271976818
INFO    [05-05 09:23:49] log in loggers:
Update Best NDCG@10 Model at 79
INFO    [05-05 09:23:49] validate in BasicTrainer:
{'Recall@10': 0.1129726753348396, 'NDCG@10': 0.06699117077958017, 'MRR@10': 0.053025475037949424, 'Recall@5': 0.07901407387994584, 'NDCG@5': 0.05609765418228649, 'MRR@5': 0.04858083242461795, 'Recall*@10': 0.11488589963742665, 'NDCG*@10': 0.0688572455020178, 'MRR*@10': 0.05486411406170754, 'Recall*@5': 0.0814860544743992, 'NDCG*@5': 0.058167352562858946, 'MRR*@5': 0.05051698163151741}
INFO    [05-05 09:23:49] train in BasicTrainer:
duration: 48.12129592895508s
INFO    [05-05 09:23:49] close_training in BasicTrainer:
finished training
DEBUG   [05-05 09:23:49] debug_summary in loss:
loss nan summary: nan 0 times, not nan 8801 times, ratio nan / (nan + not_nan) = 0.0
INFO    [05-05 09:23:49] run_routine in Routine:
Finished training, Start final validation
INFO    [05-05 09:23:49] final_validate in BasicTrainer:
validate model on val set!
INFO    [05-05 09:23:49] load_state_from_given_path in utils:
checkpoint epoch: 79
INFO    [05-05 09:23:49] load_state_from_given_path in utils:
Loading model's parameters
INFO    [05-05 09:24:20] validate in BasicTrainer:
{'Recall@10': 0.1129726753348396, 'NDCG@10': 0.06699117077958017, 'MRR@10': 0.053025475037949424, 'Recall@5': 0.07901407387994584, 'NDCG@5': 0.05609765418228649, 'MRR@5': 0.04858083242461795, 'Recall*@10': 0.11488589963742665, 'NDCG*@10': 0.0688572455020178, 'MRR*@10': 0.05486411406170754, 'Recall*@5': 0.0814860544743992, 'NDCG*@5': 0.058167352562858946, 'MRR*@5': 0.05051698163151741}
INFO    [05-05 09:24:20] run_routine in Routine:
Finished final validating. Result: {'Recall@10': 0.1129726753348396, 'NDCG@10': 0.06699117077958017, 'MRR@10': 0.053025475037949424, 'Recall@5': 0.07901407387994584, 'NDCG@5': 0.05609765418228649, 'MRR@5': 0.04858083242461795, 'Recall*@10': 0.11488589963742665, 'NDCG*@10': 0.0688572455020178, 'MRR*@10': 0.05486411406170754, 'Recall*@5': 0.0814860544743992, 'NDCG*@5': 0.058167352562858946, 'MRR*@5': 0.05051698163151741}
INFO    [05-05 09:24:20] _evaluate in EnsembleDistillSched:
Start testing student model on test set
INFO    [05-05 09:24:20] test in BasicTrainer:
Test model on test set!
INFO    [05-05 09:24:20] test_with_given_state_path in BasicTrainer:
Loading model params from ___movies_ed_2022/ed_diff_2022_narm-en-0.5-T-6.0-al-0.75_05-05_08:16_t9/student_narm_logs/checkpoint/best_acc_model.pth.
INFO    [05-05 09:24:20] load_state_from_given_path in utils:
checkpoint epoch: 79
INFO    [05-05 09:24:20] load_state_from_given_path in utils:
Loading model's parameters
INFO    [05-05 09:24:20] test_with_given_state_path in BasicTrainer:
Finished loading. Start testing.
INFO    [05-05 09:24:52] test_with_given_state_path in BasicTrainer:
{'Recall@10': 0.09871636011770793, 'NDCG@10': 0.057885063191254936, 'MRR@10': 0.045480844165597646, 'Recall@5': 0.0686705116005171, 'NDCG@5': 0.04823540967135202, 'MRR@5': 0.041537881607101076, 'Recall*@10': 0.10204006944383893, 'NDCG*@10': 0.06078219360538891, 'MRR*@10': 0.048234532276789345, 'Recall*@5': 0.07195741913857914, 'NDCG*@5': 0.051108616980768386, 'MRR*@5': 0.044274448461475824}
INFO    [05-05 09:24:52] _evaluate in EnsembleDistillSched:
!!Final Result!!: {'Recall@10': 0.09871636011770793, 'NDCG@10': 0.057885063191254936, 'MRR@10': 0.045480844165597646, 'Recall@5': 0.0686705116005171, 'NDCG@5': 0.04823540967135202, 'MRR@5': 0.041537881607101076, 'Recall*@10': 0.10204006944383893, 'NDCG*@10': 0.06078219360538891, 'MRR*@10': 0.048234532276789345, 'Recall*@5': 0.07195741913857914, 'NDCG*@5': 0.051108616980768386, 'MRR*@5': 0.044274448461475824}
