INFO    [05-21 20:27:21] setup_train in utils:
{
    "experiment_dir": "___abaltion_el_ep_narm",
    "experiment_description": "ep",
    "describe": "{config[model_code]}-n_t-{config[n_teacher]}-sr-{config[sample_rate]}",
    "dataset_name": "electronics.csv",
    "sched": "ensemble_distill",
    "model_code": "narm",
    "alpha": 0.75,
    "T": 1,
    "training_routine": "student",
    "softmaxed_mentor": true,
    "enable_auto_path_finder": true,
    "use_sampled_mentor": true,
    "mentor_describe": "{config[model_code]}-rate-{config[sample_rate]}-seed-{config[sample_seed]}",
    "weight_list": [
        1
    ],
    "mentor_list": [
        "narm"
    ],
    "mentor_path_list": [
        "___el_base_partial_2022"
    ],
    "mentor_seed": [
        2000,
        2001
    ],
    "sample_rate": 0.7,
    "num_epochs": 80,
    "mode": [
        "train",
        "test"
    ],
    "test_state_path": null,
    "max_len": 10,
    "model_state_path": null,
    "rand_seed": 2022,
    "load_processed_dataset": true,
    "save_processed_dataset": false,
    "dataset_cache_filename": null,
    "do_remap": false,
    "weight_decay": 0,
    "decay_step": 15,
    "gamma": 0.99,
    "lr": 0.001,
    "min_length": 5,
    "min_item_inter": 5,
    "good_only": false,
    "use_rating": true,
    "test_negative_sampler_code": "random",
    "test_negative_sample_size": 0,
    "dataloader_type": "next",
    "train_batch_size": 4096,
    "val_batch_size": 4096,
    "test_batch_size": 4096,
    "prop_sliding_window": -1.0,
    "worker_number": 2,
    "metric_ks": [
        5,
        10
    ],
    "device": "cuda",
    "num_gpu": 1,
    "optimizer": "Adam",
    "best_metric": "NDCG@10",
    "show_process_bar": false,
    "enable_sample": false,
    "samples_ratio": 0.1,
    "n_teacher": 2,
    "config_file": "config2.electronics/narm/config_distill_ensemble_partial.json",
    "task_id": 6,
    "split": "leave_one_out",
    "do_sampling": false,
    "path_for_sample": null,
    "sample_seed": 0,
    "train_negative_sampler_code": "random",
    "train_negative_sample_size": 100,
    "device_idx": "0",
    "momentum": null,
    "log_period_as_iter": 12800,
    "mentor_code": "bert",
    "dvae_alpha": 0.5,
    "mentor_code_list": null,
    "validation_rate": 0.2,
    "num_items": null,
    "start_index": 1,
    "kwargs": {
        "n_teacher": 2,
        "mentor_seed": [
            2000,
            2001
        ]
    }
}
DEBUG   [05-21 20:27:21] __init__ in EnsembleDistillSched:
teacher path lish: [PosixPath('___el_base_partial_2022/base_narm-rate-0.7-seed-2000_05-20_23:06_t7/narm_logs/checkpoint/best_acc_model.pth'), PosixPath('___el_base_partial_2022/base_narm-rate-0.7-seed-2001_05-20_23:15_t8/narm_logs/checkpoint/best_acc_model.pth')]
INFO    [05-21 20:27:21] _load_full_dataset_from_path in utils:
loading cache from /data01/wushiguang-slurm/Codes/soft-rec/Data/Cache/electronics-5-5.pkl
INFO    [05-21 20:27:23] _check_dataset_cache in utils:
check if the cache is generated under this configuration
INFO    [05-21 20:27:23] _check_dataset_cache in utils:
correct.
INFO    [05-21 20:27:23] __init__ in NextItemDataloader:
there are 29351 items in this dataset, 102187 users, padding_first? False
DEBUG   [05-21 20:27:38] generate_model in utils:
model_code_list=['narm']
INFO    [05-21 20:27:38] load_model_config in utils:
loading model narm's config file at asset/config/model/narm.json
INFO    [05-21 20:27:38] load_model_config in utils:
{
    "embedding_size": 64,
    "hidden_size": 128,
    "n_layers": 1,
    "dropout_probs": [
        0.25,
        0.5
    ],
    "n_teacher": 2,
    "mentor_seed": [
        2000,
        2001
    ]
}
WARNING [05-21 20:27:48] get_exist_path in utils:
dir ___abaltion_el_ep_narm/ep_narm-n_t-2-sr-0.7_05-21_20:27_t6/teacher1_narm_logs does not exist! Create one.
WARNING [05-21 20:27:48] get_exist_path in utils:
dir ___abaltion_el_ep_narm/ep_narm-n_t-2-sr-0.7_05-21_20:27_t6/teacher1_narm_logs/tb_vis does not exist! Create one.
WARNING [05-21 20:27:48] get_exist_path in utils:
dir ___abaltion_el_ep_narm/ep_narm-n_t-2-sr-0.7_05-21_20:27_t6/teacher1_narm_logs/checkpoint does not exist! Create one.
INFO    [05-21 20:27:48] load_state_from_given_path in utils:
checkpoint epoch: 77
INFO    [05-21 20:27:48] load_state_from_given_path in utils:
Loading model's parameters
INFO    [05-21 20:27:48] load_state_from_given_path in utils:
Loading optimizer's parameters
DEBUG   [05-21 20:27:48] _generate_teacher_trainer in EnsembleDistillSched:
teacher1_narm: 
NARM(
  (item_embedding): Embedding(29352, 64, padding_idx=0)
  (emb_dropout): Dropout(p=0.25, inplace=False)
  (gru): GRU(64, 128, bias=False, batch_first=True)
  (a_1): Linear(in_features=128, out_features=128, bias=False)
  (a_2): Linear(in_features=128, out_features=128, bias=False)
  (v_t): Linear(in_features=128, out_features=1, bias=False)
  (ct_dropout): Dropout(p=0.5, inplace=False)
  (b): Linear(in_features=256, out_features=64, bias=False)
  (loss_fct): CrossEntropyLoss()
)
INFO    [05-21 20:27:48] assert_model_device in utils:
model teacher1_narm has 7.63525390625 MB params.
INFO    [05-21 20:27:48] __init__ in BasicTrainer:
454656 iter per epoch
DEBUG   [05-21 20:27:48] generate_model in utils:
model_code_list=['narm']
INFO    [05-21 20:27:48] load_model_config in utils:
loading model narm's config file at asset/config/model/narm.json
INFO    [05-21 20:27:48] load_model_config in utils:
{
    "embedding_size": 64,
    "hidden_size": 128,
    "n_layers": 1,
    "dropout_probs": [
        0.25,
        0.5
    ],
    "n_teacher": 2,
    "mentor_seed": [
        2000,
        2001
    ]
}
WARNING [05-21 20:27:53] get_exist_path in utils:
dir ___abaltion_el_ep_narm/ep_narm-n_t-2-sr-0.7_05-21_20:27_t6/teacher2_narm_logs does not exist! Create one.
WARNING [05-21 20:27:53] get_exist_path in utils:
dir ___abaltion_el_ep_narm/ep_narm-n_t-2-sr-0.7_05-21_20:27_t6/teacher2_narm_logs/tb_vis does not exist! Create one.
WARNING [05-21 20:27:53] get_exist_path in utils:
dir ___abaltion_el_ep_narm/ep_narm-n_t-2-sr-0.7_05-21_20:27_t6/teacher2_narm_logs/checkpoint does not exist! Create one.
INFO    [05-21 20:27:54] load_state_from_given_path in utils:
checkpoint epoch: 79
INFO    [05-21 20:27:54] load_state_from_given_path in utils:
Loading model's parameters
INFO    [05-21 20:27:54] load_state_from_given_path in utils:
Loading optimizer's parameters
DEBUG   [05-21 20:27:54] _generate_teacher_trainer in EnsembleDistillSched:
teacher2_narm: 
NARM(
  (item_embedding): Embedding(29352, 64, padding_idx=0)
  (emb_dropout): Dropout(p=0.25, inplace=False)
  (gru): GRU(64, 128, bias=False, batch_first=True)
  (a_1): Linear(in_features=128, out_features=128, bias=False)
  (a_2): Linear(in_features=128, out_features=128, bias=False)
  (v_t): Linear(in_features=128, out_features=1, bias=False)
  (ct_dropout): Dropout(p=0.5, inplace=False)
  (b): Linear(in_features=256, out_features=64, bias=False)
  (loss_fct): CrossEntropyLoss()
)
INFO    [05-21 20:27:54] assert_model_device in utils:
model teacher2_narm has 7.63525390625 MB params.
INFO    [05-21 20:27:54] __init__ in BasicTrainer:
454656 iter per epoch
DEBUG   [05-21 20:27:54] generate_model in utils:
model_code_list=['narm']
INFO    [05-21 20:27:54] load_model_config in utils:
loading model narm's config file at asset/config/model/narm.json
INFO    [05-21 20:27:54] load_model_config in utils:
{
    "embedding_size": 64,
    "hidden_size": 128,
    "n_layers": 1,
    "dropout_probs": [
        0.25,
        0.5
    ],
    "n_teacher": 2,
    "mentor_seed": [
        2000,
        2001
    ]
}
WARNING [05-21 20:27:59] get_exist_path in utils:
dir ___abaltion_el_ep_narm/ep_narm-n_t-2-sr-0.7_05-21_20:27_t6/student_narm_logs does not exist! Create one.
WARNING [05-21 20:27:59] get_exist_path in utils:
dir ___abaltion_el_ep_narm/ep_narm-n_t-2-sr-0.7_05-21_20:27_t6/student_narm_logs/tb_vis does not exist! Create one.
WARNING [05-21 20:27:59] get_exist_path in utils:
dir ___abaltion_el_ep_narm/ep_narm-n_t-2-sr-0.7_05-21_20:27_t6/student_narm_logs/checkpoint does not exist! Create one.
WARNING [05-21 20:27:59] get_path in utils:
Path is None
WARNING [05-21 20:27:59] load_state_from_given_path in utils:
Not given any path.
DEBUG   [05-21 20:27:59] _generate_student_trainer in EnsembleDistillSched:
student_narm: 
NARM(
  (item_embedding): Embedding(29352, 64, padding_idx=0)
  (emb_dropout): Dropout(p=0.25, inplace=False)
  (gru): GRU(64, 128, bias=False, batch_first=True)
  (a_1): Linear(in_features=128, out_features=128, bias=False)
  (a_2): Linear(in_features=128, out_features=128, bias=False)
  (v_t): Linear(in_features=128, out_features=1, bias=False)
  (ct_dropout): Dropout(p=0.5, inplace=False)
  (b): Linear(in_features=256, out_features=64, bias=False)
  (loss_fct): CrossEntropyLoss()
)
INFO    [05-21 20:27:59] assert_model_device in utils:
model student_narm has 7.63525390625 MB params.
INFO    [05-21 20:27:59] assert_model_device in utils:
model mix has 0.0 MB params.
INFO    [05-21 20:27:59] assert_model_device in utils:
model mix has no param
INFO    [05-21 20:27:59] __init__ in DistillTrainer:
454656 iter per epoch
INFO    [05-21 20:27:59] _set_current_routine in Routine:
first routine: student
INFO    [05-21 20:27:59] run_routine in Routine:
Start routine student
INFO    [05-21 20:27:59] run_routine in Routine:
Start training
INFO    [05-21 20:27:59] train in DistillTrainer:
Test mentor model: mix
DEBUG   [05-21 20:27:59] forward in Ensembler:
raw predict
DEBUG   [05-21 20:27:59] forward in Ensembler:
[tensor([[5.7245e-16, 1.1813e-10, 1.3215e-06,  ..., 1.0578e-10, 1.6964e-12,
         1.2812e-04],
        [1.0703e-12, 2.2513e-11, 1.6361e-08,  ..., 3.1881e-09, 8.6479e-06,
         3.4131e-10],
        [2.3026e-11, 1.6929e-09, 9.5587e-07,  ..., 7.4871e-09, 1.1179e-05,
         4.6517e-07],
        ...,
        [2.5683e-16, 9.2138e-10, 1.4867e-07,  ..., 1.5326e-10, 1.1767e-09,
         2.0547e-06],
        [2.6483e-13, 1.0713e-12, 1.5936e-08,  ..., 9.9856e-11, 3.3273e-07,
         4.5160e-08],
        [1.3006e-14, 2.4592e-12, 2.0174e-07,  ..., 2.8070e-10, 2.6399e-08,
         5.9642e-08]], device='cuda:0'), tensor([[3.7163e-17, 1.2842e-17, 3.7382e-08,  ..., 1.5104e-18, 7.7160e-10,
         1.4862e-10],
        [4.5554e-15, 3.7200e-12, 4.1230e-08,  ..., 2.0475e-10, 7.5055e-09,
         3.0271e-08],
        [8.1421e-15, 4.7228e-18, 2.9923e-09,  ..., 1.3411e-16, 1.7648e-09,
         1.0389e-08],
        ...,
        [1.0977e-12, 4.5614e-10, 1.4844e-07,  ..., 3.8310e-08, 1.2360e-06,
         6.0113e-05],
        [3.0639e-12, 1.3208e-09, 3.3447e-07,  ..., 4.6520e-11, 8.2668e-07,
         1.5008e-05],
        [2.2816e-13, 2.4795e-07, 8.3617e-08,  ..., 4.1617e-07, 4.0902e-10,
         1.6544e-06]], device='cuda:0')]
DEBUG   [05-21 20:27:59] forward in Ensembler:
raw confidence
DEBUG   [05-21 20:27:59] forward in Ensembler:
[tensor([0.0302, 0.0935, 0.0104,  ..., 0.0214, 0.0430, 0.0944], device='cuda:0'), tensor([0.0650, 0.0936, 0.1345,  ..., 0.0209, 0.0418, 0.0304], device='cuda:0')]
DEBUG   [05-21 20:27:59] forward in Ensembler:
weighted predict
DEBUG   [05-21 20:27:59] forward in Ensembler:
[tensor([[5.7245e-16, 1.1813e-10, 1.3215e-06,  ..., 1.0578e-10, 1.6964e-12,
         1.2812e-04],
        [1.0703e-12, 2.2513e-11, 1.6361e-08,  ..., 3.1881e-09, 8.6479e-06,
         3.4131e-10],
        [2.3026e-11, 1.6929e-09, 9.5587e-07,  ..., 7.4871e-09, 1.1179e-05,
         4.6517e-07],
        ...,
        [2.5683e-16, 9.2138e-10, 1.4867e-07,  ..., 1.5326e-10, 1.1767e-09,
         2.0547e-06],
        [2.6483e-13, 1.0713e-12, 1.5936e-08,  ..., 9.9856e-11, 3.3273e-07,
         4.5160e-08],
        [1.3006e-14, 2.4592e-12, 2.0174e-07,  ..., 2.8070e-10, 2.6399e-08,
         5.9642e-08]], device='cuda:0'), tensor([[3.7163e-17, 1.2842e-17, 3.7382e-08,  ..., 1.5104e-18, 7.7160e-10,
         1.4862e-10],
        [4.5554e-15, 3.7200e-12, 4.1230e-08,  ..., 2.0475e-10, 7.5055e-09,
         3.0271e-08],
        [8.1421e-15, 4.7228e-18, 2.9923e-09,  ..., 1.3411e-16, 1.7648e-09,
         1.0389e-08],
        ...,
        [1.0977e-12, 4.5614e-10, 1.4844e-07,  ..., 3.8310e-08, 1.2360e-06,
         6.0113e-05],
        [3.0639e-12, 1.3208e-09, 3.3447e-07,  ..., 4.6520e-11, 8.2668e-07,
         1.5008e-05],
        [2.2816e-13, 2.4795e-07, 8.3617e-08,  ..., 4.1617e-07, 4.0902e-10,
         1.6544e-06]], device='cuda:0')]
DEBUG   [05-21 20:27:59] forward in Ensembler:
final predict
DEBUG   [05-21 20:27:59] forward in Ensembler:
tensor([[3.0480e-16, 5.9067e-11, 6.7944e-07,  ..., 5.2892e-11, 3.8665e-10,
         6.4062e-05],
        [5.3743e-13, 1.3117e-11, 2.8795e-08,  ..., 1.6964e-09, 4.3277e-06,
         1.5306e-08],
        [1.1517e-11, 8.4647e-10, 4.7943e-07,  ..., 3.7435e-09, 5.5904e-06,
         2.3778e-07],
        ...,
        [5.4900e-13, 6.8876e-10, 1.4856e-07,  ..., 1.9232e-08, 6.1858e-07,
         3.1084e-05],
        [1.6644e-12, 6.6092e-10, 1.7520e-07,  ..., 7.3188e-11, 5.7970e-07,
         7.5267e-06],
        [1.2058e-13, 1.2398e-07, 1.4268e-07,  ..., 2.0822e-07, 1.3404e-08,
         8.5700e-07]], device='cuda:0')
DEBUG   [05-21 20:27:59] forward in Ensembler:
final confidence
DEBUG   [05-21 20:27:59] forward in Ensembler:
tensor([0.0326, 0.0468, 0.0673,  ..., 0.0107, 0.0272, 0.0508], device='cuda:0')
DEBUG   [05-21 20:28:01] forward in Ensembler:
raw predict
DEBUG   [05-21 20:28:01] forward in Ensembler:
[tensor([[7.2902e-13, 3.3521e-09, 3.9336e-08,  ..., 6.2443e-09, 1.1026e-06,
         3.4369e-06],
        [3.4400e-14, 2.5612e-09, 3.4795e-08,  ..., 6.2816e-11, 4.5326e-12,
         7.5564e-07],
        [7.6371e-11, 1.0209e-10, 8.3244e-07,  ..., 8.4788e-09, 4.3207e-09,
         2.7135e-06],
        ...,
        [3.1541e-13, 8.0145e-13, 6.4199e-12,  ..., 5.5714e-12, 3.5378e-07,
         8.9035e-08],
        [1.8447e-14, 5.3977e-11, 1.1592e-09,  ..., 2.2114e-09, 1.9189e-06,
         1.1685e-07],
        [3.7121e-10, 1.0400e-09, 1.5668e-06,  ..., 7.0220e-08, 2.3628e-06,
         5.7917e-08]], device='cuda:0'), tensor([[2.5474e-14, 3.4362e-13, 1.4644e-11,  ..., 1.1271e-09, 8.6996e-10,
         1.5428e-09],
        [3.6110e-12, 4.9324e-07, 1.9082e-07,  ..., 1.3820e-05, 4.9802e-08,
         1.9436e-04],
        [4.7482e-15, 1.2533e-11, 1.5028e-08,  ..., 1.6362e-09, 1.0815e-08,
         1.6639e-07],
        ...,
        [1.0590e-12, 3.3210e-13, 5.5028e-09,  ..., 3.5370e-12, 1.0994e-04,
         8.1151e-09],
        [7.0756e-12, 2.3779e-10, 1.6137e-10,  ..., 3.5100e-09, 1.4948e-06,
         9.3183e-07],
        [2.2489e-11, 1.0376e-10, 1.4521e-08,  ..., 5.7743e-12, 9.1517e-06,
         2.0849e-09]], device='cuda:0')]
DEBUG   [05-21 20:28:01] forward in Ensembler:
raw confidence
DEBUG   [05-21 20:28:01] forward in Ensembler:
[tensor([0.0791, 0.1779, 0.0293,  ..., 0.0451, 0.0277, 0.0655], device='cuda:0'), tensor([0.1866, 0.0246, 0.1610,  ..., 0.0464, 0.0376, 0.1657], device='cuda:0')]
DEBUG   [05-21 20:28:01] forward in Ensembler:
weighted predict
DEBUG   [05-21 20:28:01] forward in Ensembler:
[tensor([[7.2902e-13, 3.3521e-09, 3.9336e-08,  ..., 6.2443e-09, 1.1026e-06,
         3.4369e-06],
        [3.4400e-14, 2.5612e-09, 3.4795e-08,  ..., 6.2816e-11, 4.5326e-12,
         7.5564e-07],
        [7.6371e-11, 1.0209e-10, 8.3244e-07,  ..., 8.4788e-09, 4.3207e-09,
         2.7135e-06],
        ...,
        [3.1541e-13, 8.0145e-13, 6.4199e-12,  ..., 5.5714e-12, 3.5378e-07,
         8.9035e-08],
        [1.8447e-14, 5.3977e-11, 1.1592e-09,  ..., 2.2114e-09, 1.9189e-06,
         1.1685e-07],
        [3.7121e-10, 1.0400e-09, 1.5668e-06,  ..., 7.0220e-08, 2.3628e-06,
         5.7917e-08]], device='cuda:0'), tensor([[2.5474e-14, 3.4362e-13, 1.4644e-11,  ..., 1.1271e-09, 8.6996e-10,
         1.5428e-09],
        [3.6110e-12, 4.9324e-07, 1.9082e-07,  ..., 1.3820e-05, 4.9802e-08,
         1.9436e-04],
        [4.7482e-15, 1.2533e-11, 1.5028e-08,  ..., 1.6362e-09, 1.0815e-08,
         1.6639e-07],
        ...,
        [1.0590e-12, 3.3210e-13, 5.5028e-09,  ..., 3.5370e-12, 1.0994e-04,
         8.1151e-09],
        [7.0756e-12, 2.3779e-10, 1.6137e-10,  ..., 3.5100e-09, 1.4948e-06,
         9.3183e-07],
        [2.2489e-11, 1.0376e-10, 1.4521e-08,  ..., 5.7743e-12, 9.1517e-06,
         2.0849e-09]], device='cuda:0')]
DEBUG   [05-21 20:28:01] forward in Ensembler:
final predict
DEBUG   [05-21 20:28:01] forward in Ensembler:
tensor([[3.7725e-13, 1.6762e-09, 1.9675e-08,  ..., 3.6857e-09, 5.5171e-07,
         1.7192e-06],
        [1.8227e-12, 2.4790e-07, 1.1281e-07,  ..., 6.9102e-06, 2.4903e-08,
         9.7558e-05],
        [3.8188e-11, 5.7311e-11, 4.2373e-07,  ..., 5.0575e-09, 7.5680e-09,
         1.4399e-06],
        ...,
        [6.8723e-13, 5.6677e-13, 2.7546e-09,  ..., 4.5542e-12, 5.5148e-05,
         4.8575e-08],
        [3.5470e-12, 1.4589e-10, 6.6029e-10,  ..., 2.8607e-09, 1.7069e-06,
         5.2434e-07],
        [1.9685e-10, 5.7187e-10, 7.9065e-07,  ..., 3.5113e-08, 5.7573e-06,
         3.0001e-08]], device='cuda:0')
DEBUG   [05-21 20:28:01] forward in Ensembler:
final confidence
DEBUG   [05-21 20:28:01] forward in Ensembler:
tensor([0.1046, 0.0893, 0.0822,  ..., 0.0248, 0.0326, 0.0830], device='cuda:0')
DEBUG   [05-21 20:28:03] forward in Ensembler:
raw predict
DEBUG   [05-21 20:28:03] forward in Ensembler:
[tensor([[2.7354e-12, 1.6257e-09, 2.7816e-07,  ..., 6.3097e-11, 1.8896e-05,
         1.2738e-07],
        [3.3873e-09, 2.4157e-09, 1.8136e-05,  ..., 3.7919e-08, 8.0377e-07,
         7.1151e-07],
        [6.4029e-13, 8.0341e-10, 7.0601e-06,  ..., 6.6712e-08, 9.5616e-08,
         4.4702e-06],
        ...,
        [5.1952e-14, 3.0062e-13, 5.2354e-09,  ..., 1.1958e-06, 4.4252e-07,
         2.1952e-08],
        [2.8405e-12, 2.1069e-12, 1.5657e-08,  ..., 1.5976e-13, 4.4798e-09,
         1.8322e-04],
        [1.1141e-13, 3.3584e-15, 2.0342e-09,  ..., 1.6039e-15, 6.6164e-11,
         4.1817e-05]], device='cuda:0'), tensor([[4.3963e-14, 8.1187e-12, 3.3913e-09,  ..., 8.0699e-11, 2.9481e-06,
         1.2102e-08],
        [5.0518e-10, 7.9542e-10, 3.0985e-07,  ..., 5.2850e-08, 9.8233e-06,
         6.7994e-06],
        [5.5323e-12, 6.7812e-09, 1.5320e-07,  ..., 1.1740e-07, 1.7666e-09,
         2.0610e-05],
        ...,
        [7.0208e-14, 3.1446e-12, 5.6497e-09,  ..., 1.1078e-11, 1.1763e-05,
         4.6345e-07],
        [2.1448e-12, 3.4973e-21, 2.8631e-11,  ..., 1.1066e-18, 5.6355e-09,
         2.0658e-14],
        [2.9511e-15, 1.5654e-14, 3.6629e-08,  ..., 1.5338e-11, 1.8189e-07,
         3.2214e-09]], device='cuda:0')]
DEBUG   [05-21 20:28:03] forward in Ensembler:
raw confidence
DEBUG   [05-21 20:28:03] forward in Ensembler:
[tensor([0.0161, 0.0110, 0.0304,  ..., 0.0579, 0.2539, 0.0719], device='cuda:0'), tensor([0.0874, 0.0064, 0.0533,  ..., 0.0641, 0.9477, 0.0554], device='cuda:0')]
DEBUG   [05-21 20:28:03] forward in Ensembler:
weighted predict
DEBUG   [05-21 20:28:03] forward in Ensembler:
[tensor([[2.7354e-12, 1.6257e-09, 2.7816e-07,  ..., 6.3097e-11, 1.8896e-05,
         1.2738e-07],
        [3.3873e-09, 2.4157e-09, 1.8136e-05,  ..., 3.7919e-08, 8.0377e-07,
         7.1151e-07],
        [6.4029e-13, 8.0341e-10, 7.0601e-06,  ..., 6.6712e-08, 9.5616e-08,
         4.4702e-06],
        ...,
        [5.1952e-14, 3.0062e-13, 5.2354e-09,  ..., 1.1958e-06, 4.4252e-07,
         2.1952e-08],
        [2.8405e-12, 2.1069e-12, 1.5657e-08,  ..., 1.5976e-13, 4.4798e-09,
         1.8322e-04],
        [1.1141e-13, 3.3584e-15, 2.0342e-09,  ..., 1.6039e-15, 6.6164e-11,
         4.1817e-05]], device='cuda:0'), tensor([[4.3963e-14, 8.1187e-12, 3.3913e-09,  ..., 8.0699e-11, 2.9481e-06,
         1.2102e-08],
        [5.0518e-10, 7.9542e-10, 3.0985e-07,  ..., 5.2850e-08, 9.8233e-06,
         6.7994e-06],
        [5.5323e-12, 6.7812e-09, 1.5320e-07,  ..., 1.1740e-07, 1.7666e-09,
         2.0610e-05],
        ...,
        [7.0208e-14, 3.1446e-12, 5.6497e-09,  ..., 1.1078e-11, 1.1763e-05,
         4.6345e-07],
        [2.1448e-12, 3.4973e-21, 2.8631e-11,  ..., 1.1066e-18, 5.6355e-09,
         2.0658e-14],
        [2.9511e-15, 1.5654e-14, 3.6629e-08,  ..., 1.5338e-11, 1.8189e-07,
         3.2214e-09]], device='cuda:0')]
DEBUG   [05-21 20:28:03] forward in Ensembler:
final predict
DEBUG   [05-21 20:28:03] forward in Ensembler:
tensor([[1.3897e-12, 8.1693e-10, 1.4078e-07,  ..., 7.1898e-11, 1.0922e-05,
         6.9742e-08],
        [1.9462e-09, 1.6055e-09, 9.2231e-06,  ..., 4.5385e-08, 5.3135e-06,
         3.7555e-06],
        [3.0863e-12, 3.7923e-09, 3.6066e-06,  ..., 9.2058e-08, 4.8691e-08,
         1.2540e-05],
        ...,
        [6.1080e-14, 1.7226e-12, 5.4426e-09,  ..., 5.9793e-07, 6.1027e-06,
         2.4270e-07],
        [2.4927e-12, 1.0534e-12, 7.8426e-09,  ..., 7.9882e-14, 5.0577e-09,
         9.1608e-05],
        [5.7178e-14, 9.5062e-15, 1.9331e-08,  ..., 7.6697e-12, 9.0979e-08,
         2.0910e-05]], device='cuda:0')
DEBUG   [05-21 20:28:03] forward in Ensembler:
final confidence
DEBUG   [05-21 20:28:03] forward in Ensembler:
tensor([0.0451, 0.0067, 0.0267,  ..., 0.0324, 0.4739, 0.0360], device='cuda:0')
DEBUG   [05-21 20:28:04] forward in Ensembler:
raw predict
DEBUG   [05-21 20:28:04] forward in Ensembler:
[tensor([[1.9414e-12, 2.1480e-08, 6.2298e-08,  ..., 1.1290e-08, 1.0137e-05,
         7.6542e-10],
        [6.7636e-10, 3.3886e-11, 1.7502e-07,  ..., 1.8175e-15, 2.5408e-08,
         7.7213e-11],
        [7.7247e-11, 2.5621e-11, 1.6863e-08,  ..., 1.4170e-12, 7.9662e-07,
         3.2857e-06],
        ...,
        [9.3864e-15, 3.3403e-11, 5.3258e-07,  ..., 2.9272e-08, 2.8446e-08,
         5.0136e-07],
        [1.7775e-12, 9.9288e-12, 7.1995e-08,  ..., 3.8860e-08, 5.3684e-07,
         4.9537e-08],
        [1.3256e-12, 1.7035e-10, 1.0764e-06,  ..., 4.3955e-09, 1.1662e-07,
         1.1309e-06]], device='cuda:0'), tensor([[3.6234e-12, 3.5857e-07, 7.7367e-07,  ..., 9.3921e-08, 1.9600e-06,
         3.0543e-06],
        [1.5332e-12, 1.4994e-11, 9.3906e-10,  ..., 1.0213e-10, 2.0389e-06,
         8.8419e-09],
        [1.4938e-11, 6.8540e-12, 4.9685e-06,  ..., 4.2715e-10, 2.1635e-07,
         9.8030e-07],
        ...,
        [1.3606e-12, 4.6325e-09, 7.4100e-08,  ..., 1.2964e-07, 2.4261e-06,
         3.5752e-06],
        [1.4129e-08, 2.8348e-10, 1.4346e-08,  ..., 2.6489e-09, 1.1424e-07,
         4.1519e-06],
        [8.7402e-11, 2.4069e-08, 6.7660e-07,  ..., 6.5902e-08, 9.2540e-07,
         3.0484e-07]], device='cuda:0')]
DEBUG   [05-21 20:28:04] forward in Ensembler:
raw confidence
DEBUG   [05-21 20:28:04] forward in Ensembler:
[tensor([0.0435, 0.1471, 0.2074,  ..., 0.0246, 0.0357, 0.0527], device='cuda:0'), tensor([0.0224, 0.1153, 0.0159,  ..., 0.0076, 0.0232, 0.0083], device='cuda:0')]
DEBUG   [05-21 20:28:04] forward in Ensembler:
weighted predict
DEBUG   [05-21 20:28:04] forward in Ensembler:
[tensor([[1.9414e-12, 2.1480e-08, 6.2298e-08,  ..., 1.1290e-08, 1.0137e-05,
         7.6542e-10],
        [6.7636e-10, 3.3886e-11, 1.7502e-07,  ..., 1.8175e-15, 2.5408e-08,
         7.7213e-11],
        [7.7247e-11, 2.5621e-11, 1.6863e-08,  ..., 1.4170e-12, 7.9662e-07,
         3.2857e-06],
        ...,
        [9.3864e-15, 3.3403e-11, 5.3258e-07,  ..., 2.9272e-08, 2.8446e-08,
         5.0136e-07],
        [1.7775e-12, 9.9288e-12, 7.1995e-08,  ..., 3.8860e-08, 5.3684e-07,
         4.9537e-08],
        [1.3256e-12, 1.7035e-10, 1.0764e-06,  ..., 4.3955e-09, 1.1662e-07,
         1.1309e-06]], device='cuda:0'), tensor([[3.6234e-12, 3.5857e-07, 7.7367e-07,  ..., 9.3921e-08, 1.9600e-06,
         3.0543e-06],
        [1.5332e-12, 1.4994e-11, 9.3906e-10,  ..., 1.0213e-10, 2.0389e-06,
         8.8419e-09],
        [1.4938e-11, 6.8540e-12, 4.9685e-06,  ..., 4.2715e-10, 2.1635e-07,
         9.8030e-07],
        ...,
        [1.3606e-12, 4.6325e-09, 7.4100e-08,  ..., 1.2964e-07, 2.4261e-06,
         3.5752e-06],
        [1.4129e-08, 2.8348e-10, 1.4346e-08,  ..., 2.6489e-09, 1.1424e-07,
         4.1519e-06],
        [8.7402e-11, 2.4069e-08, 6.7660e-07,  ..., 6.5902e-08, 9.2540e-07,
         3.0484e-07]], device='cuda:0')]
DEBUG   [05-21 20:28:04] forward in Ensembler:
final predict
DEBUG   [05-21 20:28:04] forward in Ensembler:
tensor([[2.7824e-12, 1.9002e-07, 4.1799e-07,  ..., 5.2605e-08, 6.0486e-06,
         1.5275e-06],
        [3.3894e-10, 2.4440e-11, 8.7980e-08,  ..., 5.1067e-11, 1.0322e-06,
         4.4595e-09],
        [4.6092e-11, 1.6238e-11, 2.4927e-06,  ..., 2.1428e-10, 5.0649e-07,
         2.1330e-06],
        ...,
        [6.8500e-13, 2.3330e-09, 3.0334e-07,  ..., 7.9457e-08, 1.2273e-06,
         2.0383e-06],
        [7.0655e-09, 1.4671e-10, 4.3171e-08,  ..., 2.0754e-08, 3.2554e-07,
         2.1007e-06],
        [4.4364e-11, 1.2120e-08, 8.7652e-07,  ..., 3.5149e-08, 5.2101e-07,
         7.1784e-07]], device='cuda:0')
DEBUG   [05-21 20:28:04] forward in Ensembler:
final confidence
DEBUG   [05-21 20:28:04] forward in Ensembler:
tensor([0.0227, 0.0736, 0.1037,  ..., 0.0126, 0.0183, 0.0275], device='cuda:0')
DEBUG   [05-21 20:28:06] forward in Ensembler:
raw predict
DEBUG   [05-21 20:28:06] forward in Ensembler:
[tensor([[4.7177e-14, 2.4825e-11, 2.4770e-07,  ..., 4.8524e-08, 1.8588e-07,
         3.9576e-07],
        [3.9550e-10, 2.0867e-07, 4.0959e-06,  ..., 1.8352e-06, 3.4372e-06,
         2.5525e-06],
        [9.0221e-14, 6.3682e-12, 4.0671e-07,  ..., 2.5782e-10, 9.8127e-08,
         5.2257e-07],
        ...,
        [1.3321e-12, 3.8784e-10, 3.6577e-07,  ..., 4.3959e-09, 2.4699e-08,
         3.8047e-08],
        [9.4054e-16, 7.7186e-10, 8.7765e-08,  ..., 6.7247e-09, 5.2336e-08,
         8.3048e-06],
        [1.2710e-16, 4.0239e-10, 4.4018e-06,  ..., 3.0214e-11, 6.6992e-09,
         5.5135e-07]], device='cuda:0'), tensor([[2.0700e-11, 1.0255e-09, 3.6587e-08,  ..., 1.7384e-07, 1.9862e-07,
         1.8795e-06],
        [4.4829e-10, 9.6336e-13, 3.4500e-06,  ..., 5.5031e-10, 2.5089e-07,
         1.5235e-10],
        [6.1435e-13, 3.3405e-12, 2.6881e-08,  ..., 8.5936e-11, 1.5357e-06,
         2.9715e-09],
        ...,
        [6.8983e-10, 6.8904e-09, 2.8477e-08,  ..., 4.7864e-10, 5.4617e-06,
         7.9124e-08],
        [4.0645e-15, 2.1057e-11, 5.6456e-11,  ..., 5.8162e-09, 2.2139e-12,
         8.9227e-06],
        [1.5623e-15, 2.2769e-12, 2.3154e-09,  ..., 1.7472e-13, 2.5200e-08,
         6.3578e-07]], device='cuda:0')]
DEBUG   [05-21 20:28:06] forward in Ensembler:
raw confidence
DEBUG   [05-21 20:28:06] forward in Ensembler:
[tensor([0.0717, 0.0108, 0.0193,  ..., 0.1218, 0.2111, 0.1352], device='cuda:0'), tensor([0.0236, 0.0520, 0.0417,  ..., 0.1106, 0.0526, 0.0455], device='cuda:0')]
DEBUG   [05-21 20:28:06] forward in Ensembler:
weighted predict
DEBUG   [05-21 20:28:06] forward in Ensembler:
[tensor([[4.7177e-14, 2.4825e-11, 2.4770e-07,  ..., 4.8524e-08, 1.8588e-07,
         3.9576e-07],
        [3.9550e-10, 2.0867e-07, 4.0959e-06,  ..., 1.8352e-06, 3.4372e-06,
         2.5525e-06],
        [9.0221e-14, 6.3682e-12, 4.0671e-07,  ..., 2.5782e-10, 9.8127e-08,
         5.2257e-07],
        ...,
        [1.3321e-12, 3.8784e-10, 3.6577e-07,  ..., 4.3959e-09, 2.4699e-08,
         3.8047e-08],
        [9.4054e-16, 7.7186e-10, 8.7765e-08,  ..., 6.7247e-09, 5.2336e-08,
         8.3048e-06],
        [1.2710e-16, 4.0239e-10, 4.4018e-06,  ..., 3.0214e-11, 6.6992e-09,
         5.5135e-07]], device='cuda:0'), tensor([[2.0700e-11, 1.0255e-09, 3.6587e-08,  ..., 1.7384e-07, 1.9862e-07,
         1.8795e-06],
        [4.4829e-10, 9.6336e-13, 3.4500e-06,  ..., 5.5031e-10, 2.5089e-07,
         1.5235e-10],
        [6.1435e-13, 3.3405e-12, 2.6881e-08,  ..., 8.5936e-11, 1.5357e-06,
         2.9715e-09],
        ...,
        [6.8983e-10, 6.8904e-09, 2.8477e-08,  ..., 4.7864e-10, 5.4617e-06,
         7.9124e-08],
        [4.0645e-15, 2.1057e-11, 5.6456e-11,  ..., 5.8162e-09, 2.2139e-12,
         8.9227e-06],
        [1.5623e-15, 2.2769e-12, 2.3154e-09,  ..., 1.7472e-13, 2.5200e-08,
         6.3578e-07]], device='cuda:0')]
DEBUG   [05-21 20:28:06] forward in Ensembler:
final predict
DEBUG   [05-21 20:28:06] forward in Ensembler:
tensor([[1.0373e-11, 5.2518e-10, 1.4215e-07,  ..., 1.1118e-07, 1.9225e-07,
         1.1376e-06],
        [4.2190e-10, 1.0433e-07, 3.7730e-06,  ..., 9.1787e-07, 1.8440e-06,
         1.2763e-06],
        [3.5228e-13, 4.8543e-12, 2.1680e-07,  ..., 1.7188e-10, 8.1693e-07,
         2.6277e-07],
        ...,
        [3.4558e-10, 3.6391e-09, 1.9712e-07,  ..., 2.4373e-09, 2.7432e-06,
         5.8586e-08],
        [2.5025e-15, 3.9646e-10, 4.3911e-08,  ..., 6.2704e-09, 2.6169e-08,
         8.6137e-06],
        [8.4468e-16, 2.0233e-10, 2.2021e-06,  ..., 1.5195e-11, 1.5950e-08,
         5.9357e-07]], device='cuda:0')
DEBUG   [05-21 20:28:06] forward in Ensembler:
final confidence
DEBUG   [05-21 20:28:06] forward in Ensembler:
tensor([0.0457, 0.0262, 0.0212,  ..., 0.0731, 0.1080, 0.0841], device='cuda:0')
INFO    [05-21 20:28:41] test_mentor in DistillTrainer:
{'Recall@10': 0.05440281808376312, 'NDCG@10': 0.0336642250418663, 'MRR@10': 0.027343265786767004, 'Recall@5': 0.039665252566337586, 'NDCG@5': 0.02893435589969158, 'MRR@5': 0.02541197694838047, 'Recall*@10': 0.05767573967576027, 'NDCG*@10': 0.035613797158002856, 'MRR*@10': 0.028883896470069885, 'Recall*@5': 0.04208819583058357, 'NDCG*@5': 0.03060448423027992, 'MRR*@5': 0.026834618672728537}
INFO    [05-21 20:28:41] train in DistillTrainer:
result:
{'Recall@10': 0.05440281808376312, 'NDCG@10': 0.0336642250418663, 'MRR@10': 0.027343265786767004, 'Recall@5': 0.039665252566337586, 'NDCG@5': 0.02893435589969158, 'MRR@5': 0.02541197694838047, 'Recall*@10': 0.05767573967576027, 'NDCG*@10': 0.035613797158002856, 'MRR*@10': 0.028883896470069885, 'Recall*@5': 0.04208819583058357, 'NDCG*@5': 0.03060448423027992, 'MRR*@5': 0.026834618672728537}
INFO    [05-21 20:29:21] log in loggers:
Update Best NDCG@10 Model at 0
INFO    [05-21 20:29:21] validate in BasicTrainer:
{'Recall@10': 0.00033203125, 'NDCG@10': 0.00014112540433416142, 'MRR@10': 8.473617323033978e-05, 'Recall@5': 0.000146484375, 'NDCG@5': 8.149782719556242e-05, 'MRR@5': 6.03841150586959e-05, 'Recall*@10': 0.00031247938983142376, 'NDCG*@10': 0.00013840028928825633, 'MRR*@10': 8.687235858815257e-05, 'Recall*@5': 0.00014406405622139574, 'NDCG*@5': 8.445796614978463e-05, 'MRR*@5': 6.494511442724616e-05}
INFO    [05-21 20:29:21] train in BasicTrainer:
epoch: 0
DEBUG   [05-21 20:29:22] calculate_loss in loss:
soft_target max: 0.9998958110809326, argmax 39640776
DEBUG   [05-21 20:29:22] calculate_loss in loss:
pred max in softmax: 3.422421286813915e-05, argmax 110193085
INFO    [05-21 20:29:39] _train_one_epoch in BasicTrainer:
loss = 6.739207581356839
INFO    [05-21 20:30:21] log in loggers:
Update Best NDCG@10 Model at 0
INFO    [05-21 20:30:21] validate in BasicTrainer:
{'Recall@10': 0.03600862339138985, 'NDCG@10': 0.01810355868190527, 'MRR@10': 0.012700462229549885, 'Recall@5': 0.021855923980474472, 'NDCG@5': 0.013592502437531948, 'MRR@5': 0.010876163989305496, 'Recall*@10': 0.03933888018131256, 'NDCG*@10': 0.020186091065406798, 'MRR*@10': 0.01439195267856121, 'Recall*@5': 0.02459236040711403, 'NDCG*@5': 0.01549174927175045, 'MRR*@5': 0.012497201710939407}
INFO    [05-21 20:30:21] train in BasicTrainer:
duration: 60.01900911331177s
INFO    [05-21 20:30:21] train in BasicTrainer:
epoch: 1
INFO    [05-21 20:30:38] _train_one_epoch in BasicTrainer:
loss = 6.275759293152405
INFO    [05-21 20:31:19] log in loggers:
Update Best NDCG@10 Model at 1
INFO    [05-21 20:31:19] validate in BasicTrainer:
{'Recall@10': 0.0352399405837059, 'NDCG@10': 0.018965481594204903, 'MRR@10': 0.014028614424169063, 'Recall@5': 0.02304452858865261, 'NDCG@5': 0.015052500478923321, 'MRR@5': 0.012431677803397179, 'Recall*@10': 0.038540069088339804, 'NDCG*@10': 0.020935586392879485, 'MRR*@10': 0.015595516450703143, 'Recall*@5': 0.025354007109999657, 'NDCG*@5': 0.01670747894793749, 'MRR*@5': 0.013871512375772}
INFO    [05-21 20:31:19] train in BasicTrainer:
duration: 58.11466121673584s
INFO    [05-21 20:31:19] train in BasicTrainer:
epoch: 2
INFO    [05-21 20:31:37] _train_one_epoch in BasicTrainer:
loss = 6.046976471806432
INFO    [05-21 20:32:19] log in loggers:
Update Best NDCG@10 Model at 2
INFO    [05-21 20:32:19] validate in BasicTrainer:
{'Recall@10': 0.04062067672610283, 'NDCG@10': 0.02166682906448841, 'MRR@10': 0.015925442650914192, 'Recall@5': 0.02616190567612648, 'NDCG@5': 0.017033898867666722, 'MRR@5': 0.014038647338747979, 'Recall*@10': 0.04441619351506233, 'NDCG*@10': 0.023902095928788183, 'MRR*@10': 0.017688374407589434, 'Recall*@5': 0.02869904674589634, 'NDCG*@5': 0.018861781284213067, 'MRR*@5': 0.015633338652551173}
INFO    [05-21 20:32:19] train in BasicTrainer:
duration: 59.917317390441895s
INFO    [05-21 20:32:19] train in BasicTrainer:
epoch: 3
INFO    [05-21 20:32:36] _train_one_epoch in BasicTrainer:
loss = 5.901992806443223
INFO    [05-21 20:33:18] log in loggers:
Update Best NDCG@10 Model at 3
INFO    [05-21 20:33:18] validate in BasicTrainer:
{'Recall@10': 0.04361324355006218, 'NDCG@10': 0.023479340076446534, 'MRR@10': 0.01735552731901407, 'Recall@5': 0.029067117497324945, 'NDCG@5': 0.018802881166338922, 'MRR@5': 0.015441690981388092, 'Recall*@10': 0.04728419601917267, 'NDCG*@10': 0.025628857687115668, 'MRR*@10': 0.019041896499693393, 'Recall*@5': 0.031701254323124886, 'NDCG*@5': 0.020616371259093283, 'MRR*@5': 0.016988999471068383}
INFO    [05-21 20:33:18] train in BasicTrainer:
duration: 59.02784991264343s
INFO    [05-21 20:33:18] train in BasicTrainer:
epoch: 4
INFO    [05-21 20:33:35] _train_one_epoch in BasicTrainer:
loss = 5.7740704991796
INFO    [05-21 20:34:17] log in loggers:
Update Best NDCG@10 Model at 4
INFO    [05-21 20:34:17] validate in BasicTrainer:
{'Recall@10': 0.048095418959856036, 'NDCG@10': 0.025857059136033058, 'MRR@10': 0.019090833067893984, 'Recall@5': 0.031940766423940656, 'NDCG@5': 0.020661636292934417, 'MRR@5': 0.016963128335773944, 'Recall*@10': 0.05201686903834343, 'NDCG*@10': 0.028089067563414574, 'MRR*@10': 0.020811347514390944, 'Recall*@5': 0.03460784040391445, 'NDCG*@5': 0.022488887459039687, 'MRR*@5': 0.018517130203545094}
INFO    [05-21 20:34:17] train in BasicTrainer:
duration: 59.24984335899353s
INFO    [05-21 20:34:17] train in BasicTrainer:
epoch: 5
INFO    [05-21 20:34:35] _train_one_epoch in BasicTrainer:
loss = 5.656273425162375
INFO    [05-21 20:35:17] log in loggers:
Update Best NDCG@10 Model at 5
INFO    [05-21 20:35:17] validate in BasicTrainer:
{'Recall@10': 0.05007998362183571, 'NDCG@10': 0.02726197153329849, 'MRR@10': 0.020328698232769966, 'Recall@5': 0.033260732889175415, 'NDCG@5': 0.021843545660376548, 'MRR@5': 0.018104482814669608, 'Recall*@10': 0.05393208116292954, 'NDCG*@10': 0.029587752148509026, 'MRR*@10': 0.022191041111946107, 'Recall*@5': 0.03600666664540768, 'NDCG*@5': 0.023814317733049394, 'MRR*@5': 0.019821893200278284}
INFO    [05-21 20:35:17] train in BasicTrainer:
duration: 59.97335767745972s
INFO    [05-21 20:35:17] train in BasicTrainer:
epoch: 6
INFO    [05-21 20:35:35] _train_one_epoch in BasicTrainer:
loss = 5.5797096630474465
INFO    [05-21 20:36:16] log in loggers:
Update Best NDCG@10 Model at 6
INFO    [05-21 20:36:16] validate in BasicTrainer:
{'Recall@10': 0.050407070368528366, 'NDCG@10': 0.027724887132644652, 'MRR@10': 0.020821586325764654, 'Recall@5': 0.034092418104410174, 'NDCG@5': 0.022488650009036062, 'MRR@5': 0.01868326909840107, 'Recall*@10': 0.054332154095172884, 'NDCG*@10': 0.029922000020742415, 'MRR*@10': 0.022496932595968248, 'Recall*@5': 0.036716407537460326, 'NDCG*@5': 0.02426239922642708, 'MRR*@5': 0.020182416290044785}
INFO    [05-21 20:36:16] train in BasicTrainer:
duration: 59.33998250961304s
INFO    [05-21 20:36:16] train in BasicTrainer:
epoch: 7
INFO    [05-21 20:36:36] _train_one_epoch in BasicTrainer:
loss = 5.522617584950215
INFO    [05-21 20:37:18] log in loggers:
Update Best NDCG@10 Model at 7
INFO    [05-21 20:37:18] validate in BasicTrainer:
{'Recall@10': 0.05126644536852837, 'NDCG@10': 0.027970866709947587, 'MRR@10': 0.020892423689365388, 'Recall@5': 0.034271949231624604, 'NDCG@5': 0.022511159628629686, 'MRR@5': 0.01865995366126299, 'Recall*@10': 0.055325143933296204, 'NDCG*@10': 0.03030244380235672, 'MRR*@10': 0.022698805630207063, 'Recall*@5': 0.03709797218441963, 'NDCG*@5': 0.02444314196705818, 'MRR*@5': 0.020300892889499666}
INFO    [05-21 20:37:18] train in BasicTrainer:
duration: 61.673468589782715s
INFO    [05-21 20:37:18] train in BasicTrainer:
epoch: 8
INFO    [05-21 20:37:35] _train_one_epoch in BasicTrainer:
loss = 5.471762773152944
INFO    [05-21 20:38:17] validate in BasicTrainer:
{'Recall@10': 0.0513521933555603, 'NDCG@10': 0.027915796786546706, 'MRR@10': 0.020797704830765724, 'Recall@5': 0.03406312122941017, 'NDCG@5': 0.022361766546964645, 'MRR@5': 0.018527212478220464, 'Recall*@10': 0.055641037076711655, 'NDCG*@10': 0.030338458269834518, 'MRR*@10': 0.02265369601547718, 'Recall*@5': 0.03706700906157494, 'NDCG*@5': 0.02437420628964901, 'MRR*@5': 0.020216946080327033}
INFO    [05-21 20:38:17] train in BasicTrainer:
duration: 58.7116539478302s
INFO    [05-21 20:38:17] train in BasicTrainer:
epoch: 9
DEBUG   [05-21 20:38:18] calculate_loss in loss:
soft_target max: 0.9976134300231934, argmax 46549061
DEBUG   [05-21 20:38:18] calculate_loss in loss:
pred max in softmax: 0.14634157717227936, argmax 90224176
DEBUG   [05-21 20:38:18] calculate_loss in loss:
soft_target max: 0.9999741315841675, argmax 11659360
DEBUG   [05-21 20:38:18] calculate_loss in loss:
pred max in softmax: 0.2737533152103424, argmax 116700093
INFO    [05-21 20:38:34] _train_one_epoch in BasicTrainer:
loss = 5.425433051478755
INFO    [05-21 20:39:15] log in loggers:
Update Best NDCG@10 Model at 9
INFO    [05-21 20:39:15] validate in BasicTrainer:
{'Recall@10': 0.05198415726423264, 'NDCG@10': 0.028703569918870925, 'MRR@10': 0.02163907803595066, 'Recall@5': 0.034445587694644925, 'NDCG@5': 0.02304665304720402, 'MRR@5': 0.019313368797302246, 'Recall*@10': 0.05639604240655899, 'NDCG*@10': 0.031148950532078744, 'MRR*@10': 0.023490457534790038, 'Recall*@5': 0.03732008188962936, 'NDCG*@5': 0.024999029561877252, 'MRR*@5': 0.0209636652469635}
INFO    [05-21 20:39:15] train in BasicTrainer:
duration: 57.96403884887695s
INFO    [05-21 20:39:15] train in BasicTrainer:
epoch: 10
INFO    [05-21 20:39:32] _train_one_epoch in BasicTrainer:
loss = 5.382749798061611
INFO    [05-21 20:40:13] log in loggers:
Update Best NDCG@10 Model at 10
INFO    [05-21 20:40:14] validate in BasicTrainer:
{'Recall@10': 0.052326489835977555, 'NDCG@10': 0.028772611394524573, 'MRR@10': 0.021618778109550475, 'Recall@5': 0.035004371106624604, 'NDCG@5': 0.023200711756944655, 'MRR@5': 0.019336142241954804, 'Recall*@10': 0.056820178180933, 'NDCG*@10': 0.03127696104347706, 'MRR*@10': 0.023515926450490953, 'Recall*@5': 0.03812789723277092, 'NDCG*@5': 0.02525470919907093, 'MRR*@5': 0.021043149903416634}
INFO    [05-21 20:40:14] train in BasicTrainer:
duration: 58.866498708724976s
INFO    [05-21 20:40:14] train in BasicTrainer:
epoch: 11
INFO    [05-21 20:40:32] _train_one_epoch in BasicTrainer:
loss = 5.338927170177838
INFO    [05-21 20:41:13] log in loggers:
Update Best NDCG@10 Model at 11
INFO    [05-21 20:41:13] validate in BasicTrainer:
{'Recall@10': 0.05308874428272247, 'NDCG@10': 0.029304000437259673, 'MRR@10': 0.022087312862277032, 'Recall@5': 0.0353754648566246, 'NDCG@5': 0.023612583577632903, 'MRR@5': 0.019759728759527206, 'Recall*@10': 0.05789935573935509, 'NDCG*@10': 0.031998484879732135, 'MRR*@10': 0.02414013184607029, 'Recall*@5': 0.03858299732208252, 'NDCG*@5': 0.025789704769849778, 'MRR*@5': 0.021599657312035562}
INFO    [05-21 20:41:13] train in BasicTrainer:
duration: 59.47993540763855s
INFO    [05-21 20:41:13] train in BasicTrainer:
epoch: 12
INFO    [05-21 20:41:31] _train_one_epoch in BasicTrainer:
loss = 5.29281828424952
INFO    [05-21 20:42:12] log in loggers:
Update Best NDCG@10 Model at 12
INFO    [05-21 20:42:13] validate in BasicTrainer:
{'Recall@10': 0.054168855547904966, 'NDCG@10': 0.029877516999840738, 'MRR@10': 0.022509274035692216, 'Recall@5': 0.03624019667506218, 'NDCG@5': 0.02412371791899204, 'MRR@5': 0.020160010419785976, 'Recall*@10': 0.0590725439786911, 'NDCG*@10': 0.032586572617292406, 'MRR*@10': 0.02455351494252682, 'Recall*@5': 0.03952452346682549, 'NDCG*@5': 0.026317855790257454, 'MRR*@5': 0.02199684500694275}
INFO    [05-21 20:42:13] train in BasicTrainer:
duration: 59.568073987960815s
INFO    [05-21 20:42:13] train in BasicTrainer:
epoch: 13
INFO    [05-21 20:42:30] _train_one_epoch in BasicTrainer:
loss = 5.244273615313006
INFO    [05-21 20:43:11] validate in BasicTrainer:
{'Recall@10': 0.05384498283267021, 'NDCG@10': 0.02980930395424366, 'MRR@10': 0.022520694956183432, 'Recall@5': 0.03584689319133758, 'NDCG@5': 0.024025534018874167, 'MRR@5': 0.020154561400413513, 'Recall*@10': 0.05858373090624809, 'NDCG*@10': 0.03248290859162808, 'MRR*@10': 0.02456848129630089, 'Recall*@5': 0.03907876268029213, 'NDCG*@5': 0.026222414076328276, 'MRR*@5': 0.022011733874678613}
INFO    [05-21 20:43:11] train in BasicTrainer:
duration: 58.237346172332764s
INFO    [05-21 20:43:11] train in BasicTrainer:
epoch: 14
INFO    [05-21 20:43:29] _train_one_epoch in BasicTrainer:
loss = 5.199533956544894
INFO    [05-21 20:44:11] log in loggers:
Update Best NDCG@10 Model at 14
INFO    [05-21 20:44:11] validate in BasicTrainer:
{'Recall@10': 0.054534469246864316, 'NDCG@10': 0.03040603145956993, 'MRR@10': 0.023088918402791023, 'Recall@5': 0.03636661410331726, 'NDCG@5': 0.02457204259932041, 'MRR@5': 0.020705344229936598, 'Recall*@10': 0.059190280735492706, 'NDCG*@10': 0.03295723512768745, 'MRR*@10': 0.02500431627035141, 'Recall*@5': 0.03934012234210968, 'NDCG*@5': 0.02658422201871872, 'MRR*@5': 0.022401247546076773}
INFO    [05-21 20:44:11] train in BasicTrainer:
duration: 60.111668825149536s
INFO    [05-21 20:44:11] train in BasicTrainer:
epoch: 15
INFO    [05-21 20:44:28] _train_one_epoch in BasicTrainer:
loss = 5.157245184924151
INFO    [05-21 20:45:10] log in loggers:
Update Best NDCG@10 Model at 15
INFO    [05-21 20:45:10] validate in BasicTrainer:
{'Recall@10': 0.055273442566394805, 'NDCG@10': 0.030741619169712065, 'MRR@10': 0.02330050237476826, 'Recall@5': 0.036945464462041853, 'NDCG@5': 0.024858427941799165, 'MRR@5': 0.02089797519147396, 'Recall*@10': 0.05982679083943367, 'NDCG*@10': 0.033370915427803995, 'MRR*@10': 0.025341135412454606, 'Recall*@5': 0.04017282634973526, 'NDCG*@5': 0.027065632194280625, 'MRR*@5': 0.022768301591277122}
INFO    [05-21 20:45:10] train in BasicTrainer:
duration: 58.93549466133118s
INFO    [05-21 20:45:10] train in BasicTrainer:
epoch: 16
INFO    [05-21 20:45:27] _train_one_epoch in BasicTrainer:
loss = 5.1195856987893045
INFO    [05-21 20:46:08] log in loggers:
Update Best NDCG@10 Model at 16
INFO    [05-21 20:46:08] validate in BasicTrainer:
{'Recall@10': 0.05545725911855698, 'NDCG@10': 0.030890867188572882, 'MRR@10': 0.02343372978270054, 'Recall@5': 0.03728886842727661, 'NDCG@5': 0.02505543500185013, 'MRR@5': 0.021048499569296837, 'Recall*@10': 0.05991194233298302, 'NDCG*@10': 0.03331660486757755, 'MRR*@10': 0.025237062349915504, 'Recall*@5': 0.04030246689915657, 'NDCG*@5': 0.02701352961361408, 'MRR*@5': 0.022657844126224517}
INFO    [05-21 20:46:08] train in BasicTrainer:
duration: 58.335047245025635s
INFO    [05-21 20:46:08] train in BasicTrainer:
epoch: 17
INFO    [05-21 20:46:27] _train_one_epoch in BasicTrainer:
loss = 5.083746914391045
INFO    [05-21 20:47:08] validate in BasicTrainer:
{'Recall@10': 0.05535919040441513, 'NDCG@10': 0.030814537480473518, 'MRR@10': 0.023374707102775574, 'Recall@5': 0.03687656939029694, 'NDCG@5': 0.02486017681658268, 'MRR@5': 0.02093035966157913, 'Recall*@10': 0.06009630531072616, 'NDCG*@10': 0.03342242583632469, 'MRR*@10': 0.02533422105014324, 'Recall*@5': 0.04014724984765053, 'NDCG*@5': 0.026995622962713243, 'MRR*@5': 0.022695811316370964}
INFO    [05-21 20:47:08] train in BasicTrainer:
duration: 60.11611008644104s
INFO    [05-21 20:47:08] train in BasicTrainer:
epoch: 18
DEBUG   [05-21 20:47:09] calculate_loss in loss:
soft_target max: 0.9994276762008667, argmax 22755856
DEBUG   [05-21 20:47:09] calculate_loss in loss:
pred max in softmax: 0.8221635818481445, argmax 23498981
DEBUG   [05-21 20:47:09] calculate_loss in loss:
soft_target max: 0.9968140721321106, argmax 46460877
DEBUG   [05-21 20:47:09] calculate_loss in loss:
pred max in softmax: 0.9677298069000244, argmax 24541535
INFO    [05-21 20:47:27] _train_one_epoch in BasicTrainer:
loss = 5.051483296059273
INFO    [05-21 20:48:07] log in loggers:
Update Best NDCG@10 Model at 18
INFO    [05-21 20:48:08] validate in BasicTrainer:
{'Recall@10': 0.055402002781629565, 'NDCG@10': 0.031084994301199913, 'MRR@10': 0.023707123771309853, 'Recall@5': 0.0371755538880825, 'NDCG@5': 0.025219579115509986, 'MRR@5': 0.02130330204963684, 'Recall*@10': 0.05983482256531716, 'NDCG*@10': 0.03356470540165901, 'MRR*@10': 0.02559462025761604, 'Recall*@5': 0.04010093405842781, 'NDCG*@5': 0.02721455454826355, 'MRR*@5': 0.022992550134658812}
INFO    [05-21 20:48:08] train in BasicTrainer:
duration: 59.244006633758545s
INFO    [05-21 20:48:08] train in BasicTrainer:
epoch: 19
INFO    [05-21 20:48:27] _train_one_epoch in BasicTrainer:
loss = 5.020822890169986
INFO    [05-21 20:49:08] log in loggers:
Update Best NDCG@10 Model at 19
INFO    [05-21 20:49:08] validate in BasicTrainer:
{'Recall@10': 0.05611810743808746, 'NDCG@10': 0.03135280676186085, 'MRR@10': 0.023841712325811386, 'Recall@5': 0.03736431494355202, 'NDCG@5': 0.025310312882065773, 'MRR@5': 0.02136040113866329, 'Recall*@10': 0.06062394991517067, 'NDCG*@10': 0.03386189334094524, 'MRR*@10': 0.025749760046601296, 'Recall*@5': 0.040249530673027036, 'NDCG*@5': 0.027295121029019355, 'MRR*@5': 0.023051898032426833}
INFO    [05-21 20:49:08] train in BasicTrainer:
duration: 60.42057204246521s
INFO    [05-21 20:49:08] train in BasicTrainer:
epoch: 20
INFO    [05-21 20:49:26] _train_one_epoch in BasicTrainer:
loss = 4.992363311148979
INFO    [05-21 20:50:06] validate in BasicTrainer:
{'Recall@10': 0.05561898916959763, 'NDCG@10': 0.03126053400337696, 'MRR@10': 0.023870202600955962, 'Recall@5': 0.03766597792506218, 'NDCG@5': 0.025496359169483184, 'MRR@5': 0.02151545152068138, 'Recall*@10': 0.05990497678518295, 'NDCG*@10': 0.033675499632954596, 'MRR*@10': 0.025714269652962685, 'Recall*@5': 0.0406145541369915, 'NDCG*@5': 0.027479530200362205, 'MRR*@5': 0.023181706219911575}
INFO    [05-21 20:50:06] train in BasicTrainer:
duration: 58.28557324409485s
INFO    [05-21 20:50:06] train in BasicTrainer:
epoch: 21
INFO    [05-21 20:50:25] _train_one_epoch in BasicTrainer:
loss = 4.964783329147476
INFO    [05-21 20:51:06] log in loggers:
Update Best NDCG@10 Model at 21
INFO    [05-21 20:51:06] validate in BasicTrainer:
{'Recall@10': 0.05654511660337448, 'NDCG@10': 0.03181142374873161, 'MRR@10': 0.02431919828057289, 'Recall@5': 0.037645375281572344, 'NDCG@5': 0.02572586551308632, 'MRR@5': 0.021823295503854753, 'Recall*@10': 0.06102359890937805, 'NDCG*@10': 0.03435738354921341, 'MRR*@10': 0.026275417506694793, 'Recall*@5': 0.04075501710176468, 'NDCG*@5': 0.027823645398020746, 'MRR*@5': 0.023591100573539733}
INFO    [05-21 20:51:06] train in BasicTrainer:
duration: 59.62702131271362s
INFO    [05-21 20:51:06] train in BasicTrainer:
epoch: 22
INFO    [05-21 20:51:24] _train_one_epoch in BasicTrainer:
loss = 4.938760052930127
INFO    [05-21 20:52:05] validate in BasicTrainer:
{'Recall@10': 0.05637040674686432, 'NDCG@10': 0.03178386926651001, 'MRR@10': 0.02433530129492283, 'Recall@5': 0.03747668117284775, 'NDCG@5': 0.025697375014424324, 'MRR@5': 0.021836721897125246, 'Recall*@10': 0.06077535063028336, 'NDCG*@10': 0.03419498264789581, 'MRR*@10': 0.02613507680594921, 'Recall*@5': 0.040522110164165494, 'NDCG*@5': 0.02766596890985966, 'MRR*@5': 0.023452128395438195}
INFO    [05-21 20:52:05] train in BasicTrainer:
duration: 58.54181170463562s
INFO    [05-21 20:52:05] train in BasicTrainer:
epoch: 23
INFO    [05-21 20:52:23] _train_one_epoch in BasicTrainer:
loss = 4.9140642999528765
INFO    [05-21 20:53:05] log in loggers:
Update Best NDCG@10 Model at 23
INFO    [05-21 20:53:05] validate in BasicTrainer:
{'Recall@10': 0.0573171366751194, 'NDCG@10': 0.03217175163328648, 'MRR@10': 0.024545790925621987, 'Recall@5': 0.038608834743499756, 'NDCG@5': 0.02616989620029926, 'MRR@5': 0.022096501365303993, 'Recall*@10': 0.061828813999891284, 'NDCG*@10': 0.03469276942312718, 'MRR*@10': 0.02646166443824768, 'Recall*@5': 0.041710017919540404, 'NDCG*@5': 0.028234026581048965, 'MRR*@5': 0.023823406547307968}
INFO    [05-21 20:53:05] train in BasicTrainer:
duration: 60.66361427307129s
INFO    [05-21 20:53:05] train in BasicTrainer:
epoch: 24
INFO    [05-21 20:53:23] _train_one_epoch in BasicTrainer:
loss = 4.888522719477748
INFO    [05-21 20:54:05] log in loggers:
Update Best NDCG@10 Model at 24
INFO    [05-21 20:54:05] validate in BasicTrainer:
{'Recall@10': 0.05743057429790497, 'NDCG@10': 0.03248031847178936, 'MRR@10': 0.024908946603536607, 'Recall@5': 0.03858019679784775, 'NDCG@5': 0.02642053723335266, 'MRR@5': 0.02242914415895939, 'Recall*@10': 0.06166864961385727, 'NDCG*@10': 0.03479803398251533, 'MRR*@10': 0.02664316676557064, 'Recall*@5': 0.04139127105474472, 'NDCG*@5': 0.02827446773648262, 'MRR*@5': 0.02397075966000557}
INFO    [05-21 20:54:05] train in BasicTrainer:
duration: 59.87243342399597s
INFO    [05-21 20:54:05] train in BasicTrainer:
epoch: 25
INFO    [05-21 20:54:22] _train_one_epoch in BasicTrainer:
loss = 4.865628865388063
INFO    [05-21 20:55:03] log in loggers:
Update Best NDCG@10 Model at 25
INFO    [05-21 20:55:03] validate in BasicTrainer:
{'Recall@10': 0.05743485987186432, 'NDCG@10': 0.032590214982628825, 'MRR@10': 0.025049660578370093, 'Recall@5': 0.03883237287402153, 'NDCG@5': 0.026604894250631332, 'MRR@5': 0.022597024291753767, 'Recall*@10': 0.06156327724456787, 'NDCG*@10': 0.03494465038180351, 'MRR*@10': 0.026864760965108873, 'Recall*@5': 0.041733069568872454, 'NDCG*@5': 0.028566709160804747, 'MRR*@5': 0.02425259917974472}
INFO    [05-21 20:55:03] train in BasicTrainer:
duration: 57.942715883255005s
INFO    [05-21 20:55:03] train in BasicTrainer:
epoch: 26
INFO    [05-21 20:55:22] _train_one_epoch in BasicTrainer:
loss = 4.8427084158132745
INFO    [05-21 20:56:03] log in loggers:
Update Best NDCG@10 Model at 26
INFO    [05-21 20:56:03] validate in BasicTrainer:
{'Recall@10': 0.058162337243556975, 'NDCG@10': 0.03316389441490173, 'MRR@10': 0.025576037243008613, 'Recall@5': 0.03953496217727661, 'NDCG@5': 0.027175632417201997, 'MRR@5': 0.02312553480267525, 'Recall*@10': 0.06256128534674645, 'NDCG*@10': 0.035649661272764206, 'MRR*@10': 0.027480958104133604, 'Recall*@5': 0.04243670403957367, 'NDCG*@5': 0.029177677482366562, 'MRR*@5': 0.024831177219748497}
INFO    [05-21 20:56:03] train in BasicTrainer:
duration: 60.02399492263794s
INFO    [05-21 20:56:03] train in BasicTrainer:
epoch: 27
INFO    [05-21 20:56:20] _train_one_epoch in BasicTrainer:
loss = 4.821151879456666
INFO    [05-21 20:57:01] log in loggers:
Update Best NDCG@10 Model at 27
INFO    [05-21 20:57:01] validate in BasicTrainer:
{'Recall@10': 0.05881770551204681, 'NDCG@10': 0.033711872920393945, 'MRR@10': 0.026087709590792655, 'Recall@5': 0.04027768537402153, 'NDCG@5': 0.027758069038391113, 'MRR@5': 0.023654718175530432, 'Recall*@10': 0.06292017862200737, 'NDCG*@10': 0.03599221609532833, 'MRR*@10': 0.02781509131193161, 'Recall*@5': 0.04308091178536415, 'NDCG*@5': 0.0296196498721838, 'MRR*@5': 0.025209983363747596}
INFO    [05-21 20:57:01] train in BasicTrainer:
duration: 57.941208600997925s
INFO    [05-21 20:57:01] train in BasicTrainer:
epoch: 28
INFO    [05-21 20:57:19] _train_one_epoch in BasicTrainer:
loss = 4.801545478202201
INFO    [05-21 20:58:02] validate in BasicTrainer:
{'Recall@10': 0.05853235960006714, 'NDCG@10': 0.03357205711305142, 'MRR@10': 0.025999438539147376, 'Recall@5': 0.03989081010222435, 'NDCG@5': 0.02759154438972473, 'MRR@5': 0.02355898842215538, 'Recall*@10': 0.06278269618749618, 'NDCG*@10': 0.036011754646897313, 'MRR*@10': 0.027883938923478128, 'Recall*@5': 0.0429572594165802, 'NDCG*@5': 0.029651500284671783, 'MRR*@5': 0.025288618206977843}
INFO    [05-21 20:58:02] train in BasicTrainer:
duration: 60.48609375953674s
INFO    [05-21 20:58:02] train in BasicTrainer:
epoch: 29
INFO    [05-21 20:58:19] _train_one_epoch in BasicTrainer:
loss = 4.781034564112757
INFO    [05-21 20:58:59] log in loggers:
Update Best NDCG@10 Model at 29
INFO    [05-21 20:59:00] validate in BasicTrainer:
{'Recall@10': 0.059044993221759795, 'NDCG@10': 0.0341416022926569, 'MRR@10': 0.02658177986741066, 'Recall@5': 0.040693734139204026, 'NDCG@5': 0.028252273350954055, 'MRR@5': 0.024177580401301385, 'Recall*@10': 0.0632353737950325, 'NDCG*@10': 0.036568078696727756, 'MRR*@10': 0.02847333513200283, 'Recall*@5': 0.043606275767087935, 'NDCG*@5': 0.030264240205287934, 'MRR*@5': 0.025897298380732535}
INFO    [05-21 20:59:00] train in BasicTrainer:
duration: 58.153977394104004s
INFO    [05-21 20:59:00] train in BasicTrainer:
epoch: 30
INFO    [05-21 20:59:18] _train_one_epoch in BasicTrainer:
loss = 4.760349819252083
INFO    [05-21 21:00:00] log in loggers:
Update Best NDCG@10 Model at 30
INFO    [05-21 21:00:00] validate in BasicTrainer:
{'Recall@10': 0.05975627690553665, 'NDCG@10': 0.03418531462550163, 'MRR@10': 0.026428275257349015, 'Recall@5': 0.040594470798969266, 'NDCG@5': 0.02804133400321007, 'MRR@5': 0.023923179134726524, 'Recall*@10': 0.06403547093272209, 'NDCG*@10': 0.03655507832765579, 'MRR*@10': 0.028220341727137565, 'Recall*@5': 0.0433271087706089, 'NDCG*@5': 0.02991003304719925, 'MRR*@5': 0.025507786870002748}
INFO    [05-21 21:00:00] train in BasicTrainer:
duration: 60.48034119606018s
INFO    [05-21 21:00:00] train in BasicTrainer:
epoch: 31
INFO    [05-21 21:00:17] _train_one_epoch in BasicTrainer:
loss = 4.744359841217866
INFO    [05-21 21:00:59] log in loggers:
Update Best NDCG@10 Model at 31
INFO    [05-21 21:00:59] validate in BasicTrainer:
{'Recall@10': 0.06017566323280334, 'NDCG@10': 0.03474744386970997, 'MRR@10': 0.027025753408670427, 'Recall@5': 0.041108299195766446, 'NDCG@5': 0.028613555654883386, 'MRR@5': 0.024513061195611953, 'Recall*@10': 0.06436481684446335, 'NDCG*@10': 0.03722245678305626, 'MRR*@10': 0.028978289887309074, 'Recall*@5': 0.04408181995153427, 'NDCG*@5': 0.030700120031833648, 'MRR*@5': 0.026307989135384558}
INFO    [05-21 21:00:59] train in BasicTrainer:
duration: 58.92598485946655s
INFO    [05-21 21:00:59] train in BasicTrainer:
epoch: 32
INFO    [05-21 21:01:17] _train_one_epoch in BasicTrainer:
loss = 4.7255991128113894
INFO    [05-21 21:01:58] validate in BasicTrainer:
{'Recall@10': 0.059764435589313505, 'NDCG@10': 0.0346642304956913, 'MRR@10': 0.02702462412416935, 'Recall@5': 0.04159002885222435, 'NDCG@5': 0.028821481689810753, 'MRR@5': 0.024633039757609367, 'Recall*@10': 0.0639041268825531, 'NDCG*@10': 0.03707560367882252, 'MRR*@10': 0.02891124553978443, 'Recall*@5': 0.04444549262523651, 'NDCG*@5': 0.030820686891674994, 'MRR*@5': 0.02635124050080776}
INFO    [05-21 21:01:58] train in BasicTrainer:
duration: 58.401824951171875s
INFO    [05-21 21:01:58] train in BasicTrainer:
epoch: 33
INFO    [05-21 21:02:15] _train_one_epoch in BasicTrainer:
loss = 4.709232278772302
INFO    [05-21 21:02:57] log in loggers:
Update Best NDCG@10 Model at 33
INFO    [05-21 21:02:57] validate in BasicTrainer:
{'Recall@10': 0.061244937479496005, 'NDCG@10': 0.03541390784084797, 'MRR@10': 0.027565637826919554, 'Recall@5': 0.04198547512292862, 'NDCG@5': 0.029220559522509574, 'MRR@5': 0.025029854476451875, 'Recall*@10': 0.0653179831802845, 'NDCG*@10': 0.03777958214282989, 'MRR*@10': 0.02940921425819397, 'Recall*@5': 0.04481273770332336, 'NDCG*@5': 0.03117532968521118, 'MRR*@5': 0.026699042096734047}
INFO    [05-21 21:02:57] train in BasicTrainer:
duration: 59.43685483932495s
INFO    [05-21 21:02:57] train in BasicTrainer:
epoch: 34
INFO    [05-21 21:03:15] _train_one_epoch in BasicTrainer:
loss = 4.696525874438587
INFO    [05-21 21:03:55] validate in BasicTrainer:
{'Recall@10': 0.06010730385780334, 'NDCG@10': 0.035005549415946004, 'MRR@10': 0.027376818358898162, 'Recall@5': 0.04194921419024467, 'NDCG@5': 0.029177175983786583, 'MRR@5': 0.02499691128730774, 'Recall*@10': 0.06402622118592262, 'NDCG*@10': 0.0372699111700058, 'MRR*@10': 0.02913269378244877, 'Recall*@5': 0.044855896681547165, 'NDCG*@5': 0.03112051114439964, 'MRR*@5': 0.026624032482504844}
INFO    [05-21 21:03:55] train in BasicTrainer:
duration: 58.27411103248596s
INFO    [05-21 21:03:55] train in BasicTrainer:
epoch: 35
INFO    [05-21 21:04:13] _train_one_epoch in BasicTrainer:
loss = 4.681511492342563
INFO    [05-21 21:04:54] log in loggers:
Update Best NDCG@10 Model at 35
INFO    [05-21 21:04:55] validate in BasicTrainer:
{'Recall@10': 0.06125911176204681, 'NDCG@10': 0.035474926382303235, 'MRR@10': 0.027639776989817618, 'Recall@5': 0.04237610012292862, 'NDCG@5': 0.029420639127492904, 'MRR@5': 0.025171945467591286, 'Recall*@10': 0.06504630580544472, 'NDCG*@10': 0.03769179239869118, 'MRR*@10': 0.02937595620751381, 'Recall*@5': 0.04507873609662056, 'NDCG*@5': 0.03128870353102684, 'MRR*@5': 0.026765235140919684}
INFO    [05-21 21:04:55] train in BasicTrainer:
duration: 59.3266716003418s
INFO    [05-21 21:04:55] train in BasicTrainer:
epoch: 36
INFO    [05-21 21:05:12] _train_one_epoch in BasicTrainer:
loss = 4.666263232360015
INFO    [05-21 21:05:53] log in loggers:
Update Best NDCG@10 Model at 36
INFO    [05-21 21:05:53] validate in BasicTrainer:
{'Recall@10': 0.061817359328269955, 'NDCG@10': 0.03593340501189232, 'MRR@10': 0.028059659004211427, 'Recall@5': 0.043116680532693866, 'NDCG@5': 0.029920326173305513, 'MRR@5': 0.025598280653357505, 'Recall*@10': 0.06582880809903145, 'NDCG*@10': 0.038272401988506316, 'MRR*@10': 0.029887486919760703, 'Recall*@5': 0.04600408598780632, 'NDCG*@5': 0.031905434802174566, 'MRR*@5': 0.02728576324880123}
INFO    [05-21 21:05:53] train in BasicTrainer:
duration: 58.71258234977722s
INFO    [05-21 21:05:53] train in BasicTrainer:
epoch: 37
INFO    [05-21 21:06:11] _train_one_epoch in BasicTrainer:
loss = 4.652851499952711
INFO    [05-21 21:06:51] validate in BasicTrainer:
{'Recall@10': 0.06121242642402649, 'NDCG@10': 0.035758027732372286, 'MRR@10': 0.028021501004695894, 'Recall@5': 0.04250305324792862, 'NDCG@5': 0.029736384972929953, 'MRR@5': 0.025553332418203355, 'Recall*@10': 0.06503670439124107, 'NDCG*@10': 0.03787459850311279, 'MRR*@10': 0.029622469395399094, 'Recall*@5': 0.045090845227241515, 'NDCG*@5': 0.03145931378006935, 'MRR*@5': 0.02699549712240696}
INFO    [05-21 21:06:51] train in BasicTrainer:
duration: 57.8417866230011s
INFO    [05-21 21:06:51] train in BasicTrainer:
epoch: 38
INFO    [05-21 21:07:09] _train_one_epoch in BasicTrainer:
loss = 4.639575459935644
INFO    [05-21 21:07:50] log in loggers:
Update Best NDCG@10 Model at 38
INFO    [05-21 21:07:50] validate in BasicTrainer:
{'Recall@10': 0.06161108672618866, 'NDCG@10': 0.03624820783734321, 'MRR@10': 0.02854682706296444, 'Recall@5': 0.04292297512292862, 'NDCG@5': 0.030247673764824866, 'MRR@5': 0.026095039770007135, 'Recall*@10': 0.06544484481215478, 'NDCG*@10': 0.03846353650093079, 'MRR*@10': 0.03026803083717823, 'Recall*@5': 0.04558480739593506, 'NDCG*@5': 0.03208768680691719, 'MRR*@5': 0.027663427144289016}
INFO    [05-21 21:07:50] train in BasicTrainer:
duration: 59.080968379974365s
INFO    [05-21 21:07:50] train in BasicTrainer:
epoch: 39
INFO    [05-21 21:08:08] _train_one_epoch in BasicTrainer:
loss = 4.626876122242695
INFO    [05-21 21:08:48] log in loggers:
Update Best NDCG@10 Model at 39
INFO    [05-21 21:08:49] validate in BasicTrainer:
{'Recall@10': 0.06230230331420898, 'NDCG@10': 0.036624477356672284, 'MRR@10': 0.028816104307770728, 'Recall@5': 0.04373566478490829, 'NDCG@5': 0.03067315451800823, 'MRR@5': 0.026390532925724984, 'Recall*@10': 0.06620838925242424, 'NDCG*@10': 0.039029433578252795, 'MRR*@10': 0.030763462632894516, 'Recall*@5': 0.04665992259979248, 'NDCG*@5': 0.03276846624910831, 'MRR*@5': 0.028214738368988038}
INFO    [05-21 21:08:49] train in BasicTrainer:
duration: 58.37191963195801s
INFO    [05-21 21:08:49] train in BasicTrainer:
epoch: 40
INFO    [05-21 21:09:07] _train_one_epoch in BasicTrainer:
loss = 4.616546433251183
INFO    [05-21 21:09:48] log in loggers:
Update Best NDCG@10 Model at 40
INFO    [05-21 21:09:49] validate in BasicTrainer:
{'Recall@10': 0.062249066531658175, 'NDCG@10': 0.03667845368385315, 'MRR@10': 0.028906208723783494, 'Recall@5': 0.043622885942459104, 'NDCG@5': 0.030697748064994812, 'MRR@5': 0.026462685242295267, 'Recall*@10': 0.06633984103798866, 'NDCG*@10': 0.03901993304491043, 'MRR*@10': 0.030718460753560065, 'Recall*@5': 0.0463974292576313, 'NDCG*@5': 0.03261426270008087, 'MRR*@5': 0.028099887520074845}
INFO    [05-21 21:09:49] train in BasicTrainer:
duration: 60.06740045547485s
INFO    [05-21 21:09:49] train in BasicTrainer:
epoch: 41
INFO    [05-21 21:10:06] _train_one_epoch in BasicTrainer:
loss = 4.605170576422064
INFO    [05-21 21:10:47] log in loggers:
Update Best NDCG@10 Model at 41
INFO    [05-21 21:10:47] validate in BasicTrainer:
{'Recall@10': 0.06304502665996552, 'NDCG@10': 0.03713638067245483, 'MRR@10': 0.029251080974936484, 'Recall@5': 0.04442086547613144, 'NDCG@5': 0.03116306908428669, 'MRR@5': 0.026814688369631766, 'Recall*@10': 0.06714910835027695, 'NDCG*@10': 0.03948790624737739, 'MRR*@10': 0.031077158972620963, 'Recall*@5': 0.04710275813937187, 'NDCG*@5': 0.03306106694042683, 'MRR*@5': 0.028457240238785743}
INFO    [05-21 21:10:47] train in BasicTrainer:
duration: 58.34519147872925s
INFO    [05-21 21:10:47] train in BasicTrainer:
epoch: 42
INFO    [05-21 21:11:06] _train_one_epoch in BasicTrainer:
loss = 4.593939390268412
INFO    [05-21 21:11:48] validate in BasicTrainer:
{'Recall@10': 0.06288597494363785, 'NDCG@10': 0.03710978776216507, 'MRR@10': 0.029267757833003998, 'Recall@5': 0.0442115019261837, 'NDCG@5': 0.031112028807401656, 'MRR@5': 0.026816204339265824, 'Recall*@10': 0.06673801928758621, 'NDCG*@10': 0.039412467181682585, 'MRR*@10': 0.031100531667470933, 'Recall*@5': 0.046834365278482434, 'NDCG*@5': 0.03302109211683273, 'MRR*@5': 0.028488761037588118}
INFO    [05-21 21:11:48] train in BasicTrainer:
duration: 60.9580774307251s
INFO    [05-21 21:11:48] train in BasicTrainer:
epoch: 43
INFO    [05-21 21:12:05] _train_one_epoch in BasicTrainer:
loss = 4.583902668308568
INFO    [05-21 21:12:47] log in loggers:
Update Best NDCG@10 Model at 43
INFO    [05-21 21:12:47] validate in BasicTrainer:
{'Recall@10': 0.06338134318590165, 'NDCG@10': 0.03719572871923447, 'MRR@10': 0.02923357307910919, 'Recall@5': 0.04407198145985603, 'NDCG@5': 0.03098425403237343, 'MRR@5': 0.026689087823033333, 'Recall*@10': 0.06737283408641816, 'NDCG*@10': 0.03944811835885048, 'MRR*@10': 0.030956014767289163, 'Recall*@5': 0.046722254604101184, 'NDCG*@5': 0.032800983637571335, 'MRR*@5': 0.028230521455407144}
INFO    [05-21 21:12:47] train in BasicTrainer:
duration: 58.94787931442261s
INFO    [05-21 21:12:47] train in BasicTrainer:
epoch: 44
INFO    [05-21 21:13:04] _train_one_epoch in BasicTrainer:
loss = 4.57442654360522
INFO    [05-21 21:13:45] log in loggers:
Update Best NDCG@10 Model at 44
INFO    [05-21 21:13:45] validate in BasicTrainer:
{'Recall@10': 0.06357986986637115, 'NDCG@10': 0.037407234609127045, 'MRR@10': 0.029474832117557526, 'Recall@5': 0.04391412436962128, 'NDCG@5': 0.03108601875603199, 'MRR@5': 0.02688811868429184, 'Recall*@10': 0.06731568574905396, 'NDCG*@10': 0.039570374339818956, 'MRR*@10': 0.031160993054509162, 'Recall*@5': 0.046551480293273925, 'NDCG*@5': 0.03290070593357086, 'MRR*@5': 0.028434656336903574}
INFO    [05-21 21:13:45] train in BasicTrainer:
duration: 58.094521045684814s
INFO    [05-21 21:13:45] train in BasicTrainer:
epoch: 45
INFO    [05-21 21:14:03] _train_one_epoch in BasicTrainer:
loss = 4.5636967538713336
INFO    [05-21 21:14:44] log in loggers:
Update Best NDCG@10 Model at 45
INFO    [05-21 21:14:45] validate in BasicTrainer:
{'Recall@10': 0.06350133240222931, 'NDCG@10': 0.03743148639798164, 'MRR@10': 0.02949560448527336, 'Recall@5': 0.0445755085349083, 'NDCG@5': 0.03134727880358696, 'MRR@5': 0.027005364298820497, 'Recall*@10': 0.06724694982171059, 'NDCG*@10': 0.03970697045326233, 'MRR*@10': 0.03132433660328388, 'Recall*@5': 0.04723488673567772, 'NDCG*@5': 0.033271858766674996, 'MRR*@5': 0.028689394667744637}
INFO    [05-21 21:14:45] train in BasicTrainer:
duration: 59.65801453590393s
INFO    [05-21 21:14:45] train in BasicTrainer:
epoch: 46
INFO    [05-21 21:15:02] _train_one_epoch in BasicTrainer:
loss = 4.5540177628800675
INFO    [05-21 21:15:43] log in loggers:
Update Best NDCG@10 Model at 46
INFO    [05-21 21:15:43] validate in BasicTrainer:
{'Recall@10': 0.06377303957939148, 'NDCG@10': 0.037789483815431596, 'MRR@10': 0.029902514293789862, 'Recall@5': 0.04402756214141846, 'NDCG@5': 0.03142587117850781, 'MRR@5': 0.027288781329989433, 'Recall*@10': 0.06764937311410904, 'NDCG*@10': 0.04008116558194161, 'MRR*@10': 0.0317149043828249, 'Recall*@5': 0.046666722595691684, 'NDCG*@5': 0.03331913590431213, 'MRR*@5': 0.028937703520059584}
INFO    [05-21 21:15:43] train in BasicTrainer:
duration: 58.33216691017151s
INFO    [05-21 21:15:43] train in BasicTrainer:
epoch: 47
INFO    [05-21 21:16:01] _train_one_epoch in BasicTrainer:
loss = 4.544606840288317
INFO    [05-21 21:16:44] validate in BasicTrainer:
{'Recall@10': 0.06339873194694519, 'NDCG@10': 0.037711346447467806, 'MRR@10': 0.029898990169167517, 'Recall@5': 0.04464547485113144, 'NDCG@5': 0.031680467948317526, 'MRR@5': 0.02742945708334446, 'Recall*@10': 0.06720224022865295, 'NDCG*@10': 0.04000470697879791, 'MRR*@10': 0.03173243708908558, 'Recall*@5': 0.04726030141115189, 'NDCG*@5': 0.033592645302414896, 'MRR*@5': 0.029107444733381272}
INFO    [05-21 21:16:44] train in BasicTrainer:
duration: 60.839987993240356s
INFO    [05-21 21:16:44] train in BasicTrainer:
epoch: 48
INFO    [05-21 21:17:02] _train_one_epoch in BasicTrainer:
loss = 4.535650304845862
INFO    [05-21 21:17:43] log in loggers:
Update Best NDCG@10 Model at 48
INFO    [05-21 21:17:43] validate in BasicTrainer:
{'Recall@10': 0.06444097518920898, 'NDCG@10': 0.03855202689766884, 'MRR@10': 0.03067235343158245, 'Recall@5': 0.04584986090660095, 'NDCG@5': 0.03258281320333481, 'MRR@5': 0.02823360338807106, 'Recall*@10': 0.06847202241420745, 'NDCG*@10': 0.04095366135239601, 'MRR*@10': 0.032577166333794594, 'Recall*@5': 0.04876672059297562, 'NDCG*@5': 0.034626601189374925, 'MRR*@5': 0.029992164820432664}
INFO    [05-21 21:17:43] train in BasicTrainer:
duration: 59.683531284332275s
INFO    [05-21 21:17:43] train in BasicTrainer:
epoch: 49
INFO    [05-21 21:18:04] _train_one_epoch in BasicTrainer:
loss = 4.526415592915303
INFO    [05-21 21:18:47] validate in BasicTrainer:
{'Recall@10': 0.06465742617845535, 'NDCG@10': 0.03848011240363121, 'MRR@10': 0.030515061914920805, 'Recall@5': 0.045587260425090786, 'NDCG@5': 0.032362246438860896, 'MRR@5': 0.028018280267715454, 'Recall*@10': 0.06850994184613228, 'NDCG*@10': 0.04078035622835159, 'MRR*@10': 0.03234142489731312, 'Recall*@5': 0.04833542257547378, 'NDCG*@5': 0.03430678732693195, 'MRR*@5': 0.02969867743551731}
INFO    [05-21 21:18:47] train in BasicTrainer:
duration: 63.25276255607605s
INFO    [05-21 21:18:47] train in BasicTrainer:
epoch: 50
INFO    [05-21 21:19:04] _train_one_epoch in BasicTrainer:
loss = 4.518882463644217
INFO    [05-21 21:19:46] validate in BasicTrainer:
{'Recall@10': 0.06402533888816833, 'NDCG@10': 0.03823036581277847, 'MRR@10': 0.030381847843527793, 'Recall@5': 0.045262852013111116, 'NDCG@5': 0.03220485888421536, 'MRR@5': 0.027919461652636528, 'Recall*@10': 0.06801884800195694, 'NDCG*@10': 0.04059600308537483, 'MRR*@10': 0.032253736555576326, 'Recall*@5': 0.04807920828461647, 'NDCG*@5': 0.03420394279062748, 'MRR*@5': 0.029648327454924583}
INFO    [05-21 21:19:46] train in BasicTrainer:
duration: 58.88779044151306s
INFO    [05-21 21:19:46] train in BasicTrainer:
epoch: 51
INFO    [05-21 21:20:03] _train_one_epoch in BasicTrainer:
loss = 4.511868923634022
INFO    [05-21 21:20:43] log in loggers:
Update Best NDCG@10 Model at 51
INFO    [05-21 21:20:44] validate in BasicTrainer:
{'Recall@10': 0.064860238134861, 'NDCG@10': 0.03876731663942337, 'MRR@10': 0.030841456949710844, 'Recall@5': 0.04561482697725296, 'NDCG@5': 0.03257632106542587, 'MRR@5': 0.028305120021104812, 'Recall*@10': 0.0688152053952217, 'NDCG*@10': 0.04109731584787369, 'MRR*@10': 0.03267491489648819, 'Recall*@5': 0.048497712314128874, 'NDCG*@5': 0.03456548199057579, 'MRR*@5': 0.030001354590058326}
INFO    [05-21 21:20:44] train in BasicTrainer:
duration: 58.07536172866821s
INFO    [05-21 21:20:44] train in BasicTrainer:
epoch: 52
INFO    [05-21 21:21:03] _train_one_epoch in BasicTrainer:
loss = 4.5048341235599
INFO    [05-21 21:21:45] log in loggers:
Update Best NDCG@10 Model at 52
INFO    [05-21 21:21:45] validate in BasicTrainer:
{'Recall@10': 0.06545272707939148, 'NDCG@10': 0.03910003423690796, 'MRR@10': 0.0310929823666811, 'Recall@5': 0.045669258534908296, 'NDCG@5': 0.03272541828453541, 'MRR@5': 0.028475117683410645, 'Recall*@10': 0.06943780317902565, 'NDCG*@10': 0.04145646303892136, 'MRR*@10': 0.032953148409724235, 'Recall*@5': 0.048459268510341644, 'NDCG*@5': 0.03469679854810238, 'MRR*@5': 0.030177190378308297}
INFO    [05-21 21:21:45] train in BasicTrainer:
duration: 61.2544059753418s
INFO    [05-21 21:21:45] train in BasicTrainer:
epoch: 53
INFO    [05-21 21:22:03] _train_one_epoch in BasicTrainer:
loss = 4.497271834193049
INFO    [05-21 21:22:43] validate in BasicTrainer:
{'Recall@10': 0.06508818507194519, 'NDCG@10': 0.038963421136140826, 'MRR@10': 0.031019719764590264, 'Recall@5': 0.04602617785334587, 'NDCG@5': 0.03284201450645924, 'MRR@5': 0.028518125861883164, 'Recall*@10': 0.06872376471757889, 'NDCG*@10': 0.041178944557905196, 'MRR*@10': 0.032801109552383426, 'Recall*@5': 0.048704679608345035, 'NDCG*@5': 0.03475025177001953, 'MRR*@5': 0.030174013525247574}
INFO    [05-21 21:22:43] train in BasicTrainer:
duration: 58.53911781311035s
INFO    [05-21 21:22:43] train in BasicTrainer:
epoch: 54
INFO    [05-21 21:23:02] _train_one_epoch in BasicTrainer:
loss = 4.489535482080133
INFO    [05-21 21:23:44] log in loggers:
Update Best NDCG@10 Model at 54
INFO    [05-21 21:23:45] validate in BasicTrainer:
{'Recall@10': 0.06523681193590164, 'NDCG@10': 0.03918524980545044, 'MRR@10': 0.031261581629514694, 'Recall@5': 0.04615313097834587, 'NDCG@5': 0.03303861379623413, 'MRR@5': 0.0287392920255661, 'Recall*@10': 0.06891067430377007, 'NDCG*@10': 0.041446547359228134, 'MRR*@10': 0.033090624660253525, 'Recall*@5': 0.04881516426801682, 'NDCG*@5': 0.034975293427705764, 'MRR*@5': 0.030435758531093596}
INFO    [05-21 21:23:45] train in BasicTrainer:
duration: 61.09649705886841s
INFO    [05-21 21:23:45] train in BasicTrainer:
epoch: 55
INFO    [05-21 21:24:02] _train_one_epoch in BasicTrainer:
loss = 4.48320095388739
INFO    [05-21 21:24:44] log in loggers:
Update Best NDCG@10 Model at 55
INFO    [05-21 21:24:44] validate in BasicTrainer:
{'Recall@10': 0.06552055090665818, 'NDCG@10': 0.03937947005033493, 'MRR@10': 0.03142872646450996, 'Recall@5': 0.04625239431858063, 'NDCG@5': 0.03316357739269733, 'MRR@5': 0.02887223578989506, 'Recall*@10': 0.06931875556707383, 'NDCG*@10': 0.04166291072964668, 'MRR*@10': 0.03324873581528664, 'Recall*@5': 0.04898264452815056, 'NDCG*@5': 0.03510607391595841, 'MRR*@5': 0.030554081574082376}
INFO    [05-21 21:24:44] train in BasicTrainer:
duration: 59.18375301361084s
INFO    [05-21 21:24:44] train in BasicTrainer:
epoch: 56
INFO    [05-21 21:25:01] _train_one_epoch in BasicTrainer:
loss = 4.475306846000053
INFO    [05-21 21:25:42] log in loggers:
Update Best NDCG@10 Model at 56
INFO    [05-21 21:25:42] validate in BasicTrainer:
{'Recall@10': 0.06591987013816833, 'NDCG@10': 0.039628542959690094, 'MRR@10': 0.03162797600030899, 'Recall@5': 0.046572517156600955, 'NDCG@5': 0.0334037347137928, 'MRR@5': 0.029077102541923524, 'Recall*@10': 0.06976178154349327, 'NDCG*@10': 0.041950103491544724, 'MRR*@10': 0.03349365904927254, 'Recall*@5': 0.04929398879408836, 'NDCG*@5': 0.03537576630711556, 'MRR*@5': 0.03080584280192852}
INFO    [05-21 21:25:42] train in BasicTrainer:
duration: 58.35645365715027s
INFO    [05-21 21:25:42] train in BasicTrainer:
epoch: 57
INFO    [05-21 21:26:00] _train_one_epoch in BasicTrainer:
loss = 4.469128488420366
INFO    [05-21 21:26:42] validate in BasicTrainer:
{'Recall@10': 0.06546302855014802, 'NDCG@10': 0.03941519662737846, 'MRR@10': 0.031479968205094334, 'Recall@5': 0.04676997244358063, 'NDCG@5': 0.03339966885745525, 'MRR@5': 0.029014542251825332, 'Recall*@10': 0.0692633281648159, 'NDCG*@10': 0.04168322190642357, 'MRR*@10': 0.03327788449823856, 'Recall*@5': 0.049584083706140515, 'NDCG*@5': 0.03535242684185505, 'MRR*@5': 0.03068443328142166}
INFO    [05-21 21:26:42] train in BasicTrainer:
duration: 59.5721960067749s
INFO    [05-21 21:26:42] train in BasicTrainer:
epoch: 58
INFO    [05-21 21:26:59] _train_one_epoch in BasicTrainer:
loss = 4.462767459250785
INFO    [05-21 21:27:39] log in loggers:
Update Best NDCG@10 Model at 58
INFO    [05-21 21:27:39] validate in BasicTrainer:
{'Recall@10': 0.06618341863155365, 'NDCG@10': 0.03993747740983963, 'MRR@10': 0.03194958262145519, 'Recall@5': 0.046752048283815385, 'NDCG@5': 0.03367990627884865, 'MRR@5': 0.02938252590596676, 'Recall*@10': 0.07016982316970825, 'NDCG*@10': 0.04229896306991577, 'MRR*@10': 0.0338139034807682, 'Recall*@5': 0.04955101266503334, 'NDCG*@5': 0.03565921612083912, 'MRR*@5': 0.031090282499790192}
INFO    [05-21 21:27:39] train in BasicTrainer:
duration: 57.52273893356323s
INFO    [05-21 21:27:39] train in BasicTrainer:
epoch: 59
INFO    [05-21 21:27:58] _train_one_epoch in BasicTrainer:
loss = 4.456259388107437
INFO    [05-21 21:28:39] validate in BasicTrainer:
{'Recall@10': 0.06610797226428985, 'NDCG@10': 0.03983885854482651, 'MRR@10': 0.03184729643166065, 'Recall@5': 0.046867628693580625, 'NDCG@5': 0.03364885166287422, 'MRR@5': 0.02931119941174984, 'Recall*@10': 0.07005007535219193, 'NDCG*@10': 0.042024213969707486, 'MRR*@10': 0.03350731834769249, 'Recall*@5': 0.04936105042695999, 'NDCG*@5': 0.03537205211818218, 'MRR*@5': 0.030784108713269233}
INFO    [05-21 21:28:39] train in BasicTrainer:
duration: 59.72176909446716s
INFO    [05-21 21:28:39] train in BasicTrainer:
epoch: 60
INFO    [05-21 21:28:57] _train_one_epoch in BasicTrainer:
loss = 4.450297991434733
INFO    [05-21 21:29:37] log in loggers:
Update Best NDCG@10 Model at 60
INFO    [05-21 21:29:37] validate in BasicTrainer:
{'Recall@10': 0.0662984636425972, 'NDCG@10': 0.040058257281780245, 'MRR@10': 0.03208256460726261, 'Recall@5': 0.04711069792509079, 'NDCG@5': 0.03390577137470245, 'MRR@5': 0.029574077799916266, 'Recall*@10': 0.07016716286540031, 'NDCG*@10': 0.04237700030207634, 'MRR*@10': 0.03393100664019585, 'Recall*@5': 0.04982236295938492, 'NDCG*@5': 0.03585693418979645, 'MRR*@5': 0.031274738013744356}
INFO    [05-21 21:29:37] train in BasicTrainer:
duration: 58.48196029663086s
INFO    [05-21 21:29:37] train in BasicTrainer:
epoch: 61
INFO    [05-21 21:29:56] _train_one_epoch in BasicTrainer:
loss = 4.44390531058784
INFO    [05-21 21:30:37] validate in BasicTrainer:
{'Recall@10': 0.06632561773061753, 'NDCG@10': 0.03997992977499962, 'MRR@10': 0.03196774795651436, 'Recall@5': 0.046920742243528366, 'NDCG@5': 0.03373202718794346, 'MRR@5': 0.02940492533147335, 'Recall*@10': 0.07011629074811936, 'NDCG*@10': 0.042230047732591626, 'MRR*@10': 0.03374904029071331, 'Recall*@5': 0.04964586928486824, 'NDCG*@5': 0.03563717283308506, 'MRR*@5': 0.031043523773550987}
INFO    [05-21 21:30:37] train in BasicTrainer:
duration: 59.559792041778564s
INFO    [05-21 21:30:37] train in BasicTrainer:
epoch: 62
INFO    [05-21 21:30:54] _train_one_epoch in BasicTrainer:
loss = 4.43833370036907
INFO    [05-21 21:31:35] log in loggers:
Update Best NDCG@10 Model at 62
INFO    [05-21 21:31:35] validate in BasicTrainer:
{'Recall@10': 0.06686647683382034, 'NDCG@10': 0.04047729790210724, 'MRR@10': 0.03244925521314144, 'Recall@5': 0.047296657264232635, 'NDCG@5': 0.03417314380407333, 'MRR@5': 0.02986171379685402, 'Recall*@10': 0.07055260375142097, 'NDCG*@10': 0.0426278966665268, 'MRR*@10': 0.034129553735256196, 'Recall*@5': 0.04996694505214691, 'NDCG*@5': 0.03599704340100288, 'MRR*@5': 0.031408173143863675}
INFO    [05-21 21:31:35] train in BasicTrainer:
duration: 58.38919544219971s
INFO    [05-21 21:31:35] train in BasicTrainer:
epoch: 63
INFO    [05-21 21:31:53] _train_one_epoch in BasicTrainer:
loss = 4.432880861265165
INFO    [05-21 21:32:33] log in loggers:
Update Best NDCG@10 Model at 63
INFO    [05-21 21:32:33] validate in BasicTrainer:
{'Recall@10': 0.06724680036306381, 'NDCG@10': 0.04076693892478943, 'MRR@10': 0.032718593925237655, 'Recall@5': 0.04750882253050804, 'NDCG@5': 0.03440554477274418, 'MRR@5': 0.030105737522244453, 'Recall*@10': 0.07108395710587502, 'NDCG*@10': 0.04307855233550072, 'MRR*@10': 0.03457108803093433, 'Recall*@5': 0.05010641947388649, 'NDCG*@5': 0.03631859950721264, 'MRR*@5': 0.03179512925446033}
INFO    [05-21 21:32:33] train in BasicTrainer:
duration: 57.90021562576294s
INFO    [05-21 21:32:33] train in BasicTrainer:
epoch: 64
INFO    [05-21 21:32:52] _train_one_epoch in BasicTrainer:
loss = 4.425763031383893
INFO    [05-21 21:33:33] validate in BasicTrainer:
{'Recall@10': 0.06718981385231018, 'NDCG@10': 0.040697773098945615, 'MRR@10': 0.03265220880508423, 'Recall@5': 0.047243543565273285, 'NDCG@5': 0.034275754243135455, 'MRR@5': 0.030018283501267434, 'Recall*@10': 0.07115436539053917, 'NDCG*@10': 0.0430989371240139, 'MRR*@10': 0.034577140659093855, 'Recall*@5': 0.05025293856859207, 'NDCG*@5': 0.036376588493585583, 'MRR*@5': 0.03182414069771767}
INFO    [05-21 21:33:33] train in BasicTrainer:
duration: 59.54897379875183s
INFO    [05-21 21:33:33] train in BasicTrainer:
epoch: 65
INFO    [05-21 21:33:51] _train_one_epoch in BasicTrainer:
loss = 4.4226884025711195
INFO    [05-21 21:34:31] log in loggers:
Update Best NDCG@10 Model at 65
INFO    [05-21 21:34:32] validate in BasicTrainer:
{'Recall@10': 0.06758043885231019, 'NDCG@10': 0.04106747716665268, 'MRR@10': 0.03300127118825912, 'Recall@5': 0.048155496567487716, 'NDCG@5': 0.03483148440718651, 'MRR@5': 0.030453929007053376, 'Recall*@10': 0.07172104611992836, 'NDCG*@10': 0.04347679704427719, 'MRR*@10': 0.034889210015535355, 'Recall*@5': 0.05083925947546959, 'NDCG*@5': 0.03676884151995182, 'MRR*@5': 0.03214653141796589}
INFO    [05-21 21:34:32] train in BasicTrainer:
duration: 58.67180418968201s
INFO    [05-21 21:34:32] train in BasicTrainer:
epoch: 66
INFO    [05-21 21:34:50] _train_one_epoch in BasicTrainer:
loss = 4.41615646379488
INFO    [05-21 21:35:31] validate in BasicTrainer:
{'Recall@10': 0.06741763740777969, 'NDCG@10': 0.040800644606351855, 'MRR@10': 0.03270570933818817, 'Recall@5': 0.04779256135225296, 'NDCG@5': 0.03448914527893066, 'MRR@5': 0.030121185779571534, 'Recall*@10': 0.07118026569485664, 'NDCG*@10': 0.04300744846463203, 'MRR*@10': 0.034435315206646916, 'Recall*@5': 0.05048947647213936, 'NDCG*@5': 0.03635106794536114, 'MRR*@5': 0.03170841008424759}
INFO    [05-21 21:35:31] train in BasicTrainer:
duration: 59.30661606788635s
INFO    [05-21 21:35:31] train in BasicTrainer:
epoch: 67
INFO    [05-21 21:35:48] _train_one_epoch in BasicTrainer:
loss = 4.414678431846
INFO    [05-21 21:36:29] validate in BasicTrainer:
{'Recall@10': 0.06724626481533051, 'NDCG@10': 0.040769036114215854, 'MRR@10': 0.03271692894399166, 'Recall@5': 0.04810452565550804, 'NDCG@5': 0.03461521409451961, 'MRR@5': 0.030198393389582634, 'Recall*@10': 0.07118683561682701, 'NDCG*@10': 0.04307442888617516, 'MRR*@10': 0.03452680140733719, 'Recall*@5': 0.05086459830403328, 'NDCG*@5': 0.03654260821640491, 'MRR*@5': 0.0318544140458107}
INFO    [05-21 21:36:29] train in BasicTrainer:
duration: 58.51269745826721s
INFO    [05-21 21:36:29] train in BasicTrainer:
epoch: 68
INFO    [05-21 21:36:47] _train_one_epoch in BasicTrainer:
loss = 4.4086417292689415
INFO    [05-21 21:37:29] log in loggers:
Update Best NDCG@10 Model at 68
INFO    [05-21 21:37:29] validate in BasicTrainer:
{'Recall@10': 0.06718552827835084, 'NDCG@10': 0.04109005019068718, 'MRR@10': 0.033144711554050445, 'Recall@5': 0.04832592085003853, 'NDCG@5': 0.0350301056355238, 'MRR@5': 0.030666676834225654, 'Recall*@10': 0.07108053237199784, 'NDCG*@10': 0.04338848546147347, 'MRR*@10': 0.03495499737560749, 'Recall*@5': 0.05111064344644547, 'NDCG*@5': 0.036971106082201007, 'MRR*@5': 0.03233049981296063}
INFO    [05-21 21:37:29] train in BasicTrainer:
duration: 60.151214361190796s
INFO    [05-21 21:37:29] train in BasicTrainer:
epoch: 69
INFO    [05-21 21:37:48] _train_one_epoch in BasicTrainer:
loss = 4.404983889949214
INFO    [05-21 21:38:29] validate in BasicTrainer:
{'Recall@10': 0.06725763738155364, 'NDCG@10': 0.04099496200680733, 'MRR@10': 0.033012514263391496, 'Recall@5': 0.04784192517399788, 'NDCG@5': 0.034769268482923506, 'MRR@5': 0.03047390416264534, 'Recall*@10': 0.07141564533114433, 'NDCG*@10': 0.04340870156884193, 'MRR*@10': 0.034897447749972346, 'Recall*@5': 0.050673352479934694, 'NDCG*@5': 0.03675319835543633, 'MRR*@5': 0.032180866822600365}
INFO    [05-21 21:38:29] train in BasicTrainer:
duration: 59.33289384841919s
INFO    [05-21 21:38:29] train in BasicTrainer:
epoch: 70
INFO    [05-21 21:38:46] _train_one_epoch in BasicTrainer:
loss = 4.4008930653065175
INFO    [05-21 21:39:27] log in loggers:
Update Best NDCG@10 Model at 70
INFO    [05-21 21:39:27] validate in BasicTrainer:
{'Recall@10': 0.06756853044033051, 'NDCG@10': 0.041192212104797364, 'MRR@10': 0.0331604989618063, 'Recall@5': 0.048495150655508044, 'NDCG@5': 0.0350587671995163, 'MRR@5': 0.030649003237485886, 'Recall*@10': 0.07154652833938599, 'NDCG*@10': 0.04339864209294319, 'MRR*@10': 0.03482643358409405, 'Recall*@5': 0.05125627115368843, 'NDCG*@5': 0.036879131868481636, 'MRR*@5': 0.03215992294251919}
INFO    [05-21 21:39:27] train in BasicTrainer:
duration: 58.200379371643066s
INFO    [05-21 21:39:27] train in BasicTrainer:
epoch: 71
INFO    [05-21 21:39:45] _train_one_epoch in BasicTrainer:
loss = 4.395667699006227
INFO    [05-21 21:40:26] validate in BasicTrainer:
{'Recall@10': 0.0676168230175972, 'NDCG@10': 0.04117009177803993, 'MRR@10': 0.03311804167926311, 'Recall@5': 0.04815228238701821, 'NDCG@5': 0.03490778893232346, 'MRR@5': 0.030552330538630487, 'Recall*@10': 0.07152145460247994, 'NDCG*@10': 0.04342275843024254, 'MRR*@10': 0.03487123534083367, 'Recall*@5': 0.05077161774039268, 'NDCG*@5': 0.036748979166150095, 'MRR*@5': 0.03213812820613384}
INFO    [05-21 21:40:26] train in BasicTrainer:
duration: 59.19643592834473s
INFO    [05-21 21:40:26] train in BasicTrainer:
epoch: 72
INFO    [05-21 21:40:43] _train_one_epoch in BasicTrainer:
loss = 4.389540530539848
INFO    [05-21 21:41:24] log in loggers:
Update Best NDCG@10 Model at 72
INFO    [05-21 21:41:24] validate in BasicTrainer:
{'Recall@10': 0.06786417752504349, 'NDCG@10': 0.041403728276491164, 'MRR@10': 0.03335833929479122, 'Recall@5': 0.048215161710977554, 'NDCG@5': 0.03508886083960533, 'MRR@5': 0.0307750391215086, 'Recall*@10': 0.07168564051389695, 'NDCG*@10': 0.04360330268740654, 'MRR*@10': 0.03506655119359493, 'Recall*@5': 0.050807857513427736, 'NDCG*@5': 0.03689278066158295, 'MRR*@5': 0.03232103459537029}
INFO    [05-21 21:41:24] train in BasicTrainer:
duration: 57.99228000640869s
INFO    [05-21 21:41:24] train in BasicTrainer:
epoch: 73
INFO    [05-21 21:41:43] _train_one_epoch in BasicTrainer:
loss = 4.38700108914762
INFO    [05-21 21:42:25] log in loggers:
Update Best NDCG@10 Model at 73
INFO    [05-21 21:42:25] validate in BasicTrainer:
{'Recall@10': 0.06795433431863784, 'NDCG@10': 0.041538633704185486, 'MRR@10': 0.03350158408284187, 'Recall@5': 0.048599235117435455, 'NDCG@5': 0.035331248342990874, 'MRR@5': 0.030969522446393966, 'Recall*@10': 0.07187044605612755, 'NDCG*@10': 0.04381387487053871, 'MRR*@10': 0.03527618356049061, 'Recall*@5': 0.0513658757507801, 'NDCG*@5': 0.03723494842648506, 'MRR*@5': 0.0325908525288105}
INFO    [05-21 21:42:25] train in BasicTrainer:
duration: 60.877273082733154s
INFO    [05-21 21:42:25] train in BasicTrainer:
epoch: 74
INFO    [05-21 21:42:43] _train_one_epoch in BasicTrainer:
loss = 4.382534430907653
INFO    [05-21 21:43:25] validate in BasicTrainer:
{'Recall@10': 0.06790872037410736, 'NDCG@10': 0.041508890092372894, 'MRR@10': 0.03348601341247558, 'Recall@5': 0.0481256639957428, 'NDCG@5': 0.0351548183709383, 'MRR@5': 0.030889014825224877, 'Recall*@10': 0.07177519917488098, 'NDCG*@10': 0.0438443224132061, 'MRR*@10': 0.03536027193069458, 'Recall*@5': 0.050682831555604935, 'NDCG*@5': 0.037072792053222656, 'MRR*@5': 0.032594446390867234}
INFO    [05-21 21:43:25] train in BasicTrainer:
duration: 59.5865740776062s
INFO    [05-21 21:43:25] train in BasicTrainer:
epoch: 75
INFO    [05-21 21:43:42] _train_one_epoch in BasicTrainer:
loss = 4.379155158996582
INFO    [05-21 21:44:22] log in loggers:
Update Best NDCG@10 Model at 75
INFO    [05-21 21:44:23] validate in BasicTrainer:
{'Recall@10': 0.06809748113155364, 'NDCG@10': 0.04161950215697288, 'MRR@10': 0.0335673812776804, 'Recall@5': 0.04864109933376312, 'NDCG@5': 0.035368333458900454, 'MRR@5': 0.031011356115341185, 'Recall*@10': 0.07200714454054832, 'NDCG*@10': 0.043964999318122866, 'MRR*@10': 0.03543964475393295, 'Recall*@5': 0.051356372982263566, 'NDCG*@5': 0.03733239218592644, 'MRR*@5': 0.032729078978300095}
INFO    [05-21 21:44:23] train in BasicTrainer:
duration: 58.031489849090576s
INFO    [05-21 21:44:23] train in BasicTrainer:
epoch: 76
INFO    [05-21 21:44:40] _train_one_epoch in BasicTrainer:
loss = 4.374198299270493
INFO    [05-21 21:45:22] log in loggers:
Update Best NDCG@10 Model at 76
INFO    [05-21 21:45:22] validate in BasicTrainer:
{'Recall@10': 0.06794015973806382, 'NDCG@10': 0.041633909195661546, 'MRR@10': 0.033615968227386474, 'Recall@5': 0.04888029560446739, 'NDCG@5': 0.03549909681081772, 'MRR@5': 0.03110066957771778, 'Recall*@10': 0.07172517508268356, 'NDCG*@10': 0.043853257000446316, 'MRR*@10': 0.0353574525564909, 'Recall*@5': 0.05157637670636177, 'NDCG*@5': 0.037366006374359134, 'MRR*@5': 0.032696431949734685}
INFO    [05-21 21:45:22] train in BasicTrainer:
duration: 59.5965518951416s
INFO    [05-21 21:45:22] train in BasicTrainer:
epoch: 77
INFO    [05-21 21:45:39] _train_one_epoch in BasicTrainer:
loss = 4.370233385412543
INFO    [05-21 21:46:20] validate in BasicTrainer:
{'Recall@10': 0.06735261529684067, 'NDCG@10': 0.04126394778490067, 'MRR@10': 0.03332102686166763, 'Recall@5': 0.04862585365772247, 'NDCG@5': 0.035249045938253405, 'MRR@5': 0.030862896218895913, 'Recall*@10': 0.07117224857211113, 'NDCG*@10': 0.04345948114991188, 'MRR*@10': 0.03502004332840443, 'Recall*@5': 0.05138300448656082, 'NDCG*@5': 0.037105736881494523, 'MRR*@5': 0.03242499560117722}
INFO    [05-21 21:46:20] train in BasicTrainer:
duration: 57.85661482810974s
INFO    [05-21 21:46:20] train in BasicTrainer:
epoch: 78
INFO    [05-21 21:46:38] _train_one_epoch in BasicTrainer:
loss = 4.366945545952599
INFO    [05-21 21:47:19] log in loggers:
Update Best NDCG@10 Model at 78
INFO    [05-21 21:47:20] validate in BasicTrainer:
{'Recall@10': 0.0680958741903305, 'NDCG@10': 0.04173844337463379, 'MRR@10': 0.033713561221957206, 'Recall@5': 0.04885058626532555, 'NDCG@5': 0.03553921043872833, 'MRR@5': 0.03116884894669056, 'Recall*@10': 0.07181497439742088, 'NDCG*@10': 0.0439596551656723, 'MRR*@10': 0.03547577902674675, 'Recall*@5': 0.05165261000394821, 'NDCG*@5': 0.0374633052945137, 'MRR*@5': 0.03280809581279755}
INFO    [05-21 21:47:20] train in BasicTrainer:
duration: 59.599496364593506s
INFO    [05-21 21:47:20] train in BasicTrainer:
epoch: 79
INFO    [05-21 21:47:38] _train_one_epoch in BasicTrainer:
loss = 4.3642899324228095
INFO    [05-21 21:48:19] log in loggers:
Update Best NDCG@10 Model at 79
INFO    [05-21 21:48:19] validate in BasicTrainer:
{'Recall@10': 0.06833078473806381, 'NDCG@10': 0.04217119500041008, 'MRR@10': 0.03420467853546143, 'Recall@5': 0.04934208154678345, 'NDCG@5': 0.036070145070552825, 'MRR@5': 0.03170984983444214, 'Recall*@10': 0.0723282752931118, 'NDCG*@10': 0.04438910216093064, 'MRR*@10': 0.03588084645569325, 'Recall*@5': 0.0520993934571743, 'NDCG*@5': 0.03788796901702881, 'MRR*@5': 0.03322147212922573}
INFO    [05-21 21:48:19] train in BasicTrainer:
duration: 59.013370513916016s
INFO    [05-21 21:48:19] close_training in BasicTrainer:
finished training
DEBUG   [05-21 21:48:19] debug_summary in loss:
loss nan summary: nan 0 times, not nan 8881 times, ratio nan / (nan + not_nan) = 0.0
INFO    [05-21 21:48:19] run_routine in Routine:
Finished training, Start final validation
INFO    [05-21 21:48:19] final_validate in BasicTrainer:
validate model on val set!
INFO    [05-21 21:48:19] load_state_from_given_path in utils:
checkpoint epoch: 79
INFO    [05-21 21:48:19] load_state_from_given_path in utils:
Loading model's parameters
INFO    [05-21 21:49:00] validate in BasicTrainer:
{'Recall@10': 0.06833078473806381, 'NDCG@10': 0.04217119500041008, 'MRR@10': 0.03420467853546143, 'Recall@5': 0.04934208154678345, 'NDCG@5': 0.036070145070552825, 'MRR@5': 0.03170984983444214, 'Recall*@10': 0.0723282752931118, 'NDCG*@10': 0.04438910216093064, 'MRR*@10': 0.03588084645569325, 'Recall*@5': 0.0520993934571743, 'NDCG*@5': 0.03788796901702881, 'MRR*@5': 0.03322147212922573}
INFO    [05-21 21:49:00] run_routine in Routine:
Finished final validating. Result: {'Recall@10': 0.06833078473806381, 'NDCG@10': 0.04217119500041008, 'MRR@10': 0.03420467853546143, 'Recall@5': 0.04934208154678345, 'NDCG@5': 0.036070145070552825, 'MRR@5': 0.03170984983444214, 'Recall*@10': 0.0723282752931118, 'NDCG*@10': 0.04438910216093064, 'MRR*@10': 0.03588084645569325, 'Recall*@5': 0.0520993934571743, 'NDCG*@5': 0.03788796901702881, 'MRR*@5': 0.03322147212922573}
INFO    [05-21 21:49:00] _evaluate in EnsembleDistillSched:
Start testing student model on test set
INFO    [05-21 21:49:00] test in BasicTrainer:
Test model on test set!
INFO    [05-21 21:49:00] test_with_given_state_path in BasicTrainer:
Loading model params from ___abaltion_el_ep_narm/ep_narm-n_t-2-sr-0.7_05-21_20:27_t6/student_narm_logs/checkpoint/best_acc_model.pth.
INFO    [05-21 21:49:00] load_state_from_given_path in utils:
checkpoint epoch: 79
INFO    [05-21 21:49:00] load_state_from_given_path in utils:
Loading model's parameters
INFO    [05-21 21:49:00] test_with_given_state_path in BasicTrainer:
Finished loading. Start testing.
INFO    [05-21 21:49:41] test_with_given_state_path in BasicTrainer:
{'Recall@10': 0.057861333191394804, 'NDCG@10': 0.03447679586708546, 'MRR@10': 0.027377609238028525, 'Recall@5': 0.04035152480006218, 'NDCG@5': 0.028840407878160477, 'MRR@5': 0.025066287219524384, 'Recall*@10': 0.062062243968248366, 'NDCG*@10': 0.03687190286815167, 'MRR*@10': 0.029219778403639794, 'Recall*@5': 0.04334291741251946, 'NDCG*@5': 0.030844784080982207, 'MRR*@5': 0.026747379675507544}
INFO    [05-21 21:49:41] _evaluate in EnsembleDistillSched:
!!Final Result!!: {'Recall@10': 0.057861333191394804, 'NDCG@10': 0.03447679586708546, 'MRR@10': 0.027377609238028525, 'Recall@5': 0.04035152480006218, 'NDCG@5': 0.028840407878160477, 'MRR@5': 0.025066287219524384, 'Recall*@10': 0.062062243968248366, 'NDCG*@10': 0.03687190286815167, 'MRR*@10': 0.029219778403639794, 'Recall*@5': 0.04334291741251946, 'NDCG*@5': 0.030844784080982207, 'MRR*@5': 0.026747379675507544}
