INFO    [02-25 12:31:08] setup_train in utils:
{
    "experiment_dir": "___lfms_base_2021",
    "experiment_description": "base",
    "dataset_name": "lastfm_small.csv",
    "sched": "basic",
    "model_code": "gru4rec",
    "num_epochs": 80,
    "mode": [
        "train",
        "test"
    ],
    "max_len": 20,
    "test_state_path": null,
    "model_state_path": null,
    "rand_seed": 2021,
    "load_processed_dataset": true,
    "save_processed_dataset": false,
    "dataset_cache_filename": null,
    "weight_decay": 0,
    "decay_step": 15,
    "gamma": 0.99,
    "lr": 0.001,
    "min_length": 5,
    "min_item_inter": 5,
    "good_only": false,
    "use_rating": true,
    "test_negative_sampler_code": "random",
    "test_negative_sample_size": 0,
    "dataloader_type": "next",
    "train_batch_size": 64,
    "val_batch_size": 64,
    "test_batch_size": 64,
    "prop_sliding_window": -1.0,
    "worker_number": 2,
    "metric_ks": [
        5,
        10
    ],
    "device": "cuda",
    "num_gpu": 1,
    "optimizer": "Adam",
    "best_metric": "NDCG@10",
    "show_process_bar": false,
    "enable_sample": false,
    "samples_ratio": 0.1,
    "config_file": "config2.lastfm_small/gru4rec/config.json",
    "task_id": -1,
    "describe": null,
    "split": "leave_one_out",
    "do_remap": true,
    "train_negative_sampler_code": "random",
    "train_negative_sample_size": 100,
    "device_idx": "0",
    "momentum": null,
    "log_period_as_iter": 12800,
    "mentor_code": "bert",
    "training_routine": null,
    "T": 1,
    "alpha": 0.1,
    "dvae_alpha": 0.5,
    "softmaxed_mentor": false,
    "weight_list": [
        0.5,
        0.5
    ],
    "validation_rate": 0.2,
    "num_items": null,
    "start_index": 1,
    "kwargs": null
}
DEBUG   [02-25 12:31:08] __init__ in BasicSched:
BasicScheduler attribs: tag=gru4rec
INFO    [02-25 12:31:08] dataloader_factory in __init__:
loading processed dataset cache in /data/wushiguang-slurm/code/gitee-repos/soft-rec/Data/Cache/lastfm_small-5-5.pkl
INFO    [02-25 12:31:08] check_dataset_cache in utils:
check if the cache is generated under this configuration
INFO    [02-25 12:31:08] check_dataset_cache in utils:
correct.
INFO    [02-25 12:31:08] __init__ in NextItemDataloader:
there are 3646 items in this dataset, 3173 users, padding_first? False
DEBUG   [02-25 12:31:09] generate_model in utils:
model_code_list=['gru4rec']
INFO    [02-25 12:31:09] load_model_config in utils:
loading model gru4rec's config file at asset/config/model/gru4rec.json
INFO    [02-25 12:31:09] load_model_config in utils:
{
    "embed_size": 64,
    "hidden_units": 64,
    "num_layers": 2,
    "hidden_dropout": 0.5,
    "loss_type": "CE"
}
WARNING [02-25 12:31:13] get_exist_path in utils:
dir ___lfms_base_2021/base_gru4rec_02-25_12:31_0/gru4rec_logs does not exist! Create one.
WARNING [02-25 12:31:13] get_exist_path in utils:
dir ___lfms_base_2021/base_gru4rec_02-25_12:31_0/gru4rec_logs/tb_vis does not exist! Create one.
WARNING [02-25 12:31:13] get_exist_path in utils:
dir ___lfms_base_2021/base_gru4rec_02-25_12:31_0/gru4rec_logs/checkpoint does not exist! Create one.
INFO    [02-25 12:31:13] __init__ in BasicSched:
GRU4RecModel(
  (item_embedding): Embedding(3647, 64, padding_idx=0)
  (emb_dropout): Dropout(p=0.5, inplace=False)
  (gru_layers): GRU(64, 64, num_layers=2, bias=False, batch_first=True)
  (dense): Linear(in_features=64, out_features=64, bias=True)
  (loss_fct): CrossEntropyLoss()
)
WARNING [02-25 12:31:13] get_path in utils:
Path is None
WARNING [02-25 12:31:13] load_state_from_given_path in utils:
Not given any path.
INFO    [02-25 12:31:13] assert_model_device in utils:
model gru4rec has 1.09375 MB params.
INFO    [02-25 12:31:13] __init__ in BasicTrainer:
48256 iter per epoch
INFO    [02-25 12:31:13] _fit in BasicSched:
Start training.
INFO    [02-25 12:31:16] log in loggers:
Update Best NDCG@10 Model at 0
INFO    [02-25 12:31:16] validate in BasicTrainer:
{'Recall@10': 0.0015625, 'NDCG@10': 0.0006937896087765694, 'MRR@10': 0.0004340277798473835, 'Recall@5': 0.000625, 'NDCG@5': 0.0003943311050534248, 'MRR@5': 0.0003125, 'Recall*@10': 0.0015625, 'NDCG*@10': 0.0006937896087765694, 'MRR*@10': 0.0004340277798473835, 'Recall*@5': 0.000625, 'NDCG*@5': 0.0003943311050534248, 'MRR*@5': 0.0003125}
INFO    [02-25 12:31:16] train in BasicTrainer:
epoch: 0
INFO    [02-25 12:31:21] _train_one_epoch in BasicTrainer:
loss = 7.658322877529762
INFO    [02-25 12:31:24] log in loggers:
Update Best NDCG@10 Model at 0
INFO    [02-25 12:31:24] validate in BasicTrainer:
{'Recall@10': 0.046934121698141096, 'NDCG@10': 0.022738091479986906, 'MRR@10': 0.015491584453266115, 'Recall@5': 0.026706081107258795, 'NDCG@5': 0.016260017231106757, 'MRR@5': 0.012856700606644154, 'Recall*@10': 0.046934121698141096, 'NDCG*@10': 0.022738091479986906, 'MRR*@10': 0.015491584453266115, 'Recall*@5': 0.026706081107258795, 'NDCG*@5': 0.016260017231106757, 'MRR*@5': 0.012856700606644154}
INFO    [02-25 12:31:24] train in BasicTrainer:
duration: 8.408140420913696s
INFO    [02-25 12:31:24] train in BasicTrainer:
epoch: 1
INFO    [02-25 12:31:30] _train_one_epoch in BasicTrainer:
loss = 7.137455434950973
INFO    [02-25 12:31:32] log in loggers:
Update Best NDCG@10 Model at 1
INFO    [02-25 12:31:32] validate in BasicTrainer:
{'Recall@10': 0.0652027028799057, 'NDCG@10': 0.033614127123728396, 'MRR@10': 0.024198393039405346, 'Recall@5': 0.0363091216981411, 'NDCG@5': 0.024253898710012437, 'MRR@5': 0.02032545061316341, 'Recall*@10': 0.0652027028799057, 'NDCG*@10': 0.033614127123728396, 'MRR*@10': 0.024198393039405346, 'Recall*@5': 0.0363091216981411, 'NDCG*@5': 0.024253898710012437, 'MRR*@5': 0.02032545061316341}
INFO    [02-25 12:31:32] train in BasicTrainer:
duration: 7.81780219078064s
INFO    [02-25 12:31:32] train in BasicTrainer:
epoch: 2
INFO    [02-25 12:31:38] _train_one_epoch in BasicTrainer:
loss = 6.895698432264657
INFO    [02-25 12:31:40] log in loggers:
Update Best NDCG@10 Model at 2
INFO    [02-25 12:31:40] validate in BasicTrainer:
{'Recall@10': 0.0758277028799057, 'NDCG@10': 0.03993439827114344, 'MRR@10': 0.029043413302861153, 'Recall@5': 0.0501435811072588, 'NDCG@5': 0.031833906918764115, 'MRR@5': 0.025820242604240776, 'Recall*@10': 0.0758277028799057, 'NDCG*@10': 0.03993439827114344, 'MRR*@10': 0.029043413302861153, 'Recall*@5': 0.0501435811072588, 'NDCG*@5': 0.031833906918764115, 'MRR*@5': 0.025820242604240776}
INFO    [02-25 12:31:40] train in BasicTrainer:
duration: 8.29759407043457s
INFO    [02-25 12:31:40] train in BasicTrainer:
epoch: 3
INFO    [02-25 12:31:46] _train_one_epoch in BasicTrainer:
loss = 6.65164669375837
INFO    [02-25 12:31:48] log in loggers:
Update Best NDCG@10 Model at 3
INFO    [02-25 12:31:48] validate in BasicTrainer:
{'Recall@10': 0.0963682433962822, 'NDCG@10': 0.04981888723559678, 'MRR@10': 0.03579506903886795, 'Recall@5': 0.0592652028799057, 'NDCG@5': 0.03790979262441397, 'MRR@5': 0.030932855624705553, 'Recall*@10': 0.0963682433962822, 'NDCG*@10': 0.04981888723559678, 'MRR*@10': 0.03579506903886795, 'Recall*@5': 0.0592652028799057, 'NDCG*@5': 0.03790979262441397, 'MRR*@5': 0.030932855624705553}
INFO    [02-25 12:31:48] train in BasicTrainer:
duration: 7.73339581489563s
INFO    [02-25 12:31:48] train in BasicTrainer:
epoch: 4
INFO    [02-25 12:31:54] _train_one_epoch in BasicTrainer:
loss = 6.421193978514532
INFO    [02-25 12:31:56] log in loggers:
Update Best NDCG@10 Model at 4
INFO    [02-25 12:31:56] validate in BasicTrainer:
{'Recall@10': 0.1083277028799057, 'NDCG@10': 0.055325179845094684, 'MRR@10': 0.03933747962117195, 'Recall@5': 0.0676435811072588, 'NDCG@5': 0.04239647241309285, 'MRR@5': 0.03413457264192402, 'Recall*@10': 0.1083277028799057, 'NDCG*@10': 0.055325179845094684, 'MRR*@10': 0.03933747962117195, 'Recall*@5': 0.0676435811072588, 'NDCG*@5': 0.04239647241309285, 'MRR*@5': 0.03413457264192402}
INFO    [02-25 12:31:56] train in BasicTrainer:
duration: 8.041561841964722s
INFO    [02-25 12:31:56] train in BasicTrainer:
epoch: 5
INFO    [02-25 12:32:02] _train_one_epoch in BasicTrainer:
loss = 6.23856310755884
INFO    [02-25 12:32:04] log in loggers:
Update Best NDCG@10 Model at 5
INFO    [02-25 12:32:04] validate in BasicTrainer:
{'Recall@10': 0.12557432442903518, 'NDCG@10': 0.06421448964625597, 'MRR@10': 0.04580304659903049, 'Recall@5': 0.0741216216981411, 'NDCG@5': 0.04776838367804885, 'MRR@5': 0.03912739391438663, 'Recall*@10': 0.12557432442903518, 'NDCG*@10': 0.06421448964625597, 'MRR*@10': 0.04580304659903049, 'Recall*@5': 0.0741216216981411, 'NDCG*@5': 0.04776838367804885, 'MRR*@5': 0.03912739391438663}
INFO    [02-25 12:32:04] train in BasicTrainer:
duration: 7.966681718826294s
INFO    [02-25 12:32:04] train in BasicTrainer:
epoch: 6
INFO    [02-25 12:32:10] _train_one_epoch in BasicTrainer:
loss = 6.093235425670836
INFO    [02-25 12:32:12] log in loggers:
Update Best NDCG@10 Model at 6
INFO    [02-25 12:32:12] validate in BasicTrainer:
{'Recall@10': 0.1403462839126587, 'NDCG@10': 0.07216771337203681, 'MRR@10': 0.05158154128585011, 'Recall@5': 0.0873902028799057, 'NDCG@5': 0.0550612953491509, 'MRR@5': 0.044532658644020555, 'Recall*@10': 0.1403462839126587, 'NDCG*@10': 0.07216771337203681, 'MRR*@10': 0.05158154128585011, 'Recall*@5': 0.0873902028799057, 'NDCG*@5': 0.0550612953491509, 'MRR*@5': 0.044532658644020555}
INFO    [02-25 12:32:12] train in BasicTrainer:
duration: 8.33326244354248s
INFO    [02-25 12:32:12] train in BasicTrainer:
epoch: 7
INFO    [02-25 12:32:18] _train_one_epoch in BasicTrainer:
loss = 5.972147261116169
INFO    [02-25 12:32:20] validate in BasicTrainer:
{'Recall@10': 0.13830236494541168, 'NDCG@10': 0.06971923299133778, 'MRR@10': 0.049099505431950095, 'Recall@5': 0.08418074339628219, 'NDCG@5': 0.052393803820014, 'MRR@5': 0.04205053566489369, 'Recall*@10': 0.13830236494541168, 'NDCG*@10': 0.06971923299133778, 'MRR*@10': 0.049099505431950095, 'Recall*@5': 0.08418074339628219, 'NDCG*@5': 0.052393803820014, 'MRR*@5': 0.04205053566489369}
INFO    [02-25 12:32:20] train in BasicTrainer:
duration: 8.003945112228394s
INFO    [02-25 12:32:20] train in BasicTrainer:
epoch: 8
INFO    [02-25 12:32:26] _train_one_epoch in BasicTrainer:
loss = 5.8696048386217115
INFO    [02-25 12:32:28] log in loggers:
Update Best NDCG@10 Model at 8
INFO    [02-25 12:32:28] validate in BasicTrainer:
{'Recall@10': 0.1441807433962822, 'NDCG@10': 0.07388623155653477, 'MRR@10': 0.052595339491963385, 'Recall@5': 0.0918496622145176, 'NDCG@5': 0.05698314893990755, 'MRR@5': 0.045632320460863414, 'Recall*@10': 0.1441807433962822, 'NDCG*@10': 0.07388623155653477, 'MRR*@10': 0.052595339491963385, 'Recall*@5': 0.0918496622145176, 'NDCG*@5': 0.05698314893990755, 'MRR*@5': 0.045632320460863414}
INFO    [02-25 12:32:28] train in BasicTrainer:
duration: 7.786327600479126s
INFO    [02-25 12:32:28] train in BasicTrainer:
epoch: 9
INFO    [02-25 12:32:34] _train_one_epoch in BasicTrainer:
loss = 5.7743612657491346
INFO    [02-25 12:32:36] log in loggers:
Update Best NDCG@10 Model at 9
INFO    [02-25 12:32:36] validate in BasicTrainer:
{'Recall@10': 0.14722128391265868, 'NDCG@10': 0.07629057735204697, 'MRR@10': 0.054794657304883004, 'Recall@5': 0.09466216221451759, 'NDCG@5': 0.059351934529840944, 'MRR@5': 0.04783544573932886, 'Recall*@10': 0.14722128391265868, 'NDCG*@10': 0.07629057735204697, 'MRR*@10': 0.054794657304883004, 'Recall*@5': 0.09466216221451759, 'NDCG*@5': 0.059351934529840944, 'MRR*@5': 0.04783544573932886}
INFO    [02-25 12:32:36] train in BasicTrainer:
duration: 7.946904897689819s
INFO    [02-25 12:32:36] train in BasicTrainer:
epoch: 10
INFO    [02-25 12:32:42] _train_one_epoch in BasicTrainer:
loss = 5.694924752339128
INFO    [02-25 12:32:44] log in loggers:
Update Best NDCG@10 Model at 10
INFO    [02-25 12:32:44] validate in BasicTrainer:
{'Recall@10': 0.14722128391265868, 'NDCG@10': 0.07777465537190437, 'MRR@10': 0.05669374154880643, 'Recall@5': 0.0973057433962822, 'NDCG@5': 0.061669042501598596, 'MRR@5': 0.05007066510617733, 'Recall*@10': 0.14722128391265868, 'NDCG*@10': 0.07777465537190437, 'MRR*@10': 0.05669374154880643, 'Recall*@5': 0.0973057433962822, 'NDCG*@5': 0.061669042501598596, 'MRR*@5': 0.05007066510617733}
INFO    [02-25 12:32:44] train in BasicTrainer:
duration: 8.121166944503784s
INFO    [02-25 12:32:44] train in BasicTrainer:
epoch: 11
INFO    [02-25 12:32:50] _train_one_epoch in BasicTrainer:
loss = 5.620214682991372
INFO    [02-25 12:32:52] log in loggers:
Update Best NDCG@10 Model at 11
INFO    [02-25 12:32:52] validate in BasicTrainer:
{'Recall@10': 0.1549493244290352, 'NDCG@10': 0.08064983993768692, 'MRR@10': 0.0581485353410244, 'Recall@5': 0.0973057433962822, 'NDCG@5': 0.062164054326713084, 'MRR@5': 0.050611205957829954, 'Recall*@10': 0.1549493244290352, 'NDCG*@10': 0.08064983993768692, 'MRR*@10': 0.0581485353410244, 'Recall*@5': 0.0973057433962822, 'NDCG*@5': 0.062164054326713084, 'MRR*@5': 0.050611205957829954}
INFO    [02-25 12:32:52] train in BasicTrainer:
duration: 7.833256721496582s
INFO    [02-25 12:32:52] train in BasicTrainer:
epoch: 12
INFO    [02-25 12:32:58] _train_one_epoch in BasicTrainer:
loss = 5.550683151821875
INFO    [02-25 12:33:00] log in loggers:
Update Best NDCG@10 Model at 12
INFO    [02-25 12:33:00] validate in BasicTrainer:
{'Recall@10': 0.15588682442903518, 'NDCG@10': 0.0815130078047514, 'MRR@10': 0.058845578096807, 'Recall@5': 0.10378378391265869, 'NDCG@5': 0.06489338491111994, 'MRR@5': 0.052117962874472144, 'Recall*@10': 0.15588682442903518, 'NDCG*@10': 0.0815130078047514, 'MRR*@10': 0.058845578096807, 'Recall*@5': 0.10378378391265869, 'NDCG*@5': 0.06489338491111994, 'MRR*@5': 0.052117962874472144}
INFO    [02-25 12:33:00] train in BasicTrainer:
duration: 7.92106556892395s
INFO    [02-25 12:33:00] train in BasicTrainer:
epoch: 13
INFO    [02-25 12:33:06] _train_one_epoch in BasicTrainer:
loss = 5.484784407071789
INFO    [02-25 12:33:08] validate in BasicTrainer:
{'Recall@10': 0.15642736494541168, 'NDCG@10': 0.0813281200826168, 'MRR@10': 0.05877958878874779, 'Recall@5': 0.09651182442903519, 'NDCG@5': 0.062079456821084025, 'MRR@5': 0.05090948828496039, 'Recall*@10': 0.15642736494541168, 'NDCG*@10': 0.0813281200826168, 'MRR*@10': 0.05877958878874779, 'Recall*@5': 0.09651182442903519, 'NDCG*@5': 0.062079456821084025, 'MRR*@5': 0.05090948828496039}
INFO    [02-25 12:33:08] train in BasicTrainer:
duration: 8.059134483337402s
INFO    [02-25 12:33:08] train in BasicTrainer:
epoch: 14
INFO    [02-25 12:33:14] _train_one_epoch in BasicTrainer:
loss = 5.421034168501431
INFO    [02-25 12:33:16] log in loggers:
Update Best NDCG@10 Model at 14
INFO    [02-25 12:33:16] validate in BasicTrainer:
{'Recall@10': 0.15611486494541169, 'NDCG@10': 0.08182561092078686, 'MRR@10': 0.05946108356118202, 'Recall@5': 0.09713682442903519, 'NDCG@5': 0.06293344993144273, 'MRR@5': 0.05177153816446662, 'Recall*@10': 0.15611486494541169, 'NDCG*@10': 0.08182561092078686, 'MRR*@10': 0.05946108356118202, 'Recall*@5': 0.09713682442903519, 'NDCG*@5': 0.06293344993144273, 'MRR*@5': 0.05177153816446662}
INFO    [02-25 12:33:16] train in BasicTrainer:
duration: 7.677433490753174s
INFO    [02-25 12:33:16] train in BasicTrainer:
epoch: 15
INFO    [02-25 12:33:21] _train_one_epoch in BasicTrainer:
loss = 5.358807156509683
INFO    [02-25 12:33:24] validate in BasicTrainer:
{'Recall@10': 0.1570523649454117, 'NDCG@10': 0.08160678386688232, 'MRR@10': 0.058760189730674026, 'Recall@5': 0.10184966221451759, 'NDCG@5': 0.06395953735336661, 'MRR@5': 0.05159544023685157, 'Recall*@10': 0.1570523649454117, 'NDCG*@10': 0.08160678386688232, 'MRR*@10': 0.058760189730674026, 'Recall*@5': 0.10184966221451759, 'NDCG*@5': 0.06395953735336661, 'MRR*@5': 0.05159544023685157}
INFO    [02-25 12:33:24] train in BasicTrainer:
duration: 8.234346628189087s
INFO    [02-25 12:33:24] train in BasicTrainer:
epoch: 16
INFO    [02-25 12:33:30] _train_one_epoch in BasicTrainer:
loss = 5.3132134989022575
INFO    [02-25 12:33:32] log in loggers:
Update Best NDCG@10 Model at 16
INFO    [02-25 12:33:32] validate in BasicTrainer:
{'Recall@10': 0.16267736494541168, 'NDCG@10': 0.08558047719299794, 'MRR@10': 0.06236344821751118, 'Recall@5': 0.1030152028799057, 'NDCG@5': 0.0666928056254983, 'MRR@5': 0.054804477160796526, 'Recall*@10': 0.16267736494541168, 'NDCG*@10': 0.08558047719299794, 'MRR*@10': 0.06236344821751118, 'Recall*@5': 0.1030152028799057, 'NDCG*@5': 0.0666928056254983, 'MRR*@5': 0.054804477160796526}
INFO    [02-25 12:33:32] train in BasicTrainer:
duration: 8.223076820373535s
INFO    [02-25 12:33:32] train in BasicTrainer:
epoch: 17
INFO    [02-25 12:33:38] _train_one_epoch in BasicTrainer:
loss = 5.250368856941041
INFO    [02-25 12:33:40] log in loggers:
Update Best NDCG@10 Model at 17
INFO    [02-25 12:33:40] validate in BasicTrainer:
{'Recall@10': 0.16330236494541167, 'NDCG@10': 0.08661153458058835, 'MRR@10': 0.06332878947257996, 'Recall@5': 0.1081587839126587, 'NDCG@5': 0.06890752527862787, 'MRR@5': 0.056096848454326394, 'Recall*@10': 0.16330236494541167, 'NDCG*@10': 0.08661153458058835, 'MRR*@10': 0.06332878947257996, 'Recall*@5': 0.1081587839126587, 'NDCG*@5': 0.06890752527862787, 'MRR*@5': 0.056096848454326394}
INFO    [02-25 12:33:40] train in BasicTrainer:
duration: 8.076454639434814s
INFO    [02-25 12:33:40] train in BasicTrainer:
epoch: 18
INFO    [02-25 12:33:46] _train_one_epoch in BasicTrainer:
loss = 5.200023419028568
INFO    [02-25 12:33:48] log in loggers:
Update Best NDCG@10 Model at 18
INFO    [02-25 12:33:48] validate in BasicTrainer:
{'Recall@10': 0.1647804057598114, 'NDCG@10': 0.08746599078178406, 'MRR@10': 0.06401002876460553, 'Recall@5': 0.10909628391265869, 'NDCG@5': 0.06969052795320749, 'MRR@5': 0.05680954497307539, 'Recall*@10': 0.1647804057598114, 'NDCG*@10': 0.08746599078178406, 'MRR*@10': 0.06401002876460553, 'Recall*@5': 0.10909628391265869, 'NDCG*@5': 0.06969052795320749, 'MRR*@5': 0.05680954497307539}
INFO    [02-25 12:33:48] train in BasicTrainer:
duration: 8.133268356323242s
INFO    [02-25 12:33:48] train in BasicTrainer:
epoch: 19
INFO    [02-25 12:33:54] _train_one_epoch in BasicTrainer:
loss = 5.156358840927205
INFO    [02-25 12:33:56] log in loggers:
Update Best NDCG@10 Model at 19
INFO    [02-25 12:33:56] validate in BasicTrainer:
{'Recall@10': 0.1677618244290352, 'NDCG@10': 0.09025929439812899, 'MRR@10': 0.06667832121253013, 'Recall@5': 0.1110557433962822, 'NDCG@5': 0.07184751538559794, 'MRR@5': 0.059036037316545845, 'Recall*@10': 0.1677618244290352, 'NDCG*@10': 0.09025929439812899, 'MRR*@10': 0.06667832121253013, 'Recall*@5': 0.1110557433962822, 'NDCG*@5': 0.07184751538559794, 'MRR*@5': 0.059036037316545845}
INFO    [02-25 12:33:56] train in BasicTrainer:
duration: 8.119369506835938s
INFO    [02-25 12:33:56] train in BasicTrainer:
epoch: 20
INFO    [02-25 12:34:02] _train_one_epoch in BasicTrainer:
loss = 5.10383155807576
INFO    [02-25 12:34:04] validate in BasicTrainer:
{'Recall@10': 0.1652618244290352, 'NDCG@10': 0.08658734522759914, 'MRR@10': 0.06284773200750352, 'Recall@5': 0.10403716221451759, 'NDCG@5': 0.0669577182456851, 'MRR@5': 0.054845158755779264, 'Recall*@10': 0.1652618244290352, 'NDCG*@10': 0.08658734522759914, 'MRR*@10': 0.06284773200750352, 'Recall*@5': 0.10403716221451759, 'NDCG*@5': 0.0669577182456851, 'MRR*@5': 0.054845158755779264}
INFO    [02-25 12:34:04] train in BasicTrainer:
duration: 7.901888370513916s
INFO    [02-25 12:34:04] train in BasicTrainer:
epoch: 21
INFO    [02-25 12:34:10] _train_one_epoch in BasicTrainer:
loss = 5.0620490745777165
INFO    [02-25 12:34:12] log in loggers:
Update Best NDCG@10 Model at 21
INFO    [02-25 12:34:12] validate in BasicTrainer:
{'Recall@10': 0.16955236494541168, 'NDCG@10': 0.09318146269768476, 'MRR@10': 0.06986555676907301, 'Recall@5': 0.11557432442903519, 'NDCG@5': 0.07581547033041716, 'MRR@5': 0.06274845341220497, 'Recall*@10': 0.16955236494541168, 'NDCG*@10': 0.09318146269768476, 'MRR*@10': 0.06986555676907301, 'Recall*@5': 0.11557432442903519, 'NDCG*@5': 0.07581547033041716, 'MRR*@5': 0.06274845341220497}
INFO    [02-25 12:34:12] train in BasicTrainer:
duration: 8.054550170898438s
INFO    [02-25 12:34:12] train in BasicTrainer:
epoch: 22
INFO    [02-25 12:34:18] _train_one_epoch in BasicTrainer:
loss = 5.018088068190557
INFO    [02-25 12:34:21] validate in BasicTrainer:
{'Recall@10': 0.1696368244290352, 'NDCG@10': 0.09101281844079495, 'MRR@10': 0.06715541902929545, 'Recall@5': 0.1123902028799057, 'NDCG@5': 0.07272007903084159, 'MRR@5': 0.05973395353648812, 'Recall*@10': 0.1696368244290352, 'NDCG*@10': 0.09101281844079495, 'MRR*@10': 0.06715541902929545, 'Recall*@5': 0.1123902028799057, 'NDCG*@5': 0.07272007903084159, 'MRR*@5': 0.05973395353648812}
INFO    [02-25 12:34:21] train in BasicTrainer:
duration: 8.084089279174805s
INFO    [02-25 12:34:21] train in BasicTrainer:
epoch: 23
INFO    [02-25 12:34:26] _train_one_epoch in BasicTrainer:
loss = 4.974144845805687
INFO    [02-25 12:34:28] log in loggers:
Update Best NDCG@10 Model at 23
INFO    [02-25 12:34:29] validate in BasicTrainer:
{'Recall@10': 0.1707432433962822, 'NDCG@10': 0.09400260165333747, 'MRR@10': 0.07067176196724176, 'Recall@5': 0.1127871622145176, 'NDCG@5': 0.07533907864242792, 'MRR@5': 0.06301534436643123, 'Recall*@10': 0.1707432433962822, 'NDCG*@10': 0.09400260165333747, 'MRR*@10': 0.07067176196724176, 'Recall*@5': 0.1127871622145176, 'NDCG*@5': 0.07533907864242792, 'MRR*@5': 0.06301534436643123}
INFO    [02-25 12:34:29] train in BasicTrainer:
duration: 8.02148151397705s
INFO    [02-25 12:34:29] train in BasicTrainer:
epoch: 24
INFO    [02-25 12:34:34] _train_one_epoch in BasicTrainer:
loss = 4.936780792964864
INFO    [02-25 12:34:36] log in loggers:
Update Best NDCG@10 Model at 24
INFO    [02-25 12:34:36] validate in BasicTrainer:
{'Recall@10': 0.16784628391265868, 'NDCG@10': 0.09523215629160404, 'MRR@10': 0.07312238339334726, 'Recall@5': 0.1136402028799057, 'NDCG@5': 0.07771302498877049, 'MRR@5': 0.06589597497135401, 'Recall*@10': 0.16784628391265868, 'NDCG*@10': 0.09523215629160404, 'MRR*@10': 0.07312238339334726, 'Recall*@5': 0.1136402028799057, 'NDCG*@5': 0.07771302498877049, 'MRR*@5': 0.06589597497135401}
INFO    [02-25 12:34:36] train in BasicTrainer:
duration: 7.901846885681152s
INFO    [02-25 12:34:36] train in BasicTrainer:
epoch: 25
INFO    [02-25 12:34:42] _train_one_epoch in BasicTrainer:
loss = 4.899436972185534
INFO    [02-25 12:34:45] validate in BasicTrainer:
{'Recall@10': 0.1681587839126587, 'NDCG@10': 0.09276200160384178, 'MRR@10': 0.0699302550777793, 'Recall@5': 0.1133277028799057, 'NDCG@5': 0.07531564589589834, 'MRR@5': 0.06289766438305378, 'Recall*@10': 0.1681587839126587, 'NDCG*@10': 0.09276200160384178, 'MRR*@10': 0.0699302550777793, 'Recall*@5': 0.1133277028799057, 'NDCG*@5': 0.07531564589589834, 'MRR*@5': 0.06289766438305378}
INFO    [02-25 12:34:45] train in BasicTrainer:
duration: 8.26026463508606s
INFO    [02-25 12:34:45] train in BasicTrainer:
epoch: 26
INFO    [02-25 12:34:50] _train_one_epoch in BasicTrainer:
loss = 4.854473550376588
INFO    [02-25 12:34:53] log in loggers:
Update Best NDCG@10 Model at 26
INFO    [02-25 12:34:53] validate in BasicTrainer:
{'Recall@10': 0.1733868244290352, 'NDCG@10': 0.09568883262574673, 'MRR@10': 0.07216931890696288, 'Recall@5': 0.1125337839126587, 'NDCG@5': 0.07622665032744408, 'MRR@5': 0.0642594326287508, 'Recall*@10': 0.1733868244290352, 'NDCG*@10': 0.09568883262574673, 'MRR*@10': 0.07216931890696288, 'Recall*@5': 0.1125337839126587, 'NDCG*@5': 0.07622665032744408, 'MRR*@5': 0.0642594326287508}
INFO    [02-25 12:34:53] train in BasicTrainer:
duration: 8.181693315505981s
INFO    [02-25 12:34:53] train in BasicTrainer:
epoch: 27
INFO    [02-25 12:34:59] _train_one_epoch in BasicTrainer:
loss = 4.821834432035289
INFO    [02-25 12:35:01] validate in BasicTrainer:
{'Recall@10': 0.1662837839126587, 'NDCG@10': 0.09477649006992578, 'MRR@10': 0.07311883745715023, 'Recall@5': 0.1113682433962822, 'NDCG@5': 0.07719439769163727, 'MRR@5': 0.06596396510489284, 'Recall*@10': 0.1662837839126587, 'NDCG*@10': 0.09477649006992578, 'MRR*@10': 0.07311883745715023, 'Recall*@5': 0.1113682433962822, 'NDCG*@5': 0.07719439769163727, 'MRR*@5': 0.06596396510489284}
INFO    [02-25 12:35:01] train in BasicTrainer:
duration: 7.921332120895386s
INFO    [02-25 12:35:01] train in BasicTrainer:
epoch: 28
INFO    [02-25 12:35:06] _train_one_epoch in BasicTrainer:
loss = 4.792635306123081
INFO    [02-25 12:35:09] log in loggers:
Update Best NDCG@10 Model at 28
INFO    [02-25 12:35:09] validate in BasicTrainer:
{'Recall@10': 0.17105574339628218, 'NDCG@10': 0.09675286039710045, 'MRR@10': 0.07417050505056977, 'Recall@5': 0.1173902028799057, 'NDCG@5': 0.07951656464487314, 'MRR@5': 0.06712837960571051, 'Recall*@10': 0.17105574339628218, 'NDCG*@10': 0.09675286039710045, 'MRR*@10': 0.07417050505056977, 'Recall*@5': 0.1173902028799057, 'NDCG*@5': 0.07951656464487314, 'MRR*@5': 0.06712837960571051}
INFO    [02-25 12:35:09] train in BasicTrainer:
duration: 8.130293369293213s
INFO    [02-25 12:35:09] train in BasicTrainer:
epoch: 29
INFO    [02-25 12:35:15] _train_one_epoch in BasicTrainer:
loss = 4.756885566825259
INFO    [02-25 12:35:17] log in loggers:
Update Best NDCG@10 Model at 29
INFO    [02-25 12:35:17] validate in BasicTrainer:
{'Recall@10': 0.1773902028799057, 'NDCG@10': 0.09899156279861927, 'MRR@10': 0.07499543607234954, 'Recall@5': 0.1236402028799057, 'NDCG@5': 0.08166848968714475, 'MRR@5': 0.06788457367569208, 'Recall*@10': 0.1773902028799057, 'NDCG*@10': 0.09899156279861927, 'MRR*@10': 0.07499543607234954, 'Recall*@5': 0.1236402028799057, 'NDCG*@5': 0.08166848968714475, 'MRR*@5': 0.06788457367569208}
INFO    [02-25 12:35:17] train in BasicTrainer:
duration: 7.706371545791626s
INFO    [02-25 12:35:17] train in BasicTrainer:
epoch: 30
INFO    [02-25 12:35:22] _train_one_epoch in BasicTrainer:
loss = 4.713052826155402
INFO    [02-25 12:35:25] log in loggers:
Update Best NDCG@10 Model at 30
INFO    [02-25 12:35:25] validate in BasicTrainer:
{'Recall@10': 0.1707432433962822, 'NDCG@10': 0.09915493175387383, 'MRR@10': 0.07749002303928137, 'Recall@5': 0.1134121622145176, 'NDCG@5': 0.08075924787670374, 'MRR@5': 0.06998099751770497, 'Recall*@10': 0.1707432433962822, 'NDCG*@10': 0.09915493175387383, 'MRR*@10': 0.07749002303928137, 'Recall*@5': 0.1134121622145176, 'NDCG*@5': 0.08075924787670374, 'MRR*@5': 0.06998099751770497}
INFO    [02-25 12:35:25] train in BasicTrainer:
duration: 8.066504955291748s
INFO    [02-25 12:35:25] train in BasicTrainer:
epoch: 31
INFO    [02-25 12:35:30] _train_one_epoch in BasicTrainer:
loss = 4.684329381988283
INFO    [02-25 12:35:32] validate in BasicTrainer:
{'Recall@10': 0.1737837839126587, 'NDCG@10': 0.09888877540826797, 'MRR@10': 0.07614085365086794, 'Recall@5': 0.1198057433962822, 'NDCG@5': 0.08159309985116124, 'MRR@5': 0.0690974116884172, 'Recall*@10': 0.1737837839126587, 'NDCG*@10': 0.09888877540826797, 'MRR*@10': 0.07614085365086794, 'Recall*@5': 0.1198057433962822, 'NDCG*@5': 0.08159309985116124, 'MRR*@5': 0.0690974116884172}
INFO    [02-25 12:35:32] train in BasicTrainer:
duration: 7.789314270019531s
INFO    [02-25 12:35:32] train in BasicTrainer:
epoch: 32
INFO    [02-25 12:35:38] _train_one_epoch in BasicTrainer:
loss = 4.650934366711887
INFO    [02-25 12:35:40] log in loggers:
Update Best NDCG@10 Model at 32
INFO    [02-25 12:35:40] validate in BasicTrainer:
{'Recall@10': 0.17690878391265868, 'NDCG@10': 0.09972747296094894, 'MRR@10': 0.07631490115076303, 'Recall@5': 0.1201182433962822, 'NDCG@5': 0.08156216977164149, 'MRR@5': 0.06893384164199233, 'Recall*@10': 0.17690878391265868, 'NDCG*@10': 0.09972747296094894, 'MRR*@10': 0.07631490115076303, 'Recall*@5': 0.1201182433962822, 'NDCG*@5': 0.08156216977164149, 'MRR*@5': 0.06893384164199233}
INFO    [02-25 12:35:40] train in BasicTrainer:
duration: 7.9956042766571045s
INFO    [02-25 12:35:40] train in BasicTrainer:
epoch: 33
INFO    [02-25 12:35:46] _train_one_epoch in BasicTrainer:
loss = 4.622264954076205
INFO    [02-25 12:35:49] validate in BasicTrainer:
{'Recall@10': 0.1744932433962822, 'NDCG@10': 0.09844915565103292, 'MRR@10': 0.0753092629648745, 'Recall@5': 0.1205152028799057, 'NDCG@5': 0.08105041621252894, 'MRR@5': 0.06816145910415798, 'Recall*@10': 0.1744932433962822, 'NDCG*@10': 0.09844915565103292, 'MRR*@10': 0.0753092629648745, 'Recall*@5': 0.1205152028799057, 'NDCG*@5': 0.08105041621252894, 'MRR*@5': 0.06816145910415798}
INFO    [02-25 12:35:49] train in BasicTrainer:
duration: 8.157476663589478s
INFO    [02-25 12:35:49] train in BasicTrainer:
epoch: 34
INFO    [02-25 12:35:54] _train_one_epoch in BasicTrainer:
loss = 4.58764005308126
INFO    [02-25 12:35:56] log in loggers:
Update Best NDCG@10 Model at 34
INFO    [02-25 12:35:56] validate in BasicTrainer:
{'Recall@10': 0.1722212839126587, 'NDCG@10': 0.10098725009709597, 'MRR@10': 0.07921793680638074, 'Recall@5': 0.12222128391265868, 'NDCG@5': 0.08499840524047614, 'MRR@5': 0.0727264938224107, 'Recall*@10': 0.1722212839126587, 'NDCG*@10': 0.10098725009709597, 'MRR*@10': 0.07921793680638074, 'Recall*@5': 0.12222128391265868, 'NDCG*@5': 0.08499840524047614, 'MRR*@5': 0.0727264938224107}
INFO    [02-25 12:35:56] train in BasicTrainer:
duration: 7.829676389694214s
INFO    [02-25 12:35:56] train in BasicTrainer:
epoch: 35
INFO    [02-25 12:36:02] _train_one_epoch in BasicTrainer:
loss = 4.562721445958874
INFO    [02-25 12:36:04] log in loggers:
Update Best NDCG@10 Model at 35
INFO    [02-25 12:36:04] validate in BasicTrainer:
{'Recall@10': 0.18057432442903518, 'NDCG@10': 0.1011039324849844, 'MRR@10': 0.07699750347062945, 'Recall@5': 0.1211402028799057, 'NDCG@5': 0.08201083892956376, 'MRR@5': 0.06919299124274403, 'Recall*@10': 0.18057432442903518, 'NDCG*@10': 0.1011039324849844, 'MRR*@10': 0.07699750347062945, 'Recall*@5': 0.1211402028799057, 'NDCG*@5': 0.08201083892956376, 'MRR*@5': 0.06919299124274403}
INFO    [02-25 12:36:04] train in BasicTrainer:
duration: 7.6694347858428955s
INFO    [02-25 12:36:04] train in BasicTrainer:
epoch: 36
INFO    [02-25 12:36:10] _train_one_epoch in BasicTrainer:
loss = 4.532910873150003
INFO    [02-25 12:36:12] log in loggers:
Update Best NDCG@10 Model at 36
INFO    [02-25 12:36:13] validate in BasicTrainer:
{'Recall@10': 0.1825337839126587, 'NDCG@10': 0.10557946559041738, 'MRR@10': 0.08201368980109691, 'Recall@5': 0.13034628391265868, 'NDCG@5': 0.0887689788453281, 'MRR@5': 0.07511289523914456, 'Recall*@10': 0.1825337839126587, 'NDCG*@10': 0.10557946559041738, 'MRR*@10': 0.08201368980109691, 'Recall*@5': 0.13034628391265868, 'NDCG*@5': 0.0887689788453281, 'MRR*@5': 0.07511289523914456}
INFO    [02-25 12:36:13] train in BasicTrainer:
duration: 8.40450644493103s
INFO    [02-25 12:36:13] train in BasicTrainer:
epoch: 37
INFO    [02-25 12:36:18] _train_one_epoch in BasicTrainer:
loss = 4.505132518017008
INFO    [02-25 12:36:20] log in loggers:
Update Best NDCG@10 Model at 37
INFO    [02-25 12:36:20] validate in BasicTrainer:
{'Recall@10': 0.18548986494541167, 'NDCG@10': 0.10606042116880417, 'MRR@10': 0.08188530452549457, 'Recall@5': 0.1259712839126587, 'NDCG@5': 0.08693324213847518, 'MRR@5': 0.07406236097216606, 'Recall*@10': 0.18548986494541167, 'NDCG*@10': 0.10606042116880417, 'MRR*@10': 0.08188530452549457, 'Recall*@5': 0.1259712839126587, 'NDCG*@5': 0.08693324213847518, 'MRR*@5': 0.07406236097216606}
INFO    [02-25 12:36:20] train in BasicTrainer:
duration: 7.609894037246704s
INFO    [02-25 12:36:20] train in BasicTrainer:
epoch: 38
INFO    [02-25 12:36:26] _train_one_epoch in BasicTrainer:
loss = 4.472884008991939
INFO    [02-25 12:36:28] validate in BasicTrainer:
{'Recall@10': 0.1811993244290352, 'NDCG@10': 0.10412743896245956, 'MRR@10': 0.08086931975558401, 'Recall@5': 0.1205996622145176, 'NDCG@5': 0.08468170979991556, 'MRR@5': 0.07293257410638035, 'Recall*@10': 0.1811993244290352, 'NDCG*@10': 0.10412743896245956, 'MRR*@10': 0.08086931975558401, 'Recall*@5': 0.1205996622145176, 'NDCG*@5': 0.08468170979991556, 'MRR*@5': 0.07293257410638035}
INFO    [02-25 12:36:28] train in BasicTrainer:
duration: 7.983726978302002s
INFO    [02-25 12:36:28] train in BasicTrainer:
epoch: 39
INFO    [02-25 12:36:34] _train_one_epoch in BasicTrainer:
loss = 4.456576015335812
INFO    [02-25 12:36:36] validate in BasicTrainer:
{'Recall@10': 0.1824493244290352, 'NDCG@10': 0.10380867198109626, 'MRR@10': 0.07997848402708768, 'Recall@5': 0.1209712839126587, 'NDCG@5': 0.08399944789707661, 'MRR@5': 0.07184332933276892, 'Recall*@10': 0.1824493244290352, 'NDCG*@10': 0.10380867198109626, 'MRR*@10': 0.07997848402708768, 'Recall*@5': 0.1209712839126587, 'NDCG*@5': 0.08399944789707661, 'MRR*@5': 0.07184332933276892}
INFO    [02-25 12:36:36] train in BasicTrainer:
duration: 7.5918052196502686s
INFO    [02-25 12:36:36] train in BasicTrainer:
epoch: 40
INFO    [02-25 12:36:41] _train_one_epoch in BasicTrainer:
loss = 4.421741439429772
INFO    [02-25 12:36:44] validate in BasicTrainer:
{'Recall@10': 0.1849493244290352, 'NDCG@10': 0.10591701779514551, 'MRR@10': 0.08197390912100673, 'Recall@5': 0.12386824339628219, 'NDCG@5': 0.08623311098664999, 'MRR@5': 0.07388837453909218, 'Recall*@10': 0.1849493244290352, 'NDCG*@10': 0.10591701779514551, 'MRR*@10': 0.08197390912100673, 'Recall*@5': 0.12386824339628219, 'NDCG*@5': 0.08623311098664999, 'MRR*@5': 0.07388837453909218}
INFO    [02-25 12:36:44] train in BasicTrainer:
duration: 7.812613487243652s
INFO    [02-25 12:36:44] train in BasicTrainer:
epoch: 41
INFO    [02-25 12:36:49] _train_one_epoch in BasicTrainer:
loss = 4.399947654347205
INFO    [02-25 12:36:51] validate in BasicTrainer:
{'Recall@10': 0.1817398649454117, 'NDCG@10': 0.10512069500982761, 'MRR@10': 0.08188743151724338, 'Recall@5': 0.1237837839126587, 'NDCG@5': 0.08655662061646581, 'MRR@5': 0.07432883048430085, 'Recall*@10': 0.1817398649454117, 'NDCG*@10': 0.10512069500982761, 'MRR*@10': 0.08188743151724338, 'Recall*@5': 0.1237837839126587, 'NDCG*@5': 0.08655662061646581, 'MRR*@5': 0.07432883048430085}
INFO    [02-25 12:36:51] train in BasicTrainer:
duration: 7.8258888721466064s
INFO    [02-25 12:36:51] train in BasicTrainer:
epoch: 42
INFO    [02-25 12:36:57] _train_one_epoch in BasicTrainer:
loss = 4.379417019434253
INFO    [02-25 12:37:00] validate in BasicTrainer:
{'Recall@10': 0.1758868244290352, 'NDCG@10': 0.10384844843298197, 'MRR@10': 0.08181592589244246, 'Recall@5': 0.1269087839126587, 'NDCG@5': 0.08813806287944317, 'MRR@5': 0.07540864433161915, 'Recall*@10': 0.1758868244290352, 'NDCG*@10': 0.10384844843298197, 'MRR*@10': 0.08181592589244246, 'Recall*@5': 0.1269087839126587, 'NDCG*@5': 0.08813806287944317, 'MRR*@5': 0.07540864433161915}
INFO    [02-25 12:37:00] train in BasicTrainer:
duration: 8.442558526992798s
INFO    [02-25 12:37:00] train in BasicTrainer:
epoch: 43
INFO    [02-25 12:37:06] _train_one_epoch in BasicTrainer:
loss = 4.358505228786317
INFO    [02-25 12:37:08] validate in BasicTrainer:
{'Recall@10': 0.1825929057598114, 'NDCG@10': 0.1050624991580844, 'MRR@10': 0.0814486737921834, 'Recall@5': 0.1260304057598114, 'NDCG@5': 0.08681552052497864, 'MRR@5': 0.07394073832780122, 'Recall*@10': 0.1825929057598114, 'NDCG*@10': 0.1050624991580844, 'MRR*@10': 0.0814486737921834, 'Recall*@5': 0.1260304057598114, 'NDCG*@5': 0.08681552052497864, 'MRR*@5': 0.07394073832780122}
INFO    [02-25 12:37:08] train in BasicTrainer:
duration: 8.244593381881714s
INFO    [02-25 12:37:08] train in BasicTrainer:
epoch: 44
INFO    [02-25 12:37:14] _train_one_epoch in BasicTrainer:
loss = 4.335136795233669
INFO    [02-25 12:37:16] log in loggers:
Update Best NDCG@10 Model at 44
INFO    [02-25 12:37:16] validate in BasicTrainer:
{'Recall@10': 0.1857179057598114, 'NDCG@10': 0.1066228349134326, 'MRR@10': 0.08255058668553829, 'Recall@5': 0.1272212839126587, 'NDCG@5': 0.08780728181824088, 'MRR@5': 0.07484192165080458, 'Recall*@10': 0.1857179057598114, 'NDCG*@10': 0.1066228349134326, 'MRR*@10': 0.08255058668553829, 'Recall*@5': 0.1272212839126587, 'NDCG*@5': 0.08780728181824088, 'MRR*@5': 0.07484192165080458}
INFO    [02-25 12:37:16] train in BasicTrainer:
duration: 8.177194595336914s
INFO    [02-25 12:37:16] train in BasicTrainer:
epoch: 45
INFO    [02-25 12:37:22] _train_one_epoch in BasicTrainer:
loss = 4.311175268271874
INFO    [02-25 12:37:24] log in loggers:
Update Best NDCG@10 Model at 45
INFO    [02-25 12:37:24] validate in BasicTrainer:
{'Recall@10': 0.18597128391265869, 'NDCG@10': 0.1110799166560173, 'MRR@10': 0.08827468771487475, 'Recall@5': 0.1325337839126587, 'NDCG@5': 0.0938890739157796, 'MRR@5': 0.08123029422014952, 'Recall*@10': 0.18597128391265869, 'NDCG*@10': 0.1110799166560173, 'MRR*@10': 0.08827468771487475, 'Recall*@5': 0.1325337839126587, 'NDCG*@5': 0.0938890739157796, 'MRR*@5': 0.08123029422014952}
INFO    [02-25 12:37:24] train in BasicTrainer:
duration: 7.739748239517212s
INFO    [02-25 12:37:24] train in BasicTrainer:
epoch: 46
INFO    [02-25 12:37:30] _train_one_epoch in BasicTrainer:
loss = 4.289909054176877
INFO    [02-25 12:37:32] log in loggers:
Update Best NDCG@10 Model at 46
INFO    [02-25 12:37:32] validate in BasicTrainer:
{'Recall@10': 0.1910304057598114, 'NDCG@10': 0.11179985672235489, 'MRR@10': 0.08794020242989063, 'Recall@5': 0.12673986494541167, 'NDCG@5': 0.09121958687901496, 'MRR@5': 0.07956658270210028, 'Recall*@10': 0.1910304057598114, 'NDCG*@10': 0.11179985672235489, 'MRR*@10': 0.08794020242989063, 'Recall*@5': 0.12673986494541167, 'NDCG*@5': 0.09121958687901496, 'MRR*@5': 0.07956658270210028}
INFO    [02-25 12:37:32] train in BasicTrainer:
duration: 7.983938932418823s
INFO    [02-25 12:37:32] train in BasicTrainer:
epoch: 47
INFO    [02-25 12:37:38] _train_one_epoch in BasicTrainer:
loss = 4.2639507975439175
INFO    [02-25 12:37:40] validate in BasicTrainer:
{'Recall@10': 0.18486486494541168, 'NDCG@10': 0.10699013508856296, 'MRR@10': 0.08330626584589482, 'Recall@5': 0.12878378391265868, 'NDCG@5': 0.0890229645371437, 'MRR@5': 0.07598845817148686, 'Recall*@10': 0.18486486494541168, 'NDCG*@10': 0.10699013508856296, 'MRR*@10': 0.08330626584589482, 'Recall*@5': 0.12878378391265868, 'NDCG*@5': 0.0890229645371437, 'MRR*@5': 0.07598845817148686}
INFO    [02-25 12:37:40] train in BasicTrainer:
duration: 7.915796995162964s
INFO    [02-25 12:37:40] train in BasicTrainer:
epoch: 48
INFO    [02-25 12:37:45] _train_one_epoch in BasicTrainer:
loss = 4.248749653919939
INFO    [02-25 12:37:47] validate in BasicTrainer:
{'Recall@10': 0.18486486494541168, 'NDCG@10': 0.10702561121433973, 'MRR@10': 0.08344507144764066, 'Recall@5': 0.12503378391265868, 'NDCG@5': 0.08770112911239267, 'MRR@5': 0.07548029428813606, 'Recall*@10': 0.18486486494541168, 'NDCG*@10': 0.10702561121433973, 'MRR*@10': 0.08344507144764066, 'Recall*@5': 0.12503378391265868, 'NDCG*@5': 0.08770112911239267, 'MRR*@5': 0.07548029428813606}
INFO    [02-25 12:37:47] train in BasicTrainer:
duration: 7.552224159240723s
INFO    [02-25 12:37:47] train in BasicTrainer:
epoch: 49
INFO    [02-25 12:37:53] _train_one_epoch in BasicTrainer:
loss = 4.2344211646669425
INFO    [02-25 12:37:56] validate in BasicTrainer:
{'Recall@10': 0.18276182442903519, 'NDCG@10': 0.10611881777644157, 'MRR@10': 0.08269715685397387, 'Recall@5': 0.12713682442903518, 'NDCG@5': 0.08794296773150563, 'MRR@5': 0.07508840270340443, 'Recall*@10': 0.18276182442903519, 'NDCG*@10': 0.10611881777644157, 'MRR*@10': 0.08269715685397387, 'Recall*@5': 0.12713682442903518, 'NDCG*@5': 0.08794296773150563, 'MRR*@5': 0.07508840270340443}
INFO    [02-25 12:37:56] train in BasicTrainer:
duration: 8.143833875656128s
INFO    [02-25 12:37:56] train in BasicTrainer:
epoch: 50
INFO    [02-25 12:38:02] _train_one_epoch in BasicTrainer:
loss = 4.211892695262514
INFO    [02-25 12:38:04] validate in BasicTrainer:
{'Recall@10': 0.1833023649454117, 'NDCG@10': 0.10801564134657383, 'MRR@10': 0.08503746438771487, 'Recall@5': 0.12923986494541168, 'NDCG@5': 0.09057639921084046, 'MRR@5': 0.07786782260984182, 'Recall*@10': 0.1833023649454117, 'NDCG*@10': 0.10801564134657383, 'MRR*@10': 0.08503746438771487, 'Recall*@5': 0.12923986494541168, 'NDCG*@5': 0.09057639921084046, 'MRR*@5': 0.07786782260984182}
INFO    [02-25 12:38:04] train in BasicTrainer:
duration: 7.995296001434326s
INFO    [02-25 12:38:04] train in BasicTrainer:
epoch: 51
INFO    [02-25 12:38:09] _train_one_epoch in BasicTrainer:
loss = 4.176208693405678
INFO    [02-25 12:38:12] validate in BasicTrainer:
{'Recall@10': 0.1882179057598114, 'NDCG@10': 0.10983943849802018, 'MRR@10': 0.08592531869187951, 'Recall@5': 0.1322212839126587, 'NDCG@5': 0.09177371012046934, 'MRR@5': 0.07849127328488975, 'Recall*@10': 0.1882179057598114, 'NDCG*@10': 0.10983943849802018, 'MRR*@10': 0.08592531869187951, 'Recall*@5': 0.1322212839126587, 'NDCG*@5': 0.09177371012046934, 'MRR*@5': 0.07849127328488975}
INFO    [02-25 12:38:12] train in BasicTrainer:
duration: 7.959433555603027s
INFO    [02-25 12:38:12] train in BasicTrainer:
epoch: 52
INFO    [02-25 12:38:17] _train_one_epoch in BasicTrainer:
loss = 4.161441380844824
INFO    [02-25 12:38:19] validate in BasicTrainer:
{'Recall@10': 0.18423986494541167, 'NDCG@10': 0.10727902621030808, 'MRR@10': 0.08399508085101842, 'Recall@5': 0.12324324339628219, 'NDCG@5': 0.08767885137349367, 'MRR@5': 0.07597776014357806, 'Recall*@10': 0.18423986494541167, 'NDCG*@10': 0.10727902621030808, 'MRR*@10': 0.08399508085101842, 'Recall*@5': 0.12324324339628219, 'NDCG*@5': 0.08767885137349367, 'MRR*@5': 0.07597776014357806}
INFO    [02-25 12:38:19] train in BasicTrainer:
duration: 7.844534158706665s
INFO    [02-25 12:38:19] train in BasicTrainer:
epoch: 53
INFO    [02-25 12:38:25] _train_one_epoch in BasicTrainer:
loss = 4.153917014440744
INFO    [02-25 12:38:27] validate in BasicTrainer:
{'Recall@10': 0.1833868244290352, 'NDCG@10': 0.10713933836668729, 'MRR@10': 0.08390149809420108, 'Recall@5': 0.1286993244290352, 'NDCG@5': 0.08949742566794157, 'MRR@5': 0.07664653863757849, 'Recall*@10': 0.1833868244290352, 'NDCG*@10': 0.10713933836668729, 'MRR*@10': 0.08390149809420108, 'Recall*@5': 0.1286993244290352, 'NDCG*@5': 0.08949742566794157, 'MRR*@5': 0.07664653863757849}
INFO    [02-25 12:38:27] train in BasicTrainer:
duration: 7.748815059661865s
INFO    [02-25 12:38:27] train in BasicTrainer:
epoch: 54
INFO    [02-25 12:38:33] _train_one_epoch in BasicTrainer:
loss = 4.127991726923368
INFO    [02-25 12:38:35] validate in BasicTrainer:
{'Recall@10': 0.1886993244290352, 'NDCG@10': 0.11168080979958177, 'MRR@10': 0.08814159065485, 'Recall@5': 0.13369932442903518, 'NDCG@5': 0.09402612844482064, 'MRR@5': 0.08092581777367741, 'Recall*@10': 0.1886993244290352, 'NDCG*@10': 0.11168080979958177, 'MRR*@10': 0.08814159065485, 'Recall*@5': 0.13369932442903518, 'NDCG*@5': 0.09402612844482064, 'MRR*@5': 0.08092581777367741}
INFO    [02-25 12:38:35] train in BasicTrainer:
duration: 7.760059595108032s
INFO    [02-25 12:38:35] train in BasicTrainer:
epoch: 55
INFO    [02-25 12:38:40] _train_one_epoch in BasicTrainer:
loss = 4.116545860900171
INFO    [02-25 12:38:43] validate in BasicTrainer:
{'Recall@10': 0.18548986494541167, 'NDCG@10': 0.1080399464815855, 'MRR@10': 0.08432709116488696, 'Recall@5': 0.1330743244290352, 'NDCG@5': 0.09114109475165605, 'MRR@5': 0.07738246204331517, 'Recall*@10': 0.18548986494541167, 'NDCG*@10': 0.1080399464815855, 'MRR*@10': 0.08432709116488696, 'Recall*@5': 0.1330743244290352, 'NDCG*@5': 0.09114109475165605, 'MRR*@5': 0.07738246204331517}
INFO    [02-25 12:38:43] train in BasicTrainer:
duration: 7.620518684387207s
INFO    [02-25 12:38:43] train in BasicTrainer:
epoch: 56
INFO    [02-25 12:38:48] _train_one_epoch in BasicTrainer:
loss = 4.0980544343235
INFO    [02-25 12:38:50] validate in BasicTrainer:
{'Recall@10': 0.18642736494541168, 'NDCG@10': 0.10957362033426761, 'MRR@10': 0.08619000479578971, 'Recall@5': 0.1301182433962822, 'NDCG@5': 0.09152093503624201, 'MRR@5': 0.07883136410266162, 'Recall*@10': 0.18642736494541168, 'NDCG*@10': 0.10957362033426761, 'MRR*@10': 0.08619000479578971, 'Recall*@5': 0.1301182433962822, 'NDCG*@5': 0.09152093503624201, 'MRR*@5': 0.07883136410266162}
INFO    [02-25 12:38:50] train in BasicTrainer:
duration: 7.766205787658691s
INFO    [02-25 12:38:50] train in BasicTrainer:
epoch: 57
INFO    [02-25 12:38:56] _train_one_epoch in BasicTrainer:
loss = 4.081677791926841
INFO    [02-25 12:38:58] validate in BasicTrainer:
{'Recall@10': 0.18673986494541167, 'NDCG@10': 0.10988761112093925, 'MRR@10': 0.0865071764215827, 'Recall@5': 0.1306587839126587, 'NDCG@5': 0.09165351139381528, 'MRR@5': 0.07892483180854469, 'Recall*@10': 0.18673986494541167, 'NDCG*@10': 0.10988761112093925, 'MRR*@10': 0.0865071764215827, 'Recall*@5': 0.1306587839126587, 'NDCG*@5': 0.09165351139381528, 'MRR*@5': 0.07892483180854469}
INFO    [02-25 12:38:58] train in BasicTrainer:
duration: 7.567927837371826s
INFO    [02-25 12:38:58] train in BasicTrainer:
epoch: 58
INFO    [02-25 12:39:03] _train_one_epoch in BasicTrainer:
loss = 4.065797184127079
INFO    [02-25 12:39:06] validate in BasicTrainer:
{'Recall@10': 0.18463682442903517, 'NDCG@10': 0.10995055928826332, 'MRR@10': 0.08726971854455769, 'Recall@5': 0.1248902028799057, 'NDCG@5': 0.090566738396883, 'MRR@5': 0.07923310931771993, 'Recall*@10': 0.18463682442903517, 'NDCG*@10': 0.10995055928826332, 'MRR*@10': 0.08726971854455769, 'Recall*@5': 0.1248902028799057, 'NDCG*@5': 0.090566738396883, 'MRR*@5': 0.07923310931771993}
INFO    [02-25 12:39:06] train in BasicTrainer:
duration: 8.052928924560547s
INFO    [02-25 12:39:06] train in BasicTrainer:
epoch: 59
INFO    [02-25 12:39:12] _train_one_epoch in BasicTrainer:
loss = 4.048572508662702
INFO    [02-25 12:39:14] validate in BasicTrainer:
{'Recall@10': 0.1865118244290352, 'NDCG@10': 0.10877142928540706, 'MRR@10': 0.08505568455904722, 'Recall@5': 0.1326182433962822, 'NDCG@5': 0.09155723422765732, 'MRR@5': 0.07807882986962796, 'Recall*@10': 0.1865118244290352, 'NDCG*@10': 0.10877142928540706, 'MRR*@10': 0.08505568455904722, 'Recall*@5': 0.1326182433962822, 'NDCG*@5': 0.09155723422765732, 'MRR*@5': 0.07807882986962796}
INFO    [02-25 12:39:14] train in BasicTrainer:
duration: 7.677329778671265s
INFO    [02-25 12:39:14] train in BasicTrainer:
epoch: 60
INFO    [02-25 12:39:19] _train_one_epoch in BasicTrainer:
loss = 4.040309433595572
INFO    [02-25 12:39:22] validate in BasicTrainer:
{'Recall@10': 0.1911993244290352, 'NDCG@10': 0.10910560965538024, 'MRR@10': 0.08424220848828554, 'Recall@5': 0.1273057433962822, 'NDCG@5': 0.08864583838731051, 'MRR@5': 0.07591455735266209, 'Recall*@10': 0.1911993244290352, 'NDCG*@10': 0.10910560965538024, 'MRR*@10': 0.08424220848828554, 'Recall*@5': 0.1273057433962822, 'NDCG*@5': 0.08864583838731051, 'MRR*@5': 0.07591455735266209}
INFO    [02-25 12:39:22] train in BasicTrainer:
duration: 8.00513768196106s
INFO    [02-25 12:39:22] train in BasicTrainer:
epoch: 61
INFO    [02-25 12:39:27] _train_one_epoch in BasicTrainer:
loss = 4.0195761713488345
INFO    [02-25 12:39:29] validate in BasicTrainer:
{'Recall@10': 0.18276182442903519, 'NDCG@10': 0.10786911960691213, 'MRR@10': 0.08508669625967741, 'Recall@5': 0.1265118244290352, 'NDCG@5': 0.08962228499352932, 'MRR@5': 0.07752407288178802, 'Recall*@10': 0.18276182442903519, 'NDCG*@10': 0.10786911960691213, 'MRR*@10': 0.08508669625967741, 'Recall*@5': 0.1265118244290352, 'NDCG*@5': 0.08962228499352932, 'MRR*@5': 0.07752407288178802}
INFO    [02-25 12:39:29] train in BasicTrainer:
duration: 7.599234580993652s
INFO    [02-25 12:39:29] train in BasicTrainer:
epoch: 62
INFO    [02-25 12:39:35] _train_one_epoch in BasicTrainer:
loss = 4.005003374198387
INFO    [02-25 12:39:37] validate in BasicTrainer:
{'Recall@10': 0.18392736494541168, 'NDCG@10': 0.10900114960968495, 'MRR@10': 0.08610455684363842, 'Recall@5': 0.1278462839126587, 'NDCG@5': 0.09083107955753804, 'MRR@5': 0.07858037862926721, 'Recall*@10': 0.18392736494541168, 'NDCG*@10': 0.10900114960968495, 'MRR*@10': 0.08610455684363842, 'Recall*@5': 0.1278462839126587, 'NDCG*@5': 0.09083107955753804, 'MRR*@5': 0.07858037862926721}
INFO    [02-25 12:39:37] train in BasicTrainer:
duration: 7.974305868148804s
INFO    [02-25 12:39:37] train in BasicTrainer:
epoch: 63
INFO    [02-25 12:39:43] _train_one_epoch in BasicTrainer:
loss = 3.9875186150523017
INFO    [02-25 12:39:45] validate in BasicTrainer:
{'Recall@10': 0.18423986494541167, 'NDCG@10': 0.10681471668183803, 'MRR@10': 0.0832035656273365, 'Recall@5': 0.12807432442903519, 'NDCG@5': 0.08863780438899994, 'MRR@5': 0.07569397673010826, 'Recall*@10': 0.18423986494541167, 'NDCG*@10': 0.10681471668183803, 'MRR*@10': 0.0832035656273365, 'Recall*@5': 0.12807432442903519, 'NDCG*@5': 0.08863780438899994, 'MRR*@5': 0.07569397673010826}
INFO    [02-25 12:39:45] train in BasicTrainer:
duration: 7.864713907241821s
INFO    [02-25 12:39:45] train in BasicTrainer:
epoch: 64
INFO    [02-25 12:39:51] _train_one_epoch in BasicTrainer:
loss = 3.968425727333251
INFO    [02-25 12:39:53] validate in BasicTrainer:
{'Recall@10': 0.1811993244290352, 'NDCG@10': 0.10817112565040589, 'MRR@10': 0.08601200275123119, 'Recall@5': 0.1285557433962822, 'NDCG@5': 0.09130239240825176, 'MRR@5': 0.07914189301431179, 'Recall*@10': 0.1811993244290352, 'NDCG*@10': 0.10817112565040589, 'MRR*@10': 0.08601200275123119, 'Recall*@5': 0.1285557433962822, 'NDCG*@5': 0.09130239240825176, 'MRR*@5': 0.07914189301431179}
INFO    [02-25 12:39:53] train in BasicTrainer:
duration: 8.107876300811768s
INFO    [02-25 12:39:53] train in BasicTrainer:
epoch: 65
INFO    [02-25 12:39:59] _train_one_epoch in BasicTrainer:
loss = 3.951847711671885
INFO    [02-25 12:40:01] validate in BasicTrainer:
{'Recall@10': 0.1820523649454117, 'NDCG@10': 0.11011035695672035, 'MRR@10': 0.08810076303780079, 'Recall@5': 0.13244932442903518, 'NDCG@5': 0.09403271801769733, 'MRR@5': 0.08144172428175807, 'Recall*@10': 0.1820523649454117, 'NDCG*@10': 0.11011035695672035, 'MRR*@10': 0.08810076303780079, 'Recall*@5': 0.13244932442903518, 'NDCG*@5': 0.09403271801769733, 'MRR*@5': 0.08144172428175807}
INFO    [02-25 12:40:01] train in BasicTrainer:
duration: 7.937574148178101s
INFO    [02-25 12:40:01] train in BasicTrainer:
epoch: 66
INFO    [02-25 12:40:07] _train_one_epoch in BasicTrainer:
loss = 3.9510348813919554
INFO    [02-25 12:40:09] validate in BasicTrainer:
{'Recall@10': 0.18463682442903517, 'NDCG@10': 0.11108976040035486, 'MRR@10': 0.08868153870105744, 'Recall@5': 0.1298057433962822, 'NDCG@5': 0.0934715649113059, 'MRR@5': 0.08147663410753012, 'Recall*@10': 0.18463682442903517, 'NDCG*@10': 0.11108976040035486, 'MRR*@10': 0.08868153870105744, 'Recall*@5': 0.1298057433962822, 'NDCG*@5': 0.0934715649113059, 'MRR*@5': 0.08147663410753012}
INFO    [02-25 12:40:09] train in BasicTrainer:
duration: 8.145620584487915s
INFO    [02-25 12:40:09] train in BasicTrainer:
epoch: 67
INFO    [02-25 12:40:15] _train_one_epoch in BasicTrainer:
loss = 3.9291646860006315
INFO    [02-25 12:40:17] validate in BasicTrainer:
{'Recall@10': 0.1783868244290352, 'NDCG@10': 0.110212392359972, 'MRR@10': 0.08931403674185276, 'Recall@5': 0.13159628391265868, 'NDCG@5': 0.09511814411729574, 'MRR@5': 0.08311134770512581, 'Recall*@10': 0.1783868244290352, 'NDCG*@10': 0.110212392359972, 'MRR*@10': 0.08931403674185276, 'Recall*@5': 0.13159628391265868, 'NDCG*@5': 0.09511814411729574, 'MRR*@5': 0.08311134770512581}
INFO    [02-25 12:40:17] train in BasicTrainer:
duration: 7.8889384269714355s
INFO    [02-25 12:40:17] train in BasicTrainer:
epoch: 68
INFO    [02-25 12:40:23] _train_one_epoch in BasicTrainer:
loss = 3.9158307835657338
INFO    [02-25 12:40:25] validate in BasicTrainer:
{'Recall@10': 0.18588682442903517, 'NDCG@10': 0.11154234535992145, 'MRR@10': 0.08875105768442154, 'Recall@5': 0.13534628391265868, 'NDCG@5': 0.09529149949550629, 'MRR@5': 0.08209755213931202, 'Recall*@10': 0.18588682442903517, 'NDCG*@10': 0.11154234535992145, 'MRR*@10': 0.08875105768442154, 'Recall*@5': 0.13534628391265868, 'NDCG*@5': 0.09529149949550629, 'MRR*@5': 0.08209755213931202}
INFO    [02-25 12:40:25] train in BasicTrainer:
duration: 8.192743301391602s
INFO    [02-25 12:40:25] train in BasicTrainer:
epoch: 69
INFO    [02-25 12:40:31] _train_one_epoch in BasicTrainer:
loss = 3.91102030770532
INFO    [02-25 12:40:33] log in loggers:
Update Best NDCG@10 Model at 69
INFO    [02-25 12:40:33] validate in BasicTrainer:
{'Recall@10': 0.18673986494541167, 'NDCG@10': 0.11198340699076653, 'MRR@10': 0.08917747285217047, 'Recall@5': 0.1338682433962822, 'NDCG@5': 0.09509451165795327, 'MRR@5': 0.0823267192672938, 'Recall*@10': 0.18673986494541167, 'NDCG*@10': 0.11198340699076653, 'MRR*@10': 0.08917747285217047, 'Recall*@5': 0.1338682433962822, 'NDCG*@5': 0.09509451165795327, 'MRR*@5': 0.0823267192672938}
INFO    [02-25 12:40:33] train in BasicTrainer:
duration: 8.127884149551392s
INFO    [02-25 12:40:33] train in BasicTrainer:
epoch: 70
INFO    [02-25 12:40:39] _train_one_epoch in BasicTrainer:
loss = 3.9032513285821566
INFO    [02-25 12:40:42] validate in BasicTrainer:
{'Recall@10': 0.1833868244290352, 'NDCG@10': 0.11030666455626488, 'MRR@10': 0.08793687907978892, 'Recall@5': 0.13324324339628218, 'NDCG@5': 0.09418132232502102, 'MRR@5': 0.08133263142779469, 'Recall*@10': 0.1833868244290352, 'NDCG*@10': 0.11030666455626488, 'MRR*@10': 0.08793687907978892, 'Recall*@5': 0.13324324339628218, 'NDCG*@5': 0.09418132232502102, 'MRR*@5': 0.08133263142779469}
INFO    [02-25 12:40:42] train in BasicTrainer:
duration: 8.246286869049072s
INFO    [02-25 12:40:42] train in BasicTrainer:
epoch: 71
INFO    [02-25 12:40:47] _train_one_epoch in BasicTrainer:
loss = 3.8870779298028517
INFO    [02-25 12:40:50] validate in BasicTrainer:
{'Recall@10': 0.1824493244290352, 'NDCG@10': 0.10881339259445667, 'MRR@10': 0.08636278141289949, 'Recall@5': 0.1319087839126587, 'NDCG@5': 0.09262906312942505, 'MRR@5': 0.0797756204009056, 'Recall*@10': 0.1824493244290352, 'NDCG*@10': 0.10881339259445667, 'MRR*@10': 0.08636278141289949, 'Recall*@5': 0.1319087839126587, 'NDCG*@5': 0.09262906312942505, 'MRR*@5': 0.0797756204009056}
INFO    [02-25 12:40:50] train in BasicTrainer:
duration: 8.240868091583252s
INFO    [02-25 12:40:50] train in BasicTrainer:
epoch: 72
INFO    [02-25 12:40:55] _train_one_epoch in BasicTrainer:
loss = 3.872654446240129
INFO    [02-25 12:40:57] validate in BasicTrainer:
{'Recall@10': 0.1819679057598114, 'NDCG@10': 0.11020697563886643, 'MRR@10': 0.0880906667932868, 'Recall@5': 0.13455236494541167, 'NDCG@5': 0.09474960565567017, 'MRR@5': 0.08163921859115363, 'Recall*@10': 0.1819679057598114, 'NDCG*@10': 0.11020697563886643, 'MRR*@10': 0.0880906667932868, 'Recall*@5': 0.13455236494541167, 'NDCG*@5': 0.09474960565567017, 'MRR*@5': 0.08163921859115363}
INFO    [02-25 12:40:57] train in BasicTrainer:
duration: 7.544405221939087s
INFO    [02-25 12:40:57] train in BasicTrainer:
epoch: 73
INFO    [02-25 12:41:03] _train_one_epoch in BasicTrainer:
loss = 3.865977519386959
INFO    [02-25 12:41:06] validate in BasicTrainer:
{'Recall@10': 0.18267736494541167, 'NDCG@10': 0.10765402846038341, 'MRR@10': 0.08482768756803125, 'Recall@5': 0.1269087839126587, 'NDCG@5': 0.08974590990692377, 'MRR@5': 0.07750900994986296, 'Recall*@10': 0.18267736494541167, 'NDCG*@10': 0.10765402846038341, 'MRR*@10': 0.08482768756803125, 'Recall*@5': 0.1269087839126587, 'NDCG*@5': 0.08974590990692377, 'MRR*@5': 0.07750900994986296}
INFO    [02-25 12:41:06] train in BasicTrainer:
duration: 8.088746547698975s
INFO    [02-25 12:41:06] train in BasicTrainer:
epoch: 74
INFO    [02-25 12:41:11] _train_one_epoch in BasicTrainer:
loss = 3.8534972952278603
INFO    [02-25 12:41:14] validate in BasicTrainer:
{'Recall@10': 0.18111486494541168, 'NDCG@10': 0.10922732025384903, 'MRR@10': 0.08721118025481701, 'Recall@5': 0.12994932442903517, 'NDCG@5': 0.09271640388295055, 'MRR@5': 0.08041779406368732, 'Recall*@10': 0.18111486494541168, 'NDCG*@10': 0.10922732025384903, 'MRR*@10': 0.08721118025481701, 'Recall*@5': 0.12994932442903517, 'NDCG*@5': 0.09271640388295055, 'MRR*@5': 0.08041779406368732}
INFO    [02-25 12:41:14] train in BasicTrainer:
duration: 8.286675930023193s
INFO    [02-25 12:41:14] train in BasicTrainer:
epoch: 75
INFO    [02-25 12:41:19] _train_one_epoch in BasicTrainer:
loss = 3.833680797002676
INFO    [02-25 12:41:21] validate in BasicTrainer:
{'Recall@10': 0.1847804057598114, 'NDCG@10': 0.10993149813264608, 'MRR@10': 0.08718484967947006, 'Recall@5': 0.12753378391265868, 'NDCG@5': 0.09141693744808435, 'MRR@5': 0.07954265372827649, 'Recall*@10': 0.1847804057598114, 'NDCG*@10': 0.10993149813264608, 'MRR*@10': 0.08718484967947006, 'Recall*@5': 0.12753378391265868, 'NDCG*@5': 0.09141693744808435, 'MRR*@5': 0.07954265372827649}
INFO    [02-25 12:41:21] train in BasicTrainer:
duration: 7.673803091049194s
INFO    [02-25 12:41:21] train in BasicTrainer:
epoch: 76
INFO    [02-25 12:41:27] _train_one_epoch in BasicTrainer:
loss = 3.833300988933452
INFO    [02-25 12:41:30] validate in BasicTrainer:
{'Recall@10': 0.18111486494541168, 'NDCG@10': 0.10970807939767838, 'MRR@10': 0.08801392680034041, 'Recall@5': 0.1272212839126587, 'NDCG@5': 0.092277656737715, 'MRR@5': 0.08081869522109628, 'Recall*@10': 0.18111486494541168, 'NDCG*@10': 0.10970807939767838, 'MRR*@10': 0.08801392680034041, 'Recall*@5': 0.1272212839126587, 'NDCG*@5': 0.092277656737715, 'MRR*@5': 0.08081869522109628}
INFO    [02-25 12:41:30] train in BasicTrainer:
duration: 8.09543251991272s
INFO    [02-25 12:41:30] train in BasicTrainer:
epoch: 77
INFO    [02-25 12:41:35] _train_one_epoch in BasicTrainer:
loss = 3.8077357808221874
INFO    [02-25 12:41:38] validate in BasicTrainer:
{'Recall@10': 0.1824493244290352, 'NDCG@10': 0.10887509189546109, 'MRR@10': 0.08651108138263225, 'Recall@5': 0.1269932433962822, 'NDCG@5': 0.09093836575746536, 'MRR@5': 0.07910642018541694, 'Recall*@10': 0.1824493244290352, 'NDCG*@10': 0.10887509189546109, 'MRR*@10': 0.08651108138263225, 'Recall*@5': 0.1269932433962822, 'NDCG*@5': 0.09093836575746536, 'MRR*@5': 0.07910642018541694}
INFO    [02-25 12:41:38] train in BasicTrainer:
duration: 8.208945512771606s
INFO    [02-25 12:41:38] train in BasicTrainer:
epoch: 78
INFO    [02-25 12:41:43] _train_one_epoch in BasicTrainer:
loss = 3.798059423026735
INFO    [02-25 12:41:46] validate in BasicTrainer:
{'Recall@10': 0.17986486494541168, 'NDCG@10': 0.10973526559770107, 'MRR@10': 0.08822630867362022, 'Recall@5': 0.1331587839126587, 'NDCG@5': 0.09467272479087115, 'MRR@5': 0.08203364379703998, 'Recall*@10': 0.17986486494541168, 'NDCG*@10': 0.10973526559770107, 'MRR*@10': 0.08822630867362022, 'Recall*@5': 0.1331587839126587, 'NDCG*@5': 0.09467272479087115, 'MRR*@5': 0.08203364379703998}
INFO    [02-25 12:41:46] train in BasicTrainer:
duration: 7.882190227508545s
INFO    [02-25 12:41:46] train in BasicTrainer:
epoch: 79
INFO    [02-25 12:41:51] _train_one_epoch in BasicTrainer:
loss = 3.7888907292161127
INFO    [02-25 12:41:54] validate in BasicTrainer:
{'Recall@10': 0.1845523649454117, 'NDCG@10': 0.1114004397392273, 'MRR@10': 0.08912100717425346, 'Recall@5': 0.1309712839126587, 'NDCG@5': 0.0939669916778803, 'MRR@5': 0.08186711829155684, 'Recall*@10': 0.1845523649454117, 'NDCG*@10': 0.1114004397392273, 'MRR*@10': 0.08912100717425346, 'Recall*@5': 0.1309712839126587, 'NDCG*@5': 0.0939669916778803, 'MRR*@5': 0.08186711829155684}
INFO    [02-25 12:41:54] train in BasicTrainer:
duration: 7.9741926193237305s
INFO    [02-25 12:41:54] close_training in BasicTrainer:
finished training
INFO    [02-25 12:41:54] final_validate in BasicTrainer:
validate model on val set!
INFO    [02-25 12:41:54] load_state_from_given_path in utils:
checkpoint epoch: 69
INFO    [02-25 12:41:54] load_state_from_given_path in utils:
Loading model's parameters
INFO    [02-25 12:41:56] validate in BasicTrainer:
{'Recall@10': 0.18673986494541167, 'NDCG@10': 0.11198340699076653, 'MRR@10': 0.08917747285217047, 'Recall@5': 0.1338682433962822, 'NDCG@5': 0.09509451165795327, 'MRR@5': 0.0823267192672938, 'Recall*@10': 0.18673986494541167, 'NDCG*@10': 0.11198340699076653, 'MRR*@10': 0.08917747285217047, 'Recall*@5': 0.1338682433962822, 'NDCG*@5': 0.09509451165795327, 'MRR*@5': 0.0823267192672938}
INFO    [02-25 12:41:56] test in BasicTrainer:
Test model on test set!
INFO    [02-25 12:41:56] test_with_given_state_path in BasicTrainer:
Loading model params from ___lfms_base_2021/base_gru4rec_02-25_12:31_0/gru4rec_logs/checkpoint/best_acc_model.pth.
INFO    [02-25 12:41:56] load_state_from_given_path in utils:
checkpoint epoch: 69
INFO    [02-25 12:41:56] load_state_from_given_path in utils:
Loading model's parameters
INFO    [02-25 12:41:56] test_with_given_state_path in BasicTrainer:
Finished loading. Start testing.
INFO    [02-25 12:41:59] test_with_given_state_path in BasicTrainer:
{'Recall@10': 0.1649746622145176, 'NDCG@10': 0.09876888260245323, 'MRR@10': 0.07857789106667042, 'Recall@5': 0.1154560811072588, 'NDCG@5': 0.08275169428437948, 'MRR@5': 0.07196241702884436, 'Recall*@10': 0.1649746622145176, 'NDCG*@10': 0.09876888260245323, 'MRR*@10': 0.07857789106667042, 'Recall*@5': 0.1154560811072588, 'NDCG*@5': 0.08275169428437948, 'MRR*@5': 0.07196241702884436}
INFO    [02-25 12:41:59] _evaluate in BasicSched:
!!Final Result!!: {'Recall@10': 0.1649746622145176, 'NDCG@10': 0.09876888260245323, 'MRR@10': 0.07857789106667042, 'Recall@5': 0.1154560811072588, 'NDCG@5': 0.08275169428437948, 'MRR@5': 0.07196241702884436, 'Recall*@10': 0.1649746622145176, 'NDCG*@10': 0.09876888260245323, 'MRR*@10': 0.07857789106667042, 'Recall*@5': 0.1154560811072588, 'NDCG*@5': 0.08275169428437948, 'MRR*@5': 0.07196241702884436}
