INFO    [05-07 00:11:23] setup_train in utils:
{
    "experiment_dir": "___el_soft_2020",
    "experiment_description": "pop",
    "describe": "{config[model_code]}-T-{config[T]}-al-{config[alpha]}",
    "dataset_name": "electronics.csv",
    "sched": "distill",
    "model_code": "narm",
    "mentor_code": "pop",
    "training_routine": "student",
    "softmaxed_mentor": false,
    "alpha": 0.25,
    "T": 3,
    "num_epochs": 60,
    "mode": [
        "train",
        "test"
    ],
    "max_len": 10,
    "test_state_path": null,
    "model_state_path": null,
    "mentor_state_path": null,
    "rand_seed": 2020,
    "load_processed_dataset": true,
    "save_processed_dataset": false,
    "dataset_cache_filename": null,
    "do_remap": false,
    "weight_decay": 0,
    "decay_step": 15,
    "gamma": 0.99,
    "lr": 0.001,
    "min_length": 5,
    "min_item_inter": 5,
    "good_only": false,
    "use_rating": true,
    "test_negative_sampler_code": "random",
    "test_negative_sample_size": 0,
    "dataloader_type": "next",
    "train_batch_size": 4096,
    "val_batch_size": 4096,
    "test_batch_size": 4096,
    "prop_sliding_window": -1.0,
    "worker_number": 2,
    "metric_ks": [
        5,
        10
    ],
    "device": "cuda",
    "num_gpu": 1,
    "optimizer": "Adam",
    "best_metric": "NDCG@10",
    "show_process_bar": false,
    "enable_sample": false,
    "samples_ratio": 0.1,
    "config_file": "config2.electronics/narm/config_distill.json",
    "task_id": -1,
    "split": "leave_one_out",
    "do_sampling": false,
    "path_for_sample": null,
    "sample_rate": 0.5,
    "sample_seed": 0,
    "train_negative_sampler_code": "random",
    "train_negative_sample_size": 100,
    "device_idx": "0",
    "momentum": null,
    "log_period_as_iter": 12800,
    "dvae_alpha": 0.5,
    "weight_list": [
        0.5,
        0.5
    ],
    "validation_rate": 0.2,
    "num_items": null,
    "start_index": 1,
    "kwargs": null
}
DEBUG   [05-07 00:11:23] __init__ in DistillSched:
DistillScheduler attribs: teacher tag=teacher_pop, student tag=student_narm
INFO    [05-07 00:11:23] _load_full_dataset_from_path in utils:
loading cache from /data01/wushiguang-slurm/Codes/soft-rec/Data/Cache/electronics-5-5.pkl
INFO    [05-07 00:11:25] _check_dataset_cache in utils:
check if the cache is generated under this configuration
INFO    [05-07 00:11:25] _check_dataset_cache in utils:
correct.
INFO    [05-07 00:11:25] __init__ in NextItemDataloader:
there are 29351 items in this dataset, 102187 users, padding_first? False
DEBUG   [05-07 00:11:39] generate_model in utils:
model_code_list=['pop']
INFO    [05-07 00:11:39] load_model_config in utils:
loading model pop's config file at asset/config/model/pop.json
INFO    [05-07 00:11:39] load_model_config in utils:
{}
WARNING [05-07 00:11:48] get_exist_path in utils:
dir ___el_soft_2020/pop_narm-T-3-al-0.25_05-07_00:11_0/teacher_pop_logs does not exist! Create one.
WARNING [05-07 00:11:48] get_exist_path in utils:
dir ___el_soft_2020/pop_narm-T-3-al-0.25_05-07_00:11_0/teacher_pop_logs/tb_vis does not exist! Create one.
WARNING [05-07 00:11:48] get_exist_path in utils:
dir ___el_soft_2020/pop_narm-T-3-al-0.25_05-07_00:11_0/teacher_pop_logs/checkpoint does not exist! Create one.
WARNING [05-07 00:11:48] get_path in utils:
Path is None
WARNING [05-07 00:11:48] load_state_from_given_path in utils:
Not given any path.
DEBUG   [05-07 00:11:48] __init__ in DistillSched:
teacher model: 
POPModel(
  (fake_parameter): Linear(in_features=1, out_features=1, bias=False)
)
INFO    [05-07 00:11:48] assert_model_device in utils:
model teacher_pop has 3.814697265625e-06 MB params.
INFO    [05-07 00:11:48] __init__ in BasicTrainer:
454656 iter per epoch
DEBUG   [05-07 00:11:48] generate_model in utils:
model_code_list=['narm']
INFO    [05-07 00:11:48] load_model_config in utils:
loading model narm's config file at asset/config/model/narm.json
INFO    [05-07 00:11:48] load_model_config in utils:
{
    "embedding_size": 64,
    "hidden_size": 128,
    "n_layers": 1,
    "dropout_probs": [
        0.25,
        0.5
    ]
}
WARNING [05-07 00:11:53] get_exist_path in utils:
dir ___el_soft_2020/pop_narm-T-3-al-0.25_05-07_00:11_0/student_narm_logs does not exist! Create one.
WARNING [05-07 00:11:53] get_exist_path in utils:
dir ___el_soft_2020/pop_narm-T-3-al-0.25_05-07_00:11_0/student_narm_logs/tb_vis does not exist! Create one.
WARNING [05-07 00:11:53] get_exist_path in utils:
dir ___el_soft_2020/pop_narm-T-3-al-0.25_05-07_00:11_0/student_narm_logs/checkpoint does not exist! Create one.
WARNING [05-07 00:11:53] get_path in utils:
Path is None
WARNING [05-07 00:11:53] load_state_from_given_path in utils:
Not given any path.
DEBUG   [05-07 00:11:53] __init__ in DistillSched:
student model: 
NARM(
  (item_embedding): Embedding(29352, 64, padding_idx=0)
  (emb_dropout): Dropout(p=0.25, inplace=False)
  (gru): GRU(64, 128, bias=False, batch_first=True)
  (a_1): Linear(in_features=128, out_features=128, bias=False)
  (a_2): Linear(in_features=128, out_features=128, bias=False)
  (v_t): Linear(in_features=128, out_features=1, bias=False)
  (ct_dropout): Dropout(p=0.5, inplace=False)
  (b): Linear(in_features=256, out_features=64, bias=False)
  (loss_fct): CrossEntropyLoss()
)
INFO    [05-07 00:11:53] assert_model_device in utils:
model student_narm has 7.63525390625 MB params.
INFO    [05-07 00:11:53] assert_model_device in utils:
model teacher_pop has 3.814697265625e-06 MB params.
INFO    [05-07 00:11:53] __init__ in DistillTrainer:
454656 iter per epoch
INFO    [05-07 00:11:53] _set_current_routine in Routine:
first routine: student
INFO    [05-07 00:11:53] run_routine in Routine:
Start routine student
INFO    [05-07 00:11:53] run_routine in Routine:
Start training
INFO    [05-07 00:11:53] train in DistillTrainer:
Test mentor model: teacher_pop
INFO    [05-07 00:12:43] test_mentor in DistillTrainer:
{'Recall@10': 0.04048062071204186, 'NDCG@10': 0.02167647883296013, 'MRR@10': 0.015917981527745723, 'Recall@5': 0.028058579713106154, 'NDCG@5': 0.017639418356120585, 'MRR@5': 0.014240672662854195, 'Recall*@10': 0.043127909898757935, 'NDCG*@10': 0.023359048739075662, 'MRR*@10': 0.017322874814271926, 'Recall*@5': 0.029491848796606063, 'NDCG*@5': 0.018924577198922633, 'MRR*@5': 0.015478770807385444}
INFO    [05-07 00:12:43] train in DistillTrainer:
result:
{'Recall@10': 0.04048062071204186, 'NDCG@10': 0.02167647883296013, 'MRR@10': 0.015917981527745723, 'Recall@5': 0.028058579713106154, 'NDCG@5': 0.017639418356120585, 'MRR@5': 0.014240672662854195, 'Recall*@10': 0.043127909898757935, 'NDCG*@10': 0.023359048739075662, 'MRR*@10': 0.017322874814271926, 'Recall*@5': 0.029491848796606063, 'NDCG*@5': 0.018924577198922633, 'MRR*@5': 0.015478770807385444}
INFO    [05-07 00:13:22] log in loggers:
Update Best NDCG@10 Model at 0
INFO    [05-07 00:13:22] validate in BasicTrainer:
{'Recall@10': 0.0002837388135958463, 'NDCG@10': 0.00013340997218620033, 'MRR@10': 8.925486356019973e-05, 'Recall@5': 0.00015625, 'NDCG@5': 9.368733793962747e-05, 'MRR@5': 7.373046857537701e-05, 'Recall*@10': 0.00030074001871980725, 'NDCG*@10': 0.00014071912941290065, 'MRR*@10': 9.324102924438194e-05, 'Recall*@5': 0.00018031738349236548, 'NDCG*@5': 0.00010321071604266763, 'MRR*@5': 7.861096557462588e-05}
INFO    [05-07 00:13:22] train in BasicTrainer:
epoch: 0
DEBUG   [05-07 00:13:24] calculate_loss in loss:
soft_target max: 0.5004648566246033, argmax 3933
DEBUG   [05-07 00:13:24] calculate_loss in loss:
pred max in softmax: 3.4168839192716405e-05, argmax 106902508
INFO    [05-07 00:13:48] _train_one_epoch in BasicTrainer:
loss = 8.559964893100497
INFO    [05-07 00:14:29] log in loggers:
Update Best NDCG@10 Model at 0
INFO    [05-07 00:14:30] validate in BasicTrainer:
{'Recall@10': 0.03432679310441017, 'NDCG@10': 0.0175686739012599, 'MRR@10': 0.012476634308695793, 'Recall@5': 0.02190796621143818, 'NDCG@5': 0.013573407903313637, 'MRR@5': 0.010839516818523407, 'Recall*@10': 0.03743917383253574, 'NDCG*@10': 0.019531472697854043, 'MRR*@10': 0.01408857699483633, 'Recall*@5': 0.02394436649978161, 'NDCG*@5': 0.015203700214624406, 'MRR*@5': 0.012323374301195145}
INFO    [05-07 00:14:30] train in BasicTrainer:
duration: 67.26108765602112s
INFO    [05-07 00:14:30] train in BasicTrainer:
epoch: 1
INFO    [05-07 00:14:56] _train_one_epoch in BasicTrainer:
loss = 8.178147582320479
INFO    [05-07 00:15:36] log in loggers:
Update Best NDCG@10 Model at 1
INFO    [05-07 00:15:36] validate in BasicTrainer:
{'Recall@10': 0.03678826630115509, 'NDCG@10': 0.01976374886929989, 'MRR@10': 0.014627236165106297, 'Recall@5': 0.023500298783183098, 'NDCG@5': 0.015509211830794812, 'MRR@5': 0.012895529232919216, 'Recall*@10': 0.039769460558891294, 'NDCG*@10': 0.021640032008290292, 'MRR*@10': 0.016167988255620002, 'Recall*@5': 0.025617513805627823, 'NDCG*@5': 0.017118119858205317, 'MRR*@5': 0.014332967549562455}
INFO    [05-07 00:15:36] train in BasicTrainer:
duration: 66.59985136985779s
INFO    [05-07 00:15:36] train in BasicTrainer:
epoch: 2
INFO    [05-07 00:16:03] _train_one_epoch in BasicTrainer:
loss = 8.089088646141258
INFO    [05-07 00:16:45] log in loggers:
Update Best NDCG@10 Model at 2
INFO    [05-07 00:16:45] validate in BasicTrainer:
{'Recall@10': 0.03717341110110283, 'NDCG@10': 0.02007926635444164, 'MRR@10': 0.014892611764371394, 'Recall@5': 0.024196336641907693, 'NDCG@5': 0.01590906746685505, 'MRR@5': 0.013186521530151367, 'Recall*@10': 0.04072510197758675, 'NDCG*@10': 0.022210474908351898, 'MRR*@10': 0.01659324739128351, 'Recall*@5': 0.026580707654356956, 'NDCG*@5': 0.01766394279897213, 'MRR*@5': 0.014732818901538849}
INFO    [05-07 00:16:45] train in BasicTrainer:
duration: 68.66390299797058s
INFO    [05-07 00:16:45] train in BasicTrainer:
epoch: 3
INFO    [05-07 00:17:12] _train_one_epoch in BasicTrainer:
loss = 7.951176080617818
INFO    [05-07 00:17:52] log in loggers:
Update Best NDCG@10 Model at 3
INFO    [05-07 00:17:52] validate in BasicTrainer:
{'Recall@10': 0.03952746242284775, 'NDCG@10': 0.021792967915534974, 'MRR@10': 0.016393571086227895, 'Recall@5': 0.026601894497871398, 'NDCG@5': 0.017646254599094392, 'MRR@5': 0.01470146469771862, 'Recall*@10': 0.042996902763843534, 'NDCG*@10': 0.023867484554648398, 'MRR*@10': 0.01804548092186451, 'Recall*@5': 0.0290694098174572, 'NDCG*@5': 0.019398315101861952, 'MRR*@5': 0.0162212435528636}
INFO    [05-07 00:17:52] train in BasicTrainer:
duration: 66.97692513465881s
INFO    [05-07 00:17:52] train in BasicTrainer:
epoch: 4
INFO    [05-07 00:18:19] _train_one_epoch in BasicTrainer:
loss = 7.868990799328229
INFO    [05-07 00:19:00] log in loggers:
Update Best NDCG@10 Model at 4
INFO    [05-07 00:19:00] validate in BasicTrainer:
{'Recall@10': 0.04224766314029694, 'NDCG@10': 0.02259323723614216, 'MRR@10': 0.01663542952388525, 'Recall@5': 0.027435722425580025, 'NDCG@5': 0.017840886302292348, 'MRR@5': 0.014695958569645881, 'Recall*@10': 0.04588776960968971, 'NDCG*@10': 0.024820461124181747, 'MRR*@10': 0.018424828164279462, 'Recall*@5': 0.030215501338243484, 'NDCG*@5': 0.019783343486487866, 'MRR*@5': 0.016363958157598973}
INFO    [05-07 00:19:00] train in BasicTrainer:
duration: 68.52975583076477s
INFO    [05-07 00:19:00] train in BasicTrainer:
epoch: 5
INFO    [05-07 00:19:28] _train_one_epoch in BasicTrainer:
loss = 7.79912721358978
INFO    [05-07 00:20:07] log in loggers:
Update Best NDCG@10 Model at 5
INFO    [05-07 00:20:08] validate in BasicTrainer:
{'Recall@10': 0.04572904676198959, 'NDCG@10': 0.02454777017235756, 'MRR@10': 0.018107409104704857, 'Recall@5': 0.030254115015268326, 'NDCG@5': 0.019586841836571695, 'MRR@5': 0.01608528718352318, 'Recall*@10': 0.049468345493078235, 'NDCG*@10': 0.026685058996081354, 'MRR*@10': 0.01975558839738369, 'Recall*@5': 0.032851088941097256, 'NDCG*@5': 0.021350114420056344, 'MRR*@5': 0.01757643099874258}
INFO    [05-07 00:20:08] train in BasicTrainer:
duration: 67.27218818664551s
INFO    [05-07 00:20:08] train in BasicTrainer:
epoch: 6
INFO    [05-07 00:20:35] _train_one_epoch in BasicTrainer:
loss = 7.7193726591161775
INFO    [05-07 00:21:16] log in loggers:
Update Best NDCG@10 Model at 6
INFO    [05-07 00:21:16] validate in BasicTrainer:
{'Recall@10': 0.04835909083485603, 'NDCG@10': 0.025997809991240503, 'MRR@10': 0.01921466864645481, 'Recall@5': 0.03139067739248276, 'NDCG@5': 0.020540545433759688, 'MRR@5': 0.01697985127568245, 'Recall*@10': 0.05222115457057953, 'NDCG*@10': 0.028129744976758957, 'MRR*@10': 0.020821534842252732, 'Recall*@5': 0.034075391069054606, 'NDCG*@5': 0.022299837097525598, 'MRR*@5': 0.018437666147947313}
INFO    [05-07 00:21:16] train in BasicTrainer:
duration: 68.1287100315094s
INFO    [05-07 00:21:16] train in BasicTrainer:
epoch: 7
INFO    [05-07 00:21:43] _train_one_epoch in BasicTrainer:
loss = 7.647834554448858
INFO    [05-07 00:22:22] log in loggers:
Update Best NDCG@10 Model at 7
INFO    [05-07 00:22:22] validate in BasicTrainer:
{'Recall@10': 0.049332851618528364, 'NDCG@10': 0.026657705307006837, 'MRR@10': 0.019768620580434798, 'Recall@5': 0.03262650296092033, 'NDCG@5': 0.021281947568058967, 'MRR@5': 0.017565558291971685, 'Recall*@10': 0.05337192550301552, 'NDCG*@10': 0.02873951494693756, 'MRR*@10': 0.021254798844456673, 'Recall*@5': 0.03526260294020176, 'NDCG*@5': 0.02291516974568367, 'MRR*@5': 0.018869630359113217}
INFO    [05-07 00:22:22] train in BasicTrainer:
duration: 66.38076710700989s
INFO    [05-07 00:22:22] train in BasicTrainer:
epoch: 8
INFO    [05-07 00:22:48] _train_one_epoch in BasicTrainer:
loss = 7.597411718454447
INFO    [05-07 00:23:29] log in loggers:
Update Best NDCG@10 Model at 8
INFO    [05-07 00:23:29] validate in BasicTrainer:
{'Recall@10': 0.0499557089805603, 'NDCG@10': 0.027157694920897483, 'MRR@10': 0.02022317409515381, 'Recall@5': 0.03351463913917541, 'NDCG@5': 0.02188478946685791, 'MRR@5': 0.018072830587625502, 'Recall*@10': 0.05396955117583275, 'NDCG*@10': 0.02939274102449417, 'MRR*@10': 0.021918918862938883, 'Recall*@5': 0.036125428453087804, 'NDCG*@5': 0.02366246476769447, 'MRR*@5': 0.019577778056263925}
INFO    [05-07 00:23:29] train in BasicTrainer:
duration: 67.0920021533966s
INFO    [05-07 00:23:29] train in BasicTrainer:
epoch: 9
DEBUG   [05-07 00:23:30] calculate_loss in loss:
soft_target max: 0.5004648566246033, argmax 3966453
DEBUG   [05-07 00:23:30] calculate_loss in loss:
pred max in softmax: 0.1177116110920906, argmax 113632143
DEBUG   [05-07 00:23:30] calculate_loss in loss:
soft_target max: 0.5004648566246033, argmax 2909781
DEBUG   [05-07 00:23:30] calculate_loss in loss:
pred max in softmax: 0.21165379881858826, argmax 104298207
INFO    [05-07 00:23:58] _train_one_epoch in BasicTrainer:
loss = 7.558595335161364
INFO    [05-07 00:24:37] log in loggers:
Update Best NDCG@10 Model at 9
INFO    [05-07 00:24:37] validate in BasicTrainer:
{'Recall@10': 0.05013964876532555, 'NDCG@10': 0.02728712558746338, 'MRR@10': 0.02034233130514622, 'Recall@5': 0.03317337796092033, 'NDCG@5': 0.021836040392518043, 'MRR@5': 0.01811323720961809, 'Recall*@10': 0.05449546948075294, 'NDCG*@10': 0.02967501200735569, 'MRR*@10': 0.022132708877325057, 'Recall*@5': 0.03602569729089737, 'NDCG*@5': 0.02373583510518074, 'MRR*@5': 0.019701038040220737}
INFO    [05-07 00:24:37] train in BasicTrainer:
duration: 68.13994407653809s
INFO    [05-07 00:24:37] train in BasicTrainer:
epoch: 10
INFO    [05-07 00:25:04] _train_one_epoch in BasicTrainer:
loss = 7.523537996652964
INFO    [05-07 00:25:45] log in loggers:
Update Best NDCG@10 Model at 10
INFO    [05-07 00:25:45] validate in BasicTrainer:
{'Recall@10': 0.05091702565550804, 'NDCG@10': 0.0279775632917881, 'MRR@10': 0.02100520744919777, 'Recall@5': 0.03414285331964493, 'NDCG@5': 0.02258552223443985, 'MRR@5': 0.018798783607780933, 'Recall*@10': 0.055416833758354184, 'NDCG*@10': 0.0303847399353981, 'MRR*@10': 0.022778705283999442, 'Recall*@5': 0.03705467022955418, 'NDCG*@5': 0.024480036050081252, 'MRR*@5': 0.020361213609576226}
INFO    [05-07 00:25:45] train in BasicTrainer:
duration: 68.01194024085999s
INFO    [05-07 00:25:45] train in BasicTrainer:
epoch: 11
INFO    [05-07 00:26:11] _train_one_epoch in BasicTrainer:
loss = 7.490165134807965
INFO    [05-07 00:26:50] validate in BasicTrainer:
{'Recall@10': 0.051719949692487714, 'NDCG@10': 0.02794797092676163, 'MRR@10': 0.020742674171924592, 'Recall@5': 0.03344895824790001, 'NDCG@5': 0.022057041078805923, 'MRR@5': 0.018321852833032608, 'Recall*@10': 0.05622288256883621, 'NDCG*@10': 0.030517602562904356, 'MRR*@10': 0.022728313952684404, 'Recall*@5': 0.03647939682006836, 'NDCG*@5': 0.02415414571762085, 'MRR*@5': 0.020114616379141807}
INFO    [05-07 00:26:50] train in BasicTrainer:
duration: 64.90714812278748s
INFO    [05-07 00:26:50] train in BasicTrainer:
epoch: 12
INFO    [05-07 00:27:16] _train_one_epoch in BasicTrainer:
loss = 7.454368737366822
INFO    [05-07 00:27:58] log in loggers:
Update Best NDCG@10 Model at 12
INFO    [05-07 00:27:58] validate in BasicTrainer:
{'Recall@10': 0.05238829761743546, 'NDCG@10': 0.028634070456027984, 'MRR@10': 0.021424230858683585, 'Recall@5': 0.03478792026638985, 'NDCG@5': 0.022986155822873115, 'MRR@5': 0.01911892883479595, 'Recall*@10': 0.0569608636200428, 'NDCG*@10': 0.0311518444865942, 'MRR*@10': 0.023318873196840288, 'Recall*@5': 0.037801883667707446, 'NDCG*@5': 0.024999761804938316, 'MRR*@5': 0.02080536223948002}
INFO    [05-07 00:27:58] train in BasicTrainer:
duration: 67.48367619514465s
INFO    [05-07 00:27:58] train in BasicTrainer:
epoch: 13
INFO    [05-07 00:28:25] _train_one_epoch in BasicTrainer:
loss = 7.415872298919402
INFO    [05-07 00:29:04] log in loggers:
Update Best NDCG@10 Model at 13
INFO    [05-07 00:29:05] validate in BasicTrainer:
{'Recall@10': 0.05301490470767021, 'NDCG@10': 0.028961006850004196, 'MRR@10': 0.021663475856184958, 'Recall@5': 0.03489855617284775, 'NDCG@5': 0.023138371035456656, 'MRR@5': 0.0192814489454031, 'Recall*@10': 0.05751640722155571, 'NDCG*@10': 0.031493575051426886, 'MRR*@10': 0.02359059117734432, 'Recall*@5': 0.0381759062409401, 'NDCG*@5': 0.025273361280560493, 'MRR*@5': 0.021043448001146315}
INFO    [05-07 00:29:05] train in BasicTrainer:
duration: 66.82325720787048s
INFO    [05-07 00:29:05] train in BasicTrainer:
epoch: 14
INFO    [05-07 00:29:33] _train_one_epoch in BasicTrainer:
loss = 7.375751753111143
INFO    [05-07 00:30:14] log in loggers:
Update Best NDCG@10 Model at 14
INFO    [05-07 00:30:14] validate in BasicTrainer:
{'Recall@10': 0.05338546276092529, 'NDCG@10': 0.029238858669996263, 'MRR@10': 0.021927177608013153, 'Recall@5': 0.03507380172610283, 'NDCG@5': 0.023351895809173583, 'MRR@5': 0.019517656564712525, 'Recall*@10': 0.05791479393839836, 'NDCG*@10': 0.03174134261906147, 'MRR*@10': 0.02380992166697979, 'Recall*@5': 0.038238909989595414, 'NDCG*@5': 0.025414150208234787, 'MRR*@5': 0.02121924251317978}
INFO    [05-07 00:30:14] train in BasicTrainer:
duration: 69.65543031692505s
INFO    [05-07 00:30:14] train in BasicTrainer:
epoch: 15
INFO    [05-07 00:30:42] _train_one_epoch in BasicTrainer:
loss = 7.336202883505607
INFO    [05-07 00:31:22] log in loggers:
Update Best NDCG@10 Model at 15
INFO    [05-07 00:31:22] validate in BasicTrainer:
{'Recall@10': 0.05319122165441513, 'NDCG@10': 0.029367041066288947, 'MRR@10': 0.022139483168721198, 'Recall@5': 0.03526363417506218, 'NDCG@5': 0.023605493530631065, 'MRR@5': 0.01978243701159954, 'Recall*@10': 0.05733581066131592, 'NDCG*@10': 0.03169059403240681, 'MRR*@10': 0.023907799124717712, 'Recall*@5': 0.03796826265752316, 'NDCG*@5': 0.02545647129416466, 'MRR*@5': 0.02135177917778492}
INFO    [05-07 00:31:22] train in BasicTrainer:
duration: 67.5339903831482s
INFO    [05-07 00:31:22] train in BasicTrainer:
epoch: 16
INFO    [05-07 00:31:50] _train_one_epoch in BasicTrainer:
loss = 7.298828451483099
INFO    [05-07 00:32:31] log in loggers:
Update Best NDCG@10 Model at 16
INFO    [05-07 00:32:31] validate in BasicTrainer:
{'Recall@10': 0.053789603263139724, 'NDCG@10': 0.02975215971469879, 'MRR@10': 0.022437799125909805, 'Recall@5': 0.03625812083482742, 'NDCG@5': 0.024109338819980623, 'MRR@5': 0.02012448765337467, 'Recall*@10': 0.0583766208589077, 'NDCG*@10': 0.032341079264879224, 'MRR*@10': 0.024421655386686326, 'Recall*@5': 0.03940955236554146, 'NDCG*@5': 0.026236001476645468, 'MRR*@5': 0.021918577402830125}
INFO    [05-07 00:32:31] train in BasicTrainer:
duration: 69.06140947341919s
INFO    [05-07 00:32:31] train in BasicTrainer:
epoch: 17
INFO    [05-07 00:32:58] _train_one_epoch in BasicTrainer:
loss = 7.264040663435653
INFO    [05-07 00:33:37] log in loggers:
Update Best NDCG@10 Model at 17
INFO    [05-07 00:33:37] validate in BasicTrainer:
{'Recall@10': 0.054336478263139726, 'NDCG@10': 0.030055783838033676, 'MRR@10': 0.02268193319439888, 'Recall@5': 0.03634761855006218, 'NDCG@5': 0.024281944856047632, 'MRR@5': 0.020324337929487228, 'Recall*@10': 0.05885617420077324, 'NDCG*@10': 0.03262421414256096, 'MRR*@10': 0.02465486913919449, 'Recall*@5': 0.039434079527854916, 'NDCG*@5': 0.026385962218046188, 'MRR*@5': 0.02210502728819847}
INFO    [05-07 00:33:37] train in BasicTrainer:
duration: 66.35356783866882s
INFO    [05-07 00:33:37] train in BasicTrainer:
epoch: 18
DEBUG   [05-07 00:33:39] calculate_loss in loss:
soft_target max: 0.5004648566246033, argmax 7019061
DEBUG   [05-07 00:33:39] calculate_loss in loss:
pred max in softmax: 0.7350665926933289, argmax 80315585
DEBUG   [05-07 00:33:39] calculate_loss in loss:
soft_target max: 0.5004648566246033, argmax 33285
DEBUG   [05-07 00:33:39] calculate_loss in loss:
pred max in softmax: 0.9376254081726074, argmax 38716353
INFO    [05-07 00:34:04] _train_one_epoch in BasicTrainer:
loss = 7.231432601138279
INFO    [05-07 00:34:45] log in loggers:
Update Best NDCG@10 Model at 18
INFO    [05-07 00:34:45] validate in BasicTrainer:
{'Recall@10': 0.05481177970767021, 'NDCG@10': 0.030269267857074737, 'MRR@10': 0.022826749458909036, 'Recall@5': 0.03623043105006218, 'NDCG@5': 0.024302515983581543, 'MRR@5': 0.020389017537236213, 'Recall*@10': 0.05938282638788223, 'NDCG*@10': 0.03285761132836342, 'MRR*@10': 0.024812004789710046, 'Recall*@5': 0.03931596115231514, 'NDCG*@5': 0.02640921212732792, 'MRR*@5': 0.022174706384539604}
INFO    [05-07 00:34:45] train in BasicTrainer:
duration: 67.7529354095459s
INFO    [05-07 00:34:45] train in BasicTrainer:
epoch: 19
INFO    [05-07 00:35:12] _train_one_epoch in BasicTrainer:
loss = 7.197722791551469
INFO    [05-07 00:35:52] log in loggers:
Update Best NDCG@10 Model at 19
INFO    [05-07 00:35:52] validate in BasicTrainer:
{'Recall@10': 0.05494355410337448, 'NDCG@10': 0.03031167797744274, 'MRR@10': 0.022838882729411127, 'Recall@5': 0.036757774800062176, 'NDCG@5': 0.02448589712381363, 'MRR@5': 0.020466554164886474, 'Recall*@10': 0.05943366393446922, 'NDCG*@10': 0.03287484332919121, 'MRR*@10': 0.024809507504105568, 'Recall*@5': 0.03998812735080719, 'NDCG*@5': 0.026641416400671004, 'MRR*@5': 0.02226881518959999}
INFO    [05-07 00:35:52] train in BasicTrainer:
duration: 66.87706446647644s
INFO    [05-07 00:35:52] train in BasicTrainer:
epoch: 20
INFO    [05-07 00:36:18] _train_one_epoch in BasicTrainer:
loss = 7.165902236560443
INFO    [05-07 00:36:59] log in loggers:
Update Best NDCG@10 Model at 20
INFO    [05-07 00:36:59] validate in BasicTrainer:
{'Recall@10': 0.05566728174686432, 'NDCG@10': 0.030766609087586404, 'MRR@10': 0.023207522332668304, 'Recall@5': 0.036999772638082504, 'NDCG@5': 0.02475486382842064, 'MRR@5': 0.020741146802902222, 'Recall*@10': 0.05997559517621994, 'NDCG*@10': 0.033183446153998375, 'MRR*@10': 0.02505043163895607, 'Recall*@5': 0.039938456416130065, 'NDCG*@5': 0.02673287570476532, 'MRR*@5': 0.022405393049120904}
INFO    [05-07 00:36:59] train in BasicTrainer:
duration: 67.0532774925232s
INFO    [05-07 00:36:59] train in BasicTrainer:
epoch: 21
INFO    [05-07 00:37:26] _train_one_epoch in BasicTrainer:
loss = 7.135008842021495
INFO    [05-07 00:38:05] log in loggers:
Update Best NDCG@10 Model at 21
INFO    [05-07 00:38:06] validate in BasicTrainer:
{'Recall@10': 0.05620987117290497, 'NDCG@10': 0.03122322663664818, 'MRR@10': 0.02364393837749958, 'Recall@5': 0.03731762960553169, 'NDCG@5': 0.02514104761183262, 'MRR@5': 0.021150018274784087, 'Recall*@10': 0.06075750783085823, 'NDCG*@10': 0.03373767726123333, 'MRR*@10': 0.025542463958263397, 'Recall*@5': 0.04026767998933792, 'NDCG*@5': 0.02713864378631115, 'MRR*@5': 0.022835136950016023}
INFO    [05-07 00:38:06] train in BasicTrainer:
duration: 66.85777020454407s
INFO    [05-07 00:38:06] train in BasicTrainer:
epoch: 22
INFO    [05-07 00:38:34] _train_one_epoch in BasicTrainer:
loss = 7.1047008402712715
INFO    [05-07 00:39:15] log in loggers:
Update Best NDCG@10 Model at 22
INFO    [05-07 00:39:15] validate in BasicTrainer:
{'Recall@10': 0.05642900049686432, 'NDCG@10': 0.031401638463139536, 'MRR@10': 0.023805013746023177, 'Recall@5': 0.037614471316337585, 'NDCG@5': 0.02534863919019699, 'MRR@5': 0.02132507584989071, 'Recall*@10': 0.0608318980038166, 'NDCG*@10': 0.03399217925965786, 'MRR*@10': 0.025840228646993636, 'Recall*@5': 0.040784552693367004, 'NDCG*@5': 0.027545045763254165, 'MRR*@5': 0.023200383484363554}
INFO    [05-07 00:39:15] train in BasicTrainer:
duration: 69.19951224327087s
INFO    [05-07 00:39:15] train in BasicTrainer:
epoch: 23
INFO    [05-07 00:39:42] _train_one_epoch in BasicTrainer:
loss = 7.074930758089633
INFO    [05-07 00:40:21] log in loggers:
Update Best NDCG@10 Model at 23
INFO    [05-07 00:40:22] validate in BasicTrainer:
{'Recall@10': 0.05647782862186432, 'NDCG@10': 0.03155737966299057, 'MRR@10': 0.023988418355584143, 'Recall@5': 0.03814449355006218, 'NDCG@5': 0.025650894343852995, 'MRR@5': 0.02156369186937809, 'Recall*@10': 0.06083543702960014, 'NDCG*@10': 0.03396497704088688, 'MRR*@10': 0.02580122768878937, 'Recall*@5': 0.04113678187131882, 'NDCG*@5': 0.027621116787195206, 'MRR*@5': 0.02319857880473137}
INFO    [05-07 00:40:22] train in BasicTrainer:
duration: 66.77924919128418s
INFO    [05-07 00:40:22] train in BasicTrainer:
epoch: 24
INFO    [05-07 00:40:49] _train_one_epoch in BasicTrainer:
loss = 7.045412347123429
INFO    [05-07 00:41:30] log in loggers:
Update Best NDCG@10 Model at 24
INFO    [05-07 00:41:30] validate in BasicTrainer:
{'Recall@10': 0.05751619905233383, 'NDCG@10': 0.03222331166267395, 'MRR@10': 0.024543237686157227, 'Recall@5': 0.03882260724902153, 'NDCG@5': 0.02623391032218933, 'MRR@5': 0.02210380047559738, 'Recall*@10': 0.06181938096880913, 'NDCG*@10': 0.03470019467175007, 'MRR*@10': 0.026460776999592782, 'Recall*@5': 0.04187547966837883, 'NDCG*@5': 0.028309561610221863, 'MRR*@5': 0.023857544511556625}
INFO    [05-07 00:41:30] train in BasicTrainer:
duration: 68.34539914131165s
INFO    [05-07 00:41:30] train in BasicTrainer:
epoch: 25
INFO    [05-07 00:41:57] _train_one_epoch in BasicTrainer:
loss = 7.017470673397854
INFO    [05-07 00:42:36] log in loggers:
Update Best NDCG@10 Model at 25
INFO    [05-07 00:42:36] validate in BasicTrainer:
{'Recall@10': 0.057811310589313505, 'NDCG@10': 0.03232293218374252, 'MRR@10': 0.024581729173660277, 'Recall@5': 0.03879063189029694, 'NDCG@5': 0.026201985105872155, 'MRR@5': 0.02207268215715885, 'Recall*@10': 0.06216308861970901, 'NDCG*@10': 0.034819676727056506, 'MRR*@10': 0.026515064388513566, 'Recall*@5': 0.04158777698874474, 'NDCG*@5': 0.028199120610952377, 'MRR*@5': 0.023801482766866684}
INFO    [05-07 00:42:36] train in BasicTrainer:
duration: 66.16791582107544s
INFO    [05-07 00:42:36] train in BasicTrainer:
epoch: 26
INFO    [05-07 00:43:01] _train_one_epoch in BasicTrainer:
loss = 6.989477252101039
INFO    [05-07 00:43:42] log in loggers:
Update Best NDCG@10 Model at 26
INFO    [05-07 00:43:43] validate in BasicTrainer:
{'Recall@10': 0.05784394472837448, 'NDCG@10': 0.03261921688914299, 'MRR@10': 0.02496629871428013, 'Recall@5': 0.03887530833482742, 'NDCG@5': 0.026521121487021446, 'MRR@5': 0.022470430433750153, 'Recall*@10': 0.06205942615866661, 'NDCG*@10': 0.03506037980318069, 'MRR*@10': 0.02686011552810669, 'Recall*@5': 0.04202866464853287, 'NDCG*@5': 0.02861605390906334, 'MRR*@5': 0.024219817519187926}
INFO    [05-07 00:43:43] train in BasicTrainer:
duration: 66.30901432037354s
INFO    [05-07 00:43:43] train in BasicTrainer:
epoch: 27
DEBUG   [05-07 00:43:44] calculate_loss in loss:
soft_target max: 0.5004648566246033, argmax 11920845
DEBUG   [05-07 00:43:44] calculate_loss in loss:
pred max in softmax: 0.9412634968757629, argmax 27089776
DEBUG   [05-07 00:43:44] calculate_loss in loss:
soft_target max: 0.5004648566246033, argmax 414861
DEBUG   [05-07 00:43:44] calculate_loss in loss:
pred max in softmax: 0.8119508028030396, argmax 33389996
INFO    [05-07 00:44:09] _train_one_epoch in BasicTrainer:
loss = 6.962744420713133
INFO    [05-07 00:44:48] log in loggers:
Update Best NDCG@10 Model at 27
INFO    [05-07 00:44:49] validate in BasicTrainer:
{'Recall@10': 0.057671377658843996, 'NDCG@10': 0.032712634503841403, 'MRR@10': 0.025123333260416984, 'Recall@5': 0.03925015196204185, 'NDCG@5': 0.026777111887931825, 'MRR@5': 0.022686455249786377, 'Recall*@10': 0.06178285732865334, 'NDCG*@10': 0.0351266348361969, 'MRR*@10': 0.027016939669847487, 'Recall*@5': 0.042256300449371335, 'NDCG*@5': 0.02884257346391678, 'MRR*@5': 0.02444150112569332}
INFO    [05-07 00:44:49] train in BasicTrainer:
duration: 65.9477641582489s
INFO    [05-07 00:44:49] train in BasicTrainer:
epoch: 28
INFO    [05-07 00:45:17] _train_one_epoch in BasicTrainer:
loss = 6.937885696823533
INFO    [05-07 00:45:58] log in loggers:
Update Best NDCG@10 Model at 28
INFO    [05-07 00:45:58] validate in BasicTrainer:
{'Recall@10': 0.05903254926204681, 'NDCG@10': 0.033479617759585384, 'MRR@10': 0.025729987770318985, 'Recall@5': 0.039887596070766446, 'NDCG@5': 0.027331953272223472, 'MRR@5': 0.023218462243676186, 'Recall*@10': 0.06339729696512222, 'NDCG*@10': 0.035893187075853344, 'MRR*@10': 0.027543351426720618, 'Recall*@5': 0.043017041832208634, 'NDCG*@5': 0.029341318532824515, 'MRR*@5': 0.024862331375479697}
INFO    [05-07 00:45:58] train in BasicTrainer:
duration: 69.62204504013062s
INFO    [05-07 00:45:58] train in BasicTrainer:
epoch: 29
INFO    [05-07 00:46:24] _train_one_epoch in BasicTrainer:
loss = 6.911397611772692
INFO    [05-07 00:47:04] log in loggers:
Update Best NDCG@10 Model at 29
INFO    [05-07 00:47:04] validate in BasicTrainer:
{'Recall@10': 0.05914050698280335, 'NDCG@10': 0.033511098325252536, 'MRR@10': 0.025724686458706857, 'Recall@5': 0.04036491706967354, 'NDCG@5': 0.02749151609838009, 'MRR@5': 0.0232708054035902, 'Recall*@10': 0.06349134296178818, 'NDCG*@10': 0.03601676911115646, 'MRR*@10': 0.027673246115446092, 'Recall*@5': 0.043341622054576874, 'NDCG*@5': 0.029564583599567415, 'MRR*@5': 0.025047774836421014}
INFO    [05-07 00:47:04] train in BasicTrainer:
duration: 65.65269899368286s
INFO    [05-07 00:47:04] train in BasicTrainer:
epoch: 30
INFO    [05-07 00:47:32] _train_one_epoch in BasicTrainer:
loss = 6.886280218760173
INFO    [05-07 00:48:13] log in loggers:
Update Best NDCG@10 Model at 30
INFO    [05-07 00:48:13] validate in BasicTrainer:
{'Recall@10': 0.05921154469251633, 'NDCG@10': 0.03362692005932331, 'MRR@10': 0.025852354392409325, 'Recall@5': 0.04040451526641846, 'NDCG@5': 0.02757618360221386, 'MRR@5': 0.02337352551519871, 'Recall*@10': 0.06341327801346779, 'NDCG*@10': 0.03615137815475464, 'MRR*@10': 0.02786836750805378, 'Recall*@5': 0.043269782960414886, 'NDCG*@5': 0.02967305786907673, 'MRR*@5': 0.025215791910886763}
INFO    [05-07 00:48:13] train in BasicTrainer:
duration: 69.5709822177887s
INFO    [05-07 00:48:13] train in BasicTrainer:
epoch: 31
INFO    [05-07 00:48:39] _train_one_epoch in BasicTrainer:
loss = 6.8629373601965
INFO    [05-07 00:49:19] validate in BasicTrainer:
{'Recall@10': 0.058431366086006166, 'NDCG@10': 0.033514301851391794, 'MRR@10': 0.025933028906583788, 'Recall@5': 0.04016906887292862, 'NDCG@5': 0.027631848976016046, 'MRR@5': 0.023519038707017898, 'Recall*@10': 0.06248935952782631, 'NDCG*@10': 0.035891083329916, 'MRR*@10': 0.027797274142503738, 'Recall*@5': 0.04298245474696159, 'NDCG*@5': 0.029604668468236922, 'MRR*@5': 0.025215754210948946}
INFO    [05-07 00:49:19] train in BasicTrainer:
duration: 65.62840914726257s
INFO    [05-07 00:49:19] train in BasicTrainer:
epoch: 32
INFO    [05-07 00:49:46] _train_one_epoch in BasicTrainer:
loss = 6.838930903254329
INFO    [05-07 00:50:27] log in loggers:
Update Best NDCG@10 Model at 32
INFO    [05-07 00:50:28] validate in BasicTrainer:
{'Recall@10': 0.05975026100873947, 'NDCG@10': 0.03411463797092438, 'MRR@10': 0.026323035433888434, 'Recall@5': 0.04098443686962128, 'NDCG@5': 0.028091667294502257, 'MRR@5': 0.023864293843507765, 'Recall*@10': 0.06385071069002152, 'NDCG*@10': 0.03647810101509094, 'MRR*@10': 0.028153436481952666, 'Recall*@5': 0.04390975534915924, 'NDCG*@5': 0.030076889768242836, 'MRR*@5': 0.02553975775837898}
INFO    [05-07 00:50:28] train in BasicTrainer:
duration: 68.698171377182s
INFO    [05-07 00:50:28] train in BasicTrainer:
epoch: 33
INFO    [05-07 00:50:53] _train_one_epoch in BasicTrainer:
loss = 6.815763799993841
INFO    [05-07 00:51:32] log in loggers:
Update Best NDCG@10 Model at 33
INFO    [05-07 00:51:33] validate in BasicTrainer:
{'Recall@10': 0.06057646632194519, 'NDCG@10': 0.034541132673621175, 'MRR@10': 0.02662309870123863, 'Recall@5': 0.04154977172613144, 'NDCG@5': 0.02842317409813404, 'MRR@5': 0.02411873996257782, 'Recall*@10': 0.0648142509162426, 'NDCG*@10': 0.036927543580532074, 'MRR*@10': 0.028443303406238556, 'Recall*@5': 0.044546173810958864, 'NDCG*@5': 0.030411361530423165, 'MRR*@5': 0.025776483714580536}
INFO    [05-07 00:51:33] train in BasicTrainer:
duration: 65.02812170982361s
INFO    [05-07 00:51:33] train in BasicTrainer:
epoch: 34
INFO    [05-07 00:52:00] _train_one_epoch in BasicTrainer:
loss = 6.795011451652458
INFO    [05-07 00:52:41] validate in BasicTrainer:
{'Recall@10': 0.05971000403165817, 'NDCG@10': 0.034477259665727615, 'MRR@10': 0.026799436062574386, 'Recall@5': 0.04147230565547943, 'NDCG@5': 0.02863053373992443, 'MRR@5': 0.024416139349341393, 'Recall*@10': 0.0639795170724392, 'NDCG*@10': 0.0370399896800518, 'MRR*@10': 0.028835873305797576, 'Recall*@5': 0.04473116993904114, 'NDCG*@5': 0.030868579521775245, 'MRR*@5': 0.02631978504359722}
INFO    [05-07 00:52:41] train in BasicTrainer:
duration: 68.260422706604s
INFO    [05-07 00:52:41] train in BasicTrainer:
epoch: 35
INFO    [05-07 00:53:07] _train_one_epoch in BasicTrainer:
loss = 6.772681975149894
INFO    [05-07 00:53:46] log in loggers:
Update Best NDCG@10 Model at 35
INFO    [05-07 00:53:47] validate in BasicTrainer:
{'Recall@10': 0.060375673472881315, 'NDCG@10': 0.03478838197886944, 'MRR@10': 0.027005741372704506, 'Recall@5': 0.04159913554787636, 'NDCG@5': 0.028747133016586303, 'MRR@5': 0.02453040927648544, 'Recall*@10': 0.06450738668441773, 'NDCG*@10': 0.03725701540708542, 'MRR*@10': 0.028961821272969247, 'Recall*@5': 0.044767597168684004, 'NDCG*@5': 0.030905418992042542, 'MRR*@5': 0.026359055042266846}
INFO    [05-07 00:53:47] train in BasicTrainer:
duration: 65.59106492996216s
INFO    [05-07 00:53:47] train in BasicTrainer:
epoch: 36
DEBUG   [05-07 00:53:48] calculate_loss in loss:
soft_target max: 0.5004648566246033, argmax 5052477
DEBUG   [05-07 00:53:48] calculate_loss in loss:
pred max in softmax: 0.9787153005599976, argmax 88213903
DEBUG   [05-07 00:53:48] calculate_loss in loss:
soft_target max: 0.5004648566246033, argmax 767085
DEBUG   [05-07 00:53:48] calculate_loss in loss:
pred max in softmax: 0.9643866419792175, argmax 13990193
INFO    [05-07 00:54:14] _train_one_epoch in BasicTrainer:
loss = 6.754515381546708
INFO    [05-07 00:54:55] log in loggers:
Update Best NDCG@10 Model at 36
INFO    [05-07 00:54:55] validate in BasicTrainer:
{'Recall@10': 0.06120575159788132, 'NDCG@10': 0.03520431488752365, 'MRR@10': 0.027307732850313186, 'Recall@5': 0.04191056415438652, 'NDCG@5': 0.029007570743560793, 'MRR@5': 0.024775113239884378, 'Recall*@10': 0.06543661430478095, 'NDCG*@10': 0.037704492509365084, 'MRR*@10': 0.029280050843954086, 'Recall*@5': 0.044861306250095365, 'NDCG*@5': 0.03109405651688576, 'MRR*@5': 0.026576843410730362}
INFO    [05-07 00:54:55] train in BasicTrainer:
duration: 68.59216737747192s
INFO    [05-07 00:54:55] train in BasicTrainer:
epoch: 37
INFO    [05-07 00:55:23] _train_one_epoch in BasicTrainer:
loss = 6.736520582491213
INFO    [05-07 00:56:03] log in loggers:
Update Best NDCG@10 Model at 37
INFO    [05-07 00:56:03] validate in BasicTrainer:
{'Recall@10': 0.06122367590665817, 'NDCG@10': 0.03544088155031204, 'MRR@10': 0.02760576717555523, 'Recall@5': 0.04211403533816337, 'NDCG@5': 0.02930664651095867, 'MRR@5': 0.025100968778133392, 'Recall*@10': 0.06527875378727913, 'NDCG*@10': 0.03777149453759193, 'MRR*@10': 0.029407513812184333, 'Recall*@5': 0.04497827723622322, 'NDCG*@5': 0.031250795647501946, 'MRR*@5': 0.02674251452088356}
INFO    [05-07 00:56:03] train in BasicTrainer:
duration: 68.23288917541504s
INFO    [05-07 00:56:03] train in BasicTrainer:
epoch: 38
INFO    [05-07 00:56:30] _train_one_epoch in BasicTrainer:
loss = 6.7173685554985525
INFO    [05-07 00:57:11] log in loggers:
Update Best NDCG@10 Model at 38
INFO    [05-07 00:57:11] validate in BasicTrainer:
{'Recall@10': 0.06210138738155365, 'NDCG@10': 0.03583124272525311, 'MRR@10': 0.02783450573682785, 'Recall@5': 0.042956434190273285, 'NDCG@5': 0.029667089805006982, 'MRR@5': 0.025306288227438925, 'Recall*@10': 0.06612618744373322, 'NDCG*@10': 0.03826571136713028, 'MRR*@10': 0.02977968044579029, 'Recall*@5': 0.045926451086997985, 'NDCG*@5': 0.03175717301666737, 'MRR*@5': 0.027107389643788338}
INFO    [05-07 00:57:11] train in BasicTrainer:
duration: 67.58695721626282s
INFO    [05-07 00:57:11] train in BasicTrainer:
epoch: 39
INFO    [05-07 00:57:38] _train_one_epoch in BasicTrainer:
loss = 6.699780855092916
INFO    [05-07 00:58:17] log in loggers:
Update Best NDCG@10 Model at 39
INFO    [05-07 00:58:17] validate in BasicTrainer:
{'Recall@10': 0.06214753717184067, 'NDCG@10': 0.035998884811997416, 'MRR@10': 0.0280454108864069, 'Recall@5': 0.04281328722834587, 'NDCG@5': 0.02977745220065117, 'MRR@5': 0.025495767146348953, 'Recall*@10': 0.06624112233519554, 'NDCG*@10': 0.038363619893789294, 'MRR*@10': 0.02987953066825867, 'Recall*@5': 0.04570482656359673, 'NDCG*@5': 0.03175508111715317, 'MRR*@5': 0.027171048149466515}
INFO    [05-07 00:58:17] train in BasicTrainer:
duration: 66.4462342262268s
INFO    [05-07 00:58:17] train in BasicTrainer:
epoch: 40
INFO    [05-07 00:58:44] _train_one_epoch in BasicTrainer:
loss = 6.682649565172625
INFO    [05-07 00:59:26] log in loggers:
Update Best NDCG@10 Model at 40
INFO    [05-07 00:59:26] validate in BasicTrainer:
{'Recall@10': 0.062372146546840666, 'NDCG@10': 0.0362065252661705, 'MRR@10': 0.02824632227420807, 'Recall@5': 0.042912014871835706, 'NDCG@5': 0.029937383756041526, 'MRR@5': 0.025672733411192895, 'Recall*@10': 0.06638253524899483, 'NDCG*@10': 0.03866402998566627, 'MRR*@10': 0.030225846990942953, 'Recall*@5': 0.04586066290736199, 'NDCG*@5': 0.032048174738883974, 'MRR*@5': 0.02750713624060154}
INFO    [05-07 00:59:26] train in BasicTrainer:
duration: 68.35662579536438s
INFO    [05-07 00:59:26] train in BasicTrainer:
epoch: 41
INFO    [05-07 00:59:53] _train_one_epoch in BasicTrainer:
loss = 6.664498973537135
INFO    [05-07 01:00:33] log in loggers:
Update Best NDCG@10 Model at 41
INFO    [05-07 01:00:33] validate in BasicTrainer:
{'Recall@10': 0.06238792806863785, 'NDCG@10': 0.0364411985874176, 'MRR@10': 0.028545771166682242, 'Recall@5': 0.04337207064032555, 'NDCG@5': 0.03032353103160858, 'MRR@5': 0.026039443165063857, 'Recall*@10': 0.06656501084566116, 'NDCG*@10': 0.038929574489593506, 'MRR*@10': 0.03051408015191555, 'Recall*@5': 0.046333006471395495, 'NDCG*@5': 0.032414793595671655, 'MRR*@5': 0.027841758579015732}
INFO    [05-07 01:00:33] train in BasicTrainer:
duration: 67.22286295890808s
INFO    [05-07 01:00:33] train in BasicTrainer:
epoch: 42
INFO    [05-07 01:00:59] _train_one_epoch in BasicTrainer:
loss = 6.646806399027507
INFO    [05-07 01:01:40] validate in BasicTrainer:
{'Recall@10': 0.062113954722881316, 'NDCG@10': 0.036155398935079575, 'MRR@10': 0.028252746164798736, 'Recall@5': 0.04327441439032555, 'NDCG@5': 0.0300975651293993, 'MRR@5': 0.02577252373099327, 'Recall*@10': 0.06615173891186714, 'NDCG*@10': 0.03850974559783935, 'MRR*@10': 0.030092658549547194, 'Recall*@5': 0.046032091975212096, 'NDCG*@5': 0.032038550972938534, 'MRR*@5': 0.02744234897196293}
INFO    [05-07 01:01:40] train in BasicTrainer:
duration: 67.04721522331238s
INFO    [05-07 01:01:40] train in BasicTrainer:
epoch: 43
INFO    [05-07 01:02:07] _train_one_epoch in BasicTrainer:
loss = 6.633035724227493
INFO    [05-07 01:02:46] log in loggers:
Update Best NDCG@10 Model at 43
INFO    [05-07 01:02:47] validate in BasicTrainer:
{'Recall@10': 0.06247635424137116, 'NDCG@10': 0.03664104744791984, 'MRR@10': 0.028763120025396348, 'Recall@5': 0.0441581417620182, 'NDCG@5': 0.030761115476489066, 'MRR@5': 0.026362070590257646, 'Recall*@10': 0.06679987341165543, 'NDCG*@10': 0.03910668551921845, 'MRR*@10': 0.03066579483449459, 'Recall*@5': 0.0470580305159092, 'NDCG*@5': 0.03277015522122383, 'MRR*@5': 0.0280783761292696}
INFO    [05-07 01:02:47] train in BasicTrainer:
duration: 66.49062657356262s
INFO    [05-07 01:02:47] train in BasicTrainer:
epoch: 44
INFO    [05-07 01:03:15] _train_one_epoch in BasicTrainer:
loss = 6.615839562974535
INFO    [05-07 01:03:56] log in loggers:
Update Best NDCG@10 Model at 44
INFO    [05-07 01:03:56] validate in BasicTrainer:
{'Recall@10': 0.06320824056863784, 'NDCG@10': 0.03710865780711174, 'MRR@10': 0.029151802361011506, 'Recall@5': 0.04451786279678345, 'NDCG@5': 0.031102425307035445, 'MRR@5': 0.02669547773897648, 'Recall*@10': 0.06722168356180191, 'NDCG*@10': 0.03948961064219475, 'MRR*@10': 0.031038239523768427, 'Recall*@5': 0.04724806144833565, 'NDCG*@5': 0.033069894537329676, 'MRR*@5': 0.028412216752767564}
INFO    [05-07 01:03:56] train in BasicTrainer:
duration: 69.2690486907959s
INFO    [05-07 01:03:56] train in BasicTrainer:
epoch: 45
DEBUG   [05-07 01:03:58] calculate_loss in loss:
soft_target max: 0.5004648566246033, argmax 2704317
DEBUG   [05-07 01:03:58] calculate_loss in loss:
pred max in softmax: 0.9517158269882202, argmax 33837306
DEBUG   [05-07 01:03:58] calculate_loss in loss:
soft_target max: 0.5004648566246033, argmax 5434053
DEBUG   [05-07 01:03:58] calculate_loss in loss:
pred max in softmax: 0.9543389678001404, argmax 86350645
INFO    [05-07 01:04:22] _train_one_epoch in BasicTrainer:
loss = 6.602502934567563
INFO    [05-07 01:05:01] validate in BasicTrainer:
{'Recall@10': 0.06357986986637115, 'NDCG@10': 0.037100365459918974, 'MRR@10': 0.02904651090502739, 'Recall@5': 0.04404964849352837, 'NDCG@5': 0.030820022374391555, 'MRR@5': 0.02647538609802723, 'Recall*@10': 0.06760288953781128, 'NDCG*@10': 0.039384648650884625, 'MRR*@10': 0.030803423151373865, 'Recall*@5': 0.04677035257220268, 'NDCG*@5': 0.03268390156328678, 'MRR*@5': 0.02805910289287567}
INFO    [05-07 01:05:01] train in BasicTrainer:
duration: 65.50007629394531s
INFO    [05-07 01:05:01] train in BasicTrainer:
epoch: 46
INFO    [05-07 01:05:27] _train_one_epoch in BasicTrainer:
loss = 6.586637071661047
INFO    [05-07 01:06:08] log in loggers:
Update Best NDCG@10 Model at 46
INFO    [05-07 01:06:09] validate in BasicTrainer:
{'Recall@10': 0.06367633163928986, 'NDCG@10': 0.0375550964474678, 'MRR@10': 0.029611913785338402, 'Recall@5': 0.044421277940273285, 'NDCG@5': 0.03135528303682804, 'MRR@5': 0.027068990170955657, 'Recall*@10': 0.06748301044106483, 'NDCG*@10': 0.03987000912427902, 'MRR*@10': 0.031464071348309516, 'Recall*@5': 0.047240790873765946, 'NDCG*@5': 0.03334628932178021, 'MRR*@5': 0.028784982711076736}
INFO    [05-07 01:06:09] train in BasicTrainer:
duration: 67.29368734359741s
INFO    [05-07 01:06:09] train in BasicTrainer:
epoch: 47
INFO    [05-07 01:06:34] _train_one_epoch in BasicTrainer:
loss = 6.571007573926771
INFO    [05-07 01:07:14] log in loggers:
Update Best NDCG@10 Model at 47
INFO    [05-07 01:07:14] validate in BasicTrainer:
{'Recall@10': 0.06378816217184066, 'NDCG@10': 0.03776932641863823, 'MRR@10': 0.029835279881954193, 'Recall@5': 0.045124938637018205, 'NDCG@5': 0.03175723358988762, 'MRR@5': 0.027366957291960717, 'Recall*@10': 0.06793682977557182, 'NDCG*@10': 0.04011812046170235, 'MRR*@10': 0.03163633696734905, 'Recall*@5': 0.047961769104003904, 'NDCG*@5': 0.03368777021765709, 'MRR*@5': 0.0289990221709013}
INFO    [05-07 01:07:14] train in BasicTrainer:
duration: 65.30438423156738s
INFO    [05-07 01:07:14] train in BasicTrainer:
epoch: 48
INFO    [05-07 01:07:40] _train_one_epoch in BasicTrainer:
loss = 6.558672290664536
INFO    [05-07 01:08:21] log in loggers:
Update Best NDCG@10 Model at 48
INFO    [05-07 01:08:21] validate in BasicTrainer:
{'Recall@10': 0.06405451238155364, 'NDCG@10': 0.03781120881438255, 'MRR@10': 0.029815341979265213, 'Recall@5': 0.04506140053272247, 'NDCG@5': 0.03170205749571323, 'MRR@5': 0.027313188090920447, 'Recall*@10': 0.06816672846674919, 'NDCG*@10': 0.040138947367668154, 'MRR*@10': 0.031598895713686945, 'Recall*@5': 0.047924408465623854, 'NDCG*@5': 0.03363099083304405, 'MRR*@5': 0.028935193940997125}
INFO    [05-07 01:08:21] train in BasicTrainer:
duration: 67.13941884040833s
INFO    [05-07 01:08:21] train in BasicTrainer:
epoch: 49
INFO    [05-07 01:08:46] _train_one_epoch in BasicTrainer:
loss = 6.544638019424301
INFO    [05-07 01:09:26] log in loggers:
Update Best NDCG@10 Model at 49
INFO    [05-07 01:09:26] validate in BasicTrainer:
{'Recall@10': 0.06441476911306382, 'NDCG@10': 0.038125422447919846, 'MRR@10': 0.030104916766285895, 'Recall@5': 0.04557308599352836, 'NDCG@5': 0.03206387244164944, 'MRR@5': 0.027621948048472404, 'Recall*@10': 0.06837940663099289, 'NDCG*@10': 0.04037550151348114, 'MRR*@10': 0.0318343086540699, 'Recall*@5': 0.048285481631755826, 'NDCG*@5': 0.03391859382390976, 'MRR*@5': 0.029193906188011168}
INFO    [05-07 01:09:26] train in BasicTrainer:
duration: 65.1867938041687s
INFO    [05-07 01:09:26] train in BasicTrainer:
epoch: 50
INFO    [05-07 01:09:54] _train_one_epoch in BasicTrainer:
loss = 6.5315716502902745
INFO    [05-07 01:10:35] log in loggers:
Update Best NDCG@10 Model at 50
INFO    [05-07 01:10:35] validate in BasicTrainer:
{'Recall@10': 0.06463122010231018, 'NDCG@10': 0.03832947313785553, 'MRR@10': 0.03030906490981579, 'Recall@5': 0.0455768358707428, 'NDCG@5': 0.03219540238380432, 'MRR@5': 0.02779360182583332, 'Recall*@10': 0.06851719290018082, 'NDCG*@10': 0.04063113048672676, 'MRR*@10': 0.032120933830738066, 'Recall*@5': 0.04851707547903061, 'NDCG*@5': 0.03418782792985439, 'MRR*@5': 0.02947604186832905}
INFO    [05-07 01:10:35] train in BasicTrainer:
duration: 68.65079855918884s
INFO    [05-07 01:10:35] train in BasicTrainer:
epoch: 51
INFO    [05-07 01:11:03] _train_one_epoch in BasicTrainer:
loss = 6.517554665470983
INFO    [05-07 01:11:43] log in loggers:
Update Best NDCG@10 Model at 51
INFO    [05-07 01:11:43] validate in BasicTrainer:
{'Recall@10': 0.0648336198925972, 'NDCG@10': 0.03839745864272118, 'MRR@10': 0.03034882128238678, 'Recall@5': 0.045569213032722475, 'NDCG@5': 0.032209605500102045, 'MRR@5': 0.027819352224469185, 'Recall*@10': 0.06880452141165733, 'NDCG*@10': 0.04062280893325806, 'MRR*@10': 0.03204497419297695, 'Recall*@5': 0.048236241787672045, 'NDCG*@5': 0.03401889599859714, 'MRR*@5': 0.029346988052129746}
INFO    [05-07 01:11:43] train in BasicTrainer:
duration: 68.46293783187866s
INFO    [05-07 01:11:43] train in BasicTrainer:
epoch: 52
INFO    [05-07 01:12:10] _train_one_epoch in BasicTrainer:
loss = 6.505589227418642
INFO    [05-07 01:12:52] validate in BasicTrainer:
{'Recall@10': 0.06484445661306382, 'NDCG@10': 0.03836923897266388, 'MRR@10': 0.030313205868005753, 'Recall@5': 0.04533924669027328, 'NDCG@5': 0.032091035172343255, 'MRR@5': 0.027739192619919778, 'Recall*@10': 0.06868246152997017, 'NDCG*@10': 0.04052241712808609, 'MRR*@10': 0.03194788701832294, 'Recall*@5': 0.048071040511131286, 'NDCG*@5': 0.0338792796432972, 'MRR*@5': 0.029219055473804476}
INFO    [05-07 01:12:52] train in BasicTrainer:
duration: 68.17928910255432s
INFO    [05-07 01:12:52] train in BasicTrainer:
epoch: 53
INFO    [05-07 01:13:19] _train_one_epoch in BasicTrainer:
loss = 6.495764109465453
INFO    [05-07 01:13:59] log in loggers:
Update Best NDCG@10 Model at 53
INFO    [05-07 01:13:59] validate in BasicTrainer:
{'Recall@10': 0.06500124245882034, 'NDCG@10': 0.038581336587667464, 'MRR@10': 0.03052786283195019, 'Recall@5': 0.046076489835977556, 'NDCG@5': 0.03248702049255371, 'MRR@5': 0.028027794733643533, 'Recall*@10': 0.06896032601594924, 'NDCG*@10': 0.04092360988259316, 'MRR*@10': 0.032379415407776835, 'Recall*@5': 0.04892872601747513, 'NDCG*@5': 0.03447698429226875, 'MRR*@5': 0.029737399891018867}
INFO    [05-07 01:13:59] train in BasicTrainer:
duration: 67.35996913909912s
INFO    [05-07 01:13:59] train in BasicTrainer:
epoch: 54
DEBUG   [05-07 01:14:01] calculate_loss in loss:
soft_target max: 0.5004648566246033, argmax 16294293
DEBUG   [05-07 01:14:01] calculate_loss in loss:
pred max in softmax: 0.9922637939453125, argmax 105462461
DEBUG   [05-07 01:14:01] calculate_loss in loss:
soft_target max: 0.5004648566246033, argmax 1882461
DEBUG   [05-07 01:14:01] calculate_loss in loss:
pred max in softmax: 0.9189878106117249, argmax 17353905
INFO    [05-07 01:14:25] _train_one_epoch in BasicTrainer:
loss = 6.482334063933776
INFO    [05-07 01:15:06] log in loggers:
Update Best NDCG@10 Model at 54
INFO    [05-07 01:15:06] validate in BasicTrainer:
{'Recall@10': 0.06481783837080002, 'NDCG@10': 0.038675558120012284, 'MRR@10': 0.030707819163799287, 'Recall@5': 0.046266445368528364, 'NDCG@5': 0.03270154818892479, 'MRR@5': 0.028256554529070853, 'Recall*@10': 0.06869643598794938, 'NDCG*@10': 0.040840520411729815, 'MRR*@10': 0.03235053591430187, 'Recall*@5': 0.049003830552101134, 'NDCG*@5': 0.03449804298579693, 'MRR*@5': 0.02974750481545925}
INFO    [05-07 01:15:06] train in BasicTrainer:
duration: 67.3771960735321s
INFO    [05-07 01:15:06] train in BasicTrainer:
epoch: 55
INFO    [05-07 01:15:33] _train_one_epoch in BasicTrainer:
loss = 6.470752411060505
INFO    [05-07 01:16:13] log in loggers:
Update Best NDCG@10 Model at 55
INFO    [05-07 01:16:13] validate in BasicTrainer:
{'Recall@10': 0.06601740300655365, 'NDCG@10': 0.03938046857714653, 'MRR@10': 0.031259615048766135, 'Recall@5': 0.04669225990772247, 'NDCG@5': 0.03315891057252884, 'MRR@5': 0.02870822124183178, 'Recall*@10': 0.06993631795048713, 'NDCG*@10': 0.041698893159627916, 'MRR*@10': 0.033087233006954195, 'Recall*@5': 0.04954039618372917, 'NDCG*@5': 0.035125954821705815, 'MRR*@5': 0.030387892797589303}
INFO    [05-07 01:16:13] train in BasicTrainer:
duration: 67.05458354949951s
INFO    [05-07 01:16:13] train in BasicTrainer:
epoch: 56
INFO    [05-07 01:16:40] _train_one_epoch in BasicTrainer:
loss = 6.461254626781017
INFO    [05-07 01:17:21] validate in BasicTrainer:
{'Recall@10': 0.06581607490777969, 'NDCG@10': 0.03922603130340576, 'MRR@10': 0.031123946383595467, 'Recall@5': 0.04661252781748772, 'NDCG@5': 0.033051757961511614, 'MRR@5': 0.028596388325095177, 'Recall*@10': 0.06970279678702354, 'NDCG*@10': 0.041354519128799436, 'MRR*@10': 0.03272136300802231, 'Recall*@5': 0.049122155159711835, 'NDCG*@5': 0.03473209790885448, 'MRR*@5': 0.030007128939032554}
INFO    [05-07 01:17:21] train in BasicTrainer:
duration: 68.18603801727295s
INFO    [05-07 01:17:21] train in BasicTrainer:
epoch: 57
INFO    [05-07 01:17:49] _train_one_epoch in BasicTrainer:
loss = 6.4489659704603595
INFO    [05-07 01:18:29] validate in BasicTrainer:
{'Recall@10': 0.06575533837080001, 'NDCG@10': 0.03932233110070229, 'MRR@10': 0.031258231922984124, 'Recall@5': 0.046810518801212314, 'NDCG@5': 0.033210142627358434, 'MRR@5': 0.028744411394000052, 'Recall*@10': 0.0696493773162365, 'NDCG*@10': 0.041572417467832565, 'MRR*@10': 0.03300905331969261, 'Recall*@5': 0.049530607610940934, 'NDCG*@5': 0.035081535503268244, 'MRR*@5': 0.030339637994766234}
INFO    [05-07 01:18:29] train in BasicTrainer:
duration: 67.3875801563263s
INFO    [05-07 01:18:29] train in BasicTrainer:
epoch: 58
INFO    [05-07 01:18:56] _train_one_epoch in BasicTrainer:
loss = 6.43934458225697
INFO    [05-07 01:19:37] log in loggers:
Update Best NDCG@10 Model at 58
INFO    [05-07 01:19:37] validate in BasicTrainer:
{'Recall@10': 0.06631197899580002, 'NDCG@10': 0.03948241412639618, 'MRR@10': 0.031304777711629865, 'Recall@5': 0.047375853657722476, 'NDCG@5': 0.033404805287718775, 'MRR@5': 0.028823290318250656, 'Recall*@10': 0.07005578219890594, 'NDCG*@10': 0.041607978492975234, 'MRR*@10': 0.03293336980044842, 'Recall*@5': 0.05007070511579514, 'NDCG*@5': 0.035192537531256673, 'MRR*@5': 0.0303133013099432}
INFO    [05-07 01:19:37] train in BasicTrainer:
duration: 68.53833508491516s
INFO    [05-07 01:19:37] train in BasicTrainer:
epoch: 59
INFO    [05-07 01:20:05] _train_one_epoch in BasicTrainer:
loss = 6.429501984570478
INFO    [05-07 01:20:44] log in loggers:
Update Best NDCG@10 Model at 59
INFO    [05-07 01:20:45] validate in BasicTrainer:
{'Recall@10': 0.06698032706975937, 'NDCG@10': 0.040088629126548765, 'MRR@10': 0.031898822784423825, 'Recall@5': 0.04752394512295723, 'NDCG@5': 0.03383145980536938, 'MRR@5': 0.029336595088243485, 'Recall*@10': 0.07089028805494309, 'NDCG*@10': 0.04228630021214485, 'MRR*@10': 0.03357953190803528, 'Recall*@5': 0.05009884551167488, 'NDCG*@5': 0.03559807665646076, 'MRR*@5': 0.03083976812660694}
INFO    [05-07 01:20:45] train in BasicTrainer:
duration: 67.17251753807068s
INFO    [05-07 01:20:45] close_training in BasicTrainer:
finished training
DEBUG   [05-07 01:20:45] debug_summary in loss:
loss nan summary: nan 0 times, not nan 6661 times, ratio nan / (nan + not_nan) = 0.0
INFO    [05-07 01:20:45] run_routine in Routine:
Finished training, Start final validation
INFO    [05-07 01:20:45] final_validate in BasicTrainer:
validate model on val set!
INFO    [05-07 01:20:45] load_state_from_given_path in utils:
checkpoint epoch: 59
INFO    [05-07 01:20:45] load_state_from_given_path in utils:
Loading model's parameters
INFO    [05-07 01:21:27] validate in BasicTrainer:
{'Recall@10': 0.06698032706975937, 'NDCG@10': 0.040088629126548765, 'MRR@10': 0.031898822784423825, 'Recall@5': 0.04752394512295723, 'NDCG@5': 0.03383145980536938, 'MRR@5': 0.029336595088243485, 'Recall*@10': 0.07089028805494309, 'NDCG*@10': 0.04228630021214485, 'MRR*@10': 0.03357953190803528, 'Recall*@5': 0.05009884551167488, 'NDCG*@5': 0.03559807665646076, 'MRR*@5': 0.03083976812660694}
INFO    [05-07 01:21:27] run_routine in Routine:
Finished final validating. Result: {'Recall@10': 0.06698032706975937, 'NDCG@10': 0.040088629126548765, 'MRR@10': 0.031898822784423825, 'Recall@5': 0.04752394512295723, 'NDCG@5': 0.03383145980536938, 'MRR@5': 0.029336595088243485, 'Recall*@10': 0.07089028805494309, 'NDCG*@10': 0.04228630021214485, 'MRR*@10': 0.03357953190803528, 'Recall*@5': 0.05009884551167488, 'NDCG*@5': 0.03559807665646076, 'MRR*@5': 0.03083976812660694}
INFO    [05-07 01:21:27] _evaluate in DistillSched:
Start testing student model on test set
INFO    [05-07 01:21:27] test in BasicTrainer:
Test model on test set!
INFO    [05-07 01:21:27] test_with_given_state_path in BasicTrainer:
Loading model params from ___el_soft_2020/pop_narm-T-3-al-0.25_05-07_00:11_0/student_narm_logs/checkpoint/best_acc_model.pth.
INFO    [05-07 01:21:27] load_state_from_given_path in utils:
checkpoint epoch: 59
INFO    [05-07 01:21:27] load_state_from_given_path in utils:
Loading model's parameters
INFO    [05-07 01:21:27] test_with_given_state_path in BasicTrainer:
Finished loading. Start testing.
INFO    [05-07 01:22:06] test_with_given_state_path in BasicTrainer:
{'Recall@10': 0.055677829533815386, 'NDCG@10': 0.03230507805943489, 'MRR@10': 0.02520415246486664, 'Recall@5': 0.03809859037399292, 'NDCG@5': 0.02665419243276119, 'MRR@5': 0.02289156049489975, 'Recall*@10': 0.059846707135438916, 'NDCG*@10': 0.03481128759682178, 'MRR*@10': 0.027197725996375086, 'Recall*@5': 0.04113060176372528, 'NDCG*@5': 0.02879339873790741, 'MRR*@5': 0.024733996763825417}
INFO    [05-07 01:22:06] _evaluate in DistillSched:
!!Final Result!!: {'Recall@10': 0.055677829533815386, 'NDCG@10': 0.03230507805943489, 'MRR@10': 0.02520415246486664, 'Recall@5': 0.03809859037399292, 'NDCG@5': 0.02665419243276119, 'MRR@5': 0.02289156049489975, 'Recall*@10': 0.059846707135438916, 'NDCG*@10': 0.03481128759682178, 'MRR*@10': 0.027197725996375086, 'Recall*@5': 0.04113060176372528, 'NDCG*@5': 0.02879339873790741, 'MRR*@5': 0.024733996763825417}
