INFO    [05-20 19:06:17] setup_train in utils:
{
    "experiment_dir": "___el_base_partial_2022",
    "experiment_description": "base",
    "describe": "{config[model_code]}-rate-{config[sample_rate]}-seed-{config[sample_seed]}",
    "dataset_name": "electronics.csv",
    "sched": "basic",
    "model_code": "narm",
    "num_epochs": 80,
    "mode": [
        "train",
        "test"
    ],
    "max_len": 10,
    "test_state_path": null,
    "model_state_path": null,
    "do_sampling": true,
    "path_for_sample": "Data/Cache/electronics-5-5.pkl",
    "sample_rate": 0.5,
    "sample_seed": 2000,
    "rand_seed": 2022,
    "load_processed_dataset": true,
    "save_processed_dataset": false,
    "dataset_cache_filename": null,
    "do_remap": false,
    "weight_decay": 0,
    "decay_step": 15,
    "gamma": 0.99,
    "lr": 0.001,
    "min_length": 5,
    "min_item_inter": 5,
    "good_only": false,
    "use_rating": true,
    "test_negative_sampler_code": "random",
    "test_negative_sample_size": 0,
    "dataloader_type": "next",
    "train_batch_size": 4096,
    "val_batch_size": 4096,
    "test_batch_size": 4096,
    "prop_sliding_window": -1.0,
    "worker_number": 2,
    "metric_ks": [
        5,
        10
    ],
    "device": "cuda",
    "num_gpu": 1,
    "optimizer": "Adam",
    "best_metric": "NDCG@10",
    "show_process_bar": false,
    "config_file": "config2.electronics/narm/config_partial.json",
    "task_id": 3,
    "split": "leave_one_out",
    "train_negative_sampler_code": "random",
    "train_negative_sample_size": 100,
    "device_idx": "0",
    "momentum": null,
    "log_period_as_iter": 12800,
    "mentor_code": "bert",
    "training_routine": null,
    "T": 1,
    "alpha": 0.1,
    "dvae_alpha": 0.5,
    "softmaxed_mentor": false,
    "weight_list": [
        0.5,
        0.5
    ],
    "validation_rate": 0.2,
    "num_items": null,
    "start_index": 1,
    "kwargs": null
}
DEBUG   [05-20 19:06:17] __init__ in BasicSched:
BasicScheduler attribs: tag=narm
WARNING [05-20 19:06:17] _load_sampled_dataset_from_path in utils:
file from /data01/wushiguang-slurm/Codes/soft-rec/Data/Cache/sampled_electronics-5-5-rate-0.5-seed-2000.pkl not found. Regenerating.
DEBUG   [05-20 19:06:17] _resampling in utils:
loading full dataset from Data/Cache/electronics-5-5.pkl
INFO    [05-20 19:06:17] _load_full_dataset_from_path in utils:
loading cache from Data/Cache/electronics-5-5.pkl
INFO    [05-20 19:06:19] _check_dataset_cache in utils:
check if the cache is generated under this configuration
INFO    [05-20 19:06:19] _check_dataset_cache in utils:
correct.
INFO    [05-20 19:06:21] __init__ in NextItemDataloader:
there are 29351 items in this dataset, 51093 users, padding_first? False
DEBUG   [05-20 19:06:30] generate_model in utils:
model_code_list=['narm']
INFO    [05-20 19:06:30] load_model_config in utils:
loading model narm's config file at asset/config/model/narm.json
INFO    [05-20 19:06:30] load_model_config in utils:
{
    "embedding_size": 64,
    "hidden_size": 128,
    "n_layers": 1,
    "dropout_probs": [
        0.25,
        0.5
    ]
}
WARNING [05-20 19:06:36] get_exist_path in utils:
dir ___el_base_partial_2022/base_narm-rate-0.5-seed-2000_05-20_19:06_t3/narm_logs does not exist! Create one.
WARNING [05-20 19:06:36] get_exist_path in utils:
dir ___el_base_partial_2022/base_narm-rate-0.5-seed-2000_05-20_19:06_t3/narm_logs/tb_vis does not exist! Create one.
WARNING [05-20 19:06:36] get_exist_path in utils:
dir ___el_base_partial_2022/base_narm-rate-0.5-seed-2000_05-20_19:06_t3/narm_logs/checkpoint does not exist! Create one.
INFO    [05-20 19:06:36] __init__ in BasicSched:
NARM(
  (item_embedding): Embedding(29352, 64, padding_idx=0)
  (emb_dropout): Dropout(p=0.25, inplace=False)
  (gru): GRU(64, 128, bias=False, batch_first=True)
  (a_1): Linear(in_features=128, out_features=128, bias=False)
  (a_2): Linear(in_features=128, out_features=128, bias=False)
  (v_t): Linear(in_features=128, out_features=1, bias=False)
  (ct_dropout): Dropout(p=0.5, inplace=False)
  (b): Linear(in_features=256, out_features=64, bias=False)
  (loss_fct): CrossEntropyLoss()
)
WARNING [05-20 19:06:36] get_path in utils:
Path is None
WARNING [05-20 19:06:36] load_state_from_given_path in utils:
Not given any path.
INFO    [05-20 19:06:36] assert_model_device in utils:
model narm has 7.63525390625 MB params.
INFO    [05-20 19:06:36] __init__ in BasicTrainer:
225280 iter per epoch
INFO    [05-20 19:06:36] _fit in BasicSched:
Start training.
INFO    [05-20 19:07:06] log in loggers:
Update Best NDCG@10 Model at 0
INFO    [05-20 19:07:06] validate in BasicTrainer:
{'Recall@10': 0.0004527916988501182, 'NDCG@10': 0.0002057283619741121, 'MRR@10': 0.00013168189532454842, 'Recall@5': 0.00022536057692307694, 'NDCG@5': 0.0001306814273658137, 'MRR@5': 9.984725581419368e-05, 'Recall*@10': 0.0005337782136988468, 'NDCG*@10': 0.0002463750452779305, 'MRR*@10': 0.00015977607612372734, 'Recall*@5': 0.00027756976151767257, 'NDCG*@5': 0.0001611647536405004, 'MRR*@5': 0.0001232476693425829}
INFO    [05-20 19:07:06] train in BasicTrainer:
epoch: 0
INFO    [05-20 19:07:15] _train_one_epoch in BasicTrainer:
loss = 10.17014252055775
INFO    [05-20 19:07:44] log in loggers:
Update Best NDCG@10 Model at 0
INFO    [05-20 19:07:44] validate in BasicTrainer:
{'Recall@10': 0.027968541933940008, 'NDCG@10': 0.013552457094192505, 'MRR@10': 0.009113860531495167, 'Recall@5': 0.020091710039056264, 'NDCG@5': 0.011047183321072506, 'MRR@5': 0.00810389038032064, 'Recall*@10': 0.03145567385049967, 'NDCG*@10': 0.015188321542854492, 'MRR*@10': 0.010172228758724837, 'Recall*@5': 0.022790691600396082, 'NDCG*@5': 0.012433062164256206, 'MRR*@5': 0.009061844267237645}
INFO    [05-20 19:07:44] train in BasicTrainer:
duration: 38.22836661338806s
INFO    [05-20 19:07:44] train in BasicTrainer:
epoch: 1
INFO    [05-20 19:07:54] _train_one_epoch in BasicTrainer:
loss = 9.647885912114925
INFO    [05-20 19:08:23] log in loggers:
Update Best NDCG@10 Model at 1
INFO    [05-20 19:08:23] validate in BasicTrainer:
{'Recall@10': 0.03420558858376283, 'NDCG@10': 0.018262396065088417, 'MRR@10': 0.013494940044788213, 'Recall@5': 0.020467311000594728, 'NDCG@5': 0.013844342329181157, 'MRR@5': 0.011686132647670232, 'Recall*@10': 0.0377511539711402, 'NDCG*@10': 0.02044410057939016, 'MRR*@10': 0.015253293041426402, 'Recall*@5': 0.02329678790500531, 'NDCG*@5': 0.015807238550713427, 'MRR*@5': 0.013361762492702557}
INFO    [05-20 19:08:23] train in BasicTrainer:
duration: 38.668752908706665s
INFO    [05-20 19:08:23] train in BasicTrainer:
epoch: 2
INFO    [05-20 19:08:32] _train_one_epoch in BasicTrainer:
loss = 9.43559891093861
INFO    [05-20 19:09:00] log in loggers:
Update Best NDCG@10 Model at 2
INFO    [05-20 19:09:01] validate in BasicTrainer:
{'Recall@10': 0.03639649743070969, 'NDCG@10': 0.019328846954382382, 'MRR@10': 0.014187203147090398, 'Recall@5': 0.02307566713828307, 'NDCG@5': 0.015075309058794608, 'MRR@5': 0.012463424498072037, 'Recall*@10': 0.03978020010086206, 'NDCG*@10': 0.021437075418921616, 'MRR*@10': 0.015905159525573254, 'Recall*@5': 0.025442268412846785, 'NDCG*@5': 0.01686383024431192, 'MRR*@5': 0.014054890650396164}
INFO    [05-20 19:09:01] train in BasicTrainer:
duration: 37.601401805877686s
INFO    [05-20 19:09:01] train in BasicTrainer:
epoch: 3
INFO    [05-20 19:09:09] _train_one_epoch in BasicTrainer:
loss = 9.355090713500976
INFO    [05-20 19:09:38] validate in BasicTrainer:
{'Recall@10': 0.033208175347401545, 'NDCG@10': 0.018045413594406385, 'MRR@10': 0.013479333442564193, 'Recall@5': 0.02077207800287467, 'NDCG@5': 0.014056671410799026, 'MRR@5': 0.011852005353340736, 'Recall*@10': 0.0363052196514148, 'NDCG*@10': 0.019710131705953524, 'MRR*@10': 0.01471983863470646, 'Recall*@5': 0.022461279653585874, 'NDCG*@5': 0.015262466497146167, 'MRR*@5': 0.012900919151993899}
INFO    [05-20 19:09:38] train in BasicTrainer:
duration: 37.48999094963074s
INFO    [05-20 19:09:38] train in BasicTrainer:
epoch: 4
INFO    [05-20 19:09:47] _train_one_epoch in BasicTrainer:
loss = 9.271074364402077
INFO    [05-20 19:10:15] validate in BasicTrainer:
{'Recall@10': 0.03318732489760105, 'NDCG@10': 0.0180775596258732, 'MRR@10': 0.013511209032283379, 'Recall@5': 0.02143766186558283, 'NDCG@5': 0.014314202305216055, 'MRR@5': 0.011979608939817319, 'Recall*@10': 0.03617874031456617, 'NDCG*@10': 0.019888443155930594, 'MRR*@10': 0.014961820597258898, 'Recall*@5': 0.023623417776364546, 'NDCG*@5': 0.015867623643806346, 'MRR*@5': 0.013325701969174238}
INFO    [05-20 19:10:15] train in BasicTrainer:
duration: 37.367369174957275s
INFO    [05-20 19:10:15] train in BasicTrainer:
epoch: 5
INFO    [05-20 19:10:25] _train_one_epoch in BasicTrainer:
loss = 9.159177346663041
INFO    [05-20 19:10:54] validate in BasicTrainer:
{'Recall@10': 0.03344610448067005, 'NDCG@10': 0.018004984308320742, 'MRR@10': 0.013320888822468428, 'Recall@5': 0.022188863788659755, 'NDCG@5': 0.014409517797713097, 'MRR@5': 0.011863056785212113, 'Recall*@10': 0.03644667393886126, 'NDCG*@10': 0.019842203419942122, 'MRR*@10': 0.01480634195300249, 'Recall*@5': 0.02419276936696126, 'NDCG*@5': 0.01593233086168766, 'MRR*@5': 0.013223461018731961}
INFO    [05-20 19:10:54] train in BasicTrainer:
duration: 38.37049841880798s
INFO    [05-20 19:10:54] train in BasicTrainer:
epoch: 6
INFO    [05-20 19:11:03] _train_one_epoch in BasicTrainer:
loss = 9.047022836858575
INFO    [05-20 19:11:31] validate in BasicTrainer:
{'Recall@10': 0.0357205609862621, 'NDCG@10': 0.018966055260254785, 'MRR@10': 0.013882059747209916, 'Recall@5': 0.023292745535190288, 'NDCG@5': 0.014965956672452964, 'MRR@5': 0.012241787205521878, 'Recall*@10': 0.03946022574718182, 'NDCG*@10': 0.02104917412193922, 'MRR*@10': 0.015462416510742445, 'Recall*@5': 0.02587745037789528, 'NDCG*@5': 0.016686659592848558, 'MRR*@5': 0.013678952550085692}
INFO    [05-20 19:11:31] train in BasicTrainer:
duration: 37.47246026992798s
INFO    [05-20 19:11:31] train in BasicTrainer:
epoch: 7
INFO    [05-20 19:11:41] _train_one_epoch in BasicTrainer:
loss = 8.958987600153142
INFO    [05-20 19:12:10] log in loggers:
Update Best NDCG@10 Model at 7
INFO    [05-20 19:12:11] validate in BasicTrainer:
{'Recall@10': 0.03748574021917123, 'NDCG@10': 0.019862193470964067, 'MRR@10': 0.014526643002262482, 'Recall@5': 0.024398697826724786, 'NDCG@5': 0.015681378185175933, 'MRR@5': 0.012830878751209149, 'Recall*@10': 0.04076159860079105, 'NDCG*@10': 0.02166483336343215, 'MRR*@10': 0.01588527192003452, 'Recall*@5': 0.026436723625430696, 'NDCG*@5': 0.0170881524682045, 'MRR*@5': 0.014028685668913217}
INFO    [05-20 19:12:11] train in BasicTrainer:
duration: 39.37144899368286s
INFO    [05-20 19:12:11] train in BasicTrainer:
epoch: 8
INFO    [05-20 19:12:20] _train_one_epoch in BasicTrainer:
loss = 8.888369889692827
INFO    [05-20 19:12:49] log in loggers:
Update Best NDCG@10 Model at 8
INFO    [05-20 19:12:49] validate in BasicTrainer:
{'Recall@10': 0.03847058489918709, 'NDCG@10': 0.02057031699671195, 'MRR@10': 0.01513077225536108, 'Recall@5': 0.025291712811359994, 'NDCG@5': 0.016348503315104887, 'MRR@5': 0.013411453351951562, 'Recall*@10': 0.04189695417881012, 'NDCG*@10': 0.022438757981245335, 'MRR*@10': 0.016524401063529346, 'Recall*@5': 0.027699720257749923, 'NDCG*@5': 0.01789382343681959, 'MRR*@5': 0.01467518422466058}
INFO    [05-20 19:12:49] train in BasicTrainer:
duration: 38.38264465332031s
INFO    [05-20 19:12:49] train in BasicTrainer:
epoch: 9
INFO    [05-20 19:12:58] _train_one_epoch in BasicTrainer:
loss = 8.82488377311013
INFO    [05-20 19:13:26] log in loggers:
Update Best NDCG@10 Model at 9
INFO    [05-20 19:13:26] validate in BasicTrainer:
{'Recall@10': 0.038833762590701766, 'NDCG@10': 0.020899182472091455, 'MRR@10': 0.015455980212069474, 'Recall@5': 0.025414890967882596, 'NDCG@5': 0.01657394993190582, 'MRR@5': 0.01367861397850972, 'Recall*@10': 0.0425841690829167, 'NDCG*@10': 0.02293186319562105, 'MRR*@10': 0.016969329534241788, 'Recall*@5': 0.027616268167128928, 'NDCG*@5': 0.018100980167778637, 'MRR*@5': 0.014980356208980083}
INFO    [05-20 19:13:26] train in BasicTrainer:
duration: 37.44264268875122s
INFO    [05-20 19:13:26] train in BasicTrainer:
epoch: 10
INFO    [05-20 19:13:35] _train_one_epoch in BasicTrainer:
loss = 8.753700256347656
INFO    [05-20 19:14:04] log in loggers:
Update Best NDCG@10 Model at 10
INFO    [05-20 19:14:04] validate in BasicTrainer:
{'Recall@10': 0.041277239528986126, 'NDCG@10': 0.021971421172985665, 'MRR@10': 0.01612877380102873, 'Recall@5': 0.026506204301348098, 'NDCG@5': 0.017239399827443637, 'MRR@5': 0.014202212198422505, 'Recall*@10': 0.04541754865875611, 'NDCG*@10': 0.0241920486665689, 'MRR*@10': 0.017770478358635537, 'Recall*@5': 0.02912948137292495, 'NDCG*@5': 0.018975810291102298, 'MRR*@5': 0.015647973507069625}
INFO    [05-20 19:14:04] train in BasicTrainer:
duration: 37.90793752670288s
INFO    [05-20 19:14:04] train in BasicTrainer:
epoch: 11
INFO    [05-20 19:14:13] _train_one_epoch in BasicTrainer:
loss = 8.667665100097656
INFO    [05-20 19:14:41] log in loggers:
Update Best NDCG@10 Model at 11
INFO    [05-20 19:14:42] validate in BasicTrainer:
{'Recall@10': 0.04145882823146307, 'NDCG@10': 0.02204993195258654, 'MRR@10': 0.016171867314439554, 'Recall@5': 0.026750344926348098, 'NDCG@5': 0.0173226365676293, 'MRR@5': 0.014237488046861611, 'Recall*@10': 0.04557771923450323, 'NDCG*@10': 0.024285187801489465, 'MRR*@10': 0.01783365999849943, 'Recall*@5': 0.029504630714654922, 'NDCG*@5': 0.019114657305181026, 'MRR*@5': 0.01571517473516556}
INFO    [05-20 19:14:42] train in BasicTrainer:
duration: 37.25904583930969s
INFO    [05-20 19:14:42] train in BasicTrainer:
epoch: 12
INFO    [05-20 19:14:51] _train_one_epoch in BasicTrainer:
loss = 8.574033858559348
INFO    [05-20 19:15:20] validate in BasicTrainer:
{'Recall@10': 0.04032359788051018, 'NDCG@10': 0.021619193972303316, 'MRR@10': 0.015952656618677653, 'Recall@5': 0.026072192650574904, 'NDCG@5': 0.0170406884012314, 'MRR@5': 0.014080477520250358, 'Recall*@10': 0.04398185501878078, 'NDCG*@10': 0.023476944806484077, 'MRR*@10': 0.017265189725619096, 'Recall*@5': 0.028269166699968852, 'NDCG*@5': 0.018425201782240316, 'MRR*@5': 0.015197337963260137}
INFO    [05-20 19:15:20] train in BasicTrainer:
duration: 37.99842190742493s
INFO    [05-20 19:15:20] train in BasicTrainer:
epoch: 13
INFO    [05-20 19:15:28] _train_one_epoch in BasicTrainer:
loss = 8.485274106805974
INFO    [05-20 19:15:57] log in loggers:
Update Best NDCG@10 Model at 13
INFO    [05-20 19:15:57] validate in BasicTrainer:
{'Recall@10': 0.04179479869512411, 'NDCG@10': 0.02230950129719881, 'MRR@10': 0.016406838352290485, 'Recall@5': 0.02718642712212526, 'NDCG@5': 0.017626152732051335, 'MRR@5': 0.014498035423457623, 'Recall*@10': 0.045282673090696335, 'NDCG*@10': 0.024322869829260386, 'MRR*@10': 0.017973237312757052, 'Recall*@5': 0.029687016629255734, 'NDCG*@5': 0.019329574818794545, 'MRR*@5': 0.01594179904518219}
INFO    [05-20 19:15:57] train in BasicTrainer:
duration: 37.2629451751709s
INFO    [05-20 19:15:57] train in BasicTrainer:
epoch: 14
INFO    [05-20 19:16:06] _train_one_epoch in BasicTrainer:
loss = 8.399579186873002
INFO    [05-20 19:16:35] validate in BasicTrainer:
{'Recall@10': 0.0409142068372323, 'NDCG@10': 0.021894667440882094, 'MRR@10': 0.01613048206155117, 'Recall@5': 0.026643876272898454, 'NDCG@5': 0.017314079504173536, 'MRR@5': 0.014259938508845292, 'Recall*@10': 0.044388727786449284, 'NDCG*@10': 0.02383366284462122, 'MRR*@10': 0.01759669055732397, 'Recall*@5': 0.02918736507686285, 'NDCG*@5': 0.018962070632439394, 'MRR*@5': 0.015611982259612817}
INFO    [05-20 19:16:35] train in BasicTrainer:
duration: 37.765692710876465s
INFO    [05-20 19:16:35] train in BasicTrainer:
epoch: 15
INFO    [05-20 19:16:44] _train_one_epoch in BasicTrainer:
loss = 8.317483572526411
INFO    [05-20 19:17:12] validate in BasicTrainer:
{'Recall@10': 0.04039871807281788, 'NDCG@10': 0.02140603601359404, 'MRR@10': 0.01563220112942732, 'Recall@5': 0.026339254413659755, 'NDCG@5': 0.016871369443833828, 'MRR@5': 0.013767493387254385, 'Recall*@10': 0.043955761939287186, 'NDCG*@10': 0.023348493501544, 'MRR*@10': 0.017084415142352764, 'Recall*@5': 0.028575569104689818, 'NDCG*@5': 0.01838832814246416, 'MRR*@5': 0.01504500754750692}
INFO    [05-20 19:17:12] train in BasicTrainer:
duration: 37.32915282249451s
INFO    [05-20 19:17:12] train in BasicTrainer:
epoch: 16
INFO    [05-20 19:17:21] _train_one_epoch in BasicTrainer:
loss = 8.236118576743387
INFO    [05-20 19:17:50] validate in BasicTrainer:
{'Recall@10': 0.039395238631046735, 'NDCG@10': 0.021635003961049594, 'MRR@10': 0.016218540975107595, 'Recall@5': 0.02663145300287467, 'NDCG@5': 0.01752067643862504, 'MRR@5': 0.01452848007186101, 'Recall*@10': 0.042743038959228076, 'NDCG*@10': 0.023348469143876664, 'MRR*@10': 0.017439756685724624, 'Recall*@5': 0.02870252886070655, 'NDCG*@5': 0.018823022166123755, 'MRR*@5': 0.01558105511447558}
INFO    [05-20 19:17:50] train in BasicTrainer:
duration: 38.19235062599182s
INFO    [05-20 19:17:50] train in BasicTrainer:
epoch: 17
INFO    [05-20 19:17:59] _train_one_epoch in BasicTrainer:
loss = 8.162258009477096
INFO    [05-20 19:18:28] validate in BasicTrainer:
{'Recall@10': 0.039966922253370285, 'NDCG@10': 0.021282562269614294, 'MRR@10': 0.015622856955115613, 'Recall@5': 0.025884392169805672, 'NDCG@5': 0.016760990811655156, 'MRR@5': 0.013775762170553207, 'Recall*@10': 0.04280207965236444, 'NDCG*@10': 0.02289171087054106, 'MRR*@10': 0.01685656377902398, 'Recall*@5': 0.027944858830708724, 'NDCG*@5': 0.018121390173641536, 'MRR*@5': 0.0149077232210682}
INFO    [05-20 19:18:28] train in BasicTrainer:
duration: 37.597121477127075s
INFO    [05-20 19:18:28] train in BasicTrainer:
epoch: 18
INFO    [05-20 19:18:37] _train_one_epoch in BasicTrainer:
loss = 8.083651837435635
INFO    [05-20 19:19:06] validate in BasicTrainer:
{'Recall@10': 0.04025705044086163, 'NDCG@10': 0.021698366850614548, 'MRR@10': 0.0160579988732934, 'Recall@5': 0.026708643740186326, 'NDCG@5': 0.01735388286984884, 'MRR@5': 0.014286155812442303, 'Recall*@10': 0.043375988132678546, 'NDCG*@10': 0.02341968107682008, 'MRR*@10': 0.017358137437930472, 'Recall*@5': 0.02874720526429323, 'NDCG*@5': 0.01872794430416364, 'MRR*@5': 0.015444134863523336}
INFO    [05-20 19:19:06] train in BasicTrainer:
duration: 38.58537840843201s
INFO    [05-20 19:19:06] train in BasicTrainer:
epoch: 19
INFO    [05-20 19:19:15] _train_one_epoch in BasicTrainer:
loss = 8.00966528112238
INFO    [05-20 19:19:44] validate in BasicTrainer:
{'Recall@10': 0.03885061723681597, 'NDCG@10': 0.021081573544786528, 'MRR@10': 0.015712428049972423, 'Recall@5': 0.02509355960557094, 'NDCG@5': 0.01667443920786564, 'MRR@5': 0.013917719372189961, 'Recall*@10': 0.041660256970387236, 'NDCG*@10': 0.022573556607732408, 'MRR*@10': 0.016808692294244584, 'Recall*@5': 0.02689249226107047, 'NDCG*@5': 0.01784895510914234, 'MRR*@5': 0.014888605962579068}
INFO    [05-20 19:19:44] train in BasicTrainer:
duration: 37.17175340652466s
INFO    [05-20 19:19:44] train in BasicTrainer:
epoch: 20
INFO    [05-20 19:19:53] _train_one_epoch in BasicTrainer:
loss = 7.9376049388538705
INFO    [05-20 19:20:22] log in loggers:
Update Best NDCG@10 Model at 20
INFO    [05-20 19:20:22] validate in BasicTrainer:
{'Recall@10': 0.041540160202063046, 'NDCG@10': 0.02255195966706826, 'MRR@10': 0.0167954947369603, 'Recall@5': 0.027463986753271177, 'NDCG@5': 0.018030200010308854, 'MRR@5': 0.014947280574303407, 'Recall*@10': 0.04461590745128118, 'NDCG*@10': 0.024133811633174237, 'MRR*@10': 0.017927707316210635, 'Recall*@5': 0.029292368974823218, 'NDCG*@5': 0.019210466398642614, 'MRR*@5': 0.01591469419117157}
INFO    [05-20 19:20:22] train in BasicTrainer:
duration: 38.91897773742676s
INFO    [05-20 19:20:22] train in BasicTrainer:
epoch: 21
INFO    [05-20 19:20:31] _train_one_epoch in BasicTrainer:
loss = 7.867329770868475
INFO    [05-20 19:21:00] validate in BasicTrainer:
{'Recall@10': 0.04041350231720851, 'NDCG@10': 0.02236012125817629, 'MRR@10': 0.01687521444490323, 'Recall@5': 0.0269255769940523, 'NDCG@5': 0.018006118802497022, 'MRR@5': 0.01508287268762405, 'Recall*@10': 0.04330187319562985, 'NDCG*@10': 0.023882653994055893, 'MRR*@10': 0.017986962285179358, 'Recall*@5': 0.02859324016250097, 'NDCG*@5': 0.01913038555246133, 'MRR*@5': 0.01602824662740414}
INFO    [05-20 19:21:00] train in BasicTrainer:
duration: 37.67127227783203s
INFO    [05-20 19:21:00] train in BasicTrainer:
epoch: 22
INFO    [05-20 19:21:09] _train_one_epoch in BasicTrainer:
loss = 7.796516652540727
INFO    [05-20 19:21:39] validate in BasicTrainer:
{'Recall@10': 0.040319457077063046, 'NDCG@10': 0.02214613685814234, 'MRR@10': 0.016641375465461843, 'Recall@5': 0.026579108805610582, 'NDCG@5': 0.01772957144734951, 'MRR@5': 0.014834623425625838, 'Recall*@10': 0.04320348455355717, 'NDCG*@10': 0.02364197774575307, 'MRR*@10': 0.01772852435421485, 'Recall*@5': 0.028181395421807583, 'NDCG*@5': 0.018821111378761437, 'MRR*@5': 0.015760957120129697}
INFO    [05-20 19:21:39] train in BasicTrainer:
duration: 38.86006188392639s
INFO    [05-20 19:21:39] train in BasicTrainer:
epoch: 23
INFO    [05-20 19:21:48] _train_one_epoch in BasicTrainer:
loss = 7.733661296150901
INFO    [05-20 19:22:17] log in loggers:
Update Best NDCG@10 Model at 23
INFO    [05-20 19:22:17] validate in BasicTrainer:
{'Recall@10': 0.04116027286419502, 'NDCG@10': 0.022727933783943836, 'MRR@10': 0.017137289477082398, 'Recall@5': 0.02725311999137585, 'NDCG@5': 0.01825745625851246, 'MRR@5': 0.015307856652025994, 'Recall*@10': 0.04419340508488508, 'NDCG*@10': 0.024270661605092194, 'MRR*@10': 0.01823392388625787, 'Recall*@5': 0.029055439938719455, 'NDCG*@5': 0.019403761109480493, 'MRR*@5': 0.01624197892558116}
INFO    [05-20 19:22:17] train in BasicTrainer:
duration: 38.430699825286865s
INFO    [05-20 19:22:17] train in BasicTrainer:
epoch: 24
INFO    [05-20 19:22:27] _train_one_epoch in BasicTrainer:
loss = 7.671322198347612
INFO    [05-20 19:22:57] validate in BasicTrainer:
{'Recall@10': 0.04058444815186354, 'NDCG@10': 0.022445426250879582, 'MRR@10': 0.016943345562769815, 'Recall@5': 0.026867021161776323, 'NDCG@5': 0.018036100082099438, 'MRR@5': 0.015139117120550228, 'Recall*@10': 0.04343832112275637, 'NDCG*@10': 0.02390032920699853, 'MRR*@10': 0.017982890113041952, 'Recall*@5': 0.02846576474033869, 'NDCG*@5': 0.019087745879705135, 'MRR*@5': 0.01601384300738573}
INFO    [05-20 19:22:57] train in BasicTrainer:
duration: 39.131810426712036s
INFO    [05-20 19:22:57] train in BasicTrainer:
epoch: 25
INFO    [05-20 19:23:05] _train_one_epoch in BasicTrainer:
loss = 7.604917378859087
INFO    [05-20 19:23:34] validate in BasicTrainer:
{'Recall@10': 0.040236054704739496, 'NDCG@10': 0.022539702315743152, 'MRR@10': 0.01715578934034476, 'Recall@5': 0.02703604159446863, 'NDCG@5': 0.01829005190386222, 'MRR@5': 0.015413699170144705, 'Recall*@10': 0.043111190772973575, 'NDCG*@10': 0.023937706334086564, 'MRR*@10': 0.018109756593520824, 'Recall*@5': 0.028684375234521352, 'NDCG*@5': 0.019285857534179322, 'MRR*@5': 0.016198504501237318}
INFO    [05-20 19:23:34] train in BasicTrainer:
duration: 37.222179889678955s
INFO    [05-20 19:23:34] train in BasicTrainer:
epoch: 26
INFO    [05-20 19:23:43] _train_one_epoch in BasicTrainer:
loss = 7.543515569513494
INFO    [05-20 19:24:13] log in loggers:
Update Best NDCG@10 Model at 26
INFO    [05-20 19:24:13] validate in BasicTrainer:
{'Recall@10': 0.041677832030333005, 'NDCG@10': 0.02336596568616537, 'MRR@10': 0.01780815587307398, 'Recall@5': 0.0283215121867565, 'NDCG@5': 0.019099689876803987, 'MRR@5': 0.016078314170814477, 'Recall*@10': 0.0446076373068186, 'NDCG*@10': 0.024861113526500188, 'MRR*@10': 0.01886851190087887, 'Recall*@5': 0.03022671892092778, 'NDCG*@5': 0.02026644764611354, 'MRR*@5': 0.01700493600219488}
INFO    [05-20 19:24:13] train in BasicTrainer:
duration: 39.01720428466797s
INFO    [05-20 19:24:13] train in BasicTrainer:
epoch: 27
INFO    [05-20 19:24:22] _train_one_epoch in BasicTrainer:
loss = 7.4835057171908295
INFO    [05-20 19:24:51] validate in BasicTrainer:
{'Recall@10': 0.04130237606855539, 'NDCG@10': 0.023262909541909512, 'MRR@10': 0.017803671268316414, 'Recall@5': 0.02727825681750591, 'NDCG@5': 0.01876759400161413, 'MRR@5': 0.01597127762551491, 'Recall*@10': 0.04408387983074555, 'NDCG*@10': 0.024821804263270818, 'MRR*@10': 0.01899838404586682, 'Recall*@5': 0.028949297248170927, 'NDCG*@5': 0.019969887888202302, 'MRR*@5': 0.017020198301627085}
INFO    [05-20 19:24:51] train in BasicTrainer:
duration: 38.09072685241699s
INFO    [05-20 19:24:51] train in BasicTrainer:
epoch: 28
INFO    [05-20 19:25:00] _train_one_epoch in BasicTrainer:
loss = 7.425917365334251
INFO    [05-20 19:25:28] log in loggers:
Update Best NDCG@10 Model at 28
INFO    [05-20 19:25:29] validate in BasicTrainer:
{'Recall@10': 0.04224330416092506, 'NDCG@10': 0.023691807945187274, 'MRR@10': 0.01806079768217527, 'Recall@5': 0.02823589412638774, 'NDCG@5': 0.019198148009868767, 'MRR@5': 0.01622727713905848, 'Recall*@10': 0.045295173732134014, 'NDCG*@10': 0.025258240934747916, 'MRR*@10': 0.019186307246295307, 'Recall*@5': 0.02981215572127929, 'NDCG*@5': 0.020294614422779817, 'MRR*@5': 0.0171633493871643}
INFO    [05-20 19:25:29] train in BasicTrainer:
duration: 37.61310338973999s
INFO    [05-20 19:25:29] train in BasicTrainer:
epoch: 29
INFO    [05-20 19:25:37] _train_one_epoch in BasicTrainer:
loss = 7.369580485604026
INFO    [05-20 19:26:13] log in loggers:
Update Best NDCG@10 Model at 29
INFO    [05-20 19:26:18] validate in BasicTrainer:
{'Recall@10': 0.04297143965959549, 'NDCG@10': 0.024228264935887776, 'MRR@10': 0.018523873044894293, 'Recall@5': 0.029496227892545555, 'NDCG@5': 0.01990128093614028, 'MRR@5': 0.016755830998030994, 'Recall*@10': 0.04584711818740918, 'NDCG*@10': 0.02568179856126125, 'MRR*@10': 0.0195511424770722, 'Recall*@5': 0.03137338777574209, 'NDCG*@5': 0.021044214757589195, 'MRR*@5': 0.01766206259624316}
INFO    [05-20 19:26:18] train in BasicTrainer:
duration: 49.4268913269043s
INFO    [05-20 19:26:18] train in BasicTrainer:
epoch: 30
INFO    [05-20 19:26:27] _train_one_epoch in BasicTrainer:
loss = 7.31167820150202
INFO    [05-20 19:26:55] validate in BasicTrainer:
{'Recall@10': 0.04237890530091066, 'NDCG@10': 0.023779409006237984, 'MRR@10': 0.018105481966183737, 'Recall@5': 0.028930755905233897, 'NDCG@5': 0.019440846947523262, 'MRR@5': 0.016321107243689206, 'Recall*@10': 0.045078715739341885, 'NDCG*@10': 0.025218934966967657, 'MRR*@10': 0.019165941728995398, 'Recall*@5': 0.03070195993551841, 'NDCG*@5': 0.02057974499005538, 'MRR*@5': 0.01725749936527931}
INFO    [05-20 19:26:55] train in BasicTrainer:
duration: 37.241241455078125s
INFO    [05-20 19:26:55] train in BasicTrainer:
epoch: 31
INFO    [05-20 19:27:04] _train_one_epoch in BasicTrainer:
loss = 7.262481039220637
INFO    [05-20 19:27:33] validate in BasicTrainer:
{'Recall@10': 0.04235805485111017, 'NDCG@10': 0.024157872423529625, 'MRR@10': 0.018618279279997714, 'Recall@5': 0.029149759847384233, 'NDCG@5': 0.019913549749897078, 'MRR@5': 0.016882323659956455, 'Recall*@10': 0.044891857757018164, 'NDCG*@10': 0.02551582785179982, 'MRR*@10': 0.019627772844754733, 'Recall*@5': 0.03061943558546213, 'NDCG*@5': 0.020927404554990623, 'MRR*@5': 0.01774984884720582}
INFO    [05-20 19:27:33] train in BasicTrainer:
duration: 37.91947865486145s
INFO    [05-20 19:27:33] train in BasicTrainer:
epoch: 32
INFO    [05-20 19:27:42] _train_one_epoch in BasicTrainer:
loss = 7.208962275765159
INFO    [05-20 19:28:11] log in loggers:
Update Best NDCG@10 Model at 32
INFO    [05-20 19:28:11] validate in BasicTrainer:
{'Recall@10': 0.043054987031679884, 'NDCG@10': 0.024267140919199355, 'MRR@10': 0.018577103001567032, 'Recall@5': 0.028644914094072122, 'NDCG@5': 0.019656302264103524, 'MRR@5': 0.016702546881368525, 'Recall*@10': 0.04588541101950865, 'NDCG*@10': 0.025568669948440332, 'MRR*@10': 0.019423953973903105, 'Recall*@5': 0.03028197056398942, 'NDCG*@5': 0.02058693437049022, 'MRR*@5': 0.017405162995251324}
INFO    [05-20 19:28:11] train in BasicTrainer:
duration: 37.84371542930603s
INFO    [05-20 19:28:11] train in BasicTrainer:
epoch: 33
INFO    [05-20 19:28:20] _train_one_epoch in BasicTrainer:
loss = 7.1568959149447355
INFO    [05-20 19:28:49] validate in BasicTrainer:
{'Recall@10': 0.04209734986607845, 'NDCG@10': 0.024185879012713067, 'MRR@10': 0.018728614713136967, 'Recall@5': 0.0292896473636994, 'NDCG@5': 0.02006096220933474, 'MRR@5': 0.017036228297421567, 'Recall*@10': 0.04485892389829342, 'NDCG*@10': 0.025540329802494783, 'MRR*@10': 0.019659125819229163, 'Recall*@5': 0.030895645228716042, 'NDCG*@5': 0.021039773208590653, 'MRR*@5': 0.017810695374814365}
INFO    [05-20 19:28:49] train in BasicTrainer:
duration: 38.25251746177673s
INFO    [05-20 19:28:49] train in BasicTrainer:
epoch: 34
INFO    [05-20 19:28:58] _train_one_epoch in BasicTrainer:
loss = 7.110528026927601
INFO    [05-20 19:29:27] validate in BasicTrainer:
{'Recall@10': 0.04189269473919502, 'NDCG@10': 0.02377926429303793, 'MRR@10': 0.018275338439987257, 'Recall@5': 0.028269167989492416, 'NDCG@5': 0.01939184605502165, 'MRR@5': 0.01647504698485136, 'Recall*@10': 0.0445111388197312, 'NDCG*@10': 0.02507614831511791, 'MRR*@10': 0.01916436994305024, 'Recall*@5': 0.030003883947546665, 'NDCG*@5': 0.02040124498307705, 'MRR*@5': 0.017244402032632094}
INFO    [05-20 19:29:27] train in BasicTrainer:
duration: 37.43152570724487s
INFO    [05-20 19:29:27] train in BasicTrainer:
epoch: 35
INFO    [05-20 19:29:36] _train_one_epoch in BasicTrainer:
loss = 7.066829733415084
INFO    [05-20 19:30:05] log in loggers:
Update Best NDCG@10 Model at 35
INFO    [05-20 19:30:05] validate in BasicTrainer:
{'Recall@10': 0.04282962645475681, 'NDCG@10': 0.024791410479408044, 'MRR@10': 0.01930388192144724, 'Recall@5': 0.02966938941524579, 'NDCG@5': 0.020579510296766575, 'MRR@5': 0.0175912816507312, 'Recall*@10': 0.045355976201020755, 'NDCG*@10': 0.02601348809324778, 'MRR*@10': 0.02012600749731064, 'Recall*@5': 0.03131320814673717, 'NDCG*@5': 0.02152297258950197, 'MRR*@5': 0.018302426100350343}
INFO    [05-20 19:30:05] train in BasicTrainer:
duration: 38.849607706069946s
INFO    [05-20 19:30:05] train in BasicTrainer:
epoch: 36
INFO    [05-20 19:30:14] _train_one_epoch in BasicTrainer:
loss = 7.018472489443693
INFO    [05-20 19:30:43] validate in BasicTrainer:
{'Recall@10': 0.04299450608400198, 'NDCG@10': 0.02462802526469414, 'MRR@10': 0.019048632624057624, 'Recall@5': 0.02920195861504628, 'NDCG@5': 0.02019793439943057, 'MRR@5': 0.01723808551637026, 'Recall*@10': 0.04523897973390726, 'NDCG*@10': 0.025696922953312214, 'MRR*@10': 0.019762839692143295, 'Recall*@5': 0.030520503051005878, 'NDCG*@5': 0.020972452627924774, 'MRR*@5': 0.01783376710059551}
INFO    [05-20 19:30:43] train in BasicTrainer:
duration: 37.72519874572754s
INFO    [05-20 19:30:43] train in BasicTrainer:
epoch: 37
INFO    [05-20 19:30:53] _train_one_epoch in BasicTrainer:
loss = 6.975571086189964
INFO    [05-20 19:31:22] log in loggers:
Update Best NDCG@10 Model at 37
INFO    [05-20 19:31:22] validate in BasicTrainer:
{'Recall@10': 0.04293609525148685, 'NDCG@10': 0.024993682853304423, 'MRR@10': 0.01953216069019758, 'Recall@5': 0.029907318405233897, 'NDCG@5': 0.020796427933069375, 'MRR@5': 0.017809938209561203, 'Recall*@10': 0.04493445100692602, 'NDCG*@10': 0.02610366204037116, 'MRR*@10': 0.020371900011713687, 'Recall*@5': 0.031141233415557787, 'NDCG*@5': 0.02165160127557241, 'MRR*@5': 0.018540426443975706}
INFO    [05-20 19:31:22] train in BasicTrainer:
duration: 38.96157217025757s
INFO    [05-20 19:31:22] train in BasicTrainer:
epoch: 38
INFO    [05-20 19:31:31] _train_one_epoch in BasicTrainer:
loss = 6.930276133797386
INFO    [05-20 19:31:59] validate in BasicTrainer:
{'Recall@10': 0.04328877507494046, 'NDCG@10': 0.024905949687728517, 'MRR@10': 0.0193194797119269, 'Recall@5': 0.029880111034099873, 'NDCG@5': 0.02060560452250334, 'MRR@5': 0.017565612967770834, 'Recall*@10': 0.04583335037414844, 'NDCG*@10': 0.026112275771223582, 'MRR*@10': 0.020115906515946753, 'Recall*@5': 0.031481000093313366, 'NDCG*@5': 0.021507017457714446, 'MRR*@5': 0.018236452928529337}
INFO    [05-20 19:31:59] train in BasicTrainer:
duration: 37.10263705253601s
INFO    [05-20 19:31:59] train in BasicTrainer:
epoch: 39
INFO    [05-20 19:32:09] _train_one_epoch in BasicTrainer:
loss = 6.8929349552501336
INFO    [05-20 19:32:38] log in loggers:
Update Best NDCG@10 Model at 39
INFO    [05-20 19:32:38] validate in BasicTrainer:
{'Recall@10': 0.044711772639017835, 'NDCG@10': 0.025919464631722525, 'MRR@10': 0.020218009057526406, 'Recall@5': 0.03067922592163086, 'NDCG@5': 0.021413658387385882, 'MRR@5': 0.018377277426994763, 'Recall*@10': 0.04719413071870804, 'NDCG*@10': 0.027327294389788922, 'MRR*@10': 0.021293025750380296, 'Recall*@5': 0.03248080396308349, 'NDCG*@5': 0.022594436143453304, 'MRR*@5': 0.019354640076366756}
INFO    [05-20 19:32:38] train in BasicTrainer:
duration: 39.05879759788513s
INFO    [05-20 19:32:38] train in BasicTrainer:
epoch: 40
INFO    [05-20 19:32:47] _train_one_epoch in BasicTrainer:
loss = 6.853111431815408
INFO    [05-20 19:33:15] validate in BasicTrainer:
{'Recall@10': 0.04351191996381833, 'NDCG@10': 0.025118144802176036, 'MRR@10': 0.01953546222872459, 'Recall@5': 0.02980084975178425, 'NDCG@5': 0.02071385859296872, 'MRR@5': 0.01773454535465974, 'Recall*@10': 0.04590391253049557, 'NDCG*@10': 0.02641763724386692, 'MRR*@10': 0.020500919996545866, 'Recall*@5': 0.03152024516692528, 'NDCG*@5': 0.021798645074550923, 'MRR*@5': 0.018612943589687347}
INFO    [05-20 19:33:15] train in BasicTrainer:
duration: 37.03653812408447s
INFO    [05-20 19:33:15] train in BasicTrainer:
epoch: 41
INFO    [05-20 19:33:25] _train_one_epoch in BasicTrainer:
loss = 6.818501654538241
INFO    [05-20 19:33:54] validate in BasicTrainer:
{'Recall@10': 0.04308633563610224, 'NDCG@10': 0.025169434742285654, 'MRR@10': 0.01971225211253533, 'Recall@5': 0.030385101643892434, 'NDCG@5': 0.021067059240662135, 'MRR@5': 0.018022269583665408, 'Recall*@10': 0.045288387972574964, 'NDCG*@10': 0.02622938399704603, 'MRR*@10': 0.020424558852727596, 'Recall*@5': 0.03187585220887111, 'NDCG*@5': 0.02190277696802066, 'MRR*@5': 0.01864544338045212}
INFO    [05-20 19:33:54] train in BasicTrainer:
duration: 38.39446973800659s
INFO    [05-20 19:33:54] train in BasicTrainer:
epoch: 42
INFO    [05-20 19:34:03] _train_one_epoch in BasicTrainer:
loss = 6.784472430836071
INFO    [05-20 19:34:32] validate in BasicTrainer:
{'Recall@10': 0.0440022716155419, 'NDCG@10': 0.025516927385559447, 'MRR@10': 0.019876623669495948, 'Recall@5': 0.03072521319756141, 'NDCG@5': 0.021229055638496693, 'MRR@5': 0.018109864483659085, 'Recall*@10': 0.046266306478243605, 'NDCG*@10': 0.026718724375733964, 'MRR*@10': 0.020757257795104615, 'Recall*@5': 0.03215197144219509, 'NDCG*@5': 0.022153642744972155, 'MRR*@5': 0.018872309046295974}
INFO    [05-20 19:34:32] train in BasicTrainer:
duration: 37.98173785209656s
INFO    [05-20 19:34:32] train in BasicTrainer:
epoch: 43
INFO    [05-20 19:34:40] _train_one_epoch in BasicTrainer:
loss = 6.748319235714999
INFO    [05-20 19:35:09] validate in BasicTrainer:
{'Recall@10': 0.04392508102151064, 'NDCG@10': 0.025603289644305523, 'MRR@10': 0.02003444215426078, 'Recall@5': 0.030537267717031333, 'NDCG@5': 0.02131509666259472, 'MRR@5': 0.01828873436897993, 'Recall*@10': 0.04631363084683052, 'NDCG*@10': 0.02693618074632608, 'MRR*@10': 0.021046300060473956, 'Recall*@5': 0.03200057421166163, 'NDCG*@5': 0.022346884155502685, 'MRR*@5': 0.019175262835163336}
INFO    [05-20 19:35:09] train in BasicTrainer:
duration: 37.16959476470947s
INFO    [05-20 19:35:09] train in BasicTrainer:
epoch: 44
INFO    [05-20 19:35:17] _train_one_epoch in BasicTrainer:
loss = 6.711183435266668
INFO    [05-20 19:35:47] validate in BasicTrainer:
{'Recall@10': 0.0435077788738104, 'NDCG@10': 0.025637649286251802, 'MRR@10': 0.02022027324598569, 'Recall@5': 0.030124251659099873, 'NDCG@5': 0.021338105058440797, 'MRR@5': 0.018462170488559283, 'Recall*@10': 0.04566713279256454, 'NDCG*@10': 0.026760326125300847, 'MRR*@10': 0.021040106765352763, 'Recall*@5': 0.03122734049191842, 'NDCG*@5': 0.022127490347394578, 'MRR*@5': 0.01914926883406364}
INFO    [05-20 19:35:47] train in BasicTrainer:
duration: 38.39783239364624s
INFO    [05-20 19:35:47] train in BasicTrainer:
epoch: 45
INFO    [05-20 19:35:56] _train_one_epoch in BasicTrainer:
loss = 6.676532320542769
INFO    [05-20 19:36:25] log in loggers:
Update Best NDCG@10 Model at 45
INFO    [05-20 19:36:25] validate in BasicTrainer:
{'Recall@10': 0.04441764836127941, 'NDCG@10': 0.026180211454629898, 'MRR@10': 0.020647892728447914, 'Recall@5': 0.030529130536776323, 'NDCG@5': 0.02169360678929549, 'MRR@5': 0.018798537623996917, 'Recall*@10': 0.04678718258555119, 'NDCG*@10': 0.0274109341777288, 'MRR*@10': 0.02153355456315554, 'Recall*@5': 0.03212876087771012, 'NDCG*@5': 0.02267033148270387, 'MRR*@5': 0.019576438774283115}
INFO    [05-20 19:36:25] train in BasicTrainer:
duration: 37.438698053359985s
INFO    [05-20 19:36:25] train in BasicTrainer:
epoch: 46
INFO    [05-20 19:36:33] _train_one_epoch in BasicTrainer:
loss = 6.646416586095636
INFO    [05-20 19:37:03] validate in BasicTrainer:
{'Recall@10': 0.04400448730358711, 'NDCG@10': 0.02605017417898545, 'MRR@10': 0.02059027595588794, 'Recall@5': 0.03121142375927705, 'NDCG@5': 0.02194338134275033, 'MRR@5': 0.018913168245210096, 'Recall*@10': 0.04609024954529909, 'NDCG*@10': 0.02710048696742608, 'MRR*@10': 0.0213258729244654, 'Recall*@5': 0.03248160518705845, 'NDCG*@5': 0.022725977146854766, 'MRR*@5': 0.01953615018954644}
INFO    [05-20 19:37:03] train in BasicTrainer:
duration: 37.91020655632019s
INFO    [05-20 19:37:03] train in BasicTrainer:
epoch: 47
INFO    [05-20 19:37:12] _train_one_epoch in BasicTrainer:
loss = 6.61355843110518
INFO    [05-20 19:37:40] validate in BasicTrainer:
{'Recall@10': 0.04376034667858711, 'NDCG@10': 0.026001438928338196, 'MRR@10': 0.020604151372726146, 'Recall@5': 0.03067301414333857, 'NDCG@5': 0.021771873705662213, 'MRR@5': 0.018860361610467617, 'Recall*@10': 0.04588690342811438, 'NDCG*@10': 0.0270980170999582, 'MRR*@10': 0.021398832878241174, 'Recall*@5': 0.03179186783157862, 'NDCG*@5': 0.02254804395712339, 'MRR*@5': 0.01952600822998927}
INFO    [05-20 19:37:40] train in BasicTrainer:
duration: 37.54115581512451s
INFO    [05-20 19:37:40] train in BasicTrainer:
epoch: 48
INFO    [05-20 19:37:49] _train_one_epoch in BasicTrainer:
loss = 6.587433927709406
INFO    [05-20 19:38:18] log in loggers:
Update Best NDCG@10 Model at 48
INFO    [05-20 19:38:18] validate in BasicTrainer:
{'Recall@10': 0.044181789916295275, 'NDCG@10': 0.026399771324717082, 'MRR@10': 0.02098391276712601, 'Recall@5': 0.03132203364601502, 'NDCG@5': 0.02225340960117487, 'MRR@5': 0.019279792761573426, 'Recall*@10': 0.04637486974780376, 'NDCG*@10': 0.02759277892227356, 'MRR*@10': 0.021872649828975018, 'Recall*@5': 0.03274492031106582, 'NDCG*@5': 0.023198933268968876, 'MRR*@5': 0.020067287608981133}
INFO    [05-20 19:38:18] train in BasicTrainer:
duration: 38.02976751327515s
INFO    [05-20 19:38:18] train in BasicTrainer:
epoch: 49
INFO    [05-20 19:38:27] _train_one_epoch in BasicTrainer:
loss = 6.552815168554132
INFO    [05-20 19:38:55] log in loggers:
Update Best NDCG@10 Model at 49
INFO    [05-20 19:38:56] validate in BasicTrainer:
{'Recall@10': 0.044590664884218804, 'NDCG@10': 0.026717162762696926, 'MRR@10': 0.02127591248315114, 'Recall@5': 0.03184358890240009, 'NDCG@5': 0.022631454209868725, 'MRR@5': 0.019611130468547344, 'Recall*@10': 0.046782189836868875, 'NDCG*@10': 0.027909330164010707, 'MRR*@10': 0.02216513268649578, 'Recall*@5': 0.033320896327495575, 'NDCG*@5': 0.023597985076216552, 'MRR*@5': 0.020410335694368068}
INFO    [05-20 19:38:56] train in BasicTrainer:
duration: 37.45301151275635s
INFO    [05-20 19:38:56] train in BasicTrainer:
epoch: 50
INFO    [05-20 19:39:05] _train_one_epoch in BasicTrainer:
loss = 6.525126804005016
INFO    [05-20 19:39:34] validate in BasicTrainer:
{'Recall@10': 0.04480360219111809, 'NDCG@10': 0.026709470754632585, 'MRR@10': 0.021182283615836732, 'Recall@5': 0.032398708164691925, 'NDCG@5': 0.02273414570551652, 'MRR@5': 0.01956273429095745, 'Recall*@10': 0.046799140194287665, 'NDCG*@10': 0.0278694132486215, 'MRR*@10': 0.022084324835584715, 'Recall*@5': 0.03380915350638903, 'NDCG*@5': 0.023707565779869374, 'MRR*@5': 0.020389310299203947}
INFO    [05-20 19:39:34] train in BasicTrainer:
duration: 38.086344957351685s
INFO    [05-20 19:39:34] train in BasicTrainer:
epoch: 51
INFO    [05-20 19:39:43] _train_one_epoch in BasicTrainer:
loss = 6.5012735453518955
INFO    [05-20 19:40:11] log in loggers:
Update Best NDCG@10 Model at 51
INFO    [05-20 19:40:11] validate in BasicTrainer:
{'Recall@10': 0.04546918605382626, 'NDCG@10': 0.0268609390522425, 'MRR@10': 0.021200190656460248, 'Recall@5': 0.03207530597081551, 'NDCG@5': 0.022558329340357047, 'MRR@5': 0.01944118279677171, 'Recall*@10': 0.047319041994901806, 'NDCG*@10': 0.02798750824653185, 'MRR*@10': 0.02210319686967593, 'Recall*@5': 0.033455226283807024, 'NDCG*@5': 0.023533934010909155, 'MRR*@5': 0.020282657243884526}
INFO    [05-20 19:40:11] train in BasicTrainer:
duration: 37.67277526855469s
INFO    [05-20 19:40:11] train in BasicTrainer:
epoch: 52
INFO    [05-20 19:40:21] _train_one_epoch in BasicTrainer:
loss = 6.472607335177335
INFO    [05-20 19:40:50] log in loggers:
Update Best NDCG@10 Model at 52
INFO    [05-20 19:40:50] validate in BasicTrainer:
{'Recall@10': 0.04579051755941831, 'NDCG@10': 0.027225908178549547, 'MRR@10': 0.02157542295753956, 'Recall@5': 0.032540521082969814, 'NDCG@5': 0.022977167167342626, 'MRR@5': 0.01984312743521654, 'Recall*@10': 0.04796489299489902, 'NDCG*@10': 0.02847713088760009, 'MRR*@10': 0.022544502495573118, 'Recall*@5': 0.03401818040471811, 'NDCG*@5': 0.02399919439966862, 'MRR*@5': 0.02071544871880458}
INFO    [05-20 19:40:50] train in BasicTrainer:
duration: 38.46731185913086s
INFO    [05-20 19:40:50] train in BasicTrainer:
epoch: 53
INFO    [05-20 19:40:59] _train_one_epoch in BasicTrainer:
loss = 6.447163729234175
INFO    [05-20 19:41:27] log in loggers:
Update Best NDCG@10 Model at 53
INFO    [05-20 19:41:27] validate in BasicTrainer:
{'Recall@10': 0.04586356706344164, 'NDCG@10': 0.027400915725873068, 'MRR@10': 0.02178106256402456, 'Recall@5': 0.032154422253370285, 'NDCG@5': 0.02298151973921519, 'MRR@5': 0.01996442718574634, 'Recall*@10': 0.04808863023152718, 'NDCG*@10': 0.028576579661323473, 'MRR*@10': 0.022637974757414598, 'Recall*@5': 0.033775026695086405, 'NDCG*@5': 0.023978740836565312, 'MRR*@5': 0.020757635195667926}
INFO    [05-20 19:41:27] train in BasicTrainer:
duration: 37.30302810668945s
INFO    [05-20 19:41:27] train in BasicTrainer:
epoch: 54
INFO    [05-20 19:41:37] _train_one_epoch in BasicTrainer:
loss = 6.420502315868031
INFO    [05-20 19:42:06] validate in BasicTrainer:
{'Recall@10': 0.045832363745340936, 'NDCG@10': 0.027199318632483482, 'MRR@10': 0.021521629622349374, 'Recall@5': 0.03244040906429291, 'NDCG@5': 0.022900346093452893, 'MRR@5': 0.019765446965511028, 'Recall*@10': 0.04808003684649101, 'NDCG*@10': 0.028448699042201042, 'MRR*@10': 0.022467134806972284, 'Recall*@5': 0.03397740165774639, 'NDCG*@5': 0.023918109587751903, 'MRR*@5': 0.0206142460497526}
INFO    [05-20 19:42:06] train in BasicTrainer:
duration: 38.62762665748596s
INFO    [05-20 19:42:06] train in BasicTrainer:
epoch: 55
INFO    [05-20 19:42:15] _train_one_epoch in BasicTrainer:
loss = 6.400293480266225
INFO    [05-20 19:42:43] log in loggers:
Update Best NDCG@10 Model at 55
INFO    [05-20 19:42:43] validate in BasicTrainer:
{'Recall@10': 0.04620574901883419, 'NDCG@10': 0.028121832758188248, 'MRR@10': 0.022605801860873517, 'Recall@5': 0.03320610494567798, 'NDCG@5': 0.023918291410574548, 'MRR@5': 0.020871365586152442, 'Recall*@10': 0.048621183404555686, 'NDCG*@10': 0.029369370438731633, 'MRR*@10': 0.023499183213481538, 'Recall*@5': 0.03471894247027544, 'NDCG*@5': 0.024878286541654512, 'MRR*@5': 0.021648459279766448}
INFO    [05-20 19:42:43] train in BasicTrainer:
duration: 37.59129571914673s
INFO    [05-20 19:42:43] train in BasicTrainer:
epoch: 56
INFO    [05-20 19:42:53] _train_one_epoch in BasicTrainer:
loss = 6.373595714569092
INFO    [05-20 19:43:22] validate in BasicTrainer:
{'Recall@10': 0.0460012388917116, 'NDCG@10': 0.027525430688491233, 'MRR@10': 0.021886801490416892, 'Recall@5': 0.03324159464010826, 'NDCG@5': 0.023416118553051583, 'MRR@5': 0.020200451477788962, 'Recall*@10': 0.04813754472594995, 'NDCG*@10': 0.02870897461588566, 'MRR*@10': 0.022781291116888706, 'Recall*@5': 0.034714892506599426, 'NDCG*@5': 0.024386915736473523, 'MRR*@5': 0.0210080946294161}
INFO    [05-20 19:43:22] train in BasicTrainer:
duration: 38.777129888534546s
INFO    [05-20 19:43:22] train in BasicTrainer:
epoch: 57
INFO    [05-20 19:43:31] _train_one_epoch in BasicTrainer:
loss = 6.350368048928001
INFO    [05-20 19:44:00] validate in BasicTrainer:
{'Recall@10': 0.04647074009363468, 'NDCG@10': 0.028039051219820976, 'MRR@10': 0.02242479072167323, 'Recall@5': 0.033053794159339026, 'NDCG@5': 0.023724535193580847, 'MRR@5': 0.020658444040096723, 'Recall*@10': 0.04903007957797784, 'NDCG*@10': 0.02938316475886565, 'MRR*@10': 0.023405317933513567, 'Recall*@5': 0.034557844297244, 'NDCG*@5': 0.024733244083248652, 'MRR*@5': 0.02150399538760002}
INFO    [05-20 19:44:00] train in BasicTrainer:
duration: 37.505815744400024s
INFO    [05-20 19:44:00] train in BasicTrainer:
epoch: 58
INFO    [05-20 19:44:09] _train_one_epoch in BasicTrainer:
loss = 6.323417906327681
INFO    [05-20 19:44:39] log in loggers:
Update Best NDCG@10 Model at 58
INFO    [05-20 19:44:39] validate in BasicTrainer:
{'Recall@10': 0.046318429307295725, 'NDCG@10': 0.028185935117877446, 'MRR@10': 0.022657038930516977, 'Recall@5': 0.03333549488049287, 'NDCG@5': 0.023988069393313848, 'MRR@5': 0.020924600414358653, 'Recall*@10': 0.04855223114673908, 'NDCG*@10': 0.02940429947697199, 'MRR*@10': 0.02356627626487842, 'Recall*@5': 0.03474326374439093, 'NDCG*@5': 0.024934039666102484, 'MRR*@5': 0.021718302598366372}
INFO    [05-20 19:44:39] train in BasicTrainer:
duration: 39.21043109893799s
INFO    [05-20 19:44:39] train in BasicTrainer:
epoch: 59
INFO    [05-20 19:44:48] _train_one_epoch in BasicTrainer:
loss = 6.301309767636385
INFO    [05-20 19:45:17] log in loggers:
Update Best NDCG@10 Model at 59
INFO    [05-20 19:45:18] validate in BasicTrainer:
{'Recall@10': 0.0467336607667116, 'NDCG@10': 0.028301044295613583, 'MRR@10': 0.022687940643383905, 'Recall@5': 0.03369024510567005, 'NDCG@5': 0.024104656651616096, 'MRR@5': 0.020968450376620658, 'Recall*@10': 0.04894765122578694, 'NDCG*@10': 0.029624296352267265, 'MRR*@10': 0.02374556101858616, 'Recall*@5': 0.03521142799693804, 'NDCG*@5': 0.0252091815838447, 'MRR*@5': 0.02193892517915139}
INFO    [05-20 19:45:18] train in BasicTrainer:
duration: 39.288118839263916s
INFO    [05-20 19:45:18] train in BasicTrainer:
epoch: 60
INFO    [05-20 19:45:28] _train_one_epoch in BasicTrainer:
loss = 6.274074337699196
INFO    [05-20 19:45:58] log in loggers:
Update Best NDCG@10 Model at 60
INFO    [05-20 19:45:58] validate in BasicTrainer:
{'Recall@10': 0.04641232954768034, 'NDCG@10': 0.028357926326302383, 'MRR@10': 0.022852771414014008, 'Recall@5': 0.033456602348731115, 'NDCG@5': 0.02417503698514058, 'MRR@5': 0.0211305025105293, 'Recall*@10': 0.049042520041649156, 'NDCG*@10': 0.029749278695537493, 'MRR*@10': 0.023873471440030977, 'Recall*@5': 0.0349932461977005, 'NDCG*@5': 0.0252132430099524, 'MRR*@5': 0.022005548557409875}
INFO    [05-20 19:45:58] train in BasicTrainer:
duration: 39.518513679504395s
INFO    [05-20 19:45:58] train in BasicTrainer:
epoch: 61
INFO    [05-20 19:46:07] _train_one_epoch in BasicTrainer:
loss = 6.25643666007302
INFO    [05-20 19:46:36] validate in BasicTrainer:
{'Recall@10': 0.04585321419514143, 'NDCG@10': 0.0279175670674214, 'MRR@10': 0.022464362904429436, 'Recall@5': 0.03241113114815492, 'NDCG@5': 0.023590619174333718, 'MRR@5': 0.020690147263499405, 'Recall*@10': 0.048247807587568574, 'NDCG*@10': 0.02928641553108509, 'MRR*@10': 0.023523767980245445, 'Recall*@5': 0.03393304605896656, 'NDCG*@5': 0.02468563487323431, 'MRR*@5': 0.02164125829361952}
INFO    [05-20 19:46:36] train in BasicTrainer:
duration: 38.1699538230896s
INFO    [05-20 19:46:36] train in BasicTrainer:
epoch: 62
INFO    [05-20 19:46:45] _train_one_epoch in BasicTrainer:
loss = 6.236212227561257
INFO    [05-20 19:47:15] validate in BasicTrainer:
{'Recall@10': 0.04632478608534886, 'NDCG@10': 0.028194026734966498, 'MRR@10': 0.02266555852614916, 'Recall@5': 0.03318525449587749, 'NDCG@5': 0.023954977209751423, 'MRR@5': 0.020921822350758772, 'Recall*@10': 0.048761484714654774, 'NDCG*@10': 0.029470993349185355, 'MRR*@10': 0.023588339439951457, 'Recall*@5': 0.03472808920420133, 'NDCG*@5': 0.024940150718276318, 'MRR*@5': 0.021722559172373552}
INFO    [05-20 19:47:15] train in BasicTrainer:
duration: 39.257009983062744s
INFO    [05-20 19:47:15] train in BasicTrainer:
epoch: 63
INFO    [05-20 19:47:24] _train_one_epoch in BasicTrainer:
loss = 6.216470345583829
INFO    [05-20 19:47:53] log in loggers:
Update Best NDCG@10 Model at 63
INFO    [05-20 19:47:53] validate in BasicTrainer:
{'Recall@10': 0.04681720842535679, 'NDCG@10': 0.028370524684970196, 'MRR@10': 0.022759209315364178, 'Recall@5': 0.03350673100123039, 'NDCG@5': 0.024105987726495817, 'MRR@5': 0.021022684442309234, 'Recall*@10': 0.049253382648412995, 'NDCG*@10': 0.02964474318119196, 'MRR*@10': 0.023685346285884198, 'Recall*@5': 0.034969599917531013, 'NDCG*@5': 0.025071708055642936, 'MRR*@5': 0.02182506612287118}
INFO    [05-20 19:47:53] train in BasicTrainer:
duration: 38.21635293960571s
INFO    [05-20 19:47:53] train in BasicTrainer:
epoch: 64
INFO    [05-20 19:48:02] _train_one_epoch in BasicTrainer:
loss = 6.1993672284212975
INFO    [05-20 19:48:31] log in loggers:
Update Best NDCG@10 Model at 64
INFO    [05-20 19:48:31] validate in BasicTrainer:
{'Recall@10': 0.047032071134218804, 'NDCG@10': 0.028941273116148435, 'MRR@10': 0.023420415818691254, 'Recall@5': 0.034345476100077994, 'NDCG@5': 0.024851566180586815, 'MRR@5': 0.021740011870861053, 'Recall*@10': 0.04922872151319797, 'NDCG*@10': 0.030125623998733666, 'MRR*@10': 0.024285742869743936, 'Recall*@5': 0.03621295108818091, 'NDCG*@5': 0.02592833096591326, 'MRR*@5': 0.022560284114800967}
INFO    [05-20 19:48:31] train in BasicTrainer:
duration: 37.74286723136902s
INFO    [05-20 19:48:31] train in BasicTrainer:
epoch: 65
INFO    [05-20 19:48:40] _train_one_epoch in BasicTrainer:
loss = 6.173540245402943
INFO    [05-20 19:49:10] validate in BasicTrainer:
{'Recall@10': 0.0471614610690337, 'NDCG@10': 0.02892834019775574, 'MRR@10': 0.023376399364608984, 'Recall@5': 0.03399279656318518, 'NDCG@5': 0.024691387437857114, 'MRR@5': 0.02164015216896167, 'Recall*@10': 0.049484717731292434, 'NDCG*@10': 0.03022224011902626, 'MRR*@10': 0.024355806410312653, 'Recall*@5': 0.03566081277452982, 'NDCG*@5': 0.025780146225140646, 'MRR*@5': 0.022538811828081425}
INFO    [05-20 19:49:10] train in BasicTrainer:
duration: 38.32342028617859s
INFO    [05-20 19:49:10] train in BasicTrainer:
epoch: 66
INFO    [05-20 19:49:18] _train_one_epoch in BasicTrainer:
loss = 6.155911749059504
INFO    [05-20 19:49:58] log in loggers:
Update Best NDCG@10 Model at 66
INFO    [05-20 19:50:02] validate in BasicTrainer:
{'Recall@10': 0.04716353147075726, 'NDCG@10': 0.02907995693385601, 'MRR@10': 0.02356669120490551, 'Recall@5': 0.033944883598731115, 'NDCG@5': 0.024816154000850823, 'MRR@5': 0.021813142471588574, 'Recall*@10': 0.049496157811238214, 'NDCG*@10': 0.03038085954120526, 'MRR*@10': 0.024552088803969897, 'Recall*@5': 0.03560959819990855, 'NDCG*@5': 0.025908602258333795, 'MRR*@5': 0.022716859785410073}
INFO    [05-20 19:50:02] train in BasicTrainer:
duration: 52.78513050079346s
INFO    [05-20 19:50:02] train in BasicTrainer:
epoch: 67
INFO    [05-20 19:50:11] _train_one_epoch in BasicTrainer:
loss = 6.135497717423872
INFO    [05-20 19:50:42] validate in BasicTrainer:
{'Recall@10': 0.04688183074960342, 'NDCG@10': 0.028895892202854156, 'MRR@10': 0.0234258881268593, 'Recall@5': 0.03359013337355394, 'NDCG@5': 0.02462608252580349, 'MRR@5': 0.021680242883471344, 'Recall*@10': 0.049422600808051914, 'NDCG*@10': 0.030246980631580718, 'MRR*@10': 0.024413747283128593, 'Recall*@5': 0.03530188678548886, 'NDCG*@5': 0.025712639809801027, 'MRR*@5': 0.022561193085633792}
INFO    [05-20 19:50:42] train in BasicTrainer:
duration: 39.6520893573761s
INFO    [05-20 19:50:42] train in BasicTrainer:
epoch: 68
INFO    [05-20 19:50:51] _train_one_epoch in BasicTrainer:
loss = 6.113638140938499
INFO    [05-20 19:51:20] log in loggers:
Update Best NDCG@10 Model at 68
INFO    [05-20 19:51:20] validate in BasicTrainer:
{'Recall@10': 0.047461796551942825, 'NDCG@10': 0.02946092217014386, 'MRR@10': 0.023973622717536412, 'Recall@5': 0.034272426596054666, 'NDCG@5': 0.02518894996207494, 'MRR@5': 0.02220649630404436, 'Recall*@10': 0.050035375815171465, 'NDCG*@10': 0.030781040254693765, 'MRR*@10': 0.02491901069879532, 'Recall*@5': 0.03572829827093161, 'NDCG*@5': 0.02614816536123936, 'MRR*@5': 0.02300330366079624}
INFO    [05-20 19:51:20] train in BasicTrainer:
duration: 38.18477511405945s
INFO    [05-20 19:51:20] train in BasicTrainer:
epoch: 69
INFO    [05-20 19:51:29] _train_one_epoch in BasicTrainer:
loss = 6.102261283180931
INFO    [05-20 19:51:59] validate in BasicTrainer:
{'Recall@10': 0.04667525022075726, 'NDCG@10': 0.02888123318552971, 'MRR@10': 0.023460489626114186, 'Recall@5': 0.0336068427333465, 'NDCG@5': 0.024662750414930858, 'MRR@5': 0.021724025790507976, 'Recall*@10': 0.04900481179356575, 'NDCG*@10': 0.030039380519435957, 'MRR*@10': 0.024258162109897688, 'Recall*@5': 0.03504777097931275, 'NDCG*@5': 0.02552575904589433, 'MRR*@5': 0.022395416234548274}
INFO    [05-20 19:51:59] train in BasicTrainer:
duration: 38.41784715652466s
INFO    [05-20 19:51:59] train in BasicTrainer:
epoch: 70
INFO    [05-20 19:52:07] _train_one_epoch in BasicTrainer:
loss = 6.081436963514848
INFO    [05-20 19:52:36] validate in BasicTrainer:
{'Recall@10': 0.047478651198057026, 'NDCG@10': 0.029180626169993326, 'MRR@10': 0.02361715814241996, 'Recall@5': 0.034005364832969814, 'NDCG@5': 0.024880734057380602, 'MRR@5': 0.021875360120947544, 'Recall*@10': 0.04974192753434181, 'NDCG*@10': 0.030347509023088675, 'MRR*@10': 0.0244446681955686, 'Recall*@5': 0.03557916286473091, 'NDCG*@5': 0.025825901959951107, 'MRR*@5': 0.022612024528475907}
INFO    [05-20 19:52:36] train in BasicTrainer:
duration: 37.71964740753174s
INFO    [05-20 19:52:36] train in BasicTrainer:
epoch: 71
INFO    [05-20 19:52:46] _train_one_epoch in BasicTrainer:
loss = 6.066298684206876
INFO    [05-20 19:53:16] log in loggers:
Update Best NDCG@10 Model at 71
INFO    [05-20 19:53:16] validate in BasicTrainer:
{'Recall@10': 0.04771850544672746, 'NDCG@10': 0.029528009776885692, 'MRR@10': 0.024009042920974586, 'Recall@5': 0.03370695446546261, 'NDCG@5': 0.025030711379188757, 'MRR@5': 0.022172743884416726, 'Recall*@10': 0.05005268380045891, 'NDCG*@10': 0.03076056591593302, 'MRR*@10': 0.024907194937650975, 'Recall*@5': 0.03527958318591118, 'NDCG*@5': 0.0260244242560405, 'MRR*@5': 0.02297672486075988}
INFO    [05-20 19:53:16] train in BasicTrainer:
duration: 40.15387535095215s
INFO    [05-20 19:53:16] train in BasicTrainer:
epoch: 72
INFO    [05-20 19:53:25] _train_one_epoch in BasicTrainer:
loss = 6.048007731004195
INFO    [05-20 19:53:55] validate in BasicTrainer:
{'Recall@10': 0.04673587645475681, 'NDCG@10': 0.02935625469455352, 'MRR@10': 0.02406385025152793, 'Recall@5': 0.0341556052175852, 'NDCG@5': 0.025303176102729943, 'MRR@5': 0.02240003416171441, 'Recall*@10': 0.04918052542668123, 'NDCG*@10': 0.0307241937575432, 'MRR*@10': 0.0250992699024769, 'Recall*@5': 0.03583755888617956, 'NDCG*@5': 0.02641241825543917, 'MRR*@5': 0.02332146279513836}
INFO    [05-20 19:53:55] train in BasicTrainer:
duration: 38.992512941360474s
INFO    [05-20 19:53:55] train in BasicTrainer:
epoch: 73
INFO    [05-20 19:54:05] _train_one_epoch in BasicTrainer:
loss = 6.030460357666016
INFO    [05-20 19:54:41] log in loggers:
Update Best NDCG@10 Model at 73
INFO    [05-20 19:54:44] validate in BasicTrainer:
{'Recall@10': 0.047317912945380576, 'NDCG@10': 0.029569872583334263, 'MRR@10': 0.024162454100755546, 'Recall@5': 0.034326696052001074, 'NDCG@5': 0.025388776109768793, 'MRR@5': 0.02244852683865107, 'Recall*@10': 0.049603890627622604, 'NDCG*@10': 0.03072670503304555, 'MRR*@10': 0.024974965705321386, 'Recall*@5': 0.035721393015522226, 'NDCG*@5': 0.02625589445233345, 'MRR*@5': 0.02314066901229895}
INFO    [05-20 19:54:44] train in BasicTrainer:
duration: 48.19422388076782s
INFO    [05-20 19:54:44] train in BasicTrainer:
epoch: 74
INFO    [05-20 19:54:52] _train_one_epoch in BasicTrainer:
loss = 6.011602514440363
INFO    [05-20 19:55:22] validate in BasicTrainer:
{'Recall@10': 0.046727449274980105, 'NDCG@10': 0.029317500786139414, 'MRR@10': 0.024004786346967403, 'Recall@5': 0.03422244322987703, 'NDCG@5': 0.02528194896876812, 'MRR@5': 0.02234413532110361, 'Recall*@10': 0.04898261794677147, 'NDCG*@10': 0.030411968007683754, 'MRR*@10': 0.024745530520494167, 'Recall*@5': 0.03571613333546198, 'NDCG*@5': 0.026135547659718074, 'MRR*@5': 0.022988521135770358}
INFO    [05-20 19:55:22] train in BasicTrainer:
duration: 38.40255355834961s
INFO    [05-20 19:55:22] train in BasicTrainer:
epoch: 75
INFO    [05-20 19:55:31] _train_one_epoch in BasicTrainer:
loss = 5.998084154996005
INFO    [05-20 19:56:02] log in loggers:
Update Best NDCG@10 Model at 75
INFO    [05-20 19:56:03] validate in BasicTrainer:
{'Recall@10': 0.048173512976903185, 'NDCG@10': 0.029933699764884435, 'MRR@10': 0.02436388685153081, 'Recall@5': 0.03515301816738569, 'NDCG@5': 0.025742346707444925, 'MRR@5': 0.022645283203858595, 'Recall*@10': 0.05050714485920393, 'NDCG*@10': 0.031172030677015964, 'MRR*@10': 0.025262870754186924, 'Recall*@5': 0.03686132196050424, 'NDCG*@5': 0.02677721343934536, 'MRR*@5': 0.023459436515202887}
INFO    [05-20 19:56:03] train in BasicTrainer:
duration: 40.60979127883911s
INFO    [05-20 19:56:03] train in BasicTrainer:
epoch: 76
INFO    [05-20 19:56:12] _train_one_epoch in BasicTrainer:
loss = 5.982134428891269
INFO    [05-20 19:56:41] validate in BasicTrainer:
{'Recall@10': 0.047534991342287794, 'NDCG@10': 0.029748343217831392, 'MRR@10': 0.024329947737547066, 'Recall@5': 0.03445608598681597, 'NDCG@5': 0.02553556186075394, 'MRR@5': 0.02260141733747262, 'Recall*@10': 0.04988021002365993, 'NDCG*@10': 0.030948700096744757, 'MRR*@10': 0.025177203835203096, 'Recall*@5': 0.03604611324576231, 'NDCG*@5': 0.026483814590252362, 'MRR*@5': 0.02333988191989752}
INFO    [05-20 19:56:41] train in BasicTrainer:
duration: 37.92683291435242s
INFO    [05-20 19:56:41] train in BasicTrainer:
epoch: 77
INFO    [05-20 19:56:50] _train_one_epoch in BasicTrainer:
loss = 5.96678633256392
INFO    [05-20 19:57:19] validate in BasicTrainer:
{'Recall@10': 0.04781255097343372, 'NDCG@10': 0.02990203981216137, 'MRR@10': 0.02444316489765277, 'Recall@5': 0.03480876581026958, 'NDCG@5': 0.025729135538523015, 'MRR@5': 0.022739673749758646, 'Recall*@10': 0.05015163782697458, 'NDCG*@10': 0.03125450831766312, 'MRR*@10': 0.02549338168822802, 'Recall*@5': 0.03643201005000334, 'NDCG*@5': 0.026847322686360434, 'MRR*@5': 0.023691632140141267}
INFO    [05-20 19:57:19] train in BasicTrainer:
duration: 38.714455127716064s
INFO    [05-20 19:57:19] train in BasicTrainer:
epoch: 78
INFO    [05-20 19:57:28] _train_one_epoch in BasicTrainer:
loss = 5.9548441366715865
INFO    [05-20 19:57:57] log in loggers:
Update Best NDCG@10 Model at 78
INFO    [05-20 19:57:57] validate in BasicTrainer:
{'Recall@10': 0.04788974156746498, 'NDCG@10': 0.030242035451989908, 'MRR@10': 0.02485851886180731, 'Recall@5': 0.034698156210092396, 'NDCG@5': 0.025975697172375824, 'MRR@5': 0.02309742483955163, 'Recall*@10': 0.05053255019279627, 'NDCG*@10': 0.03166393735087835, 'MRR*@10': 0.025913569073264416, 'Recall*@5': 0.036276937677310064, 'NDCG*@5': 0.027056885453370903, 'MRR*@5': 0.024013902848729722}
INFO    [05-20 19:57:57] train in BasicTrainer:
duration: 37.97586989402771s
INFO    [05-20 19:57:57] train in BasicTrainer:
epoch: 79
INFO    [05-20 19:58:07] _train_one_epoch in BasicTrainer:
loss = 5.936586232618852
INFO    [05-20 19:58:37] validate in BasicTrainer:
{'Recall@10': 0.04822556674480438, 'NDCG@10': 0.030084522297749154, 'MRR@10': 0.024570501910952423, 'Recall@5': 0.034351833164691925, 'NDCG@5': 0.02561361500276969, 'MRR@5': 0.02273444874355426, 'Recall*@10': 0.05070117144630505, 'NDCG*@10': 0.03137542937810604, 'MRR*@10': 0.0255059849184293, 'Recall*@5': 0.0358995977216042, 'NDCG*@5': 0.026613957750109527, 'MRR*@5': 0.023555578090823613}
INFO    [05-20 19:58:37] train in BasicTrainer:
duration: 39.94274711608887s
INFO    [05-20 19:58:37] close_training in BasicTrainer:
finished training
INFO    [05-20 19:58:37] final_validate in BasicTrainer:
validate model on val set!
INFO    [05-20 19:58:37] load_state_from_given_path in utils:
checkpoint epoch: 78
INFO    [05-20 19:58:37] load_state_from_given_path in utils:
Loading model's parameters
INFO    [05-20 19:59:07] validate in BasicTrainer:
{'Recall@10': 0.04788974156746498, 'NDCG@10': 0.030242035451989908, 'MRR@10': 0.02485851886180731, 'Recall@5': 0.034698156210092396, 'NDCG@5': 0.025975697172375824, 'MRR@5': 0.02309742483955163, 'Recall*@10': 0.05053255019279627, 'NDCG*@10': 0.03166393735087835, 'MRR*@10': 0.025913569073264416, 'Recall*@5': 0.036276937677310064, 'NDCG*@5': 0.027056885453370903, 'MRR*@5': 0.024013902848729722}
INFO    [05-20 19:59:07] test in BasicTrainer:
Test model on test set!
INFO    [05-20 19:59:07] test_with_given_state_path in BasicTrainer:
Loading model params from ___el_base_partial_2022/base_narm-rate-0.5-seed-2000_05-20_19:06_t3/narm_logs/checkpoint/best_acc_model.pth.
INFO    [05-20 19:59:08] load_state_from_given_path in utils:
checkpoint epoch: 78
INFO    [05-20 19:59:08] load_state_from_given_path in utils:
Loading model's parameters
INFO    [05-20 19:59:08] test_with_given_state_path in BasicTrainer:
Finished loading. Start testing.
INFO    [05-20 19:59:37] test_with_given_state_path in BasicTrainer:
{'Recall@10': 0.037462964080847226, 'NDCG@10': 0.02285709991478003, 'MRR@10': 0.01841636489217098, 'Recall@5': 0.026493781031324312, 'NDCG@5': 0.019328878046228334, 'MRR@5': 0.016971316403494432, 'Recall*@10': 0.0398617318043342, 'NDCG*@10': 0.024154609642349757, 'MRR*@10': 0.01937964830834132, 'Recall*@5': 0.027923753628363975, 'NDCG*@5': 0.02031189289230567, 'MRR*@5': 0.01780409186791915}
INFO    [05-20 19:59:37] _evaluate in BasicSched:
!!Final Result!!: {'Recall@10': 0.037462964080847226, 'NDCG@10': 0.02285709991478003, 'MRR@10': 0.01841636489217098, 'Recall@5': 0.026493781031324312, 'NDCG@5': 0.019328878046228334, 'MRR@5': 0.016971316403494432, 'Recall*@10': 0.0398617318043342, 'NDCG*@10': 0.024154609642349757, 'MRR*@10': 0.01937964830834132, 'Recall*@5': 0.027923753628363975, 'NDCG*@5': 0.02031189289230567, 'MRR*@5': 0.01780409186791915}
