INFO    [03-14 00:17:43] setup_train in utils:
{
    "experiment_dir": "___el_base_2021",
    "experiment_description": "base",
    "dataset_name": "electronics.csv",
    "sched": "basic",
    "model_code": "nextitnet",
    "num_epochs": 60,
    "mode": [
        "train",
        "test"
    ],
    "max_len": 10,
    "test_state_path": null,
    "model_state_path": null,
    "do_remap": false,
    "rand_seed": 2021,
    "load_processed_dataset": true,
    "save_processed_dataset": false,
    "dataset_cache_filename": null,
    "weight_decay": 0,
    "decay_step": 15,
    "gamma": 0.99,
    "lr": 0.001,
    "min_length": 5,
    "min_item_inter": 5,
    "good_only": false,
    "use_rating": true,
    "test_negative_sampler_code": "random",
    "test_negative_sample_size": 0,
    "dataloader_type": "next",
    "train_batch_size": 256,
    "val_batch_size": 256,
    "test_batch_size": 256,
    "prop_sliding_window": -1.0,
    "worker_number": 2,
    "metric_ks": [
        5,
        10
    ],
    "device": "cuda",
    "num_gpu": 1,
    "optimizer": "Adam",
    "best_metric": "NDCG@10",
    "show_process_bar": false,
    "enable_sample": false,
    "samples_ratio": 0.1,
    "config_file": "config2.electronics/nextitnet/config.json",
    "task_id": -1,
    "describe": null,
    "split": "leave_one_out",
    "do_sampling": false,
    "path_for_sample": null,
    "sample_rate": 0.5,
    "sample_seed": 0,
    "train_negative_sampler_code": "random",
    "train_negative_sample_size": 100,
    "device_idx": "0",
    "momentum": null,
    "log_period_as_iter": 12800,
    "mentor_code": "bert",
    "training_routine": null,
    "T": 1,
    "alpha": 0.1,
    "dvae_alpha": 0.5,
    "softmaxed_mentor": false,
    "weight_list": [
        0.5,
        0.5
    ],
    "validation_rate": 0.2,
    "num_items": null,
    "start_index": 1,
    "kwargs": null
}
DEBUG   [03-14 00:17:43] __init__ in BasicSched:
BasicScheduler attribs: tag=nextitnet
INFO    [03-14 00:17:43] _load_full_dataset_from_path in utils:
loading cache from /data/wushiguang-slurm/code/gitee-repos/soft-rec/Data/Cache/electronics-5-5.pkl
INFO    [03-14 00:17:45] _check_dataset_cache in utils:
check if the cache is generated under this configuration
INFO    [03-14 00:17:45] _check_dataset_cache in utils:
correct.
INFO    [03-14 00:17:45] __init__ in NextItemDataloader:
there are 29351 items in this dataset, 102187 users, padding_first? True
DEBUG   [03-14 00:18:01] generate_model in utils:
model_code_list=['nextitnet']
INFO    [03-14 00:18:01] load_model_config in utils:
loading model nextitnet's config file at asset/config/model/nextitnet.json
INFO    [03-14 00:18:01] load_model_config in utils:
{
    "embedding_size": 64,
    "kernel_size": 3,
    "block_num": 5,
    "dilations": [
        1
    ],
    "reg_weight": 5e-06,
    "loss_type": "CE"
}
WARNING [03-14 00:18:17] get_exist_path in utils:
dir ___el_base_2021/base_nextitnet_03-14_00:17_0/nextitnet_logs does not exist! Create one.
WARNING [03-14 00:18:17] get_exist_path in utils:
dir ___el_base_2021/base_nextitnet_03-14_00:17_0/nextitnet_logs/tb_vis does not exist! Create one.
WARNING [03-14 00:18:17] get_exist_path in utils:
dir ___el_base_2021/base_nextitnet_03-14_00:17_0/nextitnet_logs/checkpoint does not exist! Create one.
INFO    [03-14 00:18:17] __init__ in BasicSched:
NextItNet(
  (item_embedding): Embedding(29352, 64, padding_idx=0)
  (residual_blocks): Sequential(
    (0): ResidualBlock_b(
      (conv1): Conv2d(64, 64, kernel_size=(1, 3), stride=(1, 1))
      (ln1): LayerNorm((64,), eps=1e-08, elementwise_affine=True)
      (conv2): Conv2d(64, 64, kernel_size=(1, 3), stride=(1, 1), dilation=(2, 2))
      (ln2): LayerNorm((64,), eps=1e-08, elementwise_affine=True)
    )
    (1): ResidualBlock_b(
      (conv1): Conv2d(64, 64, kernel_size=(1, 3), stride=(1, 1))
      (ln1): LayerNorm((64,), eps=1e-08, elementwise_affine=True)
      (conv2): Conv2d(64, 64, kernel_size=(1, 3), stride=(1, 1), dilation=(2, 2))
      (ln2): LayerNorm((64,), eps=1e-08, elementwise_affine=True)
    )
    (2): ResidualBlock_b(
      (conv1): Conv2d(64, 64, kernel_size=(1, 3), stride=(1, 1))
      (ln1): LayerNorm((64,), eps=1e-08, elementwise_affine=True)
      (conv2): Conv2d(64, 64, kernel_size=(1, 3), stride=(1, 1), dilation=(2, 2))
      (ln2): LayerNorm((64,), eps=1e-08, elementwise_affine=True)
    )
    (3): ResidualBlock_b(
      (conv1): Conv2d(64, 64, kernel_size=(1, 3), stride=(1, 1))
      (ln1): LayerNorm((64,), eps=1e-08, elementwise_affine=True)
      (conv2): Conv2d(64, 64, kernel_size=(1, 3), stride=(1, 1), dilation=(2, 2))
      (ln2): LayerNorm((64,), eps=1e-08, elementwise_affine=True)
    )
    (4): ResidualBlock_b(
      (conv1): Conv2d(64, 64, kernel_size=(1, 3), stride=(1, 1))
      (ln1): LayerNorm((64,), eps=1e-08, elementwise_affine=True)
      (conv2): Conv2d(64, 64, kernel_size=(1, 3), stride=(1, 1), dilation=(2, 2))
      (ln2): LayerNorm((64,), eps=1e-08, elementwise_affine=True)
    )
  )
  (final_layer): Linear(in_features=64, out_features=64, bias=True)
  (loss_fct): CrossEntropyLoss()
  (reg_loss): RegLoss()
)
WARNING [03-14 00:18:17] get_path in utils:
Path is None
WARNING [03-14 00:18:17] load_state_from_given_path in utils:
Not given any path.
INFO    [03-14 00:18:17] assert_model_device in utils:
model nextitnet has 7.657958984375 MB params.
INFO    [03-14 00:18:17] __init__ in BasicTrainer:
457216 iter per epoch
INFO    [03-14 00:18:17] _fit in BasicSched:
Start training.
INFO    [03-14 00:19:10] log in loggers:
Update Best NDCG@10 Model at 0
INFO    [03-14 00:19:10] validate in BasicTrainer:
{'Recall@10': 0.000205078125, 'NDCG@10': 8.927878807298839e-05, 'MRR@10': 5.526878776436206e-05, 'Recall@5': 0.000107421875, 'NDCG@5': 5.923569668084383e-05, 'MRR@5': 4.378255252959207e-05, 'Recall*@10': 0.00021860891371034086, 'NDCG*@10': 9.739033645018935e-05, 'MRR*@10': 6.173977111757267e-05, 'Recall*@5': 0.00012116540223360062, 'NDCG*@5': 6.781061762012542e-05, 'MRR*@5': 5.066605721367523e-05}
INFO    [03-14 00:19:10] train in BasicTrainer:
epoch: 0
INFO    [03-14 00:20:14] _train_one_epoch in BasicTrainer:
loss = 9.44497869530023
INFO    [03-14 00:21:05] log in loggers:
Update Best NDCG@10 Model at 0
INFO    [03-14 00:21:05] validate in BasicTrainer:
{'Recall@10': 0.04062409156933427, 'NDCG@10': 0.021779137300909496, 'MRR@10': 0.016073428077215794, 'Recall@5': 0.026103061409667134, 'NDCG@5': 0.01711068600474391, 'MRR@5': 0.0141628325766942, 'Recall*@10': 0.04416115133324638, 'NDCG*@10': 0.02391793679271359, 'MRR*@10': 0.017788241079542785, 'Recall*@5': 0.028642888297326863, 'NDCG*@5': 0.018924176683067343, 'MRR*@5': 0.01574203281692462}
INFO    [03-14 00:21:05] train in BasicTrainer:
duration: 115.42232394218445s
INFO    [03-14 00:21:05] train in BasicTrainer:
epoch: 1
INFO    [03-14 00:22:09] _train_one_epoch in BasicTrainer:
loss = 9.034498516415962
INFO    [03-14 00:23:01] log in loggers:
Update Best NDCG@10 Model at 1
INFO    [03-14 00:23:01] validate in BasicTrainer:
{'Recall@10': 0.04857331031933427, 'NDCG@10': 0.026477771096397193, 'MRR@10': 0.019762803733465263, 'Recall@5': 0.032421420784667136, 'NDCG@5': 0.021292152118985542, 'MRR@5': 0.017644217404304073, 'Recall*@10': 0.05284564941888675, 'NDCG*@10': 0.028910003557102756, 'MRR*@10': 0.021639313200721516, 'Recall*@5': 0.03537908895057626, 'NDCG*@5': 0.023308526006876492, 'MRR*@5': 0.019354479851317594}
INFO    [03-14 00:23:01] train in BasicTrainer:
duration: 116.13967752456665s
INFO    [03-14 00:23:01] train in BasicTrainer:
epoch: 2
INFO    [03-14 00:24:05] _train_one_epoch in BasicTrainer:
loss = 8.729629813490096
INFO    [03-14 00:24:57] log in loggers:
Update Best NDCG@10 Model at 2
INFO    [03-14 00:24:57] validate in BasicTrainer:
{'Recall@10': 0.05294876453466713, 'NDCG@10': 0.028886529919691383, 'MRR@10': 0.021592129616765307, 'Recall@5': 0.03519485828466713, 'NDCG@5': 0.02319468697474804, 'MRR@5': 0.019271681511600035, 'Recall*@10': 0.05733154761837796, 'NDCG*@10': 0.031524891229346395, 'MRR*@10': 0.023701950897229835, 'Recall*@5': 0.038246872435556724, 'NDCG*@5': 0.025407356165815145, 'MRR*@5': 0.021208694017550444}
INFO    [03-14 00:24:57] train in BasicTrainer:
duration: 115.72067999839783s
INFO    [03-14 00:24:57] train in BasicTrainer:
epoch: 3
INFO    [03-14 00:26:01] _train_one_epoch in BasicTrainer:
loss = 8.458890009300172
INFO    [03-14 00:26:52] log in loggers:
Update Best NDCG@10 Model at 3
INFO    [03-14 00:26:53] validate in BasicTrainer:
{'Recall@10': 0.05492096656933427, 'NDCG@10': 0.030376891574123873, 'MRR@10': 0.022930384495412, 'Recall@5': 0.036649936409667135, 'NDCG@5': 0.02451312786550261, 'MRR@5': 0.020536330035247373, 'Recall*@10': 0.059542515245266256, 'NDCG*@10': 0.03298065194278024, 'MRR*@10': 0.024917291951715013, 'Recall*@5': 0.03992005637846887, 'NDCG*@5': 0.02668379523383919, 'MRR*@5': 0.022346882409183307}
INFO    [03-14 00:26:53] train in BasicTrainer:
duration: 115.31582903862s
INFO    [03-14 00:26:53] train in BasicTrainer:
epoch: 4
INFO    [03-14 00:27:55] _train_one_epoch in BasicTrainer:
loss = 8.193673101811767
INFO    [03-14 00:28:47] validate in BasicTrainer:
{'Recall@10': 0.05434388626366854, 'NDCG@10': 0.029881496499292552, 'MRR@10': 0.022468527928576804, 'Recall@5': 0.035809184238314626, 'NDCG@5': 0.023925226745195687, 'MRR@5': 0.020032336622825823, 'Recall*@10': 0.05903644232545048, 'NDCG*@10': 0.0324329481337918, 'MRR*@10': 0.024371291844290682, 'Recall*@5': 0.038830485907383264, 'NDCG*@5': 0.02593806645309087, 'MRR*@5': 0.021713927059900016}
INFO    [03-14 00:28:47] train in BasicTrainer:
duration: 114.53002166748047s
INFO    [03-14 00:28:47] train in BasicTrainer:
epoch: 5
INFO    [03-14 00:29:49] _train_one_epoch in BasicTrainer:
loss = 7.930435123529039
INFO    [03-14 00:30:41] validate in BasicTrainer:
{'Recall@10': 0.05195176236331463, 'NDCG@10': 0.028896757948677985, 'MRR@10': 0.021900812014355325, 'Recall@5': 0.03486191861331463, 'NDCG@5': 0.02340580663352739, 'MRR@5': 0.019655330661917107, 'Recall*@10': 0.05596197948325425, 'NDCG*@10': 0.0310770975088235, 'MRR*@10': 0.023526006801403127, 'Recall*@5': 0.03745393033954315, 'NDCG*@5': 0.02513144237047527, 'MRR*@5': 0.021095170064945705}
INFO    [03-14 00:30:41] train in BasicTrainer:
duration: 114.06546330451965s
INFO    [03-14 00:30:41] train in BasicTrainer:
epoch: 6
INFO    [03-14 00:31:43] _train_one_epoch in BasicTrainer:
loss = 7.670086310131419
INFO    [03-14 00:32:35] validate in BasicTrainer:
{'Recall@10': 0.05074127906933427, 'NDCG@10': 0.02850691871717572, 'MRR@10': 0.021763032898306847, 'Recall@5': 0.033925327034667135, 'NDCG@5': 0.02308614465291612, 'MRR@5': 0.019535694140358828, 'Recall*@10': 0.05408489461056888, 'NDCG*@10': 0.030393292838707568, 'MRR*@10': 0.02320548999705352, 'Recall*@5': 0.03636550685041584, 'NDCG*@5': 0.024682668842724523, 'MRR*@5': 0.020859815269941465}
INFO    [03-14 00:32:35] train in BasicTrainer:
duration: 113.96018266677856s
INFO    [03-14 00:32:35] train in BasicTrainer:
epoch: 7
INFO    [03-14 00:33:38] _train_one_epoch in BasicTrainer:
loss = 7.419332228475829
INFO    [03-14 00:34:30] validate in BasicTrainer:
{'Recall@10': 0.05033203125, 'NDCG@10': 0.028558406399097295, 'MRR@10': 0.021955132704460992, 'Recall@5': 0.034189453125, 'NDCG@5': 0.02336876093992032, 'MRR@5': 0.019830729473615066, 'Recall*@10': 0.053443025050219146, 'NDCG*@10': 0.030356971313012765, 'MRR*@10': 0.023360071626957506, 'Recall*@5': 0.03616271091159433, 'NDCG*@5': 0.024798017110442744, 'MRR*@5': 0.02108224144380074}
INFO    [03-14 00:34:30] train in BasicTrainer:
duration: 115.16398906707764s
INFO    [03-14 00:34:30] train in BasicTrainer:
epoch: 8
INFO    [03-14 00:35:33] _train_one_epoch in BasicTrainer:
loss = 7.186344215343941
INFO    [03-14 00:36:25] validate in BasicTrainer:
{'Recall@10': 0.05099609375, 'NDCG@10': 0.029052642728202044, 'MRR@10': 0.02238390948041342, 'Recall@5': 0.03462890625, 'NDCG@5': 0.023782451791921632, 'MRR@5': 0.020221842789324, 'Recall*@10': 0.053577595371752974, 'NDCG*@10': 0.030621735681779682, 'MRR*@10': 0.023637227376457303, 'Recall*@5': 0.03669869125122204, 'NDCG*@5': 0.02518360421410762, 'MRR*@5': 0.02140440406568814}
INFO    [03-14 00:36:25] train in BasicTrainer:
duration: 114.72340893745422s
INFO    [03-14 00:36:25] train in BasicTrainer:
epoch: 9
INFO    [03-14 00:37:28] _train_one_epoch in BasicTrainer:
loss = 6.977353949295847
INFO    [03-14 00:38:19] log in loggers:
Update Best NDCG@10 Model at 9
INFO    [03-14 00:38:19] validate in BasicTrainer:
{'Recall@10': 0.054873046875, 'NDCG@10': 0.03181732137920335, 'MRR@10': 0.024816832796204835, 'Recall@5': 0.0378515625, 'NDCG@5': 0.026350955264642834, 'MRR@5': 0.02258317091502249, 'Recall*@10': 0.057983391964808104, 'NDCG*@10': 0.0335341364168562, 'MRR*@10': 0.026110696219839157, 'Recall*@5': 0.03980308151105419, 'NDCG*@5': 0.027686487945029512, 'MRR*@5': 0.02371596209181007}
INFO    [03-14 00:38:19] train in BasicTrainer:
duration: 114.43995523452759s
INFO    [03-14 00:38:19] train in BasicTrainer:
epoch: 10
INFO    [03-14 00:39:22] _train_one_epoch in BasicTrainer:
loss = 6.792460146569725
INFO    [03-14 00:40:14] log in loggers:
Update Best NDCG@10 Model at 10
INFO    [03-14 00:40:14] validate in BasicTrainer:
{'Recall@10': 0.053915561409667134, 'NDCG@10': 0.03201391971670091, 'MRR@10': 0.025357555716764183, 'Recall@5': 0.037724609375, 'NDCG@5': 0.026799143160460517, 'MRR@5': 0.023217936486471445, 'Recall*@10': 0.05674095248337835, 'NDCG*@10': 0.033771769474260506, 'MRR*@10': 0.026792907274793835, 'Recall*@5': 0.03966833510901779, 'NDCG*@5': 0.028270064616808668, 'MRR*@5': 0.024533915928332137}
INFO    [03-14 00:40:14] train in BasicTrainer:
duration: 114.69532823562622s
INFO    [03-14 00:40:14] train in BasicTrainer:
epoch: 11
INFO    [03-14 00:41:18] _train_one_epoch in BasicTrainer:
loss = 6.632338387968826
INFO    [03-14 00:42:10] log in loggers:
Update Best NDCG@10 Model at 11
INFO    [03-14 00:42:10] validate in BasicTrainer:
{'Recall@10': 0.054287109375, 'NDCG@10': 0.03269851414021105, 'MRR@10': 0.02612597679835744, 'Recall@5': 0.0385546875, 'NDCG@5': 0.027650021637091415, 'MRR@5': 0.02406526729289908, 'Recall*@10': 0.05712533474434167, 'NDCG*@10': 0.0343950400990434, 'MRR*@10': 0.0274794777110219, 'Recall*@5': 0.040367212772835045, 'NDCG*@5': 0.029021717910654842, 'MRR*@5': 0.025288668941357173}
INFO    [03-14 00:42:10] train in BasicTrainer:
duration: 115.83854246139526s
INFO    [03-14 00:42:10] train in BasicTrainer:
epoch: 12
INFO    [03-14 00:43:14] _train_one_epoch in BasicTrainer:
loss = 6.490018739411973
INFO    [03-14 00:44:06] log in loggers:
Update Best NDCG@10 Model at 12
INFO    [03-14 00:44:06] validate in BasicTrainer:
{'Recall@10': 0.056181186409667135, 'NDCG@10': 0.03435016058618203, 'MRR@10': 0.027695927842287346, 'Recall@5': 0.04037063953466714, 'NDCG@5': 0.029255562027683483, 'MRR@5': 0.02560421628993936, 'Recall*@10': 0.05847663555759937, 'NDCG*@10': 0.03587938612792641, 'MRR*@10': 0.028987093768082558, 'Recall*@5': 0.042254750656429675, 'NDCG*@5': 0.030652914252132176, 'MRR*@5': 0.026841789947357027}
INFO    [03-14 00:44:06] train in BasicTrainer:
duration: 116.25135850906372s
INFO    [03-14 00:44:06] train in BasicTrainer:
epoch: 13
INFO    [03-14 00:45:10] _train_one_epoch in BasicTrainer:
loss = 6.365274004546419
INFO    [03-14 00:46:02] validate in BasicTrainer:
{'Recall@10': 0.05498001453466714, 'NDCG@10': 0.03396185329416767, 'MRR@10': 0.02755188369890675, 'Recall@5': 0.040058139534667137, 'NDCG@5': 0.029160383347189053, 'MRR@5': 0.025584245941136032, 'Recall*@10': 0.0571223207982257, 'NDCG*@10': 0.03517988973530009, 'MRR*@10': 0.028490024565253406, 'Recall*@5': 0.04151347179082222, 'NDCG*@5': 0.030155630989465863, 'MRR*@5': 0.02643001982709393}
INFO    [03-14 00:46:02] train in BasicTrainer:
duration: 115.77197861671448s
INFO    [03-14 00:46:02] train in BasicTrainer:
epoch: 14
INFO    [03-14 00:47:05] _train_one_epoch in BasicTrainer:
loss = 6.254228094256872
INFO    [03-14 00:47:57] log in loggers:
Update Best NDCG@10 Model at 14
INFO    [03-14 00:47:58] validate in BasicTrainer:
{'Recall@10': 0.057147983284667137, 'NDCG@10': 0.036146041608881206, 'MRR@10': 0.02974052832229063, 'Recall@5': 0.04190384265966714, 'NDCG@5': 0.031240527383051813, 'MRR@5': 0.027730177728226408, 'Recall*@10': 0.05940330883488059, 'NDCG*@10': 0.03757042140932754, 'MRR*@10': 0.0309153923089616, 'Recall*@5': 0.043506252595689146, 'NDCG*@5': 0.03245606472482905, 'MRR*@5': 0.02882025341154076}
INFO    [03-14 00:47:58] train in BasicTrainer:
duration: 115.58701300621033s
INFO    [03-14 00:47:58] train in BasicTrainer:
epoch: 15
INFO    [03-14 00:49:01] _train_one_epoch in BasicTrainer:
loss = 6.148615122375403
INFO    [03-14 00:49:52] log in loggers:
Update Best NDCG@10 Model at 15
INFO    [03-14 00:49:53] validate in BasicTrainer:
{'Recall@10': 0.057685092659667134, 'NDCG@10': 0.03664360191207379, 'MRR@10': 0.030230994953308256, 'Recall@5': 0.04281204578466714, 'NDCG@5': 0.0318715361552313, 'MRR@5': 0.02828325270791538, 'Recall*@10': 0.059916000217199325, 'NDCG*@10': 0.038007148520555346, 'MRR*@10': 0.03132664331118576, 'Recall*@5': 0.04457525388104841, 'NDCG*@5': 0.033085668409476056, 'MRR*@5': 0.029318376989103855}
INFO    [03-14 00:49:53] train in BasicTrainer:
duration: 115.02312350273132s
INFO    [03-14 00:49:53] train in BasicTrainer:
epoch: 16
INFO    [03-14 00:50:55] _train_one_epoch in BasicTrainer:
loss = 6.056765632426485
INFO    [03-14 00:51:47] validate in BasicTrainer:
{'Recall@10': 0.05735306140966714, 'NDCG@10': 0.036542870714329184, 'MRR@10': 0.030181461852043866, 'Recall@5': 0.042929233284667134, 'NDCG@5': 0.03189594017807394, 'MRR@5': 0.02827363473828882, 'Recall*@10': 0.05950435394886881, 'NDCG*@10': 0.03780125938821584, 'MRR*@10': 0.031168678880203516, 'Recall*@5': 0.04440666332375258, 'NDCG*@5': 0.0329368482879363, 'MRR*@5': 0.029171338016167284}
INFO    [03-14 00:51:47] train in BasicTrainer:
duration: 114.46974635124207s
INFO    [03-14 00:51:47] train in BasicTrainer:
epoch: 17
INFO    [03-14 00:52:50] _train_one_epoch in BasicTrainer:
loss = 5.974813107814127
INFO    [03-14 00:53:42] log in loggers:
Update Best NDCG@10 Model at 17
INFO    [03-14 00:53:42] validate in BasicTrainer:
{'Recall@10': 0.05911041969433427, 'NDCG@10': 0.03757684273412451, 'MRR@10': 0.030999853278044612, 'Recall@5': 0.043935092659667135, 'NDCG@5': 0.03269880710635334, 'MRR@5': 0.02900361522915773, 'Recall*@10': 0.061227368274703625, 'NDCG*@10': 0.03891499345423654, 'MRR*@10': 0.03210101692820899, 'Recall*@5': 0.04531771974870935, 'NDCG*@5': 0.03379574226564728, 'MRR*@5': 0.030002964278683066}
INFO    [03-14 00:53:42] train in BasicTrainer:
duration: 115.3497211933136s
INFO    [03-14 00:53:42] train in BasicTrainer:
epoch: 18
INFO    [03-14 00:54:45] _train_one_epoch in BasicTrainer:
loss = 5.899933757333446
INFO    [03-14 00:55:37] log in loggers:
Update Best NDCG@10 Model at 18
INFO    [03-14 00:55:37] validate in BasicTrainer:
{'Recall@10': 0.05891556140966713, 'NDCG@10': 0.03815578983630985, 'MRR@10': 0.03180761129595339, 'Recall@5': 0.04429642078466713, 'NDCG@5': 0.033445670818910006, 'MRR@5': 0.02987363386899233, 'Recall*@10': 0.06075803407002241, 'NDCG*@10': 0.03922349767526612, 'MRR*@10': 0.032635491421679035, 'Recall*@5': 0.04560869376407936, 'NDCG*@5': 0.034342002944322304, 'MRR*@5': 0.03063078996958211}
INFO    [03-14 00:55:37] train in BasicTrainer:
duration: 114.77818822860718s
INFO    [03-14 00:55:37] train in BasicTrainer:
epoch: 19
INFO    [03-14 00:56:40] _train_one_epoch in BasicTrainer:
loss = 5.829581870477384
INFO    [03-14 00:57:32] log in loggers:
Update Best NDCG@10 Model at 19
INFO    [03-14 00:57:32] validate in BasicTrainer:
{'Recall@10': 0.05966706031933427, 'NDCG@10': 0.0386771665327251, 'MRR@10': 0.03225998910609633, 'Recall@5': 0.04526276344433427, 'NDCG@5': 0.03405392729910091, 'MRR@5': 0.03037197609199211, 'Recall*@10': 0.06172053133137524, 'NDCG*@10': 0.039746353232767435, 'MRR*@10': 0.033036617048783225, 'Recall*@5': 0.04647365454933606, 'NDCG*@5': 0.03485036080761347, 'MRR*@5': 0.031036123642115852}
INFO    [03-14 00:57:32] train in BasicTrainer:
duration: 115.05310702323914s
INFO    [03-14 00:57:32] train in BasicTrainer:
epoch: 20
INFO    [03-14 00:58:35] _train_one_epoch in BasicTrainer:
loss = 5.764760226712115
INFO    [03-14 00:59:26] log in loggers:
Update Best NDCG@10 Model at 20
INFO    [03-14 00:59:27] validate in BasicTrainer:
{'Recall@10': 0.06050690406933427, 'NDCG@10': 0.03936056575970724, 'MRR@10': 0.032888161006849256, 'Recall@5': 0.045780795784667136, 'NDCG@5': 0.034604915452655406, 'MRR@5': 0.030928908044006675, 'Recall*@10': 0.062479346678592264, 'NDCG*@10': 0.04043709532590583, 'MRR*@10': 0.03369907232001424, 'Recall*@5': 0.046910964667331426, 'NDCG*@5': 0.03540541833266616, 'MRR*@5': 0.03162376773077995}
INFO    [03-14 00:59:27] train in BasicTrainer:
duration: 114.5683925151825s
INFO    [03-14 00:59:27] train in BasicTrainer:
epoch: 21
INFO    [03-14 01:00:31] _train_one_epoch in BasicTrainer:
loss = 5.7066680370493135
INFO    [03-14 01:01:22] validate in BasicTrainer:
{'Recall@10': 0.059354106113314625, 'NDCG@10': 0.03909184832591563, 'MRR@10': 0.03287407787865959, 'Recall@5': 0.045711527988314626, 'NDCG@5': 0.03469269464258105, 'MRR@5': 0.031066084869671613, 'Recall*@10': 0.061041658255271615, 'NDCG*@10': 0.039989506304264066, 'MRR*@10': 0.033529691884759814, 'Recall*@5': 0.04683890750864521, 'NDCG*@5': 0.03540759718744084, 'MRR*@5': 0.03164539772318676}
INFO    [03-14 01:01:22] train in BasicTrainer:
duration: 115.28308486938477s
INFO    [03-14 01:01:22] train in BasicTrainer:
epoch: 22
INFO    [03-14 01:02:25] _train_one_epoch in BasicTrainer:
loss = 5.648192074103958
INFO    [03-14 01:03:16] log in loggers:
Update Best NDCG@10 Model at 22
INFO    [03-14 01:03:17] validate in BasicTrainer:
{'Recall@10': 0.06054596656933427, 'NDCG@10': 0.039640988211613146, 'MRR@10': 0.03323837530100718, 'Recall@5': 0.04612213844433427, 'NDCG@5': 0.03499340910930186, 'MRR@5': 0.031329885604791344, 'Recall*@10': 0.0623818968096748, 'NDCG*@10': 0.0405661742715165, 'MRR*@10': 0.033882558105979114, 'Recall*@5': 0.04736420628847554, 'NDCG*@5': 0.035725247799418866, 'MRR*@5': 0.03189342198893428}
INFO    [03-14 01:03:17] train in BasicTrainer:
duration: 114.6645073890686s
INFO    [03-14 01:03:17] train in BasicTrainer:
epoch: 23
INFO    [03-14 01:04:20] _train_one_epoch in BasicTrainer:
loss = 5.595967340042183
INFO    [03-14 01:05:12] log in loggers:
Update Best NDCG@10 Model at 23
INFO    [03-14 01:05:12] validate in BasicTrainer:
{'Recall@10': 0.06163040515966713, 'NDCG@10': 0.040639935494400564, 'MRR@10': 0.034192707864567636, 'Recall@5': 0.047704623909667135, 'NDCG@5': 0.03615631921682507, 'MRR@5': 0.03235403849277645, 'Recall*@10': 0.06354639935772866, 'NDCG*@10': 0.04150969375157729, 'MRR*@10': 0.03474423756240867, 'Recall*@5': 0.04891134666278958, 'NDCG*@5': 0.03679775275988504, 'MRR*@5': 0.032811952956253665}
INFO    [03-14 01:05:12] train in BasicTrainer:
duration: 115.43011093139648s
INFO    [03-14 01:05:12] train in BasicTrainer:
epoch: 24
INFO    [03-14 01:06:14] _train_one_epoch in BasicTrainer:
loss = 5.5470327748963975
INFO    [03-14 01:07:06] validate in BasicTrainer:
{'Recall@10': 0.06163040515966713, 'NDCG@10': 0.04048355371225625, 'MRR@10': 0.03401984638243448, 'Recall@5': 0.046630859375, 'NDCG@5': 0.03565698090940714, 'MRR@5': 0.03204199257772416, 'Recall*@10': 0.0635688894148916, 'NDCG*@10': 0.04146456263493747, 'MRR*@10': 0.034717146932380274, 'Recall*@5': 0.04773051207652315, 'NDCG*@5': 0.036378572520334274, 'MRR*@5': 0.032639089948497714}
INFO    [03-14 01:07:06] train in BasicTrainer:
duration: 113.39523315429688s
INFO    [03-14 01:07:06] train in BasicTrainer:
epoch: 25
INFO    [03-14 01:08:06] _train_one_epoch in BasicTrainer:
loss = 5.496992657726582
INFO    [03-14 01:08:58] validate in BasicTrainer:
{'Recall@10': 0.06071198219433427, 'NDCG@10': 0.04018858007853851, 'MRR@10': 0.0339051438565366, 'Recall@5': 0.04650299781933427, 'NDCG@5': 0.03560697081731632, 'MRR@5': 0.03202205628855154, 'Recall*@10': 0.06261658376315608, 'NDCG*@10': 0.041134436854626984, 'MRR*@10': 0.03456744972383603, 'Recall*@5': 0.04761986322933808, 'NDCG*@5': 0.03630073052132502, 'MRR*@5': 0.03258185495855287}
INFO    [03-14 01:08:58] train in BasicTrainer:
duration: 112.10904264450073s
INFO    [03-14 01:08:58] train in BasicTrainer:
epoch: 26
INFO    [03-14 01:09:58] _train_one_epoch in BasicTrainer:
loss = 5.452462872892852
INFO    [03-14 01:10:50] validate in BasicTrainer:
{'Recall@10': 0.06045807594433427, 'NDCG@10': 0.04028729566372931, 'MRR@10': 0.03408530449029058, 'Recall@5': 0.04706940406933427, 'NDCG@5': 0.035982404618989675, 'MRR@5': 0.032322985120117664, 'Recall*@10': 0.06218604557681829, 'NDCG*@10': 0.04121212378144264, 'MRR*@10': 0.034769982469733805, 'Recall*@5': 0.04811103721614927, 'NDCG*@5': 0.0366903835721314, 'MRR*@5': 0.03292101450497285}
INFO    [03-14 01:10:50] train in BasicTrainer:
duration: 112.1557457447052s
INFO    [03-14 01:10:50] train in BasicTrainer:
epoch: 27
INFO    [03-14 01:11:50] _train_one_epoch in BasicTrainer:
loss = 5.412662270087812
INFO    [03-14 01:12:42] log in loggers:
Update Best NDCG@10 Model at 27
INFO    [03-14 01:12:42] validate in BasicTrainer:
{'Recall@10': 0.06126862281933427, 'NDCG@10': 0.04140502479393035, 'MRR@10': 0.035299021003302185, 'Recall@5': 0.04784088844433427, 'NDCG@5': 0.03707589574623853, 'MRR@5': 0.03351990267867223, 'Recall*@10': 0.06318912112619728, 'NDCG*@10': 0.04234449577750638, 'MRR*@10': 0.03594258355675265, 'Recall*@5': 0.04898762248689309, 'NDCG*@5': 0.03776755044003949, 'MRR*@5': 0.0340626454690937}
INFO    [03-14 01:12:42] train in BasicTrainer:
duration: 112.44605708122253s
INFO    [03-14 01:12:42] train in BasicTrainer:
epoch: 28
INFO    [03-14 01:13:43] _train_one_epoch in BasicTrainer:
loss = 5.369516805465118
INFO    [03-14 01:14:35] validate in BasicTrainer:
{'Recall@10': 0.06120026344433427, 'NDCG@10': 0.04113821353297681, 'MRR@10': 0.03498256684280932, 'Recall@5': 0.04760651344433427, 'NDCG@5': 0.03675522189820185, 'MRR@5': 0.03318125860299915, 'Recall*@10': 0.0628851239103824, 'NDCG*@10': 0.041905284542590376, 'MRR*@10': 0.03546945058973506, 'Recall*@5': 0.0487406166177243, 'NDCG*@5': 0.03735080162761733, 'MRR*@5': 0.03360109533299692}
INFO    [03-14 01:14:35] train in BasicTrainer:
duration: 112.59930348396301s
INFO    [03-14 01:14:35] train in BasicTrainer:
epoch: 29
INFO    [03-14 01:15:36] _train_one_epoch in BasicTrainer:
loss = 5.331747580215351
INFO    [03-14 01:16:27] validate in BasicTrainer:
{'Recall@10': 0.06155182594433427, 'NDCG@10': 0.04107042622519657, 'MRR@10': 0.03478274863678962, 'Recall@5': 0.04789993640966714, 'NDCG@5': 0.03668230494018644, 'MRR@5': 0.03298707796609961, 'Recall*@10': 0.06348227203357965, 'NDCG*@10': 0.04204722953727469, 'MRR*@10': 0.03547053628601134, 'Recall*@5': 0.04909919471945614, 'NDCG*@5': 0.03742192488745786, 'MRR*@5': 0.03357656170846894}
INFO    [03-14 01:16:27] train in BasicTrainer:
duration: 112.1608190536499s
INFO    [03-14 01:16:27] train in BasicTrainer:
epoch: 30
INFO    [03-14 01:17:28] _train_one_epoch in BasicTrainer:
loss = 5.289772601837807
INFO    [03-14 01:18:19] validate in BasicTrainer:
{'Recall@10': 0.06108262173831463, 'NDCG@10': 0.04116316176019609, 'MRR@10': 0.03506644545821473, 'Recall@5': 0.047176371738314626, 'NDCG@5': 0.03668808368733153, 'MRR@5': 0.03323257738724351, 'Recall*@10': 0.0626658067619428, 'NDCG*@10': 0.04194805902196094, 'MRR*@10': 0.035612345938570794, 'Recall*@5': 0.04820488936500624, 'NDCG*@5': 0.03730330887250602, 'MRR*@5': 0.03371398499119096}
INFO    [03-14 01:18:19] train in BasicTrainer:
duration: 112.1314446926117s
INFO    [03-14 01:18:19] train in BasicTrainer:
epoch: 31
INFO    [03-14 01:19:20] _train_one_epoch in BasicTrainer:
loss = 5.251629328807818
INFO    [03-14 01:20:11] validate in BasicTrainer:
{'Recall@10': 0.06117051236331463, 'NDCG@10': 0.041334612523205576, 'MRR@10': 0.0352475934359245, 'Recall@5': 0.04781159156933427, 'NDCG@5': 0.03703845825977623, 'MRR@5': 0.03348818697268143, 'Recall*@10': 0.06263335581403226, 'NDCG*@10': 0.04201083813328296, 'MRR*@10': 0.03568359370576218, 'Recall*@5': 0.04875018939143047, 'NDCG*@5': 0.0375449865218252, 'MRR*@5': 0.03385400520870462}
INFO    [03-14 01:20:11] train in BasicTrainer:
duration: 112.18392300605774s
INFO    [03-14 01:20:11] train in BasicTrainer:
epoch: 32
INFO    [03-14 01:21:12] _train_one_epoch in BasicTrainer:
loss = 5.220234482979855
INFO    [03-14 01:22:04] validate in BasicTrainer:
{'Recall@10': 0.06113190406933427, 'NDCG@10': 0.041316944281570615, 'MRR@10': 0.03523273882456124, 'Recall@5': 0.04781159156933427, 'NDCG@5': 0.03703875500243157, 'MRR@5': 0.03348409535828978, 'Recall*@10': 0.06252756231464446, 'NDCG*@10': 0.042029330520890654, 'MRR*@10': 0.035746065452694896, 'Recall*@5': 0.048526472710072995, 'NDCG*@5': 0.03753564760321751, 'MRR*@5': 0.03391113920370117}
INFO    [03-14 01:22:04] train in BasicTrainer:
duration: 112.15128302574158s
INFO    [03-14 01:22:04] train in BasicTrainer:
epoch: 33
INFO    [03-14 01:23:04] _train_one_epoch in BasicTrainer:
loss = 5.186182745627033
INFO    [03-14 01:23:56] validate in BasicTrainer:
{'Recall@10': 0.06150254361331463, 'NDCG@10': 0.041321003953926266, 'MRR@10': 0.03511501963716, 'Recall@5': 0.04798737281933427, 'NDCG@5': 0.03694636986590922, 'MRR@5': 0.033306773400399836, 'Recall*@10': 0.06331890211440623, 'NDCG*@10': 0.04224228332284838, 'MRR*@10': 0.03576619629748166, 'Recall*@5': 0.04917297585401684, 'NDCG*@5': 0.037670122750569135, 'MRR*@5': 0.03388017127406783}
INFO    [03-14 01:23:56] train in BasicTrainer:
duration: 112.78888130187988s
INFO    [03-14 01:23:56] train in BasicTrainer:
epoch: 34
INFO    [03-14 01:24:57] _train_one_epoch in BasicTrainer:
loss = 5.156895940007448
INFO    [03-14 01:25:49] validate in BasicTrainer:
{'Recall@10': 0.06117051236331463, 'NDCG@10': 0.04122690728865564, 'MRR@10': 0.03511291753733531, 'Recall@5': 0.047577216569334266, 'NDCG@5': 0.03686002410715446, 'MRR@5': 0.03332737216027454, 'Recall*@10': 0.06272719275206327, 'NDCG*@10': 0.04208186167059466, 'MRR*@10': 0.035759110595099626, 'Recall*@5': 0.0483497597835958, 'NDCG*@5': 0.037458716405089944, 'MRR*@5': 0.033866211135755296}
INFO    [03-14 01:25:49] train in BasicTrainer:
duration: 113.01728177070618s
INFO    [03-14 01:25:49] train in BasicTrainer:
epoch: 35
INFO    [03-14 01:26:50] _train_one_epoch in BasicTrainer:
loss = 5.125654838119883
INFO    [03-14 01:27:42] log in loggers:
Update Best NDCG@10 Model at 35
INFO    [03-14 01:27:42] validate in BasicTrainer:
{'Recall@10': 0.06197129361331463, 'NDCG@10': 0.041577071635983884, 'MRR@10': 0.035329163898713885, 'Recall@5': 0.04754746548831463, 'NDCG@5': 0.036917110662907364, 'MRR@5': 0.0334082071960438, 'Recall*@10': 0.06375002910848707, 'NDCG*@10': 0.04245652585290372, 'MRR*@10': 0.035941436593420806, 'Recall*@5': 0.0484456266160123, 'NDCG*@5': 0.03751383204013109, 'MRR*@5': 0.0339050488860812}
INFO    [03-14 01:27:42] train in BasicTrainer:
duration: 112.67078280448914s
INFO    [03-14 01:27:42] train in BasicTrainer:
epoch: 36
INFO    [03-14 01:28:43] _train_one_epoch in BasicTrainer:
loss = 5.099486457540634
INFO    [03-14 01:29:35] log in loggers:
Update Best NDCG@10 Model at 36
INFO    [03-14 01:29:36] validate in BasicTrainer:
{'Recall@10': 0.06226471656933427, 'NDCG@10': 0.04172714870423078, 'MRR@10': 0.035431103031151, 'Recall@5': 0.048397983284667136, 'NDCG@5': 0.03726948013994843, 'MRR@5': 0.03360694526461885, 'Recall*@10': 0.0639036728721112, 'NDCG*@10': 0.04264378128340468, 'MRR*@10': 0.036133813329506666, 'Recall*@5': 0.04943073987495154, 'NDCG*@5': 0.03799066805979237, 'MRR*@5': 0.03422930091386661}
INFO    [03-14 01:29:36] train in BasicTrainer:
duration: 114.20711255073547s
INFO    [03-14 01:29:36] train in BasicTrainer:
epoch: 37
INFO    [03-14 01:30:37] _train_one_epoch in BasicTrainer:
loss = 5.0727776714829025
INFO    [03-14 01:31:29] validate in BasicTrainer:
{'Recall@10': 0.06123887173831463, 'NDCG@10': 0.041418188244570046, 'MRR@10': 0.035347078063059596, 'Recall@5': 0.04748887173831463, 'NDCG@5': 0.036994583818595855, 'MRR@5': 0.03353470992995426, 'Recall*@10': 0.06278803458437324, 'NDCG*@10': 0.042318510082550345, 'MRR*@10': 0.036052019733469935, 'Recall*@5': 0.0485835718177259, 'NDCG*@5': 0.03775297991232947, 'MRR*@5': 0.03418394678039476}
INFO    [03-14 01:31:29] train in BasicTrainer:
duration: 112.30288791656494s
INFO    [03-14 01:31:29] train in BasicTrainer:
epoch: 38
INFO    [03-14 01:32:29] _train_one_epoch in BasicTrainer:
loss = 5.044694510846496
INFO    [03-14 01:33:21] validate in BasicTrainer:
{'Recall@10': 0.06129791969433427, 'NDCG@10': 0.04139804450329393, 'MRR@10': 0.03527502425713465, 'Recall@5': 0.04819245094433427, 'NDCG@5': 0.037185870204120876, 'MRR@5': 0.03355202713282779, 'Recall*@10': 0.06328699572943151, 'NDCG*@10': 0.04236153144389391, 'MRR*@10': 0.035930406283587214, 'Recall*@5': 0.0494624243164435, 'NDCG*@5': 0.03792287097545341, 'MRR*@5': 0.034117393111810085}
INFO    [03-14 01:33:21] train in BasicTrainer:
duration: 112.15719389915466s
INFO    [03-14 01:33:21] train in BasicTrainer:
epoch: 39
INFO    [03-14 01:34:21] _train_one_epoch in BasicTrainer:
loss = 5.0182707587388435
INFO    [03-14 01:35:13] validate in BasicTrainer:
{'Recall@10': 0.06151276344433427, 'NDCG@10': 0.040859294077381494, 'MRR@10': 0.034521772619336845, 'Recall@5': 0.04723541969433427, 'NDCG@5': 0.03624416570179165, 'MRR@5': 0.03261811153264716, 'Recall*@10': 0.06299966348335147, 'NDCG*@10': 0.041717103484552355, 'MRR*@10': 0.03518898611655459, 'Recall*@5': 0.04823867936385796, 'NDCG*@5': 0.03694288291502744, 'MRR*@5': 0.03321816620766185}
INFO    [03-14 01:35:13] train in BasicTrainer:
duration: 112.10449147224426s
INFO    [03-14 01:35:13] train in BasicTrainer:
epoch: 40
INFO    [03-14 01:36:14] _train_one_epoch in BasicTrainer:
loss = 4.997151550493743
INFO    [03-14 01:37:05] validate in BasicTrainer:
{'Recall@10': 0.06088776344433427, 'NDCG@10': 0.04088299326598644, 'MRR@10': 0.03473090938990936, 'Recall@5': 0.047743686409667134, 'NDCG@5': 0.03665344409411773, 'MRR@5': 0.03299749464262277, 'Recall*@10': 0.062050685849972066, 'NDCG*@10': 0.04138591650873422, 'MRR*@10': 0.035034553308505564, 'Recall*@5': 0.048410655765328554, 'NDCG*@5': 0.03699539824854583, 'MRR*@5': 0.03323422079673037}
INFO    [03-14 01:37:05] train in BasicTrainer:
duration: 112.32621312141418s
INFO    [03-14 01:37:05] train in BasicTrainer:
epoch: 41
INFO    [03-14 01:38:06] _train_one_epoch in BasicTrainer:
loss = 4.97024792759843
INFO    [03-14 01:38:57] validate in BasicTrainer:
{'Recall@10': 0.06182526344433427, 'NDCG@10': 0.041563479425385595, 'MRR@10': 0.03534234249498695, 'Recall@5': 0.04809479469433427, 'NDCG@5': 0.03714098594617098, 'MRR@5': 0.033527389531955124, 'Recall*@10': 0.0632208681339398, 'NDCG*@10': 0.042273155669681726, 'MRR*@10': 0.03583623190643266, 'Recall*@5': 0.049207149134017525, 'NDCG*@5': 0.03775580890942365, 'MRR*@5': 0.03398012310732156}
INFO    [03-14 01:38:57] train in BasicTrainer:
duration: 112.1160728931427s
INFO    [03-14 01:38:57] train in BasicTrainer:
epoch: 42
INFO    [03-14 01:39:58] _train_one_epoch in BasicTrainer:
loss = 4.949257588466631
INFO    [03-14 01:40:49] validate in BasicTrainer:
{'Recall@10': 0.060379950944334265, 'NDCG@10': 0.041049308557994664, 'MRR@10': 0.03510160243604332, 'Recall@5': 0.047772983284667135, 'NDCG@5': 0.03700516214594245, 'MRR@5': 0.033451531834434715, 'Recall*@10': 0.061856445274315774, 'NDCG*@10': 0.04190757225966081, 'MRR*@10': 0.03576613164972514, 'Recall*@5': 0.04890946561004966, 'NDCG*@5': 0.03775751811685041, 'MRR*@5': 0.03407483154442161}
INFO    [03-14 01:40:49] train in BasicTrainer:
duration: 112.27465415000916s
INFO    [03-14 01:40:49] train in BasicTrainer:
epoch: 43
INFO    [03-14 01:41:50] _train_one_epoch in BasicTrainer:
loss = 4.925091238732033
INFO    [03-14 01:42:42] validate in BasicTrainer:
{'Recall@10': 0.06143463844433427, 'NDCG@10': 0.041129884226247665, 'MRR@10': 0.03490397256333381, 'Recall@5': 0.047382358284667137, 'NDCG@5': 0.0365853076451458, 'MRR@5': 0.03302786647342146, 'Recall*@10': 0.06298629538156092, 'NDCG*@10': 0.04180204835021868, 'MRR*@10': 0.035317388658877465, 'Recall*@5': 0.04799688816186972, 'NDCG*@5': 0.036955351141514256, 'MRR*@5': 0.033317179173463954}
INFO    [03-14 01:42:42] train in BasicTrainer:
duration: 112.20695471763611s
INFO    [03-14 01:42:42] train in BasicTrainer:
epoch: 44
INFO    [03-14 01:43:43] _train_one_epoch in BasicTrainer:
loss = 4.905260593867115
INFO    [03-14 01:44:34] validate in BasicTrainer:
{'Recall@10': 0.06136627906933427, 'NDCG@10': 0.041323504596948626, 'MRR@10': 0.035172676579095424, 'Recall@5': 0.047577216569334266, 'NDCG@5': 0.036881777932867406, 'MRR@5': 0.03334948105271906, 'Recall*@10': 0.06287948947865515, 'NDCG*@10': 0.042274046076927335, 'MRR*@10': 0.03595392485149205, 'Recall*@5': 0.04862154767848551, 'NDCG*@5': 0.03767691859276965, 'MRR*@5': 0.03406432442367077}
INFO    [03-14 01:44:34] train in BasicTrainer:
duration: 112.4219491481781s
INFO    [03-14 01:44:34] train in BasicTrainer:
epoch: 45
INFO    [03-14 01:45:35] _train_one_epoch in BasicTrainer:
loss = 4.876780067819764
INFO    [03-14 01:46:26] validate in BasicTrainer:
{'Recall@10': 0.06152252906933427, 'NDCG@10': 0.04148727038409561, 'MRR@10': 0.03533179393503815, 'Recall@5': 0.04778229469433427, 'NDCG@5': 0.037050710362382236, 'MRR@5': 0.0335047658206895, 'Recall*@10': 0.06300339819863439, 'NDCG*@10': 0.04234204386360943, 'MRR*@10': 0.03600043977377936, 'Recall*@5': 0.04870834928471595, 'NDCG*@5': 0.03773168331710622, 'MRR*@5': 0.03410494103329256}
INFO    [03-14 01:46:26] train in BasicTrainer:
duration: 112.05675268173218s
INFO    [03-14 01:46:26] train in BasicTrainer:
epoch: 46
INFO    [03-14 01:47:27] _train_one_epoch in BasicTrainer:
loss = 4.854288974107313
INFO    [03-14 01:48:19] validate in BasicTrainer:
{'Recall@10': 0.06102448219433427, 'NDCG@10': 0.040601702388375994, 'MRR@10': 0.0343314180104062, 'Recall@5': 0.04719681140966713, 'NDCG@5': 0.036148801767267286, 'MRR@5': 0.0325046067754738, 'Recall*@10': 0.06247335130581632, 'NDCG*@10': 0.041358199678361414, 'MRR*@10': 0.03487351963645779, 'Recall*@5': 0.04826454170979559, 'NDCG*@5': 0.03678493236075155, 'MRR*@5': 0.03299877755227499}
INFO    [03-14 01:48:19] train in BasicTrainer:
duration: 112.37091636657715s
INFO    [03-14 01:48:19] train in BasicTrainer:
epoch: 47
INFO    [03-14 01:49:19] _train_one_epoch in BasicTrainer:
loss = 4.834551418882201
INFO    [03-14 01:50:11] validate in BasicTrainer:
{'Recall@10': 0.06012559048831463, 'NDCG@10': 0.04075861637946218, 'MRR@10': 0.0347993617807515, 'Recall@5': 0.04728424781933427, 'NDCG@5': 0.03661772468592971, 'MRR@5': 0.03309713809518144, 'Recall*@10': 0.06152005062904209, 'NDCG*@10': 0.041523995366878806, 'MRR*@10': 0.035372731786919756, 'Recall*@5': 0.048158895106753336, 'NDCG*@5': 0.03721096599940211, 'MRR*@5': 0.03359711399418302}
INFO    [03-14 01:50:11] train in BasicTrainer:
duration: 112.13551545143127s
INFO    [03-14 01:50:11] train in BasicTrainer:
epoch: 48
INFO    [03-14 01:51:11] _train_one_epoch in BasicTrainer:
loss = 4.814866737449022
INFO    [03-14 01:52:03] validate in BasicTrainer:
{'Recall@10': 0.06054642078466713, 'NDCG@10': 0.04072229580720887, 'MRR@10': 0.03462763532006648, 'Recall@5': 0.0473828125, 'NDCG@5': 0.03647354709682986, 'MRR@5': 0.03287890661042184, 'Recall*@10': 0.06197071196977049, 'NDCG*@10': 0.04139152538962662, 'MRR*@10': 0.03507773683988489, 'Recall*@5': 0.04808733111945912, 'NDCG*@5': 0.036909928884124386, 'MRR*@5': 0.03323288074985612}
INFO    [03-14 01:52:03] train in BasicTrainer:
duration: 112.2123715877533s
INFO    [03-14 01:52:03] train in BasicTrainer:
epoch: 49
INFO    [03-14 01:53:04] _train_one_epoch in BasicTrainer:
loss = 4.797695054986575
INFO    [03-14 01:53:55] validate in BasicTrainer:
{'Recall@10': 0.06031113736331463, 'NDCG@10': 0.04054050074424595, 'MRR@10': 0.03447236256441102, 'Recall@5': 0.04695267078466713, 'NDCG@5': 0.03625580342952162, 'MRR@5': 0.03272464381996542, 'Recall*@10': 0.061668544998392465, 'NDCG*@10': 0.04124173759715632, 'MRR*@10': 0.034978976992424575, 'Recall*@5': 0.047696801591664555, 'NDCG*@5': 0.036759897422743965, 'MRR*@5': 0.03315070892800577}
INFO    [03-14 01:53:55] train in BasicTrainer:
duration: 112.2539324760437s
INFO    [03-14 01:53:55] train in BasicTrainer:
epoch: 50
INFO    [03-14 01:54:56] _train_one_epoch in BasicTrainer:
loss = 4.77782958445597
INFO    [03-14 01:55:47] validate in BasicTrainer:
{'Recall@10': 0.05969635719433427, 'NDCG@10': 0.040305628692731264, 'MRR@10': 0.03434440500801429, 'Recall@5': 0.04684524890966713, 'NDCG@5': 0.03616383654996753, 'MRR@5': 0.032643278730101886, 'Recall*@10': 0.06102255494799465, 'NDCG*@10': 0.041068371071014555, 'MRR*@10': 0.03493512781802565, 'Recall*@5': 0.04775959046790376, 'NDCG*@5': 0.03679143279325217, 'MRR*@5': 0.03317706643487327}
INFO    [03-14 01:55:47] train in BasicTrainer:
duration: 112.30827593803406s
INFO    [03-14 01:55:47] train in BasicTrainer:
epoch: 51
INFO    [03-14 01:56:48] _train_one_epoch in BasicTrainer:
loss = 4.760732980484658
INFO    [03-14 01:57:40] validate in BasicTrainer:
{'Recall@10': 0.059490824863314626, 'NDCG@10': 0.0401796021964401, 'MRR@10': 0.034245437292847784, 'Recall@5': 0.046219794694334265, 'NDCG@5': 0.03590999355539679, 'MRR@5': 0.032496324933599684, 'Recall*@10': 0.060698272944428026, 'NDCG*@10': 0.04080327490111813, 'MRR*@10': 0.03469172161538154, 'Recall*@5': 0.04704420118127018, 'NDCG*@5': 0.036410490792477504, 'MRR*@5': 0.03289226085646078}
INFO    [03-14 01:57:40] train in BasicTrainer:
duration: 112.36162257194519s
INFO    [03-14 01:57:40] train in BasicTrainer:
epoch: 52
INFO    [03-14 01:58:40] _train_one_epoch in BasicTrainer:
loss = 4.74217779772546
INFO    [03-14 01:59:32] validate in BasicTrainer:
{'Recall@10': 0.059911655159667135, 'NDCG@10': 0.040388059040997175, 'MRR@10': 0.03438478688709438, 'Recall@5': 0.04705032703466713, 'NDCG@5': 0.0362533534807153, 'MRR@5': 0.0326924816169776, 'Recall*@10': 0.06142800829838961, 'NDCG*@10': 0.04120486129075289, 'MRR*@10': 0.034988138305488976, 'Recall*@5': 0.048189644750673326, 'NDCG*@5': 0.03695771782426163, 'MRR*@5': 0.03325502263382077}
INFO    [03-14 01:59:32] train in BasicTrainer:
duration: 111.96168565750122s
INFO    [03-14 01:59:32] train in BasicTrainer:
epoch: 53
INFO    [03-14 02:00:32] _train_one_epoch in BasicTrainer:
loss = 4.725215214364072
INFO    [03-14 02:01:25] validate in BasicTrainer:
{'Recall@10': 0.06025299781933427, 'NDCG@10': 0.04024743047775701, 'MRR@10': 0.03410281978780404, 'Recall@5': 0.04696198219433427, 'NDCG@5': 0.03595915473299101, 'MRR@5': 0.03233864799607545, 'Recall*@10': 0.06172198806889355, 'NDCG*@10': 0.04108696935465559, 'MRR*@10': 0.034751113859238104, 'Recall*@5': 0.04795701101887971, 'NDCG*@5': 0.03664478853228502, 'MRR*@5': 0.03292297705309465}
INFO    [03-14 02:01:25] train in BasicTrainer:
duration: 113.06195187568665s
INFO    [03-14 02:01:25] train in BasicTrainer:
epoch: 54
INFO    [03-14 02:02:25] _train_one_epoch in BasicTrainer:
loss = 4.709966964177028
INFO    [03-14 02:03:17] validate in BasicTrainer:
{'Recall@10': 0.05974473111331463, 'NDCG@10': 0.040123635581694544, 'MRR@10': 0.03408365378389135, 'Recall@5': 0.04663971656933427, 'NDCG@5': 0.03588953841943294, 'MRR@5': 0.03233848531031981, 'Recall*@10': 0.06111401886213571, 'NDCG*@10': 0.040819214845541865, 'MRR*@10': 0.03457659396808595, 'Recall*@5': 0.047430139795178544, 'NDCG*@5': 0.036398083654930816, 'MRR*@5': 0.032754464628524146}
INFO    [03-14 02:03:17] train in BasicTrainer:
duration: 111.78933382034302s
INFO    [03-14 02:03:17] train in BasicTrainer:
epoch: 55
INFO    [03-14 02:04:17] _train_one_epoch in BasicTrainer:
loss = 4.692844818046886
INFO    [03-14 02:05:09] validate in BasicTrainer:
{'Recall@10': 0.05918809048831463, 'NDCG@10': 0.03976119545754045, 'MRR@10': 0.03379749524989165, 'Recall@5': 0.04608307594433427, 'NDCG@5': 0.035544250002130864, 'MRR@5': 0.032069396865554156, 'Recall*@10': 0.06060214587952942, 'NDCG*@10': 0.0405697800766211, 'MRR*@10': 0.03442628188524395, 'Recall*@5': 0.0469731762050651, 'NDCG*@5': 0.036191434300271795, 'MRR*@5': 0.03263631916692247}
INFO    [03-14 02:05:09] train in BasicTrainer:
duration: 112.7216362953186s
INFO    [03-14 02:05:09] train in BasicTrainer:
epoch: 56
INFO    [03-14 02:06:09] _train_one_epoch in BasicTrainer:
loss = 4.679068741312486
INFO    [03-14 02:07:01] validate in BasicTrainer:
{'Recall@10': 0.059638217659667134, 'NDCG@10': 0.04010394091485068, 'MRR@10': 0.034103746004402635, 'Recall@5': 0.04661087390966714, 'NDCG@5': 0.035915509641636166, 'MRR@5': 0.03238942168653011, 'Recall*@10': 0.06105220591183752, 'NDCG*@10': 0.04089992253109813, 'MRR*@10': 0.03472186929546297, 'Recall*@5': 0.04730723979417235, 'NDCG*@5': 0.0364814499928616, 'MRR*@5': 0.032913864792790265}
INFO    [03-14 02:07:01] train in BasicTrainer:
duration: 111.3015148639679s
INFO    [03-14 02:07:01] train in BasicTrainer:
epoch: 57
INFO    [03-14 02:08:01] _train_one_epoch in BasicTrainer:
loss = 4.661355271718537
INFO    [03-14 02:08:53] validate in BasicTrainer:
{'Recall@10': 0.059159247819334265, 'NDCG@10': 0.03963192991912365, 'MRR@10': 0.03361844063270837, 'Recall@5': 0.046356513444334266, 'NDCG@5': 0.035498793185688556, 'MRR@5': 0.03191677695140242, 'Recall*@10': 0.0602828624797985, 'NDCG*@10': 0.04023816656321287, 'MRR*@10': 0.03407070586225018, 'Recall*@5': 0.047035171226598324, 'NDCG*@5': 0.035963427003007385, 'MRR*@5': 0.032312013190239665}
INFO    [03-14 02:08:53] train in BasicTrainer:
duration: 112.51482677459717s
INFO    [03-14 02:08:53] train in BasicTrainer:
epoch: 58
INFO    [03-14 02:09:53] _train_one_epoch in BasicTrainer:
loss = 4.647229859836958
INFO    [03-14 02:10:46] validate in BasicTrainer:
{'Recall@10': 0.05855377906933427, 'NDCG@10': 0.03928563722176477, 'MRR@10': 0.033361329776234926, 'Recall@5': 0.04545807594433427, 'NDCG@5': 0.03505249079316854, 'MRR@5': 0.03161501525435597, 'Recall*@10': 0.05976763354614377, 'NDCG*@10': 0.039915919471532106, 'MRR*@10': 0.03381934135104529, 'Recall*@5': 0.046103940594475715, 'NDCG*@5': 0.035500193677144125, 'MRR*@5': 0.03199826615105849}
INFO    [03-14 02:10:46] train in BasicTrainer:
duration: 112.61424660682678s
INFO    [03-14 02:10:46] train in BasicTrainer:
epoch: 59
INFO    [03-14 02:11:46] _train_one_epoch in BasicTrainer:
loss = 4.6320976773141345
INFO    [03-14 02:12:37] validate in BasicTrainer:
{'Recall@10': 0.06032090298831463, 'NDCG@10': 0.040323843313381076, 'MRR@10': 0.03419595053885132, 'Recall@5': 0.04664948219433427, 'NDCG@5': 0.03594461639178917, 'MRR@5': 0.032412991614546624, 'Recall*@10': 0.061750010261312126, 'NDCG*@10': 0.04110752847511321, 'MRR*@10': 0.03479045798070729, 'Recall*@5': 0.047484825209248814, 'NDCG*@5': 0.03654136921744794, 'MRR*@5': 0.03293340867618099}
INFO    [03-14 02:12:37] train in BasicTrainer:
duration: 111.19165921211243s
INFO    [03-14 02:12:37] close_training in BasicTrainer:
finished training
INFO    [03-14 02:12:37] final_validate in BasicTrainer:
validate model on val set!
INFO    [03-14 02:12:37] load_state_from_given_path in utils:
checkpoint epoch: 36
INFO    [03-14 02:12:37] load_state_from_given_path in utils:
Loading model's parameters
INFO    [03-14 02:13:30] validate in BasicTrainer:
{'Recall@10': 0.06226471656933427, 'NDCG@10': 0.04172714870423078, 'MRR@10': 0.035431103031151, 'Recall@5': 0.048397983284667136, 'NDCG@5': 0.03726948013994843, 'MRR@5': 0.03360694526461885, 'Recall*@10': 0.0639036728721112, 'NDCG*@10': 0.04264378128340468, 'MRR*@10': 0.036133813329506666, 'Recall*@5': 0.04943073987495154, 'NDCG*@5': 0.03799066805979237, 'MRR*@5': 0.03422930091386661}
INFO    [03-14 02:13:30] test in BasicTrainer:
Test model on test set!
INFO    [03-14 02:13:30] test_with_given_state_path in BasicTrainer:
Loading model params from ___el_base_2021/base_nextitnet_03-14_00:17_0/nextitnet_logs/checkpoint/best_acc_model.pth.
INFO    [03-14 02:13:30] load_state_from_given_path in utils:
checkpoint epoch: 36
INFO    [03-14 02:13:30] load_state_from_given_path in utils:
Loading model's parameters
INFO    [03-14 02:13:30] test_with_given_state_path in BasicTrainer:
Finished loading. Start testing.
INFO    [03-14 02:14:21] test_with_given_state_path in BasicTrainer:
{'Recall@10': 0.04859284156933427, 'NDCG@10': 0.03179043699288741, 'MRR@10': 0.026648095827549696, 'Recall@5': 0.036747592659667136, 'NDCG@5': 0.027977853913325815, 'MRR@5': 0.025084995260694996, 'Recall*@10': 0.05056897738948465, 'NDCG*@10': 0.03290447969455272, 'MRR*@10': 0.027498440706986003, 'Recall*@5': 0.03809422225109302, 'NDCG*@5': 0.02888682149699889, 'MRR*@5': 0.025849790082720574}
INFO    [03-14 02:14:21] _evaluate in BasicSched:
!!Final Result!!: {'Recall@10': 0.04859284156933427, 'NDCG@10': 0.03179043699288741, 'MRR@10': 0.026648095827549696, 'Recall@5': 0.036747592659667136, 'NDCG@5': 0.027977853913325815, 'MRR@5': 0.025084995260694996, 'Recall*@10': 0.05056897738948465, 'NDCG*@10': 0.03290447969455272, 'MRR*@10': 0.027498440706986003, 'Recall*@5': 0.03809422225109302, 'NDCG*@5': 0.02888682149699889, 'MRR*@5': 0.025849790082720574}
