INFO    [05-05 03:41:37] setup_train in utils:
{
    "experiment_dir": "___movies_ed_2022",
    "experiment_description": "ed_diff_2022",
    "describe": "{config[model_code]}-en-{config[weight_list][0]}-T-{config[T]}-al-{config[alpha]}",
    "dataset_name": "movies.csv",
    "sched": "ensemble_distill",
    "model_code": "narm",
    "mentor_code": "narm",
    "mentor2_code": "narm",
    "weight_list": [
        0.5,
        0.5
    ],
    "alpha": 0.5,
    "T": 3.0,
    "training_routine": "student",
    "softmaxed_mentor": true,
    "enable_auto_path_finder": false,
    "num_epochs": 80,
    "mode": [
        "train",
        "test"
    ],
    "max_len": 10,
    "test_state_path": null,
    "model_state_path": null,
    "mentor_state_path": "___movies_base_2020/base_narm_05-04_21:31_0/narm_logs/checkpoint/best_acc_model.pth",
    "mentor2_state_path": "___movies_base_2021/base_narm_05-04_21:29_0/narm_logs/checkpoint/best_acc_model.pth",
    "rand_seed": 2022,
    "load_processed_dataset": true,
    "save_processed_dataset": false,
    "dataset_cache_filename": null,
    "do_remap": false,
    "weight_decay": 0,
    "decay_step": 15,
    "gamma": 0.99,
    "lr": 0.001,
    "min_length": 5,
    "min_item_inter": 5,
    "good_only": false,
    "use_rating": true,
    "test_negative_sampler_code": "random",
    "test_negative_sample_size": 0,
    "dataloader_type": "next",
    "train_batch_size": 4096,
    "val_batch_size": 4096,
    "test_batch_size": 4096,
    "prop_sliding_window": -1.0,
    "worker_number": 2,
    "metric_ks": [
        5,
        10
    ],
    "device": "cuda",
    "num_gpu": 1,
    "optimizer": "Adam",
    "best_metric": "NDCG@10",
    "show_process_bar": false,
    "enable_sample": false,
    "samples_ratio": 0.1,
    "config_file": "config2.movies/narm/config_distill_ensemble.json",
    "task_id": 5,
    "split": "leave_one_out",
    "do_sampling": false,
    "path_for_sample": null,
    "sample_rate": 0.5,
    "sample_seed": 0,
    "train_negative_sampler_code": "random",
    "train_negative_sample_size": 100,
    "device_idx": "0",
    "momentum": null,
    "log_period_as_iter": 12800,
    "dvae_alpha": 0.5,
    "validation_rate": 0.2,
    "num_items": null,
    "start_index": 1,
    "kwargs": null
}
INFO    [05-05 03:41:38] _load_full_dataset_from_path in utils:
loading cache from /data01/wushiguang-slurm/Codes/soft-rec/Data/Cache/movies-5-5.pkl
INFO    [05-05 03:41:43] _check_dataset_cache in utils:
check if the cache is generated under this configuration
INFO    [05-05 03:41:43] _check_dataset_cache in utils:
correct.
INFO    [05-05 03:41:43] __init__ in NextItemDataloader:
there are 21035 items in this dataset, 82156 users, padding_first? False
DEBUG   [05-05 03:41:57] generate_model in utils:
model_code_list=['narm']
INFO    [05-05 03:41:57] load_model_config in utils:
loading model narm's config file at asset/config/model/narm.json
INFO    [05-05 03:41:57] load_model_config in utils:
{
    "embedding_size": 64,
    "hidden_size": 128,
    "n_layers": 1,
    "dropout_probs": [
        0.25,
        0.5
    ]
}
WARNING [05-05 03:42:05] get_exist_path in utils:
dir ___movies_ed_2022/ed_diff_2022_narm-en-0.5-T-3.0-al-0.5_05-05_03:41_t5/teacher1_narm_logs does not exist! Create one.
WARNING [05-05 03:42:05] get_exist_path in utils:
dir ___movies_ed_2022/ed_diff_2022_narm-en-0.5-T-3.0-al-0.5_05-05_03:41_t5/teacher1_narm_logs/tb_vis does not exist! Create one.
WARNING [05-05 03:42:05] get_exist_path in utils:
dir ___movies_ed_2022/ed_diff_2022_narm-en-0.5-T-3.0-al-0.5_05-05_03:41_t5/teacher1_narm_logs/checkpoint does not exist! Create one.
INFO    [05-05 03:42:05] load_state_from_given_path in utils:
checkpoint epoch: 57
INFO    [05-05 03:42:05] load_state_from_given_path in utils:
Loading model's parameters
INFO    [05-05 03:42:05] load_state_from_given_path in utils:
Loading optimizer's parameters
DEBUG   [05-05 03:42:05] _generate_teacher_trainer in EnsembleDistillSched:
teacher1_narm: 
NARM(
  (item_embedding): Embedding(21036, 64, padding_idx=0)
  (emb_dropout): Dropout(p=0.25, inplace=False)
  (gru): GRU(64, 128, bias=False, batch_first=True)
  (a_1): Linear(in_features=128, out_features=128, bias=False)
  (a_2): Linear(in_features=128, out_features=128, bias=False)
  (v_t): Linear(in_features=128, out_features=1, bias=False)
  (ct_dropout): Dropout(p=0.5, inplace=False)
  (b): Linear(in_features=256, out_features=64, bias=False)
  (loss_fct): CrossEntropyLoss()
)
INFO    [05-05 03:42:05] assert_model_device in utils:
model teacher1_narm has 5.60498046875 MB params.
INFO    [05-05 03:42:05] __init__ in BasicTrainer:
450560 iter per epoch
DEBUG   [05-05 03:42:05] generate_model in utils:
model_code_list=['narm']
INFO    [05-05 03:42:05] load_model_config in utils:
loading model narm's config file at asset/config/model/narm.json
INFO    [05-05 03:42:05] load_model_config in utils:
{
    "embedding_size": 64,
    "hidden_size": 128,
    "n_layers": 1,
    "dropout_probs": [
        0.25,
        0.5
    ]
}
WARNING [05-05 03:42:10] get_exist_path in utils:
dir ___movies_ed_2022/ed_diff_2022_narm-en-0.5-T-3.0-al-0.5_05-05_03:41_t5/teacher2_narm_logs does not exist! Create one.
WARNING [05-05 03:42:10] get_exist_path in utils:
dir ___movies_ed_2022/ed_diff_2022_narm-en-0.5-T-3.0-al-0.5_05-05_03:41_t5/teacher2_narm_logs/tb_vis does not exist! Create one.
WARNING [05-05 03:42:10] get_exist_path in utils:
dir ___movies_ed_2022/ed_diff_2022_narm-en-0.5-T-3.0-al-0.5_05-05_03:41_t5/teacher2_narm_logs/checkpoint does not exist! Create one.
INFO    [05-05 03:42:13] load_state_from_given_path in utils:
checkpoint epoch: 59
INFO    [05-05 03:42:13] load_state_from_given_path in utils:
Loading model's parameters
INFO    [05-05 03:42:13] load_state_from_given_path in utils:
Loading optimizer's parameters
DEBUG   [05-05 03:42:13] _generate_teacher_trainer in EnsembleDistillSched:
teacher2_narm: 
NARM(
  (item_embedding): Embedding(21036, 64, padding_idx=0)
  (emb_dropout): Dropout(p=0.25, inplace=False)
  (gru): GRU(64, 128, bias=False, batch_first=True)
  (a_1): Linear(in_features=128, out_features=128, bias=False)
  (a_2): Linear(in_features=128, out_features=128, bias=False)
  (v_t): Linear(in_features=128, out_features=1, bias=False)
  (ct_dropout): Dropout(p=0.5, inplace=False)
  (b): Linear(in_features=256, out_features=64, bias=False)
  (loss_fct): CrossEntropyLoss()
)
INFO    [05-05 03:42:13] assert_model_device in utils:
model teacher2_narm has 5.60498046875 MB params.
INFO    [05-05 03:42:13] __init__ in BasicTrainer:
450560 iter per epoch
DEBUG   [05-05 03:42:13] generate_model in utils:
model_code_list=['narm']
INFO    [05-05 03:42:13] load_model_config in utils:
loading model narm's config file at asset/config/model/narm.json
INFO    [05-05 03:42:13] load_model_config in utils:
{
    "embedding_size": 64,
    "hidden_size": 128,
    "n_layers": 1,
    "dropout_probs": [
        0.25,
        0.5
    ]
}
WARNING [05-05 03:42:20] get_exist_path in utils:
dir ___movies_ed_2022/ed_diff_2022_narm-en-0.5-T-3.0-al-0.5_05-05_03:41_t5/student_narm_logs does not exist! Create one.
WARNING [05-05 03:42:21] get_exist_path in utils:
dir ___movies_ed_2022/ed_diff_2022_narm-en-0.5-T-3.0-al-0.5_05-05_03:41_t5/student_narm_logs/tb_vis does not exist! Create one.
WARNING [05-05 03:42:21] get_exist_path in utils:
dir ___movies_ed_2022/ed_diff_2022_narm-en-0.5-T-3.0-al-0.5_05-05_03:41_t5/student_narm_logs/checkpoint does not exist! Create one.
WARNING [05-05 03:42:21] get_path in utils:
Path is None
WARNING [05-05 03:42:21] load_state_from_given_path in utils:
Not given any path.
DEBUG   [05-05 03:42:21] _generate_student_trainer in EnsembleDistillSched:
student_narm: 
NARM(
  (item_embedding): Embedding(21036, 64, padding_idx=0)
  (emb_dropout): Dropout(p=0.25, inplace=False)
  (gru): GRU(64, 128, bias=False, batch_first=True)
  (a_1): Linear(in_features=128, out_features=128, bias=False)
  (a_2): Linear(in_features=128, out_features=128, bias=False)
  (v_t): Linear(in_features=128, out_features=1, bias=False)
  (ct_dropout): Dropout(p=0.5, inplace=False)
  (b): Linear(in_features=256, out_features=64, bias=False)
  (loss_fct): CrossEntropyLoss()
)
INFO    [05-05 03:42:21] assert_model_device in utils:
model student_narm has 5.60498046875 MB params.
INFO    [05-05 03:42:21] assert_model_device in utils:
model mix_narm_narm has 0.0 MB params.
INFO    [05-05 03:42:21] assert_model_device in utils:
model mix_narm_narm has no param
INFO    [05-05 03:42:21] __init__ in DistillTrainer:
450560 iter per epoch
INFO    [05-05 03:42:21] _set_current_routine in Routine:
first routine: student
INFO    [05-05 03:42:21] run_routine in Routine:
Start routine student
INFO    [05-05 03:42:21] run_routine in Routine:
Start training
INFO    [05-05 03:42:21] train in DistillTrainer:
Test mentor model: mix_narm_narm
DEBUG   [05-05 03:42:23] forward in Ensembler:
raw predict
DEBUG   [05-05 03:42:23] forward in Ensembler:
[tensor([[3.4602e-06, 1.0353e-04, 3.2355e-05,  ..., 1.0493e-05, 3.1080e-05,
         5.7703e-05],
        [1.4241e-06, 7.6021e-06, 6.5172e-06,  ..., 6.3149e-06, 1.4267e-05,
         4.3068e-05],
        [2.2690e-06, 1.9702e-05, 1.1860e-05,  ..., 3.6287e-06, 1.1758e-05,
         1.0878e-05],
        ...,
        [1.7536e-07, 1.6548e-07, 1.3825e-06,  ..., 3.3174e-07, 5.8222e-05,
         7.9811e-07],
        [1.2829e-06, 1.8573e-04, 1.5378e-05,  ..., 2.8766e-05, 4.3105e-05,
         1.4280e-05],
        [9.2797e-06, 3.1985e-05, 5.6406e-05,  ..., 1.2621e-05, 4.9694e-06,
         7.5869e-05]], device='cuda:0'), tensor([[2.1340e-06, 8.6448e-05, 2.5262e-05,  ..., 1.2429e-05, 4.2547e-05,
         7.0554e-05],
        [2.7967e-06, 7.1062e-06, 1.2277e-05,  ..., 1.1363e-05, 2.4904e-05,
         6.1738e-05],
        [1.6323e-06, 1.0794e-05, 1.4613e-05,  ..., 3.6235e-06, 1.5802e-05,
         2.3767e-05],
        ...,
        [2.0239e-06, 1.6929e-07, 2.3649e-06,  ..., 6.5068e-05, 2.3428e-05,
         4.1996e-06],
        [2.0194e-06, 2.2041e-04, 1.4438e-05,  ..., 2.2413e-05, 2.6757e-05,
         1.0700e-05],
        [7.6119e-06, 2.1902e-05, 6.0401e-05,  ..., 1.5212e-05, 1.0019e-05,
         8.1629e-05]], device='cuda:0')]
DEBUG   [05-05 03:42:23] forward in Ensembler:
raw confidence
DEBUG   [05-05 03:42:23] forward in Ensembler:
[tensor([0.0005, 0.0007, 0.0009,  ..., 0.0247, 0.0011, 0.0019], device='cuda:0'), tensor([0.0006, 0.0005, 0.0010,  ..., 0.0317, 0.0011, 0.0019], device='cuda:0')]
DEBUG   [05-05 03:42:23] forward in Ensembler:
weighted predict
DEBUG   [05-05 03:42:23] forward in Ensembler:
[tensor([[1.7301e-06, 5.1764e-05, 1.6178e-05,  ..., 5.2464e-06, 1.5540e-05,
         2.8851e-05],
        [7.1207e-07, 3.8011e-06, 3.2586e-06,  ..., 3.1574e-06, 7.1334e-06,
         2.1534e-05],
        [1.1345e-06, 9.8510e-06, 5.9298e-06,  ..., 1.8144e-06, 5.8791e-06,
         5.4389e-06],
        ...,
        [8.7680e-08, 8.2739e-08, 6.9124e-07,  ..., 1.6587e-07, 2.9111e-05,
         3.9906e-07],
        [6.4145e-07, 9.2865e-05, 7.6888e-06,  ..., 1.4383e-05, 2.1553e-05,
         7.1400e-06],
        [4.6398e-06, 1.5992e-05, 2.8203e-05,  ..., 6.3106e-06, 2.4847e-06,
         3.7934e-05]], device='cuda:0'), tensor([[1.0670e-06, 4.3224e-05, 1.2631e-05,  ..., 6.2143e-06, 2.1273e-05,
         3.5277e-05],
        [1.3983e-06, 3.5531e-06, 6.1383e-06,  ..., 5.6816e-06, 1.2452e-05,
         3.0869e-05],
        [8.1617e-07, 5.3969e-06, 7.3064e-06,  ..., 1.8118e-06, 7.9009e-06,
         1.1883e-05],
        ...,
        [1.0119e-06, 8.4647e-08, 1.1824e-06,  ..., 3.2534e-05, 1.1714e-05,
         2.0998e-06],
        [1.0097e-06, 1.1021e-04, 7.2189e-06,  ..., 1.1207e-05, 1.3378e-05,
         5.3502e-06],
        [3.8060e-06, 1.0951e-05, 3.0200e-05,  ..., 7.6058e-06, 5.0094e-06,
         4.0814e-05]], device='cuda:0')]
DEBUG   [05-05 03:42:23] forward in Ensembler:
final predict
DEBUG   [05-05 03:42:23] forward in Ensembler:
tensor([[2.7971e-06, 9.4988e-05, 2.8808e-05,  ..., 1.1461e-05, 3.6813e-05,
         6.4129e-05],
        [2.1104e-06, 7.3542e-06, 9.3969e-06,  ..., 8.8391e-06, 1.9585e-05,
         5.2403e-05],
        [1.9507e-06, 1.5248e-05, 1.3236e-05,  ..., 3.6261e-06, 1.3780e-05,
         1.7322e-05],
        ...,
        [1.0996e-06, 1.6739e-07, 1.8737e-06,  ..., 3.2700e-05, 4.0825e-05,
         2.4988e-06],
        [1.6511e-06, 2.0307e-04, 1.4908e-05,  ..., 2.5589e-05, 3.4931e-05,
         1.2490e-05],
        [8.4458e-06, 2.6944e-05, 5.8404e-05,  ..., 1.3916e-05, 7.4941e-06,
         7.8749e-05]], device='cuda:0')
DEBUG   [05-05 03:42:23] forward in Ensembler:
final confidence
DEBUG   [05-05 03:42:23] forward in Ensembler:
tensor([0.0006, 0.0006, 0.0008,  ..., 0.0266, 0.0010, 0.0013], device='cuda:0')
DEBUG   [05-05 03:42:24] forward in Ensembler:
raw predict
DEBUG   [05-05 03:42:24] forward in Ensembler:
[tensor([[1.8299e-06, 2.9827e-05, 4.3365e-05,  ..., 6.5194e-06, 5.0393e-05,
         5.4794e-05],
        [2.6589e-06, 1.0070e-04, 2.1336e-05,  ..., 4.7493e-05, 2.6131e-05,
         2.5247e-05],
        [1.6296e-06, 1.8544e-05, 1.9832e-05,  ..., 4.5520e-06, 1.1073e-05,
         6.1375e-05],
        ...,
        [5.9406e-06, 1.1744e-04, 4.7045e-05,  ..., 8.1703e-05, 7.9231e-05,
         1.1042e-05],
        [7.4236e-07, 9.4645e-06, 4.6999e-06,  ..., 2.7700e-06, 1.5996e-05,
         2.8916e-05],
        [2.5815e-06, 1.1714e-04, 2.1680e-05,  ..., 6.6424e-06, 2.8698e-05,
         4.5048e-05]], device='cuda:0'), tensor([[3.7109e-06, 6.1169e-05, 3.3922e-05,  ..., 8.5778e-06, 2.5549e-05,
         3.6305e-05],
        [1.5520e-06, 8.9946e-05, 1.0198e-05,  ..., 6.0121e-05, 5.5849e-05,
         3.0407e-05],
        [2.5944e-06, 2.0954e-05, 2.0316e-05,  ..., 1.3331e-05, 2.3684e-05,
         4.0034e-05],
        ...,
        [2.6228e-06, 4.6294e-05, 2.3836e-05,  ..., 1.6618e-05, 6.2752e-06,
         1.3386e-05],
        [1.0412e-06, 1.0133e-05, 4.0149e-06,  ..., 2.8642e-06, 1.4059e-05,
         4.2949e-05],
        [2.9081e-06, 1.1955e-04, 4.7893e-05,  ..., 1.2124e-05, 1.1987e-05,
         5.0944e-05]], device='cuda:0')]
DEBUG   [05-05 03:42:24] forward in Ensembler:
raw confidence
DEBUG   [05-05 03:42:24] forward in Ensembler:
[tensor([0.0003, 0.0013, 0.0008,  ..., 0.0006, 0.0009, 0.0005], device='cuda:0'), tensor([0.0005, 0.0011, 0.0005,  ..., 0.0009, 0.0009, 0.0006], device='cuda:0')]
DEBUG   [05-05 03:42:24] forward in Ensembler:
weighted predict
DEBUG   [05-05 03:42:24] forward in Ensembler:
[tensor([[9.1493e-07, 1.4914e-05, 2.1683e-05,  ..., 3.2597e-06, 2.5197e-05,
         2.7397e-05],
        [1.3295e-06, 5.0350e-05, 1.0668e-05,  ..., 2.3746e-05, 1.3066e-05,
         1.2624e-05],
        [8.1480e-07, 9.2718e-06, 9.9160e-06,  ..., 2.2760e-06, 5.5365e-06,
         3.0688e-05],
        ...,
        [2.9703e-06, 5.8720e-05, 2.3522e-05,  ..., 4.0851e-05, 3.9616e-05,
         5.5209e-06],
        [3.7118e-07, 4.7322e-06, 2.3500e-06,  ..., 1.3850e-06, 7.9979e-06,
         1.4458e-05],
        [1.2907e-06, 5.8571e-05, 1.0840e-05,  ..., 3.3212e-06, 1.4349e-05,
         2.2524e-05]], device='cuda:0'), tensor([[1.8555e-06, 3.0585e-05, 1.6961e-05,  ..., 4.2889e-06, 1.2774e-05,
         1.8153e-05],
        [7.7601e-07, 4.4973e-05, 5.0989e-06,  ..., 3.0060e-05, 2.7924e-05,
         1.5203e-05],
        [1.2972e-06, 1.0477e-05, 1.0158e-05,  ..., 6.6655e-06, 1.1842e-05,
         2.0017e-05],
        ...,
        [1.3114e-06, 2.3147e-05, 1.1918e-05,  ..., 8.3089e-06, 3.1376e-06,
         6.6929e-06],
        [5.2060e-07, 5.0666e-06, 2.0075e-06,  ..., 1.4321e-06, 7.0293e-06,
         2.1474e-05],
        [1.4540e-06, 5.9776e-05, 2.3947e-05,  ..., 6.0619e-06, 5.9936e-06,
         2.5472e-05]], device='cuda:0')]
DEBUG   [05-05 03:42:24] forward in Ensembler:
final predict
DEBUG   [05-05 03:42:24] forward in Ensembler:
tensor([[2.7704e-06, 4.5498e-05, 3.8644e-05,  ..., 7.5486e-06, 3.7971e-05,
         4.5550e-05],
        [2.1055e-06, 9.5323e-05, 1.5767e-05,  ..., 5.3807e-05, 4.0990e-05,
         2.7827e-05],
        [2.1120e-06, 1.9749e-05, 2.0074e-05,  ..., 8.9415e-06, 1.7379e-05,
         5.0705e-05],
        ...,
        [4.2817e-06, 8.1867e-05, 3.5440e-05,  ..., 4.9160e-05, 4.2753e-05,
         1.2214e-05],
        [8.9178e-07, 9.7989e-06, 4.3574e-06,  ..., 2.8171e-06, 1.5027e-05,
         3.5933e-05],
        [2.7448e-06, 1.1835e-04, 3.4787e-05,  ..., 9.3831e-06, 2.0342e-05,
         4.7996e-05]], device='cuda:0')
DEBUG   [05-05 03:42:24] forward in Ensembler:
final confidence
DEBUG   [05-05 03:42:24] forward in Ensembler:
tensor([0.0003, 0.0012, 0.0006,  ..., 0.0006, 0.0009, 0.0005], device='cuda:0')
DEBUG   [05-05 03:42:26] forward in Ensembler:
raw predict
DEBUG   [05-05 03:42:26] forward in Ensembler:
[tensor([[2.2491e-06, 2.5660e-05, 2.2363e-06,  ..., 1.5431e-05, 3.9635e-05,
         1.0063e-05],
        [3.0666e-07, 1.6902e-05, 3.6144e-06,  ..., 4.4141e-07, 8.8335e-06,
         1.8580e-05],
        [1.9884e-06, 2.8406e-05, 1.2505e-05,  ..., 1.7270e-05, 1.5452e-04,
         2.8359e-05],
        ...,
        [2.3474e-06, 4.2058e-05, 1.4172e-05,  ..., 9.6129e-05, 1.3858e-05,
         2.0750e-05],
        [3.9023e-06, 7.4223e-05, 1.8801e-05,  ..., 3.6747e-05, 2.9678e-05,
         3.1324e-05],
        [2.5001e-06, 1.6366e-05, 3.6636e-06,  ..., 6.2192e-06, 2.4178e-05,
         8.5992e-05]], device='cuda:0'), tensor([[2.3254e-06, 1.1805e-05, 6.3169e-06,  ..., 5.6468e-06, 2.4437e-05,
         2.5720e-05],
        [4.6897e-07, 9.6817e-06, 1.2322e-06,  ..., 1.1911e-06, 1.2135e-05,
         1.5933e-05],
        [2.0008e-06, 3.2362e-05, 1.2303e-05,  ..., 1.9154e-05, 1.2409e-04,
         4.8453e-05],
        ...,
        [3.5957e-06, 4.3472e-05, 1.8825e-05,  ..., 8.6745e-05, 2.3827e-05,
         3.9979e-05],
        [3.5418e-06, 8.3932e-05, 1.6508e-05,  ..., 5.4338e-05, 3.1719e-05,
         2.5430e-05],
        [2.5428e-06, 1.3537e-05, 4.8680e-06,  ..., 1.7731e-05, 3.2287e-05,
         6.6553e-05]], device='cuda:0')]
DEBUG   [05-05 03:42:26] forward in Ensembler:
raw confidence
DEBUG   [05-05 03:42:26] forward in Ensembler:
[tensor([0.0006, 0.0013, 0.0004,  ..., 0.0012, 0.0005, 0.0006], device='cuda:0'), tensor([0.0010, 0.0018, 0.0004,  ..., 0.0009, 0.0005, 0.0005], device='cuda:0')]
DEBUG   [05-05 03:42:26] forward in Ensembler:
weighted predict
DEBUG   [05-05 03:42:26] forward in Ensembler:
[tensor([[1.1246e-06, 1.2830e-05, 1.1182e-06,  ..., 7.7156e-06, 1.9817e-05,
         5.0313e-06],
        [1.5333e-07, 8.4512e-06, 1.8072e-06,  ..., 2.2071e-07, 4.4168e-06,
         9.2898e-06],
        [9.9420e-07, 1.4203e-05, 6.2527e-06,  ..., 8.6352e-06, 7.7259e-05,
         1.4180e-05],
        ...,
        [1.1737e-06, 2.1029e-05, 7.0860e-06,  ..., 4.8065e-05, 6.9290e-06,
         1.0375e-05],
        [1.9511e-06, 3.7112e-05, 9.4005e-06,  ..., 1.8374e-05, 1.4839e-05,
         1.5662e-05],
        [1.2501e-06, 8.1828e-06, 1.8318e-06,  ..., 3.1096e-06, 1.2089e-05,
         4.2996e-05]], device='cuda:0'), tensor([[1.1627e-06, 5.9027e-06, 3.1585e-06,  ..., 2.8234e-06, 1.2219e-05,
         1.2860e-05],
        [2.3449e-07, 4.8409e-06, 6.1608e-07,  ..., 5.9555e-07, 6.0676e-06,
         7.9666e-06],
        [1.0004e-06, 1.6181e-05, 6.1516e-06,  ..., 9.5768e-06, 6.2043e-05,
         2.4226e-05],
        ...,
        [1.7978e-06, 2.1736e-05, 9.4123e-06,  ..., 4.3372e-05, 1.1914e-05,
         1.9989e-05],
        [1.7709e-06, 4.1966e-05, 8.2539e-06,  ..., 2.7169e-05, 1.5859e-05,
         1.2715e-05],
        [1.2714e-06, 6.7684e-06, 2.4340e-06,  ..., 8.8657e-06, 1.6143e-05,
         3.3276e-05]], device='cuda:0')]
DEBUG   [05-05 03:42:26] forward in Ensembler:
final predict
DEBUG   [05-05 03:42:26] forward in Ensembler:
tensor([[2.2873e-06, 1.8732e-05, 4.2766e-06,  ..., 1.0539e-05, 3.2036e-05,
         1.7891e-05],
        [3.8782e-07, 1.3292e-05, 2.4233e-06,  ..., 8.1626e-07, 1.0484e-05,
         1.7256e-05],
        [1.9946e-06, 3.0384e-05, 1.2404e-05,  ..., 1.8212e-05, 1.3930e-04,
         3.8406e-05],
        ...,
        [2.9716e-06, 4.2765e-05, 1.6498e-05,  ..., 9.1437e-05, 1.8843e-05,
         3.0364e-05],
        [3.7220e-06, 7.9077e-05, 1.7654e-05,  ..., 4.5542e-05, 3.0699e-05,
         2.8377e-05],
        [2.5215e-06, 1.4951e-05, 4.2658e-06,  ..., 1.1975e-05, 2.8232e-05,
         7.6273e-05]], device='cuda:0')
DEBUG   [05-05 03:42:26] forward in Ensembler:
final confidence
DEBUG   [05-05 03:42:26] forward in Ensembler:
tensor([0.0008, 0.0013, 0.0003,  ..., 0.0010, 0.0005, 0.0005], device='cuda:0')
DEBUG   [05-05 03:42:27] forward in Ensembler:
raw predict
DEBUG   [05-05 03:42:27] forward in Ensembler:
[tensor([[2.6536e-06, 7.3180e-05, 1.2133e-05,  ..., 3.3473e-05, 1.7782e-05,
         1.3524e-05],
        [8.2847e-06, 7.7178e-05, 4.2515e-05,  ..., 4.5189e-05, 5.7798e-05,
         3.5187e-05],
        [4.4698e-07, 2.5150e-06, 1.6563e-06,  ..., 3.6481e-07, 8.4477e-06,
         6.8980e-05],
        ...,
        [1.9394e-06, 2.0093e-05, 3.7387e-06,  ..., 1.2920e-05, 8.3961e-06,
         2.7426e-05],
        [1.4727e-06, 2.5842e-06, 5.7703e-06,  ..., 1.2251e-05, 6.6239e-06,
         6.1684e-05],
        [6.1881e-06, 1.9486e-04, 1.4074e-05,  ..., 7.5673e-05, 9.9653e-06,
         1.2253e-05]], device='cuda:0'), tensor([[3.3818e-06, 5.5702e-05, 1.3112e-05,  ..., 9.2883e-05, 7.0861e-06,
         1.2997e-05],
        [5.0749e-06, 6.3747e-05, 4.4278e-05,  ..., 2.5430e-05, 5.3154e-05,
         9.5571e-05],
        [7.6896e-07, 4.8430e-06, 4.3220e-06,  ..., 1.4110e-06, 6.1232e-06,
         5.0977e-05],
        ...,
        [2.6149e-06, 2.2898e-05, 5.8668e-06,  ..., 3.2471e-05, 1.9800e-05,
         3.1604e-05],
        [2.0204e-06, 2.8040e-06, 1.0368e-05,  ..., 7.1296e-06, 1.1818e-05,
         9.4154e-05],
        [4.7126e-06, 6.3495e-05, 1.6194e-05,  ..., 9.2059e-05, 1.7402e-05,
         3.3013e-05]], device='cuda:0')]
DEBUG   [05-05 03:42:27] forward in Ensembler:
raw confidence
DEBUG   [05-05 03:42:27] forward in Ensembler:
[tensor([0.0015, 0.0008, 0.0023,  ..., 0.0006, 0.0009, 0.0042], device='cuda:0'), tensor([0.0034, 0.0011, 0.0020,  ..., 0.0005, 0.0008, 0.0018], device='cuda:0')]
DEBUG   [05-05 03:42:27] forward in Ensembler:
weighted predict
DEBUG   [05-05 03:42:27] forward in Ensembler:
[tensor([[1.3268e-06, 3.6590e-05, 6.0667e-06,  ..., 1.6736e-05, 8.8910e-06,
         6.7622e-06],
        [4.1423e-06, 3.8589e-05, 2.1258e-05,  ..., 2.2594e-05, 2.8899e-05,
         1.7593e-05],
        [2.2349e-07, 1.2575e-06, 8.2814e-07,  ..., 1.8240e-07, 4.2239e-06,
         3.4490e-05],
        ...,
        [9.6970e-07, 1.0046e-05, 1.8693e-06,  ..., 6.4599e-06, 4.1980e-06,
         1.3713e-05],
        [7.3634e-07, 1.2921e-06, 2.8851e-06,  ..., 6.1254e-06, 3.3119e-06,
         3.0842e-05],
        [3.0941e-06, 9.7432e-05, 7.0368e-06,  ..., 3.7837e-05, 4.9826e-06,
         6.1267e-06]], device='cuda:0'), tensor([[1.6909e-06, 2.7851e-05, 6.5560e-06,  ..., 4.6441e-05, 3.5430e-06,
         6.4984e-06],
        [2.5374e-06, 3.1873e-05, 2.2139e-05,  ..., 1.2715e-05, 2.6577e-05,
         4.7786e-05],
        [3.8448e-07, 2.4215e-06, 2.1610e-06,  ..., 7.0552e-07, 3.0616e-06,
         2.5488e-05],
        ...,
        [1.3074e-06, 1.1449e-05, 2.9334e-06,  ..., 1.6235e-05, 9.8998e-06,
         1.5802e-05],
        [1.0102e-06, 1.4020e-06, 5.1838e-06,  ..., 3.5648e-06, 5.9091e-06,
         4.7077e-05],
        [2.3563e-06, 3.1748e-05, 8.0969e-06,  ..., 4.6029e-05, 8.7011e-06,
         1.6506e-05]], device='cuda:0')]
DEBUG   [05-05 03:42:27] forward in Ensembler:
final predict
DEBUG   [05-05 03:42:27] forward in Ensembler:
tensor([[3.0177e-06, 6.4441e-05, 1.2623e-05,  ..., 6.3178e-05, 1.2434e-05,
         1.3261e-05],
        [6.6798e-06, 7.0463e-05, 4.3397e-05,  ..., 3.5310e-05, 5.5476e-05,
         6.5379e-05],
        [6.0797e-07, 3.6790e-06, 2.9891e-06,  ..., 8.8793e-07, 7.2855e-06,
         5.9978e-05],
        ...,
        [2.2771e-06, 2.1495e-05, 4.8027e-06,  ..., 2.2695e-05, 1.4098e-05,
         2.9515e-05],
        [1.7465e-06, 2.6941e-06, 8.0690e-06,  ..., 9.6902e-06, 9.2210e-06,
         7.7919e-05],
        [5.4504e-06, 1.2918e-04, 1.5134e-05,  ..., 8.3866e-05, 1.3684e-05,
         2.2633e-05]], device='cuda:0')
DEBUG   [05-05 03:42:27] forward in Ensembler:
final confidence
DEBUG   [05-05 03:42:27] forward in Ensembler:
tensor([0.0024, 0.0009, 0.0021,  ..., 0.0005, 0.0008, 0.0030], device='cuda:0')
DEBUG   [05-05 03:42:29] forward in Ensembler:
raw predict
DEBUG   [05-05 03:42:29] forward in Ensembler:
[tensor([[2.5170e-06, 1.7845e-05, 4.6318e-06,  ..., 2.6697e-06, 7.0815e-06,
         3.8627e-05],
        [2.7119e-06, 9.4019e-06, 4.0987e-06,  ..., 1.8365e-05, 2.9072e-05,
         9.7771e-05],
        [3.9596e-06, 2.0922e-05, 1.2743e-05,  ..., 3.6915e-06, 3.9403e-05,
         2.9528e-05],
        ...,
        [7.5983e-07, 3.5041e-05, 2.0938e-05,  ..., 3.4084e-05, 3.4153e-05,
         2.5437e-05],
        [6.6937e-07, 2.5398e-05, 4.0629e-05,  ..., 2.2848e-05, 1.6624e-05,
         2.6982e-05],
        [1.3965e-06, 2.6361e-06, 3.4654e-06,  ..., 9.6773e-06, 1.0383e-05,
         5.4213e-05]], device='cuda:0'), tensor([[3.2536e-06, 1.4551e-05, 1.1838e-05,  ..., 7.9810e-06, 8.5323e-06,
         1.8756e-05],
        [2.2253e-06, 8.2772e-06, 4.0229e-06,  ..., 8.7480e-06, 4.8070e-05,
         9.9955e-05],
        [4.1741e-06, 2.7058e-05, 4.6683e-06,  ..., 4.0763e-06, 3.0349e-06,
         2.3430e-05],
        ...,
        [1.4783e-06, 2.9535e-05, 2.9155e-05,  ..., 6.0611e-05, 5.4165e-05,
         2.8750e-05],
        [1.3669e-06, 2.6560e-05, 5.4065e-05,  ..., 4.2163e-05, 2.9009e-05,
         2.9191e-05],
        [1.3640e-06, 2.8129e-06, 4.9727e-06,  ..., 7.5938e-06, 9.8551e-06,
         6.5484e-05]], device='cuda:0')]
DEBUG   [05-05 03:42:29] forward in Ensembler:
raw confidence
DEBUG   [05-05 03:42:29] forward in Ensembler:
[tensor([0.0007, 0.0004, 0.0016,  ..., 0.0013, 0.0018, 0.0010], device='cuda:0'), tensor([0.0008, 0.0004, 0.0027,  ..., 0.0010, 0.0010, 0.0011], device='cuda:0')]
DEBUG   [05-05 03:42:29] forward in Ensembler:
weighted predict
DEBUG   [05-05 03:42:29] forward in Ensembler:
[tensor([[1.2585e-06, 8.9223e-06, 2.3159e-06,  ..., 1.3349e-06, 3.5408e-06,
         1.9314e-05],
        [1.3559e-06, 4.7010e-06, 2.0494e-06,  ..., 9.1823e-06, 1.4536e-05,
         4.8886e-05],
        [1.9798e-06, 1.0461e-05, 6.3717e-06,  ..., 1.8457e-06, 1.9701e-05,
         1.4764e-05],
        ...,
        [3.7992e-07, 1.7520e-05, 1.0469e-05,  ..., 1.7042e-05, 1.7076e-05,
         1.2719e-05],
        [3.3469e-07, 1.2699e-05, 2.0315e-05,  ..., 1.1424e-05, 8.3119e-06,
         1.3491e-05],
        [6.9827e-07, 1.3180e-06, 1.7327e-06,  ..., 4.8387e-06, 5.1917e-06,
         2.7106e-05]], device='cuda:0'), tensor([[1.6268e-06, 7.2754e-06, 5.9189e-06,  ..., 3.9905e-06, 4.2662e-06,
         9.3779e-06],
        [1.1127e-06, 4.1386e-06, 2.0114e-06,  ..., 4.3740e-06, 2.4035e-05,
         4.9978e-05],
        [2.0871e-06, 1.3529e-05, 2.3342e-06,  ..., 2.0381e-06, 1.5175e-06,
         1.1715e-05],
        ...,
        [7.3917e-07, 1.4767e-05, 1.4578e-05,  ..., 3.0306e-05, 2.7082e-05,
         1.4375e-05],
        [6.8347e-07, 1.3280e-05, 2.7032e-05,  ..., 2.1082e-05, 1.4504e-05,
         1.4596e-05],
        [6.8200e-07, 1.4065e-06, 2.4863e-06,  ..., 3.7969e-06, 4.9276e-06,
         3.2742e-05]], device='cuda:0')]
DEBUG   [05-05 03:42:29] forward in Ensembler:
final predict
DEBUG   [05-05 03:42:29] forward in Ensembler:
tensor([[2.8853e-06, 1.6198e-05, 8.2347e-06,  ..., 5.3254e-06, 7.8069e-06,
         2.8692e-05],
        [2.4686e-06, 8.8396e-06, 4.0608e-06,  ..., 1.3556e-05, 3.8571e-05,
         9.8863e-05],
        [4.0669e-06, 2.3990e-05, 8.7059e-06,  ..., 3.8839e-06, 2.1219e-05,
         2.6479e-05],
        ...,
        [1.1191e-06, 3.2288e-05, 2.5047e-05,  ..., 4.7348e-05, 4.4159e-05,
         2.7094e-05],
        [1.0182e-06, 2.5979e-05, 4.7347e-05,  ..., 3.2506e-05, 2.2816e-05,
         2.8086e-05],
        [1.3803e-06, 2.7245e-06, 4.2190e-06,  ..., 8.6356e-06, 1.0119e-05,
         5.9848e-05]], device='cuda:0')
DEBUG   [05-05 03:42:29] forward in Ensembler:
final confidence
DEBUG   [05-05 03:42:29] forward in Ensembler:
tensor([0.0007, 0.0003, 0.0022,  ..., 0.0011, 0.0014, 0.0010], device='cuda:0')
INFO    [05-05 03:42:54] test_mentor in DistillTrainer:
{'Recall@10': 0.10167422535873595, 'NDCG@10': 0.060122771454708915, 'MRR@10': 0.047512389896881016, 'Recall@5': 0.07026579993821326, 'NDCG@5': 0.05001549901706832, 'MRR@5': 0.043369874890361516, 'Recall*@10': 0.10508304798886889, 'NDCG*@10': 0.06341050653940156, 'MRR*@10': 0.05072421154805592, 'Recall*@5': 0.07457763737156278, 'NDCG*@5': 0.053594068224940984, 'MRR*@5': 0.04670079992640586}
INFO    [05-05 03:42:54] train in DistillTrainer:
result:
{'Recall@10': 0.10167422535873595, 'NDCG@10': 0.060122771454708915, 'MRR@10': 0.047512389896881016, 'Recall@5': 0.07026579993821326, 'NDCG@5': 0.05001549901706832, 'MRR@5': 0.043369874890361516, 'Recall*@10': 0.10508304798886889, 'NDCG*@10': 0.06341050653940156, 'MRR*@10': 0.05072421154805592, 'Recall*@5': 0.07457763737156278, 'NDCG*@5': 0.053594068224940984, 'MRR*@5': 0.04670079992640586}
INFO    [05-05 03:43:25] log in loggers:
Update Best NDCG@10 Model at 0
INFO    [05-05 03:43:26] validate in BasicTrainer:
{'Recall@10': 0.0005621736913564659, 'NDCG@10': 0.0002518326828500167, 'MRR@10': 0.00016323403568614076, 'Recall@5': 0.000244140625, 'NDCG@5': 0.0001554943959317392, 'MRR@5': 0.00012730189960815812, 'Recall*@10': 0.0006350042725292345, 'NDCG*@10': 0.00026557081859902523, 'MRR*@10': 0.00016128076735878407, 'Recall*@5': 0.0002341387305586111, 'NDCG*@5': 0.0001443168709686558, 'MRR*@5': 0.00011615793378691055}
INFO    [05-05 03:43:26] train in BasicTrainer:
epoch: 0
DEBUG   [05-05 03:43:27] calculate_loss in loss:
soft_target max: 0.6210733652114868, argmax 84237252
DEBUG   [05-05 03:43:27] calculate_loss in loss:
pred max in softmax: 4.766563142766245e-05, argmax 12561770
INFO    [05-05 03:43:45] _train_one_epoch in BasicTrainer:
loss = 6.910542054609819
INFO    [05-05 03:44:29] log in loggers:
Update Best NDCG@10 Model at 0
INFO    [05-05 03:44:37] validate in BasicTrainer:
{'Recall@10': 0.016603926994970868, 'NDCG@10': 0.008393673137539909, 'MRR@10': 0.005926094073358746, 'Recall@5': 0.009941587490694863, 'NDCG@5': 0.006249753736136924, 'MRR@5': 0.005047372752977978, 'Recall*@10': 0.015666535079834006, 'NDCG*@10': 0.00820685965230777, 'MRR*@10': 0.005967729237108003, 'Recall*@5': 0.00943323282436246, 'NDCG*@5': 0.006196121640858196, 'MRR*@5': 0.005140642402693629}
INFO    [05-05 03:44:37] train in BasicTrainer:
duration: 70.63366293907166s
INFO    [05-05 03:44:37] train in BasicTrainer:
epoch: 1
INFO    [05-05 03:44:56] _train_one_epoch in BasicTrainer:
loss = 6.591683587160977
INFO    [05-05 03:45:30] log in loggers:
Update Best NDCG@10 Model at 1
INFO    [05-05 03:45:33] validate in BasicTrainer:
{'Recall@10': 0.01714206105541615, 'NDCG@10': 0.008467846838313909, 'MRR@10': 0.0058655506776024895, 'Recall@5': 0.01056188992446377, 'NDCG@5': 0.006372323126665184, 'MRR@5': 0.005019727074319408, 'Recall*@10': 0.016166154783041703, 'NDCG*@10': 0.008205823267677001, 'MRR*@10': 0.0058206918405457626, 'Recall*@5': 0.010207102500966616, 'NDCG*@5': 0.006315249639252822, 'MRR*@5': 0.005061787530957233}
INFO    [05-05 03:45:33] train in BasicTrainer:
duration: 55.523736238479614s
INFO    [05-05 03:45:33] train in BasicTrainer:
epoch: 2
INFO    [05-05 03:45:53] _train_one_epoch in BasicTrainer:
loss = 6.543139709125866
INFO    [05-05 03:46:27] log in loggers:
Update Best NDCG@10 Model at 2
INFO    [05-05 03:46:30] validate in BasicTrainer:
{'Recall@10': 0.02006091106505621, 'NDCG@10': 0.010003635548942146, 'MRR@10': 0.006981022389871734, 'Recall@5': 0.01203835941851139, 'NDCG@5': 0.007422405494643109, 'MRR@5': 0.005923096667088214, 'Recall*@10': 0.018497295899405367, 'NDCG*@10': 0.009175698782893874, 'MRR*@10': 0.006364377792037669, 'Recall*@5': 0.011263548130435603, 'NDCG*@5': 0.0068528426788924705, 'MRR*@5': 0.005415076911005946}
INFO    [05-05 03:46:30] train in BasicTrainer:
duration: 57.51042437553406s
INFO    [05-05 03:46:30] train in BasicTrainer:
epoch: 3
INFO    [05-05 03:46:49] _train_one_epoch in BasicTrainer:
loss = 6.47870099327781
INFO    [05-05 03:47:21] log in loggers:
Update Best NDCG@10 Model at 3
INFO    [05-05 03:47:25] validate in BasicTrainer:
{'Recall@10': 0.02668344708425658, 'NDCG@10': 0.013560715885389419, 'MRR@10': 0.009604291879527625, 'Recall@5': 0.016021851627599625, 'NDCG@5': 0.010118793030934674, 'MRR@5': 0.008186451713776305, 'Recall*@10': 0.025287233913938206, 'NDCG*@10': 0.01280299640659775, 'MRR*@10': 0.009041505710532268, 'Recall*@5': 0.01530804414124716, 'NDCG*@5': 0.00959871228163441, 'MRR*@5': 0.007731841211872441}
INFO    [05-05 03:47:25] train in BasicTrainer:
duration: 54.58709096908569s
INFO    [05-05 03:47:25] train in BasicTrainer:
epoch: 4
INFO    [05-05 03:47:44] _train_one_epoch in BasicTrainer:
loss = 6.383446780118075
INFO    [05-05 03:48:18] log in loggers:
Update Best NDCG@10 Model at 4
INFO    [05-05 03:48:19] validate in BasicTrainer:
{'Recall@10': 0.0365312404575802, 'NDCG@10': 0.01839269773058948, 'MRR@10': 0.012947403382332552, 'Recall@5': 0.02146683784113044, 'NDCG@5': 0.013542550704663708, 'MRR@5': 0.010958272187660137, 'Recall*@10': 0.03459880305897622, 'NDCG*@10': 0.01716118079743215, 'MRR*@10': 0.011924072612254392, 'Recall*@5': 0.02001185178579319, 'NDCG*@5': 0.01245278510309401, 'MRR*@5': 0.009986219018520344}
INFO    [05-05 03:48:19] train in BasicTrainer:
duration: 54.30592703819275s
INFO    [05-05 03:48:19] train in BasicTrainer:
epoch: 5
INFO    [05-05 03:48:36] _train_one_epoch in BasicTrainer:
loss = 6.266196801445701
INFO    [05-05 03:49:17] log in loggers:
Update Best NDCG@10 Model at 5
INFO    [05-05 03:49:18] validate in BasicTrainer:
{'Recall@10': 0.040312957196008595, 'NDCG@10': 0.02055022404307411, 'MRR@10': 0.014611655624494665, 'Recall@5': 0.024532684435447056, 'NDCG@5': 0.015501671825491246, 'MRR@5': 0.012559649445826099, 'Recall*@10': 0.03863545134663582, 'NDCG*@10': 0.019787722932440893, 'MRR*@10': 0.014137763929154192, 'Recall*@5': 0.023274459299587068, 'NDCG*@5': 0.014877726723040854, 'MRR*@5': 0.012144712775590875}
INFO    [05-05 03:49:18] train in BasicTrainer:
duration: 58.762728691101074s
INFO    [05-05 03:49:18] train in BasicTrainer:
epoch: 6
INFO    [05-05 03:49:36] _train_one_epoch in BasicTrainer:
loss = 6.180894500559027
INFO    [05-05 03:50:11] log in loggers:
Update Best NDCG@10 Model at 6
INFO    [05-05 03:50:14] validate in BasicTrainer:
{'Recall@10': 0.047335694765760786, 'NDCG@10': 0.023717633670284635, 'MRR@10': 0.01662763651637804, 'Recall@5': 0.028252922530685152, 'NDCG@5': 0.017609076751839547, 'MRR@5': 0.014142566892717565, 'Recall*@10': 0.0460543953591869, 'NDCG*@10': 0.02317979514953636, 'MRR*@10': 0.016313872965318815, 'Recall*@5': 0.02725662131394659, 'NDCG*@5': 0.017150541057898885, 'MRR*@5': 0.013854055310643855}
INFO    [05-05 03:50:14] train in BasicTrainer:
duration: 55.96600317955017s
INFO    [05-05 03:50:14] train in BasicTrainer:
epoch: 7
INFO    [05-05 03:50:32] _train_one_epoch in BasicTrainer:
loss = 6.113753032684326
INFO    [05-05 03:51:04] log in loggers:
Update Best NDCG@10 Model at 7
INFO    [05-05 03:51:05] validate in BasicTrainer:
{'Recall@10': 0.05114066281488964, 'NDCG@10': 0.025753590943557874, 'MRR@10': 0.018124595062718504, 'Recall@5': 0.030414522758552005, 'NDCG@5': 0.019106860583027203, 'MRR@5': 0.015414114553658735, 'Recall*@10': 0.04971844702959061, 'NDCG*@10': 0.0252248922451621, 'MRR*@10': 0.017857466159122332, 'Recall*@5': 0.02972189470061234, 'NDCG*@5': 0.018802132457494736, 'MRR*@5': 0.015232507050746963}
INFO    [05-05 03:51:05] train in BasicTrainer:
duration: 51.667338371276855s
INFO    [05-05 03:51:05] train in BasicTrainer:
epoch: 8
INFO    [05-05 03:51:24] _train_one_epoch in BasicTrainer:
loss = 6.062163439663974
INFO    [05-05 03:51:55] log in loggers:
Update Best NDCG@10 Model at 8
INFO    [05-05 03:51:56] validate in BasicTrainer:
{'Recall@10': 0.055893030549798696, 'NDCG@10': 0.02854222467257863, 'MRR@10': 0.02033082874757903, 'Recall@5': 0.033507758840208964, 'NDCG@5': 0.021391706718575387, 'MRR@5': 0.017430833363462062, 'Recall*@10': 0.05429431920250257, 'NDCG*@10': 0.027966075266400974, 'MRR*@10': 0.020063409049596106, 'Recall*@5': 0.032687860230604805, 'NDCG*@5': 0.0210741643926927, 'MRR*@5': 0.01727372399043469}
INFO    [05-05 03:51:56] train in BasicTrainer:
duration: 51.05092740058899s
INFO    [05-05 03:51:56] train in BasicTrainer:
epoch: 9
DEBUG   [05-05 03:51:59] calculate_loss in loss:
soft_target max: 0.5427718162536621, argmax 65991120
DEBUG   [05-05 03:51:59] calculate_loss in loss:
pred max in softmax: 0.13202884793281555, argmax 45097201
DEBUG   [05-05 03:51:59] calculate_loss in loss:
soft_target max: 0.5826258063316345, argmax 27181841
DEBUG   [05-05 03:51:59] calculate_loss in loss:
pred max in softmax: 0.30485424399375916, argmax 63196511
INFO    [05-05 03:52:14] _train_one_epoch in BasicTrainer:
loss = 6.017103138836947
INFO    [05-05 03:52:47] log in loggers:
Update Best NDCG@10 Model at 9
INFO    [05-05 03:52:48] validate in BasicTrainer:
{'Recall@10': 0.058536212359155924, 'NDCG@10': 0.029910445479410037, 'MRR@10': 0.02126972448258173, 'Recall@5': 0.03650463922392754, 'NDCG@5': 0.02282273591983886, 'MRR@5': 0.018366196503241856, 'Recall*@10': 0.05663467234089261, 'NDCG*@10': 0.029191219558318455, 'MRR*@10': 0.020900937639886423, 'Recall*@5': 0.035420477567684086, 'NDCG*@5': 0.022371539047786167, 'MRR*@5': 0.0181099921908407}
INFO    [05-05 03:52:48] train in BasicTrainer:
duration: 51.576225996017456s
INFO    [05-05 03:52:48] train in BasicTrainer:
epoch: 10
INFO    [05-05 03:53:06] _train_one_epoch in BasicTrainer:
loss = 5.975731173428622
INFO    [05-05 03:53:37] log in loggers:
Update Best NDCG@10 Model at 10
INFO    [05-05 03:53:38] validate in BasicTrainer:
{'Recall@10': 0.06172994240408852, 'NDCG@10': 0.03182936122729665, 'MRR@10': 0.022838513322529338, 'Recall@5': 0.03742228483869916, 'NDCG@5': 0.024040824600628445, 'MRR@5': 0.019666060095741636, 'Recall*@10': 0.0597868457081772, 'NDCG*@10': 0.031309954733366056, 'MRR*@10': 0.022729166295556796, 'Recall*@5': 0.036802673002793676, 'NDCG*@5': 0.023914896750024388, 'MRR*@5': 0.019699175576014177}
INFO    [05-05 03:53:38] train in BasicTrainer:
duration: 50.07824444770813s
INFO    [05-05 03:53:38] train in BasicTrainer:
epoch: 11
INFO    [05-05 03:53:56] _train_one_epoch in BasicTrainer:
loss = 5.926317288658836
INFO    [05-05 03:54:29] log in loggers:
Update Best NDCG@10 Model at 11
INFO    [05-05 03:54:29] validate in BasicTrainer:
{'Recall@10': 0.06583383005289804, 'NDCG@10': 0.03501045207182566, 'MRR@10': 0.025705265324740184, 'Recall@5': 0.041720460390760786, 'NDCG@5': 0.027253422531343642, 'MRR@5': 0.022526636276216733, 'Recall*@10': 0.06428749273930277, 'NDCG*@10': 0.034526631413471134, 'MRR*@10': 0.025538243530761628, 'Recall*@5': 0.04086745157837868, 'NDCG*@5': 0.026973040685767218, 'MRR*@5': 0.02243148712884812}
INFO    [05-05 03:54:29] train in BasicTrainer:
duration: 51.22763156890869s
INFO    [05-05 03:54:29] train in BasicTrainer:
epoch: 12
INFO    [05-05 03:54:47] _train_one_epoch in BasicTrainer:
loss = 5.869681241295554
INFO    [05-05 03:55:18] log in loggers:
Update Best NDCG@10 Model at 12
INFO    [05-05 03:55:18] validate in BasicTrainer:
{'Recall@10': 0.06992274203470775, 'NDCG@10': 0.037032698946339745, 'MRR@10': 0.027084108708160266, 'Recall@5': 0.04425487259314174, 'NDCG@5': 0.028783250511402174, 'MRR@5': 0.023709940236239208, 'Recall*@10': 0.06909941509366035, 'NDCG*@10': 0.0369124591705345, 'MRR*@10': 0.027171042082565173, 'Recall*@5': 0.04423697665333748, 'NDCG*@5': 0.028923934502970605, 'MRR*@5': 0.02390437103098347}
INFO    [05-05 03:55:18] train in BasicTrainer:
duration: 48.83005213737488s
INFO    [05-05 03:55:18] train in BasicTrainer:
epoch: 13
INFO    [05-05 03:55:37] _train_one_epoch in BasicTrainer:
loss = 5.824713069742376
INFO    [05-05 03:56:09] log in loggers:
Update Best NDCG@10 Model at 13
INFO    [05-05 03:56:11] validate in BasicTrainer:
{'Recall@10': 0.07358898932025545, 'NDCG@10': 0.0390437279073965, 'MRR@10': 0.028641255306346074, 'Recall@5': 0.045614296481722875, 'NDCG@5': 0.030065249296880904, 'MRR@5': 0.02497602972601141, 'Recall*@10': 0.07341607269786653, 'NDCG*@10': 0.0391821288281963, 'MRR*@10': 0.028863044721739634, 'Recall*@5': 0.045680481053534006, 'NDCG*@5': 0.030269992316053027, 'MRR*@5': 0.025218610518745015}
INFO    [05-05 03:56:11] train in BasicTrainer:
duration: 52.56927037239075s
INFO    [05-05 03:56:11] train in BasicTrainer:
epoch: 14
INFO    [05-05 03:56:28] _train_one_epoch in BasicTrainer:
loss = 5.787826043909246
INFO    [05-05 03:56:59] log in loggers:
Update Best NDCG@10 Model at 14
INFO    [05-05 03:57:00] validate in BasicTrainer:
{'Recall@10': 0.07485954534439813, 'NDCG@10': 0.04025237723475411, 'MRR@10': 0.029786107972973867, 'Recall@5': 0.04822673896948496, 'NDCG@5': 0.03169607087260201, 'MRR@5': 0.026287771495325223, 'Recall*@10': 0.07505235075950623, 'NDCG*@10': 0.040898947488693965, 'MRR*@10': 0.030574975712668328, 'Recall*@5': 0.04841588189204534, 'NDCG*@5': 0.032354041579223815, 'MRR*@5': 0.027088686557752744}
INFO    [05-05 03:57:00] train in BasicTrainer:
duration: 49.54350256919861s
INFO    [05-05 03:57:00] train in BasicTrainer:
epoch: 15
INFO    [05-05 03:57:18] _train_one_epoch in BasicTrainer:
loss = 5.7573473930358885
INFO    [05-05 03:57:50] log in loggers:
Update Best NDCG@10 Model at 15
INFO    [05-05 03:57:51] validate in BasicTrainer:
{'Recall@10': 0.07785228746277946, 'NDCG@10': 0.04173790184514863, 'MRR@10': 0.03084290808155423, 'Recall@5': 0.049928235688379834, 'NDCG@5': 0.032800269446202686, 'MRR@5': 0.027208652081234113, 'Recall*@10': 0.07759512286810648, 'NDCG*@10': 0.04244184015052659, 'MRR*@10': 0.03181599133781025, 'Recall*@5': 0.05091435728328569, 'NDCG*@5': 0.033905036215271266, 'MRR*@5': 0.028346362568083264}
INFO    [05-05 03:57:51] train in BasicTrainer:
duration: 51.18330955505371s
INFO    [05-05 03:57:51] train in BasicTrainer:
epoch: 16
INFO    [05-05 03:58:09] _train_one_epoch in BasicTrainer:
loss = 5.729032516479492
INFO    [05-05 03:58:40] log in loggers:
Update Best NDCG@10 Model at 16
INFO    [05-05 03:58:41] validate in BasicTrainer:
{'Recall@10': 0.07966590353420802, 'NDCG@10': 0.04305762921770414, 'MRR@10': 0.032002007411349384, 'Recall@5': 0.05112233757972717, 'NDCG@5': 0.033876131155661175, 'MRR@5': 0.028240923015844254, 'Recall*@10': 0.0796696160520826, 'NDCG*@10': 0.043454188676107494, 'MRR*@10': 0.03250972429911295, 'Recall*@5': 0.05146718415476027, 'NDCG*@5': 0.034376698590460275, 'MRR*@5': 0.028787756338715553}
INFO    [05-05 03:58:41] train in BasicTrainer:
duration: 49.70305919647217s
INFO    [05-05 03:58:41] train in BasicTrainer:
epoch: 17
INFO    [05-05 03:58:59] _train_one_epoch in BasicTrainer:
loss = 5.7040125846862795
INFO    [05-05 03:59:31] log in loggers:
Update Best NDCG@10 Model at 17
INFO    [05-05 03:59:31] validate in BasicTrainer:
{'Recall@10': 0.08208070872795015, 'NDCG@10': 0.043981228733346575, 'MRR@10': 0.0324956335659538, 'Recall@5': 0.0517999804800465, 'NDCG@5': 0.03428440470071066, 'MRR@5': 0.028548552078150567, 'Recall*@10': 0.0822506525686809, 'NDCG*@10': 0.044516182371548245, 'MRR*@10': 0.03313472414655345, 'Recall*@5': 0.05253582678380467, 'NDCG*@5': 0.03500586765862647, 'MRR*@5': 0.029266760640201114}
INFO    [05-05 03:59:31] train in BasicTrainer:
duration: 50.14348125457764s
INFO    [05-05 03:59:31] train in BasicTrainer:
epoch: 18
DEBUG   [05-05 03:59:34] calculate_loss in loss:
soft_target max: 0.6455832719802856, argmax 76691438
DEBUG   [05-05 03:59:35] calculate_loss in loss:
pred max in softmax: 0.7209819555282593, argmax 20120881
DEBUG   [05-05 03:59:35] calculate_loss in loss:
soft_target max: 0.5520123243331909, argmax 39101184
DEBUG   [05-05 03:59:35] calculate_loss in loss:
pred max in softmax: 0.597895085811615, argmax 22588875
INFO    [05-05 03:59:49] _train_one_epoch in BasicTrainer:
loss = 5.6761112646623095
INFO    [05-05 04:00:19] log in loggers:
Update Best NDCG@10 Model at 18
INFO    [05-05 04:00:19] validate in BasicTrainer:
{'Recall@10': 0.08341353138287862, 'NDCG@10': 0.04530249926305953, 'MRR@10': 0.03377819611203103, 'Recall@5': 0.05370739066884631, 'NDCG@5': 0.03573622980288097, 'MRR@5': 0.029852812577571188, 'Recall*@10': 0.08371659403755552, 'NDCG*@10': 0.04607292229220981, 'MRR*@10': 0.03467859647103718, 'Recall*@5': 0.05497676453420094, 'NDCG*@5': 0.03683783220393317, 'MRR*@5': 0.030900925486570315}
INFO    [05-05 04:00:19] train in BasicTrainer:
duration: 48.152008056640625s
INFO    [05-05 04:00:19] train in BasicTrainer:
epoch: 19
INFO    [05-05 04:00:39] _train_one_epoch in BasicTrainer:
loss = 5.651811491359364
INFO    [05-05 04:01:10] log in loggers:
Update Best NDCG@10 Model at 19
INFO    [05-05 04:01:11] validate in BasicTrainer:
{'Recall@10': 0.08388269905533109, 'NDCG@10': 0.045805963909342176, 'MRR@10': 0.03429159202745983, 'Recall@5': 0.05459094721646536, 'NDCG@5': 0.036412086692594346, 'MRR@5': 0.03046022852261861, 'Recall*@10': 0.08402228248970849, 'NDCG*@10': 0.046458723821810315, 'MRR*@10': 0.03509706782088393, 'Recall*@5': 0.055053794667834326, 'NDCG*@5': 0.037166472613101915, 'MRR*@5': 0.03130626696206275}
INFO    [05-05 04:01:11] train in BasicTrainer:
duration: 51.39032578468323s
INFO    [05-05 04:01:11] train in BasicTrainer:
epoch: 20
INFO    [05-05 04:01:29] _train_one_epoch in BasicTrainer:
loss = 5.628296778418801
INFO    [05-05 04:01:59] log in loggers:
Update Best NDCG@10 Model at 20
INFO    [05-05 04:02:00] validate in BasicTrainer:
{'Recall@10': 0.08649927945364089, 'NDCG@10': 0.04727205669596082, 'MRR@10': 0.03539515889826275, 'Recall@5': 0.05652909654946554, 'NDCG@5': 0.037637471088341305, 'MRR@5': 0.03145224875992253, 'Recall*@10': 0.08711608073541097, 'NDCG*@10': 0.04803753555530593, 'MRR*@10': 0.036189484276941845, 'Recall*@5': 0.05713839279044242, 'NDCG*@5': 0.038368266962823416, 'MRR*@5': 0.03221361862406844}
INFO    [05-05 04:02:00] train in BasicTrainer:
duration: 48.683037996292114s
INFO    [05-05 04:02:00] train in BasicTrainer:
epoch: 21
INFO    [05-05 04:02:18] _train_one_epoch in BasicTrainer:
loss = 5.606233462420377
INFO    [05-05 04:02:49] log in loggers:
Update Best NDCG@10 Model at 21
INFO    [05-05 04:02:50] validate in BasicTrainer:
{'Recall@10': 0.08704903934683118, 'NDCG@10': 0.04800799808331898, 'MRR@10': 0.03618057214078449, 'Recall@5': 0.057113733674798696, 'NDCG@5': 0.038361117775951116, 'MRR@5': 0.0322189505788542, 'Recall*@10': 0.08756976645617258, 'NDCG*@10': 0.04873699428779738, 'MRR*@10': 0.03696462609583423, 'Recall*@5': 0.05785904434465226, 'NDCG*@5': 0.039164425006934574, 'MRR*@5': 0.03303444314570654}
INFO    [05-05 04:02:50] train in BasicTrainer:
duration: 50.4558539390564s
INFO    [05-05 04:02:50] train in BasicTrainer:
epoch: 22
INFO    [05-05 04:03:08] _train_one_epoch in BasicTrainer:
loss = 5.582825656370683
INFO    [05-05 04:03:38] log in loggers:
Update Best NDCG@10 Model at 22
INFO    [05-05 04:03:39] validate in BasicTrainer:
{'Recall@10': 0.08818836226349785, 'NDCG@10': 0.04891193569416091, 'MRR@10': 0.03703462758234569, 'Recall@5': 0.05717935022853669, 'NDCG@5': 0.03892598602743376, 'MRR@5': 0.03293829171785286, 'Recall*@10': 0.089075801273187, 'NDCG*@10': 0.05005039753658431, 'MRR*@10': 0.038240313884757814, 'Recall*@5': 0.05829370323391188, 'NDCG*@5': 0.040138409251258486, 'MRR*@5': 0.03417511745577767}
INFO    [05-05 04:03:39] train in BasicTrainer:
duration: 48.5661826133728s
INFO    [05-05 04:03:39] train in BasicTrainer:
epoch: 23
INFO    [05-05 04:03:57] _train_one_epoch in BasicTrainer:
loss = 5.562024970488115
INFO    [05-05 04:04:28] log in loggers:
Update Best NDCG@10 Model at 23
INFO    [05-05 04:04:29] validate in BasicTrainer:
{'Recall@10': 0.0899247360371408, 'NDCG@10': 0.04971396603754589, 'MRR@10': 0.03755962458394822, 'Recall@5': 0.05842330484163193, 'NDCG@5': 0.039590246975421906, 'MRR@5': 0.03341872386989139, 'Recall*@10': 0.09052047381798427, 'NDCG*@10': 0.05072751942844618, 'MRR*@10': 0.03867468344313758, 'Recall*@5': 0.05996221463595118, 'NDCG*@5': 0.0408949830702373, 'MRR*@5': 0.03464636614634877}
INFO    [05-05 04:04:29] train in BasicTrainer:
duration: 50.04272723197937s
INFO    [05-05 04:04:29] train in BasicTrainer:
epoch: 24
INFO    [05-05 04:04:46] _train_one_epoch in BasicTrainer:
loss = 5.542561166936701
INFO    [05-05 04:05:17] log in loggers:
Update Best NDCG@10 Model at 24
INFO    [05-05 04:05:17] validate in BasicTrainer:
{'Recall@10': 0.09025695636158898, 'NDCG@10': 0.05044707833301453, 'MRR@10': 0.038397318727913354, 'Recall@5': 0.0597411518295606, 'NDCG@5': 0.04064212047627994, 'MRR@5': 0.03438761777111462, 'Recall*@10': 0.09081536495969408, 'NDCG*@10': 0.051304065400645846, 'MRR*@10': 0.03932553778092066, 'Recall*@5': 0.06101990296017556, 'NDCG*@5': 0.04173415597705614, 'MRR*@5': 0.03541398873286588}
INFO    [05-05 04:05:17] train in BasicTrainer:
duration: 48.1763129234314s
INFO    [05-05 04:05:17] train in BasicTrainer:
epoch: 25
INFO    [05-05 04:05:35] _train_one_epoch in BasicTrainer:
loss = 5.524352117018267
INFO    [05-05 04:06:07] log in loggers:
Update Best NDCG@10 Model at 25
INFO    [05-05 04:06:07] validate in BasicTrainer:
{'Recall@10': 0.09193598975737889, 'NDCG@10': 0.05153485494000571, 'MRR@10': 0.03931634447404316, 'Recall@5': 0.060628846287727356, 'NDCG@5': 0.04148912713641212, 'MRR@5': 0.03521544326628957, 'Recall*@10': 0.09225737835679736, 'NDCG*@10': 0.05243571155837604, 'MRR*@10': 0.04037271333592279, 'Recall*@5': 0.061362700980334056, 'NDCG*@5': 0.04250449775939896, 'MRR*@5': 0.03630797511764935}
INFO    [05-05 04:06:07] train in BasicTrainer:
duration: 50.043269634246826s
INFO    [05-05 04:06:07] train in BasicTrainer:
epoch: 26
INFO    [05-05 04:06:24] _train_one_epoch in BasicTrainer:
loss = 5.507895673405041
INFO    [05-05 04:06:55] log in loggers:
Update Best NDCG@10 Model at 26
INFO    [05-05 04:06:55] validate in BasicTrainer:
{'Recall@10': 0.0924865376381647, 'NDCG@10': 0.051983355588856195, 'MRR@10': 0.039700478315353394, 'Recall@5': 0.06210945369232269, 'NDCG@5': 0.04223244034108661, 'MRR@5': 0.03571896875898043, 'Recall*@10': 0.09275650729735692, 'NDCG*@10': 0.05296917330651056, 'MRR*@10': 0.04088758570807321, 'Recall*@5': 0.06312246017512821, 'NDCG*@5': 0.04345498677520525, 'MRR*@5': 0.03700142486819199}
INFO    [05-05 04:06:55] train in BasicTrainer:
duration: 47.89489245414734s
INFO    [05-05 04:06:55] train in BasicTrainer:
epoch: 27
DEBUG   [05-05 04:07:00] calculate_loss in loss:
soft_target max: 0.5526106953620911, argmax 57037155
DEBUG   [05-05 04:07:00] calculate_loss in loss:
pred max in softmax: 0.5925398468971252, argmax 49635118
DEBUG   [05-05 04:07:00] calculate_loss in loss:
soft_target max: 0.6022402048110962, argmax 47246906
DEBUG   [05-05 04:07:00] calculate_loss in loss:
pred max in softmax: 0.9546187520027161, argmax 42645630
INFO    [05-05 04:07:14] _train_one_epoch in BasicTrainer:
loss = 5.489287532459606
INFO    [05-05 04:07:44] validate in BasicTrainer:
{'Recall@10': 0.09261107089973632, 'NDCG@10': 0.051923287234136035, 'MRR@10': 0.039599639851422536, 'Recall@5': 0.06216009493385043, 'NDCG@5': 0.04217865708328429, 'MRR@5': 0.035637132646072475, 'Recall*@10': 0.09425851702690125, 'NDCG*@10': 0.05337454023815337, 'MRR*@10': 0.04098642936774662, 'Recall*@5': 0.06385160840692974, 'NDCG*@5': 0.04365204806838717, 'MRR*@5': 0.03703775860014416}
INFO    [05-05 04:07:44] train in BasicTrainer:
duration: 49.355854511260986s
INFO    [05-05 04:07:44] train in BasicTrainer:
epoch: 28
INFO    [05-05 04:08:02] _train_one_epoch in BasicTrainer:
loss = 5.472918744520707
INFO    [05-05 04:08:34] log in loggers:
Update Best NDCG@10 Model at 28
INFO    [05-05 04:08:34] validate in BasicTrainer:
{'Recall@10': 0.09447867813564483, 'NDCG@10': 0.053144211925211404, 'MRR@10': 0.04062576875800178, 'Recall@5': 0.06323715086494174, 'NDCG@5': 0.04312695509621075, 'MRR@5': 0.036541947651477086, 'Recall*@10': 0.09466616383620671, 'NDCG*@10': 0.05384069752125513, 'MRR*@10': 0.0414650844676154, 'Recall*@5': 0.06421547436288425, 'NDCG*@5': 0.044071462005376816, 'MRR*@5': 0.0374786855564231}
INFO    [05-05 04:08:34] train in BasicTrainer:
duration: 50.27654194831848s
INFO    [05-05 04:08:34] train in BasicTrainer:
epoch: 29
INFO    [05-05 04:08:53] _train_one_epoch in BasicTrainer:
loss = 5.456790382211858
INFO    [05-05 04:09:23] log in loggers:
Update Best NDCG@10 Model at 29
INFO    [05-05 04:09:24] validate in BasicTrainer:
{'Recall@10': 0.09523356315635499, 'NDCG@10': 0.05363892746113595, 'MRR@10': 0.041034478694200516, 'Recall@5': 0.06412819524606068, 'NDCG@5': 0.04364960906761033, 'MRR@5': 0.03695270756170863, 'Recall*@10': 0.09574871474788302, 'NDCG*@10': 0.05462892672845295, 'MRR*@10': 0.042149770561428296, 'Recall*@5': 0.06525451033597901, 'NDCG*@5': 0.04483806838591894, 'MRR*@5': 0.03815050520712421}
INFO    [05-05 04:09:24] train in BasicTrainer:
duration: 49.33660173416138s
INFO    [05-05 04:09:24] train in BasicTrainer:
epoch: 30
INFO    [05-05 04:09:42] _train_one_epoch in BasicTrainer:
loss = 5.440629790045998
INFO    [05-05 04:10:13] log in loggers:
Update Best NDCG@10 Model at 30
INFO    [05-05 04:10:13] validate in BasicTrainer:
{'Recall@10': 0.09674569822493054, 'NDCG@10': 0.05466920385758082, 'MRR@10': 0.04192159537758146, 'Recall@5': 0.06450021905558449, 'NDCG@5': 0.04431787754098574, 'MRR@5': 0.037693336428630916, 'Recall*@10': 0.09723534222160067, 'NDCG*@10': 0.05558652022764796, 'MRR*@10': 0.04294919311290696, 'Recall*@5': 0.06599505635954085, 'NDCG*@5': 0.04557263691510473, 'MRR*@5': 0.03886719686644418}
INFO    [05-05 04:10:13] train in BasicTrainer:
duration: 49.548107862472534s
INFO    [05-05 04:10:13] train in BasicTrainer:
epoch: 31
INFO    [05-05 04:10:31] _train_one_epoch in BasicTrainer:
loss = 5.425503093546087
INFO    [05-05 04:11:02] log in loggers:
Update Best NDCG@10 Model at 31
INFO    [05-05 04:11:02] validate in BasicTrainer:
{'Recall@10': 0.09764088051659721, 'NDCG@10': 0.05550128931090945, 'MRR@10': 0.04268909121553103, 'Recall@5': 0.06712507562977928, 'NDCG@5': 0.045710252331835885, 'MRR@5': 0.03869298987445377, 'Recall*@10': 0.09837033457699276, 'NDCG*@10': 0.05670691246078128, 'MRR*@10': 0.04401964268514088, 'Recall*@5': 0.06825141041051774, 'NDCG*@5': 0.047040399873540514, 'MRR*@5': 0.040072710918528695}
INFO    [05-05 04:11:02] train in BasicTrainer:
duration: 48.92396020889282s
INFO    [05-05 04:11:02] train in BasicTrainer:
epoch: 32
INFO    [05-05 04:11:20] _train_one_epoch in BasicTrainer:
loss = 5.411138755624944
INFO    [05-05 04:11:51] log in loggers:
Update Best NDCG@10 Model at 32
INFO    [05-05 04:11:52] validate in BasicTrainer:
{'Recall@10': 0.09769487097149804, 'NDCG@10': 0.05564024263904208, 'MRR@10': 0.04285097299587159, 'Recall@5': 0.06712842555273146, 'NDCG@5': 0.04582489530245463, 'MRR@5': 0.03884102723428181, 'Recall*@10': 0.09861435528312411, 'NDCG*@10': 0.05678553843782062, 'MRR*@10': 0.04404434490771521, 'Recall*@5': 0.06851081071155411, 'NDCG*@5': 0.04711589962244034, 'MRR*@5': 0.0400922658542792}
INFO    [05-05 04:11:52] train in BasicTrainer:
duration: 49.53169107437134s
INFO    [05-05 04:11:52] train in BasicTrainer:
epoch: 33
INFO    [05-05 04:12:10] _train_one_epoch in BasicTrainer:
loss = 5.397245029969649
INFO    [05-05 04:12:40] log in loggers:
Update Best NDCG@10 Model at 33
INFO    [05-05 04:12:40] validate in BasicTrainer:
{'Recall@10': 0.09779536475737889, 'NDCG@10': 0.05619810361947332, 'MRR@10': 0.043556745031050274, 'Recall@5': 0.06697729088011242, 'NDCG@5': 0.04629977544148763, 'MRR@5': 0.03951069659420422, 'Recall*@10': 0.09843900799751282, 'NDCG*@10': 0.05709016997189749, 'MRR*@10': 0.04449652720774923, 'Recall*@5': 0.06823441279785973, 'NDCG*@5': 0.0473714316529887, 'MRR*@5': 0.040513651356810614}
INFO    [05-05 04:12:40] train in BasicTrainer:
duration: 48.69250798225403s
INFO    [05-05 04:12:40] train in BasicTrainer:
epoch: 34
INFO    [05-05 04:12:59] _train_one_epoch in BasicTrainer:
loss = 5.385630161112005
INFO    [05-05 04:13:30] log in loggers:
Update Best NDCG@10 Model at 34
INFO    [05-05 04:13:30] validate in BasicTrainer:
{'Recall@10': 0.09927183425142652, 'NDCG@10': 0.05699742549941653, 'MRR@10': 0.04413177782580966, 'Recall@5': 0.06913219143946965, 'NDCG@5': 0.04731802021463712, 'MRR@5': 0.040176259797243846, 'Recall*@10': 0.10048988319578625, 'NDCG*@10': 0.058120451867580414, 'MRR*@10': 0.04520975354881514, 'Recall*@5': 0.07039209419772738, 'NDCG*@5': 0.048439872229383105, 'MRR*@5': 0.04124546459033376}
INFO    [05-05 04:13:30] train in BasicTrainer:
duration: 49.52312707901001s
INFO    [05-05 04:13:30] train in BasicTrainer:
epoch: 35
INFO    [05-05 04:13:48] _train_one_epoch in BasicTrainer:
loss = 5.373668154803189
INFO    [05-05 04:14:18] log in loggers:
Update Best NDCG@10 Model at 35
INFO    [05-05 04:14:18] validate in BasicTrainer:
{'Recall@10': 0.09973351444516863, 'NDCG@10': 0.057231606472106206, 'MRR@10': 0.04432654434016773, 'Recall@5': 0.06813572737432662, 'NDCG@5': 0.04710053297735396, 'MRR@5': 0.04019560292363167, 'Recall*@10': 0.10028186298552014, 'NDCG*@10': 0.05824560636565799, 'MRR*@10': 0.04546132470880236, 'Recall*@5': 0.06935683850731168, 'NDCG*@5': 0.04833242900314785, 'MRR*@5': 0.04142079449125698}
INFO    [05-05 04:14:18] train in BasicTrainer:
duration: 48.23084878921509s
INFO    [05-05 04:14:18] train in BasicTrainer:
epoch: 36
DEBUG   [05-05 04:14:25] calculate_loss in loss:
soft_target max: 0.6529393792152405, argmax 54511464
DEBUG   [05-05 04:14:25] calculate_loss in loss:
pred max in softmax: 0.892853319644928, argmax 54511464
DEBUG   [05-05 04:14:25] calculate_loss in loss:
soft_target max: 0.5846049785614014, argmax 70635291
DEBUG   [05-05 04:14:25] calculate_loss in loss:
pred max in softmax: 0.8719921708106995, argmax 17488878
INFO    [05-05 04:14:37] _train_one_epoch in BasicTrainer:
loss = 5.3611359769647775
INFO    [05-05 04:15:08] log in loggers:
Update Best NDCG@10 Model at 36
INFO    [05-05 04:15:08] validate in BasicTrainer:
{'Recall@10': 0.1006286967368353, 'NDCG@10': 0.05782359057948703, 'MRR@10': 0.04482237639881316, 'Recall@5': 0.06898105676685061, 'NDCG@5': 0.047652252728030794, 'MRR@5': 0.04066081699870881, 'Recall*@10': 0.10161283470335461, 'NDCG*@10': 0.05915537600715955, 'MRR*@10': 0.0462452813628174, 'Recall*@5': 0.07040252181745711, 'NDCG*@5': 0.04911235932792936, 'MRR*@5': 0.04212929663204011}
INFO    [05-05 04:15:08] train in BasicTrainer:
duration: 49.86663460731506s
INFO    [05-05 04:15:08] train in BasicTrainer:
epoch: 37
INFO    [05-05 04:15:25] _train_one_epoch in BasicTrainer:
loss = 5.3485714782368055
INFO    [05-05 04:15:56] log in loggers:
Update Best NDCG@10 Model at 37
INFO    [05-05 04:15:56] validate in BasicTrainer:
{'Recall@10': 0.10050830103102185, 'NDCG@10': 0.058210067805789766, 'MRR@10': 0.04537584366542952, 'Recall@5': 0.06845632195472717, 'NDCG@5': 0.047902225383690426, 'MRR@5': 0.041154496903930395, 'Recall*@10': 0.1010187491774559, 'NDCG*@10': 0.05924478457087562, 'MRR*@10': 0.04654663499622118, 'Recall*@5': 0.06966722738884744, 'NDCG*@5': 0.049152342247821036, 'MRR*@5': 0.04240712683115687}
INFO    [05-05 04:15:56] train in BasicTrainer:
duration: 47.9728798866272s
INFO    [05-05 04:15:56] train in BasicTrainer:
epoch: 38
INFO    [05-05 04:16:14] _train_one_epoch in BasicTrainer:
loss = 5.338149799000133
INFO    [05-05 04:16:45] log in loggers:
Update Best NDCG@10 Model at 38
INFO    [05-05 04:16:46] validate in BasicTrainer:
{'Recall@10': 0.10089943841809318, 'NDCG@10': 0.05860855554540952, 'MRR@10': 0.045732561498880386, 'Recall@5': 0.07058540944542203, 'NDCG@5': 0.04883940837212971, 'MRR@5': 0.04172040539838019, 'Recall*@10': 0.10215301350468681, 'NDCG*@10': 0.06011787943896793, 'MRR*@10': 0.047307012868779044, 'Recall*@5': 0.07219656592323667, 'NDCG*@5': 0.05046002815167109, 'MRR*@5': 0.04333794152452832}
INFO    [05-05 04:16:46] train in BasicTrainer:
duration: 49.544008016586304s
INFO    [05-05 04:16:46] train in BasicTrainer:
epoch: 39
INFO    [05-05 04:17:03] _train_one_epoch in BasicTrainer:
loss = 5.3269896160472525
INFO    [05-05 04:17:34] log in loggers:
Update Best NDCG@10 Model at 39
INFO    [05-05 04:17:34] validate in BasicTrainer:
{'Recall@10': 0.10167501370112102, 'NDCG@10': 0.05879877188376018, 'MRR@10': 0.04575723835400173, 'Recall@5': 0.06999584642194566, 'NDCG@5': 0.04861272605402129, 'MRR@5': 0.04158749431371689, 'Recall*@10': 0.10280556763921465, 'NDCG*@10': 0.060089552331538426, 'MRR*@10': 0.04707578072945277, 'Recall*@5': 0.0717854013755208, 'NDCG*@5': 0.05011640542319843, 'MRR*@5': 0.04299338711869149}
INFO    [05-05 04:17:34] train in BasicTrainer:
duration: 48.21252727508545s
INFO    [05-05 04:17:34] train in BasicTrainer:
epoch: 40
INFO    [05-05 04:17:53] _train_one_epoch in BasicTrainer:
loss = 5.316104403409091
INFO    [05-05 04:18:24] log in loggers:
Update Best NDCG@10 Model at 40
INFO    [05-05 04:18:25] validate in BasicTrainer:
{'Recall@10': 0.10258930921554565, 'NDCG@10': 0.05971045845321247, 'MRR@10': 0.04668762871906871, 'Recall@5': 0.07073654411804109, 'NDCG@5': 0.04949036258317176, 'MRR@5': 0.042516479889551796, 'Recall*@10': 0.10290631687357313, 'NDCG*@10': 0.06099709832952136, 'MRR*@10': 0.048238352473293035, 'Recall*@5': 0.07232694256873358, 'NDCG*@5': 0.05116248733940579, 'MRR*@5': 0.04421135286490122}
INFO    [05-05 04:18:25] train in BasicTrainer:
duration: 50.86397075653076s
INFO    [05-05 04:18:25] train in BasicTrainer:
epoch: 41
INFO    [05-05 04:18:42] _train_one_epoch in BasicTrainer:
loss = 5.30499962459911
INFO    [05-05 04:19:13] validate in BasicTrainer:
{'Recall@10': 0.10300448607830774, 'NDCG@10': 0.05970899778462592, 'MRR@10': 0.046559770369813555, 'Recall@5': 0.07028649002313614, 'NDCG@5': 0.04918346181511879, 'MRR@5': 0.04224826980914388, 'Recall*@10': 0.10431953909851256, 'NDCG*@10': 0.06123437980810801, 'MRR*@10': 0.048139444419315884, 'Recall*@5': 0.07199737855366298, 'NDCG*@5': 0.05084183687965075, 'MRR*@5': 0.043885686567851474}
INFO    [05-05 04:19:13] train in BasicTrainer:
duration: 48.037102460861206s
INFO    [05-05 04:19:13] train in BasicTrainer:
epoch: 42
INFO    [05-05 04:19:31] _train_one_epoch in BasicTrainer:
loss = 5.296687087145719
INFO    [05-05 04:20:02] log in loggers:
Update Best NDCG@10 Model at 42
INFO    [05-05 04:20:02] validate in BasicTrainer:
{'Recall@10': 0.10410479420707339, 'NDCG@10': 0.060293965928611304, 'MRR@10': 0.0470169573312714, 'Recall@5': 0.07118915979351316, 'NDCG@5': 0.049756377403225215, 'MRR@5': 0.042729612262476055, 'Recall*@10': 0.10559083947113582, 'NDCG*@10': 0.06178749459130423, 'MRR*@10': 0.04850432826649575, 'Recall*@5': 0.0727226748352959, 'NDCG*@5': 0.0512505957768077, 'MRR*@5': 0.04420869336241767}
INFO    [05-05 04:20:02] train in BasicTrainer:
duration: 49.69793248176575s
INFO    [05-05 04:20:02] train in BasicTrainer:
epoch: 43
INFO    [05-05 04:20:20] _train_one_epoch in BasicTrainer:
loss = 5.287774948640303
INFO    [05-05 04:20:50] validate in BasicTrainer:
{'Recall@10': 0.10386479113783155, 'NDCG@10': 0.06024203041479701, 'MRR@10': 0.0470040174467223, 'Recall@5': 0.07089437828177497, 'NDCG@5': 0.04964599988999821, 'MRR@5': 0.04266949618856112, 'Recall*@10': 0.1051069689648492, 'NDCG*@10': 0.06162496585221518, 'MRR*@10': 0.04840411937662533, 'Recall*@5': 0.07255072607880547, 'NDCG*@5': 0.05114606803371793, 'MRR*@5': 0.044107808775845025}
INFO    [05-05 04:20:50] train in BasicTrainer:
duration: 47.873472452163696s
INFO    [05-05 04:20:50] train in BasicTrainer:
epoch: 44
INFO    [05-05 04:21:09] _train_one_epoch in BasicTrainer:
loss = 5.277233227816495
INFO    [05-05 04:21:39] log in loggers:
Update Best NDCG@10 Model at 44
INFO    [05-05 04:21:39] validate in BasicTrainer:
{'Recall@10': 0.10451248359112512, 'NDCG@10': 0.06099442197453408, 'MRR@10': 0.04777785142262777, 'Recall@5': 0.07198049873113632, 'NDCG@5': 0.050545564897003625, 'MRR@5': 0.04350663153898148, 'Recall*@10': 0.10573703263487134, 'NDCG*@10': 0.06241316259616897, 'MRR*@10': 0.049234921378748756, 'Recall*@5': 0.07377360264460246, 'NDCG*@5': 0.052140786002079643, 'MRR*@5': 0.04503263568594342}
INFO    [05-05 04:21:39] train in BasicTrainer:
duration: 48.96992039680481s
INFO    [05-05 04:21:39] train in BasicTrainer:
epoch: 45
DEBUG   [05-05 04:21:48] calculate_loss in loss:
soft_target max: 0.5787573456764221, argmax 2045418
DEBUG   [05-05 04:21:48] calculate_loss in loss:
pred max in softmax: 0.7200945019721985, argmax 81584112
DEBUG   [05-05 04:21:48] calculate_loss in loss:
soft_target max: 0.6788827776908875, argmax 10954620
DEBUG   [05-05 04:21:48] calculate_loss in loss:
pred max in softmax: 0.9795204401016235, argmax 86131284
INFO    [05-05 04:21:57] _train_one_epoch in BasicTrainer:
loss = 5.2668835639953615
INFO    [05-05 04:22:29] log in loggers:
Update Best NDCG@10 Model at 45
INFO    [05-05 04:22:30] validate in BasicTrainer:
{'Recall@10': 0.10491859629040673, 'NDCG@10': 0.06149040162563324, 'MRR@10': 0.0482736166034426, 'Recall@5': 0.07296119914168403, 'NDCG@5': 0.05121029753770147, 'MRR@5': 0.04406215232752618, 'Recall*@10': 0.10593939004909425, 'NDCG*@10': 0.06260870609964643, 'MRR*@10': 0.0494061444132101, 'Recall*@5': 0.07435615360736847, 'NDCG*@5': 0.052447960312877386, 'MRR*@5': 0.04524277416723115}
INFO    [05-05 04:22:30] train in BasicTrainer:
duration: 50.39265727996826s
INFO    [05-05 04:22:30] train in BasicTrainer:
epoch: 46
INFO    [05-05 04:22:48] _train_one_epoch in BasicTrainer:
loss = 5.260367085716942
INFO    [05-05 04:23:19] validate in BasicTrainer:
{'Recall@10': 0.1047757374388831, 'NDCG@10': 0.061436631849833896, 'MRR@10': 0.048237963091759456, 'Recall@5': 0.07294957339763641, 'NDCG@5': 0.05116484260984829, 'MRR@5': 0.04401041017401786, 'Recall*@10': 0.10542805741230647, 'NDCG*@10': 0.06257860806016695, 'MRR*@10': 0.0494984086780321, 'Recall*@5': 0.07463624328374863, 'NDCG*@5': 0.05264514631458691, 'MRR*@5': 0.045412588332380564}
INFO    [05-05 04:23:19] train in BasicTrainer:
duration: 49.05210781097412s
INFO    [05-05 04:23:19] train in BasicTrainer:
epoch: 47
INFO    [05-05 04:23:37] _train_one_epoch in BasicTrainer:
loss = 5.252065775611184
INFO    [05-05 04:24:08] log in loggers:
Update Best NDCG@10 Model at 47
INFO    [05-05 04:24:09] validate in BasicTrainer:
{'Recall@10': 0.10539938935211726, 'NDCG@10': 0.061826560114111216, 'MRR@10': 0.0485725516364688, 'Recall@5': 0.07324691648994174, 'NDCG@5': 0.051493623959166665, 'MRR@5': 0.04434574750207719, 'Recall*@10': 0.10629328553165708, 'NDCG*@10': 0.06303320434831437, 'MRR*@10': 0.0498609874574911, 'Recall*@5': 0.07490321958348864, 'NDCG*@5': 0.05296529137662479, 'MRR*@5': 0.04575440731076967}
INFO    [05-05 04:24:09] train in BasicTrainer:
duration: 49.99561095237732s
INFO    [05-05 04:24:09] train in BasicTrainer:
epoch: 48
INFO    [05-05 04:24:27] _train_one_epoch in BasicTrainer:
loss = 5.243694227392023
INFO    [05-05 04:24:58] log in loggers:
Update Best NDCG@10 Model at 48
INFO    [05-05 04:24:58] validate in BasicTrainer:
{'Recall@10': 0.10477494909649804, 'NDCG@10': 0.06225942288126264, 'MRR@10': 0.049316199407691046, 'Recall@5': 0.0733058335525649, 'NDCG@5': 0.05212280934765225, 'MRR@5': 0.04515611433557102, 'Recall*@10': 0.10596596804403123, 'NDCG*@10': 0.06354276498868353, 'MRR*@10': 0.05062397853249595, 'Recall*@5': 0.07428620471840813, 'NDCG*@5': 0.05333327342356954, 'MRR*@5': 0.04643062023179872}
INFO    [05-05 04:24:58] train in BasicTrainer:
duration: 49.481836795806885s
INFO    [05-05 04:24:58] train in BasicTrainer:
epoch: 49
INFO    [05-05 04:25:17] _train_one_epoch in BasicTrainer:
loss = 5.235410859368065
INFO    [05-05 04:25:48] log in loggers:
Update Best NDCG@10 Model at 49
INFO    [05-05 04:25:48] validate in BasicTrainer:
{'Recall@10': 0.10610107226031167, 'NDCG@10': 0.06249860567705972, 'MRR@10': 0.049244443575541176, 'Recall@5': 0.07342209099304109, 'NDCG@5': 0.05197734811476299, 'MRR@5': 0.04493009919921557, 'Recall*@10': 0.10763253342537653, 'NDCG*@10': 0.06408470886803809, 'MRR*@10': 0.05083686539105007, 'Recall*@5': 0.07508108090786707, 'NDCG*@5': 0.053605382108972185, 'MRR*@5': 0.046540048328183946}
INFO    [05-05 04:25:48] train in BasicTrainer:
duration: 50.34796142578125s
INFO    [05-05 04:25:48] train in BasicTrainer:
epoch: 50
INFO    [05-05 04:26:06] _train_one_epoch in BasicTrainer:
loss = 5.229432253404097
INFO    [05-05 04:26:37] log in loggers:
Update Best NDCG@10 Model at 50
INFO    [05-05 04:26:37] validate in BasicTrainer:
{'Recall@10': 0.10689241119793483, 'NDCG@10': 0.06288913087475867, 'MRR@10': 0.04951207907426925, 'Recall@5': 0.0743446626833507, 'NDCG@5': 0.05240177522812571, 'MRR@5': 0.045205623088848026, 'Recall*@10': 0.10787017253183183, 'NDCG*@10': 0.0643652274849869, 'MRR*@10': 0.05112684110090846, 'Recall*@5': 0.07572664497863679, 'NDCG*@5': 0.054003093214262096, 'MRR*@5': 0.046868337939182915}
INFO    [05-05 04:26:37] train in BasicTrainer:
duration: 48.314764738082886s
INFO    [05-05 04:26:37] train in BasicTrainer:
epoch: 51
INFO    [05-05 04:26:55] _train_one_epoch in BasicTrainer:
loss = 5.222703968394886
INFO    [05-05 04:27:26] log in loggers:
Update Best NDCG@10 Model at 51
INFO    [05-05 04:27:26] validate in BasicTrainer:
{'Recall@10': 0.10668984694140297, 'NDCG@10': 0.06294832130273183, 'MRR@10': 0.04967225378467923, 'Recall@5': 0.07435550043980281, 'NDCG@5': 0.05260109422462327, 'MRR@5': 0.045465280434915, 'Recall*@10': 0.10775834038144066, 'NDCG*@10': 0.06448888530333836, 'MRR*@10': 0.05133898272400811, 'Recall*@5': 0.07562697182099025, 'NDCG*@5': 0.05419699829958734, 'MRR*@5': 0.04714917072228023}
INFO    [05-05 04:27:26] train in BasicTrainer:
duration: 49.57358956336975s
INFO    [05-05 04:27:26] train in BasicTrainer:
epoch: 52
INFO    [05-05 04:27:44] _train_one_epoch in BasicTrainer:
loss = 5.216153569654985
INFO    [05-05 04:28:15] log in loggers:
Update Best NDCG@10 Model at 52
INFO    [05-05 04:28:15] validate in BasicTrainer:
{'Recall@10': 0.10677280383450645, 'NDCG@10': 0.06312941422774679, 'MRR@10': 0.049840589719159265, 'Recall@5': 0.07451491093351728, 'NDCG@5': 0.05273543191807611, 'MRR@5': 0.04557294043756667, 'Recall*@10': 0.10783476808241435, 'NDCG*@10': 0.06466120108962059, 'MRR*@10': 0.051492106169462204, 'Recall*@5': 0.07660106179260072, 'NDCG*@5': 0.05458900155056091, 'MRR*@5': 0.04735158525762104}
INFO    [05-05 04:28:15] train in BasicTrainer:
duration: 48.624077558517456s
INFO    [05-05 04:28:15] train in BasicTrainer:
epoch: 53
INFO    [05-05 04:28:34] _train_one_epoch in BasicTrainer:
loss = 5.208246270093051
INFO    [05-05 04:29:05] log in loggers:
Update Best NDCG@10 Model at 53
INFO    [05-05 04:29:05] validate in BasicTrainer:
{'Recall@10': 0.10737990410554976, 'NDCG@10': 0.06317018096645673, 'MRR@10': 0.049741736302773155, 'Recall@5': 0.0746510699391365, 'NDCG@5': 0.052667100159894856, 'MRR@5': 0.045454407731691994, 'Recall*@10': 0.10861441031807945, 'NDCG*@10': 0.06468843739657175, 'MRR*@10': 0.051335599628232774, 'Recall*@5': 0.07627909559579123, 'NDCG*@5': 0.05431112150351206, 'MRR*@5': 0.0470992291257495}
INFO    [05-05 04:29:05] train in BasicTrainer:
duration: 50.40170121192932s
INFO    [05-05 04:29:05] train in BasicTrainer:
epoch: 54
DEBUG   [05-05 04:29:16] calculate_loss in loss:
soft_target max: 0.5938448309898376, argmax 79342209
DEBUG   [05-05 04:29:16] calculate_loss in loss:
pred max in softmax: 0.8494551181793213, argmax 16429057
DEBUG   [05-05 04:29:16] calculate_loss in loss:
soft_target max: 0.561848521232605, argmax 66830012
DEBUG   [05-05 04:29:16] calculate_loss in loss:
pred max in softmax: 0.9161602854728699, argmax 85890482
INFO    [05-05 04:29:24] _train_one_epoch in BasicTrainer:
loss = 5.202506312456998
INFO    [05-05 04:29:54] log in loggers:
Update Best NDCG@10 Model at 54
INFO    [05-05 04:29:54] validate in BasicTrainer:
{'Recall@10': 0.10698049054259345, 'NDCG@10': 0.06353212928488142, 'MRR@10': 0.050287152862265, 'Recall@5': 0.0754416205343746, 'NDCG@5': 0.05336593889764377, 'MRR@5': 0.04611080494664964, 'Recall*@10': 0.10791521554901487, 'NDCG*@10': 0.06499757245182991, 'MRR*@10': 0.05189873703888485, 'Recall*@5': 0.07730874312775475, 'NDCG*@5': 0.05514306681496756, 'MRR*@5': 0.04785658543308576}
INFO    [05-05 04:29:54] train in BasicTrainer:
duration: 49.008832693099976s
INFO    [05-05 04:29:54] train in BasicTrainer:
epoch: 55
INFO    [05-05 04:30:14] _train_one_epoch in BasicTrainer:
loss = 5.196293050592596
INFO    [05-05 04:30:45] validate in BasicTrainer:
{'Recall@10': 0.10674797566164107, 'NDCG@10': 0.0632581597282773, 'MRR@10': 0.05001630066406159, 'Recall@5': 0.07493678764218376, 'NDCG@5': 0.053043119786750706, 'MRR@5': 0.045842595575820835, 'Recall*@10': 0.10759168437549047, 'NDCG*@10': 0.06479982091557412, 'MRR*@10': 0.051746808524642675, 'Recall*@5': 0.07679450902200881, 'NDCG*@5': 0.054918033381303154, 'MRR*@5': 0.047713900960627054}
INFO    [05-05 04:30:45] train in BasicTrainer:
duration: 50.85595464706421s
INFO    [05-05 04:30:45] train in BasicTrainer:
epoch: 56
INFO    [05-05 04:31:04] _train_one_epoch in BasicTrainer:
loss = 5.1913434895602135
INFO    [05-05 04:31:34] validate in BasicTrainer:
{'Recall@10': 0.10726778493041084, 'NDCG@10': 0.06344001243511836, 'MRR@10': 0.05009966095288595, 'Recall@5': 0.07527058429661251, 'NDCG@5': 0.053127813374712354, 'MRR@5': 0.045864730541195185, 'Recall*@10': 0.10747798000063215, 'NDCG*@10': 0.0645276512063685, 'MRR*@10': 0.051415464885178064, 'Recall*@5': 0.07679996923321769, 'NDCG*@5': 0.054619992772738137, 'MRR*@5': 0.04733457788825035}
INFO    [05-05 04:31:34] train in BasicTrainer:
duration: 48.79778742790222s
INFO    [05-05 04:31:34] train in BasicTrainer:
epoch: 57
INFO    [05-05 04:31:53] _train_one_epoch in BasicTrainer:
loss = 5.184625955061479
INFO    [05-05 04:32:24] log in loggers:
Update Best NDCG@10 Model at 57
INFO    [05-05 04:32:24] validate in BasicTrainer:
{'Recall@10': 0.10766227188564483, 'NDCG@10': 0.06396806825484548, 'MRR@10': 0.05067002702327002, 'Recall@5': 0.07591078820682708, 'NDCG@5': 0.05378527655487969, 'MRR@5': 0.04651725930827005, 'Recall*@10': 0.10828451421998796, 'NDCG*@10': 0.06519780769234612, 'MRR*@10': 0.05205140972421283, 'Recall*@5': 0.0776875831541561, 'NDCG*@5': 0.05536519842488425, 'MRR*@5': 0.04802945770678066}
INFO    [05-05 04:32:24] train in BasicTrainer:
duration: 50.27169060707092s
INFO    [05-05 04:32:24] train in BasicTrainer:
epoch: 58
INFO    [05-05 04:32:42] _train_one_epoch in BasicTrainer:
loss = 5.179622290351174
INFO    [05-05 04:33:13] log in loggers:
Update Best NDCG@10 Model at 58
INFO    [05-05 04:33:13] validate in BasicTrainer:
{'Recall@10': 0.10835311668259758, 'NDCG@10': 0.06404765322804451, 'MRR@10': 0.050559092845235555, 'Recall@5': 0.07599965624866031, 'NDCG@5': 0.05361748362580935, 'MRR@5': 0.046272777375720796, 'Recall*@10': 0.10952719088111605, 'NDCG*@10': 0.06548360132035755, 'MRR*@10': 0.052051949536516554, 'Recall*@5': 0.07824681876670747, 'NDCG*@5': 0.05540542783481734, 'MRR*@5': 0.0479138908641679}
INFO    [05-05 04:33:13] train in BasicTrainer:
duration: 48.42374610900879s
INFO    [05-05 04:33:13] train in BasicTrainer:
epoch: 59
INFO    [05-05 04:33:32] _train_one_epoch in BasicTrainer:
loss = 5.175080338391391
INFO    [05-05 04:34:03] log in loggers:
Update Best NDCG@10 Model at 59
INFO    [05-05 04:34:03] validate in BasicTrainer:
{'Recall@10': 0.10901243417035966, 'NDCG@10': 0.06449550975646291, 'MRR@10': 0.05096083684336571, 'Recall@5': 0.07620891964151746, 'NDCG@5': 0.05395466319861866, 'MRR@5': 0.04665041377856618, 'Recall*@10': 0.110083788278557, 'NDCG*@10': 0.06570231524251756, 'MRR*@10': 0.05218398322661718, 'Recall*@5': 0.07778427182208925, 'NDCG*@5': 0.055328537665662314, 'MRR*@5': 0.047944305198533196}
INFO    [05-05 04:34:03] train in BasicTrainer:
duration: 50.43995237350464s
INFO    [05-05 04:34:03] train in BasicTrainer:
epoch: 60
INFO    [05-05 04:34:21] _train_one_epoch in BasicTrainer:
loss = 5.1691433169625025
INFO    [05-05 04:34:51] validate in BasicTrainer:
{'Recall@10': 0.10850838962055388, 'NDCG@10': 0.06419099902822858, 'MRR@10': 0.050728886609985716, 'Recall@5': 0.07558782930885043, 'NDCG@5': 0.053613776429778055, 'MRR@5': 0.04640362979400726, 'Recall*@10': 0.11039468255780992, 'NDCG*@10': 0.0657889445622762, 'MRR*@10': 0.05221934119860331, 'Recall*@5': 0.07758173665830068, 'NDCG*@5': 0.0552411430648395, 'MRR*@5': 0.047902856909093405}
INFO    [05-05 04:34:51] train in BasicTrainer:
duration: 48.04567861557007s
INFO    [05-05 04:34:51] train in BasicTrainer:
epoch: 61
INFO    [05-05 04:35:11] _train_one_epoch in BasicTrainer:
loss = 5.163877933675592
INFO    [05-05 04:35:42] log in loggers:
Update Best NDCG@10 Model at 61
INFO    [05-05 04:35:42] validate in BasicTrainer:
{'Recall@10': 0.11000811060269673, 'NDCG@10': 0.06498637759969347, 'MRR@10': 0.05130423428047271, 'Recall@5': 0.07673207812366031, 'NDCG@5': 0.05429318440811975, 'MRR@5': 0.04693020968919709, 'Recall*@10': 0.1113167873450688, 'NDCG*@10': 0.06644168478392419, 'MRR*@10': 0.05277909409432184, 'Recall*@5': 0.07847760901564643, 'NDCG*@5': 0.055865506685915445, 'MRR*@5': 0.04843965350162415}
INFO    [05-05 04:35:42] train in BasicTrainer:
duration: 50.90115213394165s
INFO    [05-05 04:35:42] train in BasicTrainer:
epoch: 62
INFO    [05-05 04:36:01] _train_one_epoch in BasicTrainer:
loss = 5.15889988379045
INFO    [05-05 04:36:31] log in loggers:
Update Best NDCG@10 Model at 62
INFO    [05-05 04:36:31] validate in BasicTrainer:
{'Recall@10': 0.10930642769450233, 'NDCG@10': 0.06503298151351157, 'MRR@10': 0.05158246929446856, 'Recall@5': 0.07568083526123137, 'NDCG@5': 0.05420786071391333, 'MRR@5': 0.047144126147031784, 'Recall*@10': 0.1104318020599229, 'NDCG*@10': 0.0665629135356063, 'MRR*@10': 0.053202743331591286, 'Recall*@5': 0.07767022684926078, 'NDCG*@5': 0.056019057297990435, 'MRR*@5': 0.04888188803479785}
INFO    [05-05 04:36:31] train in BasicTrainer:
duration: 49.07660722732544s
INFO    [05-05 04:36:31] train in BasicTrainer:
epoch: 63
DEBUG   [05-05 04:36:43] calculate_loss in loss:
soft_target max: 0.5796127915382385, argmax 78232522
DEBUG   [05-05 04:36:43] calculate_loss in loss:
pred max in softmax: 0.9504537582397461, argmax 1454196
DEBUG   [05-05 04:36:44] calculate_loss in loss:
soft_target max: 0.6241950392723083, argmax 70309512
DEBUG   [05-05 04:36:44] calculate_loss in loss:
pred max in softmax: 0.949417769908905, argmax 42415353
INFO    [05-05 04:36:50] _train_one_epoch in BasicTrainer:
loss = 5.153499356183139
INFO    [05-05 04:37:20] validate in BasicTrainer:
{'Recall@10': 0.10792966399874006, 'NDCG@10': 0.06500275841071493, 'MRR@10': 0.051930476867017294, 'Recall@5': 0.07656931770699364, 'NDCG@5': 0.05493158208472388, 'MRR@5': 0.047815099890742986, 'Recall*@10': 0.10974936187267303, 'NDCG*@10': 0.06665229176481564, 'MRR*@10': 0.05350783307637487, 'Recall*@5': 0.0787340494848433, 'NDCG*@5': 0.05668813841683524, 'MRR*@5': 0.0494339583175523}
INFO    [05-05 04:37:20] train in BasicTrainer:
duration: 49.11720418930054s
INFO    [05-05 04:37:20] train in BasicTrainer:
epoch: 64
INFO    [05-05 04:37:39] _train_one_epoch in BasicTrainer:
loss = 5.1495358337055555
INFO    [05-05 04:38:10] log in loggers:
Update Best NDCG@10 Model at 64
INFO    [05-05 04:38:10] validate in BasicTrainer:
{'Recall@10': 0.10910051422459739, 'NDCG@10': 0.06520453343788783, 'MRR@10': 0.05185253971389362, 'Recall@5': 0.07655769196294603, 'NDCG@5': 0.05474539597829183, 'MRR@5': 0.047572502600295205, 'Recall*@10': 0.11086893507412501, 'NDCG*@10': 0.06696053275040217, 'MRR*@10': 0.05358493984455154, 'Recall*@5': 0.07886390955675215, 'NDCG*@5': 0.05669600073070753, 'MRR*@5': 0.04939731263688633}
INFO    [05-05 04:38:10] train in BasicTrainer:
duration: 49.95227837562561s
INFO    [05-05 04:38:10] train in BasicTrainer:
epoch: 65
INFO    [05-05 04:38:29] _train_one_epoch in BasicTrainer:
loss = 5.145002395456488
INFO    [05-05 04:38:59] validate in BasicTrainer:
{'Recall@10': 0.10814976479325976, 'NDCG@10': 0.06437781364435241, 'MRR@10': 0.0510390732614767, 'Recall@5': 0.07662330851668403, 'NDCG@5': 0.05423340644864809, 'MRR@5': 0.04688159819869768, 'Recall*@10': 0.10938709442104612, 'NDCG*@10': 0.06579198280260676, 'MRR*@10': 0.052481486151615776, 'Recall*@5': 0.07840002186241604, 'NDCG*@5': 0.05580263886423338, 'MRR*@5': 0.04837727049986521}
INFO    [05-05 04:38:59] train in BasicTrainer:
duration: 48.72822904586792s
INFO    [05-05 04:38:59] train in BasicTrainer:
epoch: 66
INFO    [05-05 04:39:18] _train_one_epoch in BasicTrainer:
loss = 5.13986986767162
INFO    [05-05 04:39:49] log in loggers:
Update Best NDCG@10 Model at 66
INFO    [05-05 04:39:49] validate in BasicTrainer:
{'Recall@10': 0.10966603741759345, 'NDCG@10': 0.0656363641222318, 'MRR@10': 0.05225737925086703, 'Recall@5': 0.07643729661192213, 'NDCG@5': 0.054926060672317235, 'MRR@5': 0.04785720897572381, 'Recall*@10': 0.11029427250226338, 'NDCG*@10': 0.06703899162156242, 'MRR*@10': 0.05385815777948925, 'Recall*@5': 0.0785922259092331, 'NDCG*@5': 0.056820787312019436, 'MRR*@5': 0.049660574644804}
INFO    [05-05 04:39:49] train in BasicTrainer:
duration: 49.9964873790741s
INFO    [05-05 04:39:49] train in BasicTrainer:
epoch: 67
INFO    [05-05 04:40:07] _train_one_epoch in BasicTrainer:
loss = 5.136721728064797
INFO    [05-05 04:40:37] log in loggers:
Update Best NDCG@10 Model at 67
INFO    [05-05 04:40:37] validate in BasicTrainer:
{'Recall@10': 0.11066663974807375, 'NDCG@10': 0.06608336791396141, 'MRR@10': 0.052549930732874645, 'Recall@5': 0.07747947566566013, 'NDCG@5': 0.05545274434345109, 'MRR@5': 0.048221652529069355, 'Recall*@10': 0.11155427673033305, 'NDCG*@10': 0.0674794428050518, 'MRR*@10': 0.054062743804284503, 'Recall*@5': 0.07930220024926322, 'NDCG*@5': 0.0571326891936007, 'MRR*@5': 0.049841185410817467}
INFO    [05-05 04:40:37] train in BasicTrainer:
duration: 48.062785387039185s
INFO    [05-05 04:40:37] train in BasicTrainer:
epoch: 68
INFO    [05-05 04:40:56] _train_one_epoch in BasicTrainer:
loss = 5.131308395212347
INFO    [05-05 04:41:27] validate in BasicTrainer:
{'Recall@10': 0.11051550507545471, 'NDCG@10': 0.06605733913325128, 'MRR@10': 0.05251528340436164, 'Recall@5': 0.07775100568930308, 'NDCG@5': 0.05552256852388382, 'MRR@5': 0.04820338778552555, 'Recall*@10': 0.11164387457427524, 'NDCG*@10': 0.06766120965282123, 'MRR*@10': 0.05423254909969512, 'Recall*@5': 0.08000011245409648, 'NDCG*@5': 0.057494385434048514, 'MRR*@5': 0.05007555495415415}
INFO    [05-05 04:41:27] train in BasicTrainer:
duration: 50.19003462791443s
INFO    [05-05 04:41:27] train in BasicTrainer:
epoch: 69
INFO    [05-05 04:41:45] _train_one_epoch in BasicTrainer:
loss = 5.128205641833219
INFO    [05-05 04:42:15] validate in BasicTrainer:
{'Recall@10': 0.11043747479007357, 'NDCG@10': 0.06595370865293912, 'MRR@10': 0.05240771369565101, 'Recall@5': 0.07829820400192625, 'NDCG@5': 0.05563403098356156, 'MRR@5': 0.04819136361281077, 'Recall*@10': 0.11182488039845512, 'NDCG*@10': 0.0674038419411296, 'MRR*@10': 0.05385719541282881, 'Recall*@5': 0.0799582057765552, 'NDCG*@5': 0.057181517815306074, 'MRR*@5': 0.049686689107191}
INFO    [05-05 04:42:15] train in BasicTrainer:
duration: 47.971888065338135s
INFO    [05-05 04:42:15] train in BasicTrainer:
epoch: 70
INFO    [05-05 04:42:34] _train_one_epoch in BasicTrainer:
loss = 5.124851200797341
INFO    [05-05 04:43:05] validate in BasicTrainer:
{'Recall@10': 0.10980968461150215, 'NDCG@10': 0.06592613529591333, 'MRR@10': 0.05257856828116235, 'Recall@5': 0.0775184908083507, 'NDCG@5': 0.055562445805186315, 'MRR@5': 0.04834716110712006, 'Recall*@10': 0.11186370324520838, 'NDCG*@10': 0.06784371322109586, 'MRR*@10': 0.054451677770841686, 'Recall*@5': 0.07916436060553506, 'NDCG*@5': 0.05733905874547504, 'MRR*@5': 0.05015646382456734}
INFO    [05-05 04:43:05] train in BasicTrainer:
duration: 49.297784090042114s
INFO    [05-05 04:43:05] train in BasicTrainer:
epoch: 71
INFO    [05-05 04:43:23] _train_one_epoch in BasicTrainer:
loss = 5.121488627520475
INFO    [05-05 04:43:53] validate in BasicTrainer:
{'Recall@10': 0.11046407620112102, 'NDCG@10': 0.06607649617251896, 'MRR@10': 0.05255973214904467, 'Recall@5': 0.07834470697811671, 'NDCG@5': 0.055764117411204746, 'MRR@5': 0.048347345775082, 'Recall*@10': 0.11183911491008032, 'NDCG*@10': 0.06763480905266035, 'MRR*@10': 0.054128212588174004, 'Recall*@5': 0.08065488224937803, 'NDCG*@5': 0.05759659232128234, 'MRR*@5': 0.05001247053345045}
INFO    [05-05 04:43:53] train in BasicTrainer:
duration: 48.48882722854614s
INFO    [05-05 04:43:53] train in BasicTrainer:
epoch: 72
DEBUG   [05-05 04:44:07] calculate_loss in loss:
soft_target max: 0.6455832719802856, argmax 46462706
DEBUG   [05-05 04:44:07] calculate_loss in loss:
pred max in softmax: 0.9360288381576538, argmax 42720107
DEBUG   [05-05 04:44:07] calculate_loss in loss:
soft_target max: 0.5676556825637817, argmax 64106758
DEBUG   [05-05 04:44:07] calculate_loss in loss:
pred max in softmax: 0.8582984209060669, argmax 28901690
INFO    [05-05 04:44:11] _train_one_epoch in BasicTrainer:
loss = 5.11571292443709
INFO    [05-05 04:44:42] validate in BasicTrainer:
{'Recall@10': 0.1099334295306887, 'NDCG@10': 0.06600996816442126, 'MRR@10': 0.05260467617994263, 'Recall@5': 0.07796440699270793, 'NDCG@5': 0.05566836893558502, 'MRR@5': 0.0483349645066829, 'Recall*@10': 0.11131701476517178, 'NDCG*@10': 0.06761642474503744, 'MRR*@10': 0.054242916050411406, 'Recall*@5': 0.0805862042165938, 'NDCG*@5': 0.057683550708350684, 'MRR*@5': 0.05014673265672866}
INFO    [05-05 04:44:42] train in BasicTrainer:
duration: 49.103726863861084s
INFO    [05-05 04:44:42] train in BasicTrainer:
epoch: 73
INFO    [05-05 04:45:00] _train_one_epoch in BasicTrainer:
loss = 5.113185414400967
INFO    [05-05 04:45:30] log in loggers:
Update Best NDCG@10 Model at 73
INFO    [05-05 04:45:31] validate in BasicTrainer:
{'Recall@10': 0.11089087880793072, 'NDCG@10': 0.0666017337214379, 'MRR@10': 0.053128515680631004, 'Recall@5': 0.07829741565954118, 'NDCG@5': 0.05611684794227282, 'MRR@5': 0.04883344258580889, 'Recall*@10': 0.11242644098542985, 'NDCG*@10': 0.06834567941370465, 'MRR*@10': 0.054909909587530864, 'Recall*@5': 0.0805062445856276, 'NDCG*@5': 0.0580778160975093, 'MRR*@5': 0.05070407227391288}
INFO    [05-05 04:45:31] train in BasicTrainer:
duration: 48.536693811416626s
INFO    [05-05 04:45:31] train in BasicTrainer:
epoch: 74
INFO    [05-05 04:45:50] _train_one_epoch in BasicTrainer:
loss = 5.110274518619884
INFO    [05-05 04:46:21] validate in BasicTrainer:
{'Recall@10': 0.11033698135898226, 'NDCG@10': 0.06631872324006897, 'MRR@10': 0.05290769235718818, 'Recall@5': 0.07807652652263641, 'NDCG@5': 0.055905802973679135, 'MRR@5': 0.048621335377295814, 'Recall*@10': 0.11200663802169618, 'NDCG*@10': 0.06802996656014806, 'MRR*@10': 0.054618918824763524, 'Recall*@5': 0.08016695933682579, 'NDCG*@5': 0.057759320452099756, 'MRR*@5': 0.05039542807000024}
INFO    [05-05 04:46:21] train in BasicTrainer:
duration: 49.96090292930603s
INFO    [05-05 04:46:21] train in BasicTrainer:
epoch: 75
INFO    [05-05 04:46:39] _train_one_epoch in BasicTrainer:
loss = 5.108514196222479
INFO    [05-05 04:47:09] log in loggers:
Update Best NDCG@10 Model at 75
INFO    [05-05 04:47:09] validate in BasicTrainer:
{'Recall@10': 0.11151531906354994, 'NDCG@10': 0.06670275419240906, 'MRR@10': 0.05306441780357134, 'Recall@5': 0.07840204735596974, 'NDCG@5': 0.05602363656674113, 'MRR@5': 0.04867351037405786, 'Recall*@10': 0.11269991525581904, 'NDCG*@10': 0.06819853984883853, 'MRR*@10': 0.05462979614025071, 'Recall*@5': 0.0804440744576, 'NDCG*@5': 0.05778186413503829, 'MRR*@5': 0.05033873145778974}
INFO    [05-05 04:47:09] train in BasicTrainer:
duration: 48.43562602996826s
INFO    [05-05 04:47:09] train in BasicTrainer:
epoch: 76
INFO    [05-05 04:47:28] _train_one_epoch in BasicTrainer:
loss = 5.103079037232832
INFO    [05-05 04:47:59] validate in BasicTrainer:
{'Recall@10': 0.11000318399497441, 'NDCG@10': 0.06628526268260819, 'MRR@10': 0.052975758200600034, 'Recall@5': 0.07805327503454118, 'NDCG@5': 0.05601598943273226, 'MRR@5': 0.0487743222287723, 'Recall*@10': 0.11150405697879337, 'NDCG*@10': 0.06807406193443707, 'MRR*@10': 0.054838870252881734, 'Recall*@5': 0.08021343038195655, 'NDCG*@5': 0.05802490118713606, 'MRR*@5': 0.05073216592981702}
INFO    [05-05 04:47:59] train in BasicTrainer:
duration: 49.56200408935547s
INFO    [05-05 04:47:59] train in BasicTrainer:
epoch: 77
INFO    [05-05 04:48:17] _train_one_epoch in BasicTrainer:
loss = 5.099773706089366
INFO    [05-05 04:48:47] validate in BasicTrainer:
{'Recall@10': 0.11029382759616488, 'NDCG@10': 0.06649703585675784, 'MRR@10': 0.05315716334042095, 'Recall@5': 0.07868934103420802, 'NDCG@5': 0.05636018745246388, 'MRR@5': 0.04902190076453345, 'Recall*@10': 0.11225686435188566, 'NDCG*@10': 0.06844844935195786, 'MRR*@10': 0.05508479369538171, 'Recall*@5': 0.08108817218315034, 'NDCG*@5': 0.05844773848851522, 'MRR*@5': 0.05100283718534878}
INFO    [05-05 04:48:47] train in BasicTrainer:
duration: 48.113969802856445s
INFO    [05-05 04:48:47] train in BasicTrainer:
epoch: 78
INFO    [05-05 04:49:05] _train_one_epoch in BasicTrainer:
loss = 5.097430801391601
INFO    [05-05 04:49:35] validate in BasicTrainer:
{'Recall@10': 0.10987865073340279, 'NDCG@10': 0.06643560457797278, 'MRR@10': 0.053205952225696476, 'Recall@5': 0.0778788888738269, 'NDCG@5': 0.05612147865550859, 'MRR@5': 0.04896927004059156, 'Recall*@10': 0.11112477098192487, 'NDCG*@10': 0.06818125361487978, 'MRR*@10': 0.055086380136864524, 'Recall*@5': 0.07973534294537135, 'NDCG*@5': 0.05807647658955483, 'MRR*@5': 0.050943096656174885}
INFO    [05-05 04:49:35] train in BasicTrainer:
duration: 48.23284435272217s
INFO    [05-05 04:49:35] train in BasicTrainer:
epoch: 79
INFO    [05-05 04:49:53] _train_one_epoch in BasicTrainer:
loss = 5.0935202251781115
INFO    [05-05 04:50:25] log in loggers:
Update Best NDCG@10 Model at 79
INFO    [05-05 04:50:25] validate in BasicTrainer:
{'Recall@10': 0.11070821682612102, 'NDCG@10': 0.06687104311727342, 'MRR@10': 0.053511861534345714, 'Recall@5': 0.07874668176685061, 'NDCG@5': 0.05658939658176331, 'MRR@5': 0.049300794977517354, 'Recall*@10': 0.11263147209371839, 'NDCG*@10': 0.06884674834353584, 'MRR*@10': 0.05548447814016115, 'Recall*@5': 0.08092604896851949, 'NDCG*@5': 0.058639101684093475, 'MRR*@5': 0.05129875349146979}
INFO    [05-05 04:50:25] train in BasicTrainer:
duration: 50.3595929145813s
INFO    [05-05 04:50:25] close_training in BasicTrainer:
finished training
DEBUG   [05-05 04:50:25] debug_summary in loss:
loss nan summary: nan 0 times, not nan 8801 times, ratio nan / (nan + not_nan) = 0.0
INFO    [05-05 04:50:25] run_routine in Routine:
Finished training, Start final validation
INFO    [05-05 04:50:25] final_validate in BasicTrainer:
validate model on val set!
INFO    [05-05 04:50:26] load_state_from_given_path in utils:
checkpoint epoch: 79
INFO    [05-05 04:50:26] load_state_from_given_path in utils:
Loading model's parameters
INFO    [05-05 04:50:56] validate in BasicTrainer:
{'Recall@10': 0.11070821682612102, 'NDCG@10': 0.06687104311727342, 'MRR@10': 0.053511861534345714, 'Recall@5': 0.07874668176685061, 'NDCG@5': 0.05658939658176331, 'MRR@5': 0.049300794977517354, 'Recall*@10': 0.11263147209371839, 'NDCG*@10': 0.06884674834353584, 'MRR*@10': 0.05548447814016115, 'Recall*@5': 0.08092604896851949, 'NDCG*@5': 0.058639101684093475, 'MRR*@5': 0.05129875349146979}
INFO    [05-05 04:50:56] run_routine in Routine:
Finished final validating. Result: {'Recall@10': 0.11070821682612102, 'NDCG@10': 0.06687104311727342, 'MRR@10': 0.053511861534345714, 'Recall@5': 0.07874668176685061, 'NDCG@5': 0.05658939658176331, 'MRR@5': 0.049300794977517354, 'Recall*@10': 0.11263147209371839, 'NDCG*@10': 0.06884674834353584, 'MRR*@10': 0.05548447814016115, 'Recall*@5': 0.08092604896851949, 'NDCG*@5': 0.058639101684093475, 'MRR*@5': 0.05129875349146979}
INFO    [05-05 04:50:56] _evaluate in EnsembleDistillSched:
Start testing student model on test set
INFO    [05-05 04:50:56] test in BasicTrainer:
Test model on test set!
INFO    [05-05 04:50:56] test_with_given_state_path in BasicTrainer:
Loading model params from ___movies_ed_2022/ed_diff_2022_narm-en-0.5-T-3.0-al-0.5_05-05_03:41_t5/student_narm_logs/checkpoint/best_acc_model.pth.
INFO    [05-05 04:50:56] load_state_from_given_path in utils:
checkpoint epoch: 79
INFO    [05-05 04:50:56] load_state_from_given_path in utils:
Loading model's parameters
INFO    [05-05 04:50:56] test_with_given_state_path in BasicTrainer:
Finished loading. Start testing.
INFO    [05-05 04:51:26] test_with_given_state_path in BasicTrainer:
{'Recall@10': 0.09864818198340279, 'NDCG@10': 0.05799010537919544, 'MRR@10': 0.04564029670187405, 'Recall@5': 0.06891386388313203, 'NDCG@5': 0.04842874798036757, 'MRR@5': 0.04172631016089803, 'Recall*@10': 0.10187290147656486, 'NDCG*@10': 0.061022997789439704, 'MRR*@10': 0.04859029412979171, 'Recall*@5': 0.07280751672529039, 'NDCG*@5': 0.05168474713961283, 'MRR*@5': 0.044772305126701085}
INFO    [05-05 04:51:26] _evaluate in EnsembleDistillSched:
!!Final Result!!: {'Recall@10': 0.09864818198340279, 'NDCG@10': 0.05799010537919544, 'MRR@10': 0.04564029670187405, 'Recall@5': 0.06891386388313203, 'NDCG@5': 0.04842874798036757, 'MRR@5': 0.04172631016089803, 'Recall*@10': 0.10187290147656486, 'NDCG*@10': 0.061022997789439704, 'MRR*@10': 0.04859029412979171, 'Recall*@5': 0.07280751672529039, 'NDCG*@5': 0.05168474713961283, 'MRR*@5': 0.044772305126701085}
