INFO    [05-04 22:58:04] setup_train in utils:
{
    "experiment_dir": "___movies_soft_2022",
    "experiment_description": "pop",
    "describe": "{config[model_code]}-T-{config[T]}-al-{config[alpha]}",
    "dataset_name": "movies.csv",
    "sched": "distill",
    "model_code": "narm",
    "mentor_code": "pop",
    "training_routine": "student",
    "softmaxed_mentor": false,
    "alpha": 0.75,
    "T": 3.0,
    "num_epochs": 60,
    "mode": [
        "train",
        "test"
    ],
    "max_len": 10,
    "test_state_path": null,
    "model_state_path": null,
    "mentor_state_path": null,
    "rand_seed": 2022,
    "load_processed_dataset": true,
    "save_processed_dataset": false,
    "dataset_cache_filename": null,
    "do_remap": false,
    "weight_decay": 0,
    "decay_step": 15,
    "gamma": 0.99,
    "lr": 0.001,
    "min_length": 5,
    "min_item_inter": 5,
    "good_only": false,
    "use_rating": true,
    "test_negative_sampler_code": "random",
    "test_negative_sample_size": 0,
    "dataloader_type": "next",
    "train_batch_size": 4096,
    "val_batch_size": 4096,
    "test_batch_size": 4096,
    "prop_sliding_window": -1.0,
    "worker_number": 2,
    "metric_ks": [
        5,
        10
    ],
    "device": "cuda",
    "num_gpu": 1,
    "optimizer": "Adam",
    "best_metric": "NDCG@10",
    "show_process_bar": false,
    "enable_sample": false,
    "samples_ratio": 0.1,
    "config_file": "config2.movies/narm/config_distill.json",
    "task_id": 6,
    "split": "leave_one_out",
    "do_sampling": false,
    "path_for_sample": null,
    "sample_rate": 0.5,
    "sample_seed": 0,
    "train_negative_sampler_code": "random",
    "train_negative_sample_size": 100,
    "device_idx": "0",
    "momentum": null,
    "log_period_as_iter": 12800,
    "dvae_alpha": 0.5,
    "weight_list": [
        0.5,
        0.5
    ],
    "validation_rate": 0.2,
    "num_items": null,
    "start_index": 1,
    "kwargs": null
}
DEBUG   [05-04 22:58:04] __init__ in DistillSched:
DistillScheduler attribs: teacher tag=teacher_pop, student tag=student_narm
INFO    [05-04 22:58:04] _load_full_dataset_from_path in utils:
loading cache from /data01/wushiguang-slurm/Codes/soft-rec/Data/Cache/movies-5-5.pkl
INFO    [05-04 22:58:05] _check_dataset_cache in utils:
check if the cache is generated under this configuration
INFO    [05-04 22:58:05] _check_dataset_cache in utils:
correct.
INFO    [05-04 22:58:05] __init__ in NextItemDataloader:
there are 21035 items in this dataset, 82156 users, padding_first? False
DEBUG   [05-04 22:58:19] generate_model in utils:
model_code_list=['pop']
INFO    [05-04 22:58:19] load_model_config in utils:
loading model pop's config file at asset/config/model/pop.json
INFO    [05-04 22:58:19] load_model_config in utils:
{}
WARNING [05-04 22:58:27] get_exist_path in utils:
dir ___movies_soft_2022/pop_narm-T-3.0-al-0.75_05-04_22:58_t6/teacher_pop_logs does not exist! Create one.
WARNING [05-04 22:58:27] get_exist_path in utils:
dir ___movies_soft_2022/pop_narm-T-3.0-al-0.75_05-04_22:58_t6/teacher_pop_logs/tb_vis does not exist! Create one.
WARNING [05-04 22:58:27] get_exist_path in utils:
dir ___movies_soft_2022/pop_narm-T-3.0-al-0.75_05-04_22:58_t6/teacher_pop_logs/checkpoint does not exist! Create one.
WARNING [05-04 22:58:27] get_path in utils:
Path is None
WARNING [05-04 22:58:27] load_state_from_given_path in utils:
Not given any path.
DEBUG   [05-04 22:58:27] __init__ in DistillSched:
teacher model: 
POPModel(
  (fake_parameter): Linear(in_features=1, out_features=1, bias=False)
)
INFO    [05-04 22:58:27] assert_model_device in utils:
model teacher_pop has 3.814697265625e-06 MB params.
INFO    [05-04 22:58:27] __init__ in BasicTrainer:
450560 iter per epoch
DEBUG   [05-04 22:58:27] generate_model in utils:
model_code_list=['narm']
INFO    [05-04 22:58:27] load_model_config in utils:
loading model narm's config file at asset/config/model/narm.json
INFO    [05-04 22:58:27] load_model_config in utils:
{
    "embedding_size": 64,
    "hidden_size": 128,
    "n_layers": 1,
    "dropout_probs": [
        0.25,
        0.5
    ]
}
WARNING [05-04 22:58:32] get_exist_path in utils:
dir ___movies_soft_2022/pop_narm-T-3.0-al-0.75_05-04_22:58_t6/student_narm_logs does not exist! Create one.
WARNING [05-04 22:58:32] get_exist_path in utils:
dir ___movies_soft_2022/pop_narm-T-3.0-al-0.75_05-04_22:58_t6/student_narm_logs/tb_vis does not exist! Create one.
WARNING [05-04 22:58:32] get_exist_path in utils:
dir ___movies_soft_2022/pop_narm-T-3.0-al-0.75_05-04_22:58_t6/student_narm_logs/checkpoint does not exist! Create one.
WARNING [05-04 22:58:32] get_path in utils:
Path is None
WARNING [05-04 22:58:32] load_state_from_given_path in utils:
Not given any path.
DEBUG   [05-04 22:58:32] __init__ in DistillSched:
student model: 
NARM(
  (item_embedding): Embedding(21036, 64, padding_idx=0)
  (emb_dropout): Dropout(p=0.25, inplace=False)
  (gru): GRU(64, 128, bias=False, batch_first=True)
  (a_1): Linear(in_features=128, out_features=128, bias=False)
  (a_2): Linear(in_features=128, out_features=128, bias=False)
  (v_t): Linear(in_features=128, out_features=1, bias=False)
  (ct_dropout): Dropout(p=0.5, inplace=False)
  (b): Linear(in_features=256, out_features=64, bias=False)
  (loss_fct): CrossEntropyLoss()
)
INFO    [05-04 22:58:32] assert_model_device in utils:
model student_narm has 5.60498046875 MB params.
INFO    [05-04 22:58:32] assert_model_device in utils:
model teacher_pop has 3.814697265625e-06 MB params.
INFO    [05-04 22:58:32] __init__ in DistillTrainer:
450560 iter per epoch
INFO    [05-04 22:58:32] _set_current_routine in Routine:
first routine: student
INFO    [05-04 22:58:32] run_routine in Routine:
Start routine student
INFO    [05-04 22:58:32] run_routine in Routine:
Start training
INFO    [05-04 22:58:32] train in DistillTrainer:
Test mentor model: teacher_pop
INFO    [05-04 22:59:03] test_mentor in DistillTrainer:
{'Recall@10': 0.01926957221613044, 'NDCG@10': 0.008763348351099662, 'MRR@10': 0.00570286333649641, 'Recall@5': 0.008940985337609337, 'NDCG@5': 0.00557392868878586, 'MRR@5': 0.004471914765114586, 'Recall*@10': 0.020209885645835174, 'NDCG*@10': 0.008964412269138154, 'MRR*@10': 0.0057113271738801685, 'Recall*@5': 0.008626139722764492, 'NDCG*@5': 0.005387002557870888, 'MRR*@5': 0.004329948863458066}
INFO    [05-04 22:59:03] train in DistillTrainer:
result:
{'Recall@10': 0.01926957221613044, 'NDCG@10': 0.008763348351099662, 'MRR@10': 0.00570286333649641, 'Recall@5': 0.008940985337609337, 'NDCG@5': 0.00557392868878586, 'MRR@5': 0.004471914765114586, 'Recall*@10': 0.020209885645835174, 'NDCG*@10': 0.008964412269138154, 'MRR*@10': 0.0057113271738801685, 'Recall*@5': 0.008626139722764492, 'NDCG*@5': 0.005387002557870888, 'MRR*@5': 0.004329948863458066}
INFO    [05-04 22:59:34] log in loggers:
Update Best NDCG@10 Model at 0
INFO    [05-04 22:59:34] validate in BasicTrainer:
{'Recall@10': 0.0006510416666666666, 'NDCG@10': 0.00032070457624892396, 'MRR@10': 0.00022083378072628484, 'Recall@5': 0.0004069010416666667, 'NDCG@5': 0.00024287350935905816, 'MRR@5': 0.0001893058698832257, 'Recall*@10': 0.0006208952399902046, 'NDCG*@10': 0.00030577815396966236, 'MRR*@10': 0.00021059572169352102, 'Recall*@5': 0.0003880097009685068, 'NDCG*@5': 0.00023223877014104453, 'MRR*@5': 0.00018123157566324587}
INFO    [05-04 22:59:34] train in BasicTrainer:
epoch: 0
DEBUG   [05-04 22:59:35] calculate_loss in loss:
soft_target max: 0.5006060600280762, argmax 2026253
DEBUG   [05-04 22:59:35] calculate_loss in loss:
pred max in softmax: 4.768875442096032e-05, argmax 24201711
INFO    [05-04 22:59:51] _train_one_epoch in BasicTrainer:
loss = 5.520731743899259
INFO    [05-04 23:00:23] log in loggers:
Update Best NDCG@10 Model at 0
INFO    [05-04 23:00:23] validate in BasicTrainer:
{'Recall@10': 0.016281755995892343, 'NDCG@10': 0.008192539481180055, 'MRR@10': 0.005753296870915662, 'Recall@5': 0.009704146489855788, 'NDCG@5': 0.006064706792434056, 'MRR@5': 0.0048746811115138585, 'Recall*@10': 0.015481989254199323, 'NDCG*@10': 0.007469471433155593, 'MRR*@10': 0.005064733370783783, 'Recall*@5': 0.008774272520982083, 'NDCG*@5': 0.0052996189111755, 'MRR*@5': 0.004169035004451871}
INFO    [05-04 23:00:23] train in BasicTrainer:
duration: 49.02553749084473s
INFO    [05-04 23:00:23] train in BasicTrainer:
epoch: 1
INFO    [05-04 23:00:40] _train_one_epoch in BasicTrainer:
loss = 5.306308135119352
INFO    [05-04 23:01:11] log in loggers:
Update Best NDCG@10 Model at 1
INFO    [05-04 23:01:11] validate in BasicTrainer:
{'Recall@10': 0.017378713935613632, 'NDCG@10': 0.00855079120291131, 'MRR@10': 0.00588420286242451, 'Recall@5': 0.010724650341130439, 'NDCG@5': 0.006414525898262149, 'MRR@5': 0.0050118124068138144, 'Recall*@10': 0.016461010179704146, 'NDCG*@10': 0.007927710256938423, 'MRR*@10': 0.0053556189717104035, 'Recall*@5': 0.010021225127968051, 'NDCG*@5': 0.005860442894377879, 'MRR*@5': 0.004511415537091948}
INFO    [05-04 23:01:11] train in BasicTrainer:
duration: 47.872543811798096s
INFO    [05-04 23:01:11] train in BasicTrainer:
epoch: 2
INFO    [05-04 23:01:28] _train_one_epoch in BasicTrainer:
loss = 5.274752447821877
INFO    [05-04 23:01:58] log in loggers:
Update Best NDCG@10 Model at 2
INFO    [05-04 23:01:58] validate in BasicTrainer:
{'Recall@10': 0.021707628631875628, 'NDCG@10': 0.010768426271776358, 'MRR@10': 0.007471429472345682, 'Recall@5': 0.012852161501844725, 'NDCG@5': 0.007919596552494027, 'MRR@5': 0.0063041880327676025, 'Recall*@10': 0.019955770378666266, 'NDCG*@10': 0.009860797630002102, 'MRR*@10': 0.006840729176820744, 'Recall*@5': 0.011219222054240249, 'NDCG*@5': 0.007051235929663692, 'MRR*@5': 0.005690303753085789}
INFO    [05-04 23:01:58] train in BasicTrainer:
duration: 47.555012941360474s
INFO    [05-04 23:01:58] train in BasicTrainer:
epoch: 3
INFO    [05-04 23:02:16] _train_one_epoch in BasicTrainer:
loss = 5.233909359845248
INFO    [05-04 23:02:47] log in loggers:
Update Best NDCG@10 Model at 3
INFO    [05-04 23:02:47] validate in BasicTrainer:
{'Recall@10': 0.028668099570842015, 'NDCG@10': 0.013918156380809489, 'MRR@10': 0.009511818798879782, 'Recall@5': 0.016204513786804108, 'NDCG@5': 0.009944469446227663, 'MRR@5': 0.007905187440060434, 'Recall*@10': 0.026725220981807934, 'NDCG*@10': 0.013073635642372426, 'MRR*@10': 0.008998156214753786, 'Recall*@5': 0.015085139577942235, 'NDCG*@5': 0.009359759389467183, 'MRR*@5': 0.007494887847098566}
INFO    [05-04 23:02:47] train in BasicTrainer:
duration: 49.04412603378296s
INFO    [05-04 23:02:47] train in BasicTrainer:
epoch: 4
INFO    [05-04 23:03:05] _train_one_epoch in BasicTrainer:
loss = 5.18263276273554
INFO    [05-04 23:03:35] log in loggers:
Update Best NDCG@10 Model at 4
INFO    [05-04 23:03:36] validate in BasicTrainer:
{'Recall@10': 0.03411308569567544, 'NDCG@10': 0.016601603566890673, 'MRR@10': 0.011358040207553478, 'Recall@5': 0.019564353816566012, 'NDCG@5': 0.011960799938866071, 'MRR@5': 0.009479579360534748, 'Recall*@10': 0.03256753317656971, 'NDCG*@10': 0.015782001029167856, 'MRR*@10': 0.010770587827123347, 'Recall*@5': 0.01811807562730142, 'NDCG*@5': 0.011173268425322715, 'MRR*@5': 0.008905201640334866}
INFO    [05-04 23:03:36] train in BasicTrainer:
duration: 48.159863233566284s
INFO    [05-04 23:03:36] train in BasicTrainer:
epoch: 5
INFO    [05-04 23:03:53] _train_one_epoch in BasicTrainer:
loss = 5.127031954852018
INFO    [05-04 23:04:24] log in loggers:
Update Best NDCG@10 Model at 5
INFO    [05-04 23:04:25] validate in BasicTrainer:
{'Recall@10': 0.040507244921865915, 'NDCG@10': 0.020226603906069483, 'MRR@10': 0.014113386339020161, 'Recall@5': 0.024323421042589916, 'NDCG@5': 0.015038133643212773, 'MRR@5': 0.011998602233472325, 'Recall*@10': 0.038411177162613185, 'NDCG*@10': 0.019191919249438104, 'MRR*@10': 0.013418356799298809, 'Recall*@5': 0.022668259040940376, 'NDCG*@5': 0.014162629266225156, 'MRR*@5': 0.011378921745788483}
INFO    [05-04 23:04:25] train in BasicTrainer:
duration: 49.01501178741455s
INFO    [05-04 23:04:25] train in BasicTrainer:
epoch: 6
INFO    [05-04 23:04:41] _train_one_epoch in BasicTrainer:
loss = 5.072192296114835
INFO    [05-04 23:05:12] log in loggers:
Update Best NDCG@10 Model at 6
INFO    [05-04 23:05:12] validate in BasicTrainer:
{'Recall@10': 0.046859827424798696, 'NDCG@10': 0.023668287676714715, 'MRR@10': 0.01671263761818409, 'Recall@5': 0.027799518512828008, 'NDCG@5': 0.01754926686130819, 'MRR@5': 0.01421403232961893, 'Recall*@10': 0.0443670331012635, 'NDCG*@10': 0.02230201076184, 'MRR*@10': 0.01567764123458238, 'Recall*@5': 0.026251836280737604, 'NDCG*@5': 0.016475763349306016, 'MRR*@5': 0.013292436443624042}
INFO    [05-04 23:05:12] train in BasicTrainer:
duration: 47.73382592201233s
INFO    [05-04 23:05:12] train in BasicTrainer:
epoch: 7
INFO    [05-04 23:05:29] _train_one_epoch in BasicTrainer:
loss = 5.02987847328186
INFO    [05-04 23:06:00] log in loggers:
Update Best NDCG@10 Model at 7
INFO    [05-04 23:06:00] validate in BasicTrainer:
{'Recall@10': 0.0497729629278183, 'NDCG@10': 0.025529775679821058, 'MRR@10': 0.01822121317187945, 'Recall@5': 0.03071758026878039, 'NDCG@5': 0.019417629976357733, 'MRR@5': 0.01572778599248046, 'Recall*@10': 0.04844305752998307, 'NDCG*@10': 0.024877195645655905, 'MRR*@10': 0.017773349991156942, 'Recall*@5': 0.02991430080007939, 'NDCG*@5': 0.01891645115046274, 'MRR*@5': 0.015331306938259374}
INFO    [05-04 23:06:00] train in BasicTrainer:
duration: 47.60206747055054s
INFO    [05-04 23:06:00] train in BasicTrainer:
epoch: 8
INFO    [05-04 23:06:17] _train_one_epoch in BasicTrainer:
loss = 4.993961546637795
INFO    [05-04 23:06:50] log in loggers:
Update Best NDCG@10 Model at 8
INFO    [05-04 23:06:50] validate in BasicTrainer:
{'Recall@10': 0.05473380589059421, 'NDCG@10': 0.027925736669983183, 'MRR@10': 0.019849228628334544, 'Recall@5': 0.033356624167589916, 'NDCG@5': 0.021059656693112282, 'MRR@5': 0.017042766591267928, 'Recall*@10': 0.05298018597421192, 'NDCG*@10': 0.027294518958245004, 'MRR*@10': 0.0195561834123163, 'Recall*@5': 0.03273364741887365, 'NDCG*@5': 0.02079840949071305, 'MRR*@5': 0.01690447459086066}
INFO    [05-04 23:06:50] train in BasicTrainer:
duration: 49.97241187095642s
INFO    [05-04 23:06:50] train in BasicTrainer:
epoch: 9
DEBUG   [05-04 23:06:52] calculate_loss in loss:
soft_target max: 0.5006060600280762, argmax 59033813
DEBUG   [05-04 23:06:52] calculate_loss in loss:
pred max in softmax: 0.08068539202213287, argmax 44726923
DEBUG   [05-04 23:06:52] calculate_loss in loss:
soft_target max: 0.5006060600280762, argmax 13301549
DEBUG   [05-04 23:06:52] calculate_loss in loss:
pred max in softmax: 0.18645024299621582, argmax 78949080
INFO    [05-04 23:07:07] _train_one_epoch in BasicTrainer:
loss = 4.9579426462000065
INFO    [05-04 23:07:37] log in loggers:
Update Best NDCG@10 Model at 9
INFO    [05-04 23:07:37] validate in BasicTrainer:
{'Recall@10': 0.05861345465694155, 'NDCG@10': 0.029855363869241307, 'MRR@10': 0.021191921972093127, 'Recall@5': 0.03544512018561363, 'NDCG@5': 0.022428431415132115, 'MRR@5': 0.01816512710813965, 'Recall*@10': 0.056780463528065456, 'NDCG*@10': 0.029419664648317155, 'MRR*@10': 0.021152004643919923, 'Recall*@5': 0.035251617431640625, 'NDCG*@5': 0.022509264804068067, 'MRR*@5': 0.018330591154240426}
INFO    [05-04 23:07:37] train in BasicTrainer:
duration: 47.5677125453949s
INFO    [05-04 23:07:37] train in BasicTrainer:
epoch: 10
INFO    [05-04 23:07:55] _train_one_epoch in BasicTrainer:
loss = 4.924441584673795
INFO    [05-04 23:08:27] log in loggers:
Update Best NDCG@10 Model at 10
INFO    [05-04 23:08:27] validate in BasicTrainer:
{'Recall@10': 0.0632787277655942, 'NDCG@10': 0.03257949064884867, 'MRR@10': 0.0233151058533362, 'Recall@5': 0.03950664276878039, 'NDCG@5': 0.024954393239957944, 'MRR@5': 0.020204062706657817, 'Recall*@10': 0.061607264691875094, 'NDCG*@10': 0.03216252112317653, 'MRR*@10': 0.02326328209823086, 'Recall*@5': 0.03901471587873641, 'NDCG*@5': 0.02491038434562229, 'MRR*@5': 0.02030139895422118}
INFO    [05-04 23:08:27] train in BasicTrainer:
duration: 49.64432621002197s
INFO    [05-04 23:08:27] train in BasicTrainer:
epoch: 11
INFO    [05-04 23:08:44] _train_one_epoch in BasicTrainer:
loss = 4.891537974097512
INFO    [05-04 23:09:15] log in loggers:
Update Best NDCG@10 Model at 11
INFO    [05-04 23:09:15] validate in BasicTrainer:
{'Recall@10': 0.06716251444248926, 'NDCG@10': 0.03501528412813232, 'MRR@10': 0.02532213899706091, 'Recall@5': 0.04154528606505621, 'NDCG@5': 0.02678237802215985, 'MRR@5': 0.021954643140946115, 'Recall*@10': 0.06638774506392933, 'NDCG*@10': 0.035028828928867974, 'MRR*@10': 0.02556027631674494, 'Recall*@5': 0.04191136165034203, 'NDCG*@5': 0.027175676432393846, 'MRR*@5': 0.022355726787022183}
INFO    [05-04 23:09:15] train in BasicTrainer:
duration: 47.639309883117676s
INFO    [05-04 23:09:15] train in BasicTrainer:
epoch: 12
INFO    [05-04 23:09:33] _train_one_epoch in BasicTrainer:
loss = 4.860803894563155
INFO    [05-04 23:10:04] log in loggers:
Update Best NDCG@10 Model at 12
INFO    [05-04 23:10:04] validate in BasicTrainer:
{'Recall@10': 0.07096078317789804, 'NDCG@10': 0.03730005593526931, 'MRR@10': 0.02716289416310333, 'Recall@5': 0.04400166780466125, 'NDCG@5': 0.028657594695687294, 'MRR@5': 0.02364031695539043, 'Recall*@10': 0.06990567949556169, 'NDCG*@10': 0.037333152389952114, 'MRR*@10': 0.02751298736603487, 'Recall*@5': 0.04441338316315696, 'NDCG*@5': 0.02916909186612992, 'MRR*@5': 0.024189595221763567}
INFO    [05-04 23:10:04] train in BasicTrainer:
duration: 49.66597843170166s
INFO    [05-04 23:10:04] train in BasicTrainer:
epoch: 13
INFO    [05-04 23:10:21] _train_one_epoch in BasicTrainer:
loss = 4.833909520235928
INFO    [05-04 23:10:52] log in loggers:
Update Best NDCG@10 Model at 13
INFO    [05-04 23:10:52] validate in BasicTrainer:
{'Recall@10': 0.07419352801073165, 'NDCG@10': 0.039224066372428625, 'MRR@10': 0.028646080799046018, 'Recall@5': 0.04711815537441345, 'NDCG@5': 0.030502970640858013, 'MRR@5': 0.02506741624148119, 'Recall*@10': 0.07314675904455639, 'NDCG*@10': 0.03915454021521977, 'MRR*@10': 0.028854978758664357, 'Recall*@5': 0.047402428019614445, 'NDCG*@5': 0.030872576648280733, 'MRR*@5': 0.02546198834620771}
INFO    [05-04 23:10:52] train in BasicTrainer:
duration: 47.68201160430908s
INFO    [05-04 23:10:52] train in BasicTrainer:
epoch: 14
INFO    [05-04 23:11:09] _train_one_epoch in BasicTrainer:
loss = 4.8121687325564295
INFO    [05-04 23:11:41] log in loggers:
Update Best NDCG@10 Model at 14
INFO    [05-04 23:11:41] validate in BasicTrainer:
{'Recall@10': 0.07552221275511242, 'NDCG@10': 0.04019739922313463, 'MRR@10': 0.029531610153970263, 'Recall@5': 0.04773018189838955, 'NDCG@5': 0.03126743187506994, 'MRR@5': 0.025879379805354846, 'Recall*@10': 0.07476090568871725, 'NDCG*@10': 0.04035872797526065, 'MRR*@10': 0.029970506915733927, 'Recall*@5': 0.04792094887012527, 'NDCG*@5': 0.031757774718460585, 'MRR*@5': 0.026466150989844686}
INFO    [05-04 23:11:41] train in BasicTrainer:
duration: 48.85621523857117s
INFO    [05-04 23:11:41] train in BasicTrainer:
epoch: 15
INFO    [05-04 23:11:59] _train_one_epoch in BasicTrainer:
loss = 4.792753644423051
INFO    [05-04 23:12:30] log in loggers:
Update Best NDCG@10 Model at 15
INFO    [05-04 23:12:30] validate in BasicTrainer:
{'Recall@10': 0.07780085858844575, 'NDCG@10': 0.04177486045019967, 'MRR@10': 0.03090236335992813, 'Recall@5': 0.04979621441591354, 'NDCG@5': 0.03280454412812278, 'MRR@5': 0.02725022898188659, 'Recall*@10': 0.07789323266063418, 'NDCG*@10': 0.04210454402934937, 'MRR*@10': 0.031300165912225134, 'Recall*@5': 0.05014895488108907, 'NDCG*@5': 0.03322931999961535, 'MRR*@5': 0.02769369738442557}
INFO    [05-04 23:12:30] train in BasicTrainer:
duration: 49.4009313583374s
INFO    [05-04 23:12:30] train in BasicTrainer:
epoch: 16
INFO    [05-04 23:12:48] _train_one_epoch in BasicTrainer:
loss = 4.774491747942838
INFO    [05-04 23:13:18] log in loggers:
Update Best NDCG@10 Model at 16
INFO    [05-04 23:13:19] validate in BasicTrainer:
{'Recall@10': 0.08017743627230327, 'NDCG@10': 0.042676315421149844, 'MRR@10': 0.03135751923989682, 'Recall@5': 0.050707160539570306, 'NDCG@5': 0.03321746009446326, 'MRR@5': 0.027495873825890676, 'Recall*@10': 0.07978691728342147, 'NDCG*@10': 0.04310091584920883, 'MRR*@10': 0.03202936275019532, 'Recall*@5': 0.050975619859638666, 'NDCG*@5': 0.03385540523699352, 'MRR*@5': 0.02825592564685004}
INFO    [05-04 23:13:19] train in BasicTrainer:
duration: 48.367231369018555s
INFO    [05-04 23:13:19] train in BasicTrainer:
epoch: 17
INFO    [05-04 23:13:36] _train_one_epoch in BasicTrainer:
loss = 4.7587952960621225
INFO    [05-04 23:14:08] log in loggers:
Update Best NDCG@10 Model at 17
INFO    [05-04 23:14:08] validate in BasicTrainer:
{'Recall@10': 0.0802696542370887, 'NDCG@10': 0.043185790202447345, 'MRR@10': 0.031983728298828715, 'Recall@5': 0.051047656862508686, 'NDCG@5': 0.033787122794560025, 'MRR@5': 0.02813516158078398, 'Recall*@10': 0.08059449316490264, 'NDCG*@10': 0.043803761225371135, 'MRR*@10': 0.03268588831027349, 'Recall*@5': 0.05168187174768675, 'NDCG*@5': 0.03450968542269298, 'MRR*@5': 0.02888316563552334}
INFO    [05-04 23:14:08] train in BasicTrainer:
duration: 49.60399413108826s
INFO    [05-04 23:14:08] train in BasicTrainer:
epoch: 18
DEBUG   [05-04 23:14:11] calculate_loss in loss:
soft_target max: 0.5006060600280762, argmax 679949
DEBUG   [05-04 23:14:11] calculate_loss in loss:
pred max in softmax: 0.40012282133102417, argmax 15541621
DEBUG   [05-04 23:14:12] calculate_loss in loss:
soft_target max: 0.5006060600280762, argmax 5181653
DEBUG   [05-04 23:14:12] calculate_loss in loss:
pred max in softmax: 0.45534852147102356, argmax 60632790
INFO    [05-04 23:14:25] _train_one_epoch in BasicTrainer:
loss = 4.742713247645985
INFO    [05-04 23:14:56] log in loggers:
Update Best NDCG@10 Model at 18
INFO    [05-04 23:14:56] validate in BasicTrainer:
{'Recall@10': 0.0817344979870887, 'NDCG@10': 0.04425575282602083, 'MRR@10': 0.03292749254476456, 'Recall@5': 0.05254402809909412, 'NDCG@5': 0.034867649631840844, 'MRR@5': 0.029083112875620525, 'Recall*@10': 0.08149429836443492, 'NDCG*@10': 0.04446700304037049, 'MRR*@10': 0.03325288166247663, 'Recall*@5': 0.05329216094244094, 'NDCG*@5': 0.0353941877505609, 'MRR*@5': 0.029536108796795208}
INFO    [05-04 23:14:56] train in BasicTrainer:
duration: 47.51455807685852s
INFO    [05-04 23:14:56] train in BasicTrainer:
epoch: 19
INFO    [05-04 23:15:13] _train_one_epoch in BasicTrainer:
loss = 4.729424511302601
INFO    [05-04 23:15:43] log in loggers:
Update Best NDCG@10 Model at 19
INFO    [05-04 23:15:44] validate in BasicTrainer:
{'Recall@10': 0.08422733346621196, 'NDCG@10': 0.04566566929930732, 'MRR@10': 0.034012847180877416, 'Recall@5': 0.05440828505726088, 'NDCG@5': 0.036115838658242, 'MRR@5': 0.030125357388030915, 'Recall*@10': 0.08477871190933954, 'NDCG*@10': 0.04632803407453355, 'MRR*@10': 0.03469183473359971, 'Recall*@5': 0.05546937439413298, 'NDCG*@5': 0.03694659081243333, 'MRR*@5': 0.03087608702480793}
INFO    [05-04 23:15:44] train in BasicTrainer:
duration: 47.71246075630188s
INFO    [05-04 23:15:44] train in BasicTrainer:
epoch: 20
INFO    [05-04 23:16:01] _train_one_epoch in BasicTrainer:
loss = 4.713853575966575
INFO    [05-04 23:16:33] log in loggers:
Update Best NDCG@10 Model at 20
INFO    [05-04 23:16:33] validate in BasicTrainer:
{'Recall@10': 0.08564567424002148, 'NDCG@10': 0.04634528057206245, 'MRR@10': 0.03448557232817014, 'Recall@5': 0.05450464075519925, 'NDCG@5': 0.03632548894910585, 'MRR@5': 0.030380142320479666, 'Recall*@10': 0.08545751337494169, 'NDCG*@10': 0.0466571208976564, 'MRR*@10': 0.03492808279891809, 'Recall*@5': 0.055339910089969635, 'NDCG*@5': 0.036954499692434355, 'MRR*@5': 0.0309452884608791}
INFO    [05-04 23:16:33] train in BasicTrainer:
duration: 49.69890856742859s
INFO    [05-04 23:16:33] train in BasicTrainer:
epoch: 21
INFO    [05-04 23:16:50] _train_one_epoch in BasicTrainer:
loss = 4.700618795915084
INFO    [05-04 23:17:21] log in loggers:
Update Best NDCG@10 Model at 21
INFO    [05-04 23:17:21] validate in BasicTrainer:
{'Recall@10': 0.08610242782604127, 'NDCG@10': 0.04684965152825628, 'MRR@10': 0.03499227904138111, 'Recall@5': 0.0553881973028183, 'NDCG@5': 0.03695639879221008, 'MRR@5': 0.0309321220432009, 'Recall*@10': 0.08642672782852537, 'NDCG*@10': 0.0474167824501083, 'MRR*@10': 0.03563646688347771, 'Recall*@5': 0.05619783947865168, 'NDCG*@5': 0.03770457829038302, 'MRR*@5': 0.03166499441223485}
INFO    [05-04 23:17:21] train in BasicTrainer:
duration: 47.781853675842285s
INFO    [05-04 23:17:21] train in BasicTrainer:
epoch: 22
INFO    [05-04 23:17:39] _train_one_epoch in BasicTrainer:
loss = 4.688351232355291
INFO    [05-04 23:18:11] log in loggers:
Update Best NDCG@10 Model at 22
INFO    [05-04 23:18:11] validate in BasicTrainer:
{'Recall@10': 0.08853713458492643, 'NDCG@10': 0.04806941109044211, 'MRR@10': 0.035836836944023766, 'Recall@5': 0.05745088025217965, 'NDCG@5': 0.038091505744627545, 'MRR@5': 0.03176194030259337, 'Recall*@10': 0.08877147343896684, 'NDCG*@10': 0.04866734022895495, 'MRR*@10': 0.0365380561422734, 'Recall*@5': 0.0579045723591532, 'NDCG*@5': 0.03874321264170465, 'MRR*@5': 0.03247533162080106}
INFO    [05-04 23:18:11] train in BasicTrainer:
duration: 49.6948983669281s
INFO    [05-04 23:18:11] train in BasicTrainer:
epoch: 23
INFO    [05-04 23:18:28] _train_one_epoch in BasicTrainer:
loss = 4.675555502284657
INFO    [05-04 23:18:58] log in loggers:
Update Best NDCG@10 Model at 23
INFO    [05-04 23:18:58] validate in BasicTrainer:
{'Recall@10': 0.0890794066446168, 'NDCG@10': 0.04843900938119207, 'MRR@10': 0.03613207365075747, 'Recall@5': 0.05800142813296545, 'NDCG@5': 0.03846361222011702, 'MRR@5': 0.032059043823253544, 'Recall*@10': 0.08922557000602994, 'NDCG*@10': 0.0490321618105684, 'MRR*@10': 0.03685155191591808, 'Recall*@5': 0.058662845265297664, 'NDCG*@5': 0.03922161193830626, 'MRR*@5': 0.032845143849651016}
INFO    [05-04 23:18:58] train in BasicTrainer:
duration: 47.690829277038574s
INFO    [05-04 23:18:58] train in BasicTrainer:
epoch: 24
INFO    [05-04 23:19:16] _train_one_epoch in BasicTrainer:
loss = 4.663161555203525
INFO    [05-04 23:19:48] log in loggers:
Update Best NDCG@10 Model at 24
INFO    [05-04 23:19:48] validate in BasicTrainer:
{'Recall@10': 0.08890088257335481, 'NDCG@10': 0.04883331291022755, 'MRR@10': 0.036703442533810936, 'Recall@5': 0.05850468504996527, 'NDCG@5': 0.0390727614008245, 'MRR@5': 0.03271539979392574, 'Recall*@10': 0.08912418676274163, 'NDCG*@10': 0.049408634148892905, 'MRR*@10': 0.037366735438505806, 'Recall*@5': 0.059250677802733014, 'NDCG*@5': 0.03980423359289056, 'MRR*@5': 0.033435974536197524}
INFO    [05-04 23:19:48] train in BasicTrainer:
duration: 49.60480976104736s
INFO    [05-04 23:19:48] train in BasicTrainer:
epoch: 25
INFO    [05-04 23:20:04] _train_one_epoch in BasicTrainer:
loss = 4.6507970376448196
INFO    [05-04 23:20:35] log in loggers:
Update Best NDCG@10 Model at 25
INFO    [05-04 23:20:35] validate in BasicTrainer:
{'Recall@10': 0.09228555006640297, 'NDCG@10': 0.050626538339115325, 'MRR@10': 0.03804946282789821, 'Recall@5': 0.060094062061536876, 'NDCG@5': 0.04032513179949352, 'MRR@5': 0.033860702777192705, 'Recall*@10': 0.09246826491185597, 'NDCG*@10': 0.051205056409041085, 'MRR*@10': 0.03872997065385183, 'Recall*@5': 0.06083506221572558, 'NDCG*@5': 0.04108410222189767, 'MRR*@5': 0.034615728383262954}
INFO    [05-04 23:20:35] train in BasicTrainer:
duration: 47.255093812942505s
INFO    [05-04 23:20:35] train in BasicTrainer:
epoch: 26
INFO    [05-04 23:20:52] _train_one_epoch in BasicTrainer:
loss = 4.639032597975297
INFO    [05-04 23:21:23] validate in BasicTrainer:
{'Recall@10': 0.09261855908802577, 'NDCG@10': 0.0506220885685512, 'MRR@10': 0.03792875064980416, 'Recall@5': 0.06002351943226088, 'NDCG@5': 0.040166567833650677, 'MRR@5': 0.0336633376067593, 'Recall*@10': 0.09249192831062135, 'NDCG*@10': 0.05120214021631649, 'MRR*@10': 0.03870215648341747, 'Recall*@5': 0.0609934636879535, 'NDCG*@5': 0.04111176232496897, 'MRR*@5': 0.034593637234398296}
INFO    [05-04 23:21:23] train in BasicTrainer:
duration: 47.37264943122864s
INFO    [05-04 23:21:23] train in BasicTrainer:
epoch: 27
DEBUG   [05-04 23:21:28] calculate_loss in loss:
soft_target max: 0.5006060600280762, argmax 13932629
DEBUG   [05-04 23:21:28] calculate_loss in loss:
pred max in softmax: 0.4266679286956787, argmax 3286706
DEBUG   [05-04 23:21:28] calculate_loss in loss:
soft_target max: 0.5006060600280762, argmax 24050945
DEBUG   [05-04 23:21:28] calculate_loss in loss:
pred max in softmax: 0.5106110572814941, argmax 46633503
INFO    [05-04 23:21:41] _train_one_epoch in BasicTrainer:
loss = 4.627617927031084
INFO    [05-04 23:22:13] log in loggers:
Update Best NDCG@10 Model at 27
INFO    [05-04 23:22:13] validate in BasicTrainer:
{'Recall@10': 0.09430094205197834, 'NDCG@10': 0.0518306169126715, 'MRR@10': 0.038984528077500205, 'Recall@5': 0.061589645133132025, 'NDCG@5': 0.0413242851694425, 'MRR@5': 0.0346888131683781, 'Recall*@10': 0.09497207403182983, 'NDCG*@10': 0.052748849881546836, 'MRR*@10': 0.03996853211096355, 'Recall*@5': 0.06271640140385855, 'NDCG*@5': 0.042403144850617365, 'MRR*@5': 0.03574684688023159}
INFO    [05-04 23:22:13] train in BasicTrainer:
duration: 50.08933615684509s
INFO    [05-04 23:22:13] train in BasicTrainer:
epoch: 28
INFO    [05-04 23:22:29] _train_one_epoch in BasicTrainer:
loss = 4.617025553096425
INFO    [05-04 23:23:00] log in loggers:
Update Best NDCG@10 Model at 28
INFO    [05-04 23:23:00] validate in BasicTrainer:
{'Recall@10': 0.09492459396521251, 'NDCG@10': 0.05256338311093194, 'MRR@10': 0.03974275752192452, 'Recall@5': 0.062361082150822596, 'NDCG@5': 0.042077689475956415, 'MRR@5': 0.035441265042339055, 'Recall*@10': 0.09504553320861998, 'NDCG*@10': 0.053418772029025216, 'MRR*@10': 0.04080161594209217, 'Recall*@5': 0.06356690983687129, 'NDCG*@5': 0.04327985023458799, 'MRR*@5': 0.036641011191975506}
INFO    [05-04 23:23:00] train in BasicTrainer:
duration: 47.41628575325012s
INFO    [05-04 23:23:00] train in BasicTrainer:
epoch: 29
INFO    [05-04 23:23:18] _train_one_epoch in BasicTrainer:
loss = 4.606188128211281
INFO    [05-04 23:23:49] validate in BasicTrainer:
{'Recall@10': 0.0946912910966646, 'NDCG@10': 0.052154733488957085, 'MRR@10': 0.03926587069318408, 'Recall@5': 0.06265586366256078, 'NDCG@5': 0.04186363997203963, 'MRR@5': 0.03505797054441202, 'Recall*@10': 0.09551512733811424, 'NDCG*@10': 0.05333666875958443, 'MRR*@10': 0.04054885783365795, 'Recall*@5': 0.06386217031450499, 'NDCG*@5': 0.043174797048171364, 'MRR*@5': 0.03639780818706467}
INFO    [05-04 23:23:49] train in BasicTrainer:
duration: 49.23400163650513s
INFO    [05-04 23:23:49] train in BasicTrainer:
epoch: 30
INFO    [05-04 23:24:06] _train_one_epoch in BasicTrainer:
loss = 4.595227766036987
INFO    [05-04 23:24:37] log in loggers:
Update Best NDCG@10 Model at 30
INFO    [05-04 23:24:37] validate in BasicTrainer:
{'Recall@10': 0.09529661777473632, 'NDCG@10': 0.052638529134648185, 'MRR@10': 0.039694148160162424, 'Recall@5': 0.06377193509113221, 'NDCG@5': 0.04252369258375395, 'MRR@5': 0.03556606120296887, 'Recall*@10': 0.09601154533170518, 'NDCG*@10': 0.05365787073969841, 'MRR*@10': 0.040791589057161695, 'Recall*@5': 0.06486470571586064, 'NDCG*@5': 0.04364208894826117, 'MRR*@5': 0.03669104033282825}
INFO    [05-04 23:24:37] train in BasicTrainer:
duration: 47.90118169784546s
INFO    [05-04 23:24:37] train in BasicTrainer:
epoch: 31
INFO    [05-04 23:24:54] _train_one_epoch in BasicTrainer:
loss = 4.586032472957264
INFO    [05-04 23:25:26] log in loggers:
Update Best NDCG@10 Model at 31
INFO    [05-04 23:25:26] validate in BasicTrainer:
{'Recall@10': 0.09723062955197834, 'NDCG@10': 0.053748084675698055, 'MRR@10': 0.04058157191390083, 'Recall@5': 0.06444287867773146, 'NDCG@5': 0.0432350765026751, 'MRR@5': 0.036295833332198005, 'Recall*@10': 0.09784169353189923, 'NDCG*@10': 0.054537614718789144, 'MRR*@10': 0.041413847889219015, 'Recall*@5': 0.06516467513782638, 'NDCG*@5': 0.044038192324695136, 'MRR*@5': 0.03712075549576964}
INFO    [05-04 23:25:26] train in BasicTrainer:
duration: 48.92404270172119s
INFO    [05-04 23:25:26] train in BasicTrainer:
epoch: 32
INFO    [05-04 23:25:43] _train_one_epoch in BasicTrainer:
loss = 4.576547453620217
INFO    [05-04 23:26:14] log in loggers:
Update Best NDCG@10 Model at 32
INFO    [05-04 23:26:14] validate in BasicTrainer:
{'Recall@10': 0.09726885670707339, 'NDCG@10': 0.05428454634689149, 'MRR@10': 0.041248014995029995, 'Recall@5': 0.06576900148675555, 'NDCG@5': 0.04418736270495823, 'MRR@5': 0.0371329261078721, 'Recall*@10': 0.09884635678359441, 'NDCG*@10': 0.05579592500414167, 'MRR*@10': 0.042733032788549154, 'Recall*@5': 0.06732013821601868, 'NDCG*@5': 0.045697798331578575, 'MRR*@5': 0.03862174493925912}
INFO    [05-04 23:26:14] train in BasicTrainer:
duration: 47.788304805755615s
INFO    [05-04 23:26:14] train in BasicTrainer:
epoch: 33
INFO    [05-04 23:26:31] _train_one_epoch in BasicTrainer:
loss = 4.567604064941406
INFO    [05-04 23:27:01] log in loggers:
Update Best NDCG@10 Model at 33
INFO    [05-04 23:27:02] validate in BasicTrainer:
{'Recall@10': 0.09862906876064483, 'NDCG@10': 0.05487983123887153, 'MRR@10': 0.04161679549586205, 'Recall@5': 0.06564033031463623, 'NDCG@5': 0.04427846751752354, 'MRR@5': 0.03728019197781881, 'Recall*@10': 0.10041564028887522, 'NDCG*@10': 0.05631831004506066, 'MRR*@10': 0.04293669884403547, 'Recall*@5': 0.0673531714294638, 'NDCG*@5': 0.045669728269179664, 'MRR*@5': 0.038566921261094865}
INFO    [05-04 23:27:02] train in BasicTrainer:
duration: 47.544780254364014s
INFO    [05-04 23:27:02] train in BasicTrainer:
epoch: 34
INFO    [05-04 23:27:19] _train_one_epoch in BasicTrainer:
loss = 4.558801429921931
INFO    [05-04 23:27:51] log in loggers:
Update Best NDCG@10 Model at 34
INFO    [05-04 23:27:51] validate in BasicTrainer:
{'Recall@10': 0.09848207164378393, 'NDCG@10': 0.05544258671857062, 'MRR@10': 0.04239648243501073, 'Recall@5': 0.06601984195765995, 'NDCG@5': 0.045004881563640776, 'MRR@5': 0.03812305487337567, 'Recall*@10': 0.0998571915995507, 'NDCG*@10': 0.05665030117545809, 'MRR*@10': 0.04353736536133857, 'Recall*@5': 0.0675201497617222, 'NDCG*@5': 0.04626386985182762, 'MRR*@5': 0.03929149465901511}
INFO    [05-04 23:27:51] train in BasicTrainer:
duration: 49.82264232635498s
INFO    [05-04 23:27:51] train in BasicTrainer:
epoch: 35
INFO    [05-04 23:28:08] _train_one_epoch in BasicTrainer:
loss = 4.550338892503218
INFO    [05-04 23:28:40] log in loggers:
Update Best NDCG@10 Model at 35
INFO    [05-04 23:28:40] validate in BasicTrainer:
{'Recall@10': 0.09877606516792661, 'NDCG@10': 0.05548712788593201, 'MRR@10': 0.0423586531763985, 'Recall@5': 0.06600407794827506, 'NDCG@5': 0.0449668885696502, 'MRR@5': 0.0380620328443391, 'Recall*@10': 0.09964651295116969, 'NDCG*@10': 0.056576027224461235, 'MRR*@10': 0.0434941268038182, 'Recall*@5': 0.06743429920503072, 'NDCG*@5': 0.04622265696525574, 'MRR*@5': 0.039258036230291636}
INFO    [05-04 23:28:40] train in BasicTrainer:
duration: 48.64304208755493s
INFO    [05-04 23:28:40] train in BasicTrainer:
epoch: 36
DEBUG   [05-04 23:28:47] calculate_loss in loss:
soft_target max: 0.5006060600280762, argmax 13112225
DEBUG   [05-04 23:28:47] calculate_loss in loss:
pred max in softmax: 0.3824947476387024, argmax 25109270
DEBUG   [05-04 23:28:47] calculate_loss in loss:
soft_target max: 0.5006060600280762, argmax 15194789
DEBUG   [05-04 23:28:47] calculate_loss in loss:
pred max in softmax: 0.8530052304267883, argmax 63693723
INFO    [05-04 23:28:58] _train_one_epoch in BasicTrainer:
loss = 4.542171083797108
INFO    [05-04 23:29:29] log in loggers:
Update Best NDCG@10 Model at 36
INFO    [05-04 23:29:29] validate in BasicTrainer:
{'Recall@10': 0.10019854420707339, 'NDCG@10': 0.05654450736585118, 'MRR@10': 0.04331449986923309, 'Recall@5': 0.06727877188296545, 'NDCG@5': 0.04600586582507406, 'MRR@5': 0.039027258398987, 'Recall*@10': 0.10162502669152759, 'NDCG*@10': 0.05783831239456222, 'MRR*@10': 0.04455821340282758, 'Recall*@5': 0.06878360431818735, 'NDCG*@5': 0.04732035224636396, 'MRR*@5': 0.04027647170282546}
INFO    [05-04 23:29:29] train in BasicTrainer:
duration: 49.44216966629028s
INFO    [05-04 23:29:29] train in BasicTrainer:
epoch: 37
INFO    [05-04 23:29:46] _train_one_epoch in BasicTrainer:
loss = 4.5337850440632215
INFO    [05-04 23:30:17] log in loggers:
Update Best NDCG@10 Model at 37
INFO    [05-04 23:30:17] validate in BasicTrainer:
{'Recall@10': 0.10077983140945435, 'NDCG@10': 0.05688527049053283, 'MRR@10': 0.04358542604105813, 'Recall@5': 0.06765493360303697, 'NDCG@5': 0.04625655462344488, 'MRR@5': 0.03924819099761191, 'Recall*@10': 0.10177214195330937, 'NDCG*@10': 0.0582070206957204, 'MRR*@10': 0.04499049555687677, 'Recall*@5': 0.06927960011221114, 'NDCG*@5': 0.04777518730788004, 'MRR*@5': 0.04072976378457887}
INFO    [05-04 23:30:17] train in BasicTrainer:
duration: 47.68700671195984s
INFO    [05-04 23:30:17] train in BasicTrainer:
epoch: 38
INFO    [05-04 23:30:34] _train_one_epoch in BasicTrainer:
loss = 4.5265476746992634
INFO    [05-04 23:31:06] log in loggers:
Update Best NDCG@10 Model at 38
INFO    [05-04 23:31:06] validate in BasicTrainer:
{'Recall@10': 0.10087204901945024, 'NDCG@10': 0.05737527495338803, 'MRR@10': 0.04416747231568609, 'Recall@5': 0.06838735547803697, 'NDCG@5': 0.04693624732040223, 'MRR@5': 0.0398968541551204, 'Recall*@10': 0.10162353089877538, 'NDCG*@10': 0.058585502207279205, 'MRR*@10': 0.04548901727511769, 'Recall*@5': 0.07020905755815052, 'NDCG*@5': 0.048473017378931955, 'MRR*@5': 0.04134152474857512}
INFO    [05-04 23:31:06] train in BasicTrainer:
duration: 48.709861278533936s
INFO    [05-04 23:31:06] train in BasicTrainer:
epoch: 39
INFO    [05-04 23:31:23] _train_one_epoch in BasicTrainer:
loss = 4.51915207342668
INFO    [05-04 23:31:53] log in loggers:
Update Best NDCG@10 Model at 39
INFO    [05-04 23:31:54] validate in BasicTrainer:
{'Recall@10': 0.10176466973054976, 'NDCG@10': 0.05743783251160667, 'MRR@10': 0.043998724825325464, 'Recall@5': 0.0685509042370887, 'NDCG@5': 0.04677900601001013, 'MRR@5': 0.039647121514592855, 'Recall*@10': 0.10226557652155559, 'NDCG*@10': 0.058480843901634216, 'MRR*@10': 0.04517509876972153, 'Recall*@5': 0.0702238121912593, 'NDCG*@5': 0.048187430238439924, 'MRR*@5': 0.04096745344854537}
INFO    [05-04 23:31:54] train in BasicTrainer:
duration: 47.71223759651184s
INFO    [05-04 23:31:54] train in BasicTrainer:
epoch: 40
INFO    [05-04 23:32:11] _train_one_epoch in BasicTrainer:
loss = 4.5126832225105975
INFO    [05-04 23:32:42] log in loggers:
Update Best NDCG@10 Model at 40
INFO    [05-04 23:32:42] validate in BasicTrainer:
{'Recall@10': 0.10242733714126405, 'NDCG@10': 0.058069068051519845, 'MRR@10': 0.044610733609823955, 'Recall@5': 0.06974008005289804, 'NDCG@5': 0.04761827169429688, 'MRR@5': 0.04036709311462584, 'Recall*@10': 0.10322251880452746, 'NDCG*@10': 0.05918363251146816, 'MRR*@10': 0.045796245868716924, 'Recall*@5': 0.07127132053886141, 'NDCG*@5': 0.04894845382798286, 'MRR*@5': 0.04162863801632609}
INFO    [05-04 23:32:42] train in BasicTrainer:
duration: 48.360060930252075s
INFO    [05-04 23:32:42] train in BasicTrainer:
epoch: 41
INFO    [05-04 23:32:59] _train_one_epoch in BasicTrainer:
loss = 4.505435358394276
INFO    [05-04 23:33:31] validate in BasicTrainer:
{'Recall@10': 0.10210851579904556, 'NDCG@10': 0.05790505451815469, 'MRR@10': 0.04449189241443362, 'Recall@5': 0.0692592862816084, 'NDCG@5': 0.047378949288811, 'MRR@5': 0.04020344501449948, 'Recall*@10': 0.10310337905372892, 'NDCG*@10': 0.05917460772962797, 'MRR*@10': 0.04582899081565085, 'Recall*@5': 0.07075324015957969, 'NDCG*@5': 0.04880026781133243, 'MRR*@5': 0.04159724730111304}
INFO    [05-04 23:33:31] train in BasicTrainer:
duration: 49.248733043670654s
INFO    [05-04 23:33:31] train in BasicTrainer:
epoch: 42
INFO    [05-04 23:33:48] _train_one_epoch in BasicTrainer:
loss = 4.499115800857544
INFO    [05-04 23:34:19] log in loggers:
Update Best NDCG@10 Model at 42
INFO    [05-04 23:34:19] validate in BasicTrainer:
{'Recall@10': 0.10307424054259345, 'NDCG@10': 0.05878168876682009, 'MRR@10': 0.04532565974763462, 'Recall@5': 0.07007643828789394, 'NDCG@5': 0.04819221546252569, 'MRR@5': 0.041002328729345686, 'Recall*@10': 0.10401682591154462, 'NDCG*@10': 0.06005119213036129, 'MRR*@10': 0.04666480510717347, 'Recall*@5': 0.07190497396957307, 'NDCG*@5': 0.049736376851797104, 'MRR*@5': 0.042448433204775766}
INFO    [05-04 23:34:19] train in BasicTrainer:
duration: 47.992908000946045s
INFO    [05-04 23:34:19] train in BasicTrainer:
epoch: 43
INFO    [05-04 23:34:37] _train_one_epoch in BasicTrainer:
loss = 4.492319644581188
INFO    [05-04 23:35:09] validate in BasicTrainer:
{'Recall@10': 0.10243324864478338, 'NDCG@10': 0.0587428208617937, 'MRR@10': 0.045434627859365376, 'Recall@5': 0.07095329534439813, 'NDCG@5': 0.048625911630335306, 'MRR@5': 0.041295793084871205, 'Recall*@10': 0.10368706782658894, 'NDCG*@10': 0.060180170372838064, 'MRR*@10': 0.04690113255665416, 'Recall*@5': 0.07304790154809043, 'NDCG*@5': 0.05032931392391523, 'MRR*@5': 0.04286877615820794}
INFO    [05-04 23:35:09] train in BasicTrainer:
duration: 49.384668588638306s
INFO    [05-04 23:35:09] train in BasicTrainer:
epoch: 44
INFO    [05-04 23:35:25] _train_one_epoch in BasicTrainer:
loss = 4.4867067423733795
INFO    [05-04 23:35:56] log in loggers:
Update Best NDCG@10 Model at 44
INFO    [05-04 23:35:56] validate in BasicTrainer:
{'Recall@10': 0.10422183998993464, 'NDCG@10': 0.05946885812140647, 'MRR@10': 0.0458771132287525, 'Recall@5': 0.07069339106480281, 'NDCG@5': 0.048663560301065445, 'MRR@5': 0.04143953181448437, 'Recall*@10': 0.1054832051907267, 'NDCG*@10': 0.06102997933824857, 'MRR*@10': 0.047509465366601944, 'Recall*@5': 0.07251750500429244, 'NDCG*@5': 0.05039466367590995, 'MRR*@5': 0.04313561479960169}
INFO    [05-04 23:35:56] train in BasicTrainer:
duration: 47.51776385307312s
INFO    [05-04 23:35:56] train in BasicTrainer:
epoch: 45
DEBUG   [05-04 23:36:04] calculate_loss in loss:
soft_target max: 0.5006060600280762, argmax 2383865
DEBUG   [05-04 23:36:04] calculate_loss in loss:
pred max in softmax: 0.48554307222366333, argmax 22064990
DEBUG   [05-04 23:36:04] calculate_loss in loss:
soft_target max: 0.5006060600280762, argmax 4929221
DEBUG   [05-04 23:36:04] calculate_loss in loss:
pred max in softmax: 0.8467118740081787, argmax 30749959
INFO    [05-04 23:36:13] _train_one_epoch in BasicTrainer:
loss = 4.48094668821855
INFO    [05-04 23:36:44] log in loggers:
Update Best NDCG@10 Model at 45
INFO    [05-04 23:36:44] validate in BasicTrainer:
{'Recall@10': 0.10401178825469244, 'NDCG@10': 0.05988921757255282, 'MRR@10': 0.046492883314689, 'Recall@5': 0.0711741844813029, 'NDCG@5': 0.049342544128497444, 'MRR@5': 0.04218288386861483, 'Recall*@10': 0.10477959754921141, 'NDCG*@10': 0.06104230756560961, 'MRR*@10': 0.047734230579364864, 'Recall*@5': 0.07279016112997419, 'NDCG*@5': 0.050757386145137605, 'MRR*@5': 0.043525226768993196}
INFO    [05-04 23:36:44] train in BasicTrainer:
duration: 47.79507255554199s
INFO    [05-04 23:36:44] train in BasicTrainer:
epoch: 46
INFO    [05-04 23:37:02] _train_one_epoch in BasicTrainer:
loss = 4.475350965153087
INFO    [05-04 23:37:34] log in loggers:
Update Best NDCG@10 Model at 46
INFO    [05-04 23:37:34] validate in BasicTrainer:
{'Recall@10': 0.10444194078445435, 'NDCG@10': 0.05996688561780112, 'MRR@10': 0.04645714891098794, 'Recall@5': 0.0707930965082986, 'NDCG@5': 0.04911879698435465, 'MRR@5': 0.04199944950994991, 'Recall*@10': 0.10580026322887057, 'NDCG*@10': 0.06125643689717565, 'MRR*@10': 0.04770672268101147, 'Recall*@5': 0.07236232626296225, 'NDCG*@5': 0.050472378908168705, 'MRR*@5': 0.04327352451426642}
INFO    [05-04 23:37:34] train in BasicTrainer:
duration: 49.91265082359314s
INFO    [05-04 23:37:34] train in BasicTrainer:
epoch: 47
INFO    [05-04 23:37:51] _train_one_epoch in BasicTrainer:
loss = 4.469562248750166
INFO    [05-04 23:38:22] log in loggers:
Update Best NDCG@10 Model at 47
INFO    [05-04 23:38:22] validate in BasicTrainer:
{'Recall@10': 0.10523997885840279, 'NDCG@10': 0.06041328307418596, 'MRR@10': 0.04678429432568096, 'Recall@5': 0.07213084506137031, 'NDCG@5': 0.04977997339197567, 'MRR@5': 0.042438650060267674, 'Recall*@10': 0.10637505565370832, 'NDCG*@10': 0.06163965786496798, 'MRR*@10': 0.048018909990787506, 'Recall*@5': 0.07382913040263313, 'NDCG*@5': 0.05117402793396087, 'MRR*@5': 0.04373434842342422}
INFO    [05-04 23:38:22] train in BasicTrainer:
duration: 47.97811460494995s
INFO    [05-04 23:38:22] train in BasicTrainer:
epoch: 48
INFO    [05-04 23:38:39] _train_one_epoch in BasicTrainer:
loss = 4.464066145636819
INFO    [05-04 23:39:11] log in loggers:
Update Best NDCG@10 Model at 48
INFO    [05-04 23:39:11] validate in BasicTrainer:
{'Recall@10': 0.10646560859112512, 'NDCG@10': 0.06091919594577381, 'MRR@10': 0.04710932182414191, 'Recall@5': 0.07247212990408852, 'NDCG@5': 0.050040814670778457, 'MRR@5': 0.042686711109819864, 'Recall*@10': 0.10826970033702396, 'NDCG*@10': 0.06252455995196388, 'MRR*@10': 0.04863835480951127, 'Recall*@5': 0.07444490421385992, 'NDCG*@5': 0.05169905509267535, 'MRR*@5': 0.044236275411787485}
INFO    [05-04 23:39:11] train in BasicTrainer:
duration: 49.2029550075531s
INFO    [05-04 23:39:11] train in BasicTrainer:
epoch: 49
INFO    [05-04 23:39:27] _train_one_epoch in BasicTrainer:
loss = 4.45951661196622
INFO    [05-04 23:39:58] log in loggers:
Update Best NDCG@10 Model at 49
INFO    [05-04 23:39:58] validate in BasicTrainer:
{'Recall@10': 0.10617082672459739, 'NDCG@10': 0.06098616087720508, 'MRR@10': 0.047259856370233354, 'Recall@5': 0.073119821647803, 'NDCG@5': 0.05040803125926426, 'MRR@5': 0.04295860603451729, 'Recall*@10': 0.1072812353571256, 'NDCG*@10': 0.06248915213204566, 'MRR*@10': 0.04885684468206905, 'Recall*@5': 0.07511134055398759, 'NDCG*@5': 0.05217822995923814, 'MRR*@5': 0.044655728730417434}
INFO    [05-04 23:39:58] train in BasicTrainer:
duration: 47.48561644554138s
INFO    [05-04 23:39:58] train in BasicTrainer:
epoch: 50
INFO    [05-04 23:40:15] _train_one_epoch in BasicTrainer:
loss = 4.454233997518366
INFO    [05-04 23:40:46] validate in BasicTrainer:
{'Recall@10': 0.10545673008475985, 'NDCG@10': 0.06078526821164858, 'MRR@10': 0.04719281622341701, 'Recall@5': 0.07267646704401289, 'NDCG@5': 0.05021881720139867, 'MRR@5': 0.0428524510491462, 'Recall*@10': 0.1070492650781359, 'NDCG*@10': 0.06239822116636094, 'MRR*@10': 0.048806119355417434, 'Recall*@5': 0.07420196685762633, 'NDCG*@5': 0.05181231651277769, 'MRR*@5': 0.04445894789837655}
INFO    [05-04 23:40:46] train in BasicTrainer:
duration: 47.34481716156006s
INFO    [05-04 23:40:46] train in BasicTrainer:
epoch: 51
INFO    [05-04 23:41:03] _train_one_epoch in BasicTrainer:
loss = 4.450189174305309
INFO    [05-04 23:41:36] log in loggers:
Update Best NDCG@10 Model at 51
INFO    [05-04 23:41:36] validate in BasicTrainer:
{'Recall@10': 0.10769044927188329, 'NDCG@10': 0.06182796117805299, 'MRR@10': 0.04791457720455669, 'Recall@5': 0.07252198244844164, 'NDCG@5': 0.05051648758706592, 'MRR@5': 0.043281812220811844, 'Recall*@10': 0.10878469936904453, 'NDCG*@10': 0.06330499851277896, 'MRR*@10': 0.04948722571134567, 'Recall*@5': 0.07394349965311232, 'NDCG*@5': 0.05208628766593479, 'MRR*@5': 0.04488490770260493}
INFO    [05-04 23:41:36] train in BasicTrainer:
duration: 50.636961936950684s
INFO    [05-04 23:41:36] train in BasicTrainer:
epoch: 52
INFO    [05-04 23:41:53] _train_one_epoch in BasicTrainer:
loss = 4.445458858663385
INFO    [05-04 23:42:24] validate in BasicTrainer:
{'Recall@10': 0.10658935351031167, 'NDCG@10': 0.061457891726777666, 'MRR@10': 0.0477413283217521, 'Recall@5': 0.07356908775511242, 'NDCG@5': 0.050848496989125296, 'MRR@5': 0.043403648726996924, 'Recall*@10': 0.10801366964975993, 'NDCG*@10': 0.06304766095819928, 'MRR*@10': 0.049367847541968025, 'Recall*@5': 0.07512794115713664, 'NDCG*@5': 0.052466164564802534, 'MRR*@5': 0.04503259878782999}
INFO    [05-04 23:42:24] train in BasicTrainer:
duration: 47.77518081665039s
INFO    [05-04 23:42:24] train in BasicTrainer:
epoch: 53
INFO    [05-04 23:42:42] _train_one_epoch in BasicTrainer:
loss = 4.441298151016236
INFO    [05-04 23:43:13] validate in BasicTrainer:
{'Recall@10': 0.10661930448952175, 'NDCG@10': 0.06160912999794597, 'MRR@10': 0.04794042575217429, 'Recall@5': 0.07359568881137031, 'NDCG@5': 0.05102118299830528, 'MRR@5': 0.043623559531711396, 'Recall*@10': 0.10810678523211252, 'NDCG*@10': 0.06324008320059095, 'MRR*@10': 0.04959728852623985, 'Recall*@5': 0.07527467431057067, 'NDCG*@5': 0.05271516545187859, 'MRR*@5': 0.04530698327081544}
INFO    [05-04 23:43:13] train in BasicTrainer:
duration: 49.242879152297974s
INFO    [05-04 23:43:13] train in BasicTrainer:
epoch: 54
DEBUG   [05-04 23:43:23] calculate_loss in loss:
soft_target max: 0.5006060600280762, argmax 1815893
DEBUG   [05-04 23:43:23] calculate_loss in loss:
pred max in softmax: 0.5161193013191223, argmax 11358719
DEBUG   [05-04 23:43:23] calculate_loss in loss:
soft_target max: 0.5006060600280762, argmax 2446973
DEBUG   [05-04 23:43:23] calculate_loss in loss:
pred max in softmax: 0.49099889397621155, argmax 40755407
INFO    [05-04 23:43:31] _train_one_epoch in BasicTrainer:
loss = 4.437126051295888
INFO    [05-04 23:44:01] validate in BasicTrainer:
{'Recall@10': 0.10649142130499795, 'NDCG@10': 0.06175013667061215, 'MRR@10': 0.04812532893958546, 'Recall@5': 0.07444101855868385, 'NDCG@5': 0.05145396168033282, 'MRR@5': 0.043915986482586176, 'Recall*@10': 0.10781402637561162, 'NDCG*@10': 0.06320610748870033, 'MRR*@10': 0.04961654171347618, 'Recall*@5': 0.07614323283944811, 'NDCG*@5': 0.05303536444192841, 'MRR*@5': 0.04546053494725909}
INFO    [05-04 23:44:01] train in BasicTrainer:
duration: 47.90718173980713s
INFO    [05-04 23:44:01] train in BasicTrainer:
epoch: 55
INFO    [05-04 23:44:19] _train_one_epoch in BasicTrainer:
loss = 4.4321466792713515
INFO    [05-04 23:44:51] log in loggers:
Update Best NDCG@10 Model at 55
INFO    [05-04 23:44:51] validate in BasicTrainer:
{'Recall@10': 0.10770956320422036, 'NDCG@10': 0.062120936278785975, 'MRR@10': 0.04827130621387845, 'Recall@5': 0.07388633241256078, 'NDCG@5': 0.0512586191651367, 'MRR@5': 0.04383160067456109, 'Recall*@10': 0.10892169461363838, 'NDCG*@10': 0.06364780895057179, 'MRR*@10': 0.049870475417091734, 'Recall*@5': 0.07538476408947081, 'NDCG*@5': 0.052847087205875484, 'MRR*@5': 0.04543791285582951}
INFO    [05-04 23:44:51] train in BasicTrainer:
duration: 49.436896085739136s
INFO    [05-04 23:44:51] train in BasicTrainer:
epoch: 56
INFO    [05-04 23:45:08] _train_one_epoch in BasicTrainer:
loss = 4.429847686940973
INFO    [05-04 23:45:39] validate in BasicTrainer:
{'Recall@10': 0.10760828072116488, 'NDCG@10': 0.06206507555076054, 'MRR@10': 0.04823028047879537, 'Recall@5': 0.07349440703789394, 'NDCG@5': 0.051062341779470444, 'MRR@5': 0.04370617423029173, 'Recall*@10': 0.10912490139404933, 'NDCG*@10': 0.06374452617906388, 'MRR*@10': 0.049952873161860874, 'Recall*@5': 0.075170089446363, 'NDCG*@5': 0.05279283580325898, 'MRR*@5': 0.04544941965667974}
INFO    [05-04 23:45:39] train in BasicTrainer:
duration: 47.71309494972229s
INFO    [05-04 23:45:39] train in BasicTrainer:
epoch: 57
INFO    [05-04 23:45:55] _train_one_epoch in BasicTrainer:
loss = 4.4246336069974035
INFO    [05-04 23:46:26] validate in BasicTrainer:
{'Recall@10': 0.10688669660261699, 'NDCG@10': 0.06211440992497262, 'MRR@10': 0.04850099767957415, 'Recall@5': 0.07362229022241774, 'NDCG@5': 0.05139951106338274, 'MRR@5': 0.044103550769033883, 'Recall*@10': 0.1089782395533153, 'NDCG*@10': 0.0638870768958614, 'MRR*@10': 0.05017755943394843, 'Recall*@5': 0.07524760315815608, 'NDCG*@5': 0.05303057034810384, 'MRR*@5': 0.04572678100140322}
INFO    [05-04 23:46:26] train in BasicTrainer:
duration: 47.77890706062317s
INFO    [05-04 23:46:26] train in BasicTrainer:
epoch: 58
INFO    [05-04 23:46:44] _train_one_epoch in BasicTrainer:
loss = 4.421579534357244
INFO    [05-04 23:47:16] validate in BasicTrainer:
{'Recall@10': 0.10716985237030756, 'NDCG@10': 0.062081690168096906, 'MRR@10': 0.04836346581578255, 'Recall@5': 0.0746303800316084, 'NDCG@5': 0.05163298919796944, 'MRR@5': 0.044094257056713104, 'Recall*@10': 0.108513776745115, 'NDCG*@10': 0.06378960112730662, 'MRR*@10': 0.050179533483017055, 'Recall*@5': 0.07606846874668485, 'NDCG*@5': 0.05336399269955499, 'MRR*@5': 0.045915339496873674}
INFO    [05-04 23:47:16] train in BasicTrainer:
duration: 49.98267579078674s
INFO    [05-04 23:47:16] train in BasicTrainer:
epoch: 59
INFO    [05-04 23:47:33] _train_one_epoch in BasicTrainer:
loss = 4.418236090920188
INFO    [05-04 23:48:04] log in loggers:
Update Best NDCG@10 Model at 59
INFO    [05-04 23:48:04] validate in BasicTrainer:
{'Recall@10': 0.10841459532578786, 'NDCG@10': 0.06322476746780532, 'MRR@10': 0.0494822756875129, 'Recall@5': 0.075204179755279, 'NDCG@5': 0.05255656210439546, 'MRR@5': 0.04512122752411025, 'Recall*@10': 0.10977721072378613, 'NDCG*@10': 0.06479834570061593, 'MRR*@10': 0.05111142655923253, 'Recall*@5': 0.07691625115417298, 'NDCG*@5': 0.05424087707485471, 'MRR*@5': 0.04679434019185248}
INFO    [05-04 23:48:04] train in BasicTrainer:
duration: 47.843629360198975s
INFO    [05-04 23:48:04] close_training in BasicTrainer:
finished training
DEBUG   [05-04 23:48:04] debug_summary in loss:
loss nan summary: nan 0 times, not nan 6601 times, ratio nan / (nan + not_nan) = 0.0
INFO    [05-04 23:48:04] run_routine in Routine:
Finished training, Start final validation
INFO    [05-04 23:48:04] final_validate in BasicTrainer:
validate model on val set!
INFO    [05-04 23:48:04] load_state_from_given_path in utils:
checkpoint epoch: 59
INFO    [05-04 23:48:04] load_state_from_given_path in utils:
Loading model's parameters
INFO    [05-04 23:48:36] validate in BasicTrainer:
{'Recall@10': 0.10841459532578786, 'NDCG@10': 0.06322476746780532, 'MRR@10': 0.0494822756875129, 'Recall@5': 0.075204179755279, 'NDCG@5': 0.05255656210439546, 'MRR@5': 0.04512122752411025, 'Recall*@10': 0.10977721072378613, 'NDCG*@10': 0.06479834570061593, 'MRR*@10': 0.05111142655923253, 'Recall*@5': 0.07691625115417298, 'NDCG*@5': 0.05424087707485471, 'MRR*@5': 0.04679434019185248}
INFO    [05-04 23:48:36] run_routine in Routine:
Finished final validating. Result: {'Recall@10': 0.10841459532578786, 'NDCG@10': 0.06322476746780532, 'MRR@10': 0.0494822756875129, 'Recall@5': 0.075204179755279, 'NDCG@5': 0.05255656210439546, 'MRR@5': 0.04512122752411025, 'Recall*@10': 0.10977721072378613, 'NDCG*@10': 0.06479834570061593, 'MRR*@10': 0.05111142655923253, 'Recall*@5': 0.07691625115417298, 'NDCG*@5': 0.05424087707485471, 'MRR*@5': 0.04679434019185248}
INFO    [05-04 23:48:36] _evaluate in DistillSched:
Start testing student model on test set
INFO    [05-04 23:48:36] test in BasicTrainer:
Test model on test set!
INFO    [05-04 23:48:36] test_with_given_state_path in BasicTrainer:
Loading model params from ___movies_soft_2022/pop_narm-T-3.0-al-0.75_05-04_22:58_t6/student_narm_logs/checkpoint/best_acc_model.pth.
INFO    [05-04 23:48:36] load_state_from_given_path in utils:
checkpoint epoch: 59
INFO    [05-04 23:48:36] load_state_from_given_path in utils:
Loading model's parameters
INFO    [05-04 23:48:36] test_with_given_state_path in BasicTrainer:
Finished loading. Start testing.
INFO    [05-04 23:49:07] test_with_given_state_path in BasicTrainer:
{'Recall@10': 0.095580759147803, 'NDCG@10': 0.05499562780771937, 'MRR@10': 0.042664933240129835, 'Recall@5': 0.06515461064520336, 'NDCG@5': 0.045187504163810184, 'MRR@5': 0.038635585811876115, 'Recall*@10': 0.09848850610710326, 'NDCG*@10': 0.05734152630681083, 'MRR*@10': 0.04483063022295634, 'Recall*@5': 0.06812574022582599, 'NDCG*@5': 0.04755931720137596, 'MRR*@5': 0.04081485260810171}
INFO    [05-04 23:49:07] _evaluate in DistillSched:
!!Final Result!!: {'Recall@10': 0.095580759147803, 'NDCG@10': 0.05499562780771937, 'MRR@10': 0.042664933240129835, 'Recall@5': 0.06515461064520336, 'NDCG@5': 0.045187504163810184, 'MRR@5': 0.038635585811876115, 'Recall*@10': 0.09848850610710326, 'NDCG*@10': 0.05734152630681083, 'MRR*@10': 0.04483063022295634, 'Recall*@5': 0.06812574022582599, 'NDCG*@5': 0.04755931720137596, 'MRR*@5': 0.04081485260810171}
