INFO    [03-06 22:31:08] setup_train in utils:
{
    "experiment_dir": "___yelp_base_2022",
    "experiment_description": "base",
    "dataset_name": "yelp.csv",
    "sched": "basic",
    "model_code": "nextitnet",
    "num_epochs": 60,
    "mode": [
        "train",
        "test"
    ],
    "max_len": 10,
    "test_state_path": null,
    "model_state_path": null,
    "rand_seed": 2022,
    "load_processed_dataset": true,
    "save_processed_dataset": false,
    "dataset_cache_filename": null,
    "weight_decay": 0,
    "decay_step": 15,
    "gamma": 0.99,
    "lr": 0.001,
    "min_length": 5,
    "min_item_inter": 5,
    "good_only": false,
    "use_rating": true,
    "test_negative_sampler_code": "random",
    "test_negative_sample_size": 0,
    "dataloader_type": "next",
    "train_batch_size": 64,
    "val_batch_size": 64,
    "test_batch_size": 64,
    "prop_sliding_window": -1.0,
    "worker_number": 2,
    "metric_ks": [
        5,
        10
    ],
    "device": "cuda",
    "num_gpu": 1,
    "optimizer": "Adam",
    "best_metric": "NDCG@10",
    "show_process_bar": false,
    "enable_sample": false,
    "samples_ratio": 0.1,
    "config_file": "config2.yelp/nextitnet/config.json",
    "task_id": -1,
    "describe": null,
    "split": "leave_one_out",
    "do_remap": true,
    "do_sampling": false,
    "path_for_sample": null,
    "sample_rate": 0.5,
    "sample_seed": 0,
    "train_negative_sampler_code": "random",
    "train_negative_sample_size": 100,
    "device_idx": "0",
    "momentum": null,
    "log_period_as_iter": 12800,
    "mentor_code": "bert",
    "training_routine": null,
    "T": 1,
    "alpha": 0.1,
    "dvae_alpha": 0.5,
    "softmaxed_mentor": false,
    "weight_list": [
        0.5,
        0.5
    ],
    "validation_rate": 0.2,
    "num_items": null,
    "start_index": 1,
    "kwargs": null
}
DEBUG   [03-06 22:31:08] __init__ in BasicSched:
BasicScheduler attribs: tag=nextitnet
INFO    [03-06 22:31:08] _load_full_dataset_from_path in utils:
loading cache from /data/wushiguang-slurm/code/gitee-repos/soft-rec/Data/Cache/yelp-5-5.pkl
INFO    [03-06 22:31:09] _check_dataset_cache in utils:
check if the cache is generated under this configuration
INFO    [03-06 22:31:09] _check_dataset_cache in utils:
correct.
INFO    [03-06 22:31:09] __init__ in NextItemDataloader:
there are 20033 items in this dataset, 43947 users, padding_first? True
DEBUG   [03-06 22:31:16] generate_model in utils:
model_code_list=['nextitnet']
INFO    [03-06 22:31:16] load_model_config in utils:
loading model nextitnet's config file at asset/config/model/nextitnet.json
INFO    [03-06 22:31:16] load_model_config in utils:
{
    "embedding_size": 64,
    "kernel_size": 3,
    "block_num": 5,
    "dilations": [
        1
    ],
    "reg_weight": 5e-06,
    "loss_type": "CE"
}
WARNING [03-06 22:31:56] get_exist_path in utils:
dir ___yelp_base_2022/base_nextitnet_03-06_22:31_0/nextitnet_logs does not exist! Create one.
WARNING [03-06 22:31:56] get_exist_path in utils:
dir ___yelp_base_2022/base_nextitnet_03-06_22:31_0/nextitnet_logs/tb_vis does not exist! Create one.
WARNING [03-06 22:31:56] get_exist_path in utils:
dir ___yelp_base_2022/base_nextitnet_03-06_22:31_0/nextitnet_logs/checkpoint does not exist! Create one.
INFO    [03-06 22:31:56] __init__ in BasicSched:
NextItNet(
  (item_embedding): Embedding(20034, 64, padding_idx=0)
  (residual_blocks): Sequential(
    (0): ResidualBlock_b(
      (conv1): Conv2d(64, 64, kernel_size=(1, 3), stride=(1, 1))
      (ln1): LayerNorm((64,), eps=1e-08, elementwise_affine=True)
      (conv2): Conv2d(64, 64, kernel_size=(1, 3), stride=(1, 1), dilation=(2, 2))
      (ln2): LayerNorm((64,), eps=1e-08, elementwise_affine=True)
    )
    (1): ResidualBlock_b(
      (conv1): Conv2d(64, 64, kernel_size=(1, 3), stride=(1, 1))
      (ln1): LayerNorm((64,), eps=1e-08, elementwise_affine=True)
      (conv2): Conv2d(64, 64, kernel_size=(1, 3), stride=(1, 1), dilation=(2, 2))
      (ln2): LayerNorm((64,), eps=1e-08, elementwise_affine=True)
    )
    (2): ResidualBlock_b(
      (conv1): Conv2d(64, 64, kernel_size=(1, 3), stride=(1, 1))
      (ln1): LayerNorm((64,), eps=1e-08, elementwise_affine=True)
      (conv2): Conv2d(64, 64, kernel_size=(1, 3), stride=(1, 1), dilation=(2, 2))
      (ln2): LayerNorm((64,), eps=1e-08, elementwise_affine=True)
    )
    (3): ResidualBlock_b(
      (conv1): Conv2d(64, 64, kernel_size=(1, 3), stride=(1, 1))
      (ln1): LayerNorm((64,), eps=1e-08, elementwise_affine=True)
      (conv2): Conv2d(64, 64, kernel_size=(1, 3), stride=(1, 1), dilation=(2, 2))
      (ln2): LayerNorm((64,), eps=1e-08, elementwise_affine=True)
    )
    (4): ResidualBlock_b(
      (conv1): Conv2d(64, 64, kernel_size=(1, 3), stride=(1, 1))
      (ln1): LayerNorm((64,), eps=1e-08, elementwise_affine=True)
      (conv2): Conv2d(64, 64, kernel_size=(1, 3), stride=(1, 1), dilation=(2, 2))
      (ln2): LayerNorm((64,), eps=1e-08, elementwise_affine=True)
    )
  )
  (final_layer): Linear(in_features=64, out_features=64, bias=True)
  (loss_fct): CrossEntropyLoss()
  (reg_loss): RegLoss()
)
WARNING [03-06 22:31:56] get_path in utils:
Path is None
WARNING [03-06 22:31:56] load_state_from_given_path in utils:
Not given any path.
INFO    [03-06 22:31:56] assert_model_device in utils:
model nextitnet has 5.383056640625 MB params.
INFO    [03-06 22:31:56] __init__ in BasicTrainer:
229440 iter per epoch
INFO    [03-06 22:31:56] _fit in BasicSched:
Start training.
INFO    [03-06 22:32:34] log in loggers:
Update Best NDCG@10 Model at 0
INFO    [03-06 22:32:34] validate in BasicTrainer:
{'Recall@10': 0.0005458515283842794, 'NDCG@10': 0.00019942443503346159, 'MRR@10': 0.00010323164434873077, 'Recall@5': 0.00011371906841339156, 'NDCG@5': 7.00370477732092e-05, 'MRR@5': 5.572234359034371e-05, 'Recall*@10': 0.0005458515283842794, 'NDCG*@10': 0.00019942443503346159, 'MRR*@10': 0.00010323164434873077, 'Recall*@5': 0.00011371906841339156, 'NDCG*@5': 7.00370477732092e-05, 'MRR*@5': 5.572234359034371e-05}
INFO    [03-06 22:32:34] train in BasicTrainer:
epoch: 0
INFO    [03-06 22:33:43] _train_one_epoch in BasicTrainer:
loss = 9.088559407403114
INFO    [03-06 22:34:08] log in loggers:
Update Best NDCG@10 Model at 0
INFO    [03-06 22:34:09] validate in BasicTrainer:
{'Recall@10': 0.021197234352256185, 'NDCG@10': 0.010478029358356627, 'MRR@10': 0.007289879738957807, 'Recall@5': 0.011804039301310043, 'NDCG@5': 0.007485959516211889, 'MRR@5': 0.006081316760419888, 'Recall*@10': 0.021197234352256185, 'NDCG*@10': 0.010478029358356627, 'MRR*@10': 0.007289879738957807, 'Recall*@5': 0.011804039301310043, 'NDCG*@5': 0.007485959516211889, 'MRR*@5': 0.006081316760419888}
INFO    [03-06 22:34:09] train in BasicTrainer:
duration: 94.59182834625244s
INFO    [03-06 22:34:09] train in BasicTrainer:
epoch: 1
INFO    [03-06 22:35:15] _train_one_epoch in BasicTrainer:
loss = 8.311046564030349
INFO    [03-06 22:35:39] log in loggers:
Update Best NDCG@10 Model at 1
INFO    [03-06 22:35:41] validate in BasicTrainer:
{'Recall@10': 0.032057140922659176, 'NDCG@10': 0.015937866391600525, 'MRR@10': 0.011099330287357573, 'Recall@5': 0.01891121661407111, 'NDCG@5': 0.011727081701224547, 'MRR@5': 0.009384979213977008, 'Recall*@10': 0.032057140922659176, 'NDCG*@10': 0.015937866391600525, 'MRR*@10': 0.011099330287357573, 'Recall*@5': 0.01891121661407111, 'NDCG*@5': 0.011727081701224547, 'MRR*@5': 0.009384979213977008}
INFO    [03-06 22:35:41] train in BasicTrainer:
duration: 91.62237238883972s
INFO    [03-06 22:35:41] train in BasicTrainer:
epoch: 2
INFO    [03-06 22:36:47] _train_one_epoch in BasicTrainer:
loss = 7.959969405516088
INFO    [03-06 22:37:10] log in loggers:
Update Best NDCG@10 Model at 2
INFO    [03-06 22:37:10] validate in BasicTrainer:
{'Recall@10': 0.03642395314973341, 'NDCG@10': 0.018570585181771234, 'MRR@10': 0.013230688013190613, 'Recall@5': 0.021060771470160118, 'NDCG@5': 0.013649699745870573, 'MRR@5': 0.011227104703731715, 'Recall*@10': 0.03642395314973341, 'NDCG*@10': 0.018570585181771234, 'MRR*@10': 0.013230688013190613, 'Recall*@5': 0.021060771470160118, 'NDCG*@5': 0.013649699745870573, 'MRR*@5': 0.011227104703731715}
INFO    [03-06 22:37:10] train in BasicTrainer:
duration: 89.45451474189758s
INFO    [03-06 22:37:10] train in BasicTrainer:
epoch: 3
INFO    [03-06 22:38:17] _train_one_epoch in BasicTrainer:
loss = 7.674188483542811
INFO    [03-06 22:38:41] log in loggers:
Update Best NDCG@10 Model at 3
INFO    [03-06 22:38:43] validate in BasicTrainer:
{'Recall@10': 0.03876656595904928, 'NDCG@10': 0.01978161571387424, 'MRR@10': 0.014110053174016018, 'Recall@5': 0.022402656477438138, 'NDCG@5': 0.014553700855714872, 'MRR@5': 0.011990159685930896, 'Recall*@10': 0.03876656595904928, 'NDCG*@10': 0.01978161571387424, 'MRR*@10': 0.014110053174016018, 'Recall*@5': 0.022402656477438138, 'NDCG*@5': 0.014553700855714872, 'MRR*@5': 0.011990159685930896}
INFO    [03-06 22:38:43] train in BasicTrainer:
duration: 92.52344393730164s
INFO    [03-06 22:38:43] train in BasicTrainer:
epoch: 4
INFO    [03-06 22:39:51] _train_one_epoch in BasicTrainer:
loss = 7.386377312648246
INFO    [03-06 22:40:16] log in loggers:
Update Best NDCG@10 Model at 4
INFO    [03-06 22:40:17] validate in BasicTrainer:
{'Recall@10': 0.04255367540029112, 'NDCG@10': 0.022092973446036963, 'MRR@10': 0.015952276486531986, 'Recall@5': 0.02585971615720524, 'NDCG@5': 0.016739100291023608, 'MRR@5': 0.0137683468731188, 'Recall*@10': 0.04255367540029112, 'NDCG*@10': 0.022092973446036963, 'MRR*@10': 0.015952276486531986, 'Recall*@5': 0.02585971615720524, 'NDCG*@5': 0.016739100291023608, 'MRR*@5': 0.0137683468731188}
INFO    [03-06 22:40:17] train in BasicTrainer:
duration: 94.42740941047668s
INFO    [03-06 22:40:17] train in BasicTrainer:
epoch: 5
INFO    [03-06 22:41:25] _train_one_epoch in BasicTrainer:
loss = 7.050633902529793
INFO    [03-06 22:41:48] log in loggers:
Update Best NDCG@10 Model at 5
INFO    [03-06 22:41:48] validate in BasicTrainer:
{'Recall@10': 0.047921215429403204, 'NDCG@10': 0.025437410765637953, 'MRR@10': 0.018654756009066274, 'Recall@5': 0.030067321688500726, 'NDCG@5': 0.019717076642837325, 'MRR@5': 0.016325130627939295, 'Recall*@10': 0.047921215429403204, 'NDCG*@10': 0.025437410765637953, 'MRR*@10': 0.018654756009066274, 'Recall*@5': 0.030067321688500726, 'NDCG*@5': 0.019717076642837325, 'MRR*@5': 0.016325130627939295}
INFO    [03-06 22:41:48] train in BasicTrainer:
duration: 91.07210874557495s
INFO    [03-06 22:41:48] train in BasicTrainer:
epoch: 6
INFO    [03-06 22:42:55] _train_one_epoch in BasicTrainer:
loss = 6.671410032163272
INFO    [03-06 22:43:17] log in loggers:
Update Best NDCG@10 Model at 6
INFO    [03-06 22:43:18] validate in BasicTrainer:
{'Recall@10': 0.05327711908859804, 'NDCG@10': 0.02876474339517682, 'MRR@10': 0.02136954715579824, 'Recall@5': 0.03372907569141194, 'NDCG@5': 0.022492195815769778, 'MRR@5': 0.018809513258713866, 'Recall*@10': 0.05327711908859804, 'NDCG*@10': 0.02876474339517682, 'MRR*@10': 0.02136954715579824, 'Recall*@5': 0.03372907569141194, 'NDCG*@5': 0.022492195815769778, 'MRR*@5': 0.018809513258713866}
INFO    [03-06 22:43:18] train in BasicTrainer:
duration: 89.67161726951599s
INFO    [03-06 22:43:18] train in BasicTrainer:
epoch: 7
INFO    [03-06 22:44:24] _train_one_epoch in BasicTrainer:
loss = 6.282730961910019
INFO    [03-06 22:44:46] log in loggers:
Update Best NDCG@10 Model at 7
INFO    [03-06 22:44:46] validate in BasicTrainer:
{'Recall@10': 0.05937246115555583, 'NDCG@10': 0.03360968665660426, 'MRR@10': 0.025815012621092766, 'Recall@5': 0.039255822416302766, 'NDCG@5': 0.02710788252490967, 'MRR@5': 0.023133112324043848, 'Recall*@10': 0.05937246115555583, 'NDCG*@10': 0.03360968665660426, 'MRR*@10': 0.025815012621092766, 'Recall*@5': 0.039255822416302766, 'NDCG*@5': 0.02710788252490967, 'MRR*@5': 0.023133112324043848}
INFO    [03-06 22:44:46] train in BasicTrainer:
duration: 88.68082880973816s
INFO    [03-06 22:44:46] train in BasicTrainer:
epoch: 8
INFO    [03-06 22:45:53] _train_one_epoch in BasicTrainer:
loss = 5.922304865040373
INFO    [03-06 22:46:16] log in loggers:
Update Best NDCG@10 Model at 8
INFO    [03-06 22:46:16] validate in BasicTrainer:
{'Recall@10': 0.06472836481475067, 'NDCG@10': 0.038892867152065344, 'MRR@10': 0.031022661957473614, 'Recall@5': 0.046078437594954454, 'NDCG@5': 0.03291250372866746, 'MRR@5': 0.02858402878601847, 'Recall*@10': 0.06472836481475067, 'NDCG*@10': 0.038892867152065344, 'MRR*@10': 0.031022661957473614, 'Recall*@5': 0.046078437594954454, 'NDCG*@5': 0.03291250372866746, 'MRR*@5': 0.02858402878601847}
INFO    [03-06 22:46:16] train in BasicTrainer:
duration: 89.39214706420898s
INFO    [03-06 22:46:16] train in BasicTrainer:
epoch: 9
INFO    [03-06 22:47:22] _train_one_epoch in BasicTrainer:
loss = 5.601300689000299
INFO    [03-06 22:47:45] log in loggers:
Update Best NDCG@10 Model at 9
INFO    [03-06 22:47:45] validate in BasicTrainer:
{'Recall@10': 0.06968651619757454, 'NDCG@10': 0.042486822583036175, 'MRR@10': 0.03420870019149393, 'Recall@5': 0.050058604989423154, 'NDCG@5': 0.03620477776914791, 'MRR@5': 0.03165368552474248, 'Recall*@10': 0.06968651619757454, 'NDCG*@10': 0.042486822583036175, 'MRR*@10': 0.03420870019149393, 'Recall*@5': 0.050058604989423154, 'NDCG*@5': 0.03620477776914791, 'MRR*@5': 0.03165368552474248}
INFO    [03-06 22:47:45] train in BasicTrainer:
duration: 89.13954472541809s
INFO    [03-06 22:47:45] train in BasicTrainer:
epoch: 10
INFO    [03-06 22:48:51] _train_one_epoch in BasicTrainer:
loss = 5.3287970374651366
INFO    [03-06 22:49:14] log in loggers:
Update Best NDCG@10 Model at 10
INFO    [03-06 22:49:14] validate in BasicTrainer:
{'Recall@10': 0.0742352789341102, 'NDCG@10': 0.0474244941621097, 'MRR@10': 0.03921156193690952, 'Recall@5': 0.05574455841009273, 'NDCG@5': 0.04144563183887947, 'MRR@5': 0.03674455319891861, 'Recall*@10': 0.0742352789341102, 'NDCG*@10': 0.0474244941621097, 'MRR*@10': 0.03921156193690952, 'Recall*@5': 0.05574455841009273, 'NDCG*@5': 0.04144563183887947, 'MRR*@5': 0.03674455319891861}
INFO    [03-06 22:49:14] train in BasicTrainer:
duration: 89.04148292541504s
INFO    [03-06 22:49:14] train in BasicTrainer:
epoch: 11
INFO    [03-06 22:50:20] _train_one_epoch in BasicTrainer:
loss = 5.08910505342683
INFO    [03-06 22:50:43] log in loggers:
Update Best NDCG@10 Model at 11
INFO    [03-06 22:50:43] validate in BasicTrainer:
{'Recall@10': 0.07629332961473922, 'NDCG@10': 0.05039138519211931, 'MRR@10': 0.04244997965295974, 'Recall@5': 0.05850766731488479, 'NDCG@5': 0.044638185814738794, 'MRR@5': 0.040075155593566, 'Recall*@10': 0.07629332961473922, 'NDCG*@10': 0.05039138519211931, 'MRR*@10': 0.04244997965295974, 'Recall*@5': 0.05850766731488479, 'NDCG*@5': 0.044638185814738794, 'MRR*@5': 0.040075155593566}
INFO    [03-06 22:50:43] train in BasicTrainer:
duration: 88.86151170730591s
INFO    [03-06 22:50:43] train in BasicTrainer:
epoch: 12
INFO    [03-06 22:51:49] _train_one_epoch in BasicTrainer:
loss = 4.88649303683676
INFO    [03-06 22:52:12] log in loggers:
Update Best NDCG@10 Model at 12
INFO    [03-06 22:52:12] validate in BasicTrainer:
{'Recall@10': 0.08006880268606383, 'NDCG@10': 0.05313604726189045, 'MRR@10': 0.04489315444707946, 'Recall@5': 0.06166905741677708, 'NDCG@5': 0.04722559639541473, 'MRR@5': 0.042477201941196724, 'Recall*@10': 0.08006880268606383, 'NDCG*@10': 0.05313604726189045, 'MRR*@10': 0.04489315444707946, 'Recall*@5': 0.06166905741677708, 'NDCG*@5': 0.04722559639541473, 'MRR*@5': 0.042477201941196724}
INFO    [03-06 22:52:12] train in BasicTrainer:
duration: 89.03647375106812s
INFO    [03-06 22:52:12] train in BasicTrainer:
epoch: 13
INFO    [03-06 22:53:18] _train_one_epoch in BasicTrainer:
loss = 4.706360262175152
INFO    [03-06 22:53:41] log in loggers:
Update Best NDCG@10 Model at 13
INFO    [03-06 22:53:42] validate in BasicTrainer:
{'Recall@10': 0.08285465539369347, 'NDCG@10': 0.05624267170436171, 'MRR@10': 0.04806468801863025, 'Recall@5': 0.06500076165279099, 'NDCG@5': 0.05050729671994758, 'MRR@5': 0.04571975579314487, 'Recall*@10': 0.08285465539369347, 'NDCG*@10': 0.05624267170436171, 'MRR*@10': 0.04806468801863025, 'Recall*@5': 0.06500076165279099, 'NDCG*@5': 0.05050729671994758, 'MRR*@5': 0.04571975579314487}
INFO    [03-06 22:53:42] train in BasicTrainer:
duration: 89.82658767700195s
INFO    [03-06 22:53:42] train in BasicTrainer:
epoch: 14
INFO    [03-06 22:54:48] _train_one_epoch in BasicTrainer:
loss = 4.552732905849419
INFO    [03-06 22:55:11] log in loggers:
Update Best NDCG@10 Model at 14
INFO    [03-06 22:55:11] validate in BasicTrainer:
{'Recall@10': 0.08609591331197358, 'NDCG@10': 0.05844611181569824, 'MRR@10': 0.049958048324308085, 'Recall@5': 0.06712757270061988, 'NDCG@5': 0.052344882843156484, 'MRR@5': 0.04745961354775666, 'Recall*@10': 0.08609591331197358, 'NDCG*@10': 0.05844611181569824, 'MRR*@10': 0.049958048324308085, 'Recall*@5': 0.06712757270061988, 'NDCG*@5': 0.052344882843156484, 'MRR*@5': 0.04745961354775666}
INFO    [03-06 22:55:11] train in BasicTrainer:
duration: 89.2873022556305s
INFO    [03-06 22:55:11] train in BasicTrainer:
epoch: 15
INFO    [03-06 22:56:18] _train_one_epoch in BasicTrainer:
loss = 4.405481379467739
INFO    [03-06 22:56:40] log in loggers:
Update Best NDCG@10 Model at 15
INFO    [03-06 22:56:40] validate in BasicTrainer:
{'Recall@10': 0.08690305422921021, 'NDCG@10': 0.059611265115803204, 'MRR@10': 0.05121413504452685, 'Recall@5': 0.0684578213325581, 'NDCG@5': 0.05366105968308848, 'MRR@5': 0.048767162444208256, 'Recall*@10': 0.08690305422921021, 'NDCG*@10': 0.059611265115803204, 'MRR*@10': 0.05121413504452685, 'Recall*@5': 0.0684578213325581, 'NDCG*@5': 0.05366105968308848, 'MRR*@5': 0.048767162444208256}
INFO    [03-06 22:56:40] train in BasicTrainer:
duration: 89.23916792869568s
INFO    [03-06 22:56:40] train in BasicTrainer:
epoch: 16
INFO    [03-06 22:57:47] _train_one_epoch in BasicTrainer:
loss = 4.282778297541364
INFO    [03-06 22:58:11] log in loggers:
Update Best NDCG@10 Model at 16
INFO    [03-06 22:58:12] validate in BasicTrainer:
{'Recall@10': 0.08788103821756538, 'NDCG@10': 0.06136048062917338, 'MRR@10': 0.053188043151706936, 'Recall@5': 0.07068671507346057, 'NDCG@5': 0.055822366403939075, 'MRR@5': 0.05091578289432644, 'Recall*@10': 0.08788103821756538, 'NDCG*@10': 0.06136048062917338, 'MRR*@10': 0.053188043151706936, 'Recall*@5': 0.07068671507346057, 'NDCG*@5': 0.055822366403939075, 'MRR*@5': 0.05091578289432644}
INFO    [03-06 22:58:12] train in BasicTrainer:
duration: 92.18673825263977s
INFO    [03-06 22:58:12] train in BasicTrainer:
epoch: 17
INFO    [03-06 22:59:20] _train_one_epoch in BasicTrainer:
loss = 4.172871247162546
INFO    [03-06 22:59:42] log in loggers:
Update Best NDCG@10 Model at 17
INFO    [03-06 22:59:42] validate in BasicTrainer:
{'Recall@10': 0.08857446006638861, 'NDCG@10': 0.06190920235613548, 'MRR@10': 0.053700291501491006, 'Recall@5': 0.07081154158021685, 'NDCG@5': 0.05618161050361491, 'MRR@5': 0.05134647842218728, 'Recall*@10': 0.08857446006638861, 'NDCG*@10': 0.06190920235613548, 'MRR*@10': 0.053700291501491006, 'Recall*@5': 0.07081154158021685, 'NDCG*@5': 0.05618161050361491, 'MRR*@5': 0.05134647842218728}
INFO    [03-06 22:59:42] train in BasicTrainer:
duration: 89.61457753181458s
INFO    [03-06 22:59:42] train in BasicTrainer:
epoch: 18
INFO    [03-06 23:00:49] _train_one_epoch in BasicTrainer:
loss = 4.074601869769342
INFO    [03-06 23:01:11] log in loggers:
Update Best NDCG@10 Model at 18
INFO    [03-06 23:01:11] validate in BasicTrainer:
{'Recall@10': 0.08981426238059304, 'NDCG@10': 0.06284886278860065, 'MRR@10': 0.05451770759800387, 'Recall@5': 0.07277914593226698, 'NDCG@5': 0.05735651611620249, 'MRR@5': 0.052260709143944595, 'Recall*@10': 0.08981426238059304, 'NDCG*@10': 0.06284886278860065, 'MRR*@10': 0.05451770759800387, 'Recall*@5': 0.07277914593226698, 'NDCG*@5': 0.05735651611620249, 'MRR*@5': 0.052260709143944595}
INFO    [03-06 23:01:11] train in BasicTrainer:
duration: 89.36872410774231s
INFO    [03-06 23:01:11] train in BasicTrainer:
epoch: 19
INFO    [03-06 23:02:18] _train_one_epoch in BasicTrainer:
loss = 3.987598580130307
INFO    [03-06 23:02:40] log in loggers:
Update Best NDCG@10 Model at 19
INFO    [03-06 23:02:41] validate in BasicTrainer:
{'Recall@10': 0.09101968450577498, 'NDCG@10': 0.06408245377025663, 'MRR@10': 0.05578121690661138, 'Recall@5': 0.07414377475322768, 'NDCG@5': 0.058641171543770826, 'MRR@5': 0.053544967689143366, 'Recall*@10': 0.09101968450577498, 'NDCG*@10': 0.06408245377025663, 'MRR*@10': 0.05578121690661138, 'Recall*@5': 0.07414377475322768, 'NDCG*@5': 0.058641171543770826, 'MRR*@5': 0.053544967689143366}
INFO    [03-06 23:02:41] train in BasicTrainer:
duration: 89.20235252380371s
INFO    [03-06 23:02:41] train in BasicTrainer:
epoch: 20
INFO    [03-06 23:03:47] _train_one_epoch in BasicTrainer:
loss = 3.9042512509280836
INFO    [03-06 23:04:09] validate in BasicTrainer:
{'Recall@10': 0.08947310517535285, 'NDCG@10': 0.0638955235732055, 'MRR@10': 0.056007361728182874, 'Recall@5': 0.07246073254070948, 'NDCG@5': 0.058400626991112245, 'MRR@5': 0.05374371164527165, 'Recall*@10': 0.08947310517535285, 'NDCG*@10': 0.0638955235732055, 'MRR*@10': 0.056007361728182874, 'Recall*@5': 0.07246073254070948, 'NDCG*@5': 0.058400626991112245, 'MRR*@5': 0.05374371164527165}
INFO    [03-06 23:04:09] train in BasicTrainer:
duration: 88.09809708595276s
INFO    [03-06 23:04:09] train in BasicTrainer:
epoch: 21
INFO    [03-06 23:05:15] _train_one_epoch in BasicTrainer:
loss = 3.8328227236679906
INFO    [03-06 23:05:38] log in loggers:
Update Best NDCG@10 Model at 21
INFO    [03-06 23:05:38] validate in BasicTrainer:
{'Recall@10': 0.09086047780999623, 'NDCG@10': 0.06491390577472714, 'MRR@10': 0.05688780578384732, 'Recall@5': 0.07455316339951588, 'NDCG@5': 0.05965552705962325, 'MRR@5': 0.05472562732574905, 'Recall*@10': 0.09086047780999623, 'NDCG*@10': 0.06491390577472714, 'MRR*@10': 0.05688780578384732, 'Recall*@5': 0.07455316339951588, 'NDCG*@5': 0.05965552705962325, 'MRR*@5': 0.05472562732574905}
INFO    [03-06 23:05:38] train in BasicTrainer:
duration: 89.0590226650238s
INFO    [03-06 23:05:38] train in BasicTrainer:
epoch: 22
INFO    [03-06 23:06:45] _train_one_epoch in BasicTrainer:
loss = 3.7603723230721062
INFO    [03-06 23:07:07] log in loggers:
Update Best NDCG@10 Model at 22
INFO    [03-06 23:07:07] validate in BasicTrainer:
{'Recall@10': 0.09231608188568764, 'NDCG@10': 0.06623002018351135, 'MRR@10': 0.05820308739673265, 'Recall@5': 0.07523547780999623, 'NDCG@5': 0.06072605515422172, 'MRR@5': 0.05594303831424201, 'Recall*@10': 0.09231608188568764, 'NDCG*@10': 0.06623002018351135, 'MRR*@10': 0.05820308739673265, 'Recall*@5': 0.07523547780999623, 'NDCG*@5': 0.06072605515422172, 'MRR*@5': 0.05594303831424201}
INFO    [03-06 23:07:07] train in BasicTrainer:
duration: 89.24652194976807s
INFO    [03-06 23:07:07] train in BasicTrainer:
epoch: 23
INFO    [03-06 23:08:14] _train_one_epoch in BasicTrainer:
loss = 3.6981514069492016
INFO    [03-06 23:08:36] log in loggers:
Update Best NDCG@10 Model at 23
INFO    [03-06 23:08:36] validate in BasicTrainer:
{'Recall@10': 0.092998396296168, 'NDCG@10': 0.06631730651493785, 'MRR@10': 0.058085400021629575, 'Recall@5': 0.07587230459311123, 'NDCG@5': 0.06080429001238192, 'MRR@5': 0.05582541407165938, 'Recall*@10': 0.092998396296168, 'NDCG*@10': 0.06631730651493785, 'MRR*@10': 0.058085400021629575, 'Recall*@5': 0.07587230459311123, 'NDCG*@5': 0.06080429001238192, 'MRR*@5': 0.05582541407165938}
INFO    [03-06 23:08:36] train in BasicTrainer:
duration: 89.00766563415527s
INFO    [03-06 23:08:36] train in BasicTrainer:
epoch: 24
INFO    [03-06 23:09:42] _train_one_epoch in BasicTrainer:
loss = 3.634390624364217
INFO    [03-06 23:10:04] validate in BasicTrainer:
{'Recall@10': 0.0915427922204766, 'NDCG@10': 0.06598358846363087, 'MRR@10': 0.05808782574583084, 'Recall@5': 0.07512175874158285, 'NDCG@5': 0.06067566262365602, 'MRR@5': 0.05589865269058071, 'Recall*@10': 0.0915427922204766, 'NDCG*@10': 0.06598358846363087, 'MRR*@10': 0.05808782574583084, 'Recall*@5': 0.07512175874158285, 'NDCG*@5': 0.06067566262365602, 'MRR*@5': 0.05589865269058071}
INFO    [03-06 23:10:04] train in BasicTrainer:
duration: 88.33311867713928s
INFO    [03-06 23:10:04] train in BasicTrainer:
epoch: 25
INFO    [03-06 23:11:11] _train_one_epoch in BasicTrainer:
loss = 3.5801822758452495
INFO    [03-06 23:11:33] log in loggers:
Update Best NDCG@10 Model at 25
INFO    [03-06 23:11:33] validate in BasicTrainer:
{'Recall@10': 0.09360084289026052, 'NDCG@10': 0.0668946166022571, 'MRR@10': 0.05862681432054385, 'Recall@5': 0.07715706559768411, 'NDCG@5': 0.06160459846388305, 'MRR@5': 0.056459834440604525, 'Recall*@10': 0.09360084289026052, 'NDCG*@10': 0.0668946166022571, 'MRR*@10': 0.05862681432054385, 'Recall*@5': 0.07715706559768411, 'NDCG*@5': 0.06160459846388305, 'MRR*@5': 0.056459834440604525}
INFO    [03-06 23:11:33] train in BasicTrainer:
duration: 88.44681024551392s
INFO    [03-06 23:11:33] train in BasicTrainer:
epoch: 26
INFO    [03-06 23:12:39] _train_one_epoch in BasicTrainer:
loss = 3.5267908262574688
INFO    [03-06 23:13:01] log in loggers:
Update Best NDCG@10 Model at 26
INFO    [03-06 23:13:01] validate in BasicTrainer:
{'Recall@10': 0.09447674418554208, 'NDCG@10': 0.06756978310180999, 'MRR@10': 0.05924674526098953, 'Recall@5': 0.07760083443299479, 'NDCG@5': 0.06213462461881459, 'MRR@5': 0.05701668746261064, 'Recall*@10': 0.09447674418554208, 'NDCG*@10': 0.06756978310180999, 'MRR*@10': 0.05924674526098953, 'Recall*@5': 0.07760083443299479, 'NDCG*@5': 0.06213462461881459, 'MRR*@5': 0.05701668746261064}
INFO    [03-06 23:13:01] train in BasicTrainer:
duration: 88.42569661140442s
INFO    [03-06 23:13:01] train in BasicTrainer:
epoch: 27
INFO    [03-06 23:14:08] _train_one_epoch in BasicTrainer:
loss = 3.4752238246353766
INFO    [03-06 23:14:30] validate in BasicTrainer:
{'Recall@10': 0.09244090839244393, 'NDCG@10': 0.0673696461446811, 'MRR@10': 0.0596106709136995, 'Recall@5': 0.07732790866880264, 'NDCG@5': 0.06252757413380575, 'MRR@5': 0.057638765973943185, 'Recall*@10': 0.09244090839244393, 'NDCG*@10': 0.0673696461446811, 'MRR*@10': 0.0596106709136995, 'Recall*@5': 0.07732790866880264, 'NDCG*@5': 0.06252757413380575, 'MRR*@5': 0.057638765973943185}
INFO    [03-06 23:14:30] train in BasicTrainer:
duration: 88.40225481987s
INFO    [03-06 23:14:30] train in BasicTrainer:
epoch: 28
INFO    [03-06 23:15:36] _train_one_epoch in BasicTrainer:
loss = 3.4298122500109707
INFO    [03-06 23:15:58] log in loggers:
Update Best NDCG@10 Model at 28
INFO    [03-06 23:15:58] validate in BasicTrainer:
{'Recall@10': 0.09432864492810623, 'NDCG@10': 0.06784970016968389, 'MRR@10': 0.05965795829211629, 'Recall@5': 0.07776004112877354, 'NDCG@5': 0.0625036883424138, 'MRR@5': 0.05745828762925684, 'Recall*@10': 0.09432864492810623, 'NDCG*@10': 0.06784970016968389, 'MRR*@10': 0.05965795829211629, 'Recall*@5': 0.07776004112877354, 'NDCG*@5': 0.0625036883424138, 'MRR*@5': 0.05745828762925684}
INFO    [03-06 23:15:58] train in BasicTrainer:
duration: 88.32138633728027s
INFO    [03-06 23:15:58] train in BasicTrainer:
epoch: 29
INFO    [03-06 23:17:04] _train_one_epoch in BasicTrainer:
loss = 3.3813072771208055
INFO    [03-06 23:17:26] log in loggers:
Update Best NDCG@10 Model at 29
INFO    [03-06 23:17:27] validate in BasicTrainer:
{'Recall@10': 0.09385049592546327, 'NDCG@10': 0.0681329275551896, 'MRR@10': 0.06017352550038377, 'Recall@5': 0.07777114856711642, 'NDCG@5': 0.06294305799894978, 'MRR@5': 0.05803723231207422, 'Recall*@10': 0.09385049592546327, 'NDCG*@10': 0.0681329275551896, 'MRR*@10': 0.06017352550038377, 'Recall*@5': 0.07777114856711642, 'NDCG*@5': 0.06294305799894978, 'MRR*@5': 0.05803723231207422}
INFO    [03-06 23:17:27] train in BasicTrainer:
duration: 88.71660447120667s
INFO    [03-06 23:17:27] train in BasicTrainer:
epoch: 30
INFO    [03-06 23:18:33] _train_one_epoch in BasicTrainer:
loss = 3.32919124758892
INFO    [03-06 23:18:55] log in loggers:
Update Best NDCG@10 Model at 30
INFO    [03-06 23:18:55] validate in BasicTrainer:
{'Recall@10': 0.09355535526289517, 'NDCG@10': 0.06817459346444564, 'MRR@10': 0.060319799563157465, 'Recall@5': 0.07747547898924159, 'NDCG@5': 0.06297558143848805, 'MRR@5': 0.058174453288712576, 'Recall*@10': 0.09355535526289517, 'NDCG*@10': 0.06817459346444564, 'MRR*@10': 0.060319799563157465, 'Recall*@5': 0.07747547898924159, 'NDCG*@5': 0.06297558143848805, 'MRR*@5': 0.058174453288712576}
INFO    [03-06 23:18:55] train in BasicTrainer:
duration: 88.32273387908936s
INFO    [03-06 23:18:55] train in BasicTrainer:
epoch: 31
INFO    [03-06 23:20:01] _train_one_epoch in BasicTrainer:
loss = 3.2857058000697585
INFO    [03-06 23:20:23] validate in BasicTrainer:
{'Recall@10': 0.09432864492810623, 'NDCG@10': 0.06807782410425738, 'MRR@10': 0.05997326348947559, 'Recall@5': 0.07771455350140817, 'NDCG@5': 0.0627107700330288, 'MRR@5': 0.057761203447150765, 'Recall*@10': 0.09432864492810623, 'NDCG*@10': 0.06807782410425738, 'MRR*@10': 0.05997326348947559, 'Recall*@5': 0.07771455350140817, 'NDCG*@5': 0.0627107700330288, 'MRR*@5': 0.057761203447150765}
INFO    [03-06 23:20:23] train in BasicTrainer:
duration: 87.95606541633606s
INFO    [03-06 23:20:23] train in BasicTrainer:
epoch: 32
INFO    [03-06 23:21:30] _train_one_epoch in BasicTrainer:
loss = 3.249220969686947
INFO    [03-06 23:21:52] log in loggers:
Update Best NDCG@10 Model at 32
INFO    [03-06 23:21:52] validate in BasicTrainer:
{'Recall@10': 0.09418107460766727, 'NDCG@10': 0.06879041000747893, 'MRR@10': 0.06092113373479826, 'Recall@5': 0.07847673572827635, 'NDCG@5': 0.063706866629541, 'MRR@5': 0.0588205274627605, 'Recall*@10': 0.09418107460766727, 'NDCG*@10': 0.06879041000747893, 'MRR*@10': 0.06092113373479826, 'Recall*@5': 0.07847673572827635, 'NDCG*@5': 0.063706866629541, 'MRR*@5': 0.0588205274627605}
INFO    [03-06 23:21:52] train in BasicTrainer:
duration: 89.21468377113342s
INFO    [03-06 23:21:52] train in BasicTrainer:
epoch: 33
INFO    [03-06 23:22:58] _train_one_epoch in BasicTrainer:
loss = 3.2086338074137477
INFO    [03-06 23:23:20] validate in BasicTrainer:
{'Recall@10': 0.09451059543756765, 'NDCG@10': 0.068418395907511, 'MRR@10': 0.06036505776591697, 'Recall@5': 0.07806734708198813, 'NDCG@5': 0.0631275723282969, 'MRR@5': 0.05819684451309018, 'Recall*@10': 0.09451059543756765, 'NDCG*@10': 0.068418395907511, 'MRR*@10': 0.06036505776591697, 'Recall*@5': 0.07806734708198813, 'NDCG*@5': 0.0631275723282969, 'MRR*@5': 0.05819684451309018}
INFO    [03-06 23:23:20] train in BasicTrainer:
duration: 88.12829113006592s
INFO    [03-06 23:23:20] train in BasicTrainer:
epoch: 34
INFO    [03-06 23:24:27] _train_one_epoch in BasicTrainer:
loss = 3.1772689182888016
INFO    [03-06 23:24:49] validate in BasicTrainer:
{'Recall@10': 0.09457882687861568, 'NDCG@10': 0.06845924789980705, 'MRR@10': 0.060396411514290635, 'Recall@5': 0.07735065248248532, 'NDCG@5': 0.06290337308736998, 'MRR@5': 0.05811235737163991, 'Recall*@10': 0.09457882687861568, 'NDCG*@10': 0.06845924789980705, 'MRR*@10': 0.060396411514290635, 'Recall*@5': 0.07735065248248532, 'NDCG*@5': 0.06290337308736998, 'MRR*@5': 0.05811235737163991}
INFO    [03-06 23:24:49] train in BasicTrainer:
duration: 88.63056945800781s
INFO    [03-06 23:24:49] train in BasicTrainer:
epoch: 35
INFO    [03-06 23:25:56] _train_one_epoch in BasicTrainer:
loss = 3.1405112565478186
INFO    [03-06 23:26:18] log in loggers:
Update Best NDCG@10 Model at 35
INFO    [03-06 23:26:18] validate in BasicTrainer:
{'Recall@10': 0.09507919077963461, 'NDCG@10': 0.06902325949923094, 'MRR@10': 0.06096472089677735, 'Recall@5': 0.07879462018283694, 'NDCG@5': 0.06376870215654894, 'MRR@5': 0.0588033637699564, 'Recall*@10': 0.09507919077963461, 'NDCG*@10': 0.06902325949923094, 'MRR*@10': 0.06096472089677735, 'Recall*@5': 0.07879462018283694, 'NDCG*@5': 0.06376870215654894, 'MRR*@5': 0.0588033637699564}
INFO    [03-06 23:26:18] train in BasicTrainer:
duration: 89.5549955368042s
INFO    [03-06 23:26:18] train in BasicTrainer:
epoch: 36
INFO    [03-06 23:27:25] _train_one_epoch in BasicTrainer:
loss = 3.109314545594166
INFO    [03-06 23:27:47] validate in BasicTrainer:
{'Recall@10': 0.09465869469500351, 'NDCG@10': 0.06890171951190006, 'MRR@10': 0.06092418303961962, 'Recall@5': 0.0787380251171287, 'NDCG@5': 0.06376439377020236, 'MRR@5': 0.05881040739376787, 'Recall*@10': 0.09465869469500351, 'NDCG*@10': 0.06890171951190006, 'MRR*@10': 0.06092418303961962, 'Recall*@5': 0.0787380251171287, 'NDCG*@5': 0.06376439377020236, 'MRR*@5': 0.05881040739376787}
INFO    [03-06 23:27:47] train in BasicTrainer:
duration: 88.99825239181519s
INFO    [03-06 23:27:47] train in BasicTrainer:
epoch: 37
INFO    [03-06 23:28:54] _train_one_epoch in BasicTrainer:
loss = 3.079282092017276
INFO    [03-06 23:29:16] validate in BasicTrainer:
{'Recall@10': 0.09378279339972195, 'NDCG@10': 0.0680342549566597, 'MRR@10': 0.06004442472493458, 'Recall@5': 0.0785216944186448, 'NDCG@5': 0.06313089628363627, 'MRR@5': 0.05803963891603324, 'Recall*@10': 0.09378279339972195, 'NDCG*@10': 0.0680342549566597, 'MRR*@10': 0.06004442472493458, 'Recall*@5': 0.0785216944186448, 'NDCG*@5': 0.06313089628363627, 'MRR*@5': 0.05803963891603324}
INFO    [03-06 23:29:16] train in BasicTrainer:
duration: 88.87606596946716s
INFO    [03-06 23:29:16] train in BasicTrainer:
epoch: 38
INFO    [03-06 23:30:23] _train_one_epoch in BasicTrainer:
loss = 3.049026859754299
INFO    [03-06 23:30:45] log in loggers:
Update Best NDCG@10 Model at 38
INFO    [03-06 23:30:45] validate in BasicTrainer:
{'Recall@10': 0.09574986883646536, 'NDCG@10': 0.06908731344881233, 'MRR@10': 0.06080729371239058, 'Recall@5': 0.07961339747541336, 'NDCG@5': 0.0638813272273111, 'MRR@5': 0.05866534939324524, 'Recall*@10': 0.09574986883646536, 'NDCG*@10': 0.06908731344881233, 'MRR*@10': 0.06080729371239058, 'Recall*@5': 0.07961339747541336, 'NDCG*@5': 0.0638813272273111, 'MRR*@5': 0.05866534939324524}
INFO    [03-06 23:30:45] train in BasicTrainer:
duration: 89.04419779777527s
INFO    [03-06 23:30:45] train in BasicTrainer:
epoch: 39
INFO    [03-06 23:31:52] _train_one_epoch in BasicTrainer:
loss = 3.0185754470080344
INFO    [03-06 23:32:14] validate in BasicTrainer:
{'Recall@10': 0.09489724027017318, 'NDCG@10': 0.06888636508536304, 'MRR@10': 0.06085438145107008, 'Recall@5': 0.07811230577235659, 'NDCG@5': 0.06347619387927143, 'MRR@5': 0.05863185969196271, 'Recall*@10': 0.09489724027017318, 'NDCG*@10': 0.06888636508536304, 'MRR*@10': 0.06085438145107008, 'Recall*@5': 0.07811230577235659, 'NDCG*@5': 0.06347619387927143, 'MRR*@5': 0.05863185969196271}
INFO    [03-06 23:32:14] train in BasicTrainer:
duration: 88.579998254776s
INFO    [03-06 23:32:14] train in BasicTrainer:
epoch: 40
INFO    [03-06 23:33:20] _train_one_epoch in BasicTrainer:
loss = 2.9895678064979436
INFO    [03-06 23:33:42] log in loggers:
Update Best NDCG@10 Model at 40
INFO    [03-06 23:33:43] validate in BasicTrainer:
{'Recall@10': 0.09503370315226925, 'NDCG@10': 0.0691232627245504, 'MRR@10': 0.06109689177031557, 'Recall@5': 0.07868090111442355, 'NDCG@5': 0.06382706171929228, 'MRR@5': 0.05890668073250184, 'Recall*@10': 0.09503370315226925, 'NDCG*@10': 0.0691232627245504, 'MRR*@10': 0.06109689177031557, 'Recall*@5': 0.07868090111442355, 'NDCG*@5': 0.06382706171929228, 'MRR*@5': 0.05890668073250184}
INFO    [03-06 23:33:43] train in BasicTrainer:
duration: 88.55700945854187s
INFO    [03-06 23:33:43] train in BasicTrainer:
epoch: 41
INFO    [03-06 23:34:49] _train_one_epoch in BasicTrainer:
loss = 2.9658359649291097
INFO    [03-06 23:35:11] validate in BasicTrainer:
{'Recall@10': 0.0941583307939846, 'NDCG@10': 0.06858369308690578, 'MRR@10': 0.060679202511624654, 'Recall@5': 0.07764632206036014, 'NDCG@5': 0.06325425509244116, 'MRR@5': 0.058485047461321306, 'Recall*@10': 0.0941583307939846, 'NDCG*@10': 0.06858369308690578, 'MRR*@10': 0.060679202511624654, 'Recall*@5': 0.07764632206036014, 'NDCG*@5': 0.06325425509244116, 'MRR*@5': 0.058485047461321306}
INFO    [03-06 23:35:11] train in BasicTrainer:
duration: 88.33380103111267s
INFO    [03-06 23:35:11] train in BasicTrainer:
epoch: 42
INFO    [03-06 23:36:17] _train_one_epoch in BasicTrainer:
loss = 2.936909677061243
INFO    [03-06 23:36:40] validate in BasicTrainer:
{'Recall@10': 0.0939308926571578, 'NDCG@10': 0.06816237369142852, 'MRR@10': 0.06016458351174546, 'Recall@5': 0.0784196117255712, 'NDCG@5': 0.06315654072248997, 'MRR@5': 0.05810426486577443, 'Recall*@10': 0.0939308926571578, 'NDCG*@10': 0.06816237369142852, 'MRR*@10': 0.06016458351174546, 'Recall*@5': 0.0784196117255712, 'NDCG*@5': 0.06315654072248997, 'MRR*@5': 0.05810426486577443}
INFO    [03-06 23:36:40] train in BasicTrainer:
duration: 88.87344646453857s
INFO    [03-06 23:36:40] train in BasicTrainer:
epoch: 43
INFO    [03-06 23:37:47] _train_one_epoch in BasicTrainer:
loss = 2.915409671279343
INFO    [03-06 23:38:09] validate in BasicTrainer:
{'Recall@10': 0.09427204986239798, 'NDCG@10': 0.0689348067730405, 'MRR@10': 0.06107525369071089, 'Recall@5': 0.0783058926571578, 'NDCG@5': 0.06375190003990606, 'MRR@5': 0.05892430282681855, 'Recall*@10': 0.09427204986239798, 'NDCG*@10': 0.0689348067730405, 'MRR*@10': 0.06107525369071089, 'Recall*@5': 0.0783058926571578, 'NDCG*@5': 0.06375190003990606, 'MRR*@5': 0.05892430282681855}
INFO    [03-06 23:38:09] train in BasicTrainer:
duration: 89.39801025390625s
INFO    [03-06 23:38:09] train in BasicTrainer:
epoch: 44
INFO    [03-06 23:39:16] _train_one_epoch in BasicTrainer:
loss = 2.8876402627474094
INFO    [03-06 23:39:38] validate in BasicTrainer:
{'Recall@10': 0.0941466944186448, 'NDCG@10': 0.0682581981462379, 'MRR@10': 0.06020971769812684, 'Recall@5': 0.0787380251171287, 'NDCG@5': 0.06329529379729014, 'MRR@5': 0.058173245572101386, 'Recall*@10': 0.0941466944186448, 'NDCG*@10': 0.0682581981462379, 'MRR*@10': 0.06020971769812684, 'Recall*@5': 0.0787380251171287, 'NDCG*@5': 0.06329529379729014, 'MRR*@5': 0.058173245572101386}
INFO    [03-06 23:39:38] train in BasicTrainer:
duration: 88.51141834259033s
INFO    [03-06 23:39:38] train in BasicTrainer:
epoch: 45
INFO    [03-06 23:40:45] _train_one_epoch in BasicTrainer:
loss = 2.8594893958611802
INFO    [03-06 23:41:09] validate in BasicTrainer:
{'Recall@10': 0.09525003385075315, 'NDCG@10': 0.0686826004309165, 'MRR@10': 0.06046654022565814, 'Recall@5': 0.07815832233671885, 'NDCG@5': 0.06316527025570776, 'MRR@5': 0.05819532831892198, 'Recall*@10': 0.09525003385075315, 'NDCG*@10': 0.0686826004309165, 'MRR*@10': 0.06046654022565814, 'Recall*@5': 0.07815832233671885, 'NDCG*@5': 0.06316527025570776, 'MRR*@5': 0.05819532831892198}
INFO    [03-06 23:41:09] train in BasicTrainer:
duration: 91.2860689163208s
INFO    [03-06 23:41:09] train in BasicTrainer:
epoch: 46
INFO    [03-06 23:42:15] _train_one_epoch in BasicTrainer:
loss = 2.8288980042751533
INFO    [03-06 23:42:37] validate in BasicTrainer:
{'Recall@10': 0.09374894214769638, 'NDCG@10': 0.06826957618394729, 'MRR@10': 0.060351381820065324, 'Recall@5': 0.0783058926571578, 'NDCG@5': 0.0632709378899879, 'MRR@5': 0.05828616253962521, 'Recall*@10': 0.09374894214769638, 'NDCG*@10': 0.06826957618394729, 'MRR*@10': 0.060351381820065324, 'Recall*@5': 0.0783058926571578, 'NDCG*@5': 0.0632709378899879, 'MRR*@5': 0.05828616253962521}
INFO    [03-06 23:42:37] train in BasicTrainer:
duration: 88.08310675621033s
INFO    [03-06 23:42:37] train in BasicTrainer:
epoch: 47
INFO    [03-06 23:43:43] _train_one_epoch in BasicTrainer:
loss = 2.8072013711995827
INFO    [03-06 23:44:05] validate in BasicTrainer:
{'Recall@10': 0.092998396296168, 'NDCG@10': 0.06766383059789173, 'MRR@10': 0.059820539425289886, 'Recall@5': 0.07741888392353335, 'NDCG@5': 0.06266124842463405, 'MRR@5': 0.057776321952191914, 'Recall*@10': 0.092998396296168, 'NDCG*@10': 0.06766383059789173, 'MRR*@10': 0.059820539425289886, 'Recall*@5': 0.07741888392353335, 'NDCG*@5': 0.06266124842463405, 'MRR*@5': 0.057776321952191914}
INFO    [03-06 23:44:05] train in BasicTrainer:
duration: 88.2342267036438s
INFO    [03-06 23:44:05] train in BasicTrainer:
epoch: 48
INFO    [03-06 23:45:12] _train_one_epoch in BasicTrainer:
loss = 2.7905697144225052
INFO    [03-06 23:45:34] validate in BasicTrainer:
{'Recall@10': 0.0937261983340137, 'NDCG@10': 0.0682669357319391, 'MRR@10': 0.06037546149177105, 'Recall@5': 0.0781011983340137, 'NDCG@5': 0.06321772163953453, 'MRR@5': 0.05829412272719197, 'Recall*@10': 0.0937261983340137, 'NDCG*@10': 0.0682669357319391, 'MRR*@10': 0.06037546149177105, 'Recall*@5': 0.0781011983340137, 'NDCG*@5': 0.06321772163953453, 'MRR*@5': 0.05829412272719197}
INFO    [03-06 23:45:34] train in BasicTrainer:
duration: 88.65441632270813s
INFO    [03-06 23:45:34] train in BasicTrainer:
epoch: 49
INFO    [03-06 23:46:40] _train_one_epoch in BasicTrainer:
loss = 2.7674197479937033
INFO    [03-06 23:47:02] validate in BasicTrainer:
{'Recall@10': 0.0941466944186448, 'NDCG@10': 0.06839478852734339, 'MRR@10': 0.06040523065477094, 'Recall@5': 0.07876076893081138, 'NDCG@5': 0.06344507620541116, 'MRR@5': 0.05837776366346062, 'Recall*@10': 0.0941466944186448, 'NDCG*@10': 0.06839478852734339, 'MRR*@10': 0.06040523065477094, 'Recall*@5': 0.07876076893081138, 'NDCG*@5': 0.06344507620541116, 'MRR*@5': 0.05837776366346062}
INFO    [03-06 23:47:02] train in BasicTrainer:
duration: 88.57449769973755s
INFO    [03-06 23:47:02] train in BasicTrainer:
epoch: 50
INFO    [03-06 23:48:09] _train_one_epoch in BasicTrainer:
loss = 2.7501929707440707
INFO    [03-06 23:48:31] validate in BasicTrainer:
{'Recall@10': 0.09444236399651962, 'NDCG@10': 0.068575914821071, 'MRR@10': 0.06057162531072022, 'Recall@5': 0.0783058926571578, 'NDCG@5': 0.06338891608632417, 'MRR@5': 0.05844878073201516, 'Recall*@10': 0.09444236399651962, 'NDCG*@10': 0.068575914821071, 'MRR*@10': 0.06057162531072022, 'Recall*@5': 0.0783058926571578, 'NDCG*@5': 0.06338891608632417, 'MRR*@5': 0.05844878073201516}
INFO    [03-06 23:48:31] train in BasicTrainer:
duration: 88.45177173614502s
INFO    [03-06 23:48:31] train in BasicTrainer:
epoch: 51
INFO    [03-06 23:49:37] _train_one_epoch in BasicTrainer:
loss = 2.7277249406404906
INFO    [03-06 23:49:59] validate in BasicTrainer:
{'Recall@10': 0.09419218204601015, 'NDCG@10': 0.06778218106568684, 'MRR@10': 0.059629763167465356, 'Recall@5': 0.07741888392353335, 'NDCG@5': 0.06237685087027118, 'MRR@5': 0.05740938847071154, 'Recall*@10': 0.09419218204601015, 'NDCG*@10': 0.06778218106568684, 'MRR*@10': 0.059629763167465356, 'Recall*@5': 0.07741888392353335, 'NDCG*@5': 0.06237685087027118, 'MRR*@5': 0.05740938847071154}
INFO    [03-06 23:49:59] train in BasicTrainer:
duration: 88.32337355613708s
INFO    [03-06 23:49:59] train in BasicTrainer:
epoch: 52
INFO    [03-06 23:51:05] _train_one_epoch in BasicTrainer:
loss = 2.709530715397046
INFO    [03-06 23:51:27] validate in BasicTrainer:
{'Recall@10': 0.09280533834836369, 'NDCG@10': 0.06771757619203309, 'MRR@10': 0.0599435425468204, 'Recall@5': 0.07770344606306528, 'NDCG@5': 0.06286511531172881, 'MRR@5': 0.05795802567404962, 'Recall*@10': 0.09280533834836369, 'NDCG*@10': 0.06771757619203309, 'MRR*@10': 0.0599435425468204, 'Recall*@5': 0.07770344606306528, 'NDCG*@5': 0.06286511531172881, 'MRR*@5': 0.05795802567404962}
INFO    [03-06 23:51:27] train in BasicTrainer:
duration: 87.90531730651855s
INFO    [03-06 23:51:27] train in BasicTrainer:
epoch: 53
INFO    [03-06 23:52:33] _train_one_epoch in BasicTrainer:
loss = 2.688884867451347
INFO    [03-06 23:52:55] validate in BasicTrainer:
{'Recall@10': 0.09386266121610977, 'NDCG@10': 0.0679371818199244, 'MRR@10': 0.05991736606978086, 'Recall@5': 0.0774643715508987, 'NDCG@5': 0.06267118096904724, 'MRR@5': 0.057765963855043616, 'Recall*@10': 0.09386266121610977, 'NDCG*@10': 0.0679371818199244, 'MRR*@10': 0.05991736606978086, 'Recall*@5': 0.0774643715508987, 'NDCG*@5': 0.06267118096904724, 'MRR*@5': 0.057765963855043616}
INFO    [03-06 23:52:55] train in BasicTrainer:
duration: 87.61209011077881s
INFO    [03-06 23:52:55] train in BasicTrainer:
epoch: 54
INFO    [03-06 23:54:01] _train_one_epoch in BasicTrainer:
loss = 2.67473273919051
INFO    [03-06 23:54:23] validate in BasicTrainer:
{'Recall@10': 0.09434028130344602, 'NDCG@10': 0.06829892699044127, 'MRR@10': 0.06022595959916179, 'Recall@5': 0.07827204140513225, 'NDCG@5': 0.06309932427890219, 'MRR@5': 0.05807798608101829, 'Recall*@10': 0.09434028130344602, 'NDCG*@10': 0.06829892699044127, 'MRR*@10': 0.06022595959916179, 'Recall*@5': 0.07827204140513225, 'NDCG*@5': 0.06309932427890219, 'MRR*@5': 0.05807798608101829}
INFO    [03-06 23:54:23] train in BasicTrainer:
duration: 88.27417492866516s
INFO    [03-06 23:54:23] train in BasicTrainer:
epoch: 55
INFO    [03-06 23:55:29] _train_one_epoch in BasicTrainer:
loss = 2.654947350380976
INFO    [03-06 23:55:51] validate in BasicTrainer:
{'Recall@10': 0.09254352002251444, 'NDCG@10': 0.0670105448789797, 'MRR@10': 0.05911929290565449, 'Recall@5': 0.07646364374886086, 'NDCG@5': 0.06183361705105204, 'MRR@5': 0.05699569778381325, 'Recall*@10': 0.09254352002251444, 'NDCG*@10': 0.0670105448789797, 'MRR*@10': 0.05911929290565449, 'Recall*@5': 0.07646364374886086, 'NDCG*@5': 0.06183361705105204, 'MRR*@5': 0.05699569778381325}
INFO    [03-06 23:55:51] train in BasicTrainer:
duration: 88.04477334022522s
INFO    [03-06 23:55:51] train in BasicTrainer:
epoch: 56
INFO    [03-06 23:56:57] _train_one_epoch in BasicTrainer:
loss = 2.6379869456736778
INFO    [03-06 23:57:19] validate in BasicTrainer:
{'Recall@10': 0.09329406587404282, 'NDCG@10': 0.06811242058854197, 'MRR@10': 0.060319892409036624, 'Recall@5': 0.07728242104143729, 'NDCG@5': 0.06291778882615691, 'MRR@5': 0.0581659992666728, 'Recall*@10': 0.09329406587404282, 'NDCG*@10': 0.06811242058854197, 'MRR*@10': 0.060319892409036624, 'Recall*@5': 0.07728242104143729, 'NDCG*@5': 0.06291778882615691, 'MRR*@5': 0.0581659992666728}
INFO    [03-06 23:57:19] train in BasicTrainer:
duration: 88.15750169754028s
INFO    [03-06 23:57:19] train in BasicTrainer:
epoch: 57
INFO    [03-06 23:58:25] _train_one_epoch in BasicTrainer:
loss = 2.6205600382726395
INFO    [03-06 23:58:47] validate in BasicTrainer:
{'Recall@10': 0.09277095815934122, 'NDCG@10': 0.067815043306008, 'MRR@10': 0.06007595925172994, 'Recall@5': 0.07739614010985067, 'NDCG@5': 0.06283887494572342, 'MRR@5': 0.058018790408182655, 'Recall*@10': 0.09277095815934122, 'NDCG*@10': 0.067815043306008, 'MRR*@10': 0.06007595925172994, 'Recall*@5': 0.07739614010985067, 'NDCG*@5': 0.06283887494572342, 'MRR*@5': 0.058018790408182655}
INFO    [03-06 23:58:47] train in BasicTrainer:
duration: 88.05888676643372s
INFO    [03-06 23:58:47] train in BasicTrainer:
epoch: 58
INFO    [03-06 23:59:53] _train_one_epoch in BasicTrainer:
loss = 2.6053396435794802
INFO    [03-07 00:00:15] validate in BasicTrainer:
{'Recall@10': 0.09313485917826407, 'NDCG@10': 0.06740437796559005, 'MRR@10': 0.05943459360365481, 'Recall@5': 0.07718033834836369, 'NDCG@5': 0.06225367097165083, 'MRR@5': 0.05731361746222724, 'Recall*@10': 0.09313485917826407, 'NDCG*@10': 0.06740437796559005, 'MRR*@10': 0.05943459360365481, 'Recall*@5': 0.07718033834836369, 'NDCG*@5': 0.06225367097165083, 'MRR*@5': 0.05731361746222724}
INFO    [03-07 00:00:15] train in BasicTrainer:
duration: 88.08158445358276s
INFO    [03-07 00:00:15] train in BasicTrainer:
epoch: 59
INFO    [03-07 00:01:21] _train_one_epoch in BasicTrainer:
loss = 2.590170095488949
INFO    [03-07 00:01:43] validate in BasicTrainer:
{'Recall@10': 0.09206589993517819, 'NDCG@10': 0.06711126704397984, 'MRR@10': 0.05935119868532702, 'Recall@5': 0.07685028858146639, 'NDCG@5': 0.062192502179423015, 'MRR@5': 0.057322829700477716, 'Recall*@10': 0.09206589993517819, 'NDCG*@10': 0.06711126704397984, 'MRR*@10': 0.05935119868532702, 'Recall*@5': 0.07685028858146639, 'NDCG*@5': 0.062192502179423015, 'MRR*@5': 0.057322829700477716}
INFO    [03-07 00:01:43] train in BasicTrainer:
duration: 87.6162519454956s
INFO    [03-07 00:01:43] close_training in BasicTrainer:
finished training
INFO    [03-07 00:01:43] final_validate in BasicTrainer:
validate model on val set!
INFO    [03-07 00:01:44] load_state_from_given_path in utils:
checkpoint epoch: 40
INFO    [03-07 00:01:44] load_state_from_given_path in utils:
Loading model's parameters
INFO    [03-07 00:02:07] validate in BasicTrainer:
{'Recall@10': 0.09503370315226925, 'NDCG@10': 0.0691232627245504, 'MRR@10': 0.06109689177031557, 'Recall@5': 0.07868090111442355, 'NDCG@5': 0.06382706171929228, 'MRR@5': 0.05890668073250184, 'Recall*@10': 0.09503370315226925, 'NDCG*@10': 0.0691232627245504, 'MRR*@10': 0.06109689177031557, 'Recall*@5': 0.07868090111442355, 'NDCG*@5': 0.06382706171929228, 'MRR*@5': 0.05890668073250184}
INFO    [03-07 00:02:08] test in BasicTrainer:
Test model on test set!
INFO    [03-07 00:02:08] test_with_given_state_path in BasicTrainer:
Loading model params from ___yelp_base_2022/base_nextitnet_03-06_22:31_0/nextitnet_logs/checkpoint/best_acc_model.pth.
INFO    [03-07 00:02:08] load_state_from_given_path in utils:
checkpoint epoch: 40
INFO    [03-07 00:02:08] load_state_from_given_path in utils:
Loading model's parameters
INFO    [03-07 00:02:08] test_with_given_state_path in BasicTrainer:
Finished loading. Start testing.
INFO    [03-07 00:02:30] test_with_given_state_path in BasicTrainer:
{'Recall@10': 0.08163865475089789, 'NDCG@10': 0.058294969837261255, 'MRR@10': 0.05106322574761345, 'Recall@5': 0.06660499390664754, 'NDCG@5': 0.05342338911055694, 'MRR@5': 0.049047149335179244, 'Recall*@10': 0.08163865475089789, 'NDCG*@10': 0.058294969837261255, 'MRR*@10': 0.05106322574761345, 'Recall*@5': 0.06660499390664754, 'NDCG*@5': 0.05342338911055694, 'MRR*@5': 0.049047149335179244}
INFO    [03-07 00:02:30] _evaluate in BasicSched:
!!Final Result!!: {'Recall@10': 0.08163865475089789, 'NDCG@10': 0.058294969837261255, 'MRR@10': 0.05106322574761345, 'Recall@5': 0.06660499390664754, 'NDCG@5': 0.05342338911055694, 'MRR@5': 0.049047149335179244, 'Recall*@10': 0.08163865475089789, 'NDCG*@10': 0.058294969837261255, 'MRR*@10': 0.05106322574761345, 'Recall*@5': 0.06660499390664754, 'NDCG*@5': 0.05342338911055694, 'MRR*@5': 0.049047149335179244}
