INFO    [05-05 01:32:16] setup_train in utils:
{
    "experiment_dir": "___movies_soft_2022",
    "experiment_description": "pop",
    "describe": "{config[model_code]}-T-{config[T]}-al-{config[alpha]}",
    "dataset_name": "movies.csv",
    "sched": "distill",
    "model_code": "narm",
    "mentor_code": "pop",
    "training_routine": "student",
    "softmaxed_mentor": false,
    "alpha": 0.75,
    "T": 6.0,
    "num_epochs": 60,
    "mode": [
        "train",
        "test"
    ],
    "max_len": 10,
    "test_state_path": null,
    "model_state_path": null,
    "mentor_state_path": null,
    "rand_seed": 2022,
    "load_processed_dataset": true,
    "save_processed_dataset": false,
    "dataset_cache_filename": null,
    "do_remap": false,
    "weight_decay": 0,
    "decay_step": 15,
    "gamma": 0.99,
    "lr": 0.001,
    "min_length": 5,
    "min_item_inter": 5,
    "good_only": false,
    "use_rating": true,
    "test_negative_sampler_code": "random",
    "test_negative_sample_size": 0,
    "dataloader_type": "next",
    "train_batch_size": 4096,
    "val_batch_size": 4096,
    "test_batch_size": 4096,
    "prop_sliding_window": -1.0,
    "worker_number": 2,
    "metric_ks": [
        5,
        10
    ],
    "device": "cuda",
    "num_gpu": 1,
    "optimizer": "Adam",
    "best_metric": "NDCG@10",
    "show_process_bar": false,
    "enable_sample": false,
    "samples_ratio": 0.1,
    "config_file": "config2.movies/narm/config_distill.json",
    "task_id": 9,
    "split": "leave_one_out",
    "do_sampling": false,
    "path_for_sample": null,
    "sample_rate": 0.5,
    "sample_seed": 0,
    "train_negative_sampler_code": "random",
    "train_negative_sample_size": 100,
    "device_idx": "0",
    "momentum": null,
    "log_period_as_iter": 12800,
    "dvae_alpha": 0.5,
    "weight_list": [
        0.5,
        0.5
    ],
    "validation_rate": 0.2,
    "num_items": null,
    "start_index": 1,
    "kwargs": null
}
DEBUG   [05-05 01:32:16] __init__ in DistillSched:
DistillScheduler attribs: teacher tag=teacher_pop, student tag=student_narm
INFO    [05-05 01:32:16] _load_full_dataset_from_path in utils:
loading cache from /data01/wushiguang-slurm/Codes/soft-rec/Data/Cache/movies-5-5.pkl
INFO    [05-05 01:32:18] _check_dataset_cache in utils:
check if the cache is generated under this configuration
INFO    [05-05 01:32:18] _check_dataset_cache in utils:
correct.
INFO    [05-05 01:32:18] __init__ in NextItemDataloader:
there are 21035 items in this dataset, 82156 users, padding_first? False
DEBUG   [05-05 01:32:32] generate_model in utils:
model_code_list=['pop']
INFO    [05-05 01:32:32] load_model_config in utils:
loading model pop's config file at asset/config/model/pop.json
INFO    [05-05 01:32:32] load_model_config in utils:
{}
WARNING [05-05 01:32:39] get_exist_path in utils:
dir ___movies_soft_2022/pop_narm-T-6.0-al-0.75_05-05_01:32_t9/teacher_pop_logs does not exist! Create one.
WARNING [05-05 01:32:39] get_exist_path in utils:
dir ___movies_soft_2022/pop_narm-T-6.0-al-0.75_05-05_01:32_t9/teacher_pop_logs/tb_vis does not exist! Create one.
WARNING [05-05 01:32:39] get_exist_path in utils:
dir ___movies_soft_2022/pop_narm-T-6.0-al-0.75_05-05_01:32_t9/teacher_pop_logs/checkpoint does not exist! Create one.
WARNING [05-05 01:32:39] get_path in utils:
Path is None
WARNING [05-05 01:32:39] load_state_from_given_path in utils:
Not given any path.
DEBUG   [05-05 01:32:39] __init__ in DistillSched:
teacher model: 
POPModel(
  (fake_parameter): Linear(in_features=1, out_features=1, bias=False)
)
INFO    [05-05 01:32:39] assert_model_device in utils:
model teacher_pop has 3.814697265625e-06 MB params.
INFO    [05-05 01:32:39] __init__ in BasicTrainer:
450560 iter per epoch
DEBUG   [05-05 01:32:39] generate_model in utils:
model_code_list=['narm']
INFO    [05-05 01:32:39] load_model_config in utils:
loading model narm's config file at asset/config/model/narm.json
INFO    [05-05 01:32:39] load_model_config in utils:
{
    "embedding_size": 64,
    "hidden_size": 128,
    "n_layers": 1,
    "dropout_probs": [
        0.25,
        0.5
    ]
}
WARNING [05-05 01:32:44] get_exist_path in utils:
dir ___movies_soft_2022/pop_narm-T-6.0-al-0.75_05-05_01:32_t9/student_narm_logs does not exist! Create one.
WARNING [05-05 01:32:44] get_exist_path in utils:
dir ___movies_soft_2022/pop_narm-T-6.0-al-0.75_05-05_01:32_t9/student_narm_logs/tb_vis does not exist! Create one.
WARNING [05-05 01:32:44] get_exist_path in utils:
dir ___movies_soft_2022/pop_narm-T-6.0-al-0.75_05-05_01:32_t9/student_narm_logs/checkpoint does not exist! Create one.
WARNING [05-05 01:32:44] get_path in utils:
Path is None
WARNING [05-05 01:32:44] load_state_from_given_path in utils:
Not given any path.
DEBUG   [05-05 01:32:44] __init__ in DistillSched:
student model: 
NARM(
  (item_embedding): Embedding(21036, 64, padding_idx=0)
  (emb_dropout): Dropout(p=0.25, inplace=False)
  (gru): GRU(64, 128, bias=False, batch_first=True)
  (a_1): Linear(in_features=128, out_features=128, bias=False)
  (a_2): Linear(in_features=128, out_features=128, bias=False)
  (v_t): Linear(in_features=128, out_features=1, bias=False)
  (ct_dropout): Dropout(p=0.5, inplace=False)
  (b): Linear(in_features=256, out_features=64, bias=False)
  (loss_fct): CrossEntropyLoss()
)
INFO    [05-05 01:32:44] assert_model_device in utils:
model student_narm has 5.60498046875 MB params.
INFO    [05-05 01:32:44] assert_model_device in utils:
model teacher_pop has 3.814697265625e-06 MB params.
INFO    [05-05 01:32:44] __init__ in DistillTrainer:
450560 iter per epoch
INFO    [05-05 01:32:44] _set_current_routine in Routine:
first routine: student
INFO    [05-05 01:32:44] run_routine in Routine:
Start routine student
INFO    [05-05 01:32:44] run_routine in Routine:
Start training
INFO    [05-05 01:32:44] train in DistillTrainer:
Test mentor model: teacher_pop
INFO    [05-05 01:33:15] test_mentor in DistillTrainer:
{'Recall@10': 0.01926957221613044, 'NDCG@10': 0.008763348351099662, 'MRR@10': 0.00570286333649641, 'Recall@5': 0.008940985337609337, 'NDCG@5': 0.00557392868878586, 'MRR@5': 0.004471914765114586, 'Recall*@10': 0.020209885645835174, 'NDCG*@10': 0.008964412269138154, 'MRR*@10': 0.0057113271738801685, 'Recall*@5': 0.008626139722764492, 'NDCG*@5': 0.005387002557870888, 'MRR*@5': 0.004329948863458066}
INFO    [05-05 01:33:15] train in DistillTrainer:
result:
{'Recall@10': 0.01926957221613044, 'NDCG@10': 0.008763348351099662, 'MRR@10': 0.00570286333649641, 'Recall@5': 0.008940985337609337, 'NDCG@5': 0.00557392868878586, 'MRR@5': 0.004471914765114586, 'Recall*@10': 0.020209885645835174, 'NDCG*@10': 0.008964412269138154, 'MRR*@10': 0.0057113271738801685, 'Recall*@5': 0.008626139722764492, 'NDCG*@5': 0.005387002557870888, 'MRR*@5': 0.004329948863458066}
INFO    [05-05 01:33:46] log in loggers:
Update Best NDCG@10 Model at 0
INFO    [05-05 01:33:46] validate in BasicTrainer:
{'Recall@10': 0.0006510416666666666, 'NDCG@10': 0.00032070457624892396, 'MRR@10': 0.00022083378072628484, 'Recall@5': 0.0004069010416666667, 'NDCG@5': 0.00024287350935905816, 'MRR@5': 0.0001893058698832257, 'Recall*@10': 0.0006208952399902046, 'NDCG*@10': 0.00030577815396966236, 'MRR*@10': 0.00021059572169352102, 'Recall*@5': 0.0003880097009685068, 'NDCG*@5': 0.00023223877014104453, 'MRR*@5': 0.00018123157566324587}
INFO    [05-05 01:33:46] train in BasicTrainer:
epoch: 0
DEBUG   [05-05 01:33:47] calculate_loss in loss:
soft_target max: 0.5001206398010254, argmax 2026253
DEBUG   [05-05 01:33:47] calculate_loss in loss:
pred max in softmax: 4.768875442096032e-05, argmax 24201711
INFO    [05-05 01:34:03] _train_one_epoch in BasicTrainer:
loss = 5.524590587615966
INFO    [05-05 01:34:34] log in loggers:
Update Best NDCG@10 Model at 0
INFO    [05-05 01:34:35] validate in BasicTrainer:
{'Recall@10': 0.016246878763749487, 'NDCG@10': 0.008280707345831962, 'MRR@10': 0.005878588051668235, 'Recall@5': 0.010184939950704575, 'NDCG@5': 0.006352717389485666, 'MRR@5': 0.005102161462196992, 'Recall*@10': 0.015356774042759622, 'NDCG*@10': 0.007332171379987683, 'MRR*@10': 0.00491517609251397, 'Recall*@5': 0.009098362865015155, 'NDCG*@5': 0.005341778409534267, 'MRR*@5': 0.004113847528406907}
INFO    [05-05 01:34:35] train in BasicTrainer:
duration: 48.32087802886963s
INFO    [05-05 01:34:35] train in BasicTrainer:
epoch: 1
INFO    [05-05 01:34:51] _train_one_epoch in BasicTrainer:
loss = 5.320788582888516
INFO    [05-05 01:35:22] log in loggers:
Update Best NDCG@10 Model at 1
INFO    [05-05 01:35:22] validate in BasicTrainer:
{'Recall@10': 0.017471719887994584, 'NDCG@10': 0.008683006811354841, 'MRR@10': 0.006028828554831091, 'Recall@5': 0.010736276085178057, 'NDCG@5': 0.006521268381870219, 'MRR@5': 0.00514621446130886, 'Recall*@10': 0.016536853719680084, 'NDCG*@10': 0.008078297201011862, 'MRR*@10': 0.005519794688249628, 'Recall*@5': 0.010072499779718263, 'NDCG*@5': 0.006004275310607184, 'MRR*@5': 0.004673381557776814}
INFO    [05-05 01:35:22] train in BasicTrainer:
duration: 47.68285942077637s
INFO    [05-05 01:35:22] train in BasicTrainer:
epoch: 2
INFO    [05-05 01:35:38] _train_one_epoch in BasicTrainer:
loss = 5.287448874386874
INFO    [05-05 01:36:09] log in loggers:
Update Best NDCG@10 Model at 2
INFO    [05-05 01:36:09] validate in BasicTrainer:
{'Recall@10': 0.022637688155685152, 'NDCG@10': 0.011347477723445212, 'MRR@10': 0.00794330392298954, 'Recall@5': 0.013394433472837721, 'NDCG@5': 0.008373200937750794, 'MRR@5': 0.006724212229961441, 'Recall*@10': 0.021057400763744398, 'NDCG*@10': 0.010474803657936198, 'MRR*@10': 0.007304728740737552, 'Recall*@5': 0.011857071314894017, 'NDCG*@5': 0.007514553765455882, 'MRR*@5': 0.00609139835328928}
INFO    [05-05 01:36:09] train in BasicTrainer:
duration: 47.1349458694458s
INFO    [05-05 01:36:09] train in BasicTrainer:
epoch: 3
INFO    [05-05 01:36:27] _train_one_epoch in BasicTrainer:
loss = 5.23879751292142
INFO    [05-05 01:36:59] log in loggers:
Update Best NDCG@10 Model at 3
INFO    [05-05 01:36:59] validate in BasicTrainer:
{'Recall@10': 0.029544168284961154, 'NDCG@10': 0.014355949214881375, 'MRR@10': 0.009805808375988687, 'Recall@5': 0.017076444590375536, 'NDCG@5': 0.010379813788902192, 'MRR@5': 0.00819701018432776, 'Recall*@10': 0.027749952638433092, 'NDCG*@10': 0.013467271679214068, 'MRR*@10': 0.009184806829407102, 'Recall*@5': 0.01597642654641753, 'NDCG*@5': 0.009707873132789419, 'MRR*@5': 0.007661127152719668}
INFO    [05-05 01:36:59] train in BasicTrainer:
duration: 49.39280724525452s
INFO    [05-05 01:36:59] train in BasicTrainer:
epoch: 4
INFO    [05-05 01:37:16] _train_one_epoch in BasicTrainer:
loss = 5.182245007428256
INFO    [05-05 01:37:47] log in loggers:
Update Best NDCG@10 Model at 4
INFO    [05-05 01:37:47] validate in BasicTrainer:
{'Recall@10': 0.035768079438379834, 'NDCG@10': 0.01743771033805041, 'MRR@10': 0.011942326490368162, 'Recall@5': 0.020645548012994584, 'NDCG@5': 0.012607928808955919, 'MRR@5': 0.009983923153153487, 'Recall*@10': 0.034037895944146884, 'NDCG*@10': 0.016560484522155354, 'MRR*@10': 0.01132733587707792, 'Recall*@5': 0.01937691228730338, 'NDCG*@5': 0.011873223375351656, 'MRR*@5': 0.009424038963126284}
INFO    [05-05 01:37:47] train in BasicTrainer:
duration: 48.30526256561279s
INFO    [05-05 01:37:47] train in BasicTrainer:
epoch: 5
INFO    [05-05 01:38:04] _train_one_epoch in BasicTrainer:
loss = 5.125669240951538
INFO    [05-05 01:38:36] log in loggers:
Update Best NDCG@10 Model at 5
INFO    [05-05 01:38:36] validate in BasicTrainer:
{'Recall@10': 0.04304993312273707, 'NDCG@10': 0.021776466497353146, 'MRR@10': 0.01536991105725368, 'Recall@5': 0.025811516280685152, 'NDCG@5': 0.01625086451392798, 'MRR@5': 0.013118338859861805, 'Recall*@10': 0.040268420995700924, 'NDCG*@10': 0.020600909810690654, 'MRR*@10': 0.014684394755888553, 'Recall*@5': 0.024311761416140058, 'NDCG*@5': 0.015499640655304705, 'MRR*@5': 0.012613523396707717}
INFO    [05-05 01:38:36] train in BasicTrainer:
duration: 49.19834876060486s
INFO    [05-05 01:38:36] train in BasicTrainer:
epoch: 6
INFO    [05-05 01:38:53] _train_one_epoch in BasicTrainer:
loss = 5.0707776719873605
INFO    [05-05 01:39:23] log in loggers:
Update Best NDCG@10 Model at 6
INFO    [05-05 01:39:24] validate in BasicTrainer:
{'Recall@10': 0.047676979253689446, 'NDCG@10': 0.024148424289056232, 'MRR@10': 0.017065685818947497, 'Recall@5': 0.02888071270925658, 'NDCG@5': 0.018107553145715168, 'MRR@5': 0.014595051251706622, 'Recall*@10': 0.04635790451651528, 'NDCG*@10': 0.023312937024803387, 'MRR*@10': 0.016391503402874583, 'Recall*@5': 0.027433316533764202, 'NDCG*@5': 0.017234120207528274, 'MRR*@5': 0.01390709878788108}
INFO    [05-05 01:39:24] train in BasicTrainer:
duration: 47.52771592140198s
INFO    [05-05 01:39:24] train in BasicTrainer:
epoch: 7
INFO    [05-05 01:39:40] _train_one_epoch in BasicTrainer:
loss = 5.030221956426447
INFO    [05-05 01:40:11] log in loggers:
Update Best NDCG@10 Model at 7
INFO    [05-05 01:40:12] validate in BasicTrainer:
{'Recall@10': 0.05125692025536582, 'NDCG@10': 0.026499797811820394, 'MRR@10': 0.019014604655759677, 'Recall@5': 0.032600950804494676, 'NDCG@5': 0.020511923357844353, 'MRR@5': 0.016569854647275947, 'Recall*@10': 0.05020321391168095, 'NDCG*@10': 0.02606293088978245, 'MRR*@10': 0.01875922518471877, 'Recall*@5': 0.03202672524466401, 'NDCG*@5': 0.020209518749089467, 'MRR*@5': 0.016358254699125177}
INFO    [05-05 01:40:12] train in BasicTrainer:
duration: 47.829795122146606s
INFO    [05-05 01:40:12] train in BasicTrainer:
epoch: 8
INFO    [05-05 01:40:29] _train_one_epoch in BasicTrainer:
loss = 4.991439134424383
INFO    [05-05 01:41:01] log in loggers:
Update Best NDCG@10 Model at 8
INFO    [05-05 01:41:02] validate in BasicTrainer:
{'Recall@10': 0.05752477262701307, 'NDCG@10': 0.029476291899170195, 'MRR@10': 0.0210314519880783, 'Recall@5': 0.035317237001089824, 'NDCG@5': 0.022365981624239965, 'MRR@5': 0.018138959116878964, 'Recall*@10': 0.0552651910554795, 'NDCG*@10': 0.028833830995219096, 'MRR*@10': 0.020855677269753955, 'Recall*@5': 0.03494354984944775, 'NDCG*@5': 0.022322143472376325, 'MRR*@5': 0.01820336521736213}
INFO    [05-05 01:41:02] train in BasicTrainer:
duration: 50.463080167770386s
INFO    [05-05 01:41:02] train in BasicTrainer:
epoch: 9
DEBUG   [05-05 01:41:04] calculate_loss in loss:
soft_target max: 0.5001206398010254, argmax 59033813
DEBUG   [05-05 01:41:04] calculate_loss in loss:
pred max in softmax: 0.10800676047801971, argmax 83391899
DEBUG   [05-05 01:41:04] calculate_loss in loss:
soft_target max: 0.5001206398010254, argmax 13301549
DEBUG   [05-05 01:41:04] calculate_loss in loss:
pred max in softmax: 0.17437060177326202, argmax 78949080
INFO    [05-05 01:41:18] _train_one_epoch in BasicTrainer:
loss = 4.952595502679999
INFO    [05-05 01:41:49] log in loggers:
Update Best NDCG@10 Model at 9
INFO    [05-05 01:41:49] validate in BasicTrainer:
{'Recall@10': 0.06186531306732269, 'NDCG@10': 0.03170769333484627, 'MRR@10': 0.022627471192252068, 'Recall@5': 0.037879038602113724, 'NDCG@5': 0.0240289687755562, 'MRR@5': 0.019503145212573663, 'Recall*@10': 0.06029813630240304, 'NDCG*@10': 0.031346051909384276, 'MRR*@10': 0.022602353156322523, 'Recall*@5': 0.03754283629712604, 'NDCG*@5': 0.024054408162122683, 'MRR*@5': 0.01963151361615885}
INFO    [05-05 01:41:49] train in BasicTrainer:
duration: 47.19906258583069s
INFO    [05-05 01:41:49] train in BasicTrainer:
epoch: 10
INFO    [05-05 01:42:07] _train_one_epoch in BasicTrainer:
loss = 4.91654145934365
INFO    [05-05 01:42:38] log in loggers:
Update Best NDCG@10 Model at 10
INFO    [05-05 01:42:39] validate in BasicTrainer:
{'Recall@10': 0.06665846953789394, 'NDCG@10': 0.03446385938496817, 'MRR@10': 0.02476279508499872, 'Recall@5': 0.040684192751844726, 'NDCG@5': 0.02611536718904972, 'MRR@5': 0.021346627158068475, 'Recall*@10': 0.06555273029066268, 'NDCG*@10': 0.03433135480043434, 'MRR*@10': 0.024923394123713177, 'Recall*@5': 0.04041247681847641, 'NDCG*@5': 0.026266841661362422, 'MRR*@5': 0.021633058387253965}
INFO    [05-05 01:42:39] train in BasicTrainer:
duration: 49.535409450531006s
INFO    [05-05 01:42:39] train in BasicTrainer:
epoch: 11
INFO    [05-05 01:42:55] _train_one_epoch in BasicTrainer:
loss = 4.8828902634707365
INFO    [05-05 01:43:26] log in loggers:
Update Best NDCG@10 Model at 11
INFO    [05-05 01:43:26] validate in BasicTrainer:
{'Recall@10': 0.06996845666851316, 'NDCG@10': 0.036713038881619774, 'MRR@10': 0.026692239922426995, 'Recall@5': 0.04345190808886573, 'NDCG@5': 0.02819979554485707, 'MRR@5': 0.02321409247815609, 'Recall*@10': 0.06940900605349314, 'NDCG*@10': 0.036995548400140944, 'MRR*@10': 0.027210517564699763, 'Recall*@5': 0.04403176176406089, 'NDCG*@5': 0.02885009197606927, 'MRR*@5': 0.023883642628788948}
INFO    [05-05 01:43:26] train in BasicTrainer:
duration: 47.08281660079956s
INFO    [05-05 01:43:26] train in BasicTrainer:
epoch: 12
INFO    [05-05 01:43:44] _train_one_epoch in BasicTrainer:
loss = 4.85455057404258
INFO    [05-05 01:44:15] log in loggers:
Update Best NDCG@10 Model at 12
INFO    [05-05 01:44:16] validate in BasicTrainer:
{'Recall@10': 0.0731895761120887, 'NDCG@10': 0.03863570537595522, 'MRR@10': 0.028221237872328078, 'Recall@5': 0.045807796042589916, 'NDCG@5': 0.029849447309970856, 'MRR@5': 0.024635411444164458, 'Recall*@10': 0.07280488915386654, 'NDCG*@10': 0.038956006722790856, 'MRR*@10': 0.028752479879629044, 'Recall*@5': 0.04613466791453816, 'NDCG*@5': 0.030428435653448105, 'MRR*@5': 0.025289859977506456}
INFO    [05-05 01:44:16] train in BasicTrainer:
duration: 49.97907519340515s
INFO    [05-05 01:44:16] train in BasicTrainer:
epoch: 13
INFO    [05-05 01:44:32] _train_one_epoch in BasicTrainer:
loss = 4.831063227220015
INFO    [05-05 01:45:03] log in loggers:
Update Best NDCG@10 Model at 13
INFO    [05-05 01:45:04] validate in BasicTrainer:
{'Recall@10': 0.07544910836787451, 'NDCG@10': 0.04013157405313991, 'MRR@10': 0.029449330288029853, 'Recall@5': 0.047858065082913355, 'NDCG@5': 0.031248711404346284, 'MRR@5': 0.02580633120877402, 'Recall*@10': 0.07446066290140152, 'NDCG*@10': 0.040164927464155925, 'MRR*@10': 0.029775469696947506, 'Recall*@5': 0.04813010547132719, 'NDCG*@5': 0.03170964858006863, 'MRR*@5': 0.026320376034293855}
INFO    [05-05 01:45:04] train in BasicTrainer:
duration: 47.765379428863525s
INFO    [05-05 01:45:04] train in BasicTrainer:
epoch: 14
INFO    [05-05 01:45:20] _train_one_epoch in BasicTrainer:
loss = 4.811608726328069
INFO    [05-05 01:45:51] log in loggers:
Update Best NDCG@10 Model at 14
INFO    [05-05 01:45:51] validate in BasicTrainer:
{'Recall@10': 0.07718883206446965, 'NDCG@10': 0.04124801818813596, 'MRR@10': 0.03040713036344165, 'Recall@5': 0.048931771445842015, 'NDCG@5': 0.03217673071083568, 'MRR@5': 0.026702219620347023, 'Recall*@10': 0.07665305478232247, 'NDCG*@10': 0.041566540620156696, 'MRR*@10': 0.030976092265475364, 'Recall*@5': 0.049286416598728726, 'NDCG*@5': 0.03279057517647743, 'MRR*@5': 0.027397211641073227}
INFO    [05-05 01:45:51] train in BasicTrainer:
duration: 47.50808143615723s
INFO    [05-05 01:45:51] train in BasicTrainer:
epoch: 15
INFO    [05-05 01:46:09] _train_one_epoch in BasicTrainer:
loss = 4.793316797776655
INFO    [05-05 01:46:41] log in loggers:
Update Best NDCG@10 Model at 15
INFO    [05-05 01:46:41] validate in BasicTrainer:
{'Recall@10': 0.07870017879066013, 'NDCG@10': 0.042280834345590504, 'MRR@10': 0.03127521649003029, 'Recall@5': 0.05068390905147507, 'NDCG@5': 0.033284840040973256, 'MRR@5': 0.02760005529437746, 'Recall*@10': 0.0785871467420033, 'NDCG*@10': 0.042726113150517143, 'MRR*@10': 0.031877399200484866, 'Recall*@5': 0.050862450330030354, 'NDCG*@5': 0.0338186306790227, 'MRR*@5': 0.028235547510640963}
INFO    [05-05 01:46:41] train in BasicTrainer:
duration: 49.998616218566895s
INFO    [05-05 01:46:41] train in BasicTrainer:
epoch: 16
INFO    [05-05 01:46:57] _train_one_epoch in BasicTrainer:
loss = 4.775807736136697
INFO    [05-05 01:47:28] log in loggers:
Update Best NDCG@10 Model at 16
INFO    [05-05 01:47:28] validate in BasicTrainer:
{'Recall@10': 0.08106848065342222, 'NDCG@10': 0.043388051113912036, 'MRR@10': 0.03201715657044025, 'Recall@5': 0.05140056709448496, 'NDCG@5': 0.033840927694525035, 'MRR@5': 0.02810407429933548, 'Recall*@10': 0.08042013964482717, 'NDCG*@10': 0.04364847462801706, 'MRR*@10': 0.032535117651735036, 'Recall*@5': 0.051825660857416335, 'NDCG*@5': 0.03444918599866685, 'MRR*@5': 0.02876637086627029}
INFO    [05-05 01:47:28] train in BasicTrainer:
duration: 46.9760684967041s
INFO    [05-05 01:47:28] train in BasicTrainer:
epoch: 17
INFO    [05-05 01:47:46] _train_one_epoch in BasicTrainer:
loss = 4.760247620669278
INFO    [05-05 01:48:17] log in loggers:
Update Best NDCG@10 Model at 17
INFO    [05-05 01:48:17] validate in BasicTrainer:
{'Recall@10': 0.08190139631430308, 'NDCG@10': 0.044242103184972494, 'MRR@10': 0.03286873354088692, 'Recall@5': 0.05222185701131821, 'NDCG@5': 0.034694102637114976, 'MRR@5': 0.028957058897330648, 'Recall*@10': 0.08254952906143098, 'NDCG*@10': 0.04499388131357375, 'MRR*@10': 0.03364814223632926, 'Recall*@5': 0.05306802707768622, 'NDCG*@5': 0.03551975389321645, 'MRR*@5': 0.029772324044080006}
INFO    [05-05 01:48:17] train in BasicTrainer:
duration: 49.363009214401245s
INFO    [05-05 01:48:17] train in BasicTrainer:
epoch: 18
DEBUG   [05-05 01:48:21] calculate_loss in loss:
soft_target max: 0.5001206398010254, argmax 679949
DEBUG   [05-05 01:48:21] calculate_loss in loss:
pred max in softmax: 0.4082769751548767, argmax 15541621
DEBUG   [05-05 01:48:21] calculate_loss in loss:
soft_target max: 0.5001206398010254, argmax 5181653
DEBUG   [05-05 01:48:21] calculate_loss in loss:
pred max in softmax: 0.4318345785140991, argmax 60632790
INFO    [05-05 01:48:34] _train_one_epoch in BasicTrainer:
loss = 4.744357278130272
INFO    [05-05 01:49:05] log in loggers:
Update Best NDCG@10 Model at 18
INFO    [05-05 01:49:05] validate in BasicTrainer:
{'Recall@10': 0.08293194962399346, 'NDCG@10': 0.04510814004710743, 'MRR@10': 0.03367385028728417, 'Recall@5': 0.05382285994433221, 'NDCG@5': 0.03575109654948825, 'MRR@5': 0.029844490811228752, 'Recall*@10': 0.08312782893578212, 'NDCG*@10': 0.045552220018137066, 'MRR*@10': 0.03418349501277719, 'Recall*@5': 0.05422589040937878, 'NDCG*@5': 0.03626053922233127, 'MRR*@5': 0.030380184096949443}
INFO    [05-05 01:49:05] train in BasicTrainer:
duration: 47.727116107940674s
INFO    [05-05 01:49:05] train in BasicTrainer:
epoch: 19
INFO    [05-05 01:49:23] _train_one_epoch in BasicTrainer:
loss = 4.730974010987715
INFO    [05-05 01:49:55] log in loggers:
Update Best NDCG@10 Model at 19
INFO    [05-05 01:49:55] validate in BasicTrainer:
{'Recall@10': 0.08497886856396993, 'NDCG@10': 0.04615808579893339, 'MRR@10': 0.03441624538529487, 'Recall@5': 0.05552100674027488, 'NDCG@5': 0.03670040269692739, 'MRR@5': 0.030552331180799575, 'Recall*@10': 0.0850762040132568, 'NDCG*@10': 0.04678237739773024, 'MRR*@10': 0.035173338438783376, 'Recall*@5': 0.056467989016146886, 'NDCG*@5': 0.03758955835586503, 'MRR*@5': 0.031413517626268525}
INFO    [05-05 01:49:55] train in BasicTrainer:
duration: 49.80240726470947s
INFO    [05-05 01:49:55] train in BasicTrainer:
epoch: 20
INFO    [05-05 01:50:11] _train_one_epoch in BasicTrainer:
loss = 4.715242485566573
INFO    [05-05 01:50:42] log in loggers:
Update Best NDCG@10 Model at 20
INFO    [05-05 01:50:42] validate in BasicTrainer:
{'Recall@10': 0.08588981486502148, 'NDCG@10': 0.04678984447604134, 'MRR@10': 0.034981908542769294, 'Recall@5': 0.05555509580742745, 'NDCG@5': 0.03706872800276393, 'MRR@5': 0.031021492555737495, 'Recall*@10': 0.08596391692048028, 'NDCG*@10': 0.04726883236851011, 'MRR*@10': 0.035576676417674334, 'Recall*@5': 0.056228725505726676, 'NDCG*@5': 0.03774944896854106, 'MRR*@5': 0.031703771313741094}
INFO    [05-05 01:50:42] train in BasicTrainer:
duration: 47.170541286468506s
INFO    [05-05 01:50:42] train in BasicTrainer:
epoch: 21
INFO    [05-05 01:50:59] _train_one_epoch in BasicTrainer:
loss = 4.701692867279053
INFO    [05-05 01:51:30] log in loggers:
Update Best NDCG@10 Model at 21
INFO    [05-05 01:51:30] validate in BasicTrainer:
{'Recall@10': 0.08671445435001737, 'NDCG@10': 0.04737480073457673, 'MRR@10': 0.0354704601424081, 'Recall@5': 0.05667944323448908, 'NDCG@5': 0.03773195296525955, 'MRR@5': 0.03153175088976111, 'Recall*@10': 0.08707359717005775, 'NDCG*@10': 0.0479399398678825, 'MRR*@10': 0.03610143047713098, 'Recall*@5': 0.05725738512618201, 'NDCG*@5': 0.03839024599818956, 'MRR*@5': 0.032213976695424036}
INFO    [05-05 01:51:30] train in BasicTrainer:
duration: 48.26737308502197s
INFO    [05-05 01:51:30] train in BasicTrainer:
epoch: 22
INFO    [05-05 01:51:48] _train_one_epoch in BasicTrainer:
loss = 4.689306311173873
INFO    [05-05 01:52:19] log in loggers:
Update Best NDCG@10 Model at 22
INFO    [05-05 01:52:19] validate in BasicTrainer:
{'Recall@10': 0.08848984326635088, 'NDCG@10': 0.048569654779774804, 'MRR@10': 0.0364767587965443, 'Recall@5': 0.05856774002313614, 'NDCG@5': 0.0389846737186114, 'MRR@5': 0.03257435675533045, 'Recall*@10': 0.08886381806362242, 'NDCG*@10': 0.04908941952245576, 'MRR*@10': 0.03703547091711135, 'Recall*@5': 0.05881515571049282, 'NDCG*@5': 0.03946122012677647, 'MRR*@5': 0.03311366649965445}
INFO    [05-05 01:52:19] train in BasicTrainer:
duration: 48.81974482536316s
INFO    [05-05 01:52:19] train in BasicTrainer:
epoch: 23
INFO    [05-05 01:52:36] _train_one_epoch in BasicTrainer:
loss = 4.676493497328325
INFO    [05-05 01:53:07] log in loggers:
Update Best NDCG@10 Model at 23
INFO    [05-05 01:53:08] validate in BasicTrainer:
{'Recall@10': 0.08938502555801756, 'NDCG@10': 0.04888392257548514, 'MRR@10': 0.036601822468496505, 'Recall@5': 0.059381542106469475, 'NDCG@5': 0.0392640440591744, 'MRR@5': 0.03267982912560304, 'Recall*@10': 0.08960290004809697, 'NDCG*@10': 0.04955250202190308, 'MRR*@10': 0.037403250201827005, 'Recall*@5': 0.05998987331986427, 'NDCG*@5': 0.04005867366989454, 'MRR*@5': 0.03353301240574746}
INFO    [05-05 01:53:08] train in BasicTrainer:
duration: 49.02966499328613s
INFO    [05-05 01:53:08] train in BasicTrainer:
epoch: 24
INFO    [05-05 01:53:26] _train_one_epoch in BasicTrainer:
loss = 4.66404297135093
INFO    [05-05 01:53:59] log in loggers:
Update Best NDCG@10 Model at 24
INFO    [05-05 01:54:02] validate in BasicTrainer:
{'Recall@10': 0.08971054639135088, 'NDCG@10': 0.049710205977871305, 'MRR@10': 0.03760537611586707, 'Recall@5': 0.0587563133310704, 'NDCG@5': 0.03976830059573764, 'MRR@5': 0.033541759653460415, 'Recall*@10': 0.08988280487912041, 'NDCG*@10': 0.05021631114539646, 'MRR*@10': 0.038194758196671806, 'Recall*@5': 0.05965329316400346, 'NDCG*@5': 0.040504418402200655, 'MRR*@5': 0.034223526095350586}
INFO    [05-05 01:54:02] train in BasicTrainer:
duration: 53.42673707008362s
INFO    [05-05 01:54:02] train in BasicTrainer:
epoch: 25
INFO    [05-05 01:54:18] _train_one_epoch in BasicTrainer:
loss = 4.6515676541761914
INFO    [05-05 01:54:55] log in loggers:
Update Best NDCG@10 Model at 25
INFO    [05-05 01:54:56] validate in BasicTrainer:
{'Recall@10': 0.09119529206128348, 'NDCG@10': 0.05073620786979085, 'MRR@10': 0.03849303917515846, 'Recall@5': 0.060291699710346404, 'NDCG@5': 0.04081407703814052, 'MRR@5': 0.034439572443564735, 'Recall*@10': 0.09170855617239362, 'NDCG*@10': 0.05136877759581521, 'MRR*@10': 0.039154290088585446, 'Recall*@5': 0.06074291964371999, 'NDCG*@5': 0.04142845936474346, 'MRR*@5': 0.035094281658530235}
INFO    [05-05 01:54:56] train in BasicTrainer:
duration: 54.3145797252655s
INFO    [05-05 01:54:56] train in BasicTrainer:
epoch: 26
INFO    [05-05 01:55:13] _train_one_epoch in BasicTrainer:
loss = 4.639740545099432
INFO    [05-05 01:55:45] log in loggers:
Update Best NDCG@10 Model at 26
INFO    [05-05 01:55:45] validate in BasicTrainer:
{'Recall@10': 0.09219510604937871, 'NDCG@10': 0.05096191806452615, 'MRR@10': 0.03846909868575278, 'Recall@5': 0.060740177652665546, 'NDCG@5': 0.04087234306193534, 'MRR@5': 0.034352898509019895, 'Recall*@10': 0.09222661845740818, 'NDCG*@10': 0.05174610550914492, 'MRR*@10': 0.03946543963892119, 'Recall*@5': 0.06167322840718996, 'NDCG*@5': 0.041941686755134946, 'MRR*@5': 0.035463735549932436}
INFO    [05-05 01:55:45] train in BasicTrainer:
duration: 49.3975727558136s
INFO    [05-05 01:55:45] train in BasicTrainer:
epoch: 27
DEBUG   [05-05 01:55:50] calculate_loss in loss:
soft_target max: 0.5001206398010254, argmax 13932629
DEBUG   [05-05 01:55:50] calculate_loss in loss:
pred max in softmax: 0.41964349150657654, argmax 5159015
DEBUG   [05-05 01:55:50] calculate_loss in loss:
soft_target max: 0.5001206398010254, argmax 24050945
DEBUG   [05-05 01:55:50] calculate_loss in loss:
pred max in softmax: 0.5347757935523987, argmax 47058139
INFO    [05-05 01:56:02] _train_one_epoch in BasicTrainer:
loss = 4.628419546647505
INFO    [05-05 01:56:32] log in loggers:
Update Best NDCG@10 Model at 27
INFO    [05-05 01:56:32] validate in BasicTrainer:
{'Recall@10': 0.09424537491230738, 'NDCG@10': 0.05216864159419423, 'MRR@10': 0.03944608657842591, 'Recall@5': 0.06189940231187003, 'NDCG@5': 0.041786176640362965, 'MRR@5': 0.03520607291942551, 'Recall*@10': 0.0951249666866802, 'NDCG*@10': 0.05322983985145887, 'MRR*@10': 0.04055417737080937, 'Recall*@5': 0.06305562758019992, 'NDCG*@5': 0.0429538640947569, 'MRR*@5': 0.03636848616103331}
INFO    [05-05 01:56:32] train in BasicTrainer:
duration: 47.02460980415344s
INFO    [05-05 01:56:32] train in BasicTrainer:
epoch: 28
INFO    [05-05 01:56:49] _train_one_epoch in BasicTrainer:
loss = 4.61726565361023
INFO    [05-05 01:57:20] log in loggers:
Update Best NDCG@10 Model at 28
INFO    [05-05 01:57:20] validate in BasicTrainer:
{'Recall@10': 0.09507907856078375, 'NDCG@10': 0.05283350195913088, 'MRR@10': 0.04004931964334987, 'Recall@5': 0.0626708393295606, 'NDCG@5': 0.042424797479595454, 'MRR@5': 0.0357953416449683, 'Recall*@10': 0.09556464425155095, 'NDCG*@10': 0.05380582951364063, 'MRR*@10': 0.0411483533680439, 'Recall*@5': 0.06373081959429241, 'NDCG*@5': 0.04357607680417243, 'MRR*@5': 0.03696394179548536}
INFO    [05-05 01:57:20] train in BasicTrainer:
duration: 47.606894731521606s
INFO    [05-05 01:57:20] train in BasicTrainer:
epoch: 29
INFO    [05-05 01:57:37] _train_one_epoch in BasicTrainer:
loss = 4.60641453482888
INFO    [05-05 01:58:09] validate in BasicTrainer:
{'Recall@10': 0.0954237129716646, 'NDCG@10': 0.052563065042098366, 'MRR@10': 0.03957042204482215, 'Recall@5': 0.06324877660898935, 'NDCG@5': 0.042225388366551625, 'MRR@5': 0.03534250874959287, 'Recall*@10': 0.09629888016553152, 'NDCG*@10': 0.05377630286273502, 'MRR*@10': 0.04087706531087557, 'Recall*@5': 0.0649635415701639, 'NDCG*@5': 0.04374556190201214, 'MRR*@5': 0.03679656237363815}
INFO    [05-05 01:58:09] train in BasicTrainer:
duration: 48.51325464248657s
INFO    [05-05 01:58:09] train in BasicTrainer:
epoch: 30
INFO    [05-05 01:58:25] _train_one_epoch in BasicTrainer:
loss = 4.59575589353388
INFO    [05-05 01:58:55] log in loggers:
Update Best NDCG@10 Model at 30
INFO    [05-05 01:58:56] validate in BasicTrainer:
{'Recall@10': 0.09547435385840279, 'NDCG@10': 0.05314856625738598, 'MRR@10': 0.04029076635127976, 'Recall@5': 0.0643382469813029, 'NDCG@5': 0.0431294549433958, 'MRR@5': 0.03618452414160683, 'Recall*@10': 0.09666575349512554, 'NDCG*@10': 0.054230667828094395, 'MRR*@10': 0.04132914649588721, 'Recall*@5': 0.06516681558319501, 'NDCG*@5': 0.04407870290534837, 'MRR*@5': 0.03715932023312364}
INFO    [05-05 01:58:56] train in BasicTrainer:
duration: 47.11405658721924s
INFO    [05-05 01:58:56] train in BasicTrainer:
epoch: 31
INFO    [05-05 01:59:13] _train_one_epoch in BasicTrainer:
loss = 4.5861580415205525
INFO    [05-05 01:59:44] log in loggers:
Update Best NDCG@10 Model at 31
INFO    [05-05 01:59:45] validate in BasicTrainer:
{'Recall@10': 0.09671830847149804, 'NDCG@10': 0.05370869150473958, 'MRR@10': 0.04067018503944079, 'Recall@5': 0.06438809952565602, 'NDCG@5': 0.043337633921986536, 'MRR@5': 0.03643846458622387, 'Recall*@10': 0.0974937067145393, 'NDCG*@10': 0.05468665205297016, 'MRR*@10': 0.04170081152447632, 'Recall*@5': 0.06520380931241172, 'NDCG*@5': 0.044303136389879955, 'MRR*@5': 0.03744855673894996}
INFO    [05-05 01:59:45] train in BasicTrainer:
duration: 49.159666776657104s
INFO    [05-05 01:59:45] train in BasicTrainer:
epoch: 32
INFO    [05-05 02:00:02] _train_one_epoch in BasicTrainer:
loss = 4.576582137021151
INFO    [05-05 02:00:32] log in loggers:
Update Best NDCG@10 Model at 32
INFO    [05-05 02:00:33] validate in BasicTrainer:
{'Recall@10': 0.09778038944516863, 'NDCG@10': 0.054496820129099344, 'MRR@10': 0.04137175512455758, 'Recall@5': 0.06510140817789804, 'NDCG@5': 0.04400652682497388, 'MRR@5': 0.037087539299612955, 'Recall*@10': 0.0990134250550043, 'NDCG*@10': 0.05580076788152967, 'MRR*@10': 0.042678630245583396, 'Recall*@5': 0.0669668795807021, 'NDCG*@5': 0.045518298411653155, 'MRR*@5': 0.03848168289377576}
INFO    [05-05 02:00:33] train in BasicTrainer:
duration: 47.809978723526s
INFO    [05-05 02:00:33] train in BasicTrainer:
epoch: 33
INFO    [05-05 02:00:49] _train_one_epoch in BasicTrainer:
loss = 4.567417084087025
INFO    [05-05 02:01:20] log in loggers:
Update Best NDCG@10 Model at 33
INFO    [05-05 02:01:20] validate in BasicTrainer:
{'Recall@10': 0.09848542156673613, 'NDCG@10': 0.05502759079848017, 'MRR@10': 0.04183159928236689, 'Recall@5': 0.06649314754066013, 'NDCG@5': 0.044748619021404354, 'MRR@5': 0.037627972485054104, 'Recall*@10': 0.09986772317261923, 'NDCG*@10': 0.05633888588774772, 'MRR*@10': 0.043095510452985764, 'Recall*@5': 0.06842507528407234, 'NDCG*@5': 0.04621768388010207, 'MRR*@5': 0.038945486502988}
INFO    [05-05 02:01:20] train in BasicTrainer:
duration: 47.43999171257019s
INFO    [05-05 02:01:20] train in BasicTrainer:
epoch: 34
INFO    [05-05 02:01:38] _train_one_epoch in BasicTrainer:
loss = 4.5587427182631055
INFO    [05-05 02:02:10] log in loggers:
Update Best NDCG@10 Model at 34
INFO    [05-05 02:02:10] validate in BasicTrainer:
{'Recall@10': 0.09869882322493054, 'NDCG@10': 0.055301938738141744, 'MRR@10': 0.04212668680009388, 'Recall@5': 0.06664763213623137, 'NDCG@5': 0.045003969754491537, 'MRR@5': 0.03791533197675433, 'Recall*@10': 0.10002326929853075, 'NDCG*@10': 0.056646088226920084, 'MRR*@10': 0.04344502073668298, 'Recall*@5': 0.06864065286659059, 'NDCG*@5': 0.046559710055589676, 'MRR*@5': 0.03931852563151291}
INFO    [05-05 02:02:10] train in BasicTrainer:
duration: 49.762593030929565s
INFO    [05-05 02:02:10] train in BasicTrainer:
epoch: 35
INFO    [05-05 02:02:26] _train_one_epoch in BasicTrainer:
loss = 4.550535834919323
INFO    [05-05 02:02:57] log in loggers:
Update Best NDCG@10 Model at 35
INFO    [05-05 02:02:57] validate in BasicTrainer:
{'Recall@10': 0.09902769362642652, 'NDCG@10': 0.05566012096546945, 'MRR@10': 0.04251345051896004, 'Recall@5': 0.0661128479100409, 'NDCG@5': 0.045071154655445186, 'MRR@5': 0.038175061699889955, 'Recall*@10': 0.10011916217349824, 'NDCG*@10': 0.05695543952641033, 'MRR*@10': 0.043853319117001126, 'Recall*@5': 0.06760914605997857, 'NDCG*@5': 0.04648777310337339, 'MRR*@5': 0.03955971041605586}
INFO    [05-05 02:02:57] train in BasicTrainer:
duration: 47.29822278022766s
INFO    [05-05 02:02:57] train in BasicTrainer:
epoch: 36
DEBUG   [05-05 02:03:04] calculate_loss in loss:
soft_target max: 0.5001206398010254, argmax 13112225
DEBUG   [05-05 02:03:04] calculate_loss in loss:
pred max in softmax: 0.4868367910385132, argmax 25109270
DEBUG   [05-05 02:03:04] calculate_loss in loss:
soft_target max: 0.5001206398010254, argmax 15194789
DEBUG   [05-05 02:03:04] calculate_loss in loss:
pred max in softmax: 0.7289133071899414, argmax 63693723
INFO    [05-05 02:03:15] _train_one_epoch in BasicTrainer:
loss = 4.542305326461792
INFO    [05-05 02:03:47] log in loggers:
Update Best NDCG@10 Model at 36
INFO    [05-05 02:03:47] validate in BasicTrainer:
{'Recall@10': 0.09977922907897405, 'NDCG@10': 0.05656281557111513, 'MRR@10': 0.04345948657109624, 'Recall@5': 0.06667009528194155, 'NDCG@5': 0.045929900592281706, 'MRR@5': 0.03911436012103444, 'Recall*@10': 0.10078948558796019, 'NDCG*@10': 0.05755132383533886, 'MRR*@10': 0.04441127429405848, 'Recall*@5': 0.0681876472774006, 'NDCG*@5': 0.047064832278660367, 'MRR*@5': 0.040116283510412486}
INFO    [05-05 02:03:47] train in BasicTrainer:
duration: 50.02452778816223s
INFO    [05-05 02:03:47] train in BasicTrainer:
epoch: 37
INFO    [05-05 02:04:04] _train_one_epoch in BasicTrainer:
loss = 4.53404690135609
INFO    [05-05 02:04:35] log in loggers:
Update Best NDCG@10 Model at 37
INFO    [05-05 02:04:35] validate in BasicTrainer:
{'Recall@10': 0.10022514526333128, 'NDCG@10': 0.05674974105897404, 'MRR@10': 0.04356219584033603, 'Recall@5': 0.06752705041851316, 'NDCG@5': 0.0462124612004984, 'MRR@5': 0.03923520942529043, 'Recall*@10': 0.101596471454416, 'NDCG*@10': 0.05828778960165523, 'MRR*@10': 0.04513079602093924, 'Recall*@5': 0.06915714627220518, 'NDCG*@5': 0.0478218745972429, 'MRR*@5': 0.04082569355765978}
INFO    [05-05 02:04:35] train in BasicTrainer:
duration: 47.764453649520874s
INFO    [05-05 02:04:35] train in BasicTrainer:
epoch: 38
INFO    [05-05 02:04:52] _train_one_epoch in BasicTrainer:
loss = 4.527046979557384
INFO    [05-05 02:05:24] log in loggers:
Update Best NDCG@10 Model at 38
INFO    [05-05 02:05:24] validate in BasicTrainer:
{'Recall@10': 0.10146988786402203, 'NDCG@10': 0.05751684112917809, 'MRR@10': 0.04420608122433935, 'Recall@5': 0.0676815350140844, 'NDCG@5': 0.0466670495058809, 'MRR@5': 0.0397721803968861, 'Recall*@10': 0.10262408213956016, 'NDCG*@10': 0.05885396472045353, 'MRR*@10': 0.04558272198552177, 'Recall*@5': 0.06960754877045042, 'NDCG*@5': 0.048259946739389784, 'MRR*@5': 0.041257936330068676}
INFO    [05-05 02:05:24] train in BasicTrainer:
duration: 49.16973519325256s
INFO    [05-05 02:05:24] train in BasicTrainer:
epoch: 39
INFO    [05-05 02:05:41] _train_one_epoch in BasicTrainer:
loss = 4.5195253112099385
INFO    [05-05 02:06:11] validate in BasicTrainer:
{'Recall@10': 0.10158200774874006, 'NDCG@10': 0.057492113539150784, 'MRR@10': 0.04414010172088941, 'Recall@5': 0.06857001781463623, 'NDCG@5': 0.046910750724020456, 'MRR@5': 0.039828000856297355, 'Recall*@10': 0.10268743761948176, 'NDCG*@10': 0.05866922704236848, 'MRR*@10': 0.04533534355106808, 'Recall*@5': 0.06964568155152458, 'NDCG*@5': 0.04807245394303685, 'MRR*@5': 0.041013634275822414}
INFO    [05-05 02:06:11] train in BasicTrainer:
duration: 47.318135499954224s
INFO    [05-05 02:06:11] train in BasicTrainer:
epoch: 40
INFO    [05-05 02:06:28] _train_one_epoch in BasicTrainer:
loss = 4.512713631716641
INFO    [05-05 02:06:59] log in loggers:
Update Best NDCG@10 Model at 40
INFO    [05-05 02:07:00] validate in BasicTrainer:
{'Recall@10': 0.10251955475125994, 'NDCG@10': 0.057941045079912455, 'MRR@10': 0.044414412407648, 'Recall@5': 0.06906578689813614, 'NDCG@5': 0.047195441666103545, 'MRR@5': 0.040021900264989765, 'Recall*@10': 0.10406465260755449, 'NDCG*@10': 0.059462508807579674, 'MRR*@10': 0.045909950598364786, 'Recall*@5': 0.07100342852728707, 'NDCG*@5': 0.04883974932488941, 'MRR*@5': 0.04156579467512313}
INFO    [05-05 02:07:00] train in BasicTrainer:
duration: 48.14353060722351s
INFO    [05-05 02:07:00] train in BasicTrainer:
epoch: 41
INFO    [05-05 02:07:17] _train_one_epoch in BasicTrainer:
loss = 4.506373366442594
INFO    [05-05 02:07:48] validate in BasicTrainer:
{'Recall@10': 0.10202299768016451, 'NDCG@10': 0.05790716320985839, 'MRR@10': 0.04454214516140166, 'Recall@5': 0.06904588497820355, 'NDCG@5': 0.04734595244129499, 'MRR@5': 0.0402429009832087, 'Recall*@10': 0.10368195247082483, 'NDCG*@10': 0.05938548772107987, 'MRR*@10': 0.045959156716153735, 'Recall*@5': 0.07040944979304359, 'NDCG*@5': 0.04872705237496467, 'MRR*@5': 0.041618886448088144}
INFO    [05-05 02:07:48] train in BasicTrainer:
duration: 48.623459577560425s
INFO    [05-05 02:07:48] train in BasicTrainer:
epoch: 42
INFO    [05-05 02:08:06] _train_one_epoch in BasicTrainer:
loss = 4.499706918543035
INFO    [05-05 02:08:36] log in loggers:
Update Best NDCG@10 Model at 42
INFO    [05-05 02:08:36] validate in BasicTrainer:
{'Recall@10': 0.10323286340350196, 'NDCG@10': 0.0588520694346655, 'MRR@10': 0.04539009946442786, 'Recall@5': 0.07001495964470364, 'NDCG@5': 0.0481956031705652, 'MRR@5': 0.04104170717653774, 'Recall*@10': 0.10389213122072674, 'NDCG*@10': 0.060015393154961724, 'MRR*@10': 0.04666593493450256, 'Recall*@5': 0.07159764993758429, 'NDCG*@5': 0.04962245197523208, 'MRR*@5': 0.0424064826220274}
INFO    [05-05 02:08:36] train in BasicTrainer:
duration: 48.31035614013672s
INFO    [05-05 02:08:36] train in BasicTrainer:
epoch: 43
INFO    [05-05 02:08:54] _train_one_epoch in BasicTrainer:
loss = 4.492700719833374
INFO    [05-05 02:09:26] validate in BasicTrainer:
{'Recall@10': 0.10235186843645006, 'NDCG@10': 0.058466864128907524, 'MRR@10': 0.045131424708025794, 'Recall@5': 0.06954165406170346, 'NDCG@5': 0.04790161851616133, 'MRR@5': 0.04079721601946013, 'Recall*@10': 0.10462686987150283, 'NDCG*@10': 0.06018227445227759, 'MRR*@10': 0.04667869795645986, 'Recall*@5': 0.07146710192873365, 'NDCG*@5': 0.04951602291493189, 'MRR*@5': 0.04230974738796552}
INFO    [05-05 02:09:26] train in BasicTrainer:
duration: 49.21476149559021s
INFO    [05-05 02:09:26] train in BasicTrainer:
epoch: 44
INFO    [05-05 02:09:43] _train_one_epoch in BasicTrainer:
loss = 4.486896116083319
INFO    [05-05 02:10:13] log in loggers:
Update Best NDCG@10 Model at 44
INFO    [05-05 02:10:13] validate in BasicTrainer:
{'Recall@10': 0.10393868386745453, 'NDCG@10': 0.05914081810485749, 'MRR@10': 0.04556127708582651, 'Recall@5': 0.07035624448742185, 'NDCG@5': 0.048347121015900656, 'MRR@5': 0.041144777089357376, 'Recall*@10': 0.10566042541038423, 'NDCG*@10': 0.06095418617838905, 'MRR*@10': 0.047381824325947536, 'Recall*@5': 0.07225351248468671, 'NDCG*@5': 0.05020222298446156, 'MRR*@5': 0.04297414138203576}
INFO    [05-05 02:10:13] train in BasicTrainer:
duration: 47.703282594680786s
INFO    [05-05 02:10:13] train in BasicTrainer:
epoch: 45
DEBUG   [05-05 02:10:21] calculate_loss in loss:
soft_target max: 0.5001206398010254, argmax 2383865
DEBUG   [05-05 02:10:21] calculate_loss in loss:
pred max in softmax: 0.4764709174633026, argmax 79911557
DEBUG   [05-05 02:10:21] calculate_loss in loss:
soft_target max: 0.5001206398010254, argmax 4929221
DEBUG   [05-05 02:10:21] calculate_loss in loss:
pred max in softmax: 0.847513735294342, argmax 30749959
INFO    [05-05 02:10:30] _train_one_epoch in BasicTrainer:
loss = 4.481485908681696
INFO    [05-05 02:11:01] log in loggers:
Update Best NDCG@10 Model at 45
INFO    [05-05 02:11:01] validate in BasicTrainer:
{'Recall@10': 0.1040159258104506, 'NDCG@10': 0.05971627008347284, 'MRR@10': 0.046281821316196806, 'Recall@5': 0.07069339106480281, 'NDCG@5': 0.049031320427145274, 'MRR@5': 0.04192517520416351, 'Recall*@10': 0.10523832447472073, 'NDCG*@10': 0.061235997293676646, 'MRR*@10': 0.04788120694103695, 'Recall*@5': 0.07231481231394268, 'NDCG*@5': 0.05067145451903343, 'MRR*@5': 0.04356920790104639}
INFO    [05-05 02:11:01] train in BasicTrainer:
duration: 47.57094955444336s
INFO    [05-05 02:11:01] train in BasicTrainer:
epoch: 46
INFO    [05-05 02:11:18] _train_one_epoch in BasicTrainer:
loss = 4.475494783574884
INFO    [05-05 02:11:51] validate in BasicTrainer:
{'Recall@10': 0.10383661375159309, 'NDCG@10': 0.059509141459351496, 'MRR@10': 0.04606153975640025, 'Recall@5': 0.07040530886678469, 'NDCG@5': 0.04875100918468975, 'MRR@5': 0.041652627466689976, 'Recall*@10': 0.10535885393619537, 'NDCG*@10': 0.0611070009569327, 'MRR*@10': 0.04765819208252998, 'Recall*@5': 0.07237538819511731, 'NDCG*@5': 0.050482889726048426, 'MRR*@5': 0.04329872947363626}
INFO    [05-05 02:11:51] train in BasicTrainer:
duration: 49.55182909965515s
INFO    [05-05 02:11:51] train in BasicTrainer:
epoch: 47
INFO    [05-05 02:12:07] _train_one_epoch in BasicTrainer:
loss = 4.470269415595315
INFO    [05-05 02:12:41] log in loggers:
Update Best NDCG@10 Model at 47
INFO    [05-05 02:12:44] validate in BasicTrainer:
{'Recall@10': 0.10502401632922036, 'NDCG@10': 0.06044536456465721, 'MRR@10': 0.046912782603786105, 'Recall@5': 0.07172394401970364, 'NDCG@5': 0.049755905710515524, 'MRR@5': 0.04254675284028053, 'Recall*@10': 0.10616379727919896, 'NDCG*@10': 0.06178900776874451, 'MRR*@10': 0.04829619381399382, 'Recall*@5': 0.07343207086835589, 'NDCG*@5': 0.051250431331850234, 'MRR*@5': 0.04397350319084667}
INFO    [05-05 02:12:44] train in BasicTrainer:
duration: 53.269450664520264s
INFO    [05-05 02:12:44] train in BasicTrainer:
epoch: 48
INFO    [05-05 02:13:05] _train_one_epoch in BasicTrainer:
loss = 4.4645637512207035
INFO    [05-05 02:13:37] log in loggers:
Update Best NDCG@10 Model at 48
INFO    [05-05 02:13:37] validate in BasicTrainer:
{'Recall@10': 0.10563604249840691, 'NDCG@10': 0.060587880157289054, 'MRR@10': 0.04692411227595238, 'Recall@5': 0.07159606083517983, 'NDCG@5': 0.04966028212081818, 'MRR@5': 0.04246071850260099, 'Recall*@10': 0.1069886102562859, 'NDCG*@10': 0.06208526449544089, 'MRR*@10': 0.04843815327400253, 'Recall*@5': 0.07345644845848992, 'NDCG*@5': 0.05129976872177351, 'MRR*@5': 0.044020622613884154}
INFO    [05-05 02:13:37] train in BasicTrainer:
duration: 53.046404123306274s
INFO    [05-05 02:13:37] train in BasicTrainer:
epoch: 49
INFO    [05-05 02:13:54] _train_one_epoch in BasicTrainer:
loss = 4.45952955159274
INFO    [05-05 02:14:24] log in loggers:
Update Best NDCG@10 Model at 49
INFO    [05-05 02:14:25] validate in BasicTrainer:
{'Recall@10': 0.10516273691540673, 'NDCG@10': 0.06064345155443464, 'MRR@10': 0.047129105244364054, 'Recall@5': 0.07192158166851316, 'NDCG@5': 0.049945282439390816, 'MRR@5': 0.04274371018012365, 'Recall*@10': 0.10636441728898458, 'NDCG*@10': 0.062131667066188084, 'MRR*@10': 0.04866472773608707, 'Recall*@5': 0.07386868518023264, 'NDCG*@5': 0.051654817802565436, 'MRR*@5': 0.044358895115909125}
INFO    [05-05 02:14:25] train in BasicTrainer:
duration: 47.838035583496094s
INFO    [05-05 02:14:25] train in BasicTrainer:
epoch: 50
INFO    [05-05 02:14:42] _train_one_epoch in BasicTrainer:
loss = 4.454468276283958
INFO    [05-05 02:15:14] log in loggers:
Update Best NDCG@10 Model at 50
INFO    [05-05 02:15:14] validate in BasicTrainer:
{'Recall@10': 0.10640334160554976, 'NDCG@10': 0.06100345473913919, 'MRR@10': 0.04724302337992759, 'Recall@5': 0.07147901540710813, 'NDCG@5': 0.049762749955767675, 'MRR@5': 0.04263529820101602, 'Recall*@10': 0.10753720502058665, 'NDCG*@10': 0.0626118282477061, 'MRR*@10': 0.048979549890472776, 'Recall*@5': 0.07312666678002902, 'NDCG*@5': 0.05154316251476606, 'MRR*@5': 0.04444625343950022}
INFO    [05-05 02:15:14] train in BasicTrainer:
duration: 49.18050980567932s
INFO    [05-05 02:15:14] train in BasicTrainer:
epoch: 51
INFO    [05-05 02:15:31] _train_one_epoch in BasicTrainer:
loss = 4.450139063054865
INFO    [05-05 02:16:01] log in loggers:
Update Best NDCG@10 Model at 51
INFO    [05-05 02:16:01] validate in BasicTrainer:
{'Recall@10': 0.10716729078974042, 'NDCG@10': 0.06163355016282627, 'MRR@10': 0.04781401636345046, 'Recall@5': 0.0729870122103464, 'NDCG@5': 0.050625843838566824, 'MRR@5': 0.04329699348835718, 'Recall*@10': 0.1087295271101452, 'NDCG*@10': 0.06337627112155869, 'MRR*@10': 0.04959711308280627, 'Recall*@5': 0.07485136868698257, 'NDCG*@5': 0.052469266135068166, 'MRR*@5': 0.045123081831705006}
INFO    [05-05 02:16:01] train in BasicTrainer:
duration: 47.4061975479126s
INFO    [05-05 02:16:01] train in BasicTrainer:
epoch: 52
INFO    [05-05 02:16:17] _train_one_epoch in BasicTrainer:
loss = 4.445495800538496
INFO    [05-05 02:16:48] log in loggers:
Update Best NDCG@10 Model at 52
INFO    [05-05 02:16:49] validate in BasicTrainer:
{'Recall@10': 0.10709753632545471, 'NDCG@10': 0.06174416751379058, 'MRR@10': 0.04798003286123276, 'Recall@5': 0.07311154582670756, 'NDCG@5': 0.050820676875965934, 'MRR@5': 0.04351120353454635, 'Recall*@10': 0.10836932098581678, 'NDCG*@10': 0.06343462016610872, 'MRR*@10': 0.049766616274913154, 'Recall*@5': 0.07518086227632705, 'NDCG*@5': 0.052754431253387815, 'MRR*@5': 0.04538996216087114}
INFO    [05-05 02:16:49] train in BasicTrainer:
duration: 47.53079581260681s
INFO    [05-05 02:16:49] train in BasicTrainer:
epoch: 53
INFO    [05-05 02:17:06] _train_one_epoch in BasicTrainer:
loss = 4.441605906053023
INFO    [05-05 02:17:39] validate in BasicTrainer:
{'Recall@10': 0.10646895780449822, 'NDCG@10': 0.061575440069039665, 'MRR@10': 0.047930171624535604, 'Recall@5': 0.0737974647255171, 'NDCG@5': 0.051090926818904425, 'MRR@5': 0.04365056132276853, 'Recall*@10': 0.10733985404173534, 'NDCG*@10': 0.0630606852826618, 'MRR*@10': 0.04955146089196205, 'Recall*@5': 0.07605965080715361, 'NDCG*@5': 0.05299602555377143, 'MRR*@5': 0.045427793016036354}
INFO    [05-05 02:17:39] train in BasicTrainer:
duration: 50.04997730255127s
INFO    [05-05 02:17:39] train in BasicTrainer:
epoch: 54
DEBUG   [05-05 02:17:49] calculate_loss in loss:
soft_target max: 0.5001206398010254, argmax 1815893
DEBUG   [05-05 02:17:49] calculate_loss in loss:
pred max in softmax: 0.5009040236473083, argmax 14126396
DEBUG   [05-05 02:17:49] calculate_loss in loss:
soft_target max: 0.5001206398010254, argmax 2446973
DEBUG   [05-05 02:17:49] calculate_loss in loss:
pred max in softmax: 0.5506581664085388, argmax 71633699
INFO    [05-05 02:17:56] _train_one_epoch in BasicTrainer:
loss = 4.437425830147483
INFO    [05-05 02:18:28] log in loggers:
Update Best NDCG@10 Model at 54
INFO    [05-05 02:18:28] validate in BasicTrainer:
{'Recall@10': 0.10710009790602185, 'NDCG@10': 0.061815282241219564, 'MRR@10': 0.04804838200410207, 'Recall@5': 0.07401835386242185, 'NDCG@5': 0.05119046054425694, 'MRR@5': 0.04370610504632905, 'Recall*@10': 0.1077778683531852, 'NDCG*@10': 0.06323865410827455, 'MRR*@10': 0.04965596841204734, 'Recall*@5': 0.07624696620873042, 'NDCG*@5': 0.05310500218045144, 'MRR*@5': 0.045510586528551014}
INFO    [05-05 02:18:28] train in BasicTrainer:
duration: 49.263132095336914s
INFO    [05-05 02:18:28] train in BasicTrainer:
epoch: 55
INFO    [05-05 02:18:46] _train_one_epoch in BasicTrainer:
loss = 4.432494267550382
INFO    [05-05 02:19:18] log in loggers:
Update Best NDCG@10 Model at 55
INFO    [05-05 02:19:18] validate in BasicTrainer:
{'Recall@10': 0.1078183324564071, 'NDCG@10': 0.062360764968962895, 'MRR@10': 0.04857418366840908, 'Recall@5': 0.07357992515677497, 'NDCG@5': 0.051349177424396784, 'MRR@5': 0.04406499241789182, 'Recall*@10': 0.10969703112329755, 'NDCG*@10': 0.0642496764305092, 'MRR*@10': 0.05046117696024123, 'Recall*@5': 0.07539867733915646, 'NDCG*@5': 0.05322112480089778, 'MRR*@5': 0.04594608041502181}
INFO    [05-05 02:19:18] train in BasicTrainer:
duration: 50.18887424468994s
INFO    [05-05 02:19:18] train in BasicTrainer:
epoch: 56
INFO    [05-05 02:19:35] _train_one_epoch in BasicTrainer:
loss = 4.4300035259940405
INFO    [05-05 02:20:06] validate in BasicTrainer:
{'Recall@10': 0.10765064614159721, 'NDCG@10': 0.06230166146443004, 'MRR@10': 0.04852621647573653, 'Recall@5': 0.07401086602892194, 'NDCG@5': 0.05148554167577198, 'MRR@5': 0.04409888759255409, 'Recall*@10': 0.10930116439149493, 'NDCG*@10': 0.06412827063884054, 'MRR*@10': 0.05039141575495402, 'Recall*@5': 0.07586465279261272, 'NDCG*@5': 0.05336507675903184, 'MRR*@5': 0.04597872477911767}
INFO    [05-05 02:20:06] train in BasicTrainer:
duration: 47.73842096328735s
INFO    [05-05 02:20:06] train in BasicTrainer:
epoch: 57
INFO    [05-05 02:20:38] _train_one_epoch in BasicTrainer:
loss = 4.425049543380737
INFO    [05-05 02:21:17] log in loggers:
Update Best NDCG@10 Model at 57
INFO    [05-05 02:21:18] validate in BasicTrainer:
{'Recall@10': 0.10773202634993054, 'NDCG@10': 0.06238860370857375, 'MRR@10': 0.048610281554006395, 'Recall@5': 0.07384731726987022, 'NDCG@5': 0.0514861625574884, 'MRR@5': 0.044142763706899825, 'Recall*@10': 0.10931861471562158, 'NDCG*@10': 0.06419127807021141, 'MRR*@10': 0.050461454228276297, 'Recall*@5': 0.07560794552167256, 'NDCG*@5': 0.053320505789348056, 'MRR*@5': 0.045992640246238024}
INFO    [05-05 02:21:18] train in BasicTrainer:
duration: 71.54669523239136s
INFO    [05-05 02:21:18] train in BasicTrainer:
epoch: 58
INFO    [05-05 02:21:34] _train_one_epoch in BasicTrainer:
loss = 4.4228930169885805
INFO    [05-05 02:22:05] log in loggers:
Update Best NDCG@10 Model at 58
INFO    [05-05 02:22:06] validate in BasicTrainer:
{'Recall@10': 0.10748039753664107, 'NDCG@10': 0.06247266914163317, 'MRR@10': 0.048799337375731694, 'Recall@5': 0.07377756280558449, 'NDCG@5': 0.05163270075406347, 'MRR@5': 0.044360434725171045, 'Recall*@10': 0.10853539158900578, 'NDCG*@10': 0.06403159527551561, 'MRR*@10': 0.050492064583869206, 'Recall*@5': 0.07556706489551634, 'NDCG*@5': 0.053433759936264584, 'MRR*@5': 0.0461559992815767}
INFO    [05-05 02:22:06] train in BasicTrainer:
duration: 47.9263596534729s
INFO    [05-05 02:22:06] train in BasicTrainer:
epoch: 59
INFO    [05-05 02:22:22] _train_one_epoch in BasicTrainer:
loss = 4.418592990528453
INFO    [05-05 02:22:54] log in loggers:
Update Best NDCG@10 Model at 59
INFO    [05-05 02:22:54] validate in BasicTrainer:
{'Recall@10': 0.10850760127816882, 'NDCG@10': 0.06318426451512746, 'MRR@10': 0.04940412317713102, 'Recall@5': 0.07483964342446554, 'NDCG@5': 0.05232059157320431, 'MRR@5': 0.04493509800661178, 'Recall*@10': 0.10990663227580842, 'NDCG*@10': 0.06468672802050908, 'MRR*@10': 0.05092883571272805, 'Recall*@5': 0.07664385437965393, 'NDCG*@5': 0.053973848621050514, 'MRR*@5': 0.046533615638812385}
INFO    [05-05 02:22:54] train in BasicTrainer:
duration: 48.75662660598755s
INFO    [05-05 02:22:55] close_training in BasicTrainer:
finished training
DEBUG   [05-05 02:22:55] debug_summary in loss:
loss nan summary: nan 0 times, not nan 6601 times, ratio nan / (nan + not_nan) = 0.0
INFO    [05-05 02:22:55] run_routine in Routine:
Finished training, Start final validation
INFO    [05-05 02:22:55] final_validate in BasicTrainer:
validate model on val set!
INFO    [05-05 02:22:55] load_state_from_given_path in utils:
checkpoint epoch: 59
INFO    [05-05 02:22:55] load_state_from_given_path in utils:
Loading model's parameters
INFO    [05-05 02:23:27] validate in BasicTrainer:
{'Recall@10': 0.10850760127816882, 'NDCG@10': 0.06318426451512746, 'MRR@10': 0.04940412317713102, 'Recall@5': 0.07483964342446554, 'NDCG@5': 0.05232059157320431, 'MRR@5': 0.04493509800661178, 'Recall*@10': 0.10990663227580842, 'NDCG*@10': 0.06468672802050908, 'MRR*@10': 0.05092883571272805, 'Recall*@5': 0.07664385437965393, 'NDCG*@5': 0.053973848621050514, 'MRR*@5': 0.046533615638812385}
INFO    [05-05 02:23:27] run_routine in Routine:
Finished final validating. Result: {'Recall@10': 0.10850760127816882, 'NDCG@10': 0.06318426451512746, 'MRR@10': 0.04940412317713102, 'Recall@5': 0.07483964342446554, 'NDCG@5': 0.05232059157320431, 'MRR@5': 0.04493509800661178, 'Recall*@10': 0.10990663227580842, 'NDCG*@10': 0.06468672802050908, 'MRR*@10': 0.05092883571272805, 'Recall*@5': 0.07664385437965393, 'NDCG*@5': 0.053973848621050514, 'MRR*@5': 0.046533615638812385}
INFO    [05-05 02:23:27] _evaluate in DistillSched:
Start testing student model on test set
INFO    [05-05 02:23:27] test in BasicTrainer:
Test model on test set!
INFO    [05-05 02:23:27] test_with_given_state_path in BasicTrainer:
Loading model params from ___movies_soft_2022/pop_narm-T-6.0-al-0.75_05-05_01:32_t9/student_narm_logs/checkpoint/best_acc_model.pth.
INFO    [05-05 02:23:27] load_state_from_given_path in utils:
checkpoint epoch: 59
INFO    [05-05 02:23:27] load_state_from_given_path in utils:
Loading model's parameters
INFO    [05-05 02:23:27] test_with_given_state_path in BasicTrainer:
Finished loading. Start testing.
INFO    [05-05 02:24:00] test_with_given_state_path in BasicTrainer:
{'Recall@10': 0.09615869642723174, 'NDCG@10': 0.055086459254934675, 'MRR@10': 0.04261307187733196, 'Recall@5': 0.0656702812938463, 'NDCG@5': 0.04526321465770403, 'MRR@5': 0.03857983205290068, 'Recall*@10': 0.09890517415035338, 'NDCG*@10': 0.057640415749379566, 'MRR*@10': 0.045101295092276165, 'Recall*@5': 0.0684608111069316, 'NDCG*@5': 0.04783261389959426, 'MRR*@5': 0.04107510830674853}
INFO    [05-05 02:24:00] _evaluate in DistillSched:
!!Final Result!!: {'Recall@10': 0.09615869642723174, 'NDCG@10': 0.055086459254934675, 'MRR@10': 0.04261307187733196, 'Recall@5': 0.0656702812938463, 'NDCG@5': 0.04526321465770403, 'MRR@5': 0.03857983205290068, 'Recall*@10': 0.09890517415035338, 'NDCG*@10': 0.057640415749379566, 'MRR*@10': 0.045101295092276165, 'Recall*@5': 0.0684608111069316, 'NDCG*@5': 0.04783261389959426, 'MRR*@5': 0.04107510830674853}
