INFO    [05-04 21:42:15] setup_train in utils:
{
    "experiment_dir": "___movies_base_partial_2022",
    "experiment_description": "base",
    "describe": "{config[model_code]}-rate-{config[sample_rate]}-seed-{config[sample_seed]}",
    "dataset_name": "movies.csv",
    "sched": "basic",
    "model_code": "narm",
    "num_epochs": 60,
    "mode": [
        "train",
        "test"
    ],
    "max_len": 10,
    "test_state_path": null,
    "model_state_path": null,
    "do_sampling": true,
    "path_for_sample": "Data/Cache/movies-5-5.pkl",
    "sample_rate": 0.8,
    "sample_seed": 2000,
    "rand_seed": 2022,
    "load_processed_dataset": true,
    "save_processed_dataset": false,
    "dataset_cache_filename": null,
    "do_remap": false,
    "weight_decay": 0,
    "decay_step": 15,
    "gamma": 0.99,
    "lr": 0.001,
    "min_length": 5,
    "min_item_inter": 5,
    "good_only": false,
    "use_rating": true,
    "test_negative_sampler_code": "random",
    "test_negative_sample_size": 0,
    "dataloader_type": "next",
    "train_batch_size": 4096,
    "val_batch_size": 4096,
    "test_batch_size": 4096,
    "prop_sliding_window": -1.0,
    "worker_number": 2,
    "metric_ks": [
        5,
        10
    ],
    "device": "cuda",
    "num_gpu": 1,
    "optimizer": "Adam",
    "best_metric": "NDCG@10",
    "show_process_bar": false,
    "config_file": "config2.movies/narm/config_partial.json",
    "task_id": 2,
    "split": "leave_one_out",
    "train_negative_sampler_code": "random",
    "train_negative_sample_size": 100,
    "device_idx": "0",
    "momentum": null,
    "log_period_as_iter": 12800,
    "mentor_code": "bert",
    "training_routine": null,
    "T": 1,
    "alpha": 0.1,
    "dvae_alpha": 0.5,
    "softmaxed_mentor": false,
    "weight_list": [
        0.5,
        0.5
    ],
    "validation_rate": 0.2,
    "num_items": null,
    "start_index": 1,
    "kwargs": null
}
DEBUG   [05-04 21:42:15] __init__ in BasicSched:
BasicScheduler attribs: tag=narm
INFO    [05-04 21:42:15] _load_sampled_dataset_from_path in utils:
loading sampled dataset from /data01/wushiguang-slurm/Codes/soft-rec/Data/Cache/sampled_movies-5-5-rate-0.8-seed-2000.pkl
INFO    [05-04 21:42:16] _check_dataset_cache in utils:
check if the cache is generated under this configuration
INFO    [05-04 21:42:16] _check_dataset_cache in utils:
correct.
INFO    [05-04 21:42:16] __init__ in NextItemDataloader:
there are 21035 items in this dataset, 65724 users, padding_first? False
DEBUG   [05-04 21:42:28] generate_model in utils:
model_code_list=['narm']
INFO    [05-04 21:42:28] load_model_config in utils:
loading model narm's config file at asset/config/model/narm.json
INFO    [05-04 21:42:28] load_model_config in utils:
{
    "embedding_size": 64,
    "hidden_size": 128,
    "n_layers": 1,
    "dropout_probs": [
        0.25,
        0.5
    ]
}
WARNING [05-04 21:42:51] get_exist_path in utils:
dir ___movies_base_partial_2022/base_narm-rate-0.8-seed-2000_05-04_21:42_t2/narm_logs does not exist! Create one.
WARNING [05-04 21:42:51] get_exist_path in utils:
dir ___movies_base_partial_2022/base_narm-rate-0.8-seed-2000_05-04_21:42_t2/narm_logs/tb_vis does not exist! Create one.
WARNING [05-04 21:42:51] get_exist_path in utils:
dir ___movies_base_partial_2022/base_narm-rate-0.8-seed-2000_05-04_21:42_t2/narm_logs/checkpoint does not exist! Create one.
INFO    [05-04 21:42:51] __init__ in BasicSched:
NARM(
  (item_embedding): Embedding(21036, 64, padding_idx=0)
  (emb_dropout): Dropout(p=0.25, inplace=False)
  (gru): GRU(64, 128, bias=False, batch_first=True)
  (a_1): Linear(in_features=128, out_features=128, bias=False)
  (a_2): Linear(in_features=128, out_features=128, bias=False)
  (v_t): Linear(in_features=128, out_features=1, bias=False)
  (ct_dropout): Dropout(p=0.5, inplace=False)
  (b): Linear(in_features=256, out_features=64, bias=False)
  (loss_fct): CrossEntropyLoss()
)
WARNING [05-04 21:42:51] get_path in utils:
Path is None
WARNING [05-04 21:42:51] load_state_from_given_path in utils:
Not given any path.
INFO    [05-04 21:42:51] assert_model_device in utils:
model narm has 5.60498046875 MB params.
INFO    [05-04 21:42:51] __init__ in BasicTrainer:
360448 iter per epoch
INFO    [05-04 21:42:51] _fit in BasicSched:
Start training.
INFO    [05-04 21:43:18] log in loggers:
Update Best NDCG@10 Model at 0
INFO    [05-04 21:43:18] validate in BasicTrainer:
{'Recall@10': 0.0005744485294117647, 'NDCG@10': 0.0002833834069486543, 'MRR@10': 0.00019634970104722444, 'Recall@5': 0.0003159466911764706, 'NDCG@5': 0.00020242691115366623, 'MRR@5': 0.0001644358947968987, 'Recall*@10': 0.00045966613620026587, 'NDCG*@10': 0.00021714897165485823, 'MRR*@10': 0.00014402069235289032, 'Recall*@5': 0.0002680280509487014, 'NDCG*@5': 0.00015704182014280164, 'MRR*@5': 0.00012029931060490472}
INFO    [05-04 21:43:18] train in BasicTrainer:
epoch: 0
INFO    [05-04 21:43:31] _train_one_epoch in BasicTrainer:
loss = 9.636345408179544
INFO    [05-04 21:43:56] log in loggers:
Update Best NDCG@10 Model at 0
INFO    [05-04 21:43:56] validate in BasicTrainer:
{'Recall@10': 0.015276358627221164, 'NDCG@10': 0.007651543080368463, 'MRR@10': 0.005364833290086073, 'Recall@5': 0.00855317191385171, 'NDCG@5': 0.0054956081816378765, 'MRR@5': 0.004486305611755918, 'Recall*@10': 0.014662543311715126, 'NDCG*@10': 0.007344879566089195, 'MRR*@10': 0.005150066661264966, 'Recall*@5': 0.008147411596249132, 'NDCG*@5': 0.005239962531691965, 'MRR*@5': 0.004283109282636467}
INFO    [05-04 21:43:56] train in BasicTrainer:
duration: 38.502922773361206s
INFO    [05-04 21:43:56] train in BasicTrainer:
epoch: 1
INFO    [05-04 21:44:09] _train_one_epoch in BasicTrainer:
loss = 9.116836428642273
INFO    [05-04 21:44:35] log in loggers:
Update Best NDCG@10 Model at 1
INFO    [05-04 21:44:35] validate in BasicTrainer:
{'Recall@10': 0.01588869631728705, 'NDCG@10': 0.007997593979406007, 'MRR@10': 0.005607650149613619, 'Recall@5': 0.009874403531498769, 'NDCG@5': 0.006071719888816862, 'MRR@5': 0.004824257524245802, 'Recall*@10': 0.01418849458808408, 'NDCG*@10': 0.006941843695719452, 'MRR*@10': 0.004749811624231584, 'Recall*@5': 0.008707305991693455, 'NDCG*@5': 0.005184123621267431, 'MRR*@5': 0.004033199648427612}
INFO    [05-04 21:44:35] train in BasicTrainer:
duration: 39.23528075218201s
INFO    [05-04 21:44:35] train in BasicTrainer:
epoch: 2
INFO    [05-04 21:44:48] _train_one_epoch in BasicTrainer:
loss = 9.032118168744175
INFO    [05-04 21:45:13] log in loggers:
Update Best NDCG@10 Model at 2
INFO    [05-04 21:45:13] validate in BasicTrainer:
{'Recall@10': 0.01749409658505636, 'NDCG@10': 0.00883562145206858, 'MRR@10': 0.006235696156235302, 'Recall@5': 0.010216017089345875, 'NDCG@5': 0.006497342824278509, 'MRR@5': 0.005279772695811356, 'Recall*@10': 0.016131099039579138, 'NDCG*@10': 0.007938524050747646, 'MRR*@10': 0.005491602837162859, 'Recall*@5': 0.008955017334836371, 'NDCG*@5': 0.005631925921668024, 'MRR*@5': 0.004548190627247095}
INFO    [05-04 21:45:13] train in BasicTrainer:
duration: 38.03924775123596s
INFO    [05-04 21:45:13] train in BasicTrainer:
epoch: 3
INFO    [05-04 21:45:26] _train_one_epoch in BasicTrainer:
loss = 8.957066915251993
INFO    [05-04 21:45:52] log in loggers:
Update Best NDCG@10 Model at 3
INFO    [05-04 21:45:52] validate in BasicTrainer:
{'Recall@10': 0.025725210633348015, 'NDCG@10': 0.012504485545351225, 'MRR@10': 0.008543150636422284, 'Recall@5': 0.014974773149279988, 'NDCG@5': 0.009065758601269302, 'MRR@5': 0.007145462612457135, 'Recall*@10': 0.023962708299650866, 'NDCG*@10': 0.011658835334374625, 'MRR*@10': 0.007975003873819815, 'Recall*@5': 0.013788705582127851, 'NDCG*@5': 0.008408937082790276, 'MRR*@5': 0.006656572222709656}
INFO    [05-04 21:45:52] train in BasicTrainer:
duration: 38.98776340484619s
INFO    [05-04 21:45:52] train in BasicTrainer:
epoch: 4
INFO    [05-04 21:46:05] _train_one_epoch in BasicTrainer:
loss = 8.793447624553334
INFO    [05-04 21:46:30] log in loggers:
Update Best NDCG@10 Model at 4
INFO    [05-04 21:46:30] validate in BasicTrainer:
{'Recall@10': 0.03237445236128919, 'NDCG@10': 0.01593935938880724, 'MRR@10': 0.01100778316750246, 'Recall@5': 0.018697382882237434, 'NDCG@5': 0.011553032926338561, 'MRR@5': 0.009219099493587719, 'Recall*@10': 0.030918639372376835, 'NDCG*@10': 0.015001399552120882, 'MRR*@10': 0.010243853444562238, 'Recall*@5': 0.0174475785016137, 'NDCG*@5': 0.01068071196513141, 'MRR*@5': 0.008481746703824577}
INFO    [05-04 21:46:30] train in BasicTrainer:
duration: 37.725228786468506s
INFO    [05-04 21:46:30] train in BasicTrainer:
epoch: 5
INFO    [05-04 21:46:43] _train_one_epoch in BasicTrainer:
loss = 8.664467605677517
INFO    [05-04 21:47:09] log in loggers:
Update Best NDCG@10 Model at 5
INFO    [05-04 21:47:09] validate in BasicTrainer:
{'Recall@10': 0.037560989313265854, 'NDCG@10': 0.018163476358441746, 'MRR@10': 0.012348321102121296, 'Recall@5': 0.021351151825750574, 'NDCG@5': 0.012968594153576037, 'MRR@5': 0.010232583564870498, 'Recall*@10': 0.03780466822140357, 'NDCG*@10': 0.018063112162053585, 'MRR*@10': 0.012152368367156562, 'Recall*@5': 0.021131353014532256, 'NDCG*@5': 0.012724835535182673, 'MRR*@5': 0.00998148470021346}
INFO    [05-04 21:47:09] train in BasicTrainer:
duration: 39.2276132106781s
INFO    [05-04 21:47:09] train in BasicTrainer:
epoch: 6
INFO    [05-04 21:47:22] _train_one_epoch in BasicTrainer:
loss = 8.57619752667167
INFO    [05-04 21:47:47] log in loggers:
Update Best NDCG@10 Model at 6
INFO    [05-04 21:47:47] validate in BasicTrainer:
{'Recall@10': 0.04116870923077359, 'NDCG@10': 0.020360696841688716, 'MRR@10': 0.014122694785542348, 'Recall@5': 0.023890030953814003, 'NDCG@5': 0.014816315735087675, 'MRR@5': 0.01186007064054994, 'Recall*@10': 0.040534900830072516, 'NDCG*@10': 0.02024138412054847, 'MRR*@10': 0.014154744444086272, 'Recall*@5': 0.02386881553513162, 'NDCG*@5': 0.014897411524811211, 'MRR*@5': 0.011976296739543186}
INFO    [05-04 21:47:47] train in BasicTrainer:
duration: 37.62517237663269s
INFO    [05-04 21:47:47] train in BasicTrainer:
epoch: 7
INFO    [05-04 21:48:00] _train_one_epoch in BasicTrainer:
loss = 8.488431096076965
INFO    [05-04 21:48:26] log in loggers:
Update Best NDCG@10 Model at 7
INFO    [05-04 21:48:26] validate in BasicTrainer:
{'Recall@10': 0.0442820371073835, 'NDCG@10': 0.02190259230487487, 'MRR@10': 0.015172370106858365, 'Recall@5': 0.025645154583103517, 'NDCG@5': 0.015902807826504987, 'MRR@5': 0.01271208786569974, 'Recall*@10': 0.044543043874642425, 'NDCG*@10': 0.021964532706667397, 'MRR*@10': 0.015178157454904388, 'Recall*@5': 0.02564682888195795, 'NDCG*@5': 0.01588312481694362, 'MRR*@5': 0.01268604107420234}
INFO    [05-04 21:48:26] train in BasicTrainer:
duration: 38.781785011291504s
INFO    [05-04 21:48:26] train in BasicTrainer:
epoch: 8
INFO    [05-04 21:48:38] _train_one_epoch in BasicTrainer:
loss = 8.410073204474015
INFO    [05-04 21:49:03] log in loggers:
Update Best NDCG@10 Model at 8
INFO    [05-04 21:49:04] validate in BasicTrainer:
{'Recall@10': 0.04549754564376438, 'NDCG@10': 0.023217150064952233, 'MRR@10': 0.0165026524268529, 'Recall@5': 0.02762089078040684, 'NDCG@5': 0.01744988955119077, 'MRR@5': 0.014130736372488387, 'Recall*@10': 0.04571636897676131, 'NDCG*@10': 0.023194664870114887, 'MRR*@10': 0.016402022803530973, 'Recall*@5': 0.028016832054537887, 'NDCG*@5': 0.017490780638421282, 'MRR*@5': 0.014059845303349635}
INFO    [05-04 21:49:04] train in BasicTrainer:
duration: 37.827784299850464s
INFO    [05-04 21:49:04] train in BasicTrainer:
epoch: 9
INFO    [05-04 21:49:17] _train_one_epoch in BasicTrainer:
loss = 8.348683151331814
INFO    [05-04 21:49:43] log in loggers:
Update Best NDCG@10 Model at 9
INFO    [05-04 21:49:43] validate in BasicTrainer:
{'Recall@10': 0.048788402448682225, 'NDCG@10': 0.024350532933193093, 'MRR@10': 0.017018982428399956, 'Recall@5': 0.02860050889499047, 'NDCG@5': 0.017884019378791836, 'MRR@5': 0.014385678421925096, 'Recall*@10': 0.04824084525599199, 'NDCG*@10': 0.023953665705288157, 'MRR*@10': 0.016683813567985508, 'Recall*@5': 0.027849709067274544, 'NDCG*@5': 0.017437977442408308, 'MRR*@5': 0.01403980762423838}
INFO    [05-04 21:49:43] train in BasicTrainer:
duration: 39.63306140899658s
INFO    [05-04 21:49:43] train in BasicTrainer:
epoch: 10
INFO    [05-04 21:49:56] _train_one_epoch in BasicTrainer:
loss = 8.297045122493397
INFO    [05-04 21:50:21] log in loggers:
Update Best NDCG@10 Model at 10
INFO    [05-04 21:50:21] validate in BasicTrainer:
{'Recall@10': 0.05172022870358299, 'NDCG@10': 0.026252447353566393, 'MRR@10': 0.018599348471445197, 'Recall@5': 0.03073421843788203, 'NDCG@5': 0.019516142304329312, 'MRR@5': 0.015849045642158565, 'Recall*@10': 0.05209061525323812, 'NDCG*@10': 0.026474293102236354, 'MRR*@10': 0.018774601466515484, 'Recall*@5': 0.031152432017466602, 'NDCG*@5': 0.019764607772231102, 'MRR*@5': 0.01604172127211795}
INFO    [05-04 21:50:21] train in BasicTrainer:
duration: 37.60368466377258s
INFO    [05-04 21:50:21] train in BasicTrainer:
epoch: 11
INFO    [05-04 21:50:34] _train_one_epoch in BasicTrainer:
loss = 8.241508039561184
INFO    [05-04 21:51:00] log in loggers:
Update Best NDCG@10 Model at 11
INFO    [05-04 21:51:00] validate in BasicTrainer:
{'Recall@10': 0.054891001213999355, 'NDCG@10': 0.028432612800422835, 'MRR@10': 0.02049272693693638, 'Recall@5': 0.033442376510185355, 'NDCG@5': 0.02156648675308508, 'MRR@5': 0.017700185506221128, 'Recall*@10': 0.05516037761288531, 'NDCG*@10': 0.028443515081616008, 'MRR*@10': 0.020440512610708967, 'Recall*@5': 0.033247520380160385, 'NDCG*@5': 0.021429344683009034, 'MRR*@5': 0.01758812806185554}
INFO    [05-04 21:51:00] train in BasicTrainer:
duration: 38.91028714179993s
INFO    [05-04 21:51:00] train in BasicTrainer:
epoch: 12
INFO    [05-04 21:51:13] _train_one_epoch in BasicTrainer:
loss = 8.17757026715712
INFO    [05-04 21:51:38] log in loggers:
Update Best NDCG@10 Model at 12
INFO    [05-04 21:51:38] validate in BasicTrainer:
{'Recall@10': 0.05826588632429347, 'NDCG@10': 0.030515595284454963, 'MRR@10': 0.02219555855673902, 'Recall@5': 0.035424223936655945, 'NDCG@5': 0.023240902844597313, 'MRR@5': 0.01925792868303902, 'Recall*@10': 0.05990796404726365, 'NDCG*@10': 0.03114875318372951, 'MRR*@10': 0.022528632927466843, 'Recall*@5': 0.03623122042592834, 'NDCG*@5': 0.023608621757696655, 'MRR*@5': 0.019483951577807173}
INFO    [05-04 21:51:38] train in BasicTrainer:
duration: 38.54824090003967s
INFO    [05-04 21:51:38] train in BasicTrainer:
epoch: 13
INFO    [05-04 21:51:51] _train_one_epoch in BasicTrainer:
loss = 8.103567703203721
INFO    [05-04 21:52:16] log in loggers:
Update Best NDCG@10 Model at 13
INFO    [05-04 21:52:16] validate in BasicTrainer:
{'Recall@10': 0.06314258759512621, 'NDCG@10': 0.03357479381648933, 'MRR@10': 0.024680609431336906, 'Recall@5': 0.03963114277404897, 'NDCG@5': 0.02601940677884747, 'MRR@5': 0.02159125423606704, 'Recall*@10': 0.06470771659823026, 'NDCG*@10': 0.034368970267036385, 'MRR*@10': 0.025247713112655806, 'Recall*@5': 0.04084870569846209, 'NDCG*@5': 0.026709040517316145, 'MRR*@5': 0.022120136438923722}
INFO    [05-04 21:52:16] train in BasicTrainer:
duration: 38.13867664337158s
INFO    [05-04 21:52:16] train in BasicTrainer:
epoch: 14
INFO    [05-04 21:52:30] _train_one_epoch in BasicTrainer:
loss = 8.02475403655659
INFO    [05-04 21:52:56] log in loggers:
Update Best NDCG@10 Model at 14
INFO    [05-04 21:52:56] validate in BasicTrainer:
{'Recall@10': 0.06557574386105817, 'NDCG@10': 0.03470749605227919, 'MRR@10': 0.02539774852202219, 'Recall@5': 0.04057684409267762, 'NDCG@5': 0.026666501865667457, 'MRR@5': 0.022104764685911292, 'Recall*@10': 0.06742305220926509, 'NDCG*@10': 0.03602729430970024, 'MRR*@10': 0.026558972018606523, 'Recall*@5': 0.042086051229168385, 'NDCG*@5': 0.027872544548967305, 'MRR*@5': 0.02321634890840334}
INFO    [05-04 21:52:56] train in BasicTrainer:
duration: 39.43839502334595s
INFO    [05-04 21:52:56] train in BasicTrainer:
epoch: 15
INFO    [05-04 21:53:08] _train_one_epoch in BasicTrainer:
loss = 7.954818785190582
INFO    [05-04 21:53:33] log in loggers:
Update Best NDCG@10 Model at 15
INFO    [05-04 21:53:33] validate in BasicTrainer:
{'Recall@10': 0.07116133894990473, 'NDCG@10': 0.03766036274678567, 'MRR@10': 0.027543148683274492, 'Recall@5': 0.045369516838999355, 'NDCG@5': 0.029365225749857286, 'MRR@5': 0.024146185640026543, 'Recall*@10': 0.07301076589261785, 'NDCG*@10': 0.03933850237551857, 'MRR*@10': 0.02914295455112177, 'Recall*@5': 0.04773679309908081, 'NDCG*@5': 0.031192345544695854, 'MRR*@5': 0.025796828681931776}
INFO    [05-04 21:53:33] train in BasicTrainer:
duration: 37.55233979225159s
INFO    [05-04 21:53:33] train in BasicTrainer:
epoch: 16
INFO    [05-04 21:53:47] _train_one_epoch in BasicTrainer:
loss = 7.893254491415891
INFO    [05-04 21:54:13] log in loggers:
Update Best NDCG@10 Model at 16
INFO    [05-04 21:54:13] validate in BasicTrainer:
{'Recall@10': 0.07297085181755178, 'NDCG@10': 0.03853640573866227, 'MRR@10': 0.02812685477821266, 'Recall@5': 0.04662810923422084, 'NDCG@5': 0.030081673141788032, 'MRR@5': 0.024674306678421357, 'Recall*@10': 0.07555046984378029, 'NDCG*@10': 0.04025692668031244, 'MRR*@10': 0.029574233929024023, 'Recall*@5': 0.04857286679394105, 'NDCG*@5': 0.03157626508789904, 'MRR*@5': 0.026016681181157335}
INFO    [05-04 21:54:13] train in BasicTrainer:
duration: 39.617154359817505s
INFO    [05-04 21:54:13] train in BasicTrainer:
epoch: 17
INFO    [05-04 21:54:25] _train_one_epoch in BasicTrainer:
loss = 7.843110707673159
INFO    [05-04 21:54:51] log in loggers:
Update Best NDCG@10 Model at 17
INFO    [05-04 21:54:51] validate in BasicTrainer:
{'Recall@10': 0.0737637741600766, 'NDCG@10': 0.03986911344177583, 'MRR@10': 0.029583316844175842, 'Recall@5': 0.048572067390469945, 'NDCG@5': 0.03175204444457503, 'MRR@5': 0.026249980773119366, 'Recall*@10': 0.076277655275429, 'NDCG*@10': 0.041748012032578975, 'MRR*@10': 0.031261363778920734, 'Recall*@5': 0.05089430313776521, 'NDCG*@5': 0.03355162404477596, 'MRR*@5': 0.027885133290992063}
INFO    [05-04 21:54:51] train in BasicTrainer:
duration: 37.687238454818726s
INFO    [05-04 21:54:51] train in BasicTrainer:
epoch: 18
INFO    [05-04 21:55:04] _train_one_epoch in BasicTrainer:
loss = 7.79603496464816
INFO    [05-04 21:55:29] log in loggers:
Update Best NDCG@10 Model at 18
INFO    [05-04 21:55:29] validate in BasicTrainer:
{'Recall@10': 0.07518553427037071, 'NDCG@10': 0.041175819276010286, 'MRR@10': 0.030899577719323775, 'Recall@5': 0.04814734222257838, 'NDCG@5': 0.0324574441594236, 'MRR@5': 0.027316234786720836, 'Recall*@10': 0.07805745566592497, 'NDCG*@10': 0.043154000797692466, 'MRR*@10': 0.0326033908435527, 'Recall*@5': 0.050319845842964506, 'NDCG*@5': 0.03420650312567458, 'MRR*@5': 0.028923520270515892}
INFO    [05-04 21:55:29] train in BasicTrainer:
duration: 38.68869113922119s
INFO    [05-04 21:55:29] train in BasicTrainer:
epoch: 19
INFO    [05-04 21:55:42] _train_one_epoch in BasicTrainer:
loss = 7.757053380662745
INFO    [05-04 21:56:07] log in loggers:
Update Best NDCG@10 Model at 19
INFO    [05-04 21:56:07] validate in BasicTrainer:
{'Recall@10': 0.0768052957513753, 'NDCG@10': 0.04160045196904855, 'MRR@10': 0.030929553048575625, 'Recall@5': 0.050025605541818285, 'NDCG@5': 0.03301526606082916, 'MRR@5': 0.027430090724545365, 'Recall*@10': 0.07949495753821205, 'NDCG*@10': 0.0434728098266265, 'MRR*@10': 0.032534042702001685, 'Recall*@5': 0.05258476646507487, 'NDCG*@5': 0.0348331901957007, 'MRR*@5': 0.02900531329214573}
INFO    [05-04 21:56:07] train in BasicTrainer:
duration: 37.66015934944153s
INFO    [05-04 21:56:07] train in BasicTrainer:
epoch: 20
INFO    [05-04 21:56:20] _train_one_epoch in BasicTrainer:
loss = 7.712968186898665
INFO    [05-04 21:56:46] log in loggers:
Update Best NDCG@10 Model at 20
INFO    [05-04 21:56:46] validate in BasicTrainer:
{'Recall@10': 0.07853169695419424, 'NDCG@10': 0.043167347198023516, 'MRR@10': 0.03246680274605751, 'Recall@5': 0.0512032250271124, 'NDCG@5': 0.03435206610490294, 'MRR@5': 0.028841960846501237, 'Recall*@10': 0.08122045196154538, 'NDCG*@10': 0.045502638334737104, 'MRR*@10': 0.03467710984542089, 'Recall*@5': 0.05412176886902136, 'NDCG*@5': 0.03675634709789472, 'MRR*@5': 0.031078037203234786}
INFO    [05-04 21:56:46] train in BasicTrainer:
duration: 39.136494874954224s
INFO    [05-04 21:56:46] train in BasicTrainer:
epoch: 21
INFO    [05-04 21:56:59] _train_one_epoch in BasicTrainer:
loss = 7.678016071969813
INFO    [05-04 21:57:24] log in loggers:
Update Best NDCG@10 Model at 21
INFO    [05-04 21:57:24] validate in BasicTrainer:
{'Recall@10': 0.07847730771583669, 'NDCG@10': 0.04337275006315287, 'MRR@10': 0.03272097579696599, 'Recall@5': 0.052926570615347696, 'NDCG@5': 0.03519580622806268, 'MRR@5': 0.029395524521960932, 'Recall*@10': 0.08206922429449418, 'NDCG*@10': 0.04571162251865163, 'MRR*@10': 0.034685967818779105, 'Recall*@5': 0.05521560328848222, 'NDCG*@5': 0.037117654567255694, 'MRR*@5': 0.031191162107621923}
INFO    [05-04 21:57:24] train in BasicTrainer:
duration: 37.793468713760376s
INFO    [05-04 21:57:24] train in BasicTrainer:
epoch: 22
INFO    [05-04 21:57:37] _train_one_epoch in BasicTrainer:
loss = 7.640718113292348
INFO    [05-04 21:58:03] log in loggers:
Update Best NDCG@10 Model at 22
INFO    [05-04 21:58:03] validate in BasicTrainer:
{'Recall@10': 0.0810100760530023, 'NDCG@10': 0.044605962055570936, 'MRR@10': 0.03358238124672104, 'Recall@5': 0.05344876866130268, 'NDCG@5': 0.035725453649373615, 'MRR@5': 0.02993643327670939, 'Recall*@10': 0.08454930344048668, 'NDCG*@10': 0.04714184407802189, 'MRR*@10': 0.03580693604753298, 'Recall*@5': 0.05660384126445826, 'NDCG*@5': 0.038149456986609626, 'MRR*@5': 0.032122142284232026}
INFO    [05-04 21:58:03] train in BasicTrainer:
duration: 39.04762625694275s
INFO    [05-04 21:58:03] train in BasicTrainer:
epoch: 23
INFO    [05-04 21:58:16] _train_one_epoch in BasicTrainer:
loss = 7.606105701489882
INFO    [05-04 21:58:41] log in loggers:
Update Best NDCG@10 Model at 23
INFO    [05-04 21:58:41] validate in BasicTrainer:
{'Recall@10': 0.08236522446660434, 'NDCG@10': 0.04528280566720402, 'MRR@10': 0.03403868361869279, 'Recall@5': 0.054479720399660224, 'NDCG@5': 0.03632964599220192, 'MRR@5': 0.0303806734873968, 'Recall*@10': 0.0853031707160613, 'NDCG*@10': 0.04754889778354589, 'MRR*@10': 0.03606434560873929, 'Recall*@5': 0.05795108483118169, 'NDCG*@5': 0.038778587408802086, 'MRR*@5': 0.03248720879063887}
INFO    [05-04 21:58:41] train in BasicTrainer:
duration: 38.10264492034912s
INFO    [05-04 21:58:41] train in BasicTrainer:
epoch: 24
INFO    [05-04 21:58:54] _train_one_epoch in BasicTrainer:
loss = 7.577601833776995
INFO    [05-04 21:59:20] validate in BasicTrainer:
{'Recall@10': 0.08173638669883504, 'NDCG@10': 0.044856478186214674, 'MRR@10': 0.03370535932481289, 'Recall@5': 0.05344051867723465, 'NDCG@5': 0.035768371294526494, 'MRR@5': 0.029991006149965173, 'Recall*@10': 0.08447231089367586, 'NDCG*@10': 0.047028540907537233, 'MRR*@10': 0.03569677340633729, 'Recall*@5': 0.055740302538170534, 'NDCG*@5': 0.037776678691015524, 'MRR*@5': 0.031902233029113096}
INFO    [05-04 21:59:20] train in BasicTrainer:
duration: 38.81418228149414s
INFO    [05-04 21:59:20] train in BasicTrainer:
epoch: 25
INFO    [05-04 21:59:32] _train_one_epoch in BasicTrainer:
loss = 7.544222181493586
INFO    [05-04 21:59:58] validate in BasicTrainer:
{'Recall@10': 0.08211588947211995, 'NDCG@10': 0.044769531444591636, 'MRR@10': 0.033416887416559106, 'Recall@5': 0.05505722454365562, 'NDCG@5': 0.036070175140219575, 'MRR@5': 0.02985690665595672, 'Recall*@10': 0.08471709445995443, 'NDCG*@10': 0.04665077368126196, 'MRR*@10': 0.035050098181647414, 'Recall*@5': 0.057902797399198305, 'NDCG*@5': 0.038036084459985006, 'MRR*@5': 0.031528246862923395}
INFO    [05-04 21:59:58] train in BasicTrainer:
duration: 37.78669309616089s
INFO    [05-04 21:59:58] train in BasicTrainer:
epoch: 26
INFO    [05-04 22:00:11] _train_one_epoch in BasicTrainer:
loss = 7.513621579517018
INFO    [05-04 22:00:36] log in loggers:
Update Best NDCG@10 Model at 26
INFO    [05-04 22:00:36] validate in BasicTrainer:
{'Recall@10': 0.08245536378201317, 'NDCG@10': 0.04611460776890025, 'MRR@10': 0.03509270465549301, 'Recall@5': 0.05530747639782289, 'NDCG@5': 0.03739085464793093, 'MRR@5': 0.031524290056789625, 'Recall*@10': 0.08455021810882232, 'NDCG*@10': 0.048018143238390196, 'MRR*@10': 0.03693957648733083, 'Recall*@5': 0.05711027563494794, 'NDCG*@5': 0.039204325636520106, 'MRR*@5': 0.033336390138548964}
INFO    [05-04 22:00:36] train in BasicTrainer:
duration: 38.628418922424316s
INFO    [05-04 22:00:36] train in BasicTrainer:
epoch: 27
INFO    [05-04 22:00:49] _train_one_epoch in BasicTrainer:
loss = 7.484318299727007
INFO    [05-04 22:01:16] log in loggers:
Update Best NDCG@10 Model at 27
INFO    [05-04 22:01:16] validate in BasicTrainer:
{'Recall@10': 0.08370173371890012, 'NDCG@10': 0.04718576503150603, 'MRR@10': 0.036113308852209765, 'Recall@5': 0.05628403889782289, 'NDCG@5': 0.03839792333105031, 'MRR@5': 0.032532110810279846, 'Recall*@10': 0.08615319869097542, 'NDCG*@10': 0.04933027923107147, 'MRR*@10': 0.03814381536315469, 'Recall*@5': 0.05898940979557879, 'NDCG*@5': 0.04062132614062113, 'MRR*@5': 0.034592913354144376}
INFO    [05-04 22:01:16] train in BasicTrainer:
duration: 40.01846885681152s
INFO    [05-04 22:01:16] train in BasicTrainer:
epoch: 28
INFO    [05-04 22:01:29] _train_one_epoch in BasicTrainer:
loss = 7.453302193771709
INFO    [05-04 22:01:55] validate in BasicTrainer:
{'Recall@10': 0.08381662342478247, 'NDCG@10': 0.04682258691857843, 'MRR@10': 0.03558633345014909, 'Recall@5': 0.05671181968029808, 'NDCG@5': 0.038112925255999845, 'MRR@5': 0.032023524646373355, 'Recall*@10': 0.08588266679469277, 'NDCG*@10': 0.048661726581699705, 'MRR*@10': 0.037349697092876714, 'Recall*@5': 0.05873788849395864, 'NDCG*@5': 0.03995245760854553, 'MRR*@5': 0.03379464259042459}
INFO    [05-04 22:01:55] train in BasicTrainer:
duration: 38.4089674949646s
INFO    [05-04 22:01:55] train in BasicTrainer:
epoch: 29
INFO    [05-04 22:02:08] _train_one_epoch in BasicTrainer:
loss = 7.427064164118334
INFO    [05-04 22:02:34] log in loggers:
Update Best NDCG@10 Model at 29
INFO    [05-04 22:02:34] validate in BasicTrainer:
{'Recall@10': 0.08483015877359054, 'NDCG@10': 0.04778628423810005, 'MRR@10': 0.03654286013368298, 'Recall@5': 0.05761046488495434, 'NDCG@5': 0.039047625134972966, 'MRR@5': 0.03297338656642858, 'Recall*@10': 0.08738786245093626, 'NDCG*@10': 0.049808824544443804, 'MRR*@10': 0.038408801288289184, 'Recall*@5': 0.05989327106405707, 'NDCG*@5': 0.04098352242042037, 'MRR*@5': 0.03480470520170296}
INFO    [05-04 22:02:34] train in BasicTrainer:
duration: 39.59833812713623s
INFO    [05-04 22:02:34] train in BasicTrainer:
epoch: 30
INFO    [05-04 22:02:47] _train_one_epoch in BasicTrainer:
loss = 7.399528362534263
INFO    [05-04 22:03:12] log in loggers:
Update Best NDCG@10 Model at 30
INFO    [05-04 22:03:13] validate in BasicTrainer:
{'Recall@10': 0.08590113853707033, 'NDCG@10': 0.048795667203033674, 'MRR@10': 0.03755936848328394, 'Recall@5': 0.0566543748273569, 'NDCG@5': 0.039390785510049146, 'MRR@5': 0.03370945539106341, 'Recall*@10': 0.08834273411947138, 'NDCG*@10': 0.05090394353165346, 'MRR*@10': 0.03953847508220112, 'Recall*@5': 0.059337171999847185, 'NDCG*@5': 0.041573957047041726, 'MRR*@5': 0.03571733898099731}
INFO    [05-04 22:03:13] train in BasicTrainer:
duration: 38.052695751190186s
INFO    [05-04 22:03:13] train in BasicTrainer:
epoch: 31
INFO    [05-04 22:03:26] _train_one_epoch in BasicTrainer:
loss = 7.3715696280652825
INFO    [05-04 22:03:52] validate in BasicTrainer:
{'Recall@10': 0.08529277277343414, 'NDCG@10': 0.04834909671369721, 'MRR@10': 0.037146711722016335, 'Recall@5': 0.05798477328875486, 'NDCG@5': 0.03958762393278234, 'MRR@5': 0.033571292372310865, 'Recall*@10': 0.08781446516513824, 'NDCG*@10': 0.05036724446450963, 'MRR*@10': 0.038985821363680506, 'Recall*@5': 0.06077275184147498, 'NDCG*@5': 0.04169541969895363, 'MRR*@5': 0.035449050147743785}
INFO    [05-04 22:03:52] train in BasicTrainer:
duration: 39.11435842514038s
INFO    [05-04 22:03:52] train in BasicTrainer:
epoch: 32
INFO    [05-04 22:04:04] _train_one_epoch in BasicTrainer:
loss = 7.347993384708058
INFO    [05-04 22:04:29] log in loggers:
Update Best NDCG@10 Model at 32
INFO    [05-04 22:04:30] validate in BasicTrainer:
{'Recall@10': 0.0865852819646106, 'NDCG@10': 0.04911509879371699, 'MRR@10': 0.0377646811744746, 'Recall@5': 0.05851002694929347, 'NDCG@5': 0.04009003082618994, 'MRR@5': 0.0340714637628373, 'Recall*@10': 0.08878953711074941, 'NDCG*@10': 0.051179581266992236, 'MRR*@10': 0.03976355153409874, 'Recall*@5': 0.06115596368908882, 'NDCG*@5': 0.04229522145846311, 'MRR*@5': 0.0361273310640279}
INFO    [05-04 22:04:30] train in BasicTrainer:
duration: 37.871320486068726s
INFO    [05-04 22:04:30] train in BasicTrainer:
epoch: 33
INFO    [05-04 22:04:43] _train_one_epoch in BasicTrainer:
loss = 7.319897066463124
INFO    [05-04 22:05:09] log in loggers:
Update Best NDCG@10 Model at 33
INFO    [05-04 22:05:09] validate in BasicTrainer:
{'Recall@10': 0.08683461739736445, 'NDCG@10': 0.04958332286161535, 'MRR@10': 0.038257635034182495, 'Recall@5': 0.05940867215394974, 'NDCG@5': 0.040738635422552336, 'MRR@5': 0.03462189611266641, 'Recall*@10': 0.08907258948859047, 'NDCG*@10': 0.0517492982394555, 'MRR*@10': 0.040383892024264616, 'Recall*@5': 0.061699053382172304, 'NDCG*@5': 0.04289550509522943, 'MRR*@5': 0.03672887910814846}
INFO    [05-04 22:05:09] train in BasicTrainer:
duration: 39.30617952346802s
INFO    [05-04 22:05:09] train in BasicTrainer:
epoch: 34
INFO    [05-04 22:05:22] _train_one_epoch in BasicTrainer:
loss = 7.29905489358035
INFO    [05-04 22:05:47] validate in BasicTrainer:
{'Recall@10': 0.08696997954564936, 'NDCG@10': 0.04955269768834114, 'MRR@10': 0.038191778256612664, 'Recall@5': 0.05944350580958759, 'NDCG@5': 0.04072709951330634, 'MRR@5': 0.034592980190235025, 'Recall*@10': 0.08920863183105693, 'NDCG*@10': 0.05165898405453738, 'MRR*@10': 0.04024401066057822, 'Recall*@5': 0.06193612450185944, 'NDCG*@5': 0.042912621051073074, 'MRR*@5': 0.0366762547808535}
INFO    [05-04 22:05:47] train in BasicTrainer:
duration: 38.051106452941895s
INFO    [05-04 22:05:47] train in BasicTrainer:
epoch: 35
INFO    [05-04 22:06:00] _train_one_epoch in BasicTrainer:
loss = 7.272509488192472
INFO    [05-04 22:06:26] log in loggers:
Update Best NDCG@10 Model at 35
INFO    [05-04 22:06:26] validate in BasicTrainer:
{'Recall@10': 0.08786342994255178, 'NDCG@10': 0.05003105235450408, 'MRR@10': 0.03856394746724297, 'Recall@5': 0.059082336723804474, 'NDCG@5': 0.040792813634171206, 'MRR@5': 0.03479118524667095, 'Recall*@10': 0.09004081084447749, 'NDCG*@10': 0.05197228359825471, 'MRR*@10': 0.04041332641945166, 'Recall*@5': 0.061100778115146304, 'NDCG*@5': 0.04266210820745019, 'MRR*@5': 0.03659889967564274}
INFO    [05-04 22:06:26] train in BasicTrainer:
duration: 39.291712045669556s
INFO    [05-04 22:06:26] train in BasicTrainer:
epoch: 36
INFO    [05-04 22:06:39] _train_one_epoch in BasicTrainer:
loss = 7.250658669254997
INFO    [05-04 22:07:04] log in loggers:
Update Best NDCG@10 Model at 36
INFO    [05-04 22:07:04] validate in BasicTrainer:
{'Recall@10': 0.08868415829013376, 'NDCG@10': 0.05094810772468062, 'MRR@10': 0.03951122480280259, 'Recall@5': 0.0603164842023569, 'NDCG@5': 0.04186516430448083, 'MRR@5': 0.03581539431915564, 'Recall*@10': 0.09097255547257031, 'NDCG*@10': 0.053065629785551745, 'MRR*@10': 0.04156377845827271, 'Recall*@5': 0.06264996112269514, 'NDCG*@5': 0.043981743866906446, 'MRR*@5': 0.037858541507054776}
INFO    [05-04 22:07:04] train in BasicTrainer:
duration: 37.822481870651245s
INFO    [05-04 22:07:04] train in BasicTrainer:
epoch: 37
INFO    [05-04 22:07:17] _train_one_epoch in BasicTrainer:
loss = 7.227233848788521
INFO    [05-04 22:07:43] validate in BasicTrainer:
{'Recall@10': 0.08885129847947289, 'NDCG@10': 0.05082717077697024, 'MRR@10': 0.03926658301669009, 'Recall@5': 0.06139051958042033, 'NDCG@5': 0.041991503580528146, 'MRR@5': 0.03564521374509615, 'Recall*@10': 0.09113175816395704, 'NDCG*@10': 0.05282510071992874, 'MRR*@10': 0.04117267403532477, 'Recall*@5': 0.06330901143305442, 'NDCG*@5': 0.043871257454156876, 'MRR*@5': 0.03750194390030468}
INFO    [05-04 22:07:43] train in BasicTrainer:
duration: 38.98538947105408s
INFO    [05-04 22:07:43] train in BasicTrainer:
epoch: 38
INFO    [05-04 22:07:56] _train_one_epoch in BasicTrainer:
loss = 7.206158367070285
INFO    [05-04 22:08:21] log in loggers:
Update Best NDCG@10 Model at 38
INFO    [05-04 22:08:21] validate in BasicTrainer:
{'Recall@10': 0.09048236555912915, 'NDCG@10': 0.05130106627064593, 'MRR@10': 0.0394240718554048, 'Recall@5': 0.06123254623483209, 'NDCG@5': 0.0419299771242282, 'MRR@5': 0.03560658697696293, 'Recall*@10': 0.0928156060331008, 'NDCG*@10': 0.05352923799963558, 'MRR*@10': 0.041586368837777304, 'Recall*@5': 0.06434007032829173, 'NDCG*@5': 0.044402394662885106, 'MRR*@5': 0.03786607733105912}
INFO    [05-04 22:08:21] train in BasicTrainer:
duration: 38.03910970687866s
INFO    [05-04 22:08:21] train in BasicTrainer:
epoch: 39
INFO    [05-04 22:08:34] _train_one_epoch in BasicTrainer:
loss = 7.181264465505427
INFO    [05-04 22:08:59] log in loggers:
Update Best NDCG@10 Model at 39
INFO    [05-04 22:08:59] validate in BasicTrainer:
{'Recall@10': 0.0900341123342514, 'NDCG@10': 0.05176751907257473, 'MRR@10': 0.04017001478111043, 'Recall@5': 0.0605697916711078, 'NDCG@5': 0.04225652862121077, 'MRR@5': 0.036254644284353536, 'Recall*@10': 0.09296185961541008, 'NDCG*@10': 0.05404587966554305, 'MRR*@10': 0.04223344979040763, 'Recall*@5': 0.06323038786649704, 'NDCG*@5': 0.044438316979829, 'MRR*@5': 0.03827157474177725}
INFO    [05-04 22:08:59] train in BasicTrainer:
duration: 38.476014137268066s
INFO    [05-04 22:08:59] train in BasicTrainer:
epoch: 40
INFO    [05-04 22:09:12] _train_one_epoch in BasicTrainer:
loss = 7.164536394856193
INFO    [05-04 22:09:39] validate in BasicTrainer:
{'Recall@10': 0.08945752461166943, 'NDCG@10': 0.051529938902925045, 'MRR@10': 0.03998889379641589, 'Recall@5': 0.061471492490347696, 'NDCG@5': 0.042506178293158024, 'MRR@5': 0.03627957228352042, 'Recall*@10': 0.0922834088697153, 'NDCG*@10': 0.05399361187044312, 'MRR*@10': 0.04231846584554981, 'Recall*@5': 0.06449998170137405, 'NDCG*@5': 0.045026148066801185, 'MRR*@5': 0.038626829490942115}
INFO    [05-04 22:09:39] train in BasicTrainer:
duration: 39.61624073982239s
INFO    [05-04 22:09:39] train in BasicTrainer:
epoch: 41
INFO    [05-04 22:09:52] _train_one_epoch in BasicTrainer:
loss = 7.13887323032726
INFO    [05-04 22:10:18] log in loggers:
Update Best NDCG@10 Model at 41
INFO    [05-04 22:10:18] validate in BasicTrainer:
{'Recall@10': 0.09025044695419424, 'NDCG@10': 0.05193257726290647, 'MRR@10': 0.04027124888756696, 'Recall@5': 0.06237624892417122, 'NDCG@5': 0.042950749616412556, 'MRR@5': 0.036583790226894265, 'Recall*@10': 0.09283033583094091, 'NDCG*@10': 0.054239514776889014, 'MRR*@10': 0.04247934524627293, 'Recall*@5': 0.06491808615186635, 'NDCG*@5': 0.04525134098880431, 'MRR*@5': 0.03879319503903389}
INFO    [05-04 22:10:18] train in BasicTrainer:
duration: 38.62101340293884s
INFO    [05-04 22:10:18] train in BasicTrainer:
epoch: 42
INFO    [05-04 22:10:31] _train_one_epoch in BasicTrainer:
loss = 7.120489786971699
INFO    [05-04 22:10:57] log in loggers:
Update Best NDCG@10 Model at 42
INFO    [05-04 22:10:57] validate in BasicTrainer:
{'Recall@10': 0.09021866891314001, 'NDCG@10': 0.052186237757696825, 'MRR@10': 0.04063909939106773, 'Recall@5': 0.06216083072564181, 'NDCG@5': 0.04315127366605927, 'MRR@5': 0.036932860336759514, 'Recall*@10': 0.09293920064673704, 'NDCG*@10': 0.05458611973068293, 'MRR*@10': 0.04292551318512244, 'Recall*@5': 0.06543052853906856, 'NDCG*@5': 0.04574150679742589, 'MRR*@5': 0.03930522534338867}
INFO    [05-04 22:10:57] train in BasicTrainer:
duration: 39.32215857505798s
INFO    [05-04 22:10:57] train in BasicTrainer:
epoch: 43
INFO    [05-04 22:11:10] _train_one_epoch in BasicTrainer:
loss = 7.100162040103566
INFO    [05-04 22:11:36] log in loggers:
Update Best NDCG@10 Model at 43
INFO    [05-04 22:11:36] validate in BasicTrainer:
{'Recall@10': 0.09168351266314001, 'NDCG@10': 0.05270275780383278, 'MRR@10': 0.040876353269114214, 'Recall@5': 0.06203157980652416, 'NDCG@5': 0.04315258518737905, 'MRR@5': 0.036957227898871195, 'Recall*@10': 0.09489354841849383, 'NDCG*@10': 0.05502320869880564, 'MRR*@10': 0.04290389072369127, 'Recall*@5': 0.06501775607466698, 'NDCG*@5': 0.04538763139177771, 'MRR*@5': 0.038941770682440084}
INFO    [05-04 22:11:36] train in BasicTrainer:
duration: 39.30796813964844s
INFO    [05-04 22:11:36] train in BasicTrainer:
epoch: 44
INFO    [05-04 22:11:49] _train_one_epoch in BasicTrainer:
loss = 7.0831861387599595
INFO    [05-04 22:12:15] log in loggers:
Update Best NDCG@10 Model at 44
INFO    [05-04 22:12:16] validate in BasicTrainer:
{'Recall@10': 0.09079311744255178, 'NDCG@10': 0.05329107208287015, 'MRR@10': 0.04186012420584174, 'Recall@5': 0.0643920131465968, 'NDCG@5': 0.04483831038369852, 'MRR@5': 0.0384205440607141, 'Recall*@10': 0.09400475507273394, 'NDCG*@10': 0.05578675800386597, 'MRR*@10': 0.0441279027830152, 'Recall*@5': 0.06752729306326193, 'NDCG*@5': 0.04730258838218801, 'MRR*@5': 0.0406712004367043}
INFO    [05-04 22:12:16] train in BasicTrainer:
duration: 39.23958659172058s
INFO    [05-04 22:12:16] train in BasicTrainer:
epoch: 45
INFO    [05-04 22:12:29] _train_one_epoch in BasicTrainer:
loss = 7.0620757070454685
INFO    [05-04 22:12:54] log in loggers:
Update Best NDCG@10 Model at 45
INFO    [05-04 22:12:54] validate in BasicTrainer:
{'Recall@10': 0.09261088073253632, 'NDCG@10': 0.0536668206400731, 'MRR@10': 0.04183105138294837, 'Recall@5': 0.06310867079917122, 'NDCG@5': 0.044169150950277555, 'MRR@5': 0.03793567484792541, 'Recall*@10': 0.09506221027935252, 'NDCG*@10': 0.05584066251621527, 'MRR*@10': 0.043897947186932844, 'Recall*@5': 0.06582359794308157, 'NDCG*@5': 0.04642496542895541, 'MRR*@5': 0.040034500991596896}
INFO    [05-04 22:12:54] train in BasicTrainer:
duration: 38.496588945388794s
INFO    [05-04 22:12:54] train in BasicTrainer:
epoch: 46
INFO    [05-04 22:13:07] _train_one_epoch in BasicTrainer:
loss = 7.0423664396459404
INFO    [05-04 22:13:33] validate in BasicTrainer:
{'Recall@10': 0.09142806643948835, 'NDCG@10': 0.0534744828062899, 'MRR@10': 0.041915295536027235, 'Recall@5': 0.06424015103017583, 'NDCG@5': 0.04473297801964423, 'MRR@5': 0.038336633321116954, 'Recall*@10': 0.09413152231889613, 'NDCG*@10': 0.05588046154555153, 'MRR*@10': 0.04421432184822419, 'Recall*@5': 0.06696680801756241, 'NDCG*@5': 0.047151305877110535, 'MRR*@5': 0.04064352174892145}
INFO    [05-04 22:13:33] train in BasicTrainer:
duration: 38.96712851524353s
INFO    [05-04 22:13:33] train in BasicTrainer:
epoch: 47
INFO    [05-04 22:13:45] _train_one_epoch in BasicTrainer:
loss = 7.024316543882543
INFO    [05-04 22:14:11] validate in BasicTrainer:
{'Recall@10': 0.09319969047518338, 'NDCG@10': 0.05356811491005561, 'MRR@10': 0.041568015428150404, 'Recall@5': 0.06310867079917122, 'NDCG@5': 0.04395354385761654, 'MRR@5': 0.03766805240336586, 'Recall*@10': 0.09606656081536237, 'NDCG*@10': 0.05620962447103332, 'MRR*@10': 0.044111530351288175, 'Recall*@5': 0.0664665718727252, 'NDCG*@5': 0.046753222889759964, 'MRR*@5': 0.04027649584938498}
INFO    [05-04 22:14:11] train in BasicTrainer:
duration: 37.83802938461304s
INFO    [05-04 22:14:11] train in BasicTrainer:
epoch: 48
INFO    [05-04 22:14:24] _train_one_epoch in BasicTrainer:
loss = 7.005850353024223
INFO    [05-04 22:14:50] log in loggers:
Update Best NDCG@10 Model at 48
INFO    [05-04 22:14:50] validate in BasicTrainer:
{'Recall@10': 0.09240462893948835, 'NDCG@10': 0.05438848080880502, 'MRR@10': 0.04281872247948366, 'Recall@5': 0.0652649915393661, 'NDCG@5': 0.045697026831262255, 'MRR@5': 0.039281854953835994, 'Recall*@10': 0.09500773382537506, 'NDCG*@10': 0.05683509282329503, 'MRR*@10': 0.04521273295668995, 'Recall*@5': 0.06800899479319067, 'NDCG*@5': 0.04819444435484269, 'MRR*@5': 0.041699874050476975}
INFO    [05-04 22:14:50] train in BasicTrainer:
duration: 39.318514823913574s
INFO    [05-04 22:14:50] train in BasicTrainer:
epoch: 49
INFO    [05-04 22:15:03] _train_one_epoch in BasicTrainer:
loss = 6.989114279096777
INFO    [05-04 22:15:28] log in loggers:
Update Best NDCG@10 Model at 49
INFO    [05-04 22:15:29] validate in BasicTrainer:
{'Recall@10': 0.09333505218519884, 'NDCG@10': 0.05459575179745169, 'MRR@10': 0.04284110511927044, 'Recall@5': 0.06441859681816663, 'NDCG@5': 0.045357350917423475, 'MRR@5': 0.03909294964636073, 'Recall*@10': 0.09533587404910256, 'NDCG*@10': 0.05658536360544317, 'MRR*@10': 0.04479737711303374, 'Recall*@5': 0.0670726564438904, 'NDCG*@5': 0.0475578347549719, 'MRR*@5': 0.04113564158187193}
INFO    [05-04 22:15:29] train in BasicTrainer:
duration: 38.309370040893555s
INFO    [05-04 22:15:29] train in BasicTrainer:
epoch: 50
INFO    [05-04 22:15:42] _train_one_epoch in BasicTrainer:
loss = 6.972505591132424
INFO    [05-04 22:16:08] validate in BasicTrainer:
{'Recall@10': 0.09192551453323926, 'NDCG@10': 0.05446195339455324, 'MRR@10': 0.043035157243995106, 'Recall@5': 0.06501565654488171, 'NDCG@5': 0.04580026711611187, 'MRR@5': 0.03948427692932241, 'Recall*@10': 0.09364754180697833, 'NDCG*@10': 0.05630712320699411, 'MRR*@10': 0.044919312876813555, 'Recall*@5': 0.06679411298211883, 'NDCG*@5': 0.047659953289172226, 'MRR*@5': 0.04137237194706412}
INFO    [05-04 22:16:08] train in BasicTrainer:
duration: 39.04794430732727s
INFO    [05-04 22:16:08] train in BasicTrainer:
epoch: 51
INFO    [05-04 22:16:20] _train_one_epoch in BasicTrainer:
loss = 6.958627039735967
INFO    [05-04 22:16:45] log in loggers:
Update Best NDCG@10 Model at 51
INFO    [05-04 22:16:46] validate in BasicTrainer:
{'Recall@10': 0.09413622495006113, 'NDCG@10': 0.055346388150663936, 'MRR@10': 0.0435900821843568, 'Recall@5': 0.06498693411841112, 'NDCG@5': 0.046030203866608, 'MRR@5': 0.03980883671080365, 'Recall*@10': 0.09716366625884, 'NDCG*@10': 0.05805463979349417, 'MRR*@10': 0.04620149512501324, 'Recall*@5': 0.06761893235585269, 'NDCG*@5': 0.048613057417028094, 'MRR*@5': 0.04236929929431747}
INFO    [05-04 22:16:46] train in BasicTrainer:
duration: 37.99446678161621s
INFO    [05-04 22:16:46] train in BasicTrainer:
epoch: 52
INFO    [05-04 22:16:59] _train_one_epoch in BasicTrainer:
loss = 6.942426101727919
INFO    [05-04 22:17:25] validate in BasicTrainer:
{'Recall@10': 0.09272363124524846, 'NDCG@10': 0.05435588123167262, 'MRR@10': 0.042674575877540255, 'Recall@5': 0.0648894612403477, 'NDCG@5': 0.04544787065071218, 'MRR@5': 0.03905248335179161, 'Recall*@10': 0.09467224689090953, 'NDCG*@10': 0.05634043869726798, 'MRR*@10': 0.044631575179450655, 'Recall*@5': 0.06742701000150512, 'NDCG*@5': 0.047602642984951246, 'MRR*@5': 0.041068159262923634}
INFO    [05-04 22:17:25] train in BasicTrainer:
duration: 39.124942779541016s
INFO    [05-04 22:17:25] train in BasicTrainer:
epoch: 53
INFO    [05-04 22:17:37] _train_one_epoch in BasicTrainer:
loss = 6.92438452352177
INFO    [05-04 22:18:02] log in loggers:
Update Best NDCG@10 Model at 53
INFO    [05-04 22:18:02] validate in BasicTrainer:
{'Recall@10': 0.09398130678078707, 'NDCG@10': 0.055360952282653135, 'MRR@10': 0.043598185129025406, 'Recall@5': 0.0655931606888771, 'NDCG@5': 0.046250021413845176, 'MRR@5': 0.039878757560954374, 'Recall*@10': 0.09630974425989039, 'NDCG*@10': 0.0579540775540997, 'MRR*@10': 0.046242982587393594, 'Recall*@5': 0.06901894597446218, 'NDCG*@5': 0.049213424105854595, 'MRR*@5': 0.04268592574140605}
INFO    [05-04 22:18:02] train in BasicTrainer:
duration: 37.73539710044861s
INFO    [05-04 22:18:02] train in BasicTrainer:
epoch: 54
INFO    [05-04 22:18:16] _train_one_epoch in BasicTrainer:
loss = 6.9121799577366225
INFO    [05-04 22:18:41] log in loggers:
Update Best NDCG@10 Model at 54
INFO    [05-04 22:18:41] validate in BasicTrainer:
{'Recall@10': 0.09440908800153171, 'NDCG@10': 0.05577129717258846, 'MRR@10': 0.04400973898522994, 'Recall@5': 0.06583424569929347, 'NDCG@5': 0.04657403664553866, 'MRR@5': 0.040239238782840615, 'Recall*@10': 0.0971536364625482, 'NDCG*@10': 0.05821346995585105, 'MRR*@10': 0.04633648058070856, 'Recall*@5': 0.06881417180685435, 'NDCG*@5': 0.0490903740420061, 'MRR*@5': 0.04259521053994403}
INFO    [05-04 22:18:41] train in BasicTrainer:
duration: 38.847543239593506s
INFO    [05-04 22:18:41] train in BasicTrainer:
epoch: 55
INFO    [05-04 22:18:54] _train_one_epoch in BasicTrainer:
loss = 6.8955712643536655
INFO    [05-04 22:19:21] log in loggers:
Update Best NDCG@10 Model at 55
INFO    [05-04 22:19:21] validate in BasicTrainer:
{'Recall@10': 0.0948655912104775, 'NDCG@10': 0.05605568232781747, 'MRR@10': 0.044193627203212064, 'Recall@5': 0.06775253704365562, 'NDCG@5': 0.04731623368228183, 'MRR@5': 0.040603597155388665, 'Recall*@10': 0.09708289933555267, 'NDCG*@10': 0.05828259468955152, 'MRR*@10': 0.04640734414843952, 'Recall*@5': 0.07006459946141523, 'NDCG*@5': 0.049575413632042264, 'MRR*@5': 0.04283130541443825}
INFO    [05-04 22:19:21] train in BasicTrainer:
duration: 39.797834157943726s
INFO    [05-04 22:19:21] train in BasicTrainer:
epoch: 56
INFO    [05-04 22:19:33] _train_one_epoch in BasicTrainer:
loss = 6.881861285729841
INFO    [05-04 22:19:59] validate in BasicTrainer:
{'Recall@10': 0.09411666892907199, 'NDCG@10': 0.055878651492735916, 'MRR@10': 0.04423479319495313, 'Recall@5': 0.06603835829917122, 'NDCG@5': 0.04684976838967379, 'MRR@5': 0.040538879440111274, 'Recall*@10': 0.09733318493646734, 'NDCG*@10': 0.05886537778903456, 'MRR*@10': 0.04712616805644596, 'Recall*@5': 0.06989857685916565, 'NDCG*@5': 0.05007457842721658, 'MRR*@5': 0.04354593771345475}
INFO    [05-04 22:19:59] train in BasicTrainer:
duration: 37.57661414146423s
INFO    [05-04 22:19:59] train in BasicTrainer:
epoch: 57
INFO    [05-04 22:20:12] _train_one_epoch in BasicTrainer:
loss = 6.868808101524007
INFO    [05-04 22:20:38] validate in BasicTrainer:
{'Recall@10': 0.09461320016314001, 'NDCG@10': 0.056022313368671084, 'MRR@10': 0.04424328094019609, 'Recall@5': 0.06673900213311701, 'NDCG@5': 0.04703747546848129, 'MRR@5': 0.04055122790091178, 'Recall*@10': 0.09745840772109873, 'NDCG*@10': 0.05849640093305532, 'MRR*@10': 0.04658285725642653, 'Recall*@5': 0.06966400606667295, 'NDCG*@5': 0.04951164586579099, 'MRR*@5': 0.04287551803623929}
INFO    [05-04 22:20:38] train in BasicTrainer:
duration: 38.95184826850891s
INFO    [05-04 22:20:38] train in BasicTrainer:
epoch: 58
INFO    [05-04 22:20:50] _train_one_epoch in BasicTrainer:
loss = 6.85321799733422
INFO    [05-04 22:21:15] validate in BasicTrainer:
{'Recall@10': 0.09504098138388466, 'NDCG@10': 0.05597964192137999, 'MRR@10': 0.04408586310113177, 'Recall@5': 0.06655536197564181, 'NDCG@5': 0.046818779452758676, 'MRR@5': 0.04033495463869151, 'Recall*@10': 0.09756195632850423, 'NDCG*@10': 0.05854429699042264, 'MRR*@10': 0.046640142141019594, 'Recall*@5': 0.06966285911553047, 'NDCG*@5': 0.04956791221218951, 'MRR*@5': 0.04296179247253081}
INFO    [05-04 22:21:15] train in BasicTrainer:
duration: 37.754104137420654s
INFO    [05-04 22:21:15] train in BasicTrainer:
epoch: 59
INFO    [05-04 22:21:28] _train_one_epoch in BasicTrainer:
loss = 6.842699478973042
INFO    [05-04 22:21:54] log in loggers:
Update Best NDCG@10 Model at 59
INFO    [05-04 22:21:54] validate in BasicTrainer:
{'Recall@10': 0.09644532466635984, 'NDCG@10': 0.05658449736588141, 'MRR@10': 0.04444220837424783, 'Recall@5': 0.06721292216988171, 'NDCG@5': 0.0472067517831045, 'MRR@5': 0.040615640142384696, 'Recall*@10': 0.09911737503374324, 'NDCG*@10': 0.05936655796626035, 'MRR*@10': 0.047240753603332186, 'Recall*@5': 0.07061947860261973, 'NDCG*@5': 0.05024691649219569, 'MRR*@5': 0.04353287377778221}
INFO    [05-04 22:21:54] train in BasicTrainer:
duration: 39.14541816711426s
INFO    [05-04 22:21:55] close_training in BasicTrainer:
finished training
INFO    [05-04 22:21:55] final_validate in BasicTrainer:
validate model on val set!
INFO    [05-04 22:21:55] load_state_from_given_path in utils:
checkpoint epoch: 59
INFO    [05-04 22:21:55] load_state_from_given_path in utils:
Loading model's parameters
INFO    [05-04 22:22:20] validate in BasicTrainer:
{'Recall@10': 0.09644532466635984, 'NDCG@10': 0.05658449736588141, 'MRR@10': 0.04444220837424783, 'Recall@5': 0.06721292216988171, 'NDCG@5': 0.0472067517831045, 'MRR@5': 0.040615640142384696, 'Recall*@10': 0.09911737503374324, 'NDCG*@10': 0.05936655796626035, 'MRR*@10': 0.047240753603332186, 'Recall*@5': 0.07061947860261973, 'NDCG*@5': 0.05024691649219569, 'MRR*@5': 0.04353287377778221}
INFO    [05-04 22:22:20] test in BasicTrainer:
Test model on test set!
INFO    [05-04 22:22:20] test_with_given_state_path in BasicTrainer:
Loading model params from ___movies_base_partial_2022/base_narm-rate-0.8-seed-2000_05-04_21:42_t2/narm_logs/checkpoint/best_acc_model.pth.
INFO    [05-04 22:22:20] load_state_from_given_path in utils:
checkpoint epoch: 59
INFO    [05-04 22:22:20] load_state_from_given_path in utils:
Loading model's parameters
INFO    [05-04 22:22:20] test_with_given_state_path in BasicTrainer:
Finished loading. Start testing.
INFO    [05-04 22:22:46] test_with_given_state_path in BasicTrainer:
{'Recall@10': 0.08363909449647455, 'NDCG@10': 0.0480028872980791, 'MRR@10': 0.03719207337673973, 'Recall@5': 0.05677323700750575, 'NDCG@5': 0.03935219654265572, 'MRR@5': 0.033643617459079796, 'Recall*@10': 0.08642490865553126, 'NDCG*@10': 0.05038117332493558, 'MRR*@10': 0.039417053627617216, 'Recall*@5': 0.05971259119756082, 'NDCG*@5': 0.04174845139769947, 'MRR*@5': 0.03585757249418427}
INFO    [05-04 22:22:46] _evaluate in BasicSched:
!!Final Result!!: {'Recall@10': 0.08363909449647455, 'NDCG@10': 0.0480028872980791, 'MRR@10': 0.03719207337673973, 'Recall@5': 0.05677323700750575, 'NDCG@5': 0.03935219654265572, 'MRR@5': 0.033643617459079796, 'Recall*@10': 0.08642490865553126, 'NDCG*@10': 0.05038117332493558, 'MRR*@10': 0.039417053627617216, 'Recall*@5': 0.05971259119756082, 'NDCG*@5': 0.04174845139769947, 'MRR*@5': 0.03585757249418427}
