INFO    [03-24 14:55:03] setup_train in utils:
{
    "experiment_dir": "___movies_base_partial_2022",
    "experiment_description": "base",
    "describe": "{config[model_code]}-rate-{config[sample_rate]}-seed-{config[sample_seed]}",
    "dataset_name": "movies.csv",
    "sched": "basic",
    "model_code": "gru4rec",
    "num_epochs": 60,
    "mode": [
        "train",
        "test"
    ],
    "max_len": 10,
    "test_state_path": null,
    "model_state_path": null,
    "do_sampling": true,
    "path_for_sample": "Data/Cache/movies-5-5.pkl",
    "sample_rate": 0.8,
    "sample_seed": 2000,
    "rand_seed": 2022,
    "load_processed_dataset": true,
    "save_processed_dataset": false,
    "dataset_cache_filename": null,
    "do_remap": false,
    "weight_decay": 0,
    "decay_step": 15,
    "gamma": 0.99,
    "lr": 0.001,
    "min_length": 5,
    "min_item_inter": 5,
    "good_only": false,
    "use_rating": true,
    "test_negative_sampler_code": "random",
    "test_negative_sample_size": 0,
    "dataloader_type": "next",
    "train_batch_size": 512,
    "val_batch_size": 512,
    "test_batch_size": 512,
    "prop_sliding_window": -1.0,
    "worker_number": 2,
    "metric_ks": [
        5,
        10
    ],
    "device": "cuda",
    "num_gpu": 1,
    "optimizer": "Adam",
    "best_metric": "NDCG@10",
    "show_process_bar": false,
    "config_file": "config2.movies/gru4rec/config_partial.json",
    "task_id": 1,
    "split": "leave_one_out",
    "train_negative_sampler_code": "random",
    "train_negative_sample_size": 100,
    "device_idx": "0",
    "momentum": null,
    "log_period_as_iter": 12800,
    "mentor_code": "bert",
    "training_routine": null,
    "T": 1,
    "alpha": 0.1,
    "dvae_alpha": 0.5,
    "softmaxed_mentor": false,
    "weight_list": [
        0.5,
        0.5
    ],
    "validation_rate": 0.2,
    "num_items": null,
    "start_index": 1,
    "kwargs": null
}
DEBUG   [03-24 14:55:03] __init__ in BasicSched:
BasicScheduler attribs: tag=gru4rec
WARNING [03-24 14:55:03] _load_sampled_dataset_from_path in utils:
file from /data/wushiguang-slurm/code/gitee-repos/soft-rec/Data/Cache/sampled_movies-5-5-rate-0.8-seed-2000.pkl not found. Regenerating.
DEBUG   [03-24 14:55:03] _resampling in utils:
loading full dataset from Data/Cache/movies-5-5.pkl
INFO    [03-24 14:55:03] _load_full_dataset_from_path in utils:
loading cache from Data/Cache/movies-5-5.pkl
INFO    [03-24 14:55:04] _check_dataset_cache in utils:
check if the cache is generated under this configuration
INFO    [03-24 14:55:04] _check_dataset_cache in utils:
correct.
INFO    [03-24 14:55:10] __init__ in NextItemDataloader:
there are 21035 items in this dataset, 65724 users, padding_first? False
DEBUG   [03-24 14:55:24] generate_model in utils:
model_code_list=['gru4rec']
INFO    [03-24 14:55:24] load_model_config in utils:
loading model gru4rec's config file at asset/config/model/gru4rec.json
INFO    [03-24 14:55:24] load_model_config in utils:
{
    "embed_size": 64,
    "hidden_units": 64,
    "num_layers": 2,
    "hidden_dropout": 0.5,
    "loss_type": "CE"
}
WARNING [03-24 14:55:35] get_exist_path in utils:
dir ___movies_base_partial_2022/base_gru4rec-rate-0.8-seed-2000_03-24_14:55_t1/gru4rec_logs does not exist! Create one.
WARNING [03-24 14:55:35] get_exist_path in utils:
dir ___movies_base_partial_2022/base_gru4rec-rate-0.8-seed-2000_03-24_14:55_t1/gru4rec_logs/tb_vis does not exist! Create one.
WARNING [03-24 14:55:35] get_exist_path in utils:
dir ___movies_base_partial_2022/base_gru4rec-rate-0.8-seed-2000_03-24_14:55_t1/gru4rec_logs/checkpoint does not exist! Create one.
INFO    [03-24 14:55:35] __init__ in BasicSched:
GRU4RecModel(
  (item_embedding): Embedding(21036, 64, padding_idx=0)
  (emb_dropout): Dropout(p=0.5, inplace=False)
  (gru_layers): GRU(64, 64, num_layers=2, bias=False, batch_first=True)
  (dense): Linear(in_features=64, out_features=64, bias=True)
  (loss_fct): CrossEntropyLoss()
)
WARNING [03-24 14:55:35] get_path in utils:
Path is None
WARNING [03-24 14:55:35] load_state_from_given_path in utils:
Not given any path.
INFO    [03-24 14:55:35] assert_model_device in utils:
model gru4rec has 5.339111328125 MB params.
INFO    [03-24 14:55:35] __init__ in BasicTrainer:
360448 iter per epoch
INFO    [03-24 14:55:35] _fit in BasicSched:
Start training.
INFO    [03-24 14:56:06] log in loggers:
Update Best NDCG@10 Model at 0
INFO    [03-24 14:56:06] validate in BasicTrainer:
{'Recall@10': 0.0004693556201550388, 'NDCG@10': 0.0002052698387266245, 'MRR@10': 0.00013001006610543545, 'Recall@5': 0.0001816860465116279, 'NDCG@5': 0.00011836133388325919, 'MRR@5': 9.765625094756657e-05, 'Recall*@10': 0.0005858774051474508, 'NDCG*@10': 0.0002341137976970437, 'MRR*@10': 0.0001339048357922295, 'Recall*@5': 0.0002015235458406829, 'NDCG*@5': 0.00011795923626411331, 'MRR*@5': 9.064161888316504e-05}
INFO    [03-24 14:56:06] train in BasicTrainer:
epoch: 0
INFO    [03-24 14:56:35] _train_one_epoch in BasicTrainer:
loss = 9.223474663766948
INFO    [03-24 14:57:03] log in loggers:
Update Best NDCG@10 Model at 0
INFO    [03-24 14:57:04] validate in BasicTrainer:
{'Recall@10': 0.019389186964132065, 'NDCG@10': 0.009346121229058089, 'MRR@10': 0.006339178609214145, 'Recall@5': 0.010892787190197512, 'NDCG@5': 0.006620129444022742, 'MRR@5': 0.005227049690393312, 'Recall*@10': 0.01793208342883014, 'NDCG*@10': 0.008589097474658386, 'MRR*@10': 0.005790651199008995, 'Recall*@5': 0.010146735878589079, 'NDCG*@5': 0.006095578338113404, 'MRR*@5': 0.004775843978318018}
INFO    [03-24 14:57:04] train in BasicTrainer:
duration: 57.64540457725525s
INFO    [03-24 14:57:04] train in BasicTrainer:
epoch: 1
INFO    [03-24 14:57:32] _train_one_epoch in BasicTrainer:
loss = 8.910461534153331
INFO    [03-24 14:57:59] log in loggers:
Update Best NDCG@10 Model at 1
INFO    [03-24 14:58:00] validate in BasicTrainer:
{'Recall@10': 0.028781453566264735, 'NDCG@10': 0.014211327010808988, 'MRR@10': 0.009846877936605913, 'Recall@5': 0.01693223754680434, 'NDCG@5': 0.01042582773487986, 'MRR@5': 0.008311395913311967, 'Recall*@10': 0.027154411015988783, 'NDCG*@10': 0.013370539711485075, 'MRR*@10': 0.009240868579877843, 'Recall*@5': 0.015888921970631496, 'NDCG*@5': 0.009765294244216913, 'MRR*@5': 0.007774829427718885}
INFO    [03-24 14:58:00] train in BasicTrainer:
duration: 56.17709016799927s
INFO    [03-24 14:58:00] train in BasicTrainer:
epoch: 2
INFO    [03-24 14:58:28] _train_one_epoch in BasicTrainer:
loss = 8.68437314981764
INFO    [03-24 14:58:56] log in loggers:
Update Best NDCG@10 Model at 2
INFO    [03-24 14:58:57] validate in BasicTrainer:
{'Recall@10': 0.040348798527505045, 'NDCG@10': 0.019871928180430747, 'MRR@10': 0.013734385486721068, 'Recall@5': 0.023557013333883395, 'NDCG@5': 0.014493301222028658, 'MRR@5': 0.011544161945465923, 'Recall*@10': 0.03921257099497688, 'NDCG*@10': 0.019164603528415047, 'MRR*@10': 0.013158795885857224, 'Recall*@5': 0.022589756114509446, 'NDCG*@5': 0.013836192699914525, 'MRR*@5': 0.010986600358169092}
INFO    [03-24 14:58:57] train in BasicTrainer:
duration: 57.113850831985474s
INFO    [03-24 14:58:57] train in BasicTrainer:
epoch: 3
INFO    [03-24 14:59:25] _train_one_epoch in BasicTrainer:
loss = 8.502357554706661
INFO    [03-24 14:59:53] log in loggers:
Update Best NDCG@10 Model at 3
INFO    [03-24 14:59:53] validate in BasicTrainer:
{'Recall@10': 0.0462468301429767, 'NDCG@10': 0.02327612831524407, 'MRR@10': 0.016390300276436547, 'Recall@5': 0.026929157894364623, 'NDCG@5': 0.017079031860181528, 'MRR@5': 0.013861668492891183, 'Recall*@10': 0.044673467748040374, 'NDCG*@10': 0.022399979990062324, 'MRR*@10': 0.015724014194841072, 'Recall*@5': 0.025965516924742582, 'NDCG*@5': 0.016399684268259263, 'MRR*@5': 0.013276216445866134}
INFO    [03-24 14:59:53] train in BasicTrainer:
duration: 56.04200792312622s
INFO    [03-24 14:59:53] train in BasicTrainer:
epoch: 4
INFO    [03-24 15:00:23] _train_one_epoch in BasicTrainer:
loss = 8.37850433588028
INFO    [03-24 15:00:51] log in loggers:
Update Best NDCG@10 Model at 4
INFO    [03-24 15:00:51] validate in BasicTrainer:
{'Recall@10': 0.05153763089184613, 'NDCG@10': 0.02631691002915072, 'MRR@10': 0.01871948221395182, 'Recall@5': 0.031398183644510975, 'NDCG@5': 0.019852385646844096, 'MRR@5': 0.016079467822357203, 'Recall*@10': 0.04993061631802441, 'NDCG*@10': 0.025623459599969922, 'MRR*@10': 0.01830078147409498, 'Recall*@5': 0.030395965965450272, 'NDCG*@5': 0.01933990505906616, 'MRR*@5': 0.01572682285435902}
INFO    [03-24 15:00:51] train in BasicTrainer:
duration: 58.47570466995239s
INFO    [03-24 15:00:51] train in BasicTrainer:
epoch: 5
INFO    [03-24 15:01:21] _train_one_epoch in BasicTrainer:
loss = 8.270308565009724
INFO    [03-24 15:01:49] log in loggers:
Update Best NDCG@10 Model at 5
INFO    [03-24 15:01:49] validate in BasicTrainer:
{'Recall@10': 0.05818688921457113, 'NDCG@10': 0.02975520207149576, 'MRR@10': 0.02119303431159766, 'Recall@5': 0.03551897779107094, 'NDCG@5': 0.02247118591078261, 'MRR@5': 0.018214176773534034, 'Recall*@10': 0.05793087766325289, 'NDCG*@10': 0.029505680806126245, 'MRR*@10': 0.02095163694055852, 'Recall*@5': 0.034959698709579864, 'NDCG*@5': 0.022108273793647226, 'MRR*@5': 0.0179169931838852}
INFO    [03-24 15:01:49] train in BasicTrainer:
duration: 57.38393688201904s
INFO    [03-24 15:01:49] train in BasicTrainer:
epoch: 6
INFO    [03-24 15:02:18] _train_one_epoch in BasicTrainer:
loss = 8.164056252349507
INFO    [03-24 15:02:46] log in loggers:
Update Best NDCG@10 Model at 6
INFO    [03-24 15:02:46] validate in BasicTrainer:
{'Recall@10': 0.06179870474477147, 'NDCG@10': 0.032423760467606, 'MRR@10': 0.023548937359348286, 'Recall@5': 0.038877592559239664, 'NDCG@5': 0.02505644101129715, 'MRR@5': 0.02053465235747339, 'Recall*@10': 0.060754478439804194, 'NDCG*@10': 0.03213967333092939, 'MRR*@10': 0.023484353243207284, 'Recall*@5': 0.03873217385984207, 'NDCG*@5': 0.025063484564221413, 'MRR*@5': 0.020590599268934754}
INFO    [03-24 15:02:46] train in BasicTrainer:
duration: 57.38260340690613s
INFO    [03-24 15:02:46] train in BasicTrainer:
epoch: 7
INFO    [03-24 15:03:15] _train_one_epoch in BasicTrainer:
loss = 8.068341377783906
INFO    [03-24 15:03:43] log in loggers:
Update Best NDCG@10 Model at 7
INFO    [03-24 15:03:44] validate in BasicTrainer:
{'Recall@10': 0.06522045862074047, 'NDCG@10': 0.03419238980137562, 'MRR@10': 0.024812670756680096, 'Recall@5': 0.04088709177088368, 'NDCG@5': 0.026368661068899686, 'MRR@5': 0.021609912944105705, 'Recall*@10': 0.06481143946275693, 'NDCG*@10': 0.034223547082596506, 'MRR*@10': 0.02498154475014339, 'Recall*@5': 0.04090586155941782, 'NDCG*@5': 0.0265420767038252, 'MRR*@5': 0.02183974758801303}
INFO    [03-24 15:03:44] train in BasicTrainer:
duration: 57.372461795806885s
INFO    [03-24 15:03:44] train in BasicTrainer:
epoch: 8
INFO    [03-24 15:04:13] _train_one_epoch in BasicTrainer:
loss = 7.983471970666539
INFO    [03-24 15:04:40] log in loggers:
Update Best NDCG@10 Model at 8
INFO    [03-24 15:04:41] validate in BasicTrainer:
{'Recall@10': 0.0688113351316415, 'NDCG@10': 0.03603048075365928, 'MRR@10': 0.026124354069258355, 'Recall@5': 0.04330957239103872, 'NDCG@5': 0.027799147809314174, 'MRR@5': 0.02273643066630114, 'Recall*@10': 0.06896439287089562, 'NDCG*@10': 0.036463658505863, 'MRR*@10': 0.026646165653716688, 'Recall*@5': 0.04363663244790347, 'NDCG*@5': 0.02829078772617865, 'MRR*@5': 0.023283661494767943}
INFO    [03-24 15:04:41] train in BasicTrainer:
duration: 57.16421914100647s
INFO    [03-24 15:04:41] train in BasicTrainer:
epoch: 9
INFO    [03-24 15:05:10] _train_one_epoch in BasicTrainer:
loss = 7.910234550860795
INFO    [03-24 15:05:38] log in loggers:
Update Best NDCG@10 Model at 9
INFO    [03-24 15:05:38] validate in BasicTrainer:
{'Recall@10': 0.07115650252085323, 'NDCG@10': 0.03710986298415088, 'MRR@10': 0.026850736757754817, 'Recall@5': 0.0442879066564316, 'NDCG@5': 0.028504922588955064, 'MRR@5': 0.023348139310183452, 'Recall*@10': 0.07142392527167649, 'NDCG*@10': 0.03722842818833599, 'MRR*@10': 0.026916093698363435, 'Recall*@5': 0.0444571507387152, 'NDCG*@5': 0.02858510171604711, 'MRR*@5': 0.023393948215904625}
INFO    [03-24 15:05:38] train in BasicTrainer:
duration: 57.37511682510376s
INFO    [03-24 15:05:38] train in BasicTrainer:
epoch: 10
INFO    [03-24 15:06:08] _train_one_epoch in BasicTrainer:
loss = 7.843766979195855
INFO    [03-24 15:06:36] log in loggers:
Update Best NDCG@10 Model at 10
INFO    [03-24 15:06:36] validate in BasicTrainer:
{'Recall@10': 0.07142065598290095, 'NDCG@10': 0.03752857137673585, 'MRR@10': 0.027295634807484558, 'Recall@5': 0.045131587069626, 'NDCG@5': 0.0291094945873632, 'MRR@5': 0.023869289504003154, 'Recall*@10': 0.07150225505925888, 'NDCG*@10': 0.037853544404686884, 'MRR*@10': 0.027687994164032066, 'Recall*@5': 0.045606581306503725, 'NDCG*@5': 0.029563492958166803, 'MRR*@5': 0.02431591905566842}
INFO    [03-24 15:06:36] train in BasicTrainer:
duration: 58.2515594959259s
INFO    [03-24 15:06:36] train in BasicTrainer:
epoch: 11
INFO    [03-24 15:07:06] _train_one_epoch in BasicTrainer:
loss = 7.782836786725304
INFO    [03-24 15:07:35] log in loggers:
Update Best NDCG@10 Model at 11
INFO    [03-24 15:07:35] validate in BasicTrainer:
{'Recall@10': 0.07413499398055927, 'NDCG@10': 0.039041656249946405, 'MRR@10': 0.028460612087402234, 'Recall@5': 0.04645718651455502, 'NDCG@5': 0.03016867186845273, 'MRR@5': 0.02484337145159411, 'Recall*@10': 0.0748508894281794, 'NDCG*@10': 0.03957539959991163, 'MRR*@10': 0.028937993260721367, 'Recall*@5': 0.047091592507537944, 'NDCG*@5': 0.03068044853880424, 'MRR*@5': 0.025314214133996833}
INFO    [03-24 15:07:35] train in BasicTrainer:
duration: 59.17427182197571s
INFO    [03-24 15:07:35] train in BasicTrainer:
epoch: 12
INFO    [03-24 15:08:07] _train_one_epoch in BasicTrainer:
loss = 7.727971153503114
INFO    [03-24 15:08:38] log in loggers:
Update Best NDCG@10 Model at 12
INFO    [03-24 15:08:38] validate in BasicTrainer:
{'Recall@10': 0.07536975040223247, 'NDCG@10': 0.040015262443312376, 'MRR@10': 0.029345283169270486, 'Recall@5': 0.04738494505484899, 'NDCG@5': 0.03101364869711011, 'MRR@5': 0.02565919765264027, 'Recall*@10': 0.07602720083885414, 'NDCG*@10': 0.040588863049597704, 'MRR*@10': 0.029887482105183973, 'Recall*@5': 0.04802267488756383, 'NDCG*@5': 0.03158406369648008, 'MRR*@5': 0.026202023303670476}
INFO    [03-24 15:08:38] train in BasicTrainer:
duration: 62.49082398414612s
INFO    [03-24 15:08:38] train in BasicTrainer:
epoch: 13
INFO    [03-24 15:09:08] _train_one_epoch in BasicTrainer:
loss = 7.6757424927570606
INFO    [03-24 15:09:36] log in loggers:
Update Best NDCG@10 Model at 13
INFO    [03-24 15:09:36] validate in BasicTrainer:
{'Recall@10': 0.07613772829604704, 'NDCG@10': 0.040498975577742555, 'MRR@10': 0.02975230435154928, 'Recall@5': 0.048151312237100084, 'NDCG@5': 0.03152431225649608, 'MRR@5': 0.02609219435284766, 'Recall*@10': 0.07665700771549876, 'NDCG*@10': 0.040986614070774974, 'MRR*@10': 0.030216832991776077, 'Recall*@5': 0.049016056336866794, 'NDCG*@5': 0.03211869496505621, 'MRR*@5': 0.026598069925121096}
INFO    [03-24 15:09:36] train in BasicTrainer:
duration: 58.53161883354187s
INFO    [03-24 15:09:36] train in BasicTrainer:
epoch: 14
INFO    [03-24 15:10:05] _train_one_epoch in BasicTrainer:
loss = 7.6247644397345455
INFO    [03-24 15:10:34] log in loggers:
Update Best NDCG@10 Model at 14
INFO    [03-24 15:10:35] validate in BasicTrainer:
{'Recall@10': 0.07732706320609233, 'NDCG@10': 0.041639227521165396, 'MRR@10': 0.030854784970193408, 'Recall@5': 0.04956517761298852, 'NDCG@5': 0.03271065828527591, 'MRR@5': 0.027198648621696374, 'Recall*@10': 0.07782579503606918, 'NDCG*@10': 0.04217842766336461, 'MRR*@10': 0.03140313628079124, 'Recall*@5': 0.0500033675555804, 'NDCG*@5': 0.033221105994411214, 'MRR*@5': 0.02773001547469649}
INFO    [03-24 15:10:35] train in BasicTrainer:
duration: 58.18375515937805s
INFO    [03-24 15:10:35] train in BasicTrainer:
epoch: 15
INFO    [03-24 15:11:03] _train_one_epoch in BasicTrainer:
loss = 7.576451924036849
INFO    [03-24 15:11:31] validate in BasicTrainer:
{'Recall@10': 0.07689894129370534, 'NDCG@10': 0.04090576808062173, 'MRR@10': 0.030054419496378233, 'Recall@5': 0.04858780975720679, 'NDCG@5': 0.03183598710989305, 'MRR@5': 0.026360675324360993, 'Recall*@10': 0.07697088129876196, 'NDCG*@10': 0.041242699059405065, 'MRR*@10': 0.03046550858015007, 'Recall*@5': 0.048987647143098736, 'NDCG*@5': 0.03227605279390664, 'MRR*@5': 0.026812527364827404}
INFO    [03-24 15:11:31] train in BasicTrainer:
duration: 56.02923083305359s
INFO    [03-24 15:11:31] train in BasicTrainer:
epoch: 16
INFO    [03-24 15:12:00] _train_one_epoch in BasicTrainer:
loss = 7.531830129298297
INFO    [03-24 15:12:28] log in loggers:
Update Best NDCG@10 Model at 16
INFO    [03-24 15:12:28] validate in BasicTrainer:
{'Recall@10': 0.07893034590538157, 'NDCG@10': 0.042392467661190404, 'MRR@10': 0.03136184893173072, 'Recall@5': 0.050768042315346325, 'NDCG@5': 0.03337046760314888, 'MRR@5': 0.027687923174149306, 'Recall*@10': 0.07978212559061457, 'NDCG*@10': 0.04331835376661877, 'MRR*@10': 0.03229105401091104, 'Recall*@5': 0.05224262407526027, 'NDCG*@5': 0.034499054276492705, 'MRR*@5': 0.02870169012670138}
INFO    [03-24 15:12:28] train in BasicTrainer:
duration: 57.2388699054718s
INFO    [03-24 15:12:28] train in BasicTrainer:
epoch: 17
INFO    [03-24 15:12:55] _train_one_epoch in BasicTrainer:
loss = 7.491160772063515
INFO    [03-24 15:13:23] validate in BasicTrainer:
{'Recall@10': 0.07785279303789139, 'NDCG@10': 0.04232041462678318, 'MRR@10': 0.03155534480546796, 'Recall@5': 0.051059899692849596, 'NDCG@5': 0.03371957728509293, 'MRR@5': 0.02804236109693383, 'Recall*@10': 0.0777363780914813, 'NDCG*@10': 0.04264996599319369, 'MRR*@10': 0.03201184505524561, 'Recall*@5': 0.0514661044806473, 'NDCG*@5': 0.034212868841177274, 'MRR*@5': 0.028563433622782543}
INFO    [03-24 15:13:23] train in BasicTrainer:
duration: 54.9688196182251s
INFO    [03-24 15:13:23] train in BasicTrainer:
epoch: 18
INFO    [03-24 15:13:52] _train_one_epoch in BasicTrainer:
loss = 7.450253078206019
INFO    [03-24 15:14:21] log in loggers:
Update Best NDCG@10 Model at 18
INFO    [03-24 15:14:21] validate in BasicTrainer:
{'Recall@10': 0.07887815949759742, 'NDCG@10': 0.04268991947174072, 'MRR@10': 0.03173096850514412, 'Recall@5': 0.05125511553167373, 'NDCG@5': 0.033817200870939, 'MRR@5': 0.028103938145750715, 'Recall*@10': 0.07937122283633365, 'NDCG*@10': 0.04338684810917507, 'MRR*@10': 0.03248079026536655, 'Recall*@5': 0.05196212301420611, 'NDCG*@5': 0.034572291296235354, 'MRR*@5': 0.028871558122914427}
INFO    [03-24 15:14:21] train in BasicTrainer:
duration: 57.91766810417175s
INFO    [03-24 15:14:21] train in BasicTrainer:
epoch: 19
INFO    [03-24 15:14:50] _train_one_epoch in BasicTrainer:
loss = 7.408383404666727
INFO    [03-24 15:15:18] log in loggers:
Update Best NDCG@10 Model at 19
INFO    [03-24 15:15:19] validate in BasicTrainer:
{'Recall@10': 0.07921801547902499, 'NDCG@10': 0.04317967941652435, 'MRR@10': 0.032288572353910104, 'Recall@5': 0.05117264811613763, 'NDCG@5': 0.03416795228687368, 'MRR@5': 0.028602651183226312, 'Recall*@10': 0.08001970208083936, 'NDCG*@10': 0.04410623926524968, 'MRR*@10': 0.033244891857454016, 'Recall*@5': 0.05220752557407516, 'NDCG*@5': 0.03515538803568875, 'MRR*@5': 0.029575895287038745}
INFO    [03-24 15:15:19] train in BasicTrainer:
duration: 57.71648907661438s
INFO    [03-24 15:15:19] train in BasicTrainer:
epoch: 20
INFO    [03-24 15:15:48] _train_one_epoch in BasicTrainer:
loss = 7.373568956824866
INFO    [03-24 15:16:16] log in loggers:
Update Best NDCG@10 Model at 20
INFO    [03-24 15:16:17] validate in BasicTrainer:
{'Recall@10': 0.07997085286896358, 'NDCG@10': 0.04400552068512107, 'MRR@10': 0.033104509548392405, 'Recall@5': 0.052615183788214545, 'NDCG@5': 0.03519992101504359, 'MRR@5': 0.029493895489289317, 'Recall*@10': 0.0811368295735167, 'NDCG*@10': 0.044915820219258, 'MRR*@10': 0.03393658413010281, 'Recall*@5': 0.053745489495322686, 'NDCG*@5': 0.03610063259771397, 'MRR*@5': 0.03032298974490674}
INFO    [03-24 15:16:17] train in BasicTrainer:
duration: 58.15824270248413s
INFO    [03-24 15:16:17] train in BasicTrainer:
epoch: 21
INFO    [03-24 15:16:46] _train_one_epoch in BasicTrainer:
loss = 7.339294201271101
INFO    [03-24 15:17:14] validate in BasicTrainer:
{'Recall@10': 0.08062189453563025, 'NDCG@10': 0.043934210730615514, 'MRR@10': 0.03285643805626982, 'Recall@5': 0.05216934427965519, 'NDCG@5': 0.03481693387522485, 'MRR@5': 0.029142012862965118, 'Recall*@10': 0.08155517158813255, 'NDCG*@10': 0.04479614786745966, 'MRR*@10': 0.033696123406059986, 'Recall*@5': 0.05289131779830123, 'NDCG*@5': 0.035603145144648796, 'MRR*@5': 0.02994621374694876}
INFO    [03-24 15:17:14] train in BasicTrainer:
duration: 57.32174491882324s
INFO    [03-24 15:17:14] train in BasicTrainer:
epoch: 22
INFO    [03-24 15:17:43] _train_one_epoch in BasicTrainer:
loss = 7.302763150496916
INFO    [03-24 15:18:11] validate in BasicTrainer:
{'Recall@10': 0.08008360135000805, 'NDCG@10': 0.04390859860897988, 'MRR@10': 0.03296069917810518, 'Recall@5': 0.05256557447272678, 'NDCG@5': 0.03507735672616219, 'MRR@5': 0.02935541887558246, 'Recall*@10': 0.08045230109908784, 'NDCG*@10': 0.04447894169436407, 'MRR*@10': 0.033593323449929095, 'Recall*@5': 0.053117016041579174, 'NDCG*@5': 0.03570994553553273, 'MRR*@5': 0.030016064008539036}
INFO    [03-24 15:18:11] train in BasicTrainer:
duration: 57.07624697685242s
INFO    [03-24 15:18:11] train in BasicTrainer:
epoch: 23
INFO    [03-24 15:18:42] _train_one_epoch in BasicTrainer:
loss = 7.2729928466406735
INFO    [03-24 15:19:11] validate in BasicTrainer:
{'Recall@10': 0.08048820715079937, 'NDCG@10': 0.04385495581483656, 'MRR@10': 0.032787594020135646, 'Recall@5': 0.051981859717720236, 'NDCG@5': 0.03470940125543018, 'MRR@5': 0.02905625959699468, 'Recall*@10': 0.08101871866703958, 'NDCG*@10': 0.04440498951273833, 'MRR*@10': 0.03334051458699296, 'Recall*@5': 0.05246365672453891, 'NDCG*@5': 0.035244074245813745, 'MRR*@5': 0.02960300884505575}
INFO    [03-24 15:19:11] train in BasicTrainer:
duration: 59.86580944061279s
INFO    [03-24 15:19:11] train in BasicTrainer:
epoch: 24
INFO    [03-24 15:19:41] _train_one_epoch in BasicTrainer:
loss = 7.240369363941929
INFO    [03-24 15:20:12] log in loggers:
Update Best NDCG@10 Model at 24
INFO    [03-24 15:20:12] validate in BasicTrainer:
{'Recall@10': 0.0820148208922194, 'NDCG@10': 0.04474066424566184, 'MRR@10': 0.03344441338824902, 'Recall@5': 0.05371206496344056, 'NDCG@5': 0.03565364590910978, 'MRR@5': 0.029732959489374197, 'Recall*@10': 0.08220362513102303, 'NDCG*@10': 0.045404457263359725, 'MRR*@10': 0.03422698998722688, 'Recall*@5': 0.05464572007515172, 'NDCG*@5': 0.03654671246691268, 'MRR*@5': 0.03060332665494246}
INFO    [03-24 15:20:12] train in BasicTrainer:
duration: 60.92999291419983s
INFO    [03-24 15:20:12] train in BasicTrainer:
epoch: 25
INFO    [03-24 15:20:39] _train_one_epoch in BasicTrainer:
loss = 7.2116869322278285
INFO    [03-24 15:21:07] validate in BasicTrainer:
{'Recall@10': 0.08154288817976796, 'NDCG@10': 0.04461662365888902, 'MRR@10': 0.033458418848151844, 'Recall@5': 0.05331164696650912, 'NDCG@5': 0.035570858551781305, 'MRR@5': 0.029773307256689367, 'Recall*@10': 0.08214031203195106, 'NDCG*@10': 0.045371676730208615, 'MRR*@10': 0.034245181706004824, 'Recall*@5': 0.054272742840901826, 'NDCG*@5': 0.036418984189283014, 'MRR*@5': 0.03058420658082694}
INFO    [03-24 15:21:07] train in BasicTrainer:
duration: 55.379209995269775s
INFO    [03-24 15:21:07] train in BasicTrainer:
epoch: 26
INFO    [03-24 15:21:36] _train_one_epoch in BasicTrainer:
loss = 7.18189090964469
INFO    [03-24 15:22:04] validate in BasicTrainer:
{'Recall@10': 0.08128807670617288, 'NDCG@10': 0.04467493144058904, 'MRR@10': 0.03359818706909815, 'Recall@5': 0.05296341537736183, 'NDCG@5': 0.03558086112950199, 'MRR@5': 0.029882507037746815, 'Recall*@10': 0.08206880699063457, 'NDCG*@10': 0.04566378946336665, 'MRR*@10': 0.03464055165301922, 'Recall*@5': 0.05403354170537272, 'NDCG*@5': 0.036671687877744205, 'MRR*@5': 0.030971421694108683}
INFO    [03-24 15:22:04] train in BasicTrainer:
duration: 56.410738945007324s
INFO    [03-24 15:22:04] train in BasicTrainer:
epoch: 27
INFO    [03-24 15:22:32] _train_one_epoch in BasicTrainer:
loss = 7.157361125404185
INFO    [03-24 15:23:00] log in loggers:
Update Best NDCG@10 Model at 27
INFO    [03-24 15:23:00] validate in BasicTrainer:
{'Recall@10': 0.08190883736508761, 'NDCG@10': 0.045050688059062, 'MRR@10': 0.03387768276382324, 'Recall@5': 0.053988781837067866, 'NDCG@5': 0.03606626596446185, 'MRR@5': 0.030195867310660755, 'Recall*@10': 0.08206777834846068, 'NDCG*@10': 0.045852509074548416, 'MRR*@10': 0.03486340853941533, 'Recall*@5': 0.054680732143826266, 'NDCG*@5': 0.03704905699101067, 'MRR*@5': 0.031261107660541236}
INFO    [03-24 15:23:00] train in BasicTrainer:
duration: 56.70870041847229s
INFO    [03-24 15:23:00] train in BasicTrainer:
epoch: 28
INFO    [03-24 15:23:29] _train_one_epoch in BasicTrainer:
loss = 7.13037197901444
INFO    [03-24 15:23:57] log in loggers:
Update Best NDCG@10 Model at 28
INFO    [03-24 15:23:57] validate in BasicTrainer:
{'Recall@10': 0.08191721297280732, 'NDCG@10': 0.0453265334313461, 'MRR@10': 0.03424000318429267, 'Recall@5': 0.05461373029984245, 'NDCG@5': 0.03655596364780452, 'MRR@5': 0.030655118376882964, 'Recall*@10': 0.08249590903982636, 'NDCG*@10': 0.04623160208033961, 'MRR*@10': 0.03524454369736734, 'Recall*@5': 0.05557413103217764, 'NDCG*@5': 0.037592932062093604, 'MRR*@5': 0.031719125944456854}
INFO    [03-24 15:23:57] train in BasicTrainer:
duration: 56.96582746505737s
INFO    [03-24 15:23:57] train in BasicTrainer:
epoch: 29
INFO    [03-24 15:24:27] _train_one_epoch in BasicTrainer:
loss = 7.106539476324212
INFO    [03-24 15:24:55] validate in BasicTrainer:
{'Recall@10': 0.08072787806276203, 'NDCG@10': 0.044881032722056374, 'MRR@10': 0.03404136645326088, 'Recall@5': 0.05270602681147036, 'NDCG@5': 0.03587304322092339, 'MRR@5': 0.030354713429083195, 'Recall*@10': 0.08149174017499583, 'NDCG*@10': 0.0458380956809188, 'MRR*@10': 0.03504192972801221, 'Recall*@5': 0.053771641206487204, 'NDCG*@5': 0.036928298644894775, 'MRR*@5': 0.031396130128770836}
INFO    [03-24 15:24:55] train in BasicTrainer:
duration: 57.32672834396362s
INFO    [03-24 15:24:55] train in BasicTrainer:
epoch: 30
INFO    [03-24 15:25:24] _train_one_epoch in BasicTrainer:
loss = 7.077049917795441
INFO    [03-24 15:25:52] log in loggers:
Update Best NDCG@10 Model at 30
INFO    [03-24 15:25:53] validate in BasicTrainer:
{'Recall@10': 0.08164468390303989, 'NDCG@10': 0.045348835863577304, 'MRR@10': 0.03435644611369732, 'Recall@5': 0.0537423459711925, 'NDCG@5': 0.036354510893308836, 'MRR@5': 0.030661442699704982, 'Recall*@10': 0.0824153159073619, 'NDCG*@10': 0.04634619073927865, 'MRR*@10': 0.03542643333532552, 'Recall*@5': 0.05467685621029647, 'NDCG*@5': 0.03740573228271895, 'MRR*@5': 0.031753967703832674}
INFO    [03-24 15:25:53] train in BasicTrainer:
duration: 57.98663926124573s
INFO    [03-24 15:25:53] train in BasicTrainer:
epoch: 31
INFO    [03-24 15:26:22] _train_one_epoch in BasicTrainer:
loss = 7.054065652191639
INFO    [03-24 15:26:50] log in loggers:
Update Best NDCG@10 Model at 31
INFO    [03-24 15:26:50] validate in BasicTrainer:
{'Recall@10': 0.08154965307592421, 'NDCG@10': 0.0453986477164566, 'MRR@10': 0.03443758189678192, 'Recall@5': 0.05383318899444831, 'NDCG@5': 0.036469599376468695, 'MRR@5': 0.030772736411570578, 'Recall*@10': 0.0825717678192512, 'NDCG*@10': 0.04633316926138346, 'MRR*@10': 0.03533229036906431, 'Recall*@5': 0.05528535776186821, 'NDCG*@5': 0.03753758591505908, 'MRR*@5': 0.03171923446158568}
INFO    [03-24 15:26:50] train in BasicTrainer:
duration: 57.41758108139038s
INFO    [03-24 15:26:50] train in BasicTrainer:
epoch: 32
INFO    [03-24 15:27:20] _train_one_epoch in BasicTrainer:
loss = 7.030279882252216
INFO    [03-24 15:27:48] validate in BasicTrainer:
{'Recall@10': 0.08170943372240362, 'NDCG@10': 0.045317887436858446, 'MRR@10': 0.03429966025747532, 'Recall@5': 0.05411828147579533, 'NDCG@5': 0.03644700271849947, 'MRR@5': 0.030668535500822602, 'Recall*@10': 0.08221142328986826, 'NDCG*@10': 0.04624086826346641, 'MRR*@10': 0.03534170479853024, 'Recall*@5': 0.05517412190751512, 'NDCG*@5': 0.03754637865421846, 'MRR*@5': 0.03178168712689202}
INFO    [03-24 15:27:48] train in BasicTrainer:
duration: 57.79830837249756s
INFO    [03-24 15:27:48] train in BasicTrainer:
epoch: 33
INFO    [03-24 15:28:18] _train_one_epoch in BasicTrainer:
loss = 7.00702054053545
INFO    [03-24 15:28:46] log in loggers:
Update Best NDCG@10 Model at 33
INFO    [03-24 15:28:46] validate in BasicTrainer:
{'Recall@10': 0.08251606823168983, 'NDCG@10': 0.04623446981747483, 'MRR@10': 0.03527765996869682, 'Recall@5': 0.054114093671935475, 'NDCG@5': 0.037121013889825624, 'MRR@5': 0.03155779828454635, 'Recall*@10': 0.08286120941819147, 'NDCG*@10': 0.047052764918568524, 'MRR*@10': 0.03623312529782916, 'Recall*@5': 0.05480994623472062, 'NDCG*@5': 0.03804472312619982, 'MRR*@5': 0.032551989479120386}
INFO    [03-24 15:28:46] train in BasicTrainer:
duration: 58.26614594459534s
INFO    [03-24 15:28:46] train in BasicTrainer:
epoch: 34
INFO    [03-24 15:29:16] _train_one_epoch in BasicTrainer:
loss = 6.986471465365454
INFO    [03-24 15:29:44] validate in BasicTrainer:
{'Recall@10': 0.0819323534766833, 'NDCG@10': 0.045654043150964635, 'MRR@10': 0.03468446988005971, 'Recall@5': 0.053763284961613575, 'NDCG@5': 0.03661861607097378, 'MRR@5': 0.030998238499543463, 'Recall*@10': 0.08309435754898907, 'NDCG*@10': 0.04662633353714333, 'MRR*@10': 0.03560683506634808, 'Recall*@5': 0.05483170607408812, 'NDCG*@5': 0.03757429291862388, 'MRR*@5': 0.03192181911954815}
INFO    [03-24 15:29:44] train in BasicTrainer:
duration: 57.94006371498108s
INFO    [03-24 15:29:44] train in BasicTrainer:
epoch: 35
INFO    [03-24 15:30:15] _train_one_epoch in BasicTrainer:
loss = 6.966625657271255
INFO    [03-24 15:30:42] validate in BasicTrainer:
{'Recall@10': 0.0821636488386827, 'NDCG@10': 0.046178262724086296, 'MRR@10': 0.03529184448799884, 'Recall@5': 0.054379857845546664, 'NDCG@5': 0.03723493432120759, 'MRR@5': 0.031624813845684364, 'Recall*@10': 0.08296997622810592, 'NDCG*@10': 0.0472733989184679, 'MRR*@10': 0.036462783993965436, 'Recall*@5': 0.05536756472474383, 'NDCG*@5': 0.038377872877573785, 'MRR*@5': 0.03280943123147238}
INFO    [03-24 15:30:42] train in BasicTrainer:
duration: 58.3618540763855s
INFO    [03-24 15:30:42] train in BasicTrainer:
epoch: 36
INFO    [03-24 15:31:12] _train_one_epoch in BasicTrainer:
loss = 6.9484699192372235
INFO    [03-24 15:31:45] validate in BasicTrainer:
{'Recall@10': 0.08204091409611147, 'NDCG@10': 0.04617755412477856, 'MRR@10': 0.03532337894042333, 'Recall@5': 0.05461373029984245, 'NDCG@5': 0.03735621698027433, 'MRR@5': 0.031710518783954686, 'Recall*@10': 0.0828238015258035, 'NDCG*@10': 0.04709049946693487, 'MRR*@10': 0.03627153880201107, 'Recall*@5': 0.05544664069663647, 'NDCG*@5': 0.038274012996937876, 'MRR*@5': 0.03265395842839119}
INFO    [03-24 15:31:45] train in BasicTrainer:
duration: 62.05388522148132s
INFO    [03-24 15:31:45] train in BasicTrainer:
epoch: 37
INFO    [03-24 15:32:15] _train_one_epoch in BasicTrainer:
loss = 6.9267152886499055
INFO    [03-24 15:32:43] validate in BasicTrainer:
{'Recall@10': 0.08252959802400234, 'NDCG@10': 0.046163819152717445, 'MRR@10': 0.03517057612365068, 'Recall@5': 0.054627260092154954, 'NDCG@5': 0.037193417000447135, 'MRR@5': 0.03149884195579577, 'Recall*@10': 0.0830359514369521, 'NDCG*@10': 0.047044546639387924, 'MRR*@10': 0.036150219640875045, 'Recall*@5': 0.05587528734070848, 'NDCG*@5': 0.03831490496707748, 'MRR*@5': 0.03257842190823583}
INFO    [03-24 15:32:43] train in BasicTrainer:
duration: 58.57152223587036s
INFO    [03-24 15:32:43] train in BasicTrainer:
epoch: 38
INFO    [03-24 15:33:11] _train_one_epoch in BasicTrainer:
loss = 6.908834506164897
INFO    [03-24 15:33:40] log in loggers:
Update Best NDCG@10 Model at 38
INFO    [03-24 15:33:40] validate in BasicTrainer:
{'Recall@10': 0.08355915228756823, 'NDCG@10': 0.04695280849240547, 'MRR@10': 0.03587653401286103, 'Recall@5': 0.05565423726342445, 'NDCG@5': 0.03798687026308951, 'MRR@5': 0.03221058498981387, 'Recall*@10': 0.08446466478035432, 'NDCG*@10': 0.04797023061171982, 'MRR*@10': 0.036922791005336034, 'Recall*@5': 0.056750331868150435, 'NDCG*@5': 0.03906945172379645, 'MRR*@5': 0.0332856936625732}
INFO    [03-24 15:33:40] train in BasicTrainer:
duration: 56.82122206687927s
INFO    [03-24 15:33:40] train in BasicTrainer:
epoch: 39
INFO    [03-24 15:34:08] _train_one_epoch in BasicTrainer:
loss = 6.8903242965990845
INFO    [03-24 15:34:36] log in loggers:
Update Best NDCG@10 Model at 39
INFO    [03-24 15:34:37] validate in BasicTrainer:
{'Recall@10': 0.08345735656429631, 'NDCG@10': 0.04710739250330962, 'MRR@10': 0.036122081613586855, 'Recall@5': 0.05544645801302074, 'NDCG@5': 0.03813632460700911, 'MRR@5': 0.0324705291192892, 'Recall*@10': 0.08432619819460913, 'NDCG*@10': 0.04841831522856572, 'MRR*@10': 0.03754976622818052, 'Recall*@5': 0.05724525136887565, 'NDCG*@5': 0.0397536038428314, 'MRR*@5': 0.03402792626284352}
INFO    [03-24 15:34:37] train in BasicTrainer:
duration: 56.7156617641449s
INFO    [03-24 15:34:37] train in BasicTrainer:
epoch: 40
INFO    [03-24 15:35:05] _train_one_epoch in BasicTrainer:
loss = 6.876415611668066
INFO    [03-24 15:35:34] validate in BasicTrainer:
{'Recall@10': 0.08309140737897666, 'NDCG@10': 0.04676641678336517, 'MRR@10': 0.03574859082352284, 'Recall@5': 0.0558897204292837, 'NDCG@5': 0.038024069654733636, 'MRR@5': 0.03217232562312784, 'Recall*@10': 0.08478686170176018, 'NDCG*@10': 0.04826413120987803, 'MRR*@10': 0.03718735163583774, 'Recall*@5': 0.0574220890511376, 'NDCG*@5': 0.03949008275603139, 'MRR*@5': 0.03361031520649675}
INFO    [03-24 15:35:34] train in BasicTrainer:
duration: 57.47839117050171s
INFO    [03-24 15:35:34] train in BasicTrainer:
epoch: 41
INFO    [03-24 15:36:02] _train_one_epoch in BasicTrainer:
loss = 6.858792466196147
INFO    [03-24 15:36:31] validate in BasicTrainer:
{'Recall@10': 0.08265233276657356, 'NDCG@10': 0.046711363880209224, 'MRR@10': 0.035807277689608494, 'Recall@5': 0.055820782806060114, 'NDCG@5': 0.03806171792941962, 'MRR@5': 0.03225359062180501, 'Recall*@10': 0.08355077078869176, 'NDCG*@10': 0.047770402675797775, 'MRR*@10': 0.03689651025184827, 'Recall*@5': 0.057339379780514295, 'NDCG*@5': 0.039307310079881384, 'MRR*@5': 0.03341199903813905}
INFO    [03-24 15:36:31] train in BasicTrainer:
duration: 56.61944317817688s
INFO    [03-24 15:36:31] train in BasicTrainer:
epoch: 42
INFO    [03-24 15:36:58] _train_one_epoch in BasicTrainer:
loss = 6.84166203845631
INFO    [03-24 15:37:26] validate in BasicTrainer:
{'Recall@10': 0.08272127038979715, 'NDCG@10': 0.04665368762184945, 'MRR@10': 0.03571901429993238, 'Recall@5': 0.055621379163376124, 'NDCG@5': 0.037946923787510675, 'MRR@5': 0.0321581838580296, 'Recall*@10': 0.08324977541847746, 'NDCG*@10': 0.04754354334039281, 'MRR*@10': 0.036704298556428545, 'Recall*@5': 0.056488294486505115, 'NDCG*@5': 0.03893899594166482, 'MRR*@5': 0.03318143865570079}
INFO    [03-24 15:37:26] train in BasicTrainer:
duration: 55.34765911102295s
INFO    [03-24 15:37:26] train in BasicTrainer:
epoch: 43
INFO    [03-24 15:37:54] _train_one_epoch in BasicTrainer:
loss = 6.829797204922546
INFO    [03-24 15:38:22] log in loggers:
Update Best NDCG@10 Model at 43
INFO    [03-24 15:38:22] validate in BasicTrainer:
{'Recall@10': 0.08332527983327244, 'NDCG@10': 0.047223935235840404, 'MRR@10': 0.036303718061756717, 'Recall@5': 0.0553707554936409, 'NDCG@5': 0.038252813178439475, 'MRR@5': 0.0326416760596425, 'Recall*@10': 0.08472577055064283, 'NDCG*@10': 0.04853625443958959, 'MRR*@10': 0.0375932557580545, 'Recall*@5': 0.05643368964336177, 'NDCG*@5': 0.039459410650554555, 'MRR*@5': 0.033889680162303204}
INFO    [03-24 15:38:22] train in BasicTrainer:
duration: 56.34831094741821s
INFO    [03-24 15:38:22] train in BasicTrainer:
epoch: 44
INFO    [03-24 15:38:52] _train_one_epoch in BasicTrainer:
loss = 6.811344828117978
INFO    [03-24 15:39:20] validate in BasicTrainer:
{'Recall@10': 0.0821240258424781, 'NDCG@10': 0.04625764887693316, 'MRR@10': 0.035398328951162884, 'Recall@5': 0.05464143418641978, 'NDCG@5': 0.03741659180716027, 'MRR@5': 0.031776433954982794, 'Recall*@10': 0.08327182096450828, 'NDCG*@10': 0.047650832755043525, 'MRR*@10': 0.036839678724722345, 'Recall*@5': 0.056614701715550685, 'NDCG*@5': 0.03906799223302871, 'MRR*@5': 0.03331913163726644}
INFO    [03-24 15:39:20] train in BasicTrainer:
duration: 57.87553524971008s
INFO    [03-24 15:39:20] train in BasicTrainer:
epoch: 45
INFO    [03-24 15:39:50] _train_one_epoch in BasicTrainer:
loss = 6.796342079612342
INFO    [03-24 15:40:18] validate in BasicTrainer:
{'Recall@10': 0.08243199010459028, 'NDCG@10': 0.046763199677532036, 'MRR@10': 0.03596195538145627, 'Recall@5': 0.05542874038797016, 'NDCG@5': 0.038091639504414194, 'MRR@5': 0.03241920184575079, 'Recall*@10': 0.08367026874492335, 'NDCG*@10': 0.0481463620338098, 'MRR*@10': 0.037375690011206525, 'Recall*@5': 0.05714722665012345, 'NDCG*@5': 0.03962590603172317, 'MRR*@5': 0.03389323459461678}
INFO    [03-24 15:40:18] train in BasicTrainer:
duration: 57.21887826919556s
INFO    [03-24 15:40:18] train in BasicTrainer:
epoch: 46
INFO    [03-24 15:40:48] _train_one_epoch in BasicTrainer:
loss = 6.7829947268421
INFO    [03-24 15:41:16] validate in BasicTrainer:
{'Recall@10': 0.08149070177198381, 'NDCG@10': 0.046509167886981666, 'MRR@10': 0.0359193470560072, 'Recall@5': 0.05475418263858603, 'NDCG@5': 0.03792550401805445, 'MRR@5': 0.032412662293559824, 'Recall*@10': 0.08209916212877562, 'NDCG*@10': 0.047490144350616506, 'MRR*@10': 0.03700692066561806, 'Recall*@5': 0.05587328466507353, 'NDCG*@5': 0.039079613507140516, 'MRR*@5': 0.03357655595439349}
INFO    [03-24 15:41:16] train in BasicTrainer:
duration: 58.55382061004639s
INFO    [03-24 15:41:16] train in BasicTrainer:
epoch: 47
INFO    [03-24 15:41:47] _train_one_epoch in BasicTrainer:
loss = 6.769848222759637
INFO    [03-24 15:42:15] validate in BasicTrainer:
{'Recall@10': 0.0820096667076266, 'NDCG@10': 0.04670343520625155, 'MRR@10': 0.03602923253594443, 'Recall@5': 0.05467848011920618, 'NDCG@5': 0.03793052905925023, 'MRR@5': 0.032446782299598985, 'Recall*@10': 0.08301399778141531, 'NDCG*@10': 0.047795316074476686, 'MRR*@10': 0.03713949784174446, 'Recall*@5': 0.05573300182703854, 'NDCG*@5': 0.03903004629609659, 'MRR*@5': 0.03355537733972766}
INFO    [03-24 15:42:15] train in BasicTrainer:
duration: 58.944364070892334s
INFO    [03-24 15:42:15] train in BasicTrainer:
epoch: 48
INFO    [03-24 15:42:45] _train_one_epoch in BasicTrainer:
loss = 6.7533784400333055
INFO    [03-24 15:43:13] log in loggers:
Update Best NDCG@10 Model at 48
INFO    [03-24 15:43:14] validate in BasicTrainer:
{'Recall@10': 0.0835607629991317, 'NDCG@10': 0.04760319563423016, 'MRR@10': 0.03669037971674472, 'Recall@5': 0.05691508688898974, 'NDCG@5': 0.039033548011220706, 'MRR@5': 0.03318105900818987, 'Recall*@10': 0.08504638494562733, 'NDCG*@10': 0.04909732399234014, 'MRR*@10': 0.038170093208435896, 'Recall*@5': 0.05879057073142639, 'NDCG*@5': 0.04064819301918957, 'MRR*@5': 0.03470756957495166}
INFO    [03-24 15:43:14] train in BasicTrainer:
duration: 58.595842599868774s
INFO    [03-24 15:43:14] train in BasicTrainer:
epoch: 49
INFO    [03-24 15:43:43] _train_one_epoch in BasicTrainer:
loss = 6.74252234805714
INFO    [03-24 15:44:12] validate in BasicTrainer:
{'Recall@10': 0.08242522520843402, 'NDCG@10': 0.0468029549071031, 'MRR@10': 0.03600583287576834, 'Recall@5': 0.055809830106044, 'NDCG@5': 0.03827942980005759, 'MRR@5': 0.03253671255453613, 'Recall*@10': 0.08345198071049165, 'NDCG*@10': 0.04794370398907236, 'MRR*@10': 0.03717533904741439, 'Recall*@5': 0.05703061082681944, 'NDCG*@5': 0.039475993953587474, 'MRR*@5': 0.03372518390474855}
INFO    [03-24 15:44:12] train in BasicTrainer:
duration: 58.48145127296448s
INFO    [03-24 15:44:12] train in BasicTrainer:
epoch: 50
INFO    [03-24 15:44:39] _train_one_epoch in BasicTrainer:
loss = 6.730722617696632
INFO    [03-24 15:45:06] validate in BasicTrainer:
{'Recall@10': 0.08214593124251034, 'NDCG@10': 0.04681479439947956, 'MRR@10': 0.03613842568945053, 'Recall@5': 0.05441432662828024, 'NDCG@5': 0.03790290278288745, 'MRR@5': 0.03249361585508021, 'Recall*@10': 0.08332418107478194, 'NDCG*@10': 0.048207057163465857, 'MRR*@10': 0.037587963679964226, 'Recall*@5': 0.0561815545886986, 'NDCG*@5': 0.03948263244977755, 'MRR*@5': 0.03401881226793278}
INFO    [03-24 15:45:06] train in BasicTrainer:
duration: 53.90910887718201s
INFO    [03-24 15:45:06] train in BasicTrainer:
epoch: 51
INFO    [03-24 15:45:32] _train_one_epoch in BasicTrainer:
loss = 6.7173206792636355
INFO    [03-24 15:46:00] validate in BasicTrainer:
{'Recall@10': 0.08255053704330163, 'NDCG@10': 0.04717926629060923, 'MRR@10': 0.03646594817324202, 'Recall@5': 0.055517006318929585, 'NDCG@5': 0.03849898476529029, 'MRR@5': 0.03291986384537331, 'Recall*@10': 0.08380028507275175, 'NDCG*@10': 0.0483462116572746, 'MRR*@10': 0.037600658270855285, 'Recall*@5': 0.05703320956334125, 'NDCG*@5': 0.039757460066976474, 'MRR*@5': 0.03409532363013935}
INFO    [03-24 15:46:00] train in BasicTrainer:
duration: 53.78919315338135s
INFO    [03-24 15:46:00] train in BasicTrainer:
epoch: 52
INFO    [03-24 15:46:26] _train_one_epoch in BasicTrainer:
loss = 6.706903026185253
INFO    [03-24 15:46:53] validate in BasicTrainer:
{'Recall@10': 0.08162857701843099, 'NDCG@10': 0.04714275053305219, 'MRR@10': 0.036680822556679565, 'Recall@5': 0.05611006306238877, 'NDCG@5': 0.03893373340599297, 'MRR@5': 0.0333178498919389, 'Recall*@10': 0.0822097289469815, 'NDCG*@10': 0.04823075709936693, 'MRR*@10': 0.03789928972778856, 'Recall*@5': 0.05766995568839155, 'NDCG*@5': 0.04034499702758567, 'MRR*@5': 0.034673619683283245}
INFO    [03-24 15:46:53] train in BasicTrainer:
duration: 53.49631977081299s
INFO    [03-24 15:46:53] train in BasicTrainer:
epoch: 53
INFO    [03-24 15:47:20] _train_one_epoch in BasicTrainer:
loss = 6.696866204792803
INFO    [03-24 15:47:46] validate in BasicTrainer:
{'Recall@10': 0.08283820661694505, 'NDCG@10': 0.04758450757105683, 'MRR@10': 0.0369108352492484, 'Recall@5': 0.05609073478353116, 'NDCG@5': 0.039021464035839074, 'MRR@5': 0.03342723173573035, 'Recall*@10': 0.08333080077125121, 'NDCG*@10': 0.04846013771990935, 'MRR*@10': 0.03789667314452718, 'Recall*@5': 0.05700336543973102, 'NDCG*@5': 0.040032649946998254, 'MRR*@5': 0.034468824838021}
INFO    [03-24 15:47:46] train in BasicTrainer:
duration: 53.19784474372864s
INFO    [03-24 15:47:46] train in BasicTrainer:
epoch: 54
INFO    [03-24 15:48:14] _train_one_epoch in BasicTrainer:
loss = 6.68444981358268
INFO    [03-24 15:48:43] validate in BasicTrainer:
{'Recall@10': 0.08237722660450972, 'NDCG@10': 0.04747102276761402, 'MRR@10': 0.03688848661186621, 'Recall@5': 0.05624213982229085, 'NDCG@5': 0.0390854411895654, 'MRR@5': 0.0334665810674891, 'Recall*@10': 0.08268417914708455, 'NDCG*@10': 0.04830845533473085, 'MRR*@10': 0.03786851270774076, 'Recall*@5': 0.057376234857148906, 'NDCG*@5': 0.040203803991393526, 'MRR*@5': 0.034570744225047814}
INFO    [03-24 15:48:43] train in BasicTrainer:
duration: 56.38836622238159s
INFO    [03-24 15:48:43] train in BasicTrainer:
epoch: 55
INFO    [03-24 15:49:11] _train_one_epoch in BasicTrainer:
loss = 6.6774564886635
INFO    [03-24 15:49:40] validate in BasicTrainer:
{'Recall@10': 0.08090183283238447, 'NDCG@10': 0.04646859551931536, 'MRR@10': 0.036034428868298385, 'Recall@5': 0.05488368224843528, 'NDCG@5': 0.03811245631108912, 'MRR@5': 0.03261930341002091, 'Recall*@10': 0.08161039303901584, 'NDCG*@10': 0.047454688495905825, 'MRR*@10': 0.037104016068831895, 'Recall*@5': 0.05587465329052404, 'NDCG*@5': 0.039209307048671926, 'MRR*@5': 0.033745940045504144}
INFO    [03-24 15:49:40] train in BasicTrainer:
duration: 57.350043535232544s
INFO    [03-24 15:49:40] train in BasicTrainer:
epoch: 56
INFO    [03-24 15:50:12] _train_one_epoch in BasicTrainer:
loss = 6.662514938549562
INFO    [03-24 15:50:41] validate in BasicTrainer:
{'Recall@10': 0.08257244244333385, 'NDCG@10': 0.047541506631776344, 'MRR@10': 0.03693298568097196, 'Recall@5': 0.05590904873701953, 'NDCG@5': 0.03898445262696392, 'MRR@5': 0.03343979500291883, 'Recall*@10': 0.08307576413417972, 'NDCG*@10': 0.04858336300235386, 'MRR*@10': 0.03812096578379472, 'Recall*@5': 0.057031681183581207, 'NDCG*@5': 0.040218667336559114, 'MRR*@5': 0.034702408871100855}
INFO    [03-24 15:50:41] train in BasicTrainer:
duration: 60.2765908241272s
INFO    [03-24 15:50:41] train in BasicTrainer:
epoch: 57
INFO    [03-24 15:51:10] _train_one_epoch in BasicTrainer:
loss = 6.651846829463135
INFO    [03-24 15:51:39] validate in BasicTrainer:
{'Recall@10': 0.08191205878821455, 'NDCG@10': 0.047263247386891714, 'MRR@10': 0.0367454502644927, 'Recall@5': 0.056257280326166816, 'NDCG@5': 0.039012085646390915, 'MRR@5': 0.033366191699061284, 'Recall*@10': 0.08293882540838662, 'NDCG*@10': 0.04859593728658303, 'MRR*@10': 0.03816376164440037, 'Recall*@5': 0.057651695802576786, 'NDCG*@5': 0.04046331932262857, 'MRR*@5': 0.03483291666290557}
INFO    [03-24 15:51:39] train in BasicTrainer:
duration: 58.893956422805786s
INFO    [03-24 15:51:39] train in BasicTrainer:
epoch: 58
INFO    [03-24 15:52:10] _train_one_epoch in BasicTrainer:
loss = 6.646761646324938
INFO    [03-24 15:52:39] validate in BasicTrainer:
{'Recall@10': 0.081200455106044, 'NDCG@10': 0.04701965541918148, 'MRR@10': 0.03665149431358012, 'Recall@5': 0.05571383286931718, 'NDCG@5': 0.03882196942676407, 'MRR@5': 0.03329401137668264, 'Recall*@10': 0.08237764377926671, 'NDCG*@10': 0.04811762241545574, 'MRR*@10': 0.0377230037061512, 'Recall*@5': 0.05684914503448693, 'NDCG*@5': 0.03991592448753442, 'MRR*@5': 0.034369363384537915}
INFO    [03-24 15:52:39] train in BasicTrainer:
duration: 59.61768913269043s
INFO    [03-24 15:52:39] train in BasicTrainer:
epoch: 59
INFO    [03-24 15:53:09] _train_one_epoch in BasicTrainer:
loss = 6.633486307480118
INFO    [03-24 15:53:38] validate in BasicTrainer:
{'Recall@10': 0.08267166107430939, 'NDCG@10': 0.04734421339492465, 'MRR@10': 0.03664596360032411, 'Recall@5': 0.05551281851506973, 'NDCG@5': 0.03860133158606152, 'MRR@5': 0.03306070287791334, 'Recall*@10': 0.08363658380369808, 'NDCG*@10': 0.04845601894943289, 'MRR*@10': 0.03779717761474524, 'Recall*@5': 0.05682489905477494, 'NDCG*@5': 0.039837181481511094, 'MRR*@5': 0.03427011242439581}
INFO    [03-24 15:53:38] train in BasicTrainer:
duration: 59.40340209007263s
INFO    [03-24 15:53:39] close_training in BasicTrainer:
finished training
INFO    [03-24 15:53:39] final_validate in BasicTrainer:
validate model on val set!
INFO    [03-24 15:53:39] load_state_from_given_path in utils:
checkpoint epoch: 48
INFO    [03-24 15:53:39] load_state_from_given_path in utils:
Loading model's parameters
INFO    [03-24 15:54:07] validate in BasicTrainer:
{'Recall@10': 0.0835607629991317, 'NDCG@10': 0.04760319563423016, 'MRR@10': 0.03669037971674472, 'Recall@5': 0.05691508688898974, 'NDCG@5': 0.039033548011220706, 'MRR@5': 0.03318105900818987, 'Recall*@10': 0.08504638494562733, 'NDCG*@10': 0.04909732399234014, 'MRR*@10': 0.038170093208435896, 'Recall*@5': 0.05879057073142639, 'NDCG*@5': 0.04064819301918957, 'MRR*@5': 0.03470756957495166}
INFO    [03-24 15:54:07] test in BasicTrainer:
Test model on test set!
INFO    [03-24 15:54:07] test_with_given_state_path in BasicTrainer:
Loading model params from ___movies_base_partial_2022/base_gru4rec-rate-0.8-seed-2000_03-24_14:55_t1/gru4rec_logs/checkpoint/best_acc_model.pth.
INFO    [03-24 15:54:07] load_state_from_given_path in utils:
checkpoint epoch: 48
INFO    [03-24 15:54:07] load_state_from_given_path in utils:
Loading model's parameters
INFO    [03-24 15:54:07] test_with_given_state_path in BasicTrainer:
Finished loading. Start testing.
INFO    [03-24 15:54:38] test_with_given_state_path in BasicTrainer:
{'Recall@10': 0.07484820837429328, 'NDCG@10': 0.041981851797579794, 'MRR@10': 0.03204039169489875, 'Recall@5': 0.05018432756033979, 'NDCG@5': 0.03408183886619039, 'MRR@5': 0.028823863729372505, 'Recall*@10': 0.07705948166837988, 'NDCG*@10': 0.04337682011862134, 'MRR*@10': 0.03318981391688188, 'Recall*@5': 0.05185226612370605, 'NDCG*@5': 0.0353055571010986, 'MRR*@5': 0.02990516330036082}
INFO    [03-24 15:54:38] _evaluate in BasicSched:
!!Final Result!!: {'Recall@10': 0.07484820837429328, 'NDCG@10': 0.041981851797579794, 'MRR@10': 0.03204039169489875, 'Recall@5': 0.05018432756033979, 'NDCG@5': 0.03408183886619039, 'MRR@5': 0.028823863729372505, 'Recall*@10': 0.07705948166837988, 'NDCG*@10': 0.04337682011862134, 'MRR*@10': 0.03318981391688188, 'Recall*@5': 0.05185226612370605, 'NDCG*@5': 0.0353055571010986, 'MRR*@5': 0.02990516330036082}
