INFO    [05-04 17:39:18] setup_train in utils:
{
    "experiment_dir": "___lfms_base_partial_2022",
    "experiment_description": "base",
    "describe": "{config[model_code]}-rate-{config[sample_rate]}-seed-{config[sample_seed]}",
    "dataset_name": "lastfm_small.csv",
    "sched": "basic",
    "model_code": "narm",
    "num_epochs": 80,
    "mode": [
        "train",
        "test"
    ],
    "max_len": 20,
    "test_state_path": null,
    "model_state_path": null,
    "do_sampling": true,
    "path_for_sample": "Data/Cache/lastfm_small-5-5.pkl",
    "sample_rate": 0.8,
    "sample_seed": 2001,
    "rand_seed": 2022,
    "load_processed_dataset": true,
    "save_processed_dataset": false,
    "dataset_cache_filename": null,
    "weight_decay": 0,
    "decay_step": 15,
    "gamma": 0.99,
    "lr": 0.001,
    "min_length": 5,
    "min_item_inter": 5,
    "good_only": false,
    "use_rating": true,
    "test_negative_sampler_code": "random",
    "test_negative_sample_size": 0,
    "dataloader_type": "next",
    "train_batch_size": 256,
    "val_batch_size": 256,
    "test_batch_size": 256,
    "prop_sliding_window": -1.0,
    "worker_number": 2,
    "metric_ks": [
        5,
        10
    ],
    "device": "cuda",
    "num_gpu": 1,
    "optimizer": "Adam",
    "best_metric": "NDCG@10",
    "show_process_bar": false,
    "config_file": "config2.lastfm_small/narm/config_partial.json",
    "task_id": 1,
    "split": "leave_one_out",
    "do_remap": true,
    "train_negative_sampler_code": "random",
    "train_negative_sample_size": 100,
    "device_idx": "0",
    "momentum": null,
    "log_period_as_iter": 12800,
    "mentor_code": "bert",
    "training_routine": null,
    "T": 1,
    "alpha": 0.1,
    "dvae_alpha": 0.5,
    "softmaxed_mentor": false,
    "weight_list": [
        0.5,
        0.5
    ],
    "validation_rate": 0.2,
    "num_items": null,
    "start_index": 1,
    "kwargs": null
}
DEBUG   [05-04 17:39:18] __init__ in BasicSched:
BasicScheduler attribs: tag=narm
INFO    [05-04 17:39:18] _load_sampled_dataset_from_path in utils:
loading sampled dataset from /data01/wushiguang-slurm/Codes/soft-rec/Data/Cache/sampled_lastfm_small-5-5-rate-0.8-seed-2001.pkl
INFO    [05-04 17:39:19] _check_dataset_cache in utils:
check if the cache is generated under this configuration
INFO    [05-04 17:39:19] _check_dataset_cache in utils:
correct.
INFO    [05-04 17:39:19] __init__ in NextItemDataloader:
there are 3646 items in this dataset, 2538 users, padding_first? False
DEBUG   [05-04 17:39:19] generate_model in utils:
model_code_list=['narm']
INFO    [05-04 17:39:19] load_model_config in utils:
loading model narm's config file at asset/config/model/narm.json
INFO    [05-04 17:39:19] load_model_config in utils:
{
    "embedding_size": 64,
    "hidden_size": 128,
    "n_layers": 1,
    "dropout_probs": [
        0.25,
        0.5
    ]
}
WARNING [05-04 17:39:26] get_exist_path in utils:
dir ___lfms_base_partial_2022/base_narm-rate-0.8-seed-2001_05-04_17:39_t1/narm_logs does not exist! Create one.
WARNING [05-04 17:39:26] get_exist_path in utils:
dir ___lfms_base_partial_2022/base_narm-rate-0.8-seed-2001_05-04_17:39_t1/narm_logs/tb_vis does not exist! Create one.
WARNING [05-04 17:39:26] get_exist_path in utils:
dir ___lfms_base_partial_2022/base_narm-rate-0.8-seed-2001_05-04_17:39_t1/narm_logs/checkpoint does not exist! Create one.
INFO    [05-04 17:39:26] __init__ in BasicSched:
NARM(
  (item_embedding): Embedding(3647, 64, padding_idx=0)
  (emb_dropout): Dropout(p=0.25, inplace=False)
  (gru): GRU(64, 128, bias=False, batch_first=True)
  (a_1): Linear(in_features=128, out_features=128, bias=False)
  (a_2): Linear(in_features=128, out_features=128, bias=False)
  (v_t): Linear(in_features=128, out_features=1, bias=False)
  (ct_dropout): Dropout(p=0.5, inplace=False)
  (b): Linear(in_features=256, out_features=64, bias=False)
  (loss_fct): CrossEntropyLoss()
)
WARNING [05-04 17:39:26] get_path in utils:
Path is None
WARNING [05-04 17:39:26] load_state_from_given_path in utils:
Not given any path.
INFO    [05-04 17:39:26] assert_model_device in utils:
model narm has 1.359619140625 MB params.
INFO    [05-04 17:39:26] __init__ in BasicTrainer:
38400 iter per epoch
INFO    [05-04 17:39:26] _fit in BasicSched:
Start training.
INFO    [05-04 17:39:28] log in loggers:
Update Best NDCG@10 Model at 0
INFO    [05-04 17:39:28] validate in BasicTrainer:
{'Recall@10': 0.001171875, 'NDCG@10': 0.00048557030968368056, 'MRR@10': 0.0002734375069849193, 'Recall@5': 0.00078125, 'NDCG@5': 0.0003464268753305078, 'MRR@5': 0.00020833333837799728, 'Recall*@10': 0.001171875, 'NDCG*@10': 0.00048557030968368056, 'MRR*@10': 0.0002734375069849193, 'Recall*@5': 0.00078125, 'NDCG*@5': 0.0003464268753305078, 'MRR*@5': 0.00020833333837799728}
INFO    [05-04 17:39:28] train in BasicTrainer:
epoch: 0
INFO    [05-04 17:39:32] _train_one_epoch in BasicTrainer:
loss = 7.9349417400360105
INFO    [05-04 17:39:34] log in loggers:
Update Best NDCG@10 Model at 0
INFO    [05-04 17:39:34] validate in BasicTrainer:
{'Recall@10': 0.033924278989434245, 'NDCG@10': 0.015695227589458228, 'MRR@10': 0.010232256492599845, 'Recall@5': 0.019397703185677528, 'NDCG@5': 0.011169628612697125, 'MRR@5': 0.0084639870445244, 'Recall*@10': 0.033924278989434245, 'NDCG*@10': 0.015695227589458228, 'MRR*@10': 0.010232256492599845, 'Recall*@5': 0.019397703185677528, 'NDCG*@5': 0.011169628612697125, 'MRR*@5': 0.0084639870445244}
INFO    [05-04 17:39:34] train in BasicTrainer:
duration: 6.144186973571777s
INFO    [05-04 17:39:34] train in BasicTrainer:
epoch: 1
INFO    [05-04 17:39:38] _train_one_epoch in BasicTrainer:
loss = 7.355441789627076
INFO    [05-04 17:39:40] log in loggers:
Update Best NDCG@10 Model at 1
INFO    [05-04 17:39:40] validate in BasicTrainer:
{'Recall@10': 0.05222355797886848, 'NDCG@10': 0.025259846448898317, 'MRR@10': 0.017184416111558676, 'Recall@5': 0.029664129391312598, 'NDCG@5': 0.01800775872543454, 'MRR@5': 0.01421518879942596, 'Recall*@10': 0.05222355797886848, 'NDCG*@10': 0.025259846448898317, 'MRR*@10': 0.017184416111558676, 'Recall*@5': 0.029664129391312598, 'NDCG*@5': 0.01800775872543454, 'MRR*@5': 0.01421518879942596}
INFO    [05-04 17:39:40] train in BasicTrainer:
duration: 6.100223064422607s
INFO    [05-04 17:39:40] train in BasicTrainer:
epoch: 2
INFO    [05-04 17:39:45] _train_one_epoch in BasicTrainer:
loss = 6.949724896748861
INFO    [05-04 17:39:46] log in loggers:
Update Best NDCG@10 Model at 2
INFO    [05-04 17:39:47] validate in BasicTrainer:
{'Recall@10': 0.07047275677323342, 'NDCG@10': 0.03476123083382845, 'MRR@10': 0.024133854638785125, 'Recall@5': 0.039857104793190955, 'NDCG@5': 0.024959409050643443, 'MRR@5': 0.020146957784891128, 'Recall*@10': 0.07047275677323342, 'NDCG*@10': 0.03476123083382845, 'MRR*@10': 0.024133854638785125, 'Recall*@5': 0.039857104793190955, 'NDCG*@5': 0.024959409050643443, 'MRR*@5': 0.020146957784891128}
INFO    [05-04 17:39:47] train in BasicTrainer:
duration: 6.243510007858276s
INFO    [05-04 17:39:47] train in BasicTrainer:
epoch: 3
INFO    [05-04 17:39:51] _train_one_epoch in BasicTrainer:
loss = 6.652113087972006
INFO    [05-04 17:39:53] log in loggers:
Update Best NDCG@10 Model at 3
INFO    [05-04 17:39:53] validate in BasicTrainer:
{'Recall@10': 0.0886251337826252, 'NDCG@10': 0.04580312445759773, 'MRR@10': 0.03279598243534565, 'Recall@5': 0.056373531371355055, 'NDCG@5': 0.03542189784348011, 'MRR@5': 0.028540777694433927, 'Recall*@10': 0.0886251337826252, 'NDCG*@10': 0.04580312445759773, 'MRR*@10': 0.03279598243534565, 'Recall*@5': 0.056373531371355055, 'NDCG*@5': 0.03542189784348011, 'MRR*@5': 0.028540777694433927}
INFO    [05-04 17:39:53] train in BasicTrainer:
duration: 6.029448747634888s
INFO    [05-04 17:39:53] train in BasicTrainer:
epoch: 4
INFO    [05-04 17:39:57] _train_one_epoch in BasicTrainer:
loss = 6.419385404586792
INFO    [05-04 17:39:59] log in loggers:
Update Best NDCG@10 Model at 4
INFO    [05-04 17:39:59] validate in BasicTrainer:
{'Recall@10': 0.09239783734083176, 'NDCG@10': 0.046418290585279465, 'MRR@10': 0.032730003260076045, 'Recall@5': 0.05449385717511177, 'NDCG@5': 0.03449715208262205, 'MRR@5': 0.02800708906725049, 'Recall*@10': 0.09239783734083176, 'NDCG*@10': 0.046418290585279465, 'MRR*@10': 0.032730003260076045, 'Recall*@5': 0.05449385717511177, 'NDCG*@5': 0.03449715208262205, 'MRR*@5': 0.02800708906725049}
INFO    [05-04 17:39:59] train in BasicTrainer:
duration: 6.102956533432007s
INFO    [05-04 17:39:59] train in BasicTrainer:
epoch: 5
INFO    [05-04 17:40:03] _train_one_epoch in BasicTrainer:
loss = 6.243883298238118
INFO    [05-04 17:40:05] log in loggers:
Update Best NDCG@10 Model at 5
INFO    [05-04 17:40:05] validate in BasicTrainer:
{'Recall@10': 0.09708533734083176, 'NDCG@10': 0.049623215943574904, 'MRR@10': 0.03539653066545725, 'Recall@5': 0.059535256773233416, 'NDCG@5': 0.03753023371100426, 'MRR@5': 0.030435808934271336, 'Recall*@10': 0.09708533734083176, 'NDCG*@10': 0.049623215943574904, 'MRR*@10': 0.03539653066545725, 'Recall*@5': 0.059535256773233416, 'NDCG*@5': 0.03753023371100426, 'MRR*@5': 0.030435808934271336}
INFO    [05-04 17:40:05] train in BasicTrainer:
duration: 5.95663857460022s
INFO    [05-04 17:40:05] train in BasicTrainer:
epoch: 6
INFO    [05-04 17:40:09] _train_one_epoch in BasicTrainer:
loss = 6.093326269785563
INFO    [05-04 17:40:11] log in loggers:
Update Best NDCG@10 Model at 6
INFO    [05-04 17:40:11] validate in BasicTrainer:
{'Recall@10': 0.10567908734083176, 'NDCG@10': 0.05508324913680553, 'MRR@10': 0.039901665225625035, 'Recall@5': 0.06589543297886849, 'NDCG@5': 0.04245134759694338, 'MRR@5': 0.03482683505862951, 'Recall*@10': 0.10567908734083176, 'NDCG*@10': 0.05508324913680553, 'MRR*@10': 0.039901665225625035, 'Recall*@5': 0.06589543297886849, 'NDCG*@5': 0.04245134759694338, 'MRR*@5': 0.03482683505862951}
INFO    [05-04 17:40:11] train in BasicTrainer:
duration: 5.971692085266113s
INFO    [05-04 17:40:11] train in BasicTrainer:
epoch: 7
INFO    [05-04 17:40:15] _train_one_epoch in BasicTrainer:
loss = 5.966701513926188
INFO    [05-04 17:40:17] log in loggers:
Update Best NDCG@10 Model at 7
INFO    [05-04 17:40:17] validate in BasicTrainer:
{'Recall@10': 0.1133213147521019, 'NDCG@10': 0.05985438674688339, 'MRR@10': 0.043860717304050924, 'Recall@5': 0.06788528338074684, 'NDCG@5': 0.045459358021616936, 'MRR@5': 0.03809027876704931, 'Recall*@10': 0.1133213147521019, 'NDCG*@10': 0.05985438674688339, 'MRR*@10': 0.043860717304050924, 'Recall*@5': 0.06788528338074684, 'NDCG*@5': 0.045459358021616936, 'MRR*@5': 0.03809027876704931}
INFO    [05-04 17:40:17] train in BasicTrainer:
duration: 6.002047061920166s
INFO    [05-04 17:40:17] train in BasicTrainer:
epoch: 8
INFO    [05-04 17:40:21] _train_one_epoch in BasicTrainer:
loss = 5.850381326675415
INFO    [05-04 17:40:23] log in loggers:
Update Best NDCG@10 Model at 8
INFO    [05-04 17:40:23] validate in BasicTrainer:
{'Recall@10': 0.11743456274271011, 'NDCG@10': 0.06104854680597782, 'MRR@10': 0.04422292020171881, 'Recall@5': 0.06855635717511177, 'NDCG@5': 0.04539724737405777, 'MRR@5': 0.037850840203464034, 'Recall*@10': 0.11743456274271011, 'NDCG*@10': 0.06104854680597782, 'MRR*@10': 0.04422292020171881, 'Recall*@5': 0.06855635717511177, 'NDCG*@5': 0.04539724737405777, 'MRR*@5': 0.037850840203464034}
INFO    [05-04 17:40:23] train in BasicTrainer:
duration: 6.087276458740234s
INFO    [05-04 17:40:23] train in BasicTrainer:
epoch: 9
INFO    [05-04 17:40:27] _train_one_epoch in BasicTrainer:
loss = 5.744314403533935
INFO    [05-04 17:40:29] log in loggers:
Update Best NDCG@10 Model at 9
INFO    [05-04 17:40:29] validate in BasicTrainer:
{'Recall@10': 0.11949786394834519, 'NDCG@10': 0.06296427361667156, 'MRR@10': 0.04598418194800615, 'Recall@5': 0.0753438837826252, 'NDCG@5': 0.048986895382404326, 'MRR@5': 0.0403881223872304, 'Recall*@10': 0.11949786394834519, 'NDCG*@10': 0.06296427361667156, 'MRR*@10': 0.04598418194800615, 'Recall*@5': 0.0753438837826252, 'NDCG*@5': 0.048986895382404326, 'MRR*@5': 0.0403881223872304}
INFO    [05-04 17:40:29] train in BasicTrainer:
duration: 6.117990255355835s
INFO    [05-04 17:40:29] train in BasicTrainer:
epoch: 10
INFO    [05-04 17:40:33] _train_one_epoch in BasicTrainer:
loss = 5.658894589742025
INFO    [05-04 17:40:35] log in loggers:
Update Best NDCG@10 Model at 10
INFO    [05-04 17:40:35] validate in BasicTrainer:
{'Recall@10': 0.12922676354646684, 'NDCG@10': 0.06857150010764598, 'MRR@10': 0.050230550765991214, 'Recall@5': 0.08280248418450356, 'NDCG@5': 0.05370252951979637, 'MRR@5': 0.044178298115730284, 'Recall*@10': 0.12922676354646684, 'NDCG*@10': 0.06857150010764598, 'MRR*@10': 0.050230550765991214, 'Recall*@5': 0.08280248418450356, 'NDCG*@5': 0.05370252951979637, 'MRR*@5': 0.044178298115730284}
INFO    [05-04 17:40:35] train in BasicTrainer:
duration: 6.296402215957642s
INFO    [05-04 17:40:35] train in BasicTrainer:
epoch: 11
INFO    [05-04 17:40:39] _train_one_epoch in BasicTrainer:
loss = 5.584088115692139
INFO    [05-04 17:40:41] log in loggers:
Update Best NDCG@10 Model at 11
INFO    [05-04 17:40:41] validate in BasicTrainer:
{'Recall@10': 0.13193776756525039, 'NDCG@10': 0.06932130344212055, 'MRR@10': 0.05049346536397934, 'Recall@5': 0.08166733458638191, 'NDCG@5': 0.053212737664580345, 'MRR@5': 0.043936077132821084, 'Recall*@10': 0.13193776756525039, 'NDCG*@10': 0.06932130344212055, 'MRR*@10': 0.05049346536397934, 'Recall*@5': 0.08166733458638191, 'NDCG*@5': 0.053212737664580345, 'MRR*@5': 0.043936077132821084}
INFO    [05-04 17:40:41] train in BasicTrainer:
duration: 6.181023359298706s
INFO    [05-04 17:40:41] train in BasicTrainer:
epoch: 12
INFO    [05-04 17:40:46] _train_one_epoch in BasicTrainer:
loss = 5.505039691925049
INFO    [05-04 17:40:47] log in loggers:
Update Best NDCG@10 Model at 12
INFO    [05-04 17:40:47] validate in BasicTrainer:
{'Recall@10': 0.13487914055585862, 'NDCG@10': 0.0703574676066637, 'MRR@10': 0.0508062444627285, 'Recall@5': 0.08674545958638191, 'NDCG@5': 0.054888978227972986, 'MRR@5': 0.044477665424346925, 'Recall*@10': 0.13487914055585862, 'NDCG*@10': 0.0703574676066637, 'MRR*@10': 0.0508062444627285, 'Recall*@5': 0.08674545958638191, 'NDCG*@5': 0.054888978227972986, 'MRR*@5': 0.044477665424346925}
INFO    [05-04 17:40:47] train in BasicTrainer:
duration: 6.034669637680054s
INFO    [05-04 17:40:47] train in BasicTrainer:
epoch: 13
INFO    [05-04 17:40:52] _train_one_epoch in BasicTrainer:
loss = 5.432272284825643
INFO    [05-04 17:40:53] validate in BasicTrainer:
{'Recall@10': 0.1283486917614937, 'NDCG@10': 0.07000845856964588, 'MRR@10': 0.052495509013533594, 'Recall@5': 0.08131343498826027, 'NDCG@5': 0.05498273372650146, 'MRR@5': 0.046402467787265776, 'Recall*@10': 0.1283486917614937, 'NDCG*@10': 0.07000845856964588, 'MRR*@10': 0.052495509013533594, 'Recall*@5': 0.08131343498826027, 'NDCG*@5': 0.05498273372650146, 'MRR*@5': 0.046402467787265776}
INFO    [05-04 17:40:53] train in BasicTrainer:
duration: 5.9886634349823s
INFO    [05-04 17:40:53] train in BasicTrainer:
epoch: 14
INFO    [05-04 17:40:58] _train_one_epoch in BasicTrainer:
loss = 5.361408246358236
INFO    [05-04 17:40:59] log in loggers:
Update Best NDCG@10 Model at 14
INFO    [05-04 17:40:59] validate in BasicTrainer:
{'Recall@10': 0.13307291716337205, 'NDCG@10': 0.07343714013695717, 'MRR@10': 0.05556947588920593, 'Recall@5': 0.08248530998826027, 'NDCG@5': 0.0572265200316906, 'MRR@5': 0.048964066058397294, 'Recall*@10': 0.13307291716337205, 'NDCG*@10': 0.07343714013695717, 'MRR*@10': 0.05556947588920593, 'Recall*@5': 0.08248530998826027, 'NDCG*@5': 0.0572265200316906, 'MRR*@5': 0.048964066058397294}
INFO    [05-04 17:40:59] train in BasicTrainer:
duration: 6.108572959899902s
INFO    [05-04 17:40:59] train in BasicTrainer:
epoch: 15
INFO    [05-04 17:41:04] _train_one_epoch in BasicTrainer:
loss = 5.306288143793742
INFO    [05-04 17:41:06] validate in BasicTrainer:
{'Recall@10': 0.13221821635961534, 'NDCG@10': 0.07301572784781456, 'MRR@10': 0.055081835761666295, 'Recall@5': 0.0872829869389534, 'NDCG@5': 0.058475674316287043, 'MRR@5': 0.04907785914838314, 'Recall*@10': 0.13221821635961534, 'NDCG*@10': 0.07301572784781456, 'MRR*@10': 0.055081835761666295, 'Recall*@5': 0.0872829869389534, 'NDCG*@5': 0.058475674316287043, 'MRR*@5': 0.04907785914838314}
INFO    [05-04 17:41:06] train in BasicTrainer:
duration: 6.117988109588623s
INFO    [05-04 17:41:06] train in BasicTrainer:
epoch: 16
INFO    [05-04 17:41:10] _train_one_epoch in BasicTrainer:
loss = 5.248674109776815
INFO    [05-04 17:41:12] validate in BasicTrainer:
{'Recall@10': 0.1337072655558586, 'NDCG@10': 0.07239725887775421, 'MRR@10': 0.05380523726344109, 'Recall@5': 0.08919938653707504, 'NDCG@5': 0.05819083265960216, 'MRR@5': 0.048050882667303084, 'Recall*@10': 0.1337072655558586, 'NDCG*@10': 0.07239725887775421, 'MRR*@10': 0.05380523726344109, 'Recall*@5': 0.08919938653707504, 'NDCG*@5': 0.05819083265960216, 'MRR*@5': 0.048050882667303084}
INFO    [05-04 17:41:12] train in BasicTrainer:
duration: 5.9739251136779785s
INFO    [05-04 17:41:12] train in BasicTrainer:
epoch: 17
INFO    [05-04 17:41:16] _train_one_epoch in BasicTrainer:
loss = 5.195066401163737
INFO    [05-04 17:41:18] log in loggers:
Update Best NDCG@10 Model at 17
INFO    [05-04 17:41:18] validate in BasicTrainer:
{'Recall@10': 0.13768696635961533, 'NDCG@10': 0.07598771639168263, 'MRR@10': 0.057209161669015886, 'Recall@5': 0.09189703613519669, 'NDCG@5': 0.06127455793321133, 'MRR@5': 0.05119302161037922, 'Recall*@10': 0.13768696635961533, 'NDCG*@10': 0.07598771639168263, 'MRR*@10': 0.057209161669015886, 'Recall*@5': 0.09189703613519669, 'NDCG*@5': 0.06127455793321133, 'MRR*@5': 0.05119302161037922}
INFO    [05-04 17:41:18] train in BasicTrainer:
duration: 6.1082494258880615s
INFO    [05-04 17:41:18] train in BasicTrainer:
epoch: 18
INFO    [05-04 17:41:22] _train_one_epoch in BasicTrainer:
loss = 5.147651306788126
INFO    [05-04 17:41:24] log in loggers:
Update Best NDCG@10 Model at 18
INFO    [05-04 17:41:24] validate in BasicTrainer:
{'Recall@10': 0.13882211595773697, 'NDCG@10': 0.07793558016419411, 'MRR@10': 0.059415360912680626, 'Recall@5': 0.09477831274271012, 'NDCG@5': 0.06390108391642571, 'MRR@5': 0.05374232195317745, 'Recall*@10': 0.13882211595773697, 'NDCG*@10': 0.07793558016419411, 'MRR*@10': 0.059415360912680626, 'Recall*@5': 0.09477831274271012, 'NDCG*@5': 0.06390108391642571, 'MRR*@5': 0.05374232195317745}
INFO    [05-04 17:41:24] train in BasicTrainer:
duration: 6.038028717041016s
INFO    [05-04 17:41:24] train in BasicTrainer:
epoch: 19
INFO    [05-04 17:41:28] _train_one_epoch in BasicTrainer:
loss = 5.095158074696859
INFO    [05-04 17:41:30] log in loggers:
Update Best NDCG@10 Model at 19
INFO    [05-04 17:41:30] validate in BasicTrainer:
{'Recall@10': 0.1463174417614937, 'NDCG@10': 0.07996187582612038, 'MRR@10': 0.05976284816861153, 'Recall@5': 0.10028378814458846, 'NDCG@5': 0.06516774892807006, 'MRR@5': 0.05371143892407417, 'Recall*@10': 0.1463174417614937, 'NDCG*@10': 0.07996187582612038, 'MRR*@10': 0.05976284816861153, 'Recall*@5': 0.10028378814458846, 'NDCG*@5': 0.06516774892807006, 'MRR*@5': 0.05371143892407417}
INFO    [05-04 17:41:30] train in BasicTrainer:
duration: 6.100665330886841s
INFO    [05-04 17:41:30] train in BasicTrainer:
epoch: 20
INFO    [05-04 17:41:34] _train_one_epoch in BasicTrainer:
loss = 5.0498792171478275
INFO    [05-04 17:41:36] log in loggers:
Update Best NDCG@10 Model at 20
INFO    [05-04 17:41:36] validate in BasicTrainer:
{'Recall@10': 0.15306824296712876, 'NDCG@10': 0.08300698176026344, 'MRR@10': 0.06177694238722324, 'Recall@5': 0.09922208935022354, 'NDCG@5': 0.06556468345224857, 'MRR@5': 0.054559462890028956, 'Recall*@10': 0.15306824296712876, 'NDCG*@10': 0.08300698176026344, 'MRR*@10': 0.06177694238722324, 'Recall*@5': 0.09922208935022354, 'NDCG*@5': 0.06556468345224857, 'MRR*@5': 0.054559462890028956}
INFO    [05-04 17:41:36] train in BasicTrainer:
duration: 6.061938524246216s
INFO    [05-04 17:41:36] train in BasicTrainer:
epoch: 21
INFO    [05-04 17:41:40] _train_one_epoch in BasicTrainer:
loss = 5.005743487675985
INFO    [05-04 17:41:42] validate in BasicTrainer:
{'Recall@10': 0.1415197655558586, 'NDCG@10': 0.07878791764378548, 'MRR@10': 0.05976214371621609, 'Recall@5': 0.09321581274271011, 'NDCG@5': 0.06316844187676907, 'MRR@5': 0.05331920050084591, 'Recall*@10': 0.1415197655558586, 'NDCG*@10': 0.07878791764378548, 'MRR*@10': 0.05976214371621609, 'Recall*@5': 0.09321581274271011, 'NDCG*@5': 0.06316844187676907, 'MRR*@5': 0.05331920050084591}
INFO    [05-04 17:41:42] train in BasicTrainer:
duration: 5.976975679397583s
INFO    [05-04 17:41:42] train in BasicTrainer:
epoch: 22
INFO    [05-04 17:41:46] _train_one_epoch in BasicTrainer:
loss = 4.9510133934021
INFO    [05-04 17:41:48] validate in BasicTrainer:
{'Recall@10': 0.15253071635961532, 'NDCG@10': 0.0812794454395771, 'MRR@10': 0.059879295155406, 'Recall@5': 0.09396033734083176, 'NDCG@5': 0.06261296384036541, 'MRR@5': 0.05233907587826252, 'Recall*@10': 0.15253071635961532, 'NDCG*@10': 0.0812794454395771, 'MRR*@10': 0.059879295155406, 'Recall*@5': 0.09396033734083176, 'NDCG*@5': 0.06261296384036541, 'MRR*@5': 0.05233907587826252}
INFO    [05-04 17:41:48] train in BasicTrainer:
duration: 5.973193407058716s
INFO    [05-04 17:41:48] train in BasicTrainer:
epoch: 23
INFO    [05-04 17:41:52] _train_one_epoch in BasicTrainer:
loss = 4.911531998316447
INFO    [05-04 17:41:54] log in loggers:
Update Best NDCG@10 Model at 23
INFO    [05-04 17:41:54] validate in BasicTrainer:
{'Recall@10': 0.15083466917276384, 'NDCG@10': 0.08319235518574715, 'MRR@10': 0.06278795376420021, 'Recall@5': 0.09825721234083176, 'NDCG@5': 0.06641713604331016, 'MRR@5': 0.055999601259827614, 'Recall*@10': 0.15083466917276384, 'NDCG*@10': 0.08319235518574715, 'MRR*@10': 0.06278795376420021, 'Recall*@5': 0.09825721234083176, 'NDCG*@5': 0.06641713604331016, 'MRR*@5': 0.055999601259827614}
INFO    [05-04 17:41:54] train in BasicTrainer:
duration: 6.109902858734131s
INFO    [05-04 17:41:54] train in BasicTrainer:
epoch: 24
INFO    [05-04 17:41:58] _train_one_epoch in BasicTrainer:
loss = 4.86697026570638
INFO    [05-04 17:42:00] log in loggers:
Update Best NDCG@10 Model at 24
INFO    [05-04 17:42:00] validate in BasicTrainer:
{'Recall@10': 0.15182291716337204, 'NDCG@10': 0.08430347628891469, 'MRR@10': 0.06394394412636757, 'Recall@5': 0.09619391113519668, 'NDCG@5': 0.06625035330653191, 'MRR@5': 0.05645521841943264, 'Recall*@10': 0.15182291716337204, 'NDCG*@10': 0.08430347628891469, 'MRR*@10': 0.06394394412636757, 'Recall*@5': 0.09619391113519668, 'NDCG*@5': 0.06625035330653191, 'MRR*@5': 0.05645521841943264}
INFO    [05-04 17:42:00] train in BasicTrainer:
duration: 6.07655668258667s
INFO    [05-04 17:42:00] train in BasicTrainer:
epoch: 25
INFO    [05-04 17:42:04] _train_one_epoch in BasicTrainer:
loss = 4.829812933603923
INFO    [05-04 17:42:06] log in loggers:
Update Best NDCG@10 Model at 25
INFO    [05-04 17:42:06] validate in BasicTrainer:
{'Recall@10': 0.15174946635961534, 'NDCG@10': 0.08552771508693695, 'MRR@10': 0.06527216657996178, 'Recall@5': 0.10500801354646683, 'NDCG@5': 0.07049589119851589, 'MRR@5': 0.0591210950165987, 'Recall*@10': 0.15174946635961534, 'NDCG*@10': 0.08552771508693695, 'MRR*@10': 0.06527216657996178, 'Recall*@5': 0.10500801354646683, 'NDCG*@5': 0.07049589119851589, 'MRR*@5': 0.0591210950165987}
INFO    [05-04 17:42:06] train in BasicTrainer:
duration: 6.080864667892456s
INFO    [05-04 17:42:06] train in BasicTrainer:
epoch: 26
INFO    [05-04 17:42:10] _train_one_epoch in BasicTrainer:
loss = 4.800997467041015
INFO    [05-04 17:42:12] validate in BasicTrainer:
{'Recall@10': 0.14994324296712874, 'NDCG@10': 0.08405784741044045, 'MRR@10': 0.0641026422381401, 'Recall@5': 0.10028378814458846, 'NDCG@5': 0.06817389838397503, 'MRR@5': 0.0576459027826786, 'Recall*@10': 0.14994324296712874, 'NDCG*@10': 0.08405784741044045, 'MRR*@10': 0.0641026422381401, 'Recall*@5': 0.10028378814458846, 'NDCG*@5': 0.06817389838397503, 'MRR*@5': 0.0576459027826786}
INFO    [05-04 17:42:12] train in BasicTrainer:
duration: 6.002606630325317s
INFO    [05-04 17:42:12] train in BasicTrainer:
epoch: 27
INFO    [05-04 17:42:16] _train_one_epoch in BasicTrainer:
loss = 4.747215744654338
INFO    [05-04 17:42:18] log in loggers:
Update Best NDCG@10 Model at 27
INFO    [05-04 17:42:18] validate in BasicTrainer:
{'Recall@10': 0.1557658925652504, 'NDCG@10': 0.08802504315972329, 'MRR@10': 0.0674719151109457, 'Recall@5': 0.10376268774271011, 'NDCG@5': 0.07121034413576126, 'MRR@5': 0.06053368970751762, 'Recall*@10': 0.1557658925652504, 'NDCG*@10': 0.08802504315972329, 'MRR*@10': 0.0674719151109457, 'Recall*@5': 0.10376268774271011, 'NDCG*@5': 0.07121034413576126, 'MRR*@5': 0.06053368970751762}
INFO    [05-04 17:42:18] train in BasicTrainer:
duration: 6.237909317016602s
INFO    [05-04 17:42:18] train in BasicTrainer:
epoch: 28
INFO    [05-04 17:42:23] _train_one_epoch in BasicTrainer:
loss = 4.715859581629435
INFO    [05-04 17:42:24] log in loggers:
Update Best NDCG@10 Model at 28
INFO    [05-04 17:42:24] validate in BasicTrainer:
{'Recall@10': 0.16147836595773696, 'NDCG@10': 0.0885278306901455, 'MRR@10': 0.06643620319664478, 'Recall@5': 0.10454393774271012, 'NDCG@5': 0.07018262594938278, 'MRR@5': 0.058900631964206696, 'Recall*@10': 0.16147836595773696, 'NDCG*@10': 0.0885278306901455, 'MRR*@10': 0.06643620319664478, 'Recall*@5': 0.10454393774271012, 'NDCG*@5': 0.07018262594938278, 'MRR*@5': 0.058900631964206696}
INFO    [05-04 17:42:24] train in BasicTrainer:
duration: 6.049606561660767s
INFO    [05-04 17:42:24] train in BasicTrainer:
epoch: 29
INFO    [05-04 17:42:29] _train_one_epoch in BasicTrainer:
loss = 4.683778400421143
INFO    [05-04 17:42:30] log in loggers:
Update Best NDCG@10 Model at 29
INFO    [05-04 17:42:30] validate in BasicTrainer:
{'Recall@10': 0.15878071635961533, 'NDCG@10': 0.08860474973917007, 'MRR@10': 0.06730242818593979, 'Recall@5': 0.10685096234083176, 'NDCG@5': 0.0719716303050518, 'MRR@5': 0.06053507961332798, 'Recall*@10': 0.15878071635961533, 'NDCG*@10': 0.08860474973917007, 'MRR*@10': 0.06730242818593979, 'Recall*@5': 0.10685096234083176, 'NDCG*@5': 0.0719716303050518, 'MRR*@5': 0.06053507961332798}
INFO    [05-04 17:42:30] train in BasicTrainer:
duration: 6.045765161514282s
INFO    [05-04 17:42:30] train in BasicTrainer:
epoch: 30
INFO    [05-04 17:42:35] _train_one_epoch in BasicTrainer:
loss = 4.644392852783203
INFO    [05-04 17:42:36] log in loggers:
Update Best NDCG@10 Model at 30
INFO    [05-04 17:42:36] validate in BasicTrainer:
{'Recall@10': 0.16169871836900712, 'NDCG@10': 0.09130101278424263, 'MRR@10': 0.06977759003639221, 'Recall@5': 0.11026976555585861, 'NDCG@5': 0.07463287971913815, 'MRR@5': 0.06287293136119843, 'Recall*@10': 0.16169871836900712, 'NDCG*@10': 0.09130101278424263, 'MRR*@10': 0.06977759003639221, 'Recall*@5': 0.11026976555585861, 'NDCG*@5': 0.07463287971913815, 'MRR*@5': 0.06287293136119843}
INFO    [05-04 17:42:36] train in BasicTrainer:
duration: 6.016648769378662s
INFO    [05-04 17:42:36] train in BasicTrainer:
epoch: 31
INFO    [05-04 17:42:41] _train_one_epoch in BasicTrainer:
loss = 4.609287904103597
INFO    [05-04 17:42:42] log in loggers:
Update Best NDCG@10 Model at 31
INFO    [05-04 17:42:43] validate in BasicTrainer:
{'Recall@10': 0.16233306676149367, 'NDCG@10': 0.09407715946435928, 'MRR@10': 0.07341720387339593, 'Recall@5': 0.10845018774271012, 'NDCG@5': 0.07665774002671241, 'MRR@5': 0.0662320826202631, 'Recall*@10': 0.16233306676149367, 'NDCG*@10': 0.09407715946435928, 'MRR*@10': 0.07341720387339593, 'Recall*@5': 0.10845018774271012, 'NDCG*@5': 0.07665774002671241, 'MRR*@5': 0.0662320826202631}
INFO    [05-04 17:42:43] train in BasicTrainer:
duration: 6.124924182891846s
INFO    [05-04 17:42:43] train in BasicTrainer:
epoch: 32
INFO    [05-04 17:42:47] _train_one_epoch in BasicTrainer:
loss = 4.581736605962117
INFO    [05-04 17:42:49] log in loggers:
Update Best NDCG@10 Model at 32
INFO    [05-04 17:42:49] validate in BasicTrainer:
{'Recall@10': 0.1674846425652504, 'NDCG@10': 0.09636937528848648, 'MRR@10': 0.07480814158916474, 'Recall@5': 0.11246661394834519, 'NDCG@5': 0.07855714894831181, 'MRR@5': 0.06744608171284198, 'Recall*@10': 0.1674846425652504, 'NDCG*@10': 0.09636937528848648, 'MRR*@10': 0.07480814158916474, 'Recall*@5': 0.11246661394834519, 'NDCG*@5': 0.07855714894831181, 'MRR*@5': 0.06744608171284198}
INFO    [05-04 17:42:49] train in BasicTrainer:
duration: 6.152591228485107s
INFO    [05-04 17:42:49] train in BasicTrainer:
epoch: 33
INFO    [05-04 17:42:53] _train_one_epoch in BasicTrainer:
loss = 4.550186398824056
INFO    [05-04 17:42:55] validate in BasicTrainer:
{'Recall@10': 0.16876669377088546, 'NDCG@10': 0.09422372952103615, 'MRR@10': 0.07156094051897526, 'Recall@5': 0.11207598894834518, 'NDCG@5': 0.07577836848795413, 'MRR@5': 0.06388349160552025, 'Recall*@10': 0.16876669377088546, 'NDCG*@10': 0.09422372952103615, 'MRR*@10': 0.07156094051897526, 'Recall*@5': 0.11207598894834518, 'NDCG*@5': 0.07577836848795413, 'MRR*@5': 0.06388349160552025}
INFO    [05-04 17:42:55] train in BasicTrainer:
duration: 6.003462314605713s
INFO    [05-04 17:42:55] train in BasicTrainer:
epoch: 34
INFO    [05-04 17:42:59] _train_one_epoch in BasicTrainer:
loss = 4.523838017781576
INFO    [05-04 17:43:01] validate in BasicTrainer:
{'Recall@10': 0.16283386796712876, 'NDCG@10': 0.09318892061710357, 'MRR@10': 0.07189481481909751, 'Recall@5': 0.1129306897521019, 'NDCG@5': 0.07696249708533287, 'MRR@5': 0.0651490729302168, 'Recall*@10': 0.16283386796712876, 'NDCG*@10': 0.09318892061710357, 'MRR*@10': 0.07189481481909751, 'Recall*@5': 0.1129306897521019, 'NDCG*@5': 0.07696249708533287, 'MRR*@5': 0.0651490729302168}
INFO    [05-04 17:43:01] train in BasicTrainer:
duration: 5.980236768722534s
INFO    [05-04 17:43:01] train in BasicTrainer:
epoch: 35
INFO    [05-04 17:43:05] _train_one_epoch in BasicTrainer:
loss = 4.497237831751505
INFO    [05-04 17:43:07] validate in BasicTrainer:
{'Recall@10': 0.16525106877088547, 'NDCG@10': 0.09393348842859268, 'MRR@10': 0.07224193252623082, 'Recall@5': 0.11328458935022354, 'NDCG@5': 0.07729894667863846, 'MRR@5': 0.06547782160341739, 'Recall*@10': 0.16525106877088547, 'NDCG*@10': 0.09393348842859268, 'MRR*@10': 0.07224193252623082, 'Recall*@5': 0.11328458935022354, 'NDCG*@5': 0.07729894667863846, 'MRR*@5': 0.06547782160341739}
INFO    [05-04 17:43:07] train in BasicTrainer:
duration: 6.05362343788147s
INFO    [05-04 17:43:07] train in BasicTrainer:
epoch: 36
INFO    [05-04 17:43:11] _train_one_epoch in BasicTrainer:
loss = 4.456118135452271
INFO    [05-04 17:43:13] validate in BasicTrainer:
{'Recall@10': 0.16112446635961533, 'NDCG@10': 0.09390367269515991, 'MRR@10': 0.07352198213338852, 'Recall@5': 0.11001268774271011, 'NDCG@5': 0.07744631841778755, 'MRR@5': 0.06677022054791451, 'Recall*@10': 0.16112446635961533, 'NDCG*@10': 0.09390367269515991, 'MRR*@10': 0.07352198213338852, 'Recall*@5': 0.11001268774271011, 'NDCG*@5': 0.07744631841778755, 'MRR*@5': 0.06677022054791451}
INFO    [05-04 17:43:13] train in BasicTrainer:
duration: 6.01278829574585s
INFO    [05-04 17:43:13] train in BasicTrainer:
epoch: 37
INFO    [05-04 17:43:17] _train_one_epoch in BasicTrainer:
loss = 4.439528926213582
INFO    [05-04 17:43:19] validate in BasicTrainer:
{'Recall@10': 0.16595886796712875, 'NDCG@10': 0.09487989023327828, 'MRR@10': 0.07334857285022736, 'Recall@5': 0.11246661394834519, 'NDCG@5': 0.07759151570498943, 'MRR@5': 0.06621666960418224, 'Recall*@10': 0.16595886796712875, 'NDCG*@10': 0.09487989023327828, 'MRR*@10': 0.07334857285022736, 'Recall*@5': 0.11246661394834519, 'NDCG*@5': 0.07759151570498943, 'MRR*@5': 0.06621666960418224}
INFO    [05-04 17:43:19] train in BasicTrainer:
duration: 6.202673435211182s
INFO    [05-04 17:43:19] train in BasicTrainer:
epoch: 38
INFO    [05-04 17:43:23] _train_one_epoch in BasicTrainer:
loss = 4.408929556210836
INFO    [05-04 17:43:25] log in loggers:
Update Best NDCG@10 Model at 38
INFO    [05-04 17:43:25] validate in BasicTrainer:
{'Recall@10': 0.1678752675652504, 'NDCG@10': 0.09856356307864189, 'MRR@10': 0.07746241092681885, 'Recall@5': 0.11640958935022354, 'NDCG@5': 0.08187947571277618, 'MRR@5': 0.0705516055226326, 'Recall*@10': 0.1678752675652504, 'NDCG*@10': 0.09856356307864189, 'MRR*@10': 0.07746241092681885, 'Recall*@5': 0.11640958935022354, 'NDCG*@5': 0.08187947571277618, 'MRR*@5': 0.0705516055226326}
INFO    [05-04 17:43:25] train in BasicTrainer:
duration: 6.174309015274048s
INFO    [05-04 17:43:25] train in BasicTrainer:
epoch: 39
INFO    [05-04 17:43:29] _train_one_epoch in BasicTrainer:
loss = 4.378200251261394
INFO    [05-04 17:43:31] validate in BasicTrainer:
{'Recall@10': 0.1654580667614937, 'NDCG@10': 0.09662855565547943, 'MRR@10': 0.07551600486040115, 'Recall@5': 0.11949786394834519, 'NDCG@5': 0.08176828548312187, 'MRR@5': 0.06938585303723813, 'Recall*@10': 0.1654580667614937, 'NDCG*@10': 0.09662855565547943, 'MRR*@10': 0.07551600486040115, 'Recall*@5': 0.11949786394834519, 'NDCG*@5': 0.08176828548312187, 'MRR*@5': 0.06938585303723813}
INFO    [05-04 17:43:31] train in BasicTrainer:
duration: 6.043727159500122s
INFO    [05-04 17:43:31] train in BasicTrainer:
epoch: 40
INFO    [05-04 17:43:35] _train_one_epoch in BasicTrainer:
loss = 4.3456496318181355
INFO    [05-04 17:43:37] validate in BasicTrainer:
{'Recall@10': 0.1659221425652504, 'NDCG@10': 0.09756861105561257, 'MRR@10': 0.07672016844153404, 'Recall@5': 0.11661658734083176, 'NDCG@5': 0.08164400458335877, 'MRR@5': 0.0701622623950243, 'Recall*@10': 0.1659221425652504, 'NDCG*@10': 0.09756861105561257, 'MRR*@10': 0.07672016844153404, 'Recall*@5': 0.11661658734083176, 'NDCG*@5': 0.08164400458335877, 'MRR*@5': 0.0701622623950243}
INFO    [05-04 17:43:37] train in BasicTrainer:
duration: 5.964655160903931s
INFO    [05-04 17:43:37] train in BasicTrainer:
epoch: 41
INFO    [05-04 17:43:41] _train_one_epoch in BasicTrainer:
loss = 4.322140493392944
INFO    [05-04 17:43:43] log in loggers:
Update Best NDCG@10 Model at 41
INFO    [05-04 17:43:43] validate in BasicTrainer:
{'Recall@10': 0.17014556676149367, 'NDCG@10': 0.09913650080561638, 'MRR@10': 0.0775765024125576, 'Recall@5': 0.11860643774271011, 'NDCG@5': 0.08262698426842689, 'MRR@5': 0.07085280977189541, 'Recall*@10': 0.17014556676149367, 'NDCG*@10': 0.09913650080561638, 'MRR*@10': 0.0775765024125576, 'Recall*@5': 0.11860643774271011, 'NDCG*@5': 0.08262698426842689, 'MRR*@5': 0.07085280977189541}
INFO    [05-04 17:43:43] train in BasicTrainer:
duration: 6.029828786849976s
INFO    [05-04 17:43:43] train in BasicTrainer:
epoch: 42
INFO    [05-04 17:43:47] _train_one_epoch in BasicTrainer:
loss = 4.301330167452495
INFO    [05-04 17:43:49] log in loggers:
Update Best NDCG@10 Model at 42
INFO    [05-04 17:43:49] validate in BasicTrainer:
{'Recall@10': 0.1718549683690071, 'NDCG@10': 0.1029628910124302, 'MRR@10': 0.08186831921339036, 'Recall@5': 0.12351429015398026, 'NDCG@5': 0.08730403929948807, 'MRR@5': 0.07539224103093148, 'Recall*@10': 0.1718549683690071, 'NDCG*@10': 0.1029628910124302, 'MRR*@10': 0.08186831921339036, 'Recall*@5': 0.12351429015398026, 'NDCG*@5': 0.08730403929948807, 'MRR*@5': 0.07539224103093148}
INFO    [05-04 17:43:49] train in BasicTrainer:
duration: 6.036790132522583s
INFO    [05-04 17:43:49] train in BasicTrainer:
epoch: 43
INFO    [05-04 17:43:54] _train_one_epoch in BasicTrainer:
loss = 4.273628277778625
INFO    [05-04 17:43:55] validate in BasicTrainer:
{'Recall@10': 0.1674111917614937, 'NDCG@10': 0.10069156512618065, 'MRR@10': 0.08033392503857613, 'Recall@5': 0.12091346234083175, 'NDCG@5': 0.08576623424887657, 'MRR@5': 0.07423989698290825, 'Recall*@10': 0.1674111917614937, 'NDCG*@10': 0.10069156512618065, 'MRR*@10': 0.08033392503857613, 'Recall*@5': 0.12091346234083175, 'NDCG*@5': 0.08576623424887657, 'MRR*@5': 0.07423989698290825}
INFO    [05-04 17:43:55] train in BasicTrainer:
duration: 6.138580083847046s
INFO    [05-04 17:43:55] train in BasicTrainer:
epoch: 44
INFO    [05-04 17:44:00] _train_one_epoch in BasicTrainer:
loss = 4.25156094233195
INFO    [05-04 17:44:01] validate in BasicTrainer:
{'Recall@10': 0.1706830933690071, 'NDCG@10': 0.10043370872735977, 'MRR@10': 0.0789992555975914, 'Recall@5': 0.12137753814458847, 'NDCG@5': 0.0845692701637745, 'MRR@5': 0.07249894589185715, 'Recall*@10': 0.1706830933690071, 'NDCG*@10': 0.10043370872735977, 'MRR*@10': 0.0789992555975914, 'Recall*@5': 0.12137753814458847, 'NDCG*@5': 0.0845692701637745, 'MRR*@5': 0.07249894589185715}
INFO    [05-04 17:44:01] train in BasicTrainer:
duration: 6.117364168167114s
INFO    [05-04 17:44:01] train in BasicTrainer:
epoch: 45
INFO    [05-04 17:44:06] _train_one_epoch in BasicTrainer:
loss = 4.228265282313029
INFO    [05-04 17:44:08] validate in BasicTrainer:
{'Recall@10': 0.1683393433690071, 'NDCG@10': 0.09809583276510239, 'MRR@10': 0.07672548554837703, 'Recall@5': 0.11676348894834518, 'NDCG@5': 0.08147885501384736, 'MRR@5': 0.06990312412381172, 'Recall*@10': 0.1683393433690071, 'NDCG*@10': 0.09809583276510239, 'MRR*@10': 0.07672548554837703, 'Recall*@5': 0.11676348894834518, 'NDCG*@5': 0.08147885501384736, 'MRR*@5': 0.06990312412381172}
INFO    [05-04 17:44:08] train in BasicTrainer:
duration: 6.087963342666626s
INFO    [05-04 17:44:08] train in BasicTrainer:
epoch: 46
INFO    [05-04 17:44:12] _train_one_epoch in BasicTrainer:
loss = 4.208434402147929
INFO    [05-04 17:44:14] validate in BasicTrainer:
{'Recall@10': 0.17267294377088546, 'NDCG@10': 0.10026784166693688, 'MRR@10': 0.07819376699626446, 'Recall@5': 0.12070646435022354, 'NDCG@5': 0.08345700316131115, 'MRR@5': 0.07125389687716961, 'Recall*@10': 0.17267294377088546, 'NDCG*@10': 0.10026784166693688, 'MRR*@10': 0.07819376699626446, 'Recall*@5': 0.12070646435022354, 'NDCG*@5': 0.08345700316131115, 'MRR*@5': 0.07125389687716961}
INFO    [05-04 17:44:14] train in BasicTrainer:
duration: 6.137944221496582s
INFO    [05-04 17:44:14] train in BasicTrainer:
epoch: 47
INFO    [05-04 17:44:18] _train_one_epoch in BasicTrainer:
loss = 4.184935944875082
INFO    [05-04 17:44:20] validate in BasicTrainer:
{'Recall@10': 0.17299011796712876, 'NDCG@10': 0.10063612461090088, 'MRR@10': 0.0785628654062748, 'Recall@5': 0.12102363854646683, 'NDCG@5': 0.08386812433600425, 'MRR@5': 0.07166605666279793, 'Recall*@10': 0.17299011796712876, 'NDCG*@10': 0.10063612461090088, 'MRR*@10': 0.0785628654062748, 'Recall*@5': 0.12102363854646683, 'NDCG*@5': 0.08386812433600425, 'MRR*@5': 0.07166605666279793}
INFO    [05-04 17:44:20] train in BasicTrainer:
duration: 5.912849187850952s
INFO    [05-04 17:44:20] train in BasicTrainer:
epoch: 48
INFO    [05-04 17:44:24] _train_one_epoch in BasicTrainer:
loss = 4.147311124801636
INFO    [05-04 17:44:26] validate in BasicTrainer:
{'Recall@10': 0.17032919377088546, 'NDCG@10': 0.10181192755699157, 'MRR@10': 0.08090793564915658, 'Recall@5': 0.12319711595773697, 'NDCG@5': 0.0866565614938736, 'MRR@5': 0.07470224685966968, 'Recall*@10': 0.17032919377088546, 'NDCG*@10': 0.10181192755699157, 'MRR*@10': 0.08090793564915658, 'Recall*@5': 0.12319711595773697, 'NDCG*@5': 0.0866565614938736, 'MRR*@5': 0.07470224685966968}
INFO    [05-04 17:44:26] train in BasicTrainer:
duration: 6.008929967880249s
INFO    [05-04 17:44:26] train in BasicTrainer:
epoch: 49
INFO    [05-04 17:44:30] _train_one_epoch in BasicTrainer:
loss = 4.1510026121139525
INFO    [05-04 17:44:32] validate in BasicTrainer:
{'Recall@10': 0.16993856877088548, 'NDCG@10': 0.09948449656367302, 'MRR@10': 0.07806994393467903, 'Recall@5': 0.11765491515398026, 'NDCG@5': 0.08274200484156609, 'MRR@5': 0.07125851474702358, 'Recall*@10': 0.16993856877088548, 'NDCG*@10': 0.09948449656367302, 'MRR*@10': 0.07806994393467903, 'Recall*@5': 0.11765491515398026, 'NDCG*@5': 0.08274200484156609, 'MRR*@5': 0.07125851474702358}
INFO    [05-04 17:44:32] train in BasicTrainer:
duration: 5.944588899612427s
INFO    [05-04 17:44:32] train in BasicTrainer:
epoch: 50
INFO    [05-04 17:44:36] _train_one_epoch in BasicTrainer:
loss = 4.118242659568787
INFO    [05-04 17:44:38] validate in BasicTrainer:
{'Recall@10': 0.16897369176149368, 'NDCG@10': 0.1002269871532917, 'MRR@10': 0.07919721305370331, 'Recall@5': 0.11953458935022354, 'NDCG@5': 0.08417434021830558, 'MRR@5': 0.0725361693650484, 'Recall*@10': 0.16897369176149368, 'NDCG*@10': 0.1002269871532917, 'MRR*@10': 0.07919721305370331, 'Recall*@5': 0.11953458935022354, 'NDCG*@5': 0.08417434021830558, 'MRR*@5': 0.0725361693650484}
INFO    [05-04 17:44:38] train in BasicTrainer:
duration: 6.042659282684326s
INFO    [05-04 17:44:38] train in BasicTrainer:
epoch: 51
INFO    [05-04 17:44:42] _train_one_epoch in BasicTrainer:
loss = 4.105910414059957
INFO    [05-04 17:44:44] log in loggers:
Update Best NDCG@10 Model at 51
INFO    [05-04 17:44:44] validate in BasicTrainer:
{'Recall@10': 0.17181824296712875, 'NDCG@10': 0.10455326288938523, 'MRR@10': 0.08403977081179619, 'Recall@5': 0.12383146435022355, 'NDCG@5': 0.08898811861872673, 'MRR@5': 0.07758825421333312, 'Recall*@10': 0.17181824296712875, 'NDCG*@10': 0.10455326288938523, 'MRR*@10': 0.08403977081179619, 'Recall*@5': 0.12383146435022355, 'NDCG*@5': 0.08898811861872673, 'MRR*@5': 0.07758825421333312}
INFO    [05-04 17:44:44] train in BasicTrainer:
duration: 6.237978935241699s
INFO    [05-04 17:44:44] train in BasicTrainer:
epoch: 52
INFO    [05-04 17:44:48] _train_one_epoch in BasicTrainer:
loss = 4.088193836212159
INFO    [05-04 17:44:50] validate in BasicTrainer:
{'Recall@10': 0.16819244176149367, 'NDCG@10': 0.10290050134062767, 'MRR@10': 0.08304990530014038, 'Recall@5': 0.12109708935022354, 'NDCG@5': 0.08775485455989837, 'MRR@5': 0.07684689983725548, 'Recall*@10': 0.16819244176149367, 'NDCG*@10': 0.10290050134062767, 'MRR*@10': 0.08304990530014038, 'Recall*@5': 0.12109708935022354, 'NDCG*@5': 0.08775485455989837, 'MRR*@5': 0.07684689983725548}
INFO    [05-04 17:44:50] train in BasicTrainer:
duration: 6.012473821640015s
INFO    [05-04 17:44:50] train in BasicTrainer:
epoch: 53
INFO    [05-04 17:44:54] _train_one_epoch in BasicTrainer:
loss = 4.05712104956309
INFO    [05-04 17:44:56] validate in BasicTrainer:
{'Recall@10': 0.17010884135961532, 'NDCG@10': 0.10182126984000206, 'MRR@10': 0.08087387904524804, 'Recall@5': 0.12453926354646683, 'NDCG@5': 0.08710265085101128, 'MRR@5': 0.0748100858181715, 'Recall*@10': 0.17010884135961532, 'NDCG*@10': 0.10182126984000206, 'MRR*@10': 0.08087387904524804, 'Recall*@5': 0.12453926354646683, 'NDCG*@5': 0.08710265085101128, 'MRR*@5': 0.0748100858181715}
INFO    [05-04 17:44:56] train in BasicTrainer:
duration: 6.228856801986694s
INFO    [05-04 17:44:56] train in BasicTrainer:
epoch: 54
INFO    [05-04 17:45:00] _train_one_epoch in BasicTrainer:
loss = 4.040164459546407
INFO    [05-04 17:45:02] validate in BasicTrainer:
{'Recall@10': 0.17252604216337203, 'NDCG@10': 0.10337536856532097, 'MRR@10': 0.08230217769742013, 'Recall@5': 0.12411191314458847, 'NDCG@5': 0.08776329308748246, 'MRR@5': 0.07588625401258468, 'Recall*@10': 0.17252604216337203, 'NDCG*@10': 0.10337536856532097, 'MRR*@10': 0.08230217769742013, 'Recall*@5': 0.12411191314458847, 'NDCG*@5': 0.08776329308748246, 'MRR*@5': 0.07588625401258468}
INFO    [05-04 17:45:02] train in BasicTrainer:
duration: 6.063992500305176s
INFO    [05-04 17:45:02] train in BasicTrainer:
epoch: 55
INFO    [05-04 17:45:06] _train_one_epoch in BasicTrainer:
loss = 4.019991267522176
INFO    [05-04 17:45:08] log in loggers:
Update Best NDCG@10 Model at 55
INFO    [05-04 17:45:08] validate in BasicTrainer:
{'Recall@10': 0.17103699296712876, 'NDCG@10': 0.10469364076852798, 'MRR@10': 0.08429820016026497, 'Recall@5': 0.12649238854646683, 'NDCG@5': 0.09041757062077523, 'MRR@5': 0.07848663851618767, 'Recall*@10': 0.17103699296712876, 'NDCG*@10': 0.10469364076852798, 'MRR*@10': 0.08429820016026497, 'Recall*@5': 0.12649238854646683, 'NDCG*@5': 0.09041757062077523, 'MRR*@5': 0.07848663851618767}
INFO    [05-04 17:45:08] train in BasicTrainer:
duration: 6.151053190231323s
INFO    [05-04 17:45:08] train in BasicTrainer:
epoch: 56
INFO    [05-04 17:45:12] _train_one_epoch in BasicTrainer:
loss = 3.995024944941203
INFO    [05-04 17:45:14] log in loggers:
Update Best NDCG@10 Model at 56
INFO    [05-04 17:45:14] validate in BasicTrainer:
{'Recall@10': 0.1706096425652504, 'NDCG@10': 0.10472070202231407, 'MRR@10': 0.0844779521226883, 'Recall@5': 0.1268095627427101, 'NDCG@5': 0.09066314548254013, 'MRR@5': 0.07873553261160851, 'Recall*@10': 0.1706096425652504, 'NDCG*@10': 0.10472070202231407, 'MRR*@10': 0.0844779521226883, 'Recall*@5': 0.1268095627427101, 'NDCG*@5': 0.09066314548254013, 'MRR*@5': 0.07873553261160851}
INFO    [05-04 17:45:14] train in BasicTrainer:
duration: 5.945571660995483s
INFO    [05-04 17:45:14] train in BasicTrainer:
epoch: 57
INFO    [05-04 17:45:19] _train_one_epoch in BasicTrainer:
loss = 3.984259737332662
INFO    [05-04 17:45:20] log in loggers:
Update Best NDCG@10 Model at 57
INFO    [05-04 17:45:20] validate in BasicTrainer:
{'Recall@10': 0.17778779417276383, 'NDCG@10': 0.10649666860699654, 'MRR@10': 0.084927898645401, 'Recall@5': 0.12301348894834518, 'NDCG@5': 0.08913584761321544, 'MRR@5': 0.07796964272856713, 'Recall*@10': 0.17778779417276383, 'NDCG*@10': 0.10649666860699654, 'MRR*@10': 0.084927898645401, 'Recall*@5': 0.12301348894834518, 'NDCG*@5': 0.08913584761321544, 'MRR*@5': 0.07796964272856713}
INFO    [05-04 17:45:20] train in BasicTrainer:
duration: 6.09499716758728s
INFO    [05-04 17:45:20] train in BasicTrainer:
epoch: 58
INFO    [05-04 17:45:25] _train_one_epoch in BasicTrainer:
loss = 3.97579683303833
INFO    [05-04 17:45:26] validate in BasicTrainer:
{'Recall@10': 0.17497996836900712, 'NDCG@10': 0.10649236291646957, 'MRR@10': 0.08579504787921906, 'Recall@5': 0.11828926354646682, 'NDCG@5': 0.08818909153342247, 'MRR@5': 0.07825999483466148, 'Recall*@10': 0.17497996836900712, 'NDCG*@10': 0.10649236291646957, 'MRR*@10': 0.08579504787921906, 'Recall*@5': 0.11828926354646682, 'NDCG*@5': 0.08818909153342247, 'MRR*@5': 0.07825999483466148}
INFO    [05-04 17:45:26] train in BasicTrainer:
duration: 6.091772079467773s
INFO    [05-04 17:45:26] train in BasicTrainer:
epoch: 59
INFO    [05-04 17:45:31] _train_one_epoch in BasicTrainer:
loss = 3.9527103487650552
INFO    [05-04 17:45:32] validate in BasicTrainer:
{'Recall@10': 0.17018229216337205, 'NDCG@10': 0.10415795668959618, 'MRR@10': 0.08404496610164643, 'Recall@5': 0.11963141113519668, 'NDCG@5': 0.08772732242941857, 'MRR@5': 0.07721754983067512, 'Recall*@10': 0.17018229216337205, 'NDCG*@10': 0.10415795668959618, 'MRR*@10': 0.08404496610164643, 'Recall*@5': 0.11963141113519668, 'NDCG*@5': 0.08772732242941857, 'MRR*@5': 0.07721754983067512}
INFO    [05-04 17:45:32] train in BasicTrainer:
duration: 5.96660041809082s
INFO    [05-04 17:45:32] train in BasicTrainer:
epoch: 60
INFO    [05-04 17:45:37] _train_one_epoch in BasicTrainer:
loss = 3.9361288928985596
INFO    [05-04 17:45:38] log in loggers:
Update Best NDCG@10 Model at 60
INFO    [05-04 17:45:38] validate in BasicTrainer:
{'Recall@10': 0.1752236917614937, 'NDCG@10': 0.10752132162451744, 'MRR@10': 0.08693431094288825, 'Recall@5': 0.12567441314458846, 'NDCG@5': 0.09163833484053611, 'MRR@5': 0.08046318665146827, 'Recall*@10': 0.1752236917614937, 'NDCG*@10': 0.10752132162451744, 'MRR*@10': 0.08693431094288825, 'Recall*@5': 0.12567441314458846, 'NDCG*@5': 0.09163833484053611, 'MRR*@5': 0.08046318665146827}
INFO    [05-04 17:45:38] train in BasicTrainer:
duration: 6.08235502243042s
INFO    [05-04 17:45:38] train in BasicTrainer:
epoch: 61
INFO    [05-04 17:45:43] _train_one_epoch in BasicTrainer:
loss = 3.9153040599823
INFO    [05-04 17:45:44] validate in BasicTrainer:
{'Recall@10': 0.1738080933690071, 'NDCG@10': 0.10631289705634117, 'MRR@10': 0.08577762246131897, 'Recall@5': 0.1223056897521019, 'NDCG@5': 0.08958951756358147, 'MRR@5': 0.07883881106972694, 'Recall*@10': 0.1738080933690071, 'NDCG*@10': 0.10631289705634117, 'MRR*@10': 0.08577762246131897, 'Recall*@5': 0.1223056897521019, 'NDCG*@5': 0.08958951756358147, 'MRR*@5': 0.07883881106972694}
INFO    [05-04 17:45:44] train in BasicTrainer:
duration: 5.988130331039429s
INFO    [05-04 17:45:44] train in BasicTrainer:
epoch: 62
INFO    [05-04 17:45:49] _train_one_epoch in BasicTrainer:
loss = 3.9052691507339476
INFO    [05-04 17:45:51] validate in BasicTrainer:
{'Recall@10': 0.1745158925652504, 'NDCG@10': 0.10375230610370637, 'MRR@10': 0.08220849893987178, 'Recall@5': 0.12333066314458847, 'NDCG@5': 0.08725058883428574, 'MRR@5': 0.07542885504662991, 'Recall*@10': 0.1745158925652504, 'NDCG*@10': 0.10375230610370637, 'MRR*@10': 0.08220849893987178, 'Recall*@5': 0.12333066314458847, 'NDCG*@5': 0.08725058883428574, 'MRR*@5': 0.07542885504662991}
INFO    [05-04 17:45:51] train in BasicTrainer:
duration: 6.103681564331055s
INFO    [05-04 17:45:51] train in BasicTrainer:
epoch: 63
INFO    [05-04 17:45:55] _train_one_epoch in BasicTrainer:
loss = 3.879006420771281
INFO    [05-04 17:45:57] validate in BasicTrainer:
{'Recall@10': 0.17447916716337203, 'NDCG@10': 0.10407792255282403, 'MRR@10': 0.08257754445075989, 'Recall@5': 0.12723691314458846, 'NDCG@5': 0.08892711028456687, 'MRR@5': 0.07640057504177093, 'Recall*@10': 0.17447916716337203, 'NDCG*@10': 0.10407792255282403, 'MRR*@10': 0.08257754445075989, 'Recall*@5': 0.12723691314458846, 'NDCG*@5': 0.08892711028456687, 'MRR*@5': 0.07640057504177093}
INFO    [05-04 17:45:57] train in BasicTrainer:
duration: 5.983001470565796s
INFO    [05-04 17:45:57] train in BasicTrainer:
epoch: 64
INFO    [05-04 17:46:01] _train_one_epoch in BasicTrainer:
loss = 3.870187934239705
INFO    [05-04 17:46:03] validate in BasicTrainer:
{'Recall@10': 0.1757612183690071, 'NDCG@10': 0.10561061277985573, 'MRR@10': 0.0842927984893322, 'Recall@5': 0.12610176354646682, 'NDCG@5': 0.08978402093052865, 'MRR@5': 0.07789385318756104, 'Recall*@10': 0.1757612183690071, 'NDCG*@10': 0.10561061277985573, 'MRR*@10': 0.0842927984893322, 'Recall*@5': 0.12610176354646682, 'NDCG*@5': 0.08978402093052865, 'MRR*@5': 0.07789385318756104}
INFO    [05-04 17:46:03] train in BasicTrainer:
duration: 6.00689435005188s
INFO    [05-04 17:46:03] train in BasicTrainer:
epoch: 65
INFO    [05-04 17:46:07] _train_one_epoch in BasicTrainer:
loss = 3.869236083030701
INFO    [05-04 17:46:09] validate in BasicTrainer:
{'Recall@10': 0.16986511796712875, 'NDCG@10': 0.1046754002571106, 'MRR@10': 0.08474097512662411, 'Recall@5': 0.12684628814458848, 'NDCG@5': 0.09093517921864987, 'MRR@5': 0.07917017489671707, 'Recall*@10': 0.16986511796712875, 'NDCG*@10': 0.1046754002571106, 'MRR*@10': 0.08474097512662411, 'Recall*@5': 0.12684628814458848, 'NDCG*@5': 0.09093517921864987, 'MRR*@5': 0.07917017489671707}
INFO    [05-04 17:46:09] train in BasicTrainer:
duration: 5.964571714401245s
INFO    [05-04 17:46:09] train in BasicTrainer:
epoch: 66
INFO    [05-04 17:46:13] _train_one_epoch in BasicTrainer:
loss = 3.8372797997792563
INFO    [05-04 17:46:15] validate in BasicTrainer:
{'Recall@10': 0.17497996836900712, 'NDCG@10': 0.10602677464485169, 'MRR@10': 0.08501766994595528, 'Recall@5': 0.12372128814458846, 'NDCG@5': 0.08952064141631126, 'MRR@5': 0.07824697494506835, 'Recall*@10': 0.17497996836900712, 'NDCG*@10': 0.10602677464485169, 'MRR*@10': 0.08501766994595528, 'Recall*@5': 0.12372128814458846, 'NDCG*@5': 0.08952064141631126, 'MRR*@5': 0.07824697494506835}
INFO    [05-04 17:46:15] train in BasicTrainer:
duration: 6.097456216812134s
INFO    [05-04 17:46:15] train in BasicTrainer:
epoch: 67
INFO    [05-04 17:46:19] _train_one_epoch in BasicTrainer:
loss = 3.8297566668192546
INFO    [05-04 17:46:21] validate in BasicTrainer:
{'Recall@10': 0.17423544377088546, 'NDCG@10': 0.1055376835167408, 'MRR@10': 0.08453069999814034, 'Recall@5': 0.12805488854646682, 'NDCG@5': 0.09074969217181206, 'MRR@5': 0.07851428985595703, 'Recall*@10': 0.17423544377088546, 'NDCG*@10': 0.1055376835167408, 'MRR*@10': 0.08453069999814034, 'Recall*@5': 0.12805488854646682, 'NDCG*@5': 0.09074969217181206, 'MRR*@5': 0.07851428985595703}
INFO    [05-04 17:46:21] train in BasicTrainer:
duration: 5.988610029220581s
INFO    [05-04 17:46:21] train in BasicTrainer:
epoch: 68
INFO    [05-04 17:46:25] _train_one_epoch in BasicTrainer:
loss = 3.799050399462382
INFO    [05-04 17:46:27] validate in BasicTrainer:
{'Recall@10': 0.17548076957464218, 'NDCG@10': 0.10719651505351066, 'MRR@10': 0.08628820031881332, 'Recall@5': 0.1301181897521019, 'NDCG@5': 0.09276395179331302, 'MRR@5': 0.08047108948230744, 'Recall*@10': 0.17548076957464218, 'NDCG*@10': 0.10719651505351066, 'MRR*@10': 0.08628820031881332, 'Recall*@5': 0.1301181897521019, 'NDCG*@5': 0.09276395179331302, 'MRR*@5': 0.08047108948230744}
INFO    [05-04 17:46:27] train in BasicTrainer:
duration: 5.991118669509888s
INFO    [05-04 17:46:27] train in BasicTrainer:
epoch: 69
INFO    [05-04 17:46:31] _train_one_epoch in BasicTrainer:
loss = 3.7882952626546222
INFO    [05-04 17:46:33] validate in BasicTrainer:
{'Recall@10': 0.1674111917614937, 'NDCG@10': 0.10577459335327148, 'MRR@10': 0.08698619827628136, 'Recall@5': 0.12294003814458847, 'NDCG@5': 0.09148916900157929, 'MRR@5': 0.08114594556391239, 'Recall*@10': 0.1674111917614937, 'NDCG*@10': 0.10577459335327148, 'MRR*@10': 0.08698619827628136, 'Recall*@5': 0.12294003814458847, 'NDCG*@5': 0.09148916900157929, 'MRR*@5': 0.08114594556391239}
INFO    [05-04 17:46:33] train in BasicTrainer:
duration: 6.065709352493286s
INFO    [05-04 17:46:33] train in BasicTrainer:
epoch: 70
INFO    [05-04 17:46:37] _train_one_epoch in BasicTrainer:
loss = 3.776826710700989
INFO    [05-04 17:46:39] log in loggers:
Update Best NDCG@10 Model at 70
INFO    [05-04 17:46:39] validate in BasicTrainer:
{'Recall@10': 0.17806824296712875, 'NDCG@10': 0.10852543115615845, 'MRR@10': 0.08735767155885696, 'Recall@5': 0.1297275647521019, 'NDCG@5': 0.09312260448932648, 'MRR@5': 0.08113231249153614, 'Recall*@10': 0.17806824296712875, 'NDCG*@10': 0.10852543115615845, 'MRR*@10': 0.08735767155885696, 'Recall*@5': 0.1297275647521019, 'NDCG*@5': 0.09312260448932648, 'MRR*@5': 0.08113231249153614}
INFO    [05-04 17:46:39] train in BasicTrainer:
duration: 6.069360971450806s
INFO    [05-04 17:46:39] train in BasicTrainer:
epoch: 71
INFO    [05-04 17:46:43] _train_one_epoch in BasicTrainer:
loss = 3.7774957195917764
INFO    [05-04 17:46:45] validate in BasicTrainer:
{'Recall@10': 0.17509014457464217, 'NDCG@10': 0.10612411797046661, 'MRR@10': 0.0851646050810814, 'Recall@5': 0.12453926354646683, 'NDCG@5': 0.08986575603485107, 'MRR@5': 0.07850583381950856, 'Recall*@10': 0.17509014457464217, 'NDCG*@10': 0.10612411797046661, 'MRR*@10': 0.0851646050810814, 'Recall*@5': 0.12453926354646683, 'NDCG*@5': 0.08986575603485107, 'MRR*@5': 0.07850583381950856}
INFO    [05-04 17:46:45] train in BasicTrainer:
duration: 5.995748281478882s
INFO    [05-04 17:46:45] train in BasicTrainer:
epoch: 72
INFO    [05-04 17:46:49] _train_one_epoch in BasicTrainer:
loss = 3.7574641370773314
INFO    [05-04 17:46:51] validate in BasicTrainer:
{'Recall@10': 0.1717815175652504, 'NDCG@10': 0.10726405307650566, 'MRR@10': 0.0874056227505207, 'Recall@5': 0.13043536394834518, 'NDCG@5': 0.09398137331008911, 'MRR@5': 0.08197427056729793, 'Recall*@10': 0.1717815175652504, 'NDCG*@10': 0.10726405307650566, 'MRR*@10': 0.0874056227505207, 'Recall*@5': 0.13043536394834518, 'NDCG*@5': 0.09398137331008911, 'MRR*@5': 0.08197427056729793}
INFO    [05-04 17:46:51] train in BasicTrainer:
duration: 6.052796363830566s
INFO    [05-04 17:46:51] train in BasicTrainer:
epoch: 73
INFO    [05-04 17:46:55] _train_one_epoch in BasicTrainer:
loss = 3.7473187192281086
INFO    [05-04 17:46:57] log in loggers:
Update Best NDCG@10 Model at 73
INFO    [05-04 17:46:57] validate in BasicTrainer:
{'Recall@10': 0.17899639457464217, 'NDCG@10': 0.11069733798503875, 'MRR@10': 0.08996621146798134, 'Recall@5': 0.12812833935022355, 'NDCG@5': 0.09448734596371651, 'MRR@5': 0.08342097401618957, 'Recall*@10': 0.17899639457464217, 'NDCG*@10': 0.11069733798503875, 'MRR*@10': 0.08996621146798134, 'Recall*@5': 0.12812833935022355, 'NDCG*@5': 0.09448734596371651, 'MRR*@5': 0.08342097401618957}
INFO    [05-04 17:46:57] train in BasicTrainer:
duration: 6.247212171554565s
INFO    [05-04 17:46:57] train in BasicTrainer:
epoch: 74
INFO    [05-04 17:47:01] _train_one_epoch in BasicTrainer:
loss = 3.7399152914683023
INFO    [05-04 17:47:03] validate in BasicTrainer:
{'Recall@10': 0.1717815175652504, 'NDCG@10': 0.1070362575352192, 'MRR@10': 0.08716848343610764, 'Recall@5': 0.12723691314458846, 'NDCG@5': 0.09251739755272866, 'MRR@5': 0.08111345134675503, 'Recall*@10': 0.1717815175652504, 'NDCG*@10': 0.1070362575352192, 'MRR*@10': 0.08716848343610764, 'Recall*@5': 0.12723691314458846, 'NDCG*@5': 0.09251739755272866, 'MRR*@5': 0.08111345134675503}
INFO    [05-04 17:47:03] train in BasicTrainer:
duration: 6.0800065994262695s
INFO    [05-04 17:47:03] train in BasicTrainer:
epoch: 75
INFO    [05-04 17:47:07] _train_one_epoch in BasicTrainer:
loss = 3.7249410994847616
INFO    [05-04 17:47:09] validate in BasicTrainer:
{'Recall@10': 0.1764690175652504, 'NDCG@10': 0.11064848005771637, 'MRR@10': 0.09044267386198043, 'Recall@5': 0.12969083935022355, 'NDCG@5': 0.09543605893850327, 'MRR@5': 0.08411391973495483, 'Recall*@10': 0.1764690175652504, 'NDCG*@10': 0.11064848005771637, 'MRR*@10': 0.09044267386198043, 'Recall*@5': 0.12969083935022355, 'NDCG*@5': 0.09543605893850327, 'MRR*@5': 0.08411391973495483}
INFO    [05-04 17:47:09] train in BasicTrainer:
duration: 5.987135410308838s
INFO    [05-04 17:47:09] train in BasicTrainer:
epoch: 76
INFO    [05-04 17:47:14] _train_one_epoch in BasicTrainer:
loss = 3.710856892267863
INFO    [05-04 17:47:15] validate in BasicTrainer:
{'Recall@10': 0.17600494176149367, 'NDCG@10': 0.10870431661605835, 'MRR@10': 0.08826865553855896, 'Recall@5': 0.12418536394834519, 'NDCG@5': 0.09190237000584603, 'MRR@5': 0.08131293430924416, 'Recall*@10': 0.17600494176149367, 'NDCG*@10': 0.10870431661605835, 'MRR*@10': 0.08826865553855896, 'Recall*@5': 0.12418536394834519, 'NDCG*@5': 0.09190237000584603, 'MRR*@5': 0.08131293430924416}
INFO    [05-04 17:47:15] train in BasicTrainer:
duration: 6.171441555023193s
INFO    [05-04 17:47:15] train in BasicTrainer:
epoch: 77
INFO    [05-04 17:47:20] _train_one_epoch in BasicTrainer:
loss = 3.698945097923279
INFO    [05-04 17:47:21] validate in BasicTrainer:
{'Recall@10': 0.17103699296712876, 'NDCG@10': 0.1062972255051136, 'MRR@10': 0.08646313771605492, 'Recall@5': 0.12422208935022354, 'NDCG@5': 0.09112974032759666, 'MRR@5': 0.08018769063055516, 'Recall*@10': 0.17103699296712876, 'NDCG*@10': 0.1062972255051136, 'MRR*@10': 0.08646313771605492, 'Recall*@5': 0.12422208935022354, 'NDCG*@5': 0.09112974032759666, 'MRR*@5': 0.08018769063055516}
INFO    [05-04 17:47:21] train in BasicTrainer:
duration: 6.120833158493042s
INFO    [05-04 17:47:21] train in BasicTrainer:
epoch: 78
INFO    [05-04 17:47:26] _train_one_epoch in BasicTrainer:
loss = 3.6871629110972086
INFO    [05-04 17:47:27] validate in BasicTrainer:
{'Recall@10': 0.17377136796712875, 'NDCG@10': 0.10715997666120529, 'MRR@10': 0.08681216426193714, 'Recall@5': 0.12329393774271011, 'NDCG@5': 0.09078660532832146, 'MRR@5': 0.08002454116940498, 'Recall*@10': 0.17377136796712875, 'NDCG*@10': 0.10715997666120529, 'MRR*@10': 0.08681216426193714, 'Recall*@5': 0.12329393774271011, 'NDCG*@5': 0.09078660532832146, 'MRR*@5': 0.08002454116940498}
INFO    [05-04 17:47:27] train in BasicTrainer:
duration: 6.014744997024536s
INFO    [05-04 17:47:27] train in BasicTrainer:
epoch: 79
INFO    [05-04 17:47:32] _train_one_epoch in BasicTrainer:
loss = 3.6790786250432332
INFO    [05-04 17:47:33] validate in BasicTrainer:
{'Recall@10': 0.1736611917614937, 'NDCG@10': 0.10981724932789802, 'MRR@10': 0.0903615340590477, 'Recall@5': 0.12879941314458848, 'NDCG@5': 0.09553384184837341, 'MRR@5': 0.08459513261914253, 'Recall*@10': 0.1736611917614937, 'NDCG*@10': 0.10981724932789802, 'MRR*@10': 0.0903615340590477, 'Recall*@5': 0.12879941314458848, 'NDCG*@5': 0.09553384184837341, 'MRR*@5': 0.08459513261914253}
INFO    [05-04 17:47:33] train in BasicTrainer:
duration: 6.079751968383789s
INFO    [05-04 17:47:34] close_training in BasicTrainer:
finished training
INFO    [05-04 17:47:34] final_validate in BasicTrainer:
validate model on val set!
INFO    [05-04 17:47:34] load_state_from_given_path in utils:
checkpoint epoch: 73
INFO    [05-04 17:47:34] load_state_from_given_path in utils:
Loading model's parameters
INFO    [05-04 17:47:35] validate in BasicTrainer:
{'Recall@10': 0.17899639457464217, 'NDCG@10': 0.11069733798503875, 'MRR@10': 0.08996621146798134, 'Recall@5': 0.12812833935022355, 'NDCG@5': 0.09448734596371651, 'MRR@5': 0.08342097401618957, 'Recall*@10': 0.17899639457464217, 'NDCG*@10': 0.11069733798503875, 'MRR*@10': 0.08996621146798134, 'Recall*@5': 0.12812833935022355, 'NDCG*@5': 0.09448734596371651, 'MRR*@5': 0.08342097401618957}
INFO    [05-04 17:47:35] test in BasicTrainer:
Test model on test set!
INFO    [05-04 17:47:35] test_with_given_state_path in BasicTrainer:
Loading model params from ___lfms_base_partial_2022/base_narm-rate-0.8-seed-2001_05-04_17:39_t1/narm_logs/checkpoint/best_acc_model.pth.
INFO    [05-04 17:47:35] load_state_from_given_path in utils:
checkpoint epoch: 73
INFO    [05-04 17:47:35] load_state_from_given_path in utils:
Loading model's parameters
INFO    [05-04 17:47:35] test_with_given_state_path in BasicTrainer:
Finished loading. Start testing.
INFO    [05-04 17:47:37] test_with_given_state_path in BasicTrainer:
{'Recall@10': 0.17352764457464218, 'NDCG@10': 0.10881887376308441, 'MRR@10': 0.08910756036639214, 'Recall@5': 0.12691973894834518, 'NDCG@5': 0.09374348148703575, 'MRR@5': 0.08288756608963013, 'Recall*@10': 0.17352764457464218, 'NDCG*@10': 0.10881887376308441, 'MRR*@10': 0.08910756036639214, 'Recall*@5': 0.12691973894834518, 'NDCG*@5': 0.09374348148703575, 'MRR*@5': 0.08288756608963013}
INFO    [05-04 17:47:37] _evaluate in BasicSched:
!!Final Result!!: {'Recall@10': 0.17352764457464218, 'NDCG@10': 0.10881887376308441, 'MRR@10': 0.08910756036639214, 'Recall@5': 0.12691973894834518, 'NDCG@5': 0.09374348148703575, 'MRR@5': 0.08288756608963013, 'Recall*@10': 0.17352764457464218, 'NDCG*@10': 0.10881887376308441, 'MRR*@10': 0.08910756036639214, 'Recall*@5': 0.12691973894834518, 'NDCG*@5': 0.09374348148703575, 'MRR*@5': 0.08288756608963013}
