INFO    [05-05 17:29:49] setup_train in utils:
{
    "experiment_dir": "___el_ep_2022",
    "experiment_description": "ep",
    "describe": "{config[model_code]}-T-{config[T]}-al-{config[alpha]}-sr-{config[sample_rate]}",
    "dataset_name": "electronics.csv",
    "sched": "ensemble_distill",
    "model_code": "narm",
    "mentor_code": "narm",
    "mentor2_code": "narm",
    "weight_list": [
        0.5,
        0.5
    ],
    "alpha": 0.75,
    "T": 1.0,
    "training_routine": "student",
    "softmaxed_mentor": true,
    "enable_auto_path_finder": true,
    "mentor_state_path": "___el_base_partial_2022",
    "mentor_seed1": 2000,
    "mentor_seed2": 2001,
    "mentor_describe": "{config[model_code]}-rate-{config[sample_rate]}-seed-{config[sample_seed]}",
    "sample_rate": 0.8,
    "num_epochs": 80,
    "mode": [
        "train",
        "test"
    ],
    "test_state_path": null,
    "max_len": 10,
    "model_state_path": null,
    "rand_seed": 2022,
    "load_processed_dataset": true,
    "save_processed_dataset": false,
    "dataset_cache_filename": null,
    "do_remap": false,
    "weight_decay": 0,
    "decay_step": 15,
    "gamma": 0.99,
    "lr": 0.001,
    "min_length": 5,
    "min_item_inter": 5,
    "good_only": false,
    "use_rating": true,
    "test_negative_sampler_code": "random",
    "test_negative_sample_size": 0,
    "dataloader_type": "next",
    "train_batch_size": 4096,
    "val_batch_size": 4096,
    "test_batch_size": 4096,
    "prop_sliding_window": -1.0,
    "worker_number": 2,
    "metric_ks": [
        5,
        10
    ],
    "device": "cuda",
    "num_gpu": 1,
    "optimizer": "Adam",
    "best_metric": "NDCG@10",
    "show_process_bar": false,
    "enable_sample": false,
    "samples_ratio": 0.1,
    "config_file": "config2.electronics/narm/config_distill_ensemble_partial.json",
    "task_id": 3,
    "split": "leave_one_out",
    "do_sampling": false,
    "path_for_sample": null,
    "sample_seed": 0,
    "train_negative_sampler_code": "random",
    "train_negative_sample_size": 100,
    "device_idx": "0",
    "momentum": null,
    "log_period_as_iter": 12800,
    "dvae_alpha": 0.5,
    "validation_rate": 0.2,
    "num_items": null,
    "start_index": 1,
    "kwargs": null
}
INFO    [05-05 17:29:49] _load_full_dataset_from_path in utils:
loading cache from /data01/wushiguang-slurm/Codes/soft-rec/Data/Cache/electronics-5-5.pkl
INFO    [05-05 17:29:51] _check_dataset_cache in utils:
check if the cache is generated under this configuration
INFO    [05-05 17:29:51] _check_dataset_cache in utils:
correct.
INFO    [05-05 17:29:51] __init__ in NextItemDataloader:
there are 29351 items in this dataset, 102187 users, padding_first? False
DEBUG   [05-05 17:30:06] generate_model in utils:
model_code_list=['narm']
INFO    [05-05 17:30:06] load_model_config in utils:
loading model narm's config file at asset/config/model/narm.json
INFO    [05-05 17:30:06] load_model_config in utils:
{
    "embedding_size": 64,
    "hidden_size": 128,
    "n_layers": 1,
    "dropout_probs": [
        0.25,
        0.5
    ]
}
WARNING [05-05 17:30:15] get_exist_path in utils:
dir ___el_ep_2022/ep_narm-T-1.0-al-0.75-sr-0.8_05-05_17:29_t3/teacher1_narm_logs does not exist! Create one.
WARNING [05-05 17:30:15] get_exist_path in utils:
dir ___el_ep_2022/ep_narm-T-1.0-al-0.75-sr-0.8_05-05_17:29_t3/teacher1_narm_logs/tb_vis does not exist! Create one.
WARNING [05-05 17:30:15] get_exist_path in utils:
dir ___el_ep_2022/ep_narm-T-1.0-al-0.75-sr-0.8_05-05_17:29_t3/teacher1_narm_logs/checkpoint does not exist! Create one.
INFO    [05-05 17:30:15] load_state_from_given_path in utils:
checkpoint epoch: 78
INFO    [05-05 17:30:15] load_state_from_given_path in utils:
Loading model's parameters
INFO    [05-05 17:30:15] load_state_from_given_path in utils:
Loading optimizer's parameters
DEBUG   [05-05 17:30:15] _generate_teacher_trainer in EnsembleDistillSched:
teacher1_narm: 
NARM(
  (item_embedding): Embedding(29352, 64, padding_idx=0)
  (emb_dropout): Dropout(p=0.25, inplace=False)
  (gru): GRU(64, 128, bias=False, batch_first=True)
  (a_1): Linear(in_features=128, out_features=128, bias=False)
  (a_2): Linear(in_features=128, out_features=128, bias=False)
  (v_t): Linear(in_features=128, out_features=1, bias=False)
  (ct_dropout): Dropout(p=0.5, inplace=False)
  (b): Linear(in_features=256, out_features=64, bias=False)
  (loss_fct): CrossEntropyLoss()
)
INFO    [05-05 17:30:15] assert_model_device in utils:
model teacher1_narm has 7.63525390625 MB params.
INFO    [05-05 17:30:15] __init__ in BasicTrainer:
454656 iter per epoch
DEBUG   [05-05 17:30:15] generate_model in utils:
model_code_list=['narm']
INFO    [05-05 17:30:15] load_model_config in utils:
loading model narm's config file at asset/config/model/narm.json
INFO    [05-05 17:30:15] load_model_config in utils:
{
    "embedding_size": 64,
    "hidden_size": 128,
    "n_layers": 1,
    "dropout_probs": [
        0.25,
        0.5
    ]
}
WARNING [05-05 17:30:20] get_exist_path in utils:
dir ___el_ep_2022/ep_narm-T-1.0-al-0.75-sr-0.8_05-05_17:29_t3/teacher2_narm_logs does not exist! Create one.
WARNING [05-05 17:30:20] get_exist_path in utils:
dir ___el_ep_2022/ep_narm-T-1.0-al-0.75-sr-0.8_05-05_17:29_t3/teacher2_narm_logs/tb_vis does not exist! Create one.
WARNING [05-05 17:30:20] get_exist_path in utils:
dir ___el_ep_2022/ep_narm-T-1.0-al-0.75-sr-0.8_05-05_17:29_t3/teacher2_narm_logs/checkpoint does not exist! Create one.
INFO    [05-05 17:30:20] load_state_from_given_path in utils:
checkpoint epoch: 78
INFO    [05-05 17:30:20] load_state_from_given_path in utils:
Loading model's parameters
INFO    [05-05 17:30:20] load_state_from_given_path in utils:
Loading optimizer's parameters
DEBUG   [05-05 17:30:20] _generate_teacher_trainer in EnsembleDistillSched:
teacher2_narm: 
NARM(
  (item_embedding): Embedding(29352, 64, padding_idx=0)
  (emb_dropout): Dropout(p=0.25, inplace=False)
  (gru): GRU(64, 128, bias=False, batch_first=True)
  (a_1): Linear(in_features=128, out_features=128, bias=False)
  (a_2): Linear(in_features=128, out_features=128, bias=False)
  (v_t): Linear(in_features=128, out_features=1, bias=False)
  (ct_dropout): Dropout(p=0.5, inplace=False)
  (b): Linear(in_features=256, out_features=64, bias=False)
  (loss_fct): CrossEntropyLoss()
)
INFO    [05-05 17:30:20] assert_model_device in utils:
model teacher2_narm has 7.63525390625 MB params.
INFO    [05-05 17:30:20] __init__ in BasicTrainer:
454656 iter per epoch
DEBUG   [05-05 17:30:20] generate_model in utils:
model_code_list=['narm']
INFO    [05-05 17:30:20] load_model_config in utils:
loading model narm's config file at asset/config/model/narm.json
INFO    [05-05 17:30:20] load_model_config in utils:
{
    "embedding_size": 64,
    "hidden_size": 128,
    "n_layers": 1,
    "dropout_probs": [
        0.25,
        0.5
    ]
}
WARNING [05-05 17:30:25] get_exist_path in utils:
dir ___el_ep_2022/ep_narm-T-1.0-al-0.75-sr-0.8_05-05_17:29_t3/student_narm_logs does not exist! Create one.
WARNING [05-05 17:30:25] get_exist_path in utils:
dir ___el_ep_2022/ep_narm-T-1.0-al-0.75-sr-0.8_05-05_17:29_t3/student_narm_logs/tb_vis does not exist! Create one.
WARNING [05-05 17:30:25] get_exist_path in utils:
dir ___el_ep_2022/ep_narm-T-1.0-al-0.75-sr-0.8_05-05_17:29_t3/student_narm_logs/checkpoint does not exist! Create one.
WARNING [05-05 17:30:25] get_path in utils:
Path is None
WARNING [05-05 17:30:25] load_state_from_given_path in utils:
Not given any path.
DEBUG   [05-05 17:30:25] _generate_student_trainer in EnsembleDistillSched:
student_narm: 
NARM(
  (item_embedding): Embedding(29352, 64, padding_idx=0)
  (emb_dropout): Dropout(p=0.25, inplace=False)
  (gru): GRU(64, 128, bias=False, batch_first=True)
  (a_1): Linear(in_features=128, out_features=128, bias=False)
  (a_2): Linear(in_features=128, out_features=128, bias=False)
  (v_t): Linear(in_features=128, out_features=1, bias=False)
  (ct_dropout): Dropout(p=0.5, inplace=False)
  (b): Linear(in_features=256, out_features=64, bias=False)
  (loss_fct): CrossEntropyLoss()
)
INFO    [05-05 17:30:25] assert_model_device in utils:
model student_narm has 7.63525390625 MB params.
INFO    [05-05 17:30:25] assert_model_device in utils:
model mix_narm_narm has 0.0 MB params.
INFO    [05-05 17:30:25] assert_model_device in utils:
model mix_narm_narm has no param
INFO    [05-05 17:30:25] __init__ in DistillTrainer:
454656 iter per epoch
INFO    [05-05 17:30:25] _set_current_routine in Routine:
first routine: student
INFO    [05-05 17:30:25] run_routine in Routine:
Start routine student
INFO    [05-05 17:30:25] run_routine in Routine:
Start training
INFO    [05-05 17:30:25] train in DistillTrainer:
Test mentor model: mix_narm_narm
DEBUG   [05-05 17:30:26] forward in Ensembler:
raw predict
DEBUG   [05-05 17:30:26] forward in Ensembler:
[tensor([[2.4470e-16, 8.5255e-10, 1.3425e-07,  ..., 3.0403e-13, 3.8218e-11,
         1.0646e-05],
        [2.1217e-16, 6.3405e-14, 1.2337e-09,  ..., 4.7694e-13, 5.8127e-07,
         4.5897e-12],
        [6.6803e-11, 7.6238e-10, 4.9645e-07,  ..., 1.2863e-07, 8.9637e-05,
         3.2946e-08],
        ...,
        [2.9572e-13, 2.8217e-08, 4.4982e-07,  ..., 8.5341e-10, 4.6588e-07,
         1.4343e-05],
        [1.2641e-13, 1.6417e-09, 4.1486e-07,  ..., 5.7808e-11, 3.9552e-06,
         6.0544e-07],
        [1.1283e-12, 9.1477e-11, 4.5664e-07,  ..., 2.9964e-08, 3.0532e-07,
         1.1953e-06]], device='cuda:0'), tensor([[4.0635e-14, 8.7950e-11, 5.2492e-08,  ..., 3.6086e-14, 6.8123e-09,
         7.1984e-08],
        [6.0916e-15, 2.2633e-10, 5.5588e-10,  ..., 2.3534e-11, 4.4425e-11,
         5.2474e-10],
        [3.1146e-14, 9.1822e-11, 4.3972e-11,  ..., 2.0371e-10, 9.7018e-06,
         6.7680e-11],
        ...,
        [1.1884e-13, 2.4819e-07, 6.7135e-08,  ..., 8.8383e-10, 8.8339e-08,
         2.3658e-06],
        [3.3849e-12, 6.9182e-08, 7.0431e-07,  ..., 7.8566e-13, 1.7771e-06,
         9.4340e-06],
        [8.6723e-13, 6.6517e-08, 3.4315e-07,  ..., 7.8581e-07, 1.8806e-07,
         3.0186e-05]], device='cuda:0')]
DEBUG   [05-05 17:30:26] forward in Ensembler:
raw confidence
DEBUG   [05-05 17:30:26] forward in Ensembler:
[tensor([0.0348, 0.2485, 0.0101,  ..., 0.0245, 0.0241, 0.0249], device='cuda:0'), tensor([0.0422, 0.2106, 0.0490,  ..., 0.0100, 0.0303, 0.0117], device='cuda:0')]
DEBUG   [05-05 17:30:26] forward in Ensembler:
weighted predict
DEBUG   [05-05 17:30:26] forward in Ensembler:
[tensor([[1.2235e-16, 4.2627e-10, 6.7125e-08,  ..., 1.5201e-13, 1.9109e-11,
         5.3231e-06],
        [1.0609e-16, 3.1703e-14, 6.1683e-10,  ..., 2.3847e-13, 2.9064e-07,
         2.2948e-12],
        [3.3402e-11, 3.8119e-10, 2.4823e-07,  ..., 6.4316e-08, 4.4819e-05,
         1.6473e-08],
        ...,
        [1.4786e-13, 1.4108e-08, 2.2491e-07,  ..., 4.2671e-10, 2.3294e-07,
         7.1717e-06],
        [6.3204e-14, 8.2085e-10, 2.0743e-07,  ..., 2.8904e-11, 1.9776e-06,
         3.0272e-07],
        [5.6413e-13, 4.5738e-11, 2.2832e-07,  ..., 1.4982e-08, 1.5266e-07,
         5.9767e-07]], device='cuda:0'), tensor([[2.0317e-14, 4.3975e-11, 2.6246e-08,  ..., 1.8043e-14, 3.4062e-09,
         3.5992e-08],
        [3.0458e-15, 1.1316e-10, 2.7794e-10,  ..., 1.1767e-11, 2.2212e-11,
         2.6237e-10],
        [1.5573e-14, 4.5911e-11, 2.1986e-11,  ..., 1.0186e-10, 4.8509e-06,
         3.3840e-11],
        ...,
        [5.9418e-14, 1.2409e-07, 3.3568e-08,  ..., 4.4191e-10, 4.4170e-08,
         1.1829e-06],
        [1.6925e-12, 3.4591e-08, 3.5216e-07,  ..., 3.9283e-13, 8.8855e-07,
         4.7170e-06],
        [4.3361e-13, 3.3258e-08, 1.7157e-07,  ..., 3.9291e-07, 9.4030e-08,
         1.5093e-05]], device='cuda:0')]
DEBUG   [05-05 17:30:26] forward in Ensembler:
final predict
DEBUG   [05-05 17:30:26] forward in Ensembler:
tensor([[2.0440e-14, 4.7025e-10, 9.3371e-08,  ..., 1.7006e-13, 3.4253e-09,
         5.3591e-06],
        [3.1519e-15, 1.1320e-10, 8.9477e-10,  ..., 1.2006e-11, 2.9066e-07,
         2.6467e-10],
        [3.3417e-11, 4.2710e-10, 2.4825e-07,  ..., 6.4418e-08, 4.9669e-05,
         1.6507e-08],
        ...,
        [2.0728e-13, 1.3820e-07, 2.5848e-07,  ..., 8.6862e-10, 2.7711e-07,
         8.3546e-06],
        [1.7557e-12, 3.5412e-08, 5.5959e-07,  ..., 2.9297e-11, 2.8661e-06,
         5.0197e-06],
        [9.9775e-13, 3.3304e-08, 3.9989e-07,  ..., 4.0789e-07, 2.4669e-07,
         1.5691e-05]], device='cuda:0')
DEBUG   [05-05 17:30:26] forward in Ensembler:
final confidence
DEBUG   [05-05 17:30:26] forward in Ensembler:
tensor([0.0221, 0.1242, 0.0252,  ..., 0.0127, 0.0174, 0.0125], device='cuda:0')
DEBUG   [05-05 17:30:27] forward in Ensembler:
raw predict
DEBUG   [05-05 17:30:27] forward in Ensembler:
[tensor([[1.3163e-12, 1.1709e-07, 4.0522e-08,  ..., 2.6858e-07, 6.5667e-07,
         9.0464e-07],
        [1.2469e-13, 2.0924e-10, 1.2022e-08,  ..., 5.4758e-09, 8.7844e-09,
         1.6859e-05],
        [3.3480e-16, 4.0723e-12, 1.5940e-07,  ..., 1.1248e-08, 1.6801e-08,
         7.0335e-08],
        ...,
        [9.7260e-13, 5.9679e-13, 2.3963e-10,  ..., 1.0940e-10, 3.7496e-06,
         4.1286e-08],
        [8.1639e-14, 3.6534e-11, 3.6402e-08,  ..., 6.6228e-11, 7.1459e-07,
         1.4608e-08],
        [7.0474e-11, 2.2826e-10, 2.8441e-08,  ..., 8.1344e-09, 4.3851e-07,
         2.3369e-07]], device='cuda:0'), tensor([[2.6086e-13, 2.0192e-10, 2.5709e-10,  ..., 5.3289e-09, 1.0606e-08,
         9.4447e-09],
        [3.3567e-15, 4.0755e-15, 1.1595e-08,  ..., 4.0640e-07, 1.7511e-07,
         2.8783e-07],
        [5.7797e-14, 3.6500e-10, 5.9844e-09,  ..., 1.2675e-10, 4.1298e-11,
         1.0139e-06],
        ...,
        [3.9134e-10, 2.3081e-09, 1.9798e-08,  ..., 1.7462e-08, 4.3460e-03,
         1.4864e-07],
        [2.3553e-12, 6.8228e-11, 3.1890e-08,  ..., 1.1886e-08, 1.2672e-06,
         4.4018e-06],
        [3.7589e-11, 3.1470e-08, 5.6514e-09,  ..., 5.2763e-11, 6.4376e-07,
         1.2167e-07]], device='cuda:0')]
DEBUG   [05-05 17:30:27] forward in Ensembler:
raw confidence
DEBUG   [05-05 17:30:27] forward in Ensembler:
[tensor([0.0513, 0.0202, 0.0784,  ..., 0.0395, 0.0212, 0.0683], device='cuda:0'), tensor([0.1253, 0.1272, 0.1033,  ..., 0.0469, 0.0694, 0.0298], device='cuda:0')]
DEBUG   [05-05 17:30:27] forward in Ensembler:
weighted predict
DEBUG   [05-05 17:30:27] forward in Ensembler:
[tensor([[6.5814e-13, 5.8544e-08, 2.0261e-08,  ..., 1.3429e-07, 3.2833e-07,
         4.5232e-07],
        [6.2345e-14, 1.0462e-10, 6.0109e-09,  ..., 2.7379e-09, 4.3922e-09,
         8.4294e-06],
        [1.6740e-16, 2.0361e-12, 7.9700e-08,  ..., 5.6238e-09, 8.4003e-09,
         3.5168e-08],
        ...,
        [4.8630e-13, 2.9840e-13, 1.1982e-10,  ..., 5.4698e-11, 1.8748e-06,
         2.0643e-08],
        [4.0820e-14, 1.8267e-11, 1.8201e-08,  ..., 3.3114e-11, 3.5729e-07,
         7.3041e-09],
        [3.5237e-11, 1.1413e-10, 1.4221e-08,  ..., 4.0672e-09, 2.1925e-07,
         1.1685e-07]], device='cuda:0'), tensor([[1.3043e-13, 1.0096e-10, 1.2854e-10,  ..., 2.6645e-09, 5.3029e-09,
         4.7223e-09],
        [1.6784e-15, 2.0378e-15, 5.7974e-09,  ..., 2.0320e-07, 8.7556e-08,
         1.4391e-07],
        [2.8898e-14, 1.8250e-10, 2.9922e-09,  ..., 6.3376e-11, 2.0649e-11,
         5.0697e-07],
        ...,
        [1.9567e-10, 1.1541e-09, 9.8992e-09,  ..., 8.7309e-09, 2.1730e-03,
         7.4321e-08],
        [1.1776e-12, 3.4114e-11, 1.5945e-08,  ..., 5.9431e-09, 6.3362e-07,
         2.2009e-06],
        [1.8794e-11, 1.5735e-08, 2.8257e-09,  ..., 2.6382e-11, 3.2188e-07,
         6.0836e-08]], device='cuda:0')]
DEBUG   [05-05 17:30:27] forward in Ensembler:
final predict
DEBUG   [05-05 17:30:27] forward in Ensembler:
tensor([[7.8857e-13, 5.8645e-08, 2.0389e-08,  ..., 1.3695e-07, 3.3364e-07,
         4.5704e-07],
        [6.4023e-14, 1.0462e-10, 1.1808e-08,  ..., 2.0594e-07, 9.1948e-08,
         8.5733e-06],
        [2.9066e-14, 1.8454e-10, 8.2693e-08,  ..., 5.6871e-09, 8.4209e-09,
         5.4214e-07],
        ...,
        [1.9616e-10, 1.1544e-09, 1.0019e-08,  ..., 8.7856e-09, 2.1749e-03,
         9.4964e-08],
        [1.2184e-12, 5.2381e-11, 3.4146e-08,  ..., 5.9762e-09, 9.9091e-07,
         2.2082e-06],
        [5.4032e-11, 1.5849e-08, 1.7046e-08,  ..., 4.0936e-09, 5.4113e-07,
         1.7768e-07]], device='cuda:0')
DEBUG   [05-05 17:30:27] forward in Ensembler:
final confidence
DEBUG   [05-05 17:30:27] forward in Ensembler:
tensor([0.0632, 0.0636, 0.0631,  ..., 0.0260, 0.0347, 0.0344], device='cuda:0')
DEBUG   [05-05 17:30:29] forward in Ensembler:
raw predict
DEBUG   [05-05 17:30:29] forward in Ensembler:
[tensor([[1.3716e-12, 1.6774e-10, 3.6142e-07,  ..., 1.1675e-10, 2.0417e-06,
         2.2668e-07],
        [1.3509e-09, 4.1214e-10, 2.4632e-06,  ..., 4.7795e-09, 1.5282e-06,
         7.8793e-06],
        [4.6321e-11, 8.6959e-08, 1.7095e-07,  ..., 4.4594e-05, 2.5602e-06,
         2.8152e-07],
        ...,
        [1.1077e-15, 1.2163e-15, 7.8067e-09,  ..., 1.0209e-11, 4.7306e-04,
         4.3588e-10],
        [2.4441e-15, 3.8930e-18, 1.4123e-13,  ..., 5.8296e-21, 6.7269e-09,
         8.5551e-12],
        [2.7249e-15, 4.7656e-10, 5.4564e-09,  ..., 1.0083e-10, 1.2613e-06,
         4.9377e-08]], device='cuda:0'), tensor([[2.2447e-13, 1.1081e-10, 5.1319e-09,  ..., 1.3514e-10, 4.7783e-08,
         8.5793e-11],
        [1.4077e-10, 5.7401e-08, 5.5972e-08,  ..., 3.6221e-07, 2.4588e-07,
         3.3168e-05],
        [1.5702e-11, 9.8352e-07, 1.1919e-06,  ..., 2.0266e-08, 8.0897e-09,
         3.7501e-05],
        ...,
        [1.4180e-13, 1.5605e-11, 1.5198e-09,  ..., 2.0625e-08, 3.3187e-06,
         7.9447e-08],
        [9.8260e-13, 2.6660e-15, 1.5224e-11,  ..., 3.2501e-12, 6.2080e-07,
         1.6960e-10],
        [2.5019e-14, 2.5357e-14, 8.0228e-11,  ..., 5.7935e-12, 1.1066e-05,
         1.7272e-10]], device='cuda:0')]
DEBUG   [05-05 17:30:29] forward in Ensembler:
raw confidence
DEBUG   [05-05 17:30:29] forward in Ensembler:
[tensor([0.0663, 0.0263, 0.0179,  ..., 0.0583, 0.9979, 0.0509], device='cuda:0'), tensor([0.1480, 0.0072, 0.0379,  ..., 0.1415, 0.8305, 0.0805], device='cuda:0')]
DEBUG   [05-05 17:30:29] forward in Ensembler:
weighted predict
DEBUG   [05-05 17:30:29] forward in Ensembler:
[tensor([[6.8578e-13, 8.3871e-11, 1.8071e-07,  ..., 5.8376e-11, 1.0208e-06,
         1.1334e-07],
        [6.7546e-10, 2.0607e-10, 1.2316e-06,  ..., 2.3898e-09, 7.6410e-07,
         3.9397e-06],
        [2.3161e-11, 4.3479e-08, 8.5477e-08,  ..., 2.2297e-05, 1.2801e-06,
         1.4076e-07],
        ...,
        [5.5385e-16, 6.0815e-16, 3.9033e-09,  ..., 5.1046e-12, 2.3653e-04,
         2.1794e-10],
        [1.2221e-15, 1.9465e-18, 7.0616e-14,  ..., 2.9148e-21, 3.3634e-09,
         4.2775e-12],
        [1.3624e-15, 2.3828e-10, 2.7282e-09,  ..., 5.0414e-11, 6.3066e-07,
         2.4688e-08]], device='cuda:0'), tensor([[1.1223e-13, 5.5406e-11, 2.5660e-09,  ..., 6.7571e-11, 2.3891e-08,
         4.2897e-11],
        [7.0386e-11, 2.8701e-08, 2.7986e-08,  ..., 1.8110e-07, 1.2294e-07,
         1.6584e-05],
        [7.8512e-12, 4.9176e-07, 5.9594e-07,  ..., 1.0133e-08, 4.0448e-09,
         1.8751e-05],
        ...,
        [7.0900e-14, 7.8024e-12, 7.5991e-10,  ..., 1.0312e-08, 1.6594e-06,
         3.9723e-08],
        [4.9130e-13, 1.3330e-15, 7.6121e-12,  ..., 1.6251e-12, 3.1040e-07,
         8.4798e-11],
        [1.2509e-14, 1.2679e-14, 4.0114e-11,  ..., 2.8967e-12, 5.5331e-06,
         8.6362e-11]], device='cuda:0')]
DEBUG   [05-05 17:30:29] forward in Ensembler:
final predict
DEBUG   [05-05 17:30:29] forward in Ensembler:
tensor([[7.9801e-13, 1.3928e-10, 1.8328e-07,  ..., 1.2595e-10, 1.0447e-06,
         1.1338e-07],
        [7.4585e-10, 2.8907e-08, 1.2596e-06,  ..., 1.8349e-07, 8.8704e-07,
         2.0523e-05],
        [3.1012e-11, 5.3524e-07, 6.8142e-07,  ..., 2.2307e-05, 1.2841e-06,
         1.8891e-05],
        ...,
        [7.1454e-14, 7.8030e-12, 4.6633e-09,  ..., 1.0318e-08, 2.3819e-04,
         3.9941e-08],
        [4.9252e-13, 1.3349e-15, 7.6827e-12,  ..., 1.6251e-12, 3.1376e-07,
         8.9076e-11],
        [1.3872e-14, 2.3829e-10, 2.7683e-09,  ..., 5.3311e-11, 6.1637e-06,
         2.4775e-08]], device='cuda:0')
DEBUG   [05-05 17:30:29] forward in Ensembler:
final confidence
DEBUG   [05-05 17:30:29] forward in Ensembler:
tensor([0.0752, 0.0134, 0.0190,  ..., 0.0707, 0.9142, 0.0404], device='cuda:0')
DEBUG   [05-05 17:30:31] forward in Ensembler:
raw predict
DEBUG   [05-05 17:30:31] forward in Ensembler:
[tensor([[1.4059e-13, 1.3831e-07, 1.1565e-07,  ..., 6.5075e-08, 6.5030e-06,
         1.0349e-07],
        [4.2609e-10, 2.2531e-06, 4.9643e-08,  ..., 9.6318e-11, 3.6315e-05,
         1.2299e-05],
        [4.8497e-11, 3.8239e-11, 4.8823e-07,  ..., 5.6501e-08, 1.9941e-06,
         1.7420e-05],
        ...,
        [1.7770e-13, 4.0721e-10, 2.6754e-07,  ..., 7.4141e-10, 6.4436e-09,
         1.0902e-06],
        [1.0702e-12, 2.5817e-13, 3.3222e-09,  ..., 7.2666e-12, 1.8657e-07,
         2.1816e-10],
        [1.8768e-13, 9.5403e-11, 2.9807e-08,  ..., 1.3834e-09, 1.5942e-08,
         2.0747e-07]], device='cuda:0'), tensor([[1.1905e-12, 1.8635e-08, 4.9189e-07,  ..., 1.9467e-06, 5.6690e-07,
         3.5582e-05],
        [7.9417e-11, 4.2656e-08, 1.4103e-07,  ..., 5.1117e-08, 9.1431e-05,
         3.9417e-07],
        [7.4627e-13, 2.0396e-14, 3.6484e-07,  ..., 4.1511e-07, 2.3127e-07,
         1.4709e-07],
        ...,
        [8.5751e-12, 9.0304e-07, 2.9099e-07,  ..., 2.5372e-09, 9.0727e-08,
         2.1001e-06],
        [4.2847e-11, 1.8632e-07, 2.5124e-08,  ..., 7.2473e-10, 7.2663e-07,
         2.2161e-07],
        [4.5263e-10, 1.0794e-07, 3.9927e-06,  ..., 4.5459e-06, 6.2720e-05,
         3.5642e-08]], device='cuda:0')]
DEBUG   [05-05 17:30:31] forward in Ensembler:
raw confidence
DEBUG   [05-05 17:30:31] forward in Ensembler:
[tensor([0.0305, 0.0260, 0.0391,  ..., 0.0226, 0.0635, 0.0189], device='cuda:0'), tensor([0.0132, 0.0263, 0.0360,  ..., 0.0128, 0.0361, 0.0090], device='cuda:0')]
DEBUG   [05-05 17:30:31] forward in Ensembler:
weighted predict
DEBUG   [05-05 17:30:31] forward in Ensembler:
[tensor([[7.0294e-14, 6.9156e-08, 5.7826e-08,  ..., 3.2538e-08, 3.2515e-06,
         5.1744e-08],
        [2.1304e-10, 1.1265e-06, 2.4822e-08,  ..., 4.8159e-11, 1.8157e-05,
         6.1494e-06],
        [2.4249e-11, 1.9119e-11, 2.4411e-07,  ..., 2.8251e-08, 9.9704e-07,
         8.7100e-06],
        ...,
        [8.8849e-14, 2.0360e-10, 1.3377e-07,  ..., 3.7071e-10, 3.2218e-09,
         5.4510e-07],
        [5.3509e-13, 1.2908e-13, 1.6611e-09,  ..., 3.6333e-12, 9.3287e-08,
         1.0908e-10],
        [9.3840e-14, 4.7702e-11, 1.4904e-08,  ..., 6.9169e-10, 7.9710e-09,
         1.0373e-07]], device='cuda:0'), tensor([[5.9526e-13, 9.3175e-09, 2.4595e-07,  ..., 9.7334e-07, 2.8345e-07,
         1.7791e-05],
        [3.9708e-11, 2.1328e-08, 7.0515e-08,  ..., 2.5558e-08, 4.5715e-05,
         1.9708e-07],
        [3.7314e-13, 1.0198e-14, 1.8242e-07,  ..., 2.0755e-07, 1.1563e-07,
         7.3545e-08],
        ...,
        [4.2876e-12, 4.5152e-07, 1.4550e-07,  ..., 1.2686e-09, 4.5363e-08,
         1.0500e-06],
        [2.1424e-11, 9.3162e-08, 1.2562e-08,  ..., 3.6237e-10, 3.6332e-07,
         1.1080e-07],
        [2.2632e-10, 5.3968e-08, 1.9963e-06,  ..., 2.2729e-06, 3.1360e-05,
         1.7821e-08]], device='cuda:0')]
DEBUG   [05-05 17:30:31] forward in Ensembler:
final predict
DEBUG   [05-05 17:30:31] forward in Ensembler:
tensor([[6.6555e-13, 7.8474e-08, 3.0377e-07,  ..., 1.0059e-06, 3.5349e-06,
         1.7843e-05],
        [2.5275e-10, 1.1479e-06, 9.5336e-08,  ..., 2.5607e-08, 6.3873e-05,
         6.3465e-06],
        [2.4622e-11, 1.9130e-11, 4.2653e-07,  ..., 2.3580e-07, 1.1127e-06,
         8.7836e-06],
        ...,
        [4.3764e-12, 4.5172e-07, 2.7927e-07,  ..., 1.6393e-09, 4.8585e-08,
         1.5951e-06],
        [2.1959e-11, 9.3162e-08, 1.4223e-08,  ..., 3.6600e-10, 4.5660e-07,
         1.1091e-07],
        [2.2641e-10, 5.4016e-08, 2.0112e-06,  ..., 2.2736e-06, 3.1368e-05,
         1.2156e-07]], device='cuda:0')
DEBUG   [05-05 17:30:31] forward in Ensembler:
final confidence
DEBUG   [05-05 17:30:31] forward in Ensembler:
tensor([0.0182, 0.0147, 0.0196,  ..., 0.0166, 0.0319, 0.0098], device='cuda:0')
DEBUG   [05-05 17:30:32] forward in Ensembler:
raw predict
DEBUG   [05-05 17:30:32] forward in Ensembler:
[tensor([[1.9939e-12, 1.8746e-11, 3.7804e-07,  ..., 7.2435e-09, 6.8482e-08,
         8.0204e-06],
        [6.0576e-09, 1.0150e-08, 4.5190e-07,  ..., 1.0409e-06, 7.7076e-05,
         3.3635e-07],
        [1.4372e-12, 9.6948e-11, 1.5843e-10,  ..., 3.3963e-12, 1.7836e-06,
         4.4075e-07],
        ...,
        [1.2668e-10, 8.7044e-09, 1.3480e-07,  ..., 2.6762e-10, 1.0127e-06,
         5.8666e-07],
        [1.1057e-15, 5.3245e-11, 9.5893e-08,  ..., 3.1654e-09, 5.1228e-10,
         5.0518e-08],
        [1.2459e-16, 1.1077e-10, 6.5857e-07,  ..., 1.9647e-12, 3.3662e-11,
         2.1125e-09]], device='cuda:0'), tensor([[8.9268e-12, 2.5678e-09, 9.7251e-08,  ..., 1.1597e-08, 5.1266e-08,
         3.2515e-07],
        [1.0694e-08, 6.8167e-08, 3.8553e-07,  ..., 7.6043e-08, 5.5514e-06,
         1.9789e-08],
        [3.9561e-13, 5.7090e-10, 3.6527e-08,  ..., 2.7757e-11, 1.0194e-07,
         8.4665e-09],
        ...,
        [2.0613e-11, 1.8020e-08, 7.6239e-08,  ..., 3.5702e-11, 2.3245e-06,
         1.6814e-05],
        [6.7773e-14, 3.1728e-08, 4.2613e-08,  ..., 7.9339e-07, 3.4573e-10,
         1.4123e-05],
        [1.8541e-14, 6.4134e-08, 3.8714e-07,  ..., 1.7258e-11, 3.9517e-10,
         1.0897e-05]], device='cuda:0')]
DEBUG   [05-05 17:30:32] forward in Ensembler:
raw confidence
DEBUG   [05-05 17:30:32] forward in Ensembler:
[tensor([0.1315, 0.0105, 0.0646,  ..., 0.0810, 0.1063, 0.1575], device='cuda:0'), tensor([0.0490, 0.0683, 0.0267,  ..., 0.1906, 0.0187, 0.0465], device='cuda:0')]
DEBUG   [05-05 17:30:32] forward in Ensembler:
weighted predict
DEBUG   [05-05 17:30:32] forward in Ensembler:
[tensor([[9.9694e-13, 9.3732e-12, 1.8902e-07,  ..., 3.6217e-09, 3.4241e-08,
         4.0102e-06],
        [3.0288e-09, 5.0752e-09, 2.2595e-07,  ..., 5.2045e-07, 3.8538e-05,
         1.6817e-07],
        [7.1860e-13, 4.8474e-11, 7.9214e-11,  ..., 1.6982e-12, 8.9179e-07,
         2.2038e-07],
        ...,
        [6.3339e-11, 4.3522e-09, 6.7398e-08,  ..., 1.3381e-10, 5.0636e-07,
         2.9333e-07],
        [5.5284e-16, 2.6623e-11, 4.7946e-08,  ..., 1.5827e-09, 2.5614e-10,
         2.5259e-08],
        [6.2297e-17, 5.5387e-11, 3.2929e-07,  ..., 9.8237e-13, 1.6831e-11,
         1.0563e-09]], device='cuda:0'), tensor([[4.4634e-12, 1.2839e-09, 4.8625e-08,  ..., 5.7983e-09, 2.5633e-08,
         1.6257e-07],
        [5.3472e-09, 3.4083e-08, 1.9276e-07,  ..., 3.8021e-08, 2.7757e-06,
         9.8947e-09],
        [1.9780e-13, 2.8545e-10, 1.8264e-08,  ..., 1.3878e-11, 5.0972e-08,
         4.2333e-09],
        ...,
        [1.0306e-11, 9.0100e-09, 3.8120e-08,  ..., 1.7851e-11, 1.1622e-06,
         8.4072e-06],
        [3.3887e-14, 1.5864e-08, 2.1307e-08,  ..., 3.9670e-07, 1.7287e-10,
         7.0614e-06],
        [9.2706e-15, 3.2067e-08, 1.9357e-07,  ..., 8.6288e-12, 1.9759e-10,
         5.4486e-06]], device='cuda:0')]
DEBUG   [05-05 17:30:32] forward in Ensembler:
final predict
DEBUG   [05-05 17:30:32] forward in Ensembler:
tensor([[5.4603e-12, 1.2933e-09, 2.3765e-07,  ..., 9.4201e-09, 5.9874e-08,
         4.1728e-06],
        [8.3761e-09, 3.9159e-08, 4.1871e-07,  ..., 5.5847e-07, 4.1314e-05,
         1.7807e-07],
        [9.1641e-13, 3.3392e-10, 1.8343e-08,  ..., 1.5577e-11, 9.4276e-07,
         2.2461e-07],
        ...,
        [7.3646e-11, 1.3362e-08, 1.0552e-07,  ..., 1.5166e-10, 1.6686e-06,
         8.7006e-06],
        [3.4439e-14, 1.5890e-08, 6.9253e-08,  ..., 3.9828e-07, 4.2900e-10,
         7.0866e-06],
        [9.3329e-15, 3.2123e-08, 5.2286e-07,  ..., 9.6112e-12, 2.1442e-10,
         5.4497e-06]], device='cuda:0')
DEBUG   [05-05 17:30:32] forward in Ensembler:
final confidence
DEBUG   [05-05 17:30:32] forward in Ensembler:
tensor([0.0902, 0.0346, 0.0394,  ..., 0.1358, 0.0549, 0.0820], device='cuda:0')
INFO    [05-05 17:31:12] test_mentor in DistillTrainer:
{'Recall@10': 0.05875012829899788, 'NDCG@10': 0.03645374499261379, 'MRR@10': 0.029645686969161034, 'Recall@5': 0.04294489547610283, 'NDCG@5': 0.03136848762631416, 'MRR@5': 0.02756171889603138, 'Recall*@10': 0.06268928185105324, 'NDCG*@10': 0.038723609000444414, 'MRR*@10': 0.03140322372317314, 'Recall*@5': 0.0457861091196537, 'NDCG*@5': 0.033281443491578105, 'MRR*@5': 0.02917083874344826}
INFO    [05-05 17:31:12] train in DistillTrainer:
result:
{'Recall@10': 0.05875012829899788, 'NDCG@10': 0.03645374499261379, 'MRR@10': 0.029645686969161034, 'Recall@5': 0.04294489547610283, 'NDCG@5': 0.03136848762631416, 'MRR@5': 0.02756171889603138, 'Recall*@10': 0.06268928185105324, 'NDCG*@10': 0.038723609000444414, 'MRR*@10': 0.03140322372317314, 'Recall*@5': 0.0457861091196537, 'NDCG*@5': 0.033281443491578105, 'MRR*@5': 0.02917083874344826}
INFO    [05-05 17:31:51] log in loggers:
Update Best NDCG@10 Model at 0
INFO    [05-05 17:31:51] validate in BasicTrainer:
{'Recall@10': 0.00033203125, 'NDCG@10': 0.00014112540433416142, 'MRR@10': 8.473617323033978e-05, 'Recall@5': 0.000146484375, 'NDCG@5': 8.149782719556242e-05, 'MRR@5': 6.03841150586959e-05, 'Recall*@10': 0.00031247938983142376, 'NDCG*@10': 0.00013840028928825633, 'MRR*@10': 8.687235858815257e-05, 'Recall*@5': 0.00014406405622139574, 'NDCG*@5': 8.445796614978463e-05, 'MRR*@5': 6.494511442724616e-05}
INFO    [05-05 17:31:51] train in BasicTrainer:
epoch: 0
DEBUG   [05-05 17:31:52] calculate_loss in loss:
soft_target max: 0.9989602565765381, argmax 82804649
DEBUG   [05-05 17:31:52] calculate_loss in loss:
pred max in softmax: 3.422421286813915e-05, argmax 110193085
INFO    [05-05 17:32:09] _train_one_epoch in BasicTrainer:
loss = 6.689348285262649
INFO    [05-05 17:32:50] log in loggers:
Update Best NDCG@10 Model at 0
INFO    [05-05 17:32:50] validate in BasicTrainer:
{'Recall@10': 0.035931034088134764, 'NDCG@10': 0.018111000135540962, 'MRR@10': 0.012724112793803215, 'Recall@5': 0.02213043287396431, 'NDCG@5': 0.013712564893066883, 'MRR@5': 0.010945821292698383, 'Recall*@10': 0.03930466428399086, 'NDCG*@10': 0.02020000845193863, 'MRR*@10': 0.014413050822913647, 'Recall*@5': 0.024723054394125938, 'NDCG*@5': 0.015554363690316677, 'MRR*@5': 0.012535871975123881}
INFO    [05-05 17:32:50] train in BasicTrainer:
duration: 58.45634126663208s
INFO    [05-05 17:32:50] train in BasicTrainer:
epoch: 1
INFO    [05-05 17:33:07] _train_one_epoch in BasicTrainer:
loss = 6.2253083796114534
INFO    [05-05 17:33:48] log in loggers:
Update Best NDCG@10 Model at 1
INFO    [05-05 17:33:48] validate in BasicTrainer:
{'Recall@10': 0.03486015260219574, 'NDCG@10': 0.018661511167883872, 'MRR@10': 0.013742377646267415, 'Recall@5': 0.022536180391907693, 'NDCG@5': 0.014688759408891201, 'MRR@5': 0.012110592909157275, 'Recall*@10': 0.038134313449263574, 'NDCG*@10': 0.020625837817788123, 'MRR*@10': 0.015307198278605938, 'Recall*@5': 0.024764377772808075, 'NDCG*@5': 0.016314694881439207, 'MRR*@5': 0.01353575561195612}
INFO    [05-05 17:33:48] train in BasicTrainer:
duration: 58.11079263687134s
INFO    [05-05 17:33:48] train in BasicTrainer:
epoch: 2
INFO    [05-05 17:34:06] _train_one_epoch in BasicTrainer:
loss = 5.99443835610742
INFO    [05-05 17:34:46] log in loggers:
Update Best NDCG@10 Model at 2
INFO    [05-05 17:34:46] validate in BasicTrainer:
{'Recall@10': 0.04079592242836952, 'NDCG@10': 0.021715405210852624, 'MRR@10': 0.015937339290976526, 'Recall@5': 0.0263284569978714, 'NDCG@5': 0.017077825628221036, 'MRR@5': 0.014047200046479701, 'Recall*@10': 0.04457084640860558, 'NDCG*@10': 0.023951021730899812, 'MRR*@10': 0.017704807706177234, 'Recall*@5': 0.028916845470666884, 'NDCG*@5': 0.018931082710623742, 'MRR*@5': 0.01565762985497713}
INFO    [05-05 17:34:46] train in BasicTrainer:
duration: 58.20737814903259s
INFO    [05-05 17:34:46] train in BasicTrainer:
epoch: 3
INFO    [05-05 17:35:04] _train_one_epoch in BasicTrainer:
loss = 5.850373134956704
INFO    [05-05 17:35:45] log in loggers:
Update Best NDCG@10 Model at 3
INFO    [05-05 17:35:45] validate in BasicTrainer:
{'Recall@10': 0.04386661410331726, 'NDCG@10': 0.023457715064287187, 'MRR@10': 0.017253660559654237, 'Recall@5': 0.029029126390814782, 'NDCG@5': 0.018693701960146428, 'MRR@5': 0.015307294875383378, 'Recall*@10': 0.04776340514421463, 'NDCG*@10': 0.02564522162079811, 'MRR*@10': 0.018925462439656256, 'Recall*@5': 0.03160618454217911, 'NDCG*@5': 0.02045944631099701, 'MRR*@5': 0.01680808000266552}
INFO    [05-05 17:35:45] train in BasicTrainer:
duration: 58.99730682373047s
INFO    [05-05 17:35:45] train in BasicTrainer:
epoch: 4
INFO    [05-05 17:36:02] _train_one_epoch in BasicTrainer:
loss = 5.718734195640495
INFO    [05-05 17:36:42] log in loggers:
Update Best NDCG@10 Model at 4
INFO    [05-05 17:36:42] validate in BasicTrainer:
{'Recall@10': 0.04823106631636619, 'NDCG@10': 0.025897418707609178, 'MRR@10': 0.019108022078871727, 'Recall@5': 0.03196738496422768, 'NDCG@5': 0.02067045509815216, 'MRR@5': 0.016969623602926732, 'Recall*@10': 0.05220727503299713, 'NDCG*@10': 0.02812934882938862, 'MRR*@10': 0.02081080563366413, 'Recall*@5': 0.03460247986018658, 'NDCG*@5': 0.022462164983153343, 'MRR*@5': 0.018486955240368842}
INFO    [05-05 17:36:42] train in BasicTrainer:
duration: 56.63644814491272s
INFO    [05-05 17:36:42] train in BasicTrainer:
epoch: 5
INFO    [05-05 17:37:00] _train_one_epoch in BasicTrainer:
loss = 5.610320366180695
INFO    [05-05 17:37:41] log in loggers:
Update Best NDCG@10 Model at 5
INFO    [05-05 17:37:41] validate in BasicTrainer:
{'Recall@10': 0.049710496962070465, 'NDCG@10': 0.027025324851274492, 'MRR@10': 0.020120461732149125, 'Recall@5': 0.03304106801748276, 'NDCG@5': 0.02164863258600235, 'MRR@5': 0.017909587062895298, 'Recall*@10': 0.05356268465518951, 'NDCG*@10': 0.029386923983693122, 'MRR*@10': 0.022030185833573343, 'Recall*@5': 0.03585888467729092, 'NDCG*@5': 0.02368102617561817, 'MRR*@5': 0.019686461985111238}
INFO    [05-05 17:37:41] train in BasicTrainer:
duration: 59.314496994018555s
INFO    [05-05 17:37:41] train in BasicTrainer:
epoch: 6
INFO    [05-05 17:37:58] _train_one_epoch in BasicTrainer:
loss = 5.5358134776622325
INFO    [05-05 17:38:39] log in loggers:
Update Best NDCG@10 Model at 6
INFO    [05-05 17:38:39] validate in BasicTrainer:
{'Recall@10': 0.05025082036852837, 'NDCG@10': 0.027573001161217688, 'MRR@10': 0.020663024187088014, 'Recall@5': 0.034152083247900006, 'NDCG@5': 0.02239341415464878, 'MRR@5': 0.018540789149701597, 'Recall*@10': 0.05427371010184288, 'NDCG*@10': 0.02982969634234905, 'MRR*@10': 0.0223873707652092, 'Recall*@5': 0.03688826471567154, 'NDCG*@5': 0.024237900748848917, 'MRR*@5': 0.02009723797440529}
INFO    [05-05 17:38:39] train in BasicTrainer:
duration: 57.98315477371216s
INFO    [05-05 17:38:39] train in BasicTrainer:
epoch: 7
INFO    [05-05 17:38:56] _train_one_epoch in BasicTrainer:
loss = 5.475873998693518
INFO    [05-05 17:39:36] log in loggers:
Update Best NDCG@10 Model at 7
INFO    [05-05 17:39:36] validate in BasicTrainer:
{'Recall@10': 0.05114818647503853, 'NDCG@10': 0.02781259924173355, 'MRR@10': 0.020723898038268088, 'Recall@5': 0.0339692148566246, 'NDCG@5': 0.022306032180786133, 'MRR@5': 0.018479557633399965, 'Recall*@10': 0.055188474655151365, 'NDCG*@10': 0.030124406665563583, 'MRR*@10': 0.022511107996106148, 'Recall*@5': 0.036746211796998975, 'NDCG*@5': 0.02420921839773655, 'MRR*@5': 0.020098083913326265}
INFO    [05-05 17:39:36] train in BasicTrainer:
duration: 57.189730644226074s
INFO    [05-05 17:39:36] train in BasicTrainer:
epoch: 8
INFO    [05-05 17:39:53] _train_one_epoch in BasicTrainer:
loss = 5.422538001258094
INFO    [05-05 17:40:34] log in loggers:
Update Best NDCG@10 Model at 8
INFO    [05-05 17:40:35] validate in BasicTrainer:
{'Recall@10': 0.05157626703381538, 'NDCG@10': 0.028025493696331977, 'MRR@10': 0.020874505788087847, 'Recall@5': 0.03425295367836952, 'NDCG@5': 0.0224548552185297, 'MRR@5': 0.01859319653362036, 'Recall*@10': 0.05574661687016487, 'NDCG*@10': 0.030461034029722212, 'MRR*@10': 0.022781417071819306, 'Recall*@5': 0.03731189519166946, 'NDCG*@5': 0.02453672118484974, 'MRR*@5': 0.020357410311698913}
INFO    [05-05 17:40:35] train in BasicTrainer:
duration: 58.279590368270874s
INFO    [05-05 17:40:35] train in BasicTrainer:
epoch: 9
DEBUG   [05-05 17:40:35] calculate_loss in loss:
soft_target max: 0.9982479810714722, argmax 83926730
DEBUG   [05-05 17:40:35] calculate_loss in loss:
pred max in softmax: 0.21834143996238708, argmax 9624828
DEBUG   [05-05 17:40:35] calculate_loss in loss:
soft_target max: 0.99853515625, argmax 253221
DEBUG   [05-05 17:40:35] calculate_loss in loss:
pred max in softmax: 0.49139466881752014, argmax 116700093
INFO    [05-05 17:40:51] _train_one_epoch in BasicTrainer:
loss = 5.374557813008626
INFO    [05-05 17:41:31] log in loggers:
Update Best NDCG@10 Model at 9
INFO    [05-05 17:41:31] validate in BasicTrainer:
{'Recall@10': 0.05242080867290497, 'NDCG@10': 0.02888175457715988, 'MRR@10': 0.021742242574691772, 'Recall@5': 0.03467674851417542, 'NDCG@5': 0.023169875070452692, 'MRR@5': 0.0194000493735075, 'Recall*@10': 0.05679657280445099, 'NDCG*@10': 0.031319021806120874, 'MRR*@10': 0.023589879795908927, 'Recall*@5': 0.03776138871908188, 'NDCG*@5': 0.025195489302277566, 'MRR*@5': 0.021081190705299378}
INFO    [05-05 17:41:31] train in BasicTrainer:
duration: 56.6853301525116s
INFO    [05-05 17:41:31] train in BasicTrainer:
epoch: 10
INFO    [05-05 17:41:50] _train_one_epoch in BasicTrainer:
loss = 5.330906807839334
INFO    [05-05 17:42:31] validate in BasicTrainer:
{'Recall@10': 0.05266227081418037, 'NDCG@10': 0.02872939541935921, 'MRR@10': 0.021457722932100295, 'Recall@5': 0.03528650283813477, 'NDCG@5': 0.023149452805519104, 'MRR@5': 0.01917788550257683, 'Recall*@10': 0.05720693171024323, 'NDCG*@10': 0.03125576876103878, 'MRR*@10': 0.02336930461227894, 'Recall*@5': 0.038416202366352084, 'NDCG*@5': 0.025216807201504706, 'MRR*@5': 0.02089919090270996}
INFO    [05-05 17:42:31] train in BasicTrainer:
duration: 59.679007053375244s
INFO    [05-05 17:42:31] train in BasicTrainer:
epoch: 11
INFO    [05-05 17:42:49] _train_one_epoch in BasicTrainer:
loss = 5.286902195698506
INFO    [05-05 17:43:29] log in loggers:
Update Best NDCG@10 Model at 11
INFO    [05-05 17:43:29] validate in BasicTrainer:
{'Recall@10': 0.05283042922616005, 'NDCG@10': 0.029173731282353402, 'MRR@10': 0.021988869681954383, 'Recall@5': 0.03543512985110283, 'NDCG@5': 0.02358284518122673, 'MRR@5': 0.019701737686991693, 'Recall*@10': 0.05751916825771332, 'NDCG*@10': 0.03184070773422718, 'MRR*@10': 0.024041841849684716, 'Recall*@5': 0.03861801564693451, 'NDCG*@5': 0.025764148607850076, 'MRR*@5': 0.021555146351456642}
INFO    [05-05 17:43:29] train in BasicTrainer:
duration: 57.82880425453186s
INFO    [05-05 17:43:29] train in BasicTrainer:
epoch: 12
INFO    [05-05 17:43:48] _train_one_epoch in BasicTrainer:
loss = 5.239433688086432
INFO    [05-05 17:44:28] log in loggers:
Update Best NDCG@10 Model at 12
INFO    [05-05 17:44:29] validate in BasicTrainer:
{'Recall@10': 0.05430610999464989, 'NDCG@10': 0.02991533987224102, 'MRR@10': 0.022504827305674553, 'Recall@5': 0.03631016314029693, 'NDCG@5': 0.02413028120994568, 'MRR@5': 0.0201372966170311, 'Recall*@10': 0.059098894149065016, 'NDCG*@10': 0.032631422579288485, 'MRR*@10': 0.024589668661355972, 'Recall*@5': 0.039597970247268674, 'NDCG*@5': 0.026362049505114556, 'MRR*@5': 0.02202370636165142}
INFO    [05-05 17:44:29] train in BasicTrainer:
duration: 59.69178128242493s
INFO    [05-05 17:44:29] train in BasicTrainer:
epoch: 13
INFO    [05-05 17:44:46] _train_one_epoch in BasicTrainer:
loss = 5.190011969557753
INFO    [05-05 17:45:27] log in loggers:
Update Best NDCG@10 Model at 13
INFO    [05-05 17:45:27] validate in BasicTrainer:
{'Recall@10': 0.054264369010925295, 'NDCG@10': 0.030069294422864913, 'MRR@10': 0.02273013263940811, 'Recall@5': 0.036418120712041854, 'NDCG@5': 0.024346277713775635, 'MRR@5': 0.020396217741072177, 'Recall*@10': 0.05892783984541893, 'NDCG*@10': 0.03275433041155338, 'MRR*@10': 0.024811537638306617, 'Recall*@5': 0.03970153301954269, 'NDCG*@5': 0.02658969320356846, 'MRR*@5': 0.022297999635338784}
INFO    [05-05 17:45:27] train in BasicTrainer:
duration: 58.66641187667847s
INFO    [05-05 17:45:27] train in BasicTrainer:
epoch: 14
INFO    [05-05 17:45:44] _train_one_epoch in BasicTrainer:
loss = 5.142866860638867
INFO    [05-05 17:46:24] log in loggers:
Update Best NDCG@10 Model at 14
INFO    [05-05 17:46:24] validate in BasicTrainer:
{'Recall@10': 0.054896868765354156, 'NDCG@10': 0.03069272868335247, 'MRR@10': 0.02333774209022522, 'Recall@5': 0.03679189294576645, 'NDCG@5': 0.024863302484154703, 'MRR@5': 0.020946767553687094, 'Recall*@10': 0.05956606686115265, 'NDCG*@10': 0.03327101856470108, 'MRR*@10': 0.02527716599404812, 'Recall*@5': 0.040019285082817074, 'NDCG*@5': 0.026978150010108948, 'MRR*@5': 0.022696603387594223}
INFO    [05-05 17:46:24] train in BasicTrainer:
duration: 57.20269799232483s
INFO    [05-05 17:46:24] train in BasicTrainer:
epoch: 15
INFO    [05-05 17:46:42] _train_one_epoch in BasicTrainer:
loss = 5.098092886778685
INFO    [05-05 17:47:22] log in loggers:
Update Best NDCG@10 Model at 15
INFO    [05-05 17:47:23] validate in BasicTrainer:
{'Recall@10': 0.0557155741751194, 'NDCG@10': 0.030858843252062798, 'MRR@10': 0.02330977164208889, 'Recall@5': 0.03730304270982742, 'NDCG@5': 0.024947271645069123, 'MRR@5': 0.020894869565963745, 'Recall*@10': 0.06023850038647652, 'NDCG*@10': 0.03349446266889572, 'MRR*@10': 0.025370768383145333, 'Recall*@5': 0.040419778525829314, 'NDCG*@5': 0.027123997285962105, 'MRR*@5': 0.02276418924331665}
INFO    [05-05 17:47:23] train in BasicTrainer:
duration: 58.127143144607544s
INFO    [05-05 17:47:23] train in BasicTrainer:
epoch: 16
INFO    [05-05 17:47:40] _train_one_epoch in BasicTrainer:
loss = 5.058895489117047
INFO    [05-05 17:48:20] log in loggers:
Update Best NDCG@10 Model at 16
INFO    [05-05 17:48:20] validate in BasicTrainer:
{'Recall@10': 0.05562982618808746, 'NDCG@10': 0.031171585693955423, 'MRR@10': 0.023748363479971887, 'Recall@5': 0.03739414751529693, 'NDCG@5': 0.025296887457370756, 'MRR@5': 0.021336749792099, 'Recall*@10': 0.060017938166856764, 'NDCG*@10': 0.03365002654492855, 'MRR*@10': 0.025634655728936195, 'Recall*@5': 0.04061349004507065, 'NDCG*@5': 0.027391983047127724, 'MRR*@5': 0.02306173004209995}
INFO    [05-05 17:48:20] train in BasicTrainer:
duration: 57.69225573539734s
INFO    [05-05 17:48:20] train in BasicTrainer:
epoch: 17
INFO    [05-05 17:48:38] _train_one_epoch in BasicTrainer:
loss = 5.02037187524744
INFO    [05-05 17:49:18] log in loggers:
Update Best NDCG@10 Model at 17
INFO    [05-05 17:49:19] validate in BasicTrainer:
{'Recall@10': 0.05598579749464989, 'NDCG@10': 0.031228456497192383, 'MRR@10': 0.023719433620572092, 'Recall@5': 0.03714291974902153, 'NDCG@5': 0.02516126647591591, 'MRR@5': 0.021230642721056937, 'Recall*@10': 0.06048520296812057, 'NDCG*@10': 0.03382148876786232, 'MRR*@10': 0.02572845183312893, 'Recall*@5': 0.04036751627922058, 'NDCG*@5': 0.02733774147927761, 'MRR*@5': 0.023065225780010225}
INFO    [05-05 17:49:19] train in BasicTrainer:
duration: 58.555798053741455s
INFO    [05-05 17:49:19] train in BasicTrainer:
epoch: 18
DEBUG   [05-05 17:49:20] calculate_loss in loss:
soft_target max: 0.9988514184951782, argmax 37209792
DEBUG   [05-05 17:49:20] calculate_loss in loss:
pred max in softmax: 0.8468533158302307, argmax 110509551
DEBUG   [05-05 17:49:20] calculate_loss in loss:
soft_target max: 0.9988888502120972, argmax 24541535
DEBUG   [05-05 17:49:20] calculate_loss in loss:
pred max in softmax: 0.9877634644508362, argmax 24541535
INFO    [05-05 17:49:36] _train_one_epoch in BasicTrainer:
loss = 4.986153117171279
INFO    [05-05 17:50:16] log in loggers:
Update Best NDCG@10 Model at 18
INFO    [05-05 17:50:16] validate in BasicTrainer:
{'Recall@10': 0.05640452474355698, 'NDCG@10': 0.031533529534935954, 'MRR@10': 0.02399091184139252, 'Recall@5': 0.03783627912402153, 'NDCG@5': 0.02558194026350975, 'MRR@5': 0.021565611585974694, 'Recall*@10': 0.06087485313415528, 'NDCG*@10': 0.034033360108733174, 'MRR*@10': 0.02589330039918423, 'Recall*@5': 0.040855644792318346, 'NDCG*@5': 0.027613032162189483, 'MRR*@5': 0.02327484391629696}
INFO    [05-05 17:50:16] train in BasicTrainer:
duration: 57.10932111740112s
INFO    [05-05 17:50:16] train in BasicTrainer:
epoch: 19
INFO    [05-05 17:50:33] _train_one_epoch in BasicTrainer:
loss = 4.9528901469600095
INFO    [05-05 17:51:14] log in loggers:
Update Best NDCG@10 Model at 19
INFO    [05-05 17:51:14] validate in BasicTrainer:
{'Recall@10': 0.057025651633739474, 'NDCG@10': 0.03197986036539078, 'MRR@10': 0.024369088634848594, 'Recall@5': 0.038622350245714185, 'NDCG@5': 0.026061315685510636, 'MRR@5': 0.02194561220705509, 'Recall*@10': 0.06146397337317467, 'NDCG*@10': 0.03442870795726776, 'MRR*@10': 0.026212572157382964, 'Recall*@5': 0.04169657155871391, 'NDCG*@5': 0.02806945100426674, 'MRR*@5': 0.023607393354177476}
INFO    [05-05 17:51:14] train in BasicTrainer:
duration: 58.550915241241455s
INFO    [05-05 17:51:14] train in BasicTrainer:
epoch: 20
INFO    [05-05 17:51:31] _train_one_epoch in BasicTrainer:
loss = 4.922092454927462
INFO    [05-05 17:52:11] validate in BasicTrainer:
{'Recall@10': 0.056647058427333835, 'NDCG@10': 0.03197078287601471, 'MRR@10': 0.024473244473338127, 'Recall@5': 0.03834516286849975, 'NDCG@5': 0.026086275801062583, 'MRR@5': 0.02206424780189991, 'Recall*@10': 0.06094383180141449, 'NDCG*@10': 0.03436377301812172, 'MRR*@10': 0.02628557488322258, 'Recall*@5': 0.04127818942070007, 'NDCG*@5': 0.028037742227315903, 'MRR*@5': 0.023693891689181328}
INFO    [05-05 17:52:11] train in BasicTrainer:
duration: 56.66095209121704s
INFO    [05-05 17:52:11] train in BasicTrainer:
epoch: 21
INFO    [05-05 17:52:29] _train_one_epoch in BasicTrainer:
loss = 4.893117036905375
INFO    [05-05 17:53:10] log in loggers:
Update Best NDCG@10 Model at 21
INFO    [05-05 17:53:10] validate in BasicTrainer:
{'Recall@10': 0.05773318558931351, 'NDCG@10': 0.032638912722468376, 'MRR@10': 0.025026061087846756, 'Recall@5': 0.03848081037402153, 'NDCG@5': 0.026433692201972007, 'MRR@5': 0.022476984709501265, 'Recall*@10': 0.06206701785326004, 'NDCG*@10': 0.03511267483234406, 'MRR*@10': 0.02693596377968788, 'Recall*@5': 0.04143427312374115, 'NDCG*@5': 0.02846167340874672, 'MRR*@5': 0.024203096702694892}
INFO    [05-05 17:53:10] train in BasicTrainer:
duration: 58.7377290725708s
INFO    [05-05 17:53:10] train in BasicTrainer:
epoch: 22
INFO    [05-05 17:53:27] _train_one_epoch in BasicTrainer:
loss = 4.865508174037074
INFO    [05-05 17:54:07] validate in BasicTrainer:
{'Recall@10': 0.05777921199798584, 'NDCG@10': 0.03258782245218754, 'MRR@10': 0.02494246795773506, 'Recall@5': 0.03884160280227661, 'NDCG@5': 0.026496502161026, 'MRR@5': 0.02244768224656582, 'Recall*@10': 0.062095700055360796, 'NDCG*@10': 0.034973621219396595, 'MRR*@10': 0.026739028096199036, 'Recall*@5': 0.041710684895515444, 'NDCG*@5': 0.028407278060913085, 'MRR*@5': 0.02404411315917969}
INFO    [05-05 17:54:07] train in BasicTrainer:
duration: 57.514561891555786s
INFO    [05-05 17:54:07] train in BasicTrainer:
epoch: 23
INFO    [05-05 17:54:25] _train_one_epoch in BasicTrainer:
loss = 4.8406063715616865
INFO    [05-05 17:55:06] log in loggers:
Update Best NDCG@10 Model at 23
INFO    [05-05 17:55:06] validate in BasicTrainer:
{'Recall@10': 0.05841463655233383, 'NDCG@10': 0.033030136674642566, 'MRR@10': 0.025324605703353882, 'Recall@5': 0.03939877912402153, 'NDCG@5': 0.026912245750427246, 'MRR@5': 0.02281809002161026, 'Recall*@10': 0.06278199508786202, 'NDCG*@10': 0.03550016433000565, 'MRR*@10': 0.02722349710762501, 'Recall*@5': 0.04225271075963974, 'NDCG*@5': 0.02888996437191963, 'MRR*@5': 0.024512044340372085}
INFO    [05-05 17:55:06] train in BasicTrainer:
duration: 59.151034355163574s
INFO    [05-05 17:55:06] train in BasicTrainer:
epoch: 24
INFO    [05-05 17:55:23] _train_one_epoch in BasicTrainer:
loss = 4.8133601798667565
INFO    [05-05 17:56:04] log in loggers:
Update Best NDCG@10 Model at 24
INFO    [05-05 17:56:05] validate in BasicTrainer:
{'Recall@10': 0.059094892740249635, 'NDCG@10': 0.033657768070697786, 'MRR@10': 0.025927421152591706, 'Recall@5': 0.04019193738698959, 'NDCG@5': 0.027553296983242034, 'MRR@5': 0.023412884175777436, 'Recall*@10': 0.06341592282056809, 'NDCG*@10': 0.03606060430407524, 'MRR*@10': 0.027750878185033797, 'Recall*@5': 0.0430585116147995, 'NDCG*@5': 0.02948496349155903, 'MRR*@5': 0.025041392296552657}
INFO    [05-05 17:56:05] train in BasicTrainer:
duration: 58.03461575508118s
INFO    [05-05 17:56:05] train in BasicTrainer:
epoch: 25
INFO    [05-05 17:56:23] _train_one_epoch in BasicTrainer:
loss = 4.789179673066011
INFO    [05-05 17:57:02] log in loggers:
Update Best NDCG@10 Model at 25
INFO    [05-05 17:57:02] validate in BasicTrainer:
{'Recall@10': 0.059581031203269956, 'NDCG@10': 0.033859927654266354, 'MRR@10': 0.026055234149098397, 'Recall@5': 0.04031073197722435, 'NDCG@5': 0.02767404042184353, 'MRR@5': 0.023529335930943487, 'Recall*@10': 0.06378035783767701, 'NDCG*@10': 0.03632236108183861, 'MRR*@10': 0.027985399812459944, 'Recall*@5': 0.043410993814468384, 'NDCG*@5': 0.02978340893983841, 'MRR*@5': 0.02531527101993561}
INFO    [05-05 17:57:02] train in BasicTrainer:
duration: 57.948683738708496s
INFO    [05-05 17:57:02] train in BasicTrainer:
epoch: 26
INFO    [05-05 17:57:21] _train_one_epoch in BasicTrainer:
loss = 4.764359963906778
INFO    [05-05 17:58:01] log in loggers:
Update Best NDCG@10 Model at 26
INFO    [05-05 17:58:01] validate in BasicTrainer:
{'Recall@10': 0.060405093729496005, 'NDCG@10': 0.03424137830734253, 'MRR@10': 0.026304526999592782, 'Recall@5': 0.04101867824792862, 'NDCG@5': 0.02803115725517273, 'MRR@5': 0.023775799199938774, 'Recall*@10': 0.06478614151477814, 'NDCG*@10': 0.0367492900788784, 'MRR*@10': 0.028238005414605142, 'Recall*@5': 0.04422296285629272, 'NDCG*@5': 0.030158488750457763, 'MRR*@5': 0.025552152842283248}
INFO    [05-05 17:58:01] train in BasicTrainer:
duration: 58.91572880744934s
INFO    [05-05 17:58:01] train in BasicTrainer:
epoch: 27
DEBUG   [05-05 17:58:02] calculate_loss in loss:
soft_target max: 0.9991893768310547, argmax 5837525
DEBUG   [05-05 17:58:02] calculate_loss in loss:
pred max in softmax: 0.9835747480392456, argmax 4058247
DEBUG   [05-05 17:58:02] calculate_loss in loss:
soft_target max: 0.9997645020484924, argmax 10881241
DEBUG   [05-05 17:58:02] calculate_loss in loss:
pred max in softmax: 0.9551870226860046, argmax 2971999
INFO    [05-05 17:58:18] _train_one_epoch in BasicTrainer:
loss = 4.742349848016962
INFO    [05-05 17:58:58] log in loggers:
Update Best NDCG@10 Model at 27
INFO    [05-05 17:58:58] validate in BasicTrainer:
{'Recall@10': 0.06019680142402649, 'NDCG@10': 0.0347729779034853, 'MRR@10': 0.027048222571611404, 'Recall@5': 0.0414646828174591, 'NDCG@5': 0.028758490160107612, 'MRR@5': 0.024590919986367227, 'Recall*@10': 0.06461215272545814, 'NDCG*@10': 0.037245872169733046, 'MRR*@10': 0.028933110684156417, 'Recall*@5': 0.04456219717860222, 'NDCG*@5': 0.030807658508419992, 'MRR*@5': 0.026302255988121033}
INFO    [05-05 17:58:58] train in BasicTrainer:
duration: 57.098281145095825s
INFO    [05-05 17:58:58] train in BasicTrainer:
epoch: 28
INFO    [05-05 17:59:16] _train_one_epoch in BasicTrainer:
loss = 4.721026115589313
INFO    [05-05 17:59:58] validate in BasicTrainer:
{'Recall@10': 0.059975406229496, 'NDCG@10': 0.03454147554934025, 'MRR@10': 0.02680895023047924, 'Recall@5': 0.041493979692459104, 'NDCG@5': 0.028612983003258704, 'MRR@5': 0.02439034163951874, 'Recall*@10': 0.06451084181666374, 'NDCG*@10': 0.03706454299390316, 'MRR*@10': 0.02872472770512104, 'Recall*@5': 0.04449661076068878, 'NDCG*@5': 0.03064574480056763, 'MRR*@5': 0.02610692776739597}
INFO    [05-05 17:59:58] train in BasicTrainer:
duration: 59.443593978881836s
INFO    [05-05 17:59:58] train in BasicTrainer:
epoch: 29
INFO    [05-05 18:00:15] _train_one_epoch in BasicTrainer:
loss = 4.69906895439904
INFO    [05-05 18:00:55] log in loggers:
Update Best NDCG@10 Model at 29
INFO    [05-05 18:00:55] validate in BasicTrainer:
{'Recall@10': 0.0610860088467598, 'NDCG@10': 0.03522225111722946, 'MRR@10': 0.027367205545306205, 'Recall@5': 0.04182976081967354, 'NDCG@5': 0.02902645118534565, 'MRR@5': 0.02482819452881813, 'Recall*@10': 0.06540911138057709, 'NDCG*@10': 0.03774278551340103, 'MRR*@10': 0.029337806329131126, 'Recall*@5': 0.04488414853811264, 'NDCG*@5': 0.03113747835159302, 'MRR*@5': 0.02663008660078049}
INFO    [05-05 18:00:55] train in BasicTrainer:
duration: 57.43017506599426s
INFO    [05-05 18:00:55] train in BasicTrainer:
epoch: 30
INFO    [05-05 18:01:14] _train_one_epoch in BasicTrainer:
loss = 4.677699896666381
INFO    [05-05 18:01:55] log in loggers:
Update Best NDCG@10 Model at 30
INFO    [05-05 18:01:55] validate in BasicTrainer:
{'Recall@10': 0.061351823508739474, 'NDCG@10': 0.03528276719152927, 'MRR@10': 0.027355407029390336, 'Recall@5': 0.04225623413920403, 'NDCG@5': 0.029136702045798303, 'MRR@5': 0.024835578426718713, 'Recall*@10': 0.06568600326776504, 'NDCG*@10': 0.03772672072052956, 'MRR*@10': 0.02922368660569191, 'Recall*@5': 0.045298682898283, 'NDCG*@5': 0.031168158501386642, 'MRR*@5': 0.02653672218322754}
INFO    [05-05 18:01:55] train in BasicTrainer:
duration: 60.095731019973755s
INFO    [05-05 18:01:55] train in BasicTrainer:
epoch: 31
INFO    [05-05 18:02:13] _train_one_epoch in BasicTrainer:
loss = 4.661207465438156
INFO    [05-05 18:02:54] log in loggers:
Update Best NDCG@10 Model at 31
INFO    [05-05 18:02:54] validate in BasicTrainer:
{'Recall@10': 0.06178311824798584, 'NDCG@10': 0.035904286876320836, 'MRR@10': 0.028039021715521813, 'Recall@5': 0.0427564238011837, 'NDCG@5': 0.029789922535419466, 'MRR@5': 0.025538289174437522, 'Recall*@10': 0.06605206057429314, 'NDCG*@10': 0.03844720155000687, 'MRR*@10': 0.030057534649968146, 'Recall*@5': 0.04582077592611313, 'NDCG*@5': 0.03194763571023941, 'MRR*@5': 0.027400420531630516}
INFO    [05-05 18:02:54] train in BasicTrainer:
duration: 58.44134831428528s
INFO    [05-05 18:02:54] train in BasicTrainer:
epoch: 32
INFO    [05-05 18:03:11] _train_one_epoch in BasicTrainer:
loss = 4.642048436242181
INFO    [05-05 18:03:51] log in loggers:
Update Best NDCG@10 Model at 32
INFO    [05-05 18:03:51] validate in BasicTrainer:
{'Recall@10': 0.06176305115222931, 'NDCG@10': 0.03592648565769196, 'MRR@10': 0.028078391775488855, 'Recall@5': 0.0426490019261837, 'NDCG@5': 0.02979154460132122, 'MRR@5': 0.02557335302233696, 'Recall*@10': 0.06586974367499351, 'NDCG*@10': 0.03839558124542236, 'MRR*@10': 0.030047720819711684, 'Recall*@5': 0.045662443041801455, 'NDCG*@5': 0.03191166117787361, 'MRR*@5': 0.02740136444568634}
INFO    [05-05 18:03:51] train in BasicTrainer:
duration: 57.346728801727295s
INFO    [05-05 18:03:51] train in BasicTrainer:
epoch: 33
INFO    [05-05 18:04:09] _train_one_epoch in BasicTrainer:
loss = 4.624671003839991
INFO    [05-05 18:04:49] log in loggers:
Update Best NDCG@10 Model at 33
INFO    [05-05 18:04:49] validate in BasicTrainer:
{'Recall@10': 0.0627748030424118, 'NDCG@10': 0.0367061673104763, 'MRR@10': 0.02877460911870003, 'Recall@5': 0.04379532977938652, 'NDCG@5': 0.030596139430999755, 'MRR@5': 0.02626922383904457, 'Recall*@10': 0.066918163895607, 'NDCG*@10': 0.03921526804566383, 'MRR*@10': 0.03078303374350071, 'Recall*@5': 0.046817669123411176, 'NDCG*@5': 0.03274063855409622, 'MRR*@5': 0.028126023039221765}
INFO    [05-05 18:04:49] train in BasicTrainer:
duration: 58.22737002372742s
INFO    [05-05 18:04:49] train in BasicTrainer:
epoch: 34
INFO    [05-05 18:05:06] _train_one_epoch in BasicTrainer:
loss = 4.609586457948427
INFO    [05-05 18:05:46] validate in BasicTrainer:
{'Recall@10': 0.06196545094251633, 'NDCG@10': 0.036283720955252646, 'MRR@10': 0.028467076793313027, 'Recall@5': 0.0433358097076416, 'NDCG@5': 0.030295060202479362, 'MRR@5': 0.026016459986567497, 'Recall*@10': 0.06614132165908813, 'NDCG*@10': 0.03873071372509003, 'MRR*@10': 0.030387159287929535, 'Recall*@5': 0.04635625272989273, 'NDCG*@5': 0.03237060286104679, 'MRR*@5': 0.027784611284732818}
INFO    [05-05 18:05:46] train in BasicTrainer:
duration: 56.74215769767761s
INFO    [05-05 18:05:46] train in BasicTrainer:
epoch: 35
INFO    [05-05 18:06:04] _train_one_epoch in BasicTrainer:
loss = 4.5943892195418075
INFO    [05-05 18:06:45] validate in BasicTrainer:
{'Recall@10': 0.06224210262298584, 'NDCG@10': 0.03661100745201111, 'MRR@10': 0.028802498131990432, 'Recall@5': 0.04381218269467354, 'NDCG@5': 0.030681068003177644, 'MRR@5': 0.026372858360409736, 'Recall*@10': 0.06634703040122986, 'NDCG*@10': 0.03892153769731522, 'MRR*@10': 0.030572572350502016, 'Recall*@5': 0.04653208911418915, 'NDCG*@5': 0.032543477118015286, 'MRR*@5': 0.027957983687520026}
INFO    [05-05 18:06:45] train in BasicTrainer:
duration: 58.575169801712036s
INFO    [05-05 18:06:45] train in BasicTrainer:
epoch: 36
DEBUG   [05-05 18:06:46] calculate_loss in loss:
soft_target max: 0.9995889067649841, argmax 111414978
DEBUG   [05-05 18:06:46] calculate_loss in loss:
pred max in softmax: 0.9958232641220093, argmax 31622358
DEBUG   [05-05 18:06:46] calculate_loss in loss:
soft_target max: 0.9999852180480957, argmax 86579945
DEBUG   [05-05 18:06:46] calculate_loss in loss:
pred max in softmax: 0.994714081287384, argmax 43605975
INFO    [05-05 18:07:02] _train_one_epoch in BasicTrainer:
loss = 4.5789728894963995
INFO    [05-05 18:07:43] log in loggers:
Update Best NDCG@10 Model at 36
INFO    [05-05 18:07:43] validate in BasicTrainer:
{'Recall@10': 0.06314803957939148, 'NDCG@10': 0.03708654552698135, 'MRR@10': 0.02916118413209915, 'Recall@5': 0.04418756186962128, 'NDCG@5': 0.031008604839444162, 'MRR@5': 0.026684085056185722, 'Recall*@10': 0.0672716698050499, 'NDCG*@10': 0.03951355338096619, 'MRR*@10': 0.031074327751994132, 'Recall*@5': 0.047121773213148116, 'NDCG*@5': 0.033060941845178604, 'MRR*@5': 0.02844847895205021}
INFO    [05-05 18:07:43] train in BasicTrainer:
duration: 58.215256214141846s
INFO    [05-05 18:07:43] train in BasicTrainer:
epoch: 37
INFO    [05-05 18:08:01] _train_one_epoch in BasicTrainer:
loss = 4.564657593632604
INFO    [05-05 18:08:41] validate in BasicTrainer:
{'Recall@10': 0.06260062903165817, 'NDCG@10': 0.03684843569993973, 'MRR@10': 0.029006056785583496, 'Recall@5': 0.04373941451311111, 'NDCG@5': 0.030771154537796976, 'MRR@5': 0.026510824039578437, 'Recall*@10': 0.06660788133740425, 'NDCG*@10': 0.03921284660696983, 'MRR*@10': 0.03087198406457901, 'Recall*@5': 0.04653816938400269, 'NDCG*@5': 0.03274383127689361, 'MRR*@5': 0.0282145407050848}
INFO    [05-05 18:08:41] train in BasicTrainer:
duration: 58.00478434562683s
INFO    [05-05 18:08:41] train in BasicTrainer:
epoch: 38
INFO    [05-05 18:08:59] _train_one_epoch in BasicTrainer:
loss = 4.550499224447989
INFO    [05-05 18:09:39] log in loggers:
Update Best NDCG@10 Model at 38
INFO    [05-05 18:09:40] validate in BasicTrainer:
{'Recall@10': 0.06341385424137115, 'NDCG@10': 0.03747891753911972, 'MRR@10': 0.029584035128355026, 'Recall@5': 0.04446421355009079, 'NDCG@5': 0.031394191235303875, 'MRR@5': 0.027097970172762872, 'Recall*@10': 0.06771046489477157, 'NDCG*@10': 0.039994348138570786, 'MRR*@10': 0.031557900607585905, 'Recall*@5': 0.04741750404238701, 'NDCG*@5': 0.03347731456160545, 'MRR*@5': 0.028894716054201127}
INFO    [05-05 18:09:40] train in BasicTrainer:
duration: 58.51360487937927s
INFO    [05-05 18:09:40] train in BasicTrainer:
epoch: 39
INFO    [05-05 18:09:57] _train_one_epoch in BasicTrainer:
loss = 4.537929612237054
INFO    [05-05 18:10:36] log in loggers:
Update Best NDCG@10 Model at 39
INFO    [05-05 18:10:37] validate in BasicTrainer:
{'Recall@10': 0.06361196845769883, 'NDCG@10': 0.037603370100259784, 'MRR@10': 0.029681715816259384, 'Recall@5': 0.04489991679787636, 'NDCG@5': 0.03160133548080921, 'MRR@5': 0.027233336120843887, 'Recall*@10': 0.06778785765171051, 'NDCG*@10': 0.040076350569725035, 'MRR*@10': 0.03163528487086296, 'Recall*@5': 0.04787230730056763, 'NDCG*@5': 0.033686193376779555, 'MRR*@5': 0.029027241468429565}
INFO    [05-05 18:10:37] train in BasicTrainer:
duration: 57.2227680683136s
INFO    [05-05 18:10:37] train in BasicTrainer:
epoch: 40
INFO    [05-05 18:10:55] _train_one_epoch in BasicTrainer:
loss = 4.526908539436959
INFO    [05-05 18:11:36] log in loggers:
Update Best NDCG@10 Model at 40
INFO    [05-05 18:11:36] validate in BasicTrainer:
{'Recall@10': 0.06373237013816833, 'NDCG@10': 0.03773763164877891, 'MRR@10': 0.029828927591443063, 'Recall@5': 0.04460748374462128, 'NDCG@5': 0.03158118404448032, 'MRR@5': 0.027304488345980645, 'Recall*@10': 0.06773917943239212, 'NDCG*@10': 0.04015770211815834, 'MRR*@10': 0.03176565177738667, 'Recall*@5': 0.04742757424712181, 'NDCG*@5': 0.03361251026391983, 'MRR*@5': 0.029077744707465172}
INFO    [05-05 18:11:36] train in BasicTrainer:
duration: 59.530670166015625s
INFO    [05-05 18:11:36] train in BasicTrainer:
epoch: 41
INFO    [05-05 18:11:54] _train_one_epoch in BasicTrainer:
loss = 4.513195072208439
INFO    [05-05 18:12:35] log in loggers:
Update Best NDCG@10 Model at 41
INFO    [05-05 18:12:35] validate in BasicTrainer:
{'Recall@10': 0.06438720256090164, 'NDCG@10': 0.038409161865711215, 'MRR@10': 0.03048840381205082, 'Recall@5': 0.0457278522849083, 'NDCG@5': 0.03239672943949699, 'MRR@5': 0.028019462525844575, 'Recall*@10': 0.068374392837286, 'NDCG*@10': 0.04078593641519546, 'MRR*@10': 0.032374024987220765, 'Recall*@5': 0.04862043678760528, 'NDCG*@5': 0.03442714989185333, 'MRR*@5': 0.029766523465514182}
INFO    [05-05 18:12:35] train in BasicTrainer:
duration: 58.53666877746582s
INFO    [05-05 18:12:35] train in BasicTrainer:
epoch: 42
INFO    [05-05 18:12:51] _train_one_epoch in BasicTrainer:
loss = 4.503013357385859
INFO    [05-05 18:13:32] log in loggers:
Update Best NDCG@10 Model at 42
INFO    [05-05 18:13:32] validate in BasicTrainer:
{'Recall@10': 0.06460418909788132, 'NDCG@10': 0.03850937530398369, 'MRR@10': 0.030560355558991434, 'Recall@5': 0.04554391235113144, 'NDCG@5': 0.032365705072879794, 'MRR@5': 0.028036522567272185, 'Recall*@10': 0.0684775985777378, 'NDCG*@10': 0.040853171646595, 'MRR*@10': 0.032437083497643474, 'Recall*@5': 0.04829453557729721, 'NDCG*@5': 0.03434171855449677, 'MRR*@5': 0.02975878171622753}
INFO    [05-05 18:13:32] train in BasicTrainer:
duration: 57.16110610961914s
INFO    [05-05 18:13:32] train in BasicTrainer:
epoch: 43
INFO    [05-05 18:13:50] _train_one_epoch in BasicTrainer:
loss = 4.491825765317625
INFO    [05-05 18:14:33] validate in BasicTrainer:
{'Recall@10': 0.06374320715665817, 'NDCG@10': 0.03817046910524368, 'MRR@10': 0.03037524990737438, 'Recall@5': 0.04530030742287636, 'NDCG@5': 0.03223102174699306, 'MRR@5': 0.027938615381717682, 'Recall*@10': 0.0677047735452652, 'NDCG*@10': 0.04048745736479759, 'MRR*@10': 0.03219439558684826, 'Recall*@5': 0.04800429299473762, 'NDCG*@5': 0.034137960225343704, 'MRR*@5': 0.029586564600467682}
INFO    [05-05 18:14:33] train in BasicTrainer:
duration: 61.27816152572632s
INFO    [05-05 18:14:33] train in BasicTrainer:
epoch: 44
INFO    [05-05 18:14:50] _train_one_epoch in BasicTrainer:
loss = 4.4816030510911
INFO    [05-05 18:15:32] log in loggers:
Update Best NDCG@10 Model at 44
INFO    [05-05 18:15:33] validate in BasicTrainer:
{'Recall@10': 0.06490305036306382, 'NDCG@10': 0.03860663846135139, 'MRR@10': 0.030596130788326265, 'Recall@5': 0.045970262587070466, 'NDCG@5': 0.03250165805220604, 'MRR@5': 0.028086803704500198, 'Recall*@10': 0.06874873101711274, 'NDCG*@10': 0.04081592708826065, 'MRR*@10': 0.03230374753475189, 'Recall*@5': 0.04869880795478821, 'NDCG*@5': 0.03434982351958751, 'MRR*@5': 0.029645420759916306}
INFO    [05-05 18:15:33] train in BasicTrainer:
duration: 59.854851484298706s
INFO    [05-05 18:15:33] train in BasicTrainer:
epoch: 45
DEBUG   [05-05 18:15:34] calculate_loss in loss:
soft_target max: 0.9999969005584717, argmax 92420904
DEBUG   [05-05 18:15:34] calculate_loss in loss:
pred max in softmax: 0.9998414516448975, argmax 11187989
DEBUG   [05-05 18:15:35] calculate_loss in loss:
soft_target max: 0.9997759461402893, argmax 68058287
DEBUG   [05-05 18:15:35] calculate_loss in loss:
pred max in softmax: 0.9911965131759644, argmax 99321063
INFO    [05-05 18:15:51] _train_one_epoch in BasicTrainer:
loss = 4.470177255235277
INFO    [05-05 18:16:35] log in loggers:
Update Best NDCG@10 Model at 45
INFO    [05-05 18:16:36] validate in BasicTrainer:
{'Recall@10': 0.0649422362446785, 'NDCG@10': 0.03866341933608055, 'MRR@10': 0.030649385377764703, 'Recall@5': 0.04626442596316337, 'NDCG@5': 0.03266135409474373, 'MRR@5': 0.02819427229464054, 'Recall*@10': 0.06890764698386193, 'NDCG*@10': 0.041007499545812606, 'MRR*@10': 0.032499223798513416, 'Recall*@5': 0.049142869263887404, 'NDCG*@5': 0.03466224372386932, 'MRR*@5': 0.0299072527885437}
INFO    [05-05 18:16:36] train in BasicTrainer:
duration: 62.746885538101196s
INFO    [05-05 18:16:36] train in BasicTrainer:
epoch: 46
INFO    [05-05 18:16:53] _train_one_epoch in BasicTrainer:
loss = 4.460666458885949
INFO    [05-05 18:17:34] log in loggers:
Update Best NDCG@10 Model at 46
INFO    [05-05 18:17:35] validate in BasicTrainer:
{'Recall@10': 0.06497260451316833, 'NDCG@10': 0.03891053378582001, 'MRR@10': 0.030987029001116752, 'Recall@5': 0.045872606337070465, 'NDCG@5': 0.03277602501213551, 'MRR@5': 0.028479343205690386, 'Recall*@10': 0.06903417497873306, 'NDCG*@10': 0.04122592106461525, 'MRR*@10': 0.03278292693197727, 'Recall*@5': 0.048391988575458525, 'NDCG*@5': 0.03459812730550766, 'MRR*@5': 0.030074750632047655}
INFO    [05-05 18:17:35] train in BasicTrainer:
duration: 59.39676785469055s
INFO    [05-05 18:17:35] train in BasicTrainer:
epoch: 47
INFO    [05-05 18:17:52] _train_one_epoch in BasicTrainer:
loss = 4.451134574305904
INFO    [05-05 18:18:35] log in loggers:
Update Best NDCG@10 Model at 47
INFO    [05-05 18:18:36] validate in BasicTrainer:
{'Recall@10': 0.06504257082939148, 'NDCG@10': 0.038974938541650773, 'MRR@10': 0.0310401014983654, 'Recall@5': 0.04626055285334587, 'NDCG@5': 0.03294029600918293, 'MRR@5': 0.028572253808379175, 'Recall*@10': 0.06879353433847428, 'NDCG*@10': 0.041388568878173826, 'MRR*@10': 0.03304141871631146, 'Recall*@5': 0.04926254644989967, 'NDCG*@5': 0.03511238135397434, 'MRR*@5': 0.030474298074841498}
INFO    [05-05 18:18:36] train in BasicTrainer:
duration: 60.6225848197937s
INFO    [05-05 18:18:36] train in BasicTrainer:
epoch: 48
INFO    [05-05 18:18:53] _train_one_epoch in BasicTrainer:
loss = 4.441787199931102
INFO    [05-05 18:19:38] log in loggers:
Update Best NDCG@10 Model at 48
INFO    [05-05 18:19:38] validate in BasicTrainer:
{'Recall@10': 0.06585418909788132, 'NDCG@10': 0.03953925937414169, 'MRR@10': 0.031513818204402924, 'Recall@5': 0.047125820368528366, 'NDCG@5': 0.033499634712934497, 'MRR@5': 0.029030902832746504, 'Recall*@10': 0.06991124555468559, 'NDCG*@10': 0.04195671766996384, 'MRR*@10': 0.03343068405985832, 'Recall*@5': 0.04998779028654098, 'NDCG*@5': 0.0355279079079628, 'MRR*@5': 0.0307855486869812}
INFO    [05-05 18:19:38] train in BasicTrainer:
duration: 62.16402554512024s
INFO    [05-05 18:19:38] train in BasicTrainer:
epoch: 49
INFO    [05-05 18:19:56] _train_one_epoch in BasicTrainer:
loss = 4.433015131735587
INFO    [05-05 18:20:37] log in loggers:
Update Best NDCG@10 Model at 49
INFO    [05-05 18:20:38] validate in BasicTrainer:
{'Recall@10': 0.06597244799137116, 'NDCG@10': 0.039550001472234725, 'MRR@10': 0.031489824950695036, 'Recall@5': 0.04749691411852837, 'NDCG@5': 0.03361911751329899, 'MRR@5': 0.02906770206987858, 'Recall*@10': 0.06981553018093109, 'NDCG*@10': 0.04183822840452194, 'MRR*@10': 0.03329974018037319, 'Recall*@5': 0.05039023190736771, 'NDCG*@5': 0.03559489645063877, 'MRR*@5': 0.030745703354477884}
INFO    [05-05 18:20:38] train in BasicTrainer:
duration: 59.677520751953125s
INFO    [05-05 18:20:38] train in BasicTrainer:
epoch: 50
INFO    [05-05 18:20:55] _train_one_epoch in BasicTrainer:
loss = 4.423772098781826
INFO    [05-05 18:21:36] validate in BasicTrainer:
{'Recall@10': 0.06546142131090164, 'NDCG@10': 0.03935869112610817, 'MRR@10': 0.03141298778355121, 'Recall@5': 0.04649159044027328, 'NDCG@5': 0.03326517149806023, 'MRR@5': 0.028921790793538092, 'Recall*@10': 0.06936399787664413, 'NDCG*@10': 0.04173516005277634, 'MRR*@10': 0.03332062087953091, 'Recall*@5': 0.04946742668747902, 'NDCG*@5': 0.035345218777656555, 'MRR*@5': 0.03070905268192291}
INFO    [05-05 18:21:36] train in BasicTrainer:
duration: 58.534393072128296s
INFO    [05-05 18:21:36] train in BasicTrainer:
epoch: 51
INFO    [05-05 18:21:53] _train_one_epoch in BasicTrainer:
loss = 4.417596808424941
INFO    [05-05 18:22:37] log in loggers:
Update Best NDCG@10 Model at 51
INFO    [05-05 18:22:39] validate in BasicTrainer:
{'Recall@10': 0.06643905520439147, 'NDCG@10': 0.039690754413604735, 'MRR@10': 0.03154516860842705, 'Recall@5': 0.047038465440273285, 'NDCG@5': 0.03345008388161659, 'MRR@5': 0.028988840281963347, 'Recall*@10': 0.07025431185960769, 'NDCG*@10': 0.04196069106459618, 'MRR*@10': 0.033337903320789335, 'Recall*@5': 0.049940654188394544, 'NDCG*@5': 0.035423574075102805, 'MRR*@5': 0.030658572018146514}
INFO    [05-05 18:22:39] train in BasicTrainer:
duration: 62.407997608184814s
INFO    [05-05 18:22:39] train in BasicTrainer:
epoch: 52
INFO    [05-05 18:22:56] _train_one_epoch in BasicTrainer:
loss = 4.4107208251953125
INFO    [05-05 18:23:37] log in loggers:
Update Best NDCG@10 Model at 52
INFO    [05-05 18:23:38] validate in BasicTrainer:
{'Recall@10': 0.06612441241741181, 'NDCG@10': 0.039889661371707914, 'MRR@10': 0.03187896452844143, 'Recall@5': 0.047591892033815385, 'NDCG@5': 0.033921683058142665, 'MRR@5': 0.029430606216192246, 'Recall*@10': 0.07005745843052864, 'NDCG*@10': 0.04226831406354904, 'MRR*@10': 0.03378034636378288, 'Recall*@5': 0.050416207909584045, 'NDCG*@5': 0.0359404980391264, 'MRR*@5': 0.031182603240013124}
INFO    [05-05 18:23:38] train in BasicTrainer:
duration: 58.86588764190674s
INFO    [05-05 18:23:38] train in BasicTrainer:
epoch: 53
INFO    [05-05 18:23:59] _train_one_epoch in BasicTrainer:
loss = 4.402184976113809
INFO    [05-05 18:24:39] log in loggers:
Update Best NDCG@10 Model at 53
INFO    [05-05 18:24:39] validate in BasicTrainer:
{'Recall@10': 0.066332169175148, 'NDCG@10': 0.039903033971786496, 'MRR@10': 0.031842292994260786, 'Recall@5': 0.047629347443580626, 'NDCG@5': 0.03388110406696796, 'MRR@5': 0.029372493773698806, 'Recall*@10': 0.07017377078533173, 'NDCG*@10': 0.04220271319150925, 'MRR*@10': 0.03367105826735497, 'Recall*@5': 0.05047206521034241, 'NDCG*@5': 0.03585877530276775, 'MRR*@5': 0.031068912297487258}
INFO    [05-05 18:24:39] train in BasicTrainer:
duration: 61.852808237075806s
INFO    [05-05 18:24:39] train in BasicTrainer:
epoch: 54
DEBUG   [05-05 18:24:42] calculate_loss in loss:
soft_target max: 0.9993589520454407, argmax 102160222
DEBUG   [05-05 18:24:42] calculate_loss in loss:
pred max in softmax: 0.9970484375953674, argmax 104204336
DEBUG   [05-05 18:24:42] calculate_loss in loss:
soft_target max: 0.9997784495353699, argmax 1333673
DEBUG   [05-05 18:24:42] calculate_loss in loss:
pred max in softmax: 0.9991474151611328, argmax 1333673
INFO    [05-05 18:24:58] _train_one_epoch in BasicTrainer:
loss = 4.395644969768353
INFO    [05-05 18:25:39] log in loggers:
Update Best NDCG@10 Model at 54
INFO    [05-05 18:25:39] validate in BasicTrainer:
{'Recall@10': 0.0664857405424118, 'NDCG@10': 0.040247704982757565, 'MRR@10': 0.03226066023111343, 'Recall@5': 0.04757396772503853, 'NDCG@5': 0.03415303356945515, 'MRR@5': 0.029757487252354622, 'Recall*@10': 0.07028590351343154, 'NDCG*@10': 0.04250779867172241, 'MRR*@10': 0.034049408063292506, 'Recall*@5': 0.05029807522892952, 'NDCG*@5': 0.03606110110878944, 'MRR*@5': 0.03139878168702125}
INFO    [05-05 18:25:39] train in BasicTrainer:
duration: 60.04306983947754s
INFO    [05-05 18:25:39] train in BasicTrainer:
epoch: 55
INFO    [05-05 18:25:57] _train_one_epoch in BasicTrainer:
loss = 4.387298579688545
INFO    [05-05 18:26:37] log in loggers:
Update Best NDCG@10 Model at 55
INFO    [05-05 18:26:38] validate in BasicTrainer:
{'Recall@10': 0.06719368696212769, 'NDCG@10': 0.04044142454862595, 'MRR@10': 0.0323047461360693, 'Recall@5': 0.04760165765881538, 'NDCG@5': 0.034146071821451185, 'MRR@5': 0.02973006382584572, 'Recall*@10': 0.07109015285968781, 'NDCG*@10': 0.04271584883332252, 'MRR*@10': 0.03408914104104042, 'Recall*@5': 0.05024587124586105, 'NDCG*@5': 0.03601770363748073, 'MRR*@5': 0.0313495010882616}
INFO    [05-05 18:26:38] train in BasicTrainer:
duration: 58.105090856552124s
INFO    [05-05 18:26:38] train in BasicTrainer:
epoch: 56
INFO    [05-05 18:26:54] _train_one_epoch in BasicTrainer:
loss = 4.380669769940075
INFO    [05-05 18:27:34] log in loggers:
Update Best NDCG@10 Model at 56
INFO    [05-05 18:27:34] validate in BasicTrainer:
{'Recall@10': 0.0671779054403305, 'NDCG@10': 0.04053759232163429, 'MRR@10': 0.03241088643670082, 'Recall@5': 0.04855976030230522, 'NDCG@5': 0.034557452946901324, 'MRR@5': 0.029966390803456307, 'Recall*@10': 0.07126315861940384, 'NDCG*@10': 0.042908525913953784, 'MRR*@10': 0.03426714889705181, 'Recall*@5': 0.05130266457796097, 'NDCG*@5': 0.03650078542530537, 'MRR*@5': 0.031650073751807214}
INFO    [05-05 18:27:34] train in BasicTrainer:
duration: 56.41658926010132s
INFO    [05-05 18:27:34] train in BasicTrainer:
epoch: 57
INFO    [05-05 18:27:56] _train_one_epoch in BasicTrainer:
loss = 4.373589816394153
INFO    [05-05 18:28:37] log in loggers:
Update Best NDCG@10 Model at 57
INFO    [05-05 18:28:38] validate in BasicTrainer:
{'Recall@10': 0.06773026049137115, 'NDCG@10': 0.04083475768566132, 'MRR@10': 0.032641186341643334, 'Recall@5': 0.04828632280230522, 'NDCG@5': 0.0345618187636137, 'MRR@5': 0.030061210915446283, 'Recall*@10': 0.07174004912376404, 'NDCG*@10': 0.043233068585395815, 'MRR*@10': 0.03454969137907028, 'Recall*@5': 0.05111600235104561, 'NDCG*@5': 0.03657827533781528, 'MRR*@5': 0.03181188777089119}
INFO    [05-05 18:28:38] train in BasicTrainer:
duration: 63.71412420272827s
INFO    [05-05 18:28:38] train in BasicTrainer:
epoch: 58
INFO    [05-05 18:29:08] _train_one_epoch in BasicTrainer:
loss = 4.368955620774278
INFO    [05-05 18:29:48] log in loggers:
Update Best NDCG@10 Model at 58
INFO    [05-05 18:29:49] validate in BasicTrainer:
{'Recall@10': 0.06840623140335084, 'NDCG@10': 0.041146895438432696, 'MRR@10': 0.032849631533026696, 'Recall@5': 0.048503844887018206, 'NDCG@5': 0.0347359998524189, 'MRR@5': 0.030218058228492738, 'Recall*@10': 0.0723528017103672, 'NDCG*@10': 0.0434950153529644, 'MRR*@10': 0.03471025250852108, 'Recall*@5': 0.05127486988902092, 'NDCG*@5': 0.036704201847314835, 'MRR*@5': 0.031922028511762617}
INFO    [05-05 18:29:49] train in BasicTrainer:
duration: 70.937166929245s
INFO    [05-05 18:29:49] train in BasicTrainer:
epoch: 59
INFO    [05-05 18:30:06] _train_one_epoch in BasicTrainer:
loss = 4.360623578767519
INFO    [05-05 18:30:47] log in loggers:
Update Best NDCG@10 Model at 59
INFO    [05-05 18:30:47] validate in BasicTrainer:
{'Recall@10': 0.06749040544033051, 'NDCG@10': 0.04114764764904976, 'MRR@10': 0.033112163543701174, 'Recall@5': 0.048604715317487716, 'NDCG@5': 0.03505343444645405, 'MRR@5': 0.03060477375984192, 'Recall*@10': 0.07111794367432595, 'NDCG*@10': 0.043357266038656236, 'MRR*@10': 0.03489127926528454, 'Recall*@5': 0.05116225719451904, 'NDCG*@5': 0.03691470213234425, 'MRR*@5': 0.03223871894180775}
INFO    [05-05 18:30:47] train in BasicTrainer:
duration: 58.507649660110474s
INFO    [05-05 18:30:47] train in BasicTrainer:
epoch: 60
INFO    [05-05 18:31:05] _train_one_epoch in BasicTrainer:
loss = 4.355420838605176
INFO    [05-05 18:31:45] log in loggers:
Update Best NDCG@10 Model at 60
INFO    [05-05 18:31:47] validate in BasicTrainer:
{'Recall@10': 0.06805681169033051, 'NDCG@10': 0.041153677105903626, 'MRR@10': 0.03297086670994759, 'Recall@5': 0.048172349333763125, 'NDCG@5': 0.0347571662068367, 'MRR@5': 0.030350736528635024, 'Recall*@10': 0.07211515843868256, 'NDCG*@10': 0.04357847929000855, 'MRR*@10': 0.03490047939121723, 'Recall*@5': 0.050950533598661425, 'NDCG*@5': 0.03676898509263992, 'MRR*@5': 0.03211067043244839}
INFO    [05-05 18:31:47] train in BasicTrainer:
duration: 59.462037086486816s
INFO    [05-05 18:31:47] train in BasicTrainer:
epoch: 61
INFO    [05-05 18:32:03] _train_one_epoch in BasicTrainer:
loss = 4.348905644975267
INFO    [05-05 18:32:43] validate in BasicTrainer:
{'Recall@10': 0.06734284967184066, 'NDCG@10': 0.04081590205430984, 'MRR@10': 0.03273457944393158, 'Recall@5': 0.048364983350038526, 'NDCG@5': 0.03471933774650097, 'MRR@5': 0.0302421348541975, 'Recall*@10': 0.07121206700801849, 'NDCG*@10': 0.04320574790239334, 'MRR*@10': 0.03467049941420555, 'Recall*@5': 0.0512600339949131, 'NDCG*@5': 0.036791801154613495, 'MRR*@5': 0.03204584546387196}
INFO    [05-05 18:32:43] train in BasicTrainer:
duration: 56.7216420173645s
INFO    [05-05 18:32:43] train in BasicTrainer:
epoch: 62
INFO    [05-05 18:33:01] _train_one_epoch in BasicTrainer:
loss = 4.344146612528208
INFO    [05-05 18:33:42] log in loggers:
Update Best NDCG@10 Model at 62
INFO    [05-05 18:33:42] validate in BasicTrainer:
{'Recall@10': 0.06836008161306381, 'NDCG@10': 0.04141953781247139, 'MRR@10': 0.033217638060450555, 'Recall@5': 0.04864217072725296, 'NDCG@5': 0.03506992407143116, 'MRR@5': 0.030613021329045295, 'Recall*@10': 0.07228521198034286, 'NDCG*@10': 0.043713819980621335, 'MRR*@10': 0.035020662546157835, 'Recall*@5': 0.051229371279478075, 'NDCG*@5': 0.036929740607738494, 'MRR*@5': 0.0322357451915741}
INFO    [05-05 18:33:42] train in BasicTrainer:
duration: 58.776735067367554s
INFO    [05-05 18:33:42] train in BasicTrainer:
epoch: 63
DEBUG   [05-05 18:33:44] calculate_loss in loss:
soft_target max: 0.999011754989624, argmax 81282541
DEBUG   [05-05 18:33:44] calculate_loss in loss:
pred max in softmax: 0.9987682700157166, argmax 34736729
DEBUG   [05-05 18:33:44] calculate_loss in loss:
soft_target max: 0.9996815919876099, argmax 95945065
DEBUG   [05-05 18:33:44] calculate_loss in loss:
pred max in softmax: 0.9943506121635437, argmax 31781534
INFO    [05-05 18:34:01] _train_one_epoch in BasicTrainer:
loss = 4.33718812787855
INFO    [05-05 18:34:40] log in loggers:
Update Best NDCG@10 Model at 63
INFO    [05-05 18:34:41] validate in BasicTrainer:
{'Recall@10': 0.06882120877504348, 'NDCG@10': 0.04166143283247948, 'MRR@10': 0.03338393740355969, 'Recall@5': 0.049239480942487715, 'NDCG@5': 0.035365254804492, 'MRR@5': 0.0308067886531353, 'Recall*@10': 0.0726869323849678, 'NDCG*@10': 0.043987934589385984, 'MRR*@10': 0.035240357369184495, 'Recall*@5': 0.05200758382678032, 'NDCG*@5': 0.03734293647110462, 'MRR*@5': 0.03252292037010193}
INFO    [05-05 18:34:41] train in BasicTrainer:
duration: 58.58041477203369s
INFO    [05-05 18:34:41] train in BasicTrainer:
epoch: 64
INFO    [05-05 18:34:59] _train_one_epoch in BasicTrainer:
loss = 4.331425331734322
INFO    [05-05 18:35:40] log in loggers:
Update Best NDCG@10 Model at 64
INFO    [05-05 18:35:40] validate in BasicTrainer:
{'Recall@10': 0.06862923383712768, 'NDCG@10': 0.041907800883054735, 'MRR@10': 0.03377621568739414, 'Recall@5': 0.04932576447725296, 'NDCG@5': 0.035703403055667875, 'MRR@5': 0.031237709522247314, 'Recall*@10': 0.07260764747858048, 'NDCG*@10': 0.04430401533842087, 'MRR*@10': 0.03569528594613075, 'Recall*@5': 0.05201888859272003, 'NDCG*@5': 0.037683256566524506, 'MRR*@5': 0.032984519973397255}
INFO    [05-05 18:35:40] train in BasicTrainer:
duration: 59.42320704460144s
INFO    [05-05 18:35:40] train in BasicTrainer:
epoch: 65
INFO    [05-05 18:35:57] _train_one_epoch in BasicTrainer:
loss = 4.328150796460676
INFO    [05-05 18:36:37] log in loggers:
Update Best NDCG@10 Model at 65
INFO    [05-05 18:36:37] validate in BasicTrainer:
{'Recall@10': 0.06908648788928985, 'NDCG@10': 0.0420463989675045, 'MRR@10': 0.0338197523355484, 'Recall@5': 0.04950583130121231, 'NDCG@5': 0.03575916469097137, 'MRR@5': 0.03125119186937809, 'Recall*@10': 0.07304929196834564, 'NDCG*@10': 0.04432729452848434, 'MRR*@10': 0.035592712685465815, 'Recall*@5': 0.05212296724319458, 'NDCG*@5': 0.037609082758426664, 'MRR*@5': 0.03284873403608799}
INFO    [05-05 18:36:37] train in BasicTrainer:
duration: 57.36401104927063s
INFO    [05-05 18:36:37] train in BasicTrainer:
epoch: 66
INFO    [05-05 18:36:55] _train_one_epoch in BasicTrainer:
loss = 4.322031098443109
INFO    [05-05 18:37:36] validate in BasicTrainer:
{'Recall@10': 0.06856890976428985, 'NDCG@10': 0.041917054504156115, 'MRR@10': 0.03379728451371193, 'Recall@5': 0.049581277817487716, 'NDCG@5': 0.03582898586988449, 'MRR@5': 0.03131524927914143, 'Recall*@10': 0.0724809929728508, 'NDCG*@10': 0.04417891398072243, 'MRR*@10': 0.035560165867209434, 'Recall*@5': 0.05222889706492424, 'NDCG*@5': 0.03768722236156464, 'MRR*@5': 0.03291465036571026}
INFO    [05-05 18:37:36] train in BasicTrainer:
duration: 58.43144249916077s
INFO    [05-05 18:37:36] train in BasicTrainer:
epoch: 67
INFO    [05-05 18:37:53] _train_one_epoch in BasicTrainer:
loss = 4.31878458057438
INFO    [05-05 18:38:33] log in loggers:
Update Best NDCG@10 Model at 67
INFO    [05-05 18:38:33] validate in BasicTrainer:
{'Recall@10': 0.06863673329353333, 'NDCG@10': 0.04204790905117989, 'MRR@10': 0.033943287804722784, 'Recall@5': 0.049440273493528364, 'NDCG@5': 0.035858199447393414, 'MRR@5': 0.03139893859624863, 'Recall*@10': 0.07252288043498993, 'NDCG*@10': 0.04444907024502754, 'MRR*@10': 0.03589473970234394, 'Recall*@5': 0.05220833718776703, 'NDCG*@5': 0.03789475694298744, 'MRR*@5': 0.033198144882917405}
INFO    [05-05 18:38:33] train in BasicTrainer:
duration: 57.17256689071655s
INFO    [05-05 18:38:33] train in BasicTrainer:
epoch: 68
INFO    [05-05 18:38:53] _train_one_epoch in BasicTrainer:
loss = 4.312196551142512
INFO    [05-05 18:39:34] log in loggers:
Update Best NDCG@10 Model at 68
INFO    [05-05 18:39:35] validate in BasicTrainer:
{'Recall@10': 0.06907725781202316, 'NDCG@10': 0.042066064476966855, 'MRR@10': 0.033842156901955606, 'Recall@5': 0.049289380460977555, 'NDCG@5': 0.0356933918595314, 'MRR@5': 0.031227904558181762, 'Recall*@10': 0.07282218843698501, 'NDCG*@10': 0.044316158294677735, 'MRR*@10': 0.03563269257545471, 'Recall*@5': 0.0521168303489685, 'NDCG*@5': 0.03765402868390083, 'MRR*@5': 0.03290317259728909}
INFO    [05-05 18:39:35] train in BasicTrainer:
duration: 61.647825479507446s
INFO    [05-05 18:39:35] train in BasicTrainer:
epoch: 69
INFO    [05-05 18:39:53] _train_one_epoch in BasicTrainer:
loss = 4.310259591351758
INFO    [05-05 18:40:34] validate in BasicTrainer:
{'Recall@10': 0.06874469101428986, 'NDCG@10': 0.04185765162110329, 'MRR@10': 0.033668713569641115, 'Recall@5': 0.049311590194702146, 'NDCG@5': 0.035615790188312534, 'MRR@5': 0.031117580607533456, 'Recall*@10': 0.07257966011762619, 'NDCG*@10': 0.04416316136717796, 'MRR*@10': 0.03550792470574379, 'Recall*@5': 0.05210122525691986, 'NDCG*@5': 0.037581797838211056, 'MRR*@5': 0.03281586542725563}
INFO    [05-05 18:40:34] train in BasicTrainer:
duration: 59.02194905281067s
INFO    [05-05 18:40:34] train in BasicTrainer:
epoch: 70
INFO    [05-05 18:40:51] _train_one_epoch in BasicTrainer:
loss = 4.30557242814485
INFO    [05-05 18:41:31] log in loggers:
Update Best NDCG@10 Model at 70
INFO    [05-05 18:41:32] validate in BasicTrainer:
{'Recall@10': 0.06876315087080002, 'NDCG@10': 0.04213382005691528, 'MRR@10': 0.034016987159848217, 'Recall@5': 0.04949231579899788, 'NDCG@5': 0.03592179164290428, 'MRR@5': 0.03146462082862854, 'Recall*@10': 0.07231441140174866, 'NDCG*@10': 0.04430647641420364, 'MRR*@10': 0.03576529644429684, 'Recall*@5': 0.052066911309957505, 'NDCG*@5': 0.03777335926890373, 'MRR*@5': 0.0330773713439703}
INFO    [05-05 18:41:32] train in BasicTrainer:
duration: 57.87127065658569s
INFO    [05-05 18:41:32] train in BasicTrainer:
epoch: 71
INFO    [05-05 18:41:49] _train_one_epoch in BasicTrainer:
loss = 4.300111925279772
INFO    [05-05 18:42:30] log in loggers:
Update Best NDCG@10 Model at 71
INFO    [05-05 18:42:30] validate in BasicTrainer:
{'Recall@10': 0.06919123113155365, 'NDCG@10': 0.04216969504952431, 'MRR@10': 0.03394232861697674, 'Recall@5': 0.0492623496055603, 'NDCG@5': 0.035754774808883664, 'MRR@5': 0.03131218679249287, 'Recall*@10': 0.07315249413251877, 'NDCG*@10': 0.04454366758465767, 'MRR*@10': 0.03583298556506634, 'Recall*@5': 0.05217420101165771, 'NDCG*@5': 0.037795466631650926, 'MRR*@5': 0.03306883789598942}
INFO    [05-05 18:42:30] train in BasicTrainer:
duration: 58.68354892730713s
INFO    [05-05 18:42:30] train in BasicTrainer:
epoch: 72
DEBUG   [05-05 18:42:32] calculate_loss in loss:
soft_target max: 0.9991049766540527, argmax 31577430
DEBUG   [05-05 18:42:32] calculate_loss in loss:
pred max in softmax: 0.995392918586731, argmax 2257645
DEBUG   [05-05 18:42:32] calculate_loss in loss:
soft_target max: 0.9999061822891235, argmax 25528332
DEBUG   [05-05 18:42:32] calculate_loss in loss:
pred max in softmax: 0.9991042017936707, argmax 25528332
INFO    [05-05 18:42:47] _train_one_epoch in BasicTrainer:
loss = 4.296198806247196
INFO    [05-05 18:43:28] log in loggers:
Update Best NDCG@10 Model at 72
INFO    [05-05 18:43:28] validate in BasicTrainer:
{'Recall@10': 0.06932741433382034, 'NDCG@10': 0.04256685003638268, 'MRR@10': 0.03441433772444725, 'Recall@5': 0.04989872217178345, 'NDCG@5': 0.03631263852119446, 'MRR@5': 0.03184979423880577, 'Recall*@10': 0.07314995348453522, 'NDCG*@10': 0.04480709090828896, 'MRR*@10': 0.03617558091878891, 'Recall*@5': 0.0525675106048584, 'NDCG*@5': 0.03818269774317742, 'MRR*@5': 0.03345992371439934}
INFO    [05-05 18:43:28] train in BasicTrainer:
duration: 57.871946573257446s
INFO    [05-05 18:43:28] train in BasicTrainer:
epoch: 73
INFO    [05-05 18:43:46] _train_one_epoch in BasicTrainer:
loss = 4.2928339081841544
INFO    [05-05 18:44:26] validate in BasicTrainer:
{'Recall@10': 0.06931818425655364, 'NDCG@10': 0.04250707864761352, 'MRR@10': 0.0343597762286663, 'Recall@5': 0.0494706417620182, 'NDCG@5': 0.036136494427919386, 'MRR@5': 0.031758378818631174, 'Recall*@10': 0.07307755589485168, 'NDCG*@10': 0.04476687088608742, 'MRR*@10': 0.03616816833615303, 'Recall*@5': 0.052005677819252014, 'NDCG*@5': 0.03800614938139915, 'MRR*@5': 0.03340928800404072}
INFO    [05-05 18:44:26] train in BasicTrainer:
duration: 57.689624309539795s
INFO    [05-05 18:44:26] train in BasicTrainer:
epoch: 74
INFO    [05-05 18:44:43] _train_one_epoch in BasicTrainer:
loss = 4.28995638495093
INFO    [05-05 18:45:24] validate in BasicTrainer:
{'Recall@10': 0.06924875348806381, 'NDCG@10': 0.042435360252857206, 'MRR@10': 0.034272263646125796, 'Recall@5': 0.049527628421783446, 'NDCG@5': 0.03609420195221901, 'MRR@5': 0.03167619563639164, 'Recall*@10': 0.07300342261791229, 'NDCG*@10': 0.04471045821905136, 'MRR*@10': 0.03609546259045601, 'Recall*@5': 0.05228517174720764, 'NDCG*@5': 0.03804795667529106, 'MRR*@5': 0.03336746975779534}
INFO    [05-05 18:45:24] train in BasicTrainer:
duration: 58.19807553291321s
INFO    [05-05 18:45:24] train in BasicTrainer:
epoch: 75
INFO    [05-05 18:45:41] _train_one_epoch in BasicTrainer:
loss = 4.285789687354286
INFO    [05-05 18:46:21] validate in BasicTrainer:
{'Recall@10': 0.0689845460653305, 'NDCG@10': 0.042415197640657425, 'MRR@10': 0.03431866407394409, 'Recall@5': 0.049920396208763124, 'NDCG@5': 0.03627789407968521, 'MRR@5': 0.031801946684718134, 'Recall*@10': 0.07274017781019211, 'NDCG*@10': 0.04465902149677277, 'MRR*@10': 0.03610157378017902, 'Recall*@5': 0.05263200327754021, 'NDCG*@5': 0.03818285018205643, 'MRR*@5': 0.03344421736896038}
INFO    [05-05 18:46:21] train in BasicTrainer:
duration: 56.909384965896606s
INFO    [05-05 18:46:21] train in BasicTrainer:
epoch: 76
INFO    [05-05 18:46:39] _train_one_epoch in BasicTrainer:
loss = 4.281566864735371
INFO    [05-05 18:47:19] log in loggers:
Update Best NDCG@10 Model at 76
INFO    [05-05 18:47:20] validate in BasicTrainer:
{'Recall@10': 0.06999361962080002, 'NDCG@10': 0.042920661717653276, 'MRR@10': 0.034692837446928027, 'Recall@5': 0.049799871444702146, 'NDCG@5': 0.03642653852701187, 'MRR@5': 0.032034147307276724, 'Recall*@10': 0.07366580933332444, 'NDCG*@10': 0.04514856353402138, 'MRR*@10': 0.03647916667163372, 'Recall*@5': 0.05234586447477341, 'NDCG*@5': 0.03828705489635467, 'MRR*@5': 0.03366709195077419}
INFO    [05-05 18:47:20] train in BasicTrainer:
duration: 58.75509691238403s
INFO    [05-05 18:47:20] train in BasicTrainer:
epoch: 77
INFO    [05-05 18:47:36] _train_one_epoch in BasicTrainer:
loss = 4.276855322691771
INFO    [05-05 18:48:16] validate in BasicTrainer:
{'Recall@10': 0.0691754499077797, 'NDCG@10': 0.042377416640520096, 'MRR@10': 0.034218719005584715, 'Recall@5': 0.049777661710977555, 'NDCG@5': 0.036150086373090744, 'MRR@5': 0.0316752128303051, 'Recall*@10': 0.07285136997699737, 'NDCG*@10': 0.044561727792024615, 'MRR*@10': 0.03594994835555553, 'Recall*@5': 0.05242918580770493, 'NDCG*@5': 0.03800375357270241, 'MRR*@5': 0.0332704097777605}
INFO    [05-05 18:48:16] train in BasicTrainer:
duration: 56.25972318649292s
INFO    [05-05 18:48:16] train in BasicTrainer:
epoch: 78
INFO    [05-05 18:48:34] _train_one_epoch in BasicTrainer:
loss = 4.2731049254133895
INFO    [05-05 18:49:14] validate in BasicTrainer:
{'Recall@10': 0.06942614197731017, 'NDCG@10': 0.04284121796488762, 'MRR@10': 0.034760661348700525, 'Recall@5': 0.04980213731527328, 'NDCG@5': 0.03655093893408776, 'MRR@5': 0.03219666600227356, 'Recall*@10': 0.07341770321130753, 'NDCG*@10': 0.045157564282417295, 'MRR*@10': 0.03657896816730499, 'Recall*@5': 0.05244714662432671, 'NDCG*@5': 0.03844290927052498, 'MRR*@5': 0.033846345990896226}
INFO    [05-05 18:49:14] train in BasicTrainer:
duration: 58.3917510509491s
INFO    [05-05 18:49:14] train in BasicTrainer:
epoch: 79
INFO    [05-05 18:49:31] _train_one_epoch in BasicTrainer:
loss = 4.270510828172839
INFO    [05-05 18:50:11] log in loggers:
Update Best NDCG@10 Model at 79
INFO    [05-05 18:50:11] validate in BasicTrainer:
{'Recall@10': 0.0691207292675972, 'NDCG@10': 0.04296794980764389, 'MRR@10': 0.035005557835102084, 'Recall@5': 0.049796121567487715, 'NDCG@5': 0.03674113392829895, 'MRR@5': 0.03244861304759979, 'Recall*@10': 0.07299355864524841, 'NDCG*@10': 0.04516374677419663, 'MRR*@10': 0.036692825257778165, 'Recall*@5': 0.052453662902116775, 'NDCG*@5': 0.03854891747236252, 'MRR*@5': 0.03397850431501866}
INFO    [05-05 18:50:11] train in BasicTrainer:
duration: 56.69817304611206s
INFO    [05-05 18:50:11] close_training in BasicTrainer:
finished training
DEBUG   [05-05 18:50:11] debug_summary in loss:
loss nan summary: nan 0 times, not nan 8881 times, ratio nan / (nan + not_nan) = 0.0
INFO    [05-05 18:50:11] run_routine in Routine:
Finished training, Start final validation
INFO    [05-05 18:50:11] final_validate in BasicTrainer:
validate model on val set!
INFO    [05-05 18:50:11] load_state_from_given_path in utils:
checkpoint epoch: 79
INFO    [05-05 18:50:11] load_state_from_given_path in utils:
Loading model's parameters
INFO    [05-05 18:50:53] validate in BasicTrainer:
{'Recall@10': 0.0691207292675972, 'NDCG@10': 0.04296794980764389, 'MRR@10': 0.035005557835102084, 'Recall@5': 0.049796121567487715, 'NDCG@5': 0.03674113392829895, 'MRR@5': 0.03244861304759979, 'Recall*@10': 0.07299355864524841, 'NDCG*@10': 0.04516374677419663, 'MRR*@10': 0.036692825257778165, 'Recall*@5': 0.052453662902116775, 'NDCG*@5': 0.03854891747236252, 'MRR*@5': 0.03397850431501866}
INFO    [05-05 18:50:53] run_routine in Routine:
Finished final validating. Result: {'Recall@10': 0.0691207292675972, 'NDCG@10': 0.04296794980764389, 'MRR@10': 0.035005557835102084, 'Recall@5': 0.049796121567487715, 'NDCG@5': 0.03674113392829895, 'MRR@5': 0.03244861304759979, 'Recall*@10': 0.07299355864524841, 'NDCG*@10': 0.04516374677419663, 'MRR*@10': 0.036692825257778165, 'Recall*@5': 0.052453662902116775, 'NDCG*@5': 0.03854891747236252, 'MRR*@5': 0.03397850431501866}
INFO    [05-05 18:50:53] _evaluate in EnsembleDistillSched:
Start testing student model on test set
INFO    [05-05 18:50:53] test in BasicTrainer:
Test model on test set!
INFO    [05-05 18:50:53] test_with_given_state_path in BasicTrainer:
Loading model params from ___el_ep_2022/ep_narm-T-1.0-al-0.75-sr-0.8_05-05_17:29_t3/student_narm_logs/checkpoint/best_acc_model.pth.
INFO    [05-05 18:50:53] load_state_from_given_path in utils:
checkpoint epoch: 79
INFO    [05-05 18:50:53] load_state_from_given_path in utils:
Loading model's parameters
INFO    [05-05 18:50:53] test_with_given_state_path in BasicTrainer:
Finished loading. Start testing.
INFO    [05-05 18:51:33] test_with_given_state_path in BasicTrainer:
{'Recall@10': 0.05897955894470215, 'NDCG@10': 0.035081552416086195, 'MRR@10': 0.027820344641804697, 'Recall@5': 0.04142145797610283, 'NDCG@5': 0.029428300634026527, 'MRR@5': 0.025501812174916268, 'Recall*@10': 0.06282208636403083, 'NDCG*@10': 0.037335464134812354, 'MRR*@10': 0.029582222029566764, 'Recall*@5': 0.0441966712474823, 'NDCG*@5': 0.03132928393781185, 'MRR*@5': 0.02711355097591877}
INFO    [05-05 18:51:33] _evaluate in EnsembleDistillSched:
!!Final Result!!: {'Recall@10': 0.05897955894470215, 'NDCG@10': 0.035081552416086195, 'MRR@10': 0.027820344641804697, 'Recall@5': 0.04142145797610283, 'NDCG@5': 0.029428300634026527, 'MRR@5': 0.025501812174916268, 'Recall*@10': 0.06282208636403083, 'NDCG*@10': 0.037335464134812354, 'MRR*@10': 0.029582222029566764, 'Recall*@5': 0.0441966712474823, 'NDCG*@5': 0.03132928393781185, 'MRR*@5': 0.02711355097591877}
