INFO    [05-05 19:47:51] setup_train in utils:
{
    "experiment_dir": "___el_ep_2022",
    "experiment_description": "ep",
    "describe": "{config[model_code]}-T-{config[T]}-al-{config[alpha]}-sr-{config[sample_rate]}",
    "dataset_name": "electronics.csv",
    "sched": "ensemble_distill",
    "model_code": "narm",
    "mentor_code": "narm",
    "mentor2_code": "narm",
    "weight_list": [
        0.5,
        0.5
    ],
    "alpha": 0.25,
    "T": 6.0,
    "training_routine": "student",
    "softmaxed_mentor": true,
    "enable_auto_path_finder": true,
    "mentor_state_path": "___el_base_partial_2022",
    "mentor_seed1": 2000,
    "mentor_seed2": 2001,
    "mentor_describe": "{config[model_code]}-rate-{config[sample_rate]}-seed-{config[sample_seed]}",
    "sample_rate": 0.8,
    "num_epochs": 80,
    "mode": [
        "train",
        "test"
    ],
    "test_state_path": null,
    "max_len": 10,
    "model_state_path": null,
    "rand_seed": 2022,
    "load_processed_dataset": true,
    "save_processed_dataset": false,
    "dataset_cache_filename": null,
    "do_remap": false,
    "weight_decay": 0,
    "decay_step": 15,
    "gamma": 0.99,
    "lr": 0.001,
    "min_length": 5,
    "min_item_inter": 5,
    "good_only": false,
    "use_rating": true,
    "test_negative_sampler_code": "random",
    "test_negative_sample_size": 0,
    "dataloader_type": "next",
    "train_batch_size": 4096,
    "val_batch_size": 4096,
    "test_batch_size": 4096,
    "prop_sliding_window": -1.0,
    "worker_number": 2,
    "metric_ks": [
        5,
        10
    ],
    "device": "cuda",
    "num_gpu": 1,
    "optimizer": "Adam",
    "best_metric": "NDCG@10",
    "show_process_bar": false,
    "enable_sample": false,
    "samples_ratio": 0.1,
    "config_file": "config2.electronics/narm/config_distill_ensemble_partial.json",
    "task_id": 7,
    "split": "leave_one_out",
    "do_sampling": false,
    "path_for_sample": null,
    "sample_seed": 0,
    "train_negative_sampler_code": "random",
    "train_negative_sample_size": 100,
    "device_idx": "0",
    "momentum": null,
    "log_period_as_iter": 12800,
    "dvae_alpha": 0.5,
    "validation_rate": 0.2,
    "num_items": null,
    "start_index": 1,
    "kwargs": null
}
INFO    [05-05 19:47:51] _load_full_dataset_from_path in utils:
loading cache from /data01/wushiguang-slurm/Codes/soft-rec/Data/Cache/electronics-5-5.pkl
INFO    [05-05 19:47:52] _check_dataset_cache in utils:
check if the cache is generated under this configuration
INFO    [05-05 19:47:52] _check_dataset_cache in utils:
correct.
INFO    [05-05 19:47:52] __init__ in NextItemDataloader:
there are 29351 items in this dataset, 102187 users, padding_first? False
DEBUG   [05-05 19:48:07] generate_model in utils:
model_code_list=['narm']
INFO    [05-05 19:48:07] load_model_config in utils:
loading model narm's config file at asset/config/model/narm.json
INFO    [05-05 19:48:07] load_model_config in utils:
{
    "embedding_size": 64,
    "hidden_size": 128,
    "n_layers": 1,
    "dropout_probs": [
        0.25,
        0.5
    ]
}
WARNING [05-05 19:48:16] get_exist_path in utils:
dir ___el_ep_2022/ep_narm-T-6.0-al-0.25-sr-0.8_05-05_19:47_t7/teacher1_narm_logs does not exist! Create one.
WARNING [05-05 19:48:16] get_exist_path in utils:
dir ___el_ep_2022/ep_narm-T-6.0-al-0.25-sr-0.8_05-05_19:47_t7/teacher1_narm_logs/tb_vis does not exist! Create one.
WARNING [05-05 19:48:16] get_exist_path in utils:
dir ___el_ep_2022/ep_narm-T-6.0-al-0.25-sr-0.8_05-05_19:47_t7/teacher1_narm_logs/checkpoint does not exist! Create one.
INFO    [05-05 19:48:17] load_state_from_given_path in utils:
checkpoint epoch: 78
INFO    [05-05 19:48:17] load_state_from_given_path in utils:
Loading model's parameters
INFO    [05-05 19:48:17] load_state_from_given_path in utils:
Loading optimizer's parameters
DEBUG   [05-05 19:48:17] _generate_teacher_trainer in EnsembleDistillSched:
teacher1_narm: 
NARM(
  (item_embedding): Embedding(29352, 64, padding_idx=0)
  (emb_dropout): Dropout(p=0.25, inplace=False)
  (gru): GRU(64, 128, bias=False, batch_first=True)
  (a_1): Linear(in_features=128, out_features=128, bias=False)
  (a_2): Linear(in_features=128, out_features=128, bias=False)
  (v_t): Linear(in_features=128, out_features=1, bias=False)
  (ct_dropout): Dropout(p=0.5, inplace=False)
  (b): Linear(in_features=256, out_features=64, bias=False)
  (loss_fct): CrossEntropyLoss()
)
INFO    [05-05 19:48:17] assert_model_device in utils:
model teacher1_narm has 7.63525390625 MB params.
INFO    [05-05 19:48:17] __init__ in BasicTrainer:
454656 iter per epoch
DEBUG   [05-05 19:48:17] generate_model in utils:
model_code_list=['narm']
INFO    [05-05 19:48:17] load_model_config in utils:
loading model narm's config file at asset/config/model/narm.json
INFO    [05-05 19:48:17] load_model_config in utils:
{
    "embedding_size": 64,
    "hidden_size": 128,
    "n_layers": 1,
    "dropout_probs": [
        0.25,
        0.5
    ]
}
WARNING [05-05 19:48:22] get_exist_path in utils:
dir ___el_ep_2022/ep_narm-T-6.0-al-0.25-sr-0.8_05-05_19:47_t7/teacher2_narm_logs does not exist! Create one.
WARNING [05-05 19:48:22] get_exist_path in utils:
dir ___el_ep_2022/ep_narm-T-6.0-al-0.25-sr-0.8_05-05_19:47_t7/teacher2_narm_logs/tb_vis does not exist! Create one.
WARNING [05-05 19:48:22] get_exist_path in utils:
dir ___el_ep_2022/ep_narm-T-6.0-al-0.25-sr-0.8_05-05_19:47_t7/teacher2_narm_logs/checkpoint does not exist! Create one.
INFO    [05-05 19:48:22] load_state_from_given_path in utils:
checkpoint epoch: 78
INFO    [05-05 19:48:22] load_state_from_given_path in utils:
Loading model's parameters
INFO    [05-05 19:48:22] load_state_from_given_path in utils:
Loading optimizer's parameters
DEBUG   [05-05 19:48:22] _generate_teacher_trainer in EnsembleDistillSched:
teacher2_narm: 
NARM(
  (item_embedding): Embedding(29352, 64, padding_idx=0)
  (emb_dropout): Dropout(p=0.25, inplace=False)
  (gru): GRU(64, 128, bias=False, batch_first=True)
  (a_1): Linear(in_features=128, out_features=128, bias=False)
  (a_2): Linear(in_features=128, out_features=128, bias=False)
  (v_t): Linear(in_features=128, out_features=1, bias=False)
  (ct_dropout): Dropout(p=0.5, inplace=False)
  (b): Linear(in_features=256, out_features=64, bias=False)
  (loss_fct): CrossEntropyLoss()
)
INFO    [05-05 19:48:22] assert_model_device in utils:
model teacher2_narm has 7.63525390625 MB params.
INFO    [05-05 19:48:22] __init__ in BasicTrainer:
454656 iter per epoch
DEBUG   [05-05 19:48:22] generate_model in utils:
model_code_list=['narm']
INFO    [05-05 19:48:22] load_model_config in utils:
loading model narm's config file at asset/config/model/narm.json
INFO    [05-05 19:48:22] load_model_config in utils:
{
    "embedding_size": 64,
    "hidden_size": 128,
    "n_layers": 1,
    "dropout_probs": [
        0.25,
        0.5
    ]
}
WARNING [05-05 19:48:26] get_exist_path in utils:
dir ___el_ep_2022/ep_narm-T-6.0-al-0.25-sr-0.8_05-05_19:47_t7/student_narm_logs does not exist! Create one.
WARNING [05-05 19:48:27] get_exist_path in utils:
dir ___el_ep_2022/ep_narm-T-6.0-al-0.25-sr-0.8_05-05_19:47_t7/student_narm_logs/tb_vis does not exist! Create one.
WARNING [05-05 19:48:27] get_exist_path in utils:
dir ___el_ep_2022/ep_narm-T-6.0-al-0.25-sr-0.8_05-05_19:47_t7/student_narm_logs/checkpoint does not exist! Create one.
WARNING [05-05 19:48:27] get_path in utils:
Path is None
WARNING [05-05 19:48:27] load_state_from_given_path in utils:
Not given any path.
DEBUG   [05-05 19:48:27] _generate_student_trainer in EnsembleDistillSched:
student_narm: 
NARM(
  (item_embedding): Embedding(29352, 64, padding_idx=0)
  (emb_dropout): Dropout(p=0.25, inplace=False)
  (gru): GRU(64, 128, bias=False, batch_first=True)
  (a_1): Linear(in_features=128, out_features=128, bias=False)
  (a_2): Linear(in_features=128, out_features=128, bias=False)
  (v_t): Linear(in_features=128, out_features=1, bias=False)
  (ct_dropout): Dropout(p=0.5, inplace=False)
  (b): Linear(in_features=256, out_features=64, bias=False)
  (loss_fct): CrossEntropyLoss()
)
INFO    [05-05 19:48:27] assert_model_device in utils:
model student_narm has 7.63525390625 MB params.
INFO    [05-05 19:48:27] assert_model_device in utils:
model mix_narm_narm has 0.0 MB params.
INFO    [05-05 19:48:27] assert_model_device in utils:
model mix_narm_narm has no param
INFO    [05-05 19:48:27] __init__ in DistillTrainer:
454656 iter per epoch
INFO    [05-05 19:48:27] _set_current_routine in Routine:
first routine: student
INFO    [05-05 19:48:27] run_routine in Routine:
Start routine student
INFO    [05-05 19:48:27] run_routine in Routine:
Start training
INFO    [05-05 19:48:27] train in DistillTrainer:
Test mentor model: mix_narm_narm
DEBUG   [05-05 19:48:27] forward in Ensembler:
raw predict
DEBUG   [05-05 19:48:27] forward in Ensembler:
[tensor([[1.5816e-06, 1.9473e-05, 4.5252e-05,  ..., 5.1856e-06, 1.1606e-05,
         9.3796e-05],
        [2.2388e-06, 5.7889e-06, 3.0022e-05,  ..., 8.1031e-06, 8.3747e-05,
         1.1818e-05],
        [6.4897e-06, 9.7376e-06, 2.8668e-05,  ..., 2.2890e-05, 6.8156e-05,
         1.8241e-05],
        ...,
        [2.8645e-06, 1.9364e-05, 3.0719e-05,  ..., 1.0809e-05, 3.0900e-05,
         5.4703e-05],
        [2.7759e-06, 1.3458e-05, 3.3840e-05,  ..., 7.7050e-06, 4.9276e-05,
         3.6040e-05],
        [4.4964e-06, 9.3543e-06, 3.8671e-05,  ..., 2.4560e-05, 3.6162e-05,
         4.5399e-05]], device='cuda:0'), tensor([[2.8863e-06, 1.0381e-05, 3.0122e-05,  ..., 2.8298e-06, 2.1433e-05,
         3.1749e-05],
        [2.8069e-06, 1.6214e-05, 1.8834e-05,  ..., 1.1119e-05, 1.2361e-05,
         1.8654e-05],
        [2.5908e-06, 9.8104e-06, 8.6774e-06,  ..., 1.1204e-05, 6.7453e-05,
         9.3241e-06],
        ...,
        [2.6051e-06, 2.9453e-05, 2.3686e-05,  ..., 1.1510e-05, 2.4795e-05,
         4.2887e-05],
        [5.0164e-06, 2.6230e-05, 3.8615e-05,  ..., 3.9325e-06, 4.5056e-05,
         5.9509e-05],
        [3.3753e-06, 2.2001e-05, 2.8920e-05,  ..., 3.3203e-05, 2.6162e-05,
         6.0990e-05]], device='cuda:0')]
DEBUG   [05-05 19:48:27] forward in Ensembler:
raw confidence
DEBUG   [05-05 19:48:27] forward in Ensembler:
[tensor([0.0004, 0.0007, 0.0001,  ..., 0.0002, 0.0002, 0.0002], device='cuda:0'), tensor([0.0003, 0.0005, 0.0003,  ..., 0.0002, 0.0002, 0.0002], device='cuda:0')]
DEBUG   [05-05 19:48:27] forward in Ensembler:
weighted predict
DEBUG   [05-05 19:48:27] forward in Ensembler:
[tensor([[7.9079e-07, 9.7366e-06, 2.2626e-05,  ..., 2.5928e-06, 5.8032e-06,
         4.6898e-05],
        [1.1194e-06, 2.8945e-06, 1.5011e-05,  ..., 4.0516e-06, 4.1874e-05,
         5.9089e-06],
        [3.2448e-06, 4.8688e-06, 1.4334e-05,  ..., 1.1445e-05, 3.4078e-05,
         9.1207e-06],
        ...,
        [1.4323e-06, 9.6819e-06, 1.5360e-05,  ..., 5.4043e-06, 1.5450e-05,
         2.7352e-05],
        [1.3880e-06, 6.7292e-06, 1.6920e-05,  ..., 3.8525e-06, 2.4638e-05,
         1.8020e-05],
        [2.2482e-06, 4.6772e-06, 1.9336e-05,  ..., 1.2280e-05, 1.8081e-05,
         2.2699e-05]], device='cuda:0'), tensor([[1.4432e-06, 5.1905e-06, 1.5061e-05,  ..., 1.4149e-06, 1.0716e-05,
         1.5875e-05],
        [1.4034e-06, 8.1071e-06, 9.4168e-06,  ..., 5.5594e-06, 6.1803e-06,
         9.3268e-06],
        [1.2954e-06, 4.9052e-06, 4.3387e-06,  ..., 5.6019e-06, 3.3727e-05,
         4.6620e-06],
        ...,
        [1.3026e-06, 1.4727e-05, 1.1843e-05,  ..., 5.7548e-06, 1.2397e-05,
         2.1444e-05],
        [2.5082e-06, 1.3115e-05, 1.9308e-05,  ..., 1.9663e-06, 2.2528e-05,
         2.9754e-05],
        [1.6876e-06, 1.1001e-05, 1.4460e-05,  ..., 1.6601e-05, 1.3081e-05,
         3.0495e-05]], device='cuda:0')]
DEBUG   [05-05 19:48:27] forward in Ensembler:
final predict
DEBUG   [05-05 19:48:27] forward in Ensembler:
tensor([[2.2340e-06, 1.4927e-05, 3.7687e-05,  ..., 4.0077e-06, 1.6520e-05,
         6.2773e-05],
        [2.5229e-06, 1.1002e-05, 2.4428e-05,  ..., 9.6109e-06, 4.8054e-05,
         1.5236e-05],
        [4.5402e-06, 9.7740e-06, 1.8673e-05,  ..., 1.7047e-05, 6.7805e-05,
         1.3783e-05],
        ...,
        [2.7348e-06, 2.4408e-05, 2.7203e-05,  ..., 1.1159e-05, 2.7847e-05,
         4.8795e-05],
        [3.8961e-06, 1.9844e-05, 3.6227e-05,  ..., 5.8188e-06, 4.7166e-05,
         4.7774e-05],
        [3.9358e-06, 1.5678e-05, 3.3796e-05,  ..., 2.8881e-05, 3.1162e-05,
         5.3194e-05]], device='cuda:0')
DEBUG   [05-05 19:48:27] forward in Ensembler:
final confidence
DEBUG   [05-05 19:48:27] forward in Ensembler:
tensor([0.0003, 0.0004, 0.0002,  ..., 0.0002, 0.0002, 0.0002], device='cuda:0')
DEBUG   [05-05 19:48:29] forward in Ensembler:
raw predict
DEBUG   [05-05 19:48:29] forward in Ensembler:
[tensor([[3.6338e-06, 2.4279e-05, 2.0343e-05,  ..., 2.7882e-05, 3.2362e-05,
         3.4137e-05],
        [3.2782e-06, 1.1301e-05, 2.2199e-05,  ..., 1.9472e-05, 2.1068e-05,
         7.4268e-05],
        [1.3185e-06, 6.3228e-06, 3.6843e-05,  ..., 2.3683e-05, 2.5321e-05,
         3.2146e-05],
        ...,
        [4.8966e-06, 4.5138e-06, 1.2260e-05,  ..., 1.0758e-05, 6.1316e-05,
         2.8921e-05],
        [2.6782e-06, 7.4071e-06, 2.3409e-05,  ..., 8.1791e-06, 3.8448e-05,
         2.0105e-05],
        [7.4737e-06, 9.0907e-06, 2.0317e-05,  ..., 1.6491e-05, 3.2052e-05,
         2.8860e-05]], device='cuda:0'), tensor([[4.3962e-06, 1.3321e-05, 1.3868e-05,  ..., 2.2985e-05, 2.5779e-05,
         2.5286e-05],
        [2.5983e-06, 2.6837e-06, 3.1945e-05,  ..., 5.7790e-05, 5.0224e-05,
         5.4561e-05],
        [3.1954e-06, 1.3738e-05, 2.1897e-05,  ..., 1.1518e-05, 9.5543e-06,
         5.1509e-05],
        ...,
        [8.5796e-06, 1.1532e-05, 1.6500e-05,  ..., 1.6158e-05, 1.2815e-04,
         2.3089e-05],
        [4.5810e-06, 8.0280e-06, 2.2364e-05,  ..., 1.8972e-05, 4.1314e-05,
         5.0842e-05],
        [7.4505e-06, 2.2873e-05, 1.7181e-05,  ..., 7.8837e-06, 3.7827e-05,
         2.8656e-05]], device='cuda:0')]
DEBUG   [05-05 19:48:29] forward in Ensembler:
raw confidence
DEBUG   [05-05 19:48:29] forward in Ensembler:
[tensor([0.0002, 0.0002, 0.0003,  ..., 0.0003, 0.0002, 0.0002], device='cuda:0'), tensor([0.0004, 0.0005, 0.0004,  ..., 0.0002, 0.0003, 0.0002], device='cuda:0')]
DEBUG   [05-05 19:48:29] forward in Ensembler:
weighted predict
DEBUG   [05-05 19:48:29] forward in Ensembler:
[tensor([[1.8169e-06, 1.2139e-05, 1.0172e-05,  ..., 1.3941e-05, 1.6181e-05,
         1.7068e-05],
        [1.6391e-06, 5.6503e-06, 1.1099e-05,  ..., 9.7359e-06, 1.0534e-05,
         3.7134e-05],
        [6.5923e-07, 3.1614e-06, 1.8421e-05,  ..., 1.1842e-05, 1.2661e-05,
         1.6073e-05],
        ...,
        [2.4483e-06, 2.2569e-06, 6.1301e-06,  ..., 5.3791e-06, 3.0658e-05,
         1.4460e-05],
        [1.3391e-06, 3.7036e-06, 1.1705e-05,  ..., 4.0896e-06, 1.9224e-05,
         1.0052e-05],
        [3.7368e-06, 4.5454e-06, 1.0158e-05,  ..., 8.2455e-06, 1.6026e-05,
         1.4430e-05]], device='cuda:0'), tensor([[2.1981e-06, 6.6606e-06, 6.9342e-06,  ..., 1.1493e-05, 1.2890e-05,
         1.2643e-05],
        [1.2991e-06, 1.3418e-06, 1.5973e-05,  ..., 2.8895e-05, 2.5112e-05,
         2.7281e-05],
        [1.5977e-06, 6.8690e-06, 1.0948e-05,  ..., 5.7589e-06, 4.7772e-06,
         2.5754e-05],
        ...,
        [4.2898e-06, 5.7662e-06, 8.2499e-06,  ..., 8.0790e-06, 6.4076e-05,
         1.1544e-05],
        [2.2905e-06, 4.0140e-06, 1.1182e-05,  ..., 9.4862e-06, 2.0657e-05,
         2.5421e-05],
        [3.7253e-06, 1.1437e-05, 8.5903e-06,  ..., 3.9419e-06, 1.8913e-05,
         1.4328e-05]], device='cuda:0')]
DEBUG   [05-05 19:48:29] forward in Ensembler:
final predict
DEBUG   [05-05 19:48:29] forward in Ensembler:
tensor([[4.0150e-06, 1.8800e-05, 1.7106e-05,  ..., 2.5434e-05, 2.9070e-05,
         2.9711e-05],
        [2.9382e-06, 6.9922e-06, 2.7072e-05,  ..., 3.8631e-05, 3.5646e-05,
         6.4415e-05],
        [2.2569e-06, 1.0030e-05, 2.9370e-05,  ..., 1.7601e-05, 1.7438e-05,
         4.1827e-05],
        ...,
        [6.7381e-06, 8.0231e-06, 1.4380e-05,  ..., 1.3458e-05, 9.4734e-05,
         2.6005e-05],
        [3.6296e-06, 7.7176e-06, 2.2887e-05,  ..., 1.3576e-05, 3.9881e-05,
         3.5473e-05],
        [7.4621e-06, 1.5982e-05, 1.8749e-05,  ..., 1.2187e-05, 3.4939e-05,
         2.8758e-05]], device='cuda:0')
DEBUG   [05-05 19:48:29] forward in Ensembler:
final confidence
DEBUG   [05-05 19:48:29] forward in Ensembler:
tensor([0.0003, 0.0003, 0.0003,  ..., 0.0002, 0.0002, 0.0002], device='cuda:0')
DEBUG   [05-05 19:48:30] forward in Ensembler:
raw predict
DEBUG   [05-05 19:48:30] forward in Ensembler:
[tensor([[4.5853e-06, 1.0216e-05, 3.6715e-05,  ..., 9.6172e-06, 4.8997e-05,
         3.3968e-05],
        [9.8837e-06, 8.1094e-06, 3.4546e-05,  ..., 1.2201e-05, 3.1904e-05,
         4.1934e-05],
        [6.5577e-06, 2.3033e-05, 2.5779e-05,  ..., 6.5164e-05, 4.0473e-05,
         2.8014e-05],
        ...,
        [2.2168e-06, 2.2516e-06, 3.0695e-05,  ..., 1.0150e-05, 1.9237e-04,
         1.8976e-05],
        [1.1688e-05, 3.9941e-06, 2.2981e-05,  ..., 1.3510e-06, 1.3836e-04,
         4.5542e-05],
        [2.2934e-06, 1.7151e-05, 2.5748e-05,  ..., 1.3239e-05, 6.3787e-05,
         3.7169e-05]], device='cuda:0'), tensor([[3.6800e-06, 1.0345e-05, 1.9605e-05,  ..., 1.0693e-05, 2.8436e-05,
         9.9135e-06],
        [6.7911e-06, 1.8493e-05, 1.8415e-05,  ..., 2.5139e-05, 2.3567e-05,
         5.3371e-05],
        [6.2509e-06, 3.9393e-05, 4.0675e-05,  ..., 2.0626e-05, 1.7699e-05,
         7.2270e-05],
        ...,
        [3.6683e-06, 8.0303e-06, 1.7225e-05,  ..., 2.6602e-05, 6.2041e-05,
         3.3307e-05],
        [1.0108e-05, 3.7748e-06, 1.5959e-05,  ..., 1.2338e-05, 9.3629e-05,
         2.3850e-05],
        [3.3775e-06, 3.3851e-06, 1.2970e-05,  ..., 8.3697e-06, 9.3229e-05,
         1.4738e-05]], device='cuda:0')]
DEBUG   [05-05 19:48:30] forward in Ensembler:
raw confidence
DEBUG   [05-05 19:48:30] forward in Ensembler:
[tensor([0.0003, 0.0002, 0.0002,  ..., 0.0004, 0.0032, 0.0004], device='cuda:0'), tensor([0.0003, 0.0001, 0.0002,  ..., 0.0004, 0.0010, 0.0004], device='cuda:0')]
DEBUG   [05-05 19:48:30] forward in Ensembler:
weighted predict
DEBUG   [05-05 19:48:30] forward in Ensembler:
[tensor([[2.2927e-06, 5.1079e-06, 1.8357e-05,  ..., 4.8086e-06, 2.4498e-05,
         1.6984e-05],
        [4.9418e-06, 4.0547e-06, 1.7273e-05,  ..., 6.1003e-06, 1.5952e-05,
         2.0967e-05],
        [3.2789e-06, 1.1516e-05, 1.2890e-05,  ..., 3.2582e-05, 2.0237e-05,
         1.4007e-05],
        ...,
        [1.1084e-06, 1.1258e-06, 1.5347e-05,  ..., 5.0752e-06, 9.6185e-05,
         9.4882e-06],
        [5.8438e-06, 1.9970e-06, 1.1490e-05,  ..., 6.7548e-07, 6.9180e-05,
         2.2771e-05],
        [1.1467e-06, 8.5754e-06, 1.2874e-05,  ..., 6.6196e-06, 3.1894e-05,
         1.8585e-05]], device='cuda:0'), tensor([[1.8400e-06, 5.1727e-06, 9.8025e-06,  ..., 5.3467e-06, 1.4218e-05,
         4.9568e-06],
        [3.3955e-06, 9.2465e-06, 9.2077e-06,  ..., 1.2569e-05, 1.1784e-05,
         2.6685e-05],
        [3.1255e-06, 1.9696e-05, 2.0337e-05,  ..., 1.0313e-05, 8.8493e-06,
         3.6135e-05],
        ...,
        [1.8342e-06, 4.0151e-06, 8.6124e-06,  ..., 1.3301e-05, 3.1021e-05,
         1.6653e-05],
        [5.0538e-06, 1.8874e-06, 7.9795e-06,  ..., 6.1688e-06, 4.6814e-05,
         1.1925e-05],
        [1.6888e-06, 1.6925e-06, 6.4850e-06,  ..., 4.1848e-06, 4.6615e-05,
         7.3691e-06]], device='cuda:0')]
DEBUG   [05-05 19:48:30] forward in Ensembler:
final predict
DEBUG   [05-05 19:48:30] forward in Ensembler:
tensor([[4.1327e-06, 1.0281e-05, 2.8160e-05,  ..., 1.0155e-05, 3.8716e-05,
         2.1941e-05],
        [8.3374e-06, 1.3301e-05, 2.6481e-05,  ..., 1.8670e-05, 2.7736e-05,
         4.7652e-05],
        [6.4043e-06, 3.1213e-05, 3.3227e-05,  ..., 4.2895e-05, 2.9086e-05,
         5.0142e-05],
        ...,
        [2.9425e-06, 5.1409e-06, 2.3960e-05,  ..., 1.8376e-05, 1.2721e-04,
         2.6142e-05],
        [1.0898e-05, 3.8844e-06, 1.9470e-05,  ..., 6.8443e-06, 1.1599e-04,
         3.4696e-05],
        [2.8355e-06, 1.0268e-05, 1.9359e-05,  ..., 1.0804e-05, 7.8508e-05,
         2.5954e-05]], device='cuda:0')
DEBUG   [05-05 19:48:30] forward in Ensembler:
final confidence
DEBUG   [05-05 19:48:30] forward in Ensembler:
tensor([0.0003, 0.0001, 0.0002,  ..., 0.0003, 0.0021, 0.0003], device='cuda:0')
DEBUG   [05-05 19:48:32] forward in Ensembler:
raw predict
DEBUG   [05-05 19:48:32] forward in Ensembler:
[tensor([[2.8708e-06, 2.8630e-05, 2.7789e-05,  ..., 2.5250e-05, 5.4392e-05,
         2.7279e-05],
        [1.0172e-05, 4.2456e-05, 2.2479e-05,  ..., 7.9388e-06, 6.7477e-05,
         5.6336e-05],
        [6.9657e-06, 6.6952e-06, 3.2368e-05,  ..., 2.2595e-05, 4.0923e-05,
         5.8729e-05],
        ...,
        [3.1000e-06, 1.1256e-05, 3.3188e-05,  ..., 1.2438e-05, 1.7835e-05,
         4.1944e-05],
        [5.0208e-06, 3.9614e-06, 1.9177e-05,  ..., 6.9091e-06, 3.7527e-05,
         1.2180e-05],
        [3.1702e-06, 8.9559e-06, 2.3329e-05,  ..., 1.3985e-05, 2.1019e-05,
         3.2236e-05]], device='cuda:0'), tensor([[3.2592e-06, 1.6301e-05, 2.8128e-05,  ..., 3.5376e-05, 2.8801e-05,
         5.7416e-05],
        [6.7121e-06, 1.9137e-05, 2.3357e-05,  ..., 1.9723e-05, 6.8715e-05,
         2.7722e-05],
        [3.8486e-06, 2.1123e-06, 3.4159e-05,  ..., 3.4902e-05, 3.1660e-05,
         2.9360e-05],
        ...,
        [5.1499e-06, 3.5390e-05, 2.9302e-05,  ..., 1.3294e-05, 2.4129e-05,
         4.0734e-05],
        [7.2053e-06, 2.9110e-05, 2.0845e-05,  ..., 1.1544e-05, 3.6522e-05,
         2.9964e-05],
        [8.3621e-06, 2.0824e-05, 3.8011e-05,  ..., 3.8842e-05, 6.0154e-05,
         1.7312e-05]], device='cuda:0')]
DEBUG   [05-05 19:48:32] forward in Ensembler:
raw confidence
DEBUG   [05-05 19:48:32] forward in Ensembler:
[tensor([0.0002, 0.0002, 0.0002,  ..., 0.0002, 0.0003, 0.0002], device='cuda:0'), tensor([0.0002, 0.0002, 0.0002,  ..., 0.0002, 0.0002, 0.0001], device='cuda:0')]
DEBUG   [05-05 19:48:32] forward in Ensembler:
weighted predict
DEBUG   [05-05 19:48:32] forward in Ensembler:
[tensor([[1.4354e-06, 1.4315e-05, 1.3895e-05,  ..., 1.2625e-05, 2.7196e-05,
         1.3640e-05],
        [5.0858e-06, 2.1228e-05, 1.1240e-05,  ..., 3.9694e-06, 3.3738e-05,
         2.8168e-05],
        [3.4828e-06, 3.3476e-06, 1.6184e-05,  ..., 1.1298e-05, 2.0462e-05,
         2.9365e-05],
        ...,
        [1.5500e-06, 5.6280e-06, 1.6594e-05,  ..., 6.2191e-06, 8.9174e-06,
         2.0972e-05],
        [2.5104e-06, 1.9807e-06, 9.5883e-06,  ..., 3.4546e-06, 1.8763e-05,
         6.0902e-06],
        [1.5851e-06, 4.4780e-06, 1.1665e-05,  ..., 6.9927e-06, 1.0509e-05,
         1.6118e-05]], device='cuda:0'), tensor([[1.6296e-06, 8.1505e-06, 1.4064e-05,  ..., 1.7688e-05, 1.4401e-05,
         2.8708e-05],
        [3.3560e-06, 9.5684e-06, 1.1679e-05,  ..., 9.8613e-06, 3.4358e-05,
         1.3861e-05],
        [1.9243e-06, 1.0561e-06, 1.7080e-05,  ..., 1.7451e-05, 1.5830e-05,
         1.4680e-05],
        ...,
        [2.5749e-06, 1.7695e-05, 1.4651e-05,  ..., 6.6469e-06, 1.2065e-05,
         2.0367e-05],
        [3.6026e-06, 1.4555e-05, 1.0423e-05,  ..., 5.7720e-06, 1.8261e-05,
         1.4982e-05],
        [4.1811e-06, 1.0412e-05, 1.9005e-05,  ..., 1.9421e-05, 3.0077e-05,
         8.6561e-06]], device='cuda:0')]
DEBUG   [05-05 19:48:32] forward in Ensembler:
final predict
DEBUG   [05-05 19:48:32] forward in Ensembler:
tensor([[3.0650e-06, 2.2466e-05, 2.7959e-05,  ..., 3.0313e-05, 4.1597e-05,
         4.2348e-05],
        [8.4418e-06, 3.0796e-05, 2.2918e-05,  ..., 1.3831e-05, 6.8096e-05,
         4.2029e-05],
        [5.4072e-06, 4.4037e-06, 3.3264e-05,  ..., 2.8749e-05, 3.6292e-05,
         4.4045e-05],
        ...,
        [4.1249e-06, 2.3323e-05, 3.1245e-05,  ..., 1.2866e-05, 2.0982e-05,
         4.1339e-05],
        [6.1131e-06, 1.6536e-05, 2.0011e-05,  ..., 9.2266e-06, 3.7024e-05,
         2.1072e-05],
        [5.7662e-06, 1.4890e-05, 3.0670e-05,  ..., 2.6413e-05, 4.0586e-05,
         2.4774e-05]], device='cuda:0')
DEBUG   [05-05 19:48:32] forward in Ensembler:
final confidence
DEBUG   [05-05 19:48:32] forward in Ensembler:
tensor([0.0002, 0.0002, 0.0002,  ..., 0.0002, 0.0002, 0.0002], device='cuda:0')
DEBUG   [05-05 19:48:33] forward in Ensembler:
raw predict
DEBUG   [05-05 19:48:33] forward in Ensembler:
[tensor([[5.4013e-06, 7.8469e-06, 4.0939e-05,  ..., 2.1177e-05, 3.0795e-05,
         6.8115e-05],
        [1.2297e-05, 1.3401e-05, 2.5230e-05,  ..., 2.8994e-05, 5.9414e-05,
         2.4018e-05],
        [5.0144e-06, 1.0117e-05, 1.0980e-05,  ..., 5.7872e-06, 5.1981e-05,
         4.1178e-05],
        ...,
        [9.7027e-06, 1.9637e-05, 3.1002e-05,  ..., 1.0991e-05, 4.3387e-05,
         3.9613e-05],
        [2.0107e-06, 1.2128e-05, 4.2304e-05,  ..., 2.3960e-05, 1.7687e-05,
         3.8018e-05],
        [2.1161e-06, 2.0750e-05, 8.8319e-05,  ..., 1.0597e-05, 1.7014e-05,
         3.3917e-05]], device='cuda:0'), tensor([[5.4296e-06, 1.3950e-05, 2.5564e-05,  ..., 1.7935e-05, 2.2977e-05,
         3.1261e-05],
        [1.4418e-05, 1.9633e-05, 2.6206e-05,  ..., 1.9994e-05, 4.0875e-05,
         1.5976e-05],
        [3.3011e-06, 1.1097e-05, 2.2193e-05,  ..., 6.7041e-06, 2.6333e-05,
         1.7394e-05],
        ...,
        [7.3205e-06, 2.2637e-05, 2.8788e-05,  ..., 8.0224e-06, 5.0883e-05,
         7.0762e-05],
        [2.6199e-06, 2.3086e-05, 2.4249e-05,  ..., 3.9478e-05, 1.0870e-05,
         6.3791e-05],
        [2.7943e-06, 3.4364e-05, 4.6370e-05,  ..., 8.7314e-06, 1.4714e-05,
         8.0874e-05]], device='cuda:0')]
DEBUG   [05-05 19:48:34] forward in Ensembler:
raw confidence
DEBUG   [05-05 19:48:34] forward in Ensembler:
[tensor([0.0003, 0.0001, 0.0003,  ..., 0.0003, 0.0004, 0.0007], device='cuda:0'), tensor([0.0002, 0.0002, 0.0002,  ..., 0.0003, 0.0002, 0.0003], device='cuda:0')]
DEBUG   [05-05 19:48:34] forward in Ensembler:
weighted predict
DEBUG   [05-05 19:48:34] forward in Ensembler:
[tensor([[2.7006e-06, 3.9235e-06, 2.0469e-05,  ..., 1.0589e-05, 1.5397e-05,
         3.4058e-05],
        [6.1484e-06, 6.7007e-06, 1.2615e-05,  ..., 1.4497e-05, 2.9707e-05,
         1.2009e-05],
        [2.5072e-06, 5.0585e-06, 5.4900e-06,  ..., 2.8936e-06, 2.5991e-05,
         2.0589e-05],
        ...,
        [4.8514e-06, 9.8183e-06, 1.5501e-05,  ..., 5.4954e-06, 2.1693e-05,
         1.9807e-05],
        [1.0054e-06, 6.0641e-06, 2.1152e-05,  ..., 1.1980e-05, 8.8437e-06,
         1.9009e-05],
        [1.0580e-06, 1.0375e-05, 4.4159e-05,  ..., 5.2983e-06, 8.5071e-06,
         1.6959e-05]], device='cuda:0'), tensor([[2.7148e-06, 6.9751e-06, 1.2782e-05,  ..., 8.9676e-06, 1.1488e-05,
         1.5630e-05],
        [7.2092e-06, 9.8165e-06, 1.3103e-05,  ..., 9.9970e-06, 2.0437e-05,
         7.9879e-06],
        [1.6505e-06, 5.5485e-06, 1.1097e-05,  ..., 3.3521e-06, 1.3167e-05,
         8.6970e-06],
        ...,
        [3.6603e-06, 1.1318e-05, 1.4394e-05,  ..., 4.0112e-06, 2.5442e-05,
         3.5381e-05],
        [1.3099e-06, 1.1543e-05, 1.2125e-05,  ..., 1.9739e-05, 5.4350e-06,
         3.1895e-05],
        [1.3972e-06, 1.7182e-05, 2.3185e-05,  ..., 4.3657e-06, 7.3568e-06,
         4.0437e-05]], device='cuda:0')]
DEBUG   [05-05 19:48:34] forward in Ensembler:
final predict
DEBUG   [05-05 19:48:34] forward in Ensembler:
tensor([[5.4154e-06, 1.0899e-05, 3.3252e-05,  ..., 1.9556e-05, 2.6886e-05,
         4.9688e-05],
        [1.3358e-05, 1.6517e-05, 2.5718e-05,  ..., 2.4494e-05, 5.0145e-05,
         1.9997e-05],
        [4.1577e-06, 1.0607e-05, 1.6587e-05,  ..., 6.2457e-06, 3.9157e-05,
         2.9286e-05],
        ...,
        [8.5116e-06, 2.1137e-05, 2.9895e-05,  ..., 9.5066e-06, 4.7135e-05,
         5.5188e-05],
        [2.3153e-06, 1.7607e-05, 3.3276e-05,  ..., 3.1719e-05, 1.4279e-05,
         5.0904e-05],
        [2.4552e-06, 2.7557e-05, 6.7344e-05,  ..., 9.6641e-06, 1.5864e-05,
         5.7396e-05]], device='cuda:0')
DEBUG   [05-05 19:48:34] forward in Ensembler:
final confidence
DEBUG   [05-05 19:48:34] forward in Ensembler:
tensor([0.0003, 0.0001, 0.0002,  ..., 0.0003, 0.0003, 0.0005], device='cuda:0')
INFO    [05-05 19:49:09] test_mentor in DistillTrainer:
{'Recall@10': 0.06249238222837448, 'NDCG@10': 0.03875884994864464, 'MRR@10': 0.031511134430766106, 'Recall@5': 0.045557551085948944, 'NDCG@5': 0.03329778946936131, 'MRR@5': 0.029266326501965523, 'Recall*@10': 0.06664570197463035, 'NDCG*@10': 0.04127179726958275, 'MRR*@10': 0.033513287752866744, 'Recall*@5': 0.048688478320837024, 'NDCG*@5': 0.03547375403344631, 'MRR*@5': 0.031125812530517577}
INFO    [05-05 19:49:09] train in DistillTrainer:
result:
{'Recall@10': 0.06249238222837448, 'NDCG@10': 0.03875884994864464, 'MRR@10': 0.031511134430766106, 'Recall@5': 0.045557551085948944, 'NDCG@5': 0.03329778946936131, 'MRR@5': 0.029266326501965523, 'Recall*@10': 0.06664570197463035, 'NDCG*@10': 0.04127179726958275, 'MRR*@10': 0.033513287752866744, 'Recall*@5': 0.048688478320837024, 'NDCG*@5': 0.03547375403344631, 'MRR*@5': 0.031125812530517577}
INFO    [05-05 19:49:48] log in loggers:
Update Best NDCG@10 Model at 0
INFO    [05-05 19:49:48] validate in BasicTrainer:
{'Recall@10': 0.00033203125, 'NDCG@10': 0.00014112540433416142, 'MRR@10': 8.473617323033978e-05, 'Recall@5': 0.000146484375, 'NDCG@5': 8.149782719556242e-05, 'MRR@5': 6.03841150586959e-05, 'Recall*@10': 0.00031247938983142376, 'NDCG*@10': 0.00013840028928825633, 'MRR*@10': 8.687235858815257e-05, 'Recall*@5': 0.00014406405622139574, 'NDCG*@5': 8.445796614978463e-05, 'MRR*@5': 6.494511442724616e-05}
INFO    [05-05 19:49:48] train in BasicTrainer:
epoch: 0
DEBUG   [05-05 19:49:49] calculate_loss in loss:
soft_target max: 0.5070807933807373, argmax 82804649
DEBUG   [05-05 19:49:49] calculate_loss in loss:
pred max in softmax: 3.422421286813915e-05, argmax 110193085
INFO    [05-05 19:50:07] _train_one_epoch in BasicTrainer:
loss = 8.539318325283292
INFO    [05-05 19:50:47] log in loggers:
Update Best NDCG@10 Model at 0
INFO    [05-05 19:50:48] validate in BasicTrainer:
{'Recall@10': 0.036419851034879686, 'NDCG@10': 0.01842435583472252, 'MRR@10': 0.012952752076089383, 'Recall@5': 0.023588189408183097, 'NDCG@5': 0.01429697435349226, 'MRR@5': 0.011261866949498654, 'Recall*@10': 0.03945968642830849, 'NDCG*@10': 0.020364404171705246, 'MRR*@10': 0.014554331377148629, 'Recall*@5': 0.02575870677828789, 'NDCG*@5': 0.015972570329904557, 'MRR*@5': 0.012764184102416039}
INFO    [05-05 19:50:48] train in BasicTrainer:
duration: 59.13007831573486s
INFO    [05-05 19:50:48] train in BasicTrainer:
epoch: 1
INFO    [05-05 19:51:05] _train_one_epoch in BasicTrainer:
loss = 8.162416501088185
INFO    [05-05 19:51:45] log in loggers:
Update Best NDCG@10 Model at 1
INFO    [05-05 19:51:46] validate in BasicTrainer:
{'Recall@10': 0.036825721710920335, 'NDCG@10': 0.0197894311696291, 'MRR@10': 0.014627317078411578, 'Recall@5': 0.02392945058643818, 'NDCG@5': 0.015655074380338193, 'MRR@5': 0.012941982485353947, 'Recall*@10': 0.04001040413975716, 'NDCG*@10': 0.02173753097653389, 'MRR*@10': 0.016203481070697308, 'Recall*@5': 0.02603707678616047, 'NDCG*@5': 0.017263415604829788, 'MRR*@5': 0.014383064471185208}
INFO    [05-05 19:51:46] train in BasicTrainer:
duration: 58.166428089141846s
INFO    [05-05 19:51:46] train in BasicTrainer:
epoch: 2
INFO    [05-05 19:52:03] _train_one_epoch in BasicTrainer:
loss = 8.031646109916068
INFO    [05-05 19:52:42] log in loggers:
Update Best NDCG@10 Model at 2
INFO    [05-05 19:52:43] validate in BasicTrainer:
{'Recall@10': 0.03765365704894066, 'NDCG@10': 0.02021472990512848, 'MRR@10': 0.014935876838862897, 'Recall@5': 0.024457865729928016, 'NDCG@5': 0.015992208532989025, 'MRR@5': 0.013219404555857182, 'Recall*@10': 0.041135916262865065, 'NDCG*@10': 0.022385068759322165, 'MRR*@10': 0.016704284623265266, 'Recall*@5': 0.026891843304038047, 'NDCG*@5': 0.017821649126708507, 'MRR*@5': 0.014846041649580002}
INFO    [05-05 19:52:43] train in BasicTrainer:
duration: 56.85924673080444s
INFO    [05-05 19:52:43] train in BasicTrainer:
epoch: 3
INFO    [05-05 19:53:00] _train_one_epoch in BasicTrainer:
loss = 7.891264881099667
INFO    [05-05 19:53:41] log in loggers:
Update Best NDCG@10 Model at 3
INFO    [05-05 19:53:41] validate in BasicTrainer:
{'Recall@10': 0.04136995151638985, 'NDCG@10': 0.02229428805410862, 'MRR@10': 0.016497891284525393, 'Recall@5': 0.02727518692612648, 'NDCG@5': 0.017755447775125503, 'MRR@5': 0.014635796025395394, 'Recall*@10': 0.04478473946452141, 'NDCG*@10': 0.024371301159262657, 'MRR*@10': 0.0181696430593729, 'Recall*@5': 0.0296724371612072, 'NDCG*@5': 0.01950551651418209, 'MRR*@5': 0.016173729561269282}
INFO    [05-05 19:53:41] train in BasicTrainer:
duration: 58.53672504425049s
INFO    [05-05 19:53:41] train in BasicTrainer:
epoch: 4
INFO    [05-05 19:53:58] _train_one_epoch in BasicTrainer:
loss = 7.818043236259942
INFO    [05-05 19:54:38] log in loggers:
Update Best NDCG@10 Model at 4
INFO    [05-05 19:54:38] validate in BasicTrainer:
{'Recall@10': 0.043360285460948944, 'NDCG@10': 0.023170188516378403, 'MRR@10': 0.017040231190621855, 'Recall@5': 0.028315700069069864, 'NDCG@5': 0.018330590017139912, 'MRR@5': 0.015057820715010167, 'Recall*@10': 0.04716640993952751, 'NDCG*@10': 0.025353970900177956, 'MRR*@10': 0.01873165164142847, 'Recall*@5': 0.030942944809794426, 'NDCG*@5': 0.0201333998888731, 'MRR*@5': 0.016592294350266455}
INFO    [05-05 19:54:38] train in BasicTrainer:
duration: 57.161009311676025s
INFO    [05-05 19:54:38] train in BasicTrainer:
epoch: 5
INFO    [05-05 19:54:56] _train_one_epoch in BasicTrainer:
loss = 7.735259502857655
INFO    [05-05 19:55:38] log in loggers:
Update Best NDCG@10 Model at 5
INFO    [05-05 19:55:38] validate in BasicTrainer:
{'Recall@10': 0.0472518253326416, 'NDCG@10': 0.025389411523938178, 'MRR@10': 0.018747041299939156, 'Recall@5': 0.03136084482073784, 'NDCG@5': 0.02028639882802963, 'MRR@5': 0.016661692932248114, 'Recall*@10': 0.05108662351965904, 'NDCG*@10': 0.02770703800022602, 'MRR*@10': 0.02060270108282566, 'Recall*@5': 0.0341488029062748, 'NDCG*@5': 0.022265534847974777, 'MRR*@5': 0.018377697616815566}
INFO    [05-05 19:55:38] train in BasicTrainer:
duration: 59.57899308204651s
INFO    [05-05 19:55:38] train in BasicTrainer:
epoch: 6
INFO    [05-05 19:55:55] _train_one_epoch in BasicTrainer:
loss = 7.6437224869255544
INFO    [05-05 19:56:35] log in loggers:
Update Best NDCG@10 Model at 6
INFO    [05-05 19:56:36] validate in BasicTrainer:
{'Recall@10': 0.04867266222834587, 'NDCG@10': 0.02639211967587471, 'MRR@10': 0.019617808163166047, 'Recall@5': 0.032279761731624605, 'NDCG@5': 0.02113164260983467, 'MRR@5': 0.017470584996044636, 'Recall*@10': 0.05257286474108696, 'NDCG*@10': 0.02860829345881939, 'MRR*@10': 0.021323480382561683, 'Recall*@5': 0.034978024438023565, 'NDCG*@5': 0.022963417917490004, 'MRR*@5': 0.019020111933350563}
INFO    [05-05 19:56:36] train in BasicTrainer:
duration: 57.85268783569336s
INFO    [05-05 19:56:36] train in BasicTrainer:
epoch: 7
INFO    [05-05 19:56:53] _train_one_epoch in BasicTrainer:
loss = 7.580044763582247
INFO    [05-05 19:57:33] log in loggers:
Update Best NDCG@10 Model at 7
INFO    [05-05 19:57:33] validate in BasicTrainer:
{'Recall@10': 0.04951518446207046, 'NDCG@10': 0.026844026148319246, 'MRR@10': 0.019955394491553306, 'Recall@5': 0.032557072192430495, 'NDCG@5': 0.02139593705534935, 'MRR@5': 0.017727780193090438, 'Recall*@10': 0.0535010601580143, 'NDCG*@10': 0.029109067767858505, 'MRR*@10': 0.021696535497903825, 'Recall*@5': 0.03529814057052136, 'NDCG*@5': 0.023256749138236044, 'MRR*@5': 0.019300987273454667}
INFO    [05-05 19:57:33] train in BasicTrainer:
duration: 57.202338457107544s
INFO    [05-05 19:57:33] train in BasicTrainer:
epoch: 8
INFO    [05-05 19:57:50] _train_one_epoch in BasicTrainer:
loss = 7.5330995997867065
INFO    [05-05 19:58:31] log in loggers:
Update Best NDCG@10 Model at 8
INFO    [05-05 19:58:31] validate in BasicTrainer:
{'Recall@10': 0.05024439215660095, 'NDCG@10': 0.027456505745649337, 'MRR@10': 0.020539659559726715, 'Recall@5': 0.03331771954894066, 'NDCG@5': 0.022019561752676962, 'MRR@5': 0.01831730328500271, 'Recall*@10': 0.054542246013879775, 'NDCG*@10': 0.02989155225455761, 'MRR*@10': 0.022408790662884714, 'Recall*@5': 0.03630559653043747, 'NDCG*@5': 0.02403214119374752, 'MRR*@5': 0.020012861639261244}
INFO    [05-05 19:58:31] train in BasicTrainer:
duration: 58.035205602645874s
INFO    [05-05 19:58:31] train in BasicTrainer:
epoch: 9
DEBUG   [05-05 19:58:32] calculate_loss in loss:
soft_target max: 0.5078794360160828, argmax 57202615
DEBUG   [05-05 19:58:32] calculate_loss in loss:
pred max in softmax: 0.1094004437327385, argmax 31398375
DEBUG   [05-05 19:58:32] calculate_loss in loss:
soft_target max: 0.5054556727409363, argmax 116613544
DEBUG   [05-05 19:58:32] calculate_loss in loss:
pred max in softmax: 0.10280156135559082, argmax 99401043
INFO    [05-05 19:58:48] _train_one_epoch in BasicTrainer:
loss = 7.495055538040024
INFO    [05-05 19:59:28] log in loggers:
Update Best NDCG@10 Model at 9
INFO    [05-05 19:59:28] validate in BasicTrainer:
{'Recall@10': 0.04978594347834587, 'NDCG@10': 0.027664998620748518, 'MRR@10': 0.02092951737344265, 'Recall@5': 0.03364760816097259, 'NDCG@5': 0.02246024049818516, 'MRR@5': 0.01878972239792347, 'Recall*@10': 0.053731541931629184, 'NDCG*@10': 0.029886690005660056, 'MRR*@10': 0.022626609206199647, 'Recall*@5': 0.03642216853797436, 'NDCG*@5': 0.024307407960295676, 'MRR*@5': 0.020334575846791266}
INFO    [05-05 19:59:28] train in BasicTrainer:
duration: 56.86937665939331s
INFO    [05-05 19:59:28] train in BasicTrainer:
epoch: 10
INFO    [05-05 19:59:46] _train_one_epoch in BasicTrainer:
loss = 7.458804641757999
INFO    [05-05 20:00:27] log in loggers:
Update Best NDCG@10 Model at 10
INFO    [05-05 20:00:27] validate in BasicTrainer:
{'Recall@10': 0.05093107685446739, 'NDCG@10': 0.02797608934342861, 'MRR@10': 0.020989223793148996, 'Recall@5': 0.034332685619592664, 'NDCG@5': 0.022634277194738386, 'MRR@5': 0.018799500465393068, 'Recall*@10': 0.055207762867212296, 'NDCG*@10': 0.030428588092327118, 'MRR*@10': 0.022888852655887602, 'Recall*@5': 0.03727844074368477, 'NDCG*@5': 0.024657118991017343, 'MRR*@5': 0.020522183775901794}
INFO    [05-05 20:00:27] train in BasicTrainer:
duration: 59.21614146232605s
INFO    [05-05 20:00:27] train in BasicTrainer:
epoch: 11
INFO    [05-05 20:00:45] _train_one_epoch in BasicTrainer:
loss = 7.420797571405634
INFO    [05-05 20:01:24] log in loggers:
Update Best NDCG@10 Model at 11
INFO    [05-05 20:01:24] validate in BasicTrainer:
{'Recall@10': 0.05194509476423263, 'NDCG@10': 0.028747985288500786, 'MRR@10': 0.021698607951402663, 'Recall@5': 0.03490350067615509, 'NDCG@5': 0.02326611541211605, 'MRR@5': 0.01945286028087139, 'Recall*@10': 0.056389674842357636, 'NDCG*@10': 0.031218440905213356, 'MRR*@10': 0.023569051548838614, 'Recall*@5': 0.03785878092050552, 'NDCG*@5': 0.02525308683514595, 'MRR*@5': 0.021122768074274063}
INFO    [05-05 20:01:24] train in BasicTrainer:
duration: 57.41919279098511s
INFO    [05-05 20:01:24] train in BasicTrainer:
epoch: 12
INFO    [05-05 20:01:43] _train_one_epoch in BasicTrainer:
loss = 7.380591010188197
INFO    [05-05 20:02:23] log in loggers:
Update Best NDCG@10 Model at 12
INFO    [05-05 20:02:23] validate in BasicTrainer:
{'Recall@10': 0.052652505189180375, 'NDCG@10': 0.02894751526415348, 'MRR@10': 0.0217449002712965, 'Recall@5': 0.03523928180336952, 'NDCG@5': 0.02335471138358116, 'MRR@5': 0.019459102004766464, 'Recall*@10': 0.057095959186553955, 'NDCG*@10': 0.03146692700684071, 'MRR*@10': 0.02367836132645607, 'Recall*@5': 0.038283875435590746, 'NDCG*@5': 0.02542117141187191, 'MRR*@5': 0.021205368414521218}
INFO    [05-05 20:02:23] train in BasicTrainer:
duration: 58.808223247528076s
INFO    [05-05 20:02:23] train in BasicTrainer:
epoch: 13
INFO    [05-05 20:02:41] _train_one_epoch in BasicTrainer:
loss = 7.3373494234171
INFO    [05-05 20:03:21] log in loggers:
Update Best NDCG@10 Model at 13
INFO    [05-05 20:03:22] validate in BasicTrainer:
{'Recall@10': 0.053149480819702145, 'NDCG@10': 0.029316372349858285, 'MRR@10': 0.02208226628601551, 'Recall@5': 0.03555446013808251, 'NDCG@5': 0.023648169934749604, 'MRR@5': 0.019755552783608438, 'Recall*@10': 0.05780304729938507, 'NDCG*@10': 0.03196886770427227, 'MRR*@10': 0.02412592589855194, 'Recall*@5': 0.03871066510677337, 'NDCG*@5': 0.02582072786986828, 'MRR*@5': 0.021603665351867675}
INFO    [05-05 20:03:22] train in BasicTrainer:
duration: 58.42243409156799s
INFO    [05-05 20:03:22] train in BasicTrainer:
epoch: 14
INFO    [05-05 20:03:40] _train_one_epoch in BasicTrainer:
loss = 7.294712741095741
INFO    [05-05 20:04:19] log in loggers:
Update Best NDCG@10 Model at 14
INFO    [05-05 20:04:19] validate in BasicTrainer:
{'Recall@10': 0.05362746074795723, 'NDCG@10': 0.029959051758050918, 'MRR@10': 0.022761137634515764, 'Recall@5': 0.03620220556855202, 'NDCG@5': 0.024352983832359315, 'MRR@5': 0.020464785024523736, 'Recall*@10': 0.05823953375220299, 'NDCG*@10': 0.03256499767303467, 'MRR*@10': 0.02475648984313011, 'Recall*@5': 0.03942076429724693, 'NDCG*@5': 0.026513214930891992, 'MRR*@5': 0.02227909818291664}
INFO    [05-05 20:04:19] train in BasicTrainer:
duration: 57.67273998260498s
INFO    [05-05 20:04:19] train in BasicTrainer:
epoch: 15
INFO    [05-05 20:04:37] _train_one_epoch in BasicTrainer:
loss = 7.252824748958553
INFO    [05-05 20:05:18] log in loggers:
Update Best NDCG@10 Model at 15
INFO    [05-05 20:05:18] validate in BasicTrainer:
{'Recall@10': 0.054530719369649885, 'NDCG@10': 0.030128178820014, 'MRR@10': 0.02272402748465538, 'Recall@5': 0.036365007013082505, 'NDCG@5': 0.024282984137535095, 'MRR@5': 0.020328439325094223, 'Recall*@10': 0.05908479377627373, 'NDCG*@10': 0.03278761677443981, 'MRR*@10': 0.024796837642788887, 'Recall*@5': 0.039764694571495056, 'NDCG*@5': 0.02656123898923397, 'MRR*@5': 0.02223925545811653}
INFO    [05-05 20:05:18] train in BasicTrainer:
duration: 58.7373571395874s
INFO    [05-05 20:05:18] train in BasicTrainer:
epoch: 16
INFO    [05-05 20:05:36] _train_one_epoch in BasicTrainer:
loss = 7.2140672529065935
INFO    [05-05 20:06:15] log in loggers:
Update Best NDCG@10 Model at 16
INFO    [05-05 20:06:16] validate in BasicTrainer:
{'Recall@10': 0.05509551852941513, 'NDCG@10': 0.030646050274372102, 'MRR@10': 0.023213300034403802, 'Recall@5': 0.03728458285331726, 'NDCG@5': 0.024907218888401986, 'MRR@5': 0.0208566415309906, 'Recall*@10': 0.05980310186743736, 'NDCG*@10': 0.03333322629332543, 'MRR*@10': 0.02528399594128132, 'Recall*@5': 0.0406845922768116, 'NDCG*@5': 0.027183420211076736, 'MRR*@5': 0.02276470571756363}
INFO    [05-05 20:06:16] train in BasicTrainer:
duration: 57.48511576652527s
INFO    [05-05 20:06:16] train in BasicTrainer:
epoch: 17
INFO    [05-05 20:06:34] _train_one_epoch in BasicTrainer:
loss = 7.177175397271508
INFO    [05-05 20:07:14] log in loggers:
Update Best NDCG@10 Model at 17
INFO    [05-05 20:07:15] validate in BasicTrainer:
{'Recall@10': 0.05524521708488464, 'NDCG@10': 0.030799663215875624, 'MRR@10': 0.02336498789489269, 'Recall@5': 0.03746250689029693, 'NDCG@5': 0.02507383354008198, 'MRR@5': 0.021016376540064812, 'Recall*@10': 0.05987753614783287, 'NDCG*@10': 0.0334857826679945, 'MRR*@10': 0.025451762825250624, 'Recall*@5': 0.04089213982224464, 'NDCG*@5': 0.027373656257987024, 'MRR*@5': 0.022945272848010064}
INFO    [05-05 20:07:15] train in BasicTrainer:
duration: 59.020225048065186s
INFO    [05-05 20:07:15] train in BasicTrainer:
epoch: 18
DEBUG   [05-05 20:07:15] calculate_loss in loss:
soft_target max: 0.5038278102874756, argmax 42765585
DEBUG   [05-05 20:07:15] calculate_loss in loss:
pred max in softmax: 0.7468355894088745, argmax 38751869
DEBUG   [05-05 20:07:16] calculate_loss in loss:
soft_target max: 0.5023058652877808, argmax 11900843
DEBUG   [05-05 20:07:16] calculate_loss in loss:
pred max in softmax: 0.4545134902000427, argmax 114752966
INFO    [05-05 20:07:32] _train_one_epoch in BasicTrainer:
loss = 7.139810270017332
INFO    [05-05 20:08:12] log in loggers:
Update Best NDCG@10 Model at 18
INFO    [05-05 20:08:12] validate in BasicTrainer:
{'Recall@10': 0.055952750742435456, 'NDCG@10': 0.03111722655594349, 'MRR@10': 0.023566381260752677, 'Recall@5': 0.03751949355006218, 'NDCG@5': 0.025183154940605162, 'MRR@5': 0.0211327937990427, 'Recall*@10': 0.060805300772190096, 'NDCG*@10': 0.033966303393244746, 'MRR*@10': 0.025809500366449356, 'Recall*@5': 0.04087322488427162, 'NDCG*@5': 0.02755114108324051, 'MRR*@5': 0.02317938022315502}
INFO    [05-05 20:08:12] train in BasicTrainer:
duration: 57.548545122146606s
INFO    [05-05 20:08:12] train in BasicTrainer:
epoch: 19
INFO    [05-05 20:08:31] _train_one_epoch in BasicTrainer:
loss = 7.104512450931309
INFO    [05-05 20:09:11] log in loggers:
Update Best NDCG@10 Model at 19
INFO    [05-05 20:09:11] validate in BasicTrainer:
{'Recall@10': 0.05654124349355698, 'NDCG@10': 0.03146755956113338, 'MRR@10': 0.023858561366796493, 'Recall@5': 0.037678422033786775, 'NDCG@5': 0.025405389070510865, 'MRR@5': 0.021378261670470237, 'Recall*@10': 0.0611970317363739, 'NDCG*@10': 0.03418866105377674, 'MRR*@10': 0.0259913569688797, 'Recall*@5': 0.04097964182496071, 'NDCG*@5': 0.027690369859337805, 'MRR*@5': 0.023332178443670273}
INFO    [05-05 20:09:11] train in BasicTrainer:
duration: 59.19256091117859s
INFO    [05-05 20:09:11] train in BasicTrainer:
epoch: 20
INFO    [05-05 20:09:29] _train_one_epoch in BasicTrainer:
loss = 7.0720538706392855
INFO    [05-05 20:10:08] validate in BasicTrainer:
{'Recall@10': 0.056147404313087464, 'NDCG@10': 0.03128360815346241, 'MRR@10': 0.02373882181942463, 'Recall@5': 0.037639359533786776, 'NDCG@5': 0.02534088261425495, 'MRR@5': 0.021310607343912123, 'Recall*@10': 0.06059890925884247, 'NDCG*@10': 0.03389636591076851, 'MRR*@10': 0.025790346041321754, 'Recall*@5': 0.0408181531727314, 'NDCG*@5': 0.02754297710955143, 'MRR*@5': 0.02319315455853939}
INFO    [05-05 20:10:08] train in BasicTrainer:
duration: 57.027575969696045s
INFO    [05-05 20:10:08] train in BasicTrainer:
epoch: 21
INFO    [05-05 20:10:27] _train_one_epoch in BasicTrainer:
loss = 7.038963343646075
INFO    [05-05 20:11:07] log in loggers:
Update Best NDCG@10 Model at 21
INFO    [05-05 20:11:07] validate in BasicTrainer:
{'Recall@10': 0.056391544938087464, 'NDCG@10': 0.03163239866495132, 'MRR@10': 0.02411007136106491, 'Recall@5': 0.03809447079896927, 'NDCG@5': 0.02575241558253765, 'MRR@5': 0.021704688742756842, 'Recall*@10': 0.06093014240264893, 'NDCG*@10': 0.03430850446224212, 'MRR*@10': 0.026220958083868026, 'Recall*@5': 0.04147702187299728, 'NDCG*@5': 0.028061105608940123, 'MRR*@5': 0.02366774305701256}
INFO    [05-05 20:11:07] train in BasicTrainer:
duration: 58.988600969314575s
INFO    [05-05 20:11:07] train in BasicTrainer:
epoch: 22
INFO    [05-05 20:11:24] _train_one_epoch in BasicTrainer:
loss = 7.008568892607817
INFO    [05-05 20:12:04] log in loggers:
Update Best NDCG@10 Model at 22
INFO    [05-05 20:12:04] validate in BasicTrainer:
{'Recall@10': 0.056343252658844, 'NDCG@10': 0.03178490936756134, 'MRR@10': 0.024323773458600043, 'Recall@5': 0.03820469439029694, 'NDCG@5': 0.02595418393611908, 'MRR@5': 0.02193764016032219, 'Recall*@10': 0.060759596377611164, 'NDCG*@10': 0.03436903335154057, 'MRR*@10': 0.026342805325984955, 'Recall*@5': 0.04146861925721169, 'NDCG*@5': 0.028161206990480425, 'MRR*@5': 0.023798559829592704}
INFO    [05-05 20:12:04] train in BasicTrainer:
duration: 56.756930351257324s
INFO    [05-05 20:12:04] train in BasicTrainer:
epoch: 23
INFO    [05-05 20:12:22] _train_one_epoch in BasicTrainer:
loss = 6.976792339806084
INFO    [05-05 20:13:03] log in loggers:
Update Best NDCG@10 Model at 23
INFO    [05-05 20:13:03] validate in BasicTrainer:
{'Recall@10': 0.057301890850067136, 'NDCG@10': 0.03198589481413364, 'MRR@10': 0.024300549775362015, 'Recall@5': 0.03835332155227661, 'NDCG@5': 0.025885418951511384, 'MRR@5': 0.021798626631498338, 'Recall*@10': 0.06181654408574104, 'NDCG*@10': 0.03464853160083294, 'MRR*@10': 0.026397802829742432, 'Recall*@5': 0.041553125530481336, 'NDCG*@5': 0.028121363297104837, 'MRR*@5': 0.023719003498554228}
INFO    [05-05 20:13:03] train in BasicTrainer:
duration: 58.656577348709106s
INFO    [05-05 20:13:03] train in BasicTrainer:
epoch: 24
INFO    [05-05 20:13:20] _train_one_epoch in BasicTrainer:
loss = 6.947184051479305
INFO    [05-05 20:14:00] log in loggers:
Update Best NDCG@10 Model at 24
INFO    [05-05 20:14:01] validate in BasicTrainer:
{'Recall@10': 0.057986555993556975, 'NDCG@10': 0.03249934054911137, 'MRR@10': 0.02475441187620163, 'Recall@5': 0.039196379333734516, 'NDCG@5': 0.02643739052116871, 'MRR@5': 0.022260852009058, 'Recall*@10': 0.06255267143249511, 'NDCG*@10': 0.035003029108047486, 'MRR*@10': 0.026632906943559645, 'Recall*@5': 0.0421306100487709, 'NDCG*@5': 0.028409043923020363, 'MRR*@5': 0.023917160108685494}
INFO    [05-05 20:14:01] train in BasicTrainer:
duration: 57.84650993347168s
INFO    [05-05 20:14:01] train in BasicTrainer:
epoch: 25
INFO    [05-05 20:14:18] _train_one_epoch in BasicTrainer:
loss = 6.915981541882764
INFO    [05-05 20:14:57] log in loggers:
Update Best NDCG@10 Model at 25
INFO    [05-05 20:14:57] validate in BasicTrainer:
{'Recall@10': 0.05771633267402649, 'NDCG@10': 0.03252225667238236, 'MRR@10': 0.024884635210037233, 'Recall@5': 0.039201323837041856, 'NDCG@5': 0.026592494919896126, 'MRR@5': 0.02247078262269497, 'Recall*@10': 0.0620459195971489, 'NDCG*@10': 0.035022795498371125, 'MRR*@10': 0.02682788223028183, 'Recall*@5': 0.04231864303350449, 'NDCG*@5': 0.028706232979893685, 'MRR*@5': 0.024257357865571975}
INFO    [05-05 20:14:57] train in BasicTrainer:
duration: 56.784184217453s
INFO    [05-05 20:14:57] train in BasicTrainer:
epoch: 26
INFO    [05-05 20:15:16] _train_one_epoch in BasicTrainer:
loss = 6.887809873701216
INFO    [05-05 20:15:56] log in loggers:
Update Best NDCG@10 Model at 26
INFO    [05-05 20:15:57] validate in BasicTrainer:
{'Recall@10': 0.057940942049026486, 'NDCG@10': 0.03255560047924519, 'MRR@10': 0.024851223900914193, 'Recall@5': 0.03906019628047943, 'NDCG@5': 0.026496816352009775, 'MRR@5': 0.022377846240997316, 'Recall*@10': 0.062346813082695005, 'NDCG*@10': 0.035127415210008624, 'MRR*@10': 0.02686148151755333, 'Recall*@5': 0.042270325571298596, 'NDCG*@5': 0.02868518926203251, 'MRR*@5': 0.024231590703129767}
INFO    [05-05 20:15:57] train in BasicTrainer:
duration: 59.26214814186096s
INFO    [05-05 20:15:57] train in BasicTrainer:
epoch: 27
DEBUG   [05-05 20:15:58] calculate_loss in loss:
soft_target max: 0.5024835467338562, argmax 114628425
DEBUG   [05-05 20:15:58] calculate_loss in loss:
pred max in softmax: 0.6581745743751526, argmax 43808680
DEBUG   [05-05 20:15:58] calculate_loss in loss:
soft_target max: 0.5038370490074158, argmax 10881241
DEBUG   [05-05 20:15:58] calculate_loss in loss:
pred max in softmax: 0.8022119998931885, argmax 106763115
INFO    [05-05 20:16:14] _train_one_epoch in BasicTrainer:
loss = 6.86139575855152
INFO    [05-05 20:16:53] log in loggers:
Update Best NDCG@10 Model at 27
INFO    [05-05 20:16:55] validate in BasicTrainer:
{'Recall@10': 0.05866359829902649, 'NDCG@10': 0.03311031877994537, 'MRR@10': 0.02535576269030571, 'Recall@5': 0.03931743994355202, 'NDCG@5': 0.02689611107110977, 'MRR@5': 0.022815811783075332, 'Recall*@10': 0.0627980250120163, 'NDCG*@10': 0.0355609305948019, 'MRR*@10': 0.02728943832218647, 'Recall*@5': 0.04233208045363426, 'NDCG*@5': 0.028984112814068794, 'MRR*@5': 0.0245994321256876}
INFO    [05-05 20:16:55] train in BasicTrainer:
duration: 57.959426164627075s
INFO    [05-05 20:16:55] train in BasicTrainer:
epoch: 28
INFO    [05-05 20:17:13] _train_one_epoch in BasicTrainer:
loss = 6.834256077671911
INFO    [05-05 20:17:53] log in loggers:
Update Best NDCG@10 Model at 28
INFO    [05-05 20:17:54] validate in BasicTrainer:
{'Recall@10': 0.05876875430345535, 'NDCG@10': 0.03329128988087177, 'MRR@10': 0.02555725857615471, 'Recall@5': 0.039860441833734515, 'NDCG@5': 0.027219462469220163, 'MRR@5': 0.023076355010271072, 'Recall*@10': 0.06289469614624978, 'NDCG*@10': 0.035721296668052675, 'MRR*@10': 0.027466942071914673, 'Recall*@5': 0.042916777580976485, 'NDCG*@5': 0.029311880990862845, 'MRR*@5': 0.024851652681827544}
INFO    [05-05 20:17:54] train in BasicTrainer:
duration: 59.298895597457886s
INFO    [05-05 20:17:54] train in BasicTrainer:
epoch: 29
INFO    [05-05 20:18:12] _train_one_epoch in BasicTrainer:
loss = 6.810516151222023
INFO    [05-05 20:18:52] log in loggers:
Update Best NDCG@10 Model at 29
INFO    [05-05 20:18:52] validate in BasicTrainer:
{'Recall@10': 0.05912847518920898, 'NDCG@10': 0.03356547422707081, 'MRR@10': 0.025799064561724663, 'Recall@5': 0.040136557817459104, 'NDCG@5': 0.027446845024824144, 'MRR@5': 0.0232873447984457, 'Recall*@10': 0.06340778142213821, 'NDCG*@10': 0.036017996817827226, 'MRR*@10': 0.027697084918618203, 'Recall*@5': 0.04301335245370865, 'NDCG*@5': 0.029449722915887832, 'MRR*@5': 0.025002064183354378}
INFO    [05-05 20:18:52] train in BasicTrainer:
duration: 58.28150510787964s
INFO    [05-05 20:18:52] train in BasicTrainer:
epoch: 30
INFO    [05-05 20:19:10] _train_one_epoch in BasicTrainer:
loss = 6.78406726132642
INFO    [05-05 20:19:50] log in loggers:
Update Best NDCG@10 Model at 30
INFO    [05-05 20:19:50] validate in BasicTrainer:
{'Recall@10': 0.059861968457698825, 'NDCG@10': 0.03400140665471554, 'MRR@10': 0.026147584468126296, 'Recall@5': 0.04048437044024467, 'NDCG@5': 0.02776548646390438, 'MRR@5': 0.02359189063310623, 'Recall*@10': 0.06415146604180336, 'NDCG*@10': 0.03642934814095497, 'MRR*@10': 0.02800739012658596, 'Recall*@5': 0.04349106118083, 'NDCG*@5': 0.029777859672904014, 'MRR*@5': 0.025279811322689055}
INFO    [05-05 20:19:50] train in BasicTrainer:
duration: 57.960095167160034s
INFO    [05-05 20:19:50] train in BasicTrainer:
epoch: 31
INFO    [05-05 20:20:08] _train_one_epoch in BasicTrainer:
loss = 6.7617385451858105
INFO    [05-05 20:20:48] log in loggers:
Update Best NDCG@10 Model at 31
INFO    [05-05 20:20:48] validate in BasicTrainer:
{'Recall@10': 0.060248843729496, 'NDCG@10': 0.03434105306863785, 'MRR@10': 0.02648005373775959, 'Recall@5': 0.04077948197722435, 'NDCG@5': 0.028087074384093285, 'MRR@5': 0.023923187777400018, 'Recall*@10': 0.06438113197684288, 'NDCG*@10': 0.03679427057504654, 'MRR*@10': 0.02842346265912056, 'Recall*@5': 0.043711973875761034, 'NDCG*@5': 0.030159049555659293, 'MRR*@5': 0.025713241100311278}
INFO    [05-05 20:20:48] train in BasicTrainer:
duration: 58.24584364891052s
INFO    [05-05 20:20:48] train in BasicTrainer:
epoch: 32
INFO    [05-05 20:21:05] _train_one_epoch in BasicTrainer:
loss = 6.73802409300933
INFO    [05-05 20:21:45] validate in BasicTrainer:
{'Recall@10': 0.060258609354496, 'NDCG@10': 0.034286092296242715, 'MRR@10': 0.026413705274462698, 'Recall@5': 0.04059875637292862, 'NDCG@5': 0.027978923842310904, 'MRR@5': 0.023839606866240502, 'Recall*@10': 0.06437741175293922, 'NDCG*@10': 0.03667204424738884, 'MRR*@10': 0.02827791206538677, 'Recall*@5': 0.043371813148260115, 'NDCG*@5': 0.029941811189055444, 'MRR*@5': 0.02553620032966137}
INFO    [05-05 20:21:45] train in BasicTrainer:
duration: 56.635753870010376s
INFO    [05-05 20:21:45] train in BasicTrainer:
epoch: 33
INFO    [05-05 20:22:04] _train_one_epoch in BasicTrainer:
loss = 6.71628288750176
INFO    [05-05 20:22:44] log in loggers:
Update Best NDCG@10 Model at 33
INFO    [05-05 20:22:45] validate in BasicTrainer:
{'Recall@10': 0.061071834564208984, 'NDCG@10': 0.03493425384163856, 'MRR@10': 0.02698525257408619, 'Recall@5': 0.04155150204896927, 'NDCG@5': 0.028643953129649163, 'MRR@5': 0.024402182176709176, 'Recall*@10': 0.06542030587792397, 'NDCG*@10': 0.03741289347410202, 'MRR*@10': 0.028897375240921973, 'Recall*@5': 0.04455361843109131, 'NDCG*@5': 0.030698509812355043, 'MRR*@5': 0.026145865619182588}
INFO    [05-05 20:22:45] train in BasicTrainer:
duration: 59.628294944763184s
INFO    [05-05 20:22:45] train in BasicTrainer:
epoch: 34
INFO    [05-05 20:23:02] _train_one_epoch in BasicTrainer:
loss = 6.694380644205454
INFO    [05-05 20:23:43] validate in BasicTrainer:
{'Recall@10': 0.06063023865222931, 'NDCG@10': 0.03479067653417587, 'MRR@10': 0.026926570534706117, 'Recall@5': 0.04175604447722435, 'NDCG@5': 0.028715587481856347, 'MRR@5': 0.024435931891202925, 'Recall*@10': 0.06455985277891159, 'NDCG*@10': 0.037049757540225985, 'MRR*@10': 0.028684818521142005, 'Recall*@5': 0.04436082929372787, 'NDCG*@5': 0.03055359534919262, 'MRR*@5': 0.02602463461458683}
INFO    [05-05 20:23:43] train in BasicTrainer:
duration: 58.1024386882782s
INFO    [05-05 20:23:43] train in BasicTrainer:
epoch: 35
INFO    [05-05 20:24:01] _train_one_epoch in BasicTrainer:
loss = 6.675354639689128
INFO    [05-05 20:24:40] log in loggers:
Update Best NDCG@10 Model at 35
INFO    [05-05 20:24:41] validate in BasicTrainer:
{'Recall@10': 0.061457102596759794, 'NDCG@10': 0.035334731489419936, 'MRR@10': 0.02740451768040657, 'Recall@5': 0.041949749886989594, 'NDCG@5': 0.02907203495502472, 'MRR@5': 0.024846365228295326, 'Recall*@10': 0.06545829981565475, 'NDCG*@10': 0.037619920819997786, 'MRR*@10': 0.02917004093527794, 'Recall*@5': 0.04461340978741646, 'NDCG*@5': 0.030924652963876725, 'MRR*@5': 0.026433272957801818}
INFO    [05-05 20:24:41] train in BasicTrainer:
duration: 57.932835817337036s
INFO    [05-05 20:24:41] train in BasicTrainer:
epoch: 36
DEBUG   [05-05 20:24:42] calculate_loss in loss:
soft_target max: 0.504337728023529, argmax 28929014
DEBUG   [05-05 20:24:42] calculate_loss in loss:
pred max in softmax: 0.9189261794090271, argmax 67429759
DEBUG   [05-05 20:24:42] calculate_loss in loss:
soft_target max: 0.5133761763572693, argmax 86579945
DEBUG   [05-05 20:24:42] calculate_loss in loss:
pred max in softmax: 0.9967377781867981, argmax 8344662
INFO    [05-05 20:24:59] _train_one_epoch in BasicTrainer:
loss = 6.655461766698339
INFO    [05-05 20:25:39] validate in BasicTrainer:
{'Recall@10': 0.061012705266475675, 'NDCG@10': 0.03530614823102951, 'MRR@10': 0.027485031858086584, 'Recall@5': 0.042093968391418456, 'NDCG@5': 0.029216064289212227, 'MRR@5': 0.02498839356005192, 'Recall*@10': 0.06484992831945419, 'NDCG*@10': 0.03753459736704826, 'MRR*@10': 0.029222736284136772, 'Recall*@5': 0.044910445511341095, 'NDCG*@5': 0.03112179718911648, 'MRR*@5': 0.026597226783633233}
INFO    [05-05 20:25:39] train in BasicTrainer:
duration: 58.647555351257324s
INFO    [05-05 20:25:39] train in BasicTrainer:
epoch: 37
INFO    [05-05 20:25:57] _train_one_epoch in BasicTrainer:
loss = 6.636232526452692
INFO    [05-05 20:26:36] log in loggers:
Update Best NDCG@10 Model at 37
INFO    [05-05 20:26:37] validate in BasicTrainer:
{'Recall@10': 0.061557437479496005, 'NDCG@10': 0.0355497570335865, 'MRR@10': 0.027650450989603996, 'Recall@5': 0.04232512921094894, 'NDCG@5': 0.029369373917579652, 'MRR@5': 0.02512257270514965, 'Recall*@10': 0.06560729160904884, 'NDCG*@10': 0.03780446752905846, 'MRR*@10': 0.029364395812153818, 'Recall*@5': 0.04490308076143265, 'NDCG*@5': 0.031149929389357567, 'MRR*@5': 0.02664204314351082}
INFO    [05-05 20:26:37] train in BasicTrainer:
duration: 57.13719153404236s
INFO    [05-05 20:26:37] train in BasicTrainer:
epoch: 38
INFO    [05-05 20:26:55] _train_one_epoch in BasicTrainer:
loss = 6.618460668099893
INFO    [05-05 20:27:35] log in loggers:
Update Best NDCG@10 Model at 38
INFO    [05-05 20:27:36] validate in BasicTrainer:
{'Recall@10': 0.06168212443590164, 'NDCG@10': 0.03587990552186966, 'MRR@10': 0.028035366833209993, 'Recall@5': 0.042491144835948944, 'NDCG@5': 0.02969826377928257, 'MRR@5': 0.025498101115226747, 'Recall*@10': 0.06577938854694367, 'NDCG*@10': 0.03828344449400902, 'MRR*@10': 0.02993262030184269, 'Recall*@5': 0.04514299884438515, 'NDCG*@5': 0.03164785511791706, 'MRR*@5': 0.02721596121788025}
INFO    [05-05 20:27:36] train in BasicTrainer:
duration: 59.06017446517944s
INFO    [05-05 20:27:36] train in BasicTrainer:
epoch: 39
INFO    [05-05 20:27:53] _train_one_epoch in BasicTrainer:
loss = 6.598736432221559
INFO    [05-05 20:28:32] log in loggers:
Update Best NDCG@10 Model at 39
INFO    [05-05 20:28:33] validate in BasicTrainer:
{'Recall@10': 0.062200773954391476, 'NDCG@10': 0.03629471734166145, 'MRR@10': 0.02842234097421169, 'Recall@5': 0.042865988463163376, 'NDCG@5': 0.030079784989356994, 'MRR@5': 0.025879388749599455, 'Recall*@10': 0.0659275583922863, 'NDCG*@10': 0.03852020934224129, 'MRR*@10': 0.03018940769135952, 'Recall*@5': 0.045472799241542815, 'NDCG*@5': 0.031938493847846985, 'MRR*@5': 0.02749240905046463}
INFO    [05-05 20:28:33] train in BasicTrainer:
duration: 57.009684324264526s
INFO    [05-05 20:28:33] train in BasicTrainer:
epoch: 40
INFO    [05-05 20:28:51] _train_one_epoch in BasicTrainer:
loss = 6.583504943160324
INFO    [05-05 20:29:31] log in loggers:
Update Best NDCG@10 Model at 40
INFO    [05-05 20:29:31] validate in BasicTrainer:
{'Recall@10': 0.06228437930345535, 'NDCG@10': 0.03631450355052948, 'MRR@10': 0.028408852219581605, 'Recall@5': 0.04347359985113144, 'NDCG@5': 0.03026597812771797, 'MRR@5': 0.02593202956020832, 'Recall*@10': 0.06610282003879547, 'NDCG*@10': 0.03856158137321472, 'MRR*@10': 0.030184709802269935, 'Recall*@5': 0.04604154676198959, 'NDCG*@5': 0.03212387576699257, 'MRR*@5': 0.027556039020419122}
INFO    [05-05 20:29:31] train in BasicTrainer:
duration: 58.796794176101685s
INFO    [05-05 20:29:31] train in BasicTrainer:
epoch: 41
INFO    [05-05 20:29:49] _train_one_epoch in BasicTrainer:
loss = 6.565180189974673
INFO    [05-05 20:30:29] log in loggers:
Update Best NDCG@10 Model at 41
INFO    [05-05 20:30:29] validate in BasicTrainer:
{'Recall@10': 0.06304609805345535, 'NDCG@10': 0.03696184992790222, 'MRR@10': 0.02902154326438904, 'Recall@5': 0.04408508449792862, 'NDCG@5': 0.03087774470448494, 'MRR@5': 0.026538377925753594, 'Recall*@10': 0.0669434417784214, 'NDCG*@10': 0.039291804879903795, 'MRR*@10': 0.03088099978864193, 'Recall*@5': 0.046672097593545916, 'NDCG*@5': 0.032788688391447066, 'MRR*@5': 0.028227654621005058}
INFO    [05-05 20:30:29] train in BasicTrainer:
duration: 57.69885754585266s
INFO    [05-05 20:30:29] train in BasicTrainer:
epoch: 42
INFO    [05-05 20:30:46] _train_one_epoch in BasicTrainer:
loss = 6.5470331252158225
INFO    [05-05 20:31:26] validate in BasicTrainer:
{'Recall@10': 0.06260009318590164, 'NDCG@10': 0.03672807976603508, 'MRR@10': 0.028846962302923204, 'Recall@5': 0.043926032781600954, 'NDCG@5': 0.03072099044919014, 'MRR@5': 0.02638602815568447, 'Recall*@10': 0.0662627750635147, 'NDCG*@10': 0.0389426776766777, 'MRR*@10': 0.030615571066737176, 'Recall*@5': 0.04675558537244797, 'NDCG*@5': 0.032676512151956556, 'MRR*@5': 0.0280538634955883}
INFO    [05-05 20:31:26] train in BasicTrainer:
duration: 56.681828022003174s
INFO    [05-05 20:31:26] train in BasicTrainer:
epoch: 43
INFO    [05-05 20:31:43] _train_one_epoch in BasicTrainer:
loss = 6.53611541009164
INFO    [05-05 20:32:24] log in loggers:
Update Best NDCG@10 Model at 43
INFO    [05-05 20:32:24] validate in BasicTrainer:
{'Recall@10': 0.06377839654684067, 'NDCG@10': 0.03734761759638786, 'MRR@10': 0.02930653527379036, 'Recall@5': 0.044726814031600955, 'NDCG@5': 0.031241912245750427, 'MRR@5': 0.026818535700440408, 'Recall*@10': 0.06758482351899148, 'NDCG*@10': 0.03964328110218048, 'MRR*@10': 0.031136783212423323, 'Recall*@5': 0.047784165292978284, 'NDCG*@5': 0.03330683439970016, 'MRR*@5': 0.028560295701026917}
INFO    [05-05 20:32:24] train in BasicTrainer:
duration: 58.46350908279419s
INFO    [05-05 20:32:24] train in BasicTrainer:
epoch: 44
INFO    [05-05 20:32:42] _train_one_epoch in BasicTrainer:
loss = 6.517744098697697
INFO    [05-05 20:33:22] log in loggers:
Update Best NDCG@10 Model at 44
INFO    [05-05 20:33:23] validate in BasicTrainer:
{'Recall@10': 0.06360863119363785, 'NDCG@10': 0.03745814323425293, 'MRR@10': 0.029495674893260004, 'Recall@5': 0.04464976042509079, 'NDCG@5': 0.03135462246835232, 'MRR@5': 0.026992390975356103, 'Recall*@10': 0.06738558351993561, 'NDCG*@10': 0.0396432238817215, 'MRR*@10': 0.031195533499121665, 'Recall*@5': 0.047371208816766736, 'NDCG*@5': 0.0332034407556057, 'MRR*@5': 0.028556347116827963}
INFO    [05-05 20:33:23] train in BasicTrainer:
duration: 58.40601134300232s
INFO    [05-05 20:33:23] train in BasicTrainer:
epoch: 45
DEBUG   [05-05 20:33:24] calculate_loss in loss:
soft_target max: 0.5104288458824158, argmax 92420904
DEBUG   [05-05 20:33:24] calculate_loss in loss:
pred max in softmax: 0.9883484840393066, argmax 46310801
DEBUG   [05-05 20:33:24] calculate_loss in loss:
soft_target max: 0.5049383640289307, argmax 68058287
DEBUG   [05-05 20:33:24] calculate_loss in loss:
pred max in softmax: 0.9516683220863342, argmax 40458971
INFO    [05-05 20:33:40] _train_one_epoch in BasicTrainer:
loss = 6.502733870669529
INFO    [05-05 20:34:21] log in loggers:
Update Best NDCG@10 Model at 45
INFO    [05-05 20:34:21] validate in BasicTrainer:
{'Recall@10': 0.0637405288219452, 'NDCG@10': 0.03762425571680069, 'MRR@10': 0.029672893211245537, 'Recall@5': 0.04455156847834587, 'NDCG@5': 0.03144787937402725, 'MRR@5': 0.027140807136893274, 'Recall*@10': 0.0674992673099041, 'NDCG*@10': 0.03982981950044632, 'MRR*@10': 0.031407393887639044, 'Recall*@5': 0.047226941287517546, 'NDCG*@5': 0.03330768398940563, 'MRR*@5': 0.02873534195125103}
INFO    [05-05 20:34:21] train in BasicTrainer:
duration: 58.45346713066101s
INFO    [05-05 20:34:21] train in BasicTrainer:
epoch: 46
INFO    [05-05 20:34:38] _train_one_epoch in BasicTrainer:
loss = 6.489695059286581
INFO    [05-05 20:35:18] log in loggers:
Update Best NDCG@10 Model at 46
INFO    [05-05 20:35:18] validate in BasicTrainer:
{'Recall@10': 0.06405249297618866, 'NDCG@10': 0.037849772274494174, 'MRR@10': 0.02987051285803318, 'Recall@5': 0.045058309584856036, 'NDCG@5': 0.03173107206821442, 'MRR@5': 0.027359192594885826, 'Recall*@10': 0.0676672525703907, 'NDCG*@10': 0.04003072991967201, 'MRR*@10': 0.03160789601504803, 'Recall*@5': 0.04772789314389229, 'NDCG*@5': 0.03360429704189301, 'MRR*@5': 0.028968274295330047}
INFO    [05-05 20:35:18] train in BasicTrainer:
duration: 56.97445893287659s
INFO    [05-05 20:35:18] train in BasicTrainer:
epoch: 47
INFO    [05-05 20:35:36] _train_one_epoch in BasicTrainer:
loss = 6.47433006441271
INFO    [05-05 20:36:16] log in loggers:
Update Best NDCG@10 Model at 47
INFO    [05-05 20:36:17] validate in BasicTrainer:
{'Recall@10': 0.06439750403165817, 'NDCG@10': 0.03802968949079513, 'MRR@10': 0.029996113404631614, 'Recall@5': 0.045349671244621276, 'NDCG@5': 0.0319138840585947, 'MRR@5': 0.027497925460338593, 'Recall*@10': 0.067959273904562, 'NDCG*@10': 0.04024553522467613, 'MRR*@10': 0.031797423213720324, 'Recall*@5': 0.0480907341837883, 'NDCG*@5': 0.033866191431879994, 'MRR*@5': 0.029191558808088304}
INFO    [05-05 20:36:17] train in BasicTrainer:
duration: 58.662506341934204s
INFO    [05-05 20:36:17] train in BasicTrainer:
epoch: 48
INFO    [05-05 20:36:34] _train_one_epoch in BasicTrainer:
loss = 6.460246683241011
INFO    [05-05 20:37:14] log in loggers:
Update Best NDCG@10 Model at 48
INFO    [05-05 20:37:14] validate in BasicTrainer:
{'Recall@10': 0.06471334129571915, 'NDCG@10': 0.03854154720902443, 'MRR@10': 0.03055855616927147, 'Recall@5': 0.04581842124462128, 'NDCG@5': 0.03245261795818806, 'MRR@5': 0.028057678043842314, 'Recall*@10': 0.06852904379367829, 'NDCG*@10': 0.04081616967916488, 'MRR*@10': 0.03236084580421448, 'Recall*@5': 0.04865607351064682, 'NDCG*@5': 0.03441304236650467, 'MRR*@5': 0.029731601625680924}
INFO    [05-05 20:37:14] train in BasicTrainer:
duration: 57.310736417770386s
INFO    [05-05 20:37:14] train in BasicTrainer:
epoch: 49
INFO    [05-05 20:37:32] _train_one_epoch in BasicTrainer:
loss = 6.4470313733762445
INFO    [05-05 20:38:13] validate in BasicTrainer:
{'Recall@10': 0.064401253759861, 'NDCG@10': 0.03832958832383156, 'MRR@10': 0.030378922522068023, 'Recall@5': 0.04591714888811112, 'NDCG@5': 0.03240300089120865, 'MRR@5': 0.027962537854909895, 'Recall*@10': 0.06811885505914689, 'NDCG*@10': 0.0406290440261364, 'MRR*@10': 0.032245860174298285, 'Recall*@5': 0.04877647921442985, 'NDCG*@5': 0.03443073734641075, 'MRR*@5': 0.029720713570713996}
INFO    [05-05 20:38:13] train in BasicTrainer:
duration: 58.87115168571472s
INFO    [05-05 20:38:13] train in BasicTrainer:
epoch: 50
INFO    [05-05 20:38:31] _train_one_epoch in BasicTrainer:
loss = 6.433271356531091
INFO    [05-05 20:39:11] log in loggers:
Update Best NDCG@10 Model at 50
INFO    [05-05 20:39:12] validate in BasicTrainer:
{'Recall@10': 0.06481956869363785, 'NDCG@10': 0.03860104411840439, 'MRR@10': 0.030615340173244476, 'Recall@5': 0.04573374480009079, 'NDCG@5': 0.03247073121368885, 'MRR@5': 0.028109504505991936, 'Recall*@10': 0.06855849787592888, 'NDCG*@10': 0.04087172776460648, 'MRR*@10': 0.032435946241021155, 'Recall*@5': 0.04845327019691467, 'NDCG*@5': 0.03441446244716644, 'MRR*@5': 0.029796760454773905}
INFO    [05-05 20:39:12] train in BasicTrainer:
duration: 58.711833000183105s
INFO    [05-05 20:39:12] train in BasicTrainer:
epoch: 51
INFO    [05-05 20:39:29] _train_one_epoch in BasicTrainer:
loss = 6.424547564875972
INFO    [05-05 20:40:09] log in loggers:
Update Best NDCG@10 Model at 51
INFO    [05-05 20:40:09] validate in BasicTrainer:
{'Recall@10': 0.06497796148061752, 'NDCG@10': 0.03876132398843765, 'MRR@10': 0.03076887495815754, 'Recall@5': 0.046098287105560305, 'NDCG@5': 0.032687651813030245, 'MRR@5': 0.028280724808573722, 'Recall*@10': 0.06883005544543266, 'NDCG*@10': 0.04096177414059639, 'MRR*@10': 0.03247100785374642, 'Recall*@5': 0.048615205734968185, 'NDCG*@5': 0.0344573625177145, 'MRR*@5': 0.029805676117539405}
INFO    [05-05 20:40:09] train in BasicTrainer:
duration: 57.65288591384888s
INFO    [05-05 20:40:09] train in BasicTrainer:
epoch: 52
INFO    [05-05 20:40:27] _train_one_epoch in BasicTrainer:
loss = 6.410776469084594
INFO    [05-05 20:41:07] log in loggers:
Update Best NDCG@10 Model at 52
INFO    [05-05 20:41:08] validate in BasicTrainer:
{'Recall@10': 0.06547707974910737, 'NDCG@10': 0.03935865342617035, 'MRR@10': 0.03142326645553112, 'Recall@5': 0.04594805285334587, 'NDCG@5': 0.033083665370941165, 'MRR@5': 0.02885667197406292, 'Recall*@10': 0.06933337986469269, 'NDCG*@10': 0.041650000214576724, 'MRR*@10': 0.03323377132415772, 'Recall*@5': 0.04879159390926361, 'NDCG*@5': 0.03504686906933784, 'MRR*@5': 0.03053147703409195}
INFO    [05-05 20:41:08] train in BasicTrainer:
duration: 58.30221891403198s
INFO    [05-05 20:41:08] train in BasicTrainer:
epoch: 53
INFO    [05-05 20:41:26] _train_one_epoch in BasicTrainer:
loss = 6.398354491672
INFO    [05-05 20:42:05] validate in BasicTrainer:
{'Recall@10': 0.06490692347288132, 'NDCG@10': 0.03903620287775993, 'MRR@10': 0.03114393711090088, 'Recall@5': 0.04645693674683571, 'NDCG@5': 0.03308748550713062, 'MRR@5': 0.028699562400579453, 'Recall*@10': 0.06863377869129181, 'NDCG*@10': 0.04129946440458298, 'MRR*@10': 0.03296377837657929, 'Recall*@5': 0.04906758680939674, 'NDCG*@5': 0.03499614991247654, 'MRR*@5': 0.030376742854714395}
INFO    [05-05 20:42:05] train in BasicTrainer:
duration: 57.520179986953735s
INFO    [05-05 20:42:05] train in BasicTrainer:
epoch: 54
DEBUG   [05-05 20:42:07] calculate_loss in loss:
soft_target max: 0.5042400360107422, argmax 49319064
DEBUG   [05-05 20:42:07] calculate_loss in loss:
pred max in softmax: 0.9424551129341125, argmax 113848510
DEBUG   [05-05 20:42:07] calculate_loss in loss:
soft_target max: 0.5079938769340515, argmax 1333673
DEBUG   [05-05 20:42:07] calculate_loss in loss:
pred max in softmax: 0.9924445748329163, argmax 53716621
INFO    [05-05 20:42:23] _train_one_epoch in BasicTrainer:
loss = 6.386649329383094
INFO    [05-05 20:43:04] validate in BasicTrainer:
{'Recall@10': 0.06520912230014801, 'NDCG@10': 0.03927614375948906, 'MRR@10': 0.03137725614011288, 'Recall@5': 0.046425497084856035, 'NDCG@5': 0.03323661617934704, 'MRR@5': 0.028904617354273795, 'Recall*@10': 0.0687780074775219, 'NDCG*@10': 0.04149749547243118, 'MRR*@10': 0.03318324916064739, 'Recall*@5': 0.04906637504696846, 'NDCG*@5': 0.03515812508761883, 'MRR*@5': 0.03058691941201687}
INFO    [05-05 20:43:04] train in BasicTrainer:
duration: 58.79124140739441s
INFO    [05-05 20:43:04] train in BasicTrainer:
epoch: 55
INFO    [05-05 20:43:21] _train_one_epoch in BasicTrainer:
loss = 6.376991993672139
INFO    [05-05 20:44:02] validate in BasicTrainer:
{'Recall@10': 0.06533821821212768, 'NDCG@10': 0.03928176611661911, 'MRR@10': 0.03134402945637703, 'Recall@5': 0.046442226618528364, 'NDCG@5': 0.0331920275837183, 'MRR@5': 0.028843238353729247, 'Recall*@10': 0.06888820201158524, 'NDCG*@10': 0.04146443650126457, 'MRR*@10': 0.033104533925652505, 'Recall*@5': 0.049113667011260985, 'NDCG*@5': 0.0350901173055172, 'MRR*@5': 0.030486070588231086}
INFO    [05-05 20:44:02] train in BasicTrainer:
duration: 57.87830185890198s
INFO    [05-05 20:44:02] train in BasicTrainer:
epoch: 56
INFO    [05-05 20:44:19] _train_one_epoch in BasicTrainer:
loss = 6.365839674666121
INFO    [05-05 20:44:59] log in loggers:
Update Best NDCG@10 Model at 56
INFO    [05-05 20:44:59] validate in BasicTrainer:
{'Recall@10': 0.06608695715665817, 'NDCG@10': 0.03983267292380333, 'MRR@10': 0.03182514116168022, 'Recall@5': 0.04716929167509079, 'NDCG@5': 0.03373851090669632, 'MRR@5': 0.029323575645685197, 'Recall*@10': 0.0697706164419651, 'NDCG*@10': 0.04204733103513718, 'MRR*@10': 0.03359003022313118, 'Recall*@5': 0.04990827932953835, 'NDCG*@5': 0.03566163599491119, 'MRR*@5': 0.03097621224820614}
INFO    [05-05 20:44:59] train in BasicTrainer:
duration: 57.171180725097656s
INFO    [05-05 20:44:59] train in BasicTrainer:
epoch: 57
INFO    [05-05 20:45:18] _train_one_epoch in BasicTrainer:
loss = 6.355971336364746
INFO    [05-05 20:45:58] log in loggers:
Update Best NDCG@10 Model at 57
INFO    [05-05 20:45:58] validate in BasicTrainer:
{'Recall@10': 0.06632240355014801, 'NDCG@10': 0.04011634215712547, 'MRR@10': 0.032126221358776096, 'Recall@5': 0.04743349924683571, 'NDCG@5': 0.03403184190392494, 'MRR@5': 0.02962897941470146, 'Recall*@10': 0.06979682818055152, 'NDCG*@10': 0.042232811748981476, 'MRR*@10': 0.033827944099903105, 'Recall*@5': 0.04987341985106468, 'NDCG*@5': 0.03581215165555477, 'MRR*@5': 0.031190913319587708}
INFO    [05-05 20:45:58] train in BasicTrainer:
duration: 59.35636520385742s
INFO    [05-05 20:45:58] train in BasicTrainer:
epoch: 58
INFO    [05-05 20:46:16] _train_one_epoch in BasicTrainer:
loss = 6.346058828336698
INFO    [05-05 20:46:55] log in loggers:
Update Best NDCG@10 Model at 58
INFO    [05-05 20:46:56] validate in BasicTrainer:
{'Recall@10': 0.06647103071212769, 'NDCG@10': 0.04028315305709839, 'MRR@10': 0.03229815989732742, 'Recall@5': 0.04748339876532555, 'NDCG@5': 0.034155922532081606, 'MRR@5': 0.029776908084750177, 'Recall*@10': 0.0699453367292881, 'NDCG*@10': 0.04239827647805214, 'MRR*@10': 0.033988482430577276, 'Recall*@5': 0.0501545013487339, 'NDCG*@5': 0.03600185602903366, 'MRR*@5': 0.031350546181201935}
INFO    [05-05 20:46:56] train in BasicTrainer:
duration: 57.50963735580444s
INFO    [05-05 20:46:56] train in BasicTrainer:
epoch: 59
INFO    [05-05 20:47:14] _train_one_epoch in BasicTrainer:
loss = 6.335418361801285
INFO    [05-05 20:47:55] validate in BasicTrainer:
{'Recall@10': 0.06618675619363784, 'NDCG@10': 0.040075484961271286, 'MRR@10': 0.032110223993659016, 'Recall@5': 0.04766132280230522, 'NDCG@5': 0.03410615585744381, 'MRR@5': 0.029659284651279448, 'Recall*@10': 0.069463582187891, 'NDCG*@10': 0.04214632600545883, 'MRR*@10': 0.03380489274859429, 'Recall*@5': 0.050243337005376816, 'NDCG*@5': 0.0359515381604433, 'MRR*@5': 0.031260432526469234}
INFO    [05-05 20:47:55] train in BasicTrainer:
duration: 58.75714945793152s
INFO    [05-05 20:47:55] train in BasicTrainer:
epoch: 60
INFO    [05-05 20:48:12] _train_one_epoch in BasicTrainer:
loss = 6.325409923587833
INFO    [05-05 20:48:52] log in loggers:
Update Best NDCG@10 Model at 60
INFO    [05-05 20:48:52] validate in BasicTrainer:
{'Recall@10': 0.0664840105175972, 'NDCG@10': 0.04030591949820519, 'MRR@10': 0.03233383290469646, 'Recall@5': 0.047564202100038526, 'NDCG@5': 0.03423145189881325, 'MRR@5': 0.029851848259568214, 'Recall*@10': 0.0700256286561489, 'NDCG*@10': 0.042395043820142746, 'MRR*@10': 0.033979160562157634, 'Recall*@5': 0.05014099687337875, 'NDCG*@5': 0.036015923321247104, 'MRR*@5': 0.031375891640782354}
INFO    [05-05 20:48:52] train in BasicTrainer:
duration: 57.71112775802612s
INFO    [05-05 20:48:52] train in BasicTrainer:
epoch: 61
INFO    [05-05 20:49:10] _train_one_epoch in BasicTrainer:
loss = 6.3143541018168134
INFO    [05-05 20:49:50] log in loggers:
Update Best NDCG@10 Model at 61
INFO    [05-05 20:49:50] validate in BasicTrainer:
{'Recall@10': 0.06680359750986099, 'NDCG@10': 0.0403991162776947, 'MRR@10': 0.03233870692551136, 'Recall@5': 0.04784579828381538, 'NDCG@5': 0.03428718082606792, 'MRR@5': 0.02982729271054268, 'Recall*@10': 0.0704436594247818, 'NDCG*@10': 0.04260657891631126, 'MRR*@10': 0.034105682522058485, 'Recall*@5': 0.050667226463556286, 'NDCG*@5': 0.03623896151781082, 'MRR*@5': 0.031493835300207135}
INFO    [05-05 20:49:50] train in BasicTrainer:
duration: 57.529221057891846s
INFO    [05-05 20:49:50] train in BasicTrainer:
epoch: 62
INFO    [05-05 20:50:09] _train_one_epoch in BasicTrainer:
loss = 6.3065084465989125
INFO    [05-05 20:50:49] log in loggers:
Update Best NDCG@10 Model at 62
INFO    [05-05 20:50:49] validate in BasicTrainer:
{'Recall@10': 0.06703797250986099, 'NDCG@10': 0.0406296743452549, 'MRR@10': 0.0325566079467535, 'Recall@5': 0.04843602120876312, 'NDCG@5': 0.034616657868027687, 'MRR@5': 0.030076398104429244, 'Recall*@10': 0.0703499610722065, 'NDCG*@10': 0.042726088613271714, 'MRR*@10': 0.03427424907684326, 'Recall*@5': 0.051072420179843904, 'NDCG*@5': 0.036495328545570374, 'MRR*@5': 0.03170455686748028}
INFO    [05-05 20:50:49] train in BasicTrainer:
duration: 59.292121171951294s
INFO    [05-05 20:50:49] train in BasicTrainer:
epoch: 63
DEBUG   [05-05 20:50:51] calculate_loss in loss:
soft_target max: 0.5038862228393555, argmax 65239882
DEBUG   [05-05 20:50:51] calculate_loss in loss:
pred max in softmax: 0.9822868704795837, argmax 28209491
DEBUG   [05-05 20:50:51] calculate_loss in loss:
soft_target max: 0.5096843242645264, argmax 37089972
DEBUG   [05-05 20:50:51] calculate_loss in loss:
pred max in softmax: 0.9546923041343689, argmax 39377654
INFO    [05-05 20:51:08] _train_one_epoch in BasicTrainer:
loss = 6.297655629682112
INFO    [05-05 20:51:47] log in loggers:
Update Best NDCG@10 Model at 63
INFO    [05-05 20:51:47] validate in BasicTrainer:
{'Recall@10': 0.06756638765335082, 'NDCG@10': 0.04085460990667343, 'MRR@10': 0.032708307653665544, 'Recall@5': 0.048464246690273285, 'NDCG@5': 0.03471330761909485, 'MRR@5': 0.030194799527525903, 'Recall*@10': 0.07122315168380737, 'NDCG*@10': 0.04307765588164329, 'MRR*@10': 0.03449477292597294, 'Recall*@5': 0.0510077092051506, 'NDCG*@5': 0.03657903283834457, 'MRR*@5': 0.03183530539274216}
INFO    [05-05 20:51:47] train in BasicTrainer:
duration: 58.15802311897278s
INFO    [05-05 20:51:47] train in BasicTrainer:
epoch: 64
INFO    [05-05 20:52:05] _train_one_epoch in BasicTrainer:
loss = 6.290731507378656
INFO    [05-05 20:52:46] log in loggers:
Update Best NDCG@10 Model at 64
INFO    [05-05 20:52:46] validate in BasicTrainer:
{'Recall@10': 0.06809480279684067, 'NDCG@10': 0.0412600664794445, 'MRR@10': 0.03308097057044506, 'Recall@5': 0.048668789118528365, 'NDCG@5': 0.03499047495424747, 'MRR@5': 0.030500372275710105, 'Recall*@10': 0.0717288738489151, 'NDCG*@10': 0.0435003125667572, 'MRR*@10': 0.034888528436422345, 'Recall*@5': 0.05146718576550484, 'NDCG*@5': 0.036967249512672426, 'MRR*@5': 0.03220316700637341}
INFO    [05-05 20:52:46] train in BasicTrainer:
duration: 58.51675009727478s
INFO    [05-05 20:52:46] train in BasicTrainer:
epoch: 65
INFO    [05-05 20:53:03] _train_one_epoch in BasicTrainer:
loss = 6.280432426177703
INFO    [05-05 20:53:43] validate in BasicTrainer:
{'Recall@10': 0.06748665571212768, 'NDCG@10': 0.04102893352508545, 'MRR@10': 0.03297111488878727, 'Recall@5': 0.04814305245876312, 'NDCG@5': 0.03479361921548843, 'MRR@5': 0.03040955126285553, 'Recall*@10': 0.07105502367019653, 'NDCG*@10': 0.04321405664086342, 'MRR*@10': 0.03473589561879635, 'Recall*@5': 0.0506959955394268, 'NDCG*@5': 0.036652295291423796, 'MRR*@5': 0.03204063504934311}
INFO    [05-05 20:53:43] train in BasicTrainer:
duration: 56.89810395240784s
INFO    [05-05 20:53:43] train in BasicTrainer:
epoch: 66
INFO    [05-05 20:54:01] _train_one_epoch in BasicTrainer:
loss = 6.2723040280041396
INFO    [05-05 20:54:41] validate in BasicTrainer:
{'Recall@10': 0.06787233620882034, 'NDCG@10': 0.04110390394926071, 'MRR@10': 0.03293451227247715, 'Recall@5': 0.048776210993528364, 'NDCG@5': 0.034940155595541, 'MRR@5': 0.030397517457604408, 'Recall*@10': 0.07146978855133057, 'NDCG*@10': 0.04324296623468399, 'MRR*@10': 0.03461809299886227, 'Recall*@5': 0.05152510061860085, 'NDCG*@5': 0.03679843835532665, 'MRR*@5': 0.03196155607700348}
INFO    [05-05 20:54:41] train in BasicTrainer:
duration: 58.25580382347107s
INFO    [05-05 20:54:41] train in BasicTrainer:
epoch: 67
INFO    [05-05 20:54:59] _train_one_epoch in BasicTrainer:
loss = 6.268627982955795
INFO    [05-05 20:55:40] validate in BasicTrainer:
{'Recall@10': 0.06788758188486099, 'NDCG@10': 0.041199466586112975, 'MRR@10': 0.033070122450590135, 'Recall@5': 0.048689927458763126, 'NDCG@5': 0.03504155419766903, 'MRR@5': 0.030557496547698973, 'Recall*@10': 0.07148728117346764, 'NDCG*@10': 0.04339577570557594, 'MRR*@10': 0.034833482801914215, 'Recall*@5': 0.051399899274110795, 'NDCG*@5': 0.03695177018642425, 'MRR*@5': 0.032203632444143294}
INFO    [05-05 20:55:40] train in BasicTrainer:
duration: 59.45812773704529s
INFO    [05-05 20:55:40] train in BasicTrainer:
epoch: 68
INFO    [05-05 20:55:58] _train_one_epoch in BasicTrainer:
loss = 6.256665444588876
INFO    [05-05 20:56:38] log in loggers:
Update Best NDCG@10 Model at 68
INFO    [05-05 20:56:38] validate in BasicTrainer:
{'Recall@10': 0.06764397710561752, 'NDCG@10': 0.04127900302410126, 'MRR@10': 0.03323762185871601, 'Recall@5': 0.04881795197725296, 'NDCG@5': 0.03521907776594162, 'MRR@5': 0.03075289011001587, 'Recall*@10': 0.07106992930173874, 'NDCG*@10': 0.04344520404934883, 'MRR*@10': 0.035011657997965816, 'Recall*@5': 0.05160498008131981, 'NDCG*@5': 0.03718099594116211, 'MRR*@5': 0.03244403287768364}
INFO    [05-05 20:56:38] train in BasicTrainer:
duration: 57.66318225860596s
INFO    [05-05 20:56:38] train in BasicTrainer:
epoch: 69
INFO    [05-05 20:56:57] _train_one_epoch in BasicTrainer:
loss = 6.251529895507537
INFO    [05-05 20:57:37] log in loggers:
Update Best NDCG@10 Model at 69
INFO    [05-05 20:57:37] validate in BasicTrainer:
{'Recall@10': 0.06797493696212768, 'NDCG@10': 0.04147452279925346, 'MRR@10': 0.03337551087141037, 'Recall@5': 0.04933445870876312, 'NDCG@5': 0.03547041997313499, 'MRR@5': 0.030911752730607988, 'Recall*@10': 0.07138153284788132, 'NDCG*@10': 0.04353461101651192, 'MRR*@10': 0.03501538187265396, 'Recall*@5': 0.051998346149921416, 'NDCG*@5': 0.03729004487395286, 'MRR*@5': 0.03245207644999027}
INFO    [05-05 20:57:37] train in BasicTrainer:
duration: 59.04117393493652s
INFO    [05-05 20:57:37] train in BasicTrainer:
epoch: 70
INFO    [05-05 20:57:55] _train_one_epoch in BasicTrainer:
loss = 6.244013872232523
INFO    [05-05 20:58:34] log in loggers:
Update Best NDCG@10 Model at 70
INFO    [05-05 20:58:34] validate in BasicTrainer:
{'Recall@10': 0.0687105730175972, 'NDCG@10': 0.04167289435863495, 'MRR@10': 0.03341962583363056, 'Recall@5': 0.049620340317487716, 'NDCG@5': 0.03552691400051117, 'MRR@5': 0.03089863561093807, 'Recall*@10': 0.07243059277534485, 'NDCG*@10': 0.043909777253866196, 'MRR*@10': 0.03519988611340523, 'Recall*@5': 0.05238644152879715, 'NDCG*@5': 0.037460297644138336, 'MRR*@5': 0.03255649141967296}
INFO    [05-05 20:58:34] train in BasicTrainer:
duration: 56.944918632507324s
INFO    [05-05 20:58:34] train in BasicTrainer:
epoch: 71
INFO    [05-05 20:58:52] _train_one_epoch in BasicTrainer:
loss = 6.236447729505934
INFO    [05-05 20:59:33] log in loggers:
Update Best NDCG@10 Model at 71
INFO    [05-05 20:59:33] validate in BasicTrainer:
{'Recall@10': 0.06857438981533051, 'NDCG@10': 0.04192124933004379, 'MRR@10': 0.03378914281725884, 'Recall@5': 0.050010965317487714, 'NDCG@5': 0.03596166163682937, 'MRR@5': 0.03135482013225555, 'Recall*@10': 0.07206035196781159, 'NDCG*@10': 0.044043453931808474, 'MRR*@10': 0.03548645153641701, 'Recall*@5': 0.05274320662021637, 'NDCG*@5': 0.037842979729175566, 'MRR*@5': 0.03295434065163136}
INFO    [05-05 20:59:33] train in BasicTrainer:
duration: 58.73129320144653s
INFO    [05-05 20:59:33] train in BasicTrainer:
epoch: 72
DEBUG   [05-05 20:59:34] calculate_loss in loss:
soft_target max: 0.5037059783935547, argmax 1852875
DEBUG   [05-05 20:59:34] calculate_loss in loss:
pred max in softmax: 0.988976240158081, argmax 102496618
DEBUG   [05-05 20:59:35] calculate_loss in loss:
soft_target max: 0.503404438495636, argmax 25528332
DEBUG   [05-05 20:59:35] calculate_loss in loss:
pred max in softmax: 0.9919014573097229, argmax 91899016
INFO    [05-05 20:59:51] _train_one_epoch in BasicTrainer:
loss = 6.2288817027667625
INFO    [05-05 21:00:31] log in loggers:
Update Best NDCG@10 Model at 72
INFO    [05-05 21:00:31] validate in BasicTrainer:
{'Recall@10': 0.06888849675655365, 'NDCG@10': 0.042045134603977206, 'MRR@10': 0.0338577988743782, 'Recall@5': 0.04993176892399788, 'NDCG@5': 0.03596339404582977, 'MRR@5': 0.031376311257481575, 'Recall*@10': 0.07242632284760475, 'NDCG*@10': 0.04423252537846565, 'MRR*@10': 0.03562860243022442, 'Recall*@5': 0.05266698822379112, 'NDCG*@5': 0.03789618477225304, 'MRR*@5': 0.03304488889873028}
INFO    [05-05 21:00:31] train in BasicTrainer:
duration: 58.42084217071533s
INFO    [05-05 21:00:31] train in BasicTrainer:
epoch: 73
INFO    [05-05 21:00:48] _train_one_epoch in BasicTrainer:
loss = 6.225527716112566
INFO    [05-05 21:01:28] validate in BasicTrainer:
{'Recall@10': 0.06929651051759719, 'NDCG@10': 0.04202912330627442, 'MRR@10': 0.033715221136808395, 'Recall@5': 0.05002073094248772, 'NDCG@5': 0.035836031883955004, 'MRR@5': 0.031182527765631674, 'Recall*@10': 0.07282682597637176, 'NDCG*@10': 0.0441490475833416, 'MRR*@10': 0.03539888836443424, 'Recall*@5': 0.052604436576366424, 'NDCG*@5': 0.03765362367033959, 'MRR*@5': 0.032743667513132096}
INFO    [05-05 21:01:28] train in BasicTrainer:
duration: 56.477028608322144s
INFO    [05-05 21:01:28] train in BasicTrainer:
epoch: 74
INFO    [05-05 21:01:46] _train_one_epoch in BasicTrainer:
loss = 6.218081169300251
INFO    [05-05 21:02:26] validate in BasicTrainer:
{'Recall@10': 0.0686258962750435, 'NDCG@10': 0.04190702512860298, 'MRR@10': 0.03376697666943073, 'Recall@5': 0.049532985389232634, 'NDCG@5': 0.03576391249895096, 'MRR@5': 0.03124950349330902, 'Recall*@10': 0.07223322451114654, 'NDCG*@10': 0.04405057430267334, 'MRR*@10': 0.0354577212035656, 'Recall*@5': 0.05222939103841782, 'NDCG*@5': 0.0376089046895504, 'MRR*@5': 0.03281465120613575}
INFO    [05-05 21:02:26] train in BasicTrainer:
duration: 58.20425796508789s
INFO    [05-05 21:02:26] train in BasicTrainer:
epoch: 75
INFO    [05-05 21:02:43] _train_one_epoch in BasicTrainer:
loss = 6.211656548955419
INFO    [05-05 21:03:23] log in loggers:
Update Best NDCG@10 Model at 75
INFO    [05-05 21:03:23] validate in BasicTrainer:
{'Recall@10': 0.0695465436577797, 'NDCG@10': 0.04221174076199532, 'MRR@10': 0.03388458125293255, 'Recall@5': 0.04989645630121231, 'NDCG@5': 0.03590123489499092, 'MRR@5': 0.03130571402609348, 'Recall*@10': 0.07330424726009369, 'NDCG*@10': 0.0444104465842247, 'MRR*@10': 0.03560161806643009, 'Recall*@5': 0.05272562146186829, 'NDCG*@5': 0.037802958637475965, 'MRR*@5': 0.03290219634771347}
INFO    [05-05 21:03:23] train in BasicTrainer:
duration: 56.93179678916931s
INFO    [05-05 21:03:23] train in BasicTrainer:
epoch: 76
INFO    [05-05 21:03:42] _train_one_epoch in BasicTrainer:
loss = 6.207245929821117
INFO    [05-05 21:04:22] validate in BasicTrainer:
{'Recall@10': 0.06884514898061753, 'NDCG@10': 0.041985762268304826, 'MRR@10': 0.033795570358633995, 'Recall@5': 0.049272115230560305, 'NDCG@5': 0.03566510856151581, 'MRR@5': 0.031191895827651025, 'Recall*@10': 0.07239481031894685, 'NDCG*@10': 0.044108481109142304, 'MRR*@10': 0.03548111021518707, 'Recall*@5': 0.05187950909137726, 'NDCG*@5': 0.03748567804694176, 'MRR*@5': 0.03275405846536159}
INFO    [05-05 21:04:22] train in BasicTrainer:
duration: 59.08211827278137s
INFO    [05-05 21:04:22] train in BasicTrainer:
epoch: 77
INFO    [05-05 21:04:39] _train_one_epoch in BasicTrainer:
loss = 6.198064713864713
INFO    [05-05 21:05:19] validate in BasicTrainer:
{'Recall@10': 0.0687691667675972, 'NDCG@10': 0.041869492530822755, 'MRR@10': 0.03366192199289799, 'Recall@5': 0.04945980474352837, 'NDCG@5': 0.03563164949417114, 'MRR@5': 0.031091348677873613, 'Recall*@10': 0.07237040191888809, 'NDCG*@10': 0.0440116773545742, 'MRR*@10': 0.0353549624234438, 'Recall*@5': 0.052066660374403, 'NDCG*@5': 0.03745215252041817, 'MRR*@5': 0.03265164092183113}
INFO    [05-05 21:05:19] train in BasicTrainer:
duration: 56.906973361968994s
INFO    [05-05 21:05:19] train in BasicTrainer:
epoch: 78
INFO    [05-05 21:05:37] _train_one_epoch in BasicTrainer:
loss = 6.195991112305237
INFO    [05-05 21:06:18] log in loggers:
Update Best NDCG@10 Model at 78
INFO    [05-05 21:06:18] validate in BasicTrainer:
{'Recall@10': 0.06930734723806381, 'NDCG@10': 0.042253136932849884, 'MRR@10': 0.03401185542345047, 'Recall@5': 0.049597594887018204, 'NDCG@5': 0.035909532457590106, 'MRR@5': 0.031411444619297985, 'Recall*@10': 0.07326309472322463, 'NDCG*@10': 0.04449425652623176, 'MRR*@10': 0.035735280215740205, 'Recall*@5': 0.052137680798768994, 'NDCG*@5': 0.03769531726837158, 'MRR*@5': 0.032948346063494685}
INFO    [05-05 21:06:18] train in BasicTrainer:
duration: 59.168172121047974s
INFO    [05-05 21:06:18] train in BasicTrainer:
epoch: 79
INFO    [05-05 21:06:35] _train_one_epoch in BasicTrainer:
loss = 6.191760471275261
INFO    [05-05 21:07:15] log in loggers:
Update Best NDCG@10 Model at 79
INFO    [05-05 21:07:15] validate in BasicTrainer:
{'Recall@10': 0.0690914323925972, 'NDCG@10': 0.042381482273340224, 'MRR@10': 0.0342303504049778, 'Recall@5': 0.050195440798997876, 'NDCG@5': 0.036303594410419464, 'MRR@5': 0.03174075499176979, 'Recall*@10': 0.07288607776165008, 'NDCG*@10': 0.04455716237425804, 'MRR*@10': 0.03591097056865692, 'Recall*@5': 0.052946525514125826, 'NDCG*@5': 0.038154705464839934, 'MRR*@5': 0.033294980973005296}
INFO    [05-05 21:07:15] train in BasicTrainer:
duration: 57.26766538619995s
INFO    [05-05 21:07:15] close_training in BasicTrainer:
finished training
DEBUG   [05-05 21:07:15] debug_summary in loss:
loss nan summary: nan 0 times, not nan 8881 times, ratio nan / (nan + not_nan) = 0.0
INFO    [05-05 21:07:15] run_routine in Routine:
Finished training, Start final validation
INFO    [05-05 21:07:15] final_validate in BasicTrainer:
validate model on val set!
INFO    [05-05 21:07:16] load_state_from_given_path in utils:
checkpoint epoch: 79
INFO    [05-05 21:07:16] load_state_from_given_path in utils:
Loading model's parameters
INFO    [05-05 21:07:55] validate in BasicTrainer:
{'Recall@10': 0.0690914323925972, 'NDCG@10': 0.042381482273340224, 'MRR@10': 0.0342303504049778, 'Recall@5': 0.050195440798997876, 'NDCG@5': 0.036303594410419464, 'MRR@5': 0.03174075499176979, 'Recall*@10': 0.07288607776165008, 'NDCG*@10': 0.04455716237425804, 'MRR*@10': 0.03591097056865692, 'Recall*@5': 0.052946525514125826, 'NDCG*@5': 0.038154705464839934, 'MRR*@5': 0.033294980973005296}
INFO    [05-05 21:07:55] run_routine in Routine:
Finished final validating. Result: {'Recall@10': 0.0690914323925972, 'NDCG@10': 0.042381482273340224, 'MRR@10': 0.0342303504049778, 'Recall@5': 0.050195440798997876, 'NDCG@5': 0.036303594410419464, 'MRR@5': 0.03174075499176979, 'Recall*@10': 0.07288607776165008, 'NDCG*@10': 0.04455716237425804, 'MRR*@10': 0.03591097056865692, 'Recall*@5': 0.052946525514125826, 'NDCG*@5': 0.038154705464839934, 'MRR*@5': 0.033294980973005296}
INFO    [05-05 21:07:55] _evaluate in EnsembleDistillSched:
Start testing student model on test set
INFO    [05-05 21:07:55] test in BasicTrainer:
Test model on test set!
INFO    [05-05 21:07:55] test_with_given_state_path in BasicTrainer:
Loading model params from ___el_ep_2022/ep_narm-T-6.0-al-0.25-sr-0.8_05-05_19:47_t7/student_narm_logs/checkpoint/best_acc_model.pth.
INFO    [05-05 21:07:55] load_state_from_given_path in utils:
checkpoint epoch: 79
INFO    [05-05 21:07:55] load_state_from_given_path in utils:
Loading model's parameters
INFO    [05-05 21:07:55] test_with_given_state_path in BasicTrainer:
Finished loading. Start testing.
INFO    [05-05 21:08:35] test_with_given_state_path in BasicTrainer:
{'Recall@10': 0.05675901219248772, 'NDCG@10': 0.0339727308601141, 'MRR@10': 0.027039048448204994, 'Recall@5': 0.04009279742836952, 'NDCG@5': 0.02861530177295208, 'MRR@5': 0.024846810549497604, 'Recall*@10': 0.060870251506567004, 'NDCG*@10': 0.036388910710811614, 'MRR*@10': 0.028933639526367187, 'Recall*@5': 0.043128116726875304, 'NDCG*@5': 0.030686687156558038, 'MRR*@5': 0.026600977480411528}
INFO    [05-05 21:08:35] _evaluate in EnsembleDistillSched:
!!Final Result!!: {'Recall@10': 0.05675901219248772, 'NDCG@10': 0.0339727308601141, 'MRR@10': 0.027039048448204994, 'Recall@5': 0.04009279742836952, 'NDCG@5': 0.02861530177295208, 'MRR@5': 0.024846810549497604, 'Recall*@10': 0.060870251506567004, 'NDCG*@10': 0.036388910710811614, 'MRR*@10': 0.028933639526367187, 'Recall*@5': 0.043128116726875304, 'NDCG*@5': 0.030686687156558038, 'MRR*@5': 0.026600977480411528}
