INFO    [05-05 09:59:14] setup_train in utils:
{
    "experiment_dir": "___movies_ep_2022",
    "experiment_description": "ep",
    "describe": "{config[model_code]}-T-{config[T]}-al-{config[alpha]}-sr-{config[sample_rate]}",
    "dataset_name": "movies.csv",
    "sched": "ensemble_distill",
    "model_code": "narm",
    "mentor_code": "narm",
    "mentor2_code": "narm",
    "weight_list": [
        0.5,
        0.5
    ],
    "alpha": 0.75,
    "T": 6.0,
    "training_routine": "student",
    "softmaxed_mentor": true,
    "enable_auto_path_finder": true,
    "mentor_state_path": "___movies_base_partial_2022",
    "mentor_seed1": 2000,
    "mentor_seed2": 2001,
    "mentor_describe": "{config[model_code]}-rate-{config[sample_rate]}-seed-{config[sample_seed]}",
    "sample_rate": 0.8,
    "num_epochs": 80,
    "mode": [
        "train",
        "test"
    ],
    "test_state_path": null,
    "max_len": 10,
    "model_state_path": null,
    "rand_seed": 2022,
    "load_processed_dataset": true,
    "save_processed_dataset": false,
    "dataset_cache_filename": null,
    "do_remap": false,
    "weight_decay": 0,
    "decay_step": 15,
    "gamma": 0.99,
    "lr": 0.001,
    "min_length": 5,
    "min_item_inter": 5,
    "good_only": false,
    "use_rating": true,
    "test_negative_sampler_code": "random",
    "test_negative_sample_size": 0,
    "dataloader_type": "next",
    "train_batch_size": 4096,
    "val_batch_size": 4096,
    "test_batch_size": 4096,
    "prop_sliding_window": -1.0,
    "worker_number": 2,
    "metric_ks": [
        5,
        10
    ],
    "device": "cuda",
    "num_gpu": 1,
    "optimizer": "Adam",
    "best_metric": "NDCG@10",
    "show_process_bar": false,
    "enable_sample": false,
    "samples_ratio": 0.1,
    "config_file": "config2.movies/narm/config_distill_ensemble_partial.json",
    "task_id": 9,
    "split": "leave_one_out",
    "do_sampling": false,
    "path_for_sample": null,
    "sample_seed": 0,
    "train_negative_sampler_code": "random",
    "train_negative_sample_size": 100,
    "device_idx": "0",
    "momentum": null,
    "log_period_as_iter": 12800,
    "dvae_alpha": 0.5,
    "validation_rate": 0.2,
    "num_items": null,
    "start_index": 1,
    "kwargs": null
}
INFO    [05-05 09:59:30] _load_full_dataset_from_path in utils:
loading cache from /data01/wushiguang-slurm/Codes/soft-rec/Data/Cache/movies-5-5.pkl
INFO    [05-05 09:59:36] _check_dataset_cache in utils:
check if the cache is generated under this configuration
INFO    [05-05 09:59:36] _check_dataset_cache in utils:
correct.
INFO    [05-05 09:59:36] __init__ in NextItemDataloader:
there are 21035 items in this dataset, 82156 users, padding_first? False
DEBUG   [05-05 10:00:18] generate_model in utils:
model_code_list=['narm']
INFO    [05-05 10:00:32] load_model_config in utils:
loading model narm's config file at asset/config/model/narm.json
INFO    [05-05 10:00:44] load_model_config in utils:
{
    "embedding_size": 64,
    "hidden_size": 128,
    "n_layers": 1,
    "dropout_probs": [
        0.25,
        0.5
    ]
}
WARNING [05-05 10:00:56] get_exist_path in utils:
dir ___movies_ep_2022/ep_narm-T-6.0-al-0.75-sr-0.8_05-05_09:59_t9/teacher1_narm_logs does not exist! Create one.
WARNING [05-05 10:01:00] get_exist_path in utils:
dir ___movies_ep_2022/ep_narm-T-6.0-al-0.75-sr-0.8_05-05_09:59_t9/teacher1_narm_logs/tb_vis does not exist! Create one.
WARNING [05-05 10:01:18] get_exist_path in utils:
dir ___movies_ep_2022/ep_narm-T-6.0-al-0.75-sr-0.8_05-05_09:59_t9/teacher1_narm_logs/checkpoint does not exist! Create one.
INFO    [05-05 10:01:57] load_state_from_given_path in utils:
checkpoint epoch: 59
INFO    [05-05 10:01:57] load_state_from_given_path in utils:
Loading model's parameters
INFO    [05-05 10:01:57] load_state_from_given_path in utils:
Loading optimizer's parameters
DEBUG   [05-05 10:01:57] _generate_teacher_trainer in EnsembleDistillSched:
teacher1_narm: 
NARM(
  (item_embedding): Embedding(21036, 64, padding_idx=0)
  (emb_dropout): Dropout(p=0.25, inplace=False)
  (gru): GRU(64, 128, bias=False, batch_first=True)
  (a_1): Linear(in_features=128, out_features=128, bias=False)
  (a_2): Linear(in_features=128, out_features=128, bias=False)
  (v_t): Linear(in_features=128, out_features=1, bias=False)
  (ct_dropout): Dropout(p=0.5, inplace=False)
  (b): Linear(in_features=256, out_features=64, bias=False)
  (loss_fct): CrossEntropyLoss()
)
INFO    [05-05 10:01:57] assert_model_device in utils:
model teacher1_narm has 5.60498046875 MB params.
INFO    [05-05 10:01:57] __init__ in BasicTrainer:
450560 iter per epoch
DEBUG   [05-05 10:01:57] generate_model in utils:
model_code_list=['narm']
INFO    [05-05 10:01:57] load_model_config in utils:
loading model narm's config file at asset/config/model/narm.json
INFO    [05-05 10:02:01] load_model_config in utils:
{
    "embedding_size": 64,
    "hidden_size": 128,
    "n_layers": 1,
    "dropout_probs": [
        0.25,
        0.5
    ]
}
WARNING [05-05 10:02:10] get_exist_path in utils:
dir ___movies_ep_2022/ep_narm-T-6.0-al-0.75-sr-0.8_05-05_09:59_t9/teacher2_narm_logs does not exist! Create one.
WARNING [05-05 10:02:24] get_exist_path in utils:
dir ___movies_ep_2022/ep_narm-T-6.0-al-0.75-sr-0.8_05-05_09:59_t9/teacher2_narm_logs/tb_vis does not exist! Create one.
WARNING [05-05 10:02:44] get_exist_path in utils:
dir ___movies_ep_2022/ep_narm-T-6.0-al-0.75-sr-0.8_05-05_09:59_t9/teacher2_narm_logs/checkpoint does not exist! Create one.
INFO    [05-05 10:03:11] load_state_from_given_path in utils:
checkpoint epoch: 59
INFO    [05-05 10:03:11] load_state_from_given_path in utils:
Loading model's parameters
INFO    [05-05 10:03:11] load_state_from_given_path in utils:
Loading optimizer's parameters
DEBUG   [05-05 10:03:11] _generate_teacher_trainer in EnsembleDistillSched:
teacher2_narm: 
NARM(
  (item_embedding): Embedding(21036, 64, padding_idx=0)
  (emb_dropout): Dropout(p=0.25, inplace=False)
  (gru): GRU(64, 128, bias=False, batch_first=True)
  (a_1): Linear(in_features=128, out_features=128, bias=False)
  (a_2): Linear(in_features=128, out_features=128, bias=False)
  (v_t): Linear(in_features=128, out_features=1, bias=False)
  (ct_dropout): Dropout(p=0.5, inplace=False)
  (b): Linear(in_features=256, out_features=64, bias=False)
  (loss_fct): CrossEntropyLoss()
)
INFO    [05-05 10:03:11] assert_model_device in utils:
model teacher2_narm has 5.60498046875 MB params.
INFO    [05-05 10:03:11] __init__ in BasicTrainer:
450560 iter per epoch
DEBUG   [05-05 10:03:11] generate_model in utils:
model_code_list=['narm']
INFO    [05-05 10:03:11] load_model_config in utils:
loading model narm's config file at asset/config/model/narm.json
INFO    [05-05 10:03:18] load_model_config in utils:
{
    "embedding_size": 64,
    "hidden_size": 128,
    "n_layers": 1,
    "dropout_probs": [
        0.25,
        0.5
    ]
}
WARNING [05-05 10:03:29] get_exist_path in utils:
dir ___movies_ep_2022/ep_narm-T-6.0-al-0.75-sr-0.8_05-05_09:59_t9/student_narm_logs does not exist! Create one.
WARNING [05-05 10:03:42] get_exist_path in utils:
dir ___movies_ep_2022/ep_narm-T-6.0-al-0.75-sr-0.8_05-05_09:59_t9/student_narm_logs/tb_vis does not exist! Create one.
WARNING [05-05 10:04:01] get_exist_path in utils:
dir ___movies_ep_2022/ep_narm-T-6.0-al-0.75-sr-0.8_05-05_09:59_t9/student_narm_logs/checkpoint does not exist! Create one.
WARNING [05-05 10:04:13] get_path in utils:
Path is None
WARNING [05-05 10:04:13] load_state_from_given_path in utils:
Not given any path.
DEBUG   [05-05 10:04:13] _generate_student_trainer in EnsembleDistillSched:
student_narm: 
NARM(
  (item_embedding): Embedding(21036, 64, padding_idx=0)
  (emb_dropout): Dropout(p=0.25, inplace=False)
  (gru): GRU(64, 128, bias=False, batch_first=True)
  (a_1): Linear(in_features=128, out_features=128, bias=False)
  (a_2): Linear(in_features=128, out_features=128, bias=False)
  (v_t): Linear(in_features=128, out_features=1, bias=False)
  (ct_dropout): Dropout(p=0.5, inplace=False)
  (b): Linear(in_features=256, out_features=64, bias=False)
  (loss_fct): CrossEntropyLoss()
)
INFO    [05-05 10:04:13] assert_model_device in utils:
model student_narm has 5.60498046875 MB params.
INFO    [05-05 10:04:13] assert_model_device in utils:
model mix_narm_narm has 0.0 MB params.
INFO    [05-05 10:04:13] assert_model_device in utils:
model mix_narm_narm has no param
INFO    [05-05 10:04:13] __init__ in DistillTrainer:
450560 iter per epoch
INFO    [05-05 10:04:13] _set_current_routine in Routine:
first routine: student
INFO    [05-05 10:04:13] run_routine in Routine:
Start routine student
INFO    [05-05 10:04:13] run_routine in Routine:
Start training
INFO    [05-05 10:04:13] train in DistillTrainer:
Test mentor model: mix_narm_narm
DEBUG   [05-05 10:04:15] forward in Ensembler:
raw predict
DEBUG   [05-05 10:04:15] forward in Ensembler:
[tensor([[9.3106e-06, 7.2230e-05, 3.1330e-05,  ..., 2.4096e-05, 4.2248e-05,
         5.4681e-05],
        [5.7024e-06, 2.0400e-05, 1.7341e-05,  ..., 1.0247e-05, 7.4461e-05,
         6.8380e-05],
        [1.3988e-05, 3.6391e-05, 3.4282e-05,  ..., 8.5619e-06, 3.1197e-05,
         2.1430e-05],
        ...,
        [7.8471e-06, 4.1646e-06, 1.0581e-05,  ..., 4.3045e-06, 6.2326e-05,
         8.0383e-06],
        [9.3923e-06, 1.6506e-04, 2.9919e-05,  ..., 2.4498e-05, 4.9458e-05,
         3.8362e-05],
        [1.4698e-05, 6.1938e-05, 3.9156e-05,  ..., 2.4634e-05, 1.8132e-05,
         6.1979e-05]], device='cuda:0'), tensor([[1.1866e-05, 6.3180e-05, 4.0203e-05,  ..., 2.3709e-05, 4.0503e-05,
         5.9298e-05],
        [8.9230e-06, 2.2649e-05, 1.7785e-05,  ..., 1.6432e-05, 3.2108e-05,
         6.1149e-05],
        [1.4808e-05, 3.5725e-05, 4.4266e-05,  ..., 2.6672e-05, 2.3275e-05,
         3.5226e-05],
        ...,
        [6.6390e-06, 6.9679e-06, 1.7771e-05,  ..., 2.7094e-06, 7.6287e-05,
         2.2879e-05],
        [1.0266e-05, 1.4482e-04, 2.4994e-05,  ..., 5.3472e-05, 3.9806e-05,
         3.7206e-05],
        [2.0389e-05, 4.2412e-05, 9.5488e-05,  ..., 9.3948e-06, 1.0470e-05,
         3.4366e-05]], device='cuda:0')]
DEBUG   [05-05 10:04:15] forward in Ensembler:
raw confidence
DEBUG   [05-05 10:04:15] forward in Ensembler:
[tensor([0.0002, 0.0003, 0.0003,  ..., 0.0015, 0.0003, 0.0003], device='cuda:0'), tensor([0.0002, 0.0003, 0.0003,  ..., 0.0011, 0.0003, 0.0005], device='cuda:0')]
DEBUG   [05-05 10:04:15] forward in Ensembler:
weighted predict
DEBUG   [05-05 10:04:15] forward in Ensembler:
[tensor([[4.6553e-06, 3.6115e-05, 1.5665e-05,  ..., 1.2048e-05, 2.1124e-05,
         2.7340e-05],
        [2.8512e-06, 1.0200e-05, 8.6706e-06,  ..., 5.1235e-06, 3.7231e-05,
         3.4190e-05],
        [6.9938e-06, 1.8196e-05, 1.7141e-05,  ..., 4.2809e-06, 1.5599e-05,
         1.0715e-05],
        ...,
        [3.9236e-06, 2.0823e-06, 5.2906e-06,  ..., 2.1522e-06, 3.1163e-05,
         4.0192e-06],
        [4.6962e-06, 8.2529e-05, 1.4959e-05,  ..., 1.2249e-05, 2.4729e-05,
         1.9181e-05],
        [7.3492e-06, 3.0969e-05, 1.9578e-05,  ..., 1.2317e-05, 9.0659e-06,
         3.0990e-05]], device='cuda:0'), tensor([[5.9330e-06, 3.1590e-05, 2.0102e-05,  ..., 1.1854e-05, 2.0251e-05,
         2.9649e-05],
        [4.4615e-06, 1.1324e-05, 8.8926e-06,  ..., 8.2159e-06, 1.6054e-05,
         3.0575e-05],
        [7.4038e-06, 1.7862e-05, 2.2133e-05,  ..., 1.3336e-05, 1.1638e-05,
         1.7613e-05],
        ...,
        [3.3195e-06, 3.4839e-06, 8.8853e-06,  ..., 1.3547e-06, 3.8144e-05,
         1.1439e-05],
        [5.1329e-06, 7.2411e-05, 1.2497e-05,  ..., 2.6736e-05, 1.9903e-05,
         1.8603e-05],
        [1.0194e-05, 2.1206e-05, 4.7744e-05,  ..., 4.6974e-06, 5.2352e-06,
         1.7183e-05]], device='cuda:0')]
DEBUG   [05-05 10:04:15] forward in Ensembler:
final predict
DEBUG   [05-05 10:04:15] forward in Ensembler:
tensor([[1.0588e-05, 6.7705e-05, 3.5767e-05,  ..., 2.3902e-05, 4.1375e-05,
         5.6989e-05],
        [7.3127e-06, 2.1524e-05, 1.7563e-05,  ..., 1.3339e-05, 5.3284e-05,
         6.4765e-05],
        [1.4398e-05, 3.6058e-05, 3.9274e-05,  ..., 1.7617e-05, 2.7236e-05,
         2.8328e-05],
        ...,
        [7.2431e-06, 5.5662e-06, 1.4176e-05,  ..., 3.5069e-06, 6.9306e-05,
         1.5458e-05],
        [9.8290e-06, 1.5494e-04, 2.7456e-05,  ..., 3.8985e-05, 4.4632e-05,
         3.7784e-05],
        [1.7544e-05, 5.2175e-05, 6.7322e-05,  ..., 1.7014e-05, 1.4301e-05,
         4.8172e-05]], device='cuda:0')
DEBUG   [05-05 10:04:15] forward in Ensembler:
final confidence
DEBUG   [05-05 10:04:15] forward in Ensembler:
tensor([0.0002, 0.0003, 0.0002,  ..., 0.0013, 0.0003, 0.0003], device='cuda:0')
DEBUG   [05-05 10:04:16] forward in Ensembler:
raw predict
DEBUG   [05-05 10:04:16] forward in Ensembler:
[tensor([[1.1349e-05, 5.1674e-05, 4.2074e-05,  ..., 1.8600e-05, 7.0711e-05,
         5.6508e-05],
        [5.3585e-06, 8.9951e-05, 3.2079e-05,  ..., 3.7083e-05, 4.3746e-05,
         3.3194e-05],
        [1.0015e-05, 3.0973e-05, 2.9353e-05,  ..., 2.2322e-05, 4.4907e-05,
         4.7719e-05],
        ...,
        [1.5343e-05, 6.2877e-05, 4.8023e-05,  ..., 4.4033e-05, 2.6497e-05,
         3.9327e-05],
        [6.5396e-06, 3.0978e-05, 1.1898e-05,  ..., 8.5188e-06, 3.3119e-05,
         5.3818e-05],
        [1.0423e-05, 7.2168e-05, 2.0106e-05,  ..., 1.5398e-05, 5.7390e-05,
         4.2165e-05]], device='cuda:0'), tensor([[1.2154e-05, 6.3974e-05, 4.2685e-05,  ..., 2.1355e-05, 6.4582e-05,
         3.6981e-05],
        [1.0398e-05, 9.7281e-05, 2.4128e-05,  ..., 2.6493e-05, 4.1191e-05,
         4.4171e-05],
        [1.3647e-05, 4.5504e-05, 3.1767e-05,  ..., 2.1403e-05, 4.7666e-05,
         4.4538e-05],
        ...,
        [2.1499e-05, 1.0746e-04, 6.8659e-05,  ..., 4.1777e-05, 3.8897e-05,
         3.9665e-05],
        [9.0222e-06, 2.6025e-05, 1.6904e-05,  ..., 1.6001e-05, 3.4252e-05,
         5.5886e-05],
        [1.5832e-05, 1.1566e-04, 3.1424e-05,  ..., 3.3450e-05, 6.3623e-05,
         3.2559e-05]], device='cuda:0')]
DEBUG   [05-05 10:04:16] forward in Ensembler:
raw confidence
DEBUG   [05-05 10:04:16] forward in Ensembler:
[tensor([0.0001, 0.0003, 0.0003,  ..., 0.0002, 0.0002, 0.0002], device='cuda:0'), tensor([0.0002, 0.0004, 0.0002,  ..., 0.0002, 0.0003, 0.0002], device='cuda:0')]
DEBUG   [05-05 10:04:16] forward in Ensembler:
weighted predict
DEBUG   [05-05 10:04:16] forward in Ensembler:
[tensor([[5.6746e-06, 2.5837e-05, 2.1037e-05,  ..., 9.3002e-06, 3.5355e-05,
         2.8254e-05],
        [2.6792e-06, 4.4975e-05, 1.6039e-05,  ..., 1.8542e-05, 2.1873e-05,
         1.6597e-05],
        [5.0074e-06, 1.5487e-05, 1.4676e-05,  ..., 1.1161e-05, 2.2453e-05,
         2.3860e-05],
        ...,
        [7.6717e-06, 3.1439e-05, 2.4011e-05,  ..., 2.2016e-05, 1.3249e-05,
         1.9663e-05],
        [3.2698e-06, 1.5489e-05, 5.9488e-06,  ..., 4.2594e-06, 1.6559e-05,
         2.6909e-05],
        [5.2114e-06, 3.6084e-05, 1.0053e-05,  ..., 7.6989e-06, 2.8695e-05,
         2.1082e-05]], device='cuda:0'), tensor([[6.0772e-06, 3.1987e-05, 2.1343e-05,  ..., 1.0677e-05, 3.2291e-05,
         1.8491e-05],
        [5.1988e-06, 4.8641e-05, 1.2064e-05,  ..., 1.3246e-05, 2.0595e-05,
         2.2085e-05],
        [6.8234e-06, 2.2752e-05, 1.5884e-05,  ..., 1.0701e-05, 2.3833e-05,
         2.2269e-05],
        ...,
        [1.0750e-05, 5.3732e-05, 3.4329e-05,  ..., 2.0889e-05, 1.9449e-05,
         1.9832e-05],
        [4.5111e-06, 1.3012e-05, 8.4522e-06,  ..., 8.0007e-06, 1.7126e-05,
         2.7943e-05],
        [7.9161e-06, 5.7832e-05, 1.5712e-05,  ..., 1.6725e-05, 3.1812e-05,
         1.6280e-05]], device='cuda:0')]
DEBUG   [05-05 10:04:16] forward in Ensembler:
final predict
DEBUG   [05-05 10:04:16] forward in Ensembler:
tensor([[1.1752e-05, 5.7824e-05, 4.2380e-05,  ..., 1.9978e-05, 6.7646e-05,
         4.6745e-05],
        [7.8780e-06, 9.3616e-05, 2.8103e-05,  ..., 3.1788e-05, 4.2468e-05,
         3.8682e-05],
        [1.1831e-05, 3.8239e-05, 3.0560e-05,  ..., 2.1863e-05, 4.6286e-05,
         4.6129e-05],
        ...,
        [1.8421e-05, 8.5170e-05, 5.8341e-05,  ..., 4.2905e-05, 3.2697e-05,
         3.9496e-05],
        [7.7809e-06, 2.8501e-05, 1.4401e-05,  ..., 1.2260e-05, 3.3685e-05,
         5.4852e-05],
        [1.3128e-05, 9.3916e-05, 2.5765e-05,  ..., 2.4424e-05, 6.0507e-05,
         3.7362e-05]], device='cuda:0')
DEBUG   [05-05 10:04:16] forward in Ensembler:
final confidence
DEBUG   [05-05 10:04:16] forward in Ensembler:
tensor([0.0001, 0.0003, 0.0002,  ..., 0.0002, 0.0002, 0.0002], device='cuda:0')
DEBUG   [05-05 10:04:18] forward in Ensembler:
raw predict
DEBUG   [05-05 10:04:19] forward in Ensembler:
[tensor([[9.4918e-06, 4.2931e-05, 1.4927e-05,  ..., 2.3100e-05, 4.5601e-05,
         4.8157e-05],
        [4.7371e-06, 3.7248e-05, 4.8911e-06,  ..., 2.5543e-06, 4.4286e-05,
         5.4684e-05],
        [1.3005e-05, 4.3002e-05, 3.2896e-05,  ..., 2.6726e-05, 7.8086e-05,
         5.5807e-05],
        ...,
        [9.3483e-06, 5.8543e-05, 2.9844e-05,  ..., 6.4241e-05, 2.2375e-05,
         6.3817e-05],
        [1.0857e-05, 7.6823e-05, 3.3826e-05,  ..., 3.9117e-05, 4.2334e-05,
         4.3183e-05],
        [1.0522e-05, 2.8076e-05, 1.7827e-05,  ..., 1.9512e-05, 3.9891e-05,
         6.8832e-05]], device='cuda:0'), tensor([[1.2649e-05, 3.3745e-05, 1.2769e-05,  ..., 2.3851e-05, 2.6864e-05,
         4.9471e-05],
        [3.6749e-06, 2.8159e-05, 3.4155e-06,  ..., 7.4241e-06, 2.7082e-05,
         3.2772e-05],
        [1.0059e-05, 5.3627e-05, 3.6944e-05,  ..., 3.7224e-05, 6.0004e-05,
         4.3867e-05],
        ...,
        [9.1132e-06, 5.5457e-05, 3.5875e-05,  ..., 7.0994e-05, 2.2306e-05,
         5.1241e-05],
        [1.1716e-05, 5.7357e-05, 2.5567e-05,  ..., 5.7745e-05, 3.2099e-05,
         4.9607e-05],
        [1.1903e-05, 2.4338e-05, 1.6797e-05,  ..., 2.5778e-05, 3.8970e-05,
         8.3554e-05]], device='cuda:0')]
DEBUG   [05-05 10:04:19] forward in Ensembler:
raw confidence
DEBUG   [05-05 10:04:19] forward in Ensembler:
[tensor([0.0002, 0.0004, 0.0002,  ..., 0.0003, 0.0002, 0.0002], device='cuda:0'), tensor([0.0003, 0.0004, 0.0001,  ..., 0.0002, 0.0001, 0.0002], device='cuda:0')]
DEBUG   [05-05 10:04:19] forward in Ensembler:
weighted predict
DEBUG   [05-05 10:04:19] forward in Ensembler:
[tensor([[4.7459e-06, 2.1466e-05, 7.4634e-06,  ..., 1.1550e-05, 2.2800e-05,
         2.4078e-05],
        [2.3686e-06, 1.8624e-05, 2.4455e-06,  ..., 1.2771e-06, 2.2143e-05,
         2.7342e-05],
        [6.5026e-06, 2.1501e-05, 1.6448e-05,  ..., 1.3363e-05, 3.9043e-05,
         2.7904e-05],
        ...,
        [4.6742e-06, 2.9271e-05, 1.4922e-05,  ..., 3.2120e-05, 1.1187e-05,
         3.1909e-05],
        [5.4283e-06, 3.8411e-05, 1.6913e-05,  ..., 1.9559e-05, 2.1167e-05,
         2.1592e-05],
        [5.2609e-06, 1.4038e-05, 8.9136e-06,  ..., 9.7559e-06, 1.9946e-05,
         3.4416e-05]], device='cuda:0'), tensor([[6.3245e-06, 1.6872e-05, 6.3844e-06,  ..., 1.1926e-05, 1.3432e-05,
         2.4736e-05],
        [1.8375e-06, 1.4079e-05, 1.7077e-06,  ..., 3.7120e-06, 1.3541e-05,
         1.6386e-05],
        [5.0294e-06, 2.6813e-05, 1.8472e-05,  ..., 1.8612e-05, 3.0002e-05,
         2.1934e-05],
        ...,
        [4.5566e-06, 2.7729e-05, 1.7937e-05,  ..., 3.5497e-05, 1.1153e-05,
         2.5620e-05],
        [5.8582e-06, 2.8679e-05, 1.2784e-05,  ..., 2.8872e-05, 1.6049e-05,
         2.4804e-05],
        [5.9514e-06, 1.2169e-05, 8.3986e-06,  ..., 1.2889e-05, 1.9485e-05,
         4.1777e-05]], device='cuda:0')]
DEBUG   [05-05 10:04:19] forward in Ensembler:
final predict
DEBUG   [05-05 10:04:19] forward in Ensembler:
tensor([[1.1070e-05, 3.8338e-05, 1.3848e-05,  ..., 2.3475e-05, 3.6232e-05,
         4.8814e-05],
        [4.2060e-06, 3.2703e-05, 4.1533e-06,  ..., 4.9892e-06, 3.5684e-05,
         4.3728e-05],
        [1.1532e-05, 4.8314e-05, 3.4920e-05,  ..., 3.1975e-05, 6.9045e-05,
         4.9837e-05],
        ...,
        [9.2308e-06, 5.7000e-05, 3.2859e-05,  ..., 6.7618e-05, 2.2340e-05,
         5.7529e-05],
        [1.1286e-05, 6.7090e-05, 2.9697e-05,  ..., 4.8431e-05, 3.7216e-05,
         4.6395e-05],
        [1.1212e-05, 2.6207e-05, 1.7312e-05,  ..., 2.2645e-05, 3.9430e-05,
         7.6193e-05]], device='cuda:0')
DEBUG   [05-05 10:04:19] forward in Ensembler:
final confidence
DEBUG   [05-05 10:04:19] forward in Ensembler:
tensor([0.0002, 0.0004, 0.0001,  ..., 0.0003, 0.0001, 0.0002], device='cuda:0')
DEBUG   [05-05 10:04:20] forward in Ensembler:
raw predict
DEBUG   [05-05 10:04:20] forward in Ensembler:
[tensor([[1.4630e-05, 4.3143e-05, 4.3761e-05,  ..., 5.4003e-05, 2.0347e-05,
         5.1647e-05],
        [1.3346e-05, 1.1254e-04, 7.0748e-05,  ..., 4.8857e-05, 7.4499e-05,
         3.3602e-05],
        [5.5242e-06, 1.5729e-05, 9.0463e-06,  ..., 6.0102e-06, 2.4530e-05,
         6.1913e-05],
        ...,
        [1.1595e-05, 2.8181e-05, 1.3480e-05,  ..., 1.6537e-05, 2.2508e-05,
         3.8848e-05],
        [7.6946e-06, 8.3943e-06, 1.9156e-05,  ..., 2.0448e-05, 1.8698e-05,
         8.0387e-05],
        [1.8975e-05, 5.3881e-05, 5.4152e-05,  ..., 4.0434e-05, 2.4808e-05,
         4.8499e-05]], device='cuda:0'), tensor([[1.8056e-05, 7.2493e-05, 3.7021e-05,  ..., 3.6751e-05, 4.9280e-05,
         4.8494e-05],
        [1.4733e-05, 1.2531e-04, 4.7252e-05,  ..., 7.6108e-05, 7.9811e-05,
         5.0678e-05],
        [9.1495e-06, 8.2659e-06, 1.0275e-05,  ..., 8.0941e-06, 2.7456e-05,
         8.5678e-05],
        ...,
        [1.1232e-05, 3.4606e-05, 1.0739e-05,  ..., 1.9744e-05, 2.0159e-05,
         4.6542e-05],
        [1.1633e-05, 1.5255e-05, 2.1953e-05,  ..., 3.1283e-05, 2.7125e-05,
         8.6533e-05],
        [1.4615e-05, 7.2951e-05, 3.3316e-05,  ..., 1.5121e-04, 8.6410e-06,
         3.1736e-05]], device='cuda:0')]
DEBUG   [05-05 10:04:20] forward in Ensembler:
raw confidence
DEBUG   [05-05 10:04:20] forward in Ensembler:
[tensor([0.0004, 0.0002, 0.0004,  ..., 0.0002, 0.0003, 0.0003], device='cuda:0'), tensor([0.0004, 0.0002, 0.0004,  ..., 0.0002, 0.0002, 0.0005], device='cuda:0')]
DEBUG   [05-05 10:04:20] forward in Ensembler:
weighted predict
DEBUG   [05-05 10:04:20] forward in Ensembler:
[tensor([[7.3148e-06, 2.1571e-05, 2.1881e-05,  ..., 2.7001e-05, 1.0174e-05,
         2.5823e-05],
        [6.6732e-06, 5.6272e-05, 3.5374e-05,  ..., 2.4429e-05, 3.7250e-05,
         1.6801e-05],
        [2.7621e-06, 7.8645e-06, 4.5231e-06,  ..., 3.0051e-06, 1.2265e-05,
         3.0957e-05],
        ...,
        [5.7974e-06, 1.4091e-05, 6.7401e-06,  ..., 8.2686e-06, 1.1254e-05,
         1.9424e-05],
        [3.8473e-06, 4.1972e-06, 9.5780e-06,  ..., 1.0224e-05, 9.3489e-06,
         4.0194e-05],
        [9.4877e-06, 2.6941e-05, 2.7076e-05,  ..., 2.0217e-05, 1.2404e-05,
         2.4249e-05]], device='cuda:0'), tensor([[9.0282e-06, 3.6246e-05, 1.8511e-05,  ..., 1.8376e-05, 2.4640e-05,
         2.4247e-05],
        [7.3665e-06, 6.2656e-05, 2.3626e-05,  ..., 3.8054e-05, 3.9905e-05,
         2.5339e-05],
        [4.5747e-06, 4.1329e-06, 5.1377e-06,  ..., 4.0471e-06, 1.3728e-05,
         4.2839e-05],
        ...,
        [5.6158e-06, 1.7303e-05, 5.3697e-06,  ..., 9.8719e-06, 1.0079e-05,
         2.3271e-05],
        [5.8166e-06, 7.6275e-06, 1.0976e-05,  ..., 1.5642e-05, 1.3562e-05,
         4.3267e-05],
        [7.3074e-06, 3.6475e-05, 1.6658e-05,  ..., 7.5607e-05, 4.3205e-06,
         1.5868e-05]], device='cuda:0')]
DEBUG   [05-05 10:04:20] forward in Ensembler:
final predict
DEBUG   [05-05 10:04:20] forward in Ensembler:
tensor([[1.6343e-05, 5.7818e-05, 4.0391e-05,  ..., 4.5377e-05, 3.4814e-05,
         5.0071e-05],
        [1.4040e-05, 1.1893e-04, 5.9000e-05,  ..., 6.2482e-05, 7.7155e-05,
         4.2140e-05],
        [7.3368e-06, 1.1997e-05, 9.6608e-06,  ..., 7.0521e-06, 2.5993e-05,
         7.3796e-05],
        ...,
        [1.1413e-05, 3.1393e-05, 1.2110e-05,  ..., 1.8140e-05, 2.1334e-05,
         4.2695e-05],
        [9.6639e-06, 1.1825e-05, 2.0554e-05,  ..., 2.5866e-05, 2.2911e-05,
         8.3460e-05],
        [1.6795e-05, 6.3416e-05, 4.3734e-05,  ..., 9.5824e-05, 1.6724e-05,
         4.0117e-05]], device='cuda:0')
DEBUG   [05-05 10:04:20] forward in Ensembler:
final confidence
DEBUG   [05-05 10:04:20] forward in Ensembler:
tensor([0.0004, 0.0002, 0.0004,  ..., 0.0002, 0.0003, 0.0004], device='cuda:0')
DEBUG   [05-05 10:04:22] forward in Ensembler:
raw predict
DEBUG   [05-05 10:04:22] forward in Ensembler:
[tensor([[1.1148e-05, 1.8243e-05, 1.3812e-05,  ..., 5.6012e-06, 2.1939e-05,
         4.2492e-05],
        [1.1385e-05, 3.0097e-05, 1.6390e-05,  ..., 1.9237e-05, 5.5337e-05,
         8.5577e-05],
        [1.8926e-05, 3.5263e-05, 2.9778e-05,  ..., 1.9280e-05, 3.5226e-05,
         4.4899e-05],
        ...,
        [6.8451e-06, 6.9515e-05, 3.4840e-05,  ..., 4.5615e-05, 5.3188e-05,
         4.6982e-05],
        [7.2617e-06, 5.8013e-05, 3.1763e-05,  ..., 4.7018e-05, 4.3000e-05,
         5.0636e-05],
        [9.6887e-06, 1.6214e-05, 1.8236e-05,  ..., 2.4276e-05, 3.5641e-05,
         8.2090e-05]], device='cuda:0'), tensor([[9.4685e-06, 2.7146e-05, 2.0063e-05,  ..., 1.1055e-05, 2.0273e-05,
         6.9344e-05],
        [1.3541e-05, 2.2359e-05, 2.2126e-05,  ..., 3.3545e-05, 4.8813e-05,
         6.8187e-05],
        [2.0018e-05, 3.6304e-05, 1.7051e-05,  ..., 1.1211e-05, 7.1994e-05,
         4.9115e-05],
        ...,
        [8.1669e-06, 3.9196e-05, 3.6151e-05,  ..., 5.7373e-05, 5.0693e-05,
         7.6174e-05],
        [7.7843e-06, 3.4545e-05, 3.5121e-05,  ..., 6.3077e-05, 3.7370e-05,
         7.8874e-05],
        [1.0318e-05, 1.7954e-05, 2.2709e-05,  ..., 2.7551e-05, 3.7842e-05,
         8.7593e-05]], device='cuda:0')]
DEBUG   [05-05 10:04:22] forward in Ensembler:
raw confidence
DEBUG   [05-05 10:04:22] forward in Ensembler:
[tensor([0.0003, 0.0002, 0.0004,  ..., 0.0002, 0.0002, 0.0003], device='cuda:0'), tensor([0.0002, 0.0001, 0.0006,  ..., 0.0002, 0.0003, 0.0003], device='cuda:0')]
DEBUG   [05-05 10:04:22] forward in Ensembler:
weighted predict
DEBUG   [05-05 10:04:22] forward in Ensembler:
[tensor([[5.5741e-06, 9.1217e-06, 6.9060e-06,  ..., 2.8006e-06, 1.0970e-05,
         2.1246e-05],
        [5.6925e-06, 1.5048e-05, 8.1950e-06,  ..., 9.6186e-06, 2.7669e-05,
         4.2789e-05],
        [9.4630e-06, 1.7632e-05, 1.4889e-05,  ..., 9.6400e-06, 1.7613e-05,
         2.2449e-05],
        ...,
        [3.4225e-06, 3.4757e-05, 1.7420e-05,  ..., 2.2808e-05, 2.6594e-05,
         2.3491e-05],
        [3.6309e-06, 2.9007e-05, 1.5882e-05,  ..., 2.3509e-05, 2.1500e-05,
         2.5318e-05],
        [4.8443e-06, 8.1071e-06, 9.1182e-06,  ..., 1.2138e-05, 1.7821e-05,
         4.1045e-05]], device='cuda:0'), tensor([[4.7342e-06, 1.3573e-05, 1.0032e-05,  ..., 5.5273e-06, 1.0137e-05,
         3.4672e-05],
        [6.7705e-06, 1.1179e-05, 1.1063e-05,  ..., 1.6773e-05, 2.4406e-05,
         3.4093e-05],
        [1.0009e-05, 1.8152e-05, 8.5253e-06,  ..., 5.6057e-06, 3.5997e-05,
         2.4558e-05],
        ...,
        [4.0834e-06, 1.9598e-05, 1.8075e-05,  ..., 2.8687e-05, 2.5347e-05,
         3.8087e-05],
        [3.8922e-06, 1.7273e-05, 1.7560e-05,  ..., 3.1539e-05, 1.8685e-05,
         3.9437e-05],
        [5.1590e-06, 8.9768e-06, 1.1354e-05,  ..., 1.3776e-05, 1.8921e-05,
         4.3797e-05]], device='cuda:0')]
DEBUG   [05-05 10:04:22] forward in Ensembler:
final predict
DEBUG   [05-05 10:04:22] forward in Ensembler:
tensor([[1.0308e-05, 2.2695e-05, 1.6938e-05,  ..., 8.3279e-06, 2.1106e-05,
         5.5918e-05],
        [1.2463e-05, 2.6228e-05, 1.9258e-05,  ..., 2.6391e-05, 5.2075e-05,
         7.6882e-05],
        [1.9472e-05, 3.5784e-05, 2.3414e-05,  ..., 1.5246e-05, 5.3610e-05,
         4.7007e-05],
        ...,
        [7.5060e-06, 5.4355e-05, 3.5495e-05,  ..., 5.1494e-05, 5.1941e-05,
         6.1578e-05],
        [7.5230e-06, 4.6279e-05, 3.3442e-05,  ..., 5.5048e-05, 4.0185e-05,
         6.4755e-05],
        [1.0003e-05, 1.7084e-05, 2.0473e-05,  ..., 2.5914e-05, 3.6742e-05,
         8.4842e-05]], device='cuda:0')
DEBUG   [05-05 10:04:22] forward in Ensembler:
final confidence
DEBUG   [05-05 10:04:22] forward in Ensembler:
tensor([0.0002, 0.0001, 0.0004,  ..., 0.0002, 0.0003, 0.0003], device='cuda:0')
INFO    [05-05 10:04:49] test_mentor in DistillTrainer:
{'Recall@10': 0.09263609598080318, 'NDCG@10': 0.053529562339896246, 'MRR@10': 0.041690003126859665, 'Recall@5': 0.06285192498138972, 'NDCG@5': 0.04398210843404134, 'MRR@5': 0.03779882857842105, 'Recall*@10': 0.09473476878234319, 'NDCG*@10': 0.05562899031099819, 'MRR*@10': 0.04376181605316344, 'Recall*@5': 0.06556362889352299, 'NDCG*@5': 0.04625536394970758, 'MRR*@5': 0.03992782834739912}
INFO    [05-05 10:04:49] train in DistillTrainer:
result:
{'Recall@10': 0.09263609598080318, 'NDCG@10': 0.053529562339896246, 'MRR@10': 0.041690003126859665, 'Recall@5': 0.06285192498138972, 'NDCG@5': 0.04398210843404134, 'MRR@5': 0.03779882857842105, 'Recall*@10': 0.09473476878234319, 'NDCG*@10': 0.05562899031099819, 'MRR*@10': 0.04376181605316344, 'Recall*@5': 0.06556362889352299, 'NDCG*@5': 0.04625536394970758, 'MRR*@5': 0.03992782834739912}
INFO    [05-05 10:05:33] log in loggers:
Update Best NDCG@10 Model at 0
INFO    [05-05 10:05:41] validate in BasicTrainer:
{'Recall@10': 0.0005621736913564659, 'NDCG@10': 0.0002518326828500167, 'MRR@10': 0.00016323403568614076, 'Recall@5': 0.000244140625, 'NDCG@5': 0.0001554943959317392, 'MRR@5': 0.00012730189960815812, 'Recall*@10': 0.0006350042725292345, 'NDCG*@10': 0.00026557081859902523, 'MRR*@10': 0.00016128076735878407, 'Recall*@5': 0.0002341387305586111, 'NDCG*@5': 0.0001443168709686558, 'MRR*@5': 0.00011615793378691055}
INFO    [05-05 10:05:41] train in BasicTrainer:
epoch: 0
DEBUG   [05-05 10:05:41] calculate_loss in loss:
soft_target max: 0.5049082636833191, argmax 84237252
DEBUG   [05-05 10:05:42] calculate_loss in loss:
pred max in softmax: 4.766563142766245e-05, argmax 12561770
INFO    [05-05 10:10:32] _train_one_epoch in BasicTrainer:
loss = 5.527393050627275
INFO    [05-05 10:11:08] log in loggers:
Update Best NDCG@10 Model at 0
INFO    [05-05 10:11:13] validate in BasicTrainer:
{'Recall@10': 0.016615552739018484, 'NDCG@10': 0.008428990907434906, 'MRR@10': 0.00596144970595127, 'Recall@5': 0.01032937504351139, 'NDCG@5': 0.006406527300853105, 'MRR@5': 0.0051328744184935375, 'Recall*@10': 0.015915959496938047, 'NDCG*@10': 0.00827732870710038, 'MRR*@10': 0.005983463089380946, 'Recall*@5': 0.009802001373221477, 'NDCG*@5': 0.006314380803988094, 'MRR*@5': 0.00518173082465572}
INFO    [05-05 10:11:13] train in BasicTrainer:
duration: 332.2678692340851s
INFO    [05-05 10:11:13] train in BasicTrainer:
epoch: 1
INFO    [05-05 10:14:19] _train_one_epoch in BasicTrainer:
loss = 5.3020870122042565
INFO    [05-05 10:14:55] log in loggers:
Update Best NDCG@10 Model at 1
INFO    [05-05 10:14:59] validate in BasicTrainer:
{'Recall@10': 0.01740945316851139, 'NDCG@10': 0.008490113940622126, 'MRR@10': 0.005803083890073356, 'Recall@5': 0.010627506389504387, 'NDCG@5': 0.006322044014398541, 'MRR@5': 0.004923003459615367, 'Recall*@10': 0.016555486956522578, 'NDCG*@10': 0.008106415359569448, 'MRR*@10': 0.005566915896322046, 'Recall*@5': 0.010071563734007733, 'NDCG*@5': 0.006037963543175941, 'MRR*@5': 0.0047297402551131585}
INFO    [05-05 10:14:59] train in BasicTrainer:
duration: 226.56418561935425s
INFO    [05-05 10:15:00] train in BasicTrainer:
epoch: 2
INFO    [05-05 10:17:08] _train_one_epoch in BasicTrainer:
loss = 5.267342342029918
INFO    [05-05 10:17:45] log in loggers:
Update Best NDCG@10 Model at 2
INFO    [05-05 10:17:46] validate in BasicTrainer:
{'Recall@10': 0.020956093356722875, 'NDCG@10': 0.010466400578263261, 'MRR@10': 0.00730378699621984, 'Recall@5': 0.012705164828470774, 'NDCG@5': 0.00781501510313579, 'MRR@5': 0.006219185290059873, 'Recall*@10': 0.019304838563714708, 'NDCG*@10': 0.009684693711321978, 'MRR*@10': 0.006776887324771711, 'Recall*@5': 0.012009178953511375, 'NDCG*@5': 0.007349762156428326, 'MRR*@5': 0.005827213149695169}
INFO    [05-05 10:17:46] train in BasicTrainer:
duration: 166.51348423957825s
INFO    [05-05 10:17:46] train in BasicTrainer:
epoch: 3
INFO    [05-05 10:20:33] _train_one_epoch in BasicTrainer:
loss = 5.218996173685247
INFO    [05-05 10:21:08] log in loggers:
Update Best NDCG@10 Model at 3
INFO    [05-05 10:21:11] validate in BasicTrainer:
{'Recall@10': 0.030276590159961154, 'NDCG@10': 0.015040275729483082, 'MRR@10': 0.010470461277734665, 'Recall@5': 0.0172931957280352, 'NDCG@5': 0.010865256190299988, 'MRR@5': 0.008761220057273195, 'Recall*@10': 0.02852551390727361, 'NDCG*@10': 0.014265736698039941, 'MRR*@10': 0.009996679434109302, 'Recall*@5': 0.016329741637621607, 'NDCG*@5': 0.010352723943513064, 'MRR*@5': 0.008399830953705879}
INFO    [05-05 10:21:11] train in BasicTrainer:
duration: 205.07166528701782s
INFO    [05-05 10:21:11] train in BasicTrainer:
epoch: 4
INFO    [05-05 10:22:20] _train_one_epoch in BasicTrainer:
loss = 5.147885296561501
INFO    [05-05 10:22:54] log in loggers:
Update Best NDCG@10 Model at 4
INFO    [05-05 10:22:58] validate in BasicTrainer:
{'Recall@10': 0.03675212959448496, 'NDCG@10': 0.018395908088201567, 'MRR@10': 0.012878352510077613, 'Recall@5': 0.02214526899513744, 'NDCG@5': 0.013724281851734434, 'MRR@5': 0.010980633663989249, 'Recall*@10': 0.03457664379051754, 'NDCG*@10': 0.01712093125319197, 'MRR*@10': 0.011870898350718476, 'Recall*@5': 0.020713611905063902, 'NDCG*@5': 0.012676542802225976, 'MRR*@5': 0.010059239653249582}
INFO    [05-05 10:22:58] train in BasicTrainer:
duration: 106.59703278541565s
INFO    [05-05 10:22:58] train in BasicTrainer:
epoch: 5
INFO    [05-05 10:23:23] _train_one_epoch in BasicTrainer:
loss = 5.056381329623136
INFO    [05-05 10:23:57] log in loggers:
Update Best NDCG@10 Model at 5
INFO    [05-05 10:23:58] validate in BasicTrainer:
{'Recall@10': 0.04351496288464183, 'NDCG@10': 0.022039296282898812, 'MRR@10': 0.015586933919361659, 'Recall@5': 0.025946887298708872, 'NDCG@5': 0.016403295720616978, 'MRR@5': 0.01328725695964836, 'Recall*@10': 0.041452555606762566, 'NDCG*@10': 0.02117541042112169, 'MRR*@10': 0.015077187324918452, 'Recall*@5': 0.02501344671916394, 'NDCG*@5': 0.015896038418369635, 'MRR*@5': 0.012919746960202852}
INFO    [05-05 10:23:58] train in BasicTrainer:
duration: 60.58143448829651s
INFO    [05-05 10:23:58] train in BasicTrainer:
epoch: 6
INFO    [05-05 10:24:24] _train_one_epoch in BasicTrainer:
loss = 4.994803125208074
INFO    [05-05 10:24:58] log in loggers:
Update Best NDCG@10 Model at 6
INFO    [05-05 10:25:00] validate in BasicTrainer:
{'Recall@10': 0.04834378475234622, 'NDCG@10': 0.024152101150580814, 'MRR@10': 0.016882331465326604, 'Recall@5': 0.028686424894701867, 'NDCG@5': 0.017842448405211882, 'MRR@5': 0.014305376447737217, 'Recall*@10': 0.046725625083560034, 'NDCG*@10': 0.0235076549329928, 'MRR*@10': 0.016517045065051035, 'Recall*@5': 0.02798233012713137, 'NDCG*@5': 0.017482237402527107, 'MRR*@5': 0.014050509514553207}
INFO    [05-05 10:25:00] train in BasicTrainer:
duration: 61.9251914024353s
INFO    [05-05 10:25:00] train in BasicTrainer:
epoch: 7
INFO    [05-05 10:25:27] _train_one_epoch in BasicTrainer:
loss = 4.960355238481001
INFO    [05-05 10:26:06] log in loggers:
Update Best NDCG@10 Model at 7
INFO    [05-05 10:26:08] validate in BasicTrainer:
{'Recall@10': 0.05036173796369916, 'NDCG@10': 0.025454139780430568, 'MRR@10': 0.017965463832730337, 'Recall@5': 0.03014713064545677, 'NDCG@5': 0.01897106541409379, 'MRR@5': 0.015322120194988591, 'Recall*@10': 0.04857628969919114, 'NDCG*@10': 0.024584089184091204, 'MRR*@10': 0.017362071910784357, 'Recall*@5': 0.02921773094151701, 'NDCG*@5': 0.01837385002346266, 'MRR*@5': 0.014828819382403578}
INFO    [05-05 10:26:08] train in BasicTrainer:
duration: 67.6142041683197s
INFO    [05-05 10:26:08] train in BasicTrainer:
epoch: 8
INFO    [05-05 10:26:25] _train_one_epoch in BasicTrainer:
loss = 4.930776275287975
INFO    [05-05 10:26:59] log in loggers:
Update Best NDCG@10 Model at 8
INFO    [05-05 10:27:01] validate in BasicTrainer:
{'Recall@10': 0.05529676768041793, 'NDCG@10': 0.028230322524905205, 'MRR@10': 0.02007284840302808, 'Recall@5': 0.033721160321008595, 'NDCG@5': 0.021305390855386144, 'MRR@5': 0.01724454534373113, 'Recall*@10': 0.053423860598178136, 'NDCG*@10': 0.027479026377910658, 'MRR*@10': 0.019670859156619935, 'Recall*@5': 0.032376954065901895, 'NDCG*@5': 0.02071983136591457, 'MRR*@5': 0.016908105241046065}
INFO    [05-05 10:27:01] train in BasicTrainer:
duration: 53.223511934280396s
INFO    [05-05 10:27:01] train in BasicTrainer:
epoch: 9
DEBUG   [05-05 10:27:04] calculate_loss in loss:
soft_target max: 0.5021776556968689, argmax 32251393
DEBUG   [05-05 10:27:04] calculate_loss in loss:
pred max in softmax: 0.12119082361459732, argmax 39236527
DEBUG   [05-05 10:27:04] calculate_loss in loss:
soft_target max: 0.5091342926025391, argmax 14233737
DEBUG   [05-05 10:27:04] calculate_loss in loss:
pred max in softmax: 0.12107234448194504, argmax 52796377
INFO    [05-05 10:27:19] _train_one_epoch in BasicTrainer:
loss = 4.897689520228993
INFO    [05-05 10:27:52] log in loggers:
Update Best NDCG@10 Model at 9
INFO    [05-05 10:27:53] validate in BasicTrainer:
{'Recall@10': 0.058850107448441644, 'NDCG@10': 0.030366646214610056, 'MRR@10': 0.02176505752972194, 'Recall@5': 0.03623232103529431, 'NDCG@5': 0.023096279551585514, 'MRR@5': 0.018790651024097486, 'Recall*@10': 0.05716227669091452, 'NDCG*@10': 0.029732667175786837, 'MRR*@10': 0.02145824692256394, 'Recall*@5': 0.03518301009067467, 'NDCG*@5': 0.022665139332058885, 'MRR*@5': 0.018565213662527856}
INFO    [05-05 10:27:53] train in BasicTrainer:
duration: 52.00281262397766s
INFO    [05-05 10:27:53] train in BasicTrainer:
epoch: 10
INFO    [05-05 10:28:11] _train_one_epoch in BasicTrainer:
loss = 4.86319653337652
INFO    [05-05 10:28:42] log in loggers:
Update Best NDCG@10 Model at 10
INFO    [05-05 10:28:43] validate in BasicTrainer:
{'Recall@10': 0.06272561812684649, 'NDCG@10': 0.03254221468454316, 'MRR@10': 0.02345704748516991, 'Recall@5': 0.03876338331472306, 'NDCG@5': 0.024871116326678367, 'MRR@5': 0.02033556483331181, 'Recall*@10': 0.061739297140212285, 'NDCG*@10': 0.03223497225415139, 'MRR*@10': 0.02335567133767264, 'Recall*@5': 0.038132348230906894, 'NDCG*@5': 0.024672808657799448, 'MRR*@5': 0.0202757805763256}
INFO    [05-05 10:28:43] train in BasicTrainer:
duration: 50.00636148452759s
INFO    [05-05 10:28:43] train in BasicTrainer:
epoch: 11
INFO    [05-05 10:29:01] _train_one_epoch in BasicTrainer:
loss = 4.824983518773859
INFO    [05-05 10:29:40] log in loggers:
Update Best NDCG@10 Model at 11
INFO    [05-05 10:29:43] validate in BasicTrainer:
{'Recall@10': 0.06691581223692213, 'NDCG@10': 0.035187920910261926, 'MRR@10': 0.025633418222978002, 'Recall@5': 0.04132104700519925, 'NDCG@5': 0.026972070513736634, 'MRR@5': 0.022277323351729484, 'Recall*@10': 0.06525275217635292, 'NDCG*@10': 0.034673730532328285, 'MRR*@10': 0.025462037395863307, 'Recall*@5': 0.04075656547432854, 'NDCG*@5': 0.02681442208233334, 'MRR*@5': 0.022254387094151406}
INFO    [05-05 10:29:43] train in BasicTrainer:
duration: 60.164555072784424s
INFO    [05-05 10:29:43] train in BasicTrainer:
epoch: 12
INFO    [05-05 10:30:01] _train_one_epoch in BasicTrainer:
loss = 4.786899315227162
INFO    [05-05 10:30:39] log in loggers:
Update Best NDCG@10 Model at 12
INFO    [05-05 10:30:39] validate in BasicTrainer:
{'Recall@10': 0.0702565386891365, 'NDCG@10': 0.036780071223065966, 'MRR@10': 0.026665129831859043, 'Recall@5': 0.044087974088532586, 'NDCG@5': 0.028365639526219594, 'MRR@5': 0.023220128867597806, 'Recall*@10': 0.06964610534764472, 'NDCG*@10': 0.036859944817565736, 'MRR*@10': 0.02694411939453511, 'Recall*@5': 0.04446308988900412, 'NDCG*@5': 0.02878819361683868, 'MRR*@5': 0.023654923907348087}
INFO    [05-05 10:30:39] train in BasicTrainer:
duration: 55.95764374732971s
INFO    [05-05 10:30:39] train in BasicTrainer:
epoch: 13
INFO    [05-05 10:30:57] _train_one_epoch in BasicTrainer:
loss = 4.756608451496471
INFO    [05-05 10:31:29] log in loggers:
Update Best NDCG@10 Model at 13
INFO    [05-05 10:31:30] validate in BasicTrainer:
{'Recall@10': 0.0739219979870887, 'NDCG@10': 0.039148688316345215, 'MRR@10': 0.028678110312847865, 'Recall@5': 0.045881688594818115, 'NDCG@5': 0.030132986339075223, 'MRR@5': 0.02498832912672134, 'Recall*@10': 0.0733569853362583, 'NDCG*@10': 0.039280204013699575, 'MRR*@10': 0.029019633396750406, 'Recall*@5': 0.04568833112716675, 'NDCG*@5': 0.030393203010871297, 'MRR*@5': 0.02538835798345861}
INFO    [05-05 10:31:30] train in BasicTrainer:
duration: 50.765480041503906s
INFO    [05-05 10:31:30] train in BasicTrainer:
epoch: 14
INFO    [05-05 10:31:47] _train_one_epoch in BasicTrainer:
loss = 4.730803606726907
INFO    [05-05 10:32:19] log in loggers:
Update Best NDCG@10 Model at 14
INFO    [05-05 10:32:22] validate in BasicTrainer:
{'Recall@10': 0.07604202131430308, 'NDCG@10': 0.04064701000849406, 'MRR@10': 0.029960114597564654, 'Recall@5': 0.0483081191778183, 'NDCG@5': 0.031740198976227214, 'MRR@5': 0.026321098918006533, 'Recall*@10': 0.07576106488704681, 'NDCG*@10': 0.041189693801459815, 'MRR*@10': 0.030755870487718356, 'Recall*@5': 0.04831711823741595, 'NDCG*@5': 0.032373051558222087, 'MRR*@5': 0.027151788185749735}
INFO    [05-05 10:32:22] train in BasicTrainer:
duration: 52.051382064819336s
INFO    [05-05 10:32:22] train in BasicTrainer:
epoch: 15
INFO    [05-05 10:32:40] _train_one_epoch in BasicTrainer:
loss = 4.708585067228838
INFO    [05-05 10:33:12] log in loggers:
Update Best NDCG@10 Model at 15
INFO    [05-05 10:33:13] validate in BasicTrainer:
{'Recall@10': 0.07817367038556508, 'NDCG@10': 0.04172224977186748, 'MRR@10': 0.03070514187926338, 'Recall@5': 0.05027365826425098, 'NDCG@5': 0.03274908670712085, 'MRR@5': 0.02703022628667809, 'Recall*@10': 0.07772874619279589, 'NDCG*@10': 0.04203575867272559, 'MRR*@10': 0.031223142076106297, 'Recall*@5': 0.05099962261461076, 'NDCG*@5': 0.033452159414688744, 'MRR*@5': 0.027715610074145452}
INFO    [05-05 10:33:13] train in BasicTrainer:
duration: 50.43207812309265s
INFO    [05-05 10:33:13] train in BasicTrainer:
epoch: 16
INFO    [05-05 10:33:30] _train_one_epoch in BasicTrainer:
loss = 4.688726784966208
INFO    [05-05 10:34:01] log in loggers:
Update Best NDCG@10 Model at 16
INFO    [05-05 10:34:02] validate in BasicTrainer:
{'Recall@10': 0.08046059239478338, 'NDCG@10': 0.043132816751797996, 'MRR@10': 0.03185960304524217, 'Recall@5': 0.051505987133298604, 'NDCG@5': 0.033828574720592725, 'MRR@5': 0.028054247920711834, 'Recall*@10': 0.08051365826811109, 'NDCG*@10': 0.043471645741235646, 'MRR*@10': 0.03228390873188064, 'Recall*@5': 0.051817851939371655, 'NDCG*@5': 0.03425129245789278, 'MRR*@5': 0.02851311844729242}
INFO    [05-05 10:34:02] train in BasicTrainer:
duration: 49.302042961120605s
INFO    [05-05 10:34:02] train in BasicTrainer:
epoch: 17
INFO    [05-05 10:34:19] _train_one_epoch in BasicTrainer:
loss = 4.671395748311823
INFO    [05-05 10:34:51] log in loggers:
Update Best NDCG@10 Model at 17
INFO    [05-05 10:34:52] validate in BasicTrainer:
{'Recall@10': 0.082425343138831, 'NDCG@10': 0.04429322161844799, 'MRR@10': 0.03278707553233419, 'Recall@5': 0.05209811173734211, 'NDCG@5': 0.034546906039828344, 'MRR@5': 0.028799806499765032, 'Recall*@10': 0.08266726668391909, 'NDCG*@10': 0.04467812003124328, 'MRR*@10': 0.0332124794700316, 'Recall*@5': 0.05244096492727598, 'NDCG*@5': 0.0349703821397963, 'MRR*@5': 0.02924460367787452}
INFO    [05-05 10:34:52] train in BasicTrainer:
duration: 49.94203209877014s
INFO    [05-05 10:34:52] train in BasicTrainer:
epoch: 18
DEBUG   [05-05 10:34:55] calculate_loss in loss:
soft_target max: 0.509607195854187, argmax 76691438
DEBUG   [05-05 10:34:55] calculate_loss in loss:
pred max in softmax: 0.3372649848461151, argmax 76691438
DEBUG   [05-05 10:34:55] calculate_loss in loss:
soft_target max: 0.5069611668586731, argmax 39101184
DEBUG   [05-05 10:34:55] calculate_loss in loss:
pred max in softmax: 0.4040825366973877, argmax 22588875
INFO    [05-05 10:35:09] _train_one_epoch in BasicTrainer:
loss = 4.653232396732677
INFO    [05-05 10:35:41] log in loggers:
Update Best NDCG@10 Model at 18
INFO    [05-05 10:35:42] validate in BasicTrainer:
{'Recall@10': 0.0842929496651604, 'NDCG@10': 0.0456053964084103, 'MRR@10': 0.03391689053248791, 'Recall@5': 0.05419902166440373, 'NDCG@5': 0.03590889008981841, 'MRR@5': 0.02993499407810824, 'Recall*@10': 0.08469301497652418, 'NDCG*@10': 0.046353466099216825, 'MRR*@10': 0.03476691237162976, 'Recall*@5': 0.05489488620133627, 'NDCG*@5': 0.03676063425484158, 'MRR*@5': 0.030832337126845404}
INFO    [05-05 10:35:42] train in BasicTrainer:
duration: 50.275620222091675s
INFO    [05-05 10:35:42] train in BasicTrainer:
epoch: 19
INFO    [05-05 10:36:00] _train_one_epoch in BasicTrainer:
loss = 4.637190142544833
INFO    [05-05 10:36:31] log in loggers:
Update Best NDCG@10 Model at 19
INFO    [05-05 10:36:32] validate in BasicTrainer:
{'Recall@10': 0.08555345627523604, 'NDCG@10': 0.04627071799976485, 'MRR@10': 0.034419958257959, 'Recall@5': 0.05497045885948908, 'NDCG@5': 0.036481324051107676, 'MRR@5': 0.030438543253001712, 'Recall*@10': 0.08604449104695093, 'NDCG*@10': 0.04696027189493179, 'MRR*@10': 0.03516251514000552, 'Recall*@5': 0.055297600016707464, 'NDCG*@5': 0.03711059308123021, 'MRR*@5': 0.031151853235704557}
INFO    [05-05 10:36:32] train in BasicTrainer:
duration: 49.73745107650757s
INFO    [05-05 10:36:32] train in BasicTrainer:
epoch: 20
INFO    [05-05 10:37:14] _train_one_epoch in BasicTrainer:
loss = 4.62175986550071
INFO    [05-05 10:37:47] log in loggers:
Update Best NDCG@10 Model at 20
INFO    [05-05 10:37:48] validate in BasicTrainer:
{'Recall@10': 0.08652588086468833, 'NDCG@10': 0.047102022561289016, 'MRR@10': 0.03517612380286058, 'Recall@5': 0.05653658438296545, 'NDCG@5': 0.0374687576577777, 'MRR@5': 0.031237964651414325, 'Recall*@10': 0.08662107835213344, 'NDCG*@10': 0.0478893280738876, 'MRR*@10': 0.03613902699379694, 'Recall*@5': 0.05744856276682445, 'NDCG*@5': 0.03847015347509157, 'MRR*@5': 0.03226037358953839}
INFO    [05-05 10:37:48] train in BasicTrainer:
duration: 76.5699667930603s
INFO    [05-05 10:37:48] train in BasicTrainer:
epoch: 21
INFO    [05-05 10:38:11] _train_one_epoch in BasicTrainer:
loss = 4.606520934538408
INFO    [05-05 10:38:45] log in loggers:
Update Best NDCG@10 Model at 21
INFO    [05-05 10:38:47] validate in BasicTrainer:
{'Recall@10': 0.08790934440635499, 'NDCG@10': 0.04796698618502844, 'MRR@10': 0.03589375228399322, 'Recall@5': 0.05778053899606069, 'NDCG@5': 0.038313666269892736, 'MRR@5': 0.03196200568761144, 'Recall*@10': 0.08872385287568682, 'NDCG*@10': 0.04873132173504148, 'MRR*@10': 0.03662701784854844, 'Recall*@5': 0.058798228878350484, 'NDCG*@5': 0.03914504037016914, 'MRR*@5': 0.03272369965201333}
INFO    [05-05 10:38:47] train in BasicTrainer:
duration: 58.35723280906677s
INFO    [05-05 10:38:47] train in BasicTrainer:
epoch: 22
INFO    [05-05 10:39:06] _train_one_epoch in BasicTrainer:
loss = 4.591457046161999
INFO    [05-05 10:39:40] log in loggers:
Update Best NDCG@10 Model at 22
INFO    [05-05 10:39:41] validate in BasicTrainer:
{'Recall@10': 0.09009912219785508, 'NDCG@10': 0.04926604777574539, 'MRR@10': 0.03694379879605202, 'Recall@5': 0.0580321674545606, 'NDCG@5': 0.038983051265989034, 'MRR@5': 0.03275055597935404, 'Recall*@10': 0.09070578288464319, 'NDCG*@10': 0.0502990743234044, 'MRR*@10': 0.03808093532210305, 'Recall*@5': 0.059383918664285114, 'NDCG*@5': 0.04023728519678116, 'MRR*@5': 0.033967386931180954}
INFO    [05-05 10:39:41] train in BasicTrainer:
duration: 53.77259063720703s
INFO    [05-05 10:39:41] train in BasicTrainer:
epoch: 23
INFO    [05-05 10:40:01] _train_one_epoch in BasicTrainer:
loss = 4.577599620819091
INFO    [05-05 10:40:34] log in loggers:
Update Best NDCG@10 Model at 23
INFO    [05-05 10:40:34] validate in BasicTrainer:
{'Recall@10': 0.09081578041825976, 'NDCG@10': 0.050207063200927916, 'MRR@10': 0.03792792824762208, 'Recall@5': 0.05972952608551298, 'NDCG@5': 0.04025154099577949, 'MRR@5': 0.033876173286920504, 'Recall*@10': 0.09154465120463144, 'NDCG*@10': 0.05135036916250274, 'MRR*@10': 0.03916601020665396, 'Recall*@5': 0.0615153404928389, 'NDCG*@5': 0.04171609896279517, 'MRR*@5': 0.035234830830068814}
INFO    [05-05 10:40:34] train in BasicTrainer:
duration: 53.58366942405701s
INFO    [05-05 10:40:34] train in BasicTrainer:
epoch: 24
INFO    [05-05 10:40:52] _train_one_epoch in BasicTrainer:
loss = 4.564646517146717
INFO    [05-05 10:41:25] log in loggers:
Update Best NDCG@10 Model at 24
INFO    [05-05 10:41:27] validate in BasicTrainer:
{'Recall@10': 0.0920638729419027, 'NDCG@10': 0.050892770112979976, 'MRR@10': 0.03845015540719032, 'Recall@5': 0.060171304359322504, 'NDCG@5': 0.04065539883006187, 'MRR@5': 0.034269873407625016, 'Recall*@10': 0.09275624723661513, 'NDCG*@10': 0.051682023952404656, 'MRR*@10': 0.03923844634777024, 'Recall*@5': 0.06176570377179554, 'NDCG*@5': 0.04172769543670472, 'MRR*@5': 0.03516983781896886}
INFO    [05-05 10:41:27] train in BasicTrainer:
duration: 52.87770962715149s
INFO    [05-05 10:41:27] train in BasicTrainer:
epoch: 25
INFO    [05-05 10:41:45] _train_one_epoch in BasicTrainer:
loss = 4.55173733884638
INFO    [05-05 10:42:19] log in loggers:
Update Best NDCG@10 Model at 25
INFO    [05-05 10:42:21] validate in BasicTrainer:
{'Recall@10': 0.09265264797778357, 'NDCG@10': 0.051344988956337885, 'MRR@10': 0.03881887949648358, 'Recall@5': 0.061702552650656016, 'NDCG@5': 0.0413821612795194, 'MRR@5': 0.03473423882609322, 'Recall*@10': 0.09389883315279371, 'NDCG*@10': 0.052499459080752875, 'MRR*@10': 0.039928511317287176, 'Recall*@5': 0.06296735044036593, 'NDCG*@5': 0.0425149601485048, 'MRR*@5': 0.035818767689523245}
INFO    [05-05 10:42:21] train in BasicTrainer:
duration: 53.72813367843628s
INFO    [05-05 10:42:21] train in BasicTrainer:
epoch: 26
INFO    [05-05 10:42:40] _train_one_epoch in BasicTrainer:
loss = 4.540898908268321
INFO    [05-05 10:43:14] log in loggers:
Update Best NDCG@10 Model at 26
INFO    [05-05 10:43:15] validate in BasicTrainer:
{'Recall@10': 0.09350132729325976, 'NDCG@10': 0.0520701174225126, 'MRR@10': 0.03952315361017272, 'Recall@5': 0.06145427411510831, 'NDCG@5': 0.04177104699469748, 'MRR@5': 0.035310261838492896, 'Recall*@10': 0.0943427827386629, 'NDCG*@10': 0.05324322304555348, 'MRR*@10': 0.04078057106761705, 'Recall*@5': 0.0633581592923119, 'NDCG*@5': 0.04331616099391665, 'MRR*@5': 0.03673793588365827}
INFO    [05-05 10:43:15] train in BasicTrainer:
duration: 54.51271200180054s
INFO    [05-05 10:43:15] train in BasicTrainer:
epoch: 27
DEBUG   [05-05 10:43:23] calculate_loss in loss:
soft_target max: 0.504782497882843, argmax 4008401
DEBUG   [05-05 10:43:23] calculate_loss in loss:
pred max in softmax: 0.2600204348564148, argmax 33991931
DEBUG   [05-05 10:43:24] calculate_loss in loss:
soft_target max: 0.5054947137832642, argmax 30949584
DEBUG   [05-05 10:43:24] calculate_loss in loss:
pred max in softmax: 0.43437832593917847, argmax 29277439
INFO    [05-05 10:43:38] _train_one_epoch in BasicTrainer:
loss = 4.528920290686868
INFO    [05-05 10:44:18] validate in BasicTrainer:
{'Recall@10': 0.09355196817999795, 'NDCG@10': 0.051739226849306194, 'MRR@10': 0.03907781981286548, 'Recall@5': 0.06181881009113221, 'NDCG@5': 0.04154174207221894, 'MRR@5': 0.034906359300726934, 'Recall*@10': 0.09474873081559226, 'NDCG*@10': 0.053119898019802006, 'MRR*@10': 0.04048060962841624, 'Recall*@5': 0.06413762289143744, 'NDCG*@5': 0.04328180938249543, 'MRR*@5': 0.03645581131180128}
INFO    [05-05 10:44:18] train in BasicTrainer:
duration: 63.16295099258423s
INFO    [05-05 10:44:18] train in BasicTrainer:
epoch: 28
INFO    [05-05 10:45:54] _train_one_epoch in BasicTrainer:
loss = 4.517655914480036
INFO    [05-05 10:46:26] log in loggers:
Update Best NDCG@10 Model at 28
INFO    [05-05 10:46:26] validate in BasicTrainer:
{'Recall@10': 0.09464813804342634, 'NDCG@10': 0.05277717290889649, 'MRR@10': 0.04006769596820786, 'Recall@5': 0.06307025253772736, 'NDCG@5': 0.0426137928097021, 'MRR@5': 0.035901231779938654, 'Recall*@10': 0.09526290141400837, 'NDCG*@10': 0.0535731404310181, 'MRR*@10': 0.04090339601749465, 'Recall*@5': 0.0643119460770062, 'NDCG*@5': 0.043607013211363836, 'MRR*@5': 0.03681541677741777}
INFO    [05-05 10:46:26] train in BasicTrainer:
duration: 127.4887261390686s
INFO    [05-05 10:46:26] train in BasicTrainer:
epoch: 29
INFO    [05-05 10:46:43] _train_one_epoch in BasicTrainer:
loss = 4.507447676225142
INFO    [05-05 10:47:15] log in loggers:
Update Best NDCG@10 Model at 29
INFO    [05-05 10:47:15] validate in BasicTrainer:
{'Recall@10': 0.09645091635840279, 'NDCG@10': 0.05356061760158766, 'MRR@10': 0.040566698426292055, 'Recall@5': 0.06438809952565602, 'NDCG@5': 0.043250039929435366, 'MRR@5': 0.036345251968928745, 'Recall*@10': 0.09777720556372688, 'NDCG*@10': 0.054887891170524415, 'MRR*@10': 0.04186961427330971, 'Recall*@5': 0.06615045347384044, 'NDCG*@5': 0.04472191294743901, 'MRR*@5': 0.037710217759013176}
INFO    [05-05 10:47:15] train in BasicTrainer:
duration: 49.169859409332275s
INFO    [05-05 10:47:15] train in BasicTrainer:
epoch: 30
INFO    [05-05 10:47:33] _train_one_epoch in BasicTrainer:
loss = 4.496781357851895
INFO    [05-05 10:48:05] log in loggers:
Update Best NDCG@10 Model at 30
INFO    [05-05 10:48:05] validate in BasicTrainer:
{'Recall@10': 0.09662116460856937, 'NDCG@10': 0.05408611201814243, 'MRR@10': 0.041192336806229184, 'Recall@5': 0.06424031477598917, 'NDCG@5': 0.043691204417319524, 'MRR@5': 0.03694749233268556, 'Recall*@10': 0.09765472475971494, 'NDCG*@10': 0.05521370168952715, 'MRR*@10': 0.042335846239612215, 'Recall*@5': 0.0656610858582315, 'NDCG*@5': 0.044938761386133376, 'MRR*@5': 0.038137267742838175}
INFO    [05-05 10:48:05] train in BasicTrainer:
duration: 49.89313292503357s
INFO    [05-05 10:48:05] train in BasicTrainer:
epoch: 31
INFO    [05-05 10:48:22] _train_one_epoch in BasicTrainer:
loss = 4.486328584497625
INFO    [05-05 10:48:53] log in loggers:
Update Best NDCG@10 Model at 31
INFO    [05-05 10:48:53] validate in BasicTrainer:
{'Recall@10': 0.0979232479419027, 'NDCG@10': 0.05525707063220796, 'MRR@10': 0.04231156107215654, 'Recall@5': 0.06653965051685061, 'NDCG@5': 0.045209151825734546, 'MRR@5': 0.03822322012413116, 'Recall*@10': 0.09905902899446942, 'NDCG*@10': 0.05650538791503225, 'MRR*@10': 0.04356646236209642, 'Recall*@5': 0.06822205689691362, 'NDCG*@5': 0.046636312313023065, 'MRR*@5': 0.039553434188876836}
INFO    [05-05 10:48:53] train in BasicTrainer:
duration: 47.982818365097046s
INFO    [05-05 10:48:53] train in BasicTrainer:
epoch: 32
INFO    [05-05 10:49:10] _train_one_epoch in BasicTrainer:
loss = 4.476387379386209
INFO    [05-05 10:49:42] log in loggers:
Update Best NDCG@10 Model at 32
INFO    [05-05 10:49:42] validate in BasicTrainer:
{'Recall@10': 0.09882335648650215, 'NDCG@10': 0.05563017335676011, 'MRR@10': 0.04252749681472778, 'Recall@5': 0.0665355126063029, 'NDCG@5': 0.04525102621742657, 'MRR@5': 0.038280432600350606, 'Recall*@10': 0.10023600182362966, 'NDCG*@10': 0.056975935896237694, 'MRR*@10': 0.04384218191816693, 'Recall*@5': 0.06810369857010387, 'NDCG*@5': 0.04664435734351476, 'MRR*@5': 0.039612875275668646}
INFO    [05-05 10:49:42] train in BasicTrainer:
duration: 49.091264486312866s
INFO    [05-05 10:49:42] train in BasicTrainer:
epoch: 33
INFO    [05-05 10:49:59] _train_one_epoch in BasicTrainer:
loss = 4.467395401000976
INFO    [05-05 10:50:30] log in loggers:
Update Best NDCG@10 Model at 33
INFO    [05-05 10:50:30] validate in BasicTrainer:
{'Recall@10': 0.09935400244735536, 'NDCG@10': 0.056051367272933326, 'MRR@10': 0.04289998007672174, 'Recall@5': 0.06678379114185061, 'NDCG@5': 0.04554212643277077, 'MRR@5': 0.038576170624721615, 'Recall*@10': 0.10051239317371732, 'NDCG*@10': 0.05726687893981025, 'MRR*@10': 0.04411648657350313, 'Recall*@5': 0.0684354461374737, 'NDCG*@5': 0.04691589765605472, 'MRR*@5': 0.039857075682708194}
INFO    [05-05 10:50:30] train in BasicTrainer:
duration: 47.80093312263489s
INFO    [05-05 10:50:30] train in BasicTrainer:
epoch: 34
INFO    [05-05 10:50:48] _train_one_epoch in BasicTrainer:
loss = 4.459752065485174
INFO    [05-05 10:51:19] log in loggers:
Update Best NDCG@10 Model at 34
INFO    [05-05 10:51:19] validate in BasicTrainer:
{'Recall@10': 0.10094751772426423, 'NDCG@10': 0.057072073221206665, 'MRR@10': 0.04374993450584866, 'Recall@5': 0.0684196711296127, 'NDCG@5': 0.04662179538891429, 'MRR@5': 0.03947698147523971, 'Recall*@10': 0.1020251718305406, 'NDCG*@10': 0.05820556144629206, 'MRR*@10': 0.044878803016174404, 'Recall*@5': 0.07005528467042106, 'NDCG*@5': 0.047926543546574454, 'MRR*@5': 0.04067153767460868}
INFO    [05-05 10:51:19] train in BasicTrainer:
duration: 49.53124690055847s
INFO    [05-05 10:51:19] train in BasicTrainer:
epoch: 35
INFO    [05-05 10:51:36] _train_one_epoch in BasicTrainer:
loss = 4.450836680152199
INFO    [05-05 10:52:07] validate in BasicTrainer:
{'Recall@10': 0.10044347317445845, 'NDCG@10': 0.05685939001185553, 'MRR@10': 0.04360501255307879, 'Recall@5': 0.06843464679661251, 'NDCG@5': 0.046554681268476304, 'MRR@5': 0.03937927899616105, 'Recall*@10': 0.10195258472646986, 'NDCG*@10': 0.05810638446183432, 'MRR*@10': 0.04475958556646392, 'Recall*@5': 0.06991532232080187, 'NDCG*@5': 0.047792953749497734, 'MRR*@5': 0.04053055832073802}
INFO    [05-05 10:52:07] train in BasicTrainer:
duration: 47.55692529678345s
INFO    [05-05 10:52:07] train in BasicTrainer:
epoch: 36
DEBUG   [05-05 10:52:14] calculate_loss in loss:
soft_target max: 0.5037751793861389, argmax 54511464
DEBUG   [05-05 10:52:14] calculate_loss in loss:
pred max in softmax: 0.8094594478607178, argmax 54511464
DEBUG   [05-05 10:52:14] calculate_loss in loss:
soft_target max: 0.505125880241394, argmax 70635291
DEBUG   [05-05 10:52:14] calculate_loss in loss:
pred max in softmax: 0.6115305423736572, argmax 17488878
INFO    [05-05 10:52:25] _train_one_epoch in BasicTrainer:
loss = 4.44337665384466
INFO    [05-05 10:52:56] log in loggers:
Update Best NDCG@10 Model at 36
INFO    [05-05 10:52:56] validate in BasicTrainer:
{'Recall@10': 0.10062948507922036, 'NDCG@10': 0.057494909990401494, 'MRR@10': 0.04437375512151491, 'Recall@5': 0.06876844345104127, 'NDCG@5': 0.047234565374397096, 'MRR@5': 0.040164253364006676, 'Recall*@10': 0.10186062433889934, 'NDCG*@10': 0.05877877115493729, 'MRR*@10': 0.04565665764468057, 'Recall*@5': 0.07044625282287598, 'NDCG*@5': 0.048668159260636286, 'MRR*@5': 0.041511829055490945}
INFO    [05-05 10:52:56] train in BasicTrainer:
duration: 49.50032687187195s
INFO    [05-05 10:52:56] train in BasicTrainer:
epoch: 37
INFO    [05-05 10:53:13] _train_one_epoch in BasicTrainer:
loss = 4.434979928623546
INFO    [05-05 10:53:44] log in loggers:
Update Best NDCG@10 Model at 37
INFO    [05-05 10:53:44] validate in BasicTrainer:
{'Recall@10': 0.10142003567445845, 'NDCG@10': 0.05769150313876924, 'MRR@10': 0.04442157241560164, 'Recall@5': 0.06857750564813614, 'NDCG@5': 0.04715383549531301, 'MRR@5': 0.040120387715952735, 'Recall*@10': 0.1026139748947961, 'NDCG*@10': 0.05904190916390646, 'MRR*@10': 0.04579711421614602, 'Recall*@5': 0.07041037650335402, 'NDCG*@5': 0.04870816710449401, 'MRR*@5': 0.04157836575593267}
INFO    [05-05 10:53:44] train in BasicTrainer:
duration: 47.65328788757324s
INFO    [05-05 10:53:44] train in BasicTrainer:
epoch: 38
INFO    [05-05 10:54:02] _train_one_epoch in BasicTrainer:
loss = 4.427970894900235
INFO    [05-05 10:54:34] log in loggers:
Update Best NDCG@10 Model at 38
INFO    [05-05 10:54:34] validate in BasicTrainer:
{'Recall@10': 0.1017181667543593, 'NDCG@10': 0.058098952507688886, 'MRR@10': 0.04484817527589344, 'Recall@5': 0.06959387127842222, 'NDCG@5': 0.04779547222313427, 'MRR@5': 0.04064554579201199, 'Recall*@10': 0.10325059968800772, 'NDCG*@10': 0.05964288239677747, 'MRR*@10': 0.04639542634998049, 'Recall*@5': 0.0708533131650516, 'NDCG*@5': 0.049232508277609235, 'MRR*@5': 0.0421378601874624}
INFO    [05-05 10:54:34] train in BasicTrainer:
duration: 49.817503452301025s
INFO    [05-05 10:54:34] train in BasicTrainer:
epoch: 39
INFO    [05-05 10:54:51] _train_one_epoch in BasicTrainer:
loss = 4.420848521319303
INFO    [05-05 10:55:22] log in loggers:
Update Best NDCG@10 Model at 39
INFO    [05-05 10:55:22] validate in BasicTrainer:
{'Recall@10': 0.10223797531354994, 'NDCG@10': 0.05828250784959112, 'MRR@10': 0.04494502626004673, 'Recall@5': 0.06929081394558861, 'NDCG@5': 0.04773230939393952, 'MRR@5': 0.04065077787353879, 'Recall*@10': 0.10396885907366163, 'NDCG*@10': 0.05968483661611875, 'MRR*@10': 0.04623456813749813, 'Recall*@5': 0.07128828976835523, 'NDCG*@5': 0.04924728490767025, 'MRR*@5': 0.04200227097386405}
INFO    [05-05 10:55:22] train in BasicTrainer:
duration: 48.431376934051514s
INFO    [05-05 10:55:22] train in BasicTrainer:
epoch: 40
INFO    [05-05 10:55:40] _train_one_epoch in BasicTrainer:
loss = 4.414289660887285
INFO    [05-05 10:56:11] log in loggers:
Update Best NDCG@10 Model at 40
INFO    [05-05 10:56:12] validate in BasicTrainer:
{'Recall@10': 0.1024779783827918, 'NDCG@10': 0.05887177728471302, 'MRR@10': 0.04560021860968499, 'Recall@5': 0.07085280155851728, 'NDCG@5': 0.048715654405809584, 'MRR@5': 0.041449942936499916, 'Recall*@10': 0.10394112198125749, 'NDCG*@10': 0.060545899328731355, 'MRR*@10': 0.04731850361540204, 'Recall*@5': 0.0729164427944592, 'NDCG*@5': 0.05057072408852123, 'MRR*@5': 0.04323560975137211}
INFO    [05-05 10:56:12] train in BasicTrainer:
duration: 49.30711007118225s
INFO    [05-05 10:56:12] train in BasicTrainer:
epoch: 41
INFO    [05-05 10:56:30] _train_one_epoch in BasicTrainer:
loss = 4.406420447609642
INFO    [05-05 10:57:01] validate in BasicTrainer:
{'Recall@10': 0.1026606403646015, 'NDCG@10': 0.05874971938984735, 'MRR@10': 0.04539509915879795, 'Recall@5': 0.07058205952246983, 'NDCG@5': 0.04843938120064281, 'MRR@5': 0.04117683268019131, 'Recall*@10': 0.1037992143205234, 'NDCG*@10': 0.06016422737212408, 'MRR*@10': 0.046875487303449995, 'Recall*@5': 0.07202789506741933, 'NDCG*@5': 0.04992946255065146, 'MRR*@5': 0.04267493848289762}
INFO    [05-05 10:57:01] train in BasicTrainer:
duration: 49.19224977493286s
INFO    [05-05 10:57:01] train in BasicTrainer:
epoch: 42
INFO    [05-05 10:57:19] _train_one_epoch in BasicTrainer:
loss = 4.401537665453824
INFO    [05-05 10:57:51] log in loggers:
Update Best NDCG@10 Model at 42
INFO    [05-05 10:57:51] validate in BasicTrainer:
{'Recall@10': 0.10320291206950233, 'NDCG@10': 0.05926128441379184, 'MRR@10': 0.0459079955305372, 'Recall@5': 0.07097319690954118, 'NDCG@5': 0.048924376567204796, 'MRR@5': 0.04169238128122829, 'Recall*@10': 0.10401167152892976, 'NDCG*@10': 0.06080617010593414, 'MRR*@10': 0.047653832783301674, 'Recall*@5': 0.07250203866334189, 'NDCG*@5': 0.05069258880047571, 'MRR*@5': 0.0435246756034238}
INFO    [05-05 10:57:51] train in BasicTrainer:
duration: 50.330782651901245s
INFO    [05-05 10:57:51] train in BasicTrainer:
epoch: 43
INFO    [05-05 10:58:09] _train_one_epoch in BasicTrainer:
loss = 4.395346862619573
INFO    [05-05 10:58:39] log in loggers:
Update Best NDCG@10 Model at 43
INFO    [05-05 10:58:40] validate in BasicTrainer:
{'Recall@10': 0.10384232799212138, 'NDCG@10': 0.05994215980172157, 'MRR@10': 0.04660304351931527, 'Recall@5': 0.0711708345583507, 'NDCG@5': 0.04941842598574502, 'MRR@5': 0.04228493713197254, 'Recall*@10': 0.10479644827899479, 'NDCG*@10': 0.061295289014066966, 'MRR*@10': 0.04803945922425815, 'Recall*@5': 0.07337688654661179, 'NDCG*@5': 0.051168501731895265, 'MRR*@5': 0.04388057493737766}
INFO    [05-05 10:58:40] train in BasicTrainer:
duration: 48.61988925933838s
INFO    [05-05 10:58:40] train in BasicTrainer:
epoch: 44
INFO    [05-05 10:58:58] _train_one_epoch in BasicTrainer:
loss = 4.390361612493342
INFO    [05-05 10:59:33] log in loggers:
Update Best NDCG@10 Model at 44
INFO    [05-05 10:59:35] validate in BasicTrainer:
{'Recall@10': 0.10405986720607394, 'NDCG@10': 0.06003823787683532, 'MRR@10': 0.04665844426268623, 'Recall@5': 0.07126384051073165, 'NDCG@5': 0.04947458757531075, 'MRR@5': 0.04232338691751162, 'Recall*@10': 0.10554729508502143, 'NDCG*@10': 0.06162031881866001, 'MRR*@10': 0.048244109465962366, 'Recall*@5': 0.07325588556982222, 'NDCG*@5': 0.051212476122946965, 'MRR*@5': 0.043968982462372096}
INFO    [05-05 10:59:35] train in BasicTrainer:
duration: 55.27113747596741s
INFO    [05-05 10:59:35] train in BasicTrainer:
epoch: 45
DEBUG   [05-05 10:59:43] calculate_loss in loss:
soft_target max: 0.5032365918159485, argmax 75082058
DEBUG   [05-05 10:59:43] calculate_loss in loss:
pred max in softmax: 0.42954200506210327, argmax 49649192
DEBUG   [05-05 10:59:43] calculate_loss in loss:
soft_target max: 0.5066614747047424, argmax 31550773
DEBUG   [05-05 10:59:43] calculate_loss in loss:
pred max in softmax: 0.589903712272644, argmax 50704675
INFO    [05-05 10:59:58] _train_one_epoch in BasicTrainer:
loss = 4.383017552982677
INFO    [05-05 11:00:30] log in loggers:
Update Best NDCG@10 Model at 45
INFO    [05-05 11:00:31] validate in BasicTrainer:
{'Recall@10': 0.10576136410236359, 'NDCG@10': 0.06084173900030908, 'MRR@10': 0.04718676581978798, 'Recall@5': 0.07203192796025958, 'NDCG@5': 0.04997900518633071, 'MRR@5': 0.04273012706211635, 'Recall*@10': 0.1071460974358377, 'NDCG*@10': 0.06248393477428527, 'MRR*@10': 0.04888756431284405, 'Recall*@5': 0.07390157771962029, 'NDCG*@5': 0.051775788622243066, 'MRR*@5': 0.04449349907892091}
INFO    [05-05 11:00:31] train in BasicTrainer:
duration: 56.01137042045593s
INFO    [05-05 11:00:31] train in BasicTrainer:
epoch: 46
INFO    [05-05 11:00:52] _train_one_epoch in BasicTrainer:
loss = 4.3784530206160115
INFO    [05-05 11:01:24] validate in BasicTrainer:
{'Recall@10': 0.10461297702221643, 'NDCG@10': 0.060707141423509234, 'MRR@10': 0.047326860505910145, 'Recall@5': 0.07240730133794603, 'NDCG@5': 0.05031634441443852, 'MRR@5': 0.043052984667675834, 'Recall*@10': 0.10550637081975028, 'NDCG*@10': 0.06205531670933678, 'MRR*@10': 0.0487808244568961, 'Recall*@5': 0.07448406907774154, 'NDCG*@5': 0.05204422630014874, 'MRR*@5': 0.04466193719279198}
INFO    [05-05 11:01:24] train in BasicTrainer:
duration: 53.23367524147034s
INFO    [05-05 11:01:24] train in BasicTrainer:
epoch: 47
INFO    [05-05 11:01:46] _train_one_epoch in BasicTrainer:
loss = 4.373019322482023
INFO    [05-05 11:02:21] validate in BasicTrainer:
{'Recall@10': 0.10494598533426013, 'NDCG@10': 0.06080902651661918, 'MRR@10': 0.04735341810044788, 'Recall@5': 0.07340711532604127, 'NDCG@5': 0.050676979834125155, 'MRR@5': 0.04321168540489106, 'Recall*@10': 0.10637177704345613, 'NDCG*@10': 0.062328730310712545, 'MRR*@10': 0.04889214304941041, 'Recall*@5': 0.07505038238707043, 'NDCG*@5': 0.052268948760770616, 'MRR*@5': 0.044781184799614404}
INFO    [05-05 11:02:21] train in BasicTrainer:
duration: 56.52175164222717s
INFO    [05-05 11:02:21] train in BasicTrainer:
epoch: 48
INFO    [05-05 11:02:43] _train_one_epoch in BasicTrainer:
loss = 4.36811842918396
INFO    [05-05 11:03:16] log in loggers:
Update Best NDCG@10 Model at 48
INFO    [05-05 11:03:17] validate in BasicTrainer:
{'Recall@10': 0.10645063292412531, 'NDCG@10': 0.06165009577359472, 'MRR@10': 0.04804367607548123, 'Recall@5': 0.0725734116775649, 'NDCG@5': 0.050743661111309415, 'MRR@5': 0.04357149310055233, 'Recall*@10': 0.10752408100025994, 'NDCG*@10': 0.06316841801717168, 'MRR*@10': 0.04968638877783503, 'Recall*@5': 0.07389254797072638, 'NDCG*@5': 0.05233122053600493, 'MRR*@5': 0.045236593910626004}
INFO    [05-05 11:03:17] train in BasicTrainer:
duration: 55.93056869506836s
INFO    [05-05 11:03:17] train in BasicTrainer:
epoch: 49
INFO    [05-05 11:03:38] _train_one_epoch in BasicTrainer:
loss = 4.36239615353671
INFO    [05-05 11:04:10] validate in BasicTrainer:
{'Recall@10': 0.10652787486712138, 'NDCG@10': 0.06154127348036993, 'MRR@10': 0.04786061140752974, 'Recall@5': 0.07331410937366031, 'NDCG@5': 0.050852001955111824, 'MRR@5': 0.04347853291602362, 'Recall*@10': 0.1081771059405236, 'NDCG*@10': 0.06325930090887207, 'MRR*@10': 0.0495771308030401, 'Recall*@5': 0.07539206140098118, 'NDCG*@5': 0.05270843420709882, 'MRR*@5': 0.045252226115692226}
INFO    [05-05 11:04:10] train in BasicTrainer:
duration: 53.40791177749634s
INFO    [05-05 11:04:10] train in BasicTrainer:
epoch: 50
INFO    [05-05 11:04:28] _train_one_epoch in BasicTrainer:
loss = 4.3581286083568225
INFO    [05-05 11:04:59] log in loggers:
Update Best NDCG@10 Model at 50
INFO    [05-05 11:04:59] validate in BasicTrainer:
{'Recall@10': 0.10674876400402614, 'NDCG@10': 0.06225173015679632, 'MRR@10': 0.04872845769638107, 'Recall@5': 0.07349598336787451, 'NDCG@5': 0.05155109614133835, 'MRR@5': 0.04434286164385932, 'Recall*@10': 0.10777240494887035, 'NDCG*@10': 0.06381355917879514, 'MRR*@10': 0.050424162830625265, 'Recall*@5': 0.07586868887855894, 'NDCG*@5': 0.05354674320135798, 'MRR*@5': 0.04621636761086328}
INFO    [05-05 11:04:59] train in BasicTrainer:
duration: 49.14979577064514s
INFO    [05-05 11:04:59] train in BasicTrainer:
epoch: 51
INFO    [05-05 11:05:17] _train_one_epoch in BasicTrainer:
loss = 4.353464841842651
INFO    [05-05 11:05:49] validate in BasicTrainer:
{'Recall@10': 0.10622481717949822, 'NDCG@10': 0.06179422778742654, 'MRR@10': 0.04829615585151173, 'Recall@5': 0.07332159720716022, 'NDCG@5': 0.051248107282888325, 'MRR@5': 0.043998509645462036, 'Recall*@10': 0.10757931002548762, 'NDCG*@10': 0.0636166472520147, 'MRR*@10': 0.0502265870925926, 'Recall*@5': 0.07572460245518457, 'NDCG*@5': 0.05340717200722013, 'MRR*@5': 0.04606670212178003}
INFO    [05-05 11:05:49] train in BasicTrainer:
duration: 49.73706245422363s
INFO    [05-05 11:05:49] train in BasicTrainer:
epoch: 52
INFO    [05-05 11:06:07] _train_one_epoch in BasicTrainer:
loss = 4.3496144858273595
INFO    [05-05 11:06:40] validate in BasicTrainer:
{'Recall@10': 0.10688413537683941, 'NDCG@10': 0.062141300489505134, 'MRR@10': 0.048560074397495816, 'Recall@5': 0.07303844143946965, 'NDCG@5': 0.051265936167467205, 'MRR@5': 0.044111525728589014, 'Recall*@10': 0.10753765099105381, 'NDCG*@10': 0.06371197051235608, 'MRR*@10': 0.05037822308284896, 'Recall*@5': 0.07504970828692119, 'NDCG*@5': 0.05325831242260479, 'MRR*@5': 0.04609384973134313}
INFO    [05-05 11:06:40] train in BasicTrainer:
duration: 50.710615158081055s
INFO    [05-05 11:06:40] train in BasicTrainer:
epoch: 53
INFO    [05-05 11:07:10] _train_one_epoch in BasicTrainer:
loss = 4.345393774726174
INFO    [05-05 11:07:47] validate in BasicTrainer:
{'Recall@10': 0.10662009247711726, 'NDCG@10': 0.062078209150405156, 'MRR@10': 0.04852622215236936, 'Recall@5': 0.07407727057025545, 'NDCG@5': 0.05161138322381746, 'MRR@5': 0.04423928704290163, 'Recall*@10': 0.10773678159429914, 'NDCG*@10': 0.06371216706576802, 'MRR*@10': 0.050310373483669193, 'Recall*@5': 0.07566927444367182, 'NDCG*@5': 0.0533905854182584, 'MRR*@5': 0.04607802168244407}
INFO    [05-05 11:07:47] train in BasicTrainer:
duration: 67.18778419494629s
INFO    [05-05 11:07:47] train in BasicTrainer:
epoch: 54
DEBUG   [05-05 11:08:10] calculate_loss in loss:
soft_target max: 0.5064204335212708, argmax 59245149
DEBUG   [05-05 11:08:10] calculate_loss in loss:
pred max in softmax: 0.6855412721633911, argmax 16429057
DEBUG   [05-05 11:08:13] calculate_loss in loss:
soft_target max: 0.5057834386825562, argmax 66447315
DEBUG   [05-05 11:08:13] calculate_loss in loss:
pred max in softmax: 0.7367849349975586, argmax 85890482
INFO    [05-05 11:08:28] _train_one_epoch in BasicTrainer:
loss = 4.340898362073031
INFO    [05-05 11:09:00] log in loggers:
Update Best NDCG@10 Model at 54
INFO    [05-05 11:09:01] validate in BasicTrainer:
{'Recall@10': 0.10754759042035966, 'NDCG@10': 0.06267458040799413, 'MRR@10': 0.04903120050827662, 'Recall@5': 0.07419766592127937, 'NDCG@5': 0.05195517571909087, 'MRR@5': 0.04464594789204143, 'Recall*@10': 0.10852042940400895, 'NDCG*@10': 0.06411311580311685, 'MRR*@10': 0.05060059878797758, 'Recall*@5': 0.07591527523029418, 'NDCG*@5': 0.053635746240615845, 'MRR*@5': 0.04631569928356579}
INFO    [05-05 11:09:01] train in BasicTrainer:
duration: 74.159503698349s
INFO    [05-05 11:09:01] train in BasicTrainer:
epoch: 55
INFO    [05-05 11:09:32] _train_one_epoch in BasicTrainer:
loss = 4.33771576014432
INFO    [05-05 11:10:05] log in loggers:
Update Best NDCG@10 Model at 55
INFO    [05-05 11:10:06] validate in BasicTrainer:
{'Recall@10': 0.10785320968854994, 'NDCG@10': 0.06281550246335212, 'MRR@10': 0.04911896444502331, 'Recall@5': 0.07467432142723174, 'NDCG@5': 0.052141208379041584, 'MRR@5': 0.04474552933658872, 'Recall*@10': 0.10905296071654275, 'NDCG*@10': 0.06433152478365671, 'MRR*@10': 0.05072458389969099, 'Recall*@5': 0.07636022071043651, 'NDCG*@5': 0.05381490449820246, 'MRR*@5': 0.04641617763610113}
INFO    [05-05 11:10:06] train in BasicTrainer:
duration: 65.2965521812439s
INFO    [05-05 11:10:06] train in BasicTrainer:
epoch: 56
INFO    [05-05 11:10:24] _train_one_epoch in BasicTrainer:
loss = 4.33353835886175
INFO    [05-05 11:10:57] log in loggers:
Update Best NDCG@10 Model at 56
INFO    [05-05 11:10:59] validate in BasicTrainer:
{'Recall@10': 0.10812887762274061, 'NDCG@10': 0.06330259303961482, 'MRR@10': 0.049677067214534396, 'Recall@5': 0.07506210889135088, 'NDCG@5': 0.052676468732811156, 'MRR@5': 0.04533045455103829, 'Recall*@10': 0.10876525122494925, 'NDCG*@10': 0.06454879364797048, 'MRR*@10': 0.05107447203426134, 'Recall*@5': 0.07669376262596675, 'NDCG*@5': 0.05422357381099746, 'MRR*@5': 0.04683962925558999}
INFO    [05-05 11:10:59] train in BasicTrainer:
duration: 52.25336194038391s
INFO    [05-05 11:10:59] train in BasicTrainer:
epoch: 57
INFO    [05-05 11:11:17] _train_one_epoch in BasicTrainer:
loss = 4.329641285809603
INFO    [05-05 11:11:49] log in loggers:
Update Best NDCG@10 Model at 57
INFO    [05-05 11:11:50] validate in BasicTrainer:
{'Recall@10': 0.1085507543314071, 'NDCG@10': 0.06338200700424966, 'MRR@10': 0.04964920186570713, 'Recall@5': 0.07536437823658898, 'NDCG@5': 0.05273293952147166, 'MRR@5': 0.045302197869334905, 'Recall*@10': 0.10969104227565583, 'NDCG*@10': 0.06487463964592843, 'MRR*@10': 0.051221144873471486, 'Recall*@5': 0.07750537246465683, 'NDCG*@5': 0.054549508328948705, 'MRR*@5': 0.047008637161481945}
INFO    [05-05 11:11:51] train in BasicTrainer:
duration: 51.982553482055664s
INFO    [05-05 11:11:51] train in BasicTrainer:
epoch: 58
INFO    [05-05 11:12:08] _train_one_epoch in BasicTrainer:
loss = 4.3253790335221725
INFO    [05-05 11:12:40] log in loggers:
Update Best NDCG@10 Model at 58
INFO    [05-05 11:12:40] validate in BasicTrainer:
{'Recall@10': 0.10849676387650627, 'NDCG@10': 0.06355491564387367, 'MRR@10': 0.04987299122980663, 'Recall@5': 0.0758916749840691, 'NDCG@5': 0.05305811833767664, 'MRR@5': 0.04556818430622419, 'Recall*@10': 0.10959854367233458, 'NDCG*@10': 0.06517763861588069, 'MRR*@10': 0.05163724401167461, 'Recall*@5': 0.07759415571178709, 'NDCG*@5': 0.054868877288841066, 'MRR*@5': 0.0474067468728338}
INFO    [05-05 11:12:40] train in BasicTrainer:
duration: 49.651705741882324s
INFO    [05-05 11:12:40] train in BasicTrainer:
epoch: 59
INFO    [05-05 11:12:58] _train_one_epoch in BasicTrainer:
loss = 4.322680460322987
INFO    [05-05 11:13:30] log in loggers:
Update Best NDCG@10 Model at 59
INFO    [05-05 11:13:31] validate in BasicTrainer:
{'Recall@10': 0.10899667087055388, 'NDCG@10': 0.06373238013613791, 'MRR@10': 0.050000901555731184, 'Recall@5': 0.07503806941566013, 'NDCG@5': 0.05283495074226743, 'MRR@5': 0.045551773870275133, 'Recall*@10': 0.11034413710946128, 'NDCG*@10': 0.06528277446826299, 'MRR*@10': 0.051601528589214594, 'Recall*@5': 0.07672705501317978, 'NDCG*@5': 0.05449777575475829, 'MRR*@5': 0.04719994571946916}
INFO    [05-05 11:13:31] train in BasicTrainer:
duration: 50.463385820388794s
INFO    [05-05 11:13:31] train in BasicTrainer:
epoch: 60
INFO    [05-05 11:13:48] _train_one_epoch in BasicTrainer:
loss = 4.318165874481201
INFO    [05-05 11:14:20] log in loggers:
Update Best NDCG@10 Model at 60
INFO    [05-05 11:14:20] validate in BasicTrainer:
{'Recall@10': 0.10887627516474042, 'NDCG@10': 0.06374436279847509, 'MRR@10': 0.05003666292343821, 'Recall@5': 0.07557285364185061, 'NDCG@5': 0.053043520876339505, 'MRR@5': 0.04566068273215067, 'Recall*@10': 0.11038717272735778, 'NDCG*@10': 0.06551208932484899, 'MRR*@10': 0.05185891262122563, 'Recall*@5': 0.0777122981491543, 'NDCG*@5': 0.055009624787739346, 'MRR*@5': 0.04756185483364832}
INFO    [05-05 11:14:20] train in BasicTrainer:
duration: 49.22833490371704s
INFO    [05-05 11:14:20] train in BasicTrainer:
epoch: 61
INFO    [05-05 11:14:38] _train_one_epoch in BasicTrainer:
loss = 4.315563340620561
INFO    [05-05 11:15:10] log in loggers:
Update Best NDCG@10 Model at 61
INFO    [05-05 11:15:11] validate in BasicTrainer:
{'Recall@10': 0.10913952972207751, 'NDCG@10': 0.06406917511707261, 'MRR@10': 0.050384919558252604, 'Recall@5': 0.07547649776651746, 'NDCG@5': 0.053257678591069724, 'MRR@5': 0.04596622181790216, 'Recall*@10': 0.11066443153790065, 'NDCG*@10': 0.06572214620453971, 'MRR*@10': 0.05205065295809791, 'Recall*@5': 0.0777307397552899, 'NDCG*@5': 0.0551475536610399, 'MRR*@5': 0.0477302542754582}
INFO    [05-05 11:15:11] train in BasicTrainer:
duration: 50.640793561935425s
INFO    [05-05 11:15:11] train in BasicTrainer:
epoch: 62
INFO    [05-05 11:15:28] _train_one_epoch in BasicTrainer:
loss = 4.312411377646706
INFO    [05-05 11:16:04] validate in BasicTrainer:
{'Recall@10': 0.10915943128722054, 'NDCG@10': 0.06377543721880231, 'MRR@10': 0.04999574149648348, 'Recall@5': 0.07504141933861233, 'NDCG@5': 0.05280343567331632, 'MRR@5': 0.04550351042832647, 'Recall*@10': 0.11020197329067048, 'NDCG*@10': 0.06537362986377307, 'MRR*@10': 0.05172477325513249, 'Recall*@5': 0.07735017403250649, 'NDCG*@5': 0.054804623481773194, 'MRR*@5': 0.047394445609478725}
INFO    [05-05 11:16:04] train in BasicTrainer:
duration: 52.96682167053223s
INFO    [05-05 11:16:04] train in BasicTrainer:
epoch: 63
DEBUG   [05-05 11:16:26] calculate_loss in loss:
soft_target max: 0.5017430186271667, argmax 26356468
DEBUG   [05-05 11:16:26] calculate_loss in loss:
pred max in softmax: 0.7101473808288574, argmax 8985905
DEBUG   [05-05 11:16:26] calculate_loss in loss:
soft_target max: 0.50699383020401, argmax 70309512
DEBUG   [05-05 11:16:27] calculate_loss in loss:
pred max in softmax: 0.7213454246520996, argmax 42415353
INFO    [05-05 11:16:36] _train_one_epoch in BasicTrainer:
loss = 4.308263596621427
INFO    [05-05 11:17:11] validate in BasicTrainer:
{'Recall@10': 0.10872849041507357, 'NDCG@10': 0.06387899337070328, 'MRR@10': 0.05023225982274328, 'Recall@5': 0.07576300345716022, 'NDCG@5': 0.05330735888509523, 'MRR@5': 0.04592142715340569, 'Recall*@10': 0.10978007848773684, 'NDCG*@10': 0.0653995034240541, 'MRR*@10': 0.051863420399881545, 'Recall*@5': 0.07810494126308531, 'NDCG*@5': 0.055243858091887976, 'MRR*@5': 0.04772374424196425}
INFO    [05-05 11:17:11] train in BasicTrainer:
duration: 67.19451141357422s
INFO    [05-05 11:17:11] train in BasicTrainer:
epoch: 64
INFO    [05-05 11:17:34] _train_one_epoch in BasicTrainer:
loss = 4.305252317948775
INFO    [05-05 11:18:08] log in loggers:
Update Best NDCG@10 Model at 64
INFO    [05-05 11:18:11] validate in BasicTrainer:
{'Recall@10': 0.1087982448793593, 'NDCG@10': 0.06422216196854909, 'MRR@10': 0.050653869552271705, 'Recall@5': 0.07604537123725527, 'NDCG@5': 0.053702445789462046, 'MRR@5': 0.04635384235353697, 'Recall*@10': 0.11005615975175585, 'NDCG*@10': 0.06605448130340803, 'MRR*@10': 0.05263399864946093, 'Recall*@5': 0.0783870191801162, 'NDCG*@5': 0.0558816824285757, 'MRR*@5': 0.04847483195009686}
INFO    [05-05 11:18:11] train in BasicTrainer:
duration: 60.306206703186035s
INFO    [05-05 11:18:11] train in BasicTrainer:
epoch: 65
INFO    [05-05 11:18:35] _train_one_epoch in BasicTrainer:
loss = 4.301924176649614
INFO    [05-05 11:19:08] validate in BasicTrainer:
{'Recall@10': 0.10849183726878393, 'NDCG@10': 0.06382033069218908, 'MRR@10': 0.050245453559217, 'Recall@5': 0.07510033604644593, 'NDCG@5': 0.05309587876711573, 'MRR@5': 0.045861922381889256, 'Recall*@10': 0.1101431239928518, 'NDCG*@10': 0.06555507970707757, 'MRR*@10': 0.051992149225303104, 'Recall*@5': 0.07730877044655028, 'NDCG*@5': 0.0550128019281796, 'MRR*@5': 0.04768487207946323}
INFO    [05-05 11:19:08] train in BasicTrainer:
duration: 57.32559823989868s
INFO    [05-05 11:19:08] train in BasicTrainer:
epoch: 66
INFO    [05-05 11:19:27] _train_one_epoch in BasicTrainer:
loss = 4.29956581809304
INFO    [05-05 11:19:59] log in loggers:
Update Best NDCG@10 Model at 66
INFO    [05-05 11:19:59] validate in BasicTrainer:
{'Recall@10': 0.1092831762064071, 'NDCG@10': 0.06452027300284022, 'MRR@10': 0.0509210406314759, 'Recall@5': 0.07602211974916004, 'NDCG@5': 0.05383616845522608, 'MRR@5': 0.0465539986533778, 'Recall*@10': 0.1106739661523274, 'NDCG*@10': 0.06627169907802627, 'MRR*@10': 0.052752483990930375, 'Recall*@5': 0.07823930929104488, 'NDCG*@5': 0.05584810993501118, 'MRR*@5': 0.04848908207246235}
INFO    [05-05 11:19:59] train in BasicTrainer:
duration: 50.92402172088623s
INFO    [05-05 11:19:59] train in BasicTrainer:
epoch: 67
INFO    [05-05 11:20:17] _train_one_epoch in BasicTrainer:
loss = 4.297582847421819
INFO    [05-05 11:20:49] log in loggers:
Update Best NDCG@10 Model at 67
INFO    [05-05 11:20:52] validate in BasicTrainer:
{'Recall@10': 0.10969756543636322, 'NDCG@10': 0.06504761906606811, 'MRR@10': 0.05146230012178421, 'Recall@5': 0.07770529105549767, 'NDCG@5': 0.054799853513638176, 'MRR@5': 0.04729049227067402, 'Recall*@10': 0.11073508113622665, 'NDCG*@10': 0.06673357511560123, 'MRR*@10': 0.053319509008101056, 'Recall*@5': 0.07979228383018858, 'NDCG*@5': 0.05680541321635246, 'MRR*@5': 0.04926766330997149}
INFO    [05-05 11:20:52] train in BasicTrainer:
duration: 52.44782996177673s
INFO    [05-05 11:20:52] train in BasicTrainer:
epoch: 68
INFO    [05-05 11:21:15] _train_one_epoch in BasicTrainer:
loss = 4.294428378885443
INFO    [05-05 11:21:47] validate in BasicTrainer:
{'Recall@10': 0.10907726273650215, 'NDCG@10': 0.0648027936972323, 'MRR@10': 0.051332000110830577, 'Recall@5': 0.0769064642843746, 'NDCG@5': 0.054477187317042125, 'MRR@5': 0.04711606389000302, 'Recall*@10': 0.1099078499135517, 'NDCG*@10': 0.06640492113573211, 'MRR*@10': 0.05314055883458683, 'Recall*@5': 0.0789048480136054, 'NDCG*@5': 0.05645862008844103, 'MRR*@5': 0.04908265137956256}
INFO    [05-05 11:21:47] train in BasicTrainer:
duration: 55.2338593006134s
INFO    [05-05 11:21:47] train in BasicTrainer:
epoch: 69
INFO    [05-05 11:22:25] _train_one_epoch in BasicTrainer:
loss = 4.291900526393544
INFO    [05-05 11:22:57] validate in BasicTrainer:
{'Recall@10': 0.10985618758769262, 'NDCG@10': 0.06478133868603479, 'MRR@10': 0.05106274251426969, 'Recall@5': 0.07656931770699364, 'NDCG@5': 0.05409204356727146, 'MRR@5': 0.04669491325815519, 'Recall*@10': 0.1108533963561058, 'NDCG*@10': 0.06621832719870976, 'MRR*@10': 0.05259731234539123, 'Recall*@5': 0.07887424564077741, 'NDCG*@5': 0.05594984566171964, 'MRR*@5': 0.048401943274906704}
INFO    [05-05 11:22:57] train in BasicTrainer:
duration: 69.65002536773682s
INFO    [05-05 11:22:57] train in BasicTrainer:
epoch: 70
INFO    [05-05 11:23:16] _train_one_epoch in BasicTrainer:
loss = 4.290104961395263
INFO    [05-05 11:23:48] validate in BasicTrainer:
{'Recall@10': 0.10883982160261699, 'NDCG@10': 0.06452894157596997, 'MRR@10': 0.05104391879978634, 'Recall@5': 0.07622389530851728, 'NDCG@5': 0.054051125333422705, 'MRR@5': 0.046759484779267085, 'Recall*@10': 0.11034577446324485, 'NDCG*@10': 0.06623783689879235, 'MRR*@10': 0.052794206355299265, 'Recall*@5': 0.07842811197042465, 'NDCG*@5': 0.05598055589057151, 'MRR*@5': 0.04859765477123715}
INFO    [05-05 11:23:48] train in BasicTrainer:
duration: 51.64245271682739s
INFO    [05-05 11:23:48] train in BasicTrainer:
epoch: 71
INFO    [05-05 11:24:14] _train_one_epoch in BasicTrainer:
loss = 4.2866959181698885
INFO    [05-05 11:24:47] validate in BasicTrainer:
{'Recall@10': 0.10916613042354584, 'NDCG@10': 0.06468398461029642, 'MRR@10': 0.051131287323577065, 'Recall@5': 0.07730173958199364, 'NDCG@5': 0.054457977768920716, 'MRR@5': 0.046956335327454975, 'Recall*@10': 0.11079957690976915, 'NDCG*@10': 0.06659712252162751, 'MRR*@10': 0.05310297225202833, 'Recall*@5': 0.07984601635308493, 'NDCG*@5': 0.05666090814130647, 'MRR*@5': 0.04904509193840481}
INFO    [05-05 11:24:47] train in BasicTrainer:
duration: 58.3870849609375s
INFO    [05-05 11:24:47] train in BasicTrainer:
epoch: 72
DEBUG   [05-05 11:25:00] calculate_loss in loss:
soft_target max: 0.5117771029472351, argmax 51270924
DEBUG   [05-05 11:25:00] calculate_loss in loss:
pred max in softmax: 0.7784498333930969, argmax 51270924
DEBUG   [05-05 11:25:00] calculate_loss in loss:
soft_target max: 0.507383406162262, argmax 24424944
DEBUG   [05-05 11:25:00] calculate_loss in loss:
pred max in softmax: 0.7527849674224854, argmax 17174550
INFO    [05-05 11:25:05] _train_one_epoch in BasicTrainer:
loss = 4.284049879420888
INFO    [05-05 11:25:38] log in loggers:
Update Best NDCG@10 Model at 72
INFO    [05-05 11:25:39] validate in BasicTrainer:
{'Recall@10': 0.11038013441222054, 'NDCG@10': 0.06541916798977625, 'MRR@10': 0.05175342996205602, 'Recall@5': 0.07677030527875536, 'NDCG@5': 0.054623302072286606, 'MRR@5': 0.04734058252402714, 'Recall*@10': 0.11148526306663241, 'NDCG*@10': 0.06703714636110124, 'MRR*@10': 0.05348715061942736, 'Recall*@5': 0.07901857403062638, 'NDCG*@5': 0.0565971593771662, 'MRR*@5': 0.049213313098464696}
INFO    [05-05 11:25:39] train in BasicTrainer:
duration: 52.26187467575073s
INFO    [05-05 11:25:39] train in BasicTrainer:
epoch: 73
INFO    [05-05 11:25:58] _train_one_epoch in BasicTrainer:
loss = 4.282426478646018
INFO    [05-05 11:26:30] log in loggers:
Update Best NDCG@10 Model at 73
INFO    [05-05 11:26:31] validate in BasicTrainer:
{'Recall@10': 0.1105312690848396, 'NDCG@10': 0.0655320810065383, 'MRR@10': 0.05185534627664657, 'Recall@5': 0.07669641290392194, 'NDCG@5': 0.05464909882062957, 'MRR@5': 0.04739751578086898, 'Recall*@10': 0.11141183617569152, 'NDCG*@10': 0.06721314823343641, 'MRR*@10': 0.053735612403778804, 'Recall*@5': 0.07893616564217068, 'NDCG*@5': 0.05675042402886209, 'MRR*@5': 0.049440077550354455}
INFO    [05-05 11:26:31] train in BasicTrainer:
duration: 52.10003852844238s
INFO    [05-05 11:26:31] train in BasicTrainer:
epoch: 74
INFO    [05-05 11:26:53] _train_one_epoch in BasicTrainer:
loss = 4.279548090154474
INFO    [05-05 11:27:26] validate in BasicTrainer:
{'Recall@10': 0.11138901256379627, 'NDCG@10': 0.06552395543881825, 'MRR@10': 0.051614990014405476, 'Recall@5': 0.07640990721327919, 'NDCG@5': 0.054304669123320354, 'MRR@5': 0.04703811573840323, 'Recall*@10': 0.1127602035800616, 'NDCG*@10': 0.06722833021056085, 'MRR*@10': 0.053396492841697875, 'Recall*@5': 0.0787368995093164, 'NDCG*@5': 0.056316327481042774, 'MRR*@5': 0.04894523127447991}
INFO    [05-05 11:27:26] train in BasicTrainer:
duration: 55.02295136451721s
INFO    [05-05 11:27:26] train in BasicTrainer:
epoch: 75
INFO    [05-05 11:27:44] _train_one_epoch in BasicTrainer:
loss = 4.278721354224465
INFO    [05-05 11:28:16] validate in BasicTrainer:
{'Recall@10': 0.10957716973054976, 'NDCG@10': 0.06542202120735532, 'MRR@10': 0.051961821636983326, 'Recall@5': 0.07724282287416004, 'NDCG@5': 0.054989589821724666, 'MRR@5': 0.04767080573808579, 'Recall*@10': 0.11074341975507282, 'NDCG*@10': 0.06686857963601749, 'MRR*@10': 0.05346937211496489, 'Recall*@5': 0.0792518009742101, 'NDCG*@5': 0.05671907251789456, 'MRR*@5': 0.0493010041259584}
INFO    [05-05 11:28:16] train in BasicTrainer:
duration: 49.908677101135254s
INFO    [05-05 11:28:16] train in BasicTrainer:
epoch: 76
INFO    [05-05 11:29:29] _train_one_epoch in BasicTrainer:
loss = 4.276344299316406
INFO    [05-05 11:30:02] log in loggers:
Update Best NDCG@10 Model at 76
INFO    [05-05 11:30:04] validate in BasicTrainer:
{'Recall@10': 0.11022072391850608, 'NDCG@10': 0.06561275819937389, 'MRR@10': 0.052032949846415294, 'Recall@5': 0.07807731486502148, 'NDCG@5': 0.05528969974035308, 'MRR@5': 0.047814413550354186, 'Recall*@10': 0.11137942047346205, 'NDCG*@10': 0.06727434180322148, 'MRR*@10': 0.05381701389948527, 'Recall*@5': 0.08030697100219272, 'NDCG*@5': 0.05727945463288398, 'MRR*@5': 0.049723505086842035}
INFO    [05-05 11:30:04] train in BasicTrainer:
duration: 107.60473871231079s
INFO    [05-05 11:30:04] train in BasicTrainer:
epoch: 77
INFO    [05-05 11:30:47] _train_one_epoch in BasicTrainer:
loss = 4.274061493440108
INFO    [05-05 11:31:19] validate in BasicTrainer:
{'Recall@10': 0.11044161305541084, 'NDCG@10': 0.06548229445304189, 'MRR@10': 0.05179963828552337, 'Recall@5': 0.0775151408853985, 'NDCG@5': 0.054919514805078506, 'MRR@5': 0.0474896024735201, 'Recall*@10': 0.1116575797398885, 'NDCG*@10': 0.06714053682628132, 'MRR*@10': 0.053554522494475044, 'Recall*@5': 0.07983378640242986, 'NDCG*@5': 0.05692364169018609, 'MRR*@5': 0.049381288566759655}
INFO    [05-05 11:31:19] train in BasicTrainer:
duration: 75.64712929725647s
INFO    [05-05 11:31:19] train in BasicTrainer:
epoch: 78
INFO    [05-05 11:31:37] _train_one_epoch in BasicTrainer:
loss = 4.271884293989702
INFO    [05-05 11:32:10] validate in BasicTrainer:
{'Recall@10': 0.1094559860371408, 'NDCG@10': 0.06530845608739626, 'MRR@10': 0.05186588068803152, 'Recall@5': 0.07767376339151746, 'NDCG@5': 0.05509484843129203, 'MRR@5': 0.04768810013220424, 'Recall*@10': 0.11089318564959935, 'NDCG*@10': 0.06719398108266648, 'MRR*@10': 0.053849493996018453, 'Recall*@5': 0.08007858161415372, 'NDCG*@5': 0.05728441742914064, 'MRR*@5': 0.04979195569952329}
INFO    [05-05 11:32:10] train in BasicTrainer:
duration: 50.95065975189209s
INFO    [05-05 11:32:10] train in BasicTrainer:
epoch: 79
INFO    [05-05 11:32:30] _train_one_epoch in BasicTrainer:
loss = 4.271358208222822
INFO    [05-05 11:33:01] log in loggers:
Update Best NDCG@10 Model at 79
INFO    [05-05 11:33:02] validate in BasicTrainer:
{'Recall@10': 0.11116240918636322, 'NDCG@10': 0.06576731091453916, 'MRR@10': 0.051963573233002706, 'Recall@5': 0.07723454669827506, 'NDCG@5': 0.054850782312098, 'MRR@5': 0.0474906661325977, 'Recall*@10': 0.1126596877972285, 'NDCG*@10': 0.06758160215048563, 'MRR*@10': 0.05385283948410125, 'Recall*@5': 0.0795310955672037, 'NDCG*@5': 0.05693600628347624, 'MRR*@5': 0.04949857010727837}
INFO    [05-05 11:33:02] train in BasicTrainer:
duration: 51.77621555328369s
INFO    [05-05 11:33:02] close_training in BasicTrainer:
finished training
DEBUG   [05-05 11:33:02] debug_summary in loss:
loss nan summary: nan 0 times, not nan 8801 times, ratio nan / (nan + not_nan) = 0.0
INFO    [05-05 11:33:02] run_routine in Routine:
Finished training, Start final validation
INFO    [05-05 11:33:02] final_validate in BasicTrainer:
validate model on val set!
INFO    [05-05 11:33:02] load_state_from_given_path in utils:
checkpoint epoch: 79
INFO    [05-05 11:33:02] load_state_from_given_path in utils:
Loading model's parameters
INFO    [05-05 11:33:35] validate in BasicTrainer:
{'Recall@10': 0.11116240918636322, 'NDCG@10': 0.06576731091453916, 'MRR@10': 0.051963573233002706, 'Recall@5': 0.07723454669827506, 'NDCG@5': 0.054850782312098, 'MRR@5': 0.0474906661325977, 'Recall*@10': 0.1126596877972285, 'NDCG*@10': 0.06758160215048563, 'MRR*@10': 0.05385283948410125, 'Recall*@5': 0.0795310955672037, 'NDCG*@5': 0.05693600628347624, 'MRR*@5': 0.04949857010727837}
INFO    [05-05 11:33:35] run_routine in Routine:
Finished final validating. Result: {'Recall@10': 0.11116240918636322, 'NDCG@10': 0.06576731091453916, 'MRR@10': 0.051963573233002706, 'Recall@5': 0.07723454669827506, 'NDCG@5': 0.054850782312098, 'MRR@5': 0.0474906661325977, 'Recall*@10': 0.1126596877972285, 'NDCG*@10': 0.06758160215048563, 'MRR*@10': 0.05385283948410125, 'Recall*@5': 0.0795310955672037, 'NDCG*@5': 0.05693600628347624, 'MRR*@5': 0.04949857010727837}
INFO    [05-05 11:33:35] _evaluate in EnsembleDistillSched:
Start testing student model on test set
INFO    [05-05 11:33:35] test in BasicTrainer:
Test model on test set!
INFO    [05-05 11:33:35] test_with_given_state_path in BasicTrainer:
Loading model params from ___movies_ep_2022/ep_narm-T-6.0-al-0.75-sr-0.8_05-05_09:59_t9/student_narm_logs/checkpoint/best_acc_model.pth.
INFO    [05-05 11:33:35] load_state_from_given_path in utils:
checkpoint epoch: 79
INFO    [05-05 11:33:35] load_state_from_given_path in utils:
Loading model's parameters
INFO    [05-05 11:33:35] test_with_given_state_path in BasicTrainer:
Finished loading. Start testing.
INFO    [05-05 11:34:06] test_with_given_state_path in BasicTrainer:
{'Recall@10': 0.09753881040073577, 'NDCG@10': 0.056822696257205235, 'MRR@10': 0.0444687395578339, 'Recall@5': 0.06726714613891784, 'NDCG@5': 0.04709611158995401, 'MRR@5': 0.04049067110532806, 'Recall*@10': 0.10080267524435407, 'NDCG*@10': 0.05973387474105472, 'MRR*@10': 0.04726542284091314, 'Recall*@5': 0.07052423166377204, 'NDCG*@5': 0.05000924230331466, 'MRR*@5': 0.04329034952180726}
INFO    [05-05 11:34:06] _evaluate in EnsembleDistillSched:
!!Final Result!!: {'Recall@10': 0.09753881040073577, 'NDCG@10': 0.056822696257205235, 'MRR@10': 0.0444687395578339, 'Recall@5': 0.06726714613891784, 'NDCG@5': 0.04709611158995401, 'MRR@5': 0.04049067110532806, 'Recall*@10': 0.10080267524435407, 'NDCG*@10': 0.05973387474105472, 'MRR*@10': 0.04726542284091314, 'Recall*@5': 0.07052423166377204, 'NDCG*@5': 0.05000924230331466, 'MRR*@5': 0.04329034952180726}
