INFO    [02-26 21:47:08] setup_train in utils:
{
    "experiment_dir": "___lfms_base_partial_2022",
    "experiment_description": "base",
    "describe": "{config[model_code]}-rate-{config[sample_rate]}-seed-{config[sample_seed]}",
    "dataset_name": "lastfm_small.csv",
    "sched": "basic",
    "model_code": "gru4rec",
    "num_epochs": 80,
    "mode": [
        "train",
        "test"
    ],
    "max_len": 20,
    "test_state_path": null,
    "model_state_path": null,
    "do_sampling": true,
    "path_for_sample": "Data/Cache/lastfm_small-5-5.pkl",
    "sample_rate": 0.8,
    "sample_seed": 2000,
    "rand_seed": 2022,
    "load_processed_dataset": true,
    "save_processed_dataset": false,
    "dataset_cache_filename": null,
    "weight_decay": 0,
    "decay_step": 15,
    "gamma": 0.99,
    "lr": 0.001,
    "min_length": 5,
    "min_item_inter": 5,
    "good_only": false,
    "use_rating": true,
    "test_negative_sampler_code": "random",
    "test_negative_sample_size": 0,
    "dataloader_type": "next",
    "train_batch_size": 64,
    "val_batch_size": 64,
    "test_batch_size": 64,
    "prop_sliding_window": -1.0,
    "worker_number": 2,
    "metric_ks": [
        5,
        10
    ],
    "device": "cuda",
    "num_gpu": 1,
    "optimizer": "Adam",
    "best_metric": "NDCG@10",
    "show_process_bar": false,
    "config_file": "config2.lastfm_small/gru4rec/config_partial.json",
    "task_id": -1,
    "split": "leave_one_out",
    "do_remap": true,
    "train_negative_sampler_code": "random",
    "train_negative_sample_size": 100,
    "device_idx": "0",
    "momentum": null,
    "log_period_as_iter": 12800,
    "mentor_code": "bert",
    "training_routine": null,
    "T": 1,
    "alpha": 0.1,
    "dvae_alpha": 0.5,
    "softmaxed_mentor": false,
    "weight_list": [
        0.5,
        0.5
    ],
    "validation_rate": 0.2,
    "num_items": null,
    "start_index": 1,
    "kwargs": null
}
DEBUG   [02-26 21:47:08] __init__ in BasicSched:
BasicScheduler attribs: tag=gru4rec
INFO    [02-26 21:47:08] _load_sampled_dataset_from_path in utils:
loading sampled dataset from /data/wushiguang-slurm/code/gitee-repos/soft-rec/Data/Cache/sampled_lastfm_small-5-5-rate-0.8-seed-2000.pkl
INFO    [02-26 21:47:08] _check_dataset_cache in utils:
check if the cache is generated under this configuration
INFO    [02-26 21:47:08] _check_dataset_cache in utils:
correct.
INFO    [02-26 21:47:08] __init__ in NextItemDataloader:
there are 3646 items in this dataset, 2538 users, padding_first? False
DEBUG   [02-26 21:47:09] generate_model in utils:
model_code_list=['gru4rec']
INFO    [02-26 21:47:09] load_model_config in utils:
loading model gru4rec's config file at asset/config/model/gru4rec.json
INFO    [02-26 21:47:09] load_model_config in utils:
{
    "embed_size": 64,
    "hidden_units": 64,
    "num_layers": 2,
    "hidden_dropout": 0.5,
    "loss_type": "CE"
}
WARNING [02-26 21:47:12] get_exist_path in utils:
dir ___lfms_base_partial_2022/base_gru4rec-rate-0.8-seed-2000_02-26_21:47_0/gru4rec_logs does not exist! Create one.
WARNING [02-26 21:47:12] get_exist_path in utils:
dir ___lfms_base_partial_2022/base_gru4rec-rate-0.8-seed-2000_02-26_21:47_0/gru4rec_logs/tb_vis does not exist! Create one.
WARNING [02-26 21:47:12] get_exist_path in utils:
dir ___lfms_base_partial_2022/base_gru4rec-rate-0.8-seed-2000_02-26_21:47_0/gru4rec_logs/checkpoint does not exist! Create one.
INFO    [02-26 21:47:12] __init__ in BasicSched:
GRU4RecModel(
  (item_embedding): Embedding(3647, 64, padding_idx=0)
  (emb_dropout): Dropout(p=0.5, inplace=False)
  (gru_layers): GRU(64, 64, num_layers=2, bias=False, batch_first=True)
  (dense): Linear(in_features=64, out_features=64, bias=True)
  (loss_fct): CrossEntropyLoss()
)
WARNING [02-26 21:47:12] get_path in utils:
Path is None
WARNING [02-26 21:47:12] load_state_from_given_path in utils:
Not given any path.
INFO    [02-26 21:47:12] assert_model_device in utils:
model gru4rec has 1.09375 MB params.
INFO    [02-26 21:47:12] __init__ in BasicTrainer:
38592 iter per epoch
INFO    [02-26 21:47:12] _fit in BasicSched:
Start training.
INFO    [02-26 21:47:14] log in loggers:
Update Best NDCG@10 Model at 0
INFO    [02-26 21:47:14] validate in BasicTrainer:
{'Recall@10': 0.00234375, 'NDCG@10': 0.0009642379940487444, 'MRR@10': 0.0005653211817843839, 'Recall@5': 0.00078125, 'NDCG@5': 0.000492913881316781, 'MRR@5': 0.000390625, 'Recall*@10': 0.00234375, 'NDCG*@10': 0.0009642379940487444, 'MRR*@10': 0.0005653211817843839, 'Recall*@5': 0.00078125, 'NDCG*@5': 0.000492913881316781, 'MRR*@5': 0.000390625}
INFO    [02-26 21:47:14] train in BasicTrainer:
epoch: 0
INFO    [02-26 21:47:21] _train_one_epoch in BasicTrainer:
loss = 7.731069584588704
INFO    [02-26 21:47:24] log in loggers:
Update Best NDCG@10 Model at 0
INFO    [02-26 21:47:24] validate in BasicTrainer:
{'Recall@10': 0.037127976212650536, 'NDCG@10': 0.017983096989337356, 'MRR@10': 0.012218037259299309, 'Recall@5': 0.021893601212650538, 'NDCG@5': 0.013026012922637165, 'MRR@5': 0.010154700046405197, 'Recall*@10': 0.037127976212650536, 'NDCG*@10': 0.017983096989337356, 'MRR*@10': 0.012218037259299309, 'Recall*@5': 0.021893601212650538, 'NDCG*@5': 0.013026012922637165, 'MRR*@5': 0.010154700046405197}
INFO    [02-26 21:47:24] train in BasicTrainer:
duration: 10.090995073318481s
INFO    [02-26 21:47:24] train in BasicTrainer:
epoch: 1
INFO    [02-26 21:47:31] _train_one_epoch in BasicTrainer:
loss = 7.236367235927044
INFO    [02-26 21:47:33] log in loggers:
Update Best NDCG@10 Model at 1
INFO    [02-26 21:47:34] validate in BasicTrainer:
{'Recall@10': 0.05158110121265054, 'NDCG@10': 0.02727438494330272, 'MRR@10': 0.020026196906110273, 'Recall@5': 0.0328125, 'NDCG@5': 0.02134506548754871, 'MRR@5': 0.0176627607899718, 'Recall*@10': 0.05158110121265054, 'NDCG*@10': 0.02727438494330272, 'MRR*@10': 0.020026196906110273, 'Recall*@5': 0.0328125, 'NDCG*@5': 0.02134506548754871, 'MRR*@5': 0.0176627607899718}
INFO    [02-26 21:47:34] train in BasicTrainer:
duration: 9.514378547668457s
INFO    [02-26 21:47:34] train in BasicTrainer:
epoch: 2
INFO    [02-26 21:47:41] _train_one_epoch in BasicTrainer:
loss = 6.973226337685909
INFO    [02-26 21:47:43] log in loggers:
Update Best NDCG@10 Model at 2
INFO    [02-26 21:47:43] validate in BasicTrainer:
{'Recall@10': 0.06525297621265054, 'NDCG@10': 0.03380766086047515, 'MRR@10': 0.024323847133200616, 'Recall@5': 0.04122023810632527, 'NDCG@5': 0.02612653491087258, 'MRR@5': 0.021207527676597237, 'Recall*@10': 0.06525297621265054, 'NDCG*@10': 0.03380766086047515, 'MRR*@10': 0.024323847133200616, 'Recall*@5': 0.04122023810632527, 'NDCG*@5': 0.02612653491087258, 'MRR*@5': 0.021207527676597237}
INFO    [02-26 21:47:43] train in BasicTrainer:
duration: 9.293742895126343s
INFO    [02-26 21:47:43] train in BasicTrainer:
epoch: 3
INFO    [02-26 21:47:50] _train_one_epoch in BasicTrainer:
loss = 6.761917719991251
INFO    [02-26 21:47:52] log in loggers:
Update Best NDCG@10 Model at 3
INFO    [02-26 21:47:52] validate in BasicTrainer:
{'Recall@10': 0.07423735121265054, 'NDCG@10': 0.0369474362116307, 'MRR@10': 0.02579597638687119, 'Recall@5': 0.04317336310632527, 'NDCG@5': 0.027005435712635518, 'MRR@5': 0.02175440255086869, 'Recall*@10': 0.07423735121265054, 'NDCG*@10': 0.0369474362116307, 'MRR*@10': 0.02579597638687119, 'Recall*@5': 0.04317336310632527, 'NDCG*@5': 0.027005435712635518, 'MRR*@5': 0.02175440255086869}
INFO    [02-26 21:47:52] train in BasicTrainer:
duration: 9.292722463607788s
INFO    [02-26 21:47:52] train in BasicTrainer:
epoch: 4
INFO    [02-26 21:47:59] _train_one_epoch in BasicTrainer:
loss = 6.555119879803255
INFO    [02-26 21:48:01] log in loggers:
Update Best NDCG@10 Model at 4
INFO    [02-26 21:48:01] validate in BasicTrainer:
{'Recall@10': 0.08301711310632527, 'NDCG@10': 0.04487264314666391, 'MRR@10': 0.03335109366744291, 'Recall@5': 0.053515625, 'NDCG@5': 0.03544946548063308, 'MRR@5': 0.02953125046333298, 'Recall*@10': 0.08301711310632527, 'NDCG*@10': 0.04487264314666391, 'MRR*@10': 0.03335109366744291, 'Recall*@5': 0.053515625, 'NDCG*@5': 0.03544946548063308, 'MRR*@5': 0.02953125046333298}
INFO    [02-26 21:48:01] train in BasicTrainer:
duration: 9.31903862953186s
INFO    [02-26 21:48:01] train in BasicTrainer:
epoch: 5
INFO    [02-26 21:48:09] _train_one_epoch in BasicTrainer:
loss = 6.375929958982452
INFO    [02-26 21:48:11] log in loggers:
Update Best NDCG@10 Model at 5
INFO    [02-26 21:48:11] validate in BasicTrainer:
{'Recall@10': 0.10001860121265053, 'NDCG@10': 0.05111870067194104, 'MRR@10': 0.03638656440889463, 'Recall@5': 0.06075148810632527, 'NDCG@5': 0.03836086108349264, 'MRR@5': 0.031090340513037516, 'Recall*@10': 0.10001860121265053, 'NDCG*@10': 0.05111870067194104, 'MRR*@10': 0.03638656440889463, 'Recall*@5': 0.06075148810632527, 'NDCG*@5': 0.03836086108349264, 'MRR*@5': 0.031090340513037516}
INFO    [02-26 21:48:11] train in BasicTrainer:
duration: 9.285045385360718s
INFO    [02-26 21:48:11] train in BasicTrainer:
epoch: 6
INFO    [02-26 21:48:18] _train_one_epoch in BasicTrainer:
loss = 6.220227583130794
INFO    [02-26 21:48:20] log in loggers:
Update Best NDCG@10 Model at 6
INFO    [02-26 21:48:20] validate in BasicTrainer:
{'Recall@10': 0.10217633936554193, 'NDCG@10': 0.05534291784279048, 'MRR@10': 0.041221257369033995, 'Recall@5': 0.06465773810632527, 'NDCG@5': 0.04318933121394366, 'MRR@5': 0.03619419697206468, 'Recall*@10': 0.10217633936554193, 'NDCG*@10': 0.05534291784279048, 'MRR*@10': 0.041221257369033995, 'Recall*@5': 0.06465773810632527, 'NDCG*@5': 0.04318933121394366, 'MRR*@5': 0.03619419697206468}
INFO    [02-26 21:48:20] train in BasicTrainer:
duration: 9.272086143493652s
INFO    [02-26 21:48:20] train in BasicTrainer:
epoch: 7
INFO    [02-26 21:48:27] _train_one_epoch in BasicTrainer:
loss = 6.10247968322602
INFO    [02-26 21:48:29] log in loggers:
Update Best NDCG@10 Model at 7
INFO    [02-26 21:48:29] validate in BasicTrainer:
{'Recall@10': 0.11741071436554193, 'NDCG@10': 0.06060729054734111, 'MRR@10': 0.043564866960514335, 'Recall@5': 0.07072172621265053, 'NDCG@5': 0.04558656853623688, 'MRR@5': 0.0374135052843485, 'Recall*@10': 0.11741071436554193, 'NDCG*@10': 0.06060729054734111, 'MRR*@10': 0.043564866960514335, 'Recall*@5': 0.07072172621265053, 'NDCG*@5': 0.04558656853623688, 'MRR*@5': 0.0374135052843485}
INFO    [02-26 21:48:29] train in BasicTrainer:
duration: 9.250645875930786s
INFO    [02-26 21:48:29] train in BasicTrainer:
epoch: 8
INFO    [02-26 21:48:36] _train_one_epoch in BasicTrainer:
loss = 5.993046975649807
INFO    [02-26 21:48:38] log in loggers:
Update Best NDCG@10 Model at 8
INFO    [02-26 21:48:39] validate in BasicTrainer:
{'Recall@10': 0.11995907742530107, 'NDCG@10': 0.06090777362696827, 'MRR@10': 0.04320330291520804, 'Recall@5': 0.06895461310632527, 'NDCG@5': 0.04438988114707172, 'MRR@5': 0.03637679883977398, 'Recall*@10': 0.11995907742530107, 'NDCG*@10': 0.06090777362696827, 'MRR*@10': 0.04320330291520804, 'Recall*@5': 0.06895461310632527, 'NDCG*@5': 0.04438988114707172, 'MRR*@5': 0.03637679883977398}
INFO    [02-26 21:48:39] train in BasicTrainer:
duration: 9.25055193901062s
INFO    [02-26 21:48:39] train in BasicTrainer:
epoch: 9
INFO    [02-26 21:48:46] _train_one_epoch in BasicTrainer:
loss = 5.901178658107423
INFO    [02-26 21:48:48] log in loggers:
Update Best NDCG@10 Model at 9
INFO    [02-26 21:48:48] validate in BasicTrainer:
{'Recall@10': 0.12129836310632527, 'NDCG@10': 0.06438695676624775, 'MRR@10': 0.04717168924980797, 'Recall@5': 0.079296875, 'NDCG@5': 0.05095388756599277, 'MRR@5': 0.04171224040910602, 'Recall*@10': 0.12129836310632527, 'NDCG*@10': 0.06438695676624775, 'MRR*@10': 0.04717168924980797, 'Recall*@5': 0.079296875, 'NDCG*@5': 0.05095388756599277, 'MRR*@5': 0.04171224040910602}
INFO    [02-26 21:48:48] train in BasicTrainer:
duration: 9.26056432723999s
INFO    [02-26 21:48:48] train in BasicTrainer:
epoch: 10
INFO    [02-26 21:48:55] _train_one_epoch in BasicTrainer:
loss = 5.807729649108836
INFO    [02-26 21:48:57] log in loggers:
Update Best NDCG@10 Model at 10
INFO    [02-26 21:48:57] validate in BasicTrainer:
{'Recall@10': 0.12074032742530108, 'NDCG@10': 0.06499022403731942, 'MRR@10': 0.04819950854871422, 'Recall@5': 0.07678571436554193, 'NDCG@5': 0.050725015345960855, 'MRR@5': 0.042275236127898096, 'Recall*@10': 0.12074032742530108, 'NDCG*@10': 0.06499022403731942, 'MRR*@10': 0.04819950854871422, 'Recall*@5': 0.07678571436554193, 'NDCG*@5': 0.050725015345960855, 'MRR*@5': 0.042275236127898096}
INFO    [02-26 21:48:57] train in BasicTrainer:
duration: 9.256920576095581s
INFO    [02-26 21:48:57] train in BasicTrainer:
epoch: 11
INFO    [02-26 21:49:04] _train_one_epoch in BasicTrainer:
loss = 5.724277193471171
INFO    [02-26 21:49:06] log in loggers:
Update Best NDCG@10 Model at 11
INFO    [02-26 21:49:06] validate in BasicTrainer:
{'Recall@10': 0.13108258936554193, 'NDCG@10': 0.06774825574830175, 'MRR@10': 0.04867089437320828, 'Recall@5': 0.08536086310632526, 'NDCG@5': 0.05324927088804543, 'MRR@5': 0.04285435387864709, 'Recall*@10': 0.13108258936554193, 'NDCG*@10': 0.06774825574830175, 'MRR*@10': 0.04867089437320828, 'Recall*@5': 0.08536086310632526, 'NDCG*@5': 0.05324927088804543, 'MRR*@5': 0.04285435387864709}
INFO    [02-26 21:49:06] train in BasicTrainer:
duration: 9.373417615890503s
INFO    [02-26 21:49:06] train in BasicTrainer:
epoch: 12
INFO    [02-26 21:49:14] _train_one_epoch in BasicTrainer:
loss = 5.650758204768546
INFO    [02-26 21:49:16] log in loggers:
Update Best NDCG@10 Model at 12
INFO    [02-26 21:49:16] validate in BasicTrainer:
{'Recall@10': 0.1361793154850602, 'NDCG@10': 0.07261417079716921, 'MRR@10': 0.053426391910761595, 'Recall@5': 0.08850446436554193, 'NDCG@5': 0.05744036929681897, 'MRR@5': 0.04730902884621173, 'Recall*@10': 0.1361793154850602, 'NDCG*@10': 0.07261417079716921, 'MRR*@10': 0.053426391910761595, 'Recall*@5': 0.08850446436554193, 'NDCG*@5': 0.05744036929681897, 'MRR*@5': 0.04730902884621173}
INFO    [02-26 21:49:16] train in BasicTrainer:
duration: 9.297920942306519s
INFO    [02-26 21:49:16] train in BasicTrainer:
epoch: 13
INFO    [02-26 21:49:23] _train_one_epoch in BasicTrainer:
loss = 5.577045718235756
INFO    [02-26 21:49:25] validate in BasicTrainer:
{'Recall@10': 0.13087797621265054, 'NDCG@10': 0.0707003737334162, 'MRR@10': 0.05255874991416931, 'Recall@5': 0.08379836310632527, 'NDCG@5': 0.05548799973912537, 'MRR@5': 0.04628534275107086, 'Recall*@10': 0.13087797621265054, 'NDCG*@10': 0.0707003737334162, 'MRR*@10': 0.05255874991416931, 'Recall*@5': 0.08379836310632527, 'NDCG*@5': 0.05548799973912537, 'MRR*@5': 0.04628534275107086}
INFO    [02-26 21:49:25] train in BasicTrainer:
duration: 9.210338830947876s
INFO    [02-26 21:49:25] train in BasicTrainer:
epoch: 14
INFO    [02-26 21:49:32] _train_one_epoch in BasicTrainer:
loss = 5.509699414223185
INFO    [02-26 21:49:34] log in loggers:
Update Best NDCG@10 Model at 14
INFO    [02-26 21:49:34] validate in BasicTrainer:
{'Recall@10': 0.14045758936554192, 'NDCG@10': 0.07552422201260925, 'MRR@10': 0.05587542995344848, 'Recall@5': 0.08926711310632526, 'NDCG@5': 0.058886721404269336, 'MRR@5': 0.048957404354587196, 'Recall*@10': 0.14045758936554192, 'NDCG*@10': 0.07552422201260925, 'MRR*@10': 0.05587542995344848, 'Recall*@5': 0.08926711310632526, 'NDCG*@5': 0.058886721404269336, 'MRR*@5': 0.048957404354587196}
INFO    [02-26 21:49:34] train in BasicTrainer:
duration: 9.303767681121826s
INFO    [02-26 21:49:34] train in BasicTrainer:
epoch: 15
INFO    [02-26 21:49:41] _train_one_epoch in BasicTrainer:
loss = 5.4297318118524
INFO    [02-26 21:49:43] log in loggers:
Update Best NDCG@10 Model at 15
INFO    [02-26 21:49:44] validate in BasicTrainer:
{'Recall@10': 0.14123883936554193, 'NDCG@10': 0.07615937679074705, 'MRR@10': 0.05648694452829659, 'Recall@5': 0.08887648810632527, 'NDCG@5': 0.05931232669390738, 'MRR@5': 0.049579613748937844, 'Recall*@10': 0.14123883936554193, 'NDCG*@10': 0.07615937679074705, 'MRR*@10': 0.05648694452829659, 'Recall*@5': 0.08887648810632527, 'NDCG*@5': 0.05931232669390738, 'MRR*@5': 0.049579613748937844}
INFO    [02-26 21:49:44] train in BasicTrainer:
duration: 9.311791181564331s
INFO    [02-26 21:49:44] train in BasicTrainer:
epoch: 16
INFO    [02-26 21:49:51] _train_one_epoch in BasicTrainer:
loss = 5.366613787402759
INFO    [02-26 21:49:53] log in loggers:
Update Best NDCG@10 Model at 16
INFO    [02-26 21:49:53] validate in BasicTrainer:
{'Recall@10': 0.13928571436554193, 'NDCG@10': 0.07631391258910299, 'MRR@10': 0.057209512172266844, 'Recall@5': 0.09122023810632526, 'NDCG@5': 0.06085073698777706, 'MRR@5': 0.05087704645120539, 'Recall*@10': 0.13928571436554193, 'NDCG*@10': 0.07631391258910299, 'MRR*@10': 0.057209512172266844, 'Recall*@5': 0.09122023810632526, 'NDCG*@5': 0.06085073698777706, 'MRR*@5': 0.05087704645120539}
INFO    [02-26 21:49:53] train in BasicTrainer:
duration: 9.293730974197388s
INFO    [02-26 21:49:53] train in BasicTrainer:
epoch: 17
INFO    [02-26 21:50:00] _train_one_epoch in BasicTrainer:
loss = 5.314085235247762
INFO    [02-26 21:50:02] log in loggers:
Update Best NDCG@10 Model at 17
INFO    [02-26 21:50:02] validate in BasicTrainer:
{'Recall@10': 0.14084821436554193, 'NDCG@10': 0.07793767582625151, 'MRR@10': 0.05888051870279014, 'Recall@5': 0.09553571436554194, 'NDCG@5': 0.06339743002317846, 'MRR@5': 0.0529454993782565, 'Recall*@10': 0.14084821436554193, 'NDCG*@10': 0.07793767582625151, 'MRR*@10': 0.05888051870279014, 'Recall*@5': 0.09553571436554194, 'NDCG*@5': 0.06339743002317846, 'MRR*@5': 0.0529454993782565}
INFO    [02-26 21:50:02] train in BasicTrainer:
duration: 9.55068302154541s
INFO    [02-26 21:50:02] train in BasicTrainer:
epoch: 18
INFO    [02-26 21:50:10] _train_one_epoch in BasicTrainer:
loss = 5.250026306702723
INFO    [02-26 21:50:12] log in loggers:
Update Best NDCG@10 Model at 18
INFO    [02-26 21:50:12] validate in BasicTrainer:
{'Recall@10': 0.14611235121265054, 'NDCG@10': 0.07870089444331825, 'MRR@10': 0.058366351202130316, 'Recall@5': 0.09103422621265053, 'NDCG@5': 0.06082340800203383, 'MRR@5': 0.05095238183857873, 'Recall*@10': 0.14611235121265054, 'NDCG*@10': 0.07870089444331825, 'MRR*@10': 0.058366351202130316, 'Recall*@5': 0.09103422621265053, 'NDCG*@5': 0.06082340800203383, 'MRR*@5': 0.05095238183857873}
INFO    [02-26 21:50:12] train in BasicTrainer:
duration: 9.362191200256348s
INFO    [02-26 21:50:12] train in BasicTrainer:
epoch: 19
INFO    [02-26 21:50:19] _train_one_epoch in BasicTrainer:
loss = 5.189661828637321
INFO    [02-26 21:50:21] validate in BasicTrainer:
{'Recall@10': 0.14456845242530109, 'NDCG@10': 0.07655026903375983, 'MRR@10': 0.0559942860621959, 'Recall@5': 0.09025297621265053, 'NDCG@5': 0.05895566425751895, 'MRR@5': 0.04871279846411199, 'Recall*@10': 0.14456845242530109, 'NDCG*@10': 0.07655026903375983, 'MRR*@10': 0.0559942860621959, 'Recall*@5': 0.09025297621265053, 'NDCG*@5': 0.05895566425751895, 'MRR*@5': 0.04871279846411199}
INFO    [02-26 21:50:21] train in BasicTrainer:
duration: 9.222254753112793s
INFO    [02-26 21:50:21] train in BasicTrainer:
epoch: 20
INFO    [02-26 21:50:28] _train_one_epoch in BasicTrainer:
loss = 5.139073008921609
INFO    [02-26 21:50:30] log in loggers:
Update Best NDCG@10 Model at 20
INFO    [02-26 21:50:30] validate in BasicTrainer:
{'Recall@10': 0.14242931548506021, 'NDCG@10': 0.07919249581173063, 'MRR@10': 0.0600791584700346, 'Recall@5': 0.09378720242530107, 'NDCG@5': 0.06358760797884315, 'MRR@5': 0.05371186865959317, 'Recall*@10': 0.14242931548506021, 'NDCG*@10': 0.07919249581173063, 'MRR*@10': 0.0600791584700346, 'Recall*@5': 0.09378720242530107, 'NDCG*@5': 0.06358760797884315, 'MRR*@5': 0.05371186865959317}
INFO    [02-26 21:50:30] train in BasicTrainer:
duration: 9.26991605758667s
INFO    [02-26 21:50:30] train in BasicTrainer:
epoch: 21
INFO    [02-26 21:50:37] _train_one_epoch in BasicTrainer:
loss = 5.084184448912764
INFO    [02-26 21:50:40] log in loggers:
Update Best NDCG@10 Model at 21
INFO    [02-26 21:50:40] validate in BasicTrainer:
{'Recall@10': 0.15005580373108388, 'NDCG@10': 0.08137383135035633, 'MRR@10': 0.06078972476534546, 'Recall@5': 0.09123883936554193, 'NDCG@5': 0.062584026157856, 'MRR@5': 0.05316840356681496, 'Recall*@10': 0.15005580373108388, 'NDCG*@10': 0.08137383135035633, 'MRR*@10': 0.06078972476534546, 'Recall*@5': 0.09123883936554193, 'NDCG*@5': 0.062584026157856, 'MRR*@5': 0.05316840356681496}
INFO    [02-26 21:50:40] train in BasicTrainer:
duration: 9.38268756866455s
INFO    [02-26 21:50:40] train in BasicTrainer:
epoch: 22
INFO    [02-26 21:50:47] _train_one_epoch in BasicTrainer:
loss = 5.041490354743566
INFO    [02-26 21:50:49] validate in BasicTrainer:
{'Recall@10': 0.14633556548506021, 'NDCG@10': 0.07909975983202458, 'MRR@10': 0.058694130391813815, 'Recall@5': 0.09728422621265054, 'NDCG@5': 0.06323620406910777, 'MRR@5': 0.05214750869199634, 'Recall*@10': 0.14633556548506021, 'NDCG*@10': 0.07909975983202458, 'MRR*@10': 0.058694130391813815, 'Recall*@5': 0.09728422621265054, 'NDCG*@5': 0.06323620406910777, 'MRR*@5': 0.05214750869199634}
INFO    [02-26 21:50:49] train in BasicTrainer:
duration: 9.221808910369873s
INFO    [02-26 21:50:49] train in BasicTrainer:
epoch: 23
INFO    [02-26 21:50:56] _train_one_epoch in BasicTrainer:
loss = 4.9856456326410346
INFO    [02-26 21:50:58] log in loggers:
Update Best NDCG@10 Model at 23
INFO    [02-26 21:50:58] validate in BasicTrainer:
{'Recall@10': 0.15161830373108387, 'NDCG@10': 0.08156695775687695, 'MRR@10': 0.06038442524150014, 'Recall@5': 0.10180431548506022, 'NDCG@5': 0.0657393354922533, 'MRR@5': 0.05401320776436478, 'Recall*@10': 0.15161830373108387, 'NDCG*@10': 0.08156695775687695, 'MRR*@10': 0.06038442524150014, 'Recall*@5': 0.10180431548506022, 'NDCG*@5': 0.0657393354922533, 'MRR*@5': 0.05401320776436478}
INFO    [02-26 21:50:58] train in BasicTrainer:
duration: 9.319916725158691s
INFO    [02-26 21:50:58] train in BasicTrainer:
epoch: 24
INFO    [02-26 21:51:05] _train_one_epoch in BasicTrainer:
loss = 4.937469791614792
INFO    [02-26 21:51:07] log in loggers:
Update Best NDCG@10 Model at 24
INFO    [02-26 21:51:07] validate in BasicTrainer:
{'Recall@10': 0.14867931548506022, 'NDCG@10': 0.08239166652783751, 'MRR@10': 0.06218003118410707, 'Recall@5': 0.10197172621265053, 'NDCG@5': 0.06736199473962187, 'MRR@5': 0.056018416211009024, 'Recall*@10': 0.14867931548506022, 'NDCG*@10': 0.08239166652783751, 'MRR*@10': 0.06218003118410707, 'Recall*@5': 0.10197172621265053, 'NDCG*@5': 0.06736199473962187, 'MRR*@5': 0.056018416211009024}
INFO    [02-26 21:51:07] train in BasicTrainer:
duration: 9.253490686416626s
INFO    [02-26 21:51:07] train in BasicTrainer:
epoch: 25
INFO    [02-26 21:51:15] _train_one_epoch in BasicTrainer:
loss = 4.890275252992241
INFO    [02-26 21:51:17] log in loggers:
Update Best NDCG@10 Model at 25
INFO    [02-26 21:51:17] validate in BasicTrainer:
{'Recall@10': 0.1514136904850602, 'NDCG@10': 0.08357623629271985, 'MRR@10': 0.06304656621068716, 'Recall@5': 0.09847470242530107, 'NDCG@5': 0.06661477386951446, 'MRR@5': 0.05614614426158369, 'Recall*@10': 0.1514136904850602, 'NDCG*@10': 0.08357623629271985, 'MRR*@10': 0.06304656621068716, 'Recall*@5': 0.09847470242530107, 'NDCG*@5': 0.06661477386951446, 'MRR*@5': 0.05614614426158369}
INFO    [02-26 21:51:17] train in BasicTrainer:
duration: 9.314326524734497s
INFO    [02-26 21:51:17] train in BasicTrainer:
epoch: 26
INFO    [02-26 21:51:24] _train_one_epoch in BasicTrainer:
loss = 4.840613616639702
INFO    [02-26 21:51:26] validate in BasicTrainer:
{'Recall@10': 0.15003720242530108, 'NDCG@10': 0.08143002614378929, 'MRR@10': 0.06059270724654198, 'Recall@5': 0.09611235121265053, 'NDCG@5': 0.06395653788931668, 'MRR@5': 0.05336154601536691, 'Recall*@10': 0.15003720242530108, 'NDCG*@10': 0.08143002614378929, 'MRR*@10': 0.06059270724654198, 'Recall*@5': 0.09611235121265053, 'NDCG*@5': 0.06395653788931668, 'MRR*@5': 0.05336154601536691}
INFO    [02-26 21:51:26] train in BasicTrainer:
duration: 9.335210800170898s
INFO    [02-26 21:51:26] train in BasicTrainer:
epoch: 27
INFO    [02-26 21:51:33] _train_one_epoch in BasicTrainer:
loss = 4.796753064119203
INFO    [02-26 21:51:35] validate in BasicTrainer:
{'Recall@10': 0.15159970242530107, 'NDCG@10': 0.08254775200039148, 'MRR@10': 0.06163158379495144, 'Recall@5': 0.09415922621265053, 'NDCG@5': 0.06397108323872089, 'MRR@5': 0.053966704895719884, 'Recall*@10': 0.15159970242530107, 'NDCG*@10': 0.08254775200039148, 'MRR*@10': 0.06163158379495144, 'Recall*@5': 0.09415922621265053, 'NDCG*@5': 0.06397108323872089, 'MRR*@5': 0.053966704895719884}
INFO    [02-26 21:51:35] train in BasicTrainer:
duration: 9.2272629737854s
INFO    [02-26 21:51:35] train in BasicTrainer:
epoch: 28
INFO    [02-26 21:51:42] _train_one_epoch in BasicTrainer:
loss = 4.7592896525539565
INFO    [02-26 21:51:45] log in loggers:
Update Best NDCG@10 Model at 28
INFO    [02-26 21:51:45] validate in BasicTrainer:
{'Recall@10': 0.14574032742530107, 'NDCG@10': 0.08476398764178157, 'MRR@10': 0.06622096188366414, 'Recall@5': 0.10040922621265054, 'NDCG@5': 0.07019849438220263, 'MRR@5': 0.06026506759226322, 'Recall*@10': 0.14574032742530107, 'NDCG*@10': 0.08476398764178157, 'MRR*@10': 0.06622096188366414, 'Recall*@5': 0.10040922621265054, 'NDCG*@5': 0.07019849438220263, 'MRR*@5': 0.06026506759226322}
INFO    [02-26 21:51:45] train in BasicTrainer:
duration: 9.355871677398682s
INFO    [02-26 21:51:45] train in BasicTrainer:
epoch: 29
INFO    [02-26 21:51:52] _train_one_epoch in BasicTrainer:
loss = 4.716436371874454
INFO    [02-26 21:51:54] log in loggers:
Update Best NDCG@10 Model at 29
INFO    [02-26 21:51:54] validate in BasicTrainer:
{'Recall@10': 0.15494791679084302, 'NDCG@10': 0.08607961335219443, 'MRR@10': 0.06527378577739, 'Recall@5': 0.10334821436554194, 'NDCG@5': 0.0694360835943371, 'MRR@5': 0.05843130089342594, 'Recall*@10': 0.15494791679084302, 'NDCG*@10': 0.08607961335219443, 'MRR*@10': 0.06527378577739, 'Recall*@5': 0.10334821436554194, 'NDCG*@5': 0.0694360835943371, 'MRR*@5': 0.05843130089342594}
INFO    [02-26 21:51:54] train in BasicTrainer:
duration: 9.309593439102173s
INFO    [02-26 21:51:54] train in BasicTrainer:
epoch: 30
INFO    [02-26 21:52:01] _train_one_epoch in BasicTrainer:
loss = 4.6697507987963425
INFO    [02-26 21:52:03] validate in BasicTrainer:
{'Recall@10': 0.15003720242530108, 'NDCG@10': 0.08391797444783151, 'MRR@10': 0.06399564000312238, 'Recall@5': 0.09689360121265053, 'NDCG@5': 0.06690704138018191, 'MRR@5': 0.057076823757961394, 'Recall*@10': 0.15003720242530108, 'NDCG*@10': 0.08391797444783151, 'MRR*@10': 0.06399564000312238, 'Recall*@5': 0.09689360121265053, 'NDCG*@5': 0.06690704138018191, 'MRR*@5': 0.057076823757961394}
INFO    [02-26 21:52:03] train in BasicTrainer:
duration: 9.252565383911133s
INFO    [02-26 21:52:03] train in BasicTrainer:
epoch: 31
INFO    [02-26 21:52:10] _train_one_epoch in BasicTrainer:
loss = 4.631192324766472
INFO    [02-26 21:52:12] log in loggers:
Update Best NDCG@10 Model at 31
INFO    [02-26 21:52:13] validate in BasicTrainer:
{'Recall@10': 0.1572730654850602, 'NDCG@10': 0.0877061382867396, 'MRR@10': 0.06675061616115271, 'Recall@5': 0.10159970242530107, 'NDCG@5': 0.06975698124151677, 'MRR@5': 0.05936787051614374, 'Recall*@10': 0.1572730654850602, 'NDCG*@10': 0.0877061382867396, 'MRR*@10': 0.06675061616115271, 'Recall*@5': 0.10159970242530107, 'NDCG*@5': 0.06975698124151677, 'MRR*@5': 0.05936787051614374}
INFO    [02-26 21:52:13] train in BasicTrainer:
duration: 9.302654504776001s
INFO    [02-26 21:52:13] train in BasicTrainer:
epoch: 32
INFO    [02-26 21:52:20] _train_one_epoch in BasicTrainer:
loss = 4.598522934747573
INFO    [02-26 21:52:22] validate in BasicTrainer:
{'Recall@10': 0.15258556548506022, 'NDCG@10': 0.08687977977097035, 'MRR@10': 0.06687665451318026, 'Recall@5': 0.10452008936554194, 'NDCG@5': 0.07146190749481321, 'MRR@5': 0.06058407900854945, 'Recall*@10': 0.15258556548506022, 'NDCG*@10': 0.08687977977097035, 'MRR*@10': 0.06687665451318026, 'Recall*@5': 0.10452008936554194, 'NDCG*@5': 0.07146190749481321, 'MRR*@5': 0.06058407900854945}
INFO    [02-26 21:52:22] train in BasicTrainer:
duration: 9.208622217178345s
INFO    [02-26 21:52:22] train in BasicTrainer:
epoch: 33
INFO    [02-26 21:52:29] _train_one_epoch in BasicTrainer:
loss = 4.550871413738573
INFO    [02-26 21:52:31] validate in BasicTrainer:
{'Recall@10': 0.15139508936554194, 'NDCG@10': 0.0873093793168664, 'MRR@10': 0.06777540203183889, 'Recall@5': 0.10744047621265054, 'NDCG@5': 0.07318766755051911, 'MRR@5': 0.06199807929806411, 'Recall*@10': 0.15139508936554194, 'NDCG*@10': 0.0873093793168664, 'MRR*@10': 0.06777540203183889, 'Recall*@5': 0.10744047621265054, 'NDCG*@5': 0.07318766755051911, 'MRR*@5': 0.06199807929806411}
INFO    [02-26 21:52:31] train in BasicTrainer:
duration: 9.298985242843628s
INFO    [02-26 21:52:31] train in BasicTrainer:
epoch: 34
INFO    [02-26 21:52:38] _train_one_epoch in BasicTrainer:
loss = 4.5271273141674335
INFO    [02-26 21:52:40] validate in BasicTrainer:
{'Recall@10': 0.14983258936554195, 'NDCG@10': 0.08704339088872075, 'MRR@10': 0.06794611997902393, 'Recall@5': 0.10275297621265053, 'NDCG@5': 0.07203152095898986, 'MRR@5': 0.06187438098713756, 'Recall*@10': 0.14983258936554195, 'NDCG*@10': 0.08704339088872075, 'MRR*@10': 0.06794611997902393, 'Recall*@5': 0.10275297621265053, 'NDCG*@5': 0.07203152095898986, 'MRR*@5': 0.06187438098713756}
INFO    [02-26 21:52:40] train in BasicTrainer:
duration: 9.249661684036255s
INFO    [02-26 21:52:40] train in BasicTrainer:
epoch: 35
INFO    [02-26 21:52:47] _train_one_epoch in BasicTrainer:
loss = 4.493485746098988
INFO    [02-26 21:52:49] log in loggers:
Update Best NDCG@10 Model at 35
INFO    [02-26 21:52:50] validate in BasicTrainer:
{'Recall@10': 0.15452008936554193, 'NDCG@10': 0.08819745006039739, 'MRR@10': 0.06810896843671799, 'Recall@5': 0.10392485121265053, 'NDCG@5': 0.07211569454520941, 'MRR@5': 0.06163504621945322, 'Recall*@10': 0.15452008936554193, 'NDCG*@10': 0.08819745006039739, 'MRR*@10': 0.06810896843671799, 'Recall*@5': 0.10392485121265053, 'NDCG*@5': 0.07211569454520941, 'MRR*@5': 0.06163504621945322}
INFO    [02-26 21:52:50] train in BasicTrainer:
duration: 9.2746000289917s
INFO    [02-26 21:52:50] train in BasicTrainer:
epoch: 36
INFO    [02-26 21:52:57] _train_one_epoch in BasicTrainer:
loss = 4.458907040790539
INFO    [02-26 21:52:59] validate in BasicTrainer:
{'Recall@10': 0.15550595242530107, 'NDCG@10': 0.08598087979480624, 'MRR@10': 0.06492656376212835, 'Recall@5': 0.10254836310632527, 'NDCG@5': 0.06903998635243624, 'MRR@5': 0.058043466066010296, 'Recall*@10': 0.15550595242530107, 'NDCG*@10': 0.08598087979480624, 'MRR*@10': 0.06492656376212835, 'Recall*@5': 0.10254836310632527, 'NDCG*@5': 0.06903998635243624, 'MRR*@5': 0.058043466066010296}
INFO    [02-26 21:52:59] train in BasicTrainer:
duration: 9.223437786102295s
INFO    [02-26 21:52:59] train in BasicTrainer:
epoch: 37
INFO    [02-26 21:53:06] _train_one_epoch in BasicTrainer:
loss = 4.42992327066994
INFO    [02-26 21:53:08] log in loggers:
Update Best NDCG@10 Model at 37
INFO    [02-26 21:53:08] validate in BasicTrainer:
{'Recall@10': 0.1533668154850602, 'NDCG@10': 0.08820540513843297, 'MRR@10': 0.06831544195301831, 'Recall@5': 0.10764508936554193, 'NDCG@5': 0.0733503159834072, 'MRR@5': 0.062141928169876334, 'Recall*@10': 0.1533668154850602, 'NDCG*@10': 0.08820540513843297, 'MRR*@10': 0.06831544195301831, 'Recall*@5': 0.10764508936554193, 'NDCG*@5': 0.0733503159834072, 'MRR*@5': 0.062141928169876334}
INFO    [02-26 21:53:08] train in BasicTrainer:
duration: 9.339056968688965s
INFO    [02-26 21:53:08] train in BasicTrainer:
epoch: 38
INFO    [02-26 21:53:15] _train_one_epoch in BasicTrainer:
loss = 4.3894338421956025
INFO    [02-26 21:53:17] validate in BasicTrainer:
{'Recall@10': 0.14925595242530107, 'NDCG@10': 0.08602780280634761, 'MRR@10': 0.06680462658405303, 'Recall@5': 0.10394345242530108, 'NDCG@5': 0.07148265554569662, 'MRR@5': 0.06086371610872447, 'Recall*@10': 0.14925595242530107, 'NDCG*@10': 0.08602780280634761, 'MRR*@10': 0.06680462658405303, 'Recall*@5': 0.10394345242530108, 'NDCG*@5': 0.07148265554569662, 'MRR*@5': 0.06086371610872447}
INFO    [02-26 21:53:17] train in BasicTrainer:
duration: 9.245323419570923s
INFO    [02-26 21:53:17] train in BasicTrainer:
epoch: 39
INFO    [02-26 21:53:25] _train_one_epoch in BasicTrainer:
loss = 4.372097154161823
INFO    [02-26 21:53:27] log in loggers:
Update Best NDCG@10 Model at 39
INFO    [02-26 21:53:27] validate in BasicTrainer:
{'Recall@10': 0.15589657742530108, 'NDCG@10': 0.09069529809057712, 'MRR@10': 0.07088473169133067, 'Recall@5': 0.10744047621265054, 'NDCG@5': 0.07503921000752597, 'MRR@5': 0.06443297555670142, 'Recall*@10': 0.15589657742530108, 'NDCG*@10': 0.09069529809057712, 'MRR*@10': 0.07088473169133067, 'Recall*@5': 0.10744047621265054, 'NDCG*@5': 0.07503921000752597, 'MRR*@5': 0.06443297555670142}
INFO    [02-26 21:53:27] train in BasicTrainer:
duration: 9.358844757080078s
INFO    [02-26 21:53:27] train in BasicTrainer:
epoch: 40
INFO    [02-26 21:53:34] _train_one_epoch in BasicTrainer:
loss = 4.325153983054469
INFO    [02-26 21:53:36] validate in BasicTrainer:
{'Recall@10': 0.15747767873108387, 'NDCG@10': 0.09039435032755136, 'MRR@10': 0.069929663464427, 'Recall@5': 0.10998883936554193, 'NDCG@5': 0.07506765462458134, 'MRR@5': 0.06362103214487433, 'Recall*@10': 0.15747767873108387, 'NDCG*@10': 0.09039435032755136, 'MRR*@10': 0.069929663464427, 'Recall*@5': 0.10998883936554193, 'NDCG*@5': 0.07506765462458134, 'MRR*@5': 0.06362103214487433}
INFO    [02-26 21:53:36] train in BasicTrainer:
duration: 9.332986831665039s
INFO    [02-26 21:53:36] train in BasicTrainer:
epoch: 41
INFO    [02-26 21:53:43] _train_one_epoch in BasicTrainer:
loss = 4.309522731584893
INFO    [02-26 21:53:45] validate in BasicTrainer:
{'Recall@10': 0.15472470242530106, 'NDCG@10': 0.0878719013184309, 'MRR@10': 0.06739273401908577, 'Recall@5': 0.10822172621265054, 'NDCG@5': 0.07282577361911535, 'MRR@5': 0.06117745733354241, 'Recall*@10': 0.15472470242530106, 'NDCG*@10': 0.0878719013184309, 'MRR*@10': 0.06739273401908577, 'Recall*@5': 0.10822172621265054, 'NDCG*@5': 0.07282577361911535, 'MRR*@5': 0.06117745733354241}
INFO    [02-26 21:53:45] train in BasicTrainer:
duration: 9.220675945281982s
INFO    [02-26 21:53:45] train in BasicTrainer:
epoch: 42
INFO    [02-26 21:53:52] _train_one_epoch in BasicTrainer:
loss = 4.276290461396301
INFO    [02-26 21:53:55] log in loggers:
Update Best NDCG@10 Model at 42
INFO    [02-26 21:53:55] validate in BasicTrainer:
{'Recall@10': 0.1572730654850602, 'NDCG@10': 0.09131267135962844, 'MRR@10': 0.07119559277780355, 'Recall@5': 0.10980282742530108, 'NDCG@5': 0.07618091553449631, 'MRR@5': 0.06507657608017325, 'Recall*@10': 0.1572730654850602, 'NDCG*@10': 0.09131267135962844, 'MRR*@10': 0.07119559277780355, 'Recall*@5': 0.10980282742530108, 'NDCG*@5': 0.07618091553449631, 'MRR*@5': 0.06507657608017325}
INFO    [02-26 21:53:55] train in BasicTrainer:
duration: 9.323418140411377s
INFO    [02-26 21:53:55] train in BasicTrainer:
epoch: 43
INFO    [02-26 21:54:02] _train_one_epoch in BasicTrainer:
loss = 4.246968655246209
INFO    [02-26 21:54:04] log in loggers:
Update Best NDCG@10 Model at 43
INFO    [02-26 21:54:04] validate in BasicTrainer:
{'Recall@10': 0.16021205373108388, 'NDCG@10': 0.09174036476761102, 'MRR@10': 0.07091218205168844, 'Recall@5': 0.11097470242530108, 'NDCG@5': 0.07584610546473414, 'MRR@5': 0.06436911076307297, 'Recall*@10': 0.16021205373108388, 'NDCG*@10': 0.09174036476761102, 'MRR*@10': 0.07091218205168844, 'Recall*@5': 0.11097470242530108, 'NDCG*@5': 0.07584610546473414, 'MRR*@5': 0.06436911076307297}
INFO    [02-26 21:54:04] train in BasicTrainer:
duration: 9.27643346786499s
INFO    [02-26 21:54:04] train in BasicTrainer:
epoch: 44
INFO    [02-26 21:54:11] _train_one_epoch in BasicTrainer:
loss = 4.217301806802576
INFO    [02-26 21:54:13] log in loggers:
Update Best NDCG@10 Model at 44
INFO    [02-26 21:54:14] validate in BasicTrainer:
{'Recall@10': 0.15885416679084302, 'NDCG@10': 0.09219624008983374, 'MRR@10': 0.07190106492489576, 'Recall@5': 0.11272321436554193, 'NDCG@5': 0.07760925395414234, 'MRR@5': 0.06607421948574484, 'Recall*@10': 0.15885416679084302, 'NDCG*@10': 0.09219624008983374, 'MRR*@10': 0.07190106492489576, 'Recall*@5': 0.11272321436554193, 'NDCG*@5': 0.07760925395414234, 'MRR*@5': 0.06607421948574484}
INFO    [02-26 21:54:14] train in BasicTrainer:
duration: 9.784764051437378s
INFO    [02-26 21:54:14] train in BasicTrainer:
epoch: 45
INFO    [02-26 21:54:21] _train_one_epoch in BasicTrainer:
loss = 4.191272652564357
INFO    [02-26 21:54:23] validate in BasicTrainer:
{'Recall@10': 0.15299479179084302, 'NDCG@10': 0.08897405304014683, 'MRR@10': 0.06950064767152071, 'Recall@5': 0.10550595242530107, 'NDCG@5': 0.0736366341356188, 'MRR@5': 0.06318018450401723, 'Recall*@10': 0.15299479179084302, 'NDCG*@10': 0.08897405304014683, 'MRR*@10': 0.06950064767152071, 'Recall*@5': 0.10550595242530107, 'NDCG*@5': 0.0736366341356188, 'MRR*@5': 0.06318018450401723}
INFO    [02-26 21:54:23] train in BasicTrainer:
duration: 9.50603461265564s
INFO    [02-26 21:54:23] train in BasicTrainer:
epoch: 46
INFO    [02-26 21:54:30] _train_one_epoch in BasicTrainer:
loss = 4.159333878290989
INFO    [02-26 21:54:32] log in loggers:
Update Best NDCG@10 Model at 46
INFO    [02-26 21:54:32] validate in BasicTrainer:
{'Recall@10': 0.15943080373108387, 'NDCG@10': 0.09438854921609163, 'MRR@10': 0.07453042352572084, 'Recall@5': 0.11313244048506021, 'NDCG@5': 0.0795220193453133, 'MRR@5': 0.06845734175294638, 'Recall*@10': 0.15943080373108387, 'NDCG*@10': 0.09438854921609163, 'MRR*@10': 0.07453042352572084, 'Recall*@5': 0.11313244048506021, 'NDCG*@5': 0.0795220193453133, 'MRR*@5': 0.06845734175294638}
INFO    [02-26 21:54:32] train in BasicTrainer:
duration: 9.327665090560913s
INFO    [02-26 21:54:32] train in BasicTrainer:
epoch: 47
INFO    [02-26 21:54:40] _train_one_epoch in BasicTrainer:
loss = 4.132397275263595
INFO    [02-26 21:54:42] validate in BasicTrainer:
{'Recall@10': 0.15786830373108388, 'NDCG@10': 0.09193216785788536, 'MRR@10': 0.07176897414028645, 'Recall@5': 0.11352306548506022, 'NDCG@5': 0.07777217160910369, 'MRR@5': 0.06602988699451089, 'Recall*@10': 0.15786830373108388, 'NDCG*@10': 0.09193216785788536, 'MRR*@10': 0.07176897414028645, 'Recall*@5': 0.11352306548506022, 'NDCG*@5': 0.07777217160910369, 'MRR*@5': 0.06602988699451089}
INFO    [02-26 21:54:42] train in BasicTrainer:
duration: 9.21554946899414s
INFO    [02-26 21:54:42] train in BasicTrainer:
epoch: 48
INFO    [02-26 21:54:49] _train_one_epoch in BasicTrainer:
loss = 4.1161376208215215
INFO    [02-26 21:54:51] validate in BasicTrainer:
{'Recall@10': 0.16000744048506021, 'NDCG@10': 0.09284149063751101, 'MRR@10': 0.07233739499934018, 'Recall@5': 0.11097470242530108, 'NDCG@5': 0.07691990043967963, 'MRR@5': 0.0657294777687639, 'Recall*@10': 0.16000744048506021, 'NDCG*@10': 0.09284149063751101, 'MRR*@10': 0.07233739499934018, 'Recall*@5': 0.11097470242530108, 'NDCG*@5': 0.07691990043967963, 'MRR*@5': 0.0657294777687639}
INFO    [02-26 21:54:51] train in BasicTrainer:
duration: 9.21720004081726s
INFO    [02-26 21:54:51] train in BasicTrainer:
epoch: 49
INFO    [02-26 21:54:58] _train_one_epoch in BasicTrainer:
loss = 4.082483289253652
INFO    [02-26 21:55:00] validate in BasicTrainer:
{'Recall@10': 0.15688244048506023, 'NDCG@10': 0.09190651085227727, 'MRR@10': 0.07196762994863093, 'Recall@5': 0.11194196436554193, 'NDCG@5': 0.07723501324653625, 'MRR@5': 0.0658333346247673, 'Recall*@10': 0.15688244048506023, 'NDCG*@10': 0.09190651085227727, 'MRR*@10': 0.07196762994863093, 'Recall*@5': 0.11194196436554193, 'NDCG*@5': 0.07723501324653625, 'MRR*@5': 0.0658333346247673}
INFO    [02-26 21:55:00] train in BasicTrainer:
duration: 9.338693857192993s
INFO    [02-26 21:55:00] train in BasicTrainer:
epoch: 50
INFO    [02-26 21:55:07] _train_one_epoch in BasicTrainer:
loss = 4.0635631772416145
INFO    [02-26 21:55:09] validate in BasicTrainer:
{'Recall@10': 0.15122767873108386, 'NDCG@10': 0.08591641313396395, 'MRR@10': 0.06590711888857186, 'Recall@5': 0.10667782742530107, 'NDCG@5': 0.07161074946634471, 'MRR@5': 0.06006169533357024, 'Recall*@10': 0.15122767873108386, 'NDCG*@10': 0.08591641313396395, 'MRR*@10': 0.06590711888857186, 'Recall*@5': 0.10667782742530107, 'NDCG*@5': 0.07161074946634471, 'MRR*@5': 0.06006169533357024}
INFO    [02-26 21:55:09] train in BasicTrainer:
duration: 9.235411167144775s
INFO    [02-26 21:55:09] train in BasicTrainer:
epoch: 51
INFO    [02-26 21:55:17] _train_one_epoch in BasicTrainer:
loss = 4.04775455697852
INFO    [02-26 21:55:19] validate in BasicTrainer:
{'Recall@10': 0.15591517873108388, 'NDCG@10': 0.08994038384407758, 'MRR@10': 0.06983687947504222, 'Recall@5': 0.10920758936554194, 'NDCG@5': 0.0750130764208734, 'MRR@5': 0.06377852261066437, 'Recall*@10': 0.15591517873108388, 'NDCG*@10': 0.08994038384407758, 'MRR*@10': 0.06983687947504222, 'Recall*@5': 0.10920758936554194, 'NDCG*@5': 0.0750130764208734, 'MRR*@5': 0.06377852261066437}
INFO    [02-26 21:55:19] train in BasicTrainer:
duration: 9.213207960128784s
INFO    [02-26 21:55:19] train in BasicTrainer:
epoch: 52
INFO    [02-26 21:55:26] _train_one_epoch in BasicTrainer:
loss = 4.017863526273129
INFO    [02-26 21:55:28] validate in BasicTrainer:
{'Recall@10': 0.1592261904850602, 'NDCG@10': 0.09404765386134387, 'MRR@10': 0.07426544465124607, 'Recall@5': 0.10920758936554194, 'NDCG@5': 0.07800870817154645, 'MRR@5': 0.06772383619099856, 'Recall*@10': 0.1592261904850602, 'NDCG*@10': 0.09404765386134387, 'MRR*@10': 0.07426544465124607, 'Recall*@5': 0.10920758936554194, 'NDCG*@5': 0.07800870817154645, 'MRR*@5': 0.06772383619099856}
INFO    [02-26 21:55:28] train in BasicTrainer:
duration: 9.249102592468262s
INFO    [02-26 21:55:28] train in BasicTrainer:
epoch: 53
INFO    [02-26 21:55:35] _train_one_epoch in BasicTrainer:
loss = 3.998894736146057
INFO    [02-26 21:55:37] validate in BasicTrainer:
{'Recall@10': 0.16019345242530109, 'NDCG@10': 0.08965463424101472, 'MRR@10': 0.06815383303910494, 'Recall@5': 0.10920758936554194, 'NDCG@5': 0.0732589696533978, 'MRR@5': 0.06144004384987056, 'Recall*@10': 0.16019345242530109, 'NDCG*@10': 0.08965463424101472, 'MRR*@10': 0.06815383303910494, 'Recall*@5': 0.10920758936554194, 'NDCG*@5': 0.0732589696533978, 'MRR*@5': 0.06144004384987056}
INFO    [02-26 21:55:37] train in BasicTrainer:
duration: 9.262137413024902s
INFO    [02-26 21:55:37] train in BasicTrainer:
epoch: 54
INFO    [02-26 21:55:44] _train_one_epoch in BasicTrainer:
loss = 3.9853246275267593
INFO    [02-26 21:55:46] validate in BasicTrainer:
{'Recall@10': 0.15688244048506023, 'NDCG@10': 0.0923933801241219, 'MRR@10': 0.07269980921410024, 'Recall@5': 0.10980282742530108, 'NDCG@5': 0.07714127278886736, 'MRR@5': 0.06639013043604791, 'Recall*@10': 0.15688244048506023, 'NDCG*@10': 0.0923933801241219, 'MRR*@10': 0.07269980921410024, 'Recall*@5': 0.10980282742530108, 'NDCG*@5': 0.07714127278886736, 'MRR*@5': 0.06639013043604791}
INFO    [02-26 21:55:46] train in BasicTrainer:
duration: 9.256964206695557s
INFO    [02-26 21:55:46] train in BasicTrainer:
epoch: 55
INFO    [02-26 21:55:54] _train_one_epoch in BasicTrainer:
loss = 3.9558923058644258
INFO    [02-26 21:55:56] validate in BasicTrainer:
{'Recall@10': 0.1611793154850602, 'NDCG@10': 0.09339134842157364, 'MRR@10': 0.07272609323263168, 'Recall@5': 0.11370907742530108, 'NDCG@5': 0.07817216641269624, 'MRR@5': 0.06652157814241946, 'Recall*@10': 0.1611793154850602, 'NDCG*@10': 0.09339134842157364, 'MRR*@10': 0.07272609323263168, 'Recall*@5': 0.11370907742530108, 'NDCG*@5': 0.07817216641269624, 'MRR*@5': 0.06652157814241946}
INFO    [02-26 21:55:56] train in BasicTrainer:
duration: 9.288936614990234s
INFO    [02-26 21:55:56] train in BasicTrainer:
epoch: 56
INFO    [02-26 21:56:03] _train_one_epoch in BasicTrainer:
loss = 3.939448007501378
INFO    [02-26 21:56:05] validate in BasicTrainer:
{'Recall@10': 0.16216517873108388, 'NDCG@10': 0.09402392730116844, 'MRR@10': 0.07337999176234007, 'Recall@5': 0.11175595242530108, 'NDCG@5': 0.07786357020959259, 'MRR@5': 0.06679036552086473, 'Recall*@10': 0.16216517873108388, 'NDCG*@10': 0.09402392730116844, 'MRR*@10': 0.07337999176234007, 'Recall*@5': 0.11175595242530108, 'NDCG*@5': 0.07786357020959259, 'MRR*@5': 0.06679036552086473}
INFO    [02-26 21:56:05] train in BasicTrainer:
duration: 9.225796222686768s
INFO    [02-26 21:56:05] train in BasicTrainer:
epoch: 57
INFO    [02-26 21:56:12] _train_one_epoch in BasicTrainer:
loss = 3.9138329752642123
INFO    [02-26 21:56:14] log in loggers:
Update Best NDCG@10 Model at 57
INFO    [02-26 21:56:14] validate in BasicTrainer:
{'Recall@10': 0.16411830373108388, 'NDCG@10': 0.09538416499271989, 'MRR@10': 0.07456147880293429, 'Recall@5': 0.11194196436554193, 'NDCG@5': 0.07865997650660575, 'MRR@5': 0.06773995626717806, 'Recall*@10': 0.16411830373108388, 'NDCG*@10': 0.09538416499271989, 'MRR*@10': 0.07456147880293429, 'Recall*@5': 0.11194196436554193, 'NDCG*@5': 0.07865997650660575, 'MRR*@5': 0.06773995626717806}
INFO    [02-26 21:56:14] train in BasicTrainer:
duration: 9.24389362335205s
INFO    [02-26 21:56:14] train in BasicTrainer:
epoch: 58
INFO    [02-26 21:56:21] _train_one_epoch in BasicTrainer:
loss = 3.892289209128612
INFO    [02-26 21:56:23] validate in BasicTrainer:
{'Recall@10': 0.15883556548506023, 'NDCG@10': 0.09531788043677807, 'MRR@10': 0.07584464908577501, 'Recall@5': 0.11586681548506021, 'NDCG@5': 0.08149569276720285, 'MRR@5': 0.07018446340225637, 'Recall*@10': 0.15883556548506023, 'NDCG*@10': 0.09531788043677807, 'MRR*@10': 0.07584464908577501, 'Recall*@5': 0.11586681548506021, 'NDCG*@5': 0.08149569276720285, 'MRR*@5': 0.07018446340225637}
INFO    [02-26 21:56:23] train in BasicTrainer:
duration: 9.231980562210083s
INFO    [02-26 21:56:23] train in BasicTrainer:
epoch: 59
INFO    [02-26 21:56:31] _train_one_epoch in BasicTrainer:
loss = 3.8769866854792605
INFO    [02-26 21:56:33] log in loggers:
Update Best NDCG@10 Model at 59
INFO    [02-26 21:56:33] validate in BasicTrainer:
{'Recall@10': 0.16039806548506022, 'NDCG@10': 0.09832679769024252, 'MRR@10': 0.07936564860865473, 'Recall@5': 0.11605282742530107, 'NDCG@5': 0.08405385557562113, 'MRR@5': 0.07351500643417239, 'Recall*@10': 0.16039806548506022, 'NDCG*@10': 0.09832679769024252, 'MRR*@10': 0.07936564860865473, 'Recall*@5': 0.11605282742530107, 'NDCG*@5': 0.08405385557562113, 'MRR*@5': 0.07351500643417239}
INFO    [02-26 21:56:33] train in BasicTrainer:
duration: 9.369483232498169s
INFO    [02-26 21:56:33] train in BasicTrainer:
epoch: 60
INFO    [02-26 21:56:40] _train_one_epoch in BasicTrainer:
loss = 3.85854002610961
INFO    [02-26 21:56:42] validate in BasicTrainer:
{'Recall@10': 0.16000744048506021, 'NDCG@10': 0.09768289439380169, 'MRR@10': 0.07870306959375739, 'Recall@5': 0.11545758936554193, 'NDCG@5': 0.0833939516916871, 'MRR@5': 0.0728735757060349, 'Recall*@10': 0.16000744048506021, 'NDCG*@10': 0.09768289439380169, 'MRR*@10': 0.07870306959375739, 'Recall*@5': 0.11545758936554193, 'NDCG*@5': 0.0833939516916871, 'MRR*@5': 0.0728735757060349}
INFO    [02-26 21:56:42] train in BasicTrainer:
duration: 9.249972105026245s
INFO    [02-26 21:56:42] train in BasicTrainer:
epoch: 61
INFO    [02-26 21:56:49] _train_one_epoch in BasicTrainer:
loss = 3.8380763273729417
INFO    [02-26 21:56:51] validate in BasicTrainer:
{'Recall@10': 0.16019345242530109, 'NDCG@10': 0.09333548033609987, 'MRR@10': 0.07290499014779925, 'Recall@5': 0.11116071436554194, 'NDCG@5': 0.07750470866449177, 'MRR@5': 0.06638423968106508, 'Recall*@10': 0.16019345242530109, 'NDCG*@10': 0.09333548033609987, 'MRR*@10': 0.07290499014779925, 'Recall*@5': 0.11116071436554194, 'NDCG*@5': 0.07750470866449177, 'MRR*@5': 0.06638423968106508}
INFO    [02-26 21:56:51] train in BasicTrainer:
duration: 9.214719295501709s
INFO    [02-26 21:56:51] train in BasicTrainer:
epoch: 62
INFO    [02-26 21:56:58] _train_one_epoch in BasicTrainer:
loss = 3.821069806369383
INFO    [02-26 21:57:01] log in loggers:
Update Best NDCG@10 Model at 62
INFO    [02-26 21:57:01] validate in BasicTrainer:
{'Recall@10': 0.16138392873108387, 'NDCG@10': 0.09887472791597247, 'MRR@10': 0.07975300336256623, 'Recall@5': 0.11936383936554193, 'NDCG@5': 0.08556670411489904, 'MRR@5': 0.0744227438699454, 'Recall*@10': 0.16138392873108387, 'NDCG*@10': 0.09887472791597247, 'MRR*@10': 0.07975300336256623, 'Recall*@5': 0.11936383936554193, 'NDCG*@5': 0.08556670411489904, 'MRR*@5': 0.0744227438699454}
INFO    [02-26 21:57:01] train in BasicTrainer:
duration: 9.361727237701416s
INFO    [02-26 21:57:01] train in BasicTrainer:
epoch: 63
INFO    [02-26 21:57:08] _train_one_epoch in BasicTrainer:
loss = 3.8064828112746154
INFO    [02-26 21:57:10] validate in BasicTrainer:
{'Recall@10': 0.16274181548506023, 'NDCG@10': 0.0979132078588009, 'MRR@10': 0.07803308074362576, 'Recall@5': 0.11761532742530108, 'NDCG@5': 0.08334419447928668, 'MRR@5': 0.07203900099266321, 'Recall*@10': 0.16274181548506023, 'NDCG*@10': 0.0979132078588009, 'MRR*@10': 0.07803308074362576, 'Recall*@5': 0.11761532742530108, 'NDCG*@5': 0.08334419447928668, 'MRR*@5': 0.07203900099266321}
INFO    [02-26 21:57:10] train in BasicTrainer:
duration: 9.21613883972168s
INFO    [02-26 21:57:10] train in BasicTrainer:
epoch: 64
INFO    [02-26 21:57:17] _train_one_epoch in BasicTrainer:
loss = 3.782097478411091
INFO    [02-26 21:57:19] validate in BasicTrainer:
{'Recall@10': 0.15904017873108386, 'NDCG@10': 0.09614830017089844, 'MRR@10': 0.07696190974675118, 'Recall@5': 0.11584821436554193, 'NDCG@5': 0.08227938935160636, 'MRR@5': 0.07129185404628516, 'Recall*@10': 0.15904017873108386, 'NDCG*@10': 0.09614830017089844, 'MRR*@10': 0.07696190974675118, 'Recall*@5': 0.11584821436554193, 'NDCG*@5': 0.08227938935160636, 'MRR*@5': 0.07129185404628516}
INFO    [02-26 21:57:19] train in BasicTrainer:
duration: 9.280050039291382s
INFO    [02-26 21:57:19] train in BasicTrainer:
epoch: 65
INFO    [02-26 21:57:26] _train_one_epoch in BasicTrainer:
loss = 3.7692113709489306
INFO    [02-26 21:57:28] validate in BasicTrainer:
{'Recall@10': 0.159244791790843, 'NDCG@10': 0.09402124946936966, 'MRR@10': 0.07417927477508783, 'Recall@5': 0.11253720242530107, 'NDCG@5': 0.07899875910952688, 'MRR@5': 0.06802548449486494, 'Recall*@10': 0.159244791790843, 'NDCG*@10': 0.09402124946936966, 'MRR*@10': 0.07417927477508783, 'Recall*@5': 0.11253720242530107, 'NDCG*@5': 0.07899875910952688, 'MRR*@5': 0.06802548449486494}
INFO    [02-26 21:57:28] train in BasicTrainer:
duration: 9.186744928359985s
INFO    [02-26 21:57:28] train in BasicTrainer:
epoch: 66
INFO    [02-26 21:57:35] _train_one_epoch in BasicTrainer:
loss = 3.7549848738396743
INFO    [02-26 21:57:38] validate in BasicTrainer:
{'Recall@10': 0.1650855654850602, 'NDCG@10': 0.09833986386656761, 'MRR@10': 0.07784591666422784, 'Recall@5': 0.12113095242530107, 'NDCG@5': 0.08428692035377025, 'MRR@5': 0.07213758793659508, 'Recall*@10': 0.1650855654850602, 'NDCG*@10': 0.09833986386656761, 'MRR*@10': 0.07784591666422784, 'Recall*@5': 0.12113095242530107, 'NDCG*@5': 0.08428692035377025, 'MRR*@5': 0.07213758793659508}
INFO    [02-26 21:57:38] train in BasicTrainer:
duration: 9.179962635040283s
INFO    [02-26 21:57:38] train in BasicTrainer:
epoch: 67
INFO    [02-26 21:57:45] _train_one_epoch in BasicTrainer:
loss = 3.733219157008587
INFO    [02-26 21:57:47] validate in BasicTrainer:
{'Recall@10': 0.16138392873108387, 'NDCG@10': 0.09431759435683489, 'MRR@10': 0.07388310204260051, 'Recall@5': 0.11469494048506021, 'NDCG@5': 0.0794264895375818, 'MRR@5': 0.06785652381367982, 'Recall*@10': 0.16138392873108387, 'NDCG*@10': 0.09431759435683489, 'MRR*@10': 0.07388310204260051, 'Recall*@5': 0.11469494048506021, 'NDCG*@5': 0.0794264895375818, 'MRR*@5': 0.06785652381367982}
INFO    [02-26 21:57:47] train in BasicTrainer:
duration: 9.21991229057312s
INFO    [02-26 21:57:47] train in BasicTrainer:
epoch: 68
INFO    [02-26 21:57:54] _train_one_epoch in BasicTrainer:
loss = 3.7212674760106785
INFO    [02-26 21:57:56] validate in BasicTrainer:
{'Recall@10': 0.16391369048506021, 'NDCG@10': 0.0979757190681994, 'MRR@10': 0.0779009441845119, 'Recall@5': 0.11800595242530107, 'NDCG@5': 0.08320947950705886, 'MRR@5': 0.07185453970450909, 'Recall*@10': 0.16391369048506021, 'NDCG*@10': 0.0979757190681994, 'MRR*@10': 0.0779009441845119, 'Recall*@5': 0.11800595242530107, 'NDCG*@5': 0.08320947950705886, 'MRR*@5': 0.07185453970450909}
INFO    [02-26 21:57:56] train in BasicTrainer:
duration: 9.243664026260376s
INFO    [02-26 21:57:56] train in BasicTrainer:
epoch: 69
INFO    [02-26 21:58:03] _train_one_epoch in BasicTrainer:
loss = 3.7078647012536603
INFO    [02-26 21:58:05] validate in BasicTrainer:
{'Recall@10': 0.15824032742530109, 'NDCG@10': 0.09483422571793199, 'MRR@10': 0.07543650823645294, 'Recall@5': 0.11623883936554194, 'NDCG@5': 0.08127802638337016, 'MRR@5': 0.06985398172400892, 'Recall*@10': 0.15824032742530109, 'NDCG*@10': 0.09483422571793199, 'MRR*@10': 0.07543650823645294, 'Recall*@5': 0.11623883936554194, 'NDCG*@5': 0.08127802638337016, 'MRR*@5': 0.06985398172400892}
INFO    [02-26 21:58:05] train in BasicTrainer:
duration: 9.2329580783844s
INFO    [02-26 21:58:05] train in BasicTrainer:
epoch: 70
INFO    [02-26 21:58:12] _train_one_epoch in BasicTrainer:
loss = 3.685152212778727
INFO    [02-26 21:58:15] validate in BasicTrainer:
{'Recall@10': 0.16060267873108386, 'NDCG@10': 0.09605188500136137, 'MRR@10': 0.07639471325092018, 'Recall@5': 0.11253720242530107, 'NDCG@5': 0.08047672305256129, 'MRR@5': 0.06994822835549712, 'Recall*@10': 0.16060267873108386, 'NDCG*@10': 0.09605188500136137, 'MRR*@10': 0.07639471325092018, 'Recall*@5': 0.11253720242530107, 'NDCG*@5': 0.08047672305256129, 'MRR*@5': 0.06994822835549712}
INFO    [02-26 21:58:15] train in BasicTrainer:
duration: 9.323930025100708s
INFO    [02-26 21:58:15] train in BasicTrainer:
epoch: 71
INFO    [02-26 21:58:22] _train_one_epoch in BasicTrainer:
loss = 3.678957796808499
INFO    [02-26 21:58:24] validate in BasicTrainer:
{'Recall@10': 0.159635416790843, 'NDCG@10': 0.0949469143524766, 'MRR@10': 0.0752051827032119, 'Recall@5': 0.11313244048506021, 'NDCG@5': 0.07997777513228357, 'MRR@5': 0.0690652922494337, 'Recall*@10': 0.159635416790843, 'NDCG*@10': 0.0949469143524766, 'MRR*@10': 0.0752051827032119, 'Recall*@5': 0.11313244048506021, 'NDCG*@5': 0.07997777513228357, 'MRR*@5': 0.0690652922494337}
INFO    [02-26 21:58:24] train in BasicTrainer:
duration: 9.255061149597168s
INFO    [02-26 21:58:24] train in BasicTrainer:
epoch: 72
INFO    [02-26 21:58:31] _train_one_epoch in BasicTrainer:
loss = 3.6569772604883806
INFO    [02-26 21:58:33] validate in BasicTrainer:
{'Recall@10': 0.15982142873108388, 'NDCG@10': 0.09667638279497623, 'MRR@10': 0.07731571551412345, 'Recall@5': 0.11741071436554193, 'NDCG@5': 0.08314847056753934, 'MRR@5': 0.07184182894416154, 'Recall*@10': 0.15982142873108388, 'NDCG*@10': 0.09667638279497623, 'MRR*@10': 0.07731571551412345, 'Recall*@5': 0.11741071436554193, 'NDCG*@5': 0.08314847056753934, 'MRR*@5': 0.07184182894416154}
INFO    [02-26 21:58:33] train in BasicTrainer:
duration: 9.303511619567871s
INFO    [02-26 21:58:33] train in BasicTrainer:
epoch: 73
INFO    [02-26 21:58:40] _train_one_epoch in BasicTrainer:
loss = 3.6432009664538687
INFO    [02-26 21:58:42] validate in BasicTrainer:
{'Recall@10': 0.16372767873108388, 'NDCG@10': 0.0987080699764192, 'MRR@10': 0.07887249486520886, 'Recall@5': 0.11741071436554193, 'NDCG@5': 0.08386045177467168, 'MRR@5': 0.07281622141599656, 'Recall*@10': 0.16372767873108388, 'NDCG*@10': 0.0987080699764192, 'MRR*@10': 0.07887249486520886, 'Recall*@5': 0.11741071436554193, 'NDCG*@5': 0.08386045177467168, 'MRR*@5': 0.07281622141599656}
INFO    [02-26 21:58:42] train in BasicTrainer:
duration: 9.23164439201355s
INFO    [02-26 21:58:42] train in BasicTrainer:
epoch: 74
INFO    [02-26 21:58:49] _train_one_epoch in BasicTrainer:
loss = 3.6196130931278563
INFO    [02-26 21:58:52] validate in BasicTrainer:
{'Recall@10': 0.1615699404850602, 'NDCG@10': 0.09877389837056398, 'MRR@10': 0.07943509221076965, 'Recall@5': 0.11819196436554194, 'NDCG@5': 0.08475165329873562, 'MRR@5': 0.07364955386146903, 'Recall*@10': 0.1615699404850602, 'NDCG*@10': 0.09877389837056398, 'MRR*@10': 0.07943509221076965, 'Recall*@5': 0.11819196436554194, 'NDCG*@5': 0.08475165329873562, 'MRR*@5': 0.07364955386146903}
INFO    [02-26 21:58:52] train in BasicTrainer:
duration: 9.22850513458252s
INFO    [02-26 21:58:52] train in BasicTrainer:
epoch: 75
INFO    [02-26 21:58:59] _train_one_epoch in BasicTrainer:
loss = 3.611582605795283
INFO    [02-26 21:59:01] validate in BasicTrainer:
{'Recall@10': 0.15472470242530106, 'NDCG@10': 0.09550903094932436, 'MRR@10': 0.07742978064343334, 'Recall@5': 0.11292782742530108, 'NDCG@5': 0.08211093032732605, 'MRR@5': 0.07197172762826085, 'Recall*@10': 0.15472470242530106, 'NDCG*@10': 0.09550903094932436, 'MRR*@10': 0.07742978064343334, 'Recall*@5': 0.11292782742530108, 'NDCG*@5': 0.08211093032732605, 'MRR*@5': 0.07197172762826085}
INFO    [02-26 21:59:01] train in BasicTrainer:
duration: 9.229295015335083s
INFO    [02-26 21:59:01] train in BasicTrainer:
epoch: 76
INFO    [02-26 21:59:08] _train_one_epoch in BasicTrainer:
loss = 3.597559366257827
INFO    [02-26 21:59:10] validate in BasicTrainer:
{'Recall@10': 0.15474330373108386, 'NDCG@10': 0.09639955898746848, 'MRR@10': 0.07849587392993271, 'Recall@5': 0.11352306548506022, 'NDCG@5': 0.08310799542814493, 'MRR@5': 0.07303633550181984, 'Recall*@10': 0.15474330373108386, 'NDCG*@10': 0.09639955898746848, 'MRR*@10': 0.07849587392993271, 'Recall*@5': 0.11352306548506022, 'NDCG*@5': 0.08310799542814493, 'MRR*@5': 0.07303633550181984}
INFO    [02-26 21:59:10] train in BasicTrainer:
duration: 9.200772047042847s
INFO    [02-26 21:59:10] train in BasicTrainer:
epoch: 77
INFO    [02-26 21:59:17] _train_one_epoch in BasicTrainer:
loss = 3.586468288554481
INFO    [02-26 21:59:19] validate in BasicTrainer:
{'Recall@10': 0.16021205373108388, 'NDCG@10': 0.09678419940173626, 'MRR@10': 0.07740761442109942, 'Recall@5': 0.11605282742530107, 'NDCG@5': 0.08253261568024754, 'MRR@5': 0.07154731000773609, 'Recall*@10': 0.16021205373108388, 'NDCG*@10': 0.09678419940173626, 'MRR*@10': 0.07740761442109942, 'Recall*@5': 0.11605282742530107, 'NDCG*@5': 0.08253261568024754, 'MRR*@5': 0.07154731000773609}
INFO    [02-26 21:59:19] train in BasicTrainer:
duration: 9.235284328460693s
INFO    [02-26 21:59:19] train in BasicTrainer:
epoch: 78
INFO    [02-26 21:59:26] _train_one_epoch in BasicTrainer:
loss = 3.5670523940034173
INFO    [02-26 21:59:28] validate in BasicTrainer:
{'Recall@10': 0.16080729179084302, 'NDCG@10': 0.09738000063225627, 'MRR@10': 0.07823386993259192, 'Recall@5': 0.11175595242530108, 'NDCG@5': 0.0816083176061511, 'MRR@5': 0.0717764145694673, 'Recall*@10': 0.16080729179084302, 'NDCG*@10': 0.09738000063225627, 'MRR*@10': 0.07823386993259192, 'Recall*@5': 0.11175595242530108, 'NDCG*@5': 0.0816083176061511, 'MRR*@5': 0.0717764145694673}
INFO    [02-26 21:59:28] train in BasicTrainer:
duration: 9.254042148590088s
INFO    [02-26 21:59:28] train in BasicTrainer:
epoch: 79
INFO    [02-26 21:59:36] _train_one_epoch in BasicTrainer:
loss = 3.5568958997331053
INFO    [02-26 21:59:38] validate in BasicTrainer:
{'Recall@10': 0.15747767873108387, 'NDCG@10': 0.09443363845348358, 'MRR@10': 0.07527151205576957, 'Recall@5': 0.11000744048506021, 'NDCG@5': 0.07923986380919815, 'MRR@5': 0.06909691323526204, 'Recall*@10': 0.15747767873108387, 'NDCG*@10': 0.09443363845348358, 'MRR*@10': 0.07527151205576957, 'Recall*@5': 0.11000744048506021, 'NDCG*@5': 0.07923986380919815, 'MRR*@5': 0.06909691323526204}
INFO    [02-26 21:59:38] train in BasicTrainer:
duration: 9.251898050308228s
INFO    [02-26 21:59:38] close_training in BasicTrainer:
finished training
INFO    [02-26 21:59:38] final_validate in BasicTrainer:
validate model on val set!
INFO    [02-26 21:59:38] load_state_from_given_path in utils:
checkpoint epoch: 62
INFO    [02-26 21:59:38] load_state_from_given_path in utils:
Loading model's parameters
INFO    [02-26 21:59:40] validate in BasicTrainer:
{'Recall@10': 0.16138392873108387, 'NDCG@10': 0.09887472791597247, 'MRR@10': 0.07975300336256623, 'Recall@5': 0.11936383936554193, 'NDCG@5': 0.08556670411489904, 'MRR@5': 0.0744227438699454, 'Recall*@10': 0.16138392873108387, 'NDCG*@10': 0.09887472791597247, 'MRR*@10': 0.07975300336256623, 'Recall*@5': 0.11936383936554193, 'NDCG*@5': 0.08556670411489904, 'MRR*@5': 0.0744227438699454}
INFO    [02-26 21:59:40] test in BasicTrainer:
Test model on test set!
INFO    [02-26 21:59:40] test_with_given_state_path in BasicTrainer:
Loading model params from ___lfms_base_partial_2022/base_gru4rec-rate-0.8-seed-2000_02-26_21:47_0/gru4rec_logs/checkpoint/best_acc_model.pth.
INFO    [02-26 21:59:40] load_state_from_given_path in utils:
checkpoint epoch: 62
INFO    [02-26 21:59:40] load_state_from_given_path in utils:
Loading model's parameters
INFO    [02-26 21:59:40] test_with_given_state_path in BasicTrainer:
Finished loading. Start testing.
INFO    [02-26 21:59:42] test_with_given_state_path in BasicTrainer:
{'Recall@10': 0.1455543154850602, 'NDCG@10': 0.08670763997361064, 'MRR@10': 0.0689014969393611, 'Recall@5': 0.10178571436554193, 'NDCG@5': 0.07256843121722341, 'MRR@5': 0.06307384725660085, 'Recall*@10': 0.1455543154850602, 'NDCG*@10': 0.08670763997361064, 'MRR*@10': 0.0689014969393611, 'Recall*@5': 0.10178571436554193, 'NDCG*@5': 0.07256843121722341, 'MRR*@5': 0.06307384725660085}
INFO    [02-26 21:59:42] _evaluate in BasicSched:
!!Final Result!!: {'Recall@10': 0.1455543154850602, 'NDCG@10': 0.08670763997361064, 'MRR@10': 0.0689014969393611, 'Recall@5': 0.10178571436554193, 'NDCG@5': 0.07256843121722341, 'MRR@5': 0.06307384725660085, 'Recall*@10': 0.1455543154850602, 'NDCG*@10': 0.08670763997361064, 'MRR*@10': 0.0689014969393611, 'Recall*@5': 0.10178571436554193, 'NDCG*@5': 0.07256843121722341, 'MRR*@5': 0.06307384725660085}
