INFO    [03-24 15:54:43] setup_train in utils:
{
    "experiment_dir": "___movies_base_partial_2022",
    "experiment_description": "base",
    "describe": "{config[model_code]}-rate-{config[sample_rate]}-seed-{config[sample_seed]}",
    "dataset_name": "movies.csv",
    "sched": "basic",
    "model_code": "gru4rec",
    "num_epochs": 60,
    "mode": [
        "train",
        "test"
    ],
    "max_len": 10,
    "test_state_path": null,
    "model_state_path": null,
    "do_sampling": true,
    "path_for_sample": "Data/Cache/movies-5-5.pkl",
    "sample_rate": 0.8,
    "sample_seed": 2001,
    "rand_seed": 2022,
    "load_processed_dataset": true,
    "save_processed_dataset": false,
    "dataset_cache_filename": null,
    "do_remap": false,
    "weight_decay": 0,
    "decay_step": 15,
    "gamma": 0.99,
    "lr": 0.001,
    "min_length": 5,
    "min_item_inter": 5,
    "good_only": false,
    "use_rating": true,
    "test_negative_sampler_code": "random",
    "test_negative_sample_size": 0,
    "dataloader_type": "next",
    "train_batch_size": 512,
    "val_batch_size": 512,
    "test_batch_size": 512,
    "prop_sliding_window": -1.0,
    "worker_number": 2,
    "metric_ks": [
        5,
        10
    ],
    "device": "cuda",
    "num_gpu": 1,
    "optimizer": "Adam",
    "best_metric": "NDCG@10",
    "show_process_bar": false,
    "config_file": "config2.movies/gru4rec/config_partial.json",
    "task_id": 2,
    "split": "leave_one_out",
    "train_negative_sampler_code": "random",
    "train_negative_sample_size": 100,
    "device_idx": "0",
    "momentum": null,
    "log_period_as_iter": 12800,
    "mentor_code": "bert",
    "training_routine": null,
    "T": 1,
    "alpha": 0.1,
    "dvae_alpha": 0.5,
    "softmaxed_mentor": false,
    "weight_list": [
        0.5,
        0.5
    ],
    "validation_rate": 0.2,
    "num_items": null,
    "start_index": 1,
    "kwargs": null
}
DEBUG   [03-24 15:54:43] __init__ in BasicSched:
BasicScheduler attribs: tag=gru4rec
WARNING [03-24 15:54:43] _load_sampled_dataset_from_path in utils:
file from /data/wushiguang-slurm/code/gitee-repos/soft-rec/Data/Cache/sampled_movies-5-5-rate-0.8-seed-2001.pkl not found. Regenerating.
DEBUG   [03-24 15:54:43] _resampling in utils:
loading full dataset from Data/Cache/movies-5-5.pkl
INFO    [03-24 15:54:43] _load_full_dataset_from_path in utils:
loading cache from Data/Cache/movies-5-5.pkl
INFO    [03-24 15:54:44] _check_dataset_cache in utils:
check if the cache is generated under this configuration
INFO    [03-24 15:54:44] _check_dataset_cache in utils:
correct.
INFO    [03-24 15:54:49] __init__ in NextItemDataloader:
there are 21035 items in this dataset, 65724 users, padding_first? False
DEBUG   [03-24 15:55:00] generate_model in utils:
model_code_list=['gru4rec']
INFO    [03-24 15:55:00] load_model_config in utils:
loading model gru4rec's config file at asset/config/model/gru4rec.json
INFO    [03-24 15:55:00] load_model_config in utils:
{
    "embed_size": 64,
    "hidden_units": 64,
    "num_layers": 2,
    "hidden_dropout": 0.5,
    "loss_type": "CE"
}
WARNING [03-24 15:55:09] get_exist_path in utils:
dir ___movies_base_partial_2022/base_gru4rec-rate-0.8-seed-2001_03-24_15:54_t2/gru4rec_logs does not exist! Create one.
WARNING [03-24 15:55:09] get_exist_path in utils:
dir ___movies_base_partial_2022/base_gru4rec-rate-0.8-seed-2001_03-24_15:54_t2/gru4rec_logs/tb_vis does not exist! Create one.
WARNING [03-24 15:55:09] get_exist_path in utils:
dir ___movies_base_partial_2022/base_gru4rec-rate-0.8-seed-2001_03-24_15:54_t2/gru4rec_logs/checkpoint does not exist! Create one.
INFO    [03-24 15:55:09] __init__ in BasicSched:
GRU4RecModel(
  (item_embedding): Embedding(21036, 64, padding_idx=0)
  (emb_dropout): Dropout(p=0.5, inplace=False)
  (gru_layers): GRU(64, 64, num_layers=2, bias=False, batch_first=True)
  (dense): Linear(in_features=64, out_features=64, bias=True)
  (loss_fct): CrossEntropyLoss()
)
WARNING [03-24 15:55:09] get_path in utils:
Path is None
WARNING [03-24 15:55:09] load_state_from_given_path in utils:
Not given any path.
INFO    [03-24 15:55:09] assert_model_device in utils:
model gru4rec has 5.339111328125 MB params.
INFO    [03-24 15:55:09] __init__ in BasicTrainer:
360448 iter per epoch
INFO    [03-24 15:55:09] _fit in BasicSched:
Start training.
INFO    [03-24 15:55:39] log in loggers:
Update Best NDCG@10 Model at 0
INFO    [03-24 15:55:39] validate in BasicTrainer:
{'Recall@10': 0.0004239341085271318, 'NDCG@10': 0.00018331870958281234, 'MRR@10': 0.00011417862601386918, 'Recall@5': 0.0001816860465116279, 'NDCG@5': 0.0001107910819452747, 'MRR@5': 8.756258184732797e-05, 'Recall*@10': 0.0005436464223664167, 'NDCG*@10': 0.00022336185139120202, 'MRR*@10': 0.00013130401676726463, 'Recall*@5': 0.0002217812828228686, 'NDCG*@5': 0.0001269701422488158, 'MRR*@5': 9.591494282606499e-05}
INFO    [03-24 15:55:39] train in BasicTrainer:
epoch: 0
INFO    [03-24 15:56:08] _train_one_epoch in BasicTrainer:
loss = 9.216106091033328
INFO    [03-24 15:56:37] log in loggers:
Update Best NDCG@10 Model at 0
INFO    [03-24 15:56:37] validate in BasicTrainer:
{'Recall@10': 0.01933281275248805, 'NDCG@10': 0.009433926339441723, 'MRR@10': 0.006480459095874093, 'Recall@5': 0.011022286821705427, 'NDCG@5': 0.006772728256029329, 'MRR@5': 0.005397337385500211, 'Recall*@10': 0.01767807460007395, 'NDCG*@10': 0.00841775046419641, 'MRR*@10': 0.0056597080678217, 'Recall*@5': 0.009944089007917647, 'NDCG*@5': 0.005947333861633326, 'MRR*@5': 0.004657829659557793}
INFO    [03-24 15:56:37] train in BasicTrainer:
duration: 58.20062828063965s
INFO    [03-24 15:56:37] train in BasicTrainer:
epoch: 1
INFO    [03-24 15:57:08] _train_one_epoch in BasicTrainer:
loss = 8.91786874966188
INFO    [03-24 15:57:36] log in loggers:
Update Best NDCG@10 Model at 1
INFO    [03-24 15:57:36] validate in BasicTrainer:
{'Recall@10': 0.028261522235449893, 'NDCG@10': 0.014382793994028439, 'MRR@10': 0.01021683453618325, 'Recall@5': 0.016975081951696742, 'NDCG@5': 0.01078375936810707, 'MRR@5': 0.008760827270430304, 'Recall*@10': 0.026548486275150794, 'NDCG*@10': 0.01347634854343857, 'MRR*@10': 0.009558067857396118, 'Recall*@5': 0.015824105092432608, 'NDCG*@5': 0.010055729146512557, 'MRR*@5': 0.008173678615383168}
INFO    [03-24 15:57:36] train in BasicTrainer:
duration: 58.885711431503296s
INFO    [03-24 15:57:36] train in BasicTrainer:
epoch: 2
INFO    [03-24 15:58:06] _train_one_epoch in BasicTrainer:
loss = 8.68732948872176
INFO    [03-24 15:58:34] log in loggers:
Update Best NDCG@10 Model at 2
INFO    [03-24 15:58:35] validate in BasicTrainer:
{'Recall@10': 0.04020061489743318, 'NDCG@10': 0.020280842806479727, 'MRR@10': 0.014308510824691418, 'Recall@5': 0.023690700765641393, 'NDCG@5': 0.015012383204704337, 'MRR@5': 0.012175086109588543, 'Recall*@10': 0.038670946634555045, 'NDCG*@10': 0.01948550583924665, 'MRR*@10': 0.013731450750312024, 'Recall*@5': 0.022938916069823644, 'NDCG*@5': 0.014461344573646784, 'MRR*@5': 0.011694994098109793}
INFO    [03-24 15:58:35] train in BasicTrainer:
duration: 58.36060547828674s
INFO    [03-24 15:58:35] train in BasicTrainer:
epoch: 3
INFO    [03-24 15:59:05] _train_one_epoch in BasicTrainer:
loss = 8.496734315698797
INFO    [03-24 15:59:34] log in loggers:
Update Best NDCG@10 Model at 3
INFO    [03-24 15:59:34] validate in BasicTrainer:
{'Recall@10': 0.04648070259727249, 'NDCG@10': 0.0236487824238779, 'MRR@10': 0.01677826277247464, 'Recall@5': 0.028162303618913472, 'NDCG@5': 0.017765311177733334, 'MRR@5': 0.014373594703687024, 'Recall*@10': 0.04450950902966104, 'NDCG*@10': 0.02284071094883505, 'MRR*@10': 0.016316793884273418, 'Recall*@5': 0.027334638214273045, 'NDCG*@5': 0.017324269095854473, 'MRR*@5': 0.014062075612185768}
INFO    [03-24 15:59:34] train in BasicTrainer:
duration: 59.46061992645264s
INFO    [03-24 15:59:34] train in BasicTrainer:
epoch: 4
INFO    [03-24 16:00:04] _train_one_epoch in BasicTrainer:
loss = 8.367316458712924
INFO    [03-24 16:00:33] log in loggers:
Update Best NDCG@10 Model at 4
INFO    [03-24 16:00:33] validate in BasicTrainer:
{'Recall@10': 0.05508727372385735, 'NDCG@10': 0.027862052758072697, 'MRR@10': 0.019698641681682692, 'Recall@5': 0.032533721435208655, 'NDCG@5': 0.020645006848571373, 'MRR@5': 0.016764570186420004, 'Recall*@10': 0.053954146412569425, 'NDCG*@10': 0.02753990638077028, 'MRR*@10': 0.01961670509113591, 'Recall*@5': 0.03216507600966927, 'NDCG*@5': 0.020568998333774218, 'MRR*@5': 0.01678364144551546}
INFO    [03-24 16:00:33] train in BasicTrainer:
duration: 59.15026259422302s
INFO    [03-24 16:00:33] train in BasicTrainer:
epoch: 5
INFO    [03-24 16:01:04] _train_one_epoch in BasicTrainer:
loss = 8.24741405248642
INFO    [03-24 16:01:33] log in loggers:
Update Best NDCG@10 Model at 5
INFO    [03-24 16:01:33] validate in BasicTrainer:
{'Recall@10': 0.059054085739361224, 'NDCG@10': 0.030619665258383565, 'MRR@10': 0.022046023611585763, 'Recall@5': 0.036431595827488936, 'NDCG@5': 0.02335209931542938, 'MRR@5': 0.019074747988650966, 'Recall*@10': 0.05782364704465681, 'NDCG*@10': 0.03023976614597694, 'MRR*@10': 0.021930254519332285, 'Recall*@5': 0.035441074014980666, 'NDCG*@5': 0.02304089294616566, 'MRR*@5': 0.018982273118584886}
INFO    [03-24 16:01:33] train in BasicTrainer:
duration: 59.76744556427002s
INFO    [03-24 16:01:33] train in BasicTrainer:
epoch: 6
INFO    [03-24 16:02:03] _train_one_epoch in BasicTrainer:
loss = 8.143985494971275
INFO    [03-24 16:02:32] log in loggers:
Update Best NDCG@10 Model at 6
INFO    [03-24 16:02:32] validate in BasicTrainer:
{'Recall@10': 0.0629410074316254, 'NDCG@10': 0.032699326876291006, 'MRR@10': 0.023569359234714694, 'Recall@5': 0.039399134587178856, 'NDCG@5': 0.025138881353502587, 'MRR@5': 0.020479582784365315, 'Recall*@10': 0.06212706690610841, 'NDCG*@10': 0.032490421996213666, 'MRR*@10': 0.023531391566922497, 'Recall*@5': 0.03933322969679685, 'NDCG*@5': 0.025164879158196984, 'MRR*@5': 0.02053449229272299}
INFO    [03-24 16:02:32] train in BasicTrainer:
duration: 59.45771837234497s
INFO    [03-24 16:02:32] train in BasicTrainer:
epoch: 7
INFO    [03-24 16:03:02] _train_one_epoch in BasicTrainer:
loss = 8.050580236044796
INFO    [03-24 16:03:31] log in loggers:
Update Best NDCG@10 Model at 7
INFO    [03-24 16:03:32] validate in BasicTrainer:
{'Recall@10': 0.06711302160523659, 'NDCG@10': 0.035199705641283545, 'MRR@10': 0.025562393197486568, 'Recall@5': 0.04211766038869703, 'NDCG@5': 0.027177492243259452, 'MRR@5': 0.02228658595086299, 'Recall*@10': 0.06707476070800493, 'NDCG*@10': 0.03557512083256892, 'MRR*@10': 0.0260538747028787, 'Recall*@5': 0.04270610354782999, 'NDCG*@5': 0.027763599753668603, 'MRR*@5': 0.022869912597040336}
INFO    [03-24 16:03:32] train in BasicTrainer:
duration: 59.29663157463074s
INFO    [03-24 16:03:32] train in BasicTrainer:
epoch: 8
INFO    [03-24 16:04:01] _train_one_epoch in BasicTrainer:
loss = 7.96436165205457
INFO    [03-24 16:04:31] log in loggers:
Update Best NDCG@10 Model at 8
INFO    [03-24 16:04:31] validate in BasicTrainer:
{'Recall@10': 0.06994429583004279, 'NDCG@10': 0.036818895373464555, 'MRR@10': 0.026831366410551144, 'Recall@5': 0.04402536387706912, 'NDCG@5': 0.02851126882312603, 'MRR@5': 0.023446697503501594, 'Recall*@10': 0.06996427150082218, 'NDCG*@10': 0.03696807509995708, 'MRR*@10': 0.02701445882634599, 'Recall*@5': 0.04446057931974877, 'NDCG*@5': 0.02879289813455223, 'MRR*@5': 0.023682959998647373}
INFO    [03-24 16:04:31] train in BasicTrainer:
duration: 59.457988262176514s
INFO    [03-24 16:04:31] train in BasicTrainer:
epoch: 9
INFO    [03-24 16:05:02] _train_one_epoch in BasicTrainer:
loss = 7.890432980250228
INFO    [03-24 16:05:31] log in loggers:
Update Best NDCG@10 Model at 9
INFO    [03-24 16:05:31] validate in BasicTrainer:
{'Recall@10': 0.07311542603627656, 'NDCG@10': 0.038726767553955085, 'MRR@10': 0.028329149408395902, 'Recall@5': 0.04620978423906851, 'NDCG@5': 0.030053699013683224, 'MRR@5': 0.024766176332568012, 'Recall*@10': 0.07355994875578917, 'NDCG*@10': 0.03930570208287054, 'MRR*@10': 0.028946745924131816, 'Recall*@5': 0.046723015014399856, 'NDCG*@5': 0.03065241629243359, 'MRR*@5': 0.02539051010078469}
INFO    [03-24 16:05:31] train in BasicTrainer:
duration: 59.94391083717346s
INFO    [03-24 16:05:31] train in BasicTrainer:
epoch: 10
INFO    [03-24 16:06:01] _train_one_epoch in BasicTrainer:
loss = 7.824677713892677
INFO    [03-24 16:06:30] log in loggers:
Update Best NDCG@10 Model at 10
INFO    [03-24 16:06:30] validate in BasicTrainer:
{'Recall@10': 0.0748221151704012, 'NDCG@10': 0.039842068759161374, 'MRR@10': 0.02930248070277216, 'Recall@5': 0.047124979367782906, 'NDCG@5': 0.030977533523773037, 'MRR@5': 0.025697650171296542, 'Recall*@10': 0.07500133189813112, 'NDCG*@10': 0.040111858802017314, 'MRR*@10': 0.029599224022308062, 'Recall*@5': 0.04733649003066758, 'NDCG*@5': 0.031261275414117544, 'MRR*@5': 0.0260017996856062}
INFO    [03-24 16:06:30] train in BasicTrainer:
duration: 58.8680419921875s
INFO    [03-24 16:06:30] train in BasicTrainer:
epoch: 11
INFO    [03-24 16:07:00] _train_one_epoch in BasicTrainer:
loss = 7.766950964250348
INFO    [03-24 16:07:30] validate in BasicTrainer:
{'Recall@10': 0.07563293748354727, 'NDCG@10': 0.03983701621146165, 'MRR@10': 0.029033213832177395, 'Recall@5': 0.047228385802618296, 'NDCG@5': 0.030722659557711248, 'MRR@5': 0.025312544590280962, 'Recall*@10': 0.07659889362001604, 'NDCG*@10': 0.040490827674782556, 'MRR*@10': 0.029582763848782972, 'Recall*@5': 0.04824392106239648, 'NDCG*@5': 0.03139483447858067, 'MRR*@5': 0.025870890450454497}
INFO    [03-24 16:07:30] train in BasicTrainer:
duration: 59.7434356212616s
INFO    [03-24 16:07:30] train in BasicTrainer:
epoch: 12
INFO    [03-24 16:07:59] _train_one_epoch in BasicTrainer:
loss = 7.71162185953422
INFO    [03-24 16:08:30] log in loggers:
Update Best NDCG@10 Model at 12
INFO    [03-24 16:08:30] validate in BasicTrainer:
{'Recall@10': 0.07701909891510195, 'NDCG@10': 0.04093400094398232, 'MRR@10': 0.030035310460962066, 'Recall@5': 0.048870325117379196, 'NDCG@5': 0.03190048483684081, 'MRR@5': 0.026347236895515012, 'Recall*@10': 0.07740172241316286, 'NDCG*@10': 0.04170060936043891, 'MRR*@10': 0.030896510560671952, 'Recall*@5': 0.04996200458890246, 'NDCG*@5': 0.03287944123293309, 'MRR*@5': 0.027286169566791647}
INFO    [03-24 16:08:30] train in BasicTrainer:
duration: 60.356560707092285s
INFO    [03-24 16:08:30] train in BasicTrainer:
epoch: 13
INFO    [03-24 16:09:00] _train_one_epoch in BasicTrainer:
loss = 7.659476757726886
INFO    [03-24 16:09:29] log in loggers:
Update Best NDCG@10 Model at 13
INFO    [03-24 16:09:29] validate in BasicTrainer:
{'Recall@10': 0.07759959227585977, 'NDCG@10': 0.04105323875077473, 'MRR@10': 0.030005570154550465, 'Recall@5': 0.04888804271355156, 'NDCG@5': 0.03182091065790764, 'MRR@5': 0.026226155799199905, 'Recall*@10': 0.07853923183540966, 'NDCG*@10': 0.04178450834150462, 'MRR*@10': 0.03065784648782754, 'Recall*@5': 0.0499196691481873, 'NDCG*@5': 0.0325827187273738, 'MRR*@5': 0.026891562993847585}
INFO    [03-24 16:09:29] train in BasicTrainer:
duration: 58.848320960998535s
INFO    [03-24 16:09:29] train in BasicTrainer:
epoch: 14
INFO    [03-24 16:09:58] _train_one_epoch in BasicTrainer:
loss = 7.612309092825109
INFO    [03-24 16:10:27] log in loggers:
Update Best NDCG@10 Model at 14
INFO    [03-24 16:10:27] validate in BasicTrainer:
{'Recall@10': 0.07866103825874107, 'NDCG@10': 0.04182961298687051, 'MRR@10': 0.030704129241811214, 'Recall@5': 0.050085753231316574, 'NDCG@5': 0.032674778498304906, 'MRR@5': 0.026975836337710075, 'Recall*@10': 0.07914343565817951, 'NDCG*@10': 0.04231445254512536, 'MRR*@10': 0.031177916513510453, 'Recall*@5': 0.05094620158043943, 'NDCG*@5': 0.03328758514262447, 'MRR*@5': 0.02750563557266958}
INFO    [03-24 16:10:27] train in BasicTrainer:
duration: 57.904510736465454s
INFO    [03-24 16:10:27] train in BasicTrainer:
epoch: 15
INFO    [03-24 16:10:57] _train_one_epoch in BasicTrainer:
loss = 7.561452913013372
INFO    [03-24 16:11:25] log in loggers:
Update Best NDCG@10 Model at 15
INFO    [03-24 16:11:25] validate in BasicTrainer:
{'Recall@10': 0.07937682974477146, 'NDCG@10': 0.04260983863888785, 'MRR@10': 0.03148109127962312, 'Recall@5': 0.05132727454914603, 'NDCG@5': 0.033614302819320395, 'MRR@5': 0.02781235442547373, 'Recall*@10': 0.07997994067132935, 'NDCG*@10': 0.0433015024448319, 'MRR*@10': 0.03219573079904382, 'Recall*@5': 0.05225792768331923, 'NDCG*@5': 0.03442447457837966, 'MRR*@5': 0.028583242781749067}
INFO    [03-24 16:11:25] train in BasicTrainer:
duration: 58.44888663291931s
INFO    [03-24 16:11:25] train in BasicTrainer:
epoch: 16
INFO    [03-24 16:11:55] _train_one_epoch in BasicTrainer:
loss = 7.521179400384426
INFO    [03-24 16:12:23] log in loggers:
Update Best NDCG@10 Model at 16
INFO    [03-24 16:12:24] validate in BasicTrainer:
{'Recall@10': 0.080843847909177, 'NDCG@10': 0.04378681032117023, 'MRR@10': 0.032579816329155784, 'Recall@5': 0.05214743885074475, 'NDCG@5': 0.0345799991095713, 'MRR@5': 0.02882255905473879, 'Recall*@10': 0.08120781682835992, 'NDCG*@10': 0.04460560383145199, 'MRR*@10': 0.0335236472445865, 'Recall*@5': 0.053122758908673774, 'NDCG*@5': 0.03559132300086262, 'MRR*@5': 0.02984284142451}
INFO    [03-24 16:12:24] train in BasicTrainer:
duration: 58.43819284439087s
INFO    [03-24 16:12:24] train in BasicTrainer:
epoch: 17
INFO    [03-24 16:12:53] _train_one_epoch in BasicTrainer:
loss = 7.477515904740854
INFO    [03-24 16:13:21] log in loggers:
Update Best NDCG@10 Model at 17
INFO    [03-24 16:13:22] validate in BasicTrainer:
{'Recall@10': 0.08192558858052705, 'NDCG@10': 0.044099400007678556, 'MRR@10': 0.03265816731335119, 'Recall@5': 0.0525452797553798, 'NDCG@5': 0.034654941611973814, 'MRR@5': 0.028792514155308407, 'Recall*@10': 0.08275056153882382, 'NDCG*@10': 0.0447621894928143, 'MRR*@10': 0.033263066639156305, 'Recall*@5': 0.05330405447834222, 'NDCG*@5': 0.03529665948346604, 'MRR*@5': 0.029388898189446722}
INFO    [03-24 16:13:22] train in BasicTrainer:
duration: 57.85254907608032s
INFO    [03-24 16:13:22] train in BasicTrainer:
epoch: 18
INFO    [03-24 16:13:51] _train_one_epoch in BasicTrainer:
loss = 7.440181650221348
INFO    [03-24 16:14:19] log in loggers:
Update Best NDCG@10 Model at 18
INFO    [03-24 16:14:19] validate in BasicTrainer:
{'Recall@10': 0.08121978341377983, 'NDCG@10': 0.044166492457075636, 'MRR@10': 0.0329654001479232, 'Recall@5': 0.052683154987387876, 'NDCG@5': 0.035012645921272824, 'MRR@5': 0.029230858668569448, 'Recall*@10': 0.08167856530279152, 'NDCG*@10': 0.04464268874983455, 'MRR*@10': 0.033439696622045004, 'Recall*@5': 0.053184988222611966, 'NDCG*@5': 0.03548447181319082, 'MRR*@5': 0.02969282786831144}
INFO    [03-24 16:14:19] train in BasicTrainer:
duration: 57.6077663898468s
INFO    [03-24 16:14:19] train in BasicTrainer:
epoch: 19
INFO    [03-24 16:14:49] _train_one_epoch in BasicTrainer:
loss = 7.401559548621828
INFO    [03-24 16:15:18] log in loggers:
Update Best NDCG@10 Model at 19
INFO    [03-24 16:15:18] validate in BasicTrainer:
{'Recall@10': 0.082240962069626, 'NDCG@10': 0.04476240387027578, 'MRR@10': 0.033434708682141566, 'Recall@5': 0.05331486836075783, 'NDCG@5': 0.03548068429032961, 'MRR@5': 0.02964553138775419, 'Recall*@10': 0.08283498161291891, 'NDCG*@10': 0.045304166788394135, 'MRR*@10': 0.03395298679265403, 'Recall*@5': 0.05369541378215302, 'NDCG*@5': 0.035940999511715976, 'MRR*@5': 0.030122717416505945}
INFO    [03-24 16:15:18] train in BasicTrainer:
duration: 58.964237451553345s
INFO    [03-24 16:15:18] train in BasicTrainer:
epoch: 20
INFO    [03-24 16:15:48] _train_one_epoch in BasicTrainer:
loss = 7.364004802297462
INFO    [03-24 16:16:16] log in loggers:
Update Best NDCG@10 Model at 20
INFO    [03-24 16:16:17] validate in BasicTrainer:
{'Recall@10': 0.08233599289674168, 'NDCG@10': 0.04505412118841511, 'MRR@10': 0.03377358716472175, 'Recall@5': 0.05378003617705301, 'NDCG@5': 0.03590879638412202, 'MRR@5': 0.03005171032954556, 'Recall*@10': 0.08309355851753737, 'NDCG*@10': 0.045602456052867016, 'MRR*@10': 0.03425281442875086, 'Recall*@5': 0.05458980706311012, 'NDCG*@5': 0.03647492750901585, 'MRR*@5': 0.03053902476563934}
INFO    [03-24 16:16:17] train in BasicTrainer:
duration: 58.4834098815918s
INFO    [03-24 16:16:17] train in BasicTrainer:
epoch: 21
INFO    [03-24 16:16:46] _train_one_epoch in BasicTrainer:
loss = 7.33195215057243
INFO    [03-24 16:17:14] log in loggers:
Update Best NDCG@10 Model at 21
INFO    [03-24 16:17:15] validate in BasicTrainer:
{'Recall@10': 0.08414190066184184, 'NDCG@10': 0.046175430073987604, 'MRR@10': 0.034705847718341405, 'Recall@5': 0.054264532301084016, 'NDCG@5': 0.03656888666541078, 'MRR@5': 0.03077318728720957, 'Recall*@10': 0.08440141694605813, 'NDCG*@10': 0.04683177847444087, 'MRR*@10': 0.03547153464525707, 'Recall*@5': 0.05517932397219562, 'NDCG*@5': 0.037435063890130946, 'MRR*@5': 0.031624433663926386}
INFO    [03-24 16:17:15] train in BasicTrainer:
duration: 58.1103458404541s
INFO    [03-24 16:17:15] train in BasicTrainer:
epoch: 22
INFO    [03-24 16:17:45] _train_one_epoch in BasicTrainer:
loss = 7.298470413142985
INFO    [03-24 16:18:13] validate in BasicTrainer:
{'Recall@10': 0.0828423944208049, 'NDCG@10': 0.04542019723575245, 'MRR@10': 0.03411406147214331, 'Recall@5': 0.05373880246928496, 'NDCG@5': 0.03607998408608196, 'MRR@5': 0.030300900210128275, 'Recall*@10': 0.08366369730395865, 'NDCG*@10': 0.04632562863849854, 'MRR*@10': 0.03504418910935868, 'Recall*@5': 0.054504284678503524, 'NDCG*@5': 0.036972340759496354, 'MRR*@5': 0.031228593991015307}
INFO    [03-24 16:18:13] train in BasicTrainer:
duration: 58.656933069229126s
INFO    [03-24 16:18:13] train in BasicTrainer:
epoch: 23
INFO    [03-24 16:18:43] _train_one_epoch in BasicTrainer:
loss = 7.267222882671789
INFO    [03-24 16:19:12] log in loggers:
Update Best NDCG@10 Model at 23
INFO    [03-24 16:19:12] validate in BasicTrainer:
{'Recall@10': 0.0846811602859534, 'NDCG@10': 0.04625625403005947, 'MRR@10': 0.03462056454646495, 'Recall@5': 0.055203243541394095, 'NDCG@5': 0.036786462967247927, 'MRR@5': 0.030749386970617975, 'Recall*@10': 0.08524137634293054, 'NDCG*@10': 0.04695172499605389, 'MRR*@10': 0.03534596998157889, 'Recall*@5': 0.05606517701070438, 'NDCG*@5': 0.037571363526490306, 'MRR*@5': 0.03150708391511625}
INFO    [03-24 16:19:12] train in BasicTrainer:
duration: 58.93139433860779s
INFO    [03-24 16:19:12] train in BasicTrainer:
epoch: 24
INFO    [03-24 16:19:42] _train_one_epoch in BasicTrainer:
loss = 7.23604091392322
INFO    [03-24 16:20:11] log in loggers:
Update Best NDCG@10 Model at 24
INFO    [03-24 16:20:11] validate in BasicTrainer:
{'Recall@10': 0.08398469710765882, 'NDCG@10': 0.04640765379854413, 'MRR@10': 0.03503902484626733, 'Recall@5': 0.054987088683270666, 'NDCG@5': 0.03709039266777131, 'MRR@5': 0.031228374372157017, 'Recall*@10': 0.08414045363202576, 'NDCG*@10': 0.04712744068729785, 'MRR*@10': 0.03592012273941853, 'Recall*@5': 0.055886303876028505, 'NDCG*@5': 0.038047577492719475, 'MRR*@5': 0.0322054277008125}
INFO    [03-24 16:20:11] train in BasicTrainer:
duration: 58.95080375671387s
INFO    [03-24 16:20:11] train in BasicTrainer:
epoch: 25
INFO    [03-24 16:20:41] _train_one_epoch in BasicTrainer:
loss = 7.204824177378958
INFO    [03-24 16:21:09] log in loggers:
Update Best NDCG@10 Model at 25
INFO    [03-24 16:21:09] validate in BasicTrainer:
{'Recall@10': 0.0855802485300589, 'NDCG@10': 0.04735282277183015, 'MRR@10': 0.035778880364788594, 'Recall@5': 0.05651627957474354, 'NDCG@5': 0.03802390927954238, 'MRR@5': 0.03196989919614884, 'Recall*@10': 0.08584260975205621, 'NDCG*@10': 0.048104434108087256, 'MRR*@10': 0.03666501359422077, 'Recall*@5': 0.057730457550564475, 'NDCG*@5': 0.039080956763075304, 'MRR*@5': 0.032980732403175776}
INFO    [03-24 16:21:09] train in BasicTrainer:
duration: 57.99494743347168s
INFO    [03-24 16:21:09] train in BasicTrainer:
epoch: 26
INFO    [03-24 16:21:37] _train_one_epoch in BasicTrainer:
loss = 7.180257190357555
INFO    [03-24 16:22:05] log in loggers:
Update Best NDCG@10 Model at 26
INFO    [03-24 16:22:05] validate in BasicTrainer:
{'Recall@10': 0.08514793881381205, 'NDCG@10': 0.04761809747406216, 'MRR@10': 0.03625078886285309, 'Recall@5': 0.05646409316695938, 'NDCG@5': 0.0384200081633505, 'MRR@5': 0.03249994051722131, 'Recall*@10': 0.08600352704524994, 'NDCG*@10': 0.04857265286494133, 'MRR*@10': 0.03722717719831208, 'Recall*@5': 0.05759159267641777, 'NDCG*@5': 0.03945644719656124, 'MRR*@5': 0.033506931722626206}
INFO    [03-24 16:22:05] train in BasicTrainer:
duration: 55.70597314834595s
INFO    [03-24 16:22:05] train in BasicTrainer:
epoch: 27
INFO    [03-24 16:22:32] _train_one_epoch in BasicTrainer:
loss = 7.151866672391241
INFO    [03-24 16:23:00] validate in BasicTrainer:
{'Recall@10': 0.08536409367193547, 'NDCG@10': 0.04730517518266227, 'MRR@10': 0.03578787169946256, 'Recall@5': 0.05615548457401667, 'NDCG@5': 0.03790759904555572, 'MRR@5': 0.03193750291658464, 'Recall*@10': 0.08573359239471051, 'NDCG*@10': 0.04792569693206817, 'MRR*@10': 0.03647770140637723, 'Recall*@5': 0.05704851428321166, 'NDCG*@5': 0.03870291690262713, 'MRR*@5': 0.032702690077035926}
INFO    [03-24 16:23:00] train in BasicTrainer:
duration: 54.77761745452881s
INFO    [03-24 16:23:00] train in BasicTrainer:
epoch: 28
INFO    [03-24 16:23:28] _train_one_epoch in BasicTrainer:
loss = 7.124874196946621
INFO    [03-24 16:23:55] log in loggers:
Update Best NDCG@10 Model at 28
INFO    [03-24 16:23:55] validate in BasicTrainer:
{'Recall@10': 0.08598904213471006, 'NDCG@10': 0.04783682279693064, 'MRR@10': 0.03628261218410592, 'Recall@5': 0.05703524451038634, 'NDCG@5': 0.03854113745019418, 'MRR@5': 0.03248548706950143, 'Recall*@10': 0.08709206501411837, 'NDCG*@10': 0.04883857169585635, 'MRR*@10': 0.037251242631396585, 'Recall*@5': 0.05823217676013939, 'NDCG*@5': 0.03957688561532387, 'MRR*@5': 0.03347048102769741}
INFO    [03-24 16:23:55] train in BasicTrainer:
duration: 55.745934009552s
INFO    [03-24 16:23:55] train in BasicTrainer:
epoch: 29
INFO    [03-24 16:24:23] _train_one_epoch in BasicTrainer:
loss = 7.1017974398352886
INFO    [03-24 16:24:50] validate in BasicTrainer:
{'Recall@10': 0.08497044057116028, 'NDCG@10': 0.04684266121697056, 'MRR@10': 0.03529776961997498, 'Recall@5': 0.05637325014370356, 'NDCG@5': 0.03766562638067922, 'MRR@5': 0.0315514253813398, 'Recall*@10': 0.08509622482481853, 'NDCG*@10': 0.04729864578838496, 'MRR*@10': 0.03582066853436851, 'Recall*@5': 0.05741462420470031, 'NDCG*@5': 0.03840035432588684, 'MRR*@5': 0.03217927432915037}
INFO    [03-24 16:24:50] train in BasicTrainer:
duration: 54.95654821395874s
INFO    [03-24 16:24:50] train in BasicTrainer:
epoch: 30
INFO    [03-24 16:25:18] _train_one_epoch in BasicTrainer:
loss = 7.075417507778514
INFO    [03-24 16:25:45] validate in BasicTrainer:
{'Recall@10': 0.08456583477036897, 'NDCG@10': 0.047246711444138556, 'MRR@10': 0.035932341720475706, 'Recall@5': 0.05670891832127128, 'NDCG@5': 0.03831989010579364, 'MRR@5': 0.03229524302043656, 'Recall*@10': 0.08507592869243881, 'NDCG*@10': 0.04803896319958591, 'MRR*@10': 0.036801416614605474, 'Recall*@5': 0.05787166681631591, 'NDCG*@5': 0.03932840205266956, 'MRR*@5': 0.033256477329793366}
INFO    [03-24 16:25:45] train in BasicTrainer:
duration: 54.69665336608887s
INFO    [03-24 16:25:45] train in BasicTrainer:
epoch: 31
INFO    [03-24 16:26:12] _train_one_epoch in BasicTrainer:
loss = 7.0508619993925095
INFO    [03-24 16:26:40] validate in BasicTrainer:
{'Recall@10': 0.08452041325874107, 'NDCG@10': 0.04736498425635256, 'MRR@10': 0.03610458870440028, 'Recall@5': 0.05657007669409116, 'NDCG@5': 0.038385100994807804, 'MRR@5': 0.03243209797051526, 'Recall*@10': 0.08537178379736206, 'NDCG*@10': 0.04836957662027012, 'MRR*@10': 0.037141083963504136, 'Recall*@5': 0.0574899848925975, 'NDCG*@5': 0.0394074660978576, 'MRR*@5': 0.03347362310791663}
INFO    [03-24 16:26:40] train in BasicTrainer:
duration: 54.48551654815674s
INFO    [03-24 16:26:40] train in BasicTrainer:
epoch: 32
INFO    [03-24 16:27:08] _train_one_epoch in BasicTrainer:
loss = 7.028017556125468
INFO    [03-24 16:27:36] validate in BasicTrainer:
{'Recall@10': 0.08504195528668027, 'NDCG@10': 0.04761408633270929, 'MRR@10': 0.0362596678323755, 'Recall@5': 0.0570394323142462, 'NDCG@5': 0.038611460448235504, 'MRR@5': 0.032574912886922214, 'Recall*@10': 0.0858656967621903, 'NDCG*@10': 0.04832662769066271, 'MRR*@10': 0.03692344965976338, 'Recall*@5': 0.0582530874787837, 'NDCG*@5': 0.03943922707103482, 'MRR*@5': 0.03327994144615508}
INFO    [03-24 16:27:36] train in BasicTrainer:
duration: 55.97739863395691s
INFO    [03-24 16:27:36] train in BasicTrainer:
epoch: 33
INFO    [03-24 16:28:03] _train_one_epoch in BasicTrainer:
loss = 7.00655425069007
INFO    [03-24 16:28:30] log in loggers:
Update Best NDCG@10 Model at 33
INFO    [03-24 16:28:30] validate in BasicTrainer:
{'Recall@10': 0.08596971382697423, 'NDCG@10': 0.047946564939826034, 'MRR@10': 0.03644276613932709, 'Recall@5': 0.05647085806311563, 'NDCG@5': 0.03848256951905498, 'MRR@5': 0.03258115685609884, 'Recall*@10': 0.08619632661458133, 'NDCG*@10': 0.04838492961008419, 'MRR*@10': 0.0369322870446499, 'Recall*@5': 0.057049119339663855, 'NDCG*@5': 0.0390268926357114, 'MRR*@5': 0.03310976131248844}
INFO    [03-24 16:28:30] train in BasicTrainer:
duration: 54.83880662918091s
INFO    [03-24 16:28:30] train in BasicTrainer:
epoch: 34
INFO    [03-24 16:28:57] _train_one_epoch in BasicTrainer:
loss = 6.986022326756608
INFO    [03-24 16:29:24] validate in BasicTrainer:
{'Recall@10': 0.08487959754790446, 'NDCG@10': 0.047768715422513874, 'MRR@10': 0.03652568206248819, 'Recall@5': 0.056769480336775154, 'NDCG@5': 0.03872457195737565, 'MRR@5': 0.032820086651878765, 'Recall*@10': 0.08555438597650492, 'NDCG*@10': 0.048627031981482986, 'MRR*@10': 0.03743384973427584, 'Recall*@5': 0.057538607699233434, 'NDCG*@5': 0.03960426245606685, 'MRR*@5': 0.03373178504696188}
INFO    [03-24 16:29:24] train in BasicTrainer:
duration: 54.049155950546265s
INFO    [03-24 16:29:24] train in BasicTrainer:
epoch: 35
INFO    [03-24 16:29:53] _train_one_epoch in BasicTrainer:
loss = 6.964042629030618
INFO    [03-24 16:30:20] validate in BasicTrainer:
{'Recall@10': 0.08581154389205829, 'NDCG@10': 0.04788537259942802, 'MRR@10': 0.036441142201539156, 'Recall@5': 0.055402647184078085, 'NDCG@5': 0.03812378923618054, 'MRR@5': 0.03245410022809524, 'Recall*@10': 0.08682187409826027, 'NDCG*@10': 0.048901880304365195, 'MRR*@10': 0.03745284774737765, 'Recall*@5': 0.05673116260720778, 'NDCG*@5': 0.03924642418070819, 'MRR*@5': 0.033511238215967666}
INFO    [03-24 16:30:20] train in BasicTrainer:
duration: 55.67633104324341s
INFO    [03-24 16:30:20] train in BasicTrainer:
epoch: 36
INFO    [03-24 16:30:48] _train_one_epoch in BasicTrainer:
loss = 6.947837551886385
INFO    [03-24 16:31:15] log in loggers:
Update Best NDCG@10 Model at 36
INFO    [03-24 16:31:16] validate in BasicTrainer:
{'Recall@10': 0.0854423732836117, 'NDCG@10': 0.04809786916472191, 'MRR@10': 0.03678093648465105, 'Recall@5': 0.05721113207035287, 'NDCG@5': 0.03903323475473611, 'MRR@5': 0.03307764736083589, 'Recall*@10': 0.08596084610551827, 'NDCG*@10': 0.04883135660269926, 'MRR*@10': 0.0375646012293738, 'Recall*@5': 0.0583331537425749, 'NDCG*@5': 0.03994948868892451, 'MRR*@5': 0.03392935948547467}
INFO    [03-24 16:31:16] train in BasicTrainer:
duration: 55.44652700424194s
INFO    [03-24 16:31:16] train in BasicTrainer:
epoch: 37
INFO    [03-24 16:31:44] _train_one_epoch in BasicTrainer:
loss = 6.92711833932183
INFO    [03-24 16:32:14] validate in BasicTrainer:
{'Recall@10': 0.08529257895641548, 'NDCG@10': 0.048097117955601495, 'MRR@10': 0.036829743851986965, 'Recall@5': 0.056771091033899504, 'NDCG@5': 0.038924241785046665, 'MRR@5': 0.03307355100707721, 'Recall*@10': 0.08589255702934524, 'NDCG*@10': 0.04888956729582576, 'MRR*@10': 0.03767182818043602, 'Recall*@5': 0.05741958258052667, 'NDCG*@5': 0.039725002789393414, 'MRR*@5': 0.0339148156272695}
INFO    [03-24 16:32:14] train in BasicTrainer:
duration: 57.96694278717041s
INFO    [03-24 16:32:14] train in BasicTrainer:
epoch: 38
INFO    [03-24 16:32:43] _train_one_epoch in BasicTrainer:
loss = 6.9097578146240926
INFO    [03-24 16:33:10] validate in BasicTrainer:
{'Recall@10': 0.0849098785556564, 'NDCG@10': 0.04788043540577556, 'MRR@10': 0.03667894841799902, 'Recall@5': 0.05636068673212399, 'NDCG@5': 0.03871072411479414, 'MRR@5': 0.032930714504201285, 'Recall*@10': 0.08558143103538557, 'NDCG*@10': 0.04861766716479793, 'MRR*@10': 0.03741073491441649, 'Recall*@5': 0.0577925717992376, 'NDCG*@5': 0.03967740128264409, 'MRR*@5': 0.033747385826337246}
INFO    [03-24 16:33:10] train in BasicTrainer:
duration: 56.48303413391113s
INFO    [03-24 16:33:10] train in BasicTrainer:
epoch: 39
INFO    [03-24 16:33:38] _train_one_epoch in BasicTrainer:
loss = 6.8907916776158595
INFO    [03-24 16:34:05] log in loggers:
Update Best NDCG@10 Model at 39
INFO    [03-24 16:34:05] validate in BasicTrainer:
{'Recall@10': 0.08643488164326942, 'NDCG@10': 0.048696394388874374, 'MRR@10': 0.037238254507844765, 'Recall@5': 0.05833990493601607, 'NDCG@5': 0.03968093479268773, 'MRR@5': 0.033558095133928365, 'Recall*@10': 0.08713836321072985, 'NDCG*@10': 0.049378982521304786, 'MRR*@10': 0.03790978271543056, 'Recall*@5': 0.0591035582009674, 'NDCG*@5': 0.04037186662240546, 'MRR*@5': 0.03422650642866312}
INFO    [03-24 16:34:05] train in BasicTrainer:
duration: 55.40647101402283s
INFO    [03-24 16:34:05] train in BasicTrainer:
epoch: 40
INFO    [03-24 16:34:32] _train_one_epoch in BasicTrainer:
loss = 6.875347651541233
INFO    [03-24 16:35:00] log in loggers:
Update Best NDCG@10 Model at 40
INFO    [03-24 16:35:00] validate in BasicTrainer:
{'Recall@10': 0.0864239289432533, 'NDCG@10': 0.04896329932434614, 'MRR@10': 0.03759637571755768, 'Recall@5': 0.05861243400578351, 'NDCG@5': 0.040027358605302585, 'MRR@5': 0.033942449217041336, 'Recall*@10': 0.0879791427490323, 'NDCG*@10': 0.05015398873839268, 'MRR*@10': 0.03867727474764336, 'Recall*@5': 0.05981600720637528, 'NDCG*@5': 0.04111276581421379, 'MRR*@5': 0.03498448611980723}
INFO    [03-24 16:35:00] train in BasicTrainer:
duration: 54.515809774398804s
INFO    [03-24 16:35:00] train in BasicTrainer:
epoch: 41
INFO    [03-24 16:35:28] _train_one_epoch in BasicTrainer:
loss = 6.857442431829193
INFO    [03-24 16:35:55] validate in BasicTrainer:
{'Recall@10': 0.08483675312857296, 'NDCG@10': 0.04769471602499947, 'MRR@10': 0.03643147409135519, 'Recall@5': 0.05678462084065112, 'NDCG@5': 0.03869233769906122, 'MRR@5': 0.032756244431632435, 'Recall*@10': 0.08567916746287382, 'NDCG*@10': 0.04884360131424989, 'MRR*@10': 0.03765501558434132, 'Recall*@5': 0.05845756498129331, 'NDCG*@5': 0.040106506137422816, 'MRR*@5': 0.03408720702394959}
INFO    [03-24 16:35:55] train in BasicTrainer:
duration: 55.32766675949097s
INFO    [03-24 16:35:55] train in BasicTrainer:
epoch: 42
INFO    [03-24 16:36:23] _train_one_epoch in BasicTrainer:
loss = 6.840963214635849
INFO    [03-24 16:36:51] validate in BasicTrainer:
{'Recall@10': 0.08467858319365701, 'NDCG@10': 0.04844390843496766, 'MRR@10': 0.037444179213439774, 'Recall@5': 0.05754164603444957, 'NDCG@5': 0.03970660429534524, 'MRR@5': 0.033860083698302276, 'Recall*@10': 0.08556611454764078, 'NDCG*@10': 0.04922964907605057, 'MRR*@10': 0.03818326745211154, 'Recall*@5': 0.05866200853745605, 'NDCG*@5': 0.04056245020713455, 'MRR*@5': 0.034624989700409795}
INFO    [03-24 16:36:51] train in BasicTrainer:
duration: 55.58269906044006s
INFO    [03-24 16:36:51] train in BasicTrainer:
epoch: 43
INFO    [03-24 16:37:17] _train_one_epoch in BasicTrainer:
loss = 6.824232158335772
INFO    [03-24 16:37:45] log in loggers:
Update Best NDCG@10 Model at 43
INFO    [03-24 16:37:45] validate in BasicTrainer:
{'Recall@10': 0.08697832907124083, 'NDCG@10': 0.04900087222687958, 'MRR@10': 0.037519418381789855, 'Recall@5': 0.057537458230589714, 'NDCG@5': 0.03956155314348465, 'MRR@5': 0.03367070949008299, 'Recall*@10': 0.08777683314888976, 'NDCG*@10': 0.050104287821193076, 'MRR*@10': 0.038696642878443696, 'Recall*@5': 0.05915405318256496, 'NDCG*@5': 0.040932608060827554, 'MRR*@5': 0.034959728807903996}
INFO    [03-24 16:37:45] train in BasicTrainer:
duration: 54.10459804534912s
INFO    [03-24 16:37:45] train in BasicTrainer:
epoch: 44
INFO    [03-24 16:38:13] _train_one_epoch in BasicTrainer:
loss = 6.809344001791694
INFO    [03-24 16:38:40] validate in BasicTrainer:
{'Recall@10': 0.08625996049291404, 'NDCG@10': 0.048733269752458085, 'MRR@10': 0.0373648027492355, 'Recall@5': 0.05747689621508584, 'NDCG@5': 0.039516926302697306, 'MRR@5': 0.033614662584177286, 'Recall*@10': 0.08725849033672681, 'NDCG*@10': 0.04972659615987493, 'MRR*@10': 0.03833988282916158, 'Recall*@5': 0.058884662164505136, 'NDCG*@5': 0.0406492335014334, 'MRR*@5': 0.03465084728691005}
INFO    [03-24 16:38:40] train in BasicTrainer:
duration: 55.20168876647949s
INFO    [03-24 16:38:40] train in BasicTrainer:
epoch: 45
INFO    [03-24 16:39:07] _train_one_epoch in BasicTrainer:
loss = 6.793374375863508
INFO    [03-24 16:39:35] log in loggers:
Update Best NDCG@10 Model at 45
INFO    [03-24 16:39:35] validate in BasicTrainer:
{'Recall@10': 0.08573423066111498, 'NDCG@10': 0.049163383280122, 'MRR@10': 0.03810532383851765, 'Recall@5': 0.05764344175772149, 'NDCG@5': 0.04015978779499383, 'MRR@5': 0.034436324856771054, 'Recall*@10': 0.08639998046695724, 'NDCG*@10': 0.05019839698549851, 'MRR*@10': 0.03923191667296166, 'Recall*@5': 0.05879273291590602, 'NDCG*@5': 0.041338644084311274, 'MRR*@5': 0.03561540706039861}
INFO    [03-24 16:39:35] train in BasicTrainer:
duration: 54.6794056892395s
INFO    [03-24 16:39:35] train in BasicTrainer:
epoch: 46
INFO    [03-24 16:40:04] _train_one_epoch in BasicTrainer:
loss = 6.779209108515219
INFO    [03-24 16:40:33] log in loggers:
Update Best NDCG@10 Model at 46
INFO    [03-24 16:40:33] validate in BasicTrainer:
{'Recall@10': 0.08665361359368923, 'NDCG@10': 0.04921668736163036, 'MRR@10': 0.03787918440824331, 'Recall@5': 0.05766277006545732, 'NDCG@5': 0.039873594114946766, 'MRR@5': 0.03404200065505597, 'Recall*@10': 0.08797204913210499, 'NDCG*@10': 0.050444343495507575, 'MRR*@10': 0.039070738205151966, 'Recall*@5': 0.058885967142360156, 'NDCG*@5': 0.04107343529661497, 'MRR*@5': 0.03522381355422874}
INFO    [03-24 16:40:33] train in BasicTrainer:
duration: 58.06668543815613s
INFO    [03-24 16:40:33] train in BasicTrainer:
epoch: 47
INFO    [03-24 16:41:02] _train_one_epoch in BasicTrainer:
loss = 6.766898672011766
INFO    [03-24 16:41:29] validate in BasicTrainer:
{'Recall@10': 0.08572327796109887, 'NDCG@10': 0.04897940669988477, 'MRR@10': 0.037850542181684065, 'Recall@5': 0.057801611721515656, 'NDCG@5': 0.04001619639380496, 'MRR@5': 0.03418905160916868, 'Recall*@10': 0.0864325084889582, 'NDCG*@10': 0.05000533478320107, 'MRR*@10': 0.0389399941606346, 'Recall*@5': 0.05957460868381714, 'NDCG*@5': 0.04139144403874412, 'MRR*@5': 0.03542589428004368}
INFO    [03-24 16:41:29] train in BasicTrainer:
duration: 56.15802979469299s
INFO    [03-24 16:41:29] train in BasicTrainer:
epoch: 48
INFO    [03-24 16:41:58] _train_one_epoch in BasicTrainer:
loss = 6.749939737672156
INFO    [03-24 16:42:26] validate in BasicTrainer:
{'Recall@10': 0.0834892482836117, 'NDCG@10': 0.048035557822201605, 'MRR@10': 0.03729444041905939, 'Recall@5': 0.056862900481205576, 'NDCG@5': 0.03950759390181349, 'MRR@5': 0.03382294667639243, 'Recall*@10': 0.08446692146880683, 'NDCG*@10': 0.04887750408388385, 'MRR*@10': 0.038067592336803444, 'Recall*@5': 0.05831408029956411, 'NDCG*@5': 0.040503525283447535, 'MRR*@5': 0.03466053406686284}
INFO    [03-24 16:42:26] train in BasicTrainer:
duration: 56.73588466644287s
INFO    [03-24 16:42:26] train in BasicTrainer:
epoch: 49
INFO    [03-24 16:42:54] _train_one_epoch in BasicTrainer:
loss = 6.735964830626141
INFO    [03-24 16:43:25] validate in BasicTrainer:
{'Recall@10': 0.08432358670835347, 'NDCG@10': 0.04857472336107446, 'MRR@10': 0.03773097595734189, 'Recall@5': 0.05786636151200117, 'NDCG@5': 0.04008694515787354, 'MRR@5': 0.03426785195289656, 'Recall*@10': 0.08521873558792033, 'NDCG*@10': 0.0495749545796204, 'MRR*@10': 0.03875541467537252, 'Recall*@5': 0.05870497785508633, 'NDCG*@5': 0.041063809738487236, 'MRR*@5': 0.03527958756096141}
INFO    [03-24 16:43:25] train in BasicTrainer:
duration: 59.00353956222534s
INFO    [03-24 16:43:25] train in BasicTrainer:
epoch: 50
INFO    [03-24 16:43:53] _train_one_epoch in BasicTrainer:
loss = 6.726334512233734
INFO    [03-24 16:44:20] log in loggers:
Update Best NDCG@10 Model at 50
INFO    [03-24 16:44:21] validate in BasicTrainer:
{'Recall@10': 0.08601513533860214, 'NDCG@10': 0.049286277401585914, 'MRR@10': 0.038154390561141706, 'Recall@5': 0.05805223536237266, 'NDCG@5': 0.04028535530317661, 'MRR@5': 0.03446390013419842, 'Recall*@10': 0.08755364023553308, 'NDCG*@10': 0.05054207689078279, 'MRR*@10': 0.039312054973471074, 'Recall*@5': 0.059432108561659966, 'NDCG*@5': 0.04147457347302012, 'MRR*@5': 0.035585321529313575}
INFO    [03-24 16:44:21] train in BasicTrainer:
duration: 55.799022912979126s
INFO    [03-24 16:44:21] train in BasicTrainer:
epoch: 51
INFO    [03-24 16:44:48] _train_one_epoch in BasicTrainer:
loss = 6.713122061030432
INFO    [03-24 16:45:15] validate in BasicTrainer:
{'Recall@10': 0.0854314205835956, 'NDCG@10': 0.04904806172085363, 'MRR@10': 0.03801122385748597, 'Recall@5': 0.05827096734167069, 'NDCG@5': 0.04033396664515946, 'MRR@5': 0.034455911075884055, 'Recall*@10': 0.0859126857835655, 'NDCG*@10': 0.049846952131321266, 'MRR*@10': 0.03889630095267943, 'Recall*@5': 0.05904690239780633, 'NDCG*@5': 0.041220508660225905, 'MRR*@5': 0.03537288395500229}
INFO    [03-24 16:45:15] train in BasicTrainer:
duration: 54.73412609100342s
INFO    [03-24 16:45:15] train in BasicTrainer:
epoch: 52
INFO    [03-24 16:45:44] _train_one_epoch in BasicTrainer:
loss = 6.701607125726613
INFO    [03-24 16:46:11] log in loggers:
Update Best NDCG@10 Model at 52
INFO    [03-24 16:46:11] validate in BasicTrainer:
{'Recall@10': 0.08611274325801421, 'NDCG@10': 0.04941448765669682, 'MRR@10': 0.038307491675481316, 'Recall@5': 0.05748784891510195, 'NDCG@5': 0.040210541973049324, 'MRR@5': 0.03453988180488579, 'Recall*@10': 0.08722992816059165, 'NDCG*@10': 0.050380967701821364, 'MRR*@10': 0.03920905195292114, 'Recall*@5': 0.05889529165949008, 'NDCG*@5': 0.041256168120822244, 'MRR*@5': 0.035465722138336465}
INFO    [03-24 16:46:11] train in BasicTrainer:
duration: 55.820321559906006s
INFO    [03-24 16:46:11] train in BasicTrainer:
epoch: 53
INFO    [03-24 16:46:40] _train_one_epoch in BasicTrainer:
loss = 6.692183187739416
INFO    [03-24 16:47:07] validate in BasicTrainer:
{'Recall@10': 0.08438253801229388, 'NDCG@10': 0.04832728114701057, 'MRR@10': 0.03741228417312914, 'Recall@5': 0.05655590259982634, 'NDCG@5': 0.03938901498047418, 'MRR@5': 0.033758830134720766, 'Recall*@10': 0.0856271944651308, 'NDCG*@10': 0.049388751965160516, 'MRR*@10': 0.03840597148609254, 'Recall*@5': 0.058010202218857845, 'NDCG*@5': 0.040505274942563486, 'MRR*@5': 0.034767512824068696}
INFO    [03-24 16:47:07] train in BasicTrainer:
duration: 55.780415534973145s
INFO    [03-24 16:47:07] train in BasicTrainer:
epoch: 54
INFO    [03-24 16:47:36] _train_one_epoch in BasicTrainer:
loss = 6.679419966583902
INFO    [03-24 16:48:03] validate in BasicTrainer:
{'Recall@10': 0.08455745916264926, 'NDCG@10': 0.04848818714882052, 'MRR@10': 0.03757876528845739, 'Recall@5': 0.05682166674455931, 'NDCG@5': 0.039584577906616895, 'MRR@5': 0.03394225049157475, 'Recall*@10': 0.08509273795309917, 'NDCG*@10': 0.049210496319010276, 'MRR*@10': 0.03835192573971526, 'Recall*@5': 0.05762750837345456, 'NDCG*@5': 0.04038928298987159, 'MRR*@5': 0.034746524827309354}
INFO    [03-24 16:48:03] train in BasicTrainer:
duration: 56.02703619003296s
INFO    [03-24 16:48:03] train in BasicTrainer:
epoch: 55
INFO    [03-24 16:48:31] _train_one_epoch in BasicTrainer:
loss = 6.668457339433107
INFO    [03-24 16:48:58] validate in BasicTrainer:
{'Recall@10': 0.0850857660867447, 'NDCG@10': 0.048893713038559106, 'MRR@10': 0.03792175241969815, 'Recall@5': 0.057840268308109094, 'NDCG@5': 0.04016346107561921, 'MRR@5': 0.03436578751014647, 'Recall*@10': 0.08615228984245034, 'NDCG*@10': 0.04989481024270834, 'MRR*@10': 0.03888548380702503, 'Recall*@5': 0.059203764293776, 'NDCG*@5': 0.04125528015889401, 'MRR*@5': 0.03536383552086908}
INFO    [03-24 16:48:58] train in BasicTrainer:
duration: 55.30635738372803s
INFO    [03-24 16:48:58] train in BasicTrainer:
epoch: 56
INFO    [03-24 16:49:27] _train_one_epoch in BasicTrainer:
loss = 6.661844543435357
INFO    [03-24 16:49:55] validate in BasicTrainer:
{'Recall@10': 0.08621453898128613, 'NDCG@10': 0.049150173371845435, 'MRR@10': 0.037922297366136726, 'Recall@5': 0.05829706054556277, 'NDCG@5': 0.040189084864055466, 'MRR@5': 0.034263390441273536, 'Recall*@10': 0.08738335233557132, 'NDCG*@10': 0.05026788990800233, 'MRR*@10': 0.03900298899285091, 'Recall*@5': 0.05987125889275425, 'NDCG*@5': 0.041432557382093844, 'MRR*@5': 0.03539281700874946}
INFO    [03-24 16:49:55] train in BasicTrainer:
duration: 57.12926459312439s
INFO    [03-24 16:49:55] train in BasicTrainer:
epoch: 57
INFO    [03-24 16:50:24] _train_one_epoch in BasicTrainer:
loss = 6.647760549052195
INFO    [03-24 16:50:51] validate in BasicTrainer:
{'Recall@10': 0.08518659542928371, 'NDCG@10': 0.048874091241479845, 'MRR@10': 0.03788328910058783, 'Recall@5': 0.057375100491813914, 'NDCG@5': 0.03995460309377012, 'MRR@5': 0.034245098312926846, 'Recall*@10': 0.08609176349154739, 'NDCG*@10': 0.049890026854452235, 'MRR*@10': 0.038925183908075325, 'Recall*@5': 0.05836304158780926, 'NDCG*@5': 0.04101641035761482, 'MRR*@5': 0.035317099241669786}
INFO    [03-24 16:50:51] train in BasicTrainer:
duration: 55.66509675979614s
INFO    [03-24 16:50:51] train in BasicTrainer:
epoch: 58
INFO    [03-24 16:51:19] _train_one_epoch in BasicTrainer:
loss = 6.639212559569966
INFO    [03-24 16:51:47] validate in BasicTrainer:
{'Recall@10': 0.0856736686456111, 'NDCG@10': 0.0492212440269862, 'MRR@10': 0.038186384422719016, 'Recall@5': 0.05777809560991997, 'NDCG@5': 0.040255897526824194, 'MRR@5': 0.03451915205160315, 'Recall*@10': 0.08577377201859342, 'NDCG*@10': 0.049830887813207714, 'MRR*@10': 0.03891795934286228, 'Recall*@5': 0.05900208058572093, 'NDCG*@5': 0.041217474497912465, 'MRR*@5': 0.035389409277790274}
INFO    [03-24 16:51:47] train in BasicTrainer:
duration: 55.714717626571655s
INFO    [03-24 16:51:47] train in BasicTrainer:
epoch: 59
INFO    [03-24 16:52:15] _train_one_epoch in BasicTrainer:
loss = 6.6286250887946645
INFO    [03-24 16:52:43] validate in BasicTrainer:
{'Recall@10': 0.08428493009288182, 'NDCG@10': 0.048829380711612774, 'MRR@10': 0.0380883219601341, 'Recall@5': 0.05710933631820272, 'NDCG@5': 0.040078954121401146, 'MRR@5': 0.03449864243698675, 'Recall*@10': 0.08496263955337133, 'NDCG*@10': 0.049473394372666527, 'MRR*@10': 0.03870653244125288, 'Recall*@5': 0.058269948344822076, 'NDCG*@5': 0.04088030125974685, 'MRR*@5': 0.03518225115456784}
INFO    [03-24 16:52:43] train in BasicTrainer:
duration: 56.637662172317505s
INFO    [03-24 16:52:44] close_training in BasicTrainer:
finished training
INFO    [03-24 16:52:44] final_validate in BasicTrainer:
validate model on val set!
INFO    [03-24 16:52:44] load_state_from_given_path in utils:
checkpoint epoch: 52
INFO    [03-24 16:52:44] load_state_from_given_path in utils:
Loading model's parameters
INFO    [03-24 16:53:11] validate in BasicTrainer:
{'Recall@10': 0.08611274325801421, 'NDCG@10': 0.04941448765669682, 'MRR@10': 0.038307491675481316, 'Recall@5': 0.05748784891510195, 'NDCG@5': 0.040210541973049324, 'MRR@5': 0.03453988180488579, 'Recall*@10': 0.08722992816059165, 'NDCG*@10': 0.050380967701821364, 'MRR*@10': 0.03920905195292114, 'Recall*@5': 0.05889529165949008, 'NDCG*@5': 0.041256168120822244, 'MRR*@5': 0.035465722138336465}
INFO    [03-24 16:53:11] test in BasicTrainer:
Test model on test set!
INFO    [03-24 16:53:11] test_with_given_state_path in BasicTrainer:
Loading model params from ___movies_base_partial_2022/base_gru4rec-rate-0.8-seed-2001_03-24_15:54_t2/gru4rec_logs/checkpoint/best_acc_model.pth.
INFO    [03-24 16:53:11] load_state_from_given_path in utils:
checkpoint epoch: 52
INFO    [03-24 16:53:11] load_state_from_given_path in utils:
Loading model's parameters
INFO    [03-24 16:53:11] test_with_given_state_path in BasicTrainer:
Finished loading. Start testing.
INFO    [03-24 16:53:40] test_with_given_state_path in BasicTrainer:
{'Recall@10': 0.07535364348874536, 'NDCG@10': 0.042219554225719255, 'MRR@10': 0.03219766829653766, 'Recall@5': 0.04983931736544121, 'NDCG@5': 0.03403527825319952, 'MRR@5': 0.02885908952574859, 'Recall*@10': 0.07729007009156914, 'NDCG*@10': 0.04378760837076246, 'MRR*@10': 0.033640034727809964, 'Recall*@5': 0.05180321139998214, 'NDCG*@5': 0.03559835282580335, 'MRR*@5': 0.030291367769818896}
INFO    [03-24 16:53:40] _evaluate in BasicSched:
!!Final Result!!: {'Recall@10': 0.07535364348874536, 'NDCG@10': 0.042219554225719255, 'MRR@10': 0.03219766829653766, 'Recall@5': 0.04983931736544121, 'NDCG@5': 0.03403527825319952, 'MRR@5': 0.02885908952574859, 'Recall*@10': 0.07729007009156914, 'NDCG*@10': 0.04378760837076246, 'MRR*@10': 0.033640034727809964, 'Recall*@5': 0.05180321139998214, 'NDCG*@5': 0.03559835282580335, 'MRR*@5': 0.030291367769818896}
