INFO    [04-22 01:32:39] setup_train in utils:
{
    "experiment_dir": "___movies_base_partial_2022",
    "experiment_description": "base",
    "describe": "{config[model_code]}-rate-{config[sample_rate]}-seed-{config[sample_seed]}",
    "dataset_name": "movies.csv",
    "sched": "basic",
    "model_code": "gru4rec",
    "num_epochs": 60,
    "mode": [
        "train",
        "test"
    ],
    "max_len": 10,
    "test_state_path": null,
    "model_state_path": null,
    "do_sampling": true,
    "path_for_sample": "Data/Cache/movies-5-5.pkl",
    "sample_rate": 0.7,
    "sample_seed": 2001,
    "rand_seed": 2022,
    "load_processed_dataset": true,
    "save_processed_dataset": false,
    "dataset_cache_filename": null,
    "do_remap": false,
    "weight_decay": 0,
    "decay_step": 15,
    "gamma": 0.99,
    "lr": 0.001,
    "min_length": 5,
    "min_item_inter": 5,
    "good_only": false,
    "use_rating": true,
    "test_negative_sampler_code": "random",
    "test_negative_sample_size": 0,
    "dataloader_type": "next",
    "train_batch_size": 512,
    "val_batch_size": 512,
    "test_batch_size": 512,
    "prop_sliding_window": -1.0,
    "worker_number": 2,
    "metric_ks": [
        5,
        10
    ],
    "device": "cuda",
    "num_gpu": 1,
    "optimizer": "Adam",
    "best_metric": "NDCG@10",
    "show_process_bar": false,
    "config_file": "config2.movies/gru4rec/config_partial.json",
    "task_id": 2,
    "split": "leave_one_out",
    "train_negative_sampler_code": "random",
    "train_negative_sample_size": 100,
    "device_idx": "0",
    "momentum": null,
    "log_period_as_iter": 12800,
    "mentor_code": "bert",
    "training_routine": null,
    "T": 1,
    "alpha": 0.1,
    "dvae_alpha": 0.5,
    "softmaxed_mentor": false,
    "weight_list": [
        0.5,
        0.5
    ],
    "validation_rate": 0.2,
    "num_items": null,
    "start_index": 1,
    "kwargs": null
}
DEBUG   [04-22 01:32:39] __init__ in BasicSched:
BasicScheduler attribs: tag=gru4rec
WARNING [04-22 01:32:39] _load_sampled_dataset_from_path in utils:
file from /data/wushiguang-slurm/code/gitee-repos/soft-rec/Data/Cache/sampled_movies-5-5-rate-0.7-seed-2001.pkl not found. Regenerating.
DEBUG   [04-22 01:32:39] _resampling in utils:
loading full dataset from Data/Cache/movies-5-5.pkl
INFO    [04-22 01:32:39] _load_full_dataset_from_path in utils:
loading cache from Data/Cache/movies-5-5.pkl
INFO    [04-22 01:32:41] _check_dataset_cache in utils:
check if the cache is generated under this configuration
INFO    [04-22 01:32:41] _check_dataset_cache in utils:
correct.
INFO    [04-22 01:32:45] __init__ in NextItemDataloader:
there are 21035 items in this dataset, 57509 users, padding_first? False
DEBUG   [04-22 01:32:55] generate_model in utils:
model_code_list=['gru4rec']
INFO    [04-22 01:32:55] load_model_config in utils:
loading model gru4rec's config file at asset/config/model/gru4rec.json
INFO    [04-22 01:32:55] load_model_config in utils:
{
    "embed_size": 64,
    "hidden_units": 64,
    "num_layers": 2,
    "hidden_dropout": 0.5,
    "loss_type": "CE"
}
WARNING [04-22 01:33:06] get_exist_path in utils:
dir ___movies_base_partial_2022/base_gru4rec-rate-0.7-seed-2001_04-22_01:32_t2/gru4rec_logs does not exist! Create one.
WARNING [04-22 01:33:06] get_exist_path in utils:
dir ___movies_base_partial_2022/base_gru4rec-rate-0.7-seed-2001_04-22_01:32_t2/gru4rec_logs/tb_vis does not exist! Create one.
WARNING [04-22 01:33:06] get_exist_path in utils:
dir ___movies_base_partial_2022/base_gru4rec-rate-0.7-seed-2001_04-22_01:32_t2/gru4rec_logs/checkpoint does not exist! Create one.
INFO    [04-22 01:33:06] __init__ in BasicSched:
GRU4RecModel(
  (item_embedding): Embedding(21036, 64, padding_idx=0)
  (emb_dropout): Dropout(p=0.5, inplace=False)
  (gru_layers): GRU(64, 64, num_layers=2, bias=False, batch_first=True)
  (dense): Linear(in_features=64, out_features=64, bias=True)
  (loss_fct): CrossEntropyLoss()
)
WARNING [04-22 01:33:06] get_path in utils:
Path is None
WARNING [04-22 01:33:06] load_state_from_given_path in utils:
Not given any path.
INFO    [04-22 01:33:06] assert_model_device in utils:
model gru4rec has 5.339111328125 MB params.
INFO    [04-22 01:33:06] __init__ in BasicTrainer:
315392 iter per epoch
INFO    [04-22 01:33:06] _fit in BasicSched:
Start training.
INFO    [04-22 01:33:31] log in loggers:
Update Best NDCG@10 Model at 0
INFO    [04-22 01:33:31] validate in BasicTrainer:
{'Recall@10': 0.00038025442477876106, 'NDCG@10': 0.00016336377959418218, 'MRR@10': 0.00010038607143920607, 'Recall@5': 0.0001728429203539823, 'NDCG@5': 0.00010055187673398614, 'MRR@5': 7.691510063925742e-05, 'Recall*@10': 0.0005071974437749755, 'NDCG*@10': 0.00021731439128979646, 'MRR*@10': 0.00013314770041157254, 'Recall*@5': 0.00023001756115231367, 'NDCG*@5': 0.00013336502489493747, 'MRR*@5': 0.00010177369262462697}
INFO    [04-22 01:33:31] train in BasicTrainer:
epoch: 0
INFO    [04-22 01:33:58] _train_one_epoch in BasicTrainer:
loss = 9.24776266147564
INFO    [04-22 01:34:24] log in loggers:
Update Best NDCG@10 Model at 0
INFO    [04-22 01:34:24] validate in BasicTrainer:
{'Recall@10': 0.016546409890319393, 'NDCG@10': 0.008473820973546204, 'MRR@10': 0.006064197686382371, 'Recall@5': 0.00963091227201234, 'NDCG@5': 0.006274389288495336, 'MRR@5': 0.005178190664742637, 'Recall*@10': 0.01562446999091622, 'NDCG*@10': 0.007795725304188322, 'MRR*@10': 0.005458386379512505, 'Recall*@5': 0.008865156808488928, 'NDCG*@5': 0.005642911535687745, 'MRR*@5': 0.004589373171144058}
INFO    [04-22 01:34:24] train in BasicTrainer:
duration: 52.8138906955719s
INFO    [04-22 01:34:24] train in BasicTrainer:
epoch: 1
INFO    [04-22 01:34:53] _train_one_epoch in BasicTrainer:
loss = 8.95185060934587
INFO    [04-22 01:35:18] log in loggers:
Update Best NDCG@10 Model at 1
INFO    [04-22 01:35:19] validate in BasicTrainer:
{'Recall@10': 0.02693426940359373, 'NDCG@10': 0.013258325311033863, 'MRR@10': 0.009169716262299798, 'Recall@5': 0.01500810789916895, 'NDCG@5': 0.009425872234231998, 'MRR@5': 0.007602092735799013, 'Recall*@10': 0.025231164336138593, 'NDCG*@10': 0.012492940140954029, 'MRR*@10': 0.008676232105590799, 'Recall*@5': 0.01431114570880556, 'NDCG*@5': 0.008980671374489907, 'MRR*@5': 0.007237919528486487}
INFO    [04-22 01:35:19] train in BasicTrainer:
duration: 54.633482217788696s
INFO    [04-22 01:35:19] train in BasicTrainer:
epoch: 2
INFO    [04-22 01:35:47] _train_one_epoch in BasicTrainer:
loss = 8.763950799966787
INFO    [04-22 01:36:12] log in loggers:
Update Best NDCG@10 Model at 2
INFO    [04-22 01:36:13] validate in BasicTrainer:
{'Recall@10': 0.037486591565925466, 'NDCG@10': 0.018986430447713462, 'MRR@10': 0.013446841393061707, 'Recall@5': 0.022044595561723793, 'NDCG@5': 0.014064110003708474, 'MRR@5': 0.01145711139800538, 'Recall*@10': 0.03568538896475745, 'NDCG*@10': 0.01812021237328253, 'MRR*@10': 0.01287023375321806, 'Recall*@5': 0.02079797040802979, 'NDCG*@5': 0.013373817824058037, 'MRR*@5': 0.010950848635335544}
INFO    [04-22 01:36:13] train in BasicTrainer:
duration: 53.96170258522034s
INFO    [04-22 01:36:13] train in BasicTrainer:
epoch: 3
INFO    [04-22 01:36:40] _train_one_epoch in BasicTrainer:
loss = 8.555950688077258
INFO    [04-22 01:37:06] log in loggers:
Update Best NDCG@10 Model at 3
INFO    [04-22 01:37:06] validate in BasicTrainer:
{'Recall@10': 0.044289479411281314, 'NDCG@10': 0.02204949859595668, 'MRR@10': 0.015388241181957774, 'Recall@5': 0.025778002641369813, 'NDCG@5': 0.016123242597961055, 'MRR@5': 0.012977226536341868, 'Recall*@10': 0.04276524940752877, 'NDCG*@10': 0.02147157691559235, 'MRR*@10': 0.01509464828532387, 'Recall*@5': 0.025140287628628116, 'NDCG*@5': 0.015827385491312407, 'MRR*@5': 0.012797167638020046}
INFO    [04-22 01:37:06] train in BasicTrainer:
duration: 53.27290964126587s
INFO    [04-22 01:37:06] train in BasicTrainer:
epoch: 4
INFO    [04-22 01:37:34] _train_one_epoch in BasicTrainer:
loss = 8.413850980919676
INFO    [04-22 01:38:02] log in loggers:
Update Best NDCG@10 Model at 4
INFO    [04-22 01:38:04] validate in BasicTrainer:
{'Recall@10': 0.05024061826741801, 'NDCG@10': 0.02536303906874583, 'MRR@10': 0.017878990702792606, 'Recall@5': 0.03032733305497507, 'NDCG@5': 0.018979027772536582, 'MRR@5': 0.015276519243762028, 'Recall*@10': 0.04906470351646432, 'NDCG*@10': 0.024743806760329588, 'MRR*@10': 0.01743819420761635, 'Recall*@5': 0.02907629447898506, 'NDCG*@5': 0.01832746878365236, 'MRR*@5': 0.014817687546817867}
INFO    [04-22 01:38:04] train in BasicTrainer:
duration: 57.997740268707275s
INFO    [04-22 01:38:04] train in BasicTrainer:
epoch: 5
INFO    [04-22 01:38:29] _train_one_epoch in BasicTrainer:
loss = 8.296659774594493
INFO    [04-22 01:38:56] log in loggers:
Update Best NDCG@10 Model at 5
INFO    [04-22 01:38:57] validate in BasicTrainer:
{'Recall@10': 0.05430776932466347, 'NDCG@10': 0.028127141972690558, 'MRR@10': 0.020252745878775562, 'Recall@5': 0.03336580684490963, 'NDCG@5': 0.02143252996183866, 'MRR@5': 0.0175353772361326, 'Recall*@10': 0.053000704245229735, 'NDCG*@10': 0.027731483340658974, 'MRR*@10': 0.020122293658983128, 'Recall*@5': 0.032934885422608494, 'NDCG*@5': 0.02131150559464519, 'MRR*@5': 0.017513076210213183}
INFO    [04-22 01:38:57] train in BasicTrainer:
duration: 52.72423052787781s
INFO    [04-22 01:38:57] train in BasicTrainer:
epoch: 6
INFO    [04-22 01:39:22] _train_one_epoch in BasicTrainer:
loss = 8.19367540269703
INFO    [04-22 01:39:47] log in loggers:
Update Best NDCG@10 Model at 6
INFO    [04-22 01:39:47] validate in BasicTrainer:
{'Recall@10': 0.05777478880718746, 'NDCG@10': 0.029847797270106002, 'MRR@10': 0.021422796536533707, 'Recall@5': 0.03578738853401315, 'NDCG@5': 0.022784309181491887, 'MRR@5': 0.01853511656379014, 'Recall*@10': 0.05740942372487182, 'NDCG*@10': 0.029750038441105756, 'MRR*@10': 0.021401290415036203, 'Recall*@5': 0.03567268007096991, 'NDCG*@5': 0.022759058158350203, 'MRR*@5': 0.018538528076677985}
INFO    [04-22 01:39:47] train in BasicTrainer:
duration: 50.59575438499451s
INFO    [04-22 01:39:47] train in BasicTrainer:
epoch: 7
INFO    [04-22 01:40:13] _train_one_epoch in BasicTrainer:
loss = 8.100784492183042
INFO    [04-22 01:40:39] log in loggers:
Update Best NDCG@10 Model at 7
INFO    [04-22 01:40:39] validate in BasicTrainer:
{'Recall@10': 0.061031358926433375, 'NDCG@10': 0.031771857472779476, 'MRR@10': 0.022972051309734846, 'Recall@5': 0.03746396486144678, 'NDCG@5': 0.02420655239076741, 'MRR@5': 0.01988242709992734, 'Recall*@10': 0.060774445171113564, 'NDCG*@10': 0.0317517123391143, 'MRR*@10': 0.02300782402796028, 'Recall*@5': 0.037614150698074195, 'NDCG*@5': 0.024314069642429856, 'MRR*@5': 0.019968340898641444}
INFO    [04-22 01:40:39] train in BasicTrainer:
duration: 51.57743811607361s
INFO    [04-22 01:40:39] train in BasicTrainer:
epoch: 8
INFO    [04-22 01:41:06] _train_one_epoch in BasicTrainer:
loss = 8.01794020463894
INFO    [04-22 01:41:31] log in loggers:
Update Best NDCG@10 Model at 8
INFO    [04-22 01:41:32] validate in BasicTrainer:
{'Recall@10': 0.06497039672284, 'NDCG@10': 0.034267686703036315, 'MRR@10': 0.025014521249166106, 'Recall@5': 0.040354003223170225, 'NDCG@5': 0.026364524181173965, 'MRR@5': 0.02178639480926558, 'Recall*@10': 0.0646871565058168, 'NDCG*@10': 0.03424852974383177, 'MRR*@10': 0.025077842316071016, 'Recall*@5': 0.040225986523174606, 'NDCG*@5': 0.026405953332386184, 'MRR*@5': 0.021880372320260622}
INFO    [04-22 01:41:32] train in BasicTrainer:
duration: 53.01482892036438s
INFO    [04-22 01:41:32] train in BasicTrainer:
epoch: 9
INFO    [04-22 01:41:59] _train_one_epoch in BasicTrainer:
loss = 7.938592214088936
INFO    [04-22 01:42:24] validate in BasicTrainer:
{'Recall@10': 0.06450372083788425, 'NDCG@10': 0.03421301191952904, 'MRR@10': 0.025048140353992977, 'Recall@5': 0.041081724309288296, 'NDCG@5': 0.026667009050075987, 'MRR@5': 0.021950455984117184, 'Recall*@10': 0.06427897753573097, 'NDCG*@10': 0.03427075822137098, 'MRR*@10': 0.025196779420418022, 'Recall*@5': 0.04096460109988673, 'NDCG*@5': 0.026755501433745423, 'MRR*@5': 0.022109334999942675}
INFO    [04-22 01:42:24] train in BasicTrainer:
duration: 52.278090476989746s
INFO    [04-22 01:42:24] train in BasicTrainer:
epoch: 10
INFO    [04-22 01:42:49] _train_one_epoch in BasicTrainer:
loss = 7.86349999594998
INFO    [04-22 01:43:14] log in loggers:
Update Best NDCG@10 Model at 10
INFO    [04-22 01:43:14] validate in BasicTrainer:
{'Recall@10': 0.06812148026924218, 'NDCG@10': 0.035836295628574044, 'MRR@10': 0.026063025294415718, 'Recall@5': 0.043342404957629935, 'NDCG@5': 0.027859098731284646, 'MRR@5': 0.022791434656334136, 'Recall*@10': 0.06766892550925238, 'NDCG*@10': 0.035866193704109275, 'MRR*@10': 0.026232357169872364, 'Recall*@5': 0.043302544829460374, 'NDCG*@5': 0.02801328331265038, 'MRR*@5': 0.023006651970862813}
INFO    [04-22 01:43:14] train in BasicTrainer:
duration: 50.26787805557251s
INFO    [04-22 01:43:14] train in BasicTrainer:
epoch: 11
INFO    [04-22 01:43:41] _train_one_epoch in BasicTrainer:
loss = 7.798272266016378
INFO    [04-22 01:44:06] log in loggers:
Update Best NDCG@10 Model at 11
INFO    [04-22 01:44:07] validate in BasicTrainer:
{'Recall@10': 0.07033030804147762, 'NDCG@10': 0.0373065673573091, 'MRR@10': 0.027327430129578684, 'Recall@5': 0.04470964481609058, 'NDCG@5': 0.029083496256344085, 'MRR@5': 0.02397018839992517, 'Recall*@10': 0.0705084474345224, 'NDCG*@10': 0.03763725250893462, 'MRR*@10': 0.027697654169019873, 'Recall*@5': 0.04499246165222299, 'NDCG*@5': 0.029443926120226362, 'MRR*@5': 0.02435042025867553}
INFO    [04-22 01:44:07] train in BasicTrainer:
duration: 52.21998071670532s
INFO    [04-22 01:44:07] train in BasicTrainer:
epoch: 12
INFO    [04-22 01:44:33] _train_one_epoch in BasicTrainer:
loss = 7.733643491546829
INFO    [04-22 01:44:58] log in loggers:
Update Best NDCG@10 Model at 12
INFO    [04-22 01:44:58] validate in BasicTrainer:
{'Recall@10': 0.07067955549048112, 'NDCG@10': 0.03769022986226905, 'MRR@10': 0.02773368253117114, 'Recall@5': 0.04509524166979621, 'NDCG@5': 0.029498159341448175, 'MRR@5': 0.02439963154956303, 'Recall*@10': 0.07059344682282051, 'NDCG*@10': 0.037859555482205036, 'MRR*@10': 0.027971981719663714, 'Recall*@5': 0.04527775768553261, 'NDCG*@5': 0.029736897685622748, 'MRR*@5': 0.024656488510689377}
INFO    [04-22 01:44:58] train in BasicTrainer:
duration: 51.781076192855835s
INFO    [04-22 01:44:58] train in BasicTrainer:
epoch: 13
INFO    [04-22 01:45:25] _train_one_epoch in BasicTrainer:
loss = 7.6745279400379625
INFO    [04-22 01:45:51] log in loggers:
Update Best NDCG@10 Model at 13
INFO    [04-22 01:45:51] validate in BasicTrainer:
{'Recall@10': 0.0727536705347289, 'NDCG@10': 0.03878034903478306, 'MRR@10': 0.028529101339852914, 'Recall@5': 0.046090607391258254, 'NDCG@5': 0.03023392583482561, 'MRR@5': 0.025046580751319374, 'Recall*@10': 0.07265797471710012, 'NDCG*@10': 0.038694631901726256, 'MRR*@10': 0.028440765690355176, 'Recall*@5': 0.0460522260714685, 'NDCG*@5': 0.030168715394637752, 'MRR*@5': 0.02496771103974465}
INFO    [04-22 01:45:51] train in BasicTrainer:
duration: 52.382014751434326s
INFO    [04-22 01:45:51] train in BasicTrainer:
epoch: 14
INFO    [04-22 01:46:16] _train_one_epoch in BasicTrainer:
loss = 7.62149150340588
INFO    [04-22 01:46:42] log in loggers:
Update Best NDCG@10 Model at 14
INFO    [04-22 01:46:43] validate in BasicTrainer:
{'Recall@10': 0.07328592197953072, 'NDCG@10': 0.03881491760237027, 'MRR@10': 0.02840695325779704, 'Recall@5': 0.04648992689573659, 'NDCG@5': 0.030217071294586742, 'MRR@5': 0.024898134946691252, 'Recall*@10': 0.07372788831064131, 'NDCG*@10': 0.039339112497009006, 'MRR*@10': 0.028960288444583395, 'Recall*@5': 0.04687143959500621, 'NDCG*@5': 0.030719509595527057, 'MRR*@5': 0.025441110191817305}
INFO    [04-22 01:46:43] train in BasicTrainer:
duration: 51.743212938308716s
INFO    [04-22 01:46:43] train in BasicTrainer:
epoch: 15
INFO    [04-22 01:47:10] _train_one_epoch in BasicTrainer:
loss = 7.570030011139907
INFO    [04-22 01:47:36] log in loggers:
Update Best NDCG@10 Model at 15
INFO    [04-22 01:47:36] validate in BasicTrainer:
{'Recall@10': 0.07394984826049973, 'NDCG@10': 0.03961600989630792, 'MRR@10': 0.029259094457447, 'Recall@5': 0.04693931848865695, 'NDCG@5': 0.03095046399507375, 'MRR@5': 0.025722290018359118, 'Recall*@10': 0.07411368586848267, 'NDCG*@10': 0.04005896980849515, 'MRR*@10': 0.029773630894127146, 'Recall*@5': 0.04774184375012343, 'NDCG*@5': 0.03160274239767969, 'MRR*@5': 0.026324644470504956}
INFO    [04-22 01:47:36] train in BasicTrainer:
duration: 53.75297403335571s
INFO    [04-22 01:47:36] train in BasicTrainer:
epoch: 16
INFO    [04-22 01:48:02] _train_one_epoch in BasicTrainer:
loss = 7.521600678369596
INFO    [04-22 01:48:27] validate in BasicTrainer:
{'Recall@10': 0.07448209973826872, 'NDCG@10': 0.03954657427636923, 'MRR@10': 0.029014615333779196, 'Recall@5': 0.04678197907267419, 'NDCG@5': 0.03066113711524326, 'MRR@5': 0.02538921123584815, 'Recall*@10': 0.07489705751691245, 'NDCG*@10': 0.039880748376645875, 'MRR*@10': 0.029327219673556035, 'Recall*@5': 0.04718553927619901, 'NDCG*@5': 0.03100771660529143, 'MRR*@5': 0.025716085473190896}
INFO    [04-22 01:48:27] train in BasicTrainer:
duration: 50.87563228607178s
INFO    [04-22 01:48:27] train in BasicTrainer:
epoch: 17
INFO    [04-22 01:48:53] _train_one_epoch in BasicTrainer:
loss = 7.4795888468816685
INFO    [04-22 01:49:19] log in loggers:
Update Best NDCG@10 Model at 17
INFO    [04-22 01:49:19] validate in BasicTrainer:
{'Recall@10': 0.0752408277671949, 'NDCG@10': 0.040746265000342265, 'MRR@10': 0.030332463603895323, 'Recall@5': 0.04831011998838028, 'NDCG@5': 0.03209064426147832, 'MRR@5': 0.026791739030287857, 'Recall*@10': 0.0743137850566248, 'NDCG*@10': 0.04077349181196331, 'MRR*@10': 0.030644569743787292, 'Recall*@5': 0.04824026430075148, 'NDCG*@5': 0.03239354494530543, 'MRR*@5': 0.027216843156292376}
INFO    [04-22 01:49:19] train in BasicTrainer:
duration: 51.94218707084656s
INFO    [04-22 01:49:19] train in BasicTrainer:
epoch: 18
INFO    [04-22 01:49:46] _train_one_epoch in BasicTrainer:
loss = 7.436869119668936
INFO    [04-22 01:50:13] log in loggers:
Update Best NDCG@10 Model at 18
INFO    [04-22 01:50:14] validate in BasicTrainer:
{'Recall@10': 0.07562286301260501, 'NDCG@10': 0.04075740401394072, 'MRR@10': 0.030223771781388638, 'Recall@5': 0.048318500259676864, 'NDCG@5': 0.0319831629769992, 'MRR@5': 0.026635295299368096, 'Recall*@10': 0.0751572873410398, 'NDCG*@10': 0.04076029073479956, 'MRR*@10': 0.03035919416069457, 'Recall*@5': 0.048496332316272026, 'NDCG*@5': 0.03219231158758687, 'MRR*@5': 0.026854553169249434}
INFO    [04-22 01:50:14] train in BasicTrainer:
duration: 54.46174764633179s
INFO    [04-22 01:50:14] train in BasicTrainer:
epoch: 19
INFO    [04-22 01:50:39] _train_one_epoch in BasicTrainer:
loss = 7.397010413083163
INFO    [04-22 01:51:05] log in loggers:
Update Best NDCG@10 Model at 19
INFO    [04-22 01:51:05] validate in BasicTrainer:
{'Recall@10': 0.07626416263854609, 'NDCG@10': 0.0415378028971959, 'MRR@10': 0.031022289388738904, 'Recall@5': 0.049862144663270595, 'NDCG@5': 0.033049363881942975, 'MRR@5': 0.027547801160706882, 'Recall*@10': 0.07602934338218342, 'NDCG*@10': 0.041725867452610914, 'MRR*@10': 0.031317974943502816, 'Recall*@5': 0.050208089444621476, 'NDCG*@5': 0.033419046072965176, 'MRR*@5': 0.02791483143954414}
INFO    [04-22 01:51:05] train in BasicTrainer:
duration: 51.424503564834595s
INFO    [04-22 01:51:05] train in BasicTrainer:
epoch: 20
INFO    [04-22 01:51:32] _train_one_epoch in BasicTrainer:
loss = 7.356864394305588
INFO    [04-22 01:51:57] validate in BasicTrainer:
{'Recall@10': 0.07543095497958428, 'NDCG@10': 0.041299127619219035, 'MRR@10': 0.0309573704525169, 'Recall@5': 0.0495820343824087, 'NDCG@5': 0.03300941222866552, 'MRR@5': 0.02757583139876349, 'Recall*@10': 0.07551804570629533, 'NDCG*@10': 0.041773200743889384, 'MRR*@10': 0.03155044467081275, 'Recall*@5': 0.049843893707853505, 'NDCG*@5': 0.03353815615605728, 'MRR*@5': 0.028190565600463773}
INFO    [04-22 01:51:57] train in BasicTrainer:
duration: 52.466551303863525s
INFO    [04-22 01:51:57] train in BasicTrainer:
epoch: 21
INFO    [04-22 01:52:23] _train_one_epoch in BasicTrainer:
loss = 7.3194068476751255
INFO    [04-22 01:52:48] log in loggers:
Update Best NDCG@10 Model at 21
INFO    [04-22 01:52:49] validate in BasicTrainer:
{'Recall@10': 0.07714031910342453, 'NDCG@10': 0.04170554554897599, 'MRR@10': 0.030997898643918796, 'Recall@5': 0.04963210645436713, 'NDCG@5': 0.032892268645552405, 'MRR@5': 0.027408189346305036, 'Recall*@10': 0.07713030855608198, 'NDCG*@10': 0.04212987686680481, 'MRR*@10': 0.031561127418767564, 'Recall*@5': 0.04957954681157011, 'NDCG*@5': 0.03330528529245505, 'MRR*@5': 0.027968338863775793}
INFO    [04-22 01:52:49] train in BasicTrainer:
duration: 51.22753691673279s
INFO    [04-22 01:52:49] train in BasicTrainer:
epoch: 22
INFO    [04-22 01:53:14] _train_one_epoch in BasicTrainer:
loss = 7.283757726867478
INFO    [04-22 01:53:39] log in loggers:
Update Best NDCG@10 Model at 22
INFO    [04-22 01:53:40] validate in BasicTrainer:
{'Recall@10': 0.07790795113660592, 'NDCG@10': 0.04245150245857977, 'MRR@10': 0.03171799066517733, 'Recall@5': 0.05053623205265113, 'NDCG@5': 0.03363842827028933, 'MRR@5': 0.028103236455173618, 'Recall*@10': 0.07736624434458471, 'NDCG*@10': 0.04246155625885039, 'MRR*@10': 0.03188565868752456, 'Recall*@5': 0.050430761205147855, 'NDCG*@5': 0.033788119615838594, 'MRR*@5': 0.028327566439664997}
INFO    [04-22 01:53:40] train in BasicTrainer:
duration: 50.919678688049316s
INFO    [04-22 01:53:40] train in BasicTrainer:
epoch: 23
INFO    [04-22 01:54:06] _train_one_epoch in BasicTrainer:
loss = 7.251219793573602
INFO    [04-22 01:54:32] log in loggers:
Update Best NDCG@10 Model at 23
INFO    [04-22 01:54:32] validate in BasicTrainer:
{'Recall@10': 0.07846942880248602, 'NDCG@10': 0.042599371972337235, 'MRR@10': 0.031770847061962156, 'Recall@5': 0.05034254323196622, 'NDCG@5': 0.03356159435568658, 'MRR@5': 0.028074788556030367, 'Recall*@10': 0.07875645800238162, 'NDCG*@10': 0.04317174832114076, 'MRR*@10': 0.03242379658550552, 'Recall*@5': 0.05081593688676315, 'NDCG*@5': 0.03418902333298352, 'MRR*@5': 0.028747131157897215}
INFO    [04-22 01:54:32] train in BasicTrainer:
duration: 52.55228114128113s
INFO    [04-22 01:54:32] train in BasicTrainer:
epoch: 24
INFO    [04-22 01:54:59] _train_one_epoch in BasicTrainer:
loss = 7.215855198247092
INFO    [04-22 01:55:24] log in loggers:
Update Best NDCG@10 Model at 24
INFO    [04-22 01:55:24] validate in BasicTrainer:
{'Recall@10': 0.07836928462560198, 'NDCG@10': 0.04273297664074771, 'MRR@10': 0.031966928755287574, 'Recall@5': 0.05047903676410165, 'NDCG@5': 0.03378221885490734, 'MRR@5': 0.028313451586703283, 'Recall*@10': 0.07862424191120451, 'NDCG*@10': 0.043389297461351464, 'MRR*@10': 0.03272908299633887, 'Recall*@5': 0.051319161199231064, 'NDCG*@5': 0.03461950738807168, 'MRR*@5': 0.029145629466634935}
INFO    [04-22 01:55:24] train in BasicTrainer:
duration: 52.244441509246826s
INFO    [04-22 01:55:24] train in BasicTrainer:
epoch: 25
INFO    [04-22 01:55:52] _train_one_epoch in BasicTrainer:
loss = 7.182365256470519
INFO    [04-22 01:56:17] validate in BasicTrainer:
{'Recall@10': 0.07810823945740683, 'NDCG@10': 0.0426203551479673, 'MRR@10': 0.03187304092323886, 'Recall@5': 0.05129674090220865, 'NDCG@5': 0.034010753546536494, 'MRR@5': 0.02835542634459196, 'Recall*@10': 0.07810296767712695, 'NDCG*@10': 0.04320301072655526, 'MRR*@10': 0.03261940098837414, 'Recall*@5': 0.05228147467812606, 'NDCG*@5': 0.03492000966077357, 'MRR*@5': 0.029240247702835936}
INFO    [04-22 01:56:17] train in BasicTrainer:
duration: 52.971797943115234s
INFO    [04-22 01:56:17] train in BasicTrainer:
epoch: 26
INFO    [04-22 01:56:45] _train_one_epoch in BasicTrainer:
loss = 7.152757599756315
INFO    [04-22 01:57:11] validate in BasicTrainer:
{'Recall@10': 0.078274482910612, 'NDCG@10': 0.04270597148389943, 'MRR@10': 0.03194766264178057, 'Recall@5': 0.05062087269219677, 'NDCG@5': 0.033809704112663735, 'MRR@5': 0.028302365205192987, 'Recall*@10': 0.07873686468970459, 'NDCG*@10': 0.043537359157231004, 'MRR*@10': 0.03288423843615878, 'Recall*@5': 0.05149952579388576, 'NDCG*@5': 0.034780309428419684, 'MRR*@5': 0.029299187614063246}
INFO    [04-22 01:57:11] train in BasicTrainer:
duration: 53.09855890274048s
INFO    [04-22 01:57:11] train in BasicTrainer:
epoch: 27
INFO    [04-22 01:57:37] _train_one_epoch in BasicTrainer:
loss = 7.1225274677400465
INFO    [04-22 01:58:02] log in loggers:
Update Best NDCG@10 Model at 27
INFO    [04-22 01:58:03] validate in BasicTrainer:
{'Recall@10': 0.07907972141968465, 'NDCG@10': 0.04309944579361287, 'MRR@10': 0.032225905859892344, 'Recall@5': 0.05153872099070422, 'NDCG@5': 0.034254185740003544, 'MRR@5': 0.02861067856274611, 'Recall*@10': 0.07957860576895485, 'NDCG*@10': 0.04379781000975486, 'MRR*@10': 0.03297992660540395, 'Recall*@5': 0.05198339066278618, 'NDCG*@5': 0.034927258976792865, 'MRR*@5': 0.0293498114245919}
INFO    [04-22 01:58:03] train in BasicTrainer:
duration: 52.136842012405396s
INFO    [04-22 01:58:03] train in BasicTrainer:
epoch: 28
INFO    [04-22 01:58:29] _train_one_epoch in BasicTrainer:
loss = 7.094025183033634
INFO    [04-22 01:58:54] validate in BasicTrainer:
{'Recall@10': 0.07932704390413993, 'NDCG@10': 0.04305172035783793, 'MRR@10': 0.032076558197098495, 'Recall@5': 0.051630484846840914, 'NDCG@5': 0.03416154853406206, 'MRR@5': 0.02844618617730067, 'Recall*@10': 0.07995233411150696, 'NDCG*@10': 0.04370378023755234, 'MRR*@10': 0.03273526760461056, 'Recall*@5': 0.0523984832771584, 'NDCG*@5': 0.03486304062591717, 'MRR*@5': 0.029126973839196484}
INFO    [04-22 01:58:54] train in BasicTrainer:
duration: 51.76536417007446s
INFO    [04-22 01:58:54] train in BasicTrainer:
epoch: 29
INFO    [04-22 01:59:21] _train_one_epoch in BasicTrainer:
loss = 7.065053635603421
INFO    [04-22 01:59:46] log in loggers:
Update Best NDCG@10 Model at 29
INFO    [04-22 01:59:47] validate in BasicTrainer:
{'Recall@10': 0.0801358440544753, 'NDCG@10': 0.044312947058835914, 'MRR@10': 0.03348626890343375, 'Recall@5': 0.05245478846858033, 'NDCG@5': 0.0354335439119455, 'MRR@5': 0.02986360849004931, 'Recall*@10': 0.0799507468081681, 'NDCG*@10': 0.044814264846850284, 'MRR*@10': 0.03419057850157265, 'Recall*@5': 0.05304905244734435, 'NDCG*@5': 0.03619064970881538, 'MRR*@5': 0.03067569226949616}
INFO    [04-22 01:59:47] train in BasicTrainer:
duration: 52.11172819137573s
INFO    [04-22 01:59:47] train in BasicTrainer:
epoch: 30
INFO    [04-22 02:00:14] _train_one_epoch in BasicTrainer:
loss = 7.035042398935788
INFO    [04-22 02:00:42] validate in BasicTrainer:
{'Recall@10': 0.08046602635784486, 'NDCG@10': 0.044256454514982425, 'MRR@10': 0.03329542900674638, 'Recall@5': 0.05303889278948835, 'NDCG@5': 0.03543114553378746, 'MRR@5': 0.02967885001438909, 'Recall*@10': 0.0812101797654038, 'NDCG*@10': 0.04486095740468101, 'MRR*@10': 0.03384336771492937, 'Recall*@5': 0.054236180882538315, 'NDCG*@5': 0.03619025009725474, 'MRR*@5': 0.030295541790206874}
INFO    [04-22 02:00:42] train in BasicTrainer:
duration: 55.08098530769348s
INFO    [04-22 02:00:42] train in BasicTrainer:
epoch: 31
INFO    [04-22 02:01:08] _train_one_epoch in BasicTrainer:
loss = 7.011301971101141
INFO    [04-22 02:01:34] validate in BasicTrainer:
{'Recall@10': 0.0795463973046404, 'NDCG@10': 0.0442673586869398, 'MRR@10': 0.033586978351911614, 'Recall@5': 0.05257399769219677, 'NDCG@5': 0.035587490082973926, 'MRR@5': 0.03003005081771222, 'Recall*@10': 0.08053034764871134, 'NDCG*@10': 0.045198949960480746, 'MRR*@10': 0.03450642282192686, 'Recall*@5': 0.053538887374169, 'NDCG*@5': 0.036508174596634586, 'MRR*@5': 0.030942037371935044}
INFO    [04-22 02:01:34] train in BasicTrainer:
duration: 52.270697355270386s
INFO    [04-22 02:01:34] train in BasicTrainer:
epoch: 32
INFO    [04-22 02:02:00] _train_one_epoch in BasicTrainer:
loss = 6.983565166399076
INFO    [04-22 02:02:25] validate in BasicTrainer:
{'Recall@10': 0.07916614287986165, 'NDCG@10': 0.04389061661750342, 'MRR@10': 0.03320363707906377, 'Recall@5': 0.052351082716367944, 'NDCG@5': 0.03525417340935859, 'MRR@5': 0.029659458386621117, 'Recall*@10': 0.07968986222306185, 'NDCG*@10': 0.04468156751739768, 'MRR*@10': 0.03406304600689791, 'Recall*@5': 0.05331887275112414, 'NDCG*@5': 0.0361917375265497, 'MRR*@5': 0.03058164512359463}
INFO    [04-22 02:02:25] train in BasicTrainer:
duration: 51.27216339111328s
INFO    [04-22 02:02:25] train in BasicTrainer:
epoch: 33
INFO    [04-22 02:02:51] _train_one_epoch in BasicTrainer:
loss = 6.960579447157971
INFO    [04-22 02:03:17] validate in BasicTrainer:
{'Recall@10': 0.07965188387748415, 'NDCG@10': 0.043852761305407086, 'MRR@10': 0.0330171714643989, 'Recall@5': 0.051949982391258254, 'NDCG@5': 0.03494274769538799, 'MRR@5': 0.029367653916762992, 'Recall*@10': 0.07992317962699232, 'NDCG*@10': 0.04461480710095009, 'MRR*@10': 0.033918081543746245, 'Recall*@5': 0.052702187766543535, 'NDCG*@5': 0.035861339148101024, 'MRR*@5': 0.03033397537120412}
INFO    [04-22 02:03:17] train in BasicTrainer:
duration: 51.49126148223877s
INFO    [04-22 02:03:17] train in BasicTrainer:
epoch: 34
INFO    [04-22 02:03:43] _train_one_epoch in BasicTrainer:
loss = 6.934751335676614
INFO    [04-22 02:04:09] log in loggers:
Update Best NDCG@10 Model at 34
INFO    [04-22 02:04:09] validate in BasicTrainer:
{'Recall@10': 0.0797245826209541, 'NDCG@10': 0.044465366487218216, 'MRR@10': 0.03382087630771958, 'Recall@5': 0.05205546893113482, 'NDCG@5': 0.035586832190113785, 'MRR@5': 0.030196983680392787, 'Recall*@10': 0.07989230669573345, 'NDCG*@10': 0.0452202639781532, 'MRR*@10': 0.034738522286699935, 'Recall*@5': 0.05279347371408897, 'NDCG*@5': 0.036517464086017776, 'MRR*@5': 0.031182093669421377}
INFO    [04-22 02:04:09] train in BasicTrainer:
duration: 52.59162759780884s
INFO    [04-22 02:04:09] train in BasicTrainer:
epoch: 35
INFO    [04-22 02:04:38] _train_one_epoch in BasicTrainer:
loss = 6.911583449933436
INFO    [04-22 02:05:03] log in loggers:
Update Best NDCG@10 Model at 35
INFO    [04-22 02:05:04] validate in BasicTrainer:
{'Recall@10': 0.07963994198140845, 'NDCG@10': 0.044629175545631256, 'MRR@10': 0.03402244940861664, 'Recall@5': 0.05314794097062761, 'NDCG@5': 0.036120916889832086, 'MRR@5': 0.03054547349436093, 'Recall*@10': 0.08002321550672033, 'NDCG*@10': 0.04533119356276187, 'MRR*@10': 0.03481662990442947, 'Recall*@5': 0.05369241375772826, 'NDCG*@5': 0.03686833368465964, 'MRR*@5': 0.03135445577183128}
INFO    [04-22 02:05:04] train in BasicTrainer:
duration: 54.71769952774048s
INFO    [04-22 02:05:04] train in BasicTrainer:
epoch: 36
INFO    [04-22 02:05:32] _train_one_epoch in BasicTrainer:
loss = 6.892480856412417
INFO    [04-22 02:05:58] log in loggers:
Update Best NDCG@10 Model at 36
INFO    [04-22 02:05:58] validate in BasicTrainer:
{'Recall@10': 0.08037604332233952, 'NDCG@10': 0.0448391861323498, 'MRR@10': 0.034101483997254246, 'Recall@5': 0.052902399240869334, 'NDCG@5': 0.03604565081145383, 'MRR@5': 0.03052502933197317, 'Recall*@10': 0.08150841308906015, 'NDCG*@10': 0.04593752352603241, 'MRR*@10': 0.03518991126159651, 'Recall*@5': 0.053706605811562155, 'NDCG*@5': 0.037038670523108636, 'MRR*@5': 0.031570499894761406}
INFO    [04-22 02:05:58] train in BasicTrainer:
duration: 53.96497178077698s
INFO    [04-22 02:05:58] train in BasicTrainer:
epoch: 37
INFO    [04-22 02:06:25] _train_one_epoch in BasicTrainer:
loss = 6.870015213241825
INFO    [04-22 02:06:50] log in loggers:
Update Best NDCG@10 Model at 37
INFO    [04-22 02:06:51] validate in BasicTrainer:
{'Recall@10': 0.07987479885331297, 'NDCG@10': 0.045062335669598746, 'MRR@10': 0.03452593432656959, 'Recall@5': 0.05292324517416743, 'NDCG@5': 0.03640002557859484, 'MRR@5': 0.030982050566678552, 'Recall*@10': 0.08019465560802316, 'NDCG*@10': 0.04589457361571557, 'MRR*@10': 0.03551963055753602, 'Recall*@5': 0.05347731094642551, 'NDCG*@5': 0.03730566453485362, 'MRR*@5': 0.03200478866630423}
INFO    [04-22 02:06:51] train in BasicTrainer:
duration: 52.743303298950195s
INFO    [04-22 02:06:51] train in BasicTrainer:
epoch: 38
INFO    [04-22 02:07:17] _train_one_epoch in BasicTrainer:
loss = 6.848874549587052
INFO    [04-22 02:07:43] log in loggers:
Update Best NDCG@10 Model at 38
INFO    [04-22 02:07:43] validate in BasicTrainer:
{'Recall@10': 0.08082365409462852, 'NDCG@10': 0.045522689374279134, 'MRR@10': 0.0348618543682109, 'Recall@5': 0.05323258161017325, 'NDCG@5': 0.03667349458993536, 'MRR@5': 0.03125211314619642, 'Recall*@10': 0.08138322929101707, 'NDCG*@10': 0.04630313151046238, 'MRR*@10': 0.03570524164665062, 'Recall*@5': 0.053812280874204844, 'NDCG*@5': 0.03745796351767747, 'MRR*@5': 0.032095191274992135}
INFO    [04-22 02:07:43] train in BasicTrainer:
duration: 52.21364688873291s
INFO    [04-22 02:07:43] train in BasicTrainer:
epoch: 39
INFO    [04-22 02:08:11] _train_one_epoch in BasicTrainer:
loss = 6.829515579458955
INFO    [04-22 02:08:36] validate in BasicTrainer:
{'Recall@10': 0.08074079427571423, 'NDCG@10': 0.04547968521648276, 'MRR@10': 0.034808191726297406, 'Recall@5': 0.05363012032698741, 'NDCG@5': 0.03676835622275825, 'MRR@5': 0.031245033561655904, 'Recall*@10': 0.08156269894237012, 'NDCG*@10': 0.04654482488347366, 'MRR*@10': 0.03593400244362059, 'Recall*@5': 0.05478263628232268, 'NDCG*@5': 0.037931478310343436, 'MRR*@5': 0.03240600316496813}
INFO    [04-22 02:08:36] train in BasicTrainer:
duration: 53.54864239692688s
INFO    [04-22 02:08:36] train in BasicTrainer:
epoch: 40
INFO    [04-22 02:09:03] _train_one_epoch in BasicTrainer:
loss = 6.808962956651465
INFO    [04-22 02:09:29] validate in BasicTrainer:
{'Recall@10': 0.07993199412537887, 'NDCG@10': 0.04492919386026606, 'MRR@10': 0.0343574855509585, 'Recall@5': 0.052805816705248, 'NDCG@5': 0.03620663575366535, 'MRR@5': 0.030786537161443087, 'Recall*@10': 0.07994025622585178, 'NDCG*@10': 0.04577861111446292, 'MRR*@10': 0.03544438849574169, 'Recall*@5': 0.0536182898104982, 'NDCG*@5': 0.03731201313831638, 'MRR*@5': 0.03197679978556338}
INFO    [04-22 02:09:29] train in BasicTrainer:
duration: 52.25140190124512s
INFO    [04-22 02:09:29] train in BasicTrainer:
epoch: 41
INFO    [04-22 02:09:56] _train_one_epoch in BasicTrainer:
loss = 6.791930840386973
INFO    [04-22 02:10:21] validate in BasicTrainer:
{'Recall@10': 0.0800667068863337, 'NDCG@10': 0.044988771389543485, 'MRR@10': 0.034385138875351544, 'Recall@5': 0.05270033016537143, 'NDCG@5': 0.03620940441908562, 'MRR@5': 0.030802721223604362, 'Recall*@10': 0.07999857165644654, 'NDCG*@10': 0.04578292124237107, 'MRR*@10': 0.03541471242113451, 'Recall*@5': 0.05417680984313509, 'NDCG*@5': 0.03750253864357957, 'MRR*@5': 0.03203766537517046}
INFO    [04-22 02:10:21] train in BasicTrainer:
duration: 52.326348304748535s
INFO    [04-22 02:10:21] train in BasicTrainer:
epoch: 42
INFO    [04-22 02:10:46] _train_one_epoch in BasicTrainer:
loss = 6.773694646822942
INFO    [04-22 02:11:13] log in loggers:
Update Best NDCG@10 Model at 42
INFO    [04-22 02:11:13] validate in BasicTrainer:
{'Recall@10': 0.08089991447936117, 'NDCG@10': 0.045664866611493375, 'MRR@10': 0.03500273006152263, 'Recall@5': 0.05366646973168956, 'NDCG@5': 0.03690736107857882, 'MRR@5': 0.03141690564828109, 'Recall*@10': 0.08114608753043993, 'NDCG*@10': 0.04652016041223454, 'MRR*@10': 0.0360276854836044, 'Recall*@5': 0.05474803806076535, 'NDCG*@5': 0.03804032157579091, 'MRR*@5': 0.032561060634598266}
INFO    [04-22 02:11:13] train in BasicTrainer:
duration: 52.38365960121155s
INFO    [04-22 02:11:13] train in BasicTrainer:
epoch: 43
INFO    [04-22 02:11:39] _train_one_epoch in BasicTrainer:
loss = 6.754459290535419
INFO    [04-22 02:12:06] log in loggers:
Update Best NDCG@10 Model at 43
INFO    [04-22 02:12:06] validate in BasicTrainer:
{'Recall@10': 0.08089991447936117, 'NDCG@10': 0.04572078114194152, 'MRR@10': 0.035089309665217866, 'Recall@5': 0.05382380914767232, 'NDCG@5': 0.037035448789860294, 'MRR@5': 0.03154583923123051, 'Recall*@10': 0.0813986166850128, 'NDCG*@10': 0.046602601399727626, 'MRR*@10': 0.036076977881973823, 'Recall*@5': 0.054836831558330926, 'NDCG*@5': 0.03808233882012093, 'MRR*@5': 0.0326011096893818}
INFO    [04-22 02:12:06] train in BasicTrainer:
duration: 52.74115586280823s
INFO    [04-22 02:12:06] train in BasicTrainer:
epoch: 44
INFO    [04-22 02:12:32] _train_one_epoch in BasicTrainer:
loss = 6.734590936016727
INFO    [04-22 02:12:57] log in loggers:
Update Best NDCG@10 Model at 44
INFO    [04-22 02:12:58] validate in BasicTrainer:
{'Recall@10': 0.08074079427571423, 'NDCG@10': 0.04575615992720148, 'MRR@10': 0.03517996587386701, 'Recall@5': 0.05363368193528294, 'NDCG@5': 0.03706703020210287, 'MRR@5': 0.03163906107697867, 'Recall*@10': 0.08085422260703239, 'NDCG*@10': 0.04650448574231262, 'MRR*@10': 0.03610078331116026, 'Recall*@5': 0.05480295691672152, 'NDCG*@5': 0.0381526111303705, 'MRR*@5': 0.03269692338937152}
INFO    [04-22 02:12:58] train in BasicTrainer:
duration: 51.664464712142944s
INFO    [04-22 02:12:58] train in BasicTrainer:
epoch: 45
INFO    [04-22 02:13:25] _train_one_epoch in BasicTrainer:
loss = 6.716754384629138
INFO    [04-22 02:13:50] validate in BasicTrainer:
{'Recall@10': 0.0796381611607771, 'NDCG@10': 0.04532016073642051, 'MRR@10': 0.034920182474682815, 'Recall@5': 0.05356632555480552, 'NDCG@5': 0.03694605237219186, 'MRR@5': 0.03149744512233059, 'Recall*@10': 0.08077280137654955, 'NDCG*@10': 0.046551894182256894, 'MRR*@10': 0.036168359220027924, 'Recall*@5': 0.05503087368818511, 'NDCG*@5': 0.03828868353986634, 'MRR*@5': 0.03279385003632149}
INFO    [04-22 02:13:50] train in BasicTrainer:
duration: 52.61065626144409s
INFO    [04-22 02:13:50] train in BasicTrainer:
epoch: 46
INFO    [04-22 02:14:18] _train_one_epoch in BasicTrainer:
loss = 6.6999184148652215
INFO    [04-22 02:14:43] validate in BasicTrainer:
{'Recall@10': 0.07942540726039261, 'NDCG@10': 0.045376646109914355, 'MRR@10': 0.03505814045799517, 'Recall@5': 0.053616397643247535, 'NDCG@5': 0.0371063911908232, 'MRR@5': 0.031689831591417306, 'Recall*@10': 0.08062269090287454, 'NDCG*@10': 0.04644356180081325, 'MRR*@10': 0.0360751570886479, 'Recall*@5': 0.05484482763021921, 'NDCG*@5': 0.038191953970663314, 'MRR*@5': 0.032719499068911626}
INFO    [04-22 02:14:43] train in BasicTrainer:
duration: 53.09669542312622s
INFO    [04-22 02:14:43] train in BasicTrainer:
epoch: 47
INFO    [04-22 02:15:11] _train_one_epoch in BasicTrainer:
loss = 6.686901974213588
INFO    [04-22 02:15:37] log in loggers:
Update Best NDCG@10 Model at 47
INFO    [04-22 02:15:37] validate in BasicTrainer:
{'Recall@10': 0.08034681713422842, 'NDCG@10': 0.046103328252128796, 'MRR@10': 0.03571191665807129, 'Recall@5': 0.0546933661783691, 'NDCG@5': 0.037883993567882385, 'MRR@5': 0.0323646331486185, 'Recall*@10': 0.08057017024375696, 'NDCG*@10': 0.04680097005865742, 'MRR*@10': 0.03654678765915136, 'Recall*@5': 0.05538791596098284, 'NDCG*@5': 0.03874084701250612, 'MRR*@5': 0.03326913465506735}
INFO    [04-22 02:15:37] train in BasicTrainer:
duration: 53.48050498962402s
INFO    [04-22 02:15:37] train in BasicTrainer:
epoch: 48
INFO    [04-22 02:16:05] _train_one_epoch in BasicTrainer:
loss = 6.6720298095182935
INFO    [04-22 02:16:31] log in loggers:
Update Best NDCG@10 Model at 48
INFO    [04-22 02:16:31] validate in BasicTrainer:
{'Recall@10': 0.08124381949943779, 'NDCG@10': 0.04618513412707675, 'MRR@10': 0.03558103051201432, 'Recall@5': 0.053860158519407286, 'NDCG@5': 0.03738397968092323, 'MRR@5': 0.0319803716631326, 'Recall*@10': 0.08205574441008863, 'NDCG*@10': 0.04703037510007883, 'MRR*@10': 0.036430824844710594, 'Recall*@5': 0.05477412616982397, 'NDCG*@5': 0.03825741076627664, 'MRR*@5': 0.03283835065641762}
INFO    [04-22 02:16:31] train in BasicTrainer:
duration: 53.836663484573364s
INFO    [04-22 02:16:31] train in BasicTrainer:
epoch: 49
INFO    [04-22 02:16:58] _train_one_epoch in BasicTrainer:
loss = 6.652623382481662
INFO    [04-22 02:17:23] validate in BasicTrainer:
{'Recall@10': 0.0801203405171369, 'NDCG@10': 0.04545591778196065, 'MRR@10': 0.03496337861679824, 'Recall@5': 0.05367181212764926, 'NDCG@5': 0.036966649930825275, 'MRR@5': 0.031497284621659634, 'Recall*@10': 0.08139583544261687, 'NDCG*@10': 0.04668465414933399, 'MRR*@10': 0.03616529004236238, 'Recall*@5': 0.05519176798716056, 'NDCG*@5': 0.03826111997683755, 'MRR*@5': 0.03271799075491397}
INFO    [04-22 02:17:23] train in BasicTrainer:
duration: 52.235116958618164s
INFO    [04-22 02:17:23] train in BasicTrainer:
epoch: 50
INFO    [04-22 02:17:50] _train_one_epoch in BasicTrainer:
loss = 6.640861712492906
INFO    [04-22 02:18:16] validate in BasicTrainer:
{'Recall@10': 0.08046602635784486, 'NDCG@10': 0.04574933684373324, 'MRR@10': 0.035228396807096704, 'Recall@5': 0.053740949295790846, 'NDCG@5': 0.037156545367520465, 'MRR@5': 0.03171077337676445, 'Recall*@10': 0.08084615913376345, 'NDCG*@10': 0.046582438711044005, 'MRR*@10': 0.036175323485405045, 'Recall*@5': 0.054946498137659734, 'NDCG*@5': 0.038253640525240815, 'MRR*@5': 0.03276490108563309}
INFO    [04-22 02:18:16] train in BasicTrainer:
duration: 52.554418087005615s
INFO    [04-22 02:18:16] train in BasicTrainer:
epoch: 51
INFO    [04-22 02:18:42] _train_one_epoch in BasicTrainer:
loss = 6.6252860202417745
INFO    [04-22 02:19:08] validate in BasicTrainer:
{'Recall@10': 0.07884130290651743, 'NDCG@10': 0.04485753615411509, 'MRR@10': 0.034562446473710304, 'Recall@5': 0.05304957761437492, 'NDCG@5': 0.03656734442091094, 'MRR@5': 0.031169705216533842, 'Recall*@10': 0.07964727322084714, 'NDCG*@10': 0.045776115268864465, 'MRR*@10': 0.035515053065872826, 'Recall*@5': 0.05382224813565216, 'NDCG*@5': 0.037474762697794796, 'MRR*@5': 0.03211739048592548}
INFO    [04-22 02:19:08] train in BasicTrainer:
duration: 51.970274448394775s
INFO    [04-22 02:19:08] train in BasicTrainer:
epoch: 52
INFO    [04-22 02:19:35] _train_one_epoch in BasicTrainer:
loss = 6.61148910630833
INFO    [04-22 02:20:00] validate in BasicTrainer:
{'Recall@10': 0.08009949464977315, 'NDCG@10': 0.04574464146146732, 'MRR@10': 0.03534305802818421, 'Recall@5': 0.05403478226039262, 'NDCG@5': 0.03739580576332797, 'MRR@5': 0.03194367681193141, 'Recall*@10': 0.08077594601606901, 'NDCG*@10': 0.04670556461586889, 'MRR*@10': 0.03636897513560489, 'Recall*@5': 0.05533845139156401, 'NDCG*@5': 0.03855529650056784, 'MRR*@5': 0.03304918271085593}
INFO    [04-22 02:20:00] train in BasicTrainer:
duration: 52.677231788635254s
INFO    [04-22 02:20:00] train in BasicTrainer:
epoch: 53
INFO    [04-22 02:20:28] _train_one_epoch in BasicTrainer:
loss = 6.597347944587856
INFO    [04-22 02:20:55] validate in BasicTrainer:
{'Recall@10': 0.08019125850590984, 'NDCG@10': 0.0457934844843318, 'MRR@10': 0.035381773354864754, 'Recall@5': 0.05354726047510595, 'NDCG@5': 0.03722105082948651, 'MRR@5': 0.031869433127937066, 'Recall*@10': 0.08111325994265818, 'NDCG*@10': 0.046968126191502126, 'MRR*@10': 0.03661943561669472, 'Recall*@5': 0.05501229273138848, 'NDCG*@5': 0.03856912840454452, 'MRR*@5': 0.03317720690264111}
INFO    [04-22 02:20:55] train in BasicTrainer:
duration: 54.56961941719055s
INFO    [04-22 02:20:55] train in BasicTrainer:
epoch: 54
INFO    [04-22 02:21:20] _train_one_epoch in BasicTrainer:
loss = 6.583684479261374
INFO    [04-22 02:21:47] validate in BasicTrainer:
{'Recall@10': 0.07955530134186281, 'NDCG@10': 0.04543625037556728, 'MRR@10': 0.035109119259018814, 'Recall@5': 0.05305313918970327, 'NDCG@5': 0.03689848234365999, 'MRR@5': 0.03160534794153893, 'Recall*@10': 0.08063879197018337, 'NDCG*@10': 0.046463953067375496, 'MRR*@10': 0.03612240349494778, 'Recall*@5': 0.05419119988131312, 'NDCG*@5': 0.03795924700335064, 'MRR*@5': 0.032641342272405074}
INFO    [04-22 02:21:47] train in BasicTrainer:
duration: 52.19446110725403s
INFO    [04-22 02:21:47] train in BasicTrainer:
epoch: 55
INFO    [04-22 02:22:13] _train_one_epoch in BasicTrainer:
loss = 6.568643494859918
INFO    [04-22 02:22:41] validate in BasicTrainer:
{'Recall@10': 0.07978837739313598, 'NDCG@10': 0.046006571996001014, 'MRR@10': 0.03575228649166833, 'Recall@5': 0.054342337908734266, 'NDCG@5': 0.03779720760618163, 'MRR@5': 0.032375214687359016, 'Recall*@10': 0.08081330068870983, 'NDCG*@10': 0.046815431932300595, 'MRR*@10': 0.036492990494697494, 'Recall*@5': 0.05517203917941161, 'NDCG*@5': 0.038551824167370796, 'MRR*@5': 0.033098681343603976}
INFO    [04-22 02:22:41] train in BasicTrainer:
duration: 53.54014992713928s
INFO    [04-22 02:22:41] train in BasicTrainer:
epoch: 56
INFO    [04-22 02:23:06] _train_one_epoch in BasicTrainer:
loss = 6.558671015423614
INFO    [04-22 02:23:32] validate in BasicTrainer:
{'Recall@10': 0.07894500865872982, 'NDCG@10': 0.04577881476916043, 'MRR@10': 0.03571608184581309, 'Recall@5': 0.05429226582029224, 'NDCG@5': 0.03787210786434929, 'MRR@5': 0.03249152244554948, 'Recall*@10': 0.07995573203779954, 'NDCG*@10': 0.04682800732553005, 'MRR*@10': 0.0367671086625979, 'Recall*@5': 0.05552057729028495, 'NDCG*@5': 0.03899305104484073, 'MRR*@5': 0.03357286029289254}
INFO    [04-22 02:23:32] train in BasicTrainer:
duration: 51.333446741104126s
INFO    [04-22 02:23:32] train in BasicTrainer:
epoch: 57
INFO    [04-22 02:23:59] _train_one_epoch in BasicTrainer:
loss = 6.547132706487334
INFO    [04-22 02:24:25] validate in BasicTrainer:
{'Recall@10': 0.07940812296835723, 'NDCG@10': 0.0452564860471582, 'MRR@10': 0.03492145062284132, 'Recall@5': 0.052888676590096634, 'NDCG@5': 0.03672906438267864, 'MRR@5': 0.03143008021983953, 'Recall*@10': 0.07988782860009017, 'NDCG*@10': 0.04621330012394264, 'MRR*@10': 0.03600429161657802, 'Recall*@5': 0.054219605747313625, 'NDCG*@5': 0.03795569510388691, 'MRR*@5': 0.03262050200946036}
INFO    [04-22 02:24:25] train in BasicTrainer:
duration: 52.85838007926941s
INFO    [04-22 02:24:25] train in BasicTrainer:
epoch: 58
INFO    [04-22 02:24:53] _train_one_epoch in BasicTrainer:
loss = 6.536936619839111
INFO    [04-22 02:25:19] validate in BasicTrainer:
{'Recall@10': 0.0782190683932431, 'NDCG@10': 0.04515921955812821, 'MRR@10': 0.03516169230297076, 'Recall@5': 0.05278497083788424, 'NDCG@5': 0.03701058537822909, 'MRR@5': 0.03184333000233216, 'Recall*@10': 0.07886691371687746, 'NDCG*@10': 0.04597924066196501, 'MRR*@10': 0.03602802103995222, 'Recall*@5': 0.05377907635627595, 'NDCG*@5': 0.037949904370888146, 'MRR*@5': 0.032763046797661656}
INFO    [04-22 02:25:19] train in BasicTrainer:
duration: 54.17627954483032s
INFO    [04-22 02:25:19] train in BasicTrainer:
epoch: 59
INFO    [04-22 02:25:46] _train_one_epoch in BasicTrainer:
loss = 6.522590330668858
INFO    [04-22 02:26:11] validate in BasicTrainer:
{'Recall@10': 0.07951004789993826, 'NDCG@10': 0.04606010982420592, 'MRR@10': 0.03593370013466451, 'Recall@5': 0.05404494333583697, 'NDCG@5': 0.03786508110969995, 'MRR@5': 0.03257475272480365, 'Recall*@10': 0.08036097439121356, 'NDCG*@10': 0.04696388667927379, 'MRR*@10': 0.036838494504975006, 'Recall*@5': 0.055254917492908714, 'NDCG*@5': 0.03888560783744386, 'MRR*@5': 0.03352800618230769}
INFO    [04-22 02:26:11] train in BasicTrainer:
duration: 52.51638126373291s
INFO    [04-22 02:26:12] close_training in BasicTrainer:
finished training
INFO    [04-22 02:26:12] final_validate in BasicTrainer:
validate model on val set!
INFO    [04-22 02:26:12] load_state_from_given_path in utils:
checkpoint epoch: 48
INFO    [04-22 02:26:12] load_state_from_given_path in utils:
Loading model's parameters
INFO    [04-22 02:26:37] validate in BasicTrainer:
{'Recall@10': 0.08124381949943779, 'NDCG@10': 0.04618513412707675, 'MRR@10': 0.03558103051201432, 'Recall@5': 0.053860158519407286, 'NDCG@5': 0.03738397968092323, 'MRR@5': 0.0319803716631326, 'Recall*@10': 0.08205574441008863, 'NDCG*@10': 0.04703037510007883, 'MRR*@10': 0.036430824844710594, 'Recall*@5': 0.05477412616982397, 'NDCG*@5': 0.03825741076627664, 'MRR*@5': 0.03283835065641762}
INFO    [04-22 02:26:37] test in BasicTrainer:
Test model on test set!
INFO    [04-22 02:26:37] test_with_given_state_path in BasicTrainer:
Loading model params from ___movies_base_partial_2022/base_gru4rec-rate-0.7-seed-2001_04-22_01:32_t2/gru4rec_logs/checkpoint/best_acc_model.pth.
INFO    [04-22 02:26:37] load_state_from_given_path in utils:
checkpoint epoch: 48
INFO    [04-22 02:26:37] load_state_from_given_path in utils:
Loading model's parameters
INFO    [04-22 02:26:37] test_with_given_state_path in BasicTrainer:
Finished loading. Start testing.
INFO    [04-22 02:27:03] test_with_given_state_path in BasicTrainer:
{'Recall@10': 0.07011933492875733, 'NDCG@10': 0.039308313791335155, 'MRR@10': 0.029991522175878024, 'Recall@5': 0.045886757495129, 'NDCG@5': 0.03153296596312945, 'MRR@5': 0.02681800947252628, 'Recall*@10': 0.07143725629533286, 'NDCG*@10': 0.040680092108328784, 'MRR*@10': 0.03137087162617033, 'Recall*@5': 0.04749312624335289, 'NDCG*@5': 0.032984839224841744, 'MRR*@5': 0.028222747740492358}
INFO    [04-22 02:27:03] _evaluate in BasicSched:
!!Final Result!!: {'Recall@10': 0.07011933492875733, 'NDCG@10': 0.039308313791335155, 'MRR@10': 0.029991522175878024, 'Recall@5': 0.045886757495129, 'NDCG@5': 0.03153296596312945, 'MRR@5': 0.02681800947252628, 'Recall*@10': 0.07143725629533286, 'NDCG*@10': 0.040680092108328784, 'MRR*@10': 0.03137087162617033, 'Recall*@5': 0.04749312624335289, 'NDCG*@5': 0.032984839224841744, 'MRR*@5': 0.028222747740492358}
