INFO    [05-06 04:13:53] setup_train in utils:
{
    "experiment_dir": "___el_ed_2022",
    "experiment_description": "ed",
    "describe": "{config[model_code]}-T-{config[T]}-al-{config[alpha]}",
    "dataset_name": "electronics.csv",
    "sched": "ensemble_distill",
    "model_code": "narm",
    "mentor_code": "narm",
    "mentor2_code": "narm",
    "weight_list": [
        0.5,
        0.5
    ],
    "alpha": 0.5,
    "T": 9.0,
    "training_routine": "student",
    "softmaxed_mentor": true,
    "enable_auto_path_finder": false,
    "num_epochs": 80,
    "mode": [
        "train",
        "test"
    ],
    "max_len": 10,
    "test_state_path": null,
    "model_state_path": null,
    "mentor_state_path": "___el_base_2020/base_narm_05-04_22:58_0/narm_logs/checkpoint/best_acc_model.pth",
    "mentor2_state_path": "___el_base_2021/base_narm_05-04_22:57_0/narm_logs/checkpoint/best_acc_model.pth",
    "rand_seed": 2022,
    "load_processed_dataset": true,
    "save_processed_dataset": false,
    "dataset_cache_filename": null,
    "do_remap": false,
    "weight_decay": 0,
    "decay_step": 15,
    "gamma": 0.99,
    "lr": 0.001,
    "min_length": 5,
    "min_item_inter": 5,
    "good_only": false,
    "use_rating": true,
    "test_negative_sampler_code": "random",
    "test_negative_sample_size": 0,
    "dataloader_type": "next",
    "train_batch_size": 4096,
    "val_batch_size": 4096,
    "test_batch_size": 4096,
    "prop_sliding_window": -1.0,
    "worker_number": 2,
    "metric_ks": [
        5,
        10
    ],
    "device": "cuda",
    "num_gpu": 1,
    "optimizer": "Adam",
    "best_metric": "NDCG@10",
    "show_process_bar": false,
    "enable_sample": false,
    "samples_ratio": 0.1,
    "config_file": "config2.electronics/narm/config_distill_ensemble.json",
    "task_id": 11,
    "split": "leave_one_out",
    "do_sampling": false,
    "path_for_sample": null,
    "sample_rate": 0.5,
    "sample_seed": 0,
    "train_negative_sampler_code": "random",
    "train_negative_sample_size": 100,
    "device_idx": "0",
    "momentum": null,
    "log_period_as_iter": 12800,
    "dvae_alpha": 0.5,
    "validation_rate": 0.2,
    "num_items": null,
    "start_index": 1,
    "kwargs": null
}
INFO    [05-06 04:13:53] _load_full_dataset_from_path in utils:
loading cache from /data01/wushiguang-slurm/Codes/soft-rec/Data/Cache/electronics-5-5.pkl
INFO    [05-06 04:13:54] _check_dataset_cache in utils:
check if the cache is generated under this configuration
INFO    [05-06 04:13:54] _check_dataset_cache in utils:
correct.
INFO    [05-06 04:13:54] __init__ in NextItemDataloader:
there are 29351 items in this dataset, 102187 users, padding_first? False
DEBUG   [05-06 04:14:10] generate_model in utils:
model_code_list=['narm']
INFO    [05-06 04:14:10] load_model_config in utils:
loading model narm's config file at asset/config/model/narm.json
INFO    [05-06 04:14:10] load_model_config in utils:
{
    "embedding_size": 64,
    "hidden_size": 128,
    "n_layers": 1,
    "dropout_probs": [
        0.25,
        0.5
    ]
}
WARNING [05-06 04:14:19] get_exist_path in utils:
dir ___el_ed_2022/ed_narm-T-9.0-al-0.5_05-06_04:13_t11/teacher1_narm_logs does not exist! Create one.
WARNING [05-06 04:14:19] get_exist_path in utils:
dir ___el_ed_2022/ed_narm-T-9.0-al-0.5_05-06_04:13_t11/teacher1_narm_logs/tb_vis does not exist! Create one.
WARNING [05-06 04:14:19] get_exist_path in utils:
dir ___el_ed_2022/ed_narm-T-9.0-al-0.5_05-06_04:13_t11/teacher1_narm_logs/checkpoint does not exist! Create one.
INFO    [05-06 04:14:19] load_state_from_given_path in utils:
checkpoint epoch: 59
INFO    [05-06 04:14:19] load_state_from_given_path in utils:
Loading model's parameters
INFO    [05-06 04:14:19] load_state_from_given_path in utils:
Loading optimizer's parameters
DEBUG   [05-06 04:14:19] _generate_teacher_trainer in EnsembleDistillSched:
teacher1_narm: 
NARM(
  (item_embedding): Embedding(29352, 64, padding_idx=0)
  (emb_dropout): Dropout(p=0.25, inplace=False)
  (gru): GRU(64, 128, bias=False, batch_first=True)
  (a_1): Linear(in_features=128, out_features=128, bias=False)
  (a_2): Linear(in_features=128, out_features=128, bias=False)
  (v_t): Linear(in_features=128, out_features=1, bias=False)
  (ct_dropout): Dropout(p=0.5, inplace=False)
  (b): Linear(in_features=256, out_features=64, bias=False)
  (loss_fct): CrossEntropyLoss()
)
INFO    [05-06 04:14:19] assert_model_device in utils:
model teacher1_narm has 7.63525390625 MB params.
INFO    [05-06 04:14:19] __init__ in BasicTrainer:
454656 iter per epoch
DEBUG   [05-06 04:14:19] generate_model in utils:
model_code_list=['narm']
INFO    [05-06 04:14:19] load_model_config in utils:
loading model narm's config file at asset/config/model/narm.json
INFO    [05-06 04:14:19] load_model_config in utils:
{
    "embedding_size": 64,
    "hidden_size": 128,
    "n_layers": 1,
    "dropout_probs": [
        0.25,
        0.5
    ]
}
WARNING [05-06 04:14:24] get_exist_path in utils:
dir ___el_ed_2022/ed_narm-T-9.0-al-0.5_05-06_04:13_t11/teacher2_narm_logs does not exist! Create one.
WARNING [05-06 04:14:24] get_exist_path in utils:
dir ___el_ed_2022/ed_narm-T-9.0-al-0.5_05-06_04:13_t11/teacher2_narm_logs/tb_vis does not exist! Create one.
WARNING [05-06 04:14:24] get_exist_path in utils:
dir ___el_ed_2022/ed_narm-T-9.0-al-0.5_05-06_04:13_t11/teacher2_narm_logs/checkpoint does not exist! Create one.
INFO    [05-06 04:14:24] load_state_from_given_path in utils:
checkpoint epoch: 59
INFO    [05-06 04:14:24] load_state_from_given_path in utils:
Loading model's parameters
INFO    [05-06 04:14:24] load_state_from_given_path in utils:
Loading optimizer's parameters
DEBUG   [05-06 04:14:24] _generate_teacher_trainer in EnsembleDistillSched:
teacher2_narm: 
NARM(
  (item_embedding): Embedding(29352, 64, padding_idx=0)
  (emb_dropout): Dropout(p=0.25, inplace=False)
  (gru): GRU(64, 128, bias=False, batch_first=True)
  (a_1): Linear(in_features=128, out_features=128, bias=False)
  (a_2): Linear(in_features=128, out_features=128, bias=False)
  (v_t): Linear(in_features=128, out_features=1, bias=False)
  (ct_dropout): Dropout(p=0.5, inplace=False)
  (b): Linear(in_features=256, out_features=64, bias=False)
  (loss_fct): CrossEntropyLoss()
)
INFO    [05-06 04:14:24] assert_model_device in utils:
model teacher2_narm has 7.63525390625 MB params.
INFO    [05-06 04:14:24] __init__ in BasicTrainer:
454656 iter per epoch
DEBUG   [05-06 04:14:24] generate_model in utils:
model_code_list=['narm']
INFO    [05-06 04:14:24] load_model_config in utils:
loading model narm's config file at asset/config/model/narm.json
INFO    [05-06 04:14:24] load_model_config in utils:
{
    "embedding_size": 64,
    "hidden_size": 128,
    "n_layers": 1,
    "dropout_probs": [
        0.25,
        0.5
    ]
}
WARNING [05-06 04:14:29] get_exist_path in utils:
dir ___el_ed_2022/ed_narm-T-9.0-al-0.5_05-06_04:13_t11/student_narm_logs does not exist! Create one.
WARNING [05-06 04:14:29] get_exist_path in utils:
dir ___el_ed_2022/ed_narm-T-9.0-al-0.5_05-06_04:13_t11/student_narm_logs/tb_vis does not exist! Create one.
WARNING [05-06 04:14:29] get_exist_path in utils:
dir ___el_ed_2022/ed_narm-T-9.0-al-0.5_05-06_04:13_t11/student_narm_logs/checkpoint does not exist! Create one.
WARNING [05-06 04:14:29] get_path in utils:
Path is None
WARNING [05-06 04:14:29] load_state_from_given_path in utils:
Not given any path.
DEBUG   [05-06 04:14:29] _generate_student_trainer in EnsembleDistillSched:
student_narm: 
NARM(
  (item_embedding): Embedding(29352, 64, padding_idx=0)
  (emb_dropout): Dropout(p=0.25, inplace=False)
  (gru): GRU(64, 128, bias=False, batch_first=True)
  (a_1): Linear(in_features=128, out_features=128, bias=False)
  (a_2): Linear(in_features=128, out_features=128, bias=False)
  (v_t): Linear(in_features=128, out_features=1, bias=False)
  (ct_dropout): Dropout(p=0.5, inplace=False)
  (b): Linear(in_features=256, out_features=64, bias=False)
  (loss_fct): CrossEntropyLoss()
)
INFO    [05-06 04:14:29] assert_model_device in utils:
model student_narm has 7.63525390625 MB params.
INFO    [05-06 04:14:29] assert_model_device in utils:
model mix_narm_narm has 0.0 MB params.
INFO    [05-06 04:14:29] assert_model_device in utils:
model mix_narm_narm has no param
INFO    [05-06 04:14:29] __init__ in DistillTrainer:
454656 iter per epoch
INFO    [05-06 04:14:29] _set_current_routine in Routine:
first routine: student
INFO    [05-06 04:14:29] run_routine in Routine:
Start routine student
INFO    [05-06 04:14:29] run_routine in Routine:
Start training
INFO    [05-06 04:14:29] train in DistillTrainer:
Test mentor model: mix_narm_narm
DEBUG   [05-06 04:14:29] forward in Ensembler:
raw predict
DEBUG   [05-06 04:14:29] forward in Ensembler:
[tensor([[9.8601e-06, 2.6767e-05, 3.7435e-05,  ..., 1.3093e-05, 2.0807e-05,
         6.3000e-05],
        [1.0093e-05, 1.1046e-05, 1.4968e-05,  ..., 1.7005e-05, 3.1732e-05,
         5.0933e-05],
        [1.5024e-05, 2.5008e-05, 3.2946e-05,  ..., 1.8639e-05, 5.3056e-05,
         2.9766e-05],
        ...,
        [8.5092e-06, 2.0035e-05, 3.7924e-05,  ..., 2.4630e-05, 2.3479e-05,
         5.5448e-05],
        [1.5459e-05, 2.7822e-05, 2.8048e-05,  ..., 1.3810e-05, 4.8607e-05,
         3.7274e-05],
        [9.0911e-06, 2.3325e-05, 5.1571e-05,  ..., 3.3280e-05, 3.1136e-05,
         4.2315e-05]], device='cuda:0'), tensor([[1.1198e-05, 3.1567e-05, 4.6066e-05,  ..., 1.7720e-05, 2.2128e-05,
         4.4686e-05],
        [1.1957e-05, 1.0209e-05, 2.8629e-05,  ..., 1.7490e-05, 1.7248e-05,
         2.8205e-05],
        [8.0461e-06, 2.1197e-05, 3.3956e-05,  ..., 2.1563e-05, 4.5410e-05,
         2.9488e-05],
        ...,
        [7.6318e-06, 3.7510e-05, 4.0488e-05,  ..., 1.7683e-05, 2.2888e-05,
         4.5792e-05],
        [1.1319e-05, 2.7904e-05, 4.7337e-05,  ..., 1.0974e-05, 5.4663e-05,
         5.1579e-05],
        [7.8597e-06, 4.0269e-05, 4.7093e-05,  ..., 3.2941e-05, 2.5539e-05,
         4.0269e-05]], device='cuda:0')]
DEBUG   [05-06 04:14:29] forward in Ensembler:
raw confidence
DEBUG   [05-06 04:14:29] forward in Ensembler:
[tensor([1.1159e-04, 2.0317e-04, 8.6746e-05,  ..., 9.2761e-05, 1.0342e-04,
        1.0994e-04], device='cuda:0'), tensor([0.0001, 0.0002, 0.0001,  ..., 0.0001, 0.0001, 0.0001], device='cuda:0')]
DEBUG   [05-06 04:14:29] forward in Ensembler:
weighted predict
DEBUG   [05-06 04:14:29] forward in Ensembler:
[tensor([[4.9301e-06, 1.3383e-05, 1.8717e-05,  ..., 6.5466e-06, 1.0404e-05,
         3.1500e-05],
        [5.0465e-06, 5.5231e-06, 7.4840e-06,  ..., 8.5023e-06, 1.5866e-05,
         2.5467e-05],
        [7.5118e-06, 1.2504e-05, 1.6473e-05,  ..., 9.3194e-06, 2.6528e-05,
         1.4883e-05],
        ...,
        [4.2546e-06, 1.0017e-05, 1.8962e-05,  ..., 1.2315e-05, 1.1739e-05,
         2.7724e-05],
        [7.7296e-06, 1.3911e-05, 1.4024e-05,  ..., 6.9051e-06, 2.4303e-05,
         1.8637e-05],
        [4.5455e-06, 1.1663e-05, 2.5786e-05,  ..., 1.6640e-05, 1.5568e-05,
         2.1157e-05]], device='cuda:0'), tensor([[5.5992e-06, 1.5783e-05, 2.3033e-05,  ..., 8.8602e-06, 1.1064e-05,
         2.2343e-05],
        [5.9785e-06, 5.1045e-06, 1.4314e-05,  ..., 8.7450e-06, 8.6239e-06,
         1.4103e-05],
        [4.0231e-06, 1.0598e-05, 1.6978e-05,  ..., 1.0781e-05, 2.2705e-05,
         1.4744e-05],
        ...,
        [3.8159e-06, 1.8755e-05, 2.0244e-05,  ..., 8.8417e-06, 1.1444e-05,
         2.2896e-05],
        [5.6597e-06, 1.3952e-05, 2.3668e-05,  ..., 5.4871e-06, 2.7331e-05,
         2.5790e-05],
        [3.9299e-06, 2.0134e-05, 2.3546e-05,  ..., 1.6470e-05, 1.2769e-05,
         2.0135e-05]], device='cuda:0')]
DEBUG   [05-06 04:14:29] forward in Ensembler:
final predict
DEBUG   [05-06 04:14:29] forward in Ensembler:
tensor([[1.0529e-05, 2.9167e-05, 4.1751e-05,  ..., 1.5407e-05, 2.1468e-05,
         5.3843e-05],
        [1.1025e-05, 1.0628e-05, 2.1798e-05,  ..., 1.7247e-05, 2.4490e-05,
         3.9569e-05],
        [1.1535e-05, 2.3102e-05, 3.3451e-05,  ..., 2.0101e-05, 4.9233e-05,
         2.9627e-05],
        ...,
        [8.0705e-06, 2.8773e-05, 3.9206e-05,  ..., 2.1157e-05, 2.3183e-05,
         5.0620e-05],
        [1.3389e-05, 2.7863e-05, 3.7692e-05,  ..., 1.2392e-05, 5.1635e-05,
         4.4427e-05],
        [8.4754e-06, 3.1797e-05, 4.9332e-05,  ..., 3.3110e-05, 2.8337e-05,
         4.1292e-05]], device='cuda:0')
DEBUG   [05-06 04:14:29] forward in Ensembler:
final confidence
DEBUG   [05-06 04:14:29] forward in Ensembler:
tensor([0.0001, 0.0002, 0.0001,  ..., 0.0001, 0.0001, 0.0001], device='cuda:0')
DEBUG   [05-06 04:14:31] forward in Ensembler:
raw predict
DEBUG   [05-06 04:14:31] forward in Ensembler:
[tensor([[8.5277e-06, 3.0436e-05, 1.9023e-05,  ..., 4.3715e-05, 4.4150e-05,
         4.5292e-05],
        [9.6936e-06, 2.6236e-05, 5.0357e-05,  ..., 4.6768e-05, 3.5785e-05,
         4.3380e-05],
        [8.1319e-06, 1.2561e-05, 2.3676e-05,  ..., 5.1210e-05, 2.1861e-05,
         3.9207e-05],
        ...,
        [1.1834e-05, 1.8038e-05, 2.2801e-05,  ..., 1.8561e-05, 6.4804e-05,
         3.4048e-05],
        [8.0117e-06, 1.7622e-05, 1.5917e-05,  ..., 2.2941e-05, 4.1800e-05,
         3.4282e-05],
        [1.3296e-05, 1.6334e-05, 2.4461e-05,  ..., 1.4996e-05, 4.0180e-05,
         3.5309e-05]], device='cuda:0'), tensor([[9.4711e-06, 2.4796e-05, 2.5216e-05,  ..., 3.9456e-05, 3.2869e-05,
         4.3779e-05],
        [7.5681e-06, 4.8294e-05, 2.6914e-05,  ..., 3.3896e-05, 3.5409e-05,
         5.2925e-05],
        [1.2604e-05, 1.0975e-05, 2.5193e-05,  ..., 3.9006e-05, 2.4270e-05,
         4.3644e-05],
        ...,
        [1.0268e-05, 2.3389e-05, 2.3832e-05,  ..., 2.6246e-05, 5.7544e-05,
         2.9997e-05],
        [6.8169e-06, 1.6853e-05, 2.8399e-05,  ..., 1.8490e-05, 3.6899e-05,
         3.1559e-05],
        [1.7452e-05, 1.4220e-05, 3.3272e-05,  ..., 9.7435e-06, 7.2795e-05,
         2.9913e-05]], device='cuda:0')]
DEBUG   [05-06 04:14:31] forward in Ensembler:
raw confidence
DEBUG   [05-06 04:14:31] forward in Ensembler:
[tensor([0.0002, 0.0002, 0.0001,  ..., 0.0001, 0.0001, 0.0001], device='cuda:0'), tensor([1.0413e-04, 1.2871e-04, 1.4654e-04,  ..., 9.1306e-05, 1.0553e-04,
        1.3021e-04], device='cuda:0')]
DEBUG   [05-06 04:14:31] forward in Ensembler:
weighted predict
DEBUG   [05-06 04:14:31] forward in Ensembler:
[tensor([[4.2639e-06, 1.5218e-05, 9.5113e-06,  ..., 2.1857e-05, 2.2075e-05,
         2.2646e-05],
        [4.8468e-06, 1.3118e-05, 2.5178e-05,  ..., 2.3384e-05, 1.7893e-05,
         2.1690e-05],
        [4.0659e-06, 6.2804e-06, 1.1838e-05,  ..., 2.5605e-05, 1.0931e-05,
         1.9603e-05],
        ...,
        [5.9171e-06, 9.0191e-06, 1.1400e-05,  ..., 9.2805e-06, 3.2402e-05,
         1.7024e-05],
        [4.0059e-06, 8.8108e-06, 7.9587e-06,  ..., 1.1470e-05, 2.0900e-05,
         1.7141e-05],
        [6.6478e-06, 8.1670e-06, 1.2230e-05,  ..., 7.4979e-06, 2.0090e-05,
         1.7655e-05]], device='cuda:0'), tensor([[4.7355e-06, 1.2398e-05, 1.2608e-05,  ..., 1.9728e-05, 1.6435e-05,
         2.1889e-05],
        [3.7841e-06, 2.4147e-05, 1.3457e-05,  ..., 1.6948e-05, 1.7705e-05,
         2.6463e-05],
        [6.3019e-06, 5.4876e-06, 1.2597e-05,  ..., 1.9503e-05, 1.2135e-05,
         2.1822e-05],
        ...,
        [5.1342e-06, 1.1695e-05, 1.1916e-05,  ..., 1.3123e-05, 2.8772e-05,
         1.4999e-05],
        [3.4085e-06, 8.4264e-06, 1.4199e-05,  ..., 9.2448e-06, 1.8449e-05,
         1.5780e-05],
        [8.7259e-06, 7.1100e-06, 1.6636e-05,  ..., 4.8717e-06, 3.6398e-05,
         1.4956e-05]], device='cuda:0')]
DEBUG   [05-06 04:14:31] forward in Ensembler:
final predict
DEBUG   [05-06 04:14:31] forward in Ensembler:
tensor([[8.9994e-06, 2.7616e-05, 2.2119e-05,  ..., 4.1585e-05, 3.8510e-05,
         4.4535e-05],
        [8.6309e-06, 3.7265e-05, 3.8635e-05,  ..., 4.0332e-05, 3.5597e-05,
         4.8153e-05],
        [1.0368e-05, 1.1768e-05, 2.4435e-05,  ..., 4.5108e-05, 2.3066e-05,
         4.1426e-05],
        ...,
        [1.1051e-05, 2.0714e-05, 2.3317e-05,  ..., 2.2404e-05, 6.1174e-05,
         3.2023e-05],
        [7.4143e-06, 1.7237e-05, 2.2158e-05,  ..., 2.0715e-05, 3.9349e-05,
         3.2921e-05],
        [1.5374e-05, 1.5277e-05, 2.8867e-05,  ..., 1.2370e-05, 5.6488e-05,
         3.2611e-05]], device='cuda:0')
DEBUG   [05-06 04:14:31] forward in Ensembler:
final confidence
DEBUG   [05-06 04:14:31] forward in Ensembler:
tensor([1.2916e-04, 1.3892e-04, 1.3408e-04,  ..., 9.9958e-05, 1.0818e-04,
        1.2880e-04], device='cuda:0')
DEBUG   [05-06 04:14:33] forward in Ensembler:
raw predict
DEBUG   [05-06 04:14:33] forward in Ensembler:
[tensor([[7.6585e-06, 2.3553e-05, 2.8280e-05,  ..., 1.9889e-05, 3.5029e-05,
         3.8788e-05],
        [1.8636e-05, 1.9063e-05, 2.6349e-05,  ..., 2.9110e-05, 3.1859e-05,
         4.5275e-05],
        [1.1566e-05, 1.8324e-05, 3.8892e-05,  ..., 5.1236e-05, 2.8155e-05,
         3.2142e-05],
        ...,
        [9.7669e-06, 1.1795e-05, 2.6011e-05,  ..., 2.9734e-05, 3.2108e-05,
         3.4961e-05],
        [2.4617e-05, 9.0408e-06, 3.4083e-05,  ..., 8.0314e-06, 5.3301e-05,
         1.7068e-05],
        [1.2175e-05, 1.5758e-05, 2.4365e-05,  ..., 8.0285e-06, 8.1956e-05,
         1.5902e-05]], device='cuda:0'), tensor([[8.5897e-06, 1.8349e-05, 3.7173e-05,  ..., 2.4537e-05, 2.6197e-05,
         3.0229e-05],
        [1.6643e-05, 2.0866e-05, 3.6907e-05,  ..., 2.7483e-05, 3.6207e-05,
         4.4797e-05],
        [1.4170e-05, 2.7585e-05, 3.0202e-05,  ..., 6.2028e-05, 3.1128e-05,
         3.5963e-05],
        ...,
        [1.1808e-05, 1.3114e-05, 3.4745e-05,  ..., 4.0602e-05, 2.1323e-05,
         4.4671e-05],
        [2.0644e-05, 4.7861e-06, 3.7644e-05,  ..., 7.8850e-06, 7.9348e-05,
         2.7139e-05],
        [9.3294e-06, 1.7154e-05, 2.3524e-05,  ..., 1.0259e-05, 7.9793e-05,
         1.6004e-05]], device='cuda:0')]
DEBUG   [05-06 04:14:33] forward in Ensembler:
raw confidence
DEBUG   [05-06 04:14:33] forward in Ensembler:
[tensor([1.3120e-04, 7.2610e-05, 1.0562e-04,  ..., 1.8126e-04, 3.1203e-04,
        2.6553e-04], device='cuda:0'), tensor([1.2532e-04, 7.7043e-05, 9.2236e-05,  ..., 1.3842e-04, 3.8722e-04,
        1.9804e-04], device='cuda:0')]
DEBUG   [05-06 04:14:33] forward in Ensembler:
weighted predict
DEBUG   [05-06 04:14:33] forward in Ensembler:
[tensor([[3.8292e-06, 1.1776e-05, 1.4140e-05,  ..., 9.9445e-06, 1.7514e-05,
         1.9394e-05],
        [9.3178e-06, 9.5317e-06, 1.3174e-05,  ..., 1.4555e-05, 1.5930e-05,
         2.2637e-05],
        [5.7830e-06, 9.1619e-06, 1.9446e-05,  ..., 2.5618e-05, 1.4077e-05,
         1.6071e-05],
        ...,
        [4.8834e-06, 5.8975e-06, 1.3006e-05,  ..., 1.4867e-05, 1.6054e-05,
         1.7480e-05],
        [1.2308e-05, 4.5204e-06, 1.7041e-05,  ..., 4.0157e-06, 2.6651e-05,
         8.5341e-06],
        [6.0876e-06, 7.8790e-06, 1.2183e-05,  ..., 4.0143e-06, 4.0978e-05,
         7.9512e-06]], device='cuda:0'), tensor([[4.2948e-06, 9.1745e-06, 1.8586e-05,  ..., 1.2268e-05, 1.3098e-05,
         1.5115e-05],
        [8.3213e-06, 1.0433e-05, 1.8453e-05,  ..., 1.3742e-05, 1.8103e-05,
         2.2398e-05],
        [7.0849e-06, 1.3793e-05, 1.5101e-05,  ..., 3.1014e-05, 1.5564e-05,
         1.7981e-05],
        ...,
        [5.9041e-06, 6.5570e-06, 1.7373e-05,  ..., 2.0301e-05, 1.0662e-05,
         2.2335e-05],
        [1.0322e-05, 2.3931e-06, 1.8822e-05,  ..., 3.9425e-06, 3.9674e-05,
         1.3569e-05],
        [4.6647e-06, 8.5772e-06, 1.1762e-05,  ..., 5.1293e-06, 3.9896e-05,
         8.0018e-06]], device='cuda:0')]
DEBUG   [05-06 04:14:33] forward in Ensembler:
final predict
DEBUG   [05-06 04:14:33] forward in Ensembler:
tensor([[8.1241e-06, 2.0951e-05, 3.2726e-05,  ..., 2.2213e-05, 3.0613e-05,
         3.4508e-05],
        [1.7639e-05, 1.9964e-05, 3.1628e-05,  ..., 2.8297e-05, 3.4033e-05,
         4.5036e-05],
        [1.2868e-05, 2.2955e-05, 3.4547e-05,  ..., 5.6632e-05, 2.9642e-05,
         3.4052e-05],
        ...,
        [1.0787e-05, 1.2454e-05, 3.0378e-05,  ..., 3.5168e-05, 2.6715e-05,
         3.9816e-05],
        [2.2630e-05, 6.9135e-06, 3.5864e-05,  ..., 7.9582e-06, 6.6325e-05,
         2.2104e-05],
        [1.0752e-05, 1.6456e-05, 2.3945e-05,  ..., 9.1436e-06, 8.0874e-05,
         1.5953e-05]], device='cuda:0')
DEBUG   [05-06 04:14:33] forward in Ensembler:
final confidence
DEBUG   [05-06 04:14:33] forward in Ensembler:
tensor([1.2539e-04, 7.2805e-05, 9.2457e-05,  ..., 1.4862e-04, 3.4963e-04,
        2.1538e-04], device='cuda:0')
DEBUG   [05-06 04:14:34] forward in Ensembler:
raw predict
DEBUG   [05-06 04:14:34] forward in Ensembler:
[tensor([[1.0213e-05, 3.2156e-05, 3.3284e-05,  ..., 3.2385e-05, 3.9411e-05,
         3.6014e-05],
        [1.6223e-05, 5.6000e-05, 3.3782e-05,  ..., 1.2276e-05, 5.7203e-05,
         3.4849e-05],
        [1.6707e-05, 1.9430e-05, 5.3052e-05,  ..., 1.8190e-05, 4.0978e-05,
         3.1509e-05],
        ...,
        [7.4156e-06, 2.4227e-05, 2.5631e-05,  ..., 2.1379e-05, 3.1099e-05,
         3.9304e-05],
        [1.6989e-05, 2.0080e-05, 1.8584e-05,  ..., 1.2177e-05, 4.9325e-05,
         3.2741e-05],
        [1.2174e-05, 2.8740e-05, 2.8925e-05,  ..., 2.1833e-05, 4.2078e-05,
         2.4251e-05]], device='cuda:0'), tensor([[9.1252e-06, 3.4334e-05, 3.4560e-05,  ..., 2.8018e-05, 2.8590e-05,
         3.6280e-05],
        [1.4956e-05, 3.7222e-05, 4.3601e-05,  ..., 2.4941e-05, 4.3364e-05,
         4.3557e-05],
        [1.6668e-05, 1.4712e-05, 4.0373e-05,  ..., 3.0377e-05, 6.0657e-05,
         5.2325e-05],
        ...,
        [6.6682e-06, 1.9670e-05, 2.4818e-05,  ..., 1.8553e-05, 2.9134e-05,
         3.3364e-05],
        [1.5834e-05, 1.3643e-05, 2.8686e-05,  ..., 1.1317e-05, 3.9716e-05,
         3.3273e-05],
        [1.1144e-05, 2.4519e-05, 3.0503e-05,  ..., 2.1665e-05, 2.9669e-05,
         3.2144e-05]], device='cuda:0')]
DEBUG   [05-06 04:14:34] forward in Ensembler:
raw confidence
DEBUG   [05-06 04:14:34] forward in Ensembler:
[tensor([8.5058e-05, 9.4544e-05, 1.1131e-04,  ..., 9.0733e-05, 1.4511e-04,
        1.1462e-04], device='cuda:0'), tensor([1.0328e-04, 9.8096e-05, 1.2649e-04,  ..., 1.1475e-04, 1.0519e-04,
        9.7503e-05], device='cuda:0')]
DEBUG   [05-06 04:14:34] forward in Ensembler:
weighted predict
DEBUG   [05-06 04:14:34] forward in Ensembler:
[tensor([[5.1063e-06, 1.6078e-05, 1.6642e-05,  ..., 1.6192e-05, 1.9706e-05,
         1.8007e-05],
        [8.1114e-06, 2.8000e-05, 1.6891e-05,  ..., 6.1379e-06, 2.8602e-05,
         1.7424e-05],
        [8.3536e-06, 9.7149e-06, 2.6526e-05,  ..., 9.0948e-06, 2.0489e-05,
         1.5754e-05],
        ...,
        [3.7078e-06, 1.2113e-05, 1.2816e-05,  ..., 1.0690e-05, 1.5550e-05,
         1.9652e-05],
        [8.4946e-06, 1.0040e-05, 9.2919e-06,  ..., 6.0886e-06, 2.4662e-05,
         1.6371e-05],
        [6.0868e-06, 1.4370e-05, 1.4462e-05,  ..., 1.0917e-05, 2.1039e-05,
         1.2125e-05]], device='cuda:0'), tensor([[4.5626e-06, 1.7167e-05, 1.7280e-05,  ..., 1.4009e-05, 1.4295e-05,
         1.8140e-05],
        [7.4782e-06, 1.8611e-05, 2.1801e-05,  ..., 1.2471e-05, 2.1682e-05,
         2.1779e-05],
        [8.3340e-06, 7.3561e-06, 2.0186e-05,  ..., 1.5188e-05, 3.0329e-05,
         2.6162e-05],
        ...,
        [3.3341e-06, 9.8352e-06, 1.2409e-05,  ..., 9.2763e-06, 1.4567e-05,
         1.6682e-05],
        [7.9171e-06, 6.8214e-06, 1.4343e-05,  ..., 5.6583e-06, 1.9858e-05,
         1.6637e-05],
        [5.5718e-06, 1.2260e-05, 1.5252e-05,  ..., 1.0832e-05, 1.4834e-05,
         1.6072e-05]], device='cuda:0')]
DEBUG   [05-06 04:14:34] forward in Ensembler:
final predict
DEBUG   [05-06 04:14:34] forward in Ensembler:
tensor([[9.6689e-06, 3.3245e-05, 3.3922e-05,  ..., 3.0201e-05, 3.4000e-05,
         3.6147e-05],
        [1.5590e-05, 4.6611e-05, 3.8692e-05,  ..., 1.8609e-05, 5.0284e-05,
         3.9203e-05],
        [1.6688e-05, 1.7071e-05, 4.6712e-05,  ..., 2.4283e-05, 5.0818e-05,
         4.1917e-05],
        ...,
        [7.0419e-06, 2.1949e-05, 2.5225e-05,  ..., 1.9966e-05, 3.0117e-05,
         3.6334e-05],
        [1.6412e-05, 1.6861e-05, 2.3635e-05,  ..., 1.1747e-05, 4.4520e-05,
         3.3007e-05],
        [1.1659e-05, 2.6630e-05, 2.9714e-05,  ..., 2.1749e-05, 3.5873e-05,
         2.8197e-05]], device='cuda:0')
DEBUG   [05-06 04:14:34] forward in Ensembler:
final confidence
DEBUG   [05-06 04:14:34] forward in Ensembler:
tensor([9.1508e-05, 8.1557e-05, 1.0688e-04,  ..., 1.0225e-04, 1.2515e-04,
        1.0606e-04], device='cuda:0')
DEBUG   [05-06 04:14:36] forward in Ensembler:
raw predict
DEBUG   [05-06 04:14:36] forward in Ensembler:
[tensor([[1.1630e-05, 2.6943e-05, 2.7933e-05,  ..., 2.9716e-05, 1.9599e-05,
         4.6508e-05],
        [1.8798e-05, 2.3940e-05, 3.8236e-05,  ..., 1.9785e-05, 4.3483e-05,
         3.8892e-05],
        [7.4813e-06, 1.8374e-05, 2.5920e-05,  ..., 1.6089e-05, 2.6759e-05,
         4.8101e-05],
        ...,
        [2.2483e-05, 1.5588e-05, 2.8178e-05,  ..., 1.3691e-05, 3.8605e-05,
         4.3638e-05],
        [6.5259e-06, 2.8478e-05, 2.4431e-05,  ..., 4.7003e-05, 1.6226e-05,
         3.9808e-05],
        [6.5380e-06, 2.6593e-05, 2.9627e-05,  ..., 2.8670e-05, 1.6751e-05,
         3.5337e-05]], device='cuda:0'), tensor([[9.2951e-06, 1.9925e-05, 2.9641e-05,  ..., 1.4597e-05, 2.2461e-05,
         5.2349e-05],
        [1.5671e-05, 2.4095e-05, 3.9879e-05,  ..., 2.2862e-05, 3.9777e-05,
         2.8798e-05],
        [1.1145e-05, 2.2243e-05, 3.1794e-05,  ..., 1.3997e-05, 3.1730e-05,
         3.6121e-05],
        ...,
        [1.7673e-05, 1.6493e-05, 3.7060e-05,  ..., 9.2304e-06, 5.0504e-05,
         4.0963e-05],
        [8.9825e-06, 2.1359e-05, 2.2244e-05,  ..., 6.4370e-05, 1.6872e-05,
         5.2616e-05],
        [8.8088e-06, 2.4784e-05, 2.0746e-05,  ..., 4.1634e-05, 1.8968e-05,
         5.9051e-05]], device='cuda:0')]
DEBUG   [05-06 04:14:36] forward in Ensembler:
raw confidence
DEBUG   [05-06 04:14:36] forward in Ensembler:
[tensor([1.3487e-04, 7.5311e-05, 9.3362e-05,  ..., 1.1536e-04, 1.2662e-04,
        1.5146e-04], device='cuda:0'), tensor([1.4564e-04, 6.7144e-05, 8.5334e-05,  ..., 1.2910e-04, 1.4093e-04,
        3.3267e-04], device='cuda:0')]
DEBUG   [05-06 04:14:36] forward in Ensembler:
weighted predict
DEBUG   [05-06 04:14:36] forward in Ensembler:
[tensor([[5.8150e-06, 1.3471e-05, 1.3967e-05,  ..., 1.4858e-05, 9.7995e-06,
         2.3254e-05],
        [9.3992e-06, 1.1970e-05, 1.9118e-05,  ..., 9.8924e-06, 2.1741e-05,
         1.9446e-05],
        [3.7407e-06, 9.1868e-06, 1.2960e-05,  ..., 8.0446e-06, 1.3380e-05,
         2.4050e-05],
        ...,
        [1.1242e-05, 7.7942e-06, 1.4089e-05,  ..., 6.8457e-06, 1.9302e-05,
         2.1819e-05],
        [3.2629e-06, 1.4239e-05, 1.2216e-05,  ..., 2.3501e-05, 8.1130e-06,
         1.9904e-05],
        [3.2690e-06, 1.3296e-05, 1.4813e-05,  ..., 1.4335e-05, 8.3756e-06,
         1.7669e-05]], device='cuda:0'), tensor([[4.6475e-06, 9.9625e-06, 1.4821e-05,  ..., 7.2985e-06, 1.1231e-05,
         2.6175e-05],
        [7.8354e-06, 1.2048e-05, 1.9940e-05,  ..., 1.1431e-05, 1.9889e-05,
         1.4399e-05],
        [5.5727e-06, 1.1122e-05, 1.5897e-05,  ..., 6.9987e-06, 1.5865e-05,
         1.8060e-05],
        ...,
        [8.8365e-06, 8.2464e-06, 1.8530e-05,  ..., 4.6152e-06, 2.5252e-05,
         2.0482e-05],
        [4.4912e-06, 1.0679e-05, 1.1122e-05,  ..., 3.2185e-05, 8.4359e-06,
         2.6308e-05],
        [4.4044e-06, 1.2392e-05, 1.0373e-05,  ..., 2.0817e-05, 9.4838e-06,
         2.9526e-05]], device='cuda:0')]
DEBUG   [05-06 04:14:36] forward in Ensembler:
final predict
DEBUG   [05-06 04:14:36] forward in Ensembler:
tensor([[1.0463e-05, 2.3434e-05, 2.8787e-05,  ..., 2.2157e-05, 2.1030e-05,
         4.9428e-05],
        [1.7235e-05, 2.4018e-05, 3.9058e-05,  ..., 2.1323e-05, 4.1630e-05,
         3.3845e-05],
        [9.3133e-06, 2.0308e-05, 2.8857e-05,  ..., 1.5043e-05, 2.9244e-05,
         4.2111e-05],
        ...,
        [2.0078e-05, 1.6041e-05, 3.2619e-05,  ..., 1.1461e-05, 4.4554e-05,
         4.2301e-05],
        [7.7542e-06, 2.4918e-05, 2.3338e-05,  ..., 5.5686e-05, 1.6549e-05,
         4.6212e-05],
        [7.6734e-06, 2.5688e-05, 2.5186e-05,  ..., 3.5152e-05, 1.7859e-05,
         4.7194e-05]], device='cuda:0')
DEBUG   [05-06 04:14:36] forward in Ensembler:
final confidence
DEBUG   [05-06 04:14:36] forward in Ensembler:
tensor([1.4025e-04, 6.9598e-05, 8.9202e-05,  ..., 1.1696e-04, 1.3216e-04,
        2.4206e-04], device='cuda:0')
INFO    [05-06 04:15:11] test_mentor in DistillTrainer:
{'Recall@10': 0.05970114380121231, 'NDCG@10': 0.035638000816106796, 'MRR@10': 0.028315133526921273, 'Recall@5': 0.042074147909879685, 'NDCG@5': 0.02995801851153374, 'MRR@5': 0.025982939302921296, 'Recall*@10': 0.06377047523856164, 'NDCG*@10': 0.03792030408978462, 'MRR*@10': 0.0300527273863554, 'Recall*@5': 0.04489250093698502, 'NDCG*@5': 0.03183477751910686, 'MRR*@5': 0.02755269207060337}
INFO    [05-06 04:15:11] train in DistillTrainer:
result:
{'Recall@10': 0.05970114380121231, 'NDCG@10': 0.035638000816106796, 'MRR@10': 0.028315133526921273, 'Recall@5': 0.042074147909879685, 'NDCG@5': 0.02995801851153374, 'MRR@5': 0.025982939302921296, 'Recall*@10': 0.06377047523856164, 'NDCG*@10': 0.03792030408978462, 'MRR*@10': 0.0300527273863554, 'Recall*@5': 0.04489250093698502, 'NDCG*@5': 0.03183477751910686, 'MRR*@5': 0.02755269207060337}
INFO    [05-06 04:15:51] log in loggers:
Update Best NDCG@10 Model at 0
INFO    [05-06 04:15:51] validate in BasicTrainer:
{'Recall@10': 0.00033203125, 'NDCG@10': 0.00014112540433416142, 'MRR@10': 8.473617323033978e-05, 'Recall@5': 0.000146484375, 'NDCG@5': 8.149782719556242e-05, 'MRR@5': 6.03841150586959e-05, 'Recall*@10': 0.00031247938983142376, 'NDCG*@10': 0.00013840028928825633, 'MRR*@10': 8.687235858815257e-05, 'Recall*@5': 0.00014406405622139574, 'NDCG*@5': 8.445796614978463e-05, 'MRR*@5': 6.494511442724616e-05}
INFO    [05-06 04:15:51] train in BasicTrainer:
epoch: 0
DEBUG   [05-06 04:15:51] calculate_loss in loss:
soft_target max: 0.5005312561988831, argmax 87328153
DEBUG   [05-06 04:15:51] calculate_loss in loss:
pred max in softmax: 3.422421286813915e-05, argmax 110193085
INFO    [05-06 04:16:09] _train_one_epoch in BasicTrainer:
loss = 7.14613304911433
INFO    [05-06 04:16:51] log in loggers:
Update Best NDCG@10 Model at 0
INFO    [05-06 04:16:51] validate in BasicTrainer:
{'Recall@10': 0.036750810891389846, 'NDCG@10': 0.018544547259807587, 'MRR@10': 0.013013669326901435, 'Recall@5': 0.023696682676672937, 'NDCG@5': 0.014353725500404835, 'MRR@5': 0.011301957704126835, 'Recall*@10': 0.03973428830504418, 'NDCG*@10': 0.020465377643704416, 'MRR*@10': 0.014606987237930297, 'Recall*@5': 0.025711819976568222, 'NDCG*@5': 0.015971686132252215, 'MRR*@5': 0.012776382565498352}
INFO    [05-06 04:16:51] train in BasicTrainer:
duration: 60.16688251495361s
INFO    [05-06 04:16:51] train in BasicTrainer:
epoch: 1
INFO    [05-06 04:17:09] _train_one_epoch in BasicTrainer:
loss = 6.847874074368863
INFO    [05-06 04:17:49] log in loggers:
Update Best NDCG@10 Model at 1
INFO    [05-06 04:17:50] validate in BasicTrainer:
{'Recall@10': 0.03681649178266525, 'NDCG@10': 0.01983507417142391, 'MRR@10': 0.014684701077640057, 'Recall@5': 0.0239788144081831, 'NDCG@5': 0.01571317348629236, 'MRR@5': 0.013000792674720287, 'Recall*@10': 0.03996232703328133, 'NDCG*@10': 0.02177097387611866, 'MRR*@10': 0.01625349011272192, 'Recall*@5': 0.0261579380184412, 'NDCG*@5': 0.01734386395663023, 'MRR*@5': 0.014448077492415905}
INFO    [05-06 04:17:50] train in BasicTrainer:
duration: 59.13260269165039s
INFO    [05-06 04:17:50] train in BasicTrainer:
epoch: 2
INFO    [05-06 04:18:09] _train_one_epoch in BasicTrainer:
loss = 6.740725169310698
INFO    [05-06 04:18:50] log in loggers:
Update Best NDCG@10 Model at 2
INFO    [05-06 04:18:50] validate in BasicTrainer:
{'Recall@10': 0.03815331101417541, 'NDCG@10': 0.02052586629986763, 'MRR@10': 0.01518206749111414, 'Recall@5': 0.02498735226690769, 'NDCG@5': 0.016308155991137028, 'MRR@5': 0.013464752621948718, 'Recall*@10': 0.041678971201181414, 'NDCG*@10': 0.022717560678720473, 'MRR*@10': 0.016969091817736627, 'Recall*@5': 0.027384675592184066, 'NDCG*@5': 0.01813711743801832, 'MRR*@5': 0.01510325364768505}
INFO    [05-06 04:18:50] train in BasicTrainer:
duration: 60.20323419570923s
INFO    [05-06 04:18:50] train in BasicTrainer:
epoch: 3
INFO    [05-06 04:19:08] _train_one_epoch in BasicTrainer:
loss = 6.639032462695697
INFO    [05-06 04:19:49] log in loggers:
Update Best NDCG@10 Model at 3
INFO    [05-06 04:19:49] validate in BasicTrainer:
{'Recall@10': 0.04155764117836952, 'NDCG@10': 0.022393459528684614, 'MRR@10': 0.016570935547351836, 'Recall@5': 0.027441738247871397, 'NDCG@5': 0.017859044671058654, 'MRR@5': 0.014717091917991637, 'Recall*@10': 0.04503807619214058, 'NDCG*@10': 0.024479831159114836, 'MRR*@10': 0.018236198797821998, 'Recall*@5': 0.029816531091928482, 'NDCG*@5': 0.019590832069516183, 'MRR*@5': 0.016237672492861746}
INFO    [05-06 04:19:49] train in BasicTrainer:
duration: 58.69967746734619s
INFO    [05-06 04:19:49] train in BasicTrainer:
epoch: 4
INFO    [05-06 04:20:06] _train_one_epoch in BasicTrainer:
loss = 6.585331289617865
INFO    [05-06 04:20:46] log in loggers:
Update Best NDCG@10 Model at 4
INFO    [05-06 04:20:47] validate in BasicTrainer:
{'Recall@10': 0.04361097753047943, 'NDCG@10': 0.02327558346092701, 'MRR@10': 0.01709905728697777, 'Recall@5': 0.02879742980003357, 'NDCG@5': 0.018532374352216722, 'MRR@5': 0.015169119723141193, 'Recall*@10': 0.04752122387290001, 'NDCG*@10': 0.025532007217407227, 'MRR*@10': 0.018857201933860777, 'Recall*@5': 0.031451770663261415, 'NDCG*@5': 0.020390490517020226, 'MRR*@5': 0.01676742445677519}
INFO    [05-06 04:20:47] train in BasicTrainer:
duration: 57.7378716468811s
INFO    [05-06 04:20:47] train in BasicTrainer:
epoch: 5
INFO    [05-06 04:21:05] _train_one_epoch in BasicTrainer:
loss = 6.521032543869706
INFO    [05-06 04:21:46] log in loggers:
Update Best NDCG@10 Model at 5
INFO    [05-06 04:21:46] validate in BasicTrainer:
{'Recall@10': 0.04722038581967354, 'NDCG@10': 0.025397047176957132, 'MRR@10': 0.01876678377389908, 'Recall@5': 0.031339706480503084, 'NDCG@5': 0.020296001508831978, 'MRR@5': 0.016681270264089106, 'Recall*@10': 0.05107438951730728, 'NDCG*@10': 0.027665300890803338, 'MRR*@10': 0.020554553493857385, 'Recall*@5': 0.03409065388143063, 'NDCG*@5': 0.022213705331087113, 'MRR*@5': 0.0183277902379632}
INFO    [05-06 04:21:46] train in BasicTrainer:
duration: 59.71560192108154s
INFO    [05-06 04:21:46] train in BasicTrainer:
epoch: 6
INFO    [05-06 04:22:04] _train_one_epoch in BasicTrainer:
loss = 6.451381988353558
INFO    [05-06 04:22:44] log in loggers:
Update Best NDCG@10 Model at 6
INFO    [05-06 04:22:44] validate in BasicTrainer:
{'Recall@10': 0.04879038542509079, 'NDCG@10': 0.02645180344581604, 'MRR@10': 0.019657193794846536, 'Recall@5': 0.03230638012290001, 'NDCG@5': 0.02115209199488163, 'MRR@5': 0.017487972676753998, 'Recall*@10': 0.05285248130559921, 'NDCG*@10': 0.028740724474191667, 'MRR*@10': 0.02141031816601753, 'Recall*@5': 0.03502379924058914, 'NDCG*@5': 0.023010257109999658, 'MRR*@5': 0.01906574346125126}
INFO    [05-06 04:22:44] train in BasicTrainer:
duration: 57.803308963775635s
INFO    [05-06 04:22:44] train in BasicTrainer:
epoch: 7
INFO    [05-06 04:23:02] _train_one_epoch in BasicTrainer:
loss = 6.403835902342925
INFO    [05-06 04:23:44] log in loggers:
Update Best NDCG@10 Model at 7
INFO    [05-06 04:23:44] validate in BasicTrainer:
{'Recall@10': 0.049797316193580625, 'NDCG@10': 0.027062194421887398, 'MRR@10': 0.020150782614946364, 'Recall@5': 0.03293632447719574, 'NDCG@5': 0.02163688115775585, 'MRR@5': 0.01792757585644722, 'Recall*@10': 0.053857191801071166, 'NDCG*@10': 0.02934565894305706, 'MRR*@10': 0.02189542904496193, 'Recall*@5': 0.035755580589175225, 'NDCG*@5': 0.023521583750844, 'MRR*@5': 0.0195091163367033}
INFO    [05-06 04:23:44] train in BasicTrainer:
duration: 59.9544939994812s
INFO    [05-06 04:23:44] train in BasicTrainer:
epoch: 8
INFO    [05-06 04:24:02] _train_one_epoch in BasicTrainer:
loss = 6.368630323324117
INFO    [05-06 04:24:43] log in loggers:
Update Best NDCG@10 Model at 8
INFO    [05-06 04:24:43] validate in BasicTrainer:
{'Recall@10': 0.05085146799683571, 'NDCG@10': 0.027680736556649207, 'MRR@10': 0.020644222870469093, 'Recall@5': 0.033554237335920334, 'NDCG@5': 0.022113518193364143, 'MRR@5': 0.018362204432487487, 'Recall*@10': 0.05519221439957619, 'NDCG*@10': 0.03012256234884262, 'MRR*@10': 0.02250963620841503, 'Recall*@5': 0.036549399346113204, 'NDCG*@5': 0.024123374670743943, 'MRR*@5': 0.020051297321915625}
INFO    [05-06 04:24:43] train in BasicTrainer:
duration: 58.96655631065369s
INFO    [05-06 04:24:43] train in BasicTrainer:
epoch: 9
DEBUG   [05-06 04:24:44] calculate_loss in loss:
soft_target max: 0.5006775259971619, argmax 57202615
DEBUG   [05-06 04:24:44] calculate_loss in loss:
pred max in softmax: 0.08852365612983704, argmax 121248
DEBUG   [05-06 04:24:44] calculate_loss in loss:
soft_target max: 0.5011849999427795, argmax 100450029
DEBUG   [05-06 04:24:44] calculate_loss in loss:
pred max in softmax: 0.11049386113882065, argmax 99401043
INFO    [05-06 04:25:01] _train_one_epoch in BasicTrainer:
loss = 6.339326729645601
INFO    [05-06 04:25:41] log in loggers:
Update Best NDCG@10 Model at 9
INFO    [05-06 04:25:41] validate in BasicTrainer:
{'Recall@10': 0.05082979395985603, 'NDCG@10': 0.02813051089644432, 'MRR@10': 0.02122538208961487, 'Recall@5': 0.03423675969243049, 'NDCG@5': 0.022783782854676245, 'MRR@5': 0.01902981474995613, 'Recall*@10': 0.055056468546390534, 'NDCG*@10': 0.030458575561642647, 'MRR*@10': 0.022978432923555375, 'Recall*@5': 0.037025680541992186, 'NDCG*@5': 0.024647690802812577, 'MRR*@5': 0.020591704845428466}
INFO    [05-06 04:25:41] train in BasicTrainer:
duration: 58.34999489784241s
INFO    [05-06 04:25:41] train in BasicTrainer:
epoch: 10
INFO    [05-06 04:25:59] _train_one_epoch in BasicTrainer:
loss = 6.310521671363899
INFO    [05-06 04:26:40] log in loggers:
Update Best NDCG@10 Model at 10
INFO    [05-06 04:26:40] validate in BasicTrainer:
{'Recall@10': 0.0517975389957428, 'NDCG@10': 0.02840862803161144, 'MRR@10': 0.021295603662729264, 'Recall@5': 0.03478136867284775, 'NDCG@5': 0.022936043590307237, 'MRR@5': 0.019054522514343263, 'Recall*@10': 0.05629984959959984, 'NDCG*@10': 0.030966522917151452, 'MRR*@10': 0.023267220482230188, 'Recall*@5': 0.037770578861236574, 'NDCG*@5': 0.025007051527500154, 'MRR*@5': 0.02082653559744358}
INFO    [05-06 04:26:40] train in BasicTrainer:
duration: 58.497981548309326s
INFO    [05-06 04:26:40] train in BasicTrainer:
epoch: 11
INFO    [05-06 04:26:58] _train_one_epoch in BasicTrainer:
loss = 6.280537403381623
INFO    [05-06 04:27:38] log in loggers:
Update Best NDCG@10 Model at 11
INFO    [05-06 04:27:38] validate in BasicTrainer:
{'Recall@10': 0.05274426892399788, 'NDCG@10': 0.02912593901157379, 'MRR@10': 0.021962518021464348, 'Recall@5': 0.03502229526638985, 'NDCG@5': 0.023421850726008414, 'MRR@5': 0.019624294266104698, 'Recall*@10': 0.0572324301302433, 'NDCG*@10': 0.03165533855557442, 'MRR*@10': 0.023897392377257347, 'Recall*@5': 0.038035331517457964, 'NDCG*@5': 0.02547346629202366, 'MRR*@5': 0.0213616131991148}
INFO    [05-06 04:27:38] train in BasicTrainer:
duration: 58.13467741012573s
INFO    [05-06 04:27:38] train in BasicTrainer:
epoch: 12
INFO    [05-06 04:27:57] _train_one_epoch in BasicTrainer:
loss = 6.2489507305729495
INFO    [05-06 04:28:38] log in loggers:
Update Best NDCG@10 Model at 12
INFO    [05-06 04:28:38] validate in BasicTrainer:
{'Recall@10': 0.05311095386743545, 'NDCG@10': 0.029440808594226837, 'MRR@10': 0.022247463017702102, 'Recall@5': 0.03590334430336952, 'NDCG@5': 0.0239200072735548, 'MRR@5': 0.019994748830795286, 'Recall*@10': 0.05758677750825882, 'NDCG*@10': 0.032023867964744566, 'MRR*@10': 0.024256085455417634, 'Recall*@5': 0.03898177653551102, 'NDCG*@5': 0.026050930842757225, 'MRR*@5': 0.02181660048663616}
INFO    [05-06 04:28:38] train in BasicTrainer:
duration: 60.31282186508179s
INFO    [05-06 04:28:38] train in BasicTrainer:
epoch: 13
INFO    [05-06 04:28:56] _train_one_epoch in BasicTrainer:
loss = 6.217105057862428
INFO    [05-06 04:29:37] log in loggers:
Update Best NDCG@10 Model at 13
INFO    [05-06 04:29:37] validate in BasicTrainer:
{'Recall@10': 0.05413193583488465, 'NDCG@10': 0.029833375439047814, 'MRR@10': 0.02247525840997696, 'Recall@5': 0.035572384297847745, 'NDCG@5': 0.023867027163505555, 'MRR@5': 0.020033365935087203, 'Recall*@10': 0.05878971293568611, 'NDCG*@10': 0.03244418188929558, 'MRR*@10': 0.024469648599624635, 'Recall*@5': 0.038562267869710926, 'NDCG*@5': 0.025940578430891037, 'MRR*@5': 0.02180725760757923}
INFO    [05-06 04:29:37] train in BasicTrainer:
duration: 58.70005512237549s
INFO    [05-06 04:29:37] train in BasicTrainer:
epoch: 14
INFO    [05-06 04:29:56] _train_one_epoch in BasicTrainer:
loss = 6.185833166311453
INFO    [05-06 04:30:37] log in loggers:
Update Best NDCG@10 Model at 14
INFO    [05-06 04:30:37] validate in BasicTrainer:
{'Recall@10': 0.0550905741751194, 'NDCG@10': 0.03059404470026493, 'MRR@10': 0.02315419800579548, 'Recall@5': 0.03685918092727661, 'NDCG@5': 0.024731682315468788, 'MRR@5': 0.020754184871912003, 'Recall*@10': 0.05978298380970955, 'NDCG*@10': 0.03320960894227028, 'MRR*@10': 0.0251391314715147, 'Recall*@5': 0.03990377679467201, 'NDCG*@5': 0.026813749074935913, 'MRR*@5': 0.022518582567572595}
INFO    [05-06 04:30:37] train in BasicTrainer:
duration: 60.14614748954773s
INFO    [05-06 04:30:37] train in BasicTrainer:
epoch: 15
INFO    [05-06 04:30:56] _train_one_epoch in BasicTrainer:
loss = 6.155694403089918
INFO    [05-06 04:31:37] validate in BasicTrainer:
{'Recall@10': 0.05504936888813972, 'NDCG@10': 0.030577577501535416, 'MRR@10': 0.02314031533896923, 'Recall@5': 0.03705235064029694, 'NDCG@5': 0.02477878823876381, 'MRR@5': 0.02075929395854473, 'Recall*@10': 0.05957652285695076, 'NDCG*@10': 0.03324317291378975, 'MRR*@10': 0.0252362884581089, 'Recall*@5': 0.040321996062994005, 'NDCG*@5': 0.02703769989311695, 'MRR*@5': 0.02268739491701126}
INFO    [05-06 04:31:37] train in BasicTrainer:
duration: 59.62339663505554s
INFO    [05-06 04:31:37] train in BasicTrainer:
epoch: 16
INFO    [05-06 04:31:55] _train_one_epoch in BasicTrainer:
loss = 6.127862788535453
INFO    [05-06 04:32:36] log in loggers:
Update Best NDCG@10 Model at 16
INFO    [05-06 04:32:36] validate in BasicTrainer:
{'Recall@10': 0.05637427970767021, 'NDCG@10': 0.031375339552760124, 'MRR@10': 0.023794849812984468, 'Recall@5': 0.037628522515296935, 'NDCG@5': 0.025361381098628046, 'MRR@5': 0.02134080797433853, 'Recall*@10': 0.0609681835770607, 'NDCG*@10': 0.03402014069259167, 'MRR*@10': 0.025840477645397188, 'Recall*@5': 0.04098695978522301, 'NDCG*@5': 0.027609959691762925, 'MRR*@5': 0.023224631547927855}
INFO    [05-06 04:32:36] train in BasicTrainer:
duration: 58.90053033828735s
INFO    [05-06 04:32:36] train in BasicTrainer:
epoch: 17
INFO    [05-06 04:32:53] _train_one_epoch in BasicTrainer:
loss = 6.100655349525246
INFO    [05-06 04:33:34] validate in BasicTrainer:
{'Recall@10': 0.05628638908267021, 'NDCG@10': 0.03120391257107258, 'MRR@10': 0.023580875396728516, 'Recall@5': 0.03743267431855202, 'NDCG@5': 0.025121093317866324, 'MRR@5': 0.02107852891087532, 'Recall*@10': 0.060933931469917296, 'NDCG*@10': 0.03392085574567318, 'MRR*@10': 0.025707845240831376, 'Recall*@5': 0.040697987973690036, 'NDCG*@5': 0.027391147017478943, 'MRR*@5': 0.023021017238497733}
INFO    [05-06 04:33:34] train in BasicTrainer:
duration: 58.458882331848145s
INFO    [05-06 04:33:34] train in BasicTrainer:
epoch: 18
DEBUG   [05-06 04:33:35] calculate_loss in loss:
soft_target max: 0.5006333589553833, argmax 81738802
DEBUG   [05-06 04:33:35] calculate_loss in loss:
pred max in softmax: 0.46110397577285767, argmax 38751869
DEBUG   [05-06 04:33:35] calculate_loss in loss:
soft_target max: 0.5006906390190125, argmax 8269079
DEBUG   [05-06 04:33:35] calculate_loss in loss:
pred max in softmax: 0.2280924767255783, argmax 13787628
INFO    [05-06 04:33:52] _train_one_epoch in BasicTrainer:
loss = 6.073137558258332
INFO    [05-06 04:34:32] validate in BasicTrainer:
{'Recall@10': 0.05631997153162956, 'NDCG@10': 0.031328313052654266, 'MRR@10': 0.02371338225901127, 'Recall@5': 0.03826168105006218, 'NDCG@5': 0.025508624762296678, 'MRR@5': 0.02132312744855881, 'Recall*@10': 0.06117770403623581, 'NDCG*@10': 0.03414080798625946, 'MRR*@10': 0.02590661808848381, 'Recall*@5': 0.04163896307349205, 'NDCG*@5': 0.027841237038373948, 'MRR*@5': 0.023317530229687692}
INFO    [05-06 04:34:32] train in BasicTrainer:
duration: 57.931936740875244s
INFO    [05-06 04:34:32] train in BasicTrainer:
epoch: 19
INFO    [05-06 04:34:51] _train_one_epoch in BasicTrainer:
loss = 6.045953110531643
INFO    [05-06 04:35:32] log in loggers:
Update Best NDCG@10 Model at 19
INFO    [05-06 04:35:32] validate in BasicTrainer:
{'Recall@10': 0.056820161044597625, 'NDCG@10': 0.03165682666003704, 'MRR@10': 0.02400744453072548, 'Recall@5': 0.03839238405227661, 'NDCG@5': 0.025727834030985833, 'MRR@5': 0.02157851979136467, 'Recall*@10': 0.06140752613544464, 'NDCG*@10': 0.034360313192009925, 'MRR*@10': 0.02613786034286022, 'Recall*@5': 0.04172329977154732, 'NDCG*@5': 0.028028419613838194, 'MRR*@5': 0.023544603064656257}
INFO    [05-06 04:35:32] train in BasicTrainer:
duration: 60.14508676528931s
INFO    [05-06 04:35:32] train in BasicTrainer:
epoch: 20
INFO    [05-06 04:35:50] _train_one_epoch in BasicTrainer:
loss = 6.020544142336459
INFO    [05-06 04:36:30] validate in BasicTrainer:
{'Recall@10': 0.0565781632065773, 'NDCG@10': 0.031589514687657354, 'MRR@10': 0.023996351957321166, 'Recall@5': 0.03801914751529693, 'NDCG@5': 0.025609220713377, 'MRR@5': 0.021540813148021698, 'Recall*@10': 0.06107388019561768, 'NDCG*@10': 0.03428912341594696, 'MRR*@10': 0.026151258572936056, 'Recall*@5': 0.04113826915621757, 'NDCG*@5': 0.027866081073880195, 'MRR*@5': 0.023514370024204253}
INFO    [05-06 04:36:30] train in BasicTrainer:
duration: 57.85773968696594s
INFO    [05-06 04:36:30] train in BasicTrainer:
epoch: 21
INFO    [05-06 04:36:49] _train_one_epoch in BasicTrainer:
loss = 5.994876324593484
INFO    [05-06 04:37:30] log in loggers:
Update Best NDCG@10 Model at 21
INFO    [05-06 04:37:30] validate in BasicTrainer:
{'Recall@10': 0.05717118799686432, 'NDCG@10': 0.032026006057858464, 'MRR@10': 0.02437875971198082, 'Recall@5': 0.038543277084827424, 'NDCG@5': 0.026015788465738297, 'MRR@5': 0.021906171962618827, 'Recall*@10': 0.061638131886720654, 'NDCG*@10': 0.03470232151448727, 'MRR*@10': 0.026509401202201844, 'Recall*@5': 0.04188489630818367, 'NDCG*@5': 0.0283292306214571, 'MRR*@5': 0.023887662813067437}
INFO    [05-06 04:37:30] train in BasicTrainer:
duration: 60.07878232002258s
INFO    [05-06 04:37:30] train in BasicTrainer:
epoch: 22
INFO    [05-06 04:37:48] _train_one_epoch in BasicTrainer:
loss = 5.970291352486825
INFO    [05-06 04:38:28] log in loggers:
Update Best NDCG@10 Model at 22
INFO    [05-06 04:38:28] validate in BasicTrainer:
{'Recall@10': 0.057472850978374485, 'NDCG@10': 0.03221557922661304, 'MRR@10': 0.02453305758535862, 'Recall@5': 0.039038522243499754, 'NDCG@5': 0.026277855113148688, 'MRR@5': 0.02209598444402218, 'Recall*@10': 0.06208442151546478, 'NDCG*@10': 0.03487100251019001, 'MRR*@10': 0.02658935248851776, 'Recall*@5': 0.042338041216135026, 'NDCG*@5': 0.028510863557457924, 'MRR*@5': 0.023979111686348916}
INFO    [05-06 04:38:28] train in BasicTrainer:
duration: 58.15658783912659s
INFO    [05-06 04:38:28] train in BasicTrainer:
epoch: 23
INFO    [05-06 04:38:47] _train_one_epoch in BasicTrainer:
loss = 5.945344615626979
INFO    [05-06 04:39:28] log in loggers:
Update Best NDCG@10 Model at 23
INFO    [05-06 04:39:28] validate in BasicTrainer:
{'Recall@10': 0.0581894913315773, 'NDCG@10': 0.032433364093303683, 'MRR@10': 0.02459436170756817, 'Recall@5': 0.03948559835553169, 'NDCG@5': 0.02642460949718952, 'MRR@5': 0.02213788576424122, 'Recall*@10': 0.06262667536735535, 'NDCG*@10': 0.03504589274525642, 'MRR*@10': 0.026647953912615777, 'Recall*@5': 0.04269314497709274, 'NDCG*@5': 0.028642418161034584, 'MRR*@5': 0.024030206352472307}
INFO    [05-06 04:39:28] train in BasicTrainer:
duration: 59.864506244659424s
INFO    [05-06 04:39:28] train in BasicTrainer:
epoch: 24
INFO    [05-06 04:39:45] _train_one_epoch in BasicTrainer:
loss = 5.921745497901161
INFO    [05-06 04:40:26] log in loggers:
Update Best NDCG@10 Model at 24
INFO    [05-06 04:40:26] validate in BasicTrainer:
{'Recall@10': 0.05894412308931351, 'NDCG@10': 0.03295335315167904, 'MRR@10': 0.02505969874560833, 'Recall@5': 0.03959302023053169, 'NDCG@5': 0.026728058755397795, 'MRR@5': 0.022509119808673858, 'Recall*@10': 0.06352803245186806, 'NDCG*@10': 0.03547744333744049, 'MRR*@10': 0.026961533799767495, 'Recall*@5': 0.04261769071221352, 'NDCG*@5': 0.028754744827747345, 'MRR*@5': 0.02420945979654789}
INFO    [05-06 04:40:26] train in BasicTrainer:
duration: 57.613956928253174s
INFO    [05-06 04:40:26] train in BasicTrainer:
epoch: 25
INFO    [05-06 04:40:44] _train_one_epoch in BasicTrainer:
loss = 5.897671802623852
INFO    [05-06 04:41:26] validate in BasicTrainer:
{'Recall@10': 0.058281131982803346, 'NDCG@10': 0.032816177755594256, 'MRR@10': 0.02507152169942856, 'Recall@5': 0.03985121190547943, 'NDCG@5': 0.026906007155776023, 'MRR@5': 0.0226616945117712, 'Recall*@10': 0.06271112129092217, 'NDCG*@10': 0.03541928447782993, 'MRR*@10': 0.02711885057389736, 'Recall*@5': 0.043034193515777586, 'NDCG*@5': 0.02910926505923271, 'MRR*@5': 0.024546136260032655}
INFO    [05-06 04:41:26] train in BasicTrainer:
duration: 59.7050998210907s
INFO    [05-06 04:41:26] train in BasicTrainer:
epoch: 26
INFO    [05-06 04:41:43] _train_one_epoch in BasicTrainer:
loss = 5.8755026722813515
INFO    [05-06 04:42:24] log in loggers:
Update Best NDCG@10 Model at 26
INFO    [05-06 04:42:25] validate in BasicTrainer:
{'Recall@10': 0.058906131982803346, 'NDCG@10': 0.03323564484715462, 'MRR@10': 0.025436993837356568, 'Recall@5': 0.03989134579896927, 'NDCG@5': 0.02713015764951706, 'MRR@5': 0.02294269599020481, 'Recall*@10': 0.06334916979074479, 'NDCG*@10': 0.03578011505305767, 'MRR*@10': 0.027401446402072906, 'Recall*@5': 0.04309618815779686, 'NDCG*@5': 0.029277454614639282, 'MRR*@5': 0.024745151475071905}
INFO    [05-06 04:42:25] train in BasicTrainer:
duration: 59.12203598022461s
INFO    [05-06 04:42:25] train in BasicTrainer:
epoch: 27
DEBUG   [05-06 04:42:26] calculate_loss in loss:
soft_target max: 0.5005765557289124, argmax 52103386
DEBUG   [05-06 04:42:26] calculate_loss in loss:
pred max in softmax: 0.2797672152519226, argmax 59300952
DEBUG   [05-06 04:42:26] calculate_loss in loss:
soft_target max: 0.5004400610923767, argmax 99524114
DEBUG   [05-06 04:42:26] calculate_loss in loss:
pred max in softmax: 0.7797548174858093, argmax 71881108
INFO    [05-06 04:42:43] _train_one_epoch in BasicTrainer:
loss = 5.853856967376159
INFO    [05-06 04:43:23] log in loggers:
Update Best NDCG@10 Model at 27
INFO    [05-06 04:43:23] validate in BasicTrainer:
{'Recall@10': 0.058833487033843994, 'NDCG@10': 0.03349435456097126, 'MRR@10': 0.025775895565748216, 'Recall@5': 0.04045453786849976, 'NDCG@5': 0.027575657591223716, 'MRR@5': 0.023347523286938666, 'Recall*@10': 0.06341833636164665, 'NDCG*@10': 0.0361258402466774, 'MRR*@10': 0.027811812609434126, 'Recall*@5': 0.043692665249109267, 'NDCG*@5': 0.029776462465524674, 'MRR*@5': 0.02520845130085945}
INFO    [05-06 04:43:23] train in BasicTrainer:
duration: 58.687384605407715s
INFO    [05-06 04:43:23] train in BasicTrainer:
epoch: 28
INFO    [05-06 04:43:41] _train_one_epoch in BasicTrainer:
loss = 5.83330047452772
INFO    [05-06 04:44:22] log in loggers:
Update Best NDCG@10 Model at 28
INFO    [05-06 04:44:23] validate in BasicTrainer:
{'Recall@10': 0.059024926424026486, 'NDCG@10': 0.033565248847007755, 'MRR@10': 0.025828528851270675, 'Recall@5': 0.04034110024571419, 'NDCG@5': 0.027548527494072914, 'MRR@5': 0.023360498324036597, 'Recall*@10': 0.06355779320001602, 'NDCG*@10': 0.03610445201396942, 'MRR*@10': 0.027761160880327224, 'Recall*@5': 0.04345800459384918, 'NDCG*@5': 0.02962969124317169, 'MRR*@5': 0.02510408863425255}
INFO    [05-06 04:44:23] train in BasicTrainer:
duration: 59.2127366065979s
INFO    [05-06 04:44:23] train in BasicTrainer:
epoch: 29
INFO    [05-06 04:44:40] _train_one_epoch in BasicTrainer:
loss = 5.814668904553662
INFO    [05-06 04:45:20] log in loggers:
Update Best NDCG@10 Model at 29
INFO    [05-06 04:45:20] validate in BasicTrainer:
{'Recall@10': 0.060309044420719146, 'NDCG@10': 0.034025880470871926, 'MRR@10': 0.026040571555495263, 'Recall@5': 0.040900419354438784, 'NDCG@5': 0.02778383009135723, 'MRR@5': 0.0234845170378685, 'Recall*@10': 0.06488572418689728, 'NDCG*@10': 0.03659806147217751, 'MRR*@10': 0.028004873022437097, 'Recall*@5': 0.04403799995779991, 'NDCG*@5': 0.029894656389951705, 'MRR*@5': 0.02526081420481205}
INFO    [05-06 04:45:20] train in BasicTrainer:
duration: 57.74318718910217s
INFO    [05-06 04:45:20] train in BasicTrainer:
epoch: 30
INFO    [05-06 04:45:39] _train_one_epoch in BasicTrainer:
loss = 5.794803383114101
INFO    [05-06 04:46:20] log in loggers:
Update Best NDCG@10 Model at 30
INFO    [05-06 04:46:21] validate in BasicTrainer:
{'Recall@10': 0.06046743720769882, 'NDCG@10': 0.03428922802209854, 'MRR@10': 0.0263345817476511, 'Recall@5': 0.041094660460948944, 'NDCG@5': 0.028073504120111465, 'MRR@5': 0.023797797113656996, 'Recall*@10': 0.06482914507389069, 'NDCG*@10': 0.03678330183029175, 'MRR*@10': 0.028256626278162004, 'Recall*@5': 0.04413385465741158, 'NDCG*@5': 0.03014074444770813, 'MRR*@5': 0.025544259920716284}
INFO    [05-06 04:46:21] train in BasicTrainer:
duration: 60.404402017593384s
INFO    [05-06 04:46:21] train in BasicTrainer:
epoch: 31
INFO    [05-06 04:46:38] _train_one_epoch in BasicTrainer:
loss = 5.778321635615718
INFO    [05-06 04:47:19] log in loggers:
Update Best NDCG@10 Model at 31
INFO    [05-06 04:47:19] validate in BasicTrainer:
{'Recall@10': 0.06103437930345535, 'NDCG@10': 0.034801641777157784, 'MRR@10': 0.026819100081920625, 'Recall@5': 0.04206252872943878, 'NDCG@5': 0.02870473302900791, 'MRR@5': 0.024325072988867758, 'Recall*@10': 0.0653196918964386, 'NDCG*@10': 0.03730865314602852, 'MRR*@10': 0.02878209337592125, 'Recall*@5': 0.04512196570634842, 'NDCG*@5': 0.030816194787621497, 'MRR*@5': 0.026125478073954583}
INFO    [05-06 04:47:19] train in BasicTrainer:
duration: 58.1048047542572s
INFO    [05-06 04:47:19] train in BasicTrainer:
epoch: 32
INFO    [05-06 04:47:38] _train_one_epoch in BasicTrainer:
loss = 5.760113471263164
INFO    [05-06 04:48:19] validate in BasicTrainer:
{'Recall@10': 0.06060308456420899, 'NDCG@10': 0.03450613744556904, 'MRR@10': 0.026566227003932, 'Recall@5': 0.041641535460948946, 'NDCG@5': 0.028402157425880432, 'MRR@5': 0.024063674956560133, 'Recall*@10': 0.06490694969892502, 'NDCG*@10': 0.03701677724719048, 'MRR*@10': 0.028532384410500527, 'Recall*@5': 0.04455521315336228, 'NDCG*@5': 0.030465836599469186, 'MRR*@5': 0.025846887305378916}
INFO    [05-06 04:48:19] train in BasicTrainer:
duration: 59.91095018386841s
INFO    [05-06 04:48:19] train in BasicTrainer:
epoch: 33
INFO    [05-06 04:48:36] _train_one_epoch in BasicTrainer:
loss = 5.743190481856063
INFO    [05-06 04:49:17] log in loggers:
Update Best NDCG@10 Model at 33
INFO    [05-06 04:49:17] validate in BasicTrainer:
{'Recall@10': 0.06191435694694519, 'NDCG@10': 0.03530333042144775, 'MRR@10': 0.02722252584993839, 'Recall@5': 0.04198333233594895, 'NDCG@5': 0.028893043175339698, 'MRR@5': 0.024597421512007712, 'Recall*@10': 0.06619742184877396, 'NDCG*@10': 0.037772559225559235, 'MRR*@10': 0.029138450399041175, 'Recall*@5': 0.04494107887148857, 'NDCG*@5': 0.0309283534437418, 'MRR*@5': 0.02633138984441757}
INFO    [05-06 04:49:17] train in BasicTrainer:
duration: 57.974831104278564s
INFO    [05-06 04:49:17] train in BasicTrainer:
epoch: 34
INFO    [05-06 04:49:35] _train_one_epoch in BasicTrainer:
loss = 5.727402382068806
INFO    [05-06 04:50:16] validate in BasicTrainer:
{'Recall@10': 0.06152319610118866, 'NDCG@10': 0.035153707563877104, 'MRR@10': 0.02714189179241657, 'Recall@5': 0.04203483894467354, 'NDCG@5': 0.02889555662870407, 'MRR@5': 0.024584674760699272, 'Recall*@10': 0.06553487539291382, 'NDCG*@10': 0.03752081751823425, 'MRR*@10': 0.029007357731461524, 'Recall*@5': 0.04483395174145698, 'NDCG*@5': 0.03086813189089298, 'MRR*@5': 0.026285880878567695}
INFO    [05-06 04:50:16] train in BasicTrainer:
duration: 59.64891052246094s
INFO    [05-06 04:50:16] train in BasicTrainer:
epoch: 35
INFO    [05-06 04:50:34] _train_one_epoch in BasicTrainer:
loss = 5.712969320314425
INFO    [05-06 04:51:15] log in loggers:
Update Best NDCG@10 Model at 35
INFO    [05-06 04:51:15] validate in BasicTrainer:
{'Recall@10': 0.062288129031658174, 'NDCG@10': 0.035494426488876345, 'MRR@10': 0.027354377955198288, 'Recall@5': 0.042295296639204026, 'NDCG@5': 0.029059714749455453, 'MRR@5': 0.02471686214208603, 'Recall*@10': 0.06664534017443657, 'NDCG*@10': 0.03795147940516472, 'MRR*@10': 0.029237991720438002, 'Recall*@5': 0.04524847880005836, 'NDCG*@5': 0.03106826052069664, 'MRR*@5': 0.026418513283133507}
INFO    [05-06 04:51:15] train in BasicTrainer:
duration: 58.44848895072937s
INFO    [05-06 04:51:15] train in BasicTrainer:
epoch: 36
DEBUG   [05-06 04:51:17] calculate_loss in loss:
soft_target max: 0.50189608335495, argmax 23997567
DEBUG   [05-06 04:51:17] calculate_loss in loss:
pred max in softmax: 0.9012372493743896, argmax 115318187
DEBUG   [05-06 04:51:17] calculate_loss in loss:
soft_target max: 0.5014946460723877, argmax 86579945
DEBUG   [05-06 04:51:17] calculate_loss in loss:
pred max in softmax: 0.9358837604522705, argmax 8344662
INFO    [05-06 04:51:33] _train_one_epoch in BasicTrainer:
loss = 5.697887094171198
INFO    [05-06 04:52:15] log in loggers:
Update Best NDCG@10 Model at 36
INFO    [05-06 04:52:15] validate in BasicTrainer:
{'Recall@10': 0.06224531680345535, 'NDCG@10': 0.035865730792284015, 'MRR@10': 0.027851403430104255, 'Recall@5': 0.042560039907693865, 'NDCG@5': 0.029532295390963553, 'MRR@5': 0.025256519988179207, 'Recall*@10': 0.06636442855000496, 'NDCG*@10': 0.03820848017930985, 'MRR*@10': 0.029652822017669677, 'Recall*@5': 0.04543081268668175, 'NDCG*@5': 0.03147148221731186, 'MRR*@5': 0.026891449093818666}
INFO    [05-06 04:52:15] train in BasicTrainer:
duration: 60.3789176940918s
INFO    [05-06 04:52:15] train in BasicTrainer:
epoch: 37
INFO    [05-06 04:52:33] _train_one_epoch in BasicTrainer:
loss = 5.683984889640464
INFO    [05-06 04:53:14] validate in BasicTrainer:
{'Recall@10': 0.06228545069694519, 'NDCG@10': 0.035733657628297805, 'MRR@10': 0.027668602243065835, 'Recall@5': 0.0425220488011837, 'NDCG@5': 0.029379882514476777, 'MRR@5': 0.025067652016878127, 'Recall*@10': 0.06653363198041916, 'NDCG*@10': 0.03805714502930641, 'MRR*@10': 0.02940323159098625, 'Recall*@5': 0.04543089702725411, 'NDCG*@5': 0.03126893438398838, 'MRR*@5': 0.026622274219989778}
INFO    [05-06 04:53:14] train in BasicTrainer:
duration: 58.39098310470581s
INFO    [05-06 04:53:14] train in BasicTrainer:
epoch: 38
INFO    [05-06 04:53:31] _train_one_epoch in BasicTrainer:
loss = 5.669576872576465
INFO    [05-06 04:54:11] log in loggers:
Update Best NDCG@10 Model at 38
INFO    [05-06 04:54:12] validate in BasicTrainer:
{'Recall@10': 0.06284798383712768, 'NDCG@10': 0.03630034029483795, 'MRR@10': 0.028240471556782724, 'Recall@5': 0.0430916690826416, 'NDCG@5': 0.02996014341711998, 'MRR@5': 0.02565218321979046, 'Recall*@10': 0.06715540498495103, 'NDCG*@10': 0.03868599623441696, 'MRR*@10': 0.030044819489121438, 'Recall*@5': 0.04593973129987717, 'NDCG*@5': 0.03188324354588985, 'MRR*@5': 0.02727108687162399}
INFO    [05-06 04:54:12] train in BasicTrainer:
duration: 57.992760181427s
INFO    [05-06 04:54:12] train in BasicTrainer:
epoch: 39
INFO    [05-06 04:54:30] _train_one_epoch in BasicTrainer:
loss = 5.657279890936774
INFO    [05-06 04:55:11] log in loggers:
Update Best NDCG@10 Model at 39
INFO    [05-06 04:55:11] validate in BasicTrainer:
{'Recall@10': 0.06289520472288132, 'NDCG@10': 0.036574873924255374, 'MRR@10': 0.02856073297560215, 'Recall@5': 0.04382516235113144, 'NDCG@5': 0.030434498637914656, 'MRR@5': 0.026042174398899078, 'Recall*@10': 0.06673211842775345, 'NDCG*@10': 0.03889655396342277, 'MRR*@10': 0.03041677936911583, 'Recall*@5': 0.046614235490560534, 'NDCG*@5': 0.0324146343767643, 'MRR*@5': 0.027755847573280333}
INFO    [05-06 04:55:11] train in BasicTrainer:
duration: 59.607826471328735s
INFO    [05-06 04:55:11] train in BasicTrainer:
epoch: 40
INFO    [05-06 04:55:29] _train_one_epoch in BasicTrainer:
loss = 5.644367398442449
INFO    [05-06 04:56:09] log in loggers:
Update Best NDCG@10 Model at 40
INFO    [05-06 04:56:10] validate in BasicTrainer:
{'Recall@10': 0.06291312903165817, 'NDCG@10': 0.03659142702817917, 'MRR@10': 0.028585656806826593, 'Recall@5': 0.04358918040990829, 'NDCG@5': 0.030382221415638924, 'MRR@5': 0.02604640819132328, 'Recall*@10': 0.06693483129143715, 'NDCG*@10': 0.03890915229916572, 'MRR*@10': 0.030388487204909324, 'Recall*@5': 0.04626301601529122, 'NDCG*@5': 0.03226638279855251, 'MRR*@5': 0.02767172649502754}
INFO    [05-06 04:56:10] train in BasicTrainer:
duration: 58.555023431777954s
INFO    [05-06 04:56:10] train in BasicTrainer:
epoch: 41
INFO    [05-06 04:56:28] _train_one_epoch in BasicTrainer:
loss = 5.632016147579159
INFO    [05-06 04:57:10] log in loggers:
Update Best NDCG@10 Model at 41
INFO    [05-06 04:57:10] validate in BasicTrainer:
{'Recall@10': 0.06448968023061752, 'NDCG@10': 0.037387005388736724, 'MRR@10': 0.029146539494395256, 'Recall@5': 0.0445103631913662, 'NDCG@5': 0.03096978209912777, 'MRR@5': 0.02652335025370121, 'Recall*@10': 0.06846630617976189, 'NDCG*@10': 0.039672236293554305, 'MRR*@10': 0.030920621827244758, 'Recall*@5': 0.04723960667848587, 'NDCG*@5': 0.03285821035504341, 'MRR*@5': 0.028137440457940102}
INFO    [05-06 04:57:10] train in BasicTrainer:
duration: 60.21869230270386s
INFO    [05-06 04:57:10] train in BasicTrainer:
epoch: 42
INFO    [05-06 04:57:27] _train_one_epoch in BasicTrainer:
loss = 5.617520444028012
INFO    [05-06 04:58:08] validate in BasicTrainer:
{'Recall@10': 0.06382079631090164, 'NDCG@10': 0.037287657111883164, 'MRR@10': 0.029211202338337898, 'Recall@5': 0.04433618903160095, 'NDCG@5': 0.031023982837796213, 'MRR@5': 0.026647507324814797, 'Recall*@10': 0.06777662307024002, 'NDCG*@10': 0.039581064730882645, 'MRR*@10': 0.03099530130624771, 'Recall*@5': 0.04713505044579506, 'NDCG*@5': 0.03294537119567394, 'MRR*@5': 0.028279332220554353}
INFO    [05-06 04:58:08] train in BasicTrainer:
duration: 58.35981893539429s
INFO    [05-06 04:58:08] train in BasicTrainer:
epoch: 43
INFO    [05-06 04:58:26] _train_one_epoch in BasicTrainer:
loss = 5.610648236833177
INFO    [05-06 04:59:06] validate in BasicTrainer:
{'Recall@10': 0.06360755980014801, 'NDCG@10': 0.037307634204626086, 'MRR@10': 0.029292388558387755, 'Recall@5': 0.04468882292509079, 'NDCG@5': 0.0312200815230608, 'MRR@5': 0.02679783456027508, 'Recall*@10': 0.0674846750497818, 'NDCG*@10': 0.03960555493831634, 'MRR*@10': 0.031113238409161567, 'Recall*@5': 0.0473209048807621, 'NDCG*@5': 0.033120235055685045, 'MRR*@5': 0.028457422256469727}
INFO    [05-06 04:59:06] train in BasicTrainer:
duration: 57.91302728652954s
INFO    [05-06 04:59:06] train in BasicTrainer:
epoch: 44
INFO    [05-06 04:59:24] _train_one_epoch in BasicTrainer:
loss = 5.596847143259135
INFO    [05-06 05:00:05] log in loggers:
Update Best NDCG@10 Model at 44
INFO    [05-06 05:00:06] validate in BasicTrainer:
{'Recall@10': 0.06443281680345535, 'NDCG@10': 0.03781660959124565, 'MRR@10': 0.02972257286310196, 'Recall@5': 0.0449302850663662, 'NDCG@5': 0.03155867286026478, 'MRR@5': 0.027168025746941566, 'Recall*@10': 0.06843809187412261, 'NDCG*@10': 0.04004167288541794, 'MRR*@10': 0.031409434378147125, 'Recall*@5': 0.04748665511608124, 'NDCG*@5': 0.033319126814603806, 'MRR*@5': 0.02866548463702202}
INFO    [05-06 05:00:06] train in BasicTrainer:
duration: 59.3026704788208s
INFO    [05-06 05:00:06] train in BasicTrainer:
epoch: 45
DEBUG   [05-06 05:00:07] calculate_loss in loss:
soft_target max: 0.5015098452568054, argmax 12117143
DEBUG   [05-06 05:00:07] calculate_loss in loss:
pred max in softmax: 0.9606512784957886, argmax 46310801
DEBUG   [05-06 05:00:07] calculate_loss in loss:
soft_target max: 0.5011825561523438, argmax 1842850
DEBUG   [05-06 05:00:07] calculate_loss in loss:
pred max in softmax: 0.8697291612625122, argmax 53405243
INFO    [05-06 05:00:23] _train_one_epoch in BasicTrainer:
loss = 5.585726587622015
INFO    [05-06 05:01:03] log in loggers:
Update Best NDCG@10 Model at 45
INFO    [05-06 05:01:04] validate in BasicTrainer:
{'Recall@10': 0.06484565138816833, 'NDCG@10': 0.03808320000767708, 'MRR@10': 0.02995243489742279, 'Recall@5': 0.044864727407693865, 'NDCG@5': 0.03167888209223747, 'MRR@5': 0.0273424681276083, 'Recall*@10': 0.06848512962460518, 'NDCG*@10': 0.04022751688957214, 'MRR*@10': 0.03164480470120907, 'Recall*@5': 0.04733339101076126, 'NDCG*@5': 0.03344873107969761, 'MRR*@5': 0.028882813975214958}
INFO    [05-06 05:01:04] train in BasicTrainer:
duration: 58.04285931587219s
INFO    [05-06 05:01:04] train in BasicTrainer:
epoch: 46
INFO    [05-06 05:01:22] _train_one_epoch in BasicTrainer:
loss = 5.575740023776218
INFO    [05-06 05:02:03] validate in BasicTrainer:
{'Recall@10': 0.06466117590665817, 'NDCG@10': 0.03798241764307022, 'MRR@10': 0.029869801700115203, 'Recall@5': 0.045073019713163374, 'NDCG@5': 0.03168264798820019, 'MRR@5': 0.027290273383259775, 'Recall*@10': 0.0683886744081974, 'NDCG*@10': 0.04016477584838867, 'MRR*@10': 0.03158622987568378, 'Recall*@5': 0.04752937838435173, 'NDCG*@5': 0.03345856502652168, 'MRR*@5': 0.028841842263936997}
INFO    [05-06 05:02:03] train in BasicTrainer:
duration: 59.79394602775574s
INFO    [05-06 05:02:03] train in BasicTrainer:
epoch: 47
INFO    [05-06 05:02:21] _train_one_epoch in BasicTrainer:
loss = 5.564435799916585
INFO    [05-06 05:03:01] log in loggers:
Update Best NDCG@10 Model at 47
INFO    [05-06 05:03:02] validate in BasicTrainer:
{'Recall@10': 0.06531386554241181, 'NDCG@10': 0.038361507803201675, 'MRR@10': 0.030179657340049744, 'Recall@5': 0.04484894603490829, 'NDCG@5': 0.031778438538312914, 'MRR@5': 0.027483419477939607, 'Recall*@10': 0.0689096263051033, 'NDCG*@10': 0.04045957446098328, 'MRR*@10': 0.0318222264200449, 'Recall*@5': 0.04738524049520493, 'NDCG*@5': 0.033542024195194246, 'MRR*@5': 0.0289925866574049}
INFO    [05-06 05:03:02] train in BasicTrainer:
duration: 58.1889123916626s
INFO    [05-06 05:03:02] train in BasicTrainer:
epoch: 48
INFO    [05-06 05:03:20] _train_one_epoch in BasicTrainer:
loss = 5.555595363582577
INFO    [05-06 05:04:02] log in loggers:
Update Best NDCG@10 Model at 48
INFO    [05-06 05:04:03] validate in BasicTrainer:
{'Recall@10': 0.06611518263816833, 'NDCG@10': 0.038981502056121824, 'MRR@10': 0.030743049308657646, 'Recall@5': 0.045701233744621275, 'NDCG@5': 0.03242667600512505, 'MRR@5': 0.028064934238791465, 'Recall*@10': 0.06963036477565765, 'NDCG*@10': 0.04104866966605186, 'MRR*@10': 0.032363734096288684, 'Recall*@5': 0.0483872078359127, 'NDCG*@5': 0.034235529005527496, 'MRR*@5': 0.02958458699285984}
INFO    [05-06 05:04:03] train in BasicTrainer:
duration: 61.03768181800842s
INFO    [05-06 05:04:03] train in BasicTrainer:
epoch: 49
INFO    [05-06 05:04:20] _train_one_epoch in BasicTrainer:
loss = 5.546082032693399
INFO    [05-06 05:05:01] validate in BasicTrainer:
{'Recall@10': 0.06544576317071915, 'NDCG@10': 0.03848774418234825, 'MRR@10': 0.030300434455275537, 'Recall@5': 0.045418030619621276, 'NDCG@5': 0.032058622613549234, 'MRR@5': 0.02767474517226219, 'Recall*@10': 0.0689093279838562, 'NDCG*@10': 0.04054400116205215, 'MRR*@10': 0.03192342475056648, 'Recall*@5': 0.047950956821441654, 'NDCG*@5': 0.033814357593655586, 'MRR*@5': 0.02917399547994137}
INFO    [05-06 05:05:01] train in BasicTrainer:
duration: 58.56781005859375s
INFO    [05-06 05:05:01] train in BasicTrainer:
epoch: 50
INFO    [05-06 05:05:20] _train_one_epoch in BasicTrainer:
loss = 5.536063503574681
INFO    [05-06 05:06:00] validate in BasicTrainer:
{'Recall@10': 0.06582876533269882, 'NDCG@10': 0.03861188873648644, 'MRR@10': 0.030346326977014542, 'Recall@5': 0.04569962665438652, 'NDCG@5': 0.03215657986700535, 'MRR@5': 0.027714022547006608, 'Recall*@10': 0.06941339954733848, 'NDCG*@10': 0.04067717313766479, 'MRR*@10': 0.03194894842803478, 'Recall*@5': 0.04816059038043022, 'NDCG*@5': 0.033865642324090006, 'MRR*@5': 0.029173768237233163}
INFO    [05-06 05:06:00] train in BasicTrainer:
duration: 58.56405973434448s
INFO    [05-06 05:06:00] train in BasicTrainer:
epoch: 51
INFO    [05-06 05:06:19] _train_one_epoch in BasicTrainer:
loss = 5.529686450958252
INFO    [05-06 05:07:00] validate in BasicTrainer:
{'Recall@10': 0.06630620956420899, 'NDCG@10': 0.03888233348727226, 'MRR@10': 0.030553949028253556, 'Recall@5': 0.045858555138111115, 'NDCG@5': 0.03231348656117916, 'MRR@5': 0.02786844961345196, 'Recall*@10': 0.06994572445750237, 'NDCG*@10': 0.04098189532756805, 'MRR*@10': 0.032186677008867265, 'Recall*@5': 0.04830159768462181, 'NDCG*@5': 0.03402839906513691, 'MRR*@5': 0.029343765899538993}
INFO    [05-06 05:07:00] train in BasicTrainer:
duration: 59.87345767021179s
INFO    [05-06 05:07:00] train in BasicTrainer:
epoch: 52
INFO    [05-06 05:07:17] _train_one_epoch in BasicTrainer:
loss = 5.520274621946317
INFO    [05-06 05:07:57] log in loggers:
Update Best NDCG@10 Model at 52
INFO    [05-06 05:07:57] validate in BasicTrainer:
{'Recall@10': 0.06626273840665817, 'NDCG@10': 0.03911767140030861, 'MRR@10': 0.030867791175842284, 'Recall@5': 0.04633760645985603, 'NDCG@5': 0.032715222537517546, 'MRR@5': 0.028249348625540734, 'Recall*@10': 0.06977267906069756, 'NDCG*@10': 0.04122172027826309, 'MRR*@10': 0.03254612453281879, 'Recall*@5': 0.04873896703124046, 'NDCG*@5': 0.03445710532367229, 'MRR*@5': 0.02977589927613735}
INFO    [05-06 05:07:57] train in BasicTrainer:
duration: 57.458436489105225s
INFO    [05-06 05:07:57] train in BasicTrainer:
epoch: 53
INFO    [05-06 05:08:16] _train_one_epoch in BasicTrainer:
loss = 5.510198502927213
INFO    [05-06 05:08:58] log in loggers:
Update Best NDCG@10 Model at 53
INFO    [05-06 05:08:58] validate in BasicTrainer:
{'Recall@10': 0.06618741512298584, 'NDCG@10': 0.039214078933000565, 'MRR@10': 0.031002228036522864, 'Recall@5': 0.04640543013811112, 'NDCG@5': 0.03284855417907238, 'MRR@5': 0.028393486291170122, 'Recall*@10': 0.06977342441678047, 'NDCG*@10': 0.041318596750497816, 'MRR*@10': 0.03265499748289585, 'Recall*@5': 0.04891646921634674, 'NDCG*@5': 0.03460617274045944, 'MRR*@5': 0.029903743490576742}
INFO    [05-06 05:08:58] train in BasicTrainer:
duration: 60.947349071502686s
INFO    [05-06 05:08:58] train in BasicTrainer:
epoch: 54
DEBUG   [05-06 05:08:59] calculate_loss in loss:
soft_target max: 0.5004442930221558, argmax 105316088
DEBUG   [05-06 05:08:59] calculate_loss in loss:
pred max in softmax: 0.6676399111747742, argmax 1959884
DEBUG   [05-06 05:09:00] calculate_loss in loss:
soft_target max: 0.5013266205787659, argmax 5707762
DEBUG   [05-06 05:09:00] calculate_loss in loss:
pred max in softmax: 0.8567774891853333, argmax 26429655
INFO    [05-06 05:09:15] _train_one_epoch in BasicTrainer:
loss = 5.5021938805107595
INFO    [05-06 05:09:57] log in loggers:
Update Best NDCG@10 Model at 54
INFO    [05-06 05:09:57] validate in BasicTrainer:
{'Recall@10': 0.06691007137298584, 'NDCG@10': 0.03947145640850067, 'MRR@10': 0.03114401616156101, 'Recall@5': 0.0460403522849083, 'NDCG@5': 0.032766618505120276, 'MRR@5': 0.02840244062244892, 'Recall*@10': 0.07019218057394028, 'NDCG*@10': 0.041388859897851946, 'MRR*@10': 0.032643367946147916, 'Recall*@5': 0.04840847298502922, 'NDCG*@5': 0.034381848946213725, 'MRR*@5': 0.0297732562571764}
INFO    [05-06 05:09:57] train in BasicTrainer:
duration: 58.68968224525452s
INFO    [05-06 05:09:57] train in BasicTrainer:
epoch: 55
INFO    [05-06 05:10:14] _train_one_epoch in BasicTrainer:
loss = 5.496126591622293
INFO    [05-06 05:10:54] validate in BasicTrainer:
{'Recall@10': 0.0665042006969452, 'NDCG@10': 0.039396967738866806, 'MRR@10': 0.031163602694869043, 'Recall@5': 0.04601266235113144, 'NDCG@5': 0.03280559912323952, 'MRR@5': 0.02846348486840725, 'Recall*@10': 0.06986549139022827, 'NDCG*@10': 0.04140576362609863, 'MRR*@10': 0.03275840200483799, 'Recall*@5': 0.0483477047085762, 'NDCG*@5': 0.03447691574692726, 'MRR*@5': 0.029915866181254386}
INFO    [05-06 05:10:54] train in BasicTrainer:
duration: 57.17015886306763s
INFO    [05-06 05:10:54] train in BasicTrainer:
epoch: 56
INFO    [05-06 05:11:13] _train_one_epoch in BasicTrainer:
loss = 5.488645446193111
INFO    [05-06 05:11:54] log in loggers:
Update Best NDCG@10 Model at 56
INFO    [05-06 05:11:54] validate in BasicTrainer:
{'Recall@10': 0.06697455763816834, 'NDCG@10': 0.03956897690892219, 'MRR@10': 0.031229520738124846, 'Recall@5': 0.0467434772849083, 'NDCG@5': 0.03305030845105648, 'MRR@5': 0.028553186058998106, 'Recall*@10': 0.07054870158433914, 'NDCG*@10': 0.04170142367482185, 'MRR*@10': 0.032922874614596365, 'Recall*@5': 0.049283183664083484, 'NDCG*@5': 0.03484765201807022, 'MRR*@5': 0.030107753947377205}
INFO    [05-06 05:11:54] train in BasicTrainer:
duration: 60.41187644004822s
INFO    [05-06 05:11:54] train in BasicTrainer:
epoch: 57
INFO    [05-06 05:12:12] _train_one_epoch in BasicTrainer:
loss = 5.482180414973079
INFO    [05-06 05:12:52] log in loggers:
Update Best NDCG@10 Model at 57
INFO    [05-06 05:12:52] validate in BasicTrainer:
{'Recall@10': 0.06730712443590164, 'NDCG@10': 0.03989843711256981, 'MRR@10': 0.03155794501304626, 'Recall@5': 0.047224135547876356, 'NDCG@5': 0.03344488762319088, 'MRR@5': 0.028918467015028, 'Recall*@10': 0.07068183958530426, 'NDCG*@10': 0.04194685056805611, 'MRR*@10': 0.03319826126098633, 'Recall*@5': 0.04964322134852409, 'NDCG*@5': 0.03517959393560886, 'MRR*@5': 0.03042649231851101}
INFO    [05-06 05:12:52] train in BasicTrainer:
duration: 57.74130845069885s
INFO    [05-06 05:12:52] train in BasicTrainer:
epoch: 58
INFO    [05-06 05:13:11] _train_one_epoch in BasicTrainer:
loss = 5.475606600443522
INFO    [05-06 05:13:52] log in loggers:
Update Best NDCG@10 Model at 58
INFO    [05-06 05:13:52] validate in BasicTrainer:
{'Recall@10': 0.06725281625986099, 'NDCG@10': 0.040084376186132434, 'MRR@10': 0.031819634214043616, 'Recall@5': 0.04702066451311111, 'NDCG@5': 0.03357326030731201, 'MRR@5': 0.02915117897093296, 'Recall*@10': 0.07041089087724686, 'NDCG*@10': 0.04199816092848778, 'MRR*@10': 0.03334343664348125, 'Recall*@5': 0.04955979242920876, 'NDCG*@5': 0.035290395691990856, 'MRR*@5': 0.03059614568948746}
INFO    [05-06 05:13:52] train in BasicTrainer:
duration: 60.08031916618347s
INFO    [05-06 05:13:52] train in BasicTrainer:
epoch: 59
INFO    [05-06 05:14:10] _train_one_epoch in BasicTrainer:
loss = 5.467342260721567
INFO    [05-06 05:14:50] validate in BasicTrainer:
{'Recall@10': 0.06795272707939148, 'NDCG@10': 0.04001459494233131, 'MRR@10': 0.031517179235816005, 'Recall@5': 0.04731577605009079, 'NDCG@5': 0.0333785642683506, 'MRR@5': 0.028800030276179313, 'Recall*@10': 0.07126201242208481, 'NDCG*@10': 0.04195271745324135, 'MRR*@10': 0.0330362967401743, 'Recall*@5': 0.049610302001237866, 'NDCG*@5': 0.034988564550876615, 'MRR*@5': 0.0301833775639534}
INFO    [05-06 05:14:50] train in BasicTrainer:
duration: 57.547574281692505s
INFO    [05-06 05:14:50] train in BasicTrainer:
epoch: 60
INFO    [05-06 05:15:09] _train_one_epoch in BasicTrainer:
loss = 5.460458287247667
INFO    [05-06 05:15:50] log in loggers:
Update Best NDCG@10 Model at 60
INFO    [05-06 05:15:50] validate in BasicTrainer:
{'Recall@10': 0.06792771577835083, 'NDCG@10': 0.040278519690036776, 'MRR@10': 0.03186122536659241, 'Recall@5': 0.047839782387018207, 'NDCG@5': 0.03381858378648758, 'MRR@5': 0.029216360077261926, 'Recall*@10': 0.07130678951740264, 'NDCG*@10': 0.042257506996393204, 'MRR*@10': 0.03340793691575527, 'Recall*@5': 0.05039115682244301, 'NDCG*@5': 0.03553223729133606, 'MRR*@5': 0.03065500855445862}
INFO    [05-06 05:15:50] train in BasicTrainer:
duration: 60.54619646072388s
INFO    [05-06 05:15:50] train in BasicTrainer:
epoch: 61
INFO    [05-06 05:16:08] _train_one_epoch in BasicTrainer:
loss = 5.452029928430781
INFO    [05-06 05:16:48] log in loggers:
Update Best NDCG@10 Model at 61
INFO    [05-06 05:16:48] validate in BasicTrainer:
{'Recall@10': 0.06806295067071914, 'NDCG@10': 0.040454345792531966, 'MRR@10': 0.032043381333351134, 'Recall@5': 0.0482798944413662, 'NDCG@5': 0.03409115970134735, 'MRR@5': 0.029437008649110794, 'Recall*@10': 0.07140365779399872, 'NDCG*@10': 0.042502538114786145, 'MRR*@10': 0.03369539111852646, 'Recall*@5': 0.05075086206197739, 'NDCG*@5': 0.03586051017045975, 'MRR*@5': 0.030975443497300147}
INFO    [05-06 05:16:48] train in BasicTrainer:
duration: 57.59714937210083s
INFO    [05-06 05:16:48] train in BasicTrainer:
epoch: 62
INFO    [05-06 05:17:08] _train_one_epoch in BasicTrainer:
loss = 5.447402528814368
INFO    [05-06 05:17:49] log in loggers:
Update Best NDCG@10 Model at 62
INFO    [05-06 05:17:49] validate in BasicTrainer:
{'Recall@10': 0.0683987319469452, 'NDCG@10': 0.04071685075759888, 'MRR@10': 0.03229939632117748, 'Recall@5': 0.04804712653160095, 'NDCG@5': 0.03417690351605415, 'MRR@5': 0.029624284133315085, 'Recall*@10': 0.07169270634651184, 'NDCG*@10': 0.04263586238026619, 'MRR*@10': 0.0337983962148428, 'Recall*@5': 0.05035704240202904, 'NDCG*@5': 0.035783658772706985, 'MRR*@5': 0.03099779225885868}
INFO    [05-06 05:17:49] train in BasicTrainer:
duration: 61.23322820663452s
INFO    [05-06 05:17:49] train in BasicTrainer:
epoch: 63
DEBUG   [05-06 05:17:51] calculate_loss in loss:
soft_target max: 0.5007207989692688, argmax 28209491
DEBUG   [05-06 05:17:51] calculate_loss in loss:
pred max in softmax: 0.957534909248352, argmax 4507152
DEBUG   [05-06 05:17:51] calculate_loss in loss:
soft_target max: 0.5007558465003967, argmax 98811729
DEBUG   [05-06 05:17:51] calculate_loss in loss:
pred max in softmax: 0.9373020529747009, argmax 82446111
INFO    [05-06 05:18:06] _train_one_epoch in BasicTrainer:
loss = 5.442742742933668
INFO    [05-06 05:18:47] log in loggers:
Update Best NDCG@10 Model at 63
INFO    [05-06 05:18:47] validate in BasicTrainer:
{'Recall@10': 0.06833465784788131, 'NDCG@10': 0.040937019288539885, 'MRR@10': 0.03259633384644985, 'Recall@5': 0.04806451499462128, 'NDCG@5': 0.034415991753339766, 'MRR@5': 0.029925044402480127, 'Recall*@10': 0.07170872449874878, 'NDCG*@10': 0.042996675074100495, 'MRR*@10': 0.03425524160265923, 'Recall*@5': 0.05049082055687904, 'NDCG*@5': 0.03617208212614059, 'MRR*@5': 0.03146038398146629}
INFO    [05-06 05:18:47] train in BasicTrainer:
duration: 58.036543130874634s
INFO    [05-06 05:18:47] train in BasicTrainer:
epoch: 64
INFO    [05-06 05:19:05] _train_one_epoch in BasicTrainer:
loss = 5.436642036781655
INFO    [05-06 05:19:45] log in loggers:
Update Best NDCG@10 Model at 64
INFO    [05-06 05:19:45] validate in BasicTrainer:
{'Recall@10': 0.06876809537410736, 'NDCG@10': 0.04102973446249962, 'MRR@10': 0.03257073938846588, 'Recall@5': 0.048769782781600955, 'NDCG@5': 0.034600072875618934, 'MRR@5': 0.02993906497955322, 'Recall*@10': 0.07232663422822952, 'NDCG*@10': 0.04320948392152786, 'MRR*@10': 0.03432724565267563, 'Recall*@5': 0.05134196534752846, 'NDCG*@5': 0.03646513104438782, 'MRR*@5': 0.031568213179707524}
INFO    [05-06 05:19:45] train in BasicTrainer:
duration: 58.10161876678467s
INFO    [05-06 05:19:45] train in BasicTrainer:
epoch: 65
INFO    [05-06 05:20:03] _train_one_epoch in BasicTrainer:
loss = 5.430653554899198
INFO    [05-06 05:20:44] validate in BasicTrainer:
{'Recall@10': 0.06840248167514801, 'NDCG@10': 0.04088188737630844, 'MRR@10': 0.032488398030400274, 'Recall@5': 0.048547851890325545, 'NDCG@5': 0.03448820374906063, 'MRR@5': 0.029865140542387963, 'Recall*@10': 0.07173224806785583, 'NDCG*@10': 0.04290686085820198, 'MRR*@10': 0.03411485657095909, 'Recall*@5': 0.05079151645302773, 'NDCG*@5': 0.036161386519670484, 'MRR*@5': 0.031346003636717794}
INFO    [05-06 05:20:44] train in BasicTrainer:
duration: 59.18138527870178s
INFO    [05-06 05:20:44] train in BasicTrainer:
epoch: 66
INFO    [05-06 05:21:02] _train_one_epoch in BasicTrainer:
loss = 5.425240984908095
INFO    [05-06 05:21:43] log in loggers:
Update Best NDCG@10 Model at 66
INFO    [05-06 05:21:43] validate in BasicTrainer:
{'Recall@10': 0.06875952422618865, 'NDCG@10': 0.041116359680891036, 'MRR@10': 0.032690974175930025, 'Recall@5': 0.0487350058555603, 'NDCG@5': 0.03469001345336437, 'MRR@5': 0.030067456215620042, 'Recall*@10': 0.07220913738012313, 'NDCG*@10': 0.04315177872776985, 'MRR*@10': 0.03429168172180653, 'Recall*@5': 0.05128755420446396, 'NDCG*@5': 0.03644481763243675, 'MRR*@5': 0.03155786782503128}
INFO    [05-06 05:21:43] train in BasicTrainer:
duration: 58.364444732666016s
INFO    [05-06 05:21:43] train in BasicTrainer:
epoch: 67
INFO    [05-06 05:22:01] _train_one_epoch in BasicTrainer:
loss = 5.422133630460447
INFO    [05-06 05:22:42] log in loggers:
Update Best NDCG@10 Model at 67
INFO    [05-06 05:22:43] validate in BasicTrainer:
{'Recall@10': 0.06912031680345536, 'NDCG@10': 0.04135524794459343, 'MRR@10': 0.032902891337871554, 'Recall@5': 0.04871065333485603, 'NDCG@5': 0.0347836734354496, 'MRR@5': 0.030207291319966315, 'Recall*@10': 0.07269921451807022, 'NDCG*@10': 0.04342452749609947, 'MRR*@10': 0.03451537974178791, 'Recall*@5': 0.05112525060772896, 'NDCG*@5': 0.036484412699937824, 'MRR*@5': 0.03167231433093548}
INFO    [05-06 05:22:43] train in BasicTrainer:
duration: 59.98377561569214s
INFO    [05-06 05:22:43] train in BasicTrainer:
epoch: 68
INFO    [05-06 05:23:00] _train_one_epoch in BasicTrainer:
loss = 5.414916730141854
INFO    [05-06 05:23:41] validate in BasicTrainer:
{'Recall@10': 0.06898306220769883, 'NDCG@10': 0.04120660156011582, 'MRR@10': 0.03273982100188732, 'Recall@5': 0.04905512869358063, 'NDCG@5': 0.034797187447547916, 'MRR@5': 0.030114950239658357, 'Recall*@10': 0.07245777130126953, 'NDCG*@10': 0.043212506473064426, 'MRR*@10': 0.034298640936613084, 'Recall*@5': 0.051427591890096665, 'NDCG*@5': 0.03644659623503685, 'MRR*@5': 0.031526424437761304}
INFO    [05-06 05:23:41] train in BasicTrainer:
duration: 58.18398904800415s
INFO    [05-06 05:23:41] train in BasicTrainer:
epoch: 69
INFO    [05-06 05:23:59] _train_one_epoch in BasicTrainer:
loss = 5.411258641663973
INFO    [05-06 05:24:39] log in loggers:
Update Best NDCG@10 Model at 69
INFO    [05-06 05:24:39] validate in BasicTrainer:
{'Recall@10': 0.06936058431863784, 'NDCG@10': 0.041724781394004824, 'MRR@10': 0.03331139333546162, 'Recall@5': 0.04911211535334587, 'NDCG@5': 0.035210937559604645, 'MRR@5': 0.03064309410750866, 'Recall*@10': 0.07292347133159638, 'NDCG*@10': 0.04384733363986015, 'MRR*@10': 0.03499779097735882, 'Recall*@5': 0.051523617208004, 'NDCG*@5': 0.036971082240343095, 'MRR*@5': 0.032185605093836785}
INFO    [05-06 05:24:39] train in BasicTrainer:
duration: 57.91063904762268s
INFO    [05-06 05:24:39] train in BasicTrainer:
epoch: 70
INFO    [05-06 05:24:56] _train_one_epoch in BasicTrainer:
loss = 5.406384395049499
INFO    [05-06 05:25:37] validate in BasicTrainer:
{'Recall@10': 0.06921195715665818, 'NDCG@10': 0.041580890864133836, 'MRR@10': 0.033164618089795116, 'Recall@5': 0.04928080946207047, 'NDCG@5': 0.03518392100930214, 'MRR@5': 0.03055311143398285, 'Recall*@10': 0.07253787338733673, 'NDCG*@10': 0.04365498498082161, 'MRR*@10': 0.0348579216748476, 'Recall*@5': 0.051739327013492584, 'NDCG*@5': 0.036988285779953, 'MRR*@5': 0.03214140027761459}
INFO    [05-06 05:25:37] train in BasicTrainer:
duration: 58.485955476760864s
INFO    [05-06 05:25:37] train in BasicTrainer:
epoch: 71
INFO    [05-06 05:25:55] _train_one_epoch in BasicTrainer:
loss = 5.401354566350713
INFO    [05-06 05:26:35] log in loggers:
Update Best NDCG@10 Model at 71
INFO    [05-06 05:26:35] validate in BasicTrainer:
{'Recall@10': 0.06951469153165818, 'NDCG@10': 0.041936315149068835, 'MRR@10': 0.033523404747247694, 'Recall@5': 0.049836914390325546, 'NDCG@5': 0.03560367479920387, 'MRR@5': 0.030928154364228248, 'Recall*@10': 0.07283718943595886, 'NDCG*@10': 0.04394724130630493, 'MRR*@10': 0.03513022482395172, 'Recall*@5': 0.05238179698586464, 'NDCG*@5': 0.03737074226140976, 'MRR*@5': 0.03243888989090919}
INFO    [05-06 05:26:35] train in BasicTrainer:
duration: 58.00658178329468s
INFO    [05-06 05:26:35] train in BasicTrainer:
epoch: 72
DEBUG   [05-06 05:26:37] calculate_loss in loss:
soft_target max: 0.5007321238517761, argmax 2643772
DEBUG   [05-06 05:26:37] calculate_loss in loss:
pred max in softmax: 0.8895283341407776, argmax 62040612
DEBUG   [05-06 05:26:38] calculate_loss in loss:
soft_target max: 0.5010928511619568, argmax 27825090
DEBUG   [05-06 05:26:38] calculate_loss in loss:
pred max in softmax: 0.9282639622688293, argmax 29497439
INFO    [05-06 05:26:54] _train_one_epoch in BasicTrainer:
loss = 5.396729542328431
INFO    [05-06 05:27:35] validate in BasicTrainer:
{'Recall@10': 0.06964218020439147, 'NDCG@10': 0.04180844083428383, 'MRR@10': 0.03332143910229206, 'Recall@5': 0.049497260302305224, 'NDCG@5': 0.0353185498714447, 'MRR@5': 0.030657575875520707, 'Recall*@10': 0.07297948509454727, 'NDCG*@10': 0.04379543676972389, 'MRR*@10': 0.03488947413861752, 'Recall*@5': 0.05216509014368057, 'NDCG*@5': 0.03709838941693306, 'MRR*@5': 0.032145647257566454}
INFO    [05-06 05:27:35] train in BasicTrainer:
duration: 59.44223189353943s
INFO    [05-06 05:27:35] train in BasicTrainer:
epoch: 73
INFO    [05-06 05:27:52] _train_one_epoch in BasicTrainer:
loss = 5.392952549564946
INFO    [05-06 05:28:33] validate in BasicTrainer:
{'Recall@10': 0.06941435694694519, 'NDCG@10': 0.041852848529815675, 'MRR@10': 0.03345250546932221, 'Recall@5': 0.04951304167509079, 'NDCG@5': 0.03545608468353748, 'MRR@5': 0.03083514079451561, 'Recall*@10': 0.07283378899097442, 'NDCG*@10': 0.04386340036988259, 'MRR*@10': 0.03503482811152935, 'Recall*@5': 0.05183698832988739, 'NDCG*@5': 0.03711973667144775, 'MRR*@5': 0.03227856107056141}
INFO    [05-06 05:28:33] train in BasicTrainer:
duration: 58.16162133216858s
INFO    [05-06 05:28:33] train in BasicTrainer:
epoch: 74
INFO    [05-06 05:28:51] _train_one_epoch in BasicTrainer:
loss = 5.388285929018313
INFO    [05-06 05:29:31] validate in BasicTrainer:
{'Recall@10': 0.06971321821212768, 'NDCG@10': 0.04182904526591301, 'MRR@10': 0.03333118565380573, 'Recall@5': 0.04922435835003853, 'NDCG@5': 0.03523202672600746, 'MRR@5': 0.030625404566526414, 'Recall*@10': 0.07310572981834412, 'NDCG*@10': 0.043866753578186035, 'MRR*@10': 0.034950963854789734, 'Recall*@5': 0.051781032681465146, 'NDCG*@5': 0.03700324937701225, 'MRR*@5': 0.03213746123015881}
INFO    [05-06 05:29:31] train in BasicTrainer:
duration: 57.78902292251587s
INFO    [05-06 05:29:31] train in BasicTrainer:
epoch: 75
INFO    [05-06 05:29:49] _train_one_epoch in BasicTrainer:
loss = 5.383321590251751
INFO    [05-06 05:30:30] log in loggers:
Update Best NDCG@10 Model at 75
INFO    [05-06 05:30:31] validate in BasicTrainer:
{'Recall@10': 0.06988846361637116, 'NDCG@10': 0.04194000601768494, 'MRR@10': 0.03341537676751614, 'Recall@5': 0.05004734933376312, 'NDCG@5': 0.035551131665706635, 'MRR@5': 0.03079457312822342, 'Recall*@10': 0.07349104076623916, 'NDCG*@10': 0.04409431457519531, 'MRR*@10': 0.03512755453586578, 'Recall*@5': 0.05259846419095993, 'NDCG*@5': 0.037367266789078715, 'MRR*@5': 0.032368466556072235}
INFO    [05-06 05:30:31] train in BasicTrainer:
duration: 59.917449951171875s
INFO    [05-06 05:30:31] train in BasicTrainer:
epoch: 76
INFO    [05-06 05:30:48] _train_one_epoch in BasicTrainer:
loss = 5.380948612281868
INFO    [05-06 05:31:29] validate in BasicTrainer:
{'Recall@10': 0.06970238119363785, 'NDCG@10': 0.04182391911745072, 'MRR@10': 0.03333894193172455, 'Recall@5': 0.04938876703381538, 'NDCG@5': 0.035287349671125415, 'MRR@5': 0.030660046190023424, 'Recall*@10': 0.07318949073553085, 'NDCG*@10': 0.04384992599487305, 'MRR*@10': 0.03491482384502888, 'Recall*@5': 0.05193584188818932, 'NDCG*@5': 0.0370096156001091, 'MRR*@5': 0.03211055561900139}
INFO    [05-06 05:31:29] train in BasicTrainer:
duration: 58.14227318763733s
INFO    [05-06 05:31:29] train in BasicTrainer:
epoch: 77
INFO    [05-06 05:31:47] _train_one_epoch in BasicTrainer:
loss = 5.374811915663986
INFO    [05-06 05:32:28] validate in BasicTrainer:
{'Recall@10': 0.0697652605175972, 'NDCG@10': 0.04184530526399612, 'MRR@10': 0.03334241718053818, 'Recall@5': 0.049498867243528366, 'NDCG@5': 0.03532547935843468, 'MRR@5': 0.030671527907252312, 'Recall*@10': 0.07325297355651855, 'NDCG*@10': 0.04391232118010521, 'MRR*@10': 0.034972487688064574, 'Recall*@5': 0.05192746356129646, 'NDCG*@5': 0.03705052807927132, 'MRR*@5': 0.03216064475476742}
INFO    [05-06 05:32:28] train in BasicTrainer:
duration: 59.521592140197754s
INFO    [05-06 05:32:28] train in BasicTrainer:
epoch: 78
INFO    [05-06 05:32:46] _train_one_epoch in BasicTrainer:
loss = 5.373411578101081
INFO    [05-06 05:33:26] validate in BasicTrainer:
{'Recall@10': 0.06947991460561752, 'NDCG@10': 0.04192656099796295, 'MRR@10': 0.033525258004665374, 'Recall@5': 0.04961873322725296, 'NDCG@5': 0.03552978560328483, 'MRR@5': 0.030900211185216905, 'Recall*@10': 0.07295521676540374, 'NDCG*@10': 0.04400293692946434, 'MRR*@10': 0.035169873759150504, 'Recall*@5': 0.05213254496455193, 'NDCG*@5': 0.03730010062456131, 'MRR*@5': 0.032421257346868515}
INFO    [05-06 05:33:26] train in BasicTrainer:
duration: 58.01070499420166s
INFO    [05-06 05:33:26] train in BasicTrainer:
epoch: 79
INFO    [05-06 05:33:45] _train_one_epoch in BasicTrainer:
loss = 5.371089711919561
INFO    [05-06 05:34:26] log in loggers:
Update Best NDCG@10 Model at 79
INFO    [05-06 05:34:26] validate in BasicTrainer:
{'Recall@10': 0.06971000403165817, 'NDCG@10': 0.04209420055150986, 'MRR@10': 0.033683145344257356, 'Recall@5': 0.04997738286852837, 'NDCG@5': 0.0357577982544899, 'MRR@5': 0.0310941544175148, 'Recall*@10': 0.07320157289505005, 'NDCG*@10': 0.04417574211955071, 'MRR*@10': 0.0353324081748724, 'Recall*@5': 0.052477141618728636, 'NDCG*@5': 0.03752013429999351, 'MRR*@5': 0.0326125743240118}
INFO    [05-06 05:34:26] train in BasicTrainer:
duration: 59.446723222732544s
INFO    [05-06 05:34:26] close_training in BasicTrainer:
finished training
DEBUG   [05-06 05:34:26] debug_summary in loss:
loss nan summary: nan 0 times, not nan 8881 times, ratio nan / (nan + not_nan) = 0.0
INFO    [05-06 05:34:26] run_routine in Routine:
Finished training, Start final validation
INFO    [05-06 05:34:26] final_validate in BasicTrainer:
validate model on val set!
INFO    [05-06 05:34:26] load_state_from_given_path in utils:
checkpoint epoch: 79
INFO    [05-06 05:34:26] load_state_from_given_path in utils:
Loading model's parameters
INFO    [05-06 05:35:06] validate in BasicTrainer:
{'Recall@10': 0.06971000403165817, 'NDCG@10': 0.04209420055150986, 'MRR@10': 0.033683145344257356, 'Recall@5': 0.04997738286852837, 'NDCG@5': 0.0357577982544899, 'MRR@5': 0.0310941544175148, 'Recall*@10': 0.07320157289505005, 'NDCG*@10': 0.04417574211955071, 'MRR*@10': 0.0353324081748724, 'Recall*@5': 0.052477141618728636, 'NDCG*@5': 0.03752013429999351, 'MRR*@5': 0.0326125743240118}
INFO    [05-06 05:35:06] run_routine in Routine:
Finished final validating. Result: {'Recall@10': 0.06971000403165817, 'NDCG@10': 0.04209420055150986, 'MRR@10': 0.033683145344257356, 'Recall@5': 0.04997738286852837, 'NDCG@5': 0.0357577982544899, 'MRR@5': 0.0310941544175148, 'Recall*@10': 0.07320157289505005, 'NDCG*@10': 0.04417574211955071, 'MRR*@10': 0.0353324081748724, 'Recall*@5': 0.052477141618728636, 'NDCG*@5': 0.03752013429999351, 'MRR*@5': 0.0326125743240118}
INFO    [05-06 05:35:06] _evaluate in EnsembleDistillSched:
Start testing student model on test set
INFO    [05-06 05:35:06] test in BasicTrainer:
Test model on test set!
INFO    [05-06 05:35:06] test_with_given_state_path in BasicTrainer:
Loading model params from ___el_ed_2022/ed_narm-T-9.0-al-0.5_05-06_04:13_t11/student_narm_logs/checkpoint/best_acc_model.pth.
INFO    [05-06 05:35:06] load_state_from_given_path in utils:
checkpoint epoch: 79
INFO    [05-06 05:35:06] load_state_from_given_path in utils:
Loading model's parameters
INFO    [05-06 05:35:06] test_with_given_state_path in BasicTrainer:
Finished loading. Start testing.
INFO    [05-06 05:35:47] test_with_given_state_path in BasicTrainer:
{'Recall@10': 0.05710295185446739, 'NDCG@10': 0.033697923123836515, 'MRR@10': 0.026556176021695136, 'Recall@5': 0.04069064319133758, 'NDCG@5': 0.028415200635790824, 'MRR@5': 0.024390174970030785, 'Recall*@10': 0.06143200978636742, 'NDCG*@10': 0.03628395423293114, 'MRR*@10': 0.028606671690940857, 'Recall*@5': 0.043832765370607374, 'NDCG*@5': 0.030620609149336814, 'MRR*@5': 0.026285393089056017}
INFO    [05-06 05:35:47] _evaluate in EnsembleDistillSched:
!!Final Result!!: {'Recall@10': 0.05710295185446739, 'NDCG@10': 0.033697923123836515, 'MRR@10': 0.026556176021695136, 'Recall@5': 0.04069064319133758, 'NDCG@5': 0.028415200635790824, 'MRR@5': 0.024390174970030785, 'Recall*@10': 0.06143200978636742, 'NDCG*@10': 0.03628395423293114, 'MRR*@10': 0.028606671690940857, 'Recall*@5': 0.043832765370607374, 'NDCG*@5': 0.030620609149336814, 'MRR*@5': 0.026285393089056017}
