INFO    [02-27 14:32:44] setup_train in utils:
{
    "experiment_dir": "___lfms_base_partial_2022",
    "experiment_description": "base",
    "describe": "{config[model_code]}-rate-{config[sample_rate]}-seed-{config[sample_seed]}",
    "dataset_name": "lastfm_small.csv",
    "sched": "basic",
    "model_code": "nextitnet",
    "num_epochs": 50,
    "mode": [
        "train",
        "test"
    ],
    "max_len": 20,
    "test_state_path": null,
    "model_state_path": null,
    "do_sampling": true,
    "path_for_sample": "Data/Cache/lastfm_small-5-5.pkl",
    "sample_rate": 0.6,
    "sample_seed": 2000,
    "rand_seed": 2022,
    "load_processed_dataset": true,
    "save_processed_dataset": false,
    "dataset_cache_filename": null,
    "weight_decay": 0,
    "decay_step": 15,
    "gamma": 0.99,
    "lr": 0.001,
    "min_length": 5,
    "min_item_inter": 5,
    "good_only": false,
    "use_rating": true,
    "test_negative_sampler_code": "random",
    "test_negative_sample_size": 0,
    "dataloader_type": "next",
    "train_batch_size": 64,
    "val_batch_size": 64,
    "test_batch_size": 64,
    "prop_sliding_window": -1.0,
    "worker_number": 2,
    "metric_ks": [
        5,
        10
    ],
    "device": "cuda",
    "num_gpu": 1,
    "optimizer": "Adam",
    "best_metric": "NDCG@10",
    "show_process_bar": false,
    "config_file": "config2.lastfm_small/nextitnet/config_partial.json",
    "task_id": 1,
    "split": "leave_one_out",
    "do_remap": true,
    "train_negative_sampler_code": "random",
    "train_negative_sample_size": 100,
    "device_idx": "0",
    "momentum": null,
    "log_period_as_iter": 12800,
    "mentor_code": "bert",
    "training_routine": null,
    "T": 1,
    "alpha": 0.1,
    "dvae_alpha": 0.5,
    "softmaxed_mentor": false,
    "weight_list": [
        0.5,
        0.5
    ],
    "validation_rate": 0.2,
    "num_items": null,
    "start_index": 1,
    "kwargs": null
}
DEBUG   [02-27 14:32:44] __init__ in BasicSched:
BasicScheduler attribs: tag=nextitnet
INFO    [02-27 14:32:44] _load_sampled_dataset_from_path in utils:
loading sampled dataset from /data/wushiguang-slurm/code/gitee-repos/soft-rec/Data/Cache/sampled_lastfm_small-5-5-rate-0.6-seed-2000.pkl
INFO    [02-27 14:32:44] _check_dataset_cache in utils:
check if the cache is generated under this configuration
INFO    [02-27 14:32:44] _check_dataset_cache in utils:
correct.
INFO    [02-27 14:32:44] __init__ in NextItemDataloader:
there are 3646 items in this dataset, 1903 users, padding_first? True
DEBUG   [02-27 14:32:44] generate_model in utils:
model_code_list=['nextitnet']
INFO    [02-27 14:32:44] load_model_config in utils:
loading model nextitnet's config file at asset/config/model/nextitnet.json
INFO    [02-27 14:32:44] load_model_config in utils:
{
    "embedding_size": 64,
    "kernel_size": 3,
    "block_num": 5,
    "dilations": [
        1
    ],
    "reg_weight": 5e-06,
    "loss_type": "CE"
}
WARNING [02-27 14:32:47] get_exist_path in utils:
dir ___lfms_base_partial_2022/base_nextitnet-rate-0.6-seed-2000_02-27_14:32_t1/nextitnet_logs does not exist! Create one.
WARNING [02-27 14:32:47] get_exist_path in utils:
dir ___lfms_base_partial_2022/base_nextitnet-rate-0.6-seed-2000_02-27_14:32_t1/nextitnet_logs/tb_vis does not exist! Create one.
WARNING [02-27 14:32:47] get_exist_path in utils:
dir ___lfms_base_partial_2022/base_nextitnet-rate-0.6-seed-2000_02-27_14:32_t1/nextitnet_logs/checkpoint does not exist! Create one.
INFO    [02-27 14:32:47] __init__ in BasicSched:
NextItNet(
  (item_embedding): Embedding(3647, 64, padding_idx=0)
  (residual_blocks): Sequential(
    (0): ResidualBlock_b(
      (conv1): Conv2d(64, 64, kernel_size=(1, 3), stride=(1, 1))
      (ln1): LayerNorm((64,), eps=1e-08, elementwise_affine=True)
      (conv2): Conv2d(64, 64, kernel_size=(1, 3), stride=(1, 1), dilation=(2, 2))
      (ln2): LayerNorm((64,), eps=1e-08, elementwise_affine=True)
    )
    (1): ResidualBlock_b(
      (conv1): Conv2d(64, 64, kernel_size=(1, 3), stride=(1, 1))
      (ln1): LayerNorm((64,), eps=1e-08, elementwise_affine=True)
      (conv2): Conv2d(64, 64, kernel_size=(1, 3), stride=(1, 1), dilation=(2, 2))
      (ln2): LayerNorm((64,), eps=1e-08, elementwise_affine=True)
    )
    (2): ResidualBlock_b(
      (conv1): Conv2d(64, 64, kernel_size=(1, 3), stride=(1, 1))
      (ln1): LayerNorm((64,), eps=1e-08, elementwise_affine=True)
      (conv2): Conv2d(64, 64, kernel_size=(1, 3), stride=(1, 1), dilation=(2, 2))
      (ln2): LayerNorm((64,), eps=1e-08, elementwise_affine=True)
    )
    (3): ResidualBlock_b(
      (conv1): Conv2d(64, 64, kernel_size=(1, 3), stride=(1, 1))
      (ln1): LayerNorm((64,), eps=1e-08, elementwise_affine=True)
      (conv2): Conv2d(64, 64, kernel_size=(1, 3), stride=(1, 1), dilation=(2, 2))
      (ln2): LayerNorm((64,), eps=1e-08, elementwise_affine=True)
    )
    (4): ResidualBlock_b(
      (conv1): Conv2d(64, 64, kernel_size=(1, 3), stride=(1, 1))
      (ln1): LayerNorm((64,), eps=1e-08, elementwise_affine=True)
      (conv2): Conv2d(64, 64, kernel_size=(1, 3), stride=(1, 1), dilation=(2, 2))
      (ln2): LayerNorm((64,), eps=1e-08, elementwise_affine=True)
    )
  )
  (final_layer): Linear(in_features=64, out_features=64, bias=True)
  (loss_fct): CrossEntropyLoss()
  (reg_loss): RegLoss()
)
WARNING [02-27 14:32:47] get_path in utils:
Path is None
WARNING [02-27 14:32:47] load_state_from_given_path in utils:
Not given any path.
INFO    [02-27 14:32:47] assert_model_device in utils:
model nextitnet has 1.38232421875 MB params.
INFO    [02-27 14:32:47] __init__ in BasicTrainer:
28800 iter per epoch
INFO    [02-27 14:32:47] _fit in BasicSched:
Start training.
INFO    [02-27 14:32:50] log in loggers:
Update Best NDCG@10 Model at 0
INFO    [02-27 14:32:50] validate in BasicTrainer:
{'Recall@10': 0.0036458333333333334, 'NDCG@10': 0.0012287032324820757, 'MRR@10': 0.0005408812818738321, 'Recall@5': 0.0005208333333333333, 'NDCG@5': 0.0002243107184767723, 'MRR@5': 0.00013020833333333333, 'Recall*@10': 0.0036458333333333334, 'NDCG*@10': 0.0012287032324820757, 'MRR*@10': 0.0005408812818738321, 'Recall*@5': 0.0005208333333333333, 'NDCG*@5': 0.0002243107184767723, 'MRR*@5': 0.00013020833333333333}
INFO    [02-27 14:32:50] train in BasicTrainer:
epoch: 0
INFO    [02-27 14:33:08] _train_one_epoch in BasicTrainer:
loss = 7.76571262465583
INFO    [02-27 14:33:10] log in loggers:
Update Best NDCG@10 Model at 0
INFO    [02-27 14:33:10] validate in BasicTrainer:
{'Recall@10': 0.028834219835698605, 'NDCG@10': 0.012850197264924645, 'MRR@10': 0.008174014099252721, 'Recall@5': 0.013020833333333334, 'NDCG@5': 0.007870785209039848, 'MRR@5': 0.006197916762903333, 'Recall*@10': 0.028834219835698605, 'NDCG*@10': 0.012850197264924645, 'MRR*@10': 0.008174014099252721, 'Recall*@5': 0.013020833333333334, 'NDCG*@5': 0.007870785209039848, 'MRR*@5': 0.006197916762903333}
INFO    [02-27 14:33:10] train in BasicTrainer:
duration: 19.9675235748291s
INFO    [02-27 14:33:10] train in BasicTrainer:
epoch: 1
INFO    [02-27 14:33:28] _train_one_epoch in BasicTrainer:
loss = 7.250226174460517
INFO    [02-27 14:33:29] log in loggers:
Update Best NDCG@10 Model at 1
INFO    [02-27 14:33:29] validate in BasicTrainer:
{'Recall@10': 0.054355053169031935, 'NDCG@10': 0.02650578978161017, 'MRR@10': 0.018233357657057542, 'Recall@5': 0.0296875, 'NDCG@5': 0.01872654308875402, 'MRR@5': 0.015138889065322776, 'Recall*@10': 0.054355053169031935, 'NDCG*@10': 0.02650578978161017, 'MRR*@10': 0.018233357657057542, 'Recall*@5': 0.0296875, 'NDCG*@5': 0.01872654308875402, 'MRR*@5': 0.015138889065322776}
INFO    [02-27 14:33:29] train in BasicTrainer:
duration: 19.73076105117798s
INFO    [02-27 14:33:29] train in BasicTrainer:
epoch: 2
INFO    [02-27 14:33:47] _train_one_epoch in BasicTrainer:
loss = 6.886003904342651
INFO    [02-27 14:33:49] log in loggers:
Update Best NDCG@10 Model at 2
INFO    [02-27 14:33:49] validate in BasicTrainer:
{'Recall@10': 0.055917553169031936, 'NDCG@10': 0.028174332063645124, 'MRR@10': 0.0197784218005836, 'Recall@5': 0.035416666666666666, 'NDCG@5': 0.02157569450015823, 'MRR@5': 0.017074653141510982, 'Recall*@10': 0.055917553169031936, 'NDCG*@10': 0.028174332063645124, 'MRR*@10': 0.0197784218005836, 'Recall*@5': 0.035416666666666666, 'NDCG*@5': 0.02157569450015823, 'MRR*@5': 0.017074653141510982}
INFO    [02-27 14:33:49] train in BasicTrainer:
duration: 19.6959388256073s
INFO    [02-27 14:33:49] train in BasicTrainer:
epoch: 3
INFO    [02-27 14:34:07] _train_one_epoch in BasicTrainer:
loss = 6.538830050362481
INFO    [02-27 14:34:09] log in loggers:
Update Best NDCG@10 Model at 3
INFO    [02-27 14:34:09] validate in BasicTrainer:
{'Recall@10': 0.06619015956918399, 'NDCG@10': 0.03212502673268318, 'MRR@10': 0.022010169286901752, 'Recall@5': 0.034895833333333334, 'NDCG@5': 0.022068460285663605, 'MRR@5': 0.017899306009834012, 'Recall*@10': 0.06619015956918399, 'NDCG*@10': 0.03212502673268318, 'MRR*@10': 0.022010169286901752, 'Recall*@5': 0.034895833333333334, 'NDCG*@5': 0.022068460285663605, 'MRR*@5': 0.017899306009834012}
INFO    [02-27 14:34:09] train in BasicTrainer:
duration: 19.774527072906494s
INFO    [02-27 14:34:09] train in BasicTrainer:
epoch: 4
INFO    [02-27 14:34:27] _train_one_epoch in BasicTrainer:
loss = 6.177544513278537
INFO    [02-27 14:34:29] log in loggers:
Update Best NDCG@10 Model at 4
INFO    [02-27 14:34:29] validate in BasicTrainer:
{'Recall@10': 0.08687943244973818, 'NDCG@10': 0.043370711927612625, 'MRR@10': 0.030416979159538945, 'Recall@5': 0.04971187934279442, 'NDCG@5': 0.03166691750908891, 'MRR@5': 0.025764997489750384, 'Recall*@10': 0.08687943244973818, 'NDCG*@10': 0.043370711927612625, 'MRR*@10': 0.030416979159538945, 'Recall*@5': 0.04971187934279442, 'NDCG*@5': 0.03166691750908891, 'MRR*@5': 0.025764997489750384}
INFO    [02-27 14:34:29] train in BasicTrainer:
duration: 19.7953884601593s
INFO    [02-27 14:34:29] train in BasicTrainer:
epoch: 5
INFO    [02-27 14:34:47] _train_one_epoch in BasicTrainer:
loss = 5.800806781980726
INFO    [02-27 14:34:48] log in loggers:
Update Best NDCG@10 Model at 5
INFO    [02-27 14:34:48] validate in BasicTrainer:
{'Recall@10': 0.08408687934279442, 'NDCG@10': 0.04574485595027606, 'MRR@10': 0.034194239011655254, 'Recall@5': 0.05193927300473054, 'NDCG@5': 0.03534514053414265, 'MRR@5': 0.02989934291690588, 'Recall*@10': 0.08408687934279442, 'NDCG*@10': 0.04574485595027606, 'MRR*@10': 0.034194239011655254, 'Recall*@5': 0.05193927300473054, 'NDCG*@5': 0.03534514053414265, 'MRR*@5': 0.02989934291690588}
INFO    [02-27 14:34:48] train in BasicTrainer:
duration: 19.815309047698975s
INFO    [02-27 14:34:48] train in BasicTrainer:
epoch: 6
INFO    [02-27 14:35:06] _train_one_epoch in BasicTrainer:
loss = 5.409343014823066
INFO    [02-27 14:35:08] log in loggers:
Update Best NDCG@10 Model at 6
INFO    [02-27 14:35:08] validate in BasicTrainer:
{'Recall@10': 0.09767287224531174, 'NDCG@10': 0.05282719414681196, 'MRR@10': 0.03929928528765837, 'Recall@5': 0.06273271267612775, 'NDCG@5': 0.04172414426381389, 'MRR@5': 0.03483229984218875, 'Recall*@10': 0.09767287224531174, 'NDCG*@10': 0.05282719414681196, 'MRR*@10': 0.03929928528765837, 'Recall*@5': 0.06273271267612775, 'NDCG*@5': 0.04172414426381389, 'MRR*@5': 0.03483229984218875}
INFO    [02-27 14:35:08] train in BasicTrainer:
duration: 19.871119022369385s
INFO    [02-27 14:35:08] train in BasicTrainer:
epoch: 7
INFO    [02-27 14:35:26] _train_one_epoch in BasicTrainer:
loss = 5.0037600072224935
INFO    [02-27 14:35:28] log in loggers:
Update Best NDCG@10 Model at 7
INFO    [02-27 14:35:28] validate in BasicTrainer:
{'Recall@10': 0.10756870557864508, 'NDCG@10': 0.05457735552142064, 'MRR@10': 0.03880694347123305, 'Recall@5': 0.05941932623585065, 'NDCG@5': 0.03921594650795062, 'MRR@5': 0.032592346604603036, 'Recall*@10': 0.10756870557864508, 'NDCG*@10': 0.05457735552142064, 'MRR*@10': 0.03880694347123305, 'Recall*@5': 0.05941932623585065, 'NDCG*@5': 0.03921594650795062, 'MRR*@5': 0.032592346604603036}
INFO    [02-27 14:35:28] train in BasicTrainer:
duration: 19.960501194000244s
INFO    [02-27 14:35:28] train in BasicTrainer:
epoch: 8
INFO    [02-27 14:35:46] _train_one_epoch in BasicTrainer:
loss = 4.5780986510382755
INFO    [02-27 14:35:48] log in loggers:
Update Best NDCG@10 Model at 8
INFO    [02-27 14:35:48] validate in BasicTrainer:
{'Recall@10': 0.11069370557864507, 'NDCG@10': 0.06242352947592735, 'MRR@10': 0.047697894057879844, 'Recall@5': 0.07679521267612775, 'NDCG@5': 0.051420517979810634, 'MRR@5': 0.043133311439305544, 'Recall*@10': 0.11069370557864507, 'NDCG*@10': 0.06242352947592735, 'MRR*@10': 0.047697894057879844, 'Recall*@5': 0.07679521267612775, 'NDCG*@5': 0.051420517979810634, 'MRR*@5': 0.043133311439305544}
INFO    [02-27 14:35:48] train in BasicTrainer:
duration: 19.85241675376892s
INFO    [02-27 14:35:48] train in BasicTrainer:
epoch: 9
INFO    [02-27 14:36:06] _train_one_epoch in BasicTrainer:
loss = 4.156319769223531
INFO    [02-27 14:36:08] log in loggers:
Update Best NDCG@10 Model at 9
INFO    [02-27 14:36:08] validate in BasicTrainer:
{'Recall@10': 0.11367464512586593, 'NDCG@10': 0.06670635398477316, 'MRR@10': 0.05227311009851595, 'Recall@5': 0.08361037224531173, 'NDCG@5': 0.05709316066155831, 'MRR@5': 0.048371380645160875, 'Recall*@10': 0.11367464512586593, 'NDCG*@10': 0.06670635398477316, 'MRR*@10': 0.05227311009851595, 'Recall*@5': 0.08361037224531173, 'NDCG*@5': 0.05709316066155831, 'MRR*@5': 0.048371380645160875}
INFO    [02-27 14:36:08] train in BasicTrainer:
duration: 20.000385522842407s
INFO    [02-27 14:36:08] train in BasicTrainer:
epoch: 10
INFO    [02-27 14:36:26] _train_one_epoch in BasicTrainer:
loss = 3.7414822159873116
INFO    [02-27 14:36:28] log in loggers:
Update Best NDCG@10 Model at 10
INFO    [02-27 14:36:28] validate in BasicTrainer:
{'Recall@10': 0.11263297845919927, 'NDCG@10': 0.06711243856698275, 'MRR@10': 0.053204001113772395, 'Recall@5': 0.0832779253522555, 'NDCG@5': 0.057832171053936086, 'MRR@5': 0.04949486581608653, 'Recall*@10': 0.11263297845919927, 'NDCG*@10': 0.06711243856698275, 'MRR*@10': 0.053204001113772395, 'Recall*@5': 0.0832779253522555, 'NDCG*@5': 0.057832171053936086, 'MRR*@5': 0.04949486581608653}
INFO    [02-27 14:36:28] train in BasicTrainer:
duration: 19.951086282730103s
INFO    [02-27 14:36:28] train in BasicTrainer:
epoch: 11
INFO    [02-27 14:36:46] _train_one_epoch in BasicTrainer:
loss = 3.3424296209547255
INFO    [02-27 14:36:48] log in loggers:
Update Best NDCG@10 Model at 11
INFO    [02-27 14:36:48] validate in BasicTrainer:
{'Recall@10': 0.11542553156614303, 'NDCG@10': 0.07250894804795584, 'MRR@10': 0.0594642339895169, 'Recall@5': 0.08431959201892217, 'NDCG@5': 0.06253193790713946, 'MRR@5': 0.05539431981742382, 'Recall*@10': 0.11542553156614303, 'NDCG*@10': 0.07250894804795584, 'MRR*@10': 0.0594642339895169, 'Recall*@5': 0.08431959201892217, 'NDCG*@5': 0.06253193790713946, 'MRR*@5': 0.05539431981742382}
INFO    [02-27 14:36:48] train in BasicTrainer:
duration: 19.93085479736328s
INFO    [02-27 14:36:48] train in BasicTrainer:
epoch: 12
INFO    [02-27 14:37:06] _train_one_epoch in BasicTrainer:
loss = 2.983791173564063
INFO    [02-27 14:37:08] log in loggers:
Update Best NDCG@10 Model at 12
INFO    [02-27 14:37:08] validate in BasicTrainer:
{'Recall@10': 0.11765292535225551, 'NDCG@10': 0.07348168926934401, 'MRR@10': 0.060052422185738884, 'Recall@5': 0.08569370557864507, 'NDCG@5': 0.06317368838936091, 'MRR@5': 0.05581338688110312, 'Recall*@10': 0.11765292535225551, 'NDCG*@10': 0.07348168926934401, 'MRR*@10': 0.060052422185738884, 'Recall*@5': 0.08569370557864507, 'NDCG*@5': 0.06317368838936091, 'MRR*@5': 0.05581338688110312}
INFO    [02-27 14:37:08] train in BasicTrainer:
duration: 19.948540449142456s
INFO    [02-27 14:37:08] train in BasicTrainer:
epoch: 13
INFO    [02-27 14:37:26] _train_one_epoch in BasicTrainer:
loss = 2.6407097935676576
INFO    [02-27 14:37:28] log in loggers:
Update Best NDCG@10 Model at 13
INFO    [02-27 14:37:28] validate in BasicTrainer:
{'Recall@10': 0.11713209201892218, 'NDCG@10': 0.07854863336930672, 'MRR@10': 0.06675698207691312, 'Recall@5': 0.08986037224531174, 'NDCG@5': 0.0697508191379408, 'MRR@5': 0.0631375599031647, 'Recall*@10': 0.11713209201892218, 'NDCG*@10': 0.07854863336930672, 'MRR*@10': 0.06675698207691312, 'Recall*@5': 0.08986037224531174, 'NDCG*@5': 0.0697508191379408, 'MRR*@5': 0.0631375599031647}
INFO    [02-27 14:37:28] train in BasicTrainer:
duration: 19.994855403900146s
INFO    [02-27 14:37:28] train in BasicTrainer:
epoch: 14
INFO    [02-27 14:37:46] _train_one_epoch in BasicTrainer:
loss = 2.352109602822198
INFO    [02-27 14:37:48] validate in BasicTrainer:
{'Recall@10': 0.11367464512586593, 'NDCG@10': 0.07665168223902583, 'MRR@10': 0.06531985749801, 'Recall@5': 0.0893395389119784, 'NDCG@5': 0.06890662365282575, 'MRR@5': 0.06219230288018783, 'Recall*@10': 0.11367464512586593, 'NDCG*@10': 0.07665168223902583, 'MRR*@10': 0.06531985749801, 'Recall*@5': 0.0893395389119784, 'NDCG*@5': 0.06890662365282575, 'MRR*@5': 0.06219230288018783}
INFO    [02-27 14:37:48] train in BasicTrainer:
duration: 19.92560315132141s
INFO    [02-27 14:37:48] train in BasicTrainer:
epoch: 15
INFO    [02-27 14:38:06] _train_one_epoch in BasicTrainer:
loss = 2.102336067888472
INFO    [02-27 14:38:08] log in loggers:
Update Best NDCG@10 Model at 15
INFO    [02-27 14:38:08] validate in BasicTrainer:
{'Recall@10': 0.11642287224531174, 'NDCG@10': 0.08060839660465717, 'MRR@10': 0.06968441295127074, 'Recall@5': 0.08881870557864507, 'NDCG@5': 0.07162538344661394, 'MRR@5': 0.06594433349867662, 'Recall*@10': 0.11642287224531174, 'NDCG*@10': 0.08060839660465717, 'MRR*@10': 0.06968441295127074, 'Recall*@5': 0.08881870557864507, 'NDCG*@5': 0.07162538344661394, 'MRR*@5': 0.06594433349867662}
INFO    [02-27 14:38:08] train in BasicTrainer:
duration: 20.031790494918823s
INFO    [02-27 14:38:08] train in BasicTrainer:
epoch: 16
INFO    [02-27 14:38:26] _train_one_epoch in BasicTrainer:
loss = 1.8714398505952623
INFO    [02-27 14:38:28] validate in BasicTrainer:
{'Recall@10': 0.11405141800642013, 'NDCG@10': 0.08035043363148968, 'MRR@10': 0.07007008666793506, 'Recall@5': 0.08763297845919928, 'NDCG@5': 0.07163835506265362, 'MRR@5': 0.0663731904545178, 'Recall*@10': 0.11405141800642013, 'NDCG*@10': 0.08035043363148968, 'MRR*@10': 0.07007008666793506, 'Recall*@5': 0.08763297845919928, 'NDCG*@5': 0.07163835506265362, 'MRR*@5': 0.0663731904545178}
INFO    [02-27 14:38:28] train in BasicTrainer:
duration: 19.881401300430298s
INFO    [02-27 14:38:28] train in BasicTrainer:
epoch: 17
INFO    [02-27 14:38:46] _train_one_epoch in BasicTrainer:
loss = 1.690922573407491
INFO    [02-27 14:38:48] log in loggers:
Update Best NDCG@10 Model at 17
INFO    [02-27 14:38:48] validate in BasicTrainer:
{'Recall@10': 0.11717641800642013, 'NDCG@10': 0.08328175830344359, 'MRR@10': 0.07287440739261607, 'Recall@5': 0.09407136489947637, 'NDCG@5': 0.0758836889018615, 'MRR@5': 0.06986702194747825, 'Recall*@10': 0.11717641800642013, 'NDCG*@10': 0.08328175830344359, 'MRR*@10': 0.07287440739261607, 'Recall*@5': 0.09407136489947637, 'NDCG*@5': 0.0758836889018615, 'MRR*@5': 0.06986702194747825}
INFO    [02-27 14:38:48] train in BasicTrainer:
duration: 20.058581113815308s
INFO    [02-27 14:38:48] train in BasicTrainer:
epoch: 18
INFO    [02-27 14:39:06] _train_one_epoch in BasicTrainer:
loss = 1.5238967206743028
INFO    [02-27 14:39:08] log in loggers:
Update Best NDCG@10 Model at 18
INFO    [02-27 14:39:08] validate in BasicTrainer:
{'Recall@10': 0.1229055846730868, 'NDCG@10': 0.0854187298566103, 'MRR@10': 0.07408844931051135, 'Recall@5': 0.09492464512586593, 'NDCG@5': 0.07656733517845472, 'MRR@5': 0.07055370944241683, 'Recall*@10': 0.1229055846730868, 'NDCG*@10': 0.0854187298566103, 'MRR*@10': 0.07408844931051135, 'Recall*@5': 0.09492464512586593, 'NDCG*@5': 0.07656733517845472, 'MRR*@5': 0.07055370944241683}
INFO    [02-27 14:39:08] train in BasicTrainer:
duration: 20.056925296783447s
INFO    [02-27 14:39:08] train in BasicTrainer:
epoch: 19
INFO    [02-27 14:39:26] _train_one_epoch in BasicTrainer:
loss = 1.3960573866632249
INFO    [02-27 14:39:28] validate in BasicTrainer:
{'Recall@10': 0.11613475133975347, 'NDCG@10': 0.08106572398295005, 'MRR@10': 0.07030321376708647, 'Recall@5': 0.09388297845919927, 'NDCG@5': 0.07382163293659687, 'MRR@5': 0.0672848334380736, 'Recall*@10': 0.11613475133975347, 'NDCG*@10': 0.08106572398295005, 'MRR*@10': 0.07030321376708647, 'Recall*@5': 0.09388297845919927, 'NDCG*@5': 0.07382163293659687, 'MRR*@5': 0.0672848334380736}
INFO    [02-27 14:39:28] train in BasicTrainer:
duration: 19.943068265914917s
INFO    [02-27 14:39:28] train in BasicTrainer:
epoch: 20
INFO    [02-27 14:39:46] _train_one_epoch in BasicTrainer:
loss = 1.2825957791010538
INFO    [02-27 14:39:48] validate in BasicTrainer:
{'Recall@10': 0.1258421982328097, 'NDCG@10': 0.08526218524202704, 'MRR@10': 0.0727899068966508, 'Recall@5': 0.10188386489947637, 'NDCG@5': 0.07757950943584244, 'MRR@5': 0.06965333297848701, 'Recall*@10': 0.1258421982328097, 'NDCG*@10': 0.08526218524202704, 'MRR*@10': 0.0727899068966508, 'Recall*@5': 0.10188386489947637, 'NDCG*@5': 0.07757950943584244, 'MRR*@5': 0.06965333297848701}
INFO    [02-27 14:39:48] train in BasicTrainer:
duration: 19.877458333969116s
INFO    [02-27 14:39:48] train in BasicTrainer:
epoch: 21
INFO    [02-27 14:40:06] _train_one_epoch in BasicTrainer:
loss = 1.1818683687845866
INFO    [02-27 14:40:08] log in loggers:
Update Best NDCG@10 Model at 21
INFO    [02-27 14:40:08] validate in BasicTrainer:
{'Recall@10': 0.12186391800642013, 'NDCG@10': 0.08781234007328749, 'MRR@10': 0.07748244168857733, 'Recall@5': 0.0963430846730868, 'NDCG@5': 0.07962450546522935, 'MRR@5': 0.0741422879199187, 'Recall*@10': 0.12186391800642013, 'NDCG*@10': 0.08781234007328749, 'MRR*@10': 0.07748244168857733, 'Recall*@5': 0.0963430846730868, 'NDCG*@5': 0.07962450546522935, 'MRR*@5': 0.0741422879199187}
INFO    [02-27 14:40:08] train in BasicTrainer:
duration: 20.010146856307983s
INFO    [02-27 14:40:08] train in BasicTrainer:
epoch: 22
INFO    [02-27 14:40:26] _train_one_epoch in BasicTrainer:
loss = 1.0900685328907436
INFO    [02-27 14:40:28] validate in BasicTrainer:
{'Recall@10': 0.1182180846730868, 'NDCG@10': 0.08217021450400352, 'MRR@10': 0.07131970841437578, 'Recall@5': 0.0879654253522555, 'NDCG@5': 0.07249868946770827, 'MRR@5': 0.06739066243171692, 'Recall*@10': 0.1182180846730868, 'NDCG*@10': 0.08217021450400352, 'MRR*@10': 0.07131970841437578, 'Recall*@5': 0.0879654253522555, 'NDCG*@5': 0.07249868946770827, 'MRR*@5': 0.06739066243171692}
INFO    [02-27 14:40:28] train in BasicTrainer:
duration: 19.888594150543213s
INFO    [02-27 14:40:28] train in BasicTrainer:
epoch: 23
INFO    [02-27 14:40:46] _train_one_epoch in BasicTrainer:
loss = 1.0278296779261695
INFO    [02-27 14:40:48] validate in BasicTrainer:
{'Recall@10': 0.11248891800642014, 'NDCG@10': 0.08222147797544797, 'MRR@10': 0.07297610823685924, 'Recall@5': 0.09179964512586594, 'NDCG@5': 0.07548865589002768, 'MRR@5': 0.07017231869200866, 'Recall*@10': 0.11248891800642014, 'NDCG*@10': 0.08222147797544797, 'MRR*@10': 0.07297610823685924, 'Recall*@5': 0.09179964512586594, 'NDCG*@5': 0.07548865589002768, 'MRR*@5': 0.07017231869200866}
INFO    [02-27 14:40:48] train in BasicTrainer:
duration: 19.924540519714355s
INFO    [02-27 14:40:48] train in BasicTrainer:
epoch: 24
INFO    [02-27 14:41:06] _train_one_epoch in BasicTrainer:
loss = 0.9595651227898068
INFO    [02-27 14:41:08] validate in BasicTrainer:
{'Recall@10': 0.1147163117925326, 'NDCG@10': 0.08334629864742359, 'MRR@10': 0.07361254046360652, 'Recall@5': 0.09544547845919928, 'NDCG@5': 0.07721678760523597, 'MRR@5': 0.07114250908295314, 'Recall*@10': 0.1147163117925326, 'NDCG*@10': 0.08334629864742359, 'MRR*@10': 0.07361254046360652, 'Recall*@5': 0.09544547845919928, 'NDCG*@5': 0.07721678760523597, 'MRR*@5': 0.07114250908295314}
INFO    [02-27 14:41:08] train in BasicTrainer:
duration: 19.92468547821045s
INFO    [02-27 14:41:08] train in BasicTrainer:
epoch: 25
INFO    [02-27 14:41:26] _train_one_epoch in BasicTrainer:
loss = 0.9039460914002524
INFO    [02-27 14:41:27] validate in BasicTrainer:
{'Recall@10': 0.11125886489947637, 'NDCG@10': 0.08243884220719337, 'MRR@10': 0.07345548160374164, 'Recall@5': 0.09563386489947637, 'NDCG@5': 0.07743301683415969, 'MRR@5': 0.07141493142892917, 'Recall*@10': 0.11125886489947637, 'NDCG*@10': 0.08243884220719337, 'MRR*@10': 0.07345548160374164, 'Recall*@5': 0.09563386489947637, 'NDCG*@5': 0.07743301683415969, 'MRR*@5': 0.07141493142892917}
INFO    [02-27 14:41:27] train in BasicTrainer:
duration: 19.93356156349182s
INFO    [02-27 14:41:27] train in BasicTrainer:
epoch: 26
INFO    [02-27 14:41:46] _train_one_epoch in BasicTrainer:
loss = 0.8481518525547451
INFO    [02-27 14:41:47] validate in BasicTrainer:
{'Recall@10': 0.1182180846730868, 'NDCG@10': 0.08590495763346553, 'MRR@10': 0.07612976940969626, 'Recall@5': 0.09213209201892217, 'NDCG@5': 0.077404151763767, 'MRR@5': 0.07258071141938369, 'Recall*@10': 0.1182180846730868, 'NDCG*@10': 0.08590495763346553, 'MRR*@10': 0.07612976940969626, 'Recall*@5': 0.09213209201892217, 'NDCG*@5': 0.077404151763767, 'MRR*@5': 0.07258071141938369}
INFO    [02-27 14:41:47] train in BasicTrainer:
duration: 19.890509128570557s
INFO    [02-27 14:41:47] train in BasicTrainer:
epoch: 27
INFO    [02-27 14:42:05] _train_one_epoch in BasicTrainer:
loss = 0.8116651960876253
INFO    [02-27 14:42:07] validate in BasicTrainer:
{'Recall@10': 0.11855053156614304, 'NDCG@10': 0.08590035264690717, 'MRR@10': 0.07599581945687532, 'Recall@5': 0.0945921982328097, 'NDCG@5': 0.07822670117020607, 'MRR@5': 0.07287123290201028, 'Recall*@10': 0.11855053156614304, 'NDCG*@10': 0.08590035264690717, 'MRR*@10': 0.07599581945687532, 'Recall*@5': 0.0945921982328097, 'NDCG*@5': 0.07822670117020607, 'MRR*@5': 0.07287123290201028}
INFO    [02-27 14:42:07] train in BasicTrainer:
duration: 19.787726402282715s
INFO    [02-27 14:42:07] train in BasicTrainer:
epoch: 28
INFO    [02-27 14:42:25] _train_one_epoch in BasicTrainer:
loss = 0.8147939401202732
INFO    [02-27 14:42:27] validate in BasicTrainer:
{'Recall@10': 0.11230053156614303, 'NDCG@10': 0.08277582215766112, 'MRR@10': 0.07358758977303902, 'Recall@5': 0.0944038117925326, 'NDCG@5': 0.07693556907276312, 'MRR@5': 0.07114749569445848, 'Recall*@10': 0.11230053156614303, 'NDCG*@10': 0.08277582215766112, 'MRR*@10': 0.07358758977303902, 'Recall*@5': 0.0944038117925326, 'NDCG*@5': 0.07693556907276312, 'MRR*@5': 0.07114749569445848}
INFO    [02-27 14:42:27] train in BasicTrainer:
duration: 19.560096979141235s
INFO    [02-27 14:42:27] train in BasicTrainer:
epoch: 29
INFO    [02-27 14:42:45] _train_one_epoch in BasicTrainer:
loss = 0.7917695273293389
INFO    [02-27 14:42:46] validate in BasicTrainer:
{'Recall@10': 0.11594636489947636, 'NDCG@10': 0.08506380200075607, 'MRR@10': 0.0755917553207837, 'Recall@5': 0.09511303156614304, 'NDCG@5': 0.07836908549070358, 'MRR@5': 0.07285738084465265, 'Recall*@10': 0.11594636489947636, 'NDCG*@10': 0.08506380200075607, 'MRR*@10': 0.0755917553207837, 'Recall*@5': 0.09511303156614304, 'NDCG*@5': 0.07836908549070358, 'MRR*@5': 0.07285738084465265}
INFO    [02-27 14:42:46] train in BasicTrainer:
duration: 19.644502639770508s
INFO    [02-27 14:42:46] train in BasicTrainer:
epoch: 30
INFO    [02-27 14:43:04] _train_one_epoch in BasicTrainer:
loss = 0.7616841921541426
INFO    [02-27 14:43:06] validate in BasicTrainer:
{'Recall@10': 0.11632313827673595, 'NDCG@10': 0.08371237150082986, 'MRR@10': 0.07362212308992942, 'Recall@5': 0.09407136489947637, 'NDCG@5': 0.0764828501890103, 'MRR@5': 0.07061779697736105, 'Recall*@10': 0.11632313827673595, 'NDCG*@10': 0.08371237150082986, 'MRR*@10': 0.07362212308992942, 'Recall*@5': 0.09407136489947637, 'NDCG*@5': 0.0764828501890103, 'MRR*@5': 0.07061779697736105}
INFO    [02-27 14:43:06] train in BasicTrainer:
duration: 19.587642669677734s
INFO    [02-27 14:43:06] train in BasicTrainer:
epoch: 31
INFO    [02-27 14:43:24] _train_one_epoch in BasicTrainer:
loss = 0.7049873338805305
INFO    [02-27 14:43:26] validate in BasicTrainer:
{'Recall@10': 0.1166555846730868, 'NDCG@10': 0.08559430645157894, 'MRR@10': 0.07607221162567536, 'Recall@5': 0.09511303156614304, 'NDCG@5': 0.07863133667657772, 'MRR@5': 0.07320386401067178, 'Recall*@10': 0.1166555846730868, 'NDCG*@10': 0.08559430645157894, 'MRR*@10': 0.07607221162567536, 'Recall*@5': 0.09511303156614304, 'NDCG*@5': 0.07863133667657772, 'MRR*@5': 0.07320386401067178}
INFO    [02-27 14:43:26] train in BasicTrainer:
duration: 19.646038055419922s
INFO    [02-27 14:43:26] train in BasicTrainer:
epoch: 32
INFO    [02-27 14:43:44] _train_one_epoch in BasicTrainer:
loss = 0.6943881067964766
INFO    [02-27 14:43:45] validate in BasicTrainer:
{'Recall@10': 0.11371897161006927, 'NDCG@10': 0.08387004521985848, 'MRR@10': 0.07480310431371133, 'Recall@5': 0.09042553156614304, 'NDCG@5': 0.07628790400922299, 'MRR@5': 0.0716459817873935, 'Recall*@10': 0.11371897161006927, 'NDCG*@10': 0.08387004521985848, 'MRR*@10': 0.07480310431371133, 'Recall*@5': 0.09042553156614304, 'NDCG*@5': 0.07628790400922299, 'MRR*@5': 0.0716459817873935}
INFO    [02-27 14:43:45] train in BasicTrainer:
duration: 19.695814847946167s
INFO    [02-27 14:43:45] train in BasicTrainer:
epoch: 33
INFO    [02-27 14:44:03] _train_one_epoch in BasicTrainer:
loss = 0.6743812747134103
INFO    [02-27 14:44:05] validate in BasicTrainer:
{'Recall@10': 0.1166555846730868, 'NDCG@10': 0.08693831103543441, 'MRR@10': 0.07785197993119558, 'Recall@5': 0.09700797845919927, 'NDCG@5': 0.08071455806493759, 'MRR@5': 0.07535996561249098, 'Recall*@10': 0.1166555846730868, 'NDCG*@10': 0.08693831103543441, 'MRR*@10': 0.07785197993119558, 'Recall*@5': 0.09700797845919927, 'NDCG*@5': 0.08071455806493759, 'MRR*@5': 0.07535996561249098}
INFO    [02-27 14:44:05] train in BasicTrainer:
duration: 19.63555645942688s
INFO    [02-27 14:44:05] train in BasicTrainer:
epoch: 34
INFO    [02-27 14:44:23] _train_one_epoch in BasicTrainer:
loss = 0.6590033621920479
INFO    [02-27 14:44:25] log in loggers:
Update Best NDCG@10 Model at 34
INFO    [02-27 14:44:25] validate in BasicTrainer:
{'Recall@10': 0.12030141800642014, 'NDCG@10': 0.08830683293441931, 'MRR@10': 0.07875928711146116, 'Recall@5': 0.09298537224531174, 'NDCG@5': 0.0796481840312481, 'MRR@5': 0.07528701331466436, 'Recall*@10': 0.12030141800642014, 'NDCG*@10': 0.08830683293441931, 'MRR*@10': 0.07875928711146116, 'Recall*@5': 0.09298537224531174, 'NDCG*@5': 0.0796481840312481, 'MRR*@5': 0.07528701331466436}
INFO    [02-27 14:44:25] train in BasicTrainer:
duration: 19.836896419525146s
INFO    [02-27 14:44:25] train in BasicTrainer:
epoch: 35
INFO    [02-27 14:44:43] _train_one_epoch in BasicTrainer:
loss = 0.6489952750338448
INFO    [02-27 14:44:45] log in loggers:
Update Best NDCG@10 Model at 35
INFO    [02-27 14:44:45] validate in BasicTrainer:
{'Recall@10': 0.12030141800642014, 'NDCG@10': 0.08903157375752926, 'MRR@10': 0.0795495826130112, 'Recall@5': 0.09530141800642014, 'NDCG@5': 0.0810393056521813, 'MRR@5': 0.07630780885616938, 'Recall*@10': 0.12030141800642014, 'NDCG*@10': 0.08903157375752926, 'MRR*@10': 0.0795495826130112, 'Recall*@5': 0.09530141800642014, 'NDCG*@5': 0.0810393056521813, 'MRR*@5': 0.07630780885616938}
INFO    [02-27 14:44:45] train in BasicTrainer:
duration: 19.903614282608032s
INFO    [02-27 14:44:45] train in BasicTrainer:
epoch: 36
INFO    [02-27 14:45:03] _train_one_epoch in BasicTrainer:
loss = 0.5897197579344113
INFO    [02-27 14:45:04] validate in BasicTrainer:
{'Recall@10': 0.11840647161006927, 'NDCG@10': 0.08809432138999303, 'MRR@10': 0.07897970930983624, 'Recall@5': 0.0930296982328097, 'NDCG@5': 0.07997354473918676, 'MRR@5': 0.07567782265444596, 'Recall*@10': 0.11840647161006927, 'NDCG*@10': 0.08809432138999303, 'MRR*@10': 0.07897970930983624, 'Recall*@5': 0.0930296982328097, 'NDCG*@5': 0.07997354473918676, 'MRR*@5': 0.07567782265444596}
INFO    [02-27 14:45:04] train in BasicTrainer:
duration: 19.74916434288025s
INFO    [02-27 14:45:04] train in BasicTrainer:
epoch: 37
INFO    [02-27 14:45:22] _train_one_epoch in BasicTrainer:
loss = 0.5591900473501947
INFO    [02-27 14:45:24] validate in BasicTrainer:
{'Recall@10': 0.11613475133975347, 'NDCG@10': 0.0877582287415862, 'MRR@10': 0.07904657684266567, 'Recall@5': 0.0961546982328097, 'NDCG@5': 0.08133363562325636, 'MRR@5': 0.07641659347961346, 'Recall*@10': 0.11613475133975347, 'NDCG*@10': 0.0877582287415862, 'MRR*@10': 0.07904657684266567, 'Recall*@5': 0.0961546982328097, 'NDCG*@5': 0.08133363562325636, 'MRR*@5': 0.07641659347961346}
INFO    [02-27 14:45:24] train in BasicTrainer:
duration: 19.6990225315094s
INFO    [02-27 14:45:24] train in BasicTrainer:
epoch: 38
INFO    [02-27 14:45:42] _train_one_epoch in BasicTrainer:
loss = 0.5549841231769985
INFO    [02-27 14:45:44] validate in BasicTrainer:
{'Recall@10': 0.1142398049434026, 'NDCG@10': 0.08250229234496752, 'MRR@10': 0.07277516654382149, 'Recall@5': 0.0912788117925326, 'NDCG@5': 0.07515489179641008, 'MRR@5': 0.0697876042375962, 'Recall*@10': 0.1142398049434026, 'NDCG*@10': 0.08250229234496752, 'MRR*@10': 0.07277516654382149, 'Recall*@5': 0.0912788117925326, 'NDCG*@5': 0.07515489179641008, 'MRR*@5': 0.0697876042375962}
INFO    [02-27 14:45:44] train in BasicTrainer:
duration: 19.76056933403015s
INFO    [02-27 14:45:44] train in BasicTrainer:
epoch: 39
INFO    [02-27 14:46:02] _train_one_epoch in BasicTrainer:
loss = 0.5560843251811134
INFO    [02-27 14:46:04] validate in BasicTrainer:
{'Recall@10': 0.1197805846730868, 'NDCG@10': 0.08749397521217664, 'MRR@10': 0.07752954736351966, 'Recall@5': 0.0992796982328097, 'NDCG@5': 0.08097626467545828, 'MRR@5': 0.07490322242180507, 'Recall*@10': 0.1197805846730868, 'NDCG*@10': 0.08749397521217664, 'MRR*@10': 0.07752954736351966, 'Recall*@5': 0.0992796982328097, 'NDCG*@5': 0.08097626467545828, 'MRR*@5': 0.07490322242180507}
INFO    [02-27 14:46:04] train in BasicTrainer:
duration: 19.7666597366333s
INFO    [02-27 14:46:04] train in BasicTrainer:
epoch: 40
INFO    [02-27 14:46:22] _train_one_epoch in BasicTrainer:
loss = 0.5278428442610634
INFO    [02-27 14:46:23] validate in BasicTrainer:
{'Recall@10': 0.1195921982328097, 'NDCG@10': 0.087807907226185, 'MRR@10': 0.07816503389428059, 'Recall@5': 0.09511303156614304, 'NDCG@5': 0.08000012735525767, 'MRR@5': 0.07500572558492422, 'Recall*@10': 0.1195921982328097, 'NDCG*@10': 0.087807907226185, 'MRR*@10': 0.07816503389428059, 'Recall*@5': 0.09511303156614304, 'NDCG*@5': 0.08000012735525767, 'MRR*@5': 0.07500572558492422}
INFO    [02-27 14:46:23] train in BasicTrainer:
duration: 19.68558144569397s
INFO    [02-27 14:46:23] train in BasicTrainer:
epoch: 41
INFO    [02-27 14:46:41] _train_one_epoch in BasicTrainer:
loss = 0.5351299731930097
INFO    [02-27 14:46:43] validate in BasicTrainer:
{'Recall@10': 0.11717641800642013, 'NDCG@10': 0.08734571946163973, 'MRR@10': 0.07819089634964864, 'Recall@5': 0.09667553156614303, 'NDCG@5': 0.08071083227793376, 'MRR@5': 0.07545157397786777, 'Recall*@10': 0.11717641800642013, 'NDCG*@10': 0.08734571946163973, 'MRR*@10': 0.07819089634964864, 'Recall*@5': 0.09667553156614303, 'NDCG*@5': 0.08071083227793376, 'MRR*@5': 0.07545157397786777}
INFO    [02-27 14:46:43] train in BasicTrainer:
duration: 19.771034240722656s
INFO    [02-27 14:46:43] train in BasicTrainer:
epoch: 42
INFO    [02-27 14:47:01] _train_one_epoch in BasicTrainer:
loss = 0.4931300364434719
INFO    [02-27 14:47:03] validate in BasicTrainer:
{'Recall@10': 0.11925975133975347, 'NDCG@10': 0.08651116266846656, 'MRR@10': 0.07640049053976933, 'Recall@5': 0.09530141800642014, 'NDCG@5': 0.07877636030316353, 'MRR@5': 0.07321679306526979, 'Recall*@10': 0.11925975133975347, 'NDCG*@10': 0.08651116266846656, 'MRR*@10': 0.07640049053976933, 'Recall*@5': 0.09530141800642014, 'NDCG*@5': 0.07877636030316353, 'MRR*@5': 0.07321679306526979}
INFO    [02-27 14:47:03] train in BasicTrainer:
duration: 19.73963737487793s
INFO    [02-27 14:47:03] train in BasicTrainer:
epoch: 43
INFO    [02-27 14:47:21] _train_one_epoch in BasicTrainer:
loss = 0.49351156623827086
INFO    [02-27 14:47:23] validate in BasicTrainer:
{'Recall@10': 0.1164671982328097, 'NDCG@10': 0.08676379888008039, 'MRR@10': 0.07765802343686422, 'Recall@5': 0.09544547845919928, 'NDCG@5': 0.0799978440006574, 'MRR@5': 0.0748825361331304, 'Recall*@10': 0.1164671982328097, 'NDCG*@10': 0.08676379888008039, 'MRR*@10': 0.07765802343686422, 'Recall*@5': 0.09544547845919928, 'NDCG*@5': 0.0799978440006574, 'MRR*@5': 0.0748825361331304}
INFO    [02-27 14:47:23] train in BasicTrainer:
duration: 19.815433740615845s
INFO    [02-27 14:47:23] train in BasicTrainer:
epoch: 44
INFO    [02-27 14:47:41] _train_one_epoch in BasicTrainer:
loss = 0.4810042745537228
INFO    [02-27 14:47:42] validate in BasicTrainer:
{'Recall@10': 0.1119680846730868, 'NDCG@10': 0.08276040703058243, 'MRR@10': 0.07379897423088551, 'Recall@5': 0.09373891800642013, 'NDCG@5': 0.07689626552164555, 'MRR@5': 0.07139590705434481, 'Recall*@10': 0.1119680846730868, 'NDCG*@10': 0.08276040703058243, 'MRR*@10': 0.07379897423088551, 'Recall*@5': 0.09373891800642013, 'NDCG*@5': 0.07689626552164555, 'MRR*@5': 0.07139590705434481}
INFO    [02-27 14:47:42] train in BasicTrainer:
duration: 19.749826908111572s
INFO    [02-27 14:47:42] train in BasicTrainer:
epoch: 45
INFO    [02-27 14:48:00] _train_one_epoch in BasicTrainer:
loss = 0.4638582560088899
INFO    [02-27 14:48:02] validate in BasicTrainer:
{'Recall@10': 0.1070921982328097, 'NDCG@10': 0.08284330312162638, 'MRR@10': 0.07534501904932162, 'Recall@5': 0.09161125868558884, 'NDCG@5': 0.07782175342241923, 'MRR@5': 0.07326518134213984, 'Recall*@10': 0.1070921982328097, 'NDCG*@10': 0.08284330312162638, 'MRR*@10': 0.07534501904932162, 'Recall*@5': 0.09161125868558884, 'NDCG*@5': 0.07782175342241923, 'MRR*@5': 0.07326518134213984}
INFO    [02-27 14:48:02] train in BasicTrainer:
duration: 19.78177833557129s
INFO    [02-27 14:48:02] train in BasicTrainer:
epoch: 46
INFO    [02-27 14:48:20] _train_one_epoch in BasicTrainer:
loss = 0.43776913586590027
INFO    [02-27 14:48:22] log in loggers:
Update Best NDCG@10 Model at 46
INFO    [02-27 14:48:22] validate in BasicTrainer:
{'Recall@10': 0.11925975133975347, 'NDCG@10': 0.08962487317621708, 'MRR@10': 0.08057537066439788, 'Recall@5': 0.09823803156614304, 'NDCG@5': 0.08286954586704572, 'MRR@5': 0.07781083739052216, 'Recall*@10': 0.11925975133975347, 'NDCG*@10': 0.08962487317621708, 'MRR*@10': 0.08057537066439788, 'Recall*@5': 0.09823803156614304, 'NDCG*@5': 0.08286954586704572, 'MRR*@5': 0.07781083739052216}
INFO    [02-27 14:48:22] train in BasicTrainer:
duration: 19.850876331329346s
INFO    [02-27 14:48:22] train in BasicTrainer:
epoch: 47
INFO    [02-27 14:48:40] _train_one_epoch in BasicTrainer:
loss = 0.4314750699698925
INFO    [02-27 14:48:42] validate in BasicTrainer:
{'Recall@10': 0.11144725133975347, 'NDCG@10': 0.08526626055439314, 'MRR@10': 0.07730813895662626, 'Recall@5': 0.09023714512586593, 'NDCG@5': 0.07839768466850122, 'MRR@5': 0.0744701161670188, 'Recall*@10': 0.11144725133975347, 'NDCG*@10': 0.08526626055439314, 'MRR*@10': 0.07730813895662626, 'Recall*@5': 0.09023714512586593, 'NDCG*@5': 0.07839768466850122, 'MRR*@5': 0.0744701161670188}
INFO    [02-27 14:48:42] train in BasicTrainer:
duration: 19.69577717781067s
INFO    [02-27 14:48:42] train in BasicTrainer:
epoch: 48
INFO    [02-27 14:49:00] _train_one_epoch in BasicTrainer:
loss = 0.432691972768969
INFO    [02-27 14:49:01] validate in BasicTrainer:
{'Recall@10': 0.11144725133975347, 'NDCG@10': 0.08499118344237407, 'MRR@10': 0.07674361740549406, 'Recall@5': 0.09700797845919927, 'NDCG@5': 0.08035830191026132, 'MRR@5': 0.0748503990471363, 'Recall*@10': 0.11144725133975347, 'NDCG*@10': 0.08499118344237407, 'MRR*@10': 0.07674361740549406, 'Recall*@5': 0.09700797845919927, 'NDCG*@5': 0.08035830191026132, 'MRR*@5': 0.0748503990471363}
INFO    [02-27 14:49:01] train in BasicTrainer:
duration: 19.688326358795166s
INFO    [02-27 14:49:01] train in BasicTrainer:
epoch: 49
INFO    [02-27 14:49:19] _train_one_epoch in BasicTrainer:
loss = 0.43834176424476834
INFO    [02-27 14:49:21] validate in BasicTrainer:
{'Recall@10': 0.12186391800642013, 'NDCG@10': 0.08733078216512997, 'MRR@10': 0.07692266354958216, 'Recall@5': 0.09596631179253261, 'NDCG@5': 0.07904234640300274, 'MRR@5': 0.07355311736464501, 'Recall*@10': 0.12186391800642013, 'NDCG*@10': 0.08733078216512997, 'MRR*@10': 0.07692266354958216, 'Recall*@5': 0.09596631179253261, 'NDCG*@5': 0.07904234640300274, 'MRR*@5': 0.07355311736464501}
INFO    [02-27 14:49:21] train in BasicTrainer:
duration: 19.7232608795166s
INFO    [02-27 14:49:21] close_training in BasicTrainer:
finished training
INFO    [02-27 14:49:21] final_validate in BasicTrainer:
validate model on val set!
INFO    [02-27 14:49:21] load_state_from_given_path in utils:
checkpoint epoch: 46
INFO    [02-27 14:49:21] load_state_from_given_path in utils:
Loading model's parameters
INFO    [02-27 14:49:23] validate in BasicTrainer:
{'Recall@10': 0.11925975133975347, 'NDCG@10': 0.08962487317621708, 'MRR@10': 0.08057537066439788, 'Recall@5': 0.09823803156614304, 'NDCG@5': 0.08286954586704572, 'MRR@5': 0.07781083739052216, 'Recall*@10': 0.11925975133975347, 'NDCG*@10': 0.08962487317621708, 'MRR*@10': 0.08057537066439788, 'Recall*@5': 0.09823803156614304, 'NDCG*@5': 0.08286954586704572, 'MRR*@5': 0.07781083739052216}
INFO    [02-27 14:49:23] test in BasicTrainer:
Test model on test set!
INFO    [02-27 14:49:23] test_with_given_state_path in BasicTrainer:
Loading model params from ___lfms_base_partial_2022/base_nextitnet-rate-0.6-seed-2000_02-27_14:32_t1/nextitnet_logs/checkpoint/best_acc_model.pth.
INFO    [02-27 14:49:23] load_state_from_given_path in utils:
checkpoint epoch: 46
INFO    [02-27 14:49:23] load_state_from_given_path in utils:
Loading model's parameters
INFO    [02-27 14:49:23] test_with_given_state_path in BasicTrainer:
Finished loading. Start testing.
INFO    [02-27 14:49:25] test_with_given_state_path in BasicTrainer:
{'Recall@10': 0.10955230494340261, 'NDCG@10': 0.08201215385148923, 'MRR@10': 0.07376434803009033, 'Recall@5': 0.0836546982328097, 'NDCG@5': 0.07360604926943778, 'MRR@5': 0.07027389965951443, 'Recall*@10': 0.10955230494340261, 'NDCG*@10': 0.08201215385148923, 'MRR*@10': 0.07376434803009033, 'Recall*@5': 0.0836546982328097, 'NDCG*@5': 0.07360604926943778, 'MRR*@5': 0.07027389965951443}
INFO    [02-27 14:49:25] _evaluate in BasicSched:
!!Final Result!!: {'Recall@10': 0.10955230494340261, 'NDCG@10': 0.08201215385148923, 'MRR@10': 0.07376434803009033, 'Recall@5': 0.0836546982328097, 'NDCG@5': 0.07360604926943778, 'MRR@5': 0.07027389965951443, 'Recall*@10': 0.10955230494340261, 'NDCG*@10': 0.08201215385148923, 'MRR*@10': 0.07376434803009033, 'Recall*@5': 0.0836546982328097, 'NDCG*@5': 0.07360604926943778, 'MRR*@5': 0.07027389965951443}
