INFO    [03-24 15:17:26] setup_train in utils:
{
    "experiment_dir": "___movies_base_partial_2022",
    "experiment_description": "base",
    "describe": "{config[model_code]}-rate-{config[sample_rate]}-seed-{config[sample_seed]}",
    "dataset_name": "movies.csv",
    "sched": "basic",
    "model_code": "nextitnet",
    "num_epochs": 60,
    "mode": [
        "train",
        "test"
    ],
    "max_len": 10,
    "test_state_path": null,
    "model_state_path": null,
    "do_sampling": true,
    "path_for_sample": "Data/Cache/movies-5-5.pkl",
    "sample_rate": 0.8,
    "sample_seed": 2000,
    "rand_seed": 2022,
    "load_processed_dataset": true,
    "save_processed_dataset": false,
    "dataset_cache_filename": null,
    "do_remap": false,
    "weight_decay": 0,
    "decay_step": 15,
    "gamma": 0.99,
    "lr": 0.001,
    "min_length": 5,
    "min_item_inter": 5,
    "good_only": false,
    "use_rating": true,
    "test_negative_sampler_code": "random",
    "test_negative_sample_size": 0,
    "dataloader_type": "next",
    "train_batch_size": 512,
    "val_batch_size": 512,
    "test_batch_size": 512,
    "prop_sliding_window": -1.0,
    "worker_number": 2,
    "metric_ks": [
        5,
        10
    ],
    "device": "cuda",
    "num_gpu": 1,
    "optimizer": "Adam",
    "best_metric": "NDCG@10",
    "show_process_bar": false,
    "config_file": "config2.movies/nextitnet/config_partial.json",
    "task_id": 1,
    "split": "leave_one_out",
    "train_negative_sampler_code": "random",
    "train_negative_sample_size": 100,
    "device_idx": "0",
    "momentum": null,
    "log_period_as_iter": 12800,
    "mentor_code": "bert",
    "training_routine": null,
    "T": 1,
    "alpha": 0.1,
    "dvae_alpha": 0.5,
    "softmaxed_mentor": false,
    "weight_list": [
        0.5,
        0.5
    ],
    "validation_rate": 0.2,
    "num_items": null,
    "start_index": 1,
    "kwargs": null
}
DEBUG   [03-24 15:17:26] __init__ in BasicSched:
BasicScheduler attribs: tag=nextitnet
INFO    [03-24 15:17:26] _load_sampled_dataset_from_path in utils:
loading sampled dataset from /data/wushiguang-slurm/code/gitee-repos/soft-rec/Data/Cache/sampled_movies-5-5-rate-0.8-seed-2000.pkl
INFO    [03-24 15:17:27] _check_dataset_cache in utils:
check if the cache is generated under this configuration
INFO    [03-24 15:17:27] _check_dataset_cache in utils:
correct.
INFO    [03-24 15:17:27] __init__ in NextItemDataloader:
there are 21035 items in this dataset, 65724 users, padding_first? True
DEBUG   [03-24 15:17:38] generate_model in utils:
model_code_list=['nextitnet']
INFO    [03-24 15:17:38] load_model_config in utils:
loading model nextitnet's config file at asset/config/model/nextitnet.json
INFO    [03-24 15:17:38] load_model_config in utils:
{
    "embedding_size": 64,
    "kernel_size": 3,
    "block_num": 5,
    "dilations": [
        1
    ],
    "reg_weight": 5e-06,
    "loss_type": "CE"
}
WARNING [03-24 15:18:43] get_exist_path in utils:
dir ___movies_base_partial_2022/base_nextitnet-rate-0.8-seed-2000_03-24_15:17_t1/nextitnet_logs does not exist! Create one.
WARNING [03-24 15:18:44] get_exist_path in utils:
dir ___movies_base_partial_2022/base_nextitnet-rate-0.8-seed-2000_03-24_15:17_t1/nextitnet_logs/tb_vis does not exist! Create one.
WARNING [03-24 15:18:47] get_exist_path in utils:
dir ___movies_base_partial_2022/base_nextitnet-rate-0.8-seed-2000_03-24_15:17_t1/nextitnet_logs/checkpoint does not exist! Create one.
INFO    [03-24 15:18:48] __init__ in BasicSched:
NextItNet(
  (item_embedding): Embedding(21036, 64, padding_idx=0)
  (residual_blocks): Sequential(
    (0): ResidualBlock_b(
      (conv1): Conv2d(64, 64, kernel_size=(1, 3), stride=(1, 1))
      (ln1): LayerNorm((64,), eps=1e-08, elementwise_affine=True)
      (conv2): Conv2d(64, 64, kernel_size=(1, 3), stride=(1, 1), dilation=(2, 2))
      (ln2): LayerNorm((64,), eps=1e-08, elementwise_affine=True)
    )
    (1): ResidualBlock_b(
      (conv1): Conv2d(64, 64, kernel_size=(1, 3), stride=(1, 1))
      (ln1): LayerNorm((64,), eps=1e-08, elementwise_affine=True)
      (conv2): Conv2d(64, 64, kernel_size=(1, 3), stride=(1, 1), dilation=(2, 2))
      (ln2): LayerNorm((64,), eps=1e-08, elementwise_affine=True)
    )
    (2): ResidualBlock_b(
      (conv1): Conv2d(64, 64, kernel_size=(1, 3), stride=(1, 1))
      (ln1): LayerNorm((64,), eps=1e-08, elementwise_affine=True)
      (conv2): Conv2d(64, 64, kernel_size=(1, 3), stride=(1, 1), dilation=(2, 2))
      (ln2): LayerNorm((64,), eps=1e-08, elementwise_affine=True)
    )
    (3): ResidualBlock_b(
      (conv1): Conv2d(64, 64, kernel_size=(1, 3), stride=(1, 1))
      (ln1): LayerNorm((64,), eps=1e-08, elementwise_affine=True)
      (conv2): Conv2d(64, 64, kernel_size=(1, 3), stride=(1, 1), dilation=(2, 2))
      (ln2): LayerNorm((64,), eps=1e-08, elementwise_affine=True)
    )
    (4): ResidualBlock_b(
      (conv1): Conv2d(64, 64, kernel_size=(1, 3), stride=(1, 1))
      (ln1): LayerNorm((64,), eps=1e-08, elementwise_affine=True)
      (conv2): Conv2d(64, 64, kernel_size=(1, 3), stride=(1, 1), dilation=(2, 2))
      (ln2): LayerNorm((64,), eps=1e-08, elementwise_affine=True)
    )
  )
  (final_layer): Linear(in_features=64, out_features=64, bias=True)
  (loss_fct): CrossEntropyLoss()
  (reg_loss): RegLoss()
)
WARNING [03-24 15:18:48] get_path in utils:
Path is None
WARNING [03-24 15:18:48] load_state_from_given_path in utils:
Not given any path.
INFO    [03-24 15:18:48] assert_model_device in utils:
model nextitnet has 5.627685546875 MB params.
INFO    [03-24 15:18:48] __init__ in BasicTrainer:
360448 iter per epoch
INFO    [03-24 15:18:48] _fit in BasicSched:
Start training.
INFO    [03-24 15:19:33] log in loggers:
Update Best NDCG@10 Model at 0
INFO    [03-24 15:19:34] validate in BasicTrainer:
{'Recall@10': 0.0006056201550387597, 'NDCG@10': 0.0002643955066482457, 'MRR@10': 0.00016542803146425174, 'Recall@5': 0.00022710755813953488, 'NDCG@5': 0.00014206735586906358, 'MRR@5': 0.00011506782981834208, 'Recall*@10': 0.0005635729947582234, 'NDCG*@10': 0.00023810812651158073, 'MRR*@10': 0.00014437110927641796, 'Recall*@5': 0.0001615877479834612, 'NDCG*@5': 0.00010855360472820295, 'MRR*@5': 9.12424537006679e-05}
INFO    [03-24 15:19:34] train in BasicTrainer:
epoch: 0
INFO    [03-24 15:20:06] _train_one_epoch in BasicTrainer:
loss = 9.140084273435853
INFO    [03-24 15:20:41] log in loggers:
Update Best NDCG@10 Model at 0
INFO    [03-24 15:20:42] validate in BasicTrainer:
{'Recall@10': 0.025569089652262917, 'NDCG@10': 0.012476987873254589, 'MRR@10': 0.008564434730801587, 'Recall@5': 0.014317118165682452, 'NDCG@5': 0.008870011760470595, 'MRR@5': 0.007094652339628385, 'Recall*@10': 0.023889546408931647, 'NDCG*@10': 0.01163765197518722, 'MRR*@10': 0.007978858533604142, 'Recall*@5': 0.013391748866672779, 'NDCG*@5': 0.008282427524411402, 'MRR*@5': 0.006617533679701417}
INFO    [03-24 15:20:42] train in BasicTrainer:
duration: 67.77969574928284s
INFO    [03-24 15:20:42] train in BasicTrainer:
epoch: 1
INFO    [03-24 15:21:13] _train_one_epoch in BasicTrainer:
loss = 8.7397803041068
INFO    [03-24 15:21:45] log in loggers:
Update Best NDCG@10 Model at 1
INFO    [03-24 15:21:47] validate in BasicTrainer:
{'Recall@10': 0.039399134587178856, 'NDCG@10': 0.019345906664176966, 'MRR@10': 0.013341071427070587, 'Recall@5': 0.022832846254572388, 'NDCG@5': 0.014037450548088136, 'MRR@5': 0.011178631508766218, 'Recall*@10': 0.037710736238563705, 'NDCG*@10': 0.018533543134902335, 'MRR*@10': 0.012793060419214674, 'Recall*@5': 0.021868691772453545, 'NDCG*@5': 0.013456406923689584, 'MRR*@5': 0.01072437118182984}
INFO    [03-24 15:21:47] train in BasicTrainer:
duration: 64.67217493057251s
INFO    [03-24 15:21:47] train in BasicTrainer:
epoch: 2
INFO    [03-24 15:22:18] _train_one_epoch in BasicTrainer:
loss = 8.430042124607347
INFO    [03-24 15:22:50] log in loggers:
Update Best NDCG@10 Model at 2
INFO    [03-24 15:22:52] validate in BasicTrainer:
{'Recall@10': 0.052104594460291455, 'NDCG@10': 0.026359448332137377, 'MRR@10': 0.018610370966295402, 'Recall@5': 0.03159919799875843, 'NDCG@5': 0.01979147862325343, 'MRR@5': 0.015936540324212045, 'Recall*@10': 0.05031939738884915, 'NDCG*@10': 0.025330450450784938, 'MRR*@10': 0.017810418988874022, 'Recall*@5': 0.030390129648437795, 'NDCG*@5': 0.018944006680344887, 'MRR*@5': 0.015208708024908637}
INFO    [03-24 15:22:52] train in BasicTrainer:
duration: 64.88262248039246s
INFO    [03-24 15:22:52] train in BasicTrainer:
epoch: 3
INFO    [03-24 15:23:23] _train_one_epoch in BasicTrainer:
loss = 8.112190195782619
INFO    [03-24 15:23:54] log in loggers:
Update Best NDCG@10 Model at 3
INFO    [03-24 15:23:54] validate in BasicTrainer:
{'Recall@10': 0.060241809937843054, 'NDCG@10': 0.0312288479027591, 'MRR@10': 0.022504184741613475, 'Recall@5': 0.036991794470899786, 'NDCG@5': 0.02375938650942588, 'MRR@5': 0.01944981375348198, 'Recall*@10': 0.059166912812479704, 'NDCG*@10': 0.030637947640331217, 'MRR*@10': 0.022052945439205614, 'Recall*@5': 0.03644146103152009, 'NDCG*@5': 0.02332910106250251, 'MRR*@5': 0.019059483543067246}
INFO    [03-24 15:23:54] train in BasicTrainer:
duration: 62.37499475479126s
INFO    [03-24 15:23:54] train in BasicTrainer:
epoch: 4
INFO    [03-24 15:24:25] _train_one_epoch in BasicTrainer:
loss = 7.830252337862145
INFO    [03-24 15:24:56] log in loggers:
Update Best NDCG@10 Model at 4
INFO    [03-24 15:24:56] validate in BasicTrainer:
{'Recall@10': 0.06473435178514599, 'NDCG@10': 0.0341005134721135, 'MRR@10': 0.024873262444554373, 'Recall@5': 0.040231862300357156, 'NDCG@5': 0.026253522994617622, 'MRR@5': 0.021679403332545776, 'Recall*@10': 0.06440080175277337, 'NDCG*@10': 0.03404643325958141, 'MRR*@10': 0.02490131022740704, 'Recall*@5': 0.040277466755504754, 'NDCG*@5': 0.02632412100355177, 'MRR*@5': 0.02175986120665027}
INFO    [03-24 15:24:56] train in BasicTrainer:
duration: 62.006959676742554s
INFO    [03-24 15:24:56] train in BasicTrainer:
epoch: 5
INFO    [03-24 15:25:27] _train_one_epoch in BasicTrainer:
loss = 7.574460862035101
INFO    [03-24 15:25:58] log in loggers:
Update Best NDCG@10 Model at 5
INFO    [03-24 15:25:58] validate in BasicTrainer:
{'Recall@10': 0.06523817621691283, 'NDCG@10': 0.03430940700305063, 'MRR@10': 0.024987258674042633, 'Recall@5': 0.04075082723599996, 'NDCG@5': 0.02647064079696587, 'MRR@5': 0.021798884582727454, 'Recall*@10': 0.065114519104015, 'NDCG*@10': 0.034539430120656654, 'MRR*@10': 0.025310706571033296, 'Recall*@5': 0.04117288651998884, 'NDCG*@5': 0.026867134539886962, 'MRR*@5': 0.022185173910833144}
INFO    [03-24 15:25:58] train in BasicTrainer:
duration: 61.96627855300903s
INFO    [03-24 15:25:58] train in BasicTrainer:
epoch: 6
INFO    [03-24 15:26:29] _train_one_epoch in BasicTrainer:
loss = 7.335341752930121
INFO    [03-24 15:27:00] log in loggers:
Update Best NDCG@10 Model at 6
INFO    [03-24 15:27:00] validate in BasicTrainer:
{'Recall@10': 0.07028672890376675, 'NDCG@10': 0.03757869476784569, 'MRR@10': 0.02771404973960431, 'Recall@5': 0.04420962701587714, 'NDCG@5': 0.029178222684666168, 'MRR@5': 0.02426624981065591, 'Recall*@10': 0.07129435391389122, 'NDCG*@10': 0.03849687704513239, 'MRR*@10': 0.028598474757384883, 'Recall*@5': 0.04534458169756934, 'NDCG*@5': 0.030137074649218443, 'MRR*@5': 0.02516723559923874}
INFO    [03-24 15:27:00] train in BasicTrainer:
duration: 62.01919651031494s
INFO    [03-24 15:27:00] train in BasicTrainer:
epoch: 7
INFO    [03-24 15:27:31] _train_one_epoch in BasicTrainer:
loss = 7.112044876949354
INFO    [03-24 15:28:02] log in loggers:
Update Best NDCG@10 Model at 7
INFO    [03-24 15:28:02] validate in BasicTrainer:
{'Recall@10': 0.06885675664326942, 'NDCG@10': 0.0382197532773942, 'MRR@10': 0.0289476384343796, 'Recall@5': 0.04560674117632615, 'NDCG@5': 0.030764810668752175, 'MRR@5': 0.025907947472477145, 'Recall*@10': 0.06955951641407586, 'NDCG*@10': 0.038953541713052015, 'MRR*@10': 0.029683495611818725, 'Recall*@5': 0.046485214905683386, 'NDCG*@5': 0.0315585252359625, 'MRR*@5': 0.026670207399441752}
INFO    [03-24 15:28:02] train in BasicTrainer:
duration: 62.016571044921875s
INFO    [03-24 15:28:02] train in BasicTrainer:
epoch: 8
INFO    [03-24 15:28:33] _train_one_epoch in BasicTrainer:
loss = 6.906228371641853
INFO    [03-24 15:29:04] log in loggers:
Update Best NDCG@10 Model at 8
INFO    [03-24 15:29:04] validate in BasicTrainer:
{'Recall@10': 0.07135075197894444, 'NDCG@10': 0.03936747259409853, 'MRR@10': 0.029717710684956045, 'Recall@5': 0.04592726887889611, 'NDCG@5': 0.03119015322579432, 'MRR@5': 0.026368498202962005, 'Recall*@10': 0.0722407140126524, 'NDCG*@10': 0.04004713253284148, 'MRR*@10': 0.03032992091463056, 'Recall*@5': 0.04673953490086304, 'NDCG*@5': 0.0318462202152194, 'MRR*@5': 0.02697163079540397}
INFO    [03-24 15:29:04] train in BasicTrainer:
duration: 62.05516529083252s
INFO    [03-24 15:29:04] train in BasicTrainer:
epoch: 9
INFO    [03-24 15:29:36] _train_one_epoch in BasicTrainer:
loss = 6.717263082211668
INFO    [03-24 15:30:06] validate in BasicTrainer:
{'Recall@10': 0.06975423417581145, 'NDCG@10': 0.038861941228541294, 'MRR@10': 0.02950985776621473, 'Recall@5': 0.04615598711972089, 'NDCG@5': 0.03127000237591276, 'MRR@5': 0.026399702620656454, 'Recall*@10': 0.07026916417444862, 'NDCG*@10': 0.03957247335550397, 'MRR*@10': 0.030260673984018868, 'Recall*@5': 0.04731830912678279, 'NDCG*@5': 0.03218767808591442, 'MRR*@5': 0.027234991377060726}
INFO    [03-24 15:30:06] train in BasicTrainer:
duration: 62.50272870063782s
INFO    [03-24 15:30:06] train in BasicTrainer:
epoch: 10
INFO    [03-24 15:30:38] _train_one_epoch in BasicTrainer:
loss = 6.551668645306067
INFO    [03-24 15:31:09] log in loggers:
Update Best NDCG@10 Model at 10
INFO    [03-24 15:31:09] validate in BasicTrainer:
{'Recall@10': 0.07207910687655442, 'NDCG@10': 0.04058354833098345, 'MRR@10': 0.031039122217731883, 'Recall@5': 0.048626466372678444, 'NDCG@5': 0.03306443904808094, 'MRR@5': 0.027973987544749595, 'Recall*@10': 0.07188492906532547, 'NDCG*@10': 0.04085723060912402, 'MRR*@10': 0.0314364313588355, 'Recall*@5': 0.04924040014833905, 'NDCG*@5': 0.03359321971214557, 'MRR*@5': 0.02847289709850799}
INFO    [03-24 15:31:09] train in BasicTrainer:
duration: 62.58734607696533s
INFO    [03-24 15:31:09] train in BasicTrainer:
epoch: 11
INFO    [03-24 15:31:41] _train_one_epoch in BasicTrainer:
loss = 6.403151066465811
INFO    [03-24 15:32:13] validate in BasicTrainer:
{'Recall@10': 0.07075769523548525, 'NDCG@10': 0.04043818493337594, 'MRR@10': 0.031248186729386333, 'Recall@5': 0.04773059952282166, 'NDCG@5': 0.03300977779855562, 'MRR@5': 0.028193068221326945, 'Recall*@10': 0.07162492712165495, 'NDCG*@10': 0.04106803943020429, 'MRR*@10': 0.0318046655693604, 'Recall*@5': 0.048539501073402026, 'NDCG*@5': 0.03363032600763001, 'MRR*@5': 0.028751166992236014}
INFO    [03-24 15:32:13] train in BasicTrainer:
duration: 63.53096795082092s
INFO    [03-24 15:32:13] train in BasicTrainer:
epoch: 12
INFO    [03-24 15:32:44] _train_one_epoch in BasicTrainer:
loss = 6.269495118070733
INFO    [03-24 15:33:14] log in loggers:
Update Best NDCG@10 Model at 12
INFO    [03-24 15:33:14] validate in BasicTrainer:
{'Recall@10': 0.07098061498976493, 'NDCG@10': 0.041063369894328045, 'MRR@10': 0.032005926955115886, 'Recall@5': 0.047855911357689275, 'NDCG@5': 0.03362227661549583, 'MRR@5': 0.028956187325854633, 'Recall*@10': 0.07183859543513882, 'NDCG*@10': 0.0420524951850259, 'MRR*@10': 0.03301849880421809, 'Recall*@5': 0.049288814829648, 'NDCG*@5': 0.03479015197633773, 'MRR*@5': 0.030038070272971954}
INFO    [03-24 15:33:14] train in BasicTrainer:
duration: 61.83047080039978s
INFO    [03-24 15:33:14] train in BasicTrainer:
epoch: 13
INFO    [03-24 15:33:46] _train_one_epoch in BasicTrainer:
loss = 6.153449135070497
INFO    [03-24 15:34:16] log in loggers:
Update Best NDCG@10 Model at 13
INFO    [03-24 15:34:16] validate in BasicTrainer:
{'Recall@10': 0.07051802426576614, 'NDCG@10': 0.04142911059334296, 'MRR@10': 0.03260047000998906, 'Recall@5': 0.048444780326166816, 'NDCG@5': 0.03433847646120676, 'MRR@5': 0.029701679959431175, 'Recall*@10': 0.0708045030171557, 'NDCG*@10': 0.04196987241910872, 'MRR*@10': 0.033214619375996346, 'Recall*@5': 0.04921747807615487, 'NDCG*@5': 0.03504712455869876, 'MRR*@5': 0.030391270078198855}
INFO    [03-24 15:34:16] train in BasicTrainer:
duration: 61.970937728881836s
INFO    [03-24 15:34:16] train in BasicTrainer:
epoch: 14
INFO    [03-24 15:34:48] _train_one_epoch in BasicTrainer:
loss = 6.05154725164175
INFO    [03-24 15:35:18] log in loggers:
Update Best NDCG@10 Model at 14
INFO    [03-24 15:35:18] validate in BasicTrainer:
{'Recall@10': 0.07120772254790446, 'NDCG@10': 0.04233101082518119, 'MRR@10': 0.033559496983770254, 'Recall@5': 0.04956517761298852, 'NDCG@5': 0.03536442291829013, 'MRR@5': 0.03070327267050743, 'Recall*@10': 0.07191298561271771, 'NDCG*@10': 0.04311370103107404, 'MRR*@10': 0.03436364975664043, 'Recall*@5': 0.05032980199470077, 'NDCG*@5': 0.036172370375819905, 'MRR*@5': 0.03152124108674452}
INFO    [03-24 15:35:18] train in BasicTrainer:
duration: 62.01328802108765s
INFO    [03-24 15:35:18] train in BasicTrainer:
epoch: 15
INFO    [03-24 15:35:50] _train_one_epoch in BasicTrainer:
loss = 5.954786066304553
INFO    [03-24 15:36:20] log in loggers:
Update Best NDCG@10 Model at 15
INFO    [03-24 15:36:20] validate in BasicTrainer:
{'Recall@10': 0.07178563878748769, 'NDCG@10': 0.04283995250629824, 'MRR@10': 0.034032348781650845, 'Recall@5': 0.051053134767815124, 'NDCG@5': 0.036197900107895684, 'MRR@5': 0.03132765177752851, 'Recall*@10': 0.0728083477579346, 'NDCG*@10': 0.04371970045820687, 'MRR*@10': 0.03486944280218247, 'Recall*@5': 0.05184134487207084, 'NDCG*@5': 0.036990202948913094, 'MRR*@5': 0.032121616401240345}
INFO    [03-24 15:36:20] train in BasicTrainer:
duration: 61.98680591583252s
INFO    [03-24 15:36:20] train in BasicTrainer:
epoch: 16
INFO    [03-24 15:36:52] _train_one_epoch in BasicTrainer:
loss = 5.867541215636513
INFO    [03-24 15:37:22] validate in BasicTrainer:
{'Recall@10': 0.07034052602311437, 'NDCG@10': 0.04226501810169497, 'MRR@10': 0.033731717240902806, 'Recall@5': 0.049205993294946904, 'NDCG@5': 0.035457814343331395, 'MRR@5': 0.030938277786323267, 'Recall*@10': 0.07154777943510418, 'NDCG*@10': 0.04310075995014157, 'MRR*@10': 0.03444642131758291, 'Recall*@5': 0.050522216169755586, 'NDCG*@5': 0.03632601818373037, 'MRR*@5': 0.03166470221828583}
INFO    [03-24 15:37:22] train in BasicTrainer:
duration: 61.60299253463745s
INFO    [03-24 15:37:22] train in BasicTrainer:
epoch: 17
INFO    [03-24 15:37:53] _train_one_epoch in BasicTrainer:
loss = 5.790975691242651
INFO    [03-24 15:38:24] log in loggers:
Update Best NDCG@10 Model at 17
INFO    [03-24 15:38:24] validate in BasicTrainer:
{'Recall@10': 0.07240382235410601, 'NDCG@10': 0.04328236393919287, 'MRR@10': 0.03446297481829344, 'Recall@5': 0.050198501654604606, 'NDCG@5': 0.03616953917685174, 'MRR@5': 0.031566877076907675, 'Recall*@10': 0.0731065549071907, 'NDCG*@10': 0.04399947283515172, 'MRR*@10': 0.035191207748743916, 'Recall*@5': 0.05063273673949316, 'NDCG*@5': 0.036809471175940925, 'MRR*@5': 0.03226883430755878}
INFO    [03-24 15:38:24] train in BasicTrainer:
duration: 62.141735315322876s
INFO    [03-24 15:38:24] train in BasicTrainer:
epoch: 18
INFO    [03-24 15:38:56] _train_one_epoch in BasicTrainer:
loss = 5.719213569706136
INFO    [03-24 15:39:26] validate in BasicTrainer:
{'Recall@10': 0.07199921655331472, 'NDCG@10': 0.04322822623012602, 'MRR@10': 0.03449691852280336, 'Recall@5': 0.050473607845546664, 'NDCG@5': 0.03631050666693107, 'MRR@5': 0.031666804697046906, 'Recall*@10': 0.07225478550260381, 'NDCG*@10': 0.04376880581988845, 'MRR*@10': 0.03509678300325723, 'Recall*@5': 0.05149450872180074, 'NDCG*@5': 0.037082568316381105, 'MRR*@5': 0.03235267958235602}
INFO    [03-24 15:39:26] train in BasicTrainer:
duration: 61.85769987106323s
INFO    [03-24 15:39:26] train in BasicTrainer:
epoch: 19
INFO    [03-24 15:39:57] _train_one_epoch in BasicTrainer:
loss = 5.65401296520775
INFO    [03-24 15:40:28] validate in BasicTrainer:
{'Recall@10': 0.07098480279362479, 'NDCG@10': 0.04282456854459389, 'MRR@10': 0.03426047114207763, 'Recall@5': 0.04979228517112806, 'NDCG@5': 0.03600287379682526, 'MRR@5': 0.03146344405967136, 'Recall*@10': 0.07197025054415991, 'NDCG*@10': 0.043557867465555206, 'MRR*@10': 0.03492209379554026, 'Recall*@5': 0.05036909678994223, 'NDCG*@5': 0.03659818826113329, 'MRR*@5': 0.032064630238469255}
INFO    [03-24 15:40:28] train in BasicTrainer:
duration: 61.67976236343384s
INFO    [03-24 15:40:28] train in BasicTrainer:
epoch: 20
INFO    [03-24 15:40:59] _train_one_epoch in BasicTrainer:
loss = 5.592575092884627
INFO    [03-24 15:41:29] log in loggers:
Update Best NDCG@10 Model at 20
INFO    [03-24 15:41:29] validate in BasicTrainer:
{'Recall@10': 0.07169640647579534, 'NDCG@10': 0.04340657162978206, 'MRR@10': 0.034806247215804664, 'Recall@5': 0.05039114040113235, 'NDCG@5': 0.036556499562579996, 'MRR@5': 0.03200222050063601, 'Recall*@10': 0.07229845107410306, 'NDCG*@10': 0.044032860503986825, 'MRR*@10': 0.03543920851810727, 'Recall*@5': 0.05113494199837825, 'NDCG*@5': 0.03723729471134585, 'MRR*@5': 0.03266248138722523}
INFO    [03-24 15:41:29] train in BasicTrainer:
duration: 61.6175971031189s
INFO    [03-24 15:41:29] train in BasicTrainer:
epoch: 21
INFO    [03-24 15:42:01] _train_one_epoch in BasicTrainer:
loss = 5.537292015146125
INFO    [03-24 15:42:32] log in loggers:
Update Best NDCG@10 Model at 21
INFO    [03-24 15:42:32] validate in BasicTrainer:
{'Recall@10': 0.07190418572619904, 'NDCG@10': 0.044007651796636654, 'MRR@10': 0.03550010129751623, 'Recall@5': 0.05211715784299281, 'NDCG@5': 0.03764973110122274, 'MRR@5': 0.032899579892382604, 'Recall*@10': 0.07231928691152455, 'NDCG*@10': 0.04458260528974293, 'MRR*@10': 0.036115458596122356, 'Recall*@5': 0.05282730502329131, 'NDCG*@5': 0.03831223890820677, 'MRR*@5': 0.03354665026963912}
INFO    [03-24 15:42:32] train in BasicTrainer:
duration: 62.52258563041687s
INFO    [03-24 15:42:32] train in BasicTrainer:
epoch: 22
INFO    [03-24 15:43:04] _train_one_epoch in BasicTrainer:
loss = 5.481838938187469
INFO    [03-24 15:43:34] validate in BasicTrainer:
{'Recall@10': 0.07055249307737795, 'NDCG@10': 0.04298163062438022, 'MRR@10': 0.03458414407259272, 'Recall@5': 0.05060987238043038, 'NDCG@5': 0.03656147515704466, 'MRR@5': 0.03195079088268816, 'Recall*@10': 0.07164890633881554, 'NDCG*@10': 0.04368921466056229, 'MRR*@10': 0.03517589126099912, 'Recall*@5': 0.05127511814583179, 'NDCG*@5': 0.03712902108366175, 'MRR*@5': 0.03248396284098542}
INFO    [03-24 15:43:34] train in BasicTrainer:
duration: 62.28359246253967s
INFO    [03-24 15:43:34] train in BasicTrainer:
epoch: 23
INFO    [03-24 15:44:06] _train_one_epoch in BasicTrainer:
loss = 5.432609696957198
INFO    [03-24 15:44:37] log in loggers:
Update Best NDCG@10 Model at 23
INFO    [03-24 15:44:37] validate in BasicTrainer:
{'Recall@10': 0.07201854486105054, 'NDCG@10': 0.04435984046711016, 'MRR@10': 0.03594154052349717, 'Recall@5': 0.051678083230589714, 'NDCG@5': 0.0378145884953497, 'MRR@5': 0.03325895726854025, 'Recall*@10': 0.07228945493120556, 'NDCG*@10': 0.044961291950109394, 'MRR*@10': 0.036636780499834425, 'Recall*@5': 0.052230624554231185, 'NDCG*@5': 0.03850598057890816, 'MRR*@5': 0.033990669071443325}
INFO    [03-24 15:44:37] train in BasicTrainer:
duration: 62.910306215286255s
INFO    [03-24 15:44:37] train in BasicTrainer:
epoch: 24
INFO    [03-24 15:45:09] _train_one_epoch in BasicTrainer:
loss = 5.383042740550908
INFO    [03-24 15:45:41] validate in BasicTrainer:
{'Recall@10': 0.07035147872313048, 'NDCG@10': 0.04284359683650871, 'MRR@10': 0.03447866521400306, 'Recall@5': 0.04991759697711745, 'NDCG@5': 0.036276857621332474, 'MRR@5': 0.03179249233140271, 'Recall*@10': 0.0708962817813537, 'NDCG*@10': 0.04317708247045214, 'MRR*@10': 0.03475286139449639, 'Recall*@5': 0.05015419181003127, 'NDCG*@5': 0.03651198085628508, 'MRR*@5': 0.03202650932118643}
INFO    [03-24 15:45:41] train in BasicTrainer:
duration: 63.87757682800293s
INFO    [03-24 15:45:41] train in BasicTrainer:
epoch: 25
INFO    [03-24 15:46:12] _train_one_epoch in BasicTrainer:
loss = 5.339006820862943
INFO    [03-24 15:46:43] validate in BasicTrainer:
{'Recall@10': 0.06987954601067906, 'NDCG@10': 0.04286337089399959, 'MRR@10': 0.03463989551099696, 'Recall@5': 0.05025906367010848, 'NDCG@5': 0.036551307814643365, 'MRR@5': 0.03205388071116551, 'Recall*@10': 0.07028849887871003, 'NDCG*@10': 0.04338607723398726, 'MRR*@10': 0.03518986152557209, 'Recall*@5': 0.0508703086813984, 'NDCG*@5': 0.03714104489849288, 'MRR*@5': 0.0326323200435948}
INFO    [03-24 15:46:43] train in BasicTrainer:
duration: 61.73608922958374s
INFO    [03-24 15:46:43] train in BasicTrainer:
epoch: 26
INFO    [03-24 15:47:14] _train_one_epoch in BasicTrainer:
loss = 5.297789701683954
INFO    [03-24 15:47:44] validate in BasicTrainer:
{'Recall@10': 0.07004190374945485, 'NDCG@10': 0.042859032519103946, 'MRR@10': 0.03458477465739084, 'Recall@5': 0.05033315550680308, 'NDCG@5': 0.036534583325995955, 'MRR@5': 0.03200341762556124, 'Recall*@10': 0.07080878970003868, 'NDCG*@10': 0.043617988395136455, 'MRR*@10': 0.03533640028836653, 'Recall*@5': 0.051141993727448376, 'NDCG*@5': 0.03729415361502374, 'MRR*@5': 0.032747796166312786}
INFO    [03-24 15:47:44] train in BasicTrainer:
duration: 61.60499286651611s
INFO    [03-24 15:47:44] train in BasicTrainer:
epoch: 27
INFO    [03-24 15:48:16] _train_one_epoch in BasicTrainer:
loss = 5.256890301677314
INFO    [03-24 15:48:46] validate in BasicTrainer:
{'Recall@10': 0.07103119068598562, 'NDCG@10': 0.04329361838772315, 'MRR@10': 0.034855567655244536, 'Recall@5': 0.0504239985300589, 'NDCG@5': 0.03667341672288355, 'MRR@5': 0.032148637556174926, 'Recall*@10': 0.07143401175506356, 'NDCG*@10': 0.04409699450976165, 'MRR*@10': 0.035768275553461654, 'Recall*@5': 0.051374821844258046, 'NDCG*@5': 0.037638114498162914, 'MRR*@5': 0.033118873473632245}
INFO    [03-24 15:48:46] train in BasicTrainer:
duration: 61.777233600616455s
INFO    [03-24 15:48:46] train in BasicTrainer:
epoch: 28
INFO    [03-24 15:49:17] _train_one_epoch in BasicTrainer:
loss = 5.21844479848038
INFO    [03-24 15:49:48] validate in BasicTrainer:
{'Recall@10': 0.06896692797426106, 'NDCG@10': 0.04227982819542404, 'MRR@10': 0.0341567340805087, 'Recall@5': 0.049346445633690485, 'NDCG@5': 0.035970831766378046, 'MRR@5': 0.03157358841840611, 'Recall*@10': 0.06907368783456411, 'NDCG*@10': 0.04262119231297988, 'MRR*@10': 0.03456671697686809, 'Recall*@5': 0.04969104155609312, 'NDCG*@5': 0.03638550448556279, 'MRR*@5': 0.03201182194545057}
INFO    [03-24 15:49:48] train in BasicTrainer:
duration: 61.69401717185974s
INFO    [03-24 15:49:48] train in BasicTrainer:
epoch: 29
INFO    [03-24 15:50:19] _train_one_epoch in BasicTrainer:
loss = 5.182896605946801
INFO    [03-24 15:50:49] validate in BasicTrainer:
{'Recall@10': 0.06986440550680309, 'NDCG@10': 0.0427307740518058, 'MRR@10': 0.03446439763372259, 'Recall@5': 0.05028096907014071, 'NDCG@5': 0.03644924330734467, 'MRR@5': 0.031901643647588504, 'Recall*@10': 0.06999185181749884, 'NDCG*@10': 0.04303814655588579, 'MRR*@10': 0.03482842125547256, 'Recall*@5': 0.050561587752182356, 'NDCG*@5': 0.03680177998923978, 'MRR*@5': 0.03228174978794977}
INFO    [03-24 15:50:49] train in BasicTrainer:
duration: 61.77186465263367s
INFO    [03-24 15:50:49] train in BasicTrainer:
epoch: 30
INFO    [03-24 15:51:21] _train_one_epoch in BasicTrainer:
loss = 5.142992393537001
INFO    [03-24 15:51:51] validate in BasicTrainer:
{'Recall@10': 0.0709612866820291, 'NDCG@10': 0.04327925989158856, 'MRR@10': 0.03485295553366805, 'Recall@5': 0.05098000936960989, 'NDCG@5': 0.0368728541530842, 'MRR@5': 0.032241177607991896, 'Recall*@10': 0.07145481059948604, 'NDCG*@10': 0.04376999346553817, 'MRR*@10': 0.03533319142726503, 'Recall*@5': 0.051640367005453554, 'NDCG*@5': 0.037413750074861585, 'MRR*@5': 0.032740000231090444}
INFO    [03-24 15:51:51] train in BasicTrainer:
duration: 61.86713409423828s
INFO    [03-24 15:51:51] train in BasicTrainer:
epoch: 31
INFO    [03-24 15:52:23] _train_one_epoch in BasicTrainer:
loss = 5.106769772415811
INFO    [03-24 15:52:53] validate in BasicTrainer:
{'Recall@10': 0.0688938025471776, 'NDCG@10': 0.04240556062711764, 'MRR@10': 0.03433736396390338, 'Recall@5': 0.04974944075179655, 'NDCG@5': 0.036250883597851724, 'MRR@5': 0.03181781769953957, 'Recall*@10': 0.06952344366284303, 'NDCG*@10': 0.04302767485149147, 'MRR*@10': 0.03495243089201376, 'Recall*@5': 0.05062292462806831, 'NDCG*@5': 0.036953933681397474, 'MRR*@5': 0.032467598759735275}
INFO    [03-24 15:52:53] train in BasicTrainer:
duration: 61.76885366439819s
INFO    [03-24 15:52:53] train in BasicTrainer:
epoch: 32
INFO    [03-24 15:53:24] _train_one_epoch in BasicTrainer:
loss = 5.075387492098591
INFO    [03-24 15:53:55] validate in BasicTrainer:
{'Recall@10': 0.0678078740719677, 'NDCG@10': 0.04147706961966762, 'MRR@10': 0.03345064857844696, 'Recall@5': 0.0489898384657017, 'NDCG@5': 0.035438704340494884, 'MRR@5': 0.03098594371316045, 'Recall*@10': 0.06839696326574614, 'NDCG*@10': 0.04192194137577863, 'MRR*@10': 0.03384397513875666, 'Recall*@5': 0.049692299549085224, 'NDCG*@5': 0.03591743638637916, 'MRR*@5': 0.031391450131759625}
INFO    [03-24 15:53:55] train in BasicTrainer:
duration: 61.83210825920105s
INFO    [03-24 15:53:55] train in BasicTrainer:
epoch: 33
INFO    [03-24 15:54:26] _train_one_epoch in BasicTrainer:
loss = 5.047952649945563
INFO    [03-24 15:54:57] validate in BasicTrainer:
{'Recall@10': 0.06833102681147035, 'NDCG@10': 0.04201679120865441, 'MRR@10': 0.0339910716193822, 'Recall@5': 0.049277508039345115, 'NDCG@5': 0.035882249734429425, 'MRR@5': 0.03147454181498335, 'Recall*@10': 0.068750764871406, 'NDCG*@10': 0.042635393437258036, 'MRR*@10': 0.03466103211507317, 'Recall*@5': 0.04998341536279335, 'NDCG*@5': 0.03658588676778383, 'MRR*@5': 0.03217497312052305}
INFO    [03-24 15:54:57] train in BasicTrainer:
duration: 61.69411849975586s
INFO    [03-24 15:54:57] train in BasicTrainer:
epoch: 34
INFO    [03-24 15:55:29] _train_one_epoch in BasicTrainer:
loss = 5.0157317559827455
INFO    [03-24 15:55:59] validate in BasicTrainer:
{'Recall@10': 0.06760267191386038, 'NDCG@10': 0.04170866385679836, 'MRR@10': 0.033816022942810095, 'Recall@5': 0.04897051015796587, 'NDCG@5': 0.035707727190135985, 'MRR@5': 0.031353342382944835, 'Recall*@10': 0.06813034848418346, 'NDCG*@10': 0.04235619829260102, 'MRR*@10': 0.03449862451805163, 'Recall*@5': 0.049697255325871846, 'NDCG*@5': 0.03642364592804003, 'MRR*@5': 0.03206674104859663}
INFO    [03-24 15:55:59] train in BasicTrainer:
duration: 62.75644493103027s
INFO    [03-24 15:55:59] train in BasicTrainer:
epoch: 35
INFO    [03-24 15:56:32] _train_one_epoch in BasicTrainer:
loss = 4.987425085495818
INFO    [03-24 15:57:02] validate in BasicTrainer:
{'Recall@10': 0.06736879945956459, 'NDCG@10': 0.04117501636808233, 'MRR@10': 0.03320652156230784, 'Recall@5': 0.048044362300357156, 'NDCG@5': 0.03497525922549787, 'MRR@5': 0.030676363223744917, 'Recall*@10': 0.06776772534777951, 'NDCG*@10': 0.041564384330959284, 'MRR*@10': 0.03358910777136799, 'Recall*@5': 0.04846489618626214, 'NDCG*@5': 0.0353685838293082, 'MRR*@5': 0.031058893098618635}
INFO    [03-24 15:57:02] train in BasicTrainer:
duration: 62.88209342956543s
INFO    [03-24 15:57:02] train in BasicTrainer:
epoch: 36
INFO    [03-24 15:57:34] _train_one_epoch in BasicTrainer:
loss = 4.958925509317354
INFO    [03-24 15:58:06] validate in BasicTrainer:
{'Recall@10': 0.0672173944208049, 'NDCG@10': 0.04162466614110063, 'MRR@10': 0.033834976598966955, 'Recall@5': 0.048626466372678444, 'NDCG@5': 0.03564855967496717, 'MRR@5': 0.03138935220853765, 'Recall*@10': 0.06755495071411133, 'NDCG*@10': 0.04193224015739537, 'MRR*@10': 0.03412983917392964, 'Recall*@5': 0.049090366420704266, 'NDCG*@5': 0.03599909586153289, 'MRR*@5': 0.031703520075295324}
INFO    [03-24 15:58:06] train in BasicTrainer:
duration: 64.0874936580658s
INFO    [03-24 15:58:06] train in BasicTrainer:
epoch: 37
INFO    [03-24 15:58:38] _train_one_epoch in BasicTrainer:
loss = 4.937131180681965
INFO    [03-24 15:59:08] validate in BasicTrainer:
{'Recall@10': 0.06832265120375064, 'NDCG@10': 0.041926040061453514, 'MRR@10': 0.03390784356598706, 'Recall@5': 0.048834245623082154, 'NDCG@5': 0.035676615254939065, 'MRR@5': 0.03135991935408855, 'Recall*@10': 0.06846268700305806, 'NDCG*@10': 0.04233755642013957, 'MRR*@10': 0.0343914764983825, 'Recall*@5': 0.049326011434543966, 'NDCG*@5': 0.03619725234055704, 'MRR*@5': 0.031885804117534514}
INFO    [03-24 15:59:08] train in BasicTrainer:
duration: 61.625258445739746s
INFO    [03-24 15:59:08] train in BasicTrainer:
epoch: 38
INFO    [03-24 15:59:39] _train_one_epoch in BasicTrainer:
loss = 4.91118708523837
INFO    [03-24 16:00:10] validate in BasicTrainer:
{'Recall@10': 0.06802821673395097, 'NDCG@10': 0.0420056922404572, 'MRR@10': 0.034066429664922314, 'Recall@5': 0.04935063343755035, 'NDCG@5': 0.036002106141558916, 'MRR@5': 0.03160980758221112, 'Recall*@10': 0.06861793073688367, 'NDCG*@10': 0.04250733541368052, 'MRR*@10': 0.03453505649267472, 'Recall*@5': 0.04997475430831429, 'NDCG*@5': 0.03650246816145819, 'MRR*@5': 0.03207063624389874}
INFO    [03-24 16:00:10] train in BasicTrainer:
duration: 61.64868402481079s
INFO    [03-24 16:00:10] train in BasicTrainer:
epoch: 39
INFO    [03-24 16:00:41] _train_one_epoch in BasicTrainer:
loss = 4.8848425346342
INFO    [03-24 16:01:11] validate in BasicTrainer:
{'Recall@10': 0.06838997811541077, 'NDCG@10': 0.04184805223530577, 'MRR@10': 0.03376707356683044, 'Recall@5': 0.04913029077556706, 'NDCG@5': 0.03566858381783777, 'MRR@5': 0.03124550127879132, 'Recall*@10': 0.06862642696892568, 'NDCG*@10': 0.042324012997307515, 'MRR*@10': 0.03430089864215648, 'Recall*@5': 0.04988983261954877, 'NDCG*@5': 0.036325327633309736, 'MRR*@5': 0.03186064899372038}
INFO    [03-24 16:01:11] train in BasicTrainer:
duration: 61.744704484939575s
INFO    [03-24 16:01:11] train in BasicTrainer:
epoch: 40
INFO    [03-24 16:01:43] _train_one_epoch in BasicTrainer:
loss = 4.862935081124306
INFO    [03-24 16:02:13] validate in BasicTrainer:
{'Recall@10': 0.06799793572619904, 'NDCG@10': 0.041530781216168586, 'MRR@10': 0.03346939318517382, 'Recall@5': 0.04869540396702382, 'NDCG@5': 0.03533029335356036, 'MRR@5': 0.030934315593552218, 'Recall*@10': 0.06851433682464814, 'NDCG*@10': 0.04205309540437636, 'MRR*@10': 0.033982374568202696, 'Recall*@5': 0.04956861547836962, 'NDCG*@5': 0.03596836773231048, 'MRR*@5': 0.031495141276959765}
INFO    [03-24 16:02:13] train in BasicTrainer:
duration: 61.81563329696655s
INFO    [03-24 16:02:13] train in BasicTrainer:
epoch: 41
INFO    [03-24 16:02:44] _train_one_epoch in BasicTrainer:
loss = 4.841015369377353
INFO    [03-24 16:03:15] validate in BasicTrainer:
{'Recall@10': 0.0668237413200297, 'NDCG@10': 0.04067012401976327, 'MRR@10': 0.03272528208561184, 'Recall@5': 0.04734371131820272, 'NDCG@5': 0.03441999921965044, 'MRR@5': 0.03017475609053937, 'Recall*@10': 0.06784996269054192, 'NDCG*@10': 0.04156302322828492, 'MRR*@10': 0.03357432375467101, 'Recall*@5': 0.04850915474311788, 'NDCG*@5': 0.03536819665180158, 'MRR*@5': 0.031052728854986125}
INFO    [03-24 16:03:15] train in BasicTrainer:
duration: 61.83555269241333s
INFO    [03-24 16:03:15] train in BasicTrainer:
epoch: 42
INFO    [03-24 16:03:46] _train_one_epoch in BasicTrainer:
loss = 4.8187981098890305
INFO    [03-24 16:04:17] validate in BasicTrainer:
{'Recall@10': 0.06621393336113109, 'NDCG@10': 0.04084337941666906, 'MRR@10': 0.033099654932008234, 'Recall@5': 0.04848601403393487, 'NDCG@5': 0.03515027857623821, 'MRR@5': 0.03077306926914657, 'Recall*@10': 0.06651491300715495, 'NDCG*@10': 0.04136151088358358, 'MRR*@10': 0.03367108508020408, 'Recall*@5': 0.04931014833986297, 'NDCG*@5': 0.035833194808557976, 'MRR*@5': 0.03140984206323245}
INFO    [03-24 16:04:17] train in BasicTrainer:
duration: 61.83320879936218s
INFO    [03-24 16:04:17] train in BasicTrainer:
epoch: 43
INFO    [03-24 16:04:48] _train_one_epoch in BasicTrainer:
loss = 4.798636844889685
INFO    [03-24 16:05:18] validate in BasicTrainer:
{'Recall@10': 0.06724348762469698, 'NDCG@10': 0.04129472109236459, 'MRR@10': 0.03341152097365653, 'Recall@5': 0.047778598155624186, 'NDCG@5': 0.0350412443540124, 'MRR@5': 0.030854398355812065, 'Recall*@10': 0.06780659144585446, 'NDCG*@10': 0.042021417831496675, 'MRR*@10': 0.03418173613532107, 'Recall*@5': 0.04850768465404363, 'NDCG*@5': 0.03581550972926062, 'MRR*@5': 0.03164086163823688}
INFO    [03-24 16:05:18] train in BasicTrainer:
duration: 61.55949330329895s
INFO    [03-24 16:05:18] train in BasicTrainer:
epoch: 44
INFO    [03-24 16:05:49] _train_one_epoch in BasicTrainer:
loss = 4.773094890469855
INFO    [03-24 16:06:20] validate in BasicTrainer:
{'Recall@10': 0.06590178129515907, 'NDCG@10': 0.040351009068563, 'MRR@10': 0.03257547593278478, 'Recall@5': 0.04731343031045078, 'NDCG@5': 0.034397225826978683, 'MRR@5': 0.030151223879336386, 'Recall*@10': 0.06649064382379369, 'NDCG*@10': 0.04113972094631935, 'MRR*@10': 0.03342162643003371, 'Recall*@5': 0.04808814501635326, 'NDCG*@5': 0.03525084761050783, 'MRR*@5': 0.031027077899365}
INFO    [03-24 16:06:20] train in BasicTrainer:
duration: 61.54476475715637s
INFO    [03-24 16:06:20] train in BasicTrainer:
epoch: 45
INFO    [03-24 16:06:51] _train_one_epoch in BasicTrainer:
loss = 4.749372071840546
INFO    [03-24 16:07:22] validate in BasicTrainer:
{'Recall@10': 0.06583284367193547, 'NDCG@10': 0.039931586344343746, 'MRR@10': 0.0320482204357783, 'Recall@5': 0.04659087392826413, 'NDCG@5': 0.033742784688523576, 'MRR@5': 0.02951403421371482, 'Recall*@10': 0.06606517169018124, 'NDCG*@10': 0.040189154229538386, 'MRR*@10': 0.03231488325625889, 'Recall*@5': 0.04685495860239332, 'NDCG*@5': 0.034011277767230376, 'MRR*@5': 0.029785635686197947}
INFO    [03-24 16:07:22] train in BasicTrainer:
duration: 61.74050688743591s
INFO    [03-24 16:07:22] train in BasicTrainer:
epoch: 46
INFO    [03-24 16:07:54] _train_one_epoch in BasicTrainer:
loss = 4.728431478820064
INFO    [03-24 16:08:25] validate in BasicTrainer:
{'Recall@10': 0.0656688752215962, 'NDCG@10': 0.04002131928884706, 'MRR@10': 0.032222022165277205, 'Recall@5': 0.04707279295999874, 'NDCG@5': 0.034066666913933535, 'MRR@5': 0.02979853090851806, 'Recall*@10': 0.06594318082166273, 'NDCG*@10': 0.040451402653210844, 'MRR*@10': 0.03269482712990554, 'Recall*@5': 0.04743787233335103, 'NDCG*@5': 0.03451871435165174, 'MRR*@5': 0.030276237712638786}
INFO    [03-24 16:08:25] train in BasicTrainer:
duration: 62.88644504547119s
INFO    [03-24 16:08:25] train in BasicTrainer:
epoch: 47
INFO    [03-24 16:08:57] _train_one_epoch in BasicTrainer:
loss = 4.70953381197019
INFO    [03-24 16:09:27] validate in BasicTrainer:
{'Recall@10': 0.06603385802618293, 'NDCG@10': 0.040409686895765996, 'MRR@10': 0.03261894329862539, 'Recall@5': 0.04731761811431064, 'NDCG@5': 0.03439857927692491, 'MRR@5': 0.030162128475458586, 'Recall*@10': 0.06622781217560288, 'NDCG*@10': 0.040893508323518804, 'MRR*@10': 0.033178897126931554, 'Recall*@5': 0.048150086804300316, 'NDCG*@5': 0.0350824943924135, 'MRR*@5': 0.030800723196404388}
INFO    [03-24 16:09:27] train in BasicTrainer:
duration: 62.522878885269165s
INFO    [03-24 16:09:27] train in BasicTrainer:
epoch: 48
INFO    [03-24 16:09:59] _train_one_epoch in BasicTrainer:
loss = 4.6925759586420925
INFO    [03-24 16:10:30] validate in BasicTrainer:
{'Recall@10': 0.06504972527424495, 'NDCG@10': 0.039793422590045965, 'MRR@10': 0.03209732906791822, 'Recall@5': 0.046681716951519944, 'NDCG@5': 0.033876027153848215, 'MRR@5': 0.029667844714293647, 'Recall*@10': 0.06550777671757595, 'NDCG*@10': 0.04037441463433495, 'MRR*@10': 0.03270707386293153, 'Recall*@5': 0.04734695109343806, 'NDCG*@5': 0.034510380776180315, 'MRR*@5': 0.03029147377454264}
INFO    [03-24 16:10:30] train in BasicTrainer:
duration: 63.327553033828735s
INFO    [03-24 16:10:30] train in BasicTrainer:
epoch: 49
INFO    [03-24 16:11:02] _train_one_epoch in BasicTrainer:
loss = 4.67639033022252
INFO    [03-24 16:11:33] validate in BasicTrainer:
{'Recall@10': 0.0645459008424781, 'NDCG@10': 0.039767712686759556, 'MRR@10': 0.03220510747023793, 'Recall@5': 0.04691558943469395, 'NDCG@5': 0.03409785722461782, 'MRR@5': 0.02988358612295038, 'Recall*@10': 0.0649964364115582, 'NDCG*@10': 0.04050908851357855, 'MRR*@10': 0.03302250803238893, 'Recall*@5': 0.04777805466753568, 'NDCG*@5': 0.03496581959978554, 'MRR*@5': 0.03074930743278228}
INFO    [03-24 16:11:33] train in BasicTrainer:
duration: 62.43425011634827s
INFO    [03-24 16:11:33] train in BasicTrainer:
epoch: 50
INFO    [03-24 16:12:04] _train_one_epoch in BasicTrainer:
loss = 4.656327630985867
INFO    [03-24 16:12:35] validate in BasicTrainer:
{'Recall@10': 0.06491764854322109, 'NDCG@10': 0.03961610965892788, 'MRR@10': 0.031914687563860136, 'Recall@5': 0.04695843382514724, 'NDCG@5': 0.03385407842926739, 'MRR@5': 0.02956337510615356, 'Recall*@10': 0.06548059330314629, 'NDCG*@10': 0.040273878116940345, 'MRR*@10': 0.032605908103576005, 'Recall*@5': 0.04756246195283047, 'NDCG*@5': 0.034529226528870506, 'MRR*@5': 0.030264200599387635}
INFO    [03-24 16:12:35] train in BasicTrainer:
duration: 61.66376328468323s
INFO    [03-24 16:12:35] train in BasicTrainer:
epoch: 51
INFO    [03-24 16:13:06] _train_one_epoch in BasicTrainer:
loss = 4.6388260857625445
INFO    [03-24 16:13:36] validate in BasicTrainer:
{'Recall@10': 0.06514894387634225, 'NDCG@10': 0.03959001098261323, 'MRR@10': 0.03179774535892084, 'Recall@5': 0.04681798148640366, 'NDCG@5': 0.033679451042598535, 'MRR@5': 0.02936872310012348, 'Recall*@10': 0.0652135064493316, 'NDCG*@10': 0.03996578949077647, 'MRR*@10': 0.03226016562922981, 'Recall*@5': 0.047332026844107825, 'NDCG*@5': 0.03418710813388344, 'MRR*@5': 0.029877717238526013}
INFO    [03-24 16:13:36] train in BasicTrainer:
duration: 61.60517978668213s
INFO    [03-24 16:13:36] train in BasicTrainer:
epoch: 52
INFO    [03-24 16:14:07] _train_one_epoch in BasicTrainer:
loss = 4.621403254568577
INFO    [03-24 16:14:38] validate in BasicTrainer:
{'Recall@10': 0.06486803922773332, 'NDCG@10': 0.0393228985571353, 'MRR@10': 0.031559333927178565, 'Recall@5': 0.04605837920030882, 'NDCG@5': 0.03327271953051866, 'MRR@5': 0.02908134884237088, 'Recall*@10': 0.06553663737898649, 'NDCG*@10': 0.03999408403801363, 'MRR*@10': 0.0322304092232109, 'Recall*@5': 0.04678327276898447, 'NDCG*@5': 0.03396242664939211, 'MRR*@5': 0.02976017454350295}
INFO    [03-24 16:14:38] train in BasicTrainer:
duration: 61.60494613647461s
INFO    [03-24 16:14:38] train in BasicTrainer:
epoch: 53
INFO    [03-24 16:15:09] _train_one_epoch in BasicTrainer:
loss = 4.608347475528717
INFO    [03-24 16:15:40] validate in BasicTrainer:
{'Recall@10': 0.06412196673395097, 'NDCG@10': 0.03931690766945366, 'MRR@10': 0.03172931414415208, 'Recall@5': 0.046947481125131134, 'NDCG@5': 0.033783949767203295, 'MRR@5': 0.02945805737358886, 'Recall*@10': 0.06488703656219696, 'NDCG*@10': 0.04007637523865515, 'MRR*@10': 0.032482799128159996, 'Recall*@5': 0.04777065388742806, 'NDCG*@5': 0.034568182986893854, 'MRR*@5': 0.030225538013344124}
INFO    [03-24 16:15:40] train in BasicTrainer:
duration: 62.0573365688324s
INFO    [03-24 16:15:40] train in BasicTrainer:
epoch: 54
INFO    [03-24 16:16:11] _train_one_epoch in BasicTrainer:
loss = 4.5922171327878125
INFO    [03-24 16:16:41] validate in BasicTrainer:
{'Recall@10': 0.06478396110063375, 'NDCG@10': 0.039525469967214635, 'MRR@10': 0.031844955009892005, 'Recall@5': 0.046394047377876536, 'NDCG@5': 0.03362559795004222, 'MRR@5': 0.029437655279802723, 'Recall*@10': 0.06522930625739486, 'NDCG*@10': 0.04018584254031726, 'MRR*@10': 0.032558330659602966, 'Recall*@5': 0.04738139361143112, 'NDCG*@5': 0.03445538436604101, 'MRR*@5': 0.0302172312801776}
INFO    [03-24 16:16:41] train in BasicTrainer:
duration: 61.46976590156555s
INFO    [03-24 16:16:41] train in BasicTrainer:
epoch: 55
INFO    [03-24 16:17:12] _train_one_epoch in BasicTrainer:
loss = 4.575414549559355
INFO    [03-24 16:17:43] validate in BasicTrainer:
{'Recall@10': 0.06382173374872799, 'NDCG@10': 0.03879644045996111, 'MRR@10': 0.031162048336262852, 'Recall@5': 0.04574977063624434, 'NDCG@5': 0.03295367638501086, 'MRR@5': 0.028750926147886487, 'Recall*@10': 0.06432749778609867, 'NDCG*@10': 0.039383393806196, 'MRR*@10': 0.031763315504026966, 'Recall*@5': 0.0466592772755512, 'NDCG*@5': 0.03367813236924798, 'MRR*@5': 0.02941279812145603}
INFO    [03-24 16:17:43] train in BasicTrainer:
duration: 61.709378480911255s
INFO    [03-24 16:17:43] train in BasicTrainer:
epoch: 56
INFO    [03-24 16:18:15] _train_one_epoch in BasicTrainer:
loss = 4.560403717851097
INFO    [03-24 16:18:45] validate in BasicTrainer:
{'Recall@10': 0.06315297448588897, 'NDCG@10': 0.03869027986602728, 'MRR@10': 0.03123247640770535, 'Recall@5': 0.04534935261043467, 'NDCG@5': 0.03296558251387851, 'MRR@5': 0.02888838234971198, 'Recall*@10': 0.06351103030087411, 'NDCG*@10': 0.03953193024147388, 'MRR*@10': 0.032209097494392894, 'Recall*@5': 0.04621519211881844, 'NDCG*@5': 0.03396714667161537, 'MRR*@5': 0.029928283888644488}
INFO    [03-24 16:18:45] train in BasicTrainer:
duration: 62.20692300796509s
INFO    [03-24 16:18:45] train in BasicTrainer:
epoch: 57
INFO    [03-24 16:19:17] _train_one_epoch in BasicTrainer:
loss = 4.547376054593108
INFO    [03-24 16:19:47] validate in BasicTrainer:
{'Recall@10': 0.06411777893009112, 'NDCG@10': 0.03914275706218657, 'MRR@10': 0.0315350809733766, 'Recall@5': 0.04620140863134879, 'NDCG@5': 0.033403929958278816, 'MRR@5': 0.029198746738392255, 'Recall*@10': 0.06461229761557062, 'NDCG*@10': 0.03973641272547633, 'MRR*@10': 0.0321608605513046, 'Recall*@5': 0.046595981936584145, 'NDCG*@5': 0.033968852977304495, 'MRR*@5': 0.029814728477955327}
INFO    [03-24 16:19:47] train in BasicTrainer:
duration: 62.11615967750549s
INFO    [03-24 16:19:47] train in BasicTrainer:
epoch: 58
INFO    [03-24 16:20:20] _train_one_epoch in BasicTrainer:
loss = 4.53477209027518
INFO    [03-24 16:20:50] validate in BasicTrainer:
{'Recall@10': 0.0637392663331919, 'NDCG@10': 0.03898209645304569, 'MRR@10': 0.03144038185592769, 'Recall@5': 0.04561511678404586, 'NDCG@5': 0.03313379972999872, 'MRR@5': 0.02903421986992507, 'Recall*@10': 0.0645592065109301, 'NDCG*@10': 0.039825208153026974, 'MRR*@10': 0.032277887102303116, 'Recall*@5': 0.04658803502603095, 'NDCG*@5': 0.03402235673726067, 'MRR*@5': 0.02988801617897296}
INFO    [03-24 16:20:50] train in BasicTrainer:
duration: 62.730762004852295s
INFO    [03-24 16:20:50] train in BasicTrainer:
epoch: 59
INFO    [03-24 16:21:22] _train_one_epoch in BasicTrainer:
loss = 4.518089925023642
INFO    [03-24 16:21:52] validate in BasicTrainer:
{'Recall@10': 0.06473853958900584, 'NDCG@10': 0.0395121481269598, 'MRR@10': 0.03181884058050869, 'Recall@5': 0.04650679583004279, 'NDCG@5': 0.033622888588281566, 'MRR@5': 0.029391943736998147, 'Recall*@10': 0.06537955514220305, 'NDCG*@10': 0.04027118728777697, 'MRR*@10': 0.032607150466231874, 'Recall*@5': 0.04760614625185497, 'NDCG*@5': 0.03453652523169222, 'MRR*@5': 0.030247808838364226}
INFO    [03-24 16:21:52] train in BasicTrainer:
duration: 61.97025990486145s
INFO    [03-24 16:21:52] close_training in BasicTrainer:
finished training
INFO    [03-24 16:21:52] final_validate in BasicTrainer:
validate model on val set!
INFO    [03-24 16:21:52] load_state_from_given_path in utils:
checkpoint epoch: 23
INFO    [03-24 16:21:52] load_state_from_given_path in utils:
Loading model's parameters
INFO    [03-24 16:22:23] validate in BasicTrainer:
{'Recall@10': 0.07201854486105054, 'NDCG@10': 0.04435984046711016, 'MRR@10': 0.03594154052349717, 'Recall@5': 0.051678083230589714, 'NDCG@5': 0.0378145884953497, 'MRR@5': 0.03325895726854025, 'Recall*@10': 0.07228945493120556, 'NDCG*@10': 0.044961291950109394, 'MRR*@10': 0.036636780499834425, 'Recall*@5': 0.052230624554231185, 'NDCG*@5': 0.03850598057890816, 'MRR*@5': 0.033990669071443325}
INFO    [03-24 16:22:23] test in BasicTrainer:
Test model on test set!
INFO    [03-24 16:22:23] test_with_given_state_path in BasicTrainer:
Loading model params from ___movies_base_partial_2022/base_nextitnet-rate-0.8-seed-2000_03-24_15:17_t1/nextitnet_logs/checkpoint/best_acc_model.pth.
INFO    [03-24 16:22:23] load_state_from_given_path in utils:
checkpoint epoch: 23
INFO    [03-24 16:22:23] load_state_from_given_path in utils:
Loading model's parameters
INFO    [03-24 16:22:23] test_with_given_state_path in BasicTrainer:
Finished loading. Start testing.
INFO    [03-24 16:22:54] test_with_given_state_path in BasicTrainer:
{'Recall@10': 0.06343806693835775, 'NDCG@10': 0.03743809425495854, 'MRR@10': 0.029545553129657294, 'Recall@5': 0.04398413016930107, 'NDCG@5': 0.031184892495011173, 'MRR@5': 0.02698640774415676, 'Recall*@10': 0.06377623357283052, 'NDCG*@10': 0.037799106968581214, 'MRR*@10': 0.029915889385769997, 'Recall*@5': 0.04425878749164038, 'NDCG*@5': 0.031521264037709364, 'MRR*@5': 0.027344208535586677}
INFO    [03-24 16:22:54] _evaluate in BasicSched:
!!Final Result!!: {'Recall@10': 0.06343806693835775, 'NDCG@10': 0.03743809425495854, 'MRR@10': 0.029545553129657294, 'Recall@5': 0.04398413016930107, 'NDCG@5': 0.031184892495011173, 'MRR@5': 0.02698640774415676, 'Recall*@10': 0.06377623357283052, 'NDCG*@10': 0.037799106968581214, 'MRR*@10': 0.029915889385769997, 'Recall*@5': 0.04425878749164038, 'NDCG*@5': 0.031521264037709364, 'MRR*@5': 0.027344208535586677}
