INFO    [05-05 12:50:34] setup_train in utils:
{
    "experiment_dir": "___el_base_partial_2022",
    "experiment_description": "base",
    "describe": "{config[model_code]}-rate-{config[sample_rate]}-seed-{config[sample_seed]}",
    "dataset_name": "electronics.csv",
    "sched": "basic",
    "model_code": "narm",
    "num_epochs": 80,
    "mode": [
        "train",
        "test"
    ],
    "max_len": 10,
    "test_state_path": null,
    "model_state_path": null,
    "do_sampling": true,
    "path_for_sample": "Data/Cache/electronics-5-5.pkl",
    "sample_rate": 0.8,
    "sample_seed": 2000,
    "rand_seed": 2022,
    "load_processed_dataset": true,
    "save_processed_dataset": false,
    "dataset_cache_filename": null,
    "do_remap": false,
    "weight_decay": 0,
    "decay_step": 15,
    "gamma": 0.99,
    "lr": 0.001,
    "min_length": 5,
    "min_item_inter": 5,
    "good_only": false,
    "use_rating": true,
    "test_negative_sampler_code": "random",
    "test_negative_sample_size": 0,
    "dataloader_type": "next",
    "train_batch_size": 4096,
    "val_batch_size": 4096,
    "test_batch_size": 4096,
    "prop_sliding_window": -1.0,
    "worker_number": 2,
    "metric_ks": [
        5,
        10
    ],
    "device": "cuda",
    "num_gpu": 1,
    "optimizer": "Adam",
    "best_metric": "NDCG@10",
    "show_process_bar": false,
    "config_file": "config2.electronics/narm/config_partial.json",
    "task_id": 2,
    "split": "leave_one_out",
    "train_negative_sampler_code": "random",
    "train_negative_sample_size": 100,
    "device_idx": "0",
    "momentum": null,
    "log_period_as_iter": 12800,
    "mentor_code": "bert",
    "training_routine": null,
    "T": 1,
    "alpha": 0.1,
    "dvae_alpha": 0.5,
    "softmaxed_mentor": false,
    "weight_list": [
        0.5,
        0.5
    ],
    "validation_rate": 0.2,
    "num_items": null,
    "start_index": 1,
    "kwargs": null
}
DEBUG   [05-05 12:50:34] __init__ in BasicSched:
BasicScheduler attribs: tag=narm
INFO    [05-05 12:50:34] _load_sampled_dataset_from_path in utils:
loading sampled dataset from /data01/wushiguang-slurm/Codes/soft-rec/Data/Cache/sampled_electronics-5-5-rate-0.8-seed-2000.pkl
INFO    [05-05 12:50:35] _check_dataset_cache in utils:
check if the cache is generated under this configuration
INFO    [05-05 12:50:35] _check_dataset_cache in utils:
correct.
INFO    [05-05 12:50:35] __init__ in NextItemDataloader:
there are 29351 items in this dataset, 81749 users, padding_first? False
DEBUG   [05-05 12:50:48] generate_model in utils:
model_code_list=['narm']
INFO    [05-05 12:50:48] load_model_config in utils:
loading model narm's config file at asset/config/model/narm.json
INFO    [05-05 12:50:48] load_model_config in utils:
{
    "embedding_size": 64,
    "hidden_size": 128,
    "n_layers": 1,
    "dropout_probs": [
        0.25,
        0.5
    ]
}
WARNING [05-05 12:50:56] get_exist_path in utils:
dir ___el_base_partial_2022/base_narm-rate-0.8-seed-2000_05-05_12:50_t2/narm_logs does not exist! Create one.
WARNING [05-05 12:50:56] get_exist_path in utils:
dir ___el_base_partial_2022/base_narm-rate-0.8-seed-2000_05-05_12:50_t2/narm_logs/tb_vis does not exist! Create one.
WARNING [05-05 12:50:56] get_exist_path in utils:
dir ___el_base_partial_2022/base_narm-rate-0.8-seed-2000_05-05_12:50_t2/narm_logs/checkpoint does not exist! Create one.
INFO    [05-05 12:50:56] __init__ in BasicSched:
NARM(
  (item_embedding): Embedding(29352, 64, padding_idx=0)
  (emb_dropout): Dropout(p=0.25, inplace=False)
  (gru): GRU(64, 128, bias=False, batch_first=True)
  (a_1): Linear(in_features=128, out_features=128, bias=False)
  (a_2): Linear(in_features=128, out_features=128, bias=False)
  (v_t): Linear(in_features=128, out_features=1, bias=False)
  (ct_dropout): Dropout(p=0.5, inplace=False)
  (b): Linear(in_features=256, out_features=64, bias=False)
  (loss_fct): CrossEntropyLoss()
)
WARNING [05-05 12:50:56] get_path in utils:
Path is None
WARNING [05-05 12:50:56] load_state_from_given_path in utils:
Not given any path.
INFO    [05-05 12:50:56] assert_model_device in utils:
model narm has 7.63525390625 MB params.
INFO    [05-05 12:50:56] __init__ in BasicTrainer:
364544 iter per epoch
INFO    [05-05 12:50:56] _fit in BasicSched:
Start training.
INFO    [05-05 12:51:45] log in loggers:
Update Best NDCG@10 Model at 0
INFO    [05-05 12:51:45] validate in BasicTrainer:
{'Recall@10': 0.00044104859116487203, 'NDCG@10': 0.0001966794028703589, 'MRR@10': 0.00012384097653921343, 'Recall@5': 0.00022079020563978702, 'NDCG@5': 0.0001250655266630929, 'MRR@5': 9.40743289902457e-05, 'Recall*@10': 0.0004809778940398246, 'NDCG*@10': 0.0002119092121574795, 'MRR*@10': 0.00013113540608173936, 'Recall*@5': 0.0002409887791145593, 'NDCG*@5': 0.0001329566766798962, 'MRR*@5': 9.779453939700034e-05}
INFO    [05-05 12:51:45] train in BasicTrainer:
epoch: 0
INFO    [05-05 12:52:10] _train_one_epoch in BasicTrainer:
loss = 10.028755080833864
INFO    [05-05 12:52:59] log in loggers:
Update Best NDCG@10 Model at 0
INFO    [05-05 12:53:00] validate in BasicTrainer:
{'Recall@10': 0.03129365909844637, 'NDCG@10': 0.01667725802399218, 'MRR@10': 0.012204321706667543, 'Recall@5': 0.020348688773810863, 'NDCG@5': 0.013147970428690314, 'MRR@5': 0.010753639414906502, 'Recall*@10': 0.03494430324062705, 'NDCG*@10': 0.018917588517069817, 'MRR*@10': 0.014002885716035963, 'Recall*@5': 0.02325899386778474, 'NDCG*@5': 0.015153888612985611, 'MRR*@5': 0.012458115024492145}
INFO    [05-05 12:53:00] train in BasicTrainer:
duration: 74.4435338973999s
INFO    [05-05 12:53:00] train in BasicTrainer:
epoch: 1
INFO    [05-05 12:53:23] _train_one_epoch in BasicTrainer:
loss = 9.505442897925215
INFO    [05-05 12:54:12] log in loggers:
Update Best NDCG@10 Model at 1
INFO    [05-05 12:54:12] validate in BasicTrainer:
{'Recall@10': 0.03702250439673662, 'NDCG@10': 0.0191914320923388, 'MRR@10': 0.01385601470246911, 'Recall@5': 0.02118671927601099, 'NDCG@5': 0.01409463961608708, 'MRR@5': 0.011766504868865013, 'Recall*@10': 0.040454096533358096, 'NDCG*@10': 0.021385785285383464, 'MRR*@10': 0.01566476607695222, 'Recall*@5': 0.02387342993170023, 'NDCG*@5': 0.016050460934638976, 'MRR*@5': 0.013477864908054471}
INFO    [05-05 12:54:12] train in BasicTrainer:
duration: 72.81748366355896s
INFO    [05-05 12:54:12] train in BasicTrainer:
epoch: 2
INFO    [05-05 12:54:36] _train_one_epoch in BasicTrainer:
loss = 9.395842841501986
INFO    [05-05 12:55:26] validate in BasicTrainer:
{'Recall@10': 0.03513889871537686, 'NDCG@10': 0.018739472702145578, 'MRR@10': 0.013765132799744607, 'Recall@5': 0.022599568869918586, 'NDCG@5': 0.014720209082588554, 'MRR@5': 0.012127442099153996, 'Recall*@10': 0.038056972436606884, 'NDCG*@10': 0.020516106579452752, 'MRR*@10': 0.015189342107623816, 'Recall*@5': 0.024833206087350845, 'NDCG*@5': 0.01627736333757639, 'MRR*@5': 0.013462009746581316}
INFO    [05-05 12:55:26] train in BasicTrainer:
duration: 73.7654767036438s
INFO    [05-05 12:55:26] train in BasicTrainer:
epoch: 3
INFO    [05-05 12:55:51] _train_one_epoch in BasicTrainer:
loss = 9.275436122765703
INFO    [05-05 12:56:40] log in loggers:
Update Best NDCG@10 Model at 3
INFO    [05-05 12:56:40] validate in BasicTrainer:
{'Recall@10': 0.03785364609211683, 'NDCG@10': 0.02034202041104436, 'MRR@10': 0.015018049580976366, 'Recall@5': 0.024709789827466012, 'NDCG@5': 0.016105115739628674, 'MRR@5': 0.01327727916650474, 'Recall*@10': 0.04131458941847086, 'NDCG*@10': 0.022438785899430512, 'MRR*@10': 0.0166966094635427, 'Recall*@5': 0.02709485115483403, 'NDCG*@5': 0.017840447276830672, 'MRR*@5': 0.014798615919426083}
INFO    [05-05 12:56:40] train in BasicTrainer:
duration: 73.74369049072266s
INFO    [05-05 12:56:40] train in BasicTrainer:
epoch: 4
INFO    [05-05 12:57:04] _train_one_epoch in BasicTrainer:
loss = 9.108705434906348
INFO    [05-05 12:58:02] log in loggers:
Update Best NDCG@10 Model at 4
INFO    [05-05 12:58:05] validate in BasicTrainer:
{'Recall@10': 0.041901087202131745, 'NDCG@10': 0.022320078779011966, 'MRR@10': 0.01638064687140286, 'Recall@5': 0.026890618726611137, 'NDCG@5': 0.017491217935457826, 'MRR@5': 0.014402142772451044, 'Recall*@10': 0.04565888177603483, 'NDCG*@10': 0.02449108399450779, 'MRR*@10': 0.018070567585527896, 'Recall*@5': 0.02939903624355793, 'NDCG*@5': 0.019254254270344974, 'MRR*@5': 0.01592129347845912}
INFO    [05-05 12:58:05] train in BasicTrainer:
duration: 84.86719250679016s
INFO    [05-05 12:58:05] train in BasicTrainer:
epoch: 5
INFO    [05-05 12:58:28] _train_one_epoch in BasicTrainer:
loss = 8.989085658212726
INFO    [05-05 12:59:19] log in loggers:
Update Best NDCG@10 Model at 5
INFO    [05-05 12:59:20] validate in BasicTrainer:
{'Recall@10': 0.04438336901366711, 'NDCG@10': 0.02406694507226348, 'MRR@10': 0.017888016207143663, 'Recall@5': 0.029251362103968857, 'NDCG@5': 0.01919349804520607, 'MRR@5': 0.01588807157240808, 'Recall*@10': 0.04803473521023989, 'NDCG*@10': 0.026166112534701823, 'MRR*@10': 0.01951034376397729, 'Recall*@5': 0.03191130245104432, 'NDCG*@5': 0.020965576637536287, 'MRR*@5': 0.01737146871164441}
INFO    [05-05 12:59:20] train in BasicTrainer:
duration: 75.58336782455444s
INFO    [05-05 12:59:20] train in BasicTrainer:
epoch: 6
INFO    [05-05 12:59:45] _train_one_epoch in BasicTrainer:
loss = 8.89510440826416
INFO    [05-05 13:00:36] log in loggers:
Update Best NDCG@10 Model at 6
INFO    [05-05 13:00:37] validate in BasicTrainer:
{'Recall@10': 0.045804702863097194, 'NDCG@10': 0.02484255526214838, 'MRR@10': 0.018481130711734295, 'Recall@5': 0.030072424188256265, 'NDCG@5': 0.019785148557275534, 'MRR@5': 0.01641095196828246, 'Recall*@10': 0.04956333190202713, 'NDCG*@10': 0.026910212077200412, 'MRR*@10': 0.02002824954688549, 'Recall*@5': 0.032805297337472436, 'NDCG*@5': 0.021521100681275128, 'MRR*@5': 0.01782111111097038}
INFO    [05-05 13:00:37] train in BasicTrainer:
duration: 76.49106192588806s
INFO    [05-05 13:00:37] train in BasicTrainer:
epoch: 7
INFO    [05-05 13:01:01] _train_one_epoch in BasicTrainer:
loss = 8.809021917621742
INFO    [05-05 13:01:53] log in loggers:
Update Best NDCG@10 Model at 7
INFO    [05-05 13:01:54] validate in BasicTrainer:
{'Recall@10': 0.04735233671963215, 'NDCG@10': 0.0256776318885386, 'MRR@10': 0.019081803504377604, 'Recall@5': 0.03141466584056616, 'NDCG@5': 0.02054499937221408, 'MRR@5': 0.016976095968857408, 'Recall*@10': 0.0512406250461936, 'NDCG*@10': 0.027893797587603332, 'MRR*@10': 0.020794850308448076, 'Recall*@5': 0.033992665912956, 'NDCG*@5': 0.02234052652493119, 'MRR*@5': 0.01851743124425411}
INFO    [05-05 13:01:54] train in BasicTrainer:
duration: 77.52621054649353s
INFO    [05-05 13:01:54] train in BasicTrainer:
epoch: 8
INFO    [05-05 13:02:19] _train_one_epoch in BasicTrainer:
loss = 8.737824482864209
INFO    [05-05 13:03:12] validate in BasicTrainer:
{'Recall@10': 0.04708537757396698, 'NDCG@10': 0.025548469088971616, 'MRR@10': 0.01901258071884513, 'Recall@5': 0.030998563021421434, 'NDCG@5': 0.020372749166563155, 'MRR@5': 0.01689195358194411, 'Recall*@10': 0.05112541280686855, 'NDCG*@10': 0.027902341354638337, 'MRR*@10': 0.020859409775584935, 'Recall*@5': 0.03365882532671094, 'NDCG*@5': 0.02228263970464468, 'MRR*@5': 0.01855693510733545}
INFO    [05-05 13:03:12] train in BasicTrainer:
duration: 77.26841926574707s
INFO    [05-05 13:03:12] train in BasicTrainer:
epoch: 9
INFO    [05-05 13:03:37] _train_one_epoch in BasicTrainer:
loss = 8.676830034577444
INFO    [05-05 13:04:30] log in loggers:
Update Best NDCG@10 Model at 9
INFO    [05-05 13:04:31] validate in BasicTrainer:
{'Recall@10': 0.04767767209559679, 'NDCG@10': 0.025722751673310996, 'MRR@10': 0.019060342200100423, 'Recall@5': 0.031523465365171435, 'NDCG@5': 0.020538292359560728, 'MRR@5': 0.016943932743743062, 'Recall*@10': 0.051373839005827905, 'NDCG*@10': 0.0280615565367043, 'MRR*@10': 0.020989143196493386, 'Recall*@5': 0.03423331333324313, 'NDCG*@5': 0.02256395258009434, 'MRR*@5': 0.01874699704349041}
INFO    [05-05 13:04:31] train in BasicTrainer:
duration: 79.38548040390015s
INFO    [05-05 13:04:31] train in BasicTrainer:
epoch: 10
INFO    [05-05 13:04:56] _train_one_epoch in BasicTrainer:
loss = 8.61765401818779
INFO    [05-05 13:05:52] log in loggers:
Update Best NDCG@10 Model at 10
INFO    [05-05 13:05:55] validate in BasicTrainer:
{'Recall@10': 0.04801258016377687, 'NDCG@10': 0.025843226350843906, 'MRR@10': 0.019116580858826636, 'Recall@5': 0.031427936442196366, 'NDCG@5': 0.02051971210166812, 'MRR@5': 0.016942684492096304, 'Recall*@10': 0.05161703787744045, 'NDCG*@10': 0.027968057617545127, 'MRR*@10': 0.020786807220429183, 'Recall*@5': 0.03407956305891276, 'NDCG*@5': 0.02233721949160099, 'MRR*@5': 0.01848648083396256}
INFO    [05-05 13:05:55] train in BasicTrainer:
duration: 83.47602343559265s
INFO    [05-05 13:05:55] train in BasicTrainer:
epoch: 11
INFO    [05-05 13:06:18] _train_one_epoch in BasicTrainer:
loss = 8.560591494099478
INFO    [05-05 13:07:07] validate in BasicTrainer:
{'Recall@10': 0.04751102812588215, 'NDCG@10': 0.025629761815071105, 'MRR@10': 0.018996631260961294, 'Recall@5': 0.030992737971246243, 'NDCG@5': 0.02030660808086395, 'MRR@5': 0.01681047831661999, 'Recall*@10': 0.051271296292543414, 'NDCG*@10': 0.027787740621715785, 'MRR*@10': 0.02067105956375599, 'Recall*@5': 0.033456929586827756, 'NDCG*@5': 0.02205140134319663, 'MRR*@5': 0.018317939061671496}
INFO    [05-05 13:07:07] train in BasicTrainer:
duration: 72.41303277015686s
INFO    [05-05 13:07:07] train in BasicTrainer:
epoch: 12
INFO    [05-05 13:07:31] _train_one_epoch in BasicTrainer:
loss = 8.503986883699223
INFO    [05-05 13:08:21] validate in BasicTrainer:
{'Recall@10': 0.047848595306277275, 'NDCG@10': 0.02581579927355051, 'MRR@10': 0.01913843248039484, 'Recall@5': 0.03152878358960152, 'NDCG@5': 0.020599976647645235, 'MRR@5': 0.017021475918591024, 'Recall*@10': 0.05147311016917229, 'NDCG*@10': 0.02805203003808856, 'MRR*@10': 0.02095038997940719, 'Recall*@5': 0.034262764267623425, 'NDCG*@5': 0.022553940210491417, 'MRR*@5': 0.01872008149512112}
INFO    [05-05 13:08:21] train in BasicTrainer:
duration: 74.49005889892578s
INFO    [05-05 13:08:21] train in BasicTrainer:
epoch: 13
INFO    [05-05 13:08:46] _train_one_epoch in BasicTrainer:
loss = 8.44806182518434
INFO    [05-05 13:09:45] log in loggers:
Update Best NDCG@10 Model at 13
INFO    [05-05 13:09:46] validate in BasicTrainer:
{'Recall@10': 0.04835703615099192, 'NDCG@10': 0.026298883743584155, 'MRR@10': 0.019606044888496398, 'Recall@5': 0.031512853875756267, 'NDCG@5': 0.020868782745674254, 'MRR@5': 0.017375116515904666, 'Recall*@10': 0.052267754636704924, 'NDCG*@10': 0.02860063100233674, 'MRR*@10': 0.021422922424972058, 'Recall*@5': 0.03421751232817769, 'NDCG*@5': 0.0227858760394156, 'MRR*@5': 0.019036378618329762}
INFO    [05-05 13:09:46] train in BasicTrainer:
duration: 84.84775996208191s
INFO    [05-05 13:09:46] train in BasicTrainer:
epoch: 14
INFO    [05-05 13:10:10] _train_one_epoch in BasicTrainer:
loss = 8.390732400872734
INFO    [05-05 13:11:01] log in loggers:
Update Best NDCG@10 Model at 14
INFO    [05-05 13:11:02] validate in BasicTrainer:
{'Recall@10': 0.04853218905627728, 'NDCG@10': 0.026470982190221547, 'MRR@10': 0.019771677488461138, 'Recall@5': 0.03206642474979162, 'NDCG@5': 0.021167324297130106, 'MRR@5': 0.017595065804198385, 'Recall*@10': 0.052091237530112265, 'NDCG*@10': 0.028563572838902474, 'MRR*@10': 0.021411675214767455, 'Recall*@5': 0.034715453162789345, 'NDCG*@5': 0.022962847817689182, 'MRR*@5': 0.019110812386497856}
INFO    [05-05 13:11:02] train in BasicTrainer:
duration: 75.3538248538971s
INFO    [05-05 13:11:02] train in BasicTrainer:
epoch: 15
INFO    [05-05 13:11:27] _train_one_epoch in BasicTrainer:
loss = 8.332335739992978
INFO    [05-05 13:12:19] validate in BasicTrainer:
{'Recall@10': 0.04863460697233677, 'NDCG@10': 0.026360489521175624, 'MRR@10': 0.01960660479962826, 'Recall@5': 0.03191568590700626, 'NDCG@5': 0.020997475273907183, 'MRR@5': 0.017418881738558413, 'Recall*@10': 0.05208520703017712, 'NDCG*@10': 0.028448546025902032, 'MRR*@10': 0.021272687520831824, 'Recall*@5': 0.034441435150802134, 'NDCG*@5': 0.022789712902158497, 'MRR*@5': 0.018964877631515265}
INFO    [05-05 13:12:19] train in BasicTrainer:
duration: 77.48919439315796s
INFO    [05-05 13:12:19] train in BasicTrainer:
epoch: 16
INFO    [05-05 13:12:44] _train_one_epoch in BasicTrainer:
loss = 8.276143770539358
INFO    [05-05 13:13:34] log in loggers:
Update Best NDCG@10 Model at 16
INFO    [05-05 13:13:34] validate in BasicTrainer:
{'Recall@10': 0.048341638222336766, 'NDCG@10': 0.026687679439783098, 'MRR@10': 0.02009834544733167, 'Recall@5': 0.03219804298132658, 'NDCG@5': 0.021460439823567868, 'MRR@5': 0.01793716852553189, 'Recall*@10': 0.0518340427428484, 'NDCG*@10': 0.028858116269111632, 'MRR*@10': 0.021856251545250414, 'Recall*@5': 0.03493296653032303, 'NDCG*@5': 0.023388142604380845, 'MRR*@5': 0.019596140086650848}
INFO    [05-05 13:13:34] train in BasicTrainer:
duration: 75.28828287124634s
INFO    [05-05 13:13:34] train in BasicTrainer:
epoch: 17
INFO    [05-05 13:13:59] _train_one_epoch in BasicTrainer:
loss = 8.221335411071777
INFO    [05-05 13:14:50] log in loggers:
Update Best NDCG@10 Model at 17
INFO    [05-05 13:14:50] validate in BasicTrainer:
{'Recall@10': 0.04995296634733677, 'NDCG@10': 0.0272547728382051, 'MRR@10': 0.02038323455490172, 'Recall@5': 0.03242731746286154, 'NDCG@5': 0.0216099557466805, 'MRR@5': 0.018066869629547, 'Recall*@10': 0.053379562124609946, 'NDCG*@10': 0.029269121307879686, 'MRR*@10': 0.021964334510266782, 'Recall*@5': 0.03490137690678239, 'NDCG*@5': 0.023322108015418053, 'MRR*@5': 0.019526629196479916}
INFO    [05-05 13:14:50] train in BasicTrainer:
duration: 75.91192555427551s
INFO    [05-05 13:14:50] train in BasicTrainer:
epoch: 18
INFO    [05-05 13:15:14] _train_one_epoch in BasicTrainer:
loss = 8.168997094872292
INFO    [05-05 13:16:07] validate in BasicTrainer:
{'Recall@10': 0.04904911406338215, 'NDCG@10': 0.026886225491762162, 'MRR@10': 0.020151946973055602, 'Recall@5': 0.03266454450786114, 'NDCG@5': 0.021599361579865216, 'MRR@5': 0.01797658111900091, 'Recall*@10': 0.05260535702109337, 'NDCG*@10': 0.028923016414046286, 'MRR*@10': 0.021719353180378674, 'Recall*@5': 0.035370212607085706, 'NDCG*@5': 0.0233640905469656, 'MRR*@5': 0.019433498661965132}
INFO    [05-05 13:16:07] train in BasicTrainer:
duration: 76.30374360084534s
INFO    [05-05 13:16:07] train in BasicTrainer:
epoch: 19
INFO    [05-05 13:16:30] _train_one_epoch in BasicTrainer:
loss = 8.115933059306627
INFO    [05-05 13:17:22] validate in BasicTrainer:
{'Recall@10': 0.04939942006021738, 'NDCG@10': 0.026801807712763547, 'MRR@10': 0.019951921701431275, 'Recall@5': 0.032498964294791224, 'NDCG@5': 0.021372137218713762, 'MRR@5': 0.017731880862265827, 'Recall*@10': 0.05304383207112551, 'NDCG*@10': 0.028943956177681685, 'MRR*@10': 0.02163062132894993, 'Recall*@5': 0.035085263568907975, 'NDCG*@5': 0.02317648883908987, 'MRR*@5': 0.01927391514182091}
INFO    [05-05 13:17:22] train in BasicTrainer:
duration: 75.3612642288208s
INFO    [05-05 13:17:22] train in BasicTrainer:
epoch: 20
INFO    [05-05 13:17:47] _train_one_epoch in BasicTrainer:
loss = 8.067538572161386
INFO    [05-05 13:18:39] validate in BasicTrainer:
{'Recall@10': 0.048600644990801814, 'NDCG@10': 0.026690626330673695, 'MRR@10': 0.02004751851782203, 'Recall@5': 0.03231639061123133, 'NDCG@5': 0.0214717878960073, 'MRR@5': 0.017920975107699633, 'Recall*@10': 0.052376193925738335, 'NDCG*@10': 0.02876040944829583, 'MRR*@10': 0.02159927561879158, 'Recall*@5': 0.03483327310532332, 'NDCG*@5': 0.02313721803948283, 'MRR*@5': 0.019307422311976553}
INFO    [05-05 13:18:39] train in BasicTrainer:
duration: 76.86196875572205s
INFO    [05-05 13:18:39] train in BasicTrainer:
epoch: 21
INFO    [05-05 13:19:03] _train_one_epoch in BasicTrainer:
loss = 8.018198157964127
INFO    [05-05 13:19:56] log in loggers:
Update Best NDCG@10 Model at 21
INFO    [05-05 13:19:59] validate in BasicTrainer:
{'Recall@10': 0.050327661447227, 'NDCG@10': 0.027777276933193207, 'MRR@10': 0.02092113522812724, 'Recall@5': 0.033659695833921435, 'NDCG@5': 0.022408246342092753, 'MRR@5': 0.018717663176357747, 'Recall*@10': 0.05424717515707016, 'NDCG*@10': 0.02994837360456586, 'MRR*@10': 0.02256063697859645, 'Recall*@5': 0.0363306681625545, 'NDCG*@5': 0.02417636923491955, 'MRR*@5': 0.020191284269094466}
INFO    [05-05 13:19:59] train in BasicTrainer:
duration: 79.80373978614807s
INFO    [05-05 13:19:59] train in BasicTrainer:
epoch: 22
INFO    [05-05 13:20:22] _train_one_epoch in BasicTrainer:
loss = 7.969984017061384
INFO    [05-05 13:21:16] validate in BasicTrainer:
{'Recall@10': 0.05005540885031223, 'NDCG@10': 0.027641804423183203, 'MRR@10': 0.02083527045324445, 'Recall@5': 0.033392736688256264, 'NDCG@5': 0.022261197865009307, 'MRR@5': 0.018619876354932785, 'Recall*@10': 0.05380847435444593, 'NDCG*@10': 0.029753377288579942, 'MRR*@10': 0.02244424317032099, 'Recall*@5': 0.036081071756780145, 'NDCG*@5': 0.024027975648641585, 'MRR*@5': 0.02008623946458101}
INFO    [05-05 13:21:16] train in BasicTrainer:
duration: 77.60084915161133s
INFO    [05-05 13:21:16] train in BasicTrainer:
epoch: 23
INFO    [05-05 13:21:40] _train_one_epoch in BasicTrainer:
loss = 7.923839520872309
INFO    [05-05 13:22:29] log in loggers:
Update Best NDCG@10 Model at 23
INFO    [05-05 13:22:31] validate in BasicTrainer:
{'Recall@10': 0.05027673095464706, 'NDCG@10': 0.02798172403126955, 'MRR@10': 0.021198115963488817, 'Recall@5': 0.034052448160946366, 'NDCG@5': 0.022747894655913113, 'MRR@5': 0.019045640155673026, 'Recall*@10': 0.05380990151315927, 'NDCG*@10': 0.02994891218841076, 'MRR*@10': 0.02268540868535638, 'Recall*@5': 0.036551779601722956, 'NDCG*@5': 0.02437917944043875, 'MRR*@5': 0.020393428020179273}
INFO    [05-05 13:22:31] train in BasicTrainer:
duration: 74.29569029808044s
INFO    [05-05 13:22:31] train in BasicTrainer:
epoch: 24
INFO    [05-05 13:22:56] _train_one_epoch in BasicTrainer:
loss = 7.880083453789186
INFO    [05-05 13:23:47] log in loggers:
Update Best NDCG@10 Model at 24
INFO    [05-05 13:23:49] validate in BasicTrainer:
{'Recall@10': 0.051013939268887046, 'NDCG@10': 0.02828963249921799, 'MRR@10': 0.02140060970559716, 'Recall@5': 0.033964871615171435, 'NDCG@5': 0.022811880707740782, 'MRR@5': 0.019160861056298016, 'Recall*@10': 0.05493172500282526, 'NDCG*@10': 0.030482660327106715, 'MRR*@10': 0.02307546967640519, 'Recall*@5': 0.036532373167574406, 'NDCG*@5': 0.02457134276628494, 'MRR*@5': 0.02065860349684954}
INFO    [05-05 13:23:49] train in BasicTrainer:
duration: 78.03300714492798s
INFO    [05-05 13:23:49] train in BasicTrainer:
epoch: 25
INFO    [05-05 13:24:13] _train_one_epoch in BasicTrainer:
loss = 7.837459933891725
INFO    [05-05 13:25:03] log in loggers:
Update Best NDCG@10 Model at 25
INFO    [05-05 13:25:04] validate in BasicTrainer:
{'Recall@10': 0.051304248906672, 'NDCG@10': 0.02861468568444252, 'MRR@10': 0.021730808448046444, 'Recall@5': 0.034453152865171435, 'NDCG@5': 0.023211114574223757, 'MRR@5': 0.019527506176382305, 'Recall*@10': 0.05503921899944544, 'NDCG*@10': 0.030759989749640226, 'MRR*@10': 0.023389707319438457, 'Recall*@5': 0.03708059275522828, 'NDCG*@5': 0.024996098782867193, 'MRR*@5': 0.02103642001748085}
INFO    [05-05 13:25:04] train in BasicTrainer:
duration: 75.58785629272461s
INFO    [05-05 13:25:04] train in BasicTrainer:
epoch: 26
INFO    [05-05 13:25:28] _train_one_epoch in BasicTrainer:
loss = 7.795248272713651
INFO    [05-05 13:26:20] validate in BasicTrainer:
{'Recall@10': 0.05039454661309719, 'NDCG@10': 0.028225105721503496, 'MRR@10': 0.02148698251694441, 'Recall@5': 0.03395479191094637, 'NDCG@5': 0.022947210259735583, 'MRR@5': 0.01933072218671441, 'Recall*@10': 0.0537863127887249, 'NDCG*@10': 0.030219693575054406, 'MRR*@10': 0.023043817095458507, 'Recall*@5': 0.03658784348517656, 'NDCG*@5': 0.024687351193279028, 'MRR*@5': 0.02077725613489747}
INFO    [05-05 13:26:20] train in BasicTrainer:
duration: 75.4543764591217s
INFO    [05-05 13:26:20] train in BasicTrainer:
epoch: 27
INFO    [05-05 13:26:44] _train_one_epoch in BasicTrainer:
loss = 7.755492660436738
INFO    [05-05 13:27:34] validate in BasicTrainer:
{'Recall@10': 0.05065887160599232, 'NDCG@10': 0.02834652503952384, 'MRR@10': 0.021572411805391312, 'Recall@5': 0.03399407211691141, 'NDCG@5': 0.022978860698640347, 'MRR@5': 0.019369354424998163, 'Recall*@10': 0.05419605318456888, 'NDCG*@10': 0.030247999541461467, 'MRR*@10': 0.022983362898230553, 'Recall*@5': 0.036154895555227995, 'NDCG*@5': 0.024432595074176788, 'MRR*@5': 0.020593886077404023}
INFO    [05-05 13:27:34] train in BasicTrainer:
duration: 74.57604265213013s
INFO    [05-05 13:27:34] train in BasicTrainer:
epoch: 28
INFO    [05-05 13:27:59] _train_one_epoch in BasicTrainer:
loss = 7.711050596130028
INFO    [05-05 13:28:51] log in loggers:
Update Best NDCG@10 Model at 28
INFO    [05-05 13:28:52] validate in BasicTrainer:
{'Recall@10': 0.05146081298589707, 'NDCG@10': 0.02900817897170782, 'MRR@10': 0.022194379474967718, 'Recall@5': 0.0344393752515316, 'NDCG@5': 0.023526359349489212, 'MRR@5': 0.019944788608700036, 'Recall*@10': 0.05503962673246861, 'NDCG*@10': 0.030975662358105182, 'MRR*@10': 0.02367199482396245, 'Recall*@5': 0.036744484305381776, 'NDCG*@5': 0.02507459940388799, 'MRR*@5': 0.021244941093027592}
INFO    [05-05 13:28:52] train in BasicTrainer:
duration: 77.54952383041382s
INFO    [05-05 13:28:52] train in BasicTrainer:
epoch: 29
INFO    [05-05 13:29:16] _train_one_epoch in BasicTrainer:
loss = 7.674258489287301
INFO    [05-05 13:30:07] log in loggers:
Update Best NDCG@10 Model at 29
INFO    [05-05 13:30:08] validate in BasicTrainer:
{'Recall@10': 0.05274414662271738, 'NDCG@10': 0.02953014513477683, 'MRR@10': 0.022497653029859066, 'Recall@5': 0.03507201354950666, 'NDCG@5': 0.023864335846155882, 'MRR@5': 0.020188259705901147, 'Recall*@10': 0.05647859089076519, 'NDCG*@10': 0.03158629387617111, 'MRR*@10': 0.0240490666590631, 'Recall*@5': 0.0374295124784112, 'NDCG*@5': 0.025478911027312277, 'MRR*@5': 0.0215598501265049}
INFO    [05-05 13:30:08] train in BasicTrainer:
duration: 75.95199203491211s
INFO    [05-05 13:30:08] train in BasicTrainer:
epoch: 30
INFO    [05-05 13:30:32] _train_one_epoch in BasicTrainer:
loss = 7.632128544068069
INFO    [05-05 13:31:24] validate in BasicTrainer:
{'Recall@10': 0.05191406849771738, 'NDCG@10': 0.029344985447824, 'MRR@10': 0.022492152731865646, 'Recall@5': 0.03511235751211643, 'NDCG@5': 0.023939147498458622, 'MRR@5': 0.020277046039700507, 'Recall*@10': 0.05527777336537838, 'NDCG*@10': 0.03128476776182652, 'MRR*@10': 0.023997459467500447, 'Recall*@5': 0.03756208326667547, 'NDCG*@5': 0.025589657854288815, 'MRR*@5': 0.021666586864739656}
INFO    [05-05 13:31:24] train in BasicTrainer:
duration: 76.55135345458984s
INFO    [05-05 13:31:24] train in BasicTrainer:
epoch: 31
INFO    [05-05 13:31:48] _train_one_epoch in BasicTrainer:
loss = 7.59616354074371
INFO    [05-05 13:32:37] validate in BasicTrainer:
{'Recall@10': 0.05242676381021738, 'NDCG@10': 0.02950134687125683, 'MRR@10': 0.022546557430177926, 'Recall@5': 0.03534482289105654, 'NDCG@5': 0.02401020023971796, 'MRR@5': 0.020299643417820333, 'Recall*@10': 0.05612472165375948, 'NDCG*@10': 0.03152648163959384, 'MRR*@10': 0.02406545225530863, 'Recall*@5': 0.03778585400432348, 'NDCG*@5': 0.02563092429190874, 'MRR*@5': 0.021652854233980178}
INFO    [05-05 13:32:37] train in BasicTrainer:
duration: 72.85366415977478s
INFO    [05-05 13:32:37] train in BasicTrainer:
epoch: 32
INFO    [05-05 13:33:02] _train_one_epoch in BasicTrainer:
loss = 7.559135517377532
INFO    [05-05 13:33:53] log in loggers:
Update Best NDCG@10 Model at 32
INFO    [05-05 13:33:53] validate in BasicTrainer:
{'Recall@10': 0.052385888248682025, 'NDCG@10': 0.029629062116146087, 'MRR@10': 0.022708600293844937, 'Recall@5': 0.03574446402490139, 'NDCG@5': 0.024278640188276766, 'MRR@5': 0.020518581848591566, 'Recall*@10': 0.056039540097117424, 'NDCG*@10': 0.03173024859279394, 'MRR*@10': 0.024335592053830624, 'Recall*@5': 0.03836818803101778, 'NDCG*@5': 0.026043973863124847, 'MRR*@5': 0.022005358804017307}
INFO    [05-05 13:33:53] train in BasicTrainer:
duration: 76.07114243507385s
INFO    [05-05 13:33:53] train in BasicTrainer:
epoch: 33
INFO    [05-05 13:34:16] _train_one_epoch in BasicTrainer:
loss = 7.527007301201981
INFO    [05-05 13:35:07] log in loggers:
Update Best NDCG@10 Model at 33
INFO    [05-05 13:35:07] validate in BasicTrainer:
{'Recall@10': 0.05198996979743242, 'NDCG@10': 0.030023205559700727, 'MRR@10': 0.023338524159044027, 'Recall@5': 0.035906346328556535, 'NDCG@5': 0.024848329089581966, 'MRR@5': 0.021218025032430886, 'Recall*@10': 0.055462291650474074, 'NDCG*@10': 0.03199150813743472, 'MRR*@10': 0.02484153611585498, 'Recall*@5': 0.038422787375748155, 'NDCG*@5': 0.02650428833439946, 'MRR*@5': 0.02259026439860463}
INFO    [05-05 13:35:07] train in BasicTrainer:
duration: 73.98018622398376s
INFO    [05-05 13:35:07] train in BasicTrainer:
epoch: 34
INFO    [05-05 13:35:32] _train_one_epoch in BasicTrainer:
loss = 7.492364476236065
INFO    [05-05 13:36:23] validate in BasicTrainer:
{'Recall@10': 0.05228027943521738, 'NDCG@10': 0.029868468083441256, 'MRR@10': 0.023063310142606496, 'Recall@5': 0.035528460144996644, 'NDCG@5': 0.024488248862326145, 'MRR@5': 0.020863934885710478, 'Recall*@10': 0.05566621404141188, 'NDCG*@10': 0.03171448837965727, 'MRR*@10': 0.024446164816617967, 'Recall*@5': 0.037657631747424605, 'NDCG*@5': 0.0259316835552454, 'MRR*@5': 0.02208297336474061}
INFO    [05-05 13:36:23] train in BasicTrainer:
duration: 75.50086116790771s
INFO    [05-05 13:36:23] train in BasicTrainer:
epoch: 35
INFO    [05-05 13:36:47] _train_one_epoch in BasicTrainer:
loss = 7.461311752876539
INFO    [05-05 13:37:38] log in loggers:
Update Best NDCG@10 Model at 35
INFO    [05-05 13:37:39] validate in BasicTrainer:
{'Recall@10': 0.05374884605407715, 'NDCG@10': 0.030833753384649755, 'MRR@10': 0.023875250481069088, 'Recall@5': 0.03671254217624664, 'NDCG@5': 0.025366155523806812, 'MRR@5': 0.021643069200217725, 'Recall*@10': 0.057188825123012064, 'NDCG*@10': 0.0326461517252028, 'MRR*@10': 0.02518999231979251, 'Recall*@5': 0.039011004660278556, 'NDCG*@5': 0.026811761781573296, 'MRR*@5': 0.022807832155376673}
INFO    [05-05 13:37:39] train in BasicTrainer:
duration: 75.81247758865356s
INFO    [05-05 13:37:39] train in BasicTrainer:
epoch: 36
INFO    [05-05 13:38:02] _train_one_epoch in BasicTrainer:
loss = 7.42942543244094
INFO    [05-05 13:38:53] log in loggers:
Update Best NDCG@10 Model at 36
INFO    [05-05 13:38:53] validate in BasicTrainer:
{'Recall@10': 0.05377060100436211, 'NDCG@10': 0.03108965018764138, 'MRR@10': 0.02419686922803521, 'Recall@5': 0.03718861639499664, 'NDCG@5': 0.025761595740914345, 'MRR@5': 0.0220179152674973, 'Recall*@10': 0.057220691628754136, 'NDCG*@10': 0.03299981532618403, 'MRR*@10': 0.025633550155907868, 'Recall*@5': 0.039598656445741655, 'NDCG*@5': 0.02733333399519324, 'MRR*@5': 0.023313625529408456}
INFO    [05-05 13:38:53] train in BasicTrainer:
duration: 74.9090039730072s
INFO    [05-05 13:38:53] train in BasicTrainer:
epoch: 37
INFO    [05-05 13:39:19] _train_one_epoch in BasicTrainer:
loss = 7.396766834044724
INFO    [05-05 13:40:10] log in loggers:
Update Best NDCG@10 Model at 37
INFO    [05-05 13:40:11] validate in BasicTrainer:
{'Recall@10': 0.05362677574157715, 'NDCG@10': 0.03149748211726546, 'MRR@10': 0.024762011505663394, 'Recall@5': 0.03760525099933147, 'NDCG@5': 0.02634890368208289, 'MRR@5': 0.022655903454869987, 'Recall*@10': 0.05688836108893156, 'NDCG*@10': 0.03330899868160486, 'MRR*@10': 0.02612311439588666, 'Recall*@5': 0.040113561972975734, 'NDCG*@5': 0.027915978524833917, 'MRR*@5': 0.023915712255984545}
INFO    [05-05 13:40:11] train in BasicTrainer:
duration: 77.55502820014954s
INFO    [05-05 13:40:11] train in BasicTrainer:
epoch: 38
INFO    [05-05 13:40:35] _train_one_epoch in BasicTrainer:
loss = 7.369468024607455
INFO    [05-05 13:41:25] validate in BasicTrainer:
{'Recall@10': 0.053946285881102084, 'NDCG@10': 0.0313493425026536, 'MRR@10': 0.02447820520028472, 'Recall@5': 0.037335100769996646, 'NDCG@5': 0.025997854210436343, 'MRR@5': 0.022281191404908897, 'Recall*@10': 0.05755540058016777, 'NDCG*@10': 0.033301086816936734, 'MRR*@10': 0.025923634134232997, 'Recall*@5': 0.039809328690171245, 'NDCG*@5': 0.027579260244965553, 'MRR*@5': 0.023571773990988733}
INFO    [05-05 13:41:25] train in BasicTrainer:
duration: 73.64379286766052s
INFO    [05-05 13:41:25] train in BasicTrainer:
epoch: 39
INFO    [05-05 13:41:50] _train_one_epoch in BasicTrainer:
loss = 7.340704992915807
INFO    [05-05 13:42:42] log in loggers:
Update Best NDCG@10 Model at 39
INFO    [05-05 13:42:44] validate in BasicTrainer:
{'Recall@10': 0.05418141037225723, 'NDCG@10': 0.03152817962691188, 'MRR@10': 0.02462476436048746, 'Recall@5': 0.038043640367686746, 'NDCG@5': 0.026339353062212467, 'MRR@5': 0.02250030906870961, 'Recall*@10': 0.05771052315831184, 'NDCG*@10': 0.03335849354043603, 'MRR*@10': 0.02594095850363374, 'Recall*@5': 0.04027717169374227, 'NDCG*@5': 0.027756883390247823, 'MRR*@5': 0.023649736866354944}
INFO    [05-05 13:42:44] train in BasicTrainer:
duration: 79.18191051483154s
INFO    [05-05 13:42:44] train in BasicTrainer:
epoch: 40
INFO    [05-05 13:43:08] _train_one_epoch in BasicTrainer:
loss = 7.309500169218256
INFO    [05-05 13:43:58] log in loggers:
Update Best NDCG@10 Model at 40
INFO    [05-05 13:43:59] validate in BasicTrainer:
{'Recall@10': 0.05499239265918732, 'NDCG@10': 0.03226064657792449, 'MRR@10': 0.025338968355208637, 'Recall@5': 0.038755371049046514, 'NDCG@5': 0.027053090278059244, 'MRR@5': 0.023214954417198896, 'Recall*@10': 0.0584922730922699, 'NDCG*@10': 0.03413976514711976, 'MRR*@10': 0.026718845963478087, 'Recall*@5': 0.041235370375216004, 'NDCG*@5': 0.028598759416490795, 'MRR*@5': 0.02445516511797905}
INFO    [05-05 13:43:59] train in BasicTrainer:
duration: 75.00559592247009s
INFO    [05-05 13:43:59] train in BasicTrainer:
epoch: 41
INFO    [05-05 13:44:22] _train_one_epoch in BasicTrainer:
loss = 7.2841415619582275
INFO    [05-05 13:45:12] log in loggers:
Update Best NDCG@10 Model at 41
INFO    [05-05 13:45:12] validate in BasicTrainer:
{'Recall@10': 0.05546368043869734, 'NDCG@10': 0.032457692362368104, 'MRR@10': 0.02545940289273858, 'Recall@5': 0.03846293408423662, 'NDCG@5': 0.026993712410330772, 'MRR@5': 0.023224083241075277, 'Recall*@10': 0.059001619927585125, 'NDCG*@10': 0.03442671820521355, 'MRR*@10': 0.026943514496088027, 'Recall*@5': 0.040983506850898264, 'NDCG*@5': 0.028623234201222657, 'MRR*@5': 0.024561847653239967}
INFO    [05-05 13:45:12] train in BasicTrainer:
duration: 73.17295241355896s
INFO    [05-05 13:45:12] train in BasicTrainer:
epoch: 42
INFO    [05-05 13:45:36] _train_one_epoch in BasicTrainer:
loss = 7.257100453537501
INFO    [05-05 13:46:27] log in loggers:
Update Best NDCG@10 Model at 42
INFO    [05-05 13:46:28] validate in BasicTrainer:
{'Recall@10': 0.05521105546504259, 'NDCG@10': 0.03264754740521312, 'MRR@10': 0.025787993241101502, 'Recall@5': 0.03870867006480694, 'NDCG@5': 0.027343604527413846, 'MRR@5': 0.023617925588041544, 'Recall*@10': 0.05841857474297285, 'NDCG*@10': 0.03437710758298636, 'MRR*@10': 0.027063686586916446, 'Recall*@5': 0.04094241000711918, 'NDCG*@5': 0.02875220188871026, 'MRR*@5': 0.024757607281208037}
INFO    [05-05 13:46:28] train in BasicTrainer:
duration: 76.48698234558105s
INFO    [05-05 13:46:28] train in BasicTrainer:
epoch: 43
INFO    [05-05 13:46:52] _train_one_epoch in BasicTrainer:
loss = 7.230463670880607
INFO    [05-05 13:47:41] validate in BasicTrainer:
{'Recall@10': 0.05529278200119734, 'NDCG@10': 0.03254922833293676, 'MRR@10': 0.02564369812607765, 'Recall@5': 0.038142360374331476, 'NDCG@5': 0.027040698006749152, 'MRR@5': 0.023392287362366915, 'Recall*@10': 0.05863675009459257, 'NDCG*@10': 0.03420918798074126, 'MRR*@10': 0.026794815622270107, 'Recall*@5': 0.04025849010795355, 'NDCG*@5': 0.02831463757902384, 'MRR*@5': 0.024390536546707153}
INFO    [05-05 13:47:41] train in BasicTrainer:
duration: 72.85485625267029s
INFO    [05-05 13:47:41] train in BasicTrainer:
epoch: 44
INFO    [05-05 13:48:05] _train_one_epoch in BasicTrainer:
loss = 7.206301415904185
INFO    [05-05 13:48:56] log in loggers:
Update Best NDCG@10 Model at 44
INFO    [05-05 13:48:56] validate in BasicTrainer:
{'Recall@10': 0.05578265879303217, 'NDCG@10': 0.03307769754901528, 'MRR@10': 0.026162950973957776, 'Recall@5': 0.03921764269471169, 'NDCG@5': 0.02775295274332166, 'MRR@5': 0.023983944300562145, 'Recall*@10': 0.0591314148157835, 'NDCG*@10': 0.03497655652463436, 'MRR*@10': 0.02761500859633088, 'Recall*@5': 0.041596774198114875, 'NDCG*@5': 0.029331281688064335, 'MRR*@5': 0.025299682375043632}
INFO    [05-05 13:48:56] train in BasicTrainer:
duration: 75.02163529396057s
INFO    [05-05 13:48:56] train in BasicTrainer:
epoch: 45
INFO    [05-05 13:49:20] _train_one_epoch in BasicTrainer:
loss = 7.178777560759126
INFO    [05-05 13:50:10] log in loggers:
Update Best NDCG@10 Model at 45
INFO    [05-05 13:50:10] validate in BasicTrainer:
{'Recall@10': 0.056259264796972276, 'NDCG@10': 0.03319860231131315, 'MRR@10': 0.02617143001407385, 'Recall@5': 0.03932803776115179, 'NDCG@5': 0.027741011790931226, 'MRR@5': 0.0239288960583508, 'Recall*@10': 0.0595551261678338, 'NDCG*@10': 0.03505745241418481, 'MRR*@10': 0.027590165100991725, 'Recall*@5': 0.04157466571778059, 'NDCG*@5': 0.029257191251963376, 'MRR*@5': 0.025204419624060392}
INFO    [05-05 13:50:10] train in BasicTrainer:
duration: 73.52885246276855s
INFO    [05-05 13:50:10] train in BasicTrainer:
epoch: 46
INFO    [05-05 13:50:34] _train_one_epoch in BasicTrainer:
loss = 7.153093927361992
INFO    [05-05 13:51:25] log in loggers:
Update Best NDCG@10 Model at 46
INFO    [05-05 13:51:25] validate in BasicTrainer:
{'Recall@10': 0.056589918211102486, 'NDCG@10': 0.03346021873876452, 'MRR@10': 0.02641518758609891, 'Recall@5': 0.03952018432319164, 'NDCG@5': 0.027951916493475438, 'MRR@5': 0.02414863221347332, 'Recall*@10': 0.059846498630940916, 'NDCG*@10': 0.03518879078328609, 'MRR*@10': 0.02767445771023631, 'Recall*@5': 0.041703812405467035, 'NDCG*@5': 0.02932743150740862, 'MRR*@5': 0.02525853980332613}
INFO    [05-05 13:51:25] train in BasicTrainer:
duration: 75.59585976600647s
INFO    [05-05 13:51:25] train in BasicTrainer:
epoch: 47
INFO    [05-05 13:51:49] _train_one_epoch in BasicTrainer:
loss = 7.1340003442228515
INFO    [05-05 13:52:39] log in loggers:
Update Best NDCG@10 Model at 47
INFO    [05-05 13:52:40] validate in BasicTrainer:
{'Recall@10': 0.057092002034187316, 'NDCG@10': 0.0336488832719624, 'MRR@10': 0.026520840357989073, 'Recall@5': 0.03988107703626156, 'NDCG@5': 0.02813696376979351, 'MRR@5': 0.024277460388839246, 'Recall*@10': 0.060282853059470655, 'NDCG*@10': 0.03536298405379057, 'MRR*@10': 0.027790121734142303, 'Recall*@5': 0.042004283703863624, 'NDCG*@5': 0.029512582719326018, 'MRR*@5': 0.025411015283316372}
INFO    [05-05 13:52:40] train in BasicTrainer:
duration: 74.26821374893188s
INFO    [05-05 13:52:40] train in BasicTrainer:
epoch: 48
INFO    [05-05 13:53:03] _train_one_epoch in BasicTrainer:
loss = 7.109634104739414
INFO    [05-05 13:53:52] validate in BasicTrainer:
{'Recall@10': 0.056172220036387444, 'NDCG@10': 0.033611702546477315, 'MRR@10': 0.02673661904409528, 'Recall@5': 0.039924054965376855, 'NDCG@5': 0.028385347221046686, 'MRR@5': 0.024595943838357927, 'Recall*@10': 0.05924337152391672, 'NDCG*@10': 0.03517689360305667, 'MRR*@10': 0.02784429145976901, 'Recall*@5': 0.04187294114381075, 'NDCG*@5': 0.02959044333547354, 'MRR*@5': 0.025556722469627858}
INFO    [05-05 13:53:52] train in BasicTrainer:
duration: 72.52652907371521s
INFO    [05-05 13:53:52] train in BasicTrainer:
epoch: 49
INFO    [05-05 13:54:16] _train_one_epoch in BasicTrainer:
loss = 7.090342098407531
INFO    [05-05 13:55:07] log in loggers:
Update Best NDCG@10 Model at 49
INFO    [05-05 13:55:07] validate in BasicTrainer:
{'Recall@10': 0.056721536442637444, 'NDCG@10': 0.0338563178665936, 'MRR@10': 0.02688813777640462, 'Recall@5': 0.04049619007855654, 'NDCG@5': 0.028628624975681305, 'MRR@5': 0.02474173530936241, 'Recall*@10': 0.05976943820714951, 'NDCG*@10': 0.03545905621722341, 'MRR*@10': 0.02805019458755851, 'Recall*@5': 0.0425931578502059, 'NDCG*@5': 0.029928902443498374, 'MRR*@5': 0.02578200465068221}
INFO    [05-05 13:55:07] train in BasicTrainer:
duration: 74.86522555351257s
INFO    [05-05 13:55:07] train in BasicTrainer:
epoch: 50
INFO    [05-05 13:55:31] _train_one_epoch in BasicTrainer:
loss = 7.0685096697860885
INFO    [05-05 13:56:21] log in loggers:
Update Best NDCG@10 Model at 50
INFO    [05-05 13:56:21] validate in BasicTrainer:
{'Recall@10': 0.0579273983836174, 'NDCG@10': 0.034579281136393546, 'MRR@10': 0.027459642104804515, 'Recall@5': 0.041192547604441646, 'NDCG@5': 0.029203425720334054, 'MRR@5': 0.025261696614325046, 'Recall*@10': 0.06095227897167206, 'NDCG*@10': 0.03615611791610718, 'MRR*@10': 0.028591290675103666, 'Recall*@5': 0.0431886862963438, 'NDCG*@5': 0.03044488774612546, 'MRR*@5': 0.026253375317901374}
INFO    [05-05 13:56:21] train in BasicTrainer:
duration: 73.68657040596008s
INFO    [05-05 13:56:21] train in BasicTrainer:
epoch: 51
INFO    [05-05 13:56:45] _train_one_epoch in BasicTrainer:
loss = 7.046296328641056
INFO    [05-05 13:57:35] validate in BasicTrainer:
{'Recall@10': 0.05663874633610248, 'NDCG@10': 0.03397435639053583, 'MRR@10': 0.027062816172838212, 'Recall@5': 0.040441004931926726, 'NDCG@5': 0.028759291768074034, 'MRR@5': 0.024923820327967406, 'Recall*@10': 0.059844285063445565, 'NDCG*@10': 0.035724873375147584, 'MRR*@10': 0.028368959203362465, 'Recall*@5': 0.04268504716455936, 'NDCG*@5': 0.030203462578356266, 'MRR*@5': 0.026106150448322298}
INFO    [05-05 13:57:35] train in BasicTrainer:
duration: 74.4027533531189s
INFO    [05-05 13:57:35] train in BasicTrainer:
epoch: 52
INFO    [05-05 13:58:00] _train_one_epoch in BasicTrainer:
loss = 7.0251814113574085
INFO    [05-05 13:58:49] log in loggers:
Update Best NDCG@10 Model at 52
INFO    [05-05 13:58:50] validate in BasicTrainer:
{'Recall@10': 0.058168348111212256, 'NDCG@10': 0.03464887905865908, 'MRR@10': 0.027487375773489475, 'Recall@5': 0.040870378352701665, 'NDCG@5': 0.02909401124343276, 'MRR@5': 0.025217596814036368, 'Recall*@10': 0.06142955292016268, 'NDCG*@10': 0.03631245130673051, 'MRR*@10': 0.028660475648939608, 'Recall*@5': 0.04309771284461021, 'NDCG*@5': 0.03042230661958456, 'MRR*@5': 0.02625181032344699}
INFO    [05-05 13:58:50] train in BasicTrainer:
duration: 74.2697024345398s
INFO    [05-05 13:58:50] train in BasicTrainer:
epoch: 53
INFO    [05-05 13:59:15] _train_one_epoch in BasicTrainer:
loss = 7.009033888913272
INFO    [05-05 14:00:05] validate in BasicTrainer:
{'Recall@10': 0.057680066861212256, 'NDCG@10': 0.03453535465523601, 'MRR@10': 0.027486972417682408, 'Recall@5': 0.04077219031751156, 'NDCG@5': 0.02910012025386095, 'MRR@5': 0.025262717995792626, 'Recall*@10': 0.06088681071996689, 'NDCG*@10': 0.03623673934489489, 'MRR*@10': 0.02873313073068857, 'Recall*@5': 0.04282566960901022, 'NDCG*@5': 0.030436195246875287, 'MRR*@5': 0.026362622901797295}
INFO    [05-05 14:00:05] train in BasicTrainer:
duration: 75.6583526134491s
INFO    [05-05 14:00:05] train in BasicTrainer:
epoch: 54
INFO    [05-05 14:00:29] _train_one_epoch in BasicTrainer:
loss = 6.986568638447965
INFO    [05-05 14:01:18] log in loggers:
Update Best NDCG@10 Model at 54
INFO    [05-05 14:01:18] validate in BasicTrainer:
{'Recall@10': 0.05925424192100763, 'NDCG@10': 0.035441629216074945, 'MRR@10': 0.028186845220625402, 'Recall@5': 0.04174026846885681, 'NDCG@5': 0.02980191521346569, 'MRR@5': 0.02587334578856826, 'Recall*@10': 0.062287114933133124, 'NDCG*@10': 0.03708864487707615, 'MRR*@10': 0.02941175624728203, 'Recall*@5': 0.043696163967251775, 'NDCG*@5': 0.031100685987621546, 'MRR*@5': 0.02695475220680237}
INFO    [05-05 14:01:18] train in BasicTrainer:
duration: 73.2135546207428s
INFO    [05-05 14:01:18] train in BasicTrainer:
epoch: 55
INFO    [05-05 14:01:43] _train_one_epoch in BasicTrainer:
loss = 6.971679253524609
INFO    [05-05 14:02:33] validate in BasicTrainer:
{'Recall@10': 0.057913064025342464, 'NDCG@10': 0.03477704208344221, 'MRR@10': 0.027725062891840936, 'Recall@5': 0.04095635935664177, 'NDCG@5': 0.029317107889801262, 'MRR@5': 0.025485565047711135, 'Recall*@10': 0.06102452222257852, 'NDCG*@10': 0.036520876362919806, 'MRR*@10': 0.0290493774227798, 'Recall*@5': 0.043093671835958955, 'NDCG*@5': 0.030738898552954197, 'MRR*@5': 0.02667289413511753}
INFO    [05-05 14:02:33] train in BasicTrainer:
duration: 75.01867914199829s
INFO    [05-05 14:02:33] train in BasicTrainer:
epoch: 56
INFO    [05-05 14:02:57] _train_one_epoch in BasicTrainer:
loss = 6.9504174436076305
INFO    [05-05 14:03:47] validate in BasicTrainer:
{'Recall@10': 0.05852394737303257, 'NDCG@10': 0.03521842369809747, 'MRR@10': 0.028109963238239288, 'Recall@5': 0.041786969266831876, 'NDCG@5': 0.029826144687831402, 'MRR@5': 0.025896373111754654, 'Recall*@10': 0.06176717653870582, 'NDCG*@10': 0.036931518092751504, 'MRR*@10': 0.02935583544895053, 'Recall*@5': 0.04400253221392632, 'NDCG*@5': 0.031210427917540074, 'MRR*@5': 0.027008442021906377}
INFO    [05-05 14:03:47] train in BasicTrainer:
duration: 73.98150134086609s
INFO    [05-05 14:03:47] train in BasicTrainer:
epoch: 57
INFO    [05-05 14:04:11] _train_one_epoch in BasicTrainer:
loss = 6.939825690194462
INFO    [05-05 14:05:01] validate in BasicTrainer:
{'Recall@10': 0.058581259846687314, 'NDCG@10': 0.03522199159488082, 'MRR@10': 0.028114357218146323, 'Recall@5': 0.0413793507963419, 'NDCG@5': 0.029673463199287653, 'MRR@5': 0.025832647271454335, 'Recall*@10': 0.061848954483866694, 'NDCG*@10': 0.036845991387963295, 'MRR*@10': 0.029237724468111993, 'Recall*@5': 0.04345576465129852, 'NDCG*@5': 0.030912308394908904, 'MRR*@5': 0.026797202043235303}
INFO    [05-05 14:05:01] train in BasicTrainer:
duration: 73.247807264328s
INFO    [05-05 14:05:01] train in BasicTrainer:
epoch: 58
INFO    [05-05 14:05:26] _train_one_epoch in BasicTrainer:
loss = 6.920532853415843
INFO    [05-05 14:06:16] log in loggers:
Update Best NDCG@10 Model at 58
INFO    [05-05 14:06:17] validate in BasicTrainer:
{'Recall@10': 0.059540321864187715, 'NDCG@10': 0.035818842239677906, 'MRR@10': 0.028591795172542334, 'Recall@5': 0.04220573119819164, 'NDCG@5': 0.030249131377786398, 'MRR@5': 0.026314235012978315, 'Recall*@10': 0.06286211330443621, 'NDCG*@10': 0.03749398607760668, 'MRR*@10': 0.029762457869946957, 'Recall*@5': 0.04441084191203117, 'NDCG*@5': 0.031564717553555964, 'MRR*@5': 0.027337295841425656}
INFO    [05-05 14:06:17] train in BasicTrainer:
duration: 76.15773272514343s
INFO    [05-05 14:06:17] train in BasicTrainer:
epoch: 59
INFO    [05-05 14:06:41] _train_one_epoch in BasicTrainer:
loss = 6.902688519338543
INFO    [05-05 14:07:30] log in loggers:
Update Best NDCG@10 Model at 59
INFO    [05-05 14:07:30] validate in BasicTrainer:
{'Recall@10': 0.05968467891216278, 'NDCG@10': 0.036204508133232595, 'MRR@10': 0.02906589787453413, 'Recall@5': 0.04205977860838175, 'NDCG@5': 0.030531627871096135, 'MRR@5': 0.026740215253084898, 'Recall*@10': 0.06254423148930073, 'NDCG*@10': 0.03767594955861568, 'MRR*@10': 0.03010950339958072, 'Recall*@5': 0.043959595076739785, 'NDCG*@5': 0.031693098973482846, 'MRR*@5': 0.027656093891710042}
INFO    [05-05 14:07:30] train in BasicTrainer:
duration: 73.33590412139893s
INFO    [05-05 14:07:30] train in BasicTrainer:
epoch: 60
INFO    [05-05 14:07:55] _train_one_epoch in BasicTrainer:
loss = 6.883330329080646
INFO    [05-05 14:08:45] validate in BasicTrainer:
{'Recall@10': 0.05948035046458244, 'NDCG@10': 0.03593448493629694, 'MRR@10': 0.02876580348238349, 'Recall@5': 0.04247641302645207, 'NDCG@5': 0.03049038676545024, 'MRR@5': 0.026550497114658355, 'Recall*@10': 0.06273811925202608, 'NDCG*@10': 0.037623155675828454, 'MRR*@10': 0.029977615084499122, 'Recall*@5': 0.04454490579664707, 'NDCG*@5': 0.03179519670084119, 'MRR*@5': 0.02760405857115984}
INFO    [05-05 14:08:45] train in BasicTrainer:
duration: 75.23656272888184s
INFO    [05-05 14:08:45] train in BasicTrainer:
epoch: 61
INFO    [05-05 14:09:09] _train_one_epoch in BasicTrainer:
loss = 6.867973858051085
INFO    [05-05 14:09:59] validate in BasicTrainer:
{'Recall@10': 0.0595753476023674, 'NDCG@10': 0.03588975742459297, 'MRR@10': 0.02867840128019452, 'Recall@5': 0.042092145048081876, 'NDCG@5': 0.03025251952931285, 'MRR@5': 0.026361665595322846, 'Recall*@10': 0.06295130010694265, 'NDCG*@10': 0.037643291242420676, 'MRR*@10': 0.029937561135739088, 'Recall*@5': 0.04431644603610039, 'NDCG*@5': 0.031634985096752645, 'MRR*@5': 0.027468173298984766}
INFO    [05-05 14:09:59] train in BasicTrainer:
duration: 73.4318299293518s
INFO    [05-05 14:09:59] train in BasicTrainer:
epoch: 62
INFO    [05-05 14:10:22] _train_one_epoch in BasicTrainer:
loss = 6.851211912176582
INFO    [05-05 14:11:11] log in loggers:
Update Best NDCG@10 Model at 62
INFO    [05-05 14:11:11] validate in BasicTrainer:
{'Recall@10': 0.05998772755265236, 'NDCG@10': 0.0364111845381558, 'MRR@10': 0.029228551499545573, 'Recall@5': 0.043060755170881745, 'NDCG@5': 0.03096689721569419, 'MRR@5': 0.02699892967939377, 'Recall*@10': 0.06316030435264111, 'NDCG*@10': 0.03807731419801712, 'MRR*@10': 0.03042972441762686, 'Recall*@5': 0.04530819971114397, 'NDCG*@5': 0.032333231531083584, 'MRR*@5': 0.028075970150530337}
INFO    [05-05 14:11:11] train in BasicTrainer:
duration: 72.41549515724182s
INFO    [05-05 14:11:11] train in BasicTrainer:
epoch: 63
INFO    [05-05 14:11:36] _train_one_epoch in BasicTrainer:
loss = 6.836945608760534
INFO    [05-05 14:12:27] validate in BasicTrainer:
{'Recall@10': 0.05915764942765236, 'NDCG@10': 0.03611402520909905, 'MRR@10': 0.029084512125700714, 'Recall@5': 0.042743904143571855, 'NDCG@5': 0.030832984764128924, 'MRR@5': 0.02692066403105855, 'Recall*@10': 0.06222653668373823, 'NDCG*@10': 0.03775497823953629, 'MRR*@10': 0.03028870802372694, 'Recall*@5': 0.04478540681302547, 'NDCG*@5': 0.032141824066638944, 'MRR*@5': 0.027987723238766193}
INFO    [05-05 14:12:27] train in BasicTrainer:
duration: 75.41227197647095s
INFO    [05-05 14:12:27] train in BasicTrainer:
epoch: 64
INFO    [05-05 14:12:50] _train_one_epoch in BasicTrainer:
loss = 6.8229471860306985
INFO    [05-05 14:13:39] log in loggers:
Update Best NDCG@10 Model at 64
INFO    [05-05 14:13:40] validate in BasicTrainer:
{'Recall@10': 0.060065224207937716, 'NDCG@10': 0.03648025207221508, 'MRR@10': 0.029305071849375964, 'Recall@5': 0.04289092030376196, 'NDCG@5': 0.030967107322067023, 'MRR@5': 0.027053640317171813, 'Recall*@10': 0.06313610374927521, 'NDCG*@10': 0.03810001537203789, 'MRR*@10': 0.03048112615942955, 'Recall*@5': 0.04493458475917578, 'NDCG*@5': 0.032256951183080675, 'MRR*@5': 0.02809480419382453}
INFO    [05-05 14:13:40] train in BasicTrainer:
duration: 73.03492188453674s
INFO    [05-05 14:13:40] train in BasicTrainer:
epoch: 65
INFO    [05-05 14:14:05] _train_one_epoch in BasicTrainer:
loss = 6.803803122445439
INFO    [05-05 14:14:55] log in loggers:
Update Best NDCG@10 Model at 65
INFO    [05-05 14:14:55] validate in BasicTrainer:
{'Recall@10': 0.060050358064472675, 'NDCG@10': 0.036833956465125085, 'MRR@10': 0.029754809383302928, 'Recall@5': 0.0435033991932869, 'NDCG@5': 0.03150400696322322, 'MRR@5': 0.027567461412400008, 'Recall*@10': 0.0631456421688199, 'NDCG*@10': 0.038455918058753015, 'MRR*@10': 0.030930147878825663, 'Recall*@5': 0.04555069301277399, 'NDCG*@5': 0.03279883842915297, 'MRR*@5': 0.028614606149494647}
INFO    [05-05 14:14:55] train in BasicTrainer:
duration: 75.54777526855469s
INFO    [05-05 14:14:55] train in BasicTrainer:
epoch: 66
INFO    [05-05 14:15:19] _train_one_epoch in BasicTrainer:
loss = 6.795619396681197
INFO    [05-05 14:16:09] validate in BasicTrainer:
{'Recall@10': 0.06022974085062742, 'NDCG@10': 0.0368294982239604, 'MRR@10': 0.029690544493496417, 'Recall@5': 0.0433813288807869, 'NDCG@5': 0.03141063610091806, 'MRR@5': 0.02747177453711629, 'Recall*@10': 0.06326463427394628, 'NDCG*@10': 0.03843520004302263, 'MRR*@10': 0.0308582010678947, 'Recall*@5': 0.045431606099009515, 'NDCG*@5': 0.03269768571481109, 'MRR*@5': 0.028507591038942338}
INFO    [05-05 14:16:09] train in BasicTrainer:
duration: 73.32633972167969s
INFO    [05-05 14:16:09] train in BasicTrainer:
epoch: 67
INFO    [05-05 14:16:34] _train_one_epoch in BasicTrainer:
loss = 6.780627475695663
INFO    [05-05 14:17:24] log in loggers:
Update Best NDCG@10 Model at 67
INFO    [05-05 14:17:24] validate in BasicTrainer:
{'Recall@10': 0.06074086539447308, 'NDCG@10': 0.03714299546554685, 'MRR@10': 0.029960700031369924, 'Recall@5': 0.043475262448191644, 'NDCG@5': 0.031595644913613795, 'MRR@5': 0.027692219708114862, 'Recall*@10': 0.0637271860614419, 'NDCG*@10': 0.038776250928640364, 'MRR*@10': 0.031183133460581304, 'Recall*@5': 0.04554833304136992, 'NDCG*@5': 0.03293557334691286, 'MRR*@5': 0.028794674947857857}
INFO    [05-05 14:17:24] train in BasicTrainer:
duration: 75.62914252281189s
INFO    [05-05 14:17:24] train in BasicTrainer:
epoch: 68
INFO    [05-05 14:17:48] _train_one_epoch in BasicTrainer:
loss = 6.766668844758795
INFO    [05-05 14:18:37] validate in BasicTrainer:
{'Recall@10': 0.05997498873621225, 'NDCG@10': 0.03694509863853455, 'MRR@10': 0.02991834357380867, 'Recall@5': 0.04369179792702198, 'NDCG@5': 0.031708740163594484, 'MRR@5': 0.027774738147854805, 'Recall*@10': 0.06321031134575605, 'NDCG*@10': 0.038662792555987834, 'MRR*@10': 0.03117185290902853, 'Recall*@5': 0.04586600158363581, 'NDCG*@5': 0.033086353354156016, 'MRR*@5': 0.02888967664912343}
INFO    [05-05 14:18:37] train in BasicTrainer:
duration: 72.78074216842651s
INFO    [05-05 14:18:37] train in BasicTrainer:
epoch: 69
INFO    [05-05 14:19:02] _train_one_epoch in BasicTrainer:
loss = 6.756498476092735
INFO    [05-05 14:19:53] log in loggers:
Update Best NDCG@10 Model at 69
INFO    [05-05 14:19:53] validate in BasicTrainer:
{'Recall@10': 0.06089477054774761, 'NDCG@10': 0.03744781799614429, 'MRR@10': 0.0302967538125813, 'Recall@5': 0.04424324166029692, 'NDCG@5': 0.032100938446819785, 'MRR@5': 0.028111809771507977, 'Recall*@10': 0.0641278900206089, 'NDCG*@10': 0.03912570122629404, 'MRR*@10': 0.031501710694283244, 'Recall*@5': 0.04634070489555597, 'NDCG*@5': 0.03341247159987688, 'MRR*@5': 0.029166031256318094}
INFO    [05-05 14:19:53] train in BasicTrainer:
duration: 76.15783405303955s
INFO    [05-05 14:19:53] train in BasicTrainer:
epoch: 70
INFO    [05-05 14:20:18] _train_one_epoch in BasicTrainer:
loss = 6.7454832109172695
INFO    [05-05 14:21:09] log in loggers:
Update Best NDCG@10 Model at 70
INFO    [05-05 14:21:11] validate in BasicTrainer:
{'Recall@10': 0.06102641373872757, 'NDCG@10': 0.037686615623533724, 'MRR@10': 0.030540244467556477, 'Recall@5': 0.04522299505770207, 'NDCG@5': 0.03260348821058869, 'MRR@5': 0.02845826353877783, 'Recall*@10': 0.06398528330028057, 'NDCG*@10': 0.03938918728381395, 'MRR*@10': 0.03185516158118844, 'Recall*@5': 0.04744524881243706, 'NDCG*@5': 0.034061015397310254, 'MRR*@5': 0.029668000154197217}
INFO    [05-05 14:21:11] train in BasicTrainer:
duration: 77.82866263389587s
INFO    [05-05 14:21:11] train in BasicTrainer:
epoch: 71
INFO    [05-05 14:21:37] _train_one_epoch in BasicTrainer:
loss = 6.730249806736293
INFO    [05-05 14:22:27] validate in BasicTrainer:
{'Recall@10': 0.061061414517462255, 'NDCG@10': 0.03768390435725451, 'MRR@10': 0.030545253492891788, 'Recall@5': 0.044389726035296916, 'NDCG@5': 0.03233152637258172, 'MRR@5': 0.02835891777649522, 'Recall*@10': 0.0640302136540413, 'NDCG*@10': 0.039287749119102953, 'MRR*@10': 0.03172479746863246, 'Recall*@5': 0.046556430868804455, 'NDCG*@5': 0.03366907397285104, 'MRR*@5': 0.029424551129341125}
INFO    [05-05 14:22:27] train in BasicTrainer:
duration: 76.2870078086853s
INFO    [05-05 14:22:27] train in BasicTrainer:
epoch: 72
INFO    [05-05 14:22:51] _train_one_epoch in BasicTrainer:
loss = 6.718903032581458
INFO    [05-05 14:23:41] validate in BasicTrainer:
{'Recall@10': 0.0608814999461174, 'NDCG@10': 0.03761374857276678, 'MRR@10': 0.03052623774856329, 'Recall@5': 0.04403678588569164, 'NDCG@5': 0.03220167448744178, 'MRR@5': 0.028313428070396184, 'Recall*@10': 0.06405069623142481, 'NDCG*@10': 0.039409957267344, 'MRR*@10': 0.03189840372651816, 'Recall*@5': 0.04642066806554794, 'NDCG*@5': 0.03373974347487092, 'MRR*@5': 0.029576732870191337}
INFO    [05-05 14:23:41] train in BasicTrainer:
duration: 73.56031227111816s
INFO    [05-05 14:23:41] train in BasicTrainer:
epoch: 73
INFO    [05-05 14:24:06] _train_one_epoch in BasicTrainer:
loss = 6.707043412026395
INFO    [05-05 14:24:58] log in loggers:
Update Best NDCG@10 Model at 73
INFO    [05-05 14:24:58] validate in BasicTrainer:
{'Recall@10': 0.06148336715996265, 'NDCG@10': 0.038044892996549604, 'MRR@10': 0.03090387675911188, 'Recall@5': 0.04455107655376196, 'NDCG@5': 0.03259788658469916, 'MRR@5': 0.028672398626804353, 'Recall*@10': 0.06464995350688696, 'NDCG*@10': 0.03974448759108782, 'MRR*@10': 0.0321529065258801, 'Recall*@5': 0.046902178600430486, 'NDCG*@5': 0.034039467573165894, 'MRR*@5': 0.029818275198340415}
INFO    [05-05 14:24:58] train in BasicTrainer:
duration: 77.6150689125061s
INFO    [05-05 14:24:58] train in BasicTrainer:
epoch: 74
INFO    [05-05 14:25:24] _train_one_epoch in BasicTrainer:
loss = 6.692536729105403
INFO    [05-05 14:26:15] validate in BasicTrainer:
{'Recall@10': 0.06098553799092769, 'NDCG@10': 0.03793996553868055, 'MRR@10': 0.030925867892801762, 'Recall@5': 0.04408508203923702, 'NDCG@5': 0.03251074710860848, 'MRR@5': 0.028706316743046044, 'Recall*@10': 0.06374085508286953, 'NDCG*@10': 0.039537370391190055, 'MRR*@10': 0.032161400001496074, 'Recall*@5': 0.04616813790053129, 'NDCG*@5': 0.03388317711651325, 'MRR*@5': 0.02984456466510892}
INFO    [05-05 14:26:15] train in BasicTrainer:
duration: 77.06490707397461s
INFO    [05-05 14:26:15] train in BasicTrainer:
epoch: 75
INFO    [05-05 14:26:41] _train_one_epoch in BasicTrainer:
loss = 6.686748643939414
INFO    [05-05 14:27:33] log in loggers:
Update Best NDCG@10 Model at 75
INFO    [05-05 14:27:33] validate in BasicTrainer:
{'Recall@10': 0.061215344443917276, 'NDCG@10': 0.03809923976659775, 'MRR@10': 0.03104530004784465, 'Recall@5': 0.04465881250798702, 'NDCG@5': 0.03276882842183113, 'MRR@5': 0.028859048150479794, 'Recall*@10': 0.0641014814376831, 'NDCG*@10': 0.0397421071305871, 'MRR*@10': 0.032306150626391174, 'Recall*@5': 0.04679969921708107, 'NDCG*@5': 0.03416819609701634, 'MRR*@5': 0.03001783825457096}
INFO    [05-05 14:27:33] train in BasicTrainer:
duration: 77.64070463180542s
INFO    [05-05 14:27:33] train in BasicTrainer:
epoch: 76
INFO    [05-05 14:27:58] _train_one_epoch in BasicTrainer:
loss = 6.672672164574098
INFO    [05-05 14:28:49] log in loggers:
Update Best NDCG@10 Model at 76
INFO    [05-05 14:28:50] validate in BasicTrainer:
{'Recall@10': 0.06166434530168772, 'NDCG@10': 0.038458176888525486, 'MRR@10': 0.03138754880055785, 'Recall@5': 0.044693838246166705, 'NDCG@5': 0.03298707911744714, 'MRR@5': 0.02913946695625782, 'Recall*@10': 0.06466895341873169, 'NDCG*@10': 0.040089767426252365, 'MRR*@10': 0.03260114463046193, 'Recall*@5': 0.04673124700784683, 'NDCG*@5': 0.03430941151455045, 'MRR*@5': 0.0302275350317359}
INFO    [05-05 14:28:50] train in BasicTrainer:
duration: 77.26538038253784s
INFO    [05-05 14:28:50] train in BasicTrainer:
epoch: 77
INFO    [05-05 14:29:14] _train_one_epoch in BasicTrainer:
loss = 6.660223918014697
INFO    [05-05 14:30:03] log in loggers:
Update Best NDCG@10 Model at 77
INFO    [05-05 14:30:04] validate in BasicTrainer:
{'Recall@10': 0.061895215325057505, 'NDCG@10': 0.03875703290104866, 'MRR@10': 0.03169995555654168, 'Recall@5': 0.04517788980156183, 'NDCG@5': 0.033377633150666955, 'MRR@5': 0.029495235439389943, 'Recall*@10': 0.06463610772043467, 'NDCG*@10': 0.04025565143674612, 'MRR*@10': 0.032814119476825, 'Recall*@5': 0.04714966546744108, 'NDCG*@5': 0.03462839964777231, 'MRR*@5': 0.030507675558328628}
INFO    [05-05 14:30:04] train in BasicTrainer:
duration: 73.42291641235352s
INFO    [05-05 14:30:04] train in BasicTrainer:
epoch: 78
INFO    [05-05 14:30:28] _train_one_epoch in BasicTrainer:
loss = 6.650840619976601
INFO    [05-05 14:31:19] log in loggers:
Update Best NDCG@10 Model at 78
INFO    [05-05 14:31:19] validate in BasicTrainer:
{'Recall@10': 0.062286903895437715, 'NDCG@10': 0.03899727202951908, 'MRR@10': 0.03189255930483341, 'Recall@5': 0.04568792600184679, 'NDCG@5': 0.03365838807076216, 'MRR@5': 0.02970567373558879, 'Recall*@10': 0.06513288635760546, 'NDCG*@10': 0.040577346831560133, 'MRR*@10': 0.03307643625885248, 'Recall*@5': 0.04793864078819752, 'NDCG*@5': 0.03504544794559479, 'MRR*@5': 0.030809688195586205}
INFO    [05-05 14:31:19] train in BasicTrainer:
duration: 75.23935437202454s
INFO    [05-05 14:31:19] train in BasicTrainer:
epoch: 79
INFO    [05-05 14:31:43] _train_one_epoch in BasicTrainer:
loss = 6.641186907050315
INFO    [05-05 14:32:32] validate in BasicTrainer:
{'Recall@10': 0.061897342652082445, 'NDCG@10': 0.03883115015923977, 'MRR@10': 0.03179729087278247, 'Recall@5': 0.045284562185406683, 'NDCG@5': 0.03349122973158956, 'MRR@5': 0.029611796606332064, 'Recall*@10': 0.06476216409355402, 'NDCG*@10': 0.040464136749506, 'MRR*@10': 0.03304768120869994, 'Recall*@5': 0.04747548699378967, 'NDCG*@5': 0.03490639645606279, 'MRR*@5': 0.030772409960627557}
INFO    [05-05 14:32:32] train in BasicTrainer:
duration: 72.91742944717407s
INFO    [05-05 14:32:32] close_training in BasicTrainer:
finished training
INFO    [05-05 14:32:32] final_validate in BasicTrainer:
validate model on val set!
INFO    [05-05 14:32:32] load_state_from_given_path in utils:
checkpoint epoch: 78
INFO    [05-05 14:32:32] load_state_from_given_path in utils:
Loading model's parameters
INFO    [05-05 14:33:23] validate in BasicTrainer:
{'Recall@10': 0.062286903895437715, 'NDCG@10': 0.03899727202951908, 'MRR@10': 0.03189255930483341, 'Recall@5': 0.04568792600184679, 'NDCG@5': 0.03365838807076216, 'MRR@5': 0.02970567373558879, 'Recall*@10': 0.06513288635760546, 'NDCG*@10': 0.040577346831560133, 'MRR*@10': 0.03307643625885248, 'Recall*@5': 0.04793864078819752, 'NDCG*@5': 0.03504544794559479, 'MRR*@5': 0.030809688195586205}
INFO    [05-05 14:33:23] test in BasicTrainer:
Test model on test set!
INFO    [05-05 14:33:23] test_with_given_state_path in BasicTrainer:
Loading model params from ___el_base_partial_2022/base_narm-rate-0.8-seed-2000_05-05_12:50_t2/narm_logs/checkpoint/best_acc_model.pth.
INFO    [05-05 14:33:23] load_state_from_given_path in utils:
checkpoint epoch: 78
INFO    [05-05 14:33:23] load_state_from_given_path in utils:
Loading model's parameters
INFO    [05-05 14:33:23] test_with_given_state_path in BasicTrainer:
Finished loading. Start testing.
INFO    [05-05 14:34:13] test_with_given_state_path in BasicTrainer:
{'Recall@10': 0.04922956041991711, 'NDCG@10': 0.02977079674601555, 'MRR@10': 0.023844418954104184, 'Recall@5': 0.03508685491979122, 'NDCG@5': 0.025213954132050277, 'MRR@5': 0.021973535884171724, 'Recall*@10': 0.052552946284413336, 'NDCG*@10': 0.03165642013773322, 'MRR*@10': 0.02529133353382349, 'Recall*@5': 0.037392296642065045, 'NDCG*@5': 0.026771404687315224, 'MRR*@5': 0.023285613767802714}
INFO    [05-05 14:34:13] _evaluate in BasicSched:
!!Final Result!!: {'Recall@10': 0.04922956041991711, 'NDCG@10': 0.02977079674601555, 'MRR@10': 0.023844418954104184, 'Recall@5': 0.03508685491979122, 'NDCG@5': 0.025213954132050277, 'MRR@5': 0.021973535884171724, 'Recall*@10': 0.052552946284413336, 'NDCG*@10': 0.03165642013773322, 'MRR*@10': 0.02529133353382349, 'Recall*@5': 0.037392296642065045, 'NDCG*@5': 0.026771404687315224, 'MRR*@5': 0.023285613767802714}
