INFO    [03-23 19:09:36] setup_train in utils:
{
    "experiment_dir": "___movies_base_2021",
    "experiment_description": "base",
    "dataset_name": "movies.csv",
    "sched": "basic",
    "model_code": "gru4rec",
    "num_epochs": 60,
    "mode": [
        "train",
        "test"
    ],
    "max_len": 10,
    "test_state_path": null,
    "model_state_path": null,
    "do_remap": false,
    "rand_seed": 2021,
    "load_processed_dataset": true,
    "save_processed_dataset": false,
    "dataset_cache_filename": null,
    "weight_decay": 0,
    "decay_step": 15,
    "gamma": 0.99,
    "lr": 0.001,
    "min_length": 5,
    "min_item_inter": 5,
    "good_only": false,
    "use_rating": true,
    "test_negative_sampler_code": "random",
    "test_negative_sample_size": 0,
    "dataloader_type": "next",
    "train_batch_size": 256,
    "val_batch_size": 256,
    "test_batch_size": 256,
    "prop_sliding_window": -1.0,
    "worker_number": 2,
    "metric_ks": [
        5,
        10
    ],
    "device": "cuda",
    "num_gpu": 1,
    "optimizer": "Adam",
    "best_metric": "NDCG@10",
    "show_process_bar": false,
    "enable_sample": false,
    "samples_ratio": 0.1,
    "config_file": "config2.movies/gru4rec/config.json",
    "task_id": -1,
    "describe": null,
    "split": "leave_one_out",
    "do_sampling": false,
    "path_for_sample": null,
    "sample_rate": 0.5,
    "sample_seed": 0,
    "train_negative_sampler_code": "random",
    "train_negative_sample_size": 100,
    "device_idx": "0",
    "momentum": null,
    "log_period_as_iter": 12800,
    "mentor_code": "bert",
    "training_routine": null,
    "T": 1,
    "alpha": 0.1,
    "dvae_alpha": 0.5,
    "softmaxed_mentor": false,
    "weight_list": [
        0.5,
        0.5
    ],
    "validation_rate": 0.2,
    "num_items": null,
    "start_index": 1,
    "kwargs": null
}
DEBUG   [03-23 19:09:36] __init__ in BasicSched:
BasicScheduler attribs: tag=gru4rec
INFO    [03-23 19:09:36] _load_full_dataset_from_path in utils:
loading cache from /data/wushiguang-slurm/code/gitee-repos/soft-rec/Data/Cache/movies-5-5.pkl
INFO    [03-23 19:09:37] _check_dataset_cache in utils:
check if the cache is generated under this configuration
INFO    [03-23 19:09:37] _check_dataset_cache in utils:
correct.
INFO    [03-23 19:09:37] __init__ in NextItemDataloader:
there are 21035 items in this dataset, 82156 users, padding_first? False
DEBUG   [03-23 19:09:51] generate_model in utils:
model_code_list=['gru4rec']
INFO    [03-23 19:09:51] load_model_config in utils:
loading model gru4rec's config file at asset/config/model/gru4rec.json
INFO    [03-23 19:09:51] load_model_config in utils:
{
    "embed_size": 64,
    "hidden_units": 64,
    "num_layers": 2,
    "hidden_dropout": 0.5,
    "loss_type": "CE"
}
WARNING [03-23 19:10:00] get_exist_path in utils:
dir ___movies_base_2021/base_gru4rec_03-23_19:09_0/gru4rec_logs does not exist! Create one.
WARNING [03-23 19:10:00] get_exist_path in utils:
dir ___movies_base_2021/base_gru4rec_03-23_19:09_0/gru4rec_logs/tb_vis does not exist! Create one.
WARNING [03-23 19:10:00] get_exist_path in utils:
dir ___movies_base_2021/base_gru4rec_03-23_19:09_0/gru4rec_logs/checkpoint does not exist! Create one.
INFO    [03-23 19:10:00] __init__ in BasicSched:
GRU4RecModel(
  (item_embedding): Embedding(21036, 64, padding_idx=0)
  (emb_dropout): Dropout(p=0.5, inplace=False)
  (gru_layers): GRU(64, 64, num_layers=2, bias=False, batch_first=True)
  (dense): Linear(in_features=64, out_features=64, bias=True)
  (loss_fct): CrossEntropyLoss()
)
WARNING [03-23 19:10:00] get_path in utils:
Path is None
WARNING [03-23 19:10:00] load_state_from_given_path in utils:
Not given any path.
INFO    [03-23 19:10:00] assert_model_device in utils:
model gru4rec has 5.339111328125 MB params.
INFO    [03-23 19:10:00] __init__ in BasicTrainer:
451328 iter per epoch
INFO    [03-23 19:10:00] _fit in BasicSched:
Start training.
INFO    [03-23 19:10:36] log in loggers:
Update Best NDCG@10 Model at 0
INFO    [03-23 19:10:36] validate in BasicTrainer:
{'Recall@10': 0.0004502531152647975, 'NDCG@10': 0.00018329862896875244, 'MRR@10': 0.00010630493500194515, 'Recall@5': 0.00015819704049844236, 'NDCG@5': 9.006336752058376e-05, 'MRR@5': 6.855205096728008e-05, 'Recall*@10': 0.00039644742303316093, 'NDCG*@10': 0.000157048219286857, 'MRR*@10': 8.705372536247392e-05, 'Recall*@5': 0.00015202069486784414, 'NDCG*@5': 7.723104694678312e-05, 'MRR*@5': 5.371464529536038e-05}
INFO    [03-23 19:10:36] train in BasicTrainer:
epoch: 0
INFO    [03-23 19:11:21] _train_one_epoch in BasicTrainer:
loss = 9.15228377886949
INFO    [03-23 19:11:58] log in loggers:
Update Best NDCG@10 Model at 0
INFO    [03-23 19:11:58] validate in BasicTrainer:
{'Recall@10': 0.022842456374862857, 'NDCG@10': 0.011382959538641331, 'MRR@10': 0.007954952960113655, 'Recall@5': 0.013296801573669428, 'NDCG@5': 0.008346027457459925, 'MRR@5': 0.006730579511252322, 'Recall*@10': 0.021427229023611064, 'NDCG*@10': 0.010613383373863578, 'MRR*@10': 0.007377611657073634, 'Recall*@5': 0.012524823701688063, 'NDCG*@5': 0.007784605944511768, 'MRR*@5': 0.006239238930967669}
INFO    [03-23 19:11:58] train in BasicTrainer:
duration: 81.5521171092987s
INFO    [03-23 19:11:58] train in BasicTrainer:
epoch: 1
INFO    [03-23 19:12:41] _train_one_epoch in BasicTrainer:
loss = 8.760921027128898
INFO    [03-23 19:13:16] log in loggers:
Update Best NDCG@10 Model at 1
INFO    [03-23 19:13:16] validate in BasicTrainer:
{'Recall@10': 0.04254510368559962, 'NDCG@10': 0.021105140163287565, 'MRR@10': 0.014691160218949745, 'Recall@5': 0.024396994960642307, 'NDCG@5': 0.015298327459370561, 'MRR@5': 0.012330744573824699, 'Recall*@10': 0.04145367845103748, 'NDCG*@10': 0.02075465892316814, 'MRR*@10': 0.014551500220800463, 'Recall*@5': 0.024185593331354522, 'NDCG*@5': 0.015223108836220479, 'MRR*@5': 0.012299456416391347}
INFO    [03-23 19:13:16] train in BasicTrainer:
duration: 78.27689909934998s
INFO    [03-23 19:13:16] train in BasicTrainer:
epoch: 2
INFO    [03-23 19:14:00] _train_one_epoch in BasicTrainer:
loss = 8.477666570865763
INFO    [03-23 19:14:36] log in loggers:
Update Best NDCG@10 Model at 2
INFO    [03-23 19:14:36] validate in BasicTrainer:
{'Recall@10': 0.05493314885693919, 'NDCG@10': 0.028416453999963318, 'MRR@10': 0.020436725790998273, 'Recall@5': 0.033631205779276904, 'NDCG@5': 0.02157765905506259, 'MRR@5': 0.017643133244358258, 'Recall*@10': 0.05433572186418226, 'NDCG*@10': 0.028178067668993896, 'MRR*@10': 0.020309289126741088, 'Recall*@5': 0.03319818400734357, 'NDCG*@5': 0.02138174170442506, 'MRR*@5': 0.017526961946816435}
INFO    [03-23 19:14:36] train in BasicTrainer:
duration: 79.71014857292175s
INFO    [03-23 19:14:36] train in BasicTrainer:
epoch: 3
INFO    [03-23 19:15:17] _train_one_epoch in BasicTrainer:
loss = 8.284802209634504
INFO    [03-23 19:15:53] log in loggers:
Update Best NDCG@10 Model at 3
INFO    [03-23 19:15:53] validate in BasicTrainer:
{'Recall@10': 0.06490471877877214, 'NDCG@10': 0.034175842832135636, 'MRR@10': 0.024894381732595765, 'Recall@5': 0.04117701897786414, 'NDCG@5': 0.0265555999697276, 'MRR@5': 0.021779934218518923, 'Recall*@10': 0.06457775527164572, 'NDCG*@10': 0.03398109327514316, 'MRR*@10': 0.024734505523297923, 'Recall*@5': 0.04122014772843256, 'NDCG*@5': 0.026492517326909156, 'MRR*@5': 0.02168139805901227}
INFO    [03-23 19:15:53] train in BasicTrainer:
duration: 77.65723538398743s
INFO    [03-23 19:15:53] train in BasicTrainer:
epoch: 4
INFO    [03-23 19:16:35] _train_one_epoch in BasicTrainer:
loss = 8.137706905349845
INFO    [03-23 19:17:11] log in loggers:
Update Best NDCG@10 Model at 4
INFO    [03-23 19:17:11] validate in BasicTrainer:
{'Recall@10': 0.07133201495787808, 'NDCG@10': 0.03797182478764997, 'MRR@10': 0.027895264269499762, 'Recall@5': 0.04558529191856444, 'NDCG@5': 0.029715495172458646, 'MRR@5': 0.024528001269725996, 'Recall*@10': 0.07110815130847266, 'NDCG*@10': 0.03790461895204036, 'MRR*@10': 0.02786082580157576, 'Recall*@5': 0.04575650489996434, 'NDCG*@5': 0.029780488350280673, 'MRR*@5': 0.024550661886752093}
INFO    [03-23 19:17:11] train in BasicTrainer:
duration: 77.59982776641846s
INFO    [03-23 19:17:11] train in BasicTrainer:
epoch: 5
INFO    [03-23 19:17:53] _train_one_epoch in BasicTrainer:
loss = 8.02844277688609
INFO    [03-23 19:18:28] log in loggers:
Update Best NDCG@10 Model at 5
INFO    [03-23 19:18:28] validate in BasicTrainer:
{'Recall@10': 0.07505676117827216, 'NDCG@10': 0.04019576000090329, 'MRR@10': 0.029669218922956524, 'Recall@5': 0.0479116340594314, 'NDCG@5': 0.031478212058335266, 'MRR@5': 0.026106276339053457, 'Recall*@10': 0.07500619774922218, 'NDCG*@10': 0.04054570956753329, 'MRR*@10': 0.030126575209386067, 'Recall*@5': 0.0484130489567405, 'NDCG*@5': 0.03200098338632661, 'MRR*@5': 0.02663177336099038}
INFO    [03-23 19:18:28] train in BasicTrainer:
duration: 77.34359526634216s
INFO    [03-23 19:18:28] train in BasicTrainer:
epoch: 6
INFO    [03-23 19:19:10] _train_one_epoch in BasicTrainer:
loss = 7.935943310327038
INFO    [03-23 19:19:46] log in loggers:
Update Best NDCG@10 Model at 6
INFO    [03-23 19:19:46] validate in BasicTrainer:
{'Recall@10': 0.07909583894541702, 'NDCG@10': 0.04204606906020567, 'MRR@10': 0.03085064044007538, 'Recall@5': 0.05074701178528809, 'NDCG@5': 0.032940367146792625, 'MRR@5': 0.02712863410976817, 'Recall*@10': 0.07980106442563259, 'NDCG*@10': 0.04286597125998167, 'MRR*@10': 0.03169342620745069, 'Recall*@5': 0.05161539692652188, 'NDCG*@5': 0.03381171117237888, 'MRR*@5': 0.027991720375161025}
INFO    [03-23 19:19:46] train in BasicTrainer:
duration: 77.47210311889648s
INFO    [03-23 19:19:46] train in BasicTrainer:
epoch: 7
INFO    [03-23 19:20:28] _train_one_epoch in BasicTrainer:
loss = 7.8573728643624
INFO    [03-23 19:21:02] log in loggers:
Update Best NDCG@10 Model at 7
INFO    [03-23 19:21:02] validate in BasicTrainer:
{'Recall@10': 0.08216242773046374, 'NDCG@10': 0.043991653277680884, 'MRR@10': 0.03245962133509255, 'Recall@5': 0.0525267800530912, 'NDCG@5': 0.03445414866312085, 'MRR@5': 0.02854987395480507, 'Recall*@10': 0.08305003959395432, 'NDCG*@10': 0.04491934242347876, 'MRR*@10': 0.03339033903890635, 'Recall*@5': 0.053735624615834136, 'NDCG*@5': 0.035489397767548246, 'MRR*@5': 0.029526791293057977}
INFO    [03-23 19:21:02] train in BasicTrainer:
duration: 76.2985908985138s
INFO    [03-23 19:21:02] train in BasicTrainer:
epoch: 8
INFO    [03-23 19:21:44] _train_one_epoch in BasicTrainer:
loss = 7.786496456685015
INFO    [03-23 19:22:20] log in loggers:
Update Best NDCG@10 Model at 8
INFO    [03-23 19:22:20] validate in BasicTrainer:
{'Recall@10': 0.08405872968219893, 'NDCG@10': 0.045069795014841534, 'MRR@10': 0.03329000056277369, 'Recall@5': 0.05390889004940556, 'NDCG@5': 0.035396277884201285, 'MRR@5': 0.02934269493335504, 'Recall*@10': 0.08481816550560087, 'NDCG*@10': 0.04600324693521792, 'MRR*@10': 0.0342617261737028, 'Recall*@5': 0.055099680160993356, 'NDCG*@5': 0.03646501579040493, 'MRR*@5': 0.03036770675000604}
INFO    [03-23 19:22:20] train in BasicTrainer:
duration: 77.73587131500244s
INFO    [03-23 19:22:20] train in BasicTrainer:
epoch: 9
INFO    [03-23 19:23:02] _train_one_epoch in BasicTrainer:
loss = 7.72218519249763
INFO    [03-23 19:23:36] log in loggers:
Update Best NDCG@10 Model at 9
INFO    [03-23 19:23:37] validate in BasicTrainer:
{'Recall@10': 0.08542681436672389, 'NDCG@10': 0.04600222455192578, 'MRR@10': 0.03408115739263942, 'Recall@5': 0.05522520493170554, 'NDCG@5': 0.0363075918143737, 'MRR@5': 0.03012177920276502, 'Recall*@10': 0.08697383653523394, 'NDCG*@10': 0.0470662292766144, 'MRR*@10': 0.03500365684058436, 'Recall*@5': 0.05619905450355227, 'NDCG*@5': 0.037187653187534704, 'MRR*@5': 0.030968916915774903}
INFO    [03-23 19:23:37] train in BasicTrainer:
duration: 76.6570496559143s
INFO    [03-23 19:23:37] train in BasicTrainer:
epoch: 10
INFO    [03-23 19:24:18] _train_one_epoch in BasicTrainer:
loss = 7.6654240751023055
INFO    [03-23 19:24:52] log in loggers:
Update Best NDCG@10 Model at 10
INFO    [03-23 19:24:52] validate in BasicTrainer:
{'Recall@10': 0.08546641520064939, 'NDCG@10': 0.04616535936026744, 'MRR@10': 0.03426067021637691, 'Recall@5': 0.05544218444192892, 'NDCG@5': 0.0364951842009, 'MRR@5': 0.030291805029309983, 'Recall*@10': 0.0865507086280536, 'NDCG*@10': 0.04729296052335207, 'MRR*@10': 0.035375632818591, 'Recall*@5': 0.057289889755417996, 'NDCG*@5': 0.03787708324829923, 'MRR*@5': 0.03151590454992707}
INFO    [03-23 19:24:52] train in BasicTrainer:
duration: 75.94202613830566s
INFO    [03-23 19:24:52] train in BasicTrainer:
epoch: 11
INFO    [03-23 19:25:34] _train_one_epoch in BasicTrainer:
loss = 7.612404108453189
INFO    [03-23 19:26:08] log in loggers:
Update Best NDCG@10 Model at 11
INFO    [03-23 19:26:08] validate in BasicTrainer:
{'Recall@10': 0.08749966998802167, 'NDCG@10': 0.04756287841642757, 'MRR@10': 0.03548309011413858, 'Recall@5': 0.05646953706243699, 'NDCG@5': 0.03759860638471036, 'MRR@5': 0.031411920619020206, 'Recall*@10': 0.08874851030027756, 'NDCG*@10': 0.048601714882570264, 'MRR*@10': 0.03643483606477579, 'Recall*@5': 0.058033041168596144, 'NDCG*@5': 0.038731020585143494, 'MRR*@5': 0.03239724569811814}
INFO    [03-23 19:26:08] train in BasicTrainer:
duration: 76.01603126525879s
INFO    [03-23 19:26:08] train in BasicTrainer:
epoch: 12
INFO    [03-23 19:26:51] _train_one_epoch in BasicTrainer:
loss = 7.564922578620154
INFO    [03-23 19:27:26] log in loggers:
Update Best NDCG@10 Model at 12
INFO    [03-23 19:27:26] validate in BasicTrainer:
{'Recall@10': 0.08811822661265406, 'NDCG@10': 0.047962553961626096, 'MRR@10': 0.035837266762447875, 'Recall@5': 0.056785931143433874, 'NDCG@5': 0.03790275411639722, 'MRR@5': 0.03172752394187162, 'Recall*@10': 0.08932838941753096, 'NDCG*@10': 0.049093898757131674, 'MRR*@10': 0.03693727545463407, 'Recall*@5': 0.058142295739732425, 'NDCG*@5': 0.03908212301596953, 'MRR*@5': 0.03284796517098618}
INFO    [03-23 19:27:26] train in BasicTrainer:
duration: 77.7442216873169s
INFO    [03-23 19:27:26] train in BasicTrainer:
epoch: 13
INFO    [03-23 19:28:08] _train_one_epoch in BasicTrainer:
loss = 7.52225538931039
INFO    [03-23 19:28:44] log in loggers:
Update Best NDCG@10 Model at 13
INFO    [03-23 19:28:44] validate in BasicTrainer:
{'Recall@10': 0.08874998350752476, 'NDCG@10': 0.04862757802380951, 'MRR@10': 0.03651071770110884, 'Recall@5': 0.05748967078987312, 'NDCG@5': 0.038582748991678066, 'MRR@5': 0.03240264931583423, 'Recall*@10': 0.0900072169568494, 'NDCG*@10': 0.0500039750437406, 'MRR*@10': 0.03791077700777217, 'Recall*@5': 0.059106640529316905, 'NDCG*@5': 0.04006148935397188, 'MRR*@5': 0.033836927177889324}
INFO    [03-23 19:28:44] train in BasicTrainer:
duration: 77.97874808311462s
INFO    [03-23 19:28:44] train in BasicTrainer:
epoch: 14
INFO    [03-23 19:29:26] _train_one_epoch in BasicTrainer:
loss = 7.480415608757136
INFO    [03-23 19:30:01] log in loggers:
Update Best NDCG@10 Model at 14
INFO    [03-23 19:30:01] validate in BasicTrainer:
{'Recall@10': 0.08881598488192692, 'NDCG@10': 0.04880779322434066, 'MRR@10': 0.03671068420511819, 'Recall@5': 0.05781018996257277, 'NDCG@5': 0.03883642491208523, 'MRR@5': 0.032627861749531695, 'Recall*@10': 0.0897636065068089, 'NDCG*@10': 0.05001034553386155, 'MRR*@10': 0.0379757214848219, 'Recall*@5': 0.059375629612357816, 'NDCG*@5': 0.040236177459660905, 'MRR*@5': 0.03397272704488299}
INFO    [03-23 19:30:01] train in BasicTrainer:
duration: 77.13676929473877s
INFO    [03-23 19:30:01] train in BasicTrainer:
epoch: 15
INFO    [03-23 19:30:43] _train_one_epoch in BasicTrainer:
loss = 7.440717142681743
INFO    [03-23 19:31:18] log in loggers:
Update Best NDCG@10 Model at 15
INFO    [03-23 19:31:19] validate in BasicTrainer:
{'Recall@10': 0.08996090241867434, 'NDCG@10': 0.04949594966811926, 'MRR@10': 0.037266175338064214, 'Recall@5': 0.05872802153183292, 'NDCG@5': 0.03949159074203341, 'MRR@5': 0.03319271310664876, 'Recall*@10': 0.09043996951708169, 'NDCG*@10': 0.05035605712727037, 'MRR*@10': 0.038227755608286625, 'Recall*@5': 0.05984417709443614, 'NDCG*@5': 0.040551459608233975, 'MRR*@5': 0.03423308780434254}
INFO    [03-23 19:31:19] train in BasicTrainer:
duration: 77.34487390518188s
INFO    [03-23 19:31:19] train in BasicTrainer:
epoch: 16
INFO    [03-23 19:32:00] _train_one_epoch in BasicTrainer:
loss = 7.406306313846304
INFO    [03-23 19:32:36] log in loggers:
Update Best NDCG@10 Model at 16
INFO    [03-23 19:32:36] validate in BasicTrainer:
{'Recall@10': 0.09096474207450296, 'NDCG@10': 0.05006200071087693, 'MRR@10': 0.03768850449542297, 'Recall@5': 0.05949054365960237, 'NDCG@5': 0.0399614392527353, 'MRR@5': 0.033564740899265554, 'Recall*@10': 0.09238172355006417, 'NDCG*@10': 0.051423657273531334, 'MRR*@10': 0.03902609187332084, 'Recall*@5': 0.06084093843177657, 'NDCG*@5': 0.0412957008051863, 'MRR*@5': 0.03488770415687301}
INFO    [03-23 19:32:36] train in BasicTrainer:
duration: 77.12614917755127s
INFO    [03-23 19:32:36] train in BasicTrainer:
epoch: 17
INFO    [03-23 19:33:18] _train_one_epoch in BasicTrainer:
loss = 7.3721558248462555
INFO    [03-23 19:33:54] validate in BasicTrainer:
{'Recall@10': 0.08933718945842666, 'NDCG@10': 0.049294752385061105, 'MRR@10': 0.037162767482393444, 'Recall@5': 0.05890436895261301, 'NDCG@5': 0.03950058258315577, 'MRR@5': 0.03314833070305278, 'Recall*@10': 0.09118801724409388, 'NDCG*@10': 0.05081793978647837, 'MRR*@10': 0.03857773862709509, 'Recall*@5': 0.06077149498198077, 'NDCG*@5': 0.04102855709865921, 'MRR*@5': 0.03456504587838397}
INFO    [03-23 19:33:54] train in BasicTrainer:
duration: 77.90570569038391s
INFO    [03-23 19:33:54] train in BasicTrainer:
epoch: 18
INFO    [03-23 19:34:36] _train_one_epoch in BasicTrainer:
loss = 7.34098437477497
INFO    [03-23 19:35:12] log in loggers:
Update Best NDCG@10 Model at 18
INFO    [03-23 19:35:12] validate in BasicTrainer:
{'Recall@10': 0.09071228681045158, 'NDCG@10': 0.050393012169504835, 'MRR@10': 0.038174416777036646, 'Recall@5': 0.05989108949528305, 'NDCG@5': 0.04047401411012047, 'MRR@5': 0.034108495966435594, 'Recall*@10': 0.09170113433140832, 'NDCG*@10': 0.051458729326585746, 'MRR*@10': 0.03926095098976591, 'Recall*@5': 0.060979928014759335, 'NDCG*@5': 0.04155988879269714, 'MRR*@5': 0.03519623197406252}
INFO    [03-23 19:35:12] train in BasicTrainer:
duration: 78.69005060195923s
INFO    [03-23 19:35:12] train in BasicTrainer:
epoch: 19
INFO    [03-23 19:35:54] _train_one_epoch in BasicTrainer:
loss = 7.311316347636084
INFO    [03-23 19:36:29] log in loggers:
Update Best NDCG@10 Model at 19
INFO    [03-23 19:36:29] validate in BasicTrainer:
{'Recall@10': 0.09100331161809487, 'NDCG@10': 0.05062920253178412, 'MRR@10': 0.038415393899441506, 'Recall@5': 0.06004619271120178, 'NDCG@5': 0.040694010246695944, 'MRR@5': 0.0343598476567558, 'Recall*@10': 0.09239223802526049, 'NDCG*@10': 0.05184775640799249, 'MRR*@10': 0.03957664825579273, 'Recall*@5': 0.06138411863501012, 'NDCG*@5': 0.04189753436085963, 'MRR*@5': 0.035515492179973567}
INFO    [03-23 19:36:29] train in BasicTrainer:
duration: 76.51050305366516s
INFO    [03-23 19:36:29] train in BasicTrainer:
epoch: 20
INFO    [03-23 19:37:10] _train_one_epoch in BasicTrainer:
loss = 7.283466240119609
INFO    [03-23 19:37:44] log in loggers:
Update Best NDCG@10 Model at 20
INFO    [03-23 19:37:45] validate in BasicTrainer:
{'Recall@10': 0.09171220762335994, 'NDCG@10': 0.05097559986873951, 'MRR@10': 0.03863768842697979, 'Recall@5': 0.06043766334513637, 'NDCG@5': 0.04090213830469646, 'MRR@5': 0.034503311374314664, 'Recall*@10': 0.09285781966562955, 'NDCG*@10': 0.05209726706216825, 'MRR*@10': 0.03974179767733701, 'Recall*@5': 0.06168369864725807, 'NDCG*@5': 0.042046552523970604, 'MRR*@5': 0.03561116591809648}
INFO    [03-23 19:37:45] train in BasicTrainer:
duration: 75.62118339538574s
INFO    [03-23 19:37:45] train in BasicTrainer:
epoch: 21
INFO    [03-23 19:38:26] _train_one_epoch in BasicTrainer:
loss = 7.256827651947247
INFO    [03-23 19:39:01] validate in BasicTrainer:
{'Recall@10': 0.09063721025751387, 'NDCG@10': 0.0507415375060103, 'MRR@10': 0.038673797555592755, 'Recall@5': 0.05996100968939493, 'NDCG@5': 0.04089168535771771, 'MRR@5': 0.03464982071688335, 'Recall*@10': 0.09178214283468568, 'NDCG*@10': 0.0520234672915527, 'MRR*@10': 0.03998533088853148, 'Recall*@5': 0.061565978191444805, 'NDCG*@5': 0.04233164453699117, 'MRR*@5': 0.03603196481527105}
INFO    [03-23 19:39:01] train in BasicTrainer:
duration: 76.50972652435303s
INFO    [03-23 19:39:01] train in BasicTrainer:
epoch: 22
INFO    [03-23 19:39:42] _train_one_epoch in BasicTrainer:
loss = 7.232440751043829
INFO    [03-23 19:40:17] log in loggers:
Update Best NDCG@10 Model at 22
INFO    [03-23 19:40:17] validate in BasicTrainer:
{'Recall@10': 0.09170210115449079, 'NDCG@10': 0.05108218719585105, 'MRR@10': 0.038776275640893205, 'Recall@5': 0.060343405144793964, 'NDCG@5': 0.04097304084973636, 'MRR@5': 0.03462246452049117, 'Recall*@10': 0.09293476073216426, 'NDCG*@10': 0.052339105330105884, 'MRR*@10': 0.04003249737796754, 'Recall*@5': 0.061847947418945046, 'NDCG*@5': 0.04232784539948557, 'MRR*@5': 0.03592503196603366}
INFO    [03-23 19:40:17] train in BasicTrainer:
duration: 75.94835209846497s
INFO    [03-23 19:40:17] train in BasicTrainer:
epoch: 23
INFO    [03-23 19:40:58] _train_one_epoch in BasicTrainer:
loss = 7.209085881811478
INFO    [03-23 19:41:32] log in loggers:
Update Best NDCG@10 Model at 23
INFO    [03-23 19:41:33] validate in BasicTrainer:
{'Recall@10': 0.09190175531437836, 'NDCG@10': 0.051253369292737536, 'MRR@10': 0.038942006628414925, 'Recall@5': 0.06114140299157562, 'NDCG@5': 0.04139463009887209, 'MRR@5': 0.0349244893299317, 'Recall*@10': 0.09286508314613241, 'NDCG*@10': 0.05225362976276057, 'MRR*@10': 0.039954315908717404, 'Recall*@5': 0.06159490717696809, 'NDCG*@5': 0.042230380989170146, 'MRR*@5': 0.03586906043528303}
INFO    [03-23 19:41:33] train in BasicTrainer:
duration: 75.6448757648468s
INFO    [03-23 19:41:33] train in BasicTrainer:
epoch: 24
INFO    [03-23 19:42:14] _train_one_epoch in BasicTrainer:
loss = 7.18437073221277
INFO    [03-23 19:42:48] validate in BasicTrainer:
{'Recall@10': 0.091514409748936, 'NDCG@10': 0.051061093865246786, 'MRR@10': 0.03881304154050685, 'Recall@5': 0.061152540727567824, 'NDCG@5': 0.04131556493795921, 'MRR@5': 0.034833215150947325, 'Recall*@10': 0.09234027718875638, 'NDCG*@10': 0.0521605761077638, 'MRR*@10': 0.039970644546608876, 'Recall*@5': 0.06267237949338843, 'NDCG*@5': 0.04263785068595614, 'MRR*@5': 0.036081882739132064}
INFO    [03-23 19:42:48] train in BasicTrainer:
duration: 75.51780104637146s
INFO    [03-23 19:42:48] train in BasicTrainer:
epoch: 25
INFO    [03-23 19:43:30] _train_one_epoch in BasicTrainer:
loss = 7.163651777409182
INFO    [03-23 19:44:04] validate in BasicTrainer:
{'Recall@10': 0.09106312536654813, 'NDCG@10': 0.05093419627863856, 'MRR@10': 0.038770390169642795, 'Recall@5': 0.06091019193238558, 'NDCG@5': 0.041249715740505226, 'MRR@5': 0.034812259746024914, 'Recall*@10': 0.09217720052859865, 'NDCG*@10': 0.05214267912845931, 'MRR*@10': 0.04000652887252075, 'Recall*@5': 0.06207126945350029, 'NDCG*@5': 0.0424734000522771, 'MRR*@5': 0.036054410997812994}
INFO    [03-23 19:44:04] train in BasicTrainer:
duration: 76.08494400978088s
INFO    [03-23 19:44:04] train in BasicTrainer:
epoch: 26
INFO    [03-23 19:44:45] _train_one_epoch in BasicTrainer:
loss = 7.144811443084353
INFO    [03-23 19:45:20] log in loggers:
Update Best NDCG@10 Model at 26
INFO    [03-23 19:45:20] validate in BasicTrainer:
{'Recall@10': 0.09233777686907124, 'NDCG@10': 0.05164665876774587, 'MRR@10': 0.03931689925921205, 'Recall@5': 0.061496366616164415, 'NDCG@5': 0.04173900125797757, 'MRR@5': 0.0352665588892184, 'Recall*@10': 0.09318562062033611, 'NDCG*@10': 0.05268139859249473, 'MRR*@10': 0.04039883284867274, 'Recall*@5': 0.06257530011677667, 'NDCG*@5': 0.04284734780554924, 'MRR*@5': 0.03637849709245367}
INFO    [03-23 19:45:20] train in BasicTrainer:
duration: 75.79280066490173s
INFO    [03-23 19:45:20] train in BasicTrainer:
epoch: 27
INFO    [03-23 19:46:01] _train_one_epoch in BasicTrainer:
loss = 7.123965734794474
INFO    [03-23 19:46:35] log in loggers:
Update Best NDCG@10 Model at 27
INFO    [03-23 19:46:36] validate in BasicTrainer:
{'Recall@10': 0.09276884833693133, 'NDCG@10': 0.052391816725565636, 'MRR@10': 0.04016908958577478, 'Recall@5': 0.061388908145583676, 'NDCG@5': 0.04228282875070969, 'MRR@5': 0.036018950487501526, 'Recall*@10': 0.09437327935270431, 'NDCG*@10': 0.05403352643122369, 'MRR*@10': 0.04181590763927434, 'Recall*@5': 0.06312135587275214, 'NDCG*@5': 0.04396350832940355, 'MRR*@5': 0.03768051173712048}
INFO    [03-23 19:46:36] train in BasicTrainer:
duration: 75.50507807731628s
INFO    [03-23 19:46:36] train in BasicTrainer:
epoch: 28
INFO    [03-23 19:47:17] _train_one_epoch in BasicTrainer:
loss = 7.1062793658662775
INFO    [03-23 19:47:51] validate in BasicTrainer:
{'Recall@10': 0.09244131651994224, 'NDCG@10': 0.05222587008319354, 'MRR@10': 0.04004438077839457, 'Recall@5': 0.06180265425150268, 'NDCG@5': 0.042376811827918824, 'MRR@5': 0.036013862741907994, 'Recall*@10': 0.09360559346775214, 'NDCG*@10': 0.05349539431548936, 'MRR*@10': 0.04133878095000054, 'Recall*@5': 0.06312489699908877, 'NDCG*@5': 0.04368413808665636, 'MRR*@5': 0.03731596499617644}
INFO    [03-23 19:47:51] train in BasicTrainer:
duration: 75.89258241653442s
INFO    [03-23 19:47:51] train in BasicTrainer:
epoch: 29
INFO    [03-23 19:48:33] _train_one_epoch in BasicTrainer:
loss = 7.088807092494608
INFO    [03-23 19:49:09] log in loggers:
Update Best NDCG@10 Model at 29
INFO    [03-23 19:49:09] validate in BasicTrainer:
{'Recall@10': 0.0927921550760388, 'NDCG@10': 0.052654868067239305, 'MRR@10': 0.04049673762950013, 'Recall@5': 0.06211595450791986, 'NDCG@5': 0.04280123736918251, 'MRR@5': 0.036468278761732614, 'Recall*@10': 0.09427912553012185, 'NDCG*@10': 0.05414094913437545, 'MRR*@10': 0.041968411664446564, 'Recall*@5': 0.06382244511440721, 'NDCG*@5': 0.04435489151185825, 'MRR*@5': 0.03796573690896001}
INFO    [03-23 19:49:09] train in BasicTrainer:
duration: 77.40911793708801s
INFO    [03-23 19:49:09] train in BasicTrainer:
epoch: 30
INFO    [03-23 19:49:51] _train_one_epoch in BasicTrainer:
loss = 7.071105438541839
INFO    [03-23 19:50:26] validate in BasicTrainer:
{'Recall@10': 0.09244028525281918, 'NDCG@10': 0.05258037851444472, 'MRR@10': 0.04051189905618582, 'Recall@5': 0.06186762433557124, 'NDCG@5': 0.04277491322907146, 'MRR@5': 0.036512331361084525, 'Recall*@10': 0.09353807389829018, 'NDCG*@10': 0.05403191565515653, 'MRR*@10': 0.04205780628940955, 'Recall*@5': 0.06323787359944386, 'NDCG*@5': 0.04431101952235554, 'MRR*@5': 0.03809132617013384}
INFO    [03-23 19:50:26] train in BasicTrainer:
duration: 77.0742928981781s
INFO    [03-23 19:50:26] train in BasicTrainer:
epoch: 31
INFO    [03-23 19:51:08] _train_one_epoch in BasicTrainer:
loss = 7.053391984830306
INFO    [03-23 19:51:43] validate in BasicTrainer:
{'Recall@10': 0.0916847757925497, 'NDCG@10': 0.05247778616659923, 'MRR@10': 0.04061027592471641, 'Recall@5': 0.06134724477741206, 'NDCG@5': 0.04272881698014209, 'MRR@5': 0.03662235772881274, 'Recall*@10': 0.09271898497812844, 'NDCG*@10': 0.05402669395288203, 'MRR*@10': 0.04230167973217935, 'Recall*@5': 0.06321413569570145, 'NDCG*@5': 0.04456670488872075, 'MRR*@5': 0.03844426474983679}
INFO    [03-23 19:51:43] train in BasicTrainer:
duration: 77.26668572425842s
INFO    [03-23 19:51:43] train in BasicTrainer:
epoch: 32
INFO    [03-23 19:52:25] _train_one_epoch in BasicTrainer:
loss = 7.039189595900269
INFO    [03-23 19:53:00] log in loggers:
Update Best NDCG@10 Model at 32
INFO    [03-23 19:53:00] validate in BasicTrainer:
{'Recall@10': 0.09263602056978648, 'NDCG@10': 0.05273373223655506, 'MRR@10': 0.04062978373521307, 'Recall@5': 0.06272956102250893, 'NDCG@5': 0.04312449765052194, 'MRR@5': 0.036700150035785924, 'Recall*@10': 0.09398138360628086, 'NDCG*@10': 0.05414802716563331, 'MRR*@10': 0.04206405637925056, 'Recall*@5': 0.0641096603311018, 'NDCG*@5': 0.044557533345861225, 'MRR*@5': 0.03814656457303794}
INFO    [03-23 19:53:00] train in BasicTrainer:
duration: 77.23726558685303s
INFO    [03-23 19:53:00] train in BasicTrainer:
epoch: 33
INFO    [03-23 19:53:42] _train_one_epoch in BasicTrainer:
loss = 7.026153045693245
INFO    [03-23 19:54:18] log in loggers:
Update Best NDCG@10 Model at 33
INFO    [03-23 19:54:18] validate in BasicTrainer:
{'Recall@10': 0.09282453699368183, 'NDCG@10': 0.05315501437844517, 'MRR@10': 0.04112826949246576, 'Recall@5': 0.06256414508893854, 'NDCG@5': 0.04343489230816424, 'MRR@5': 0.03715413270048171, 'Recall*@10': 0.09346547866721762, 'NDCG*@10': 0.05453413291442617, 'MRR*@10': 0.042702969140445704, 'Recall*@5': 0.06443018931315231, 'NDCG*@5': 0.045205083936801026, 'MRR*@5': 0.03888720282602974}
INFO    [03-23 19:54:18] train in BasicTrainer:
duration: 77.48346519470215s
INFO    [03-23 19:54:18] train in BasicTrainer:
epoch: 34
INFO    [03-23 19:54:59] _train_one_epoch in BasicTrainer:
loss = 7.01034125318868
INFO    [03-23 19:55:35] log in loggers:
Update Best NDCG@10 Model at 34
INFO    [03-23 19:55:35] validate in BasicTrainer:
{'Recall@10': 0.09385085834706684, 'NDCG@10': 0.053628149468486555, 'MRR@10': 0.04146058742548818, 'Recall@5': 0.06244554885915507, 'NDCG@5': 0.043533964468473775, 'MRR@5': 0.03733071047708253, 'Recall*@10': 0.09489195776459212, 'NDCG*@10': 0.05504939296628084, 'MRR*@10': 0.04298616901933683, 'Recall*@5': 0.06377281787053818, 'NDCG*@5': 0.04503536513626483, 'MRR*@5': 0.03888237870347648}
INFO    [03-23 19:55:35] train in BasicTrainer:
duration: 77.212641954422s
INFO    [03-23 19:55:35] train in BasicTrainer:
epoch: 35
INFO    [03-23 19:56:15] _train_one_epoch in BasicTrainer:
loss = 6.997131069343467
INFO    [03-23 19:56:49] validate in BasicTrainer:
{'Recall@10': 0.09447560257443757, 'NDCG@10': 0.05360639967442116, 'MRR@10': 0.04121447424476856, 'Recall@5': 0.06400833761673479, 'NDCG@5': 0.04384176393048229, 'MRR@5': 0.03723569960562611, 'Recall*@10': 0.09575908987368008, 'NDCG*@10': 0.055030858167374616, 'MRR*@10': 0.042672129455269124, 'Recall*@5': 0.06568581669524637, 'NDCG*@5': 0.045400310185885875, 'MRR*@5': 0.03875240006388348}
INFO    [03-23 19:56:49] train in BasicTrainer:
duration: 73.36461853981018s
INFO    [03-23 19:56:49] train in BasicTrainer:
epoch: 36
INFO    [03-23 19:57:29] _train_one_epoch in BasicTrainer:
loss = 6.9853947404698085
INFO    [03-23 19:58:03] validate in BasicTrainer:
{'Recall@10': 0.09207418389223818, 'NDCG@10': 0.05309138215231097, 'MRR@10': 0.041259114221434724, 'Recall@5': 0.06249525616194972, 'NDCG@5': 0.04359654895381021, 'MRR@5': 0.03738187543606832, 'Recall*@10': 0.09372308593812019, 'NDCG*@10': 0.054642834604900575, 'MRR*@10': 0.042777244419416535, 'Recall*@5': 0.06404390924166296, 'NDCG*@5': 0.045115740105184814, 'MRR*@5': 0.03888674817596362}
INFO    [03-23 19:58:03] train in BasicTrainer:
duration: 74.16389775276184s
INFO    [03-23 19:58:03] train in BasicTrainer:
epoch: 37
INFO    [03-23 19:58:43] _train_one_epoch in BasicTrainer:
loss = 6.972639119834705
INFO    [03-23 19:59:17] validate in BasicTrainer:
{'Recall@10': 0.09186731083927868, 'NDCG@10': 0.05266094424782141, 'MRR@10': 0.04076596482358061, 'Recall@5': 0.06207738496432794, 'NDCG@5': 0.04307855956975916, 'MRR@5': 0.03684098018780119, 'Recall*@10': 0.09294251735522369, 'NDCG*@10': 0.05406717246984396, 'MRR*@10': 0.042266057708483434, 'Recall*@5': 0.06341047135306481, 'NDCG*@5': 0.044558191004664724, 'MRR*@5': 0.03836530595843759}
INFO    [03-23 19:59:17] train in BasicTrainer:
duration: 74.75744962692261s
INFO    [03-23 19:59:17] train in BasicTrainer:
epoch: 38
INFO    [03-23 19:59:58] _train_one_epoch in BasicTrainer:
loss = 6.963438339417317
INFO    [03-23 20:00:32] validate in BasicTrainer:
{'Recall@10': 0.0929148763743145, 'NDCG@10': 0.053294216749777676, 'MRR@10': 0.04127105339676884, 'Recall@5': 0.06338359338936404, 'NDCG@5': 0.043816204072553606, 'MRR@5': 0.03740067537757931, 'Recall*@10': 0.09377737523192929, 'NDCG*@10': 0.05463177649263652, 'MRR*@10': 0.042747999598037136, 'Recall*@5': 0.0647828616259904, 'NDCG*@5': 0.04533795773333107, 'MRR*@5': 0.03895992515724721}
INFO    [03-23 20:00:32] train in BasicTrainer:
duration: 75.05895256996155s
INFO    [03-23 20:00:32] train in BasicTrainer:
epoch: 39
INFO    [03-23 20:01:13] _train_one_epoch in BasicTrainer:
loss = 6.953510560572857
INFO    [03-23 20:01:48] log in loggers:
Update Best NDCG@10 Model at 39
INFO    [03-23 20:01:48] validate in BasicTrainer:
{'Recall@10': 0.09360954081900766, 'NDCG@10': 0.05369889523218911, 'MRR@10': 0.04161422786729358, 'Recall@5': 0.06303172356614442, 'NDCG@5': 0.04388753297474711, 'MRR@5': 0.03761011642342973, 'Recall*@10': 0.09497336620853697, 'NDCG*@10': 0.05515683708695051, 'MRR*@10': 0.043090878686986606, 'Recall*@5': 0.06468070148145112, 'NDCG*@5': 0.04544747534651901, 'MRR*@5': 0.03913432016179569}
INFO    [03-23 20:01:48] train in BasicTrainer:
duration: 75.3059253692627s
INFO    [03-23 20:01:48] train in BasicTrainer:
epoch: 40
INFO    [03-23 20:02:28] _train_one_epoch in BasicTrainer:
loss = 6.943298925409517
INFO    [03-23 20:03:02] validate in BasicTrainer:
{'Recall@10': 0.0941286828844718, 'NDCG@10': 0.05344967722799919, 'MRR@10': 0.041135984031930334, 'Recall@5': 0.06300635429279083, 'NDCG@5': 0.043467885611514996, 'MRR@5': 0.03706487295771964, 'Recall*@10': 0.0955464829722669, 'NDCG*@10': 0.054943900654017, 'MRR*@10': 0.04264011445841128, 'Recall*@5': 0.06476838752116741, 'NDCG*@5': 0.04507207504627397, 'MRR*@5': 0.03861375198905528}
INFO    [03-23 20:03:02] train in BasicTrainer:
duration: 74.61746573448181s
INFO    [03-23 20:03:02] train in BasicTrainer:
epoch: 41
INFO    [03-23 20:03:43] _train_one_epoch in BasicTrainer:
loss = 6.933602672237195
INFO    [03-23 20:04:18] log in loggers:
Update Best NDCG@10 Model at 41
INFO    [03-23 20:04:18] validate in BasicTrainer:
{'Recall@10': 0.0936085095518846, 'NDCG@10': 0.05399774769872334, 'MRR@10': 0.04195442042861865, 'Recall@5': 0.06429420606555225, 'NDCG@5': 0.04454635366263605, 'MRR@5': 0.03807024213244611, 'Recall*@10': 0.09547243927637365, 'NDCG*@10': 0.05559013644668544, 'MRR*@10': 0.04346329068643189, 'Recall*@5': 0.06604668015840455, 'NDCG*@5': 0.04610872557647874, 'MRR*@5': 0.039570320539779935}
INFO    [03-23 20:04:18] train in BasicTrainer:
duration: 75.46097803115845s
INFO    [03-23 20:04:18] train in BasicTrainer:
epoch: 42
INFO    [03-23 20:04:59] _train_one_epoch in BasicTrainer:
loss = 6.923406167930997
INFO    [03-23 20:05:33] validate in BasicTrainer:
{'Recall@10': 0.09298376530130333, 'NDCG@10': 0.05355233766974133, 'MRR@10': 0.04158909591582148, 'Recall@5': 0.06330748554609275, 'NDCG@5': 0.04402261068957431, 'MRR@5': 0.03769483525781802, 'Recall*@10': 0.09401274267061849, 'NDCG*@10': 0.05507284644817081, 'MRR*@10': 0.04323873049187883, 'Recall*@5': 0.06529369117616679, 'NDCG*@5': 0.04586096591899328, 'MRR*@5': 0.039480357851566186}
INFO    [03-23 20:05:33] train in BasicTrainer:
duration: 75.08310794830322s
INFO    [03-23 20:05:33] train in BasicTrainer:
epoch: 43
INFO    [03-23 20:06:14] _train_one_epoch in BasicTrainer:
loss = 6.913377370742391
INFO    [03-23 20:06:48] validate in BasicTrainer:
{'Recall@10': 0.09303862896292381, 'NDCG@10': 0.05361591677567298, 'MRR@10': 0.04167083398993142, 'Recall@5': 0.06277720576784693, 'NDCG@5': 0.0438801971992414, 'MRR@5': 0.037682755619600834, 'Recall*@10': 0.0939495387107041, 'NDCG*@10': 0.05509442205300027, 'MRR*@10': 0.04331214131781617, 'Recall*@5': 0.06423583666205035, 'NDCG*@5': 0.0455455226342069, 'MRR*@5': 0.03940667903103004}
INFO    [03-23 20:06:48] train in BasicTrainer:
duration: 74.59956526756287s
INFO    [03-23 20:06:48] train in BasicTrainer:
epoch: 44
INFO    [03-23 20:07:28] _train_one_epoch in BasicTrainer:
loss = 6.906148150504075
INFO    [03-23 20:08:02] validate in BasicTrainer:
{'Recall@10': 0.09112809547382723, 'NDCG@10': 0.052609198683193914, 'MRR@10': 0.0409203824758344, 'Recall@5': 0.062237644539072504, 'NDCG@5': 0.04331786565575459, 'MRR@5': 0.037116034040546676, 'Recall*@10': 0.09268615127329329, 'NDCG*@10': 0.054357919052846704, 'MRR*@10': 0.04271096693543352, 'Recall*@5': 0.06421239856584143, 'NDCG*@5': 0.04519866631334398, 'MRR*@5': 0.03895985457837303}
INFO    [03-23 20:08:02] train in BasicTrainer:
duration: 74.62619090080261s
INFO    [03-23 20:08:02] train in BasicTrainer:
epoch: 45
INFO    [03-23 20:08:43] _train_one_epoch in BasicTrainer:
loss = 6.8966778050886255
INFO    [03-23 20:09:17] log in loggers:
Update Best NDCG@10 Model at 45
INFO    [03-23 20:09:17] validate in BasicTrainer:
{'Recall@10': 0.09396037937510422, 'NDCG@10': 0.054134181512061307, 'MRR@10': 0.04204055473115585, 'Recall@5': 0.06436825135136691, 'NDCG@5': 0.04461208253669497, 'MRR@5': 0.03813827862075277, 'Recall*@10': 0.09490509393894783, 'NDCG*@10': 0.05551351011495724, 'MRR*@10': 0.04354390920635974, 'Recall*@5': 0.06585780680295648, 'NDCG*@5': 0.04616935409582293, 'MRR*@5': 0.03971623797898073}
INFO    [03-23 20:09:17] train in BasicTrainer:
duration: 74.83280229568481s
INFO    [03-23 20:09:17] train in BasicTrainer:
epoch: 46
INFO    [03-23 20:09:58] _train_one_epoch in BasicTrainer:
loss = 6.8865794959693085
INFO    [03-23 20:10:31] validate in BasicTrainer:
{'Recall@10': 0.09319270091171948, 'NDCG@10': 0.05396943264336229, 'MRR@10': 0.04207739396444362, 'Recall@5': 0.06332068581633107, 'NDCG@5': 0.04437348432838917, 'MRR@5': 0.03815446257869774, 'Recall*@10': 0.09482122206845758, 'NDCG*@10': 0.055579584509691346, 'MRR*@10': 0.04368404273199051, 'Recall*@5': 0.06481320376151076, 'NDCG*@5': 0.04593432680166956, 'MRR*@5': 0.03973785676700397}
INFO    [03-23 20:10:31] train in BasicTrainer:
duration: 74.47304368019104s
INFO    [03-23 20:10:31] train in BasicTrainer:
epoch: 47
INFO    [03-23 20:11:13] _train_one_epoch in BasicTrainer:
loss = 6.878840961175011
INFO    [03-23 20:11:47] validate in BasicTrainer:
{'Recall@10': 0.09313288716326622, 'NDCG@10': 0.05405132164395301, 'MRR@10': 0.04221272955988055, 'Recall@5': 0.06369895618002734, 'NDCG@5': 0.04461785800163155, 'MRR@5': 0.03836903936661942, 'Recall*@10': 0.0944588197006429, 'NDCG*@10': 0.0556906654479162, 'MRR*@10': 0.043938489613410465, 'Recall*@5': 0.06557406734593932, 'NDCG*@5': 0.04644118499219696, 'MRR*@5': 0.04017460309665337}
INFO    [03-23 20:11:47] train in BasicTrainer:
duration: 75.26578450202942s
INFO    [03-23 20:11:47] train in BasicTrainer:
epoch: 48
INFO    [03-23 20:12:27] _train_one_epoch in BasicTrainer:
loss = 6.874783549468353
INFO    [03-23 20:13:02] validate in BasicTrainer:
{'Recall@10': 0.09136322535272699, 'NDCG@10': 0.05291437464722685, 'MRR@10': 0.04124987346186909, 'Recall@5': 0.06223248818024668, 'NDCG@5': 0.04352873990840258, 'MRR@5': 0.037396522766890185, 'Recall*@10': 0.09262817460358885, 'NDCG*@10': 0.054461418804814136, 'MRR*@10': 0.04287435671146321, 'Recall*@5': 0.0640597971637858, 'NDCG*@5': 0.045264436843053577, 'MRR*@5': 0.039102677952184854}
INFO    [03-23 20:13:02] train in BasicTrainer:
duration: 74.91094851493835s
INFO    [03-23 20:13:02] train in BasicTrainer:
epoch: 49
INFO    [03-23 20:13:42] _train_one_epoch in BasicTrainer:
loss = 6.867318664027153
INFO    [03-23 20:14:16] validate in BasicTrainer:
{'Recall@10': 0.09217957982857279, 'NDCG@10': 0.05355783308220801, 'MRR@10': 0.041843091616424445, 'Recall@5': 0.0629312777166426, 'NDCG@5': 0.04416719952313885, 'MRR@5': 0.03800758542173841, 'Recall*@10': 0.09326910712637262, 'NDCG*@10': 0.055006349894487966, 'MRR*@10': 0.043364711596145994, 'Recall*@5': 0.06522097776867333, 'NDCG*@5': 0.046001136239119035, 'MRR*@5': 0.03968647554969398}
INFO    [03-23 20:14:16] train in BasicTrainer:
duration: 74.71211504936218s
INFO    [03-23 20:14:16] train in BasicTrainer:
epoch: 50
INFO    [03-23 20:14:57] _train_one_epoch in BasicTrainer:
loss = 6.858555672592016
INFO    [03-23 20:15:31] validate in BasicTrainer:
{'Recall@10': 0.0929625211196525, 'NDCG@10': 0.053751575786655195, 'MRR@10': 0.04185712907312444, 'Recall@5': 0.06324354671754198, 'NDCG@5': 0.044201734472890136, 'MRR@5': 0.03795163213011353, 'Recall*@10': 0.09436919476337893, 'NDCG*@10': 0.05528792603132881, 'MRR*@10': 0.04341277231772741, 'Recall*@5': 0.06513814593888703, 'NDCG*@5': 0.04589894235226967, 'MRR*@5': 0.039575427141028956}
INFO    [03-23 20:15:31] train in BasicTrainer:
duration: 74.83264708518982s
INFO    [03-23 20:15:31] train in BasicTrainer:
epoch: 51
INFO    [03-23 20:16:12] _train_one_epoch in BasicTrainer:
loss = 6.853214107584831
INFO    [03-23 20:16:46] validate in BasicTrainer:
{'Recall@10': 0.09314402489925842, 'NDCG@10': 0.05412775224126945, 'MRR@10': 0.04230851902861461, 'Recall@5': 0.06306823057549021, 'NDCG@5': 0.04443888490978988, 'MRR@5': 0.03833154215248203, 'Recall*@10': 0.0936916008289915, 'NDCG*@10': 0.05547357676695812, 'MRR*@10': 0.04387960844090052, 'Recall*@5': 0.06446929517959323, 'NDCG*@5': 0.04605264664914842, 'MRR*@5': 0.04000867193570575}
INFO    [03-23 20:16:46] train in BasicTrainer:
duration: 74.65413308143616s
INFO    [03-23 20:16:46] train in BasicTrainer:
epoch: 52
INFO    [03-23 20:17:27] _train_one_epoch in BasicTrainer:
loss = 6.846788440451187
INFO    [03-23 20:18:01] log in loggers:
Update Best NDCG@10 Model at 52
INFO    [03-23 20:18:01] validate in BasicTrainer:
{'Recall@10': 0.09343917477539396, 'NDCG@10': 0.05447389024115426, 'MRR@10': 0.04266276541006435, 'Recall@5': 0.06377403275617557, 'NDCG@5': 0.04491933062672615, 'MRR@5': 0.0387424041728875, 'Recall*@10': 0.09462398468194722, 'NDCG*@10': 0.055894576691996274, 'MRR*@10': 0.044146250210980946, 'Recall*@5': 0.0651912725881624, 'NDCG*@5': 0.04640557398770086, 'MRR*@5': 0.04024765426670186}
INFO    [03-23 20:18:01] train in BasicTrainer:
duration: 75.16713070869446s
INFO    [03-23 20:18:01] train in BasicTrainer:
epoch: 53
INFO    [03-23 20:18:42] _train_one_epoch in BasicTrainer:
loss = 6.840958796234477
INFO    [03-23 20:19:16] validate in BasicTrainer:
{'Recall@10': 0.0933286224802335, 'NDCG@10': 0.05390337056181513, 'MRR@10': 0.04196297590304572, 'Recall@5': 0.06342010039870984, 'NDCG@5': 0.0442830099466016, 'MRR@5': 0.03802301343298311, 'Recall*@10': 0.09432911887950615, 'NDCG*@10': 0.05535741846695125, 'MRR*@10': 0.04352854582193856, 'Recall*@5': 0.06495200512449133, 'NDCG*@5': 0.04588767478236714, 'MRR*@5': 0.03963837273291245}
INFO    [03-23 20:19:16] train in BasicTrainer:
duration: 75.15051460266113s
INFO    [03-23 20:19:16] train in BasicTrainer:
epoch: 54
INFO    [03-23 20:19:56] _train_one_epoch in BasicTrainer:
loss = 6.835329402798086
INFO    [03-23 20:20:30] validate in BasicTrainer:
{'Recall@10': 0.09425243544987058, 'NDCG@10': 0.054108068463029894, 'MRR@10': 0.04194271041086158, 'Recall@5': 0.06380435212796723, 'NDCG@5': 0.04432232421460181, 'MRR@5': 0.03793892703625458, 'Recall*@10': 0.09596075338088092, 'NDCG*@10': 0.05580313096977654, 'MRR*@10': 0.043621914725274866, 'Recall*@5': 0.0660612580259084, 'NDCG*@5': 0.046210712599466526, 'MRR*@5': 0.03970720301559224}
INFO    [03-23 20:20:30] train in BasicTrainer:
duration: 74.28940510749817s
INFO    [03-23 20:20:30] train in BasicTrainer:
epoch: 55
INFO    [03-23 20:21:11] _train_one_epoch in BasicTrainer:
loss = 6.829906526642365
INFO    [03-23 20:21:45] validate in BasicTrainer:
{'Recall@10': 0.09342288070378645, 'NDCG@10': 0.0543566800108487, 'MRR@10': 0.042520619603889385, 'Recall@5': 0.06355292814264417, 'NDCG@5': 0.0447657572720606, 'MRR@5': 0.038602085949452684, 'Recall*@10': 0.09493152769369499, 'NDCG*@10': 0.05591341569393038, 'MRR*@10': 0.04407414745226085, 'Recall*@5': 0.06535787169017895, 'NDCG*@5': 0.04640403390220857, 'MRR*@5': 0.04018115820624282}
INFO    [03-23 20:21:45] train in BasicTrainer:
duration: 74.83988189697266s
INFO    [03-23 20:21:45] train in BasicTrainer:
epoch: 56
INFO    [03-23 20:22:26] _train_one_epoch in BasicTrainer:
loss = 6.82332795138259
INFO    [03-23 20:23:00] log in loggers:
Update Best NDCG@10 Model at 56
INFO    [03-23 20:23:00] validate in BasicTrainer:
{'Recall@10': 0.09381435133772105, 'NDCG@10': 0.054596103321633234, 'MRR@10': 0.04269262808273514, 'Recall@5': 0.06444229666039208, 'NDCG@5': 0.04515717332933179, 'MRR@5': 0.038832056153321935, 'Recall*@10': 0.09468020284055179, 'NDCG*@10': 0.05604384215751727, 'MRR*@10': 0.04429025926868028, 'Recall*@5': 0.06639343840171615, 'NDCG*@5': 0.04694578524191524, 'MRR*@5': 0.04056480032249682}
INFO    [03-23 20:23:00] train in BasicTrainer:
duration: 75.15604758262634s
INFO    [03-23 20:23:00] train in BasicTrainer:
epoch: 57
INFO    [03-23 20:23:41] _train_one_epoch in BasicTrainer:
loss = 6.81954482598394
INFO    [03-23 20:24:15] validate in BasicTrainer:
{'Recall@10': 0.09198900087043133, 'NDCG@10': 0.053607734007256054, 'MRR@10': 0.04195634886401929, 'Recall@5': 0.06327510362844972, 'NDCG@5': 0.04435566129493658, 'MRR@5': 0.03815715430983316, 'Recall*@10': 0.09358313445268762, 'NDCG*@10': 0.055266224433931976, 'MRR*@10': 0.04361870200474779, 'Recall*@5': 0.06539804144324357, 'NDCG*@5': 0.046190042985817914, 'MRR*@5': 0.039895129308824044}
INFO    [03-23 20:24:15] train in BasicTrainer:
duration: 74.90011024475098s
INFO    [03-23 20:24:15] train in BasicTrainer:
epoch: 58
INFO    [03-23 20:24:56] _train_one_epoch in BasicTrainer:
loss = 6.813191794970464
INFO    [03-23 20:25:30] validate in BasicTrainer:
{'Recall@10': 0.09217359845140641, 'NDCG@10': 0.05365942329214741, 'MRR@10': 0.04198083498535498, 'Recall@5': 0.0629201399806504, 'NDCG@5': 0.044239242590174685, 'MRR@5': 0.038116566883255015, 'Recall*@10': 0.09310639231840026, 'NDCG*@10': 0.0548922370689866, 'MRR*@10': 0.043298710674349206, 'Recall*@5': 0.06410966883776158, 'NDCG*@5': 0.04555204297151892, 'MRR*@5': 0.03946584779072866}
INFO    [03-23 20:25:30] train in BasicTrainer:
duration: 74.88413405418396s
INFO    [03-23 20:25:30] train in BasicTrainer:
epoch: 59
INFO    [03-23 20:26:11] _train_one_epoch in BasicTrainer:
loss = 6.807607815472564
INFO    [03-23 20:26:45] validate in BasicTrainer:
{'Recall@10': 0.09179532808771014, 'NDCG@10': 0.05391335580788112, 'MRR@10': 0.042420190918575566, 'Recall@5': 0.06335925538313351, 'NDCG@5': 0.04477941645802553, 'MRR@5': 0.038686495607956735, 'Recall*@10': 0.09326377651448191, 'NDCG*@10': 0.055369533987199404, 'MRR*@10': 0.04385220982436079, 'Recall*@5': 0.06526064798467998, 'NDCG*@5': 0.04636783879308314, 'MRR*@5': 0.0401687595320175}
INFO    [03-23 20:26:45] train in BasicTrainer:
duration: 74.86955976486206s
INFO    [03-23 20:26:45] close_training in BasicTrainer:
finished training
INFO    [03-23 20:26:45] final_validate in BasicTrainer:
validate model on val set!
INFO    [03-23 20:26:46] load_state_from_given_path in utils:
checkpoint epoch: 56
INFO    [03-23 20:26:46] load_state_from_given_path in utils:
Loading model's parameters
INFO    [03-23 20:27:20] validate in BasicTrainer:
{'Recall@10': 0.09381435133772105, 'NDCG@10': 0.054596103321633234, 'MRR@10': 0.04269262808273514, 'Recall@5': 0.06444229666039208, 'NDCG@5': 0.04515717332933179, 'MRR@5': 0.038832056153321935, 'Recall*@10': 0.09468020284055179, 'NDCG*@10': 0.05604384215751727, 'MRR*@10': 0.04429025926868028, 'Recall*@5': 0.06639343840171615, 'NDCG*@5': 0.04694578524191524, 'MRR*@5': 0.04056480032249682}
INFO    [03-23 20:27:20] test in BasicTrainer:
Test model on test set!
INFO    [03-23 20:27:20] test_with_given_state_path in BasicTrainer:
Loading model params from ___movies_base_2021/base_gru4rec_03-23_19:09_0/gru4rec_logs/checkpoint/best_acc_model.pth.
INFO    [03-23 20:27:20] load_state_from_given_path in utils:
checkpoint epoch: 56
INFO    [03-23 20:27:20] load_state_from_given_path in utils:
Loading model's parameters
INFO    [03-23 20:27:20] test_with_given_state_path in BasicTrainer:
Finished loading. Start testing.
INFO    [03-23 20:27:54] test_with_given_state_path in BasicTrainer:
{'Recall@10': 0.0838803197039622, 'NDCG@10': 0.04774821718510623, 'MRR@10': 0.0368038094123808, 'Recall@5': 0.05672199231488311, 'NDCG@5': 0.03903957165348288, 'MRR@5': 0.03325304240162406, 'Recall*@10': 0.08539696118425914, 'NDCG*@10': 0.04911978939124543, 'MRR*@10': 0.03811374855317709, 'Recall*@5': 0.058614008366550986, 'NDCG*@5': 0.040534212866165556, 'MRR*@5': 0.034614707581188266}
INFO    [03-23 20:27:54] _evaluate in BasicSched:
!!Final Result!!: {'Recall@10': 0.0838803197039622, 'NDCG@10': 0.04774821718510623, 'MRR@10': 0.0368038094123808, 'Recall@5': 0.05672199231488311, 'NDCG@5': 0.03903957165348288, 'MRR@5': 0.03325304240162406, 'Recall*@10': 0.08539696118425914, 'NDCG*@10': 0.04911978939124543, 'MRR*@10': 0.03811374855317709, 'Recall*@5': 0.058614008366550986, 'NDCG*@5': 0.040534212866165556, 'MRR*@5': 0.034614707581188266}
