INFO    [05-04 21:59:14] setup_train in utils:
{
    "experiment_dir": "___movies_soft_2022",
    "experiment_description": "pop",
    "describe": "{config[model_code]}-T-{config[T]}-al-{config[alpha]}",
    "dataset_name": "movies.csv",
    "sched": "distill",
    "model_code": "narm",
    "mentor_code": "pop",
    "training_routine": "student",
    "softmaxed_mentor": false,
    "alpha": 0.5,
    "T": 1.0,
    "num_epochs": 60,
    "mode": [
        "train",
        "test"
    ],
    "max_len": 10,
    "test_state_path": null,
    "model_state_path": null,
    "mentor_state_path": null,
    "rand_seed": 2022,
    "load_processed_dataset": true,
    "save_processed_dataset": false,
    "dataset_cache_filename": null,
    "do_remap": false,
    "weight_decay": 0,
    "decay_step": 15,
    "gamma": 0.99,
    "lr": 0.001,
    "min_length": 5,
    "min_item_inter": 5,
    "good_only": false,
    "use_rating": true,
    "test_negative_sampler_code": "random",
    "test_negative_sample_size": 0,
    "dataloader_type": "next",
    "train_batch_size": 4096,
    "val_batch_size": 4096,
    "test_batch_size": 4096,
    "prop_sliding_window": -1.0,
    "worker_number": 2,
    "metric_ks": [
        5,
        10
    ],
    "device": "cuda",
    "num_gpu": 1,
    "optimizer": "Adam",
    "best_metric": "NDCG@10",
    "show_process_bar": false,
    "enable_sample": false,
    "samples_ratio": 0.1,
    "config_file": "config2.movies/narm/config_distill.json",
    "task_id": 2,
    "split": "leave_one_out",
    "do_sampling": false,
    "path_for_sample": null,
    "sample_rate": 0.5,
    "sample_seed": 0,
    "train_negative_sampler_code": "random",
    "train_negative_sample_size": 100,
    "device_idx": "0",
    "momentum": null,
    "log_period_as_iter": 12800,
    "dvae_alpha": 0.5,
    "weight_list": [
        0.5,
        0.5
    ],
    "validation_rate": 0.2,
    "num_items": null,
    "start_index": 1,
    "kwargs": null
}
DEBUG   [05-04 21:59:14] __init__ in DistillSched:
DistillScheduler attribs: teacher tag=teacher_pop, student tag=student_narm
INFO    [05-04 21:59:14] _load_full_dataset_from_path in utils:
loading cache from /data01/wushiguang-slurm/Codes/soft-rec/Data/Cache/movies-5-5.pkl
INFO    [05-04 21:59:15] _check_dataset_cache in utils:
check if the cache is generated under this configuration
INFO    [05-04 21:59:15] _check_dataset_cache in utils:
correct.
INFO    [05-04 21:59:15] __init__ in NextItemDataloader:
there are 21035 items in this dataset, 82156 users, padding_first? False
DEBUG   [05-04 21:59:29] generate_model in utils:
model_code_list=['pop']
INFO    [05-04 21:59:29] load_model_config in utils:
loading model pop's config file at asset/config/model/pop.json
INFO    [05-04 21:59:29] load_model_config in utils:
{}
WARNING [05-04 21:59:37] get_exist_path in utils:
dir ___movies_soft_2022/pop_narm-T-1.0-al-0.5_05-04_21:59_t2/teacher_pop_logs does not exist! Create one.
WARNING [05-04 21:59:37] get_exist_path in utils:
dir ___movies_soft_2022/pop_narm-T-1.0-al-0.5_05-04_21:59_t2/teacher_pop_logs/tb_vis does not exist! Create one.
WARNING [05-04 21:59:37] get_exist_path in utils:
dir ___movies_soft_2022/pop_narm-T-1.0-al-0.5_05-04_21:59_t2/teacher_pop_logs/checkpoint does not exist! Create one.
WARNING [05-04 21:59:37] get_path in utils:
Path is None
WARNING [05-04 21:59:37] load_state_from_given_path in utils:
Not given any path.
DEBUG   [05-04 21:59:37] __init__ in DistillSched:
teacher model: 
POPModel(
  (fake_parameter): Linear(in_features=1, out_features=1, bias=False)
)
INFO    [05-04 21:59:37] assert_model_device in utils:
model teacher_pop has 3.814697265625e-06 MB params.
INFO    [05-04 21:59:37] __init__ in BasicTrainer:
450560 iter per epoch
DEBUG   [05-04 21:59:37] generate_model in utils:
model_code_list=['narm']
INFO    [05-04 21:59:37] load_model_config in utils:
loading model narm's config file at asset/config/model/narm.json
INFO    [05-04 21:59:37] load_model_config in utils:
{
    "embedding_size": 64,
    "hidden_size": 128,
    "n_layers": 1,
    "dropout_probs": [
        0.25,
        0.5
    ]
}
WARNING [05-04 21:59:42] get_exist_path in utils:
dir ___movies_soft_2022/pop_narm-T-1.0-al-0.5_05-04_21:59_t2/student_narm_logs does not exist! Create one.
WARNING [05-04 21:59:42] get_exist_path in utils:
dir ___movies_soft_2022/pop_narm-T-1.0-al-0.5_05-04_21:59_t2/student_narm_logs/tb_vis does not exist! Create one.
WARNING [05-04 21:59:42] get_exist_path in utils:
dir ___movies_soft_2022/pop_narm-T-1.0-al-0.5_05-04_21:59_t2/student_narm_logs/checkpoint does not exist! Create one.
WARNING [05-04 21:59:42] get_path in utils:
Path is None
WARNING [05-04 21:59:42] load_state_from_given_path in utils:
Not given any path.
DEBUG   [05-04 21:59:42] __init__ in DistillSched:
student model: 
NARM(
  (item_embedding): Embedding(21036, 64, padding_idx=0)
  (emb_dropout): Dropout(p=0.25, inplace=False)
  (gru): GRU(64, 128, bias=False, batch_first=True)
  (a_1): Linear(in_features=128, out_features=128, bias=False)
  (a_2): Linear(in_features=128, out_features=128, bias=False)
  (v_t): Linear(in_features=128, out_features=1, bias=False)
  (ct_dropout): Dropout(p=0.5, inplace=False)
  (b): Linear(in_features=256, out_features=64, bias=False)
  (loss_fct): CrossEntropyLoss()
)
INFO    [05-04 21:59:42] assert_model_device in utils:
model student_narm has 5.60498046875 MB params.
INFO    [05-04 21:59:42] assert_model_device in utils:
model teacher_pop has 3.814697265625e-06 MB params.
INFO    [05-04 21:59:42] __init__ in DistillTrainer:
450560 iter per epoch
INFO    [05-04 21:59:42] _set_current_routine in Routine:
first routine: student
INFO    [05-04 21:59:42] run_routine in Routine:
Start routine student
INFO    [05-04 21:59:42] run_routine in Routine:
Start training
INFO    [05-04 21:59:42] train in DistillTrainer:
Test mentor model: teacher_pop
INFO    [05-04 22:00:17] test_mentor in DistillTrainer:
{'Recall@10': 0.01926957221613044, 'NDCG@10': 0.008763348351099662, 'MRR@10': 0.00570286333649641, 'Recall@5': 0.008940985337609337, 'NDCG@5': 0.00557392868878586, 'MRR@5': 0.004471914765114586, 'Recall*@10': 0.020209885645835174, 'NDCG*@10': 0.008964412269138154, 'MRR*@10': 0.0057113271738801685, 'Recall*@5': 0.008626139722764492, 'NDCG*@5': 0.005387002557870888, 'MRR*@5': 0.004329948863458066}
INFO    [05-04 22:00:17] train in DistillTrainer:
result:
{'Recall@10': 0.01926957221613044, 'NDCG@10': 0.008763348351099662, 'MRR@10': 0.00570286333649641, 'Recall@5': 0.008940985337609337, 'NDCG@5': 0.00557392868878586, 'MRR@5': 0.004471914765114586, 'Recall*@10': 0.020209885645835174, 'NDCG*@10': 0.008964412269138154, 'MRR*@10': 0.0057113271738801685, 'Recall*@5': 0.008626139722764492, 'NDCG*@5': 0.005387002557870888, 'MRR*@5': 0.004329948863458066}
INFO    [05-04 22:00:50] log in loggers:
Update Best NDCG@10 Model at 0
INFO    [05-04 22:00:50] validate in BasicTrainer:
{'Recall@10': 0.0006510416666666666, 'NDCG@10': 0.00032070457624892396, 'MRR@10': 0.00022083378072628484, 'Recall@5': 0.0004069010416666667, 'NDCG@5': 0.00024287350935905816, 'MRR@5': 0.0001893058698832257, 'Recall*@10': 0.0006208952399902046, 'NDCG*@10': 0.00030577815396966236, 'MRR*@10': 0.00021059572169352102, 'Recall*@5': 0.0003880097009685068, 'NDCG*@5': 0.00023223877014104453, 'MRR*@5': 0.00018123157566324587}
INFO    [05-04 22:00:50] train in BasicTrainer:
epoch: 0
DEBUG   [05-04 22:00:51] calculate_loss in loss:
soft_target max: 0.646086573600769, argmax 2026253
DEBUG   [05-04 22:00:51] calculate_loss in loss:
pred max in softmax: 4.768875442096032e-05, argmax 24201711
INFO    [05-04 22:01:11] _train_one_epoch in BasicTrainer:
loss = 7.465212449160489
INFO    [05-04 22:01:45] log in loggers:
Update Best NDCG@10 Model at 0
INFO    [05-04 22:01:45] validate in BasicTrainer:
{'Recall@10': 0.016882944852113724, 'NDCG@10': 0.008205683081455174, 'MRR@10': 0.005598139683050769, 'Recall@5': 0.010185728115694863, 'NDCG@5': 0.0060790421973381725, 'MRR@5': 0.004742893212962718, 'Recall*@10': 0.015856712746123474, 'NDCG*@10': 0.007658981607251224, 'MRR*@10': 0.005206130988275011, 'Recall*@5': 0.009558385703712702, 'NDCG*@5': 0.005652791332630884, 'MRR*@5': 0.004395429488448869}
INFO    [05-04 22:01:45] train in BasicTrainer:
duration: 55.20095610618591s
INFO    [05-04 22:01:45] train in BasicTrainer:
epoch: 1
INFO    [05-04 22:02:03] _train_one_epoch in BasicTrainer:
loss = 6.801804884997281
INFO    [05-04 22:02:35] log in loggers:
Update Best NDCG@10 Model at 1
INFO    [05-04 22:02:35] validate in BasicTrainer:
{'Recall@10': 0.0171735884533042, 'NDCG@10': 0.008327118098913204, 'MRR@10': 0.005665822375920557, 'Recall@5': 0.010185728115694863, 'NDCG@5': 0.006088483169497479, 'MRR@5': 0.004754627256521157, 'Recall*@10': 0.016151312649959608, 'NDCG*@10': 0.007718532057922511, 'MRR*@10': 0.005195073251213346, 'Recall*@5': 0.009511710410671574, 'NDCG*@5': 0.005586344016981977, 'MRR*@5': 0.004323985538489762}
INFO    [05-04 22:02:35] train in BasicTrainer:
duration: 50.389944553375244s
INFO    [05-04 22:02:35] train in BasicTrainer:
epoch: 2
INFO    [05-04 22:02:54] _train_one_epoch in BasicTrainer:
loss = 6.7211606762625955
INFO    [05-04 22:03:26] log in loggers:
Update Best NDCG@10 Model at 2
INFO    [05-04 22:03:26] validate in BasicTrainer:
{'Recall@10': 0.017944237394701867, 'NDCG@10': 0.00858780803779761, 'MRR@10': 0.005785643278310697, 'Recall@5': 0.01022809318133763, 'NDCG@5': 0.006121904589235783, 'MRR@5': 0.004785274510227498, 'Recall*@10': 0.016759170884532586, 'NDCG*@10': 0.008012459968172368, 'MRR*@10': 0.005403576208101142, 'Recall*@5': 0.009514252899125927, 'NDCG*@5': 0.005693029878394944, 'MRR*@5': 0.00446023529262415}
INFO    [05-04 22:03:26] train in BasicTrainer:
duration: 50.796388149261475s
INFO    [05-04 22:03:26] train in BasicTrainer:
epoch: 3
INFO    [05-04 22:03:52] _train_one_epoch in BasicTrainer:
loss = 6.684477307579734
INFO    [05-04 22:04:25] log in loggers:
Update Best NDCG@10 Model at 3
INFO    [05-04 22:04:25] validate in BasicTrainer:
{'Recall@10': 0.0187621774772803, 'NDCG@10': 0.008981780925144752, 'MRR@10': 0.006045362158190636, 'Recall@5': 0.0109455394780352, 'NDCG@5': 0.006480835666436525, 'MRR@5': 0.005028824078007823, 'Recall*@10': 0.01717393494965065, 'NDCG*@10': 0.008204215272728885, 'MRR*@10': 0.0055236660742333955, 'Recall*@5': 0.009978515982982657, 'NDCG*@5': 0.00589673633554152, 'MRR*@5': 0.0045826023644102475}
INFO    [05-04 22:04:25] train in BasicTrainer:
duration: 58.55249261856079s
INFO    [05-04 22:04:25] train in BasicTrainer:
epoch: 4
INFO    [05-04 22:04:45] _train_one_epoch in BasicTrainer:
loss = 6.654976216229525
INFO    [05-04 22:05:17] log in loggers:
Update Best NDCG@10 Model at 4
INFO    [05-04 22:05:17] validate in BasicTrainer:
{'Recall@10': 0.02070032698767526, 'NDCG@10': 0.009790570541684116, 'MRR@10': 0.006518101630111535, 'Recall@5': 0.011937865721327918, 'NDCG@5': 0.006991292682609388, 'MRR@5': 0.005382765483643327, 'Recall*@10': 0.018699887341686657, 'NDCG*@10': 0.008724538698082878, 'MRR*@10': 0.005752969444507644, 'Recall*@5': 0.010535118170082569, 'NDCG*@5': 0.006110914650240115, 'MRR*@5': 0.004689707997299376}
INFO    [05-04 22:05:17] train in BasicTrainer:
duration: 52.23109984397888s
INFO    [05-04 22:05:17] train in BasicTrainer:
epoch: 5
INFO    [05-04 22:05:41] _train_one_epoch in BasicTrainer:
loss = 6.63080378445712
INFO    [05-04 22:06:14] log in loggers:
Update Best NDCG@10 Model at 5
INFO    [05-04 22:06:14] validate in BasicTrainer:
{'Recall@10': 0.022839463892437163, 'NDCG@10': 0.01065141854009458, 'MRR@10': 0.007005734435681786, 'Recall@5': 0.012588907387994584, 'NDCG@5': 0.007362352262827612, 'MRR@5': 0.005663333549385979, 'Recall*@10': 0.02158650844579651, 'NDCG*@10': 0.009981744168769745, 'MRR*@10': 0.006527519540949946, 'Recall*@5': 0.011779926584235259, 'NDCG*@5': 0.006837309315978061, 'MRR*@5': 0.0052452795318372195}
INFO    [05-04 22:06:14] train in BasicTrainer:
duration: 57.179073333740234s
INFO    [05-04 22:06:14] train in BasicTrainer:
epoch: 6
INFO    [05-04 22:06:37] _train_one_epoch in BasicTrainer:
loss = 6.602340325442228
INFO    [05-04 22:07:09] log in loggers:
Update Best NDCG@10 Model at 6
INFO    [05-04 22:07:09] validate in BasicTrainer:
{'Recall@10': 0.02507160674958002, 'NDCG@10': 0.011570663812259832, 'MRR@10': 0.0075472625682041754, 'Recall@5': 0.013185170079980577, 'NDCG@5': 0.0077425523084544, 'MRR@5': 0.005977267998137644, 'Recall*@10': 0.023929212064970107, 'NDCG*@10': 0.01100761332504806, 'MRR*@10': 0.0071674520149827, 'Recall*@5': 0.012535733170807362, 'NDCG*@5': 0.0073277454246722514, 'MRR*@5': 0.005652165816475947}
INFO    [05-04 22:07:09] train in BasicTrainer:
duration: 54.88484525680542s
INFO    [05-04 22:07:09] train in BasicTrainer:
epoch: 7
INFO    [05-04 22:07:28] _train_one_epoch in BasicTrainer:
loss = 6.560389865528453
INFO    [05-04 22:08:00] log in loggers:
Update Best NDCG@10 Model at 7
INFO    [05-04 22:08:00] validate in BasicTrainer:
{'Recall@10': 0.027265522451627822, 'NDCG@10': 0.012196813488290423, 'MRR@10': 0.007734395275335936, 'Recall@5': 0.01328980177640915, 'NDCG@5': 0.007699612661131791, 'MRR@5': 0.0058916250265957345, 'Recall*@10': 0.025759251433469, 'NDCG*@10': 0.01147640993197759, 'MRR*@10': 0.007256889649267707, 'Recall*@5': 0.012652304644385973, 'NDCG*@5': 0.007252202724062261, 'MRR*@5': 0.005521832898791347}
INFO    [05-04 22:08:00] train in BasicTrainer:
duration: 50.64792346954346s
INFO    [05-04 22:08:00] train in BasicTrainer:
epoch: 8
INFO    [05-04 22:08:25] _train_one_epoch in BasicTrainer:
loss = 6.51031625921076
INFO    [05-04 22:08:58] log in loggers:
Update Best NDCG@10 Model at 8
INFO    [05-04 22:08:58] validate in BasicTrainer:
{'Recall@10': 0.02885489964059421, 'NDCG@10': 0.012846684393783411, 'MRR@10': 0.008115840920557579, 'Recall@5': 0.013817098257797105, 'NDCG@5': 0.008028449911978982, 'MRR@5': 0.006153421077345099, 'Recall*@10': 0.026872876942867323, 'NDCG*@10': 0.012000640721193381, 'MRR*@10': 0.0076139733594443116, 'Recall*@5': 0.013223361090889998, 'NDCG*@5': 0.007634378127044155, 'MRR*@5': 0.005839532130353507}
INFO    [05-04 22:08:58] train in BasicTrainer:
duration: 58.62692594528198s
INFO    [05-04 22:08:58] train in BasicTrainer:
epoch: 9
DEBUG   [05-04 22:09:00] calculate_loss in loss:
soft_target max: 0.646086573600769, argmax 59033813
DEBUG   [05-04 22:09:00] calculate_loss in loss:
pred max in softmax: 0.3324021100997925, argmax 33138497
DEBUG   [05-04 22:09:01] calculate_loss in loss:
soft_target max: 0.646086573600769, argmax 13301549
DEBUG   [05-04 22:09:01] calculate_loss in loss:
pred max in softmax: 0.41062530875205994, argmax 55310441
INFO    [05-04 22:09:16] _train_one_epoch in BasicTrainer:
loss = 6.459296096454967
INFO    [05-04 22:09:50] log in loggers:
Update Best NDCG@10 Model at 9
INFO    [05-04 22:09:50] validate in BasicTrainer:
{'Recall@10': 0.029551656118461063, 'NDCG@10': 0.013052716984280519, 'MRR@10': 0.008180118298956327, 'Recall@5': 0.013886852722082819, 'NDCG@5': 0.008044185449502297, 'MRR@5': 0.006146501461487441, 'Recall*@10': 0.028118865653162912, 'NDCG*@10': 0.012400338603627114, 'MRR*@10': 0.00776514100531737, 'Recall*@5': 0.013486650284557115, 'NDCG*@5': 0.007724346060838018, 'MRR*@5': 0.005867819833968367}
INFO    [05-04 22:09:50] train in BasicTrainer:
duration: 51.66907548904419s
INFO    [05-04 22:09:50] train in BasicTrainer:
epoch: 10
INFO    [05-04 22:10:11] _train_one_epoch in BasicTrainer:
loss = 6.409499541195956
INFO    [05-04 22:10:46] log in loggers:
Update Best NDCG@10 Model at 10
INFO    [05-04 22:10:46] validate in BasicTrainer:
{'Recall@10': 0.03314814893972306, 'NDCG@10': 0.014320791743340947, 'MRR@10': 0.00879207927556265, 'Recall@5': 0.014816912245892343, 'NDCG@5': 0.008470603397914342, 'MRR@5': 0.006422757370663541, 'Recall*@10': 0.031028485103022484, 'NDCG*@10': 0.01354863898207744, 'MRR*@10': 0.00841515992457668, 'Recall*@5': 0.014128245280257292, 'NDCG*@5': 0.0081384503947837, 'MRR*@5': 0.006214111378150327}
INFO    [05-04 22:10:46] train in BasicTrainer:
duration: 55.68988633155823s
INFO    [05-04 22:10:46] train in BasicTrainer:
epoch: 11
INFO    [05-04 22:11:06] _train_one_epoch in BasicTrainer:
loss = 6.360532829978249
INFO    [05-04 22:11:38] log in loggers:
Update Best NDCG@10 Model at 11
INFO    [05-04 22:11:39] validate in BasicTrainer:
{'Recall@10': 0.03519093014654659, 'NDCG@10': 0.01524788225513129, 'MRR@10': 0.009378147156288227, 'Recall@5': 0.015762735512994584, 'NDCG@5': 0.009013948718174583, 'MRR@5': 0.006833428539158333, 'Recall*@10': 0.03355750920517104, 'NDCG*@10': 0.014537037261539982, 'MRR*@10': 0.008943037861692054, 'Recall*@5': 0.015296731676374162, 'NDCG*@5': 0.008670422004624492, 'MRR*@5': 0.006544107682115975}
INFO    [05-04 22:11:39] train in BasicTrainer:
duration: 53.10161733627319s
INFO    [05-04 22:11:39] train in BasicTrainer:
epoch: 12
INFO    [05-04 22:11:57] _train_one_epoch in BasicTrainer:
loss = 6.317376726323908
INFO    [05-04 22:12:32] log in loggers:
Update Best NDCG@10 Model at 12
INFO    [05-04 22:12:32] validate in BasicTrainer:
{'Recall@10': 0.03624059685638973, 'NDCG@10': 0.01566081214696169, 'MRR@10': 0.00957847275726852, 'Recall@5': 0.016657917804661252, 'NDCG@5': 0.009355397362794195, 'MRR@5': 0.006992425481300978, 'Recall*@10': 0.034565952384755724, 'NDCG*@10': 0.014970975484521616, 'MRR*@10': 0.009184944354707287, 'Recall*@5': 0.01578660114180474, 'NDCG*@5': 0.008902491048155796, 'MRR*@5': 0.006683487090326491}
INFO    [05-04 22:12:32] train in BasicTrainer:
duration: 53.08419871330261s
INFO    [05-04 22:12:32] train in BasicTrainer:
epoch: 13
INFO    [05-04 22:12:53] _train_one_epoch in BasicTrainer:
loss = 6.283739514784379
INFO    [05-04 22:13:25] log in loggers:
Update Best NDCG@10 Model at 13
INFO    [05-04 22:13:26] validate in BasicTrainer:
{'Recall@10': 0.03797697080742745, 'NDCG@10': 0.01646226564688342, 'MRR@10': 0.010115105991384812, 'Recall@5': 0.017626992471161344, 'NDCG@5': 0.009937927237756196, 'MRR@5': 0.007455235258454368, 'Recall*@10': 0.036224872583434695, 'NDCG*@10': 0.015751856423559644, 'MRR*@10': 0.009709961911929505, 'Recall*@5': 0.017071376066832317, 'NDCG*@5': 0.009594064117187545, 'MRR*@5': 0.007189580217181217}
INFO    [05-04 22:13:26] train in BasicTrainer:
duration: 53.70361042022705s
INFO    [05-04 22:13:26] train in BasicTrainer:
epoch: 14
INFO    [05-04 22:13:49] _train_one_epoch in BasicTrainer:
loss = 6.255389048836448
INFO    [05-04 22:14:21] log in loggers:
Update Best NDCG@10 Model at 14
INFO    [05-04 22:14:21] validate in BasicTrainer:
{'Recall@10': 0.03921343758702278, 'NDCG@10': 0.017118300754754318, 'MRR@10': 0.010604362136551313, 'Recall@5': 0.0177856149772803, 'NDCG@5': 0.010231421972137122, 'MRR@5': 0.0077867658054899605, 'Recall*@10': 0.03805261930184705, 'NDCG*@10': 0.016577484529642833, 'MRR*@10': 0.010263395229620593, 'Recall*@5': 0.017012902668544223, 'NDCG*@5': 0.009816415386185759, 'MRR*@5': 0.0074979351123883615}
INFO    [05-04 22:14:21] train in BasicTrainer:
duration: 55.66415810585022s
INFO    [05-04 22:14:21] train in BasicTrainer:
epoch: 15
INFO    [05-04 22:14:42] _train_one_epoch in BasicTrainer:
loss = 6.227964878082275
INFO    [05-04 22:15:16] log in loggers:
Update Best NDCG@10 Model at 15
INFO    [05-04 22:15:16] validate in BasicTrainer:
{'Recall@10': 0.041085182378689446, 'NDCG@10': 0.01756182490360169, 'MRR@10': 0.010624223876567114, 'Recall@5': 0.01836276418041615, 'NDCG@5': 0.01025594136722031, 'MRR@5': 0.007633657460766179, 'Recall*@10': 0.03944192383260954, 'NDCG*@10': 0.016877274649838608, 'MRR*@10': 0.010227213791083722, 'Recall*@5': 0.017699919774063995, 'NDCG*@5': 0.009871633945121652, 'MRR*@5': 0.007350526107031675}
INFO    [05-04 22:15:16] train in BasicTrainer:
duration: 55.07893753051758s
INFO    [05-04 22:15:16] train in BasicTrainer:
epoch: 16
INFO    [05-04 22:15:37] _train_one_epoch in BasicTrainer:
loss = 6.196331279928034
INFO    [05-04 22:16:09] log in loggers:
Update Best NDCG@10 Model at 16
INFO    [05-04 22:16:09] validate in BasicTrainer:
{'Recall@10': 0.042325787246227264, 'NDCG@10': 0.018353803526787532, 'MRR@10': 0.01126521448826506, 'Recall@5': 0.019568491727113724, 'NDCG@5': 0.011042604666380655, 'MRR@5': 0.008275457680047978, 'Recall*@10': 0.04084415006495658, 'NDCG*@10': 0.017796263852644535, 'MRR*@10': 0.010983480805797237, 'Recall*@5': 0.019145127829341663, 'NDCG*@5': 0.010825685580216703, 'MRR*@5': 0.008133709231125457}
INFO    [05-04 22:16:09] train in BasicTrainer:
duration: 52.38999652862549s
INFO    [05-04 22:16:09] train in BasicTrainer:
epoch: 17
INFO    [05-04 22:16:30] _train_one_epoch in BasicTrainer:
loss = 6.164180356805975
INFO    [05-04 22:17:04] log in loggers:
Update Best NDCG@10 Model at 17
INFO    [05-04 22:17:05] validate in BasicTrainer:
{'Recall@10': 0.04427812408123698, 'NDCG@10': 0.019267757733662922, 'MRR@10': 0.011879181223256248, 'Recall@5': 0.020746829963865735, 'NDCG@5': 0.011734516936398688, 'MRR@5': 0.008814803391162838, 'Recall*@10': 0.0437565426386538, 'NDCG*@10': 0.019057197052808034, 'MRR*@10': 0.011774268533502306, 'Recall*@5': 0.02018492917219798, 'NDCG*@5': 0.011506777655865465, 'MRR*@5': 0.00870061217851582}
INFO    [05-04 22:17:05] train in BasicTrainer:
duration: 55.79611277580261s
INFO    [05-04 22:17:05] train in BasicTrainer:
epoch: 18
DEBUG   [05-04 22:17:09] calculate_loss in loss:
soft_target max: 0.646086573600769, argmax 679949
DEBUG   [05-04 22:17:09] calculate_loss in loss:
pred max in softmax: 0.6919429302215576, argmax 67090601
DEBUG   [05-04 22:17:10] calculate_loss in loss:
soft_target max: 0.646086573600769, argmax 5181653
DEBUG   [05-04 22:17:10] calculate_loss in loss:
pred max in softmax: 0.3918892443180084, argmax 6296561
INFO    [05-04 22:17:29] _train_one_epoch in BasicTrainer:
loss = 6.132992683757435
INFO    [05-04 22:18:00] log in loggers:
Update Best NDCG@10 Model at 18
INFO    [05-04 22:18:01] validate in BasicTrainer:
{'Recall@10': 0.047231851234322504, 'NDCG@10': 0.02042794085684277, 'MRR@10': 0.012501738034188747, 'Recall@5': 0.02253384462424687, 'NDCG@5': 0.012521998690707343, 'MRR@5': 0.009286430974801382, 'Recall*@10': 0.04588670815740313, 'NDCG*@10': 0.019911300302261396, 'MRR*@10': 0.01223783895728134, 'Recall*@5': 0.021939861809923536, 'NDCG*@5': 0.012236558743530796, 'MRR*@5': 0.009111045549313227}
INFO    [05-04 22:18:01] train in BasicTrainer:
duration: 56.140647172927856s
INFO    [05-04 22:18:01] train in BasicTrainer:
epoch: 19
INFO    [05-04 22:18:19] _train_one_epoch in BasicTrainer:
loss = 6.103368334336714
INFO    [05-04 22:18:53] log in loggers:
Update Best NDCG@10 Model at 19
INFO    [05-04 22:18:53] validate in BasicTrainer:
{'Recall@10': 0.04882871607939402, 'NDCG@10': 0.021128494203800245, 'MRR@10': 0.012948944588147458, 'Recall@5': 0.022459952249413447, 'NDCG@5': 0.012664128272306351, 'MRR@5': 0.009492242753150918, 'Recall*@10': 0.04742199643736794, 'NDCG*@10': 0.020612121870120365, 'MRR*@10': 0.012691812368021124, 'Recall*@5': 0.022209671459027698, 'NDCG*@5': 0.012494095113305818, 'MRR*@5': 0.009361714723386936}
INFO    [05-04 22:18:53] train in BasicTrainer:
duration: 52.13160228729248s
INFO    [05-04 22:18:53] train in BasicTrainer:
epoch: 20
INFO    [05-04 22:19:12] _train_one_epoch in BasicTrainer:
loss = 6.07480149269104
INFO    [05-04 22:19:44] log in loggers:
Update Best NDCG@10 Model at 20
INFO    [05-04 22:19:45] validate in BasicTrainer:
{'Recall@10': 0.05111898765677497, 'NDCG@10': 0.022275849467232114, 'MRR@10': 0.013755096699155513, 'Recall@5': 0.02424282899924687, 'NDCG@5': 0.013672995647149426, 'MRR@5': 0.010255775126140742, 'Recall*@10': 0.04978181705588386, 'NDCG*@10': 0.021776106652049793, 'MRR*@10': 0.013522537912996043, 'Recall*@5': 0.023329840263440496, 'NDCG*@5': 0.013305414113260451, 'MRR*@5': 0.010074682622438385}
INFO    [05-04 22:19:45] train in BasicTrainer:
duration: 51.757901191711426s
INFO    [05-04 22:19:45] train in BasicTrainer:
epoch: 21
INFO    [05-04 22:20:04] _train_one_epoch in BasicTrainer:
loss = 6.049014550989324
INFO    [05-04 22:20:36] log in loggers:
Update Best NDCG@10 Model at 21
INFO    [05-04 22:20:36] validate in BasicTrainer:
{'Recall@10': 0.05204825901559421, 'NDCG@10': 0.022734137340670542, 'MRR@10': 0.014067464641162328, 'Recall@5': 0.025138011290913538, 'NDCG@5': 0.014118744326489312, 'MRR@5': 0.01056234986476955, 'Recall*@10': 0.0510244502552918, 'NDCG*@10': 0.022359256144790424, 'MRR*@10': 0.013895767740905285, 'Recall*@5': 0.024310544310581116, 'NDCG*@5': 0.013780002837024984, 'MRR*@5': 0.010389813177642367}
INFO    [05-04 22:20:36] train in BasicTrainer:
duration: 51.16169023513794s
INFO    [05-04 22:20:36] train in BasicTrainer:
epoch: 22
INFO    [05-04 22:20:54] _train_one_epoch in BasicTrainer:
loss = 6.024185575138439
INFO    [05-04 22:21:29] log in loggers:
Update Best NDCG@10 Model at 22
INFO    [05-04 22:21:30] validate in BasicTrainer:
{'Recall@10': 0.05383192393041793, 'NDCG@10': 0.023283755584132104, 'MRR@10': 0.014260865215744292, 'Recall@5': 0.02494372356505621, 'NDCG@5': 0.014031150333938144, 'MRR@5': 0.010494040547027475, 'Recall*@10': 0.05299632499615351, 'NDCG*@10': 0.023020811112863675, 'MRR*@10': 0.014174494848010085, 'Recall*@5': 0.02454336253660066, 'NDCG*@5': 0.013888422000621046, 'MRR*@5': 0.010445356945551577}
INFO    [05-04 22:21:30] train in BasicTrainer:
duration: 53.828364610672s
INFO    [05-04 22:21:30] train in BasicTrainer:
epoch: 23
INFO    [05-04 22:21:53] _train_one_epoch in BasicTrainer:
loss = 6.002823625911366
INFO    [05-04 22:22:25] log in loggers:
Update Best NDCG@10 Model at 23
INFO    [05-04 22:22:25] validate in BasicTrainer:
{'Recall@10': 0.05555332239185061, 'NDCG@10': 0.024042123307784397, 'MRR@10': 0.014752241250659739, 'Recall@5': 0.025362250350770495, 'NDCG@5': 0.014373882629332087, 'MRR@5': 0.010817649951648144, 'Recall*@10': 0.05396503369723048, 'NDCG*@10': 0.023499590655167896, 'MRR*@10': 0.014516882509702728, 'Recall*@5': 0.024880734582742054, 'NDCG*@5': 0.01415158799361615, 'MRR*@5': 0.010692848380477656}
INFO    [05-04 22:22:25] train in BasicTrainer:
duration: 55.69120216369629s
INFO    [05-04 22:22:25] train in BasicTrainer:
epoch: 24
INFO    [05-04 22:22:50] _train_one_epoch in BasicTrainer:
loss = 5.982536120848223
INFO    [05-04 22:23:23] validate in BasicTrainer:
{'Recall@10': 0.055548396138917835, 'NDCG@10': 0.023986455762670153, 'MRR@10': 0.014658592951794466, 'Recall@5': 0.026277334207580202, 'NDCG@5': 0.014618654646688984, 'MRR@5': 0.010849765147126857, 'Recall*@10': 0.054428579551833015, 'NDCG*@10': 0.02351965577829452, 'MRR*@10': 0.014399220457389242, 'Recall*@5': 0.025372793011012532, 'NDCG*@5': 0.0141965833359531, 'MRR*@5': 0.010594201983795279}
INFO    [05-04 22:23:23] train in BasicTrainer:
duration: 57.43110799789429s
INFO    [05-04 22:23:23] train in BasicTrainer:
epoch: 25
INFO    [05-04 22:23:46] _train_one_epoch in BasicTrainer:
loss = 5.964672110297463
INFO    [05-04 22:24:18] log in loggers:
Update Best NDCG@10 Model at 25
INFO    [05-04 22:24:18] validate in BasicTrainer:
{'Recall@10': 0.0580453695285888, 'NDCG@10': 0.02515893048118977, 'MRR@10': 0.015441835946625187, 'Recall@5': 0.026932513962189358, 'NDCG@5': 0.015173920430243015, 'MRR@5': 0.011365298004377456, 'Recall*@10': 0.056500738397950216, 'NDCG*@10': 0.024526339999976613, 'MRR*@10': 0.015083766364980312, 'Recall*@5': 0.026194789136449497, 'NDCG*@5': 0.014767795934208803, 'MRR*@5': 0.011080909032552015}
INFO    [05-04 22:24:18] train in BasicTrainer:
duration: 55.24603462219238s
INFO    [05-04 22:24:18] train in BasicTrainer:
epoch: 26
INFO    [05-04 22:24:43] _train_one_epoch in BasicTrainer:
loss = 5.94951420697299
INFO    [05-04 22:25:16] log in loggers:
Update Best NDCG@10 Model at 26
INFO    [05-04 22:25:16] validate in BasicTrainer:
{'Recall@10': 0.058796116638751256, 'NDCG@10': 0.025679197517179307, 'MRR@10': 0.01587820758244821, 'Recall@5': 0.028036959646713166, 'NDCG@5': 0.015817256333927315, 'MRR@5': 0.01185782573052815, 'Recall*@10': 0.057325104162806555, 'NDCG*@10': 0.025168178603053093, 'MRR*@10': 0.015657309132317703, 'Recall*@5': 0.027236394229389373, 'NDCG*@5': 0.015492338376740614, 'MRR*@5': 0.011696148131574904}
INFO    [05-04 22:25:16] train in BasicTrainer:
duration: 57.99022197723389s
INFO    [05-04 22:25:16] train in BasicTrainer:
epoch: 27
DEBUG   [05-04 22:25:22] calculate_loss in loss:
soft_target max: 0.646086573600769, argmax 13932629
DEBUG   [05-04 22:25:22] calculate_loss in loss:
pred max in softmax: 0.44443634152412415, argmax 13575017
DEBUG   [05-04 22:25:23] calculate_loss in loss:
soft_target max: 0.646086573600769, argmax 24050945
DEBUG   [05-04 22:25:23] calculate_loss in loss:
pred max in softmax: 0.543220043182373, argmax 31812487
INFO    [05-04 22:25:39] _train_one_epoch in BasicTrainer:
loss = 5.932338770953092
INFO    [05-04 22:26:11] validate in BasicTrainer:
{'Recall@10': 0.058870009368374235, 'NDCG@10': 0.025262078802500452, 'MRR@10': 0.01534553887766032, 'Recall@5': 0.026598717130365827, 'NDCG@5': 0.014900073630823976, 'MRR@5': 0.011112441264447711, 'Recall*@10': 0.05875401943922043, 'NDCG*@10': 0.025237294002657847, 'MRR*@10': 0.015362528817994254, 'Recall*@5': 0.026230353063770702, 'NDCG*@5': 0.014767022005149297, 'MRR*@5': 0.011069150907652718}
INFO    [05-04 22:26:11] train in BasicTrainer:
duration: 55.03460741043091s
INFO    [05-04 22:26:11] train in BasicTrainer:
epoch: 28
INFO    [05-04 22:26:36] _train_one_epoch in BasicTrainer:
loss = 5.917372447794134
INFO    [05-04 22:27:09] log in loggers:
Update Best NDCG@10 Model at 28
INFO    [05-04 22:27:09] validate in BasicTrainer:
{'Recall@10': 0.06231201759406498, 'NDCG@10': 0.027340816156495185, 'MRR@10': 0.01699037326588517, 'Recall@5': 0.030122105741784685, 'NDCG@5': 0.01703253100138335, 'MRR@5': 0.012794742626803262, 'Recall*@10': 0.061955576141675316, 'NDCG*@10': 0.027371793187090328, 'MRR*@10': 0.017139719355674016, 'Recall*@5': 0.03010187413366068, 'NDCG*@5': 0.017154441969025703, 'MRR*@5': 0.012970897812573682}
INFO    [05-04 22:27:09] train in BasicTrainer:
duration: 57.91809320449829s
INFO    [05-04 22:27:09] train in BasicTrainer:
epoch: 29
INFO    [05-04 22:27:35] _train_one_epoch in BasicTrainer:
loss = 5.902459781820124
INFO    [05-04 22:28:08] validate in BasicTrainer:
{'Recall@10': 0.06097840695154099, 'NDCG@10': 0.02675303187043894, 'MRR@10': 0.016618359257422742, 'Recall@5': 0.029218647451627822, 'NDCG@5': 0.016567576942699298, 'MRR@5': 0.01246406537081514, 'Recall*@10': 0.06011168605514935, 'NDCG*@10': 0.02650450790921847, 'MRR*@10': 0.01654753519133443, 'Recall*@5': 0.029356524170864196, 'NDCG*@5': 0.016613905938963097, 'MRR*@5': 0.012497452132049062}
INFO    [05-04 22:28:08] train in BasicTrainer:
duration: 58.69694209098816s
INFO    [05-04 22:28:08] train in BasicTrainer:
epoch: 30
INFO    [05-04 22:28:31] _train_one_epoch in BasicTrainer:
loss = 5.8872983932495115
INFO    [05-04 22:29:03] validate in BasicTrainer:
{'Recall@10': 0.06101328418368385, 'NDCG@10': 0.026872084254310244, 'MRR@10': 0.016748818036701, 'Recall@5': 0.029847225972584317, 'NDCG@5': 0.016868856735527515, 'MRR@5': 0.012664504437929108, 'Recall*@10': 0.06121098356587546, 'NDCG*@10': 0.027036490628407114, 'MRR*@10': 0.016912341650043215, 'Recall*@5': 0.03002094974120458, 'NDCG*@5': 0.017018340794103488, 'MRR*@5': 0.012817293050743285}
INFO    [05-04 22:29:03] train in BasicTrainer:
duration: 55.806671142578125s
INFO    [05-04 22:29:03] train in BasicTrainer:
epoch: 31
INFO    [05-04 22:29:31] _train_one_epoch in BasicTrainer:
loss = 5.872640458020297
INFO    [05-04 22:30:04] log in loggers:
Update Best NDCG@10 Model at 31
INFO    [05-04 22:30:05] validate in BasicTrainer:
{'Recall@10': 0.06237684580541793, 'NDCG@10': 0.027363832773906843, 'MRR@10': 0.01701764301175163, 'Recall@5': 0.029295889749413447, 'NDCG@5': 0.01675578397476957, 'MRR@5': 0.012691398151218891, 'Recall*@10': 0.06210922432087716, 'NDCG*@10': 0.02735176185766856, 'MRR*@10': 0.01709049532101268, 'Recall*@5': 0.029146440770654453, 'NDCG*@5': 0.016765574658555642, 'MRR*@5': 0.012763569220190956}
INFO    [05-04 22:30:05] train in BasicTrainer:
duration: 61.16521596908569s
INFO    [05-04 22:30:05] train in BasicTrainer:
epoch: 32
INFO    [05-04 22:30:30] _train_one_epoch in BasicTrainer:
loss = 5.858953259207985
INFO    [05-04 22:31:04] log in loggers:
Update Best NDCG@10 Model at 32
INFO    [05-04 22:31:04] validate in BasicTrainer:
{'Recall@10': 0.06282690025511242, 'NDCG@10': 0.028020653873682022, 'MRR@10': 0.017677081837540583, 'Recall@5': 0.03167995544416564, 'NDCG@5': 0.01803263964220172, 'MRR@5': 0.013604416511952877, 'Recall*@10': 0.06239398710784458, 'NDCG*@10': 0.027992084799777894, 'MRR*@10': 0.017771988530598935, 'Recall*@5': 0.03167179359921387, 'NDCG*@5': 0.018128238884466037, 'MRR*@5': 0.013742401220259211}
INFO    [05-04 22:31:04] train in BasicTrainer:
duration: 59.175448417663574s
INFO    [05-04 22:31:04] train in BasicTrainer:
epoch: 33
INFO    [05-04 22:31:30] _train_one_epoch in BasicTrainer:
loss = 5.846981560100208
INFO    [05-04 22:32:02] validate in BasicTrainer:
{'Recall@10': 0.06285763957670756, 'NDCG@10': 0.027791989080253102, 'MRR@10': 0.01738301473891451, 'Recall@5': 0.03094339565861793, 'NDCG@5': 0.01754846020291249, 'MRR@5': 0.013199981568115098, 'Recall*@10': 0.06314977755149205, 'NDCG*@10': 0.027900942468217442, 'MRR*@10': 0.017451952034164043, 'Recall*@5': 0.031019367277622223, 'NDCG*@5': 0.01759243929492576, 'MRR*@5': 0.013244678931576865}
INFO    [05-04 22:32:02] train in BasicTrainer:
duration: 58.37289500236511s
INFO    [05-04 22:32:02] train in BasicTrainer:
epoch: 34
INFO    [05-04 22:32:29] _train_one_epoch in BasicTrainer:
loss = 5.832915804602883
INFO    [05-04 22:33:03] log in loggers:
Update Best NDCG@10 Model at 34
INFO    [05-04 22:33:04] validate in BasicTrainer:
{'Recall@10': 0.06424859059708458, 'NDCG@10': 0.028747741665158952, 'MRR@10': 0.018210554938940776, 'Recall@5': 0.03181197671663193, 'NDCG@5': 0.018337788282050974, 'MRR@5': 0.013960686201850573, 'Recall*@10': 0.06454224334586234, 'NDCG*@10': 0.028893748120892616, 'MRR*@10': 0.01833001666125797, 'Recall*@5': 0.031989608314775285, 'NDCG*@5': 0.01844564803122055, 'MRR*@5': 0.014064189534456957}
INFO    [05-04 22:33:04] train in BasicTrainer:
duration: 61.46930146217346s
INFO    [05-04 22:33:04] train in BasicTrainer:
epoch: 35
INFO    [05-04 22:33:29] _train_one_epoch in BasicTrainer:
loss = 5.82116471637379
INFO    [05-04 22:34:00] log in loggers:
Update Best NDCG@10 Model at 35
INFO    [05-04 22:34:00] validate in BasicTrainer:
{'Recall@10': 0.06528820807025545, 'NDCG@10': 0.029288420187575475, 'MRR@10': 0.01860093538250242, 'Recall@5': 0.03277277538464183, 'NDCG@5': 0.018869473022364434, 'MRR@5': 0.014356109579758984, 'Recall*@10': 0.064627624693371, 'NDCG*@10': 0.02918280049094132, 'MRR*@10': 0.018666962294706275, 'Recall*@5': 0.03249875030347279, 'NDCG*@5': 0.018862999886983915, 'MRR*@5': 0.014447954172889391}
INFO    [05-04 22:34:00] train in BasicTrainer:
duration: 56.75097894668579s
INFO    [05-04 22:34:00] train in BasicTrainer:
epoch: 36
DEBUG   [05-04 22:34:10] calculate_loss in loss:
soft_target max: 0.646086573600769, argmax 13112225
DEBUG   [05-04 22:34:10] calculate_loss in loss:
pred max in softmax: 0.5698279738426208, argmax 43046453
DEBUG   [05-04 22:34:11] calculate_loss in loss:
soft_target max: 0.646086573600769, argmax 15194789
DEBUG   [05-04 22:34:11] calculate_loss in loss:
pred max in softmax: 0.9636892080307007, argmax 11477466
INFO    [05-04 22:34:28] _train_one_epoch in BasicTrainer:
loss = 5.808327549154108
INFO    [05-04 22:35:01] log in loggers:
Update Best NDCG@10 Model at 36
INFO    [05-04 22:35:01] validate in BasicTrainer:
{'Recall@10': 0.06495776098398935, 'NDCG@10': 0.02928945306865942, 'MRR@10': 0.01867894500139214, 'Recall@5': 0.0328192783608323, 'NDCG@5': 0.018947239521713483, 'MRR@5': 0.014440044672006653, 'Recall*@10': 0.06516581010960397, 'NDCG*@10': 0.029439210714328857, 'MRR*@10': 0.018826295754739215, 'Recall*@5': 0.032998337099949517, 'NDCG*@5': 0.019085312794361795, 'MRR*@5': 0.014580861576611088}
INFO    [05-04 22:35:01] train in BasicTrainer:
duration: 60.764509201049805s
INFO    [05-04 22:35:01] train in BasicTrainer:
epoch: 37
INFO    [05-04 22:35:26] _train_one_epoch in BasicTrainer:
loss = 5.794759225845337
INFO    [05-04 22:36:00] log in loggers:
Update Best NDCG@10 Model at 37
INFO    [05-04 22:36:00] validate in BasicTrainer:
{'Recall@10': 0.06566358180273146, 'NDCG@10': 0.02961035640466781, 'MRR@10': 0.01889589943346523, 'Recall@5': 0.033369826419012885, 'NDCG@5': 0.019250744510264622, 'MRR@5': 0.01466824101018054, 'Recall*@10': 0.06608932873322851, 'NDCG*@10': 0.02988569669070698, 'MRR*@10': 0.019141051829570814, 'Recall*@5': 0.03370856946068151, 'NDCG*@5': 0.01949734524601982, 'MRR*@5': 0.014900915191641875}
INFO    [05-04 22:36:00] train in BasicTrainer:
duration: 58.892139196395874s
INFO    [05-04 22:36:00] train in BasicTrainer:
epoch: 38
INFO    [05-04 22:36:27] _train_one_epoch in BasicTrainer:
loss = 5.782981920242309
INFO    [05-04 22:37:00] log in loggers:
Update Best NDCG@10 Model at 38
INFO    [05-04 22:37:00] validate in BasicTrainer:
{'Recall@10': 0.06797296695765995, 'NDCG@10': 0.03097032347605342, 'MRR@10': 0.01993804948315734, 'Recall@5': 0.03531546358551298, 'NDCG@5': 0.02044399951895078, 'MRR@5': 0.015613880363248643, 'Recall*@10': 0.06814494498428844, 'NDCG*@10': 0.03125408415993055, 'MRR*@10': 0.02026111801110563, 'Recall*@5': 0.035700407588765734, 'NDCG*@5': 0.020789707256924538, 'MRR*@5': 0.015958365274681932}
INFO    [05-04 22:37:00] train in BasicTrainer:
duration: 59.75310397148132s
INFO    [05-04 22:37:00] train in BasicTrainer:
epoch: 39
INFO    [05-04 22:37:20] _train_one_epoch in BasicTrainer:
loss = 5.770626059445468
INFO    [05-04 22:37:52] validate in BasicTrainer:
{'Recall@10': 0.06814400319542203, 'NDCG@10': 0.03075402815427099, 'MRR@10': 0.01963448737348829, 'Recall@5': 0.03482304442496527, 'NDCG@5': 0.02005831657775811, 'MRR@5': 0.015266894495912961, 'Recall*@10': 0.06808180503901981, 'NDCG*@10': 0.030796177596563383, 'MRR*@10': 0.019722292554520425, 'Recall*@5': 0.034550960486133896, 'NDCG*@5': 0.020020080730319023, 'MRR*@5': 0.015314159249620778}
INFO    [05-04 22:37:52] train in BasicTrainer:
duration: 52.390581369400024s
INFO    [05-04 22:37:52] train in BasicTrainer:
epoch: 40
INFO    [05-04 22:38:19] _train_one_epoch in BasicTrainer:
loss = 5.758793666146018
INFO    [05-04 22:38:51] log in loggers:
Update Best NDCG@10 Model at 40
INFO    [05-04 22:38:51] validate in BasicTrainer:
{'Recall@10': 0.06938716946613221, 'NDCG@10': 0.031816030542055763, 'MRR@10': 0.02062794335541271, 'Recall@5': 0.03604709729552269, 'NDCG@5': 0.021116582765465693, 'MRR@5': 0.01625948678702116, 'Recall*@10': 0.06936392152593249, 'NDCG*@10': 0.03194942813189257, 'MRR*@10': 0.020816962899906293, 'Recall*@5': 0.036212283851844926, 'NDCG*@5': 0.02129930497280189, 'MRR*@5': 0.016461858791964396}
INFO    [05-04 22:38:51] train in BasicTrainer:
duration: 59.024775981903076s
INFO    [05-04 22:38:51] train in BasicTrainer:
epoch: 41
INFO    [05-04 22:39:17] _train_one_epoch in BasicTrainer:
loss = 5.746649906852029
INFO    [05-04 22:39:50] validate in BasicTrainer:
{'Recall@10': 0.06900765817789804, 'NDCG@10': 0.03138864670126211, 'MRR@10': 0.02018841134295577, 'Recall@5': 0.035078810794012885, 'NDCG@5': 0.02043468434186209, 'MRR@5': 0.015678403278191883, 'Recall*@10': 0.06881177088334448, 'NDCG*@10': 0.03147458657622337, 'MRR*@10': 0.02035701966711453, 'Recall*@5': 0.03511455584140051, 'NDCG*@5': 0.020557087269567308, 'MRR*@5': 0.01583948651594775}
INFO    [05-04 22:39:50] train in BasicTrainer:
duration: 59.04582762718201s
INFO    [05-04 22:39:50] train in BasicTrainer:
epoch: 42
INFO    [05-04 22:40:15] _train_one_epoch in BasicTrainer:
loss = 5.735198025269942
INFO    [05-04 22:40:47] validate in BasicTrainer:
{'Recall@10': 0.07003151164168403, 'NDCG@10': 0.031668021920181456, 'MRR@10': 0.020276188318218504, 'Recall@5': 0.03497752884314174, 'NDCG@5': 0.020393196759479388, 'MRR@5': 0.01565857045352459, 'Recall*@10': 0.0696885720604942, 'NDCG*@10': 0.03169312008789608, 'MRR*@10': 0.020420998689674195, 'Recall*@5': 0.03474152292169276, 'NDCG*@5': 0.020431411408242724, 'MRR*@5': 0.015795758836680933}
INFO    [05-04 22:40:47] train in BasicTrainer:
duration: 56.79595637321472s
INFO    [05-04 22:40:47] train in BasicTrainer:
epoch: 43
INFO    [05-04 22:41:13] _train_one_epoch in BasicTrainer:
loss = 5.723176921497692
INFO    [05-04 22:41:46] log in loggers:
Update Best NDCG@10 Model at 43
INFO    [05-04 22:41:46] validate in BasicTrainer:
{'Recall@10': 0.07136354595422745, 'NDCG@10': 0.03297507239594346, 'MRR@10': 0.021528988544430052, 'Recall@5': 0.03768218911829449, 'NDCG@5': 0.0221744959375688, 'MRR@5': 0.017125013506128675, 'Recall*@10': 0.07205142222699665, 'NDCG*@10': 0.03333132128630366, 'MRR*@10': 0.021807767007322537, 'Recall*@5': 0.03803917836575281, 'NDCG*@5': 0.022429740499882472, 'MRR*@5': 0.01736540480383805}
INFO    [05-04 22:41:46] train in BasicTrainer:
duration: 59.261144399642944s
INFO    [05-04 22:41:46] train in BasicTrainer:
epoch: 44
INFO    [05-04 22:42:10] _train_one_epoch in BasicTrainer:
loss = 5.7112222888252955
INFO    [05-04 22:42:42] validate in BasicTrainer:
{'Recall@10': 0.07108196651651746, 'NDCG@10': 0.03258136633251395, 'MRR@10': 0.021122653658191364, 'Recall@5': 0.035915076023056394, 'NDCG@5': 0.02126034695122923, 'MRR@5': 0.01647962403616735, 'Recall*@10': 0.07123720344333422, 'NDCG*@10': 0.03282089877341475, 'MRR*@10': 0.021390510190810477, 'Recall*@5': 0.03646601355146794, 'NDCG*@5': 0.021635388245894796, 'MRR*@5': 0.016807255069059984}
INFO    [05-04 22:42:42] train in BasicTrainer:
duration: 55.783374309539795s
INFO    [05-04 22:42:42] train in BasicTrainer:
epoch: 45
DEBUG   [05-04 22:42:53] calculate_loss in loss:
soft_target max: 0.646086573600769, argmax 2383865
DEBUG   [05-04 22:42:53] calculate_loss in loss:
pred max in softmax: 0.7712263464927673, argmax 74450828
DEBUG   [05-04 22:42:53] calculate_loss in loss:
soft_target max: 0.646086573600769, argmax 4929221
DEBUG   [05-04 22:42:53] calculate_loss in loss:
pred max in softmax: 0.6977487206459045, argmax 79321521
INFO    [05-04 22:43:06] _train_one_epoch in BasicTrainer:
loss = 5.699265679446134
INFO    [05-04 22:43:39] log in loggers:
Update Best NDCG@10 Model at 45
INFO    [05-04 22:43:39] validate in BasicTrainer:
{'Recall@10': 0.07206266692706517, 'NDCG@10': 0.03328426918458371, 'MRR@10': 0.02172501278775079, 'Recall@5': 0.03752770470011802, 'NDCG@5': 0.022175419543470656, 'MRR@5': 0.017174347392505125, 'Recall*@10': 0.07194054410571143, 'NDCG*@10': 0.033509086817502975, 'MRR*@10': 0.022052080060044926, 'Recall*@5': 0.03771160081738517, 'NDCG*@5': 0.022480873213637443, 'MRR*@5': 0.017523778336388723}
INFO    [05-04 22:43:39] train in BasicTrainer:
duration: 57.06145358085632s
INFO    [05-04 22:43:39] train in BasicTrainer:
epoch: 46
INFO    [05-04 22:44:04] _train_one_epoch in BasicTrainer:
loss = 5.68907677043568
INFO    [05-04 22:44:36] log in loggers:
Update Best NDCG@10 Model at 46
INFO    [05-04 22:44:36] validate in BasicTrainer:
{'Recall@10': 0.07387963292144593, 'NDCG@10': 0.03416778776972067, 'MRR@10': 0.022334051894999686, 'Recall@5': 0.03901993802615574, 'NDCG@5': 0.02296227713425954, 'MRR@5': 0.017748734603325527, 'Recall*@10': 0.07380688013065428, 'NDCG*@10': 0.03441263274067924, 'MRR*@10': 0.02267652971758729, 'Recall*@5': 0.03939803530062948, 'NDCG*@5': 0.023330487222188993, 'MRR*@5': 0.018128803842479273}
INFO    [05-04 22:44:36] train in BasicTrainer:
duration: 57.225067377090454s
INFO    [05-04 22:44:36] train in BasicTrainer:
epoch: 47
INFO    [05-04 22:45:02] _train_one_epoch in BasicTrainer:
loss = 5.678278771313754
INFO    [05-04 22:45:34] log in loggers:
Update Best NDCG@10 Model at 47
INFO    [05-04 22:45:35] validate in BasicTrainer:
{'Recall@10': 0.07370524676073165, 'NDCG@10': 0.03431746487816175, 'MRR@10': 0.022553819630827223, 'Recall@5': 0.039435114888917835, 'NDCG@5': 0.023283935107645534, 'MRR@5': 0.01802897746009486, 'Recall*@10': 0.07360852083989552, 'NDCG*@10': 0.03451627856563954, 'MRR*@10': 0.022849717931378456, 'Recall*@5': 0.03962475433945656, 'NDCG*@5': 0.02357777039564791, 'MRR*@5': 0.018365277908742428}
INFO    [05-04 22:45:35] train in BasicTrainer:
duration: 58.266273498535156s
INFO    [05-04 22:45:35] train in BasicTrainer:
epoch: 48
INFO    [05-04 22:45:59] _train_one_epoch in BasicTrainer:
loss = 5.667544811422174
INFO    [05-04 22:46:32] log in loggers:
Update Best NDCG@10 Model at 48
INFO    [05-04 22:46:32] validate in BasicTrainer:
{'Recall@10': 0.07441934340056919, 'NDCG@10': 0.034570995363451186, 'MRR@10': 0.022707102820277214, 'Recall@5': 0.03847766596646536, 'NDCG@5': 0.023008215462877638, 'MRR@5': 0.017969797720156964, 'Recall*@10': 0.07414151373363677, 'NDCG*@10': 0.03476057689459551, 'MRR*@10': 0.023037652263329142, 'Recall*@5': 0.0386492856556461, 'NDCG*@5': 0.023312547111085484, 'MRR*@5': 0.018330083184299014}
INFO    [05-04 22:46:32] train in BasicTrainer:
duration: 57.552393436431885s
INFO    [05-04 22:46:32] train in BasicTrainer:
epoch: 49
INFO    [05-04 22:46:57] _train_one_epoch in BasicTrainer:
loss = 5.657936330275102
INFO    [05-04 22:47:30] log in loggers:
Update Best NDCG@10 Model at 49
INFO    [05-04 22:47:30] validate in BasicTrainer:
{'Recall@10': 0.0756475343590691, 'NDCG@10': 0.035624755635148005, 'MRR@10': 0.023673056136994136, 'Recall@5': 0.040139359200284594, 'NDCG@5': 0.02416119866427921, 'MRR@5': 0.018952958108413787, 'Recall*@10': 0.07474036018053691, 'NDCG*@10': 0.03559536894872075, 'MRR*@10': 0.023894225380250385, 'Recall*@5': 0.04028128743881271, 'NDCG*@5': 0.024438429269052687, 'MRR*@5': 0.019281770856607528}
INFO    [05-04 22:47:30] train in BasicTrainer:
duration: 57.56410765647888s
INFO    [05-04 22:47:30] train in BasicTrainer:
epoch: 50
INFO    [05-04 22:47:55] _train_one_epoch in BasicTrainer:
loss = 5.6463194456967445
INFO    [05-04 22:48:28] validate in BasicTrainer:
{'Recall@10': 0.07498072868301756, 'NDCG@10': 0.0352117158472538, 'MRR@10': 0.023335036777314685, 'Recall@5': 0.04004714141289393, 'NDCG@5': 0.02397110951798303, 'MRR@5': 0.018728167616895268, 'Recall*@10': 0.075163548546178, 'NDCG*@10': 0.03559542198975881, 'MRR*@10': 0.023770751431584358, 'Recall*@5': 0.04070444440557843, 'NDCG*@5': 0.02448317514998572, 'MRR*@5': 0.01920201966450328}
INFO    [05-04 22:48:28] train in BasicTrainer:
duration: 58.2996711730957s
INFO    [05-04 22:48:28] train in BasicTrainer:
epoch: 51
INFO    [05-04 22:48:53] _train_one_epoch in BasicTrainer:
loss = 5.637825016541915
INFO    [05-04 22:49:24] validate in BasicTrainer:
{'Recall@10': 0.07506210889135088, 'NDCG@10': 0.03515705927496865, 'MRR@10': 0.02325204076866309, 'Recall@5': 0.040411677388917835, 'NDCG@5': 0.024061250189940136, 'MRR@5': 0.01873640086324442, 'Recall*@10': 0.07522420478718621, 'NDCG*@10': 0.035480695022713574, 'MRR*@10': 0.02363123150453681, 'Recall*@5': 0.040672555211044494, 'NDCG*@5': 0.024402590557223276, 'MRR*@5': 0.01911460231280043}
INFO    [05-04 22:49:24] train in BasicTrainer:
duration: 56.40948510169983s
INFO    [05-04 22:49:24] train in BasicTrainer:
epoch: 52
INFO    [05-04 22:49:48] _train_one_epoch in BasicTrainer:
loss = 5.627820344404741
INFO    [05-04 22:50:19] log in loggers:
Update Best NDCG@10 Model at 52
INFO    [05-04 22:50:19] validate in BasicTrainer:
{'Recall@10': 0.07647710009699776, 'NDCG@10': 0.03627227601550874, 'MRR@10': 0.024247609611068453, 'Recall@5': 0.041516123073441644, 'NDCG@5': 0.024999887283359255, 'MRR@5': 0.019614085377681823, 'Recall*@10': 0.07656676570574443, 'NDCG*@10': 0.03663083006228719, 'MRR*@10': 0.024691193142817133, 'Recall*@5': 0.042048364877700806, 'NDCG*@5': 0.02549761019292332, 'MRR*@5': 0.020112327787847745}
INFO    [05-04 22:50:19] train in BasicTrainer:
duration: 54.78969621658325s
INFO    [05-04 22:50:19] train in BasicTrainer:
epoch: 53
INFO    [05-04 22:50:41] _train_one_epoch in BasicTrainer:
loss = 5.618688136881048
INFO    [05-04 22:51:14] log in loggers:
Update Best NDCG@10 Model at 53
INFO    [05-04 22:51:14] validate in BasicTrainer:
{'Recall@10': 0.0765078394185929, 'NDCG@10': 0.03647719979995773, 'MRR@10': 0.024499073092426573, 'Recall@5': 0.0422834221805845, 'NDCG@5': 0.025434085212293126, 'MRR@5': 0.01995564917368548, 'Recall*@10': 0.0758403099718548, 'NDCG*@10': 0.03648937582260087, 'MRR*@10': 0.024719199786583584, 'Recall*@5': 0.042267256372031714, 'NDCG*@5': 0.02564109977157343, 'MRR*@5': 0.02024705929770356}
INFO    [05-04 22:51:14] train in BasicTrainer:
duration: 55.04422473907471s
INFO    [05-04 22:51:14] train in BasicTrainer:
epoch: 54
DEBUG   [05-04 22:51:30] calculate_loss in loss:
soft_target max: 0.646086573600769, argmax 1815893
DEBUG   [05-04 22:51:30] calculate_loss in loss:
pred max in softmax: 0.8081435561180115, argmax 4390101
DEBUG   [05-04 22:51:30] calculate_loss in loss:
soft_target max: 0.646086573600769, argmax 2446973
DEBUG   [05-04 22:51:30] calculate_loss in loss:
pred max in softmax: 0.8489014506340027, argmax 69558748
INFO    [05-04 22:51:40] _train_one_epoch in BasicTrainer:
loss = 5.609407060796564
INFO    [05-04 22:52:12] validate in BasicTrainer:
{'Recall@10': 0.07725602494818824, 'NDCG@10': 0.03614519341360955, 'MRR@10': 0.02387926754142557, 'Recall@5': 0.041492871585346404, 'NDCG@5': 0.0246831216805038, 'MRR@5': 0.019208865816749278, 'Recall*@10': 0.07722753960461844, 'NDCG*@10': 0.036351763776370456, 'MRR*@10': 0.024158069420428502, 'Recall*@5': 0.041914102399633044, 'NDCG*@5': 0.025017423111767995, 'MRR*@5': 0.019529458401458605}
INFO    [05-04 22:52:12] train in BasicTrainer:
duration: 57.28190565109253s
INFO    [05-04 22:52:12] train in BasicTrainer:
epoch: 55
INFO    [05-04 22:52:34] _train_one_epoch in BasicTrainer:
loss = 5.601588552648371
INFO    [05-04 22:53:07] log in loggers:
Update Best NDCG@10 Model at 55
INFO    [05-04 22:53:07] validate in BasicTrainer:
{'Recall@10': 0.0780930785196168, 'NDCG@10': 0.037165933776469456, 'MRR@10': 0.024942226441843168, 'Recall@5': 0.04216716474010831, 'NDCG@5': 0.025574400932306333, 'MRR@5': 0.020173392214235805, 'Recall*@10': 0.07878802290984563, 'NDCG*@10': 0.03772767207452229, 'MRR*@10': 0.025480395537756738, 'Recall*@5': 0.04253476201778367, 'NDCG*@5': 0.026036756024474188, 'MRR*@5': 0.02067406111884685}
INFO    [05-04 22:53:07] train in BasicTrainer:
duration: 55.231934785842896s
INFO    [05-04 22:53:07] train in BasicTrainer:
epoch: 56
INFO    [05-04 22:53:32] _train_one_epoch in BasicTrainer:
loss = 5.593626503510909
INFO    [05-04 22:54:03] validate in BasicTrainer:
{'Recall@10': 0.07667394940342222, 'NDCG@10': 0.03662858513139543, 'MRR@10': 0.024649613492545627, 'Recall@5': 0.04254332646017983, 'NDCG@5': 0.025652001124052776, 'MRR@5': 0.02015473862134275, 'Recall*@10': 0.07690724978844325, 'NDCG*@10': 0.037066220350208734, 'MRR*@10': 0.025146138632581347, 'Recall*@5': 0.043054266167538505, 'NDCG*@5': 0.026147593167566117, 'MRR*@5': 0.020656843447969073}
INFO    [05-04 22:54:03] train in BasicTrainer:
duration: 56.62038516998291s
INFO    [05-04 22:54:03] train in BasicTrainer:
epoch: 57
INFO    [05-04 22:54:29] _train_one_epoch in BasicTrainer:
loss = 5.584043576500632
INFO    [05-04 22:55:02] log in loggers:
Update Best NDCG@10 Model at 57
INFO    [05-04 22:55:02] validate in BasicTrainer:
{'Recall@10': 0.07835633272216433, 'NDCG@10': 0.03734047072274344, 'MRR@10': 0.025064082017966678, 'Recall@5': 0.043201855960346404, 'NDCG@5': 0.026003978614296232, 'MRR@5': 0.020403585352358363, 'Recall*@10': 0.07894754019521531, 'NDCG*@10': 0.037867991342431025, 'MRR*@10': 0.025586463954477084, 'Recall*@5': 0.04368275741026515, 'NDCG*@5': 0.026491306810861544, 'MRR*@5': 0.02090707447912012}
INFO    [05-04 22:55:02] train in BasicTrainer:
duration: 58.40525674819946s
INFO    [05-04 22:55:02] train in BasicTrainer:
epoch: 58
INFO    [05-04 22:55:21] _train_one_epoch in BasicTrainer:
loss = 5.576268807324496
INFO    [05-04 22:55:53] log in loggers:
Update Best NDCG@10 Model at 58
INFO    [05-04 22:55:53] validate in BasicTrainer:
{'Recall@10': 0.07941506341809318, 'NDCG@10': 0.037909381268989475, 'MRR@10': 0.025498074967236745, 'Recall@5': 0.04417171896923156, 'NDCG@5': 0.02660350217705681, 'MRR@5': 0.020885714995009557, 'Recall*@10': 0.07983193546533585, 'NDCG*@10': 0.0384254019175257, 'MRR*@10': 0.02605476567432994, 'Recall*@5': 0.044301964519988926, 'NDCG*@5': 0.027008660492442903, 'MRR*@5': 0.021386118250943366}
INFO    [05-04 22:55:53] train in BasicTrainer:
duration: 51.215657234191895s
INFO    [05-04 22:55:53] train in BasicTrainer:
epoch: 59
INFO    [05-04 22:56:17] _train_one_epoch in BasicTrainer:
loss = 5.568880146200007
INFO    [05-04 22:56:49] log in loggers:
Update Best NDCG@10 Model at 59
INFO    [05-04 22:56:49] validate in BasicTrainer:
{'Recall@10': 0.07945329057318824, 'NDCG@10': 0.03816088767988341, 'MRR@10': 0.02579762094787189, 'Recall@5': 0.043713388698441644, 'NDCG@5': 0.026649558118411472, 'MRR@5': 0.021073563024401665, 'Recall*@10': 0.07977142930030823, 'NDCG*@10': 0.038451078037420906, 'MRR*@10': 0.02608562136689822, 'Recall*@5': 0.044192970863410404, 'NDCG*@5': 0.026982337502496585, 'MRR*@5': 0.021373393457560314}
INFO    [05-04 22:56:49] train in BasicTrainer:
duration: 56.17633533477783s
INFO    [05-04 22:56:49] close_training in BasicTrainer:
finished training
DEBUG   [05-04 22:56:49] debug_summary in loss:
loss nan summary: nan 0 times, not nan 6601 times, ratio nan / (nan + not_nan) = 0.0
INFO    [05-04 22:56:49] run_routine in Routine:
Finished training, Start final validation
INFO    [05-04 22:56:49] final_validate in BasicTrainer:
validate model on val set!
INFO    [05-04 22:56:49] load_state_from_given_path in utils:
checkpoint epoch: 59
INFO    [05-04 22:56:49] load_state_from_given_path in utils:
Loading model's parameters
INFO    [05-04 22:57:23] validate in BasicTrainer:
{'Recall@10': 0.07945329057318824, 'NDCG@10': 0.03816088767988341, 'MRR@10': 0.02579762094787189, 'Recall@5': 0.043713388698441644, 'NDCG@5': 0.026649558118411472, 'MRR@5': 0.021073563024401665, 'Recall*@10': 0.07977142930030823, 'NDCG*@10': 0.038451078037420906, 'MRR*@10': 0.02608562136689822, 'Recall*@5': 0.044192970863410404, 'NDCG*@5': 0.026982337502496585, 'MRR*@5': 0.021373393457560314}
INFO    [05-04 22:57:23] run_routine in Routine:
Finished final validating. Result: {'Recall@10': 0.07945329057318824, 'NDCG@10': 0.03816088767988341, 'MRR@10': 0.02579762094787189, 'Recall@5': 0.043713388698441644, 'NDCG@5': 0.026649558118411472, 'MRR@5': 0.021073563024401665, 'Recall*@10': 0.07977142930030823, 'NDCG*@10': 0.038451078037420906, 'MRR*@10': 0.02608562136689822, 'Recall*@5': 0.044192970863410404, 'NDCG*@5': 0.026982337502496585, 'MRR*@5': 0.021373393457560314}
INFO    [05-04 22:57:23] _evaluate in DistillSched:
Start testing student model on test set
INFO    [05-04 22:57:23] test in BasicTrainer:
Test model on test set!
INFO    [05-04 22:57:23] test_with_given_state_path in BasicTrainer:
Loading model params from ___movies_soft_2022/pop_narm-T-1.0-al-0.5_05-04_21:59_t2/student_narm_logs/checkpoint/best_acc_model.pth.
INFO    [05-04 22:57:23] load_state_from_given_path in utils:
checkpoint epoch: 59
INFO    [05-04 22:57:23] load_state_from_given_path in utils:
Loading model's parameters
INFO    [05-04 22:57:23] test_with_given_state_path in BasicTrainer:
Finished loading. Start testing.
INFO    [05-04 22:57:54] test_with_given_state_path in BasicTrainer:
{'Recall@10': 0.07033634256748926, 'NDCG@10': 0.03304726798974332, 'MRR@10': 0.021971600218897776, 'Recall@5': 0.036193305715208964, 'NDCG@5': 0.02209796721027011, 'MRR@5': 0.017506140949470655, 'Recall*@10': 0.07225794664451055, 'NDCG*@10': 0.034248405269214084, 'MRR*@10': 0.022959657368205842, 'Recall*@5': 0.03731830125408513, 'NDCG*@5': 0.023035455140329543, 'MRR*@5': 0.018382005615248567}
INFO    [05-04 22:57:54] _evaluate in DistillSched:
!!Final Result!!: {'Recall@10': 0.07033634256748926, 'NDCG@10': 0.03304726798974332, 'MRR@10': 0.021971600218897776, 'Recall@5': 0.036193305715208964, 'NDCG@5': 0.02209796721027011, 'MRR@5': 0.017506140949470655, 'Recall*@10': 0.07225794664451055, 'NDCG*@10': 0.034248405269214084, 'MRR*@10': 0.022959657368205842, 'Recall*@5': 0.03731830125408513, 'NDCG*@5': 0.023035455140329543, 'MRR*@5': 0.018382005615248567}
