INFO    [05-05 06:00:46] setup_train in utils:
{
    "experiment_dir": "___movies_ed_2022",
    "experiment_description": "ed_diff_2022",
    "describe": "{config[model_code]}-en-{config[weight_list][0]}-T-{config[T]}-al-{config[alpha]}",
    "dataset_name": "movies.csv",
    "sched": "ensemble_distill",
    "model_code": "narm",
    "mentor_code": "narm",
    "mentor2_code": "narm",
    "weight_list": [
        0.5,
        0.5
    ],
    "alpha": 0.25,
    "T": 6.0,
    "training_routine": "student",
    "softmaxed_mentor": true,
    "enable_auto_path_finder": false,
    "num_epochs": 80,
    "mode": [
        "train",
        "test"
    ],
    "max_len": 10,
    "test_state_path": null,
    "model_state_path": null,
    "mentor_state_path": "___movies_base_2020/base_narm_05-04_21:31_0/narm_logs/checkpoint/best_acc_model.pth",
    "mentor2_state_path": "___movies_base_2021/base_narm_05-04_21:29_0/narm_logs/checkpoint/best_acc_model.pth",
    "rand_seed": 2022,
    "load_processed_dataset": true,
    "save_processed_dataset": false,
    "dataset_cache_filename": null,
    "do_remap": false,
    "weight_decay": 0,
    "decay_step": 15,
    "gamma": 0.99,
    "lr": 0.001,
    "min_length": 5,
    "min_item_inter": 5,
    "good_only": false,
    "use_rating": true,
    "test_negative_sampler_code": "random",
    "test_negative_sample_size": 0,
    "dataloader_type": "next",
    "train_batch_size": 4096,
    "val_batch_size": 4096,
    "test_batch_size": 4096,
    "prop_sliding_window": -1.0,
    "worker_number": 2,
    "metric_ks": [
        5,
        10
    ],
    "device": "cuda",
    "num_gpu": 1,
    "optimizer": "Adam",
    "best_metric": "NDCG@10",
    "show_process_bar": false,
    "enable_sample": false,
    "samples_ratio": 0.1,
    "config_file": "config2.movies/narm/config_distill_ensemble.json",
    "task_id": 7,
    "split": "leave_one_out",
    "do_sampling": false,
    "path_for_sample": null,
    "sample_rate": 0.5,
    "sample_seed": 0,
    "train_negative_sampler_code": "random",
    "train_negative_sample_size": 100,
    "device_idx": "0",
    "momentum": null,
    "log_period_as_iter": 12800,
    "dvae_alpha": 0.5,
    "validation_rate": 0.2,
    "num_items": null,
    "start_index": 1,
    "kwargs": null
}
INFO    [05-05 06:00:46] _load_full_dataset_from_path in utils:
loading cache from /data01/wushiguang-slurm/Codes/soft-rec/Data/Cache/movies-5-5.pkl
INFO    [05-05 06:00:47] _check_dataset_cache in utils:
check if the cache is generated under this configuration
INFO    [05-05 06:00:47] _check_dataset_cache in utils:
correct.
INFO    [05-05 06:00:47] __init__ in NextItemDataloader:
there are 21035 items in this dataset, 82156 users, padding_first? False
DEBUG   [05-05 06:01:01] generate_model in utils:
model_code_list=['narm']
INFO    [05-05 06:01:01] load_model_config in utils:
loading model narm's config file at asset/config/model/narm.json
INFO    [05-05 06:01:01] load_model_config in utils:
{
    "embedding_size": 64,
    "hidden_size": 128,
    "n_layers": 1,
    "dropout_probs": [
        0.25,
        0.5
    ]
}
WARNING [05-05 06:01:09] get_exist_path in utils:
dir ___movies_ed_2022/ed_diff_2022_narm-en-0.5-T-6.0-al-0.25_05-05_06:00_t7/teacher1_narm_logs does not exist! Create one.
WARNING [05-05 06:01:09] get_exist_path in utils:
dir ___movies_ed_2022/ed_diff_2022_narm-en-0.5-T-6.0-al-0.25_05-05_06:00_t7/teacher1_narm_logs/tb_vis does not exist! Create one.
WARNING [05-05 06:01:09] get_exist_path in utils:
dir ___movies_ed_2022/ed_diff_2022_narm-en-0.5-T-6.0-al-0.25_05-05_06:00_t7/teacher1_narm_logs/checkpoint does not exist! Create one.
INFO    [05-05 06:01:09] load_state_from_given_path in utils:
checkpoint epoch: 57
INFO    [05-05 06:01:09] load_state_from_given_path in utils:
Loading model's parameters
INFO    [05-05 06:01:09] load_state_from_given_path in utils:
Loading optimizer's parameters
DEBUG   [05-05 06:01:09] _generate_teacher_trainer in EnsembleDistillSched:
teacher1_narm: 
NARM(
  (item_embedding): Embedding(21036, 64, padding_idx=0)
  (emb_dropout): Dropout(p=0.25, inplace=False)
  (gru): GRU(64, 128, bias=False, batch_first=True)
  (a_1): Linear(in_features=128, out_features=128, bias=False)
  (a_2): Linear(in_features=128, out_features=128, bias=False)
  (v_t): Linear(in_features=128, out_features=1, bias=False)
  (ct_dropout): Dropout(p=0.5, inplace=False)
  (b): Linear(in_features=256, out_features=64, bias=False)
  (loss_fct): CrossEntropyLoss()
)
INFO    [05-05 06:01:09] assert_model_device in utils:
model teacher1_narm has 5.60498046875 MB params.
INFO    [05-05 06:01:09] __init__ in BasicTrainer:
450560 iter per epoch
DEBUG   [05-05 06:01:09] generate_model in utils:
model_code_list=['narm']
INFO    [05-05 06:01:09] load_model_config in utils:
loading model narm's config file at asset/config/model/narm.json
INFO    [05-05 06:01:09] load_model_config in utils:
{
    "embedding_size": 64,
    "hidden_size": 128,
    "n_layers": 1,
    "dropout_probs": [
        0.25,
        0.5
    ]
}
WARNING [05-05 06:01:13] get_exist_path in utils:
dir ___movies_ed_2022/ed_diff_2022_narm-en-0.5-T-6.0-al-0.25_05-05_06:00_t7/teacher2_narm_logs does not exist! Create one.
WARNING [05-05 06:01:13] get_exist_path in utils:
dir ___movies_ed_2022/ed_diff_2022_narm-en-0.5-T-6.0-al-0.25_05-05_06:00_t7/teacher2_narm_logs/tb_vis does not exist! Create one.
WARNING [05-05 06:01:13] get_exist_path in utils:
dir ___movies_ed_2022/ed_diff_2022_narm-en-0.5-T-6.0-al-0.25_05-05_06:00_t7/teacher2_narm_logs/checkpoint does not exist! Create one.
INFO    [05-05 06:01:13] load_state_from_given_path in utils:
checkpoint epoch: 59
INFO    [05-05 06:01:13] load_state_from_given_path in utils:
Loading model's parameters
INFO    [05-05 06:01:13] load_state_from_given_path in utils:
Loading optimizer's parameters
DEBUG   [05-05 06:01:13] _generate_teacher_trainer in EnsembleDistillSched:
teacher2_narm: 
NARM(
  (item_embedding): Embedding(21036, 64, padding_idx=0)
  (emb_dropout): Dropout(p=0.25, inplace=False)
  (gru): GRU(64, 128, bias=False, batch_first=True)
  (a_1): Linear(in_features=128, out_features=128, bias=False)
  (a_2): Linear(in_features=128, out_features=128, bias=False)
  (v_t): Linear(in_features=128, out_features=1, bias=False)
  (ct_dropout): Dropout(p=0.5, inplace=False)
  (b): Linear(in_features=256, out_features=64, bias=False)
  (loss_fct): CrossEntropyLoss()
)
INFO    [05-05 06:01:13] assert_model_device in utils:
model teacher2_narm has 5.60498046875 MB params.
INFO    [05-05 06:01:13] __init__ in BasicTrainer:
450560 iter per epoch
DEBUG   [05-05 06:01:13] generate_model in utils:
model_code_list=['narm']
INFO    [05-05 06:01:13] load_model_config in utils:
loading model narm's config file at asset/config/model/narm.json
INFO    [05-05 06:01:13] load_model_config in utils:
{
    "embedding_size": 64,
    "hidden_size": 128,
    "n_layers": 1,
    "dropout_probs": [
        0.25,
        0.5
    ]
}
WARNING [05-05 06:01:17] get_exist_path in utils:
dir ___movies_ed_2022/ed_diff_2022_narm-en-0.5-T-6.0-al-0.25_05-05_06:00_t7/student_narm_logs does not exist! Create one.
WARNING [05-05 06:01:17] get_exist_path in utils:
dir ___movies_ed_2022/ed_diff_2022_narm-en-0.5-T-6.0-al-0.25_05-05_06:00_t7/student_narm_logs/tb_vis does not exist! Create one.
WARNING [05-05 06:01:17] get_exist_path in utils:
dir ___movies_ed_2022/ed_diff_2022_narm-en-0.5-T-6.0-al-0.25_05-05_06:00_t7/student_narm_logs/checkpoint does not exist! Create one.
WARNING [05-05 06:01:17] get_path in utils:
Path is None
WARNING [05-05 06:01:17] load_state_from_given_path in utils:
Not given any path.
DEBUG   [05-05 06:01:17] _generate_student_trainer in EnsembleDistillSched:
student_narm: 
NARM(
  (item_embedding): Embedding(21036, 64, padding_idx=0)
  (emb_dropout): Dropout(p=0.25, inplace=False)
  (gru): GRU(64, 128, bias=False, batch_first=True)
  (a_1): Linear(in_features=128, out_features=128, bias=False)
  (a_2): Linear(in_features=128, out_features=128, bias=False)
  (v_t): Linear(in_features=128, out_features=1, bias=False)
  (ct_dropout): Dropout(p=0.5, inplace=False)
  (b): Linear(in_features=256, out_features=64, bias=False)
  (loss_fct): CrossEntropyLoss()
)
INFO    [05-05 06:01:17] assert_model_device in utils:
model student_narm has 5.60498046875 MB params.
INFO    [05-05 06:01:17] assert_model_device in utils:
model mix_narm_narm has 0.0 MB params.
INFO    [05-05 06:01:17] assert_model_device in utils:
model mix_narm_narm has no param
INFO    [05-05 06:01:17] __init__ in DistillTrainer:
450560 iter per epoch
INFO    [05-05 06:01:17] _set_current_routine in Routine:
first routine: student
INFO    [05-05 06:01:17] run_routine in Routine:
Start routine student
INFO    [05-05 06:01:17] run_routine in Routine:
Start training
INFO    [05-05 06:01:17] train in DistillTrainer:
Test mentor model: mix_narm_narm
DEBUG   [05-05 06:01:18] forward in Ensembler:
raw predict
DEBUG   [05-05 06:01:18] forward in Ensembler:
[tensor([[1.3992e-05, 7.6533e-05, 4.2785e-05,  ..., 2.4365e-05, 4.1933e-05,
         5.7137e-05],
        [9.3201e-06, 2.1533e-05, 1.9938e-05,  ..., 1.9626e-05, 2.9499e-05,
         5.1253e-05],
        [1.1765e-05, 3.4670e-05, 2.6899e-05,  ..., 1.4879e-05, 2.6783e-05,
         2.5761e-05],
        ...,
        [5.8628e-06, 5.6952e-06, 1.6462e-05,  ..., 8.0638e-06, 1.0683e-04,
         1.2508e-05],
        [9.0726e-06, 1.0916e-04, 3.1411e-05,  ..., 4.2961e-05, 5.2590e-05,
         3.0269e-05],
        [2.5142e-05, 4.6677e-05, 6.1987e-05,  ..., 2.9321e-05, 1.8399e-05,
         7.1890e-05]], device='cuda:0'), tensor([[1.1309e-05, 7.1980e-05, 3.8910e-05,  ..., 2.7293e-05, 5.0497e-05,
         6.5027e-05],
        [1.2647e-05, 2.0159e-05, 2.6496e-05,  ..., 2.5492e-05, 3.7739e-05,
         5.9419e-05],
        [1.0213e-05, 2.6262e-05, 3.0556e-05,  ..., 1.5216e-05, 3.1775e-05,
         3.8969e-05],
        ...,
        [1.5269e-05, 4.4159e-06, 1.6505e-05,  ..., 8.6574e-05, 5.1948e-05,
         2.1994e-05],
        [1.1150e-05, 1.1649e-04, 2.9814e-05,  ..., 3.7147e-05, 4.0587e-05,
         2.5667e-05],
        [2.1612e-05, 3.6660e-05, 6.0879e-05,  ..., 3.0552e-05, 2.4794e-05,
         7.0773e-05]], device='cuda:0')]
DEBUG   [05-05 06:01:18] forward in Ensembler:
raw confidence
DEBUG   [05-05 06:01:18] forward in Ensembler:
[tensor([0.0002, 0.0002, 0.0002,  ..., 0.0022, 0.0003, 0.0004], device='cuda:0'), tensor([0.0002, 0.0002, 0.0003,  ..., 0.0019, 0.0003, 0.0003], device='cuda:0')]
DEBUG   [05-05 06:01:18] forward in Ensembler:
weighted predict
DEBUG   [05-05 06:01:18] forward in Ensembler:
[tensor([[6.9958e-06, 3.8266e-05, 2.1392e-05,  ..., 1.2182e-05, 2.0966e-05,
         2.8568e-05],
        [4.6601e-06, 1.0767e-05, 9.9689e-06,  ..., 9.8129e-06, 1.4750e-05,
         2.5627e-05],
        [5.8827e-06, 1.7335e-05, 1.3449e-05,  ..., 7.4394e-06, 1.3392e-05,
         1.2881e-05],
        ...,
        [2.9314e-06, 2.8476e-06, 8.2308e-06,  ..., 4.0319e-06, 5.3414e-05,
         6.2538e-06],
        [4.5363e-06, 5.4582e-05, 1.5705e-05,  ..., 2.1480e-05, 2.6295e-05,
         1.5134e-05],
        [1.2571e-05, 2.3339e-05, 3.0993e-05,  ..., 1.4661e-05, 9.1993e-06,
         3.5945e-05]], device='cuda:0'), tensor([[5.6546e-06, 3.5990e-05, 1.9455e-05,  ..., 1.3646e-05, 2.5249e-05,
         3.2514e-05],
        [6.3233e-06, 1.0080e-05, 1.3248e-05,  ..., 1.2746e-05, 1.8869e-05,
         2.9710e-05],
        [5.1064e-06, 1.3131e-05, 1.5278e-05,  ..., 7.6080e-06, 1.5888e-05,
         1.9484e-05],
        ...,
        [7.6343e-06, 2.2080e-06, 8.2523e-06,  ..., 4.3287e-05, 2.5974e-05,
         1.0997e-05],
        [5.5750e-06, 5.8245e-05, 1.4907e-05,  ..., 1.8574e-05, 2.0293e-05,
         1.2833e-05],
        [1.0806e-05, 1.8330e-05, 3.0439e-05,  ..., 1.5276e-05, 1.2397e-05,
         3.5386e-05]], device='cuda:0')]
DEBUG   [05-05 06:01:18] forward in Ensembler:
final predict
DEBUG   [05-05 06:01:18] forward in Ensembler:
tensor([[1.2650e-05, 7.4256e-05, 4.0848e-05,  ..., 2.5829e-05, 4.6215e-05,
         6.1082e-05],
        [1.0983e-05, 2.0846e-05, 2.3217e-05,  ..., 2.2559e-05, 3.3619e-05,
         5.5336e-05],
        [1.0989e-05, 3.0466e-05, 2.8727e-05,  ..., 1.5047e-05, 2.9279e-05,
         3.2365e-05],
        ...,
        [1.0566e-05, 5.0556e-06, 1.6483e-05,  ..., 4.7319e-05, 7.9388e-05,
         1.7251e-05],
        [1.0111e-05, 1.1283e-04, 3.0612e-05,  ..., 4.0054e-05, 4.6588e-05,
         2.7968e-05],
        [2.3377e-05, 4.1669e-05, 6.1433e-05,  ..., 2.9936e-05, 2.1597e-05,
         7.1331e-05]], device='cuda:0')
DEBUG   [05-05 06:01:18] forward in Ensembler:
final confidence
DEBUG   [05-05 06:01:18] forward in Ensembler:
tensor([0.0002, 0.0002, 0.0002,  ..., 0.0020, 0.0003, 0.0003], device='cuda:0')
DEBUG   [05-05 06:01:19] forward in Ensembler:
raw predict
DEBUG   [05-05 06:01:19] forward in Ensembler:
[tensor([[9.8369e-06, 3.9715e-05, 4.7887e-05,  ..., 1.8568e-05, 5.1622e-05,
         5.3829e-05],
        [1.2501e-05, 7.6932e-05, 3.5412e-05,  ..., 5.2833e-05, 3.9190e-05,
         3.8521e-05],
        [9.9805e-06, 3.3667e-05, 3.4817e-05,  ..., 1.6681e-05, 2.6016e-05,
         6.1250e-05],
        ...,
        [1.8289e-05, 8.1319e-05, 5.1469e-05,  ..., 6.7827e-05, 6.6793e-05,
         2.4935e-05],
        [6.9597e-06, 2.4850e-05, 1.7512e-05,  ..., 1.3444e-05, 3.2306e-05,
         4.3437e-05],
        [1.2246e-05, 8.2493e-05, 3.5488e-05,  ..., 1.9644e-05, 4.0830e-05,
         5.1156e-05]], device='cuda:0'), tensor([[1.4012e-05, 5.6890e-05, 4.2366e-05,  ..., 2.1304e-05, 3.6767e-05,
         4.3828e-05],
        [9.3283e-06, 7.1014e-05, 2.3912e-05,  ..., 5.8059e-05, 5.5958e-05,
         4.1289e-05],
        [1.1891e-05, 3.3794e-05, 3.3276e-05,  ..., 2.6955e-05, 3.5928e-05,
         4.6711e-05],
        ...,
        [1.2569e-05, 5.2807e-05, 3.7892e-05,  ..., 3.1638e-05, 1.9442e-05,
         2.8396e-05],
        [8.0471e-06, 2.5104e-05, 1.5802e-05,  ..., 1.3347e-05, 2.9569e-05,
         5.1683e-05],
        [1.2940e-05, 8.2967e-05, 5.2513e-05,  ..., 2.6421e-05, 2.6272e-05,
         5.4159e-05]], device='cuda:0')]
DEBUG   [05-05 06:01:19] forward in Ensembler:
raw confidence
DEBUG   [05-05 06:01:19] forward in Ensembler:
[tensor([0.0001, 0.0003, 0.0002,  ..., 0.0002, 0.0002, 0.0002], device='cuda:0'), tensor([0.0002, 0.0002, 0.0002,  ..., 0.0002, 0.0002, 0.0002], device='cuda:0')]
DEBUG   [05-05 06:01:19] forward in Ensembler:
weighted predict
DEBUG   [05-05 06:01:19] forward in Ensembler:
[tensor([[4.9185e-06, 1.9858e-05, 2.3944e-05,  ..., 9.2838e-06, 2.5811e-05,
         2.6914e-05],
        [6.2505e-06, 3.8466e-05, 1.7706e-05,  ..., 2.6416e-05, 1.9595e-05,
         1.9261e-05],
        [4.9902e-06, 1.6834e-05, 1.7409e-05,  ..., 8.3403e-06, 1.3008e-05,
         3.0625e-05],
        ...,
        [9.1447e-06, 4.0660e-05, 2.5734e-05,  ..., 3.3914e-05, 3.3397e-05,
         1.2467e-05],
        [3.4799e-06, 1.2425e-05, 8.7559e-06,  ..., 6.7219e-06, 1.6153e-05,
         2.1718e-05],
        [6.1229e-06, 4.1246e-05, 1.7744e-05,  ..., 9.8218e-06, 2.0415e-05,
         2.5578e-05]], device='cuda:0'), tensor([[7.0062e-06, 2.8445e-05, 2.1183e-05,  ..., 1.0652e-05, 1.8383e-05,
         2.1914e-05],
        [4.6642e-06, 3.5507e-05, 1.1956e-05,  ..., 2.9029e-05, 2.7979e-05,
         2.0645e-05],
        [5.9456e-06, 1.6897e-05, 1.6638e-05,  ..., 1.3477e-05, 1.7964e-05,
         2.3356e-05],
        ...,
        [6.2846e-06, 2.6404e-05, 1.8946e-05,  ..., 1.5819e-05, 9.7211e-06,
         1.4198e-05],
        [4.0235e-06, 1.2552e-05, 7.9009e-06,  ..., 6.6733e-06, 1.4785e-05,
         2.5841e-05],
        [6.4700e-06, 4.1484e-05, 2.6256e-05,  ..., 1.3210e-05, 1.3136e-05,
         2.7080e-05]], device='cuda:0')]
DEBUG   [05-05 06:01:19] forward in Ensembler:
final predict
DEBUG   [05-05 06:01:19] forward in Ensembler:
tensor([[1.1925e-05, 4.8302e-05, 4.5126e-05,  ..., 1.9936e-05, 4.4194e-05,
         4.8829e-05],
        [1.0915e-05, 7.3973e-05, 2.9662e-05,  ..., 5.5446e-05, 4.7574e-05,
         3.9905e-05],
        [1.0936e-05, 3.3730e-05, 3.4046e-05,  ..., 2.1818e-05, 3.0972e-05,
         5.3981e-05],
        ...,
        [1.5429e-05, 6.7063e-05, 4.4680e-05,  ..., 4.9733e-05, 4.3118e-05,
         2.6665e-05],
        [7.5034e-06, 2.4977e-05, 1.6657e-05,  ..., 1.3395e-05, 3.0938e-05,
         4.7560e-05],
        [1.2593e-05, 8.2730e-05, 4.4001e-05,  ..., 2.3032e-05, 3.3551e-05,
         5.2658e-05]], device='cuda:0')
DEBUG   [05-05 06:01:19] forward in Ensembler:
final confidence
DEBUG   [05-05 06:01:19] forward in Ensembler:
tensor([0.0001, 0.0003, 0.0002,  ..., 0.0002, 0.0002, 0.0002], device='cuda:0')
DEBUG   [05-05 06:01:21] forward in Ensembler:
raw predict
DEBUG   [05-05 06:01:21] forward in Ensembler:
[tensor([[1.1826e-05, 3.9944e-05, 1.1792e-05,  ..., 3.0976e-05, 4.9644e-05,
         2.5014e-05],
        [4.6768e-06, 3.4721e-05, 1.6056e-05,  ..., 5.6111e-06, 2.5101e-05,
         3.6403e-05],
        [1.0655e-05, 4.0271e-05, 2.6720e-05,  ..., 3.1401e-05, 9.3925e-05,
         4.0238e-05],
        ...,
        [1.1910e-05, 5.0415e-05, 2.9265e-05,  ..., 7.6218e-05, 2.8939e-05,
         3.5411e-05],
        [1.4570e-05, 6.3545e-05, 3.1982e-05,  ..., 4.4712e-05, 4.0182e-05,
         4.1280e-05],
        [1.1983e-05, 3.0658e-05, 1.4505e-05,  ..., 1.8899e-05, 3.7264e-05,
         7.0275e-05]], device='cuda:0'), tensor([[1.1998e-05, 2.7034e-05, 1.9775e-05,  ..., 1.8697e-05, 3.8895e-05,
         3.9903e-05],
        [5.8748e-06, 2.6693e-05, 9.5225e-06,  ..., 9.3625e-06, 2.9884e-05,
         3.4243e-05],
        [1.0460e-05, 4.2068e-05, 2.5938e-05,  ..., 3.2364e-05, 8.2376e-05,
         5.1475e-05],
        ...,
        [1.4301e-05, 4.9726e-05, 3.2722e-05,  ..., 7.0242e-05, 3.6814e-05,
         4.7686e-05],
        [1.3995e-05, 6.8127e-05, 3.0213e-05,  ..., 5.4816e-05, 4.1881e-05,
         3.7499e-05],
        [1.2022e-05, 2.7738e-05, 1.6634e-05,  ..., 3.1746e-05, 4.2838e-05,
         6.1504e-05]], device='cuda:0')]
DEBUG   [05-05 06:01:21] forward in Ensembler:
raw confidence
DEBUG   [05-05 06:01:21] forward in Ensembler:
[tensor([0.0002, 0.0003, 0.0002,  ..., 0.0003, 0.0002, 0.0002], device='cuda:0'), tensor([0.0002, 0.0004, 0.0001,  ..., 0.0002, 0.0002, 0.0002], device='cuda:0')]
DEBUG   [05-05 06:01:21] forward in Ensembler:
weighted predict
DEBUG   [05-05 06:01:21] forward in Ensembler:
[tensor([[5.9129e-06, 1.9972e-05, 5.8961e-06,  ..., 1.5488e-05, 2.4822e-05,
         1.2507e-05],
        [2.3384e-06, 1.7361e-05, 8.0281e-06,  ..., 2.8055e-06, 1.2550e-05,
         1.8202e-05],
        [5.3274e-06, 2.0135e-05, 1.3360e-05,  ..., 1.5700e-05, 4.6962e-05,
         2.0119e-05],
        ...,
        [5.9552e-06, 2.5207e-05, 1.4632e-05,  ..., 3.8109e-05, 1.4469e-05,
         1.7706e-05],
        [7.2852e-06, 3.1772e-05, 1.5991e-05,  ..., 2.2356e-05, 2.0091e-05,
         2.0640e-05],
        [5.9913e-06, 1.5329e-05, 7.2526e-06,  ..., 9.4495e-06, 1.8632e-05,
         3.5138e-05]], device='cuda:0'), tensor([[5.9992e-06, 1.3517e-05, 9.8877e-06,  ..., 9.3485e-06, 1.9448e-05,
         1.9952e-05],
        [2.9374e-06, 1.3346e-05, 4.7612e-06,  ..., 4.6812e-06, 1.4942e-05,
         1.7121e-05],
        [5.2300e-06, 2.1034e-05, 1.2969e-05,  ..., 1.6182e-05, 4.1188e-05,
         2.5737e-05],
        ...,
        [7.1506e-06, 2.4863e-05, 1.6361e-05,  ..., 3.5121e-05, 1.8407e-05,
         2.3843e-05],
        [6.9974e-06, 3.4063e-05, 1.5107e-05,  ..., 2.7408e-05, 2.0940e-05,
         1.8750e-05],
        [6.0110e-06, 1.3869e-05, 8.3170e-06,  ..., 1.5873e-05, 2.1419e-05,
         3.0752e-05]], device='cuda:0')]
DEBUG   [05-05 06:01:21] forward in Ensembler:
final predict
DEBUG   [05-05 06:01:21] forward in Ensembler:
tensor([[1.1912e-05, 3.3489e-05, 1.5784e-05,  ..., 2.4837e-05, 4.4270e-05,
         3.2458e-05],
        [5.2758e-06, 3.0707e-05, 1.2789e-05,  ..., 7.4868e-06, 2.7492e-05,
         3.5323e-05],
        [1.0557e-05, 4.1170e-05, 2.6329e-05,  ..., 3.1882e-05, 8.8150e-05,
         4.5857e-05],
        ...,
        [1.3106e-05, 5.0070e-05, 3.0993e-05,  ..., 7.3230e-05, 3.2877e-05,
         4.1549e-05],
        [1.4283e-05, 6.5836e-05, 3.1097e-05,  ..., 4.9764e-05, 4.1031e-05,
         3.9390e-05],
        [1.2002e-05, 2.9198e-05, 1.5570e-05,  ..., 2.5323e-05, 4.0051e-05,
         6.5890e-05]], device='cuda:0')
DEBUG   [05-05 06:01:21] forward in Ensembler:
final confidence
DEBUG   [05-05 06:01:21] forward in Ensembler:
tensor([0.0002, 0.0003, 0.0001,  ..., 0.0002, 0.0002, 0.0002], device='cuda:0')
DEBUG   [05-05 06:01:22] forward in Ensembler:
raw predict
DEBUG   [05-05 06:01:22] forward in Ensembler:
[tensor([[1.2643e-05, 6.6393e-05, 2.7034e-05,  ..., 4.4903e-05, 3.2728e-05,
         2.8542e-05],
        [2.2236e-05, 6.7868e-05, 5.0372e-05,  ..., 5.1932e-05, 5.8732e-05,
         4.5826e-05],
        [5.6808e-06, 1.3475e-05, 1.0935e-05,  ..., 5.1321e-06, 2.4696e-05,
         7.0571e-05],
        ...,
        [1.0707e-05, 3.4463e-05, 1.4866e-05,  ..., 2.7635e-05, 2.2278e-05,
         4.0264e-05],
        [9.9927e-06, 1.3237e-05, 1.9780e-05,  ..., 2.8821e-05, 2.1193e-05,
         6.4672e-05],
        [2.1416e-05, 1.2018e-04, 3.2297e-05,  ..., 7.4891e-05, 2.7177e-05,
         3.0136e-05]], device='cuda:0'), tensor([[1.4688e-05, 5.9611e-05, 2.8922e-05,  ..., 7.6977e-05, 2.1262e-05,
         2.8794e-05],
        [1.7180e-05, 6.0890e-05, 5.0747e-05,  ..., 3.8458e-05, 5.5601e-05,
         7.4555e-05],
        [7.3112e-06, 1.8348e-05, 1.7333e-05,  ..., 9.9040e-06, 2.0631e-05,
         5.9529e-05],
        ...,
        [1.2328e-05, 3.6480e-05, 1.8465e-05,  ..., 4.3441e-05, 3.3922e-05,
         4.2858e-05],
        [1.1325e-05, 1.3342e-05, 2.5654e-05,  ..., 2.1274e-05, 2.7390e-05,
         7.7311e-05],
        [1.7222e-05, 6.3217e-05, 3.1925e-05,  ..., 7.6119e-05, 3.3095e-05,
         4.5583e-05]], device='cuda:0')]
DEBUG   [05-05 06:01:22] forward in Ensembler:
raw confidence
DEBUG   [05-05 06:01:22] forward in Ensembler:
[tensor([0.0003, 0.0002, 0.0004,  ..., 0.0002, 0.0002, 0.0006], device='cuda:0'), tensor([0.0005, 0.0003, 0.0004,  ..., 0.0002, 0.0002, 0.0003], device='cuda:0')]
DEBUG   [05-05 06:01:22] forward in Ensembler:
weighted predict
DEBUG   [05-05 06:01:22] forward in Ensembler:
[tensor([[6.3214e-06, 3.3196e-05, 1.3517e-05,  ..., 2.2451e-05, 1.6364e-05,
         1.4271e-05],
        [1.1118e-05, 3.3934e-05, 2.5186e-05,  ..., 2.5966e-05, 2.9366e-05,
         2.2913e-05],
        [2.8404e-06, 6.7376e-06, 5.4677e-06,  ..., 2.5661e-06, 1.2348e-05,
         3.5286e-05],
        ...,
        [5.3535e-06, 1.7232e-05, 7.4330e-06,  ..., 1.3818e-05, 1.1139e-05,
         2.0132e-05],
        [4.9964e-06, 6.6186e-06, 9.8901e-06,  ..., 1.4411e-05, 1.0596e-05,
         3.2336e-05],
        [1.0708e-05, 6.0089e-05, 1.6148e-05,  ..., 3.7445e-05, 1.3589e-05,
         1.5068e-05]], device='cuda:0'), tensor([[7.3441e-06, 2.9805e-05, 1.4461e-05,  ..., 3.8488e-05, 1.0631e-05,
         1.4397e-05],
        [8.5901e-06, 3.0445e-05, 2.5373e-05,  ..., 1.9229e-05, 2.7801e-05,
         3.7278e-05],
        [3.6556e-06, 9.1742e-06, 8.6666e-06,  ..., 4.9520e-06, 1.0316e-05,
         2.9764e-05],
        ...,
        [6.1638e-06, 1.8240e-05, 9.2327e-06,  ..., 2.1721e-05, 1.6961e-05,
         2.1429e-05],
        [5.6626e-06, 6.6709e-06, 1.2827e-05,  ..., 1.0637e-05, 1.3695e-05,
         3.8656e-05],
        [8.6112e-06, 3.1608e-05, 1.5963e-05,  ..., 3.8059e-05, 1.6548e-05,
         2.2791e-05]], device='cuda:0')]
DEBUG   [05-05 06:01:22] forward in Ensembler:
final predict
DEBUG   [05-05 06:01:22] forward in Ensembler:
tensor([[1.3665e-05, 6.3002e-05, 2.7978e-05,  ..., 6.0940e-05, 2.6995e-05,
         2.8668e-05],
        [1.9708e-05, 6.4379e-05, 5.0560e-05,  ..., 4.5195e-05, 5.7167e-05,
         6.0191e-05],
        [6.4960e-06, 1.5912e-05, 1.4134e-05,  ..., 7.5181e-06, 2.2664e-05,
         6.5050e-05],
        ...,
        [1.1517e-05, 3.5471e-05, 1.6666e-05,  ..., 3.5538e-05, 2.8100e-05,
         4.1561e-05],
        [1.0659e-05, 1.3289e-05, 2.2717e-05,  ..., 2.5048e-05, 2.4292e-05,
         7.0992e-05],
        [1.9319e-05, 9.1697e-05, 3.2111e-05,  ..., 7.5505e-05, 3.0136e-05,
         3.7859e-05]], device='cuda:0')
DEBUG   [05-05 06:01:22] forward in Ensembler:
final confidence
DEBUG   [05-05 06:01:22] forward in Ensembler:
tensor([0.0004, 0.0002, 0.0004,  ..., 0.0002, 0.0002, 0.0004], device='cuda:0')
DEBUG   [05-05 06:01:24] forward in Ensembler:
raw predict
DEBUG   [05-05 06:01:24] forward in Ensembler:
[tensor([[1.2436e-05, 3.3113e-05, 1.6870e-05,  ..., 1.2808e-05, 2.0859e-05,
         4.8718e-05],
        [1.2262e-05, 2.2832e-05, 1.5075e-05,  ..., 3.1910e-05, 4.0149e-05,
         7.3628e-05],
        [1.6454e-05, 3.7822e-05, 2.9518e-05,  ..., 1.5887e-05, 5.1905e-05,
         4.4933e-05],
        ...,
        [7.0350e-06, 4.7774e-05, 3.6930e-05,  ..., 4.7118e-05, 4.7165e-05,
         4.0704e-05],
        [6.7864e-06, 4.1803e-05, 5.2872e-05,  ..., 3.9649e-05, 3.3820e-05,
         4.3086e-05],
        [9.6816e-06, 1.3301e-05, 1.5251e-05,  ..., 2.5486e-05, 2.6399e-05,
         6.0321e-05]], device='cuda:0'), tensor([[1.4221e-05, 3.0075e-05, 2.7126e-05,  ..., 2.2273e-05, 2.3030e-05,
         3.4145e-05],
        [1.1235e-05, 2.1667e-05, 1.5105e-05,  ..., 2.2275e-05, 5.2215e-05,
         7.5295e-05],
        [1.7734e-05, 4.5152e-05, 1.8755e-05,  ..., 1.7525e-05, 1.5122e-05,
         4.2016e-05],
        ...,
        [9.2939e-06, 4.1541e-05, 4.1273e-05,  ..., 5.9509e-05, 5.6256e-05,
         4.0985e-05],
        [8.9553e-06, 3.9474e-05, 5.6320e-05,  ..., 4.9736e-05, 4.1254e-05,
         4.1384e-05],
        [9.4527e-06, 1.3575e-05, 1.8049e-05,  ..., 2.2304e-05, 2.5409e-05,
         6.5496e-05]], device='cuda:0')]
DEBUG   [05-05 06:01:24] forward in Ensembler:
raw confidence
DEBUG   [05-05 06:01:24] forward in Ensembler:
[tensor([0.0002, 0.0001, 0.0003,  ..., 0.0003, 0.0004, 0.0003], device='cuda:0'), tensor([0.0002, 0.0001, 0.0005,  ..., 0.0002, 0.0002, 0.0003], device='cuda:0')]
DEBUG   [05-05 06:01:24] forward in Ensembler:
weighted predict
DEBUG   [05-05 06:01:24] forward in Ensembler:
[tensor([[6.2180e-06, 1.6556e-05, 8.4349e-06,  ..., 6.4039e-06, 1.0430e-05,
         2.4359e-05],
        [6.1312e-06, 1.1416e-05, 7.5376e-06,  ..., 1.5955e-05, 2.0074e-05,
         3.6814e-05],
        [8.2269e-06, 1.8911e-05, 1.4759e-05,  ..., 7.9436e-06, 2.5953e-05,
         2.2466e-05],
        ...,
        [3.5175e-06, 2.3887e-05, 1.8465e-05,  ..., 2.3559e-05, 2.3582e-05,
         2.0352e-05],
        [3.3932e-06, 2.0901e-05, 2.6436e-05,  ..., 1.9825e-05, 1.6910e-05,
         2.1543e-05],
        [4.8408e-06, 6.6507e-06, 7.6254e-06,  ..., 1.2743e-05, 1.3200e-05,
         3.0161e-05]], device='cuda:0'), tensor([[7.1106e-06, 1.5037e-05, 1.3563e-05,  ..., 1.1137e-05, 1.1515e-05,
         1.7073e-05],
        [5.6173e-06, 1.0834e-05, 7.5527e-06,  ..., 1.1137e-05, 2.6108e-05,
         3.7647e-05],
        [8.8671e-06, 2.2576e-05, 9.3773e-06,  ..., 8.7625e-06, 7.5609e-06,
         2.1008e-05],
        ...,
        [4.6469e-06, 2.0770e-05, 2.0637e-05,  ..., 2.9755e-05, 2.8128e-05,
         2.0493e-05],
        [4.4777e-06, 1.9737e-05, 2.8160e-05,  ..., 2.4868e-05, 2.0627e-05,
         2.0692e-05],
        [4.7263e-06, 6.7873e-06, 9.0243e-06,  ..., 1.1152e-05, 1.2704e-05,
         3.2748e-05]], device='cuda:0')]
DEBUG   [05-05 06:01:24] forward in Ensembler:
final predict
DEBUG   [05-05 06:01:24] forward in Ensembler:
tensor([[1.3329e-05, 3.1594e-05, 2.1998e-05,  ..., 1.7541e-05, 2.1945e-05,
         4.1431e-05],
        [1.1748e-05, 2.2250e-05, 1.5090e-05,  ..., 2.7093e-05, 4.6182e-05,
         7.4461e-05],
        [1.7094e-05, 4.1487e-05, 2.4136e-05,  ..., 1.6706e-05, 3.3513e-05,
         4.3474e-05],
        ...,
        [8.1644e-06, 4.4658e-05, 3.9102e-05,  ..., 5.3314e-05, 5.1710e-05,
         4.0845e-05],
        [7.8709e-06, 4.0639e-05, 5.4596e-05,  ..., 4.4693e-05, 3.7537e-05,
         4.2235e-05],
        [9.5671e-06, 1.3438e-05, 1.6650e-05,  ..., 2.3895e-05, 2.5904e-05,
         6.2909e-05]], device='cuda:0')
DEBUG   [05-05 06:01:24] forward in Ensembler:
final confidence
DEBUG   [05-05 06:01:24] forward in Ensembler:
tensor([0.0002, 0.0001, 0.0004,  ..., 0.0003, 0.0003, 0.0003], device='cuda:0')
INFO    [05-05 06:01:49] test_mentor in DistillTrainer:
{'Recall@10': 0.10141845898968833, 'NDCG@10': 0.06030361780098507, 'MRR@10': 0.04781552847652208, 'Recall@5': 0.07018441972987992, 'NDCG@5': 0.05022956892138436, 'MRR@5': 0.043673306526172725, 'Recall*@10': 0.10484883224680311, 'NDCG*@10': 0.06362696240345637, 'MRR*@10': 0.05107122109759422, 'Recall*@5': 0.07469079395135243, 'NDCG*@5': 0.0539204998030549, 'MRR*@5': 0.04709236820538839}
INFO    [05-05 06:01:49] train in DistillTrainer:
result:
{'Recall@10': 0.10141845898968833, 'NDCG@10': 0.06030361780098507, 'MRR@10': 0.04781552847652208, 'Recall@5': 0.07018441972987992, 'NDCG@5': 0.05022956892138436, 'MRR@5': 0.043673306526172725, 'Recall*@10': 0.10484883224680311, 'NDCG*@10': 0.06362696240345637, 'MRR*@10': 0.05107122109759422, 'Recall*@5': 0.07469079395135243, 'NDCG*@5': 0.0539204998030549, 'MRR*@5': 0.04709236820538839}
INFO    [05-05 06:02:19] log in loggers:
Update Best NDCG@10 Model at 0
INFO    [05-05 06:02:19] validate in BasicTrainer:
{'Recall@10': 0.0005621736913564659, 'NDCG@10': 0.0002518326828500167, 'MRR@10': 0.00016323403568614076, 'Recall@5': 0.000244140625, 'NDCG@5': 0.0001554943959317392, 'MRR@5': 0.00012730189960815812, 'Recall*@10': 0.0006350042725292345, 'NDCG*@10': 0.00026557081859902523, 'MRR*@10': 0.00016128076735878407, 'Recall*@5': 0.0002341387305586111, 'NDCG*@5': 0.0001443168709686558, 'MRR*@5': 0.00011615793378691055}
INFO    [05-05 06:02:19] train in BasicTrainer:
epoch: 0
DEBUG   [05-05 06:02:20] calculate_loss in loss:
soft_target max: 0.505319356918335, argmax 84237252
DEBUG   [05-05 06:02:20] calculate_loss in loss:
pred max in softmax: 4.766563142766245e-05, argmax 12561770
INFO    [05-05 06:02:38] _train_one_epoch in BasicTrainer:
loss = 8.208554051139139
INFO    [05-05 06:03:09] log in loggers:
Update Best NDCG@10 Model at 0
INFO    [05-05 06:03:09] validate in BasicTrainer:
{'Recall@10': 0.01605337911418506, 'NDCG@10': 0.008203234590057815, 'MRR@10': 0.00583240290039352, 'Recall@5': 0.00972818618729001, 'NDCG@5': 0.006151973114659389, 'MRR@5': 0.004982278416199344, 'Recall*@10': 0.0148768729219834, 'NDCG*@10': 0.007894468405062244, 'MRR*@10': 0.00578012035804845, 'Recall*@5': 0.009368633740537223, 'NDCG*@5': 0.0061046612626385124, 'MRR*@5': 0.005036369453938235}
INFO    [05-05 06:03:09] train in BasicTrainer:
duration: 50.17296004295349s
INFO    [05-05 06:03:09] train in BasicTrainer:
epoch: 1
INFO    [05-05 06:03:27] _train_one_epoch in BasicTrainer:
loss = 7.844885886799205
INFO    [05-05 06:03:57] log in loggers:
Update Best NDCG@10 Model at 1
INFO    [05-05 06:03:57] validate in BasicTrainer:
{'Recall@10': 0.016979300638749487, 'NDCG@10': 0.008449657443201258, 'MRR@10': 0.005883561912924051, 'Recall@5': 0.010383365764504387, 'NDCG@5': 0.006325650051058758, 'MRR@5': 0.005012505233199114, 'Recall*@10': 0.016046530256668728, 'NDCG*@10': 0.008170077045048987, 'MRR*@10': 0.00580377464315721, 'Recall*@5': 0.009960049652450141, 'NDCG*@5': 0.006204245966814813, 'MRR*@5': 0.004994001328235581}
INFO    [05-05 06:03:57] train in BasicTrainer:
duration: 47.779059410095215s
INFO    [05-05 06:03:57] train in BasicTrainer:
epoch: 2
INFO    [05-05 06:04:16] _train_one_epoch in BasicTrainer:
loss = 7.78912220434709
INFO    [05-05 06:04:46] log in loggers:
Update Best NDCG@10 Model at 2
INFO    [05-05 06:04:47] validate in BasicTrainer:
{'Recall@10': 0.0196149947033042, 'NDCG@10': 0.009716409169847057, 'MRR@10': 0.0067413900313632825, 'Recall@5': 0.011643084120892343, 'NDCG@5': 0.007150719718386729, 'MRR@5': 0.005689826428091952, 'Recall*@10': 0.01829499032880579, 'NDCG*@10': 0.008972269970746268, 'MRR*@10': 0.006162707261475069, 'Recall*@5': 0.010938289065268777, 'NDCG*@5': 0.006603041685940255, 'MRR*@5': 0.005190651453587981}
INFO    [05-05 06:04:47] train in BasicTrainer:
duration: 49.80656123161316s
INFO    [05-05 06:04:47] train in BasicTrainer:
epoch: 3
INFO    [05-05 06:05:04] _train_one_epoch in BasicTrainer:
loss = 7.717827944322066
INFO    [05-05 06:05:34] log in loggers:
Update Best NDCG@10 Model at 3
INFO    [05-05 06:05:34] validate in BasicTrainer:
{'Recall@10': 0.02850198940861793, 'NDCG@10': 0.014102137026687464, 'MRR@10': 0.009781414288140479, 'Recall@5': 0.0164411665783042, 'NDCG@5': 0.010244399974388736, 'MRR@5': 0.008213959434734923, 'Recall*@10': 0.026335049597989945, 'NDCG*@10': 0.013092258102482273, 'MRR*@10': 0.009114200071919532, 'Recall*@5': 0.015332496902417569, 'NDCG*@5': 0.00956895211268039, 'MRR*@5': 0.00768060339171262}
INFO    [05-05 06:05:34] train in BasicTrainer:
duration: 47.51391315460205s
INFO    [05-05 06:05:34] train in BasicTrainer:
epoch: 4
INFO    [05-05 06:05:52] _train_one_epoch in BasicTrainer:
loss = 7.610732425342906
INFO    [05-05 06:06:23] log in loggers:
Update Best NDCG@10 Model at 4
INFO    [05-05 06:06:24] validate in BasicTrainer:
{'Recall@10': 0.03677203133702278, 'NDCG@10': 0.0184852092393807, 'MRR@10': 0.013010303401166485, 'Recall@5': 0.02136969388950439, 'NDCG@5': 0.013543039205528441, 'MRR@5': 0.010992804409137793, 'Recall*@10': 0.03471843907166095, 'NDCG*@10': 0.0172503614975583, 'MRR*@10': 0.012018831491115548, 'Recall*@5': 0.019924495369195938, 'NDCG*@5': 0.012496750934847764, 'MRR*@5': 0.010074561262237174}
INFO    [05-05 06:06:24] train in BasicTrainer:
duration: 49.37752866744995s
INFO    [05-05 06:06:24] train in BasicTrainer:
epoch: 5
INFO    [05-05 06:06:41] _train_one_epoch in BasicTrainer:
loss = 7.48233284516768
INFO    [05-05 06:07:11] log in loggers:
Update Best NDCG@10 Model at 5
INFO    [05-05 06:07:11] validate in BasicTrainer:
{'Recall@10': 0.040068816571008595, 'NDCG@10': 0.020557622380909465, 'MRR@10': 0.014680418141541026, 'Recall@5': 0.024555935923542296, 'NDCG@5': 0.01557810582397949, 'MRR@5': 0.012647328720915885, 'Recall*@10': 0.03833476968464397, 'NDCG*@10': 0.01977387301269032, 'MRR*@10': 0.01419012394866773, 'Recall*@5': 0.023272733869297162, 'NDCG*@5': 0.014939523967249053, 'MRR*@5': 0.012216663564599696}
INFO    [05-05 06:07:11] train in BasicTrainer:
duration: 47.358999490737915s
INFO    [05-05 06:07:11] train in BasicTrainer:
epoch: 6
INFO    [05-05 06:07:30] _train_one_epoch in BasicTrainer:
loss = 7.383373412218961
INFO    [05-05 06:08:00] log in loggers:
Update Best NDCG@10 Model at 6
INFO    [05-05 06:08:01] validate in BasicTrainer:
{'Recall@10': 0.046556769914570306, 'NDCG@10': 0.023596226193365596, 'MRR@10': 0.016689632265340714, 'Recall@5': 0.028066910625923248, 'NDCG@5': 0.01766922360374814, 'MRR@5': 0.014274420394074349, 'Recall*@10': 0.04506055584975651, 'NDCG*@10': 0.022924306846800305, 'MRR*@10': 0.016261416310000987, 'Recall*@5': 0.027345079396452223, 'NDCG*@5': 0.01723856439015695, 'MRR*@5': 0.013940023790512766}
INFO    [05-05 06:08:01] train in BasicTrainer:
duration: 49.719741106033325s
INFO    [05-05 06:08:01] train in BasicTrainer:
epoch: 7
INFO    [05-05 06:08:17] _train_one_epoch in BasicTrainer:
loss = 7.308722322637385
INFO    [05-05 06:08:47] log in loggers:
Update Best NDCG@10 Model at 7
INFO    [05-05 06:08:48] validate in BasicTrainer:
{'Recall@10': 0.04940093911829449, 'NDCG@10': 0.025223514331238612, 'MRR@10': 0.017958718884204115, 'Recall@5': 0.029437960258552005, 'NDCG@5': 0.01878852725383781, 'MRR@5': 0.015314632228442602, 'Recall*@10': 0.047452679879608606, 'NDCG*@10': 0.02445224415333498, 'MRR*@10': 0.017531196098952068, 'Recall*@5': 0.028521361893841198, 'NDCG*@5': 0.018333643364409607, 'MRR*@5': 0.015008019948644298}
INFO    [05-05 06:08:48] train in BasicTrainer:
duration: 47.046820402145386s
INFO    [05-05 06:08:48] train in BasicTrainer:
epoch: 8
INFO    [05-05 06:09:06] _train_one_epoch in BasicTrainer:
loss = 7.257339282469316
INFO    [05-05 06:09:36] log in loggers:
Update Best NDCG@10 Model at 8
INFO    [05-05 06:09:36] validate in BasicTrainer:
{'Recall@10': 0.05426956429367974, 'NDCG@10': 0.027904397674969265, 'MRR@10': 0.019958503721725373, 'Recall@5': 0.0336015529575802, 'NDCG@5': 0.02127534736480032, 'MRR@5': 0.017254814904715334, 'Recall*@10': 0.05298532847137678, 'NDCG*@10': 0.027501843160107023, 'MRR*@10': 0.01982282589943636, 'Recall*@5': 0.03295683488249779, 'NDCG*@5': 0.02109023937512012, 'MRR*@5': 0.017215044326370672}
INFO    [05-05 06:09:36] train in BasicTrainer:
duration: 48.56003665924072s
INFO    [05-05 06:09:36] train in BasicTrainer:
epoch: 9
DEBUG   [05-05 06:09:39] calculate_loss in loss:
soft_target max: 0.5019853115081787, argmax 65991120
DEBUG   [05-05 06:09:39] calculate_loss in loss:
pred max in softmax: 0.16649988293647766, argmax 15943302
DEBUG   [05-05 06:09:39] calculate_loss in loss:
soft_target max: 0.5027971863746643, argmax 81403054
DEBUG   [05-05 06:09:39] calculate_loss in loss:
pred max in softmax: 0.24253633618354797, argmax 63196511
INFO    [05-05 06:09:56] _train_one_epoch in BasicTrainer:
loss = 7.207435365156694
INFO    [05-05 06:10:27] log in loggers:
Update Best NDCG@10 Model at 9
INFO    [05-05 06:10:27] validate in BasicTrainer:
{'Recall@10': 0.05739688944248926, 'NDCG@10': 0.02944131869645346, 'MRR@10': 0.02098500444775536, 'Recall@5': 0.035624432421865915, 'NDCG@5': 0.022414803061456906, 'MRR@5': 0.0180931260277118, 'Recall*@10': 0.05570928025103751, 'NDCG*@10': 0.02883907159169515, 'MRR*@10': 0.02069932408630848, 'Recall*@5': 0.035357548899593805, 'NDCG*@5': 0.022282253418649946, 'MRR*@5': 0.018007665828225158}
INFO    [05-05 06:10:27] train in BasicTrainer:
duration: 51.16169810295105s
INFO    [05-05 06:10:27] train in BasicTrainer:
epoch: 10
INFO    [05-05 06:10:46] _train_one_epoch in BasicTrainer:
loss = 7.1537940979003904
INFO    [05-05 06:11:17] log in loggers:
Update Best NDCG@10 Model at 10
INFO    [05-05 06:11:17] validate in BasicTrainer:
{'Recall@10': 0.061408559481302895, 'NDCG@10': 0.03188180976680347, 'MRR@10': 0.02299069276168233, 'Recall@5': 0.03761243465400878, 'NDCG@5': 0.024233881472831682, 'MRR@5': 0.019861766181531407, 'Recall*@10': 0.0600009285623119, 'NDCG*@10': 0.031415898264164015, 'MRR*@10': 0.022802020467462995, 'Recall*@5': 0.03718137244383494, 'NDCG*@5': 0.02409304900183564, 'MRR*@5': 0.019812366082554773}
INFO    [05-05 06:11:17] train in BasicTrainer:
duration: 49.582815647125244s
INFO    [05-05 06:11:17] train in BasicTrainer:
epoch: 11
INFO    [05-05 06:11:36] _train_one_epoch in BasicTrainer:
loss = 7.098156963695179
INFO    [05-05 06:12:07] log in loggers:
Update Best NDCG@10 Model at 11
INFO    [05-05 06:12:08] validate in BasicTrainer:
{'Recall@10': 0.0650706688563029, 'NDCG@10': 0.0344258380965108, 'MRR@10': 0.02518533347618012, 'Recall@5': 0.04064261593988964, 'NDCG@5': 0.026581595607456706, 'MRR@5': 0.02198073888818423, 'Recall*@10': 0.06331273345720201, 'NDCG*@10': 0.033893013993899025, 'MRR*@10': 0.025011915003969556, 'Recall*@5': 0.040370531557571324, 'NDCG*@5': 0.026540375802488553, 'MRR*@5': 0.02201680927759125}
INFO    [05-05 06:12:08] train in BasicTrainer:
duration: 50.69957494735718s
INFO    [05-05 06:12:08] train in BasicTrainer:
epoch: 12
INFO    [05-05 06:12:27] _train_one_epoch in BasicTrainer:
loss = 7.0405652046203615
INFO    [05-05 06:12:57] log in loggers:
Update Best NDCG@10 Model at 12
INFO    [05-05 06:12:57] validate in BasicTrainer:
{'Recall@10': 0.06853514058249337, 'NDCG@10': 0.03606953276764779, 'MRR@10': 0.026265491687116168, 'Recall@5': 0.04315791456472306, 'NDCG@5': 0.027929032842318218, 'MRR@5': 0.02294447681023961, 'Recall*@10': 0.06776965036988258, 'NDCG*@10': 0.036110427940175646, 'MRR*@10': 0.026544277334497088, 'Recall*@5': 0.04303663401376633, 'NDCG*@5': 0.028155528452424777, 'MRR*@5': 0.023286091962030957}
INFO    [05-05 06:12:57] train in BasicTrainer:
duration: 49.630995750427246s
INFO    [05-05 06:12:57] train in BasicTrainer:
epoch: 13
INFO    [05-05 06:13:16] _train_one_epoch in BasicTrainer:
loss = 6.989150251041759
INFO    [05-05 06:13:47] log in loggers:
Update Best NDCG@10 Model at 13
INFO    [05-05 06:13:47] validate in BasicTrainer:
{'Recall@10': 0.07228355606396993, 'NDCG@10': 0.038256109825202396, 'MRR@10': 0.0280147594000612, 'Recall@5': 0.04515754254091354, 'NDCG@5': 0.029575619580490247, 'MRR@5': 0.02448615227781591, 'Recall*@10': 0.07216367054553259, 'NDCG*@10': 0.03851700396764846, 'MRR*@10': 0.028391202734339805, 'Recall*@5': 0.04517210363632157, 'NDCG*@5': 0.029875421186997778, 'MRR*@5': 0.024876243479195096}
INFO    [05-05 06:13:47] train in BasicTrainer:
duration: 50.02065300941467s
INFO    [05-05 06:13:47] train in BasicTrainer:
epoch: 14
INFO    [05-05 06:14:05] _train_one_epoch in BasicTrainer:
loss = 6.943158743598245
INFO    [05-05 06:14:35] log in loggers:
Update Best NDCG@10 Model at 14
INFO    [05-05 06:14:35] validate in BasicTrainer:
{'Recall@10': 0.07449579735596974, 'NDCG@10': 0.03979626368908655, 'MRR@10': 0.02932252087408588, 'Recall@5': 0.04679598428663753, 'NDCG@5': 0.030900094303346816, 'MRR@5': 0.025686760211274737, 'Recall*@10': 0.0735817700624466, 'NDCG*@10': 0.040071128734520504, 'MRR*@10': 0.029943753211271195, 'Recall*@5': 0.04696514049456233, 'NDCG*@5': 0.031529699585267475, 'MRR*@5': 0.026457026689535097}
INFO    [05-05 06:14:35] train in BasicTrainer:
duration: 48.140827894210815s
INFO    [05-05 06:14:35] train in BasicTrainer:
epoch: 15
INFO    [05-05 06:14:54] _train_one_epoch in BasicTrainer:
loss = 6.9017995444211095
INFO    [05-05 06:15:25] log in loggers:
Update Best NDCG@10 Model at 15
INFO    [05-05 06:15:25] validate in BasicTrainer:
{'Recall@10': 0.07616576658827919, 'NDCG@10': 0.04073271102138928, 'MRR@10': 0.0300421795497338, 'Recall@5': 0.04873492196202278, 'NDCG@5': 0.031932350514190536, 'MRR@5': 0.026450919785669873, 'Recall*@10': 0.07583103364422208, 'NDCG*@10': 0.04130060261204129, 'MRR*@10': 0.03087496677679675, 'Recall*@5': 0.04903572088196164, 'NDCG*@5': 0.032708278812822844, 'MRR*@5': 0.027370813790531384}
INFO    [05-05 06:15:25] train in BasicTrainer:
duration: 49.827716588974s
INFO    [05-05 06:15:25] train in BasicTrainer:
epoch: 16
INFO    [05-05 06:15:44] _train_one_epoch in BasicTrainer:
loss = 6.865231084823608
INFO    [05-05 06:16:14] log in loggers:
Update Best NDCG@10 Model at 16
INFO    [05-05 06:16:14] validate in BasicTrainer:
{'Recall@10': 0.07937939819835481, 'NDCG@10': 0.042644464189097994, 'MRR@10': 0.031547075669680326, 'Recall@5': 0.050727062282108125, 'NDCG@5': 0.03343471929076172, 'MRR@5': 0.027779364603615943, 'Recall*@10': 0.07912662483396984, 'NDCG*@10': 0.04299330055004075, 'MRR*@10': 0.032071102587949665, 'Recall*@5': 0.05110913408654077, 'NDCG*@5': 0.03399122524119559, 'MRR*@5': 0.028390253406195415}
INFO    [05-05 06:16:14] train in BasicTrainer:
duration: 48.991889238357544s
INFO    [05-05 06:16:14] train in BasicTrainer:
epoch: 17
INFO    [05-05 06:16:33] _train_one_epoch in BasicTrainer:
loss = 6.833152328838001
INFO    [05-05 06:17:04] log in loggers:
Update Best NDCG@10 Model at 17
INFO    [05-05 06:17:05] validate in BasicTrainer:
{'Recall@10': 0.08063832812366031, 'NDCG@10': 0.043657367960328146, 'MRR@10': 0.032490077295473645, 'Recall@5': 0.05184648345623698, 'NDCG@5': 0.0344169418371859, 'MRR@5': 0.02871728599781082, 'Recall*@10': 0.08058152489718937, 'NDCG*@10': 0.044175750975097926, 'MRR*@10': 0.03318419413907187, 'Recall*@5': 0.05179743521979877, 'NDCG*@5': 0.034930585307024774, 'MRR*@5': 0.029405030466261365}
INFO    [05-05 06:17:05] train in BasicTrainer:
duration: 50.28474974632263s
INFO    [05-05 06:17:05] train in BasicTrainer:
epoch: 18
DEBUG   [05-05 06:17:08] calculate_loss in loss:
soft_target max: 0.5040305256843567, argmax 76691438
DEBUG   [05-05 06:17:08] calculate_loss in loss:
pred max in softmax: 0.7521792650222778, argmax 20120881
DEBUG   [05-05 06:17:08] calculate_loss in loss:
soft_target max: 0.5018543601036072, argmax 39101184
DEBUG   [05-05 06:17:08] calculate_loss in loss:
pred max in softmax: 0.4588087201118469, argmax 22588875
INFO    [05-05 06:17:23] _train_one_epoch in BasicTrainer:
loss = 6.799475821581754
INFO    [05-05 06:17:53] log in loggers:
Update Best NDCG@10 Model at 18
INFO    [05-05 06:17:53] validate in BasicTrainer:
{'Recall@10': 0.08255322632335481, 'NDCG@10': 0.04487525920073191, 'MRR@10': 0.03346624615646544, 'Recall@5': 0.05387015108551298, 'NDCG@5': 0.03565985035328638, 'MRR@5': 0.02969775331162271, 'Recall*@10': 0.08297512041670936, 'NDCG*@10': 0.04579035263685953, 'MRR*@10': 0.03451120995339893, 'Recall*@5': 0.05519593099043483, 'NDCG*@5': 0.03687617573000136, 'MRR*@5': 0.03087226807006768}
INFO    [05-05 06:17:53] train in BasicTrainer:
duration: 48.82694602012634s
INFO    [05-05 06:17:53] train in BasicTrainer:
epoch: 19
INFO    [05-05 06:18:12] _train_one_epoch in BasicTrainer:
loss = 6.769152628291737
INFO    [05-05 06:18:43] log in loggers:
Update Best NDCG@10 Model at 19
INFO    [05-05 06:18:43] validate in BasicTrainer:
{'Recall@10': 0.08361038068930308, 'NDCG@10': 0.045604833179996127, 'MRR@10': 0.03407511327947889, 'Recall@5': 0.05525026470422745, 'NDCG@5': 0.036488310034785955, 'MRR@5': 0.030345100820774122, 'Recall*@10': 0.0836627408862114, 'NDCG*@10': 0.046430256572507676, 'MRR*@10': 0.035130300071267856, 'Recall*@5': 0.05579900901232447, 'NDCG*@5': 0.03749159581604458, 'MRR*@5': 0.03148418868936244}
INFO    [05-05 06:18:43] train in BasicTrainer:
duration: 49.91769790649414s
INFO    [05-05 06:18:43] train in BasicTrainer:
epoch: 20
INFO    [05-05 06:19:01] _train_one_epoch in BasicTrainer:
loss = 6.7418303966522215
INFO    [05-05 06:19:31] log in loggers:
Update Best NDCG@10 Model at 20
INFO    [05-05 06:19:32] validate in BasicTrainer:
{'Recall@10': 0.08598695872795015, 'NDCG@10': 0.046977833445583074, 'MRR@10': 0.035178947306814645, 'Recall@5': 0.05518307199790364, 'NDCG@5': 0.0370376973989464, 'MRR@5': 0.031088754179931823, 'Recall*@10': 0.08654616453817912, 'NDCG*@10': 0.04783853817553747, 'MRR*@10': 0.036117310857488996, 'Recall*@5': 0.05640392981114842, 'NDCG*@5': 0.038113403355791456, 'MRR*@5': 0.03211661738653978}
INFO    [05-05 06:19:32] train in BasicTrainer:
duration: 48.19181442260742s
INFO    [05-05 06:19:32] train in BasicTrainer:
epoch: 21
INFO    [05-05 06:19:50] _train_one_epoch in BasicTrainer:
loss = 6.7146877158771865
INFO    [05-05 06:20:21] log in loggers:
Update Best NDCG@10 Model at 21
INFO    [05-05 06:20:22] validate in BasicTrainer:
{'Recall@10': 0.0878512156861169, 'NDCG@10': 0.04817101997988565, 'MRR@10': 0.03616580633180482, 'Recall@5': 0.057970688811370304, 'NDCG@5': 0.03860851749777794, 'MRR@5': 0.03227693764936356, 'Recall*@10': 0.08848893039283298, 'NDCG*@10': 0.04902670975951921, 'MRR*@10': 0.03707409916179521, 'Recall*@5': 0.05896996476110958, 'NDCG*@5': 0.03958735597275552, 'MRR*@5': 0.03323934741673015}
INFO    [05-05 06:20:22] train in BasicTrainer:
duration: 49.97877764701843s
INFO    [05-05 06:20:22] train in BasicTrainer:
epoch: 22
INFO    [05-05 06:20:39] _train_one_epoch in BasicTrainer:
loss = 6.6871286782351405
INFO    [05-05 06:21:10] log in loggers:
Update Best NDCG@10 Model at 22
INFO    [05-05 06:21:10] validate in BasicTrainer:
{'Recall@10': 0.08875802372183118, 'NDCG@10': 0.04911201713340623, 'MRR@10': 0.037123446131036394, 'Recall@5': 0.05837758985303697, 'NDCG@5': 0.03934039140031451, 'MRR@5': 0.03312140685461816, 'Recall*@10': 0.0898296098623957, 'NDCG*@10': 0.0503317979829652, 'MRR*@10': 0.038392888115985055, 'Recall*@5': 0.059313478569189705, 'NDCG*@5': 0.04051709547638893, 'MRR*@5': 0.03437400768910136}
INFO    [05-05 06:21:10] train in BasicTrainer:
duration: 48.20397090911865s
INFO    [05-05 06:21:10] train in BasicTrainer:
epoch: 23
INFO    [05-05 06:21:29] _train_one_epoch in BasicTrainer:
loss = 6.663236501000144
INFO    [05-05 06:22:00] log in loggers:
Update Best NDCG@10 Model at 23
INFO    [05-05 06:22:00] validate in BasicTrainer:
{'Recall@10': 0.08957182580516451, 'NDCG@10': 0.04943797630923135, 'MRR@10': 0.03729006399710973, 'Recall@5': 0.05842330484163193, 'NDCG@5': 0.039413955949601676, 'MRR@5': 0.033182113830532343, 'Recall*@10': 0.09061131626367569, 'NDCG*@10': 0.05065820437102091, 'MRR*@10': 0.03853417631416094, 'Recall*@5': 0.060054106903927665, 'NDCG*@5': 0.04080587465848241, 'MRR*@5': 0.034485459150302974}
INFO    [05-05 06:22:00] train in BasicTrainer:
duration: 50.185617208480835s
INFO    [05-05 06:22:00] train in BasicTrainer:
epoch: 24
INFO    [05-05 06:22:18] _train_one_epoch in BasicTrainer:
loss = 6.64055754921653
INFO    [05-05 06:22:48] log in loggers:
Update Best NDCG@10 Model at 24
INFO    [05-05 06:22:48] validate in BasicTrainer:
{'Recall@10': 0.0909087863706407, 'NDCG@10': 0.05046732528578667, 'MRR@10': 0.03820067927950904, 'Recall@5': 0.06040046931732269, 'NDCG@5': 0.04066195463140806, 'MRR@5': 0.03418863068024317, 'Recall*@10': 0.09131870525223869, 'NDCG*@10': 0.05142670195727121, 'MRR*@10': 0.03930209860915229, 'Recall*@5': 0.06200223717661131, 'NDCG*@5': 0.04201290508111318, 'MRR*@5': 0.03545532100612209}
INFO    [05-05 06:22:48] train in BasicTrainer:
duration: 48.203973054885864s
INFO    [05-05 06:22:48] train in BasicTrainer:
epoch: 25
INFO    [05-05 06:23:07] _train_one_epoch in BasicTrainer:
loss = 6.618172259764238
INFO    [05-05 06:23:38] log in loggers:
Update Best NDCG@10 Model at 25
INFO    [05-05 06:23:38] validate in BasicTrainer:
{'Recall@10': 0.09220751978102185, 'NDCG@10': 0.05108545702837762, 'MRR@10': 0.038634924129361196, 'Recall@5': 0.06101742209423156, 'NDCG@5': 0.04107623937584105, 'MRR@5': 0.03454909464787869, 'Recall*@10': 0.09284742566801253, 'NDCG*@10': 0.052086581786473594, 'MRR*@10': 0.039728243613526934, 'Recall*@5': 0.06231427494259108, 'NDCG*@5': 0.042282226717188245, 'MRR*@5': 0.03572220124659084}
INFO    [05-05 06:23:38] train in BasicTrainer:
duration: 49.8578040599823s
INFO    [05-05 06:23:38] train in BasicTrainer:
epoch: 26
INFO    [05-05 06:23:56] _train_one_epoch in BasicTrainer:
loss = 6.598128288442438
INFO    [05-05 06:24:26] log in loggers:
Update Best NDCG@10 Model at 26
INFO    [05-05 06:24:26] validate in BasicTrainer:
{'Recall@10': 0.09242762093033109, 'NDCG@10': 0.051929167338779995, 'MRR@10': 0.03964495463740258, 'Recall@5': 0.06176068137089411, 'NDCG@5': 0.04206149546163423, 'MRR@5': 0.035601165589122546, 'Recall*@10': 0.09277902188755217, 'NDCG*@10': 0.05287562133300872, 'MRR*@10': 0.040756249179442726, 'Recall*@5': 0.06319011020518485, 'NDCG*@5': 0.04338520126683371, 'MRR*@5': 0.03688495304612886}
INFO    [05-05 06:24:26] train in BasicTrainer:
duration: 48.0973596572876s
INFO    [05-05 06:24:26] train in BasicTrainer:
epoch: 27
DEBUG   [05-05 06:24:32] calculate_loss in loss:
soft_target max: 0.502403974533081, argmax 57037155
DEBUG   [05-05 06:24:32] calculate_loss in loss:
pred max in softmax: 0.7941150665283203, argmax 55857123
DEBUG   [05-05 06:24:32] calculate_loss in loss:
soft_target max: 0.5043588280677795, argmax 47246906
DEBUG   [05-05 06:24:32] calculate_loss in loss:
pred max in softmax: 0.7346245050430298, argmax 81806522
INFO    [05-05 06:24:45] _train_one_epoch in BasicTrainer:
loss = 6.575532787496393
INFO    [05-05 06:25:15] validate in BasicTrainer:
{'Recall@10': 0.09254880462374006, 'NDCG@10': 0.05190441030121985, 'MRR@10': 0.0395844385382675, 'Recall@5': 0.061509053267183755, 'NDCG@5': 0.04191619991546586, 'MRR@5': 0.03549052970040412, 'Recall*@10': 0.09336887690283004, 'NDCG*@10': 0.05324111932090351, 'MRR*@10': 0.041050040473540626, 'Recall*@5': 0.06330798850173042, 'NDCG*@5': 0.04353714716576394, 'MRR*@5': 0.03705403669959023}
INFO    [05-05 06:25:15] train in BasicTrainer:
duration: 48.68647027015686s
INFO    [05-05 06:25:15] train in BasicTrainer:
epoch: 28
INFO    [05-05 06:25:33] _train_one_epoch in BasicTrainer:
loss = 6.556264951012351
INFO    [05-05 06:26:05] log in loggers:
Update Best NDCG@10 Model at 28
INFO    [05-05 06:26:05] validate in BasicTrainer:
{'Recall@10': 0.09407926457268852, 'NDCG@10': 0.05290288318480764, 'MRR@10': 0.04043923336125556, 'Recall@5': 0.06244660026970364, 'NDCG@5': 0.04274602181145123, 'MRR@5': 0.0362907758071309, 'Recall*@10': 0.09448954463005066, 'NDCG*@10': 0.05367199810487883, 'MRR*@10': 0.04128738545945713, 'Recall*@5': 0.06382157068167414, 'NDCG*@5': 0.04382665774651936, 'MRR*@5': 0.037267097405024936}
INFO    [05-05 06:26:05] train in BasicTrainer:
duration: 50.54947590827942s
INFO    [05-05 06:26:05] train in BasicTrainer:
epoch: 29
INFO    [05-05 06:26:24] _train_one_epoch in BasicTrainer:
loss = 6.535882975838401
INFO    [05-05 06:26:54] log in loggers:
Update Best NDCG@10 Model at 29
INFO    [05-05 06:26:54] validate in BasicTrainer:
{'Recall@10': 0.09422212342421214, 'NDCG@10': 0.053010890171641394, 'MRR@10': 0.04053384065628052, 'Recall@5': 0.06243753628361793, 'NDCG@5': 0.04274757259658405, 'MRR@5': 0.036306138549532206, 'Recall*@10': 0.09481252268666313, 'NDCG*@10': 0.05420910638003122, 'MRR*@10': 0.041891309654428846, 'Recall*@5': 0.06433249460089774, 'NDCG*@5': 0.04438571915740058, 'MRR*@5': 0.037856138976556916}
INFO    [05-05 06:26:54] train in BasicTrainer:
duration: 48.94489073753357s
INFO    [05-05 06:26:54] train in BasicTrainer:
epoch: 30
INFO    [05-05 06:27:13] _train_one_epoch in BasicTrainer:
loss = 6.514835986224088
INFO    [05-05 06:27:44] log in loggers:
Update Best NDCG@10 Model at 30
INFO    [05-05 06:27:44] validate in BasicTrainer:
{'Recall@10': 0.09492301799002148, 'NDCG@10': 0.05387016066483089, 'MRR@10': 0.041398879672799795, 'Recall@5': 0.06432248332670756, 'NDCG@5': 0.04401565644712675, 'MRR@5': 0.03735544709932236, 'Recall*@10': 0.09575954789207095, 'NDCG*@10': 0.05501566099978629, 'MRR*@10': 0.042626600889932545, 'Recall*@5': 0.06600488527190118, 'NDCG*@5': 0.04544406845456078, 'MRR*@5': 0.038705846206063314}
INFO    [05-05 06:27:44] train in BasicTrainer:
duration: 50.12688636779785s
INFO    [05-05 06:27:44] train in BasicTrainer:
epoch: 31
INFO    [05-05 06:28:03] _train_one_epoch in BasicTrainer:
loss = 6.495967279780995
INFO    [05-05 06:28:34] log in loggers:
Update Best NDCG@10 Model at 31
INFO    [05-05 06:28:34] validate in BasicTrainer:
{'Recall@10': 0.09682707843326387, 'NDCG@10': 0.05525708340463184, 'MRR@10': 0.04262323429187139, 'Recall@5': 0.06619501610596974, 'NDCG@5': 0.04540230617636726, 'MRR@5': 0.038585477464255835, 'Recall*@10': 0.09817168506838027, 'NDCG*@10': 0.05668223276734352, 'MRR*@10': 0.04405116343072483, 'Recall*@5': 0.06795902638917878, 'NDCG*@5': 0.04696805136544364, 'MRR*@5': 0.040074265961136134}
INFO    [05-05 06:28:34] train in BasicTrainer:
duration: 49.55179166793823s
INFO    [05-05 06:28:34] train in BasicTrainer:
epoch: 32
INFO    [05-05 06:28:53] _train_one_epoch in BasicTrainer:
loss = 6.478381269628351
INFO    [05-05 06:29:24] log in loggers:
Update Best NDCG@10 Model at 32
INFO    [05-05 06:29:24] validate in BasicTrainer:
{'Recall@10': 0.09714846100125994, 'NDCG@10': 0.0556042254680679, 'MRR@10': 0.04295968601391429, 'Recall@5': 0.06663679437977928, 'NDCG@5': 0.04578393662259692, 'MRR@5': 0.03893391468695232, 'Recall*@10': 0.09816896915435791, 'NDCG*@10': 0.05695360100695065, 'MRR*@10': 0.04437989369034767, 'Recall*@5': 0.06860243741955076, 'NDCG*@5': 0.04743282425971258, 'MRR*@5': 0.0404739495189417}
INFO    [05-05 06:29:24] train in BasicTrainer:
duration: 49.95859432220459s
INFO    [05-05 06:29:24] train in BasicTrainer:
epoch: 33
INFO    [05-05 06:29:41] _train_one_epoch in BasicTrainer:
loss = 6.460230723294345
INFO    [05-05 06:30:12] log in loggers:
Update Best NDCG@10 Model at 33
INFO    [05-05 06:30:12] validate in BasicTrainer:
{'Recall@10': 0.09748974584397815, 'NDCG@10': 0.05605644484361013, 'MRR@10': 0.04345921285095669, 'Recall@5': 0.06679206696294603, 'NDCG@5': 0.04620949143455142, 'MRR@5': 0.039442318003802074, 'Recall*@10': 0.09825576274167924, 'NDCG*@10': 0.05722893366501445, 'MRR*@10': 0.04472922853061131, 'Recall*@5': 0.06873775238082522, 'NDCG*@5': 0.04777178771439053, 'MRR*@5': 0.04087761629905019}
INFO    [05-05 06:30:12] train in BasicTrainer:
duration: 47.95705604553223s
INFO    [05-05 06:30:12] train in BasicTrainer:
epoch: 34
INFO    [05-05 06:30:31] _train_one_epoch in BasicTrainer:
loss = 6.444162087007002
INFO    [05-05 06:31:02] log in loggers:
Update Best NDCG@10 Model at 34
INFO    [05-05 06:31:02] validate in BasicTrainer:
{'Recall@10': 0.09803950538237889, 'NDCG@10': 0.056382165068671816, 'MRR@10': 0.04371224645347822, 'Recall@5': 0.06760508105868385, 'NDCG@5': 0.046611451144729345, 'MRR@5': 0.039720941867147176, 'Recall*@10': 0.09906043112277985, 'NDCG*@10': 0.05752562039664814, 'MRR*@10': 0.04486221997510819, 'Recall*@5': 0.06917882426863625, 'NDCG*@5': 0.04791757304753576, 'MRR*@5': 0.040928829461336136}
INFO    [05-05 06:31:02] train in BasicTrainer:
duration: 50.13858938217163s
INFO    [05-05 06:31:02] train in BasicTrainer:
epoch: 35
INFO    [05-05 06:31:19] _train_one_epoch in BasicTrainer:
loss = 6.428934730182995
INFO    [05-05 06:31:50] log in loggers:
Update Best NDCG@10 Model at 35
INFO    [05-05 06:31:50] validate in BasicTrainer:
{'Recall@10': 0.09830275958492643, 'NDCG@10': 0.05646374502352306, 'MRR@10': 0.043712351293790905, 'Recall@5': 0.06831090152263641, 'NDCG@5': 0.04680553823709488, 'MRR@5': 0.03974962199018115, 'Recall*@10': 0.10015646474702018, 'NDCG*@10': 0.05799181138475736, 'MRR*@10': 0.04513401733267875, 'Recall*@5': 0.07047658697480247, 'NDCG*@5': 0.04845604069885753, 'MRR*@5': 0.041234436844076426}
INFO    [05-05 06:31:50] train in BasicTrainer:
duration: 47.745898962020874s
INFO    [05-05 06:31:50] train in BasicTrainer:
epoch: 36
DEBUG   [05-05 06:31:57] calculate_loss in loss:
soft_target max: 0.5083392858505249, argmax 54511464
DEBUG   [05-05 06:31:57] calculate_loss in loss:
pred max in softmax: 0.9764237999916077, argmax 59430342
DEBUG   [05-05 06:31:57] calculate_loss in loss:
soft_target max: 0.5039553046226501, argmax 70635291
DEBUG   [05-05 06:31:57] calculate_loss in loss:
pred max in softmax: 0.9925128221511841, argmax 17488878
INFO    [05-05 06:32:08] _train_one_epoch in BasicTrainer:
loss = 6.413203824650157
INFO    [05-05 06:32:39] log in loggers:
Update Best NDCG@10 Model at 36
INFO    [05-05 06:32:40] validate in BasicTrainer:
{'Recall@10': 0.0998929249388831, 'NDCG@10': 0.05734121125368845, 'MRR@10': 0.04440794601326897, 'Recall@5': 0.06885396156992231, 'NDCG@5': 0.04738575929687137, 'MRR@5': 0.040346809795924594, 'Recall*@10': 0.10163373819419316, 'NDCG*@10': 0.058964328396888005, 'MRR*@10': 0.04599098666083245, 'Recall*@5': 0.07075058118928046, 'NDCG*@5': 0.04907517152882758, 'MRR*@5': 0.04196633061482793}
INFO    [05-05 06:32:40] train in BasicTrainer:
duration: 49.79980182647705s
INFO    [05-05 06:32:40] train in BasicTrainer:
epoch: 37
INFO    [05-05 06:32:57] _train_one_epoch in BasicTrainer:
loss = 6.398419562253085
INFO    [05-05 06:33:27] log in loggers:
Update Best NDCG@10 Model at 37
INFO    [05-05 06:33:27] validate in BasicTrainer:
{'Recall@10': 0.09932168715056919, 'NDCG@10': 0.05777147713871229, 'MRR@10': 0.04513664525889215, 'Recall@5': 0.06888056298096974, 'NDCG@5': 0.04799095381583486, 'MRR@5': 0.041137032743011205, 'Recall*@10': 0.10038648794094722, 'NDCG*@10': 0.05901385843753815, 'MRR*@10': 0.046404955287774406, 'Recall*@5': 0.07051090009155728, 'NDCG*@5': 0.04941302165389061, 'MRR*@5': 0.04247772622676123}
INFO    [05-05 06:33:27] train in BasicTrainer:
duration: 47.395912408828735s
INFO    [05-05 06:33:27] train in BasicTrainer:
epoch: 38
INFO    [05-05 06:33:45] _train_one_epoch in BasicTrainer:
loss = 6.383941398967396
INFO    [05-05 06:34:16] log in loggers:
Update Best NDCG@10 Model at 38
INFO    [05-05 06:34:16] validate in BasicTrainer:
{'Recall@10': 0.10014790296554565, 'NDCG@10': 0.05799365274253346, 'MRR@10': 0.0451773763412521, 'Recall@5': 0.0693339669988269, 'NDCG@5': 0.04809154445926348, 'MRR@5': 0.04112732463649341, 'Recall*@10': 0.10153309823501677, 'NDCG*@10': 0.05967453512407485, 'MRR*@10': 0.046941528362887244, 'Recall*@5': 0.07111720634358269, 'NDCG*@5': 0.049915765899987447, 'MRR*@5': 0.04295951784366653}
INFO    [05-05 06:34:16] train in BasicTrainer:
duration: 48.83275365829468s
INFO    [05-05 06:34:16] train in BasicTrainer:
epoch: 39
INFO    [05-05 06:34:34] _train_one_epoch in BasicTrainer:
loss = 6.369893797961148
INFO    [05-05 06:35:04] log in loggers:
Update Best NDCG@10 Model at 39
INFO    [05-05 06:35:04] validate in BasicTrainer:
{'Recall@10': 0.10019026803118843, 'NDCG@10': 0.05826818552755174, 'MRR@10': 0.04552531632639113, 'Recall@5': 0.06869790099916004, 'NDCG@5': 0.048155183593432106, 'MRR@5': 0.0413923788638342, 'Recall*@10': 0.101523685668196, 'NDCG*@10': 0.05981267172665823, 'MRR*@10': 0.047120347973846254, 'Recall*@5': 0.07082850592476982, 'NDCG*@5': 0.04997033519404275, 'MRR*@5': 0.043106905406429655}
INFO    [05-05 06:35:04] train in BasicTrainer:
duration: 48.18188548088074s
INFO    [05-05 06:35:04] train in BasicTrainer:
epoch: 40
INFO    [05-05 06:35:23] _train_one_epoch in BasicTrainer:
loss = 6.354196019606157
INFO    [05-05 06:35:54] log in loggers:
Update Best NDCG@10 Model at 40
INFO    [05-05 06:35:54] validate in BasicTrainer:
{'Recall@10': 0.1009110641621408, 'NDCG@10': 0.058394421956368854, 'MRR@10': 0.04545566031620616, 'Recall@5': 0.06997338292144593, 'NDCG@5': 0.04845127374643371, 'MRR@5': 0.04138795818601336, 'Recall*@10': 0.10242445270220439, 'NDCG*@10': 0.060021034841026576, 'MRR*@10': 0.04709727494489579, 'Recall*@5': 0.07195505641755603, 'NDCG*@5': 0.050226851410809015, 'MRR*@5': 0.043089451179617926}
INFO    [05-05 06:35:54] train in BasicTrainer:
duration: 50.08815884590149s
INFO    [05-05 06:35:54] train in BasicTrainer:
epoch: 41
INFO    [05-05 06:36:12] _train_one_epoch in BasicTrainer:
loss = 6.341120524839922
INFO    [05-05 06:36:42] log in loggers:
Update Best NDCG@10 Model at 41
INFO    [05-05 06:36:42] validate in BasicTrainer:
{'Recall@10': 0.10037627993595033, 'NDCG@10': 0.058506474076282414, 'MRR@10': 0.04578841087364015, 'Recall@5': 0.06975249378454118, 'NDCG@5': 0.0486974652324404, 'MRR@5': 0.04179456333319346, 'Recall*@10': 0.10163704483281999, 'NDCG*@10': 0.05993786507419178, 'MRR*@10': 0.04723853351814406, 'Recall*@5': 0.07189323788597471, 'NDCG*@5': 0.05040462829527401, 'MRR*@5': 0.043354002137978874}
INFO    [05-05 06:36:42] train in BasicTrainer:
duration: 47.99543285369873s
INFO    [05-05 06:36:42] train in BasicTrainer:
epoch: 42
INFO    [05-05 06:37:02] _train_one_epoch in BasicTrainer:
loss = 6.329877476258711
INFO    [05-05 06:37:33] log in loggers:
Update Best NDCG@10 Model at 42
INFO    [05-05 06:37:33] validate in BasicTrainer:
{'Recall@10': 0.10100742003747396, 'NDCG@10': 0.05884290912321636, 'MRR@10': 0.04601220006034488, 'Recall@5': 0.07015111900511242, 'NDCG@5': 0.04892010365923246, 'MRR@5': 0.04194872347371919, 'Recall*@10': 0.10224779198567073, 'NDCG*@10': 0.06036705435031936, 'MRR*@10': 0.0476119988376186, 'Recall*@5': 0.07187379932119733, 'NDCG*@5': 0.05060677656105587, 'MRR*@5': 0.04361950410973458}
INFO    [05-05 06:37:33] train in BasicTrainer:
duration: 50.79784274101257s
INFO    [05-05 06:37:33] train in BasicTrainer:
epoch: 43
INFO    [05-05 06:37:50] _train_one_epoch in BasicTrainer:
loss = 6.319238961826671
INFO    [05-05 06:38:20] log in loggers:
Update Best NDCG@10 Model at 43
INFO    [05-05 06:38:20] validate in BasicTrainer:
{'Recall@10': 0.10172486624547414, 'NDCG@10': 0.05955106853729203, 'MRR@10': 0.04672342503354663, 'Recall@5': 0.07030974151123137, 'NDCG@5': 0.04942000515404202, 'MRR@5': 0.04255861753509158, 'Recall*@10': 0.1035681806859516, 'NDCG*@10': 0.0610506891139916, 'MRR*@10': 0.04809833459910892, 'Recall*@5': 0.07255018466994875, 'NDCG*@5': 0.0510490494115012, 'MRR*@5': 0.04398763037863232}
INFO    [05-05 06:38:20] train in BasicTrainer:
duration: 47.602004528045654s
INFO    [05-05 06:38:20] train in BasicTrainer:
epoch: 44
INFO    [05-05 06:38:39] _train_one_epoch in BasicTrainer:
loss = 6.306167225404219
INFO    [05-05 06:39:10] log in loggers:
Update Best NDCG@10 Model at 44
INFO    [05-05 06:39:10] validate in BasicTrainer:
{'Recall@10': 0.10212014154309318, 'NDCG@10': 0.060128593019076755, 'MRR@10': 0.04735076125888597, 'Recall@5': 0.07139172369525545, 'NDCG@5': 0.05023689514824322, 'MRR@5': 0.04329548385881242, 'Recall*@10': 0.10329803895382654, 'NDCG*@10': 0.06160112009161994, 'MRR*@10': 0.048875924377214344, 'Recall*@5': 0.0736499581308592, 'NDCG*@5': 0.05206090140910376, 'MRR*@5': 0.04496666416525841}
INFO    [05-05 06:39:10] train in BasicTrainer:
duration: 49.31964612007141s
INFO    [05-05 06:39:10] train in BasicTrainer:
epoch: 45
DEBUG   [05-05 06:39:18] calculate_loss in loss:
soft_target max: 0.5029625296592712, argmax 9979066
DEBUG   [05-05 06:39:18] calculate_loss in loss:
pred max in softmax: 0.7673976421356201, argmax 46880120
DEBUG   [05-05 06:39:18] calculate_loss in loss:
soft_target max: 0.5086548328399658, argmax 10954620
DEBUG   [05-05 06:39:18] calculate_loss in loss:
pred max in softmax: 0.9800282716751099, argmax 86131284
INFO    [05-05 06:39:27] _train_one_epoch in BasicTrainer:
loss = 6.29304424199191
INFO    [05-05 06:39:57] log in loggers:
Update Best NDCG@10 Model at 45
INFO    [05-05 06:39:58] validate in BasicTrainer:
{'Recall@10': 0.10365966601031167, 'NDCG@10': 0.06093837001493999, 'MRR@10': 0.047946417260737645, 'Recall@5': 0.07200375021923155, 'NDCG@5': 0.050766297216926305, 'MRR@5': 0.04378642833658627, 'Recall*@10': 0.10490821976037253, 'NDCG*@10': 0.06254966450589043, 'MRR*@10': 0.04965964190307118, 'Recall*@5': 0.07354819632711865, 'NDCG*@5': 0.052475217020227796, 'MRR*@5': 0.045541031374817804}
INFO    [05-05 06:39:58] train in BasicTrainer:
duration: 47.8804452419281s
INFO    [05-05 06:39:58] train in BasicTrainer:
epoch: 46
INFO    [05-05 06:40:17] _train_one_epoch in BasicTrainer:
loss = 6.283890871568159
INFO    [05-05 06:40:47] validate in BasicTrainer:
{'Recall@10': 0.10296960884616488, 'NDCG@10': 0.060635813822348915, 'MRR@10': 0.04776247235990706, 'Recall@5': 0.07148807957058861, 'NDCG@5': 0.050486386354480474, 'MRR@5': 0.04359207745818865, 'Recall*@10': 0.10453406153690248, 'NDCG*@10': 0.062283631414175034, 'MRR*@10': 0.04941792094281742, 'Recall*@5': 0.07393427015770049, 'NDCG*@5': 0.05243000370405969, 'MRR*@5': 0.045376098226933254}
INFO    [05-05 06:40:47] train in BasicTrainer:
duration: 49.549964427948s
INFO    [05-05 06:40:47] train in BasicTrainer:
epoch: 47
INFO    [05-05 06:41:06] _train_one_epoch in BasicTrainer:
loss = 6.273079811442982
INFO    [05-05 06:41:38] log in loggers:
Update Best NDCG@10 Model at 47
INFO    [05-05 06:41:38] validate in BasicTrainer:
{'Recall@10': 0.1042600664354506, 'NDCG@10': 0.061522225716284344, 'MRR@10': 0.04855051459301086, 'Recall@5': 0.0718409898025649, 'NDCG@5': 0.05110832800467809, 'MRR@5': 0.044293290979805444, 'Recall*@10': 0.10550352824585778, 'NDCG*@10': 0.06306886903586842, 'MRR*@10': 0.050160314178182966, 'Recall*@5': 0.07391019946052915, 'NDCG*@5': 0.05291033358800979, 'MRR*@5': 0.04600198833005769}
INFO    [05-05 06:41:38] train in BasicTrainer:
duration: 50.62137722969055s
INFO    [05-05 06:41:38] train in BasicTrainer:
epoch: 48
INFO    [05-05 06:41:55] _train_one_epoch in BasicTrainer:
loss = 6.261731615933505
INFO    [05-05 06:42:25] validate in BasicTrainer:
{'Recall@10': 0.1040159258104506, 'NDCG@10': 0.06136374654514449, 'MRR@10': 0.048400310888176874, 'Recall@5': 0.07261656473080318, 'NDCG@5': 0.05125909440574192, 'MRR@5': 0.04425845916072527, 'Recall*@10': 0.10549361471618925, 'NDCG*@10': 0.06283903689611525, 'MRR*@10': 0.04987285126532827, 'Recall*@5': 0.07411789361919675, 'NDCG*@5': 0.05274656822993642, 'MRR*@5': 0.045738927133026575}
INFO    [05-05 06:42:25] train in BasicTrainer:
duration: 47.629146337509155s
INFO    [05-05 06:42:25] train in BasicTrainer:
epoch: 49
INFO    [05-05 06:42:44] _train_one_epoch in BasicTrainer:
loss = 6.2502720616080545
INFO    [05-05 06:43:15] log in loggers:
Update Best NDCG@10 Model at 49
INFO    [05-05 06:43:15] validate in BasicTrainer:
{'Recall@10': 0.1039644969361169, 'NDCG@10': 0.06157990793387095, 'MRR@10': 0.04867629015019962, 'Recall@5': 0.07279843872501737, 'NDCG@5': 0.05154281836890039, 'MRR@5': 0.04455790455852236, 'Recall*@10': 0.10592877084300631, 'NDCG*@10': 0.06351856638987859, 'MRR*@10': 0.050602544099092484, 'Recall*@5': 0.07476223437559038, 'NDCG*@5': 0.05348105090005057, 'MRR*@5': 0.04648395166510627}
INFO    [05-05 06:43:15] train in BasicTrainer:
duration: 49.7997772693634s
INFO    [05-05 06:43:15] train in BasicTrainer:
epoch: 50
INFO    [05-05 06:43:33] _train_one_epoch in BasicTrainer:
loss = 6.242659326033158
INFO    [05-05 06:44:03] log in loggers:
Update Best NDCG@10 Model at 50
INFO    [05-05 06:44:03] validate in BasicTrainer:
{'Recall@10': 0.10487958079292661, 'NDCG@10': 0.061972509360029585, 'MRR@10': 0.04890646111397516, 'Recall@5': 0.07396515104032698, 'NDCG@5': 0.052037058132035394, 'MRR@5': 0.04484260046765918, 'Recall*@10': 0.1063139679886046, 'NDCG*@10': 0.06349138773622967, 'MRR*@10': 0.05043210195643561, 'Recall*@5': 0.07589595445564815, 'NDCG*@5': 0.05371749365613574, 'MRR*@5': 0.04643542780762627}
INFO    [05-05 06:44:03] train in BasicTrainer:
duration: 48.08704924583435s
INFO    [05-05 06:44:03] train in BasicTrainer:
epoch: 51
INFO    [05-05 06:44:22] _train_one_epoch in BasicTrainer:
loss = 6.231936541470614
INFO    [05-05 06:44:52] log in loggers:
Update Best NDCG@10 Model at 51
INFO    [05-05 06:44:53] validate in BasicTrainer:
{'Recall@10': 0.10501908972149804, 'NDCG@10': 0.062347572651647386, 'MRR@10': 0.04939236899926549, 'Recall@5': 0.072697156951541, 'NDCG@5': 0.05194424997482981, 'MRR@5': 0.04512734959522883, 'Recall*@10': 0.10698575810307548, 'NDCG*@10': 0.06439110086787314, 'MRR*@10': 0.051447684033995585, 'Recall*@5': 0.0747927874326706, 'NDCG*@5': 0.0540163628757, 'MRR*@5': 0.0471866341928641}
INFO    [05-05 06:44:53] train in BasicTrainer:
duration: 49.34121656417847s
INFO    [05-05 06:44:53] train in BasicTrainer:
epoch: 52
INFO    [05-05 06:45:10] _train_one_epoch in BasicTrainer:
loss = 6.2243170954964375
INFO    [05-05 06:45:40] validate in BasicTrainer:
{'Recall@10': 0.10501160224278767, 'NDCG@10': 0.062226970813104084, 'MRR@10': 0.049211276251645314, 'Recall@5': 0.07344199255818412, 'NDCG@5': 0.052079500896590095, 'MRR@5': 0.045059479950439366, 'Recall*@10': 0.10674379304760978, 'NDCG*@10': 0.06402639902773358, 'MRR*@10': 0.051003684245404746, 'Recall*@5': 0.07579312757367179, 'NDCG*@5': 0.05407459980675152, 'MRR*@5': 0.046930673044352306}
INFO    [05-05 06:45:40] train in BasicTrainer:
duration: 47.502360582351685s
INFO    [05-05 06:45:40] train in BasicTrainer:
epoch: 53
INFO    [05-05 06:45:58] _train_one_epoch in BasicTrainer:
loss = 6.215575010126288
INFO    [05-05 06:46:29] log in loggers:
Update Best NDCG@10 Model at 53
INFO    [05-05 06:46:29] validate in BasicTrainer:
{'Recall@10': 0.10561614093326387, 'NDCG@10': 0.06240114480966613, 'MRR@10': 0.0492770325924669, 'Recall@5': 0.07346524404627937, 'NDCG@5': 0.05211159374032702, 'MRR@5': 0.045093512251263575, 'Recall*@10': 0.10744714417627879, 'NDCG*@10': 0.06397808396390506, 'MRR*@10': 0.05075484922244435, 'Recall*@5': 0.07563535159542448, 'NDCG*@5': 0.05379799487335341, 'MRR*@5': 0.04661652037785167}
INFO    [05-05 06:46:29] train in BasicTrainer:
duration: 48.67069745063782s
INFO    [05-05 06:46:29] train in BasicTrainer:
epoch: 54
DEBUG   [05-05 06:46:38] calculate_loss in loss:
soft_target max: 0.5029115676879883, argmax 79342209
DEBUG   [05-05 06:46:38] calculate_loss in loss:
pred max in softmax: 0.8739538788795471, argmax 75618051
DEBUG   [05-05 06:46:39] calculate_loss in loss:
soft_target max: 0.5026479959487915, argmax 41122563
DEBUG   [05-05 06:46:39] calculate_loss in loss:
pred max in softmax: 0.9738918542861938, argmax 85890482
INFO    [05-05 06:46:46] _train_one_epoch in BasicTrainer:
loss = 6.207391851598566
INFO    [05-05 06:47:16] log in loggers:
Update Best NDCG@10 Model at 54
INFO    [05-05 06:47:16] validate in BasicTrainer:
{'Recall@10': 0.10559288944516863, 'NDCG@10': 0.06270688328714598, 'MRR@10': 0.04965350315684364, 'Recall@5': 0.07427490821906499, 'NDCG@5': 0.052623028201716285, 'MRR@5': 0.045517264909687494, 'Recall*@10': 0.10731957462571916, 'NDCG*@10': 0.06434525017227445, 'MRR*@10': 0.051247737414780115, 'Recall*@5': 0.07640197376410167, 'NDCG*@5': 0.0543957565511976, 'MRR*@5': 0.04717017994040534}
INFO    [05-05 06:47:16] train in BasicTrainer:
duration: 47.315802812576294s
INFO    [05-05 06:47:16] train in BasicTrainer:
epoch: 55
INFO    [05-05 06:47:35] _train_one_epoch in BasicTrainer:
loss = 6.197438248721036
INFO    [05-05 06:48:06] validate in BasicTrainer:
{'Recall@10': 0.10497258674530756, 'NDCG@10': 0.0625473175730024, 'MRR@10': 0.049621914114270894, 'Recall@5': 0.07448417161192213, 'NDCG@5': 0.05272557054247175, 'MRR@5': 0.045590657918226155, 'Recall*@10': 0.106741121837071, 'NDCG*@10': 0.06428743153810501, 'MRR*@10': 0.051329699655373894, 'Recall*@5': 0.07682036892289207, 'NDCG*@5': 0.054634375763790946, 'MRR*@5': 0.04735940375498363}
INFO    [05-05 06:48:06] train in BasicTrainer:
duration: 49.580891132354736s
INFO    [05-05 06:48:06] train in BasicTrainer:
epoch: 56
INFO    [05-05 06:48:23] _train_one_epoch in BasicTrainer:
loss = 6.192788795991377
INFO    [05-05 06:48:53] log in loggers:
Update Best NDCG@10 Model at 56
INFO    [05-05 06:48:54] validate in BasicTrainer:
{'Recall@10': 0.10631033565316882, 'NDCG@10': 0.06338205791655041, 'MRR@10': 0.05034116070185389, 'Recall@5': 0.07405401908216022, 'NDCG@5': 0.0530168880664167, 'MRR@5': 0.04610247342359452, 'Recall*@10': 0.10787793887513024, 'NDCG*@10': 0.06510062551214582, 'MRR*@10': 0.05208794488793328, 'Recall*@5': 0.07610823214054108, 'NDCG*@5': 0.054893833363340014, 'MRR*@5': 0.04791522700162161}
INFO    [05-05 06:48:54] train in BasicTrainer:
duration: 47.861860513687134s
INFO    [05-05 06:48:54] train in BasicTrainer:
epoch: 57
INFO    [05-05 06:49:12] _train_one_epoch in BasicTrainer:
loss = 6.1831124739213426
INFO    [05-05 06:49:43] validate in BasicTrainer:
{'Recall@10': 0.10584865581421625, 'NDCG@10': 0.06308668692197118, 'MRR@10': 0.05006125764477821, 'Recall@5': 0.07458131547485079, 'NDCG@5': 0.053031054813237416, 'MRR@5': 0.04594350623942557, 'Recall*@10': 0.10758072066874731, 'NDCG*@10': 0.0648077456724076, 'MRR*@10': 0.051756003605467935, 'Recall*@5': 0.07666281114021938, 'NDCG*@5': 0.0548576166232427, 'MRR*@5': 0.04767753680547079}
INFO    [05-05 06:49:43] train in BasicTrainer:
duration: 49.32431602478027s
INFO    [05-05 06:49:43] train in BasicTrainer:
epoch: 58
INFO    [05-05 06:50:00] _train_one_epoch in BasicTrainer:
loss = 6.176251112331044
INFO    [05-05 06:50:30] log in loggers:
Update Best NDCG@10 Model at 58
INFO    [05-05 06:50:31] validate in BasicTrainer:
{'Recall@10': 0.10627545842102595, 'NDCG@10': 0.0634913896875722, 'MRR@10': 0.05046825749533517, 'Recall@5': 0.07505462141264052, 'NDCG@5': 0.053452856483913604, 'MRR@5': 0.046358879478204815, 'Recall*@10': 0.10784541957435154, 'NDCG*@10': 0.06526759178155944, 'MRR*@10': 0.05228386411354655, 'Recall*@5': 0.07729818033320564, 'NDCG*@5': 0.05543876669946171, 'MRR*@5': 0.04825623564067341}
INFO    [05-05 06:50:31] train in BasicTrainer:
duration: 47.689056634902954s
INFO    [05-05 06:50:31] train in BasicTrainer:
epoch: 59
INFO    [05-05 06:50:49] _train_one_epoch in BasicTrainer:
loss = 6.168347020582719
INFO    [05-05 06:51:20] validate in BasicTrainer:
{'Recall@10': 0.10615092515945435, 'NDCG@10': 0.06343463364811171, 'MRR@10': 0.05041832813904399, 'Recall@5': 0.07463530628454118, 'NDCG@5': 0.053265649470545, 'MRR@5': 0.04623402176158769, 'Recall*@10': 0.10777978279760905, 'NDCG*@10': 0.06497021640340488, 'MRR*@10': 0.051908442484480996, 'Recall*@5': 0.07682078580061595, 'NDCG*@5': 0.055003465995902105, 'MRR*@5': 0.047820456148613064}
INFO    [05-05 06:51:20] train in BasicTrainer:
duration: 49.23221492767334s
INFO    [05-05 06:51:20] train in BasicTrainer:
epoch: 60
INFO    [05-05 06:51:38] _train_one_epoch in BasicTrainer:
loss = 6.160354042053223
INFO    [05-05 06:52:08] log in loggers:
Update Best NDCG@10 Model at 60
INFO    [05-05 06:52:08] validate in BasicTrainer:
{'Recall@10': 0.1076049315077918, 'NDCG@10': 0.06405416184238025, 'MRR@10': 0.050828062707469576, 'Recall@5': 0.07523984497501737, 'NDCG@5': 0.053681909860599605, 'MRR@5': 0.04660197666713169, 'Recall*@10': 0.10932976184856324, 'NDCG*@10': 0.06591778709774926, 'MRR*@10': 0.05271007865667343, 'Recall*@5': 0.07742810462202344, 'NDCG*@5': 0.05567569409807523, 'MRR*@5': 0.048526058062201456}
INFO    [05-05 06:52:08] train in BasicTrainer:
duration: 48.6457896232605s
INFO    [05-05 06:52:08] train in BasicTrainer:
epoch: 61
INFO    [05-05 06:52:27] _train_one_epoch in BasicTrainer:
loss = 6.152921069752086
INFO    [05-05 06:52:58] validate in BasicTrainer:
{'Recall@10': 0.1069456133104506, 'NDCG@10': 0.06378362522948355, 'MRR@10': 0.05065087282231876, 'Recall@5': 0.0754416205343746, 'NDCG@5': 0.053687461075328645, 'MRR@5': 0.04653658913004966, 'Recall*@10': 0.1088739296510106, 'NDCG*@10': 0.06567612680650893, 'MRR*@10': 0.05250877833792141, 'Recall*@5': 0.07786675649029869, 'NDCG*@5': 0.055716732960371745, 'MRR*@5': 0.04843697217958314}
INFO    [05-05 06:52:58] train in BasicTrainer:
duration: 49.29063153266907s
INFO    [05-05 06:52:58] train in BasicTrainer:
epoch: 62
INFO    [05-05 06:53:15] _train_one_epoch in BasicTrainer:
loss = 6.1463266112587664
INFO    [05-05 06:53:45] log in loggers:
Update Best NDCG@10 Model at 62
INFO    [05-05 06:53:45] validate in BasicTrainer:
{'Recall@10': 0.10843863515626817, 'NDCG@10': 0.06430124296318918, 'MRR@10': 0.050899196770929155, 'Recall@5': 0.07589088664168403, 'NDCG@5': 0.05386834041703315, 'MRR@5': 0.04664645929421697, 'Recall*@10': 0.11033547563212258, 'NDCG*@10': 0.06623870808453787, 'MRR*@10': 0.05283458158373833, 'Recall*@5': 0.07811566122940608, 'NDCG*@5': 0.055901343446402324, 'MRR*@5': 0.048614888318947384}
INFO    [05-05 06:53:45] train in BasicTrainer:
duration: 47.62354516983032s
INFO    [05-05 06:53:45] train in BasicTrainer:
epoch: 63
DEBUG   [05-05 06:53:57] calculate_loss in loss:
soft_target max: 0.5026037096977234, argmax 78232522
DEBUG   [05-05 06:53:57] calculate_loss in loss:
pred max in softmax: 0.8182549476623535, argmax 68863489
DEBUG   [05-05 06:53:57] calculate_loss in loss:
soft_target max: 0.50432950258255, argmax 70309512
DEBUG   [05-05 06:53:57] calculate_loss in loss:
pred max in softmax: 0.8706440329551697, argmax 44581264
INFO    [05-05 06:54:04] _train_one_epoch in BasicTrainer:
loss = 6.138289395245638
INFO    [05-05 06:54:35] log in loggers:
Update Best NDCG@10 Model at 63
INFO    [05-05 06:54:35] validate in BasicTrainer:
{'Recall@10': 0.10768138510840279, 'NDCG@10': 0.06435681223159745, 'MRR@10': 0.05118095360341526, 'Recall@5': 0.07624379687366031, 'NDCG@5': 0.05429213973028319, 'MRR@5': 0.04708687535354069, 'Recall*@10': 0.10982434735411689, 'NDCG*@10': 0.06625624426773616, 'MRR*@10': 0.05299506868634905, 'Recall*@5': 0.07861474936916715, 'NDCG*@5': 0.05627721086854026, 'MRR*@5': 0.04894282899442173}
INFO    [05-05 06:54:35] train in BasicTrainer:
duration: 49.686989068984985s
INFO    [05-05 06:54:35] train in BasicTrainer:
epoch: 64
INFO    [05-05 06:54:52] _train_one_epoch in BasicTrainer:
loss = 6.132880765741522
INFO    [05-05 06:55:22] log in loggers:
Update Best NDCG@10 Model at 64
INFO    [05-05 06:55:23] validate in BasicTrainer:
{'Recall@10': 0.10883726037683941, 'NDCG@10': 0.06461311663900103, 'MRR@10': 0.051189904589028584, 'Recall@5': 0.0752664463860648, 'NDCG@5': 0.053815320488952455, 'MRR@5': 0.04676772565359161, 'Recall*@10': 0.11093137768052873, 'NDCG*@10': 0.06665713996404693, 'MRR*@10': 0.05321555762063889, 'Recall*@5': 0.07743607035705022, 'NDCG*@5': 0.05589276144192332, 'MRR*@5': 0.04881226856793676}
INFO    [05-05 06:55:23] train in BasicTrainer:
duration: 47.59676814079285s
INFO    [05-05 06:55:23] train in BasicTrainer:
epoch: 65
INFO    [05-05 06:55:41] _train_one_epoch in BasicTrainer:
loss = 6.126218808781017
INFO    [05-05 06:56:11] validate in BasicTrainer:
{'Recall@10': 0.10800355601878393, 'NDCG@10': 0.06434210886557896, 'MRR@10': 0.0510611276896227, 'Recall@5': 0.07576714136770793, 'NDCG@5': 0.053992128797939846, 'MRR@5': 0.04683324659154529, 'Recall*@10': 0.11019490907589595, 'NDCG*@10': 0.06597260829238664, 'MRR*@10': 0.05250326384391103, 'Recall*@5': 0.07783882532800947, 'NDCG*@5': 0.055573253404526485, 'MRR*@5': 0.048248919880106336}
INFO    [05-05 06:56:11] train in BasicTrainer:
duration: 48.56793165206909s
INFO    [05-05 06:56:11] train in BasicTrainer:
epoch: 66
INFO    [05-05 06:56:30] _train_one_epoch in BasicTrainer:
loss = 6.1224000020460645
INFO    [05-05 06:57:01] log in loggers:
Update Best NDCG@10 Model at 66
INFO    [05-05 06:57:01] validate in BasicTrainer:
{'Recall@10': 0.1081937061888831, 'NDCG@10': 0.0648280279267402, 'MRR@10': 0.051639151182912645, 'Recall@5': 0.07605778496889841, 'NDCG@5': 0.054469890537716094, 'MRR@5': 0.04738374231826691, 'Recall*@10': 0.11010058117764336, 'NDCG*@10': 0.06669919175051507, 'MRR*@10': 0.053477760226953594, 'Recall*@5': 0.07818049972965604, 'NDCG*@5': 0.05640032000484921, 'MRR*@5': 0.049240436050153914}
INFO    [05-05 06:57:01] train in BasicTrainer:
duration: 50.20268201828003s
INFO    [05-05 06:57:01] train in BasicTrainer:
epoch: 67
INFO    [05-05 06:57:20] _train_one_epoch in BasicTrainer:
loss = 6.117145841771906
INFO    [05-05 06:57:50] log in loggers:
Update Best NDCG@10 Model at 67
INFO    [05-05 06:57:50] validate in BasicTrainer:
{'Recall@10': 0.10905814951374418, 'NDCG@10': 0.06559123276245027, 'MRR@10': 0.05237428950411933, 'Recall@5': 0.07717799430801756, 'NDCG@5': 0.05534931378705161, 'MRR@5': 0.04818729470883097, 'Recall*@10': 0.11117277507271085, 'NDCG*@10': 0.06765484082556907, 'MRR*@10': 0.05439349512259165, 'Recall*@5': 0.07995503147443135, 'NDCG*@5': 0.057620665324585776, 'MRR*@5': 0.05028870240563438}
INFO    [05-05 06:57:50] train in BasicTrainer:
duration: 48.80482053756714s
INFO    [05-05 06:57:50] train in BasicTrainer:
epoch: 68
INFO    [05-05 06:58:08] _train_one_epoch in BasicTrainer:
loss = 6.10967453176325
INFO    [05-05 06:58:39] validate in BasicTrainer:
{'Recall@10': 0.10869775144826799, 'NDCG@10': 0.06492592731402033, 'MRR@10': 0.05159108642311323, 'Recall@5': 0.07640241937977928, 'NDCG@5': 0.054526197945787794, 'MRR@5': 0.04732443747066316, 'Recall*@10': 0.11074190444889523, 'NDCG*@10': 0.0669137988062132, 'MRR*@10': 0.05353468408187231, 'Recall*@5': 0.07921609424409412, 'NDCG*@5': 0.05677644908428192, 'MRR*@5': 0.04938513342113722}
INFO    [05-05 06:58:39] train in BasicTrainer:
duration: 48.93898367881775s
INFO    [05-05 06:58:39] train in BasicTrainer:
epoch: 69
INFO    [05-05 06:58:58] _train_one_epoch in BasicTrainer:
loss = 6.103557773069902
INFO    [05-05 06:59:29] validate in BasicTrainer:
{'Recall@10': 0.10820119366759345, 'NDCG@10': 0.06500420967737834, 'MRR@10': 0.05181029190619787, 'Recall@5': 0.0773291289806366, 'NDCG@5': 0.05504617024035681, 'MRR@5': 0.047715164366222564, 'Recall*@10': 0.1102903765581903, 'NDCG*@10': 0.06676769806515603, 'MRR*@10': 0.05346155503676051, 'Recall*@5': 0.07946378879603885, 'NDCG*@5': 0.056812942382835206, 'MRR*@5': 0.04936096320549647}
INFO    [05-05 06:59:29] train in BasicTrainer:
duration: 49.35997271537781s
INFO    [05-05 06:59:29] train in BasicTrainer:
epoch: 70
INFO    [05-05 06:59:47] _train_one_epoch in BasicTrainer:
loss = 6.1002653512087734
INFO    [05-05 07:00:18] validate in BasicTrainer:
{'Recall@10': 0.10886799934364501, 'NDCG@10': 0.06532089589607148, 'MRR@10': 0.05205801377693812, 'Recall@5': 0.07736400621277946, 'NDCG@5': 0.055199751541728063, 'MRR@5': 0.04792071932128498, 'Recall*@10': 0.1114615886693909, 'NDCG*@10': 0.06746434118776094, 'MRR*@10': 0.05405227325501896, 'Recall*@5': 0.08011379199368614, 'NDCG*@5': 0.05740105254309518, 'MRR*@5': 0.0499430408789998}
INFO    [05-05 07:00:18] train in BasicTrainer:
duration: 49.59772872924805s
INFO    [05-05 07:00:18] train in BasicTrainer:
epoch: 71
INFO    [05-05 07:00:36] _train_one_epoch in BasicTrainer:
loss = 6.093370658701116
INFO    [05-05 07:01:06] validate in BasicTrainer:
{'Recall@10': 0.109469188111169, 'NDCG@10': 0.06555550705109324, 'MRR@10': 0.05219616332934016, 'Recall@5': 0.07718548214151746, 'NDCG@5': 0.055170832467930656, 'MRR@5': 0.04794257222896531, 'Recall*@10': 0.111526910393011, 'NDCG*@10': 0.06750395095774106, 'MRR*@10': 0.05407444902119182, 'Recall*@5': 0.08017012512400037, 'NDCG*@5': 0.057412284293345044, 'MRR*@5': 0.04993774475795882}
INFO    [05-05 07:01:06] train in BasicTrainer:
duration: 47.719252824783325s
INFO    [05-05 07:01:06] train in BasicTrainer:
epoch: 72
DEBUG   [05-05 07:01:19] calculate_loss in loss:
soft_target max: 0.5055054426193237, argmax 70591109
DEBUG   [05-05 07:01:19] calculate_loss in loss:
pred max in softmax: 0.9886924028396606, argmax 46462706
DEBUG   [05-05 07:01:19] calculate_loss in loss:
soft_target max: 0.5029902458190918, argmax 64106758
DEBUG   [05-05 07:01:19] calculate_loss in loss:
pred max in softmax: 0.9221689701080322, argmax 17174550
INFO    [05-05 07:01:24] _train_one_epoch in BasicTrainer:
loss = 6.087740616364912
INFO    [05-05 07:01:54] validate in BasicTrainer:
{'Recall@10': 0.10962781097207751, 'NDCG@10': 0.06553423280517261, 'MRR@10': 0.05210453804050173, 'Recall@5': 0.07756499378454118, 'NDCG@5': 0.05522517948633149, 'MRR@5': 0.047884647690114523, 'Recall*@10': 0.11132193924415679, 'NDCG*@10': 0.06743581876868293, 'MRR*@10': 0.0540448051123392, 'Recall*@5': 0.08013937941619328, 'NDCG*@5': 0.057410187841880886, 'MRR*@5': 0.04994128555769012}
INFO    [05-05 07:01:54] train in BasicTrainer:
duration: 48.57223725318909s
INFO    [05-05 07:01:54] train in BasicTrainer:
epoch: 73
INFO    [05-05 07:02:13] _train_one_epoch in BasicTrainer:
loss = 6.082855757800016
INFO    [05-05 07:02:43] validate in BasicTrainer:
{'Recall@10': 0.10936455641474042, 'NDCG@10': 0.06554631498597917, 'MRR@10': 0.05220120772719383, 'Recall@5': 0.07753760438589823, 'NDCG@5': 0.05533351270215852, 'MRR@5': 0.04803224475610824, 'Recall*@10': 0.11130610640559878, 'NDCG*@10': 0.06765857019594737, 'MRR*@10': 0.0543363138678528, 'Recall*@5': 0.08010099615369524, 'NDCG*@5': 0.05761202974688439, 'MRR*@5': 0.050215842113608404}
INFO    [05-05 07:02:43] train in BasicTrainer:
duration: 48.339967250823975s
INFO    [05-05 07:02:43] train in BasicTrainer:
epoch: 74
INFO    [05-05 07:03:01] _train_one_epoch in BasicTrainer:
loss = 6.078026511452415
INFO    [05-05 07:03:32] log in loggers:
Update Best NDCG@10 Model at 74
INFO    [05-05 07:03:32] validate in BasicTrainer:
{'Recall@10': 0.10944928654602595, 'NDCG@10': 0.06597104242869786, 'MRR@10': 0.05275673241842361, 'Recall@5': 0.07752597864185061, 'NDCG@5': 0.05578333813519705, 'MRR@5': 0.04863069135518301, 'Recall*@10': 0.1116807595604942, 'NDCG*@10': 0.0678563549050263, 'MRR*@10': 0.05452463758133706, 'Recall*@5': 0.07967290814433779, 'NDCG*@5': 0.057632507845049814, 'MRR*@5': 0.050378378125883284}
INFO    [05-05 07:03:32] train in BasicTrainer:
duration: 49.14851975440979s
INFO    [05-05 07:03:32] train in BasicTrainer:
epoch: 75
INFO    [05-05 07:03:50] _train_one_epoch in BasicTrainer:
loss = 6.073641226508401
INFO    [05-05 07:04:20] validate in BasicTrainer:
{'Recall@10': 0.10856080374547414, 'NDCG@10': 0.06559799487392108, 'MRR@10': 0.05250103345939091, 'Recall@5': 0.07718055624337423, 'NDCG@5': 0.05547042989305088, 'MRR@5': 0.04833301724422546, 'Recall*@10': 0.11062365628424145, 'NDCG*@10': 0.06750622533616565, 'MRR*@10': 0.05435329640195483, 'Recall*@5': 0.07921630037682396, 'NDCG*@5': 0.05737090234955152, 'MRR*@5': 0.05018295933093343}
INFO    [05-05 07:04:20] train in BasicTrainer:
duration: 48.34197211265564s
INFO    [05-05 07:04:20] train in BasicTrainer:
epoch: 76
INFO    [05-05 07:04:39] _train_one_epoch in BasicTrainer:
loss = 6.0685494206168435
INFO    [05-05 07:05:10] validate in BasicTrainer:
{'Recall@10': 0.10808079867135911, 'NDCG@10': 0.06538510499965577, 'MRR@10': 0.05235022519315992, 'Recall@5': 0.07771612845716022, 'NDCG@5': 0.055586924510342736, 'MRR@5': 0.048319785190480094, 'Recall*@10': 0.10985542727368218, 'NDCG*@10': 0.06718019804074651, 'MRR*@10': 0.054124378909667335, 'Recall*@5': 0.07982271093697775, 'NDCG*@5': 0.05748261529065314, 'MRR*@5': 0.05013165374596914}
INFO    [05-05 07:05:10] train in BasicTrainer:
duration: 50.21695923805237s
INFO    [05-05 07:05:10] train in BasicTrainer:
epoch: 77
INFO    [05-05 07:05:28] _train_one_epoch in BasicTrainer:
loss = 6.06591087254611
INFO    [05-05 07:05:58] validate in BasicTrainer:
{'Recall@10': 0.10815725262675967, 'NDCG@10': 0.06559716768208004, 'MRR@10': 0.05261419163573356, 'Recall@5': 0.07798352057025545, 'NDCG@5': 0.055884545048077904, 'MRR@5': 0.04863191981400762, 'Recall*@10': 0.1104777210525104, 'NDCG*@10': 0.06752400366323334, 'MRR*@10': 0.05439851734609831, 'Recall*@5': 0.08025027634132476, 'NDCG*@5': 0.05779278846014114, 'MRR*@5': 0.05040801866423516}
INFO    [05-05 07:05:58] train in BasicTrainer:
duration: 47.25566911697388s
INFO    [05-05 07:05:58] train in BasicTrainer:
epoch: 78
INFO    [05-05 07:06:17] _train_one_epoch in BasicTrainer:
loss = 6.058978596600619
INFO    [05-05 07:06:48] validate in BasicTrainer:
{'Recall@10': 0.10844533429259345, 'NDCG@10': 0.06532193897735505, 'MRR@10': 0.05218989951979546, 'Recall@5': 0.07762312250477928, 'NDCG@5': 0.05543940177276021, 'MRR@5': 0.04816015472724324, 'Recall*@10': 0.11078077661139625, 'NDCG*@10': 0.06732855967822529, 'MRR*@10': 0.054078937286422366, 'Recall*@5': 0.07992272824048996, 'NDCG*@5': 0.05741410826643308, 'MRR*@5': 0.05002389812753314}
INFO    [05-05 07:06:48] train in BasicTrainer:
duration: 49.810678243637085s
INFO    [05-05 07:06:48] train in BasicTrainer:
epoch: 79
INFO    [05-05 07:07:05] _train_one_epoch in BasicTrainer:
loss = 6.0568406495181
INFO    [05-05 07:07:35] log in loggers:
Update Best NDCG@10 Model at 79
INFO    [05-05 07:07:36] validate in BasicTrainer:
{'Recall@10': 0.10970840283802577, 'NDCG@10': 0.06629727213155656, 'MRR@10': 0.05308666257631211, 'Recall@5': 0.07724203453177497, 'NDCG@5': 0.05584313560809408, 'MRR@5': 0.04879780078218097, 'Recall*@10': 0.11208542649235044, 'NDCG*@10': 0.06831520990956397, 'MRR*@10': 0.05497661942527408, 'Recall*@5': 0.07969153672456741, 'NDCG*@5': 0.05786768098672231, 'MRR*@5': 0.05068042182496616}
INFO    [05-05 07:07:36] train in BasicTrainer:
duration: 48.038804054260254s
INFO    [05-05 07:07:36] close_training in BasicTrainer:
finished training
DEBUG   [05-05 07:07:36] debug_summary in loss:
loss nan summary: nan 0 times, not nan 8801 times, ratio nan / (nan + not_nan) = 0.0
INFO    [05-05 07:07:36] run_routine in Routine:
Finished training, Start final validation
INFO    [05-05 07:07:36] final_validate in BasicTrainer:
validate model on val set!
INFO    [05-05 07:07:36] load_state_from_given_path in utils:
checkpoint epoch: 79
INFO    [05-05 07:07:36] load_state_from_given_path in utils:
Loading model's parameters
INFO    [05-05 07:08:07] validate in BasicTrainer:
{'Recall@10': 0.10970840283802577, 'NDCG@10': 0.06629727213155656, 'MRR@10': 0.05308666257631211, 'Recall@5': 0.07724203453177497, 'NDCG@5': 0.05584313560809408, 'MRR@5': 0.04879780078218097, 'Recall*@10': 0.11208542649235044, 'NDCG*@10': 0.06831520990956397, 'MRR*@10': 0.05497661942527408, 'Recall*@5': 0.07969153672456741, 'NDCG*@5': 0.05786768098672231, 'MRR*@5': 0.05068042182496616}
INFO    [05-05 07:08:07] run_routine in Routine:
Finished final validating. Result: {'Recall@10': 0.10970840283802577, 'NDCG@10': 0.06629727213155656, 'MRR@10': 0.05308666257631211, 'Recall@5': 0.07724203453177497, 'NDCG@5': 0.05584313560809408, 'MRR@5': 0.04879780078218097, 'Recall*@10': 0.11208542649235044, 'NDCG*@10': 0.06831520990956397, 'MRR*@10': 0.05497661942527408, 'Recall*@5': 0.07969153672456741, 'NDCG*@5': 0.05786768098672231, 'MRR*@5': 0.05068042182496616}
INFO    [05-05 07:08:07] _evaluate in EnsembleDistillSched:
Start testing student model on test set
INFO    [05-05 07:08:07] test in BasicTrainer:
Test model on test set!
INFO    [05-05 07:08:07] test_with_given_state_path in BasicTrainer:
Loading model params from ___movies_ed_2022/ed_diff_2022_narm-en-0.5-T-6.0-al-0.25_05-05_06:00_t7/student_narm_logs/checkpoint/best_acc_model.pth.
INFO    [05-05 07:08:07] load_state_from_given_path in utils:
checkpoint epoch: 79
INFO    [05-05 07:08:07] load_state_from_given_path in utils:
Loading model's parameters
INFO    [05-05 07:08:07] test_with_given_state_path in BasicTrainer:
Finished loading. Start testing.
INFO    [05-05 07:08:37] test_with_given_state_path in BasicTrainer:
{'Recall@10': 0.0963795855641365, 'NDCG@10': 0.05695150579724993, 'MRR@10': 0.04496908808747927, 'Recall@5': 0.06708034606916564, 'NDCG@5': 0.047506442559616904, 'MRR@5': 0.04108931461260432, 'Recall*@10': 0.1003268158861569, 'NDCG*@10': 0.05998011660717782, 'MRR*@10': 0.04771006586296218, 'Recall*@5': 0.07073878532364256, 'NDCG*@5': 0.05045946403628304, 'MRR*@5': 0.04380956150236584}
INFO    [05-05 07:08:37] _evaluate in EnsembleDistillSched:
!!Final Result!!: {'Recall@10': 0.0963795855641365, 'NDCG@10': 0.05695150579724993, 'MRR@10': 0.04496908808747927, 'Recall@5': 0.06708034606916564, 'NDCG@5': 0.047506442559616904, 'MRR@5': 0.04108931461260432, 'Recall*@10': 0.1003268158861569, 'NDCG*@10': 0.05998011660717782, 'MRR*@10': 0.04771006586296218, 'Recall*@5': 0.07073878532364256, 'NDCG*@5': 0.05045946403628304, 'MRR*@5': 0.04380956150236584}
