INFO    [02-25 12:52:55] setup_train in utils:
{
    "experiment_dir": "___lfms_base_2021",
    "experiment_description": "base",
    "dataset_name": "lastfm_small.csv",
    "sched": "basic",
    "model_code": "nextitnet",
    "num_epochs": 50,
    "mode": [
        "train",
        "test"
    ],
    "max_len": 20,
    "test_state_path": null,
    "model_state_path": null,
    "mentor_state_path": null,
    "rand_seed": 2021,
    "load_processed_dataset": true,
    "save_processed_dataset": false,
    "dataset_cache_filename": null,
    "weight_decay": 0,
    "decay_step": 15,
    "gamma": 0.99,
    "lr": 0.001,
    "min_length": 5,
    "min_item_inter": 5,
    "good_only": false,
    "use_rating": true,
    "test_negative_sampler_code": "random",
    "test_negative_sample_size": 0,
    "dataloader_type": "next",
    "train_batch_size": 64,
    "val_batch_size": 64,
    "test_batch_size": 64,
    "prop_sliding_window": -1.0,
    "worker_number": 2,
    "metric_ks": [
        5,
        10
    ],
    "device": "cuda",
    "num_gpu": 1,
    "optimizer": "Adam",
    "best_metric": "NDCG@10",
    "show_process_bar": false,
    "enable_sample": false,
    "samples_ratio": 0.1,
    "config_file": "config2.lastfm_small/nextitnet/config.json",
    "task_id": -1,
    "describe": null,
    "split": "leave_one_out",
    "do_remap": true,
    "train_negative_sampler_code": "random",
    "train_negative_sample_size": 100,
    "device_idx": "0",
    "momentum": null,
    "log_period_as_iter": 12800,
    "mentor_code": "bert",
    "training_routine": null,
    "T": 1,
    "alpha": 0.1,
    "dvae_alpha": 0.5,
    "softmaxed_mentor": false,
    "weight_list": [
        0.5,
        0.5
    ],
    "validation_rate": 0.2,
    "num_items": null,
    "start_index": 1,
    "kwargs": null
}
DEBUG   [02-25 12:52:55] __init__ in BasicSched:
BasicScheduler attribs: tag=nextitnet
INFO    [02-25 12:52:55] dataloader_factory in __init__:
loading processed dataset cache in /data/wushiguang-slurm/code/gitee-repos/soft-rec/Data/Cache/lastfm_small-5-5.pkl
INFO    [02-25 12:52:56] check_dataset_cache in utils:
check if the cache is generated under this configuration
INFO    [02-25 12:52:56] check_dataset_cache in utils:
correct.
INFO    [02-25 12:52:56] __init__ in NextItemDataloader:
there are 3646 items in this dataset, 3173 users, padding_first? True
DEBUG   [02-25 12:52:57] generate_model in utils:
model_code_list=['nextitnet']
INFO    [02-25 12:52:57] load_model_config in utils:
loading model nextitnet's config file at asset/config/model/nextitnet.json
INFO    [02-25 12:52:57] load_model_config in utils:
{
    "embedding_size": 64,
    "kernel_size": 3,
    "block_num": 5,
    "dilations": [
        1
    ],
    "reg_weight": 5e-06,
    "loss_type": "CE"
}
WARNING [02-25 12:53:06] get_exist_path in utils:
dir ___lfms_base_2021/base_nextitnet_02-25_12:52_0/nextitnet_logs does not exist! Create one.
WARNING [02-25 12:53:06] get_exist_path in utils:
dir ___lfms_base_2021/base_nextitnet_02-25_12:52_0/nextitnet_logs/tb_vis does not exist! Create one.
WARNING [02-25 12:53:06] get_exist_path in utils:
dir ___lfms_base_2021/base_nextitnet_02-25_12:52_0/nextitnet_logs/checkpoint does not exist! Create one.
INFO    [02-25 12:53:06] __init__ in BasicSched:
NextItNet(
  (item_embedding): Embedding(3647, 64, padding_idx=0)
  (residual_blocks): Sequential(
    (0): ResidualBlock_b(
      (conv1): Conv2d(64, 64, kernel_size=(1, 3), stride=(1, 1))
      (ln1): LayerNorm((64,), eps=1e-08, elementwise_affine=True)
      (conv2): Conv2d(64, 64, kernel_size=(1, 3), stride=(1, 1), dilation=(2, 2))
      (ln2): LayerNorm((64,), eps=1e-08, elementwise_affine=True)
    )
    (1): ResidualBlock_b(
      (conv1): Conv2d(64, 64, kernel_size=(1, 3), stride=(1, 1))
      (ln1): LayerNorm((64,), eps=1e-08, elementwise_affine=True)
      (conv2): Conv2d(64, 64, kernel_size=(1, 3), stride=(1, 1), dilation=(2, 2))
      (ln2): LayerNorm((64,), eps=1e-08, elementwise_affine=True)
    )
    (2): ResidualBlock_b(
      (conv1): Conv2d(64, 64, kernel_size=(1, 3), stride=(1, 1))
      (ln1): LayerNorm((64,), eps=1e-08, elementwise_affine=True)
      (conv2): Conv2d(64, 64, kernel_size=(1, 3), stride=(1, 1), dilation=(2, 2))
      (ln2): LayerNorm((64,), eps=1e-08, elementwise_affine=True)
    )
    (3): ResidualBlock_b(
      (conv1): Conv2d(64, 64, kernel_size=(1, 3), stride=(1, 1))
      (ln1): LayerNorm((64,), eps=1e-08, elementwise_affine=True)
      (conv2): Conv2d(64, 64, kernel_size=(1, 3), stride=(1, 1), dilation=(2, 2))
      (ln2): LayerNorm((64,), eps=1e-08, elementwise_affine=True)
    )
    (4): ResidualBlock_b(
      (conv1): Conv2d(64, 64, kernel_size=(1, 3), stride=(1, 1))
      (ln1): LayerNorm((64,), eps=1e-08, elementwise_affine=True)
      (conv2): Conv2d(64, 64, kernel_size=(1, 3), stride=(1, 1), dilation=(2, 2))
      (ln2): LayerNorm((64,), eps=1e-08, elementwise_affine=True)
    )
  )
  (final_layer): Linear(in_features=64, out_features=64, bias=True)
  (loss_fct): CrossEntropyLoss()
  (reg_loss): RegLoss()
)
WARNING [02-25 12:53:06] get_path in utils:
Path is None
WARNING [02-25 12:53:06] load_state_from_given_path in utils:
Not given any path.
INFO    [02-25 12:53:06] assert_model_device in utils:
model nextitnet has 1.38232421875 MB params.
INFO    [02-25 12:53:06] __init__ in BasicTrainer:
48256 iter per epoch
INFO    [02-25 12:53:06] _fit in BasicSched:
Start training.
INFO    [02-25 12:53:10] log in loggers:
Update Best NDCG@10 Model at 0
INFO    [02-25 12:53:10] validate in BasicTrainer:
{'Recall@10': 0.0021875, 'NDCG@10': 0.0010105095431208611, 'MRR@10': 0.0006626984267495572, 'Recall@5': 0.0009375, 'NDCG@5': 0.0005896415002644062, 'MRR@5': 0.0004791666753590107, 'Recall*@10': 0.0021875, 'NDCG*@10': 0.0010105095431208611, 'MRR*@10': 0.0006626984267495572, 'Recall*@5': 0.0009375, 'NDCG*@5': 0.0005896415002644062, 'MRR*@5': 0.0004791666753590107}
INFO    [02-25 12:53:10] train in BasicTrainer:
epoch: 0
INFO    [02-25 12:53:32] _train_one_epoch in BasicTrainer:
loss = 7.578301395598394
INFO    [02-25 12:53:35] log in loggers:
Update Best NDCG@10 Model at 0
INFO    [02-25 12:53:35] validate in BasicTrainer:
{'Recall@10': 0.0444341216981411, 'NDCG@10': 0.022488054633140565, 'MRR@10': 0.015941502042114735, 'Recall@5': 0.024206081107258796, 'NDCG@5': 0.015973980203270913, 'MRR@5': 0.013269144427031278, 'Recall*@10': 0.0444341216981411, 'NDCG*@10': 0.022488054633140565, 'MRR*@10': 0.015941502042114735, 'Recall*@5': 0.024206081107258796, 'NDCG*@5': 0.015973980203270913, 'MRR*@5': 0.013269144427031278}
INFO    [02-25 12:53:35] train in BasicTrainer:
duration: 25.21906852722168s
INFO    [02-25 12:53:35] train in BasicTrainer:
epoch: 1
INFO    [02-25 12:53:57] _train_one_epoch in BasicTrainer:
loss = 6.998466530276231
INFO    [02-25 12:54:00] log in loggers:
Update Best NDCG@10 Model at 1
INFO    [02-25 12:54:00] validate in BasicTrainer:
{'Recall@10': 0.0769087839126587, 'NDCG@10': 0.03987600922584534, 'MRR@10': 0.02878656267654151, 'Recall@5': 0.04653716221451759, 'NDCG@5': 0.03021121669560671, 'MRR@5': 0.024889921746216716, 'Recall*@10': 0.0769087839126587, 'NDCG*@10': 0.03987600922584534, 'MRR*@10': 0.02878656267654151, 'Recall*@5': 0.04653716221451759, 'NDCG*@5': 0.03021121669560671, 'MRR*@5': 0.024889921746216716}
INFO    [02-25 12:54:00] train in BasicTrainer:
duration: 25.33015203475952s
INFO    [02-25 12:54:00] train in BasicTrainer:
epoch: 2
INFO    [02-25 12:54:23] _train_one_epoch in BasicTrainer:
loss = 6.6258996589114245
INFO    [02-25 12:54:26] log in loggers:
Update Best NDCG@10 Model at 2
INFO    [02-25 12:54:26] validate in BasicTrainer:
{'Recall@10': 0.09472128391265869, 'NDCG@10': 0.04803626650944352, 'MRR@10': 0.033990341082680973, 'Recall@5': 0.056140202879905704, 'NDCG@5': 0.03557262349873781, 'MRR@5': 0.028853041147813202, 'Recall*@10': 0.09472128391265869, 'NDCG*@10': 0.04803626650944352, 'MRR*@10': 0.033990341082680973, 'Recall*@5': 0.056140202879905704, 'NDCG*@5': 0.03557262349873781, 'MRR*@5': 0.028853041147813202}
INFO    [02-25 12:54:26] train in BasicTrainer:
duration: 25.395251512527466s
INFO    [02-25 12:54:26] train in BasicTrainer:
epoch: 3
INFO    [02-25 12:54:48] _train_one_epoch in BasicTrainer:
loss = 6.2397690154513255
INFO    [02-25 12:54:51] log in loggers:
Update Best NDCG@10 Model at 3
INFO    [02-25 12:54:51] validate in BasicTrainer:
{'Recall@10': 0.11526182442903518, 'NDCG@10': 0.058331467732787134, 'MRR@10': 0.041255473820492626, 'Recall@5': 0.0703462839126587, 'NDCG@5': 0.043842927291989325, 'MRR@5': 0.03529546793084592, 'Recall*@10': 0.11526182442903518, 'NDCG*@10': 0.058331467732787134, 'MRR*@10': 0.041255473820492626, 'Recall*@5': 0.0703462839126587, 'NDCG*@5': 0.043842927291989325, 'MRR*@5': 0.03529546793084592}
INFO    [02-25 12:54:51] train in BasicTrainer:
duration: 25.308176517486572s
INFO    [02-25 12:54:51] train in BasicTrainer:
epoch: 4
INFO    [02-25 12:55:13] _train_one_epoch in BasicTrainer:
loss = 5.909141052306805
INFO    [02-25 12:55:16] log in loggers:
Update Best NDCG@10 Model at 4
INFO    [02-25 12:55:17] validate in BasicTrainer:
{'Recall@10': 0.12557432442903518, 'NDCG@10': 0.06833186147734523, 'MRR@10': 0.050984767731279135, 'Recall@5': 0.0802871622145176, 'NDCG@5': 0.05365386951714754, 'MRR@5': 0.044906672965735195, 'Recall*@10': 0.12557432442903518, 'NDCG*@10': 0.06833186147734523, 'MRR*@10': 0.050984767731279135, 'Recall*@5': 0.0802871622145176, 'NDCG*@5': 0.05365386951714754, 'MRR*@5': 0.044906672965735195}
INFO    [02-25 12:55:17] train in BasicTrainer:
duration: 25.368138074874878s
INFO    [02-25 12:55:17] train in BasicTrainer:
epoch: 5
INFO    [02-25 12:55:39] _train_one_epoch in BasicTrainer:
loss = 5.600839745777039
INFO    [02-25 12:55:42] log in loggers:
Update Best NDCG@10 Model at 5
INFO    [02-25 12:55:42] validate in BasicTrainer:
{'Recall@10': 0.1369932433962822, 'NDCG@10': 0.0714142894744873, 'MRR@10': 0.05165840920060873, 'Recall@5': 0.0867652028799057, 'NDCG@5': 0.055321266129612925, 'MRR@5': 0.045104730501770975, 'Recall*@10': 0.1369932433962822, 'NDCG*@10': 0.0714142894744873, 'MRR*@10': 0.05165840920060873, 'Recall*@5': 0.0867652028799057, 'NDCG*@5': 0.055321266129612925, 'MRR*@5': 0.045104730501770975}
INFO    [02-25 12:55:42] train in BasicTrainer:
duration: 25.400545358657837s
INFO    [02-25 12:55:42] train in BasicTrainer:
epoch: 6
INFO    [02-25 12:56:04] _train_one_epoch in BasicTrainer:
loss = 5.298379254910294
INFO    [02-25 12:56:07] log in loggers:
Update Best NDCG@10 Model at 6
INFO    [02-25 12:56:07] validate in BasicTrainer:
{'Recall@10': 0.1445777028799057, 'NDCG@10': 0.07489826537668705, 'MRR@10': 0.05385697988793254, 'Recall@5': 0.0905996622145176, 'NDCG@5': 0.057563564516603945, 'MRR@5': 0.04677477612160146, 'Recall*@10': 0.1445777028799057, 'NDCG*@10': 0.07489826537668705, 'MRR*@10': 0.05385697988793254, 'Recall*@5': 0.0905996622145176, 'NDCG*@5': 0.057563564516603945, 'MRR*@5': 0.04677477612160146}
INFO    [02-25 12:56:07] train in BasicTrainer:
duration: 25.40720272064209s
INFO    [02-25 12:56:07] train in BasicTrainer:
epoch: 7
INFO    [02-25 12:56:30] _train_one_epoch in BasicTrainer:
loss = 4.998036586321318
INFO    [02-25 12:56:33] log in loggers:
Update Best NDCG@10 Model at 7
INFO    [02-25 12:56:33] validate in BasicTrainer:
{'Recall@10': 0.15011824339628219, 'NDCG@10': 0.08378735281527043, 'MRR@10': 0.06379779487848282, 'Recall@5': 0.0980152028799057, 'NDCG@5': 0.06712280768901109, 'MRR@5': 0.057026605792343615, 'Recall*@10': 0.15011824339628219, 'NDCG*@10': 0.08378735281527043, 'MRR*@10': 0.06379779487848282, 'Recall*@5': 0.0980152028799057, 'NDCG*@5': 0.06712280768901109, 'MRR*@5': 0.057026605792343615}
INFO    [02-25 12:56:33] train in BasicTrainer:
duration: 25.439257860183716s
INFO    [02-25 12:56:33] train in BasicTrainer:
epoch: 8
INFO    [02-25 12:56:55] _train_one_epoch in BasicTrainer:
loss = 4.700969824740362
INFO    [02-25 12:56:58] validate in BasicTrainer:
{'Recall@10': 0.1479307433962822, 'NDCG@10': 0.08262536808848381, 'MRR@10': 0.06274116614833475, 'Recall@5': 0.1009121622145176, 'NDCG@5': 0.06746704583987594, 'MRR@5': 0.056510839834809305, 'Recall*@10': 0.1479307433962822, 'NDCG*@10': 0.08262536808848381, 'MRR*@10': 0.06274116614833475, 'Recall*@5': 0.1009121622145176, 'NDCG*@5': 0.06746704583987594, 'MRR*@5': 0.056510839834809305}
INFO    [02-25 12:56:58] train in BasicTrainer:
duration: 25.28880548477173s
INFO    [02-25 12:56:58] train in BasicTrainer:
epoch: 9
INFO    [02-25 12:57:20] _train_one_epoch in BasicTrainer:
loss = 4.414208964896771
INFO    [02-25 12:57:23] log in loggers:
Update Best NDCG@10 Model at 9
INFO    [02-25 12:57:23] validate in BasicTrainer:
{'Recall@10': 0.1531587839126587, 'NDCG@10': 0.08707795165479183, 'MRR@10': 0.06708990674465895, 'Recall@5': 0.1031841216981411, 'NDCG@5': 0.07117956638336181, 'MRR@5': 0.06068313769996166, 'Recall*@10': 0.1531587839126587, 'NDCG*@10': 0.08707795165479183, 'MRR*@10': 0.06708990674465895, 'Recall*@5': 0.1031841216981411, 'NDCG*@5': 0.07117956638336181, 'MRR*@5': 0.06068313769996166}
INFO    [02-25 12:57:23] train in BasicTrainer:
duration: 25.33303451538086s
INFO    [02-25 12:57:23] train in BasicTrainer:
epoch: 10
INFO    [02-25 12:57:46] _train_one_epoch in BasicTrainer:
loss = 4.130658562050574
INFO    [02-25 12:57:49] log in loggers:
Update Best NDCG@10 Model at 10
INFO    [02-25 12:57:49] validate in BasicTrainer:
{'Recall@10': 0.1517652028799057, 'NDCG@10': 0.08966718457639217, 'MRR@10': 0.07057920910418033, 'Recall@5': 0.1095777028799057, 'NDCG@5': 0.07603838238865138, 'MRR@5': 0.06496326163411141, 'Recall*@10': 0.1517652028799057, 'NDCG*@10': 0.08966718457639217, 'MRR*@10': 0.07057920910418033, 'Recall*@5': 0.1095777028799057, 'NDCG*@5': 0.07603838238865138, 'MRR*@5': 0.06496326163411141}
INFO    [02-25 12:57:49] train in BasicTrainer:
duration: 25.418285369873047s
INFO    [02-25 12:57:49] train in BasicTrainer:
epoch: 11
INFO    [02-25 12:58:11] _train_one_epoch in BasicTrainer:
loss = 3.8629288625970126
INFO    [02-25 12:58:14] log in loggers:
Update Best NDCG@10 Model at 11
INFO    [02-25 12:58:14] validate in BasicTrainer:
{'Recall@10': 0.1619087839126587, 'NDCG@10': 0.09783393636345863, 'MRR@10': 0.07841249130666256, 'Recall@5': 0.1123902028799057, 'NDCG@5': 0.08196359284222127, 'MRR@5': 0.07194805813953281, 'Recall*@10': 0.1619087839126587, 'NDCG*@10': 0.09783393636345863, 'MRR*@10': 0.07841249130666256, 'Recall*@5': 0.1123902028799057, 'NDCG*@5': 0.08196359284222127, 'MRR*@5': 0.07194805813953281}
INFO    [02-25 12:58:14] train in BasicTrainer:
duration: 25.285985708236694s
INFO    [02-25 12:58:14] train in BasicTrainer:
epoch: 12
INFO    [02-25 12:58:36] _train_one_epoch in BasicTrainer:
loss = 3.6114603998806496
INFO    [02-25 12:58:39] log in loggers:
Update Best NDCG@10 Model at 12
INFO    [02-25 12:58:39] validate in BasicTrainer:
{'Recall@10': 0.1588682433962822, 'NDCG@10': 0.09858044102787972, 'MRR@10': 0.0802701561152935, 'Recall@5': 0.1120777028799057, 'NDCG@5': 0.08346312448382377, 'MRR@5': 0.07404068239033222, 'Recall*@10': 0.1588682433962822, 'NDCG*@10': 0.09858044102787972, 'MRR*@10': 0.0802701561152935, 'Recall*@5': 0.1120777028799057, 'NDCG*@5': 0.08346312448382377, 'MRR*@5': 0.07404068239033222}
INFO    [02-25 12:58:39] train in BasicTrainer:
duration: 25.26300048828125s
INFO    [02-25 12:58:39] train in BasicTrainer:
epoch: 13
INFO    [02-25 12:59:02] _train_one_epoch in BasicTrainer:
loss = 3.373364261670201
INFO    [02-25 12:59:05] log in loggers:
Update Best NDCG@10 Model at 13
INFO    [02-25 12:59:05] validate in BasicTrainer:
{'Recall@10': 0.1586402028799057, 'NDCG@10': 0.09906094379723072, 'MRR@10': 0.08080806281417609, 'Recall@5': 0.1170777028799057, 'NDCG@5': 0.0855173858255148, 'MRR@5': 0.07516272637993097, 'Recall*@10': 0.1586402028799057, 'NDCG*@10': 0.09906094379723072, 'MRR*@10': 0.08080806281417609, 'Recall*@5': 0.1170777028799057, 'NDCG*@5': 0.0855173858255148, 'MRR*@5': 0.07516272637993097}
INFO    [02-25 12:59:05] train in BasicTrainer:
duration: 25.35522961616516s
INFO    [02-25 12:59:05] train in BasicTrainer:
epoch: 14
INFO    [02-25 12:59:27] _train_one_epoch in BasicTrainer:
loss = 3.148442416671733
INFO    [02-25 12:59:30] log in loggers:
Update Best NDCG@10 Model at 14
INFO    [02-25 12:59:30] validate in BasicTrainer:
{'Recall@10': 0.1659712839126587, 'NDCG@10': 0.10496820218861103, 'MRR@10': 0.08622852437198163, 'Recall@5': 0.1270777028799057, 'NDCG@5': 0.09243414655327797, 'MRR@5': 0.08108333446085453, 'Recall*@10': 0.1659712839126587, 'NDCG*@10': 0.10496820218861103, 'MRR*@10': 0.08622852437198163, 'Recall*@5': 0.1270777028799057, 'NDCG*@5': 0.09243414655327797, 'MRR*@5': 0.08108333446085453}
INFO    [02-25 12:59:30] train in BasicTrainer:
duration: 25.373005151748657s
INFO    [02-25 12:59:30] train in BasicTrainer:
epoch: 15
INFO    [02-25 12:59:52] _train_one_epoch in BasicTrainer:
loss = 2.9390113277840046
INFO    [02-25 12:59:55] log in loggers:
Update Best NDCG@10 Model at 15
INFO    [02-25 12:59:55] validate in BasicTrainer:
{'Recall@10': 0.17048986494541168, 'NDCG@10': 0.1134987424314022, 'MRR@10': 0.09599808961153031, 'Recall@5': 0.1334712839126587, 'NDCG@5': 0.10164197914302349, 'MRR@5': 0.0911701863259077, 'Recall*@10': 0.17048986494541168, 'NDCG*@10': 0.1134987424314022, 'MRR*@10': 0.09599808961153031, 'Recall*@5': 0.1334712839126587, 'NDCG*@5': 0.10164197914302349, 'MRR*@5': 0.0911701863259077}
INFO    [02-25 12:59:55] train in BasicTrainer:
duration: 25.24363136291504s
INFO    [02-25 12:59:55] train in BasicTrainer:
epoch: 16
INFO    [02-25 13:00:18] _train_one_epoch in BasicTrainer:
loss = 2.7529721073509843
INFO    [02-25 13:00:20] log in loggers:
Update Best NDCG@10 Model at 16
INFO    [02-25 13:00:21] validate in BasicTrainer:
{'Recall@10': 0.1700337839126587, 'NDCG@10': 0.113530697748065, 'MRR@10': 0.09632226347923278, 'Recall@5': 0.1292652028799057, 'NDCG@5': 0.10038548566401005, 'MRR@5': 0.09091680824756622, 'Recall*@10': 0.1700337839126587, 'NDCG*@10': 0.113530697748065, 'MRR*@10': 0.09632226347923278, 'Recall*@5': 0.1292652028799057, 'NDCG*@5': 0.10038548566401005, 'MRR*@5': 0.09091680824756622}
INFO    [02-25 13:00:21] train in BasicTrainer:
duration: 25.232357025146484s
INFO    [02-25 13:00:21] train in BasicTrainer:
epoch: 17
INFO    [02-25 13:00:43] _train_one_epoch in BasicTrainer:
loss = 2.5788644642349263
INFO    [02-25 13:00:46] log in loggers:
Update Best NDCG@10 Model at 17
INFO    [02-25 13:00:46] validate in BasicTrainer:
{'Recall@10': 0.16869932442903518, 'NDCG@10': 0.11505406849086285, 'MRR@10': 0.09870452284812928, 'Recall@5': 0.13034628391265868, 'NDCG@5': 0.1026888681948185, 'MRR@5': 0.09362331185489893, 'Recall*@10': 0.16869932442903518, 'NDCG*@10': 0.11505406849086285, 'MRR*@10': 0.09870452284812928, 'Recall*@5': 0.13034628391265868, 'NDCG*@5': 0.1026888681948185, 'MRR*@5': 0.09362331185489893}
INFO    [02-25 13:00:46] train in BasicTrainer:
duration: 25.56153893470764s
INFO    [02-25 13:00:46] train in BasicTrainer:
epoch: 18
INFO    [02-25 13:01:09] _train_one_epoch in BasicTrainer:
loss = 2.4322164425483117
INFO    [02-25 13:01:12] log in loggers:
Update Best NDCG@10 Model at 18
INFO    [02-25 13:01:12] validate in BasicTrainer:
{'Recall@10': 0.17119932442903518, 'NDCG@10': 0.11624597512185574, 'MRR@10': 0.09941347666084767, 'Recall@5': 0.13338682442903518, 'NDCG@5': 0.10416625760495662, 'MRR@5': 0.09451590746641159, 'Recall*@10': 0.17119932442903518, 'NDCG*@10': 0.11624597512185574, 'MRR*@10': 0.09941347666084767, 'Recall*@5': 0.13338682442903518, 'NDCG*@5': 0.10416625760495662, 'MRR*@5': 0.09451590746641159}
INFO    [02-25 13:01:12] train in BasicTrainer:
duration: 26.12813949584961s
INFO    [02-25 13:01:12] train in BasicTrainer:
epoch: 19
INFO    [02-25 13:01:35] _train_one_epoch in BasicTrainer:
loss = 2.2921711502087843
INFO    [02-25 13:01:38] validate in BasicTrainer:
{'Recall@10': 0.16298986494541168, 'NDCG@10': 0.11500075943768025, 'MRR@10': 0.10024847581982613, 'Recall@5': 0.1297212839126587, 'NDCG@5': 0.10430561110377312, 'MRR@5': 0.09587288968265056, 'Recall*@10': 0.16298986494541168, 'NDCG*@10': 0.11500075943768025, 'MRR*@10': 0.10024847581982613, 'Recall*@5': 0.1297212839126587, 'NDCG*@5': 0.10430561110377312, 'MRR*@5': 0.09587288968265056}
INFO    [02-25 13:01:38] train in BasicTrainer:
duration: 25.428823232650757s
INFO    [02-25 13:01:38] train in BasicTrainer:
epoch: 20
INFO    [02-25 13:02:00] _train_one_epoch in BasicTrainer:
loss = 2.1607249749117883
INFO    [02-25 13:02:03] log in loggers:
Update Best NDCG@10 Model at 20
INFO    [02-25 13:02:03] validate in BasicTrainer:
{'Recall@10': 0.17494932442903519, 'NDCG@10': 0.12025079309940338, 'MRR@10': 0.10352838538587093, 'Recall@5': 0.1350337839126587, 'NDCG@5': 0.10744699932634831, 'MRR@5': 0.09830475844442844, 'Recall*@10': 0.17494932442903519, 'NDCG*@10': 0.12025079309940338, 'MRR*@10': 0.10352838538587093, 'Recall*@5': 0.1350337839126587, 'NDCG*@5': 0.10744699932634831, 'MRR*@5': 0.09830475844442844}
INFO    [02-25 13:02:03] train in BasicTrainer:
duration: 25.265233993530273s
INFO    [02-25 13:02:03] train in BasicTrainer:
epoch: 21
INFO    [02-25 13:02:25] _train_one_epoch in BasicTrainer:
loss = 2.0389307666204335
INFO    [02-25 13:02:28] validate in BasicTrainer:
{'Recall@10': 0.1730743244290352, 'NDCG@10': 0.11892083413898945, 'MRR@10': 0.1023766666650772, 'Recall@5': 0.13534628391265868, 'NDCG@5': 0.10678680062294006, 'MRR@5': 0.0974089252948761, 'Recall*@10': 0.1730743244290352, 'NDCG*@10': 0.11892083413898945, 'MRR*@10': 0.1023766666650772, 'Recall*@5': 0.13534628391265868, 'NDCG*@5': 0.10678680062294006, 'MRR*@5': 0.0974089252948761}
INFO    [02-25 13:02:28] train in BasicTrainer:
duration: 25.239269495010376s
INFO    [02-25 13:02:28] train in BasicTrainer:
epoch: 22
INFO    [02-25 13:02:50] _train_one_epoch in BasicTrainer:
loss = 1.9366871665580203
INFO    [02-25 13:02:53] validate in BasicTrainer:
{'Recall@10': 0.16909628391265868, 'NDCG@10': 0.11921309933066368, 'MRR@10': 0.1039311484247446, 'Recall@5': 0.1372212839126587, 'NDCG@5': 0.10899213366210461, 'MRR@5': 0.09976435907185077, 'Recall*@10': 0.16909628391265868, 'NDCG*@10': 0.11921309933066368, 'MRR*@10': 0.1039311484247446, 'Recall*@5': 0.1372212839126587, 'NDCG*@5': 0.10899213366210461, 'MRR*@5': 0.09976435907185077}
INFO    [02-25 13:02:53] train in BasicTrainer:
duration: 25.18204665184021s
INFO    [02-25 13:02:53] train in BasicTrainer:
epoch: 23
INFO    [02-25 13:03:16] _train_one_epoch in BasicTrainer:
loss = 1.8467010099154253
INFO    [02-25 13:03:19] validate in BasicTrainer:
{'Recall@10': 0.1687837839126587, 'NDCG@10': 0.11870018161833286, 'MRR@10': 0.10344929158687592, 'Recall@5': 0.1323057433962822, 'NDCG@5': 0.10709932409226894, 'MRR@5': 0.09877562016248703, 'Recall*@10': 0.1687837839126587, 'NDCG*@10': 0.11870018161833286, 'MRR*@10': 0.10344929158687592, 'Recall*@5': 0.1323057433962822, 'NDCG*@5': 0.10709932409226894, 'MRR*@5': 0.09877562016248703}
INFO    [02-25 13:03:19] train in BasicTrainer:
duration: 25.236724853515625s
INFO    [02-25 13:03:19] train in BasicTrainer:
epoch: 24
INFO    [02-25 13:03:41] _train_one_epoch in BasicTrainer:
loss = 1.7447823477360551
INFO    [02-25 13:03:44] log in loggers:
Update Best NDCG@10 Model at 24
INFO    [02-25 13:03:44] validate in BasicTrainer:
{'Recall@10': 0.1662837839126587, 'NDCG@10': 0.12046092353761197, 'MRR@10': 0.10640094764530658, 'Recall@5': 0.1356587839126587, 'NDCG@5': 0.1106703967601061, 'MRR@5': 0.10242525435984134, 'Recall*@10': 0.1662837839126587, 'NDCG*@10': 0.12046092353761197, 'MRR*@10': 0.10640094764530658, 'Recall*@5': 0.1356587839126587, 'NDCG*@5': 0.1106703967601061, 'MRR*@5': 0.10242525435984134}
INFO    [02-25 13:03:44] train in BasicTrainer:
duration: 25.336326837539673s
INFO    [02-25 13:03:44] train in BasicTrainer:
epoch: 25
INFO    [02-25 13:04:06] _train_one_epoch in BasicTrainer:
loss = 1.6663337287441173
INFO    [02-25 13:04:09] log in loggers:
Update Best NDCG@10 Model at 25
INFO    [02-25 13:04:09] validate in BasicTrainer:
{'Recall@10': 0.1700337839126587, 'NDCG@10': 0.12209294468164444, 'MRR@10': 0.10725297465920448, 'Recall@5': 0.1412837839126587, 'NDCG@5': 0.11290598645806313, 'MRR@5': 0.10352393195033073, 'Recall*@10': 0.1700337839126587, 'NDCG*@10': 0.12209294468164444, 'MRR*@10': 0.10725297465920448, 'Recall*@5': 0.1412837839126587, 'NDCG*@5': 0.11290598645806313, 'MRR*@5': 0.10352393195033073}
INFO    [02-25 13:04:09] train in BasicTrainer:
duration: 25.378155946731567s
INFO    [02-25 13:04:09] train in BasicTrainer:
epoch: 26
INFO    [02-25 13:04:32] _train_one_epoch in BasicTrainer:
loss = 1.5996919498835698
INFO    [02-25 13:04:35] validate in BasicTrainer:
{'Recall@10': 0.1684712839126587, 'NDCG@10': 0.11878762170672416, 'MRR@10': 0.10332229420542717, 'Recall@5': 0.13909628391265869, 'NDCG@5': 0.10928744867444039, 'MRR@5': 0.09939893126487732, 'Recall*@10': 0.1684712839126587, 'NDCG*@10': 0.11878762170672416, 'MRR*@10': 0.10332229420542717, 'Recall*@5': 0.13909628391265869, 'NDCG*@5': 0.10928744867444039, 'MRR*@5': 0.09939893126487732}
INFO    [02-25 13:04:35] train in BasicTrainer:
duration: 25.15705442428589s
INFO    [02-25 13:04:35] train in BasicTrainer:
epoch: 27
INFO    [02-25 13:04:57] _train_one_epoch in BasicTrainer:
loss = 1.5325347792248512
INFO    [02-25 13:05:00] validate in BasicTrainer:
{'Recall@10': 0.16284628391265868, 'NDCG@10': 0.1202577442675829, 'MRR@10': 0.10707035705447197, 'Recall@5': 0.1375337839126587, 'NDCG@5': 0.11206415228545666, 'MRR@5': 0.10368370056152344, 'Recall*@10': 0.16284628391265868, 'NDCG*@10': 0.1202577442675829, 'MRR*@10': 0.10707035705447197, 'Recall*@5': 0.1375337839126587, 'NDCG*@5': 0.11206415228545666, 'MRR*@5': 0.10368370056152344}
INFO    [02-25 13:05:00] train in BasicTrainer:
duration: 25.207627058029175s
INFO    [02-25 13:05:00] train in BasicTrainer:
epoch: 28
INFO    [02-25 13:05:22] _train_one_epoch in BasicTrainer:
loss = 1.475062281525736
INFO    [02-25 13:05:25] log in loggers:
Update Best NDCG@10 Model at 28
INFO    [02-25 13:05:25] validate in BasicTrainer:
{'Recall@10': 0.1697212839126587, 'NDCG@10': 0.1243757313489914, 'MRR@10': 0.11042931966483593, 'Recall@5': 0.13940878391265868, 'NDCG@5': 0.11469474792480469, 'MRR@5': 0.10650732032954693, 'Recall*@10': 0.1697212839126587, 'NDCG*@10': 0.1243757313489914, 'MRR*@10': 0.11042931966483593, 'Recall*@5': 0.13940878391265868, 'NDCG*@5': 0.11469474792480469, 'MRR*@5': 0.10650732032954693}
INFO    [02-25 13:05:25] train in BasicTrainer:
duration: 25.460573434829712s
INFO    [02-25 13:05:25] train in BasicTrainer:
epoch: 29
INFO    [02-25 13:05:47] _train_one_epoch in BasicTrainer:
loss = 1.4092158483889754
INFO    [02-25 13:05:50] validate in BasicTrainer:
{'Recall@10': 0.1604307433962822, 'NDCG@10': 0.11852839775383472, 'MRR@10': 0.1055855730175972, 'Recall@5': 0.1338682433962822, 'NDCG@5': 0.11003988020122052, 'MRR@5': 0.10213964067399502, 'Recall*@10': 0.1604307433962822, 'NDCG*@10': 0.11852839775383472, 'MRR*@10': 0.1055855730175972, 'Recall*@5': 0.1338682433962822, 'NDCG*@5': 0.11003988020122052, 'MRR*@5': 0.10213964067399502}
INFO    [02-25 13:05:50] train in BasicTrainer:
duration: 25.261773347854614s
INFO    [02-25 13:05:50] train in BasicTrainer:
epoch: 30
INFO    [02-25 13:06:13] _train_one_epoch in BasicTrainer:
loss = 1.3584133704397976
INFO    [02-25 13:06:16] validate in BasicTrainer:
{'Recall@10': 0.1629307433962822, 'NDCG@10': 0.12142845757305622, 'MRR@10': 0.10857701607048512, 'Recall@5': 0.1379307433962822, 'NDCG@5': 0.11344016566872597, 'MRR@5': 0.10533755645155907, 'Recall*@10': 0.1629307433962822, 'NDCG*@10': 0.12142845757305622, 'MRR*@10': 0.10857701607048512, 'Recall*@5': 0.1379307433962822, 'NDCG*@5': 0.11344016566872597, 'MRR*@5': 0.10533755645155907}
INFO    [02-25 13:06:16] train in BasicTrainer:
duration: 25.142963409423828s
INFO    [02-25 13:06:16] train in BasicTrainer:
epoch: 31
INFO    [02-25 13:06:38] _train_one_epoch in BasicTrainer:
loss = 1.317341592488934
INFO    [02-25 13:06:41] validate in BasicTrainer:
{'Recall@10': 0.1659712839126587, 'NDCG@10': 0.12159323096275329, 'MRR@10': 0.10800780281424523, 'Recall@5': 0.1326182433962822, 'NDCG@5': 0.11080613747239113, 'MRR@5': 0.10355630710721016, 'Recall*@10': 0.1659712839126587, 'NDCG*@10': 0.12159323096275329, 'MRR*@10': 0.10800780281424523, 'Recall*@5': 0.1326182433962822, 'NDCG*@5': 0.11080613747239113, 'MRR*@5': 0.10355630710721016}
INFO    [02-25 13:06:41] train in BasicTrainer:
duration: 25.283193349838257s
INFO    [02-25 13:06:41] train in BasicTrainer:
epoch: 32
INFO    [02-25 13:07:03] _train_one_epoch in BasicTrainer:
loss = 1.2662089912897712
INFO    [02-25 13:07:06] validate in BasicTrainer:
{'Recall@10': 0.16324324339628218, 'NDCG@10': 0.12070966027677059, 'MRR@10': 0.10766970731317997, 'Recall@5': 0.1338682433962822, 'NDCG@5': 0.11113796949386597, 'MRR@5': 0.10367553569376468, 'Recall*@10': 0.16324324339628218, 'NDCG*@10': 0.12070966027677059, 'MRR*@10': 0.10766970731317997, 'Recall*@5': 0.1338682433962822, 'NDCG*@5': 0.11113796949386597, 'MRR*@5': 0.10367553569376468}
INFO    [02-25 13:07:06] train in BasicTrainer:
duration: 25.265231609344482s
INFO    [02-25 13:07:06] train in BasicTrainer:
epoch: 33
INFO    [02-25 13:07:28] _train_one_epoch in BasicTrainer:
loss = 1.2343063103109202
INFO    [02-25 13:07:31] validate in BasicTrainer:
{'Recall@10': 0.16619932442903518, 'NDCG@10': 0.12288928672671318, 'MRR@10': 0.10970308296382428, 'Recall@5': 0.13534628391265868, 'NDCG@5': 0.11301887080073357, 'MRR@5': 0.10569144263863564, 'Recall*@10': 0.16619932442903518, 'NDCG*@10': 0.12288928672671318, 'MRR*@10': 0.10970308296382428, 'Recall*@5': 0.13534628391265868, 'NDCG*@5': 0.11301887080073357, 'MRR*@5': 0.10569144263863564}
INFO    [02-25 13:07:31] train in BasicTrainer:
duration: 25.263086795806885s
INFO    [02-25 13:07:31] train in BasicTrainer:
epoch: 34
INFO    [02-25 13:07:54] _train_one_epoch in BasicTrainer:
loss = 1.1807898712253064
INFO    [02-25 13:07:57] validate in BasicTrainer:
{'Recall@10': 0.16253378391265869, 'NDCG@10': 0.11933323703706264, 'MRR@10': 0.10601703673601151, 'Recall@5': 0.1334712839126587, 'NDCG@5': 0.11006967142224312, 'MRR@5': 0.10227435372769833, 'Recall*@10': 0.16253378391265869, 'NDCG*@10': 0.11933323703706264, 'MRR*@10': 0.10601703673601151, 'Recall*@5': 0.1334712839126587, 'NDCG*@5': 0.11006967142224312, 'MRR*@5': 0.10227435372769833}
INFO    [02-25 13:07:57] train in BasicTrainer:
duration: 25.204551219940186s
INFO    [02-25 13:07:57] train in BasicTrainer:
epoch: 35
INFO    [02-25 13:08:19] _train_one_epoch in BasicTrainer:
loss = 1.1566931210873297
INFO    [02-25 13:08:22] validate in BasicTrainer:
{'Recall@10': 0.1623057433962822, 'NDCG@10': 0.12123968109488487, 'MRR@10': 0.10864943645894527, 'Recall@5': 0.13199324339628218, 'NDCG@5': 0.11141019880771637, 'MRR@5': 0.10457714162766933, 'Recall*@10': 0.1623057433962822, 'NDCG*@10': 0.12123968109488487, 'MRR*@10': 0.10864943645894527, 'Recall*@5': 0.13199324339628218, 'NDCG*@5': 0.11141019880771637, 'MRR*@5': 0.10457714162766933}
INFO    [02-25 13:08:22] train in BasicTrainer:
duration: 25.424813270568848s
INFO    [02-25 13:08:22] train in BasicTrainer:
epoch: 36
INFO    [02-25 13:08:44] _train_one_epoch in BasicTrainer:
loss = 1.1378937022518416
INFO    [02-25 13:08:47] validate in BasicTrainer:
{'Recall@10': 0.1640118244290352, 'NDCG@10': 0.12154206462204456, 'MRR@10': 0.10849685661494732, 'Recall@5': 0.1360557433962822, 'NDCG@5': 0.11254164330661297, 'MRR@5': 0.10480616696178913, 'Recall*@10': 0.1640118244290352, 'NDCG*@10': 0.12154206462204456, 'MRR*@10': 0.10849685661494732, 'Recall*@5': 0.1360557433962822, 'NDCG*@5': 0.11254164330661297, 'MRR*@5': 0.10480616696178913}
INFO    [02-25 13:08:47] train in BasicTrainer:
duration: 25.351514101028442s
INFO    [02-25 13:08:47] train in BasicTrainer:
epoch: 37
INFO    [02-25 13:09:10] _train_one_epoch in BasicTrainer:
loss = 1.1000172433786746
INFO    [02-25 13:09:13] validate in BasicTrainer:
{'Recall@10': 0.1665118244290352, 'NDCG@10': 0.12215106621384621, 'MRR@10': 0.10863705292344093, 'Recall@5': 0.1357432433962822, 'NDCG@5': 0.11235868230462075, 'MRR@5': 0.10469102010130882, 'Recall*@10': 0.1665118244290352, 'NDCG*@10': 0.12215106621384621, 'MRR*@10': 0.10863705292344093, 'Recall*@5': 0.1357432433962822, 'NDCG*@5': 0.11235868230462075, 'MRR*@5': 0.10469102010130882}
INFO    [02-25 13:09:13] train in BasicTrainer:
duration: 25.31080985069275s
INFO    [02-25 13:09:13] train in BasicTrainer:
epoch: 38
INFO    [02-25 13:09:35] _train_one_epoch in BasicTrainer:
loss = 1.0630314590839238
INFO    [02-25 13:09:38] validate in BasicTrainer:
{'Recall@10': 0.1590962839126587, 'NDCG@10': 0.1200455367565155, 'MRR@10': 0.10789924897253514, 'Recall@5': 0.1366807433962822, 'NDCG@5': 0.11285488694906234, 'MRR@5': 0.10496734462678432, 'Recall*@10': 0.1590962839126587, 'NDCG*@10': 0.1200455367565155, 'MRR*@10': 0.10789924897253514, 'Recall*@5': 0.1366807433962822, 'NDCG*@5': 0.11285488694906234, 'MRR*@5': 0.10496734462678432}
INFO    [02-25 13:09:38] train in BasicTrainer:
duration: 25.22222924232483s
INFO    [02-25 13:09:38] train in BasicTrainer:
epoch: 39
INFO    [02-25 13:10:00] _train_one_epoch in BasicTrainer:
loss = 1.0406951109831781
INFO    [02-25 13:10:03] validate in BasicTrainer:
{'Recall@10': 0.16494932442903518, 'NDCG@10': 0.12158002495765687, 'MRR@10': 0.1082769338786602, 'Recall@5': 0.1351182433962822, 'NDCG@5': 0.11190551578998566, 'MRR@5': 0.10427041225135326, 'Recall*@10': 0.16494932442903518, 'NDCG*@10': 0.12158002495765687, 'MRR*@10': 0.1082769338786602, 'Recall*@5': 0.1351182433962822, 'NDCG*@5': 0.11190551578998566, 'MRR*@5': 0.10427041225135326}
INFO    [02-25 13:10:03] train in BasicTrainer:
duration: 25.23518133163452s
INFO    [02-25 13:10:03] train in BasicTrainer:
epoch: 40
INFO    [02-25 13:10:25] _train_one_epoch in BasicTrainer:
loss = 1.0248463444352467
INFO    [02-25 13:10:28] validate in BasicTrainer:
{'Recall@10': 0.16284628391265868, 'NDCG@10': 0.12242759384214878, 'MRR@10': 0.11003917962312698, 'Recall@5': 0.1357432433962822, 'NDCG@5': 0.11375871412456036, 'MRR@5': 0.10651464000344277, 'Recall*@10': 0.16284628391265868, 'NDCG*@10': 0.12242759384214878, 'MRR*@10': 0.11003917962312698, 'Recall*@5': 0.1357432433962822, 'NDCG*@5': 0.11375871412456036, 'MRR*@5': 0.10651464000344277}
INFO    [02-25 13:10:28] train in BasicTrainer:
duration: 25.31662082672119s
INFO    [02-25 13:10:28] train in BasicTrainer:
epoch: 41
INFO    [02-25 13:10:51] _train_one_epoch in BasicTrainer:
loss = 1.0122627481936777
INFO    [02-25 13:10:54] log in loggers:
Update Best NDCG@10 Model at 41
INFO    [02-25 13:10:54] validate in BasicTrainer:
{'Recall@10': 0.1680743244290352, 'NDCG@10': 0.12536285899579525, 'MRR@10': 0.11218253694474697, 'Recall@5': 0.13980574339628218, 'NDCG@5': 0.11618774019181728, 'MRR@5': 0.10837429724633693, 'Recall*@10': 0.1680743244290352, 'NDCG*@10': 0.12536285899579525, 'MRR*@10': 0.11218253694474697, 'Recall*@5': 0.13980574339628218, 'NDCG*@5': 0.11618774019181728, 'MRR*@5': 0.10837429724633693}
INFO    [02-25 13:10:54] train in BasicTrainer:
duration: 25.346697330474854s
INFO    [02-25 13:10:54] train in BasicTrainer:
epoch: 42
INFO    [02-25 13:11:16] _train_one_epoch in BasicTrainer:
loss = 0.9629020754949483
INFO    [02-25 13:11:19] log in loggers:
Update Best NDCG@10 Model at 42
INFO    [02-25 13:11:19] validate in BasicTrainer:
{'Recall@10': 0.1640118244290352, 'NDCG@10': 0.12614067025482656, 'MRR@10': 0.11453575491905213, 'Recall@5': 0.1376182433962822, 'NDCG@5': 0.11773525394499301, 'MRR@5': 0.1111402041465044, 'Recall*@10': 0.1640118244290352, 'NDCG*@10': 0.12614067025482656, 'MRR*@10': 0.11453575491905213, 'Recall*@5': 0.1376182433962822, 'NDCG*@5': 0.11773525394499301, 'MRR*@5': 0.1111402041465044}
INFO    [02-25 13:11:19] train in BasicTrainer:
duration: 25.399550676345825s
INFO    [02-25 13:11:19] train in BasicTrainer:
epoch: 43
INFO    [02-25 13:11:41] _train_one_epoch in BasicTrainer:
loss = 0.9523711797413206
INFO    [02-25 13:11:45] validate in BasicTrainer:
{'Recall@10': 0.1638682433962822, 'NDCG@10': 0.12137294918298722, 'MRR@10': 0.10824802689254284, 'Recall@5': 0.1370777028799057, 'NDCG@5': 0.11269462205469609, 'MRR@5': 0.10465582899749279, 'Recall*@10': 0.1638682433962822, 'NDCG*@10': 0.12137294918298722, 'MRR*@10': 0.10824802689254284, 'Recall*@5': 0.1370777028799057, 'NDCG*@5': 0.11269462205469609, 'MRR*@5': 0.10465582899749279}
INFO    [02-25 13:11:45] train in BasicTrainer:
duration: 25.37933659553528s
INFO    [02-25 13:11:45] train in BasicTrainer:
epoch: 44
INFO    [02-25 13:12:07] _train_one_epoch in BasicTrainer:
loss = 0.9404040900718629
INFO    [02-25 13:12:10] validate in BasicTrainer:
{'Recall@10': 0.1650337839126587, 'NDCG@10': 0.12392466455698013, 'MRR@10': 0.11125589773058892, 'Recall@5': 0.1403462839126587, 'NDCG@5': 0.1161262895166874, 'MRR@5': 0.10814639821648597, 'Recall*@10': 0.1650337839126587, 'NDCG*@10': 0.12392466455698013, 'MRR*@10': 0.11125589773058892, 'Recall*@5': 0.1403462839126587, 'NDCG*@5': 0.1161262895166874, 'MRR*@5': 0.10814639821648597}
INFO    [02-25 13:12:10] train in BasicTrainer:
duration: 25.181187391281128s
INFO    [02-25 13:12:10] train in BasicTrainer:
epoch: 45
INFO    [02-25 13:12:32] _train_one_epoch in BasicTrainer:
loss = 0.897133746419092
INFO    [02-25 13:12:35] validate in BasicTrainer:
{'Recall@10': 0.1648057433962822, 'NDCG@10': 0.1252437373250723, 'MRR@10': 0.11295505620539188, 'Recall@5': 0.1416807433962822, 'NDCG@5': 0.11783766865730286, 'MRR@5': 0.10994017578661441, 'Recall*@10': 0.1648057433962822, 'NDCG*@10': 0.1252437373250723, 'MRR*@10': 0.11295505620539188, 'Recall*@5': 0.1416807433962822, 'NDCG*@5': 0.11783766865730286, 'MRR*@5': 0.10994017578661441}
INFO    [02-25 13:12:35] train in BasicTrainer:
duration: 25.324597358703613s
INFO    [02-25 13:12:35] train in BasicTrainer:
epoch: 46
INFO    [02-25 13:12:57] _train_one_epoch in BasicTrainer:
loss = 0.8839908043411746
INFO    [02-25 13:13:00] validate in BasicTrainer:
{'Recall@10': 0.1606587839126587, 'NDCG@10': 0.1235581611096859, 'MRR@10': 0.11214080452919006, 'Recall@5': 0.1363682433962822, 'NDCG@5': 0.1158011519908905, 'MRR@5': 0.10899803139269353, 'Recall*@10': 0.1606587839126587, 'NDCG*@10': 0.1235581611096859, 'MRR*@10': 0.11214080452919006, 'Recall*@5': 0.1363682433962822, 'NDCG*@5': 0.1158011519908905, 'MRR*@5': 0.10899803139269353}
INFO    [02-25 13:13:00] train in BasicTrainer:
duration: 25.193897008895874s
INFO    [02-25 13:13:00] train in BasicTrainer:
epoch: 47
INFO    [02-25 13:13:23] _train_one_epoch in BasicTrainer:
loss = 0.8805900762742015
INFO    [02-25 13:13:26] validate in BasicTrainer:
{'Recall@10': 0.16080236494541167, 'NDCG@10': 0.12074495494365692, 'MRR@10': 0.10833904363214969, 'Recall@5': 0.1360557433962822, 'NDCG@5': 0.11282444842159749, 'MRR@5': 0.10511936970055104, 'Recall*@10': 0.16080236494541167, 'NDCG*@10': 0.12074495494365692, 'MRR*@10': 0.10833904363214969, 'Recall*@5': 0.1360557433962822, 'NDCG*@5': 0.11282444842159749, 'MRR*@5': 0.10511936970055104}
INFO    [02-25 13:13:26] train in BasicTrainer:
duration: 25.323092460632324s
INFO    [02-25 13:13:26] train in BasicTrainer:
epoch: 48
INFO    [02-25 13:13:48] _train_one_epoch in BasicTrainer:
loss = 0.8619404376659848
INFO    [02-25 13:13:51] validate in BasicTrainer:
{'Recall@10': 0.1563682433962822, 'NDCG@10': 0.11738683253526688, 'MRR@10': 0.10521125949919224, 'Recall@5': 0.1335557433962822, 'NDCG@5': 0.10999943926930428, 'MRR@5': 0.10215582944452763, 'Recall*@10': 0.1563682433962822, 'NDCG*@10': 0.11738683253526688, 'MRR*@10': 0.10521125949919224, 'Recall*@5': 0.1335557433962822, 'NDCG*@5': 0.10999943926930428, 'MRR*@5': 0.10215582944452763}
INFO    [02-25 13:13:51] train in BasicTrainer:
duration: 25.36525559425354s
INFO    [02-25 13:13:51] train in BasicTrainer:
epoch: 49
INFO    [02-25 13:14:13] _train_one_epoch in BasicTrainer:
loss = 0.8393700472635046
INFO    [02-25 13:14:16] validate in BasicTrainer:
{'Recall@10': 0.16199324339628218, 'NDCG@10': 0.1228179682046175, 'MRR@10': 0.11076954007148743, 'Recall@5': 0.1341807433962822, 'NDCG@5': 0.11382202863693237, 'MRR@5': 0.10705475851893426, 'Recall*@10': 0.16199324339628218, 'NDCG*@10': 0.1228179682046175, 'MRR*@10': 0.11076954007148743, 'Recall*@5': 0.1341807433962822, 'NDCG*@5': 0.11382202863693237, 'MRR*@5': 0.10705475851893426}
INFO    [02-25 13:14:16] train in BasicTrainer:
duration: 25.29395079612732s
INFO    [02-25 13:14:16] close_training in BasicTrainer:
finished training
INFO    [02-25 13:14:16] final_validate in BasicTrainer:
validate model on val set!
INFO    [02-25 13:14:16] load_state_from_given_path in utils:
checkpoint epoch: 42
INFO    [02-25 13:14:16] load_state_from_given_path in utils:
Loading model's parameters
INFO    [02-25 13:14:19] validate in BasicTrainer:
{'Recall@10': 0.1640118244290352, 'NDCG@10': 0.12614067025482656, 'MRR@10': 0.11453575491905213, 'Recall@5': 0.1376182433962822, 'NDCG@5': 0.11773525394499301, 'MRR@5': 0.1111402041465044, 'Recall*@10': 0.1640118244290352, 'NDCG*@10': 0.12614067025482656, 'MRR*@10': 0.11453575491905213, 'Recall*@5': 0.1376182433962822, 'NDCG*@5': 0.11773525394499301, 'MRR*@5': 0.1111402041465044}
INFO    [02-25 13:14:19] test in BasicTrainer:
Test model on test set!
INFO    [02-25 13:14:19] test_with_given_state_path in BasicTrainer:
Loading model params from ___lfms_base_2021/base_nextitnet_02-25_12:52_0/nextitnet_logs/checkpoint/best_acc_model.pth.
INFO    [02-25 13:14:19] load_state_from_given_path in utils:
checkpoint epoch: 42
INFO    [02-25 13:14:19] load_state_from_given_path in utils:
Loading model's parameters
INFO    [02-25 13:14:19] test_with_given_state_path in BasicTrainer:
Finished loading. Start testing.
INFO    [02-25 13:14:22] test_with_given_state_path in BasicTrainer:
{'Recall@10': 0.15503378391265868, 'NDCG@10': 0.11736747182905674, 'MRR@10': 0.10567409120500088, 'Recall@5': 0.1323057433962822, 'NDCG@5': 0.10995418459177017, 'MRR@5': 0.10257643692195416, 'Recall*@10': 0.15503378391265868, 'NDCG*@10': 0.11736747182905674, 'MRR*@10': 0.10567409120500088, 'Recall*@5': 0.1323057433962822, 'NDCG*@5': 0.10995418459177017, 'MRR*@5': 0.10257643692195416}
INFO    [02-25 13:14:22] _evaluate in BasicSched:
!!Final Result!!: {'Recall@10': 0.15503378391265868, 'NDCG@10': 0.11736747182905674, 'MRR@10': 0.10567409120500088, 'Recall@5': 0.1323057433962822, 'NDCG@5': 0.10995418459177017, 'MRR@5': 0.10257643692195416, 'Recall*@10': 0.15503378391265868, 'NDCG*@10': 0.11736747182905674, 'MRR*@10': 0.10567409120500088, 'Recall*@5': 0.1323057433962822, 'NDCG*@5': 0.10995418459177017, 'MRR*@5': 0.10257643692195416}
