INFO    [03-14 19:40:05] setup_train in utils:
{
    "experiment_dir": "___el_base_partial_2022",
    "experiment_description": "base",
    "describe": "{config[model_code]}-rate-{config[sample_rate]}-seed-{config[sample_seed]}",
    "dataset_name": "electronics.csv",
    "sched": "basic",
    "model_code": "sasrec",
    "num_epochs": 60,
    "mode": [
        "train",
        "test"
    ],
    "max_len": 10,
    "test_state_path": null,
    "model_state_path": null,
    "do_sampling": true,
    "path_for_sample": "Data/Cache/electronics-5-5.pkl",
    "sample_rate": 0.8,
    "sample_seed": 2001,
    "rand_seed": 2022,
    "load_processed_dataset": true,
    "save_processed_dataset": false,
    "dataset_cache_filename": null,
    "do_remap": false,
    "weight_decay": 0,
    "decay_step": 15,
    "gamma": 0.99,
    "lr": 0.001,
    "min_length": 5,
    "min_item_inter": 5,
    "good_only": false,
    "use_rating": true,
    "test_negative_sampler_code": "random",
    "test_negative_sample_size": 0,
    "dataloader_type": "next",
    "train_batch_size": 512,
    "val_batch_size": 512,
    "test_batch_size": 512,
    "prop_sliding_window": -1.0,
    "worker_number": 2,
    "metric_ks": [
        5,
        10
    ],
    "device": "cuda",
    "num_gpu": 1,
    "optimizer": "Adam",
    "best_metric": "NDCG@10",
    "show_process_bar": false,
    "config_file": "config2.electronics/sasrec/config_partial.json",
    "task_id": 2,
    "split": "leave_one_out",
    "train_negative_sampler_code": "random",
    "train_negative_sample_size": 100,
    "device_idx": "0",
    "momentum": null,
    "log_period_as_iter": 12800,
    "mentor_code": "bert",
    "training_routine": null,
    "T": 1,
    "alpha": 0.1,
    "dvae_alpha": 0.5,
    "softmaxed_mentor": false,
    "weight_list": [
        0.5,
        0.5
    ],
    "validation_rate": 0.2,
    "num_items": null,
    "start_index": 1,
    "kwargs": null
}
DEBUG   [03-14 19:40:05] __init__ in BasicSched:
BasicScheduler attribs: tag=sasrec
INFO    [03-14 19:40:05] _load_sampled_dataset_from_path in utils:
loading sampled dataset from /data/wushiguang-slurm/code/gitee-repos/soft-rec/Data/Cache/sampled_electronics-5-5-rate-0.8-seed-2001.pkl
INFO    [03-14 19:40:06] _check_dataset_cache in utils:
check if the cache is generated under this configuration
INFO    [03-14 19:40:06] _check_dataset_cache in utils:
correct.
INFO    [03-14 19:40:06] __init__ in NextItemDataloader:
there are 29351 items in this dataset, 81749 users, padding_first? False
DEBUG   [03-14 19:40:17] generate_model in utils:
model_code_list=['sasrec']
INFO    [03-14 19:40:17] load_model_config in utils:
loading model sasrec's config file at asset/config/model/sasrec.json
INFO    [03-14 19:40:17] load_model_config in utils:
{
    "n_layers": 2,
    "n_heads": 2,
    "hidden_size": 64,
    "inner_size": 128,
    "hidden_dropout_prob": 0.35,
    "attn_dropout_prob": 0.35,
    "hidden_act": "relu",
    "layer_norm_eps": 1e-12,
    "initializer_range": 0.02,
    "loss_type": "CE"
}
WARNING [03-14 19:40:26] get_exist_path in utils:
dir ___el_base_partial_2022/base_sasrec-rate-0.8-seed-2001_03-14_19:40_t2/sasrec_logs does not exist! Create one.
WARNING [03-14 19:40:26] get_exist_path in utils:
dir ___el_base_partial_2022/base_sasrec-rate-0.8-seed-2001_03-14_19:40_t2/sasrec_logs/tb_vis does not exist! Create one.
WARNING [03-14 19:40:26] get_exist_path in utils:
dir ___el_base_partial_2022/base_sasrec-rate-0.8-seed-2001_03-14_19:40_t2/sasrec_logs/checkpoint does not exist! Create one.
INFO    [03-14 19:40:26] __init__ in BasicSched:
SASRecModel(
  (item_embedding): Embedding(29352, 64, padding_idx=0)
  (position_embedding): Embedding(10, 64)
  (trm_encoder): TransformerEncoder(
    (layer): ModuleList(
      (0): TransformerLayer(
        (multi_head_attention): MultiHeadAttention(
          (query): Linear(in_features=64, out_features=64, bias=True)
          (key): Linear(in_features=64, out_features=64, bias=True)
          (value): Linear(in_features=64, out_features=64, bias=True)
          (attn_dropout): Dropout(p=0.35, inplace=False)
          (dense): Linear(in_features=64, out_features=64, bias=True)
          (LayerNorm): LayerNorm((64,), eps=1e-12, elementwise_affine=True)
          (out_dropout): Dropout(p=0.35, inplace=False)
        )
        (feed_forward): FeedForward(
          (dense_1): Linear(in_features=64, out_features=128, bias=True)
          (dense_2): Linear(in_features=128, out_features=64, bias=True)
          (LayerNorm): LayerNorm((64,), eps=1e-12, elementwise_affine=True)
          (dropout): Dropout(p=0.35, inplace=False)
        )
      )
      (1): TransformerLayer(
        (multi_head_attention): MultiHeadAttention(
          (query): Linear(in_features=64, out_features=64, bias=True)
          (key): Linear(in_features=64, out_features=64, bias=True)
          (value): Linear(in_features=64, out_features=64, bias=True)
          (attn_dropout): Dropout(p=0.35, inplace=False)
          (dense): Linear(in_features=64, out_features=64, bias=True)
          (LayerNorm): LayerNorm((64,), eps=1e-12, elementwise_affine=True)
          (out_dropout): Dropout(p=0.35, inplace=False)
        )
        (feed_forward): FeedForward(
          (dense_1): Linear(in_features=64, out_features=128, bias=True)
          (dense_2): Linear(in_features=128, out_features=64, bias=True)
          (LayerNorm): LayerNorm((64,), eps=1e-12, elementwise_affine=True)
          (dropout): Dropout(p=0.35, inplace=False)
        )
      )
    )
  )
  (LayerNorm): LayerNorm((64,), eps=1e-12, elementwise_affine=True)
  (dropout): Dropout(p=0.35, inplace=False)
  (loss_fct): CrossEntropyLoss()
)
WARNING [03-14 19:40:26] get_path in utils:
Path is None
WARNING [03-14 19:40:26] load_state_from_given_path in utils:
Not given any path.
INFO    [03-14 19:40:26] assert_model_device in utils:
model sasrec has 7.42431640625 MB params.
INFO    [03-14 19:40:26] __init__ in BasicTrainer:
365568 iter per epoch
INFO    [03-14 19:40:26] _fit in BasicSched:
Start training.
INFO    [03-14 19:40:55] log in loggers:
Update Best NDCG@10 Model at 0
INFO    [03-14 19:40:55] validate in BasicTrainer:
{'Recall@10': 0.00020751953125, 'NDCG@10': 9.79077103693271e-05, 'MRR@10': 6.529793026857078e-05, 'Recall@5': 0.00010986328125, 'NDCG@5': 6.672658273600973e-05, 'MRR@5': 5.2693685756821654e-05, 'Recall*@10': 0.00022779800492571666, 'NDCG*@10': 0.00010573862309684045, 'MRR*@10': 6.984387309785233e-05, 'Recall*@5': 0.00010537092457525432, 'NDCG*@5': 6.669197537121364e-05, 'MRR*@5': 5.408501765487017e-05}
INFO    [03-14 19:40:55] train in BasicTrainer:
epoch: 0
INFO    [03-14 19:41:22] _train_one_epoch in BasicTrainer:
loss = 9.5366038848706
INFO    [03-14 19:41:50] log in loggers:
Update Best NDCG@10 Model at 0
INFO    [03-14 19:41:51] validate in BasicTrainer:
{'Recall@10': 0.0367495360551402, 'NDCG@10': 0.020025076385354623, 'MRR@10': 0.014937027648556978, 'Recall@5': 0.024408120079897344, 'NDCG@5': 0.016068047448061406, 'MRR@5': 0.013323631207458674, 'Recall*@10': 0.040308455552440135, 'NDCG*@10': 0.022076817584456877, 'MRR*@10': 0.016540075378725306, 'Recall*@5': 0.026732830313267186, 'NDCG*@5': 0.017732181565952486, 'MRR*@5': 0.01477348069602158}
INFO    [03-14 19:41:51] train in BasicTrainer:
duration: 55.48574185371399s
INFO    [03-14 19:41:51] train in BasicTrainer:
epoch: 1
INFO    [03-14 19:42:17] _train_one_epoch in BasicTrainer:
loss = 9.117446787217084
INFO    [03-14 19:42:45] log in loggers:
Update Best NDCG@10 Model at 1
INFO    [03-14 19:42:46] validate in BasicTrainer:
{'Recall@10': 0.046869164961390195, 'NDCG@10': 0.025712906039552764, 'MRR@10': 0.019274173688609154, 'Recall@5': 0.031518697878345846, 'NDCG@5': 0.020770007732789964, 'MRR@5': 0.017246372709632852, 'Recall*@10': 0.05089647306594998, 'NDCG*@10': 0.027825359004782512, 'MRR*@10': 0.020808124059112743, 'Recall*@5': 0.03410844934405759, 'NDCG*@5': 0.02241785543737933, 'MRR*@5': 0.018588779831770808}
INFO    [03-14 19:42:46] train in BasicTrainer:
duration: 55.069143772125244s
INFO    [03-14 19:42:46] train in BasicTrainer:
epoch: 2
INFO    [03-14 19:43:12] _train_one_epoch in BasicTrainer:
loss = 8.750174792206922
INFO    [03-14 19:43:40] log in loggers:
Update Best NDCG@10 Model at 2
INFO    [03-14 19:43:40] validate in BasicTrainer:
{'Recall@10': 0.0535342040238902, 'NDCG@10': 0.029625725850928576, 'MRR@10': 0.022348229476483537, 'Recall@5': 0.03613907711114735, 'NDCG@5': 0.02403679061681032, 'MRR@5': 0.020063351685530507, 'Recall*@10': 0.05771311047719792, 'NDCG*@10': 0.03208026266656816, 'MRR*@10': 0.02427725736051798, 'Recall*@5': 0.039166854321956636, 'NDCG*@5': 0.026130078843561933, 'MRR*@5': 0.021849742997437714}
INFO    [03-14 19:43:40] train in BasicTrainer:
duration: 54.42542219161987s
INFO    [03-14 19:43:40] train in BasicTrainer:
epoch: 3
INFO    [03-14 19:44:13] _train_one_epoch in BasicTrainer:
loss = 8.450195508844713
INFO    [03-14 19:44:49] log in loggers:
Update Best NDCG@10 Model at 3
INFO    [03-14 19:44:53] validate in BasicTrainer:
{'Recall@10': 0.0569826724473387, 'NDCG@10': 0.03213642964255996, 'MRR@10': 0.02457926421193406, 'Recall@5': 0.03925795569084585, 'NDCG@5': 0.026443922205362468, 'MRR@5': 0.02225256508681923, 'Recall*@10': 0.06141400191700086, 'NDCG*@10': 0.0348598744138144, 'MRR*@10': 0.02676953570335172, 'Recall*@5': 0.04273221242474392, 'NDCG*@5': 0.02885335182072595, 'MRR*@5': 0.024310422770213336}
INFO    [03-14 19:44:53] train in BasicTrainer:
duration: 72.82050561904907s
INFO    [03-14 19:44:53] train in BasicTrainer:
epoch: 4
INFO    [03-14 19:45:19] _train_one_epoch in BasicTrainer:
loss = 8.211130502845059
INFO    [03-14 19:45:46] log in loggers:
Update Best NDCG@10 Model at 4
INFO    [03-14 19:45:47] validate in BasicTrainer:
{'Recall@10': 0.05940582186449319, 'NDCG@10': 0.03391219307668507, 'MRR@10': 0.026172891329042613, 'Recall@5': 0.040509230084717275, 'NDCG@5': 0.027850787382340057, 'MRR@5': 0.0236998560721986, 'Recall*@10': 0.06351400788407773, 'NDCG*@10': 0.036291564744897184, 'MRR*@10': 0.028024123853538186, 'Recall*@5': 0.04338916388805956, 'NDCG*@5': 0.029837027768371625, 'MRR*@5': 0.02539110865909606}
INFO    [03-14 19:45:47] train in BasicTrainer:
duration: 53.88315534591675s
INFO    [03-14 19:45:47] train in BasicTrainer:
epoch: 5
INFO    [03-14 19:46:14] _train_one_epoch in BasicTrainer:
loss = 8.024116503424338
INFO    [03-14 19:46:42] log in loggers:
Update Best NDCG@10 Model at 5
INFO    [03-14 19:46:42] validate in BasicTrainer:
{'Recall@10': 0.062121940008364615, 'NDCG@10': 0.03543274295516312, 'MRR@10': 0.027321124641457573, 'Recall@5': 0.042700481694191696, 'NDCG@5': 0.029206619469914586, 'MRR@5': 0.024783172918250784, 'Recall*@10': 0.06644011659082025, 'NDCG*@10': 0.03798333089798689, 'MRR*@10': 0.02932288144947961, 'Recall*@5': 0.045979381760116664, 'NDCG*@5': 0.03141217260854319, 'MRR*@5': 0.02663714968948625}
INFO    [03-14 19:46:42] train in BasicTrainer:
duration: 55.05957794189453s
INFO    [03-14 19:46:42] train in BasicTrainer:
epoch: 6
INFO    [03-14 19:47:14] _train_one_epoch in BasicTrainer:
loss = 7.887063664214618
INFO    [03-14 19:47:42] log in loggers:
Update Best NDCG@10 Model at 6
INFO    [03-14 19:47:42] validate in BasicTrainer:
{'Recall@10': 0.06290931142866611, 'NDCG@10': 0.035682706150691954, 'MRR@10': 0.027403431828133762, 'Recall@5': 0.042987257428467276, 'NDCG@5': 0.029265007475623862, 'MRR@5': 0.02476908832322806, 'Recall*@10': 0.06690972044598312, 'NDCG*@10': 0.038098232448101045, 'MRR*@10': 0.02932853263337165, 'Recall*@5': 0.04591804166557267, 'NDCG*@5': 0.031328304181806745, 'MRR*@5': 0.02654530085856095}
INFO    [03-14 19:47:42] train in BasicTrainer:
duration: 60.60093402862549s
INFO    [03-14 19:47:42] train in BasicTrainer:
epoch: 7
INFO    [03-14 19:48:08] _train_one_epoch in BasicTrainer:
loss = 7.783203778146696
INFO    [03-14 19:48:36] log in loggers:
Update Best NDCG@10 Model at 7
INFO    [03-14 19:48:36] validate in BasicTrainer:
{'Recall@10': 0.06443519033491611, 'NDCG@10': 0.036979347618762405, 'MRR@10': 0.02862316225655377, 'Recall@5': 0.0446413638535887, 'NDCG@5': 0.0306238645571284, 'MRR@5': 0.026026644586818293, 'Recall*@10': 0.06849203750025482, 'NDCG*@10': 0.03929567282320932, 'MRR*@10': 0.0304142469773069, 'Recall*@5': 0.04733510121004656, 'NDCG*@5': 0.03250492057413794, 'MRR*@5': 0.027641434787074103}
INFO    [03-14 19:48:36] train in BasicTrainer:
duration: 53.906397342681885s
INFO    [03-14 19:48:36] train in BasicTrainer:
epoch: 8
INFO    [03-14 19:49:02] _train_one_epoch in BasicTrainer:
loss = 7.70128336740809
INFO    [03-14 19:49:32] log in loggers:
Update Best NDCG@10 Model at 8
INFO    [03-14 19:49:33] validate in BasicTrainer:
{'Recall@10': 0.06496621407568455, 'NDCG@10': 0.037243966606911275, 'MRR@10': 0.028796175215393304, 'Recall@5': 0.045135766523890196, 'NDCG@5': 0.030865311552770437, 'MRR@5': 0.026183409511577337, 'Recall*@10': 0.06922498086933046, 'NDCG*@10': 0.03962259026011452, 'MRR*@10': 0.03060923583107069, 'Recall*@5': 0.04796122126281262, 'NDCG*@5': 0.03278623230289668, 'MRR*@5': 0.027811031450983136}
INFO    [03-14 19:49:33] train in BasicTrainer:
duration: 56.59567070007324s
INFO    [03-14 19:49:33] train in BasicTrainer:
epoch: 9
INFO    [03-14 19:50:00] _train_one_epoch in BasicTrainer:
loss = 7.640314761997939
INFO    [03-14 19:50:29] log in loggers:
Update Best NDCG@10 Model at 9
INFO    [03-14 19:50:30] validate in BasicTrainer:
{'Recall@10': 0.06593665517866612, 'NDCG@10': 0.03793496496509761, 'MRR@10': 0.029424412111984564, 'Recall@5': 0.045447099534794685, 'NDCG@5': 0.03135648923343979, 'MRR@5': 0.02673751501715742, 'Recall*@10': 0.07019966037478298, 'NDCG*@10': 0.040295340225566176, 'MRR*@10': 0.031218549818731844, 'Recall*@5': 0.04803504421142861, 'NDCG*@5': 0.033183973690029234, 'MRR*@5': 0.028316847007954494}
INFO    [03-14 19:50:30] train in BasicTrainer:
duration: 56.902093172073364s
INFO    [03-14 19:50:30] train in BasicTrainer:
epoch: 10
INFO    [03-14 19:50:57] _train_one_epoch in BasicTrainer:
loss = 7.5843799114227295
INFO    [03-14 19:51:26] log in loggers:
Update Best NDCG@10 Model at 10
INFO    [03-14 19:51:27] validate in BasicTrainer:
{'Recall@10': 0.06586341299116612, 'NDCG@10': 0.03811943414621055, 'MRR@10': 0.02966407893691212, 'Recall@5': 0.046020794194191694, 'NDCG@5': 0.03175826806691475, 'MRR@5': 0.027070553932571784, 'Recall*@10': 0.06973239069338888, 'NDCG*@10': 0.04037628411315382, 'MRR*@10': 0.03142398127820343, 'Recall*@5': 0.04879493999760598, 'NDCG*@5': 0.03366583703900687, 'MRR*@5': 0.028689211013261228}
INFO    [03-14 19:51:27] train in BasicTrainer:
duration: 57.44894766807556s
INFO    [03-14 19:51:27] train in BasicTrainer:
epoch: 11
INFO    [03-14 19:51:54] _train_one_epoch in BasicTrainer:
loss = 7.5436315302755315
INFO    [03-14 19:52:23] log in loggers:
Update Best NDCG@10 Model at 11
INFO    [03-14 19:52:25] validate in BasicTrainer:
{'Recall@10': 0.06633343738503754, 'NDCG@10': 0.038435586541891095, 'MRR@10': 0.029949289304204284, 'Recall@5': 0.0458193602738902, 'NDCG@5': 0.03184409851091914, 'MRR@5': 0.0272529375331942, 'Recall*@10': 0.07061497042886913, 'NDCG*@10': 0.04084861803567037, 'MRR*@10': 0.031798405887093394, 'Recall*@5': 0.048643977718893436, 'NDCG*@5': 0.03379113920382224, 'MRR*@5': 0.02891261930926703}
INFO    [03-14 19:52:25] train in BasicTrainer:
duration: 57.466403007507324s
INFO    [03-14 19:52:25] train in BasicTrainer:
epoch: 12
INFO    [03-14 19:52:52] _train_one_epoch in BasicTrainer:
loss = 7.5048774711224215
INFO    [03-14 19:53:23] validate in BasicTrainer:
{'Recall@10': 0.06433756989426911, 'NDCG@10': 0.037300965492613615, 'MRR@10': 0.029065204004291446, 'Recall@5': 0.045294493739493194, 'NDCG@5': 0.031192857667338102, 'MRR@5': 0.02657372480025515, 'Recall*@10': 0.06823202124796808, 'NDCG*@10': 0.03946318750968203, 'MRR*@10': 0.03070467411307618, 'Recall*@5': 0.04785808093147352, 'NDCG*@5': 0.03293122961185872, 'MRR*@5': 0.028042075998382644}
INFO    [03-14 19:53:23] train in BasicTrainer:
duration: 58.26986265182495s
INFO    [03-14 19:53:23] train in BasicTrainer:
epoch: 13
INFO    [03-14 19:53:49] _train_one_epoch in BasicTrainer:
loss = 7.470950741727813
INFO    [03-14 19:54:18] validate in BasicTrainer:
{'Recall@10': 0.06566817206330597, 'NDCG@10': 0.03809959791833535, 'MRR@10': 0.029713201173581182, 'Recall@5': 0.04534335765056312, 'NDCG@5': 0.03155354515183717, 'MRR@5': 0.02702683854731731, 'Recall*@10': 0.0697536272695288, 'NDCG*@10': 0.040323859709315, 'MRR*@10': 0.031376452988479284, 'Recall*@5': 0.04785337467910722, 'NDCG*@5': 0.03326859667431563, 'MRR*@5': 0.02848023854312487}
INFO    [03-14 19:54:18] train in BasicTrainer:
duration: 55.4392294883728s
INFO    [03-14 19:54:18] train in BasicTrainer:
epoch: 14
INFO    [03-14 19:54:45] _train_one_epoch in BasicTrainer:
loss = 7.44199493084969
INFO    [03-14 19:55:12] validate in BasicTrainer:
{'Recall@10': 0.06548506659455597, 'NDCG@10': 0.038005584059283136, 'MRR@10': 0.029652558639645575, 'Recall@5': 0.04517854484729469, 'NDCG@5': 0.03148328101960942, 'MRR@5': 0.026986550469882787, 'Recall*@10': 0.06973838971462101, 'NDCG*@10': 0.04039051332511008, 'MRR*@10': 0.03147196985082701, 'Recall*@5': 0.048044138227123764, 'NDCG*@5': 0.033427694160491225, 'MRR*@5': 0.028628934954758732}
INFO    [03-14 19:55:12] train in BasicTrainer:
duration: 54.03507137298584s
INFO    [03-14 19:55:12] train in BasicTrainer:
epoch: 15
INFO    [03-14 19:55:39] _train_one_epoch in BasicTrainer:
loss = 7.415168024244762
INFO    [03-14 19:56:06] validate in BasicTrainer:
{'Recall@10': 0.06464886707253754, 'NDCG@10': 0.03756561982445419, 'MRR@10': 0.029324447037652135, 'Recall@5': 0.0450564387254417, 'NDCG@5': 0.031263883190695195, 'MRR@5': 0.026743197196628897, 'Recall*@10': 0.06873191976919771, 'NDCG*@10': 0.03993774289265275, 'MRR*@10': 0.031178570655174553, 'Recall*@5': 0.04786244434071705, 'NDCG*@5': 0.0332248606835492, 'MRR*@5': 0.02842867886647582}
INFO    [03-14 19:56:06] train in BasicTrainer:
duration: 53.728068590164185s
INFO    [03-14 19:56:06] train in BasicTrainer:
epoch: 16
INFO    [03-14 19:56:32] _train_one_epoch in BasicTrainer:
loss = 7.388665740229502
INFO    [03-14 19:57:02] validate in BasicTrainer:
{'Recall@10': 0.06469168118201196, 'NDCG@10': 0.03751334276748821, 'MRR@10': 0.029254226299235596, 'Recall@5': 0.044488793867640195, 'NDCG@5': 0.03102254624827765, 'MRR@5': 0.02659997362061404, 'Recall*@10': 0.06856273757293821, 'NDCG*@10': 0.03963082629488781, 'MRR*@10': 0.030842618452152238, 'Recall*@5': 0.046867321338504554, 'NDCG*@5': 0.032657441461924466, 'MRR*@5': 0.0279891217534896}
INFO    [03-14 19:57:02] train in BasicTrainer:
duration: 55.47330069541931s
INFO    [03-14 19:57:02] train in BasicTrainer:
epoch: 17
INFO    [03-14 19:57:28] _train_one_epoch in BasicTrainer:
loss = 7.368643431436448
INFO    [03-14 19:57:59] validate in BasicTrainer:
{'Recall@10': 0.06541791004128754, 'NDCG@10': 0.037888596579432485, 'MRR@10': 0.02950511682429351, 'Recall@5': 0.045648461836390195, 'NDCG@5': 0.03153320747660473, 'MRR@5': 0.02690413438831456, 'Recall*@10': 0.06935217494610697, 'NDCG*@10': 0.03999213316710666, 'MRR*@10': 0.031055636348901315, 'Recall*@5': 0.04820857436861843, 'NDCG*@5': 0.03319884887314402, 'MRR*@5': 0.028277905262075364}
INFO    [03-14 19:57:59] train in BasicTrainer:
duration: 57.22636413574219s
INFO    [03-14 19:57:59] train in BasicTrainer:
epoch: 18
INFO    [03-14 19:58:26] _train_one_epoch in BasicTrainer:
loss = 7.351576533304209
INFO    [03-14 19:58:55] validate in BasicTrainer:
{'Recall@10': 0.06544848131015897, 'NDCG@10': 0.03796286268625408, 'MRR@10': 0.029598347877617927, 'Recall@5': 0.045654583256691694, 'NDCG@5': 0.03160410076379776, 'MRR@5': 0.026998853025725113, 'Recall*@10': 0.0696627301396802, 'NDCG*@10': 0.04021965351421386, 'MRR*@10': 0.031263744062744084, 'Recall*@5': 0.04834718251368031, 'NDCG*@5': 0.033374685305170716, 'MRR*@5': 0.02846696606720798}
INFO    [03-14 19:58:55] train in BasicTrainer:
duration: 56.25391364097595s
INFO    [03-14 19:58:55] train in BasicTrainer:
epoch: 19
INFO    [03-14 19:59:22] _train_one_epoch in BasicTrainer:
loss = 7.330718517303467
INFO    [03-14 19:59:49] validate in BasicTrainer:
{'Recall@10': 0.06543616689741612, 'NDCG@10': 0.03785561106633395, 'MRR@10': 0.029470933962147682, 'Recall@5': 0.04493440422229469, 'NDCG@5': 0.03125613934826106, 'MRR@5': 0.026764899742556737, 'Recall*@10': 0.06946273404173553, 'NDCG*@10': 0.04009251486277208, 'MRR*@10': 0.031159374286653475, 'Recall*@5': 0.04772205241024494, 'NDCG*@5': 0.03309408521745354, 'MRR*@5': 0.028289724310161544}
INFO    [03-14 19:59:49] train in BasicTrainer:
duration: 54.117971897125244s
INFO    [03-14 19:59:49] train in BasicTrainer:
epoch: 20
INFO    [03-14 20:00:15] _train_one_epoch in BasicTrainer:
loss = 7.31302144079983
INFO    [03-14 20:00:42] validate in BasicTrainer:
{'Recall@10': 0.06589402006939053, 'NDCG@10': 0.03806022583739832, 'MRR@10': 0.02960855591809377, 'Recall@5': 0.045263958256691696, 'NDCG@5': 0.03143219626508653, 'MRR@5': 0.026898043334949762, 'Recall*@10': 0.06996090880129487, 'NDCG*@10': 0.040392928139772265, 'MRR*@10': 0.031412557343719526, 'Recall*@5': 0.048235863191075624, 'NDCG*@5': 0.03340852556284517, 'MRR*@5': 0.0285535890085157}
INFO    [03-14 20:00:42] train in BasicTrainer:
duration: 53.18885326385498s
INFO    [03-14 20:00:42] train in BasicTrainer:
epoch: 21
INFO    [03-14 20:01:09] _train_one_epoch in BasicTrainer:
loss = 7.298889300402473
INFO    [03-14 20:01:37] log in loggers:
Update Best NDCG@10 Model at 21
INFO    [03-14 20:01:38] validate in BasicTrainer:
{'Recall@10': 0.06671801256015897, 'NDCG@10': 0.03860134104033932, 'MRR@10': 0.030050311161903664, 'Recall@5': 0.0460390868363902, 'NDCG@5': 0.031933028431376444, 'MRR@5': 0.02730870696832426, 'Recall*@10': 0.07049096471164376, 'NDCG*@10': 0.04071824693819508, 'MRR*@10': 0.03165822523296811, 'Recall*@5': 0.0487529105390422, 'NDCG*@5': 0.03370356635423377, 'MRR*@5': 0.02877146332175471}
INFO    [03-14 20:01:38] train in BasicTrainer:
duration: 55.20106911659241s
INFO    [03-14 20:01:38] train in BasicTrainer:
epoch: 22
INFO    [03-14 20:02:06] _train_one_epoch in BasicTrainer:
loss = 7.285014969961984
INFO    [03-14 20:02:34] validate in BasicTrainer:
{'Recall@10': 0.06478930162265897, 'NDCG@10': 0.03744163201190531, 'MRR@10': 0.029136645438848065, 'Recall@5': 0.04472688469104469, 'NDCG@5': 0.031021411810070277, 'MRR@5': 0.02652655781712383, 'Recall*@10': 0.06856869689654559, 'NDCG*@10': 0.039578654628712684, 'MRR*@10': 0.0307703050726559, 'Recall*@5': 0.04746767587494105, 'NDCG*@5': 0.0328224117110949, 'MRR*@5': 0.028021390741923825}
INFO    [03-14 20:02:34] train in BasicTrainer:
duration: 56.685953855514526s
INFO    [03-14 20:02:34] train in BasicTrainer:
epoch: 23
INFO    [03-14 20:03:00] _train_one_epoch in BasicTrainer:
loss = 7.268118937810262
INFO    [03-14 20:03:29] validate in BasicTrainer:
{'Recall@10': 0.06542399567551911, 'NDCG@10': 0.037658055929932745, 'MRR@10': 0.029211937863146888, 'Recall@5': 0.045044231694191694, 'NDCG@5': 0.031089484295807778, 'MRR@5': 0.02651395452558063, 'Recall*@10': 0.0692539969459176, 'NDCG*@10': 0.039809642045293005, 'MRR*@10': 0.030859369895188137, 'Recall*@5': 0.04754549972712994, 'NDCG*@5': 0.03281217081821523, 'MRR*@5': 0.027984799793921412}
INFO    [03-14 20:03:29] train in BasicTrainer:
duration: 54.81412863731384s
INFO    [03-14 20:03:29] train in BasicTrainer:
epoch: 24
INFO    [03-14 20:03:55] _train_one_epoch in BasicTrainer:
loss = 7.254435413024005
INFO    [03-14 20:04:22] validate in BasicTrainer:
{'Recall@10': 0.06522875474765896, 'NDCG@10': 0.03760946238180622, 'MRR@10': 0.02921512576867826, 'Recall@5': 0.04484283358324319, 'NDCG@5': 0.03106758056092076, 'MRR@5': 0.026544770383043214, 'Recall*@10': 0.06903608827851712, 'NDCG*@10': 0.03970611223485321, 'MRR*@10': 0.030794560979120433, 'Recall*@5': 0.0473365594050847, 'NDCG*@5': 0.03274536288226955, 'MRR*@5': 0.027954721555579452}
INFO    [03-14 20:04:22] train in BasicTrainer:
duration: 52.70061659812927s
INFO    [03-14 20:04:22] train in BasicTrainer:
epoch: 25
INFO    [03-14 20:04:48] _train_one_epoch in BasicTrainer:
loss = 7.242283870526054
INFO    [03-14 20:05:15] validate in BasicTrainer:
{'Recall@10': 0.06497849272564053, 'NDCG@10': 0.03758705245563761, 'MRR@10': 0.029263275675475597, 'Recall@5': 0.044806212489493194, 'NDCG@5': 0.031103478238219396, 'MRR@5': 0.02661079153767787, 'Recall*@10': 0.06899440344423055, 'NDCG*@10': 0.03978435908211395, 'MRR*@10': 0.030912527051987125, 'Recall*@5': 0.04744801119668409, 'NDCG*@5': 0.03286776780150831, 'MRR*@5': 0.028087983111618087}
INFO    [03-14 20:05:15] train in BasicTrainer:
duration: 53.195024490356445s
INFO    [03-14 20:05:15] train in BasicTrainer:
epoch: 26
INFO    [03-14 20:05:41] _train_one_epoch in BasicTrainer:
loss = 7.230359610389261
INFO    [03-14 20:06:08] validate in BasicTrainer:
{'Recall@10': 0.0657720213290304, 'NDCG@10': 0.03815570018487051, 'MRR@10': 0.02974851429462433, 'Recall@5': 0.04583772453479469, 'NDCG@5': 0.03176003985572606, 'MRR@5': 0.027138339407974853, 'Recall*@10': 0.0697647338733077, 'NDCG*@10': 0.040361054975073786, 'MRR*@10': 0.03141050447593443, 'Recall*@5': 0.048605678288731725, 'NDCG*@5': 0.03356917933560908, 'MRR*@5': 0.02863687662174925}
INFO    [03-14 20:06:08] train in BasicTrainer:
duration: 52.963812589645386s
INFO    [03-14 20:06:08] train in BasicTrainer:
epoch: 27
INFO    [03-14 20:06:33] _train_one_epoch in BasicTrainer:
loss = 7.217660998095985
INFO    [03-14 20:07:00] validate in BasicTrainer:
{'Recall@10': 0.0651494269259274, 'NDCG@10': 0.037679013214074075, 'MRR@10': 0.029328347771661357, 'Recall@5': 0.044586450117640196, 'NDCG@5': 0.03105464413529262, 'MRR@5': 0.026609549461863936, 'Recall*@10': 0.06922330332454293, 'NDCG*@10': 0.03990867366082966, 'MRR*@10': 0.031000614154618234, 'Recall*@5': 0.047334143018815666, 'NDCG*@5': 0.03285776788252406, 'MRR*@5': 0.028107131601427682}
INFO    [03-14 20:07:00] train in BasicTrainer:
duration: 52.262186765670776s
INFO    [03-14 20:07:00] train in BasicTrainer:
epoch: 28
INFO    [03-14 20:07:26] _train_one_epoch in BasicTrainer:
loss = 7.205402833073079
INFO    [03-14 20:07:53] validate in BasicTrainer:
{'Recall@10': 0.06455740383826196, 'NDCG@10': 0.037246369232889265, 'MRR@10': 0.02894202744355425, 'Recall@5': 0.044354444928467275, 'NDCG@5': 0.030747387191513553, 'MRR@5': 0.02627963320701383, 'Recall*@10': 0.0684093917021528, 'NDCG*@10': 0.039360080647747965, 'MRR*@10': 0.030532422120450063, 'Recall*@5': 0.046717357053421435, 'NDCG*@5': 0.032380723586538804, 'MRR*@5': 0.027672330508357844}
INFO    [03-14 20:07:53] train in BasicTrainer:
duration: 52.87643647193909s
INFO    [03-14 20:07:53] train in BasicTrainer:
epoch: 29
INFO    [03-14 20:08:20] _train_one_epoch in BasicTrainer:
loss = 7.192950767629287
INFO    [03-14 20:08:47] validate in BasicTrainer:
{'Recall@10': 0.06436810535378754, 'NDCG@10': 0.037163625145331024, 'MRR@10': 0.028884569398360326, 'Recall@5': 0.0445071223191917, 'NDCG@5': 0.030760220024967568, 'MRR@5': 0.026252700871555134, 'Recall*@10': 0.06829189436975866, 'NDCG*@10': 0.03934055989375338, 'MRR*@10': 0.030533624667441472, 'Recall*@5': 0.04715689388103783, 'NDCG*@5': 0.032525731262285265, 'MRR*@5': 0.027732222498161718}
INFO    [03-14 20:08:47] train in BasicTrainer:
duration: 53.65711951255798s
INFO    [03-14 20:08:47] train in BasicTrainer:
epoch: 30
INFO    [03-14 20:09:13] _train_one_epoch in BasicTrainer:
loss = 7.182684380801118
INFO    [03-14 20:09:40] validate in BasicTrainer:
{'Recall@10': 0.06432532705366611, 'NDCG@10': 0.037021529697813096, 'MRR@10': 0.028727271035313605, 'Recall@5': 0.043945598881691694, 'NDCG@5': 0.030465196643490344, 'MRR@5': 0.026040791731793432, 'Recall*@10': 0.06843195678666233, 'NDCG*@10': 0.03916497190948576, 'MRR*@10': 0.03028156323125586, 'Recall*@5': 0.04633180339587852, 'NDCG*@5': 0.03204946565674618, 'MRR*@5': 0.02736277594231069}
INFO    [03-14 20:09:40] train in BasicTrainer:
duration: 53.23886299133301s
INFO    [03-14 20:09:40] train in BasicTrainer:
epoch: 31
INFO    [03-14 20:10:07] _train_one_epoch in BasicTrainer:
loss = 7.169902695995085
INFO    [03-14 20:10:34] validate in BasicTrainer:
{'Recall@10': 0.06491745756939053, 'NDCG@10': 0.037337851093616335, 'MRR@10': 0.028946613846346735, 'Recall@5': 0.044653642503544685, 'NDCG@5': 0.030838303599739447, 'MRR@5': 0.02629539438057691, 'Recall*@10': 0.06922277505509555, 'NDCG*@10': 0.039532040909398346, 'MRR*@10': 0.030507357767783107, 'Recall*@5': 0.04726450619054958, 'NDCG*@5': 0.03248138395138085, 'MRR*@5': 0.027626888832310216}
INFO    [03-14 20:10:34] train in BasicTrainer:
duration: 54.13869071006775s
INFO    [03-14 20:10:34] train in BasicTrainer:
epoch: 32
INFO    [03-14 20:11:00] _train_one_epoch in BasicTrainer:
loss = 7.16212247266155
INFO    [03-14 20:11:27] validate in BasicTrainer:
{'Recall@10': 0.06403855131939054, 'NDCG@10': 0.03689609983703122, 'MRR@10': 0.02863508732407354, 'Recall@5': 0.043890685145743194, 'NDCG@5': 0.03038723284844309, 'MRR@5': 0.0259526907466352, 'Recall*@10': 0.06801237997133285, 'NDCG*@10': 0.038966314925346524, 'MRR*@10': 0.030136586364824323, 'Recall*@5': 0.046198796667158606, 'NDCG*@5': 0.031915136374300344, 'MRR*@5': 0.027228267188183962}
INFO    [03-14 20:11:27] train in BasicTrainer:
duration: 52.960360050201416s
INFO    [03-14 20:11:27] train in BasicTrainer:
epoch: 33
INFO    [03-14 20:11:54] _train_one_epoch in BasicTrainer:
loss = 7.153732025990633
INFO    [03-14 20:12:23] validate in BasicTrainer:
{'Recall@10': 0.0652715330477804, 'NDCG@10': 0.03742649063933641, 'MRR@10': 0.028970730619039386, 'Recall@5': 0.0445132079301402, 'NDCG@5': 0.030746552837081255, 'MRR@5': 0.026232857385184615, 'Recall*@10': 0.06917352669406682, 'NDCG*@10': 0.03960420396178961, 'MRR*@10': 0.03064130200073123, 'Recall*@5': 0.046841510257218034, 'NDCG*@5': 0.03242640204844065, 'MRR*@5': 0.027704343583900483}
INFO    [03-14 20:12:23] train in BasicTrainer:
duration: 55.78940153121948s
INFO    [03-14 20:12:23] train in BasicTrainer:
epoch: 34
INFO    [03-14 20:12:50] _train_one_epoch in BasicTrainer:
loss = 7.141772954069934
INFO    [03-14 20:13:19] validate in BasicTrainer:
{'Recall@10': 0.06452074693515897, 'NDCG@10': 0.037372117815539244, 'MRR@10': 0.029113112279446796, 'Recall@5': 0.0445925357285887, 'NDCG@5': 0.030956967058591543, 'MRR@5': 0.02648238263791427, 'Recall*@10': 0.06817304398864507, 'NDCG*@10': 0.039416294102557, 'MRR*@10': 0.030671812925720587, 'Recall*@5': 0.0470594487618655, 'NDCG*@5': 0.03262181553291157, 'MRR*@5': 0.02788688042201102}
INFO    [03-14 20:13:19] train in BasicTrainer:
duration: 56.14548349380493s
INFO    [03-14 20:13:19] train in BasicTrainer:
epoch: 35
INFO    [03-14 20:13:45] _train_one_epoch in BasicTrainer:
loss = 7.130767714075682
INFO    [03-14 20:14:12] validate in BasicTrainer:
{'Recall@10': 0.0647281948942691, 'NDCG@10': 0.03737643276108429, 'MRR@10': 0.029061172140063717, 'Recall@5': 0.044623107020743194, 'NDCG@5': 0.03091925137559883, 'MRR@5': 0.026421972317621112, 'Recall*@10': 0.06847319866064935, 'NDCG*@10': 0.03944483151426539, 'MRR*@10': 0.030626459087943658, 'Recall*@5': 0.04698162768036127, 'NDCG*@5': 0.03254759567207657, 'MRR*@5': 0.027810513839358463}
INFO    [03-14 20:14:12] train in BasicTrainer:
duration: 53.01930117607117s
INFO    [03-14 20:14:12] train in BasicTrainer:
epoch: 36
INFO    [03-14 20:14:38] _train_one_epoch in BasicTrainer:
loss = 7.121794917670285
INFO    [03-14 20:15:05] validate in BasicTrainer:
{'Recall@10': 0.0645939175505191, 'NDCG@10': 0.03702107672579587, 'MRR@10': 0.028652751469053328, 'Recall@5': 0.0440920474473387, 'NDCG@5': 0.030434041953412816, 'MRR@5': 0.025958818639628588, 'Recall*@10': 0.06833507556002587, 'NDCG*@10': 0.03914693543920293, 'MRR*@10': 0.030287065904121845, 'Recall*@5': 0.04662712891586125, 'NDCG*@5': 0.03216760081122629, 'MRR*@5': 0.02742989766120445}
INFO    [03-14 20:15:05] train in BasicTrainer:
duration: 53.00991463661194s
INFO    [03-14 20:15:05] train in BasicTrainer:
epoch: 37
INFO    [03-14 20:15:31] _train_one_epoch in BasicTrainer:
loss = 7.113916605460544
INFO    [03-14 20:15:59] validate in BasicTrainer:
{'Recall@10': 0.06345866364426911, 'NDCG@10': 0.03667959755985066, 'MRR@10': 0.028520825935993345, 'Recall@5': 0.04430572420824319, 'NDCG@5': 0.030513871292350815, 'MRR@5': 0.025992278644116594, 'Recall*@10': 0.0671951410593465, 'NDCG*@10': 0.038790618814527986, 'MRR*@10': 0.030138960032491013, 'Recall*@5': 0.04684308926807716, 'NDCG*@5': 0.03223574847797863, 'MRR*@5': 0.02744918711250648}
INFO    [03-14 20:15:59] train in BasicTrainer:
duration: 53.904934883117676s
INFO    [03-14 20:15:59] train in BasicTrainer:
epoch: 38
INFO    [03-14 20:16:25] _train_one_epoch in BasicTrainer:
loss = 7.108440490663886
INFO    [03-14 20:16:53] validate in BasicTrainer:
{'Recall@10': 0.06440476225689054, 'NDCG@10': 0.037156301841605455, 'MRR@10': 0.028877332026604564, 'Recall@5': 0.04423856763169169, 'NDCG@5': 0.030672684079036117, 'MRR@5': 0.026223433122504504, 'Recall*@10': 0.06825955649837852, 'NDCG*@10': 0.0393413013080135, 'MRR*@10': 0.030560965510085226, 'Recall*@5': 0.046801549312658605, 'NDCG*@5': 0.03244045728351921, 'MRR*@5': 0.027735068957554176}
INFO    [03-14 20:16:53] train in BasicTrainer:
duration: 53.500396966934204s
INFO    [03-14 20:16:53] train in BasicTrainer:
epoch: 39
INFO    [03-14 20:17:18] _train_one_epoch in BasicTrainer:
loss = 7.099594456808908
INFO    [03-14 20:17:46] validate in BasicTrainer:
{'Recall@10': 0.06420941394753754, 'NDCG@10': 0.03690294072730467, 'MRR@10': 0.028593677282333373, 'Recall@5': 0.044342309492640196, 'NDCG@5': 0.030520744330715388, 'MRR@5': 0.02598403636366129, 'Recall*@10': 0.06810519290156662, 'NDCG*@10': 0.03904496784089133, 'MRR*@10': 0.03020781899103895, 'Recall*@5': 0.046744198829401284, 'NDCG*@5': 0.03217770261107944, 'MRR*@5': 0.027396808157209306}
INFO    [03-14 20:17:46] train in BasicTrainer:
duration: 53.56439828872681s
INFO    [03-14 20:17:46] train in BasicTrainer:
epoch: 40
INFO    [03-14 20:18:12] _train_one_epoch in BasicTrainer:
loss = 7.091101321853509
INFO    [03-14 20:18:40] validate in BasicTrainer:
{'Recall@10': 0.0633732144255191, 'NDCG@10': 0.036388765065930785, 'MRR@10': 0.028179086610907688, 'Recall@5': 0.043542838445864616, 'NDCG@5': 0.030018667160766198, 'MRR@5': 0.025575309671694413, 'Recall*@10': 0.06720314361155033, 'NDCG*@10': 0.038350798829924315, 'MRR*@10': 0.0295849809772335, 'Recall*@5': 0.045729747076984496, 'NDCG*@5': 0.03145334293949418, 'MRR*@5': 0.026765998057089745}
INFO    [03-14 20:18:40] train in BasicTrainer:
duration: 53.666728258132935s
INFO    [03-14 20:18:40] train in BasicTrainer:
epoch: 41
INFO    [03-14 20:19:06] _train_one_epoch in BasicTrainer:
loss = 7.083640073861728
INFO    [03-14 20:19:34] validate in BasicTrainer:
{'Recall@10': 0.06361126941628754, 'NDCG@10': 0.03688342859968543, 'MRR@10': 0.028760899102780967, 'Recall@5': 0.04397613436449319, 'NDCG@5': 0.030587228445801883, 'MRR@5': 0.026193606469314547, 'Recall*@10': 0.06733200245071203, 'NDCG*@10': 0.038840110902674495, 'MRR*@10': 0.0301908663532231, 'Recall*@5': 0.04616696091834456, 'NDCG*@5': 0.03206035273033194, 'MRR*@5': 0.027430485130753367}
INFO    [03-14 20:19:34] train in BasicTrainer:
duration: 54.0471453666687s
INFO    [03-14 20:19:34] train in BasicTrainer:
epoch: 42
INFO    [03-14 20:20:00] _train_one_epoch in BasicTrainer:
loss = 7.075843414338697
INFO    [03-14 20:20:28] validate in BasicTrainer:
{'Recall@10': 0.06369671863503754, 'NDCG@10': 0.036752496799454096, 'MRR@10': 0.02856779633439146, 'Recall@5': 0.0436281802598387, 'NDCG@5': 0.030293822049861772, 'MRR@5': 0.02592034811968915, 'Recall*@10': 0.06738469959236681, 'NDCG*@10': 0.03873730006162077, 'MRR*@10': 0.030041726765921338, 'Recall*@5': 0.045865313662216065, 'NDCG*@5': 0.03181399694294669, 'MRR*@5': 0.027205198997398837}
INFO    [03-14 20:20:28] train in BasicTrainer:
duration: 54.1885826587677s
INFO    [03-14 20:20:28] train in BasicTrainer:
epoch: 43
INFO    [03-14 20:20:55] _train_one_epoch in BasicTrainer:
loss = 7.0716485342725655
INFO    [03-14 20:21:22] validate in BasicTrainer:
{'Recall@10': 0.06360518378205597, 'NDCG@10': 0.03659129674779251, 'MRR@10': 0.02839290102128871, 'Recall@5': 0.0434328677598387, 'NDCG@5': 0.030110323888948187, 'MRR@5': 0.025742535176686943, 'Recall*@10': 0.06729538112413139, 'NDCG*@10': 0.03859956886153668, 'MRR*@10': 0.02990212893928401, 'Recall*@5': 0.04573020222596824, 'NDCG*@5': 0.03167861116235145, 'MRR*@5': 0.027076142391888425}
INFO    [03-14 20:21:22] train in BasicTrainer:
duration: 54.13332986831665s
INFO    [03-14 20:21:22] train in BasicTrainer:
epoch: 44
INFO    [03-14 20:21:49] _train_one_epoch in BasicTrainer:
loss = 7.061152034780893
INFO    [03-14 20:22:17] validate in BasicTrainer:
{'Recall@10': 0.06350752753205598, 'NDCG@10': 0.03674436013679951, 'MRR@10': 0.028631077538011595, 'Recall@5': 0.0432864191941917, 'NDCG@5': 0.030255604669218884, 'MRR@5': 0.02598281730315648, 'Recall*@10': 0.0672745434101671, 'NDCG*@10': 0.03873235537321307, 'MRR*@10': 0.030086278659291567, 'Recall*@5': 0.04547113872831687, 'NDCG*@5': 0.031733789038844405, 'MRR*@5': 0.027228737383848057}
INFO    [03-14 20:22:17] train in BasicTrainer:
duration: 54.398773193359375s
INFO    [03-14 20:22:17] train in BasicTrainer:
epoch: 45
INFO    [03-14 20:22:44] _train_one_epoch in BasicTrainer:
loss = 7.050965264397843
INFO    [03-14 20:23:12] validate in BasicTrainer:
{'Recall@10': 0.06413008612580598, 'NDCG@10': 0.03698431203374639, 'MRR@10': 0.028733816830208526, 'Recall@5': 0.04381132153794169, 'NDCG@5': 0.03045208877301775, 'MRR@5': 0.02606034041964449, 'Recall*@10': 0.06811802149750293, 'NDCG*@10': 0.03918693804880604, 'MRR*@10': 0.030405630433233456, 'Recall*@5': 0.04624548561405391, 'NDCG*@5': 0.032163480389863254, 'MRR*@5': 0.02753579826676287}
INFO    [03-14 20:23:12] train in BasicTrainer:
duration: 55.75004696846008s
INFO    [03-14 20:23:12] train in BasicTrainer:
epoch: 46
INFO    [03-14 20:23:39] _train_one_epoch in BasicTrainer:
loss = 7.043018590836298
INFO    [03-14 20:24:09] validate in BasicTrainer:
{'Recall@10': 0.06387978829443455, 'NDCG@10': 0.03685616006841883, 'MRR@10': 0.028621718706563114, 'Recall@5': 0.04415311841294169, 'NDCG@5': 0.030512419855222107, 'MRR@5': 0.026024200860410927, 'Recall*@10': 0.0676241320092231, 'NDCG*@10': 0.03892204142175615, 'MRR*@10': 0.03018055385327898, 'Recall*@5': 0.04676088138949126, 'NDCG*@5': 0.032223727903328836, 'MRR*@5': 0.02744439279776998}
INFO    [03-14 20:24:09] train in BasicTrainer:
duration: 56.403029680252075s
INFO    [03-14 20:24:09] train in BasicTrainer:
epoch: 47
INFO    [03-14 20:24:35] _train_one_epoch in BasicTrainer:
loss = 7.037286968792186
INFO    [03-14 20:25:02] validate in BasicTrainer:
{'Recall@10': 0.06483200835064054, 'NDCG@10': 0.03709146906621754, 'MRR@10': 0.028686695091892034, 'Recall@5': 0.04370138666126877, 'NDCG@5': 0.03031621019472368, 'MRR@5': 0.02592388409539126, 'Recall*@10': 0.06849018239881843, 'NDCG*@10': 0.03908328757388517, 'MRR*@10': 0.030180029571056366, 'Recall*@5': 0.04595985893392936, 'NDCG*@5': 0.03186302691465244, 'MRR*@5': 0.027238125156145543}
INFO    [03-14 20:25:02] train in BasicTrainer:
duration: 53.21059465408325s
INFO    [03-14 20:25:02] train in BasicTrainer:
epoch: 48
INFO    [03-14 20:25:28] _train_one_epoch in BasicTrainer:
loss = 7.030694262988093
INFO    [03-14 20:25:57] validate in BasicTrainer:
{'Recall@10': 0.06377608221955597, 'NDCG@10': 0.03680827190401033, 'MRR@10': 0.028614787280093878, 'Recall@5': 0.043792993086390196, 'NDCG@5': 0.030390250583877787, 'MRR@5': 0.025991555006476118, 'Recall*@10': 0.06776379530783742, 'NDCG*@10': 0.038926159462425856, 'MRR*@10': 0.03017420353135094, 'Recall*@5': 0.046217120939400044, 'NDCG*@5': 0.032010745588922876, 'MRR*@5': 0.02735043446882628}
INFO    [03-14 20:25:57] train in BasicTrainer:
duration: 55.33100175857544s
INFO    [03-14 20:25:57] train in BasicTrainer:
epoch: 49
INFO    [03-14 20:26:24] _train_one_epoch in BasicTrainer:
loss = 7.0233073882362085
INFO    [03-14 20:26:53] validate in BasicTrainer:
{'Recall@10': 0.0628787043504417, 'NDCG@10': 0.03623085604049266, 'MRR@10': 0.028120034252060576, 'Recall@5': 0.043731957930140196, 'NDCG@5': 0.030077089660335333, 'MRR@5': 0.02560285069048405, 'Recall*@10': 0.06668828390538692, 'NDCG*@10': 0.03840720294974744, 'MRR*@10': 0.029806436895160004, 'Recall*@5': 0.046197373792529105, 'NDCG*@5': 0.031822475499939176, 'MRR*@5': 0.027113481058040633}
INFO    [03-14 20:26:53] train in BasicTrainer:
duration: 56.07088899612427s
INFO    [03-14 20:26:53] train in BasicTrainer:
epoch: 50
INFO    [03-14 20:27:20] _train_one_epoch in BasicTrainer:
loss = 7.016347056343442
INFO    [03-14 20:27:49] validate in BasicTrainer:
{'Recall@10': 0.06391640938818455, 'NDCG@10': 0.0366454585804604, 'MRR@10': 0.02836457680677995, 'Recall@5': 0.0434756102738902, 'NDCG@5': 0.030090725608170034, 'MRR@5': 0.025691753142746167, 'Recall*@10': 0.06761631809640675, 'NDCG*@10': 0.03861327806953341, 'MRR*@10': 0.02980818470241502, 'Recall*@5': 0.0459312028135173, 'NDCG*@5': 0.03165348784532398, 'MRR*@5': 0.02696686014533043}
INFO    [03-14 20:27:49] train in BasicTrainer:
duration: 55.292991161346436s
INFO    [03-14 20:27:49] train in BasicTrainer:
epoch: 51
INFO    [03-14 20:28:15] _train_one_epoch in BasicTrainer:
loss = 7.009116482000057
INFO    [03-14 20:28:45] validate in BasicTrainer:
{'Recall@10': 0.06263463532086462, 'NDCG@10': 0.036364264460280536, 'MRR@10': 0.02836031570332125, 'Recall@5': 0.0439272704301402, 'NDCG@5': 0.030339813593309374, 'MRR@5': 0.025889011239632963, 'Recall*@10': 0.0660665841307491, 'NDCG*@10': 0.03825829949928448, 'MRR*@10': 0.02979135377681814, 'Recall*@5': 0.04617641819640994, 'NDCG*@5': 0.031853611127007755, 'MRR*@5': 0.0271645131346304}
INFO    [03-14 20:28:45] train in BasicTrainer:
duration: 56.55982732772827s
INFO    [03-14 20:28:45] train in BasicTrainer:
epoch: 52
INFO    [03-14 20:29:15] _train_one_epoch in BasicTrainer:
loss = 7.0047974913728
INFO    [03-14 20:29:42] validate in BasicTrainer:
{'Recall@10': 0.0644718472380191, 'NDCG@10': 0.037128188891801986, 'MRR@10': 0.028807017457438633, 'Recall@5': 0.04458648592699319, 'NDCG@5': 0.030733316543046386, 'MRR@5': 0.026188189763342962, 'Recall*@10': 0.06804472003132105, 'NDCG*@10': 0.03913550424622372, 'MRR*@10': 0.030339899507816882, 'Recall*@5': 0.04696223753271624, 'NDCG*@5': 0.03236087705590762, 'MRR*@5': 0.02756840270012617}
INFO    [03-14 20:29:42] train in BasicTrainer:
duration: 56.71675205230713s
INFO    [03-14 20:29:42] train in BasicTrainer:
epoch: 53
INFO    [03-14 20:30:12] _train_one_epoch in BasicTrainer:
loss = 7.000672083274991
INFO    [03-14 20:30:41] validate in BasicTrainer:
{'Recall@10': 0.06362344063818455, 'NDCG@10': 0.03662381249014288, 'MRR@10': 0.028419105178909377, 'Recall@5': 0.0435427310410887, 'NDCG@5': 0.03017450305633247, 'MRR@5': 0.02578321991022676, 'Recall*@10': 0.06733267100062221, 'NDCG*@10': 0.03871787716634571, 'MRR*@10': 0.030019855685532094, 'Recall*@5': 0.04617466600611806, 'NDCG*@5': 0.03192238872288726, 'MRR*@5': 0.027242588164517655}
INFO    [03-14 20:30:41] train in BasicTrainer:
duration: 59.48131823539734s
INFO    [03-14 20:30:41] train in BasicTrainer:
epoch: 54
INFO    [03-14 20:31:09] _train_one_epoch in BasicTrainer:
loss = 6.993257502547833
INFO    [03-14 20:31:38] validate in BasicTrainer:
{'Recall@10': 0.06375768219586461, 'NDCG@10': 0.03659373242408037, 'MRR@10': 0.02834890543599613, 'Recall@5': 0.04335966138169169, 'NDCG@5': 0.030051170231308787, 'MRR@5': 0.025680085964268073, 'Recall*@10': 0.06730084193404764, 'NDCG*@10': 0.038674847537185995, 'MRR*@10': 0.02998722420888953, 'Recall*@5': 0.045870373339857905, 'NDCG*@5': 0.03180123760830611, 'MRR*@5': 0.027183422254165635}
INFO    [03-14 20:31:38] train in BasicTrainer:
duration: 56.50910258293152s
INFO    [03-14 20:31:38] train in BasicTrainer:
epoch: 55
INFO    [03-14 20:32:09] _train_one_epoch in BasicTrainer:
loss = 6.9888938875759345
INFO    [03-14 20:32:36] validate in BasicTrainer:
{'Recall@10': 0.06501507801003754, 'NDCG@10': 0.03704509965609759, 'MRR@10': 0.02856040594051592, 'Recall@5': 0.04417753247544169, 'NDCG@5': 0.030365935317240654, 'MRR@5': 0.025838554842630403, 'Recall*@10': 0.06896504873875528, 'NDCG*@10': 0.03914904333651066, 'MRR*@10': 0.030107081565074623, 'Recall*@5': 0.04681628274265677, 'NDCG*@5': 0.032054330257233234, 'MRR*@5': 0.02721840380690992}
INFO    [03-14 20:32:36] train in BasicTrainer:
duration: 57.83442521095276s
INFO    [03-14 20:32:36] train in BasicTrainer:
epoch: 56
INFO    [03-14 20:33:03] _train_one_epoch in BasicTrainer:
loss = 6.9824244107852795
INFO    [03-14 20:33:30] validate in BasicTrainer:
{'Recall@10': 0.06281774078961462, 'NDCG@10': 0.03608528946060687, 'MRR@10': 0.027949643757892773, 'Recall@5': 0.043402403895743194, 'NDCG@5': 0.02985449889674783, 'MRR@5': 0.025405923533253372, 'Recall*@10': 0.0664638641057536, 'NDCG*@10': 0.038108895905315875, 'MRR*@10': 0.02948129880824126, 'Recall*@5': 0.04583469908684492, 'NDCG*@5': 0.03148953386116773, 'MRR*@5': 0.026779413572512567}
INFO    [03-14 20:33:30] train in BasicTrainer:
duration: 54.72458553314209s
INFO    [03-14 20:33:30] train in BasicTrainer:
epoch: 57
INFO    [03-14 20:33:58] _train_one_epoch in BasicTrainer:
loss = 6.978889063292859
INFO    [03-14 20:34:28] validate in BasicTrainer:
{'Recall@10': 0.06383092438336462, 'NDCG@10': 0.0367603245889768, 'MRR@10': 0.02852715374319814, 'Recall@5': 0.0440188052598387, 'NDCG@5': 0.030391737725585698, 'MRR@5': 0.025920851359842345, 'Recall*@10': 0.06789657627232373, 'NDCG*@10': 0.038899143517483026, 'MRR*@10': 0.030088058300316335, 'Recall*@5': 0.04643437648192048, 'NDCG*@5': 0.03200614313827828, 'MRR*@5': 0.027270649455022066}
INFO    [03-14 20:34:28] train in BasicTrainer:
duration: 57.83058309555054s
INFO    [03-14 20:34:28] train in BasicTrainer:
epoch: 58
INFO    [03-14 20:34:55] _train_one_epoch in BasicTrainer:
loss = 6.973198222179039
INFO    [03-14 20:35:22] validate in BasicTrainer:
{'Recall@10': 0.06311686676926911, 'NDCG@10': 0.03641861678333953, 'MRR@10': 0.02830291121499613, 'Recall@5': 0.0432619693223387, 'NDCG@5': 0.030028748913900928, 'MRR@5': 0.025683344143908472, 'Recall*@10': 0.0668660196242854, 'NDCG*@10': 0.03853935820516199, 'MRR*@10': 0.02993319779052399, 'Recall*@5': 0.04567794266622514, 'NDCG*@5': 0.03172294883406721, 'MRR*@5': 0.027140086377039553}
INFO    [03-14 20:35:22] train in BasicTrainer:
duration: 53.968143701553345s
INFO    [03-14 20:35:22] train in BasicTrainer:
epoch: 59
INFO    [03-14 20:35:48] _train_one_epoch in BasicTrainer:
loss = 6.968958248945177
INFO    [03-14 20:36:16] validate in BasicTrainer:
{'Recall@10': 0.06268349923193454, 'NDCG@10': 0.03607480570208281, 'MRR@10': 0.02798352575628087, 'Recall@5': 0.0431276919785887, 'NDCG@5': 0.029788956698030233, 'MRR@5': 0.025411512638675048, 'Recall*@10': 0.06646276561077684, 'NDCG*@10': 0.03819222651654854, 'MRR*@10': 0.029597647150512784, 'Recall*@5': 0.045669881871435794, 'NDCG*@5': 0.03151065165293403, 'MRR*@5': 0.026864840259077028}
INFO    [03-14 20:36:16] train in BasicTrainer:
duration: 53.49591135978699s
INFO    [03-14 20:36:16] close_training in BasicTrainer:
finished training
INFO    [03-14 20:36:16] final_validate in BasicTrainer:
validate model on val set!
INFO    [03-14 20:36:16] load_state_from_given_path in utils:
checkpoint epoch: 21
INFO    [03-14 20:36:16] load_state_from_given_path in utils:
Loading model's parameters
INFO    [03-14 20:36:44] validate in BasicTrainer:
{'Recall@10': 0.06671801256015897, 'NDCG@10': 0.03860134104033932, 'MRR@10': 0.030050311161903664, 'Recall@5': 0.0460390868363902, 'NDCG@5': 0.031933028431376444, 'MRR@5': 0.02730870696832426, 'Recall*@10': 0.07049096471164376, 'NDCG*@10': 0.04071824693819508, 'MRR*@10': 0.03165822523296811, 'Recall*@5': 0.0487529105390422, 'NDCG*@5': 0.03370356635423377, 'MRR*@5': 0.02877146332175471}
INFO    [03-14 20:36:44] test in BasicTrainer:
Test model on test set!
INFO    [03-14 20:36:44] test_with_given_state_path in BasicTrainer:
Loading model params from ___el_base_partial_2022/base_sasrec-rate-0.8-seed-2001_03-14_19:40_t2/sasrec_logs/checkpoint/best_acc_model.pth.
INFO    [03-14 20:36:44] load_state_from_given_path in utils:
checkpoint epoch: 21
INFO    [03-14 20:36:44] load_state_from_given_path in utils:
Loading model's parameters
INFO    [03-14 20:36:44] test_with_given_state_path in BasicTrainer:
Finished loading. Start testing.
INFO    [03-14 20:37:11] test_with_given_state_path in BasicTrainer:
{'Recall@10': 0.06222582506015897, 'NDCG@10': 0.03590377123327926, 'MRR@10': 0.027871430153027177, 'Recall@5': 0.04385409983806312, 'NDCG@5': 0.02999055419350043, 'MRR@5': 0.025447097490541637, 'Recall*@10': 0.06659621517173946, 'NDCG*@10': 0.03860085910419002, 'MRR*@10': 0.030054864060366525, 'Recall*@5': 0.04721565786749125, 'NDCG*@5': 0.03236533581512049, 'MRR*@5': 0.027499752974836155}
INFO    [03-14 20:37:11] _evaluate in BasicSched:
!!Final Result!!: {'Recall@10': 0.06222582506015897, 'NDCG@10': 0.03590377123327926, 'MRR@10': 0.027871430153027177, 'Recall@5': 0.04385409983806312, 'NDCG@5': 0.02999055419350043, 'MRR@5': 0.025447097490541637, 'Recall*@10': 0.06659621517173946, 'NDCG*@10': 0.03860085910419002, 'MRR*@10': 0.030054864060366525, 'Recall*@5': 0.04721565786749125, 'NDCG*@5': 0.03236533581512049, 'MRR*@5': 0.027499752974836155}
