INFO    [05-06 19:50:48] setup_train in utils:
{
    "experiment_dir": "___movies_ed_2021",
    "experiment_description": "ed",
    "describe": "{config[model_code]}-en-{config[weight_list][0]}-T-{config[T]}-al-{config[alpha]}",
    "dataset_name": "movies.csv",
    "sched": "ensemble_distill",
    "model_code": "narm",
    "mentor_code": "narm",
    "mentor2_code": "narm",
    "weight_list": [
        0.5,
        0.5
    ],
    "alpha": 0.75,
    "T": 3,
    "training_routine": "student",
    "softmaxed_mentor": true,
    "enable_auto_path_finder": false,
    "num_epochs": 80,
    "mode": [
        "train",
        "test"
    ],
    "max_len": 10,
    "test_state_path": null,
    "model_state_path": null,
    "mentor_state_path": "___movies_base_2020/base_narm_05-04_21:31_0/narm_logs/checkpoint/best_acc_model.pth",
    "mentor2_state_path": "___movies_base_2022/base_narm_05-04_21:23_0/narm_logs/checkpoint/best_acc_model.pth",
    "rand_seed": 2021,
    "load_processed_dataset": true,
    "save_processed_dataset": false,
    "dataset_cache_filename": null,
    "do_remap": false,
    "weight_decay": 0,
    "decay_step": 15,
    "gamma": 0.99,
    "lr": 0.001,
    "min_length": 5,
    "min_item_inter": 5,
    "good_only": false,
    "use_rating": true,
    "test_negative_sampler_code": "random",
    "test_negative_sample_size": 0,
    "dataloader_type": "next",
    "train_batch_size": 4096,
    "val_batch_size": 4096,
    "test_batch_size": 4096,
    "prop_sliding_window": -1.0,
    "worker_number": 2,
    "metric_ks": [
        5,
        10
    ],
    "device": "cuda",
    "num_gpu": 1,
    "optimizer": "Adam",
    "best_metric": "NDCG@10",
    "show_process_bar": false,
    "enable_sample": false,
    "samples_ratio": 0.1,
    "config_file": "config2.movies/narm/config_distill_ensemble.json",
    "task_id": -1,
    "split": "leave_one_out",
    "do_sampling": false,
    "path_for_sample": null,
    "sample_rate": 0.5,
    "sample_seed": 0,
    "train_negative_sampler_code": "random",
    "train_negative_sample_size": 100,
    "device_idx": "0",
    "momentum": null,
    "log_period_as_iter": 12800,
    "dvae_alpha": 0.5,
    "validation_rate": 0.2,
    "num_items": null,
    "start_index": 1,
    "kwargs": null
}
INFO    [05-06 19:50:48] _load_full_dataset_from_path in utils:
loading cache from /data01/wushiguang-slurm/Codes/soft-rec/Data/Cache/movies-5-5.pkl
INFO    [05-06 19:50:50] _check_dataset_cache in utils:
check if the cache is generated under this configuration
INFO    [05-06 19:50:50] _check_dataset_cache in utils:
correct.
INFO    [05-06 19:50:50] __init__ in NextItemDataloader:
there are 21035 items in this dataset, 82156 users, padding_first? False
DEBUG   [05-06 19:51:04] generate_model in utils:
model_code_list=['narm']
INFO    [05-06 19:51:04] load_model_config in utils:
loading model narm's config file at asset/config/model/narm.json
INFO    [05-06 19:51:04] load_model_config in utils:
{
    "embedding_size": 64,
    "hidden_size": 128,
    "n_layers": 1,
    "dropout_probs": [
        0.25,
        0.5
    ]
}
WARNING [05-06 19:51:12] get_exist_path in utils:
dir ___movies_ed_2021/ed_narm-en-0.5-T-3-al-0.75_05-06_19:50_0/teacher1_narm_logs does not exist! Create one.
WARNING [05-06 19:51:12] get_exist_path in utils:
dir ___movies_ed_2021/ed_narm-en-0.5-T-3-al-0.75_05-06_19:50_0/teacher1_narm_logs/tb_vis does not exist! Create one.
WARNING [05-06 19:51:12] get_exist_path in utils:
dir ___movies_ed_2021/ed_narm-en-0.5-T-3-al-0.75_05-06_19:50_0/teacher1_narm_logs/checkpoint does not exist! Create one.
INFO    [05-06 19:51:12] load_state_from_given_path in utils:
checkpoint epoch: 57
INFO    [05-06 19:51:12] load_state_from_given_path in utils:
Loading model's parameters
INFO    [05-06 19:51:12] load_state_from_given_path in utils:
Loading optimizer's parameters
DEBUG   [05-06 19:51:12] _generate_teacher_trainer in EnsembleDistillSched:
teacher1_narm: 
NARM(
  (item_embedding): Embedding(21036, 64, padding_idx=0)
  (emb_dropout): Dropout(p=0.25, inplace=False)
  (gru): GRU(64, 128, bias=False, batch_first=True)
  (a_1): Linear(in_features=128, out_features=128, bias=False)
  (a_2): Linear(in_features=128, out_features=128, bias=False)
  (v_t): Linear(in_features=128, out_features=1, bias=False)
  (ct_dropout): Dropout(p=0.5, inplace=False)
  (b): Linear(in_features=256, out_features=64, bias=False)
  (loss_fct): CrossEntropyLoss()
)
INFO    [05-06 19:51:12] assert_model_device in utils:
model teacher1_narm has 5.60498046875 MB params.
INFO    [05-06 19:51:12] __init__ in BasicTrainer:
450560 iter per epoch
DEBUG   [05-06 19:51:12] generate_model in utils:
model_code_list=['narm']
INFO    [05-06 19:51:12] load_model_config in utils:
loading model narm's config file at asset/config/model/narm.json
INFO    [05-06 19:51:12] load_model_config in utils:
{
    "embedding_size": 64,
    "hidden_size": 128,
    "n_layers": 1,
    "dropout_probs": [
        0.25,
        0.5
    ]
}
WARNING [05-06 19:51:16] get_exist_path in utils:
dir ___movies_ed_2021/ed_narm-en-0.5-T-3-al-0.75_05-06_19:50_0/teacher2_narm_logs does not exist! Create one.
WARNING [05-06 19:51:16] get_exist_path in utils:
dir ___movies_ed_2021/ed_narm-en-0.5-T-3-al-0.75_05-06_19:50_0/teacher2_narm_logs/tb_vis does not exist! Create one.
WARNING [05-06 19:51:16] get_exist_path in utils:
dir ___movies_ed_2021/ed_narm-en-0.5-T-3-al-0.75_05-06_19:50_0/teacher2_narm_logs/checkpoint does not exist! Create one.
INFO    [05-06 19:51:17] load_state_from_given_path in utils:
checkpoint epoch: 59
INFO    [05-06 19:51:17] load_state_from_given_path in utils:
Loading model's parameters
INFO    [05-06 19:51:17] load_state_from_given_path in utils:
Loading optimizer's parameters
DEBUG   [05-06 19:51:17] _generate_teacher_trainer in EnsembleDistillSched:
teacher2_narm: 
NARM(
  (item_embedding): Embedding(21036, 64, padding_idx=0)
  (emb_dropout): Dropout(p=0.25, inplace=False)
  (gru): GRU(64, 128, bias=False, batch_first=True)
  (a_1): Linear(in_features=128, out_features=128, bias=False)
  (a_2): Linear(in_features=128, out_features=128, bias=False)
  (v_t): Linear(in_features=128, out_features=1, bias=False)
  (ct_dropout): Dropout(p=0.5, inplace=False)
  (b): Linear(in_features=256, out_features=64, bias=False)
  (loss_fct): CrossEntropyLoss()
)
INFO    [05-06 19:51:17] assert_model_device in utils:
model teacher2_narm has 5.60498046875 MB params.
INFO    [05-06 19:51:17] __init__ in BasicTrainer:
450560 iter per epoch
DEBUG   [05-06 19:51:17] generate_model in utils:
model_code_list=['narm']
INFO    [05-06 19:51:17] load_model_config in utils:
loading model narm's config file at asset/config/model/narm.json
INFO    [05-06 19:51:17] load_model_config in utils:
{
    "embedding_size": 64,
    "hidden_size": 128,
    "n_layers": 1,
    "dropout_probs": [
        0.25,
        0.5
    ]
}
WARNING [05-06 19:51:21] get_exist_path in utils:
dir ___movies_ed_2021/ed_narm-en-0.5-T-3-al-0.75_05-06_19:50_0/student_narm_logs does not exist! Create one.
WARNING [05-06 19:51:21] get_exist_path in utils:
dir ___movies_ed_2021/ed_narm-en-0.5-T-3-al-0.75_05-06_19:50_0/student_narm_logs/tb_vis does not exist! Create one.
WARNING [05-06 19:51:21] get_exist_path in utils:
dir ___movies_ed_2021/ed_narm-en-0.5-T-3-al-0.75_05-06_19:50_0/student_narm_logs/checkpoint does not exist! Create one.
WARNING [05-06 19:51:21] get_path in utils:
Path is None
WARNING [05-06 19:51:21] load_state_from_given_path in utils:
Not given any path.
DEBUG   [05-06 19:51:21] _generate_student_trainer in EnsembleDistillSched:
student_narm: 
NARM(
  (item_embedding): Embedding(21036, 64, padding_idx=0)
  (emb_dropout): Dropout(p=0.25, inplace=False)
  (gru): GRU(64, 128, bias=False, batch_first=True)
  (a_1): Linear(in_features=128, out_features=128, bias=False)
  (a_2): Linear(in_features=128, out_features=128, bias=False)
  (v_t): Linear(in_features=128, out_features=1, bias=False)
  (ct_dropout): Dropout(p=0.5, inplace=False)
  (b): Linear(in_features=256, out_features=64, bias=False)
  (loss_fct): CrossEntropyLoss()
)
INFO    [05-06 19:51:21] assert_model_device in utils:
model student_narm has 5.60498046875 MB params.
INFO    [05-06 19:51:21] assert_model_device in utils:
model mix_narm_narm has 0.0 MB params.
INFO    [05-06 19:51:21] assert_model_device in utils:
model mix_narm_narm has no param
INFO    [05-06 19:51:21] __init__ in DistillTrainer:
450560 iter per epoch
INFO    [05-06 19:51:21] _set_current_routine in Routine:
first routine: student
INFO    [05-06 19:51:21] run_routine in Routine:
Start routine student
INFO    [05-06 19:51:21] run_routine in Routine:
Start training
INFO    [05-06 19:51:21] train in DistillTrainer:
Test mentor model: mix_narm_narm
DEBUG   [05-06 19:51:22] forward in Ensembler:
raw predict
DEBUG   [05-06 19:51:22] forward in Ensembler:
[tensor([[3.4602e-06, 1.0353e-04, 3.2355e-05,  ..., 1.0493e-05, 3.1080e-05,
         5.7703e-05],
        [1.4241e-06, 7.6021e-06, 6.5172e-06,  ..., 6.3149e-06, 1.4267e-05,
         4.3068e-05],
        [2.2690e-06, 1.9702e-05, 1.1860e-05,  ..., 3.6287e-06, 1.1758e-05,
         1.0878e-05],
        ...,
        [1.7536e-07, 1.6548e-07, 1.3825e-06,  ..., 3.3174e-07, 5.8222e-05,
         7.9811e-07],
        [1.2829e-06, 1.8573e-04, 1.5378e-05,  ..., 2.8766e-05, 4.3105e-05,
         1.4280e-05],
        [9.2797e-06, 3.1985e-05, 5.6406e-05,  ..., 1.2621e-05, 4.9694e-06,
         7.5869e-05]], device='cuda:0'), tensor([[1.9717e-06, 6.5627e-05, 1.9178e-05,  ..., 1.5444e-05, 3.5582e-05,
         7.2933e-05],
        [2.4762e-06, 9.2459e-06, 1.3022e-05,  ..., 7.9571e-06, 1.5196e-05,
         5.2285e-05],
        [1.6328e-06, 2.6965e-05, 8.0874e-06,  ..., 2.8140e-06, 7.4932e-06,
         2.3636e-05],
        ...,
        [1.3629e-06, 1.5274e-06, 2.9214e-05,  ..., 3.7470e-06, 2.0968e-05,
         7.0703e-06],
        [2.3228e-06, 2.1213e-04, 7.2267e-06,  ..., 4.0437e-05, 1.8770e-05,
         1.0449e-05],
        [5.6644e-06, 7.8376e-06, 7.9064e-05,  ..., 8.7116e-06, 5.8359e-06,
         8.2736e-05]], device='cuda:0')]
DEBUG   [05-06 19:51:22] forward in Ensembler:
raw confidence
DEBUG   [05-06 19:51:22] forward in Ensembler:
[tensor([0.0005, 0.0007, 0.0009,  ..., 0.0247, 0.0011, 0.0019], device='cuda:0'), tensor([0.0008, 0.0007, 0.0011,  ..., 0.0073, 0.0013, 0.0035], device='cuda:0')]
DEBUG   [05-06 19:51:22] forward in Ensembler:
weighted predict
DEBUG   [05-06 19:51:22] forward in Ensembler:
[tensor([[1.7301e-06, 5.1764e-05, 1.6178e-05,  ..., 5.2464e-06, 1.5540e-05,
         2.8851e-05],
        [7.1207e-07, 3.8011e-06, 3.2586e-06,  ..., 3.1574e-06, 7.1334e-06,
         2.1534e-05],
        [1.1345e-06, 9.8510e-06, 5.9298e-06,  ..., 1.8144e-06, 5.8791e-06,
         5.4389e-06],
        ...,
        [8.7680e-08, 8.2739e-08, 6.9124e-07,  ..., 1.6587e-07, 2.9111e-05,
         3.9906e-07],
        [6.4145e-07, 9.2865e-05, 7.6888e-06,  ..., 1.4383e-05, 2.1553e-05,
         7.1400e-06],
        [4.6398e-06, 1.5992e-05, 2.8203e-05,  ..., 6.3106e-06, 2.4847e-06,
         3.7934e-05]], device='cuda:0'), tensor([[9.8584e-07, 3.2813e-05, 9.5888e-06,  ..., 7.7219e-06, 1.7791e-05,
         3.6467e-05],
        [1.2381e-06, 4.6230e-06, 6.5109e-06,  ..., 3.9785e-06, 7.5978e-06,
         2.6142e-05],
        [8.1638e-07, 1.3483e-05, 4.0437e-06,  ..., 1.4070e-06, 3.7466e-06,
         1.1818e-05],
        ...,
        [6.8144e-07, 7.6369e-07, 1.4607e-05,  ..., 1.8735e-06, 1.0484e-05,
         3.5352e-06],
        [1.1614e-06, 1.0606e-04, 3.6134e-06,  ..., 2.0218e-05, 9.3849e-06,
         5.2247e-06],
        [2.8322e-06, 3.9188e-06, 3.9532e-05,  ..., 4.3558e-06, 2.9180e-06,
         4.1368e-05]], device='cuda:0')]
DEBUG   [05-06 19:51:22] forward in Ensembler:
final predict
DEBUG   [05-06 19:51:22] forward in Ensembler:
tensor([[2.7159e-06, 8.4578e-05, 2.5766e-05,  ..., 1.2968e-05, 3.3331e-05,
         6.5318e-05],
        [1.9502e-06, 8.4240e-06, 9.7696e-06,  ..., 7.1360e-06, 1.4731e-05,
         4.7677e-05],
        [1.9509e-06, 2.3334e-05, 9.9735e-06,  ..., 3.2214e-06, 9.6257e-06,
         1.7257e-05],
        ...,
        [7.6912e-07, 8.4643e-07, 1.5298e-05,  ..., 2.0394e-06, 3.9595e-05,
         3.9342e-06],
        [1.8029e-06, 1.9893e-04, 1.1302e-05,  ..., 3.4601e-05, 3.0938e-05,
         1.2365e-05],
        [7.4720e-06, 1.9911e-05, 6.7735e-05,  ..., 1.0666e-05, 5.4027e-06,
         7.9302e-05]], device='cuda:0')
DEBUG   [05-06 19:51:22] forward in Ensembler:
final confidence
DEBUG   [05-06 19:51:22] forward in Ensembler:
tensor([0.0006, 0.0007, 0.0010,  ..., 0.0141, 0.0011, 0.0020], device='cuda:0')
DEBUG   [05-06 19:51:24] forward in Ensembler:
raw predict
DEBUG   [05-06 19:51:24] forward in Ensembler:
[tensor([[1.8299e-06, 2.9827e-05, 4.3365e-05,  ..., 6.5194e-06, 5.0393e-05,
         5.4794e-05],
        [2.6589e-06, 1.0070e-04, 2.1336e-05,  ..., 4.7493e-05, 2.6131e-05,
         2.5247e-05],
        [1.6296e-06, 1.8544e-05, 1.9832e-05,  ..., 4.5520e-06, 1.1073e-05,
         6.1375e-05],
        ...,
        [5.9406e-06, 1.1744e-04, 4.7045e-05,  ..., 8.1703e-05, 7.9231e-05,
         1.1042e-05],
        [7.4236e-07, 9.4645e-06, 4.6999e-06,  ..., 2.7700e-06, 1.5996e-05,
         2.8916e-05],
        [2.5815e-06, 1.1714e-04, 2.1680e-05,  ..., 6.6424e-06, 2.8698e-05,
         4.5048e-05]], device='cuda:0'), tensor([[2.0052e-06, 5.3943e-05, 1.1527e-04,  ..., 2.4975e-06, 2.1820e-05,
         6.6886e-05],
        [2.4339e-06, 7.5765e-05, 1.9952e-05,  ..., 3.3467e-05, 2.2558e-05,
         1.1785e-05],
        [2.9841e-06, 2.1537e-05, 4.7646e-05,  ..., 9.7458e-06, 1.5712e-05,
         3.6963e-05],
        ...,
        [5.9917e-06, 1.2542e-04, 4.0700e-05,  ..., 1.8532e-04, 3.9417e-05,
         2.0209e-05],
        [1.4994e-06, 1.0390e-05, 5.6464e-06,  ..., 3.1375e-06, 1.0854e-05,
         2.4247e-05],
        [6.4611e-06, 8.8254e-05, 8.2665e-05,  ..., 1.6877e-05, 1.4781e-05,
         4.1769e-05]], device='cuda:0')]
DEBUG   [05-06 19:51:24] forward in Ensembler:
raw confidence
DEBUG   [05-06 19:51:24] forward in Ensembler:
[tensor([0.0003, 0.0013, 0.0008,  ..., 0.0006, 0.0009, 0.0005], device='cuda:0'), tensor([0.0007, 0.0011, 0.0005,  ..., 0.0006, 0.0012, 0.0004], device='cuda:0')]
DEBUG   [05-06 19:51:24] forward in Ensembler:
weighted predict
DEBUG   [05-06 19:51:24] forward in Ensembler:
[tensor([[9.1493e-07, 1.4914e-05, 2.1683e-05,  ..., 3.2597e-06, 2.5197e-05,
         2.7397e-05],
        [1.3295e-06, 5.0350e-05, 1.0668e-05,  ..., 2.3746e-05, 1.3066e-05,
         1.2624e-05],
        [8.1480e-07, 9.2718e-06, 9.9160e-06,  ..., 2.2760e-06, 5.5365e-06,
         3.0688e-05],
        ...,
        [2.9703e-06, 5.8720e-05, 2.3522e-05,  ..., 4.0851e-05, 3.9616e-05,
         5.5209e-06],
        [3.7118e-07, 4.7322e-06, 2.3500e-06,  ..., 1.3850e-06, 7.9979e-06,
         1.4458e-05],
        [1.2907e-06, 5.8571e-05, 1.0840e-05,  ..., 3.3212e-06, 1.4349e-05,
         2.2524e-05]], device='cuda:0'), tensor([[1.0026e-06, 2.6971e-05, 5.7633e-05,  ..., 1.2488e-06, 1.0910e-05,
         3.3443e-05],
        [1.2170e-06, 3.7883e-05, 9.9759e-06,  ..., 1.6734e-05, 1.1279e-05,
         5.8925e-06],
        [1.4921e-06, 1.0769e-05, 2.3823e-05,  ..., 4.8729e-06, 7.8560e-06,
         1.8481e-05],
        ...,
        [2.9959e-06, 6.2709e-05, 2.0350e-05,  ..., 9.2662e-05, 1.9708e-05,
         1.0105e-05],
        [7.4969e-07, 5.1952e-06, 2.8232e-06,  ..., 1.5687e-06, 5.4272e-06,
         1.2124e-05],
        [3.2305e-06, 4.4127e-05, 4.1332e-05,  ..., 8.4386e-06, 7.3906e-06,
         2.0885e-05]], device='cuda:0')]
DEBUG   [05-06 19:51:24] forward in Ensembler:
final predict
DEBUG   [05-06 19:51:24] forward in Ensembler:
tensor([[1.9175e-06, 4.1885e-05, 7.9316e-05,  ..., 4.5085e-06, 3.6106e-05,
         6.0840e-05],
        [2.5464e-06, 8.8233e-05, 2.0644e-05,  ..., 4.0480e-05, 2.4345e-05,
         1.8516e-05],
        [2.3069e-06, 2.0040e-05, 3.3739e-05,  ..., 7.1489e-06, 1.3393e-05,
         4.9169e-05],
        ...,
        [5.9662e-06, 1.2143e-04, 4.3872e-05,  ..., 1.3351e-04, 5.9324e-05,
         1.5625e-05],
        [1.1209e-06, 9.9274e-06, 5.1732e-06,  ..., 2.9537e-06, 1.3425e-05,
         2.6582e-05],
        [4.5213e-06, 1.0270e-04, 5.2172e-05,  ..., 1.1760e-05, 2.1740e-05,
         4.3408e-05]], device='cuda:0')
DEBUG   [05-06 19:51:24] forward in Ensembler:
final confidence
DEBUG   [05-06 19:51:24] forward in Ensembler:
tensor([0.0004, 0.0012, 0.0006,  ..., 0.0005, 0.0010, 0.0005], device='cuda:0')
DEBUG   [05-06 19:51:26] forward in Ensembler:
raw predict
DEBUG   [05-06 19:51:26] forward in Ensembler:
[tensor([[2.2491e-06, 2.5660e-05, 2.2363e-06,  ..., 1.5431e-05, 3.9635e-05,
         1.0063e-05],
        [3.0666e-07, 1.6902e-05, 3.6144e-06,  ..., 4.4141e-07, 8.8335e-06,
         1.8580e-05],
        [1.9884e-06, 2.8406e-05, 1.2505e-05,  ..., 1.7270e-05, 1.5452e-04,
         2.8359e-05],
        ...,
        [2.3474e-06, 4.2058e-05, 1.4172e-05,  ..., 9.6129e-05, 1.3858e-05,
         2.0750e-05],
        [3.9023e-06, 7.4223e-05, 1.8801e-05,  ..., 3.6747e-05, 2.9678e-05,
         3.1324e-05],
        [2.5001e-06, 1.6366e-05, 3.6636e-06,  ..., 6.2192e-06, 2.4178e-05,
         8.5992e-05]], device='cuda:0'), tensor([[3.2093e-06, 1.7192e-05, 6.9101e-06,  ..., 6.8164e-06, 2.0339e-05,
         2.7720e-05],
        [1.5674e-06, 1.1947e-05, 2.8710e-06,  ..., 4.2037e-06, 5.3098e-06,
         8.5089e-06],
        [2.6932e-06, 5.5617e-05, 2.4534e-05,  ..., 5.4107e-06, 1.1367e-04,
         4.2412e-05],
        ...,
        [2.7692e-06, 4.2008e-05, 1.8581e-05,  ..., 6.2412e-05, 1.3965e-05,
         2.4488e-05],
        [3.7436e-06, 1.0639e-04, 2.8719e-05,  ..., 3.6718e-05, 3.2527e-05,
         2.6440e-05],
        [2.7478e-06, 1.9426e-05, 5.3276e-06,  ..., 5.6454e-06, 1.7636e-05,
         7.7657e-05]], device='cuda:0')]
DEBUG   [05-06 19:51:26] forward in Ensembler:
raw confidence
DEBUG   [05-06 19:51:26] forward in Ensembler:
[tensor([0.0006, 0.0013, 0.0004,  ..., 0.0012, 0.0005, 0.0006], device='cuda:0'), tensor([0.0006, 0.0009, 0.0005,  ..., 0.0010, 0.0005, 0.0006], device='cuda:0')]
DEBUG   [05-06 19:51:26] forward in Ensembler:
weighted predict
DEBUG   [05-06 19:51:26] forward in Ensembler:
[tensor([[1.1246e-06, 1.2830e-05, 1.1182e-06,  ..., 7.7156e-06, 1.9817e-05,
         5.0313e-06],
        [1.5333e-07, 8.4512e-06, 1.8072e-06,  ..., 2.2071e-07, 4.4168e-06,
         9.2898e-06],
        [9.9420e-07, 1.4203e-05, 6.2527e-06,  ..., 8.6352e-06, 7.7259e-05,
         1.4180e-05],
        ...,
        [1.1737e-06, 2.1029e-05, 7.0860e-06,  ..., 4.8065e-05, 6.9290e-06,
         1.0375e-05],
        [1.9511e-06, 3.7112e-05, 9.4005e-06,  ..., 1.8374e-05, 1.4839e-05,
         1.5662e-05],
        [1.2501e-06, 8.1828e-06, 1.8318e-06,  ..., 3.1096e-06, 1.2089e-05,
         4.2996e-05]], device='cuda:0'), tensor([[1.6046e-06, 8.5958e-06, 3.4550e-06,  ..., 3.4082e-06, 1.0170e-05,
         1.3860e-05],
        [7.8372e-07, 5.9737e-06, 1.4355e-06,  ..., 2.1019e-06, 2.6549e-06,
         4.2544e-06],
        [1.3466e-06, 2.7808e-05, 1.2267e-05,  ..., 2.7054e-06, 5.6837e-05,
         2.1206e-05],
        ...,
        [1.3846e-06, 2.1004e-05, 9.2905e-06,  ..., 3.1206e-05, 6.9825e-06,
         1.2244e-05],
        [1.8718e-06, 5.3193e-05, 1.4359e-05,  ..., 1.8359e-05, 1.6263e-05,
         1.3220e-05],
        [1.3739e-06, 9.7129e-06, 2.6638e-06,  ..., 2.8227e-06, 8.8178e-06,
         3.8828e-05]], device='cuda:0')]
DEBUG   [05-06 19:51:26] forward in Ensembler:
final predict
DEBUG   [05-06 19:51:26] forward in Ensembler:
tensor([[2.7292e-06, 2.1426e-05, 4.5732e-06,  ..., 1.1124e-05, 2.9987e-05,
         1.8891e-05],
        [9.3705e-07, 1.4425e-05, 3.2427e-06,  ..., 2.3226e-06, 7.0717e-06,
         1.3544e-05],
        [2.3408e-06, 4.2011e-05, 1.8520e-05,  ..., 1.1341e-05, 1.3410e-04,
         3.5386e-05],
        ...,
        [2.5583e-06, 4.2033e-05, 1.6376e-05,  ..., 7.9271e-05, 1.3911e-05,
         2.2619e-05],
        [3.8230e-06, 9.0304e-05, 2.3760e-05,  ..., 3.6732e-05, 3.1103e-05,
         2.8882e-05],
        [2.6240e-06, 1.7896e-05, 4.4956e-06,  ..., 5.9323e-06, 2.0907e-05,
         8.1824e-05]], device='cuda:0')
DEBUG   [05-06 19:51:26] forward in Ensembler:
final confidence
DEBUG   [05-06 19:51:26] forward in Ensembler:
tensor([0.0006, 0.0010, 0.0004,  ..., 0.0011, 0.0005, 0.0006], device='cuda:0')
DEBUG   [05-06 19:51:28] forward in Ensembler:
raw predict
DEBUG   [05-06 19:51:28] forward in Ensembler:
[tensor([[2.6536e-06, 7.3180e-05, 1.2133e-05,  ..., 3.3473e-05, 1.7782e-05,
         1.3524e-05],
        [8.2847e-06, 7.7178e-05, 4.2515e-05,  ..., 4.5189e-05, 5.7798e-05,
         3.5187e-05],
        [4.4698e-07, 2.5150e-06, 1.6563e-06,  ..., 3.6481e-07, 8.4477e-06,
         6.8980e-05],
        ...,
        [1.9394e-06, 2.0093e-05, 3.7387e-06,  ..., 1.2920e-05, 8.3961e-06,
         2.7426e-05],
        [1.4727e-06, 2.5842e-06, 5.7703e-06,  ..., 1.2251e-05, 6.6239e-06,
         6.1684e-05],
        [6.1881e-06, 1.9486e-04, 1.4074e-05,  ..., 7.5673e-05, 9.9653e-06,
         1.2253e-05]], device='cuda:0'), tensor([[4.3064e-06, 4.7730e-05, 1.0475e-05,  ..., 4.0930e-05, 6.1389e-06,
         8.8001e-06],
        [3.5048e-06, 6.9010e-05, 4.8247e-05,  ..., 1.6459e-05, 3.7333e-05,
         4.7106e-05],
        [1.3417e-06, 7.7871e-06, 5.7896e-06,  ..., 2.8801e-06, 9.6491e-06,
         4.6678e-05],
        ...,
        [3.4473e-06, 2.5548e-05, 2.9811e-06,  ..., 2.6910e-05, 7.3742e-06,
         2.5632e-05],
        [2.2773e-06, 3.9787e-06, 1.3923e-05,  ..., 1.2651e-05, 5.8447e-06,
         4.1980e-05],
        [4.0164e-06, 1.2192e-04, 2.3738e-05,  ..., 3.3086e-05, 4.7748e-06,
         9.2446e-06]], device='cuda:0')]
DEBUG   [05-06 19:51:28] forward in Ensembler:
raw confidence
DEBUG   [05-06 19:51:28] forward in Ensembler:
[tensor([0.0015, 0.0008, 0.0023,  ..., 0.0006, 0.0009, 0.0042], device='cuda:0'), tensor([0.0018, 0.0006, 0.0020,  ..., 0.0007, 0.0009, 0.0015], device='cuda:0')]
DEBUG   [05-06 19:51:28] forward in Ensembler:
weighted predict
DEBUG   [05-06 19:51:28] forward in Ensembler:
[tensor([[1.3268e-06, 3.6590e-05, 6.0667e-06,  ..., 1.6736e-05, 8.8910e-06,
         6.7622e-06],
        [4.1423e-06, 3.8589e-05, 2.1258e-05,  ..., 2.2594e-05, 2.8899e-05,
         1.7593e-05],
        [2.2349e-07, 1.2575e-06, 8.2814e-07,  ..., 1.8240e-07, 4.2239e-06,
         3.4490e-05],
        ...,
        [9.6970e-07, 1.0046e-05, 1.8693e-06,  ..., 6.4599e-06, 4.1980e-06,
         1.3713e-05],
        [7.3634e-07, 1.2921e-06, 2.8851e-06,  ..., 6.1254e-06, 3.3119e-06,
         3.0842e-05],
        [3.0941e-06, 9.7432e-05, 7.0368e-06,  ..., 3.7837e-05, 4.9826e-06,
         6.1267e-06]], device='cuda:0'), tensor([[2.1532e-06, 2.3865e-05, 5.2376e-06,  ..., 2.0465e-05, 3.0695e-06,
         4.4001e-06],
        [1.7524e-06, 3.4505e-05, 2.4124e-05,  ..., 8.2293e-06, 1.8667e-05,
         2.3553e-05],
        [6.7087e-07, 3.8936e-06, 2.8948e-06,  ..., 1.4400e-06, 4.8245e-06,
         2.3339e-05],
        ...,
        [1.7237e-06, 1.2774e-05, 1.4906e-06,  ..., 1.3455e-05, 3.6871e-06,
         1.2816e-05],
        [1.1386e-06, 1.9894e-06, 6.9615e-06,  ..., 6.3257e-06, 2.9223e-06,
         2.0990e-05],
        [2.0082e-06, 6.0961e-05, 1.1869e-05,  ..., 1.6543e-05, 2.3874e-06,
         4.6223e-06]], device='cuda:0')]
DEBUG   [05-06 19:51:28] forward in Ensembler:
final predict
DEBUG   [05-06 19:51:28] forward in Ensembler:
tensor([[3.4800e-06, 6.0455e-05, 1.1304e-05,  ..., 3.7201e-05, 1.1960e-05,
         1.1162e-05],
        [5.8948e-06, 7.3094e-05, 4.5381e-05,  ..., 3.0824e-05, 4.7565e-05,
         4.1147e-05],
        [8.9436e-07, 5.1511e-06, 3.7229e-06,  ..., 1.6224e-06, 9.0484e-06,
         5.7829e-05],
        ...,
        [2.6934e-06, 2.2821e-05, 3.3599e-06,  ..., 1.9915e-05, 7.8851e-06,
         2.6529e-05],
        [1.8750e-06, 3.2815e-06, 9.8466e-06,  ..., 1.2451e-05, 6.2343e-06,
         5.1832e-05],
        [5.1022e-06, 1.5839e-04, 1.8906e-05,  ..., 5.4379e-05, 7.3700e-06,
         1.0749e-05]], device='cuda:0')
DEBUG   [05-06 19:51:28] forward in Ensembler:
final confidence
DEBUG   [05-06 19:51:28] forward in Ensembler:
tensor([0.0016, 0.0007, 0.0021,  ..., 0.0006, 0.0009, 0.0028], device='cuda:0')
DEBUG   [05-06 19:51:30] forward in Ensembler:
raw predict
DEBUG   [05-06 19:51:30] forward in Ensembler:
[tensor([[2.5170e-06, 1.7845e-05, 4.6318e-06,  ..., 2.6697e-06, 7.0815e-06,
         3.8627e-05],
        [2.7119e-06, 9.4019e-06, 4.0987e-06,  ..., 1.8365e-05, 2.9072e-05,
         9.7771e-05],
        [3.9596e-06, 2.0922e-05, 1.2743e-05,  ..., 3.6915e-06, 3.9403e-05,
         2.9528e-05],
        ...,
        [7.5983e-07, 3.5041e-05, 2.0938e-05,  ..., 3.4084e-05, 3.4153e-05,
         2.5437e-05],
        [6.6937e-07, 2.5398e-05, 4.0629e-05,  ..., 2.2848e-05, 1.6624e-05,
         2.6982e-05],
        [1.3965e-06, 2.6361e-06, 3.4654e-06,  ..., 9.6773e-06, 1.0383e-05,
         5.4213e-05]], device='cuda:0'), tensor([[3.4252e-06, 1.3101e-05, 5.5619e-06,  ..., 3.8567e-06, 5.5695e-06,
         2.8082e-05],
        [2.8148e-06, 1.5001e-05, 6.1460e-06,  ..., 1.0618e-05, 4.0534e-05,
         9.9445e-05],
        [5.8510e-06, 2.8052e-05, 1.4663e-06,  ..., 8.1945e-06, 1.4669e-05,
         1.7587e-05],
        ...,
        [1.1534e-06, 6.4053e-05, 2.7977e-05,  ..., 5.0366e-05, 2.6633e-05,
         2.9206e-05],
        [1.8897e-06, 4.3530e-05, 4.2373e-05,  ..., 4.5777e-05, 1.5246e-05,
         1.9383e-05],
        [1.8988e-06, 4.8275e-06, 6.4347e-06,  ..., 8.3226e-06, 6.1106e-06,
         6.7560e-05]], device='cuda:0')]
DEBUG   [05-06 19:51:30] forward in Ensembler:
raw confidence
DEBUG   [05-06 19:51:30] forward in Ensembler:
[tensor([0.0007, 0.0004, 0.0016,  ..., 0.0013, 0.0018, 0.0010], device='cuda:0'), tensor([0.0013, 0.0004, 0.0028,  ..., 0.0010, 0.0010, 0.0012], device='cuda:0')]
DEBUG   [05-06 19:51:30] forward in Ensembler:
weighted predict
DEBUG   [05-06 19:51:30] forward in Ensembler:
[tensor([[1.2585e-06, 8.9223e-06, 2.3159e-06,  ..., 1.3349e-06, 3.5408e-06,
         1.9314e-05],
        [1.3559e-06, 4.7010e-06, 2.0494e-06,  ..., 9.1823e-06, 1.4536e-05,
         4.8886e-05],
        [1.9798e-06, 1.0461e-05, 6.3717e-06,  ..., 1.8457e-06, 1.9701e-05,
         1.4764e-05],
        ...,
        [3.7992e-07, 1.7520e-05, 1.0469e-05,  ..., 1.7042e-05, 1.7076e-05,
         1.2719e-05],
        [3.3469e-07, 1.2699e-05, 2.0315e-05,  ..., 1.1424e-05, 8.3119e-06,
         1.3491e-05],
        [6.9827e-07, 1.3180e-06, 1.7327e-06,  ..., 4.8387e-06, 5.1917e-06,
         2.7106e-05]], device='cuda:0'), tensor([[1.7126e-06, 6.5503e-06, 2.7809e-06,  ..., 1.9283e-06, 2.7847e-06,
         1.4041e-05],
        [1.4074e-06, 7.5004e-06, 3.0730e-06,  ..., 5.3091e-06, 2.0267e-05,
         4.9722e-05],
        [2.9255e-06, 1.4026e-05, 7.3317e-07,  ..., 4.0972e-06, 7.3345e-06,
         8.7934e-06],
        ...,
        [5.7670e-07, 3.2027e-05, 1.3989e-05,  ..., 2.5183e-05, 1.3316e-05,
         1.4603e-05],
        [9.4487e-07, 2.1765e-05, 2.1186e-05,  ..., 2.2889e-05, 7.6230e-06,
         9.6914e-06],
        [9.4938e-07, 2.4137e-06, 3.2173e-06,  ..., 4.1613e-06, 3.0553e-06,
         3.3780e-05]], device='cuda:0')]
DEBUG   [05-06 19:51:30] forward in Ensembler:
final predict
DEBUG   [05-06 19:51:30] forward in Ensembler:
tensor([[2.9711e-06, 1.5473e-05, 5.0968e-06,  ..., 3.2632e-06, 6.3255e-06,
         3.3354e-05],
        [2.7633e-06, 1.2201e-05, 5.1223e-06,  ..., 1.4491e-05, 3.4803e-05,
         9.8608e-05],
        [4.9053e-06, 2.4487e-05, 7.1049e-06,  ..., 5.9430e-06, 2.7036e-05,
         2.3557e-05],
        ...,
        [9.5662e-07, 4.9547e-05, 2.4458e-05,  ..., 4.2225e-05, 3.0393e-05,
         2.7322e-05],
        [1.2796e-06, 3.4464e-05, 4.1501e-05,  ..., 3.4313e-05, 1.5935e-05,
         2.3182e-05],
        [1.6477e-06, 3.7318e-06, 4.9500e-06,  ..., 9.0000e-06, 8.2470e-06,
         6.0886e-05]], device='cuda:0')
DEBUG   [05-06 19:51:30] forward in Ensembler:
final confidence
DEBUG   [05-06 19:51:30] forward in Ensembler:
tensor([0.0009, 0.0004, 0.0022,  ..., 0.0011, 0.0014, 0.0011], device='cuda:0')
INFO    [05-06 19:52:00] test_mentor in DistillTrainer:
{'Recall@10': 0.10135126610596974, 'NDCG@10': 0.06013928832752364, 'MRR@10': 0.04762212222530728, 'Recall@5': 0.07005988629091353, 'NDCG@5': 0.050060132784502845, 'MRR@5': 0.04348533440913473, 'Recall*@10': 0.10491730982349032, 'NDCG*@10': 0.06337816250466165, 'MRR*@10': 0.050750418610516046, 'Recall*@5': 0.07396462559700012, 'NDCG*@5': 0.05341841990039462, 'MRR*@5': 0.04666820097537268}
INFO    [05-06 19:52:00] train in DistillTrainer:
result:
{'Recall@10': 0.10135126610596974, 'NDCG@10': 0.06013928832752364, 'MRR@10': 0.04762212222530728, 'Recall@5': 0.07005988629091353, 'NDCG@5': 0.050060132784502845, 'MRR@5': 0.04348533440913473, 'Recall*@10': 0.10491730982349032, 'NDCG*@10': 0.06337816250466165, 'MRR*@10': 0.050750418610516046, 'Recall*@5': 0.07396462559700012, 'NDCG*@5': 0.05341841990039462, 'MRR*@5': 0.04666820097537268}
INFO    [05-06 19:52:30] log in loggers:
Update Best NDCG@10 Model at 0
INFO    [05-06 19:52:31] validate in BasicTrainer:
{'Recall@10': 0.00038364955357142856, 'NDCG@10': 0.00017753013803268827, 'MRR@10': 0.00011628512203017072, 'Recall@5': 0.00018601190476190475, 'NDCG@5': 0.00011401937046598288, 'MRR@5': 9.029327875829214e-05, 'Recall*@10': 0.00042044471705421095, 'NDCG*@10': 0.00020086784380033524, 'MRR*@10': 0.000135551542847506, 'Recall*@5': 0.00021795727938990153, 'NDCG*@5': 0.00013632915354156423, 'MRR*@5': 0.00010946368621218772}
INFO    [05-06 19:52:31] train in BasicTrainer:
epoch: 0
DEBUG   [05-06 19:52:31] calculate_loss in loss:
soft_target max: 0.6236499547958374, argmax 36376619
DEBUG   [05-06 19:52:31] calculate_loss in loss:
pred max in softmax: 4.780572635354474e-05, argmax 63556626
INFO    [05-06 19:52:51] _train_one_epoch in BasicTrainer:
loss = 5.583973607149991
INFO    [05-06 19:53:24] log in loggers:
Update Best NDCG@10 Model at 0
INFO    [05-06 19:53:24] validate in BasicTrainer:
{'Recall@10': 0.015379085959423156, 'NDCG@10': 0.007609685439439047, 'MRR@10': 0.005255358748226648, 'Recall@5': 0.010022967699028197, 'NDCG@5': 0.005898120025882409, 'MRR@5': 0.004560687479430011, 'Recall*@10': 0.01427419168785924, 'NDCG*@10': 0.007129406401266654, 'MRR*@10': 0.004961516929879075, 'Recall*@5': 0.009358576654146114, 'NDCG*@5': 0.0055433721392459815, 'MRR*@5': 0.004308806931866067}
INFO    [05-06 19:53:24] train in BasicTrainer:
duration: 53.768646240234375s
INFO    [05-06 19:53:24] train in BasicTrainer:
epoch: 1
INFO    [05-06 19:53:43] _train_one_epoch in BasicTrainer:
loss = 5.3263440002094615
INFO    [05-06 19:54:22] log in loggers:
Update Best NDCG@10 Model at 1
INFO    [05-06 19:54:22] validate in BasicTrainer:
{'Recall@10': 0.01801064202473277, 'NDCG@10': 0.008913330179417417, 'MRR@10': 0.006180745516238468, 'Recall@5': 0.010906524246647245, 'NDCG@5': 0.006630502064667997, 'MRR@5': 0.005246931542864158, 'Recall*@10': 0.01707426742428825, 'NDCG*@10': 0.008155638795523416, 'MRR*@10': 0.005489170030202894, 'Recall*@5': 0.009868385846770945, 'NDCG*@5': 0.005829739018476435, 'MRR*@5': 0.004531635536945292}
INFO    [05-06 19:54:22] train in BasicTrainer:
duration: 58.030659675598145s
INFO    [05-06 19:54:22] train in BasicTrainer:
epoch: 2
INFO    [05-06 19:54:41] _train_one_epoch in BasicTrainer:
loss = 5.27595720724626
INFO    [05-06 19:55:13] log in loggers:
Update Best NDCG@10 Model at 2
INFO    [05-06 19:55:13] validate in BasicTrainer:
{'Recall@10': 0.025555749911637532, 'NDCG@10': 0.012344742016423316, 'MRR@10': 0.008385818850781237, 'Recall@5': 0.01425808836661634, 'NDCG@5': 0.008697702904187497, 'MRR@5': 0.006884706650106679, 'Recall*@10': 0.023739585652947426, 'NDCG*@10': 0.011451232646192824, 'MRR*@10': 0.00777882073695461, 'Recall*@5': 0.013074390545842193, 'NDCG*@5': 0.008018554543100652, 'MRR*@5': 0.0063719064374232574}
INFO    [05-06 19:55:13] train in BasicTrainer:
duration: 51.16466546058655s
INFO    [05-06 19:55:13] train in BasicTrainer:
epoch: 3
INFO    [05-06 19:55:32] _train_one_epoch in BasicTrainer:
loss = 5.1547670667821714
INFO    [05-06 19:56:11] log in loggers:
Update Best NDCG@10 Model at 3
INFO    [05-06 19:56:11] validate in BasicTrainer:
{'Recall@10': 0.037927118085679556, 'NDCG@10': 0.01877937532429184, 'MRR@10': 0.01305132523356449, 'Recall@5': 0.021742505864018484, 'NDCG@5': 0.013598046354239895, 'MRR@5': 0.010943385328920115, 'Recall*@10': 0.035609920819600425, 'NDCG*@10': 0.01766045999136709, 'MRR*@10': 0.012293108960702306, 'Recall*@5': 0.020379089972092992, 'NDCG*@5': 0.012775772694675695, 'MRR*@5': 0.010300344654491969}
INFO    [05-06 19:56:11] train in BasicTrainer:
duration: 57.73826622962952s
INFO    [05-06 19:56:11] train in BasicTrainer:
epoch: 4
INFO    [05-06 19:56:31] _train_one_epoch in BasicTrainer:
loss = 5.040188837051391
INFO    [05-06 19:57:11] log in loggers:
Update Best NDCG@10 Model at 4
INFO    [05-06 19:57:11] validate in BasicTrainer:
{'Recall@10': 0.04379733048734211, 'NDCG@10': 0.02194075534741084, 'MRR@10': 0.015378686067249094, 'Recall@5': 0.025810728115694865, 'NDCG@5': 0.016153749921137377, 'MRR@5': 0.013007322725440775, 'Recall*@10': 0.041664877640349526, 'NDCG*@10': 0.021094737751852898, 'MRR*@10': 0.01492467283138207, 'Recall*@5': 0.024860028887078875, 'NDCG*@5': 0.015712489063541096, 'MRR*@5': 0.01273353167233013}
INFO    [05-06 19:57:11] train in BasicTrainer:
duration: 59.93358087539673s
INFO    [05-06 19:57:11] train in BasicTrainer:
epoch: 5
INFO    [05-06 19:57:30] _train_one_epoch in BasicTrainer:
loss = 4.969566501270641
INFO    [05-06 19:58:09] log in loggers:
Update Best NDCG@10 Model at 5
INFO    [05-06 19:58:09] validate in BasicTrainer:
{'Recall@10': 0.04846418010337012, 'NDCG@10': 0.02421078174596741, 'MRR@10': 0.016950512526645548, 'Recall@5': 0.028086812368461063, 'NDCG@5': 0.017686392269319014, 'MRR@5': 0.014296230327870165, 'Recall*@10': 0.0466048511720839, 'NDCG*@10': 0.023433548531361988, 'MRR*@10': 0.01649791104275556, 'Recall*@5': 0.027147786869179635, 'NDCG*@5': 0.01721331432816528, 'MRR*@5': 0.013973005736867586}
INFO    [05-06 19:58:09] train in BasicTrainer:
duration: 57.85919904708862s
INFO    [05-06 19:58:09] train in BasicTrainer:
epoch: 6
INFO    [05-06 19:58:28] _train_one_epoch in BasicTrainer:
loss = 4.920129511573098
INFO    [05-06 19:59:08] log in loggers:
Update Best NDCG@10 Model at 6
INFO    [05-06 19:59:08] validate in BasicTrainer:
{'Recall@10': 0.05395566920439402, 'NDCG@10': 0.027156556646029156, 'MRR@10': 0.01909307266275088, 'Recall@5': 0.03264410403512773, 'NDCG@5': 0.020324999200446264, 'MRR@5': 0.01630869259436925, 'Recall*@10': 0.05228086099738166, 'NDCG*@10': 0.026512946578718367, 'MRR*@10': 0.018763526520203976, 'Recall*@5': 0.03172434227807181, 'NDCG*@5': 0.01993219984606618, 'MRR*@5': 0.016086014076357798}
INFO    [05-06 19:59:08] train in BasicTrainer:
duration: 59.346757650375366s
INFO    [05-06 19:59:08] train in BasicTrainer:
epoch: 7
INFO    [05-06 19:59:27] _train_one_epoch in BasicTrainer:
loss = 4.856508085944435
INFO    [05-06 19:59:58] log in loggers:
Update Best NDCG@10 Model at 7
INFO    [05-06 19:59:58] validate in BasicTrainer:
{'Recall@10': 0.05976775306321326, 'NDCG@10': 0.03066389440071015, 'MRR@10': 0.021872091240116527, 'Recall@5': 0.03739903335060392, 'NDCG@5': 0.02350143458516825, 'MRR@5': 0.018957418167874926, 'Recall*@10': 0.0584045471180053, 'NDCG*@10': 0.030306867368164517, 'MRR*@10': 0.021813320971670606, 'Recall*@5': 0.03690466879024392, 'NDCG*@5': 0.023422302545181344, 'MRR*@5': 0.019011551780360087}
INFO    [05-06 19:59:58] train in BasicTrainer:
duration: 49.54615521430969s
INFO    [05-06 19:59:58] train in BasicTrainer:
epoch: 8
INFO    [05-06 20:00:17] _train_one_epoch in BasicTrainer:
loss = 4.7941946419802575
INFO    [05-06 20:00:48] log in loggers:
Update Best NDCG@10 Model at 8
INFO    [05-06 20:00:48] validate in BasicTrainer:
{'Recall@10': 0.06436740979552269, 'NDCG@10': 0.03332645658935819, 'MRR@10': 0.023970343527339753, 'Recall@5': 0.03996753462013744, 'NDCG@5': 0.025506069440217244, 'MRR@5': 0.02078368452688058, 'Recall*@10': 0.06382987382156509, 'NDCG*@10': 0.033518972407494275, 'MRR*@10': 0.024383798330312685, 'Recall*@5': 0.04004446576748576, 'NDCG*@5': 0.02590132025735719, 'MRR*@5': 0.021283113974190894}
INFO    [05-06 20:00:48] train in BasicTrainer:
duration: 50.49838447570801s
INFO    [05-06 20:00:48] train in BasicTrainer:
epoch: 9
DEBUG   [05-06 20:00:51] calculate_loss in loss:
soft_target max: 0.5706565380096436, argmax 10506095
DEBUG   [05-06 20:00:51] calculate_loss in loss:
pred max in softmax: 0.28999823331832886, argmax 77926039
DEBUG   [05-06 20:00:52] calculate_loss in loss:
soft_target max: 0.596434473991394, argmax 31811708
DEBUG   [05-06 20:00:52] calculate_loss in loss:
pred max in softmax: 0.20227490365505219, argmax 71555561
INFO    [05-06 20:01:08] _train_one_epoch in BasicTrainer:
loss = 4.745037763768976
INFO    [05-06 20:01:40] log in loggers:
Update Best NDCG@10 Model at 9
INFO    [05-06 20:01:40] validate in BasicTrainer:
{'Recall@10': 0.06948845159439813, 'NDCG@10': 0.036192840053921656, 'MRR@10': 0.026173137926629612, 'Recall@5': 0.042831605566399436, 'NDCG@5': 0.027651807470690636, 'MRR@5': 0.022694874909662065, 'Recall*@10': 0.06873388446512677, 'NDCG*@10': 0.03612205439380237, 'MRR*@10': 0.026299826534731046, 'Recall*@5': 0.04245704208456334, 'NDCG*@5': 0.027692053067897047, 'MRR*@5': 0.02286052464374474}
INFO    [05-06 20:01:40] train in BasicTrainer:
duration: 51.88069176673889s
INFO    [05-06 20:01:40] train in BasicTrainer:
epoch: 10
INFO    [05-06 20:02:00] _train_one_epoch in BasicTrainer:
loss = 4.711384677886963
INFO    [05-06 20:02:40] log in loggers:
Update Best NDCG@10 Model at 10
INFO    [05-06 20:02:41] validate in BasicTrainer:
{'Recall@10': 0.07273282217127937, 'NDCG@10': 0.0379946707260041, 'MRR@10': 0.02754743956029415, 'Recall@5': 0.044211719362508686, 'NDCG@5': 0.028819021281032337, 'MRR@5': 0.023788965528919584, 'Recall*@10': 0.07232892016569774, 'NDCG*@10': 0.03826965639988581, 'MRR*@10': 0.02802820477102484, 'Recall*@5': 0.04441014535370327, 'NDCG*@5': 0.029307384753511065, 'MRR*@5': 0.024368531292393095}
INFO    [05-06 20:02:41] train in BasicTrainer:
duration: 60.44063210487366s
INFO    [05-06 20:02:41] train in BasicTrainer:
epoch: 11
INFO    [05-06 20:03:00] _train_one_epoch in BasicTrainer:
loss = 4.686969258568504
INFO    [05-06 20:03:32] log in loggers:
Update Best NDCG@10 Model at 11
INFO    [05-06 20:03:32] validate in BasicTrainer:
{'Recall@10': 0.07317046253454118, 'NDCG@10': 0.03897827792735327, 'MRR@10': 0.028655752983121646, 'Recall@5': 0.04658415931321326, 'NDCG@5': 0.030431337654590607, 'MRR@5': 0.02515747043348494, 'Recall*@10': 0.0726969831046604, 'NDCG*@10': 0.03944175814588865, 'MRR*@10': 0.029379460694534437, 'Recall*@5': 0.04702825968464216, 'NDCG*@5': 0.031179828924082574, 'MRR*@5': 0.025992340009127344}
INFO    [05-06 20:03:32] train in BasicTrainer:
duration: 51.22956562042236s
INFO    [05-06 20:03:32] train in BasicTrainer:
epoch: 12
INFO    [05-06 20:03:53] _train_one_epoch in BasicTrainer:
loss = 4.665204325589267
INFO    [05-06 20:04:24] log in loggers:
Update Best NDCG@10 Model at 12
INFO    [05-06 20:04:24] validate in BasicTrainer:
{'Recall@10': 0.0765419283083507, 'NDCG@10': 0.03991045660915829, 'MRR@10': 0.028877666042674156, 'Recall@5': 0.04709825363187563, 'NDCG@5': 0.030462936631270816, 'MRR@5': 0.025021264728690897, 'Recall*@10': 0.07655052450441178, 'NDCG*@10': 0.04029837374885877, 'MRR*@10': 0.02936296679434322, 'Recall*@5': 0.047866771795919964, 'NDCG*@5': 0.031104032571117084, 'MRR*@5': 0.025615602643007322}
INFO    [05-06 20:04:24] train in BasicTrainer:
duration: 52.344937324523926s
INFO    [05-06 20:04:24] train in BasicTrainer:
epoch: 13
INFO    [05-06 20:04:44] _train_one_epoch in BasicTrainer:
loss = 4.646097725087946
INFO    [05-06 20:05:15] log in loggers:
Update Best NDCG@10 Model at 13
INFO    [05-06 20:05:16] validate in BasicTrainer:
{'Recall@10': 0.07735573039168403, 'NDCG@10': 0.041112102035965235, 'MRR@10': 0.03017463410894076, 'Recall@5': 0.04902891530877068, 'NDCG@5': 0.03199990111447516, 'MRR@5': 0.026442742329977807, 'Recall*@10': 0.07783972542910349, 'NDCG*@10': 0.04199865921622231, 'MRR*@10': 0.031172344727175578, 'Recall*@5': 0.05006073911984762, 'NDCG*@5': 0.033080735022113436, 'MRR*@5': 0.02753057818682421}
INFO    [05-06 20:05:16] train in BasicTrainer:
duration: 51.2184419631958s
INFO    [05-06 20:05:16] train in BasicTrainer:
epoch: 14
INFO    [05-06 20:05:34] _train_one_epoch in BasicTrainer:
loss = 4.6273777528242634
INFO    [05-06 20:06:05] log in loggers:
Update Best NDCG@10 Model at 14
INFO    [05-06 20:06:06] validate in BasicTrainer:
{'Recall@10': 0.07850667905239832, 'NDCG@10': 0.04218925571157819, 'MRR@10': 0.03121247887611389, 'Recall@5': 0.04991995968988964, 'NDCG@5': 0.032963842508338746, 'MRR@5': 0.02741606001343046, 'Recall*@10': 0.0784532395856721, 'NDCG*@10': 0.0425481168287141, 'MRR*@10': 0.03167125059380418, 'Recall*@5': 0.050781041383743286, 'NDCG*@5': 0.033614744299224446, 'MRR*@5': 0.02799326562810512}
INFO    [05-06 20:06:06] train in BasicTrainer:
duration: 50.01337742805481s
INFO    [05-06 20:06:06] train in BasicTrainer:
epoch: 15
INFO    [05-06 20:06:25] _train_one_epoch in BasicTrainer:
loss = 4.606217102570967
INFO    [05-06 20:07:03] log in loggers:
Update Best NDCG@10 Model at 15
INFO    [05-06 20:07:04] validate in BasicTrainer:
{'Recall@10': 0.0797813729870887, 'NDCG@10': 0.043113221370038535, 'MRR@10': 0.03203305868165834, 'Recall@5': 0.051295935398056394, 'NDCG@5': 0.03395260187486807, 'MRR@5': 0.028282335560236658, 'Recall*@10': 0.08015212913354237, 'NDCG*@10': 0.04382047500638735, 'MRR*@10': 0.032824041765360606, 'Recall*@5': 0.05228719487786293, 'NDCG*@5': 0.03485957329117116, 'MRR*@5': 0.02915462620911144}
INFO    [05-06 20:07:04] train in BasicTrainer:
duration: 58.046433448791504s
INFO    [05-06 20:07:04] train in BasicTrainer:
epoch: 16
INFO    [05-06 20:07:22] _train_one_epoch in BasicTrainer:
loss = 4.584397012537176
INFO    [05-06 20:07:53] log in loggers:
Update Best NDCG@10 Model at 16
INFO    [05-06 20:07:53] validate in BasicTrainer:
{'Recall@10': 0.08305727122795015, 'NDCG@10': 0.044657533367474876, 'MRR@10': 0.03305748291313648, 'Recall@5': 0.05297753037441345, 'NDCG@5': 0.03499723287920157, 'MRR@5': 0.02910927097712244, 'Recall*@10': 0.08336642171655383, 'NDCG*@10': 0.04540920151131494, 'MRR*@10': 0.03393152817374184, 'Recall*@5': 0.053791494241782596, 'NDCG*@5': 0.03591096658437025, 'MRR*@5': 0.030050020753627733}
INFO    [05-06 20:07:53] train in BasicTrainer:
duration: 49.590394496917725s
INFO    [05-06 20:07:53] train in BasicTrainer:
epoch: 17
INFO    [05-06 20:08:13] _train_one_epoch in BasicTrainer:
loss = 4.562512402100997
INFO    [05-06 20:08:44] log in loggers:
Update Best NDCG@10 Model at 17
INFO    [05-06 20:08:45] validate in BasicTrainer:
{'Recall@10': 0.08351737473692213, 'NDCG@10': 0.04571564406866119, 'MRR@10': 0.03428199585704576, 'Recall@5': 0.05348492520196097, 'NDCG@5': 0.03602754679464158, 'MRR@5': 0.030297208488697096, 'Recall*@10': 0.08420192379327048, 'NDCG*@10': 0.04664671669403712, 'MRR*@10': 0.03527790689397426, 'Recall*@5': 0.05472563490981147, 'NDCG*@5': 0.03715380165903341, 'MRR*@5': 0.03138243540057114}
INFO    [05-06 20:08:45] train in BasicTrainer:
duration: 51.395772218704224s
INFO    [05-06 20:08:45] train in BasicTrainer:
epoch: 18
DEBUG   [05-06 20:08:48] calculate_loss in loss:
soft_target max: 0.5499692559242249, argmax 48179478
DEBUG   [05-06 20:08:48] calculate_loss in loss:
pred max in softmax: 0.44951674342155457, argmax 36144235
DEBUG   [05-06 20:08:48] calculate_loss in loss:
soft_target max: 0.6893472075462341, argmax 80928136
DEBUG   [05-06 20:08:48] calculate_loss in loss:
pred max in softmax: 0.4285772144794464, argmax 18243929
INFO    [05-06 20:09:04] _train_one_epoch in BasicTrainer:
loss = 4.5418148907748135
INFO    [05-06 20:09:35] log in loggers:
Update Best NDCG@10 Model at 18
INFO    [05-06 20:09:35] validate in BasicTrainer:
{'Recall@10': 0.08612232974597386, 'NDCG@10': 0.047321827993506475, 'MRR@10': 0.035581090088401525, 'Recall@5': 0.05641618903194155, 'NDCG@5': 0.03777926024936494, 'MRR@5': 0.03167900363249438, 'Recall*@10': 0.087073843394007, 'NDCG*@10': 0.04826309727061363, 'MRR*@10': 0.03651221220691999, 'Recall*@5': 0.05775800400546619, 'NDCG*@5': 0.03884742231596084, 'MRR*@5': 0.032663353940560705}
INFO    [05-06 20:09:35] train in BasicTrainer:
duration: 50.20644974708557s
INFO    [05-06 20:09:35] train in BasicTrainer:
epoch: 19
INFO    [05-06 20:09:55] _train_one_epoch in BasicTrainer:
loss = 4.521230905706232
INFO    [05-06 20:10:26] log in loggers:
Update Best NDCG@10 Model at 19
INFO    [05-06 20:10:26] validate in BasicTrainer:
{'Recall@10': 0.08869240716809318, 'NDCG@10': 0.04875420566116061, 'MRR@10': 0.036680190690926144, 'Recall@5': 0.05773738594282241, 'NDCG@5': 0.03882459231785366, 'MRR@5': 0.032629171829848064, 'Recall*@10': 0.0893434247090703, 'NDCG*@10': 0.049717126857666744, 'MRR*@10': 0.03773472458124161, 'Recall*@5': 0.05868233633892877, 'NDCG*@5': 0.039887835936886926, 'MRR*@5': 0.03372811180140291}
INFO    [05-06 20:10:26] train in BasicTrainer:
duration: 51.473695278167725s
INFO    [05-06 20:10:26] train in BasicTrainer:
epoch: 20
INFO    [05-06 20:10:45] _train_one_epoch in BasicTrainer:
loss = 4.503633858940818
INFO    [05-06 20:11:21] validate in BasicTrainer:
{'Recall@10': 0.08845910429954529, 'NDCG@10': 0.0485914551786014, 'MRR@10': 0.0365324905585675, 'Recall@5': 0.05792260950519925, 'NDCG@5': 0.038789065998224986, 'MRR@5': 0.03252835616114594, 'Recall*@10': 0.0894228723787126, 'NDCG*@10': 0.04963131798874764, 'MRR*@10': 0.03758713620759192, 'Recall*@5': 0.05926928101550965, 'NDCG*@5': 0.039975885124433605, 'MRR*@5': 0.03365765645035675}
INFO    [05-06 20:11:21] train in BasicTrainer:
duration: 55.20304584503174s
INFO    [05-06 20:11:21] train in BasicTrainer:
epoch: 21
INFO    [05-06 20:11:41] _train_one_epoch in BasicTrainer:
loss = 4.486101826754483
INFO    [05-06 20:12:21] log in loggers:
Update Best NDCG@10 Model at 21
INFO    [05-06 20:12:21] validate in BasicTrainer:
{'Recall@10': 0.09046956967739832, 'NDCG@10': 0.04993324584904171, 'MRR@10': 0.03767594943443934, 'Recall@5': 0.05928360990115574, 'NDCG@5': 0.03993024109374909, 'MRR@5': 0.03359503157082058, 'Recall*@10': 0.09071611471119381, 'NDCG*@10': 0.050513968403850286, 'MRR*@10': 0.038357049670247806, 'Recall*@5': 0.05968383912529264, 'NDCG*@5': 0.04056024223211266, 'MRR*@5': 0.034295844623730296}
INFO    [05-06 20:12:21] train in BasicTrainer:
duration: 59.277241468429565s
INFO    [05-06 20:12:21] train in BasicTrainer:
epoch: 22
INFO    [05-06 20:12:40] _train_one_epoch in BasicTrainer:
loss = 4.469116536053744
INFO    [05-06 20:13:11] log in loggers:
Update Best NDCG@10 Model at 22
INFO    [05-06 20:13:11] validate in BasicTrainer:
{'Recall@10': 0.09166780965668815, 'NDCG@10': 0.05087689061959585, 'MRR@10': 0.038537527124087013, 'Recall@5': 0.06034904026559421, 'NDCG@5': 0.040836148673579806, 'MRR@5': 0.03444380295418557, 'Recall*@10': 0.09213069613490786, 'NDCG*@10': 0.05175924797852834, 'MRR*@10': 0.03955298449311938, 'Recall*@5': 0.0609785591562589, 'NDCG*@5': 0.04179505799852666, 'MRR*@5': 0.035504067494046124}
INFO    [05-06 20:13:11] train in BasicTrainer:
duration: 50.286763429641724s
INFO    [05-06 20:13:11] train in BasicTrainer:
epoch: 23
INFO    [05-06 20:13:31] _train_one_epoch in BasicTrainer:
loss = 4.454285634647716
INFO    [05-06 20:14:03] log in loggers:
Update Best NDCG@10 Model at 23
INFO    [05-06 20:14:03] validate in BasicTrainer:
{'Recall@10': 0.09256299194835481, 'NDCG@10': 0.051513554262263436, 'MRR@10': 0.039091501562368305, 'Recall@5': 0.0611395908608323, 'NDCG@5': 0.04145139615450587, 'MRR@5': 0.034997050339976944, 'Recall*@10': 0.09267752936908177, 'NDCG*@10': 0.0520852937230042, 'MRR*@10': 0.039774910147700994, 'Recall*@5': 0.06212461189854713, 'NDCG*@5': 0.04230547554436184, 'MRR*@5': 0.03579767988551231}
INFO    [05-06 20:14:03] train in BasicTrainer:
duration: 51.89439129829407s
INFO    [05-06 20:14:03] train in BasicTrainer:
epoch: 24
INFO    [05-06 20:14:22] _train_one_epoch in BasicTrainer:
loss = 4.440856443751942
INFO    [05-06 20:14:52] log in loggers:
Update Best NDCG@10 Model at 24
INFO    [05-06 20:14:53] validate in BasicTrainer:
{'Recall@10': 0.09287196078470775, 'NDCG@10': 0.05184346011706761, 'MRR@10': 0.03941895865968296, 'Recall@5': 0.06098766802322297, 'NDCG@5': 0.0415665963221164, 'MRR@5': 0.03519710880659875, 'Recall*@10': 0.09311296045780182, 'NDCG*@10': 0.05262897411982218, 'MRR*@10': 0.040332334648285596, 'Recall*@5': 0.06255043244787625, 'NDCG*@5': 0.04276830960242521, 'MRR*@5': 0.03627570665308407}
INFO    [05-06 20:14:53] train in BasicTrainer:
duration: 49.648730754852295s
INFO    [05-06 20:14:53] train in BasicTrainer:
epoch: 25
INFO    [05-06 20:15:12] _train_one_epoch in BasicTrainer:
loss = 4.427431553060358
INFO    [05-06 20:15:43] log in loggers:
Update Best NDCG@10 Model at 25
INFO    [05-06 20:15:43] validate in BasicTrainer:
{'Recall@10': 0.09484991360278357, 'NDCG@10': 0.05290597836886134, 'MRR@10': 0.040224245261578334, 'Recall@5': 0.06201152166440373, 'NDCG@5': 0.04235287702509335, 'MRR@5': 0.03590783512308484, 'Recall*@10': 0.09539231693460828, 'NDCG*@10': 0.053722674470572246, 'MRR*@10': 0.04110840708017349, 'Recall*@5': 0.06289533845015935, 'NDCG*@5': 0.04328658981692223, 'MRR*@5': 0.03684343637100288}
INFO    [05-06 20:15:43] train in BasicTrainer:
duration: 50.3077073097229s
INFO    [05-06 20:15:43] train in BasicTrainer:
epoch: 26
INFO    [05-06 20:16:02] _train_one_epoch in BasicTrainer:
loss = 4.414615865187211
INFO    [05-06 20:16:35] log in loggers:
Update Best NDCG@10 Model at 26
INFO    [05-06 20:16:35] validate in BasicTrainer:
{'Recall@10': 0.09491887972468421, 'NDCG@10': 0.05323407515173867, 'MRR@10': 0.04059152500260444, 'Recall@5': 0.0633526203178224, 'NDCG@5': 0.04310243310672896, 'MRR@5': 0.03645413040760018, 'Recall*@10': 0.09559493369999386, 'NDCG*@10': 0.05409693966309229, 'MRR*@10': 0.04150095528789929, 'Recall*@5': 0.06473902346832412, 'NDCG*@5': 0.044214947237854914, 'MRR*@5': 0.03747806361033803}
INFO    [05-06 20:16:35] train in BasicTrainer:
duration: 51.87074518203735s
INFO    [05-06 20:16:35] train in BasicTrainer:
epoch: 27
DEBUG   [05-06 20:16:41] calculate_loss in loss:
soft_target max: 0.5772829055786133, argmax 64225600
DEBUG   [05-06 20:16:41] calculate_loss in loss:
pred max in softmax: 0.5241559743881226, argmax 37048353
DEBUG   [05-06 20:16:41] calculate_loss in loss:
soft_target max: 0.6323728561401367, argmax 7045664
DEBUG   [05-06 20:16:41] calculate_loss in loss:
pred max in softmax: 0.8057084083557129, argmax 72617599
INFO    [05-06 20:16:55] _train_one_epoch in BasicTrainer:
loss = 4.40203428701921
INFO    [05-06 20:17:26] log in loggers:
Update Best NDCG@10 Model at 27
INFO    [05-06 20:17:26] validate in BasicTrainer:
{'Recall@10': 0.09443394839763641, 'NDCG@10': 0.053391926522765844, 'MRR@10': 0.040941638073750904, 'Recall@5': 0.06346808941591353, 'NDCG@5': 0.04346110281490144, 'MRR@5': 0.0368912425779161, 'Recall*@10': 0.0952070706657001, 'NDCG*@10': 0.05451811211449759, 'MRR*@10': 0.0421546735756454, 'Recall*@5': 0.06476800551726705, 'NDCG*@5': 0.04475114893700395, 'MRR*@5': 0.03816763400321915}
INFO    [05-06 20:17:26] train in BasicTrainer:
duration: 51.07634735107422s
INFO    [05-06 20:17:26] train in BasicTrainer:
epoch: 28
INFO    [05-06 20:17:45] _train_one_epoch in BasicTrainer:
loss = 4.390306537801569
INFO    [05-06 20:18:25] log in loggers:
Update Best NDCG@10 Model at 28
INFO    [05-06 20:18:25] validate in BasicTrainer:
{'Recall@10': 0.09543868863866442, 'NDCG@10': 0.05424786607424418, 'MRR@10': 0.04176761777628036, 'Recall@5': 0.06399952389654659, 'NDCG@5': 0.04415980761959439, 'MRR@5': 0.03765043882387025, 'Recall*@10': 0.09634237026884443, 'NDCG*@10': 0.05532184030328478, 'MRR*@10': 0.04288889787026814, 'Recall*@5': 0.06510877183505467, 'NDCG*@5': 0.045306614289681114, 'MRR*@5': 0.03880551563841956}
INFO    [05-06 20:18:25] train in BasicTrainer:
duration: 59.548892974853516s
INFO    [05-06 20:18:25] train in BasicTrainer:
epoch: 29
INFO    [05-06 20:18:44] _train_one_epoch in BasicTrainer:
loss = 4.380047416687011
INFO    [05-06 20:19:18] log in loggers:
Update Best NDCG@10 Model at 29
INFO    [05-06 20:19:18] validate in BasicTrainer:
{'Recall@10': 0.09608145412944612, 'NDCG@10': 0.05476462752336547, 'MRR@10': 0.04223714822104999, 'Recall@5': 0.06531737106187004, 'NDCG@5': 0.04491415336018517, 'MRR@5': 0.0382280975935005, 'Recall*@10': 0.0970652216956729, 'NDCG*@10': 0.055800934987408776, 'MRR*@10': 0.04328880707422892, 'Recall*@5': 0.0660891089411009, 'NDCG*@5': 0.045878340623208454, 'MRR*@5': 0.03924790352937721}
INFO    [05-06 20:19:18] train in BasicTrainer:
duration: 52.48933291435242s
INFO    [05-06 20:19:18] train in BasicTrainer:
epoch: 30
INFO    [05-06 20:19:38] _train_one_epoch in BasicTrainer:
loss = 4.369366147301414
INFO    [05-06 20:20:16] log in loggers:
Update Best NDCG@10 Model at 30
INFO    [05-06 20:20:16] validate in BasicTrainer:
{'Recall@10': 0.09777132528168815, 'NDCG@10': 0.0554468035697937, 'MRR@10': 0.04263434860677946, 'Recall@5': 0.06512722106916564, 'NDCG@5': 0.04497172967309043, 'MRR@5': 0.038359465166216807, 'Recall*@10': 0.09847343322776612, 'NDCG*@10': 0.056391101685308274, 'MRR*@10': 0.04363847967414629, 'Recall*@5': 0.06616862455294245, 'NDCG*@5': 0.0460129775816486, 'MRR*@5': 0.03939593343862465}
INFO    [05-06 20:20:16] train in BasicTrainer:
duration: 57.97630190849304s
INFO    [05-06 20:20:16] train in BasicTrainer:
epoch: 31
INFO    [05-06 20:20:35] _train_one_epoch in BasicTrainer:
loss = 4.358284958926114
INFO    [05-06 20:21:07] validate in BasicTrainer:
{'Recall@10': 0.09817487640040261, 'NDCG@10': 0.05543681216381845, 'MRR@10': 0.04247254009048144, 'Recall@5': 0.06660447872820355, 'NDCG@5': 0.04531415232590267, 'MRR@5': 0.03834554322418712, 'Recall*@10': 0.09882832992644537, 'NDCG*@10': 0.05649043424498467, 'MRR*@10': 0.04363647218616236, 'Recall*@5': 0.06792440797601428, 'NDCG*@5': 0.046590550669601986, 'MRR*@5': 0.03960522042498702}
INFO    [05-06 20:21:07] train in BasicTrainer:
duration: 50.67389512062073s
INFO    [05-06 20:21:07] train in BasicTrainer:
epoch: 32
INFO    [05-06 20:21:25] _train_one_epoch in BasicTrainer:
loss = 4.347962630878795
INFO    [05-06 20:22:00] log in loggers:
Update Best NDCG@10 Model at 32
INFO    [05-06 20:22:00] validate in BasicTrainer:
{'Recall@10': 0.09805448104937871, 'NDCG@10': 0.055916936979407354, 'MRR@10': 0.043126873849403294, 'Recall@5': 0.06660782865115575, 'NDCG@5': 0.04580711537883395, 'MRR@5': 0.03898946461933, 'Recall*@10': 0.09911553242376872, 'NDCG*@10': 0.05685276910662651, 'MRR*@10': 0.044016998793397634, 'Recall*@5': 0.0677707168672766, 'NDCG*@5': 0.04678418576007798, 'MRR*@5': 0.039901774820117725}
INFO    [05-06 20:22:00] train in BasicTrainer:
duration: 53.79419469833374s
INFO    [05-06 20:22:00] train in BasicTrainer:
epoch: 33
INFO    [05-06 20:22:19] _train_one_epoch in BasicTrainer:
loss = 4.3393470287323
INFO    [05-06 20:22:58] log in loggers:
Update Best NDCG@10 Model at 33
INFO    [05-06 20:22:58] validate in BasicTrainer:
{'Recall@10': 0.0998929249388831, 'NDCG@10': 0.056754235533021745, 'MRR@10': 0.04367161045471827, 'Recall@5': 0.06777532930885043, 'NDCG@5': 0.04644701363784926, 'MRR@5': 0.0394639599890936, 'Recall*@10': 0.10075640430053075, 'NDCG*@10': 0.05780240875624475, 'MRR*@10': 0.04475826415277663, 'Recall*@5': 0.06916527769395284, 'NDCG*@5': 0.047654997734796437, 'MRR*@5': 0.04061066004491988}
INFO    [05-06 20:22:58] train in BasicTrainer:
duration: 57.512943744659424s
INFO    [05-06 20:22:58] train in BasicTrainer:
epoch: 34
INFO    [05-06 20:23:18] _train_one_epoch in BasicTrainer:
loss = 4.330884872783314
INFO    [05-06 20:23:52] validate in BasicTrainer:
{'Recall@10': 0.09922533127523604, 'NDCG@10': 0.05670777406720888, 'MRR@10': 0.04381248337172326, 'Recall@5': 0.06770892441272736, 'NDCG@5': 0.04660693680246671, 'MRR@5': 0.039697381002562385, 'Recall*@10': 0.0997931556332679, 'NDCG*@10': 0.057595527243046535, 'MRR*@10': 0.04477658424349058, 'Recall*@5': 0.06891508116608575, 'NDCG*@5': 0.047704562899612245, 'MRR*@5': 0.04074971830206258}
INFO    [05-06 20:23:52] train in BasicTrainer:
duration: 54.26648283004761s
INFO    [05-06 20:23:52] train in BasicTrainer:
epoch: 35
INFO    [05-06 20:24:10] _train_one_epoch in BasicTrainer:
loss = 4.32055083621632
INFO    [05-06 20:24:49] log in loggers:
Update Best NDCG@10 Model at 35
INFO    [05-06 20:24:49] validate in BasicTrainer:
{'Recall@10': 0.10038376776945024, 'NDCG@10': 0.05758065659375418, 'MRR@10': 0.0445945608828749, 'Recall@5': 0.0681075496332986, 'NDCG@5': 0.047210585503351124, 'MRR@5': 0.040354278470788686, 'Recall*@10': 0.10136755236557551, 'NDCG*@10': 0.058670081375610264, 'MRR*@10': 0.04570854641497135, 'Recall*@5': 0.06944408995055017, 'NDCG*@5': 0.048423013428137415, 'MRR*@5': 0.04152426442929676}
INFO    [05-06 20:24:50] train in BasicTrainer:
duration: 57.41219997406006s
INFO    [05-06 20:24:50] train in BasicTrainer:
epoch: 36
DEBUG   [05-06 20:24:58] calculate_loss in loss:
soft_target max: 0.8391575813293457, argmax 26014193
DEBUG   [05-06 20:24:58] calculate_loss in loss:
pred max in softmax: 0.8613271117210388, argmax 1492160
DEBUG   [05-06 20:24:58] calculate_loss in loss:
soft_target max: 0.5933683514595032, argmax 34001044
DEBUG   [05-06 20:24:58] calculate_loss in loss:
pred max in softmax: 0.6961382627487183, argmax 7879656
INFO    [05-06 20:25:09] _train_one_epoch in BasicTrainer:
loss = 4.312554212050005
INFO    [05-06 20:25:41] log in loggers:
Update Best NDCG@10 Model at 36
INFO    [05-06 20:25:41] validate in BasicTrainer:
{'Recall@10': 0.10086042327540261, 'NDCG@10': 0.05780815883051781, 'MRR@10': 0.04474381162297158, 'Recall@5': 0.06832843877020336, 'NDCG@5': 0.04734300804280099, 'MRR@5': 0.040457346432265784, 'Recall*@10': 0.10221451130651292, 'NDCG*@10': 0.05908785884579023, 'MRR*@10': 0.046005976164624804, 'Recall*@5': 0.06935387796589307, 'NDCG*@5': 0.0485275343415283, 'MRR*@5': 0.04168637256537165}
INFO    [05-06 20:25:41] train in BasicTrainer:
duration: 51.227805614471436s
INFO    [05-06 20:25:41] train in BasicTrainer:
epoch: 37
INFO    [05-06 20:26:00] _train_one_epoch in BasicTrainer:
loss = 4.304674313285134
INFO    [05-06 20:26:30] log in loggers:
Update Best NDCG@10 Model at 37
INFO    [05-06 20:26:31] validate in BasicTrainer:
{'Recall@10': 0.10071677643628348, 'NDCG@10': 0.058217805765924, 'MRR@10': 0.045310729138907935, 'Recall@5': 0.06910401369844164, 'NDCG@5': 0.04807621169657934, 'MRR@5': 0.041173230501867476, 'Recall*@10': 0.1016208678483963, 'NDCG*@10': 0.059291472392422814, 'MRR*@10': 0.04643050315124648, 'Recall*@5': 0.0702527200891858, 'NDCG*@5': 0.04922582368765559, 'MRR*@5': 0.04232217460161164}
INFO    [05-06 20:26:31] train in BasicTrainer:
duration: 49.87618613243103s
INFO    [05-06 20:26:31] train in BasicTrainer:
epoch: 38
INFO    [05-06 20:26:50] _train_one_epoch in BasicTrainer:
loss = 4.2969524817033244
INFO    [05-06 20:27:23] log in loggers:
Update Best NDCG@10 Model at 38
INFO    [05-06 20:27:23] validate in BasicTrainer:
{'Recall@10': 0.10231029135840279, 'NDCG@10': 0.05911840622623762, 'MRR@10': 0.04601625654669035, 'Recall@5': 0.06943702236527488, 'NDCG@5': 0.04853029850692976, 'MRR@5': 0.041670779209761394, 'Recall*@10': 0.10351222221340452, 'NDCG*@10': 0.06013256400114014, 'MRR*@10': 0.04695945375022434, 'Recall*@5': 0.07080169305914924, 'NDCG*@5': 0.049589705431745165, 'MRR*@5': 0.04262822405213401}
INFO    [05-06 20:27:23] train in BasicTrainer:
duration: 52.810251235961914s
INFO    [05-06 20:27:23] train in BasicTrainer:
epoch: 39
INFO    [05-06 20:27:42] _train_one_epoch in BasicTrainer:
loss = 4.289858492937955
INFO    [05-06 20:28:15] validate in BasicTrainer:
{'Recall@10': 0.10241078514428366, 'NDCG@10': 0.05899244901679811, 'MRR@10': 0.04581141684736524, 'Recall@5': 0.07003742314520336, 'NDCG@5': 0.04859787385378565, 'MRR@5': 0.0415651390240306, 'Recall*@10': 0.1034926250576973, 'NDCG*@10': 0.060233217264924734, 'MRR*@10': 0.04708916906799589, 'Recall*@5': 0.07160807702512968, 'NDCG*@5': 0.04998659803753808, 'MRR*@5': 0.04289776077937512}
INFO    [05-06 20:28:15] train in BasicTrainer:
duration: 51.28293967247009s
INFO    [05-06 20:28:15] train in BasicTrainer:
epoch: 40
INFO    [05-06 20:28:34] _train_one_epoch in BasicTrainer:
loss = 4.282256841659546
INFO    [05-06 20:29:14] log in loggers:
Update Best NDCG@10 Model at 40
INFO    [05-06 20:29:14] validate in BasicTrainer:
{'Recall@10': 0.10263167428118843, 'NDCG@10': 0.05944038927555084, 'MRR@10': 0.04632927370922906, 'Recall@5': 0.0702632385350409, 'NDCG@5': 0.04905471187971887, 'MRR@5': 0.042090347657601036, 'Recall*@10': 0.10447404888414201, 'NDCG*@10': 0.060873212736277355, 'MRR*@10': 0.047641929771218984, 'Recall*@5': 0.0717964679712341, 'NDCG*@5': 0.050400304120211376, 'MRR*@5': 0.04337419578362079}
INFO    [05-06 20:29:14] train in BasicTrainer:
duration: 59.61857581138611s
INFO    [05-06 20:29:14] train in BasicTrainer:
epoch: 41
INFO    [05-06 20:29:34] _train_one_epoch in BasicTrainer:
loss = 4.275612566687844
INFO    [05-06 20:30:13] log in loggers:
Update Best NDCG@10 Model at 41
INFO    [05-06 20:30:13] validate in BasicTrainer:
{'Recall@10': 0.10372114465350196, 'NDCG@10': 0.06001034787013417, 'MRR@10': 0.04673143777818907, 'Recall@5': 0.071476453826541, 'NDCG@5': 0.049659308046102524, 'MRR@5': 0.0425045554127012, 'Recall*@10': 0.1043900843887102, 'NDCG*@10': 0.060910657403014955, 'MRR*@10': 0.04770136571356228, 'Recall*@5': 0.07235400449661981, 'NDCG*@5': 0.050617574935867674, 'MRR*@5': 0.043492691680079416}
INFO    [05-06 20:30:13] train in BasicTrainer:
duration: 58.456153869628906s
INFO    [05-06 20:30:13] train in BasicTrainer:
epoch: 42
INFO    [05-06 20:30:32] _train_one_epoch in BasicTrainer:
loss = 4.268851080807773
INFO    [05-06 20:31:03] log in loggers:
Update Best NDCG@10 Model at 42
INFO    [05-06 20:31:03] validate in BasicTrainer:
{'Recall@10': 0.10424430313564483, 'NDCG@10': 0.060297619906209764, 'MRR@10': 0.046928659081459045, 'Recall@5': 0.07173222019558861, 'NDCG@5': 0.04982486562359901, 'MRR@5': 0.042631223265613825, 'Recall*@10': 0.10517854669264384, 'NDCG*@10': 0.06149365646498544, 'MRR*@10': 0.04817987836542584, 'Recall*@5': 0.0735454009402366, 'NDCG*@5': 0.05128347004453341, 'MRR*@5': 0.04397763028031304}
INFO    [05-06 20:31:03] train in BasicTrainer:
duration: 50.19441771507263s
INFO    [05-06 20:31:03] train in BasicTrainer:
epoch: 43
INFO    [05-06 20:31:22] _train_one_epoch in BasicTrainer:
loss = 4.261768562143499
INFO    [05-06 20:31:54] log in loggers:
Update Best NDCG@10 Model at 43
INFO    [05-06 20:31:55] validate in BasicTrainer:
{'Recall@10': 0.10416292292731148, 'NDCG@10': 0.06073004255692164, 'MRR@10': 0.04753637171926953, 'Recall@5': 0.07190246844575518, 'NDCG@5': 0.050365921819493883, 'MRR@5': 0.04329831543422881, 'Recall*@10': 0.10530355217910949, 'NDCG*@10': 0.06186704834302267, 'MRR*@10': 0.048657668488366265, 'Recall*@5': 0.07351230084896088, 'NDCG*@5': 0.05165341815778187, 'MRR*@5': 0.04448132465283076}
INFO    [05-06 20:31:55] train in BasicTrainer:
duration: 51.620665311813354s
INFO    [05-06 20:31:55] train in BasicTrainer:
epoch: 44
INFO    [05-06 20:32:14] _train_one_epoch in BasicTrainer:
loss = 4.25622859434648
INFO    [05-06 20:32:45] log in loggers:
Update Best NDCG@10 Model at 44
INFO    [05-06 20:32:45] validate in BasicTrainer:
{'Recall@10': 0.10515189951374418, 'NDCG@10': 0.061288243248349146, 'MRR@10': 0.04797637267481713, 'Recall@5': 0.0717280822850409, 'NDCG@5': 0.050529524151768, 'MRR@5': 0.04356581753208524, 'Recall*@10': 0.10571600000063579, 'NDCG*@10': 0.06242749804542178, 'MRR*@10': 0.04926921551426252, 'Recall*@5': 0.07340073408115477, 'NDCG*@5': 0.052029529675131754, 'MRR*@5': 0.045008693067800434}
INFO    [05-06 20:32:45] train in BasicTrainer:
duration: 50.1781222820282s
INFO    [05-06 20:32:45] train in BasicTrainer:
epoch: 45
DEBUG   [05-06 20:32:55] calculate_loss in loss:
soft_target max: 0.5413461327552795, argmax 2720772
DEBUG   [05-06 20:32:55] calculate_loss in loss:
pred max in softmax: 0.9315602779388428, argmax 19963228
DEBUG   [05-06 20:32:55] calculate_loss in loss:
soft_target max: 0.6956908702850342, argmax 19679940
DEBUG   [05-06 20:32:55] calculate_loss in loss:
pred max in softmax: 0.7828251123428345, argmax 47395303
INFO    [05-06 20:33:05] _train_one_epoch in BasicTrainer:
loss = 4.2508268443020905
INFO    [05-06 20:33:45] validate in BasicTrainer:
{'Recall@10': 0.10538441439469655, 'NDCG@10': 0.06100760684126899, 'MRR@10': 0.04755839652248791, 'Recall@5': 0.07197557247820355, 'NDCG@5': 0.050316656984034036, 'MRR@5': 0.04321085856783958, 'Recall*@10': 0.10643327590965089, 'NDCG*@10': 0.06219719155203728, 'MRR*@10': 0.048772930389358884, 'Recall*@5': 0.07359723250071208, 'NDCG*@5': 0.05168384100709643, 'MRR*@5': 0.04449431651404926}
INFO    [05-06 20:33:45] train in BasicTrainer:
duration: 59.88574242591858s
INFO    [05-06 20:33:45] train in BasicTrainer:
epoch: 46
INFO    [05-06 20:34:04] _train_one_epoch in BasicTrainer:
loss = 4.24304405559193
INFO    [05-06 20:34:35] log in loggers:
Update Best NDCG@10 Model at 46
INFO    [05-06 20:34:35] validate in BasicTrainer:
{'Recall@10': 0.10592254783426013, 'NDCG@10': 0.06173818008530708, 'MRR@10': 0.048315349788892833, 'Recall@5': 0.07280178864796956, 'NDCG@5': 0.05108345424135526, 'MRR@5': 0.04395089635536784, 'Recall*@10': 0.10743989547093709, 'NDCG*@10': 0.06316399680716651, 'MRR*@10': 0.04970229647698857, 'Recall*@5': 0.07476205236855007, 'NDCG*@5': 0.052655283361673355, 'MRR*@5': 0.0453996571401755}
INFO    [05-06 20:34:35] train in BasicTrainer:
duration: 50.354695320129395s
INFO    [05-06 20:34:35] train in BasicTrainer:
epoch: 47
INFO    [05-06 20:34:55] _train_one_epoch in BasicTrainer:
loss = 4.238588255101984
INFO    [05-06 20:35:26] log in loggers:
Update Best NDCG@10 Model at 47
INFO    [05-06 20:35:26] validate in BasicTrainer:
{'Recall@10': 0.10575978741759345, 'NDCG@10': 0.061855643278076536, 'MRR@10': 0.0485185430873008, 'Recall@5': 0.07272375800779887, 'NDCG@5': 0.05125176835627783, 'MRR@5': 0.044189345623765676, 'Recall*@10': 0.10751424091202873, 'NDCG*@10': 0.06333087845927193, 'MRR*@10': 0.049885506608656476, 'Recall*@5': 0.07496720658881324, 'NDCG*@5': 0.05288746704657873, 'MRR*@5': 0.04562428132409141}
INFO    [05-06 20:35:26] train in BasicTrainer:
duration: 51.221346855163574s
INFO    [05-06 20:35:26] train in BasicTrainer:
epoch: 48
INFO    [05-06 20:35:45] _train_one_epoch in BasicTrainer:
loss = 4.233494572205977
INFO    [05-06 20:36:23] log in loggers:
Update Best NDCG@10 Model at 48
INFO    [05-06 20:36:24] validate in BasicTrainer:
{'Recall@10': 0.10596491325469244, 'NDCG@10': 0.06197349514280047, 'MRR@10': 0.04861697927117348, 'Recall@5': 0.0728209022255171, 'NDCG@5': 0.05131999314540908, 'MRR@5': 0.044257440914710365, 'Recall*@10': 0.10750599986030943, 'NDCG*@10': 0.06341200215475899, 'MRR*@10': 0.050029760492699485, 'Recall*@5': 0.07432484271980468, 'NDCG*@5': 0.052748383865469976, 'MRR*@5': 0.04566712783915656}
INFO    [05-06 20:36:24] train in BasicTrainer:
duration: 57.34226942062378s
INFO    [05-06 20:36:24] train in BasicTrainer:
epoch: 49
INFO    [05-06 20:36:43] _train_one_epoch in BasicTrainer:
loss = 4.228588806499134
INFO    [05-06 20:37:15] log in loggers:
Update Best NDCG@10 Model at 49
INFO    [05-06 20:37:15] validate in BasicTrainer:
{'Recall@10': 0.10670561095078786, 'NDCG@10': 0.0629563501902989, 'MRR@10': 0.049650853411072775, 'Recall@5': 0.0745306745881126, 'NDCG@5': 0.05264224324907575, 'MRR@5': 0.04544639037478538, 'Recall*@10': 0.10786554501170204, 'NDCG*@10': 0.06435883896691459, 'MRR*@10': 0.051116855548960824, 'Recall*@5': 0.0762275911512829, 'NDCG*@5': 0.05422835211668696, 'MRR*@5': 0.04699427652217093}
INFO    [05-06 20:37:15] train in BasicTrainer:
duration: 51.57256269454956s
INFO    [05-06 20:37:15] train in BasicTrainer:
epoch: 50
INFO    [05-06 20:37:35] _train_one_epoch in BasicTrainer:
loss = 4.222958599437367
INFO    [05-06 20:38:14] validate in BasicTrainer:
{'Recall@10': 0.10671644835245042, 'NDCG@10': 0.06269933372026398, 'MRR@10': 0.049330571932452064, 'Recall@5': 0.07362307856480281, 'NDCG@5': 0.05206756222815741, 'MRR@5': 0.0449831842311791, 'Recall*@10': 0.10813097300983611, 'NDCG*@10': 0.06393888557241076, 'MRR*@10': 0.050510525526035396, 'Recall*@5': 0.07480390866597493, 'NDCG*@5': 0.053219448597658245, 'MRR*@5': 0.04612032590167863}
INFO    [05-06 20:38:14] train in BasicTrainer:
duration: 58.502877712249756s
INFO    [05-06 20:38:14] train in BasicTrainer:
epoch: 51
INFO    [05-06 20:38:33] _train_one_epoch in BasicTrainer:
loss = 4.218627834320069
INFO    [05-06 20:39:12] log in loggers:
Update Best NDCG@10 Model at 51
INFO    [05-06 20:39:12] validate in BasicTrainer:
{'Recall@10': 0.10799606854007357, 'NDCG@10': 0.063286893956718, 'MRR@10': 0.04971379662553469, 'Recall@5': 0.07421599151123137, 'NDCG@5': 0.052449096171628865, 'MRR@5': 0.04529135443624996, 'Recall*@10': 0.10966475378899347, 'NDCG*@10': 0.0646467272724424, 'MRR*@10': 0.050974552652665546, 'Recall*@5': 0.0757254706252189, 'NDCG*@5': 0.05377301148005894, 'MRR*@5': 0.04654648829074133}
INFO    [05-06 20:39:12] train in BasicTrainer:
duration: 58.69642734527588s
INFO    [05-06 20:39:12] train in BasicTrainer:
epoch: 52
INFO    [05-06 20:39:31] _train_one_epoch in BasicTrainer:
loss = 4.214776606993242
INFO    [05-06 20:40:02] validate in BasicTrainer:
{'Recall@10': 0.10722798109054565, 'NDCG@10': 0.06320263764687947, 'MRR@10': 0.04984832714710917, 'Recall@5': 0.07397185088623137, 'NDCG@5': 0.05254462201680456, 'MRR@5': 0.04550635158306077, 'Recall*@10': 0.10844702592917851, 'NDCG*@10': 0.06438958431993212, 'MRR*@10': 0.05102069285653886, 'Recall*@5': 0.07556395197198504, 'NDCG*@5': 0.05385037564805576, 'MRR*@5': 0.046726402782258536}
INFO    [05-06 20:40:02] train in BasicTrainer:
duration: 49.52567934989929s
INFO    [05-06 20:40:02] train in BasicTrainer:
epoch: 53
INFO    [05-06 20:40:21] _train_one_epoch in BasicTrainer:
loss = 4.20956711769104
INFO    [05-06 20:41:01] log in loggers:
Update Best NDCG@10 Model at 53
INFO    [05-06 20:41:01] validate in BasicTrainer:
{'Recall@10': 0.10796867878664107, 'NDCG@10': 0.06368064898110572, 'MRR@10': 0.050224841882785164, 'Recall@5': 0.07465855777263641, 'NDCG@5': 0.05298884620978719, 'MRR@5': 0.045858582038254964, 'Recall*@10': 0.10847663843915575, 'NDCG*@10': 0.06464724650695211, 'MRR*@10': 0.0513064559726488, 'Recall*@5': 0.07598195225000381, 'NDCG*@5': 0.054197212415082116, 'MRR*@5': 0.04702715256384441}
INFO    [05-06 20:41:01] train in BasicTrainer:
duration: 59.28629922866821s
INFO    [05-06 20:41:01] train in BasicTrainer:
epoch: 54
DEBUG   [05-06 20:41:12] calculate_loss in loss:
soft_target max: 0.6142367720603943, argmax 74708804
DEBUG   [05-06 20:41:12] calculate_loss in loss:
pred max in softmax: 0.8592161536216736, argmax 75795684
DEBUG   [05-06 20:41:12] calculate_loss in loss:
soft_target max: 0.6646908521652222, argmax 43701060
DEBUG   [05-06 20:41:12] calculate_loss in loss:
pred max in softmax: 0.9056503176689148, argmax 24178594
INFO    [05-06 20:41:20] _train_one_epoch in BasicTrainer:
loss = 4.206124847585505
INFO    [05-06 20:41:59] validate in BasicTrainer:
{'Recall@10': 0.10664590590056919, 'NDCG@10': 0.06312115490436554, 'MRR@10': 0.049871486922105156, 'Recall@5': 0.07484791960035052, 'NDCG@5': 0.05290448807534717, 'MRR@5': 0.04569326039581072, 'Recall*@10': 0.10785243057069324, 'NDCG*@10': 0.06419322692922183, 'MRR*@10': 0.05089170343819119, 'Recall*@5': 0.07605294244629997, 'NDCG*@5': 0.053968160634949094, 'MRR*@5': 0.046705419197678566}
INFO    [05-06 20:41:59] train in BasicTrainer:
duration: 57.82817554473877s
INFO    [05-06 20:41:59] train in BasicTrainer:
epoch: 55
INFO    [05-06 20:42:18] _train_one_epoch in BasicTrainer:
loss = 4.201826364343817
INFO    [05-06 20:42:50] validate in BasicTrainer:
{'Recall@10': 0.10880317077750251, 'NDCG@10': 0.06358088606170245, 'MRR@10': 0.04985411394210089, 'Recall@5': 0.07493343771923155, 'NDCG@5': 0.05272372847511655, 'MRR@5': 0.04542865621901694, 'Recall*@10': 0.10959618041912715, 'NDCG*@10': 0.06464160925575665, 'MRR*@10': 0.050969233470303674, 'Recall*@5': 0.0764648953364009, 'NDCG*@5': 0.05400743725753966, 'MRR*@5': 0.04662651479953811}
INFO    [05-06 20:42:50] train in BasicTrainer:
duration: 50.81037259101868s
INFO    [05-06 20:42:50] train in BasicTrainer:
epoch: 56
INFO    [05-06 20:43:09] _train_one_epoch in BasicTrainer:
loss = 4.197496275468306
INFO    [05-06 20:43:48] validate in BasicTrainer:
{'Recall@10': 0.10851922702221643, 'NDCG@10': 0.06364357347289722, 'MRR@10': 0.05003197792740095, 'Recall@5': 0.07450249684708458, 'NDCG@5': 0.05272774895032247, 'MRR@5': 0.04557586638700394, 'Recall*@10': 0.10988665797880717, 'NDCG*@10': 0.06504081065456073, 'MRR*@10': 0.05143259855962935, 'Recall*@5': 0.07616414058776129, 'NDCG*@5': 0.05421890832838558, 'MRR*@5': 0.0470145158469677}
INFO    [05-06 20:43:48] train in BasicTrainer:
duration: 57.79568076133728s
INFO    [05-06 20:43:48] train in BasicTrainer:
epoch: 57
INFO    [05-06 20:44:07] _train_one_epoch in BasicTrainer:
loss = 4.194216286052357
INFO    [05-06 20:44:38] log in loggers:
Update Best NDCG@10 Model at 57
INFO    [05-06 20:44:38] validate in BasicTrainer:
{'Recall@10': 0.10808079867135911, 'NDCG@10': 0.06404172345286324, 'MRR@10': 0.05066496257980665, 'Recall@5': 0.07534368868385043, 'NDCG@5': 0.05354659809243111, 'MRR@5': 0.046387237984509694, 'Recall*@10': 0.10929770200025468, 'NDCG*@10': 0.06537134147116117, 'MRR*@10': 0.05202147808103334, 'Recall*@5': 0.07669481493177868, 'NDCG*@5': 0.054926998913288116, 'MRR*@5': 0.04776956602221444}
INFO    [05-06 20:44:38] train in BasicTrainer:
duration: 50.79820132255554s
INFO    [05-06 20:44:38] train in BasicTrainer:
epoch: 58
INFO    [05-06 20:44:57] _train_one_epoch in BasicTrainer:
loss = 4.19100472276861
INFO    [05-06 20:45:28] validate in BasicTrainer:
{'Recall@10': 0.10756512766792661, 'NDCG@10': 0.06375863527258237, 'MRR@10': 0.0504155077394985, 'Recall@5': 0.07562270654099328, 'NDCG@5': 0.053515831097250895, 'MRR@5': 0.046238803260383154, 'Recall*@10': 0.10852332555112384, 'NDCG*@10': 0.06504313931578681, 'MRR*@10': 0.05178218760660717, 'Recall*@5': 0.07723428450879596, 'NDCG*@5': 0.05500670948198864, 'MRR*@5': 0.04768843523093632}
INFO    [05-06 20:45:28] train in BasicTrainer:
duration: 49.61563301086426s
INFO    [05-06 20:45:28] train in BasicTrainer:
epoch: 59
INFO    [05-06 20:45:47] _train_one_epoch in BasicTrainer:
loss = 4.188024659590288
INFO    [05-06 20:46:24] log in loggers:
Update Best NDCG@10 Model at 59
INFO    [05-06 20:46:24] validate in BasicTrainer:
{'Recall@10': 0.10942938498088292, 'NDCG@10': 0.0645457963858332, 'MRR@10': 0.05090370525916418, 'Recall@5': 0.07591748805273146, 'NDCG@5': 0.0537564754486084, 'MRR@5': 0.04647923278666678, 'Recall*@10': 0.11075687763236818, 'NDCG*@10': 0.06623101660183497, 'MRR*@10': 0.05268845494304385, 'Recall*@5': 0.07792170239346367, 'NDCG*@5': 0.05564923353848003, 'MRR*@5': 0.04834275337911788}
INFO    [05-06 20:46:24] train in BasicTrainer:
duration: 55.94591975212097s
INFO    [05-06 20:46:24] train in BasicTrainer:
epoch: 60
INFO    [05-06 20:46:42] _train_one_epoch in BasicTrainer:
loss = 4.182655793970281
INFO    [05-06 20:47:13] validate in BasicTrainer:
{'Recall@10': 0.10899095627523604, 'NDCG@10': 0.06436741848786671, 'MRR@10': 0.05079689178438414, 'Recall@5': 0.07594408910898935, 'NDCG@5': 0.05373907355325563, 'MRR@5': 0.04644348898104259, 'Recall*@10': 0.11010748183443433, 'NDCG*@10': 0.06565379688427561, 'MRR*@10': 0.05211215413042477, 'Recall*@5': 0.07765308093456995, 'NDCG*@5': 0.055197361147119886, 'MRR*@5': 0.04781835277875265}
INFO    [05-06 20:47:13] train in BasicTrainer:
duration: 49.15391445159912s
INFO    [05-06 20:47:13] train in BasicTrainer:
epoch: 61
INFO    [05-06 20:47:32] _train_one_epoch in BasicTrainer:
loss = 4.179694544185292
INFO    [05-06 20:48:11] log in loggers:
Update Best NDCG@10 Model at 61
INFO    [05-06 20:48:11] validate in BasicTrainer:
{'Recall@10': 0.10944101072493054, 'NDCG@10': 0.06460839793795631, 'MRR@10': 0.050977019859211783, 'Recall@5': 0.07582783166851316, 'NDCG@5': 0.053795939400082544, 'MRR@5': 0.046548879749718164, 'Recall*@10': 0.1103525161743164, 'NDCG*@10': 0.0658744250734647, 'MRR*@10': 0.05232863500714302, 'Recall*@5': 0.0777069465035484, 'NDCG*@5': 0.05537109307589985, 'MRR*@5': 0.04802585996332623}
INFO    [05-06 20:48:11] train in BasicTrainer:
duration: 58.39230132102966s
INFO    [05-06 20:48:11] train in BasicTrainer:
epoch: 62
INFO    [05-06 20:48:31] _train_one_epoch in BasicTrainer:
loss = 4.176181164654818
INFO    [05-06 20:49:03] validate in BasicTrainer:
{'Recall@10': 0.10816966635840279, 'NDCG@10': 0.06398176756643113, 'MRR@10': 0.05053102562115306, 'Recall@5': 0.07578881652582259, 'NDCG@5': 0.05356665292666072, 'MRR@5': 0.0462653711438179, 'Recall*@10': 0.10927124889124007, 'NDCG*@10': 0.06527253772531237, 'MRR*@10': 0.05186538646618525, 'Recall*@5': 0.07738792896270752, 'NDCG*@5': 0.05500745347567967, 'MRR*@5': 0.04765525389285315}
INFO    [05-06 20:49:03] train in BasicTrainer:
duration: 51.425304889678955s
INFO    [05-06 20:49:03] train in BasicTrainer:
epoch: 63
DEBUG   [05-06 20:49:16] calculate_loss in loss:
soft_target max: 0.7023007273674011, argmax 34501843
DEBUG   [05-06 20:49:16] calculate_loss in loss:
pred max in softmax: 0.6420080661773682, argmax 35750446
DEBUG   [05-06 20:49:16] calculate_loss in loss:
soft_target max: 0.5540629029273987, argmax 31232819
DEBUG   [05-06 20:49:16] calculate_loss in loss:
pred max in softmax: 0.7415705323219299, argmax 55660141
INFO    [05-06 20:49:23] _train_one_epoch in BasicTrainer:
loss = 4.1731035362590445
INFO    [05-06 20:49:53] validate in BasicTrainer:
{'Recall@10': 0.10919273183459327, 'NDCG@10': 0.06459664535664376, 'MRR@10': 0.05103482199566705, 'Recall@5': 0.07580044226987022, 'NDCG@5': 0.05382225272201356, 'MRR@5': 0.04660196016941752, 'Recall*@10': 0.11077585780904406, 'NDCG*@10': 0.06601991273817562, 'MRR*@10': 0.05239970609545708, 'Recall*@5': 0.07733991529260363, 'NDCG*@5': 0.05521911932598977, 'MRR*@5': 0.047948491892644336}
INFO    [05-06 20:49:53] train in BasicTrainer:
duration: 50.483912229537964s
INFO    [05-06 20:49:53] train in BasicTrainer:
epoch: 64
INFO    [05-06 20:50:14] _train_one_epoch in BasicTrainer:
loss = 4.171641705252908
INFO    [05-06 20:50:53] log in loggers:
Update Best NDCG@10 Model at 64
INFO    [05-06 20:50:53] validate in BasicTrainer:
{'Recall@10': 0.10965027411778767, 'NDCG@10': 0.06513021194509097, 'MRR@10': 0.05158231460622379, 'Recall@5': 0.07685917332058861, 'NDCG@5': 0.05458947750074523, 'MRR@5': 0.04726869009789966, 'Recall*@10': 0.11037858717498325, 'NDCG*@10': 0.06637403049639293, 'MRR*@10': 0.05295765541848682, 'Recall*@5': 0.0786264201714879, 'NDCG*@5': 0.05615824780293873, 'MRR*@5': 0.04877172073438054}
INFO    [05-06 20:50:53] train in BasicTrainer:
duration: 60.0906937122345s
INFO    [05-06 20:50:53] train in BasicTrainer:
epoch: 65
INFO    [05-06 20:51:14] _train_one_epoch in BasicTrainer:
loss = 4.168966219641946
INFO    [05-06 20:51:52] validate in BasicTrainer:
{'Recall@10': 0.10879331862642652, 'NDCG@10': 0.06436914986088163, 'MRR@10': 0.050835859562669485, 'Recall@5': 0.07659926904099328, 'NDCG@5': 0.0539984293282032, 'MRR@5': 0.046578885189124515, 'Recall*@10': 0.11010584022317614, 'NDCG*@10': 0.06573036366275378, 'MRR*@10': 0.05219160925064768, 'Recall*@5': 0.078153547786531, 'NDCG*@5': 0.05541085700194041, 'MRR*@5': 0.04793967838798251}
INFO    [05-06 20:51:52] train in BasicTrainer:
duration: 58.959699869155884s
INFO    [05-06 20:51:52] train in BasicTrainer:
epoch: 66
INFO    [05-06 20:52:11] _train_one_epoch in BasicTrainer:
loss = 4.165970182418823
INFO    [05-06 20:52:43] log in loggers:
Update Best NDCG@10 Model at 66
INFO    [05-06 20:52:43] validate in BasicTrainer:
{'Recall@10': 0.1104491005341212, 'NDCG@10': 0.06545906425231979, 'MRR@10': 0.05178708920166606, 'Recall@5': 0.07673050179367974, 'NDCG@5': 0.0546031321088473, 'MRR@5': 0.04733483777159736, 'Recall*@10': 0.11190727956238247, 'NDCG*@10': 0.06673870076026235, 'MRR*@10': 0.05299092155127298, 'Recall*@5': 0.07871229414428983, 'NDCG*@5': 0.05605165873255048, 'MRR*@5': 0.048608687484548205}
INFO    [05-06 20:52:43] train in BasicTrainer:
duration: 50.7253532409668s
INFO    [05-06 20:52:43] train in BasicTrainer:
epoch: 67
INFO    [05-06 20:53:03] _train_one_epoch in BasicTrainer:
loss = 4.161673376776955
INFO    [05-06 20:53:34] validate in BasicTrainer:
{'Recall@10': 0.11020830983207339, 'NDCG@10': 0.06506943383387156, 'MRR@10': 0.051346507987805774, 'Recall@5': 0.07701030799320766, 'NDCG@5': 0.0544050018347445, 'MRR@5': 0.04698616833913894, 'Recall*@10': 0.11153333279348555, 'NDCG*@10': 0.06658899393819627, 'MRR*@10': 0.0529059444864591, 'Recall*@5': 0.07894876421917052, 'NDCG*@5': 0.05612257531001454, 'MRR*@5': 0.048626941229615896}
INFO    [05-06 20:53:34] train in BasicTrainer:
duration: 50.331032514572144s
INFO    [05-06 20:53:34] train in BasicTrainer:
epoch: 68
INFO    [05-06 20:53:53] _train_one_epoch in BasicTrainer:
loss = 4.160377901250666
INFO    [05-06 20:54:24] log in loggers:
Update Best NDCG@10 Model at 68
INFO    [05-06 20:54:24] validate in BasicTrainer:
{'Recall@10': 0.11141068736712138, 'NDCG@10': 0.0657494884161722, 'MRR@10': 0.05186808925299417, 'Recall@5': 0.07778174501089823, 'NDCG@5': 0.054951345459336325, 'MRR@5': 0.047456340598208566, 'Recall*@10': 0.11285942331666038, 'NDCG*@10': 0.06729855388402939, 'MRR*@10': 0.05343266363654818, 'Recall*@5': 0.08021279388949984, 'NDCG*@5': 0.05683956472646622, 'MRR*@5': 0.04917360061690921}
INFO    [05-06 20:54:24] train in BasicTrainer:
duration: 50.74574041366577s
INFO    [05-06 20:54:24] train in BasicTrainer:
epoch: 69
INFO    [05-06 20:54:43] _train_one_epoch in BasicTrainer:
loss = 4.157874540849165
INFO    [05-06 20:55:19] validate in BasicTrainer:
{'Recall@10': 0.11072476846831185, 'NDCG@10': 0.0656397779073034, 'MRR@10': 0.05191067411076455, 'Recall@5': 0.07820027179661251, 'NDCG@5': 0.05519369954154605, 'MRR@5': 0.04764121256413914, 'Recall*@10': 0.11232635520753406, 'NDCG*@10': 0.06725413636082694, 'MRR*@10': 0.0535151655120509, 'Recall*@5': 0.08006845095327922, 'NDCG*@5': 0.05688629388099625, 'MRR*@5': 0.04927357020122664}
INFO    [05-06 20:55:19] train in BasicTrainer:
duration: 54.255178451538086s
INFO    [05-06 20:55:19] train in BasicTrainer:
epoch: 70
INFO    [05-06 20:55:39] _train_one_epoch in BasicTrainer:
loss = 4.156540671261874
INFO    [05-06 20:56:10] validate in BasicTrainer:
{'Recall@10': 0.11002643548306965, 'NDCG@10': 0.06535661770474344, 'MRR@10': 0.051747669598885944, 'Recall@5': 0.0770717862816084, 'NDCG@5': 0.05472459023197492, 'MRR@5': 0.04737445818526404, 'Recall*@10': 0.11164552399090358, 'NDCG*@10': 0.06680501678160258, 'MRR*@10': 0.053131554275751114, 'Recall*@5': 0.07914182047049205, 'NDCG*@5': 0.05633616961893581, 'MRR*@5': 0.04883603875835737}
INFO    [05-06 20:56:10] train in BasicTrainer:
duration: 51.5896737575531s
INFO    [05-06 20:56:10] train in BasicTrainer:
epoch: 71
INFO    [05-06 20:56:29] _train_one_epoch in BasicTrainer:
loss = 4.153578849272295
INFO    [05-06 20:57:08] log in loggers:
Update Best NDCG@10 Model at 71
INFO    [05-06 20:57:08] validate in BasicTrainer:
{'Recall@10': 0.11037107024874006, 'NDCG@10': 0.06594785622188024, 'MRR@10': 0.05241546566997256, 'Recall@5': 0.07787061305273146, 'NDCG@5': 0.05548134659017835, 'MRR@5': 0.04812179328430267, 'Recall*@10': 0.11125821549267996, 'NDCG*@10': 0.06717405716578166, 'MRR*@10': 0.053737250644536244, 'Recall*@5': 0.07922169175885972, 'NDCG*@5': 0.05686115775079954, 'MRR*@5': 0.04950882104181108}
INFO    [05-06 20:57:08] train in BasicTrainer:
duration: 57.81265926361084s
INFO    [05-06 20:57:08] train in BasicTrainer:
epoch: 72
DEBUG   [05-06 20:57:22] calculate_loss in loss:
soft_target max: 0.591533899307251, argmax 61625133
DEBUG   [05-06 20:57:22] calculate_loss in loss:
pred max in softmax: 0.7006474137306213, argmax 48899730
DEBUG   [05-06 20:57:22] calculate_loss in loss:
soft_target max: 0.6349983811378479, argmax 40300303
DEBUG   [05-06 20:57:22] calculate_loss in loss:
pred max in softmax: 0.858808159828186, argmax 62928685
INFO    [05-06 20:57:27] _train_one_epoch in BasicTrainer:
loss = 4.151415521448309
INFO    [05-06 20:58:03] log in loggers:
Update Best NDCG@10 Model at 72
INFO    [05-06 20:58:03] validate in BasicTrainer:
{'Recall@10': 0.11101462372711726, 'NDCG@10': 0.06614096090197563, 'MRR@10': 0.052493120765402204, 'Recall@5': 0.07822273494232268, 'NDCG@5': 0.05561631048719088, 'MRR@5': 0.04819646974404653, 'Recall*@10': 0.11247639499959491, 'NDCG*@10': 0.06757473590828124, 'MRR*@10': 0.05390724078530357, 'Recall*@5': 0.0801118981270563, 'NDCG*@5': 0.05720107328324091, 'MRR*@5': 0.049680111841076895}
INFO    [05-06 20:58:03] train in BasicTrainer:
duration: 55.45070791244507s
INFO    [05-06 20:58:03] train in BasicTrainer:
epoch: 73
INFO    [05-06 20:58:22] _train_one_epoch in BasicTrainer:
loss = 4.149517050656406
INFO    [05-06 20:59:01] validate in BasicTrainer:
{'Recall@10': 0.11081284852254958, 'NDCG@10': 0.06596911893714041, 'MRR@10': 0.0523218915221237, 'Recall@5': 0.07823101111820766, 'NDCG@5': 0.0555283088414442, 'MRR@5': 0.04806845617436227, 'Recall*@10': 0.11237499117851257, 'NDCG*@10': 0.06754445444260325, 'MRR*@10': 0.053893620059603735, 'Recall*@5': 0.07983055746271497, 'NDCG*@5': 0.05709218393479075, 'MRR*@5': 0.049622333298126854}
INFO    [05-06 20:59:01] train in BasicTrainer:
duration: 57.23643970489502s
INFO    [05-06 20:59:01] train in BasicTrainer:
epoch: 74
INFO    [05-06 20:59:21] _train_one_epoch in BasicTrainer:
loss = 4.147588396072388
INFO    [05-06 20:59:53] validate in BasicTrainer:
{'Recall@10': 0.11112260534649804, 'NDCG@10': 0.06603496379795529, 'MRR@10': 0.052320548466273716, 'Recall@5': 0.07833564281463623, 'NDCG@5': 0.055508263231742946, 'MRR@5': 0.048019922914959136, 'Recall*@10': 0.11228732942115693, 'NDCG*@10': 0.06747363791579292, 'MRR*@10': 0.053812193196444286, 'Recall*@5': 0.08008866189491182, 'NDCG*@5': 0.057115880328984486, 'MRR*@5': 0.04956887396318572}
INFO    [05-06 20:59:53] train in BasicTrainer:
duration: 51.96078443527222s
INFO    [05-06 20:59:53] train in BasicTrainer:
epoch: 75
INFO    [05-06 21:00:11] _train_one_epoch in BasicTrainer:
loss = 4.144291071458296
INFO    [05-06 21:00:42] validate in BasicTrainer:
{'Recall@10': 0.11037107024874006, 'NDCG@10': 0.06575663015246391, 'MRR@10': 0.05216532644061815, 'Recall@5': 0.07775021770170756, 'NDCG@5': 0.0552679007606847, 'MRR@5': 0.047871727851175126, 'Recall*@10': 0.11170269052187602, 'NDCG*@10': 0.06715769835171245, 'MRR*@10': 0.05356977702606292, 'Recall*@5': 0.07937071330490567, 'NDCG*@5': 0.056750040323961345, 'MRR*@5': 0.04930187229599271}
INFO    [05-06 21:00:42] train in BasicTrainer:
duration: 49.09516429901123s
INFO    [05-06 21:00:42] train in BasicTrainer:
epoch: 76
INFO    [05-06 21:01:01] _train_one_epoch in BasicTrainer:
loss = 4.141309387033636
INFO    [05-06 21:01:32] validate in BasicTrainer:
{'Recall@10': 0.11109186637969244, 'NDCG@10': 0.06608209652560097, 'MRR@10': 0.05237350967668351, 'Recall@5': 0.07809899002313614, 'NDCG@5': 0.05545285911787124, 'MRR@5': 0.04800986321199508, 'Recall*@10': 0.11253271855059124, 'NDCG*@10': 0.06758164933749608, 'MRR*@10': 0.053871715175254006, 'Recall*@5': 0.07999829131932486, 'NDCG*@5': 0.05710116330356825, 'MRR*@5': 0.04956994258931705}
INFO    [05-06 21:01:32] train in BasicTrainer:
duration: 50.74086833000183s
INFO    [05-06 21:01:32] train in BasicTrainer:
epoch: 77
INFO    [05-06 21:01:51] _train_one_epoch in BasicTrainer:
loss = 4.1416448246348985
INFO    [05-06 21:02:30] log in loggers:
Update Best NDCG@10 Model at 77
INFO    [05-06 21:02:30] validate in BasicTrainer:
{'Recall@10': 0.11164990209397815, 'NDCG@10': 0.06620191019915399, 'MRR@10': 0.05237822518462226, 'Recall@5': 0.07786233687684649, 'NDCG@5': 0.05532927686969439, 'MRR@5': 0.0479216921542372, 'Recall*@10': 0.11316792383080437, 'NDCG*@10': 0.06779180467128754, 'MRR*@10': 0.05397221108987218, 'Recall*@5': 0.07954610174610502, 'NDCG*@5': 0.05694839145456042, 'MRR*@5': 0.049512923296008794}
INFO    [05-06 21:02:30] train in BasicTrainer:
duration: 57.867226362228394s
INFO    [05-06 21:02:30] train in BasicTrainer:
epoch: 78
INFO    [05-06 21:02:50] _train_one_epoch in BasicTrainer:
loss = 4.138738814267245
INFO    [05-06 21:03:21] log in loggers:
Update Best NDCG@10 Model at 78
INFO    [05-06 21:03:21] validate in BasicTrainer:
{'Recall@10': 0.11136339604854584, 'NDCG@10': 0.06666976461807887, 'MRR@10': 0.053065146186522076, 'Recall@5': 0.07900244813589823, 'NDCG@5': 0.05629890483050119, 'MRR@5': 0.04883923629919688, 'Recall*@10': 0.1128307825752667, 'NDCG*@10': 0.06825980295737584, 'MRR*@10': 0.054682593260492594, 'Recall*@5': 0.0808893254115468, 'NDCG*@5': 0.0580308572167442, 'MRR*@5': 0.050518522482542766}
INFO    [05-06 21:03:21] train in BasicTrainer:
duration: 50.843966245651245s
INFO    [05-06 21:03:21] train in BasicTrainer:
epoch: 79
INFO    [05-06 21:03:40] _train_one_epoch in BasicTrainer:
loss = 4.1376953385093
INFO    [05-06 21:04:13] validate in BasicTrainer:
{'Recall@10': 0.11140162320364089, 'NDCG@10': 0.0666642040014267, 'MRR@10': 0.05303219546164785, 'Recall@5': 0.07896343299320766, 'NDCG@5': 0.05623160001067888, 'MRR@5': 0.04875948475230308, 'Recall*@10': 0.11272805787268139, 'NDCG*@10': 0.06822794658087548, 'MRR*@10': 0.05464566463515872, 'Recall*@5': 0.08098834433725902, 'NDCG*@5': 0.0580288175316084, 'MRR*@5': 0.05047383088441122}
INFO    [05-06 21:04:13] train in BasicTrainer:
duration: 51.703030824661255s
INFO    [05-06 21:04:13] close_training in BasicTrainer:
finished training
DEBUG   [05-06 21:04:13] debug_summary in loss:
loss nan summary: nan 0 times, not nan 8801 times, ratio nan / (nan + not_nan) = 0.0
INFO    [05-06 21:04:13] run_routine in Routine:
Finished training, Start final validation
INFO    [05-06 21:04:13] final_validate in BasicTrainer:
validate model on val set!
INFO    [05-06 21:04:13] load_state_from_given_path in utils:
checkpoint epoch: 78
INFO    [05-06 21:04:13] load_state_from_given_path in utils:
Loading model's parameters
INFO    [05-06 21:04:44] validate in BasicTrainer:
{'Recall@10': 0.11136339604854584, 'NDCG@10': 0.06666976461807887, 'MRR@10': 0.053065146186522076, 'Recall@5': 0.07900244813589823, 'NDCG@5': 0.05629890483050119, 'MRR@5': 0.04883923629919688, 'Recall*@10': 0.1128307825752667, 'NDCG*@10': 0.06825980295737584, 'MRR*@10': 0.054682593260492594, 'Recall*@5': 0.0808893254115468, 'NDCG*@5': 0.0580308572167442, 'MRR*@5': 0.050518522482542766}
INFO    [05-06 21:04:44] run_routine in Routine:
Finished final validating. Result: {'Recall@10': 0.11136339604854584, 'NDCG@10': 0.06666976461807887, 'MRR@10': 0.053065146186522076, 'Recall@5': 0.07900244813589823, 'NDCG@5': 0.05629890483050119, 'MRR@5': 0.04883923629919688, 'Recall*@10': 0.1128307825752667, 'NDCG*@10': 0.06825980295737584, 'MRR*@10': 0.054682593260492594, 'Recall*@5': 0.0808893254115468, 'NDCG*@5': 0.0580308572167442, 'MRR*@5': 0.050518522482542766}
INFO    [05-06 21:04:44] _evaluate in EnsembleDistillSched:
Start testing student model on test set
INFO    [05-06 21:04:44] test in BasicTrainer:
Test model on test set!
INFO    [05-06 21:04:44] test_with_given_state_path in BasicTrainer:
Loading model params from ___movies_ed_2021/ed_narm-en-0.5-T-3-al-0.75_05-06_19:50_0/student_narm_logs/checkpoint/best_acc_model.pth.
INFO    [05-06 21:04:44] load_state_from_given_path in utils:
checkpoint epoch: 78
INFO    [05-06 21:04:44] load_state_from_given_path in utils:
Loading model's parameters
INFO    [05-06 21:04:44] test_with_given_state_path in BasicTrainer:
Finished loading. Start testing.
INFO    [05-06 21:05:20] test_with_given_state_path in BasicTrainer:
{'Recall@10': 0.09822807886770793, 'NDCG@10': 0.05774343652384622, 'MRR@10': 0.04544557081091972, 'Recall@5': 0.06818479175368945, 'NDCG@5': 0.04807111017760776, 'MRR@5': 0.0414790924461115, 'Recall*@10': 0.10224114855130513, 'NDCG*@10': 0.0609499549581891, 'MRR*@10': 0.04840972097147079, 'Recall*@5': 0.07127198328574498, 'NDCG*@5': 0.050968630328064875, 'MRR*@5': 0.04431000121292614}
INFO    [05-06 21:05:20] _evaluate in EnsembleDistillSched:
!!Final Result!!: {'Recall@10': 0.09822807886770793, 'NDCG@10': 0.05774343652384622, 'MRR@10': 0.04544557081091972, 'Recall@5': 0.06818479175368945, 'NDCG@5': 0.04807111017760776, 'MRR@5': 0.0414790924461115, 'Recall*@10': 0.10224114855130513, 'NDCG*@10': 0.0609499549581891, 'MRR*@10': 0.04840972097147079, 'Recall*@5': 0.07127198328574498, 'NDCG*@5': 0.050968630328064875, 'MRR*@5': 0.04431000121292614}
