INFO    [02-25 12:52:01] setup_train in utils:
{
    "experiment_dir": "___lfms_base_2022",
    "experiment_description": "base",
    "dataset_name": "lastfm_small.csv",
    "sched": "basic",
    "model_code": "sasrec",
    "num_epochs": 50,
    "mode": [
        "train",
        "test"
    ],
    "max_len": 20,
    "test_state_path": null,
    "model_state_path": null,
    "rand_seed": 2022,
    "load_processed_dataset": true,
    "save_processed_dataset": false,
    "dataset_cache_filename": null,
    "weight_decay": 0,
    "decay_step": 15,
    "gamma": 0.99,
    "lr": 0.001,
    "min_length": 5,
    "min_item_inter": 5,
    "good_only": false,
    "use_rating": true,
    "test_negative_sampler_code": "random",
    "test_negative_sample_size": 0,
    "dataloader_type": "next",
    "train_batch_size": 64,
    "val_batch_size": 64,
    "test_batch_size": 64,
    "prop_sliding_window": -1.0,
    "worker_number": 2,
    "metric_ks": [
        5,
        10
    ],
    "device": "cuda",
    "num_gpu": 1,
    "optimizer": "Adam",
    "best_metric": "NDCG@10",
    "show_process_bar": false,
    "enable_sample": false,
    "samples_ratio": 0.1,
    "config_file": "config2.lastfm_small/sasrec/config.json",
    "task_id": -1,
    "describe": null,
    "split": "leave_one_out",
    "do_remap": true,
    "train_negative_sampler_code": "random",
    "train_negative_sample_size": 100,
    "device_idx": "0",
    "momentum": null,
    "log_period_as_iter": 12800,
    "mentor_code": "bert",
    "training_routine": null,
    "T": 1,
    "alpha": 0.1,
    "dvae_alpha": 0.5,
    "softmaxed_mentor": false,
    "weight_list": [
        0.5,
        0.5
    ],
    "validation_rate": 0.2,
    "num_items": null,
    "start_index": 1,
    "kwargs": null
}
DEBUG   [02-25 12:52:01] __init__ in BasicSched:
BasicScheduler attribs: tag=sasrec
INFO    [02-25 12:52:01] dataloader_factory in __init__:
loading processed dataset cache in /data/wushiguang-slurm/code/gitee-repos/soft-rec/Data/Cache/lastfm_small-5-5.pkl
INFO    [02-25 12:52:01] check_dataset_cache in utils:
check if the cache is generated under this configuration
INFO    [02-25 12:52:01] check_dataset_cache in utils:
correct.
INFO    [02-25 12:52:01] __init__ in NextItemDataloader:
there are 3646 items in this dataset, 3173 users, padding_first? False
DEBUG   [02-25 12:52:02] generate_model in utils:
model_code_list=['sasrec']
INFO    [02-25 12:52:02] load_model_config in utils:
loading model sasrec's config file at asset/config/model/sasrec.json
INFO    [02-25 12:52:02] load_model_config in utils:
{
    "n_layers": 2,
    "n_heads": 2,
    "hidden_size": 64,
    "inner_size": 128,
    "hidden_dropout_prob": 0.35,
    "attn_dropout_prob": 0.35,
    "hidden_act": "relu",
    "layer_norm_eps": 1e-12,
    "initializer_range": 0.02,
    "loss_type": "CE"
}
WARNING [02-25 12:52:28] get_exist_path in utils:
dir ___lfms_base_2022/base_sasrec_02-25_12:52_0/sasrec_logs does not exist! Create one.
WARNING [02-25 12:52:28] get_exist_path in utils:
dir ___lfms_base_2022/base_sasrec_02-25_12:52_0/sasrec_logs/tb_vis does not exist! Create one.
WARNING [02-25 12:52:28] get_exist_path in utils:
dir ___lfms_base_2022/base_sasrec_02-25_12:52_0/sasrec_logs/checkpoint does not exist! Create one.
INFO    [02-25 12:52:28] __init__ in BasicSched:
SASRecModel(
  (item_embedding): Embedding(3647, 64, padding_idx=0)
  (position_embedding): Embedding(20, 64)
  (trm_encoder): TransformerEncoder(
    (layer): ModuleList(
      (0): TransformerLayer(
        (multi_head_attention): MultiHeadAttention(
          (query): Linear(in_features=64, out_features=64, bias=True)
          (key): Linear(in_features=64, out_features=64, bias=True)
          (value): Linear(in_features=64, out_features=64, bias=True)
          (attn_dropout): Dropout(p=0.35, inplace=False)
          (dense): Linear(in_features=64, out_features=64, bias=True)
          (LayerNorm): LayerNorm((64,), eps=1e-12, elementwise_affine=True)
          (out_dropout): Dropout(p=0.35, inplace=False)
        )
        (feed_forward): FeedForward(
          (dense_1): Linear(in_features=64, out_features=128, bias=True)
          (dense_2): Linear(in_features=128, out_features=64, bias=True)
          (LayerNorm): LayerNorm((64,), eps=1e-12, elementwise_affine=True)
          (dropout): Dropout(p=0.35, inplace=False)
        )
      )
      (1): TransformerLayer(
        (multi_head_attention): MultiHeadAttention(
          (query): Linear(in_features=64, out_features=64, bias=True)
          (key): Linear(in_features=64, out_features=64, bias=True)
          (value): Linear(in_features=64, out_features=64, bias=True)
          (attn_dropout): Dropout(p=0.35, inplace=False)
          (dense): Linear(in_features=64, out_features=64, bias=True)
          (LayerNorm): LayerNorm((64,), eps=1e-12, elementwise_affine=True)
          (out_dropout): Dropout(p=0.35, inplace=False)
        )
        (feed_forward): FeedForward(
          (dense_1): Linear(in_features=64, out_features=128, bias=True)
          (dense_2): Linear(in_features=128, out_features=64, bias=True)
          (LayerNorm): LayerNorm((64,), eps=1e-12, elementwise_affine=True)
          (dropout): Dropout(p=0.35, inplace=False)
        )
      )
    )
  )
  (LayerNorm): LayerNorm((64,), eps=1e-12, elementwise_affine=True)
  (dropout): Dropout(p=0.35, inplace=False)
  (loss_fct): CrossEntropyLoss()
)
WARNING [02-25 12:52:28] get_path in utils:
Path is None
WARNING [02-25 12:52:28] load_state_from_given_path in utils:
Not given any path.
INFO    [02-25 12:52:28] assert_model_device in utils:
model sasrec has 1.151123046875 MB params.
INFO    [02-25 12:52:28] __init__ in BasicTrainer:
48256 iter per epoch
INFO    [02-25 12:52:28] _fit in BasicSched:
Start training.
INFO    [02-25 12:52:33] log in loggers:
Update Best NDCG@10 Model at 0
INFO    [02-25 12:52:33] validate in BasicTrainer:
{'Recall@10': 0.001875, 'NDCG@10': 0.000832204557955265, 'MRR@10': 0.000510416675824672, 'Recall@5': 0.00125, 'NDCG@5': 0.0006305570527911186, 'MRR@5': 0.00042708334047347307, 'Recall*@10': 0.001875, 'NDCG*@10': 0.000832204557955265, 'MRR*@10': 0.000510416675824672, 'Recall*@5': 0.00125, 'NDCG*@5': 0.0006305570527911186, 'MRR*@5': 0.00042708334047347307}
INFO    [02-25 12:52:33] train in BasicTrainer:
epoch: 0
INFO    [02-25 12:52:49] _train_one_epoch in BasicTrainer:
loss = 7.604929549624496
INFO    [02-25 12:52:52] log in loggers:
Update Best NDCG@10 Model at 0
INFO    [02-25 12:52:52] validate in BasicTrainer:
{'Recall@10': 0.0598902028799057, 'NDCG@10': 0.030626322096213698, 'MRR@10': 0.021828363272361456, 'Recall@5': 0.0360810811072588, 'NDCG@5': 0.022885095849633216, 'MRR@5': 0.018606700929813088, 'Recall*@10': 0.0598902028799057, 'NDCG*@10': 0.030626322096213698, 'MRR*@10': 0.021828363272361456, 'Recall*@5': 0.0360810811072588, 'NDCG*@5': 0.022885095849633216, 'MRR*@5': 0.018606700929813088}
INFO    [02-25 12:52:52] train in BasicTrainer:
duration: 19.035220861434937s
INFO    [02-25 12:52:52] train in BasicTrainer:
epoch: 1
INFO    [02-25 12:53:09] _train_one_epoch in BasicTrainer:
loss = 6.798614668909371
INFO    [02-25 12:53:11] log in loggers:
Update Best NDCG@10 Model at 1
INFO    [02-25 12:53:12] validate in BasicTrainer:
{'Recall@10': 0.1229307433962822, 'NDCG@10': 0.06535850808024407, 'MRR@10': 0.04782486144453287, 'Recall@5': 0.08059966221451759, 'NDCG@5': 0.05175895664840937, 'MRR@5': 0.04226421821862459, 'Recall*@10': 0.1229307433962822, 'NDCG*@10': 0.06535850808024407, 'MRR*@10': 0.04782486144453287, 'Recall*@5': 0.08059966221451759, 'NDCG*@5': 0.05175895664840937, 'MRR*@5': 0.04226421821862459}
INFO    [02-25 12:53:12] train in BasicTrainer:
duration: 19.407684326171875s
INFO    [02-25 12:53:12] train in BasicTrainer:
epoch: 2
INFO    [02-25 12:53:28] _train_one_epoch in BasicTrainer:
loss = 6.239818299796917
INFO    [02-25 12:53:31] log in loggers:
Update Best NDCG@10 Model at 2
INFO    [02-25 12:53:31] validate in BasicTrainer:
{'Recall@10': 0.16114020287990571, 'NDCG@10': 0.09133463643491269, 'MRR@10': 0.07016214333474637, 'Recall@5': 0.10778716221451759, 'NDCG@5': 0.0742276868224144, 'MRR@5': 0.06318834614008666, 'Recall*@10': 0.16114020287990571, 'NDCG*@10': 0.09133463643491269, 'MRR*@10': 0.07016214333474637, 'Recall*@5': 0.10778716221451759, 'NDCG*@5': 0.0742276868224144, 'MRR*@5': 0.06318834614008666}
INFO    [02-25 12:53:31] train in BasicTrainer:
duration: 19.04915738105774s
INFO    [02-25 12:53:31] train in BasicTrainer:
epoch: 3
INFO    [02-25 12:53:47] _train_one_epoch in BasicTrainer:
loss = 5.919550598458207
INFO    [02-25 12:53:49] log in loggers:
Update Best NDCG@10 Model at 3
INFO    [02-25 12:53:50] validate in BasicTrainer:
{'Recall@10': 0.17676520287990571, 'NDCG@10': 0.10058429442346097, 'MRR@10': 0.07739278383553028, 'Recall@5': 0.1227027028799057, 'NDCG@5': 0.08329020891338587, 'MRR@5': 0.07036500710994005, 'Recall*@10': 0.17676520287990571, 'NDCG*@10': 0.10058429442346097, 'MRR*@10': 0.07739278383553028, 'Recall*@5': 0.1227027028799057, 'NDCG*@5': 0.08329020891338587, 'MRR*@5': 0.07036500710994005}
INFO    [02-25 12:53:50] train in BasicTrainer:
duration: 18.964590072631836s
INFO    [02-25 12:53:50] train in BasicTrainer:
epoch: 4
INFO    [02-25 12:54:06] _train_one_epoch in BasicTrainer:
loss = 5.720633621873526
INFO    [02-25 12:54:08] log in loggers:
Update Best NDCG@10 Model at 4
INFO    [02-25 12:54:08] validate in BasicTrainer:
{'Recall@10': 0.1899746622145176, 'NDCG@10': 0.10743002608418464, 'MRR@10': 0.08224943090230226, 'Recall@5': 0.12920608110725879, 'NDCG@5': 0.08780110374093056, 'MRR@5': 0.07416005209088325, 'Recall*@10': 0.1899746622145176, 'NDCG*@10': 0.10743002608418464, 'MRR*@10': 0.08224943090230226, 'Recall*@5': 0.12920608110725879, 'NDCG*@5': 0.08780110374093056, 'MRR*@5': 0.07416005209088325}
INFO    [02-25 12:54:08] train in BasicTrainer:
duration: 18.811448574066162s
INFO    [02-25 12:54:08] train in BasicTrainer:
epoch: 5
INFO    [02-25 12:54:24] _train_one_epoch in BasicTrainer:
loss = 5.597703162808001
INFO    [02-25 12:54:27] log in loggers:
Update Best NDCG@10 Model at 5
INFO    [02-25 12:54:27] validate in BasicTrainer:
{'Recall@10': 0.1983277028799057, 'NDCG@10': 0.11185100473463536, 'MRR@10': 0.08558252654969692, 'Recall@5': 0.1332685811072588, 'NDCG@5': 0.09100492089986802, 'MRR@5': 0.07709149915724993, 'Recall*@10': 0.1983277028799057, 'NDCG*@10': 0.11185100473463536, 'MRR*@10': 0.08558252654969692, 'Recall*@5': 0.1332685811072588, 'NDCG*@5': 0.09100492089986802, 'MRR*@5': 0.07709149915724993}
INFO    [02-25 12:54:27] train in BasicTrainer:
duration: 18.85105061531067s
INFO    [02-25 12:54:27] train in BasicTrainer:
epoch: 6
INFO    [02-25 12:54:43] _train_one_epoch in BasicTrainer:
loss = 5.505508481033285
INFO    [02-25 12:54:46] log in loggers:
Update Best NDCG@10 Model at 6
INFO    [02-25 12:54:46] validate in BasicTrainer:
{'Recall@10': 0.2002871622145176, 'NDCG@10': 0.11345913745462895, 'MRR@10': 0.0869946911931038, 'Recall@5': 0.1400591216981411, 'NDCG@5': 0.09418860081583262, 'MRR@5': 0.07915779910981655, 'Recall*@10': 0.2002871622145176, 'NDCG*@10': 0.11345913745462895, 'MRR*@10': 0.0869946911931038, 'Recall*@5': 0.1400591216981411, 'NDCG*@5': 0.09418860081583262, 'MRR*@5': 0.07915779910981655}
INFO    [02-25 12:54:46] train in BasicTrainer:
duration: 18.945961475372314s
INFO    [02-25 12:54:46] train in BasicTrainer:
epoch: 7
INFO    [02-25 12:55:02] _train_one_epoch in BasicTrainer:
loss = 5.434897506901061
INFO    [02-25 12:55:05] validate in BasicTrainer:
{'Recall@10': 0.1986402028799057, 'NDCG@10': 0.11270340844988823, 'MRR@10': 0.0863677279651165, 'Recall@5': 0.14466216221451758, 'NDCG@5': 0.09547009699046612, 'MRR@5': 0.07938401088118553, 'Recall*@10': 0.1986402028799057, 'NDCG*@10': 0.11270340844988823, 'MRR*@10': 0.0863677279651165, 'Recall*@5': 0.14466216221451758, 'NDCG*@5': 0.09547009699046612, 'MRR*@5': 0.07938401088118553}
INFO    [02-25 12:55:05] train in BasicTrainer:
duration: 18.737372875213623s
INFO    [02-25 12:55:05] train in BasicTrainer:
epoch: 8
INFO    [02-25 12:55:21] _train_one_epoch in BasicTrainer:
loss = 5.370887182751765
INFO    [02-25 12:55:24] validate in BasicTrainer:
{'Recall@10': 0.1976182433962822, 'NDCG@10': 0.11207236349582672, 'MRR@10': 0.08604911893606186, 'Recall@5': 0.1338091216981411, 'NDCG@5': 0.09157657392323017, 'MRR@5': 0.07767440997064114, 'Recall*@10': 0.1976182433962822, 'NDCG*@10': 0.11207236349582672, 'MRR*@10': 0.08604911893606186, 'Recall*@5': 0.1338091216981411, 'NDCG*@5': 0.09157657392323017, 'MRR*@5': 0.07767440997064114}
INFO    [02-25 12:55:24] train in BasicTrainer:
duration: 18.7673282623291s
INFO    [02-25 12:55:24] train in BasicTrainer:
epoch: 9
INFO    [02-25 12:55:40] _train_one_epoch in BasicTrainer:
loss = 5.32887392334976
INFO    [02-25 12:55:43] log in loggers:
Update Best NDCG@10 Model at 9
INFO    [02-25 12:55:43] validate in BasicTrainer:
{'Recall@10': 0.2039527028799057, 'NDCG@10': 0.11764141850173473, 'MRR@10': 0.09111246027052403, 'Recall@5': 0.1469341216981411, 'NDCG@5': 0.09925682663917541, 'MRR@5': 0.08355504114180803, 'Recall*@10': 0.2039527028799057, 'NDCG*@10': 0.11764141850173473, 'MRR*@10': 0.09111246027052403, 'Recall*@5': 0.1469341216981411, 'NDCG*@5': 0.09925682663917541, 'MRR*@5': 0.08355504114180803}
INFO    [02-25 12:55:43] train in BasicTrainer:
duration: 18.925211191177368s
INFO    [02-25 12:55:43] train in BasicTrainer:
epoch: 10
INFO    [02-25 12:55:59] _train_one_epoch in BasicTrainer:
loss = 5.293660902534302
INFO    [02-25 12:56:01] validate in BasicTrainer:
{'Recall@10': 0.2012246622145176, 'NDCG@10': 0.1173958070576191, 'MRR@10': 0.0917713975161314, 'Recall@5': 0.1430996622145176, 'NDCG@5': 0.09877725452184677, 'MRR@5': 0.08418806463479996, 'Recall*@10': 0.2012246622145176, 'NDCG*@10': 0.1173958070576191, 'MRR*@10': 0.0917713975161314, 'Recall*@5': 0.1430996622145176, 'NDCG*@5': 0.09877725452184677, 'MRR*@5': 0.08418806463479996}
INFO    [02-25 12:56:01] train in BasicTrainer:
duration: 18.758869647979736s
INFO    [02-25 12:56:01] train in BasicTrainer:
epoch: 11
INFO    [02-25 12:56:17] _train_one_epoch in BasicTrainer:
loss = 5.245928833908365
INFO    [02-25 12:56:20] log in loggers:
Update Best NDCG@10 Model at 11
INFO    [02-25 12:56:20] validate in BasicTrainer:
{'Recall@10': 0.2114527028799057, 'NDCG@10': 0.11906651131808758, 'MRR@10': 0.09091582745313645, 'Recall@5': 0.14466216221451758, 'NDCG@5': 0.09746810980141163, 'MRR@5': 0.08200140878558158, 'Recall*@10': 0.2114527028799057, 'NDCG*@10': 0.11906651131808758, 'MRR*@10': 0.09091582745313645, 'Recall*@5': 0.14466216221451758, 'NDCG*@5': 0.09746810980141163, 'MRR*@5': 0.08200140878558158}
INFO    [02-25 12:56:20] train in BasicTrainer:
duration: 18.96048378944397s
INFO    [02-25 12:56:20] train in BasicTrainer:
epoch: 12
INFO    [02-25 12:56:36] _train_one_epoch in BasicTrainer:
loss = 5.217572475301808
INFO    [02-25 12:56:39] validate in BasicTrainer:
{'Recall@10': 0.2048902028799057, 'NDCG@10': 0.11739500440657138, 'MRR@10': 0.0905707161873579, 'Recall@5': 0.1469341216981411, 'NDCG@5': 0.09862505905330181, 'MRR@5': 0.08281503550708294, 'Recall*@10': 0.2048902028799057, 'NDCG*@10': 0.11739500440657138, 'MRR*@10': 0.0905707161873579, 'Recall*@5': 0.1469341216981411, 'NDCG*@5': 0.09862505905330181, 'MRR*@5': 0.08281503550708294}
INFO    [02-25 12:56:39] train in BasicTrainer:
duration: 18.79113459587097s
INFO    [02-25 12:56:39] train in BasicTrainer:
epoch: 13
INFO    [02-25 12:56:55] _train_one_epoch in BasicTrainer:
loss = 5.1868634540143
INFO    [02-25 12:56:58] log in loggers:
Update Best NDCG@10 Model at 13
INFO    [02-25 12:56:58] validate in BasicTrainer:
{'Recall@10': 0.2130152028799057, 'NDCG@10': 0.1207965349406004, 'MRR@10': 0.09269445911049842, 'Recall@5': 0.1447466216981411, 'NDCG@5': 0.09882354877889156, 'MRR@5': 0.0836889087036252, 'Recall*@10': 0.2130152028799057, 'NDCG*@10': 0.1207965349406004, 'MRR*@10': 0.09269445911049842, 'Recall*@5': 0.1447466216981411, 'NDCG*@5': 0.09882354877889156, 'MRR*@5': 0.0836889087036252}
INFO    [02-25 12:56:58] train in BasicTrainer:
duration: 18.868175506591797s
INFO    [02-25 12:56:58] train in BasicTrainer:
epoch: 14
INFO    [02-25 12:57:14] _train_one_epoch in BasicTrainer:
loss = 5.16680777863419
INFO    [02-25 12:57:17] log in loggers:
Update Best NDCG@10 Model at 14
INFO    [02-25 12:57:17] validate in BasicTrainer:
{'Recall@10': 0.2066807433962822, 'NDCG@10': 0.12111866772174835, 'MRR@10': 0.0950913179665804, 'Recall@5': 0.1444341216981411, 'NDCG@5': 0.10102288626134395, 'MRR@5': 0.08681320436298848, 'Recall*@10': 0.2066807433962822, 'NDCG*@10': 0.12111866772174835, 'MRR*@10': 0.0950913179665804, 'Recall*@5': 0.1444341216981411, 'NDCG*@5': 0.10102288626134395, 'MRR*@5': 0.08681320436298848}
INFO    [02-25 12:57:17] train in BasicTrainer:
duration: 18.854814291000366s
INFO    [02-25 12:57:17] train in BasicTrainer:
epoch: 15
INFO    [02-25 12:57:33] _train_one_epoch in BasicTrainer:
loss = 5.131863215241571
INFO    [02-25 12:57:36] log in loggers:
Update Best NDCG@10 Model at 15
INFO    [02-25 12:57:36] validate in BasicTrainer:
{'Recall@10': 0.21091216221451758, 'NDCG@10': 0.12141125187277794, 'MRR@10': 0.09395353831350803, 'Recall@5': 0.1506841216981411, 'NDCG@5': 0.10212426871061325, 'MRR@5': 0.08610712416470051, 'Recall*@10': 0.21091216221451758, 'NDCG*@10': 0.12141125187277794, 'MRR*@10': 0.09395353831350803, 'Recall*@5': 0.1506841216981411, 'NDCG*@5': 0.10212426871061325, 'MRR*@5': 0.08610712416470051}
INFO    [02-25 12:57:36] train in BasicTrainer:
duration: 18.85430359840393s
INFO    [02-25 12:57:36] train in BasicTrainer:
epoch: 16
INFO    [02-25 12:57:52] _train_one_epoch in BasicTrainer:
loss = 5.115983790997169
INFO    [02-25 12:57:55] validate in BasicTrainer:
{'Recall@10': 0.2080996622145176, 'NDCG@10': 0.1202302248775959, 'MRR@10': 0.09335731223225593, 'Recall@5': 0.1490371622145176, 'NDCG@5': 0.1012590330839157, 'MRR@5': 0.08560036759823561, 'Recall*@10': 0.2080996622145176, 'NDCG*@10': 0.1202302248775959, 'MRR*@10': 0.09335731223225593, 'Recall*@5': 0.1490371622145176, 'NDCG*@5': 0.1012590330839157, 'MRR*@5': 0.08560036759823561}
INFO    [02-25 12:57:55] train in BasicTrainer:
duration: 18.840881824493408s
INFO    [02-25 12:57:55] train in BasicTrainer:
epoch: 17
INFO    [02-25 12:58:11] _train_one_epoch in BasicTrainer:
loss = 5.091786953751542
INFO    [02-25 12:58:13] log in loggers:
Update Best NDCG@10 Model at 17
INFO    [02-25 12:58:13] validate in BasicTrainer:
{'Recall@10': 0.2169932433962822, 'NDCG@10': 0.12348439499735832, 'MRR@10': 0.09493384152650833, 'Recall@5': 0.1488091216981411, 'NDCG@5': 0.10145742572844028, 'MRR@5': 0.08585585724562407, 'Recall*@10': 0.2169932433962822, 'NDCG*@10': 0.12348439499735832, 'MRR*@10': 0.09493384152650833, 'Recall*@5': 0.1488091216981411, 'NDCG*@5': 0.10145742572844028, 'MRR*@5': 0.08585585724562407}
INFO    [02-25 12:58:13] train in BasicTrainer:
duration: 18.919834852218628s
INFO    [02-25 12:58:13] train in BasicTrainer:
epoch: 18
INFO    [02-25 12:58:30] _train_one_epoch in BasicTrainer:
loss = 5.070094963599896
INFO    [02-25 12:58:32] log in loggers:
Update Best NDCG@10 Model at 18
INFO    [02-25 12:58:32] validate in BasicTrainer:
{'Recall@10': 0.2144087839126587, 'NDCG@10': 0.12470384225249291, 'MRR@10': 0.09720113925635815, 'Recall@5': 0.1517060811072588, 'NDCG@5': 0.10428734526038169, 'MRR@5': 0.08869031727313996, 'Recall*@10': 0.2144087839126587, 'NDCG*@10': 0.12470384225249291, 'MRR*@10': 0.09720113925635815, 'Recall*@5': 0.1517060811072588, 'NDCG*@5': 0.10428734526038169, 'MRR*@5': 0.08869031727313996}
INFO    [02-25 12:58:32] train in BasicTrainer:
duration: 18.913105726242065s
INFO    [02-25 12:58:32] train in BasicTrainer:
epoch: 19
INFO    [02-25 12:58:48] _train_one_epoch in BasicTrainer:
loss = 5.063007860031937
INFO    [02-25 12:58:51] validate in BasicTrainer:
{'Recall@10': 0.21136824339628218, 'NDCG@10': 0.1224621170014143, 'MRR@10': 0.09519996285438538, 'Recall@5': 0.1531841216981411, 'NDCG@5': 0.10372737478464841, 'MRR@5': 0.08751815985888242, 'Recall*@10': 0.21136824339628218, 'NDCG*@10': 0.1224621170014143, 'MRR*@10': 0.09519996285438538, 'Recall*@5': 0.1531841216981411, 'NDCG*@5': 0.10372737478464841, 'MRR*@5': 0.08751815985888242}
INFO    [02-25 12:58:51] train in BasicTrainer:
duration: 18.75851082801819s
INFO    [02-25 12:58:51] train in BasicTrainer:
epoch: 20
INFO    [02-25 12:59:07] _train_one_epoch in BasicTrainer:
loss = 5.0384952585640255
INFO    [02-25 12:59:10] validate in BasicTrainer:
{'Recall@10': 0.2144932433962822, 'NDCG@10': 0.1222931070625782, 'MRR@10': 0.09413149036467075, 'Recall@5': 0.15247466221451758, 'NDCG@5': 0.10239903695881367, 'MRR@5': 0.08601576842367649, 'Recall*@10': 0.2144932433962822, 'NDCG*@10': 0.1222931070625782, 'MRR*@10': 0.09413149036467075, 'Recall*@5': 0.15247466221451758, 'NDCG*@5': 0.10239903695881367, 'MRR*@5': 0.08601576842367649}
INFO    [02-25 12:59:10] train in BasicTrainer:
duration: 18.83441400527954s
INFO    [02-25 12:59:10] train in BasicTrainer:
epoch: 21
INFO    [02-25 12:59:26] _train_one_epoch in BasicTrainer:
loss = 5.024470145253351
INFO    [02-25 12:59:29] log in loggers:
Update Best NDCG@10 Model at 21
INFO    [02-25 12:59:29] validate in BasicTrainer:
{'Recall@10': 0.2173902028799057, 'NDCG@10': 0.1265049447864294, 'MRR@10': 0.09870742209255695, 'Recall@5': 0.1543496622145176, 'NDCG@5': 0.10615034654736519, 'MRR@5': 0.09032165192067623, 'Recall*@10': 0.2173902028799057, 'NDCG*@10': 0.1265049447864294, 'MRR*@10': 0.09870742209255695, 'Recall*@5': 0.1543496622145176, 'NDCG*@5': 0.10615034654736519, 'MRR*@5': 0.09032165192067623}
INFO    [02-25 12:59:29] train in BasicTrainer:
duration: 18.81860089302063s
INFO    [02-25 12:59:29] train in BasicTrainer:
epoch: 22
INFO    [02-25 12:59:45] _train_one_epoch in BasicTrainer:
loss = 5.012634675762065
INFO    [02-25 12:59:47] log in loggers:
Update Best NDCG@10 Model at 22
INFO    [02-25 12:59:48] validate in BasicTrainer:
{'Recall@10': 0.2184121622145176, 'NDCG@10': 0.12669478982686996, 'MRR@10': 0.09853488072752953, 'Recall@5': 0.1521621622145176, 'NDCG@5': 0.1050920370966196, 'MRR@5': 0.08951590806245804, 'Recall*@10': 0.2184121622145176, 'NDCG*@10': 0.12669478982686996, 'MRR*@10': 0.09853488072752953, 'Recall*@5': 0.1521621622145176, 'NDCG*@5': 0.1050920370966196, 'MRR*@5': 0.08951590806245804}
INFO    [02-25 12:59:48] train in BasicTrainer:
duration: 18.76154923439026s
INFO    [02-25 12:59:48] train in BasicTrainer:
epoch: 23
INFO    [02-25 13:00:04] _train_one_epoch in BasicTrainer:
loss = 5.0008619261673335
INFO    [02-25 13:00:06] validate in BasicTrainer:
{'Recall@10': 0.2131587839126587, 'NDCG@10': 0.12358946725726128, 'MRR@10': 0.09617881409823895, 'Recall@5': 0.1521621622145176, 'NDCG@5': 0.1039064996317029, 'MRR@5': 0.08808009680360555, 'Recall*@10': 0.2131587839126587, 'NDCG*@10': 0.12358946725726128, 'MRR*@10': 0.09617881409823895, 'Recall*@5': 0.1521621622145176, 'NDCG*@5': 0.1039064996317029, 'MRR*@5': 0.08808009680360555}
INFO    [02-25 13:00:06] train in BasicTrainer:
duration: 18.847054719924927s
INFO    [02-25 13:00:06] train in BasicTrainer:
epoch: 24
INFO    [02-25 13:00:22] _train_one_epoch in BasicTrainer:
loss = 4.980632020560753
INFO    [02-25 13:00:25] validate in BasicTrainer:
{'Recall@10': 0.2138682433962822, 'NDCG@10': 0.12278106838464736, 'MRR@10': 0.09497206516563893, 'Recall@5': 0.1493496622145176, 'NDCG@5': 0.10187054887413978, 'MRR@5': 0.08631827309727669, 'Recall*@10': 0.2138682433962822, 'NDCG*@10': 0.12278106838464736, 'MRR*@10': 0.09497206516563893, 'Recall*@5': 0.1493496622145176, 'NDCG*@5': 0.10187054887413978, 'MRR*@5': 0.08631827309727669}
INFO    [02-25 13:00:25] train in BasicTrainer:
duration: 18.789129495620728s
INFO    [02-25 13:00:25] train in BasicTrainer:
epoch: 25
INFO    [02-25 13:00:41] _train_one_epoch in BasicTrainer:
loss = 4.978310690002036
INFO    [02-25 13:00:44] validate in BasicTrainer:
{'Recall@10': 0.21261824339628219, 'NDCG@10': 0.12160501599311829, 'MRR@10': 0.09369168788194657, 'Recall@5': 0.1506841216981411, 'NDCG@5': 0.10164050944149494, 'MRR@5': 0.08548677034676075, 'Recall*@10': 0.21261824339628219, 'NDCG*@10': 0.12160501599311829, 'MRR*@10': 0.09369168788194657, 'Recall*@5': 0.1506841216981411, 'NDCG*@5': 0.10164050944149494, 'MRR*@5': 0.08548677034676075}
INFO    [02-25 13:00:44] train in BasicTrainer:
duration: 19.024066925048828s
INFO    [02-25 13:00:44] train in BasicTrainer:
epoch: 26
INFO    [02-25 13:01:01] _train_one_epoch in BasicTrainer:
loss = 4.970058164798929
INFO    [02-25 13:01:04] validate in BasicTrainer:
{'Recall@10': 0.2119932433962822, 'NDCG@10': 0.1214757015556097, 'MRR@10': 0.0939573485404253, 'Recall@5': 0.1480996622145176, 'NDCG@5': 0.10096452701836825, 'MRR@5': 0.08557587459683419, 'Recall*@10': 0.2119932433962822, 'NDCG*@10': 0.1214757015556097, 'MRR*@10': 0.0939573485404253, 'Recall*@5': 0.1480996622145176, 'NDCG*@5': 0.10096452701836825, 'MRR*@5': 0.08557587459683419}
INFO    [02-25 13:01:04] train in BasicTrainer:
duration: 19.333810567855835s
INFO    [02-25 13:01:04] train in BasicTrainer:
epoch: 27
INFO    [02-25 13:01:20] _train_one_epoch in BasicTrainer:
loss = 4.955109220600887
INFO    [02-25 13:01:22] validate in BasicTrainer:
{'Recall@10': 0.2134121622145176, 'NDCG@10': 0.12236742541193962, 'MRR@10': 0.09456979811191558, 'Recall@5': 0.1472466216981411, 'NDCG@5': 0.10105616673827171, 'MRR@5': 0.0858243266120553, 'Recall*@10': 0.2134121622145176, 'NDCG*@10': 0.12236742541193962, 'MRR*@10': 0.09456979811191558, 'Recall*@5': 0.1472466216981411, 'NDCG*@5': 0.10105616673827171, 'MRR*@5': 0.0858243266120553}
INFO    [02-25 13:01:22] train in BasicTrainer:
duration: 18.944355726242065s
INFO    [02-25 13:01:22] train in BasicTrainer:
epoch: 28
INFO    [02-25 13:01:39] _train_one_epoch in BasicTrainer:
loss = 4.946145296096802
INFO    [02-25 13:01:41] validate in BasicTrainer:
{'Recall@10': 0.2136402028799057, 'NDCG@10': 0.1255105257034302, 'MRR@10': 0.09850676484405994, 'Recall@5': 0.15622466221451758, 'NDCG@5': 0.10698536589741707, 'MRR@5': 0.0908831661194563, 'Recall*@10': 0.2136402028799057, 'NDCG*@10': 0.1255105257034302, 'MRR*@10': 0.09850676484405994, 'Recall*@5': 0.15622466221451758, 'NDCG*@5': 0.10698536589741707, 'MRR*@5': 0.0908831661194563}
INFO    [02-25 13:01:41] train in BasicTrainer:
duration: 18.950650453567505s
INFO    [02-25 13:01:41] train in BasicTrainer:
epoch: 29
INFO    [02-25 13:01:58] _train_one_epoch in BasicTrainer:
loss = 4.936148629580631
INFO    [02-25 13:02:00] validate in BasicTrainer:
{'Recall@10': 0.2108277028799057, 'NDCG@10': 0.12211770616471768, 'MRR@10': 0.09486656606197358, 'Recall@5': 0.1521621622145176, 'NDCG@5': 0.10305524975061417, 'MRR@5': 0.08694383643567562, 'Recall*@10': 0.2108277028799057, 'NDCG*@10': 0.12211770616471768, 'MRR*@10': 0.09486656606197358, 'Recall*@5': 0.1521621622145176, 'NDCG*@5': 0.10305524975061417, 'MRR*@5': 0.08694383643567562}
INFO    [02-25 13:02:00] train in BasicTrainer:
duration: 18.861392498016357s
INFO    [02-25 13:02:00] train in BasicTrainer:
epoch: 30
INFO    [02-25 13:02:16] _train_one_epoch in BasicTrainer:
loss = 4.920572847523171
INFO    [02-25 13:02:19] validate in BasicTrainer:
{'Recall@10': 0.2140962839126587, 'NDCG@10': 0.12402916774153709, 'MRR@10': 0.09644657090306281, 'Recall@5': 0.1520777028799057, 'NDCG@5': 0.10418193250894546, 'MRR@5': 0.08838077269494533, 'Recall*@10': 0.2140962839126587, 'NDCG*@10': 0.12402916774153709, 'MRR*@10': 0.09644657090306281, 'Recall*@5': 0.1520777028799057, 'NDCG*@5': 0.10418193250894546, 'MRR*@5': 0.08838077269494533}
INFO    [02-25 13:02:19] train in BasicTrainer:
duration: 18.85495352745056s
INFO    [02-25 13:02:19] train in BasicTrainer:
epoch: 31
INFO    [02-25 13:02:35] _train_one_epoch in BasicTrainer:
loss = 4.914099012825154
INFO    [02-25 13:02:38] log in loggers:
Update Best NDCG@10 Model at 31
INFO    [02-25 13:02:38] validate in BasicTrainer:
{'Recall@10': 0.2203462839126587, 'NDCG@10': 0.12783487960696222, 'MRR@10': 0.09955709181725979, 'Recall@5': 0.1517652028799057, 'NDCG@5': 0.10562712237238885, 'MRR@5': 0.09037584744393826, 'Recall*@10': 0.2203462839126587, 'NDCG*@10': 0.12783487960696222, 'MRR*@10': 0.09955709181725979, 'Recall*@5': 0.1517652028799057, 'NDCG*@5': 0.10562712237238885, 'MRR*@5': 0.09037584744393826}
INFO    [02-25 13:02:38] train in BasicTrainer:
duration: 19.06184720993042s
INFO    [02-25 13:02:38] train in BasicTrainer:
epoch: 32
INFO    [02-25 13:02:54] _train_one_epoch in BasicTrainer:
loss = 4.9022256600761915
INFO    [02-25 13:02:57] validate in BasicTrainer:
{'Recall@10': 0.2161993244290352, 'NDCG@10': 0.125831910520792, 'MRR@10': 0.09819026984274387, 'Recall@5': 0.1544932433962822, 'NDCG@5': 0.10594963170588016, 'MRR@5': 0.09002843528985977, 'Recall*@10': 0.2161993244290352, 'NDCG*@10': 0.125831910520792, 'MRR*@10': 0.09819026984274387, 'Recall*@5': 0.1544932433962822, 'NDCG*@5': 0.10594963170588016, 'MRR*@5': 0.09002843528985977}
INFO    [02-25 13:02:57] train in BasicTrainer:
duration: 18.937302589416504s
INFO    [02-25 13:02:57] train in BasicTrainer:
epoch: 33
INFO    [02-25 13:03:13] _train_one_epoch in BasicTrainer:
loss = 4.889768704179112
INFO    [02-25 13:03:16] validate in BasicTrainer:
{'Recall@10': 0.2223057433962822, 'NDCG@10': 0.12739679656922817, 'MRR@10': 0.09834421448409557, 'Recall@5': 0.1608277028799057, 'NDCG@5': 0.10771675787866115, 'MRR@5': 0.09033671319484711, 'Recall*@10': 0.2223057433962822, 'NDCG*@10': 0.12739679656922817, 'MRR*@10': 0.09834421448409557, 'Recall*@5': 0.1608277028799057, 'NDCG*@5': 0.10771675787866115, 'MRR*@5': 0.09033671319484711}
INFO    [02-25 13:03:16] train in BasicTrainer:
duration: 18.882754802703857s
INFO    [02-25 13:03:16] train in BasicTrainer:
epoch: 34
INFO    [02-25 13:03:32] _train_one_epoch in BasicTrainer:
loss = 4.88100422535398
INFO    [02-25 13:03:35] validate in BasicTrainer:
{'Recall@10': 0.2189527028799057, 'NDCG@10': 0.12759710714221, 'MRR@10': 0.0996792195737362, 'Recall@5': 0.1557685811072588, 'NDCG@5': 0.10730956919491291, 'MRR@5': 0.09138893671333789, 'Recall*@10': 0.2189527028799057, 'NDCG*@10': 0.12759710714221, 'MRR*@10': 0.0996792195737362, 'Recall*@5': 0.1557685811072588, 'NDCG*@5': 0.10730956919491291, 'MRR*@5': 0.09138893671333789}
INFO    [02-25 13:03:35] train in BasicTrainer:
duration: 18.997581958770752s
INFO    [02-25 13:03:35] train in BasicTrainer:
epoch: 35
INFO    [02-25 13:03:51] _train_one_epoch in BasicTrainer:
loss = 4.885155066887327
INFO    [02-25 13:03:54] validate in BasicTrainer:
{'Recall@10': 0.2145777028799057, 'NDCG@10': 0.12102000184357166, 'MRR@10': 0.0924524936079979, 'Recall@5': 0.1490371622145176, 'NDCG@5': 0.09984124176204205, 'MRR@5': 0.08372142571955919, 'Recall*@10': 0.2145777028799057, 'NDCG*@10': 0.12102000184357166, 'MRR*@10': 0.0924524936079979, 'Recall*@5': 0.1490371622145176, 'NDCG*@5': 0.09984124176204205, 'MRR*@5': 0.08372142571955919}
INFO    [02-25 13:03:54] train in BasicTrainer:
duration: 18.989403247833252s
INFO    [02-25 13:03:54] train in BasicTrainer:
epoch: 36
INFO    [02-25 13:04:10] _train_one_epoch in BasicTrainer:
loss = 4.8580185317234275
INFO    [02-25 13:04:13] validate in BasicTrainer:
{'Recall@10': 0.2154307433962822, 'NDCG@10': 0.12483347296714782, 'MRR@10': 0.09729755371809005, 'Recall@5': 0.1477871622145176, 'NDCG@5': 0.10312505669891835, 'MRR@5': 0.08843609429895878, 'Recall*@10': 0.2154307433962822, 'NDCG*@10': 0.12483347296714782, 'MRR*@10': 0.09729755371809005, 'Recall*@5': 0.1477871622145176, 'NDCG*@5': 0.10312505669891835, 'MRR*@5': 0.08843609429895878}
INFO    [02-25 13:04:13] train in BasicTrainer:
duration: 18.98699450492859s
INFO    [02-25 13:04:13] train in BasicTrainer:
epoch: 37
INFO    [02-25 13:04:29] _train_one_epoch in BasicTrainer:
loss = 4.868976701792103
INFO    [02-25 13:04:32] log in loggers:
Update Best NDCG@10 Model at 37
INFO    [02-25 13:04:32] validate in BasicTrainer:
{'Recall@10': 0.22534628391265868, 'NDCG@10': 0.12882906138896943, 'MRR@10': 0.09950556494295597, 'Recall@5': 0.15247466221451758, 'NDCG@5': 0.10526682049036026, 'MRR@5': 0.08978617861866951, 'Recall*@10': 0.22534628391265868, 'NDCG*@10': 0.12882906138896943, 'MRR*@10': 0.09950556494295597, 'Recall*@5': 0.15247466221451758, 'NDCG*@5': 0.10526682049036026, 'MRR*@5': 0.08978617861866951}
INFO    [02-25 13:04:32] train in BasicTrainer:
duration: 18.91446614265442s
INFO    [02-25 13:04:32] train in BasicTrainer:
epoch: 38
INFO    [02-25 13:04:48] _train_one_epoch in BasicTrainer:
loss = 4.852090266402267
INFO    [02-25 13:04:51] validate in BasicTrainer:
{'Recall@10': 0.21668074339628218, 'NDCG@10': 0.1252054713666439, 'MRR@10': 0.09721396207809448, 'Recall@5': 0.1505996622145176, 'NDCG@5': 0.10389805778861046, 'MRR@5': 0.08845523819327354, 'Recall*@10': 0.21668074339628218, 'NDCG*@10': 0.1252054713666439, 'MRR*@10': 0.09721396207809448, 'Recall*@5': 0.1505996622145176, 'NDCG*@5': 0.10389805778861046, 'MRR*@5': 0.08845523819327354}
INFO    [02-25 13:04:51] train in BasicTrainer:
duration: 18.88870668411255s
INFO    [02-25 13:04:51] train in BasicTrainer:
epoch: 39
INFO    [02-25 13:05:07] _train_one_epoch in BasicTrainer:
loss = 4.843153293316181
INFO    [02-25 13:05:10] validate in BasicTrainer:
{'Recall@10': 0.2160557433962822, 'NDCG@10': 0.12715258330106735, 'MRR@10': 0.10012637577950954, 'Recall@5': 0.1505996622145176, 'NDCG@5': 0.10607444278895856, 'MRR@5': 0.09147536803036928, 'Recall*@10': 0.2160557433962822, 'NDCG*@10': 0.12715258330106735, 'MRR*@10': 0.10012637577950954, 'Recall*@5': 0.1505996622145176, 'NDCG*@5': 0.10607444278895856, 'MRR*@5': 0.09147536803036928}
INFO    [02-25 13:05:10] train in BasicTrainer:
duration: 18.969192504882812s
INFO    [02-25 13:05:10] train in BasicTrainer:
epoch: 40
INFO    [02-25 13:05:26] _train_one_epoch in BasicTrainer:
loss = 4.835678643193738
INFO    [02-25 13:05:29] validate in BasicTrainer:
{'Recall@10': 0.2110557433962822, 'NDCG@10': 0.12287099242210388, 'MRR@10': 0.09584861755371094, 'Recall@5': 0.1477027028799057, 'NDCG@5': 0.10228667452931405, 'MRR@5': 0.0872987063974142, 'Recall*@10': 0.2110557433962822, 'NDCG*@10': 0.12287099242210388, 'MRR*@10': 0.09584861755371094, 'Recall*@5': 0.1477027028799057, 'NDCG*@5': 0.10228667452931405, 'MRR*@5': 0.0872987063974142}
INFO    [02-25 13:05:29] train in BasicTrainer:
duration: 19.026612997055054s
INFO    [02-25 13:05:29] train in BasicTrainer:
epoch: 41
INFO    [02-25 13:05:45] _train_one_epoch in BasicTrainer:
loss = 4.829518717226994
INFO    [02-25 13:05:48] validate in BasicTrainer:
{'Recall@10': 0.2160557433962822, 'NDCG@10': 0.12495200976729393, 'MRR@10': 0.09728088267147542, 'Recall@5': 0.1480996622145176, 'NDCG@5': 0.1032158962637186, 'MRR@5': 0.0884508741647005, 'Recall*@10': 0.2160557433962822, 'NDCG*@10': 0.12495200976729393, 'MRR*@10': 0.09728088267147542, 'Recall*@5': 0.1480996622145176, 'NDCG*@5': 0.1032158962637186, 'MRR*@5': 0.0884508741647005}
INFO    [02-25 13:05:48] train in BasicTrainer:
duration: 18.96985673904419s
INFO    [02-25 13:05:48] train in BasicTrainer:
epoch: 42
INFO    [02-25 13:06:04] _train_one_epoch in BasicTrainer:
loss = 4.817948679076582
INFO    [02-25 13:06:07] validate in BasicTrainer:
{'Recall@10': 0.21261824339628219, 'NDCG@10': 0.1259418138116598, 'MRR@10': 0.09941744908690453, 'Recall@5': 0.1534121622145176, 'NDCG@5': 0.10688968725502491, 'MRR@5': 0.09160529464483261, 'Recall*@10': 0.21261824339628219, 'NDCG*@10': 0.1259418138116598, 'MRR*@10': 0.09941744908690453, 'Recall*@5': 0.1534121622145176, 'NDCG*@5': 0.10688968725502491, 'MRR*@5': 0.09160529464483261}
INFO    [02-25 13:06:07] train in BasicTrainer:
duration: 18.865779876708984s
INFO    [02-25 13:06:07] train in BasicTrainer:
epoch: 43
INFO    [02-25 13:06:23] _train_one_epoch in BasicTrainer:
loss = 4.814627120602352
INFO    [02-25 13:06:26] validate in BasicTrainer:
{'Recall@10': 0.2144087839126587, 'NDCG@10': 0.12530240505933762, 'MRR@10': 0.09810462728142738, 'Recall@5': 0.1518496622145176, 'NDCG@5': 0.10527371652424336, 'MRR@5': 0.08995805323123932, 'Recall*@10': 0.2144087839126587, 'NDCG*@10': 0.12530240505933762, 'MRR*@10': 0.09810462728142738, 'Recall*@5': 0.1518496622145176, 'NDCG*@5': 0.10527371652424336, 'MRR*@5': 0.08995805323123932}
INFO    [02-25 13:06:26] train in BasicTrainer:
duration: 18.8832266330719s
INFO    [02-25 13:06:26] train in BasicTrainer:
epoch: 44
INFO    [02-25 13:06:42] _train_one_epoch in BasicTrainer:
loss = 4.809869642915396
INFO    [02-25 13:06:45] validate in BasicTrainer:
{'Recall@10': 0.2123057433962822, 'NDCG@10': 0.12509548857808114, 'MRR@10': 0.09840648673474789, 'Recall@5': 0.15162162169814108, 'NDCG@5': 0.10531016275286674, 'MRR@5': 0.09014766462147236, 'Recall*@10': 0.2123057433962822, 'NDCG*@10': 0.12509548857808114, 'MRR*@10': 0.09840648673474789, 'Recall*@5': 0.15162162169814108, 'NDCG*@5': 0.10531016275286674, 'MRR*@5': 0.09014766462147236}
INFO    [02-25 13:06:45] train in BasicTrainer:
duration: 18.98090887069702s
INFO    [02-25 13:06:45] train in BasicTrainer:
epoch: 45
INFO    [02-25 13:07:01] _train_one_epoch in BasicTrainer:
loss = 4.7968944750666935
INFO    [02-25 13:07:03] validate in BasicTrainer:
{'Recall@10': 0.21582770287990571, 'NDCG@10': 0.1269865185022354, 'MRR@10': 0.09973440654575824, 'Recall@5': 0.1552027028799057, 'NDCG@5': 0.10736777007579804, 'MRR@5': 0.09162837997078896, 'Recall*@10': 0.21582770287990571, 'NDCG*@10': 0.1269865185022354, 'MRR*@10': 0.09973440654575824, 'Recall*@5': 0.1552027028799057, 'NDCG*@5': 0.10736777007579804, 'MRR*@5': 0.09162837997078896}
INFO    [02-25 13:07:03] train in BasicTrainer:
duration: 18.952106714248657s
INFO    [02-25 13:07:03] train in BasicTrainer:
epoch: 46
INFO    [02-25 13:07:20] _train_one_epoch in BasicTrainer:
loss = 4.7874468542852835
INFO    [02-25 13:07:22] validate in BasicTrainer:
{'Recall@10': 0.2217652028799057, 'NDCG@10': 0.12836797282099724, 'MRR@10': 0.10001377686858177, 'Recall@5': 0.1542652028799057, 'NDCG@5': 0.10671952299773693, 'MRR@5': 0.09118341974914074, 'Recall*@10': 0.2217652028799057, 'NDCG*@10': 0.12836797282099724, 'MRR*@10': 0.10001377686858177, 'Recall*@5': 0.1542652028799057, 'NDCG*@5': 0.10671952299773693, 'MRR*@5': 0.09118341974914074}
INFO    [02-25 13:07:22] train in BasicTrainer:
duration: 18.86615753173828s
INFO    [02-25 13:07:22] train in BasicTrainer:
epoch: 47
INFO    [02-25 13:07:39] _train_one_epoch in BasicTrainer:
loss = 4.791831269504537
INFO    [02-25 13:07:41] validate in BasicTrainer:
{'Recall@10': 0.2156587839126587, 'NDCG@10': 0.12617392852902412, 'MRR@10': 0.09886157847940921, 'Recall@5': 0.1527027028799057, 'NDCG@5': 0.10597348928451539, 'MRR@5': 0.09061458587646484, 'Recall*@10': 0.2156587839126587, 'NDCG*@10': 0.12617392852902412, 'MRR*@10': 0.09886157847940921, 'Recall*@5': 0.1527027028799057, 'NDCG*@5': 0.10597348928451539, 'MRR*@5': 0.09061458587646484}
INFO    [02-25 13:07:41] train in BasicTrainer:
duration: 19.033966302871704s
INFO    [02-25 13:07:41] train in BasicTrainer:
epoch: 48
INFO    [02-25 13:07:57] _train_one_epoch in BasicTrainer:
loss = 4.791448202310254
INFO    [02-25 13:08:00] validate in BasicTrainer:
{'Recall@10': 0.2184712839126587, 'NDCG@10': 0.12649303808808326, 'MRR@10': 0.09828562214970589, 'Recall@5': 0.1583277028799057, 'NDCG@5': 0.10715002857148648, 'MRR@5': 0.09036092512309551, 'Recall*@10': 0.2184712839126587, 'NDCG*@10': 0.12649303808808326, 'MRR*@10': 0.09828562214970589, 'Recall*@5': 0.1583277028799057, 'NDCG*@5': 0.10715002857148648, 'MRR*@5': 0.09036092512309551}
INFO    [02-25 13:08:00] train in BasicTrainer:
duration: 18.975630283355713s
INFO    [02-25 13:08:00] train in BasicTrainer:
epoch: 49
INFO    [02-25 13:08:16] _train_one_epoch in BasicTrainer:
loss = 4.773450102983166
INFO    [02-25 13:08:19] validate in BasicTrainer:
{'Recall@10': 0.2197212839126587, 'NDCG@10': 0.12490929648280144, 'MRR@10': 0.09581375181674957, 'Recall@5': 0.1541216216981411, 'NDCG@5': 0.10351895205676556, 'MRR@5': 0.08688161790370941, 'Recall*@10': 0.2197212839126587, 'NDCG*@10': 0.12490929648280144, 'MRR*@10': 0.09581375181674957, 'Recall*@5': 0.1541216216981411, 'NDCG*@5': 0.10351895205676556, 'MRR*@5': 0.08688161790370941}
INFO    [02-25 13:08:19] train in BasicTrainer:
duration: 19.055429458618164s
INFO    [02-25 13:08:20] close_training in BasicTrainer:
finished training
INFO    [02-25 13:08:20] final_validate in BasicTrainer:
validate model on val set!
INFO    [02-25 13:08:20] load_state_from_given_path in utils:
checkpoint epoch: 37
INFO    [02-25 13:08:20] load_state_from_given_path in utils:
Loading model's parameters
INFO    [02-25 13:08:24] validate in BasicTrainer:
{'Recall@10': 0.22534628391265868, 'NDCG@10': 0.12882906138896943, 'MRR@10': 0.09950556494295597, 'Recall@5': 0.15247466221451758, 'NDCG@5': 0.10526682049036026, 'MRR@5': 0.08978617861866951, 'Recall*@10': 0.22534628391265868, 'NDCG*@10': 0.12882906138896943, 'MRR*@10': 0.09950556494295597, 'Recall*@5': 0.15247466221451758, 'NDCG*@5': 0.10526682049036026, 'MRR*@5': 0.08978617861866951}
INFO    [02-25 13:08:24] test in BasicTrainer:
Test model on test set!
INFO    [02-25 13:08:24] test_with_given_state_path in BasicTrainer:
Loading model params from ___lfms_base_2022/base_sasrec_02-25_12:52_0/sasrec_logs/checkpoint/best_acc_model.pth.
INFO    [02-25 13:08:24] load_state_from_given_path in utils:
checkpoint epoch: 37
INFO    [02-25 13:08:24] load_state_from_given_path in utils:
Loading model's parameters
INFO    [02-25 13:08:24] test_with_given_state_path in BasicTrainer:
Finished loading. Start testing.
INFO    [02-25 13:08:26] test_with_given_state_path in BasicTrainer:
{'Recall@10': 0.2013682433962822, 'NDCG@10': 0.11172033935785293, 'MRR@10': 0.08446365274488926, 'Recall@5': 0.1345777028799057, 'NDCG@5': 0.09030135754495859, 'MRR@5': 0.07572959024459124, 'Recall*@10': 0.2013682433962822, 'NDCG*@10': 0.11172033935785293, 'MRR*@10': 0.08446365274488926, 'Recall*@5': 0.1345777028799057, 'NDCG*@5': 0.09030135754495859, 'MRR*@5': 0.07572959024459124}
INFO    [02-25 13:08:26] _evaluate in BasicSched:
!!Final Result!!: {'Recall@10': 0.2013682433962822, 'NDCG@10': 0.11172033935785293, 'MRR@10': 0.08446365274488926, 'Recall@5': 0.1345777028799057, 'NDCG@5': 0.09030135754495859, 'MRR@5': 0.07572959024459124, 'Recall*@10': 0.2013682433962822, 'NDCG*@10': 0.11172033935785293, 'MRR*@10': 0.08446365274488926, 'Recall*@5': 0.1345777028799057, 'NDCG*@5': 0.09030135754495859, 'MRR*@5': 0.07572959024459124}
