INFO    [05-05 14:48:49] setup_train in utils:
{
    "experiment_dir": "___yelp_ep_2022",
    "experiment_description": "ep",
    "describe": "{config[model_code]}-en-{config[weight_list][0]}-T-{config[T]}-al-{config[alpha]}-sr-{config[sample_rate]}",
    "dataset_name": "yelp.csv",
    "sched": "ensemble_distill",
    "model_code": "narm",
    "mentor_code": "narm",
    "mentor2_code": "narm",
    "weight_list": [
        0.5,
        0.5
    ],
    "alpha": 0.5,
    "T": 6.0,
    "training_routine": "student",
    "softmaxed_mentor": true,
    "enable_auto_path_finder": true,
    "mentor_state_path": "___yelp_base_partial_2022",
    "mentor_seed1": 2000,
    "mentor_seed2": 2001,
    "mentor_describe": "{config[model_code]}-rate-{config[sample_rate]}-seed-{config[sample_seed]}",
    "sample_rate": 0.8,
    "num_epochs": 80,
    "mode": [
        "train",
        "test"
    ],
    "max_len": 10,
    "test_state_path": null,
    "model_state_path": null,
    "rand_seed": 2022,
    "load_processed_dataset": true,
    "save_processed_dataset": false,
    "dataset_cache_filename": null,
    "weight_decay": 0,
    "decay_step": 15,
    "gamma": 0.99,
    "lr": 0.001,
    "min_length": 5,
    "min_item_inter": 5,
    "good_only": false,
    "use_rating": true,
    "test_negative_sampler_code": "random",
    "test_negative_sample_size": 0,
    "dataloader_type": "next",
    "train_batch_size": 4096,
    "val_batch_size": 4096,
    "test_batch_size": 4096,
    "prop_sliding_window": -1.0,
    "worker_number": 2,
    "metric_ks": [
        5,
        10
    ],
    "device": "cuda",
    "num_gpu": 1,
    "optimizer": "Adam",
    "best_metric": "NDCG@10",
    "show_process_bar": false,
    "enable_sample": false,
    "samples_ratio": 0.1,
    "config_file": "config2.yelp/narm/config_distill_ensemble_partial.json",
    "task_id": 8,
    "split": "leave_one_out",
    "do_remap": true,
    "do_sampling": false,
    "path_for_sample": null,
    "sample_seed": 0,
    "train_negative_sampler_code": "random",
    "train_negative_sample_size": 100,
    "device_idx": "0",
    "momentum": null,
    "log_period_as_iter": 12800,
    "dvae_alpha": 0.5,
    "validation_rate": 0.2,
    "num_items": null,
    "start_index": 1,
    "kwargs": null
}
INFO    [05-05 14:48:49] _load_full_dataset_from_path in utils:
loading cache from /data01/wushiguang-slurm/Codes/soft-rec/Data/Cache/yelp-5-5.pkl
INFO    [05-05 14:48:50] _check_dataset_cache in utils:
check if the cache is generated under this configuration
INFO    [05-05 14:48:50] _check_dataset_cache in utils:
correct.
INFO    [05-05 14:48:50] __init__ in NextItemDataloader:
there are 20033 items in this dataset, 43947 users, padding_first? False
DEBUG   [05-05 14:48:58] generate_model in utils:
model_code_list=['narm']
INFO    [05-05 14:48:58] load_model_config in utils:
loading model narm's config file at asset/config/model/narm.json
INFO    [05-05 14:48:58] load_model_config in utils:
{
    "embedding_size": 64,
    "hidden_size": 128,
    "n_layers": 1,
    "dropout_probs": [
        0.25,
        0.5
    ]
}
WARNING [05-05 14:49:02] get_exist_path in utils:
dir ___yelp_ep_2022/ep_narm-en-0.5-T-6.0-al-0.5-sr-0.8_05-05_14:48_t8/teacher1_narm_logs does not exist! Create one.
WARNING [05-05 14:49:02] get_exist_path in utils:
dir ___yelp_ep_2022/ep_narm-en-0.5-T-6.0-al-0.5-sr-0.8_05-05_14:48_t8/teacher1_narm_logs/tb_vis does not exist! Create one.
WARNING [05-05 14:49:02] get_exist_path in utils:
dir ___yelp_ep_2022/ep_narm-en-0.5-T-6.0-al-0.5-sr-0.8_05-05_14:48_t8/teacher1_narm_logs/checkpoint does not exist! Create one.
INFO    [05-05 14:49:02] load_state_from_given_path in utils:
checkpoint epoch: 78
INFO    [05-05 14:49:02] load_state_from_given_path in utils:
Loading model's parameters
INFO    [05-05 14:49:02] load_state_from_given_path in utils:
Loading optimizer's parameters
DEBUG   [05-05 14:49:02] _generate_teacher_trainer in EnsembleDistillSched:
teacher1_narm: 
NARM(
  (item_embedding): Embedding(20034, 64, padding_idx=0)
  (emb_dropout): Dropout(p=0.25, inplace=False)
  (gru): GRU(64, 128, bias=False, batch_first=True)
  (a_1): Linear(in_features=128, out_features=128, bias=False)
  (a_2): Linear(in_features=128, out_features=128, bias=False)
  (v_t): Linear(in_features=128, out_features=1, bias=False)
  (ct_dropout): Dropout(p=0.5, inplace=False)
  (b): Linear(in_features=256, out_features=64, bias=False)
  (loss_fct): CrossEntropyLoss()
)
INFO    [05-05 14:49:02] assert_model_device in utils:
model teacher1_narm has 5.3603515625 MB params.
INFO    [05-05 14:49:02] __init__ in BasicTrainer:
229376 iter per epoch
DEBUG   [05-05 14:49:02] generate_model in utils:
model_code_list=['narm']
INFO    [05-05 14:49:02] load_model_config in utils:
loading model narm's config file at asset/config/model/narm.json
INFO    [05-05 14:49:02] load_model_config in utils:
{
    "embedding_size": 64,
    "hidden_size": 128,
    "n_layers": 1,
    "dropout_probs": [
        0.25,
        0.5
    ]
}
WARNING [05-05 14:49:05] get_exist_path in utils:
dir ___yelp_ep_2022/ep_narm-en-0.5-T-6.0-al-0.5-sr-0.8_05-05_14:48_t8/teacher2_narm_logs does not exist! Create one.
WARNING [05-05 14:49:05] get_exist_path in utils:
dir ___yelp_ep_2022/ep_narm-en-0.5-T-6.0-al-0.5-sr-0.8_05-05_14:48_t8/teacher2_narm_logs/tb_vis does not exist! Create one.
WARNING [05-05 14:49:05] get_exist_path in utils:
dir ___yelp_ep_2022/ep_narm-en-0.5-T-6.0-al-0.5-sr-0.8_05-05_14:48_t8/teacher2_narm_logs/checkpoint does not exist! Create one.
INFO    [05-05 14:49:05] load_state_from_given_path in utils:
checkpoint epoch: 78
INFO    [05-05 14:49:05] load_state_from_given_path in utils:
Loading model's parameters
INFO    [05-05 14:49:05] load_state_from_given_path in utils:
Loading optimizer's parameters
DEBUG   [05-05 14:49:05] _generate_teacher_trainer in EnsembleDistillSched:
teacher2_narm: 
NARM(
  (item_embedding): Embedding(20034, 64, padding_idx=0)
  (emb_dropout): Dropout(p=0.25, inplace=False)
  (gru): GRU(64, 128, bias=False, batch_first=True)
  (a_1): Linear(in_features=128, out_features=128, bias=False)
  (a_2): Linear(in_features=128, out_features=128, bias=False)
  (v_t): Linear(in_features=128, out_features=1, bias=False)
  (ct_dropout): Dropout(p=0.5, inplace=False)
  (b): Linear(in_features=256, out_features=64, bias=False)
  (loss_fct): CrossEntropyLoss()
)
INFO    [05-05 14:49:05] assert_model_device in utils:
model teacher2_narm has 5.3603515625 MB params.
INFO    [05-05 14:49:05] __init__ in BasicTrainer:
229376 iter per epoch
DEBUG   [05-05 14:49:05] generate_model in utils:
model_code_list=['narm']
INFO    [05-05 14:49:05] load_model_config in utils:
loading model narm's config file at asset/config/model/narm.json
INFO    [05-05 14:49:05] load_model_config in utils:
{
    "embedding_size": 64,
    "hidden_size": 128,
    "n_layers": 1,
    "dropout_probs": [
        0.25,
        0.5
    ]
}
WARNING [05-05 14:49:07] get_exist_path in utils:
dir ___yelp_ep_2022/ep_narm-en-0.5-T-6.0-al-0.5-sr-0.8_05-05_14:48_t8/student_narm_logs does not exist! Create one.
WARNING [05-05 14:49:07] get_exist_path in utils:
dir ___yelp_ep_2022/ep_narm-en-0.5-T-6.0-al-0.5-sr-0.8_05-05_14:48_t8/student_narm_logs/tb_vis does not exist! Create one.
WARNING [05-05 14:49:07] get_exist_path in utils:
dir ___yelp_ep_2022/ep_narm-en-0.5-T-6.0-al-0.5-sr-0.8_05-05_14:48_t8/student_narm_logs/checkpoint does not exist! Create one.
WARNING [05-05 14:49:07] get_path in utils:
Path is None
WARNING [05-05 14:49:07] load_state_from_given_path in utils:
Not given any path.
DEBUG   [05-05 14:49:07] _generate_student_trainer in EnsembleDistillSched:
student_narm: 
NARM(
  (item_embedding): Embedding(20034, 64, padding_idx=0)
  (emb_dropout): Dropout(p=0.25, inplace=False)
  (gru): GRU(64, 128, bias=False, batch_first=True)
  (a_1): Linear(in_features=128, out_features=128, bias=False)
  (a_2): Linear(in_features=128, out_features=128, bias=False)
  (v_t): Linear(in_features=128, out_features=1, bias=False)
  (ct_dropout): Dropout(p=0.5, inplace=False)
  (b): Linear(in_features=256, out_features=64, bias=False)
  (loss_fct): CrossEntropyLoss()
)
INFO    [05-05 14:49:07] assert_model_device in utils:
model student_narm has 5.3603515625 MB params.
INFO    [05-05 14:49:07] assert_model_device in utils:
model mix_narm_narm has 0.0 MB params.
INFO    [05-05 14:49:07] assert_model_device in utils:
model mix_narm_narm has no param
INFO    [05-05 14:49:07] __init__ in DistillTrainer:
229376 iter per epoch
INFO    [05-05 14:49:07] _set_current_routine in Routine:
first routine: student
INFO    [05-05 14:49:07] run_routine in Routine:
Start routine student
INFO    [05-05 14:49:07] run_routine in Routine:
Start training
INFO    [05-05 14:49:07] train in DistillTrainer:
Test mentor model: mix_narm_narm
DEBUG   [05-05 14:49:08] forward in Ensembler:
raw predict
DEBUG   [05-05 14:49:08] forward in Ensembler:
[tensor([[1.8655e-05, 4.5840e-05, 2.0366e-05,  ..., 4.8036e-05, 2.6557e-05,
         7.8928e-05],
        [2.3120e-05, 1.9218e-05, 1.2640e-05,  ..., 5.4348e-05, 4.9281e-05,
         9.3010e-05],
        [1.6556e-05, 3.5173e-05, 5.4637e-05,  ..., 4.8616e-05, 6.9909e-05,
         1.8448e-05],
        ...,
        [1.2664e-05, 3.6821e-06, 1.2992e-05,  ..., 3.7778e-05, 2.3015e-05,
         2.2762e-04],
        [1.9882e-05, 5.5325e-06, 2.4294e-05,  ..., 1.2478e-04, 7.1706e-05,
         1.2537e-04],
        [2.0381e-05, 2.0661e-05, 3.6161e-05,  ..., 4.4880e-05, 3.2232e-05,
         1.7673e-04]], device='cuda:0'), tensor([[1.5904e-05, 2.0952e-05, 2.7413e-05,  ..., 2.5435e-05, 9.1823e-06,
         1.0842e-04],
        [2.5169e-05, 1.3199e-05, 3.5504e-05,  ..., 4.6529e-05, 3.6613e-05,
         7.3265e-05],
        [3.5332e-05, 1.1122e-04, 4.1932e-05,  ..., 4.8383e-05, 4.5939e-05,
         2.3648e-05],
        ...,
        [1.8445e-05, 1.1753e-05, 4.2835e-05,  ..., 1.0362e-04, 4.1851e-05,
         2.0602e-04],
        [1.9455e-05, 7.5084e-06, 6.9505e-05,  ..., 6.8509e-05, 2.4474e-05,
         2.8382e-04],
        [3.1279e-05, 1.0855e-05, 1.4754e-05,  ..., 6.5441e-05, 2.2748e-05,
         8.8712e-05]], device='cuda:0')]
DEBUG   [05-05 14:49:08] forward in Ensembler:
raw confidence
DEBUG   [05-05 14:49:08] forward in Ensembler:
[tensor([0.0006, 0.0004, 0.0009,  ..., 0.0020, 0.0006, 0.0005], device='cuda:0'), tensor([0.0005, 0.0005, 0.0010,  ..., 0.0005, 0.0007, 0.0005], device='cuda:0')]
DEBUG   [05-05 14:49:08] forward in Ensembler:
weighted predict
DEBUG   [05-05 14:49:08] forward in Ensembler:
[tensor([[9.3276e-06, 2.2920e-05, 1.0183e-05,  ..., 2.4018e-05, 1.3279e-05,
         3.9464e-05],
        [1.1560e-05, 9.6089e-06, 6.3201e-06,  ..., 2.7174e-05, 2.4641e-05,
         4.6505e-05],
        [8.2778e-06, 1.7587e-05, 2.7318e-05,  ..., 2.4308e-05, 3.4955e-05,
         9.2240e-06],
        ...,
        [6.3321e-06, 1.8410e-06, 6.4959e-06,  ..., 1.8889e-05, 1.1508e-05,
         1.1381e-04],
        [9.9411e-06, 2.7662e-06, 1.2147e-05,  ..., 6.2392e-05, 3.5853e-05,
         6.2687e-05],
        [1.0191e-05, 1.0331e-05, 1.8081e-05,  ..., 2.2440e-05, 1.6116e-05,
         8.8366e-05]], device='cuda:0'), tensor([[7.9518e-06, 1.0476e-05, 1.3707e-05,  ..., 1.2717e-05, 4.5911e-06,
         5.4209e-05],
        [1.2585e-05, 6.5995e-06, 1.7752e-05,  ..., 2.3265e-05, 1.8307e-05,
         3.6633e-05],
        [1.7666e-05, 5.5608e-05, 2.0966e-05,  ..., 2.4192e-05, 2.2969e-05,
         1.1824e-05],
        ...,
        [9.2223e-06, 5.8765e-06, 2.1418e-05,  ..., 5.1811e-05, 2.0925e-05,
         1.0301e-04],
        [9.7275e-06, 3.7542e-06, 3.4752e-05,  ..., 3.4255e-05, 1.2237e-05,
         1.4191e-04],
        [1.5639e-05, 5.4273e-06, 7.3772e-06,  ..., 3.2721e-05, 1.1374e-05,
         4.4356e-05]], device='cuda:0')]
DEBUG   [05-05 14:49:08] forward in Ensembler:
final predict
DEBUG   [05-05 14:49:08] forward in Ensembler:
tensor([[1.7279e-05, 3.3396e-05, 2.3890e-05,  ..., 3.6735e-05, 1.7870e-05,
         9.3674e-05],
        [2.4145e-05, 1.6208e-05, 2.4072e-05,  ..., 5.0439e-05, 4.2947e-05,
         8.3138e-05],
        [2.5944e-05, 7.3195e-05, 4.8284e-05,  ..., 4.8500e-05, 5.7924e-05,
         2.1048e-05],
        ...,
        [1.5554e-05, 7.7175e-06, 2.7914e-05,  ..., 7.0700e-05, 3.2433e-05,
         2.1682e-04],
        [1.9669e-05, 6.5204e-06, 4.6899e-05,  ..., 9.6646e-05, 4.8090e-05,
         2.0460e-04],
        [2.5830e-05, 1.5758e-05, 2.5458e-05,  ..., 5.5161e-05, 2.7490e-05,
         1.3272e-04]], device='cuda:0')
DEBUG   [05-05 14:49:08] forward in Ensembler:
final confidence
DEBUG   [05-05 14:49:08] forward in Ensembler:
tensor([0.0005, 0.0004, 0.0008,  ..., 0.0011, 0.0005, 0.0004], device='cuda:0')
DEBUG   [05-05 14:49:12] forward in Ensembler:
raw predict
DEBUG   [05-05 14:49:12] forward in Ensembler:
[tensor([[2.8176e-05, 1.1768e-05, 3.3302e-05,  ..., 1.2392e-04, 5.2487e-05,
         1.5154e-04],
        [1.6097e-05, 1.5685e-05, 1.2725e-05,  ..., 5.8669e-05, 1.9032e-05,
         2.0876e-04],
        [2.1017e-05, 2.6202e-05, 1.9206e-05,  ..., 7.9886e-05, 2.7350e-05,
         1.4370e-04],
        ...,
        [2.0536e-05, 3.5660e-05, 2.8452e-05,  ..., 4.7877e-05, 2.5309e-05,
         8.9801e-05],
        [2.0735e-05, 4.0947e-05, 2.4833e-05,  ..., 2.2084e-05, 7.4764e-05,
         1.6378e-05],
        [2.1151e-05, 5.3521e-05, 9.1409e-06,  ..., 2.3058e-05, 1.4885e-05,
         2.5261e-05]], device='cuda:0'), tensor([[2.1863e-05, 2.5579e-05, 2.1368e-05,  ..., 9.8721e-05, 1.8629e-05,
         2.1179e-04],
        [2.7881e-05, 4.9092e-05, 1.7639e-05,  ..., 1.3547e-04, 2.3050e-05,
         1.1196e-04],
        [1.9505e-05, 8.4165e-06, 3.7383e-05,  ..., 9.0302e-05, 3.3228e-05,
         1.7443e-04],
        ...,
        [2.7304e-05, 2.6464e-05, 3.1879e-05,  ..., 7.5926e-05, 3.4922e-05,
         1.1880e-04],
        [2.6543e-05, 3.5226e-05, 3.2103e-05,  ..., 1.0222e-05, 4.5534e-05,
         2.0835e-05],
        [1.8900e-05, 5.8521e-05, 1.2880e-04,  ..., 9.6722e-06, 1.1426e-04,
         4.6328e-05]], device='cuda:0')]
DEBUG   [05-05 14:49:12] forward in Ensembler:
raw confidence
DEBUG   [05-05 14:49:12] forward in Ensembler:
[tensor([0.0004, 0.0011, 0.0007,  ..., 0.0006, 0.0005, 0.0009], device='cuda:0'), tensor([0.0005, 0.0004, 0.0005,  ..., 0.0008, 0.0006, 0.0013], device='cuda:0')]
DEBUG   [05-05 14:49:12] forward in Ensembler:
weighted predict
DEBUG   [05-05 14:49:12] forward in Ensembler:
[tensor([[1.4088e-05, 5.8841e-06, 1.6651e-05,  ..., 6.1958e-05, 2.6243e-05,
         7.5771e-05],
        [8.0486e-06, 7.8425e-06, 6.3626e-06,  ..., 2.9334e-05, 9.5159e-06,
         1.0438e-04],
        [1.0508e-05, 1.3101e-05, 9.6029e-06,  ..., 3.9943e-05, 1.3675e-05,
         7.1852e-05],
        ...,
        [1.0268e-05, 1.7830e-05, 1.4226e-05,  ..., 2.3938e-05, 1.2654e-05,
         4.4901e-05],
        [1.0368e-05, 2.0474e-05, 1.2416e-05,  ..., 1.1042e-05, 3.7382e-05,
         8.1888e-06],
        [1.0576e-05, 2.6760e-05, 4.5704e-06,  ..., 1.1529e-05, 7.4426e-06,
         1.2630e-05]], device='cuda:0'), tensor([[1.0931e-05, 1.2790e-05, 1.0684e-05,  ..., 4.9360e-05, 9.3145e-06,
         1.0589e-04],
        [1.3941e-05, 2.4546e-05, 8.8196e-06,  ..., 6.7736e-05, 1.1525e-05,
         5.5982e-05],
        [9.7527e-06, 4.2082e-06, 1.8692e-05,  ..., 4.5151e-05, 1.6614e-05,
         8.7213e-05],
        ...,
        [1.3652e-05, 1.3232e-05, 1.5940e-05,  ..., 3.7963e-05, 1.7461e-05,
         5.9398e-05],
        [1.3271e-05, 1.7613e-05, 1.6051e-05,  ..., 5.1109e-06, 2.2767e-05,
         1.0417e-05],
        [9.4499e-06, 2.9261e-05, 6.4398e-05,  ..., 4.8361e-06, 5.7130e-05,
         2.3164e-05]], device='cuda:0')]
DEBUG   [05-05 14:49:12] forward in Ensembler:
final predict
DEBUG   [05-05 14:49:12] forward in Ensembler:
tensor([[2.5019e-05, 1.8674e-05, 2.7335e-05,  ..., 1.1132e-04, 3.5558e-05,
         1.8166e-04],
        [2.1989e-05, 3.2388e-05, 1.5182e-05,  ..., 9.7070e-05, 2.1041e-05,
         1.6036e-04],
        [2.0261e-05, 1.7309e-05, 2.8295e-05,  ..., 8.5094e-05, 3.0289e-05,
         1.5906e-04],
        ...,
        [2.3920e-05, 3.1062e-05, 3.0166e-05,  ..., 6.1901e-05, 3.0115e-05,
         1.0430e-04],
        [2.3639e-05, 3.8087e-05, 2.8468e-05,  ..., 1.6153e-05, 6.0149e-05,
         1.8606e-05],
        [2.0026e-05, 5.6021e-05, 6.8969e-05,  ..., 1.6365e-05, 6.4572e-05,
         3.5794e-05]], device='cuda:0')
DEBUG   [05-05 14:49:12] forward in Ensembler:
final confidence
DEBUG   [05-05 14:49:12] forward in Ensembler:
tensor([0.0003, 0.0007, 0.0005,  ..., 0.0005, 0.0005, 0.0010], device='cuda:0')
DEBUG   [05-05 14:49:16] forward in Ensembler:
raw predict
DEBUG   [05-05 14:49:16] forward in Ensembler:
[tensor([[2.1209e-05, 4.5245e-05, 4.4359e-05,  ..., 3.5264e-05, 2.6470e-05,
         4.9840e-05],
        [2.1009e-05, 2.2565e-05, 4.3335e-05,  ..., 3.4352e-05, 3.6759e-05,
         4.7427e-05],
        [2.6855e-05, 2.8941e-05, 3.3216e-05,  ..., 8.5723e-05, 2.8494e-05,
         4.0551e-05],
        ...,
        [2.5109e-05, 5.4952e-05, 2.1324e-04,  ..., 3.8813e-05, 2.6410e-05,
         3.8758e-05],
        [2.0945e-05, 9.0457e-05, 9.2743e-05,  ..., 8.9014e-05, 5.0488e-05,
         7.3449e-05],
        [2.5170e-05, 4.8694e-05, 4.5618e-05,  ..., 5.6708e-05, 1.0994e-04,
         6.1232e-05]], device='cuda:0'), tensor([[2.1872e-05, 2.8093e-05, 2.9619e-05,  ..., 2.1204e-05, 5.0351e-05,
         3.6785e-05],
        [2.6514e-05, 3.7106e-05, 2.7629e-05,  ..., 2.1634e-05, 2.9057e-05,
         3.1227e-05],
        [2.7434e-05, 2.4067e-05, 2.5948e-05,  ..., 2.3760e-05, 1.7072e-05,
         5.1944e-05],
        ...,
        [5.6993e-05, 2.5957e-05, 3.2866e-05,  ..., 3.4360e-05, 9.0709e-05,
         6.0895e-06],
        [2.8205e-05, 7.1232e-05, 7.7992e-05,  ..., 3.7140e-05, 3.9452e-05,
         2.7482e-05],
        [2.4091e-05, 9.2231e-05, 9.8956e-05,  ..., 4.3773e-05, 2.9590e-05,
         3.2621e-05]], device='cuda:0')]
DEBUG   [05-05 14:49:16] forward in Ensembler:
raw confidence
DEBUG   [05-05 14:49:16] forward in Ensembler:
[tensor([0.0004, 0.0004, 0.0003,  ..., 0.0011, 0.0005, 0.0004], device='cuda:0'), tensor([0.0003, 0.0003, 0.0003,  ..., 0.0014, 0.0004, 0.0006], device='cuda:0')]
DEBUG   [05-05 14:49:16] forward in Ensembler:
weighted predict
DEBUG   [05-05 14:49:16] forward in Ensembler:
[tensor([[1.0604e-05, 2.2622e-05, 2.2179e-05,  ..., 1.7632e-05, 1.3235e-05,
         2.4920e-05],
        [1.0504e-05, 1.1283e-05, 2.1667e-05,  ..., 1.7176e-05, 1.8380e-05,
         2.3713e-05],
        [1.3428e-05, 1.4470e-05, 1.6608e-05,  ..., 4.2862e-05, 1.4247e-05,
         2.0275e-05],
        ...,
        [1.2554e-05, 2.7476e-05, 1.0662e-04,  ..., 1.9407e-05, 1.3205e-05,
         1.9379e-05],
        [1.0473e-05, 4.5228e-05, 4.6372e-05,  ..., 4.4507e-05, 2.5244e-05,
         3.6724e-05],
        [1.2585e-05, 2.4347e-05, 2.2809e-05,  ..., 2.8354e-05, 5.4970e-05,
         3.0616e-05]], device='cuda:0'), tensor([[1.0936e-05, 1.4046e-05, 1.4810e-05,  ..., 1.0602e-05, 2.5176e-05,
         1.8392e-05],
        [1.3257e-05, 1.8553e-05, 1.3814e-05,  ..., 1.0817e-05, 1.4529e-05,
         1.5614e-05],
        [1.3717e-05, 1.2034e-05, 1.2974e-05,  ..., 1.1880e-05, 8.5360e-06,
         2.5972e-05],
        ...,
        [2.8496e-05, 1.2979e-05, 1.6433e-05,  ..., 1.7180e-05, 4.5354e-05,
         3.0447e-06],
        [1.4102e-05, 3.5616e-05, 3.8996e-05,  ..., 1.8570e-05, 1.9726e-05,
         1.3741e-05],
        [1.2045e-05, 4.6116e-05, 4.9478e-05,  ..., 2.1887e-05, 1.4795e-05,
         1.6310e-05]], device='cuda:0')]
DEBUG   [05-05 14:49:16] forward in Ensembler:
final predict
DEBUG   [05-05 14:49:16] forward in Ensembler:
tensor([[2.1540e-05, 3.6669e-05, 3.6989e-05,  ..., 2.8234e-05, 3.8411e-05,
         4.3312e-05],
        [2.3761e-05, 2.9836e-05, 3.5482e-05,  ..., 2.7993e-05, 3.2908e-05,
         3.9327e-05],
        [2.7144e-05, 2.6504e-05, 2.9582e-05,  ..., 5.4742e-05, 2.2783e-05,
         4.6247e-05],
        ...,
        [4.1051e-05, 4.0454e-05, 1.2305e-04,  ..., 3.6587e-05, 5.8560e-05,
         2.2424e-05],
        [2.4575e-05, 8.0845e-05, 8.5367e-05,  ..., 6.3077e-05, 4.4970e-05,
         5.0465e-05],
        [2.4630e-05, 7.0463e-05, 7.2287e-05,  ..., 5.0240e-05, 6.9765e-05,
         4.6926e-05]], device='cuda:0')
DEBUG   [05-05 14:49:16] forward in Ensembler:
final confidence
DEBUG   [05-05 14:49:16] forward in Ensembler:
tensor([0.0003, 0.0003, 0.0002,  ..., 0.0008, 0.0004, 0.0004], device='cuda:0')
DEBUG   [05-05 14:49:20] forward in Ensembler:
raw predict
DEBUG   [05-05 14:49:20] forward in Ensembler:
[tensor([[2.2867e-05, 6.2202e-05, 3.7845e-05,  ..., 4.6778e-05, 7.3513e-05,
         2.8422e-05],
        [2.5616e-05, 2.5600e-05, 3.4023e-05,  ..., 2.3354e-05, 2.6942e-05,
         2.4426e-05],
        [2.7386e-05, 4.7924e-05, 2.0669e-05,  ..., 3.1045e-05, 2.9203e-05,
         1.3821e-04],
        ...,
        [1.5691e-05, 5.4293e-05, 3.6573e-05,  ..., 1.6496e-05, 2.6478e-05,
         6.0229e-05],
        [1.9932e-05, 4.6474e-05, 3.9234e-05,  ..., 1.4613e-05, 2.2434e-05,
         4.6209e-05],
        [2.4364e-05, 4.0665e-05, 1.9439e-05,  ..., 2.8817e-05, 1.9765e-05,
         6.1607e-05]], device='cuda:0'), tensor([[3.1751e-05, 2.9067e-05, 3.6806e-05,  ..., 4.0242e-05, 2.7621e-05,
         1.8872e-05],
        [2.1844e-05, 1.7418e-05, 5.2606e-05,  ..., 3.3602e-05, 6.5868e-05,
         2.8714e-05],
        [1.9617e-05, 2.3908e-05, 5.8109e-05,  ..., 6.1374e-05, 3.2262e-05,
         9.2812e-05],
        ...,
        [1.7112e-05, 6.4192e-05, 1.7516e-05,  ..., 2.6881e-05, 1.5653e-05,
         2.3133e-05],
        [1.5634e-05, 3.8796e-05, 2.1129e-05,  ..., 3.9011e-05, 1.6390e-05,
         6.2659e-05],
        [2.0419e-05, 3.9774e-05, 2.0962e-05,  ..., 1.8825e-05, 1.1997e-05,
         7.2866e-05]], device='cuda:0')]
DEBUG   [05-05 14:49:20] forward in Ensembler:
raw confidence
DEBUG   [05-05 14:49:20] forward in Ensembler:
[tensor([0.0006, 0.0006, 0.0003,  ..., 0.0006, 0.0004, 0.0003], device='cuda:0'), tensor([0.0009, 0.0004, 0.0004,  ..., 0.0005, 0.0003, 0.0003], device='cuda:0')]
DEBUG   [05-05 14:49:20] forward in Ensembler:
weighted predict
DEBUG   [05-05 14:49:20] forward in Ensembler:
[tensor([[1.1433e-05, 3.1101e-05, 1.8922e-05,  ..., 2.3389e-05, 3.6756e-05,
         1.4211e-05],
        [1.2808e-05, 1.2800e-05, 1.7012e-05,  ..., 1.1677e-05, 1.3471e-05,
         1.2213e-05],
        [1.3693e-05, 2.3962e-05, 1.0334e-05,  ..., 1.5523e-05, 1.4602e-05,
         6.9106e-05],
        ...,
        [7.8455e-06, 2.7147e-05, 1.8287e-05,  ..., 8.2482e-06, 1.3239e-05,
         3.0114e-05],
        [9.9661e-06, 2.3237e-05, 1.9617e-05,  ..., 7.3066e-06, 1.1217e-05,
         2.3104e-05],
        [1.2182e-05, 2.0332e-05, 9.7196e-06,  ..., 1.4408e-05, 9.8825e-06,
         3.0804e-05]], device='cuda:0'), tensor([[1.5876e-05, 1.4534e-05, 1.8403e-05,  ..., 2.0121e-05, 1.3811e-05,
         9.4360e-06],
        [1.0922e-05, 8.7092e-06, 2.6303e-05,  ..., 1.6801e-05, 3.2934e-05,
         1.4357e-05],
        [9.8085e-06, 1.1954e-05, 2.9055e-05,  ..., 3.0687e-05, 1.6131e-05,
         4.6406e-05],
        ...,
        [8.5559e-06, 3.2096e-05, 8.7580e-06,  ..., 1.3441e-05, 7.8263e-06,
         1.1566e-05],
        [7.8170e-06, 1.9398e-05, 1.0565e-05,  ..., 1.9505e-05, 8.1949e-06,
         3.1329e-05],
        [1.0210e-05, 1.9887e-05, 1.0481e-05,  ..., 9.4125e-06, 5.9986e-06,
         3.6433e-05]], device='cuda:0')]
DEBUG   [05-05 14:49:20] forward in Ensembler:
final predict
DEBUG   [05-05 14:49:20] forward in Ensembler:
tensor([[2.7309e-05, 4.5635e-05, 3.7325e-05,  ..., 4.3510e-05, 5.0567e-05,
         2.3647e-05],
        [2.3730e-05, 2.1509e-05, 4.3314e-05,  ..., 2.8478e-05, 4.6405e-05,
         2.6570e-05],
        [2.3501e-05, 3.5916e-05, 3.9389e-05,  ..., 4.6210e-05, 3.0733e-05,
         1.1551e-04],
        ...,
        [1.6401e-05, 5.9243e-05, 2.7045e-05,  ..., 2.1689e-05, 2.1065e-05,
         4.1681e-05],
        [1.7783e-05, 4.2635e-05, 3.0182e-05,  ..., 2.6812e-05, 1.9412e-05,
         5.4434e-05],
        [2.2392e-05, 4.0219e-05, 2.0201e-05,  ..., 2.3821e-05, 1.5881e-05,
         6.7237e-05]], device='cuda:0')
DEBUG   [05-05 14:49:20] forward in Ensembler:
final confidence
DEBUG   [05-05 14:49:20] forward in Ensembler:
tensor([0.0006, 0.0004, 0.0003,  ..., 0.0005, 0.0003, 0.0003], device='cuda:0')
DEBUG   [05-05 14:49:23] forward in Ensembler:
raw predict
DEBUG   [05-05 14:49:23] forward in Ensembler:
[tensor([[2.3592e-05, 4.5860e-05, 2.3892e-05,  ..., 4.1824e-05, 1.3893e-05,
         2.3053e-05],
        [2.2314e-05, 3.1372e-05, 2.8093e-05,  ..., 3.8941e-05, 2.0134e-05,
         4.4598e-05],
        [2.2359e-05, 7.0645e-05, 4.2138e-05,  ..., 5.0052e-05, 4.2892e-05,
         4.4393e-05],
        ...,
        [1.7016e-05, 9.6192e-05, 2.4087e-05,  ..., 1.2393e-05, 2.5792e-05,
         1.0626e-04],
        [2.2049e-05, 6.0645e-05, 1.2299e-05,  ..., 5.0837e-05, 3.7172e-05,
         2.8907e-04],
        [2.6739e-05, 5.5764e-05, 2.9122e-05,  ..., 4.7041e-05, 3.3949e-05,
         6.7205e-05]], device='cuda:0'), tensor([[1.8603e-05, 2.2021e-05, 2.3453e-05,  ..., 1.8027e-05, 1.1206e-05,
         3.1322e-05],
        [1.9587e-05, 3.0755e-05, 9.9276e-06,  ..., 3.0589e-05, 1.6442e-05,
         4.4397e-05],
        [1.8303e-05, 2.9404e-05, 1.8580e-05,  ..., 2.4352e-05, 2.0467e-05,
         3.2856e-05],
        ...,
        [2.4323e-05, 3.7705e-05, 3.6685e-05,  ..., 9.1318e-05, 3.0319e-05,
         4.4036e-05],
        [1.0666e-05, 1.8752e-05, 4.5318e-05,  ..., 6.7389e-06, 2.8043e-05,
         1.2819e-04],
        [2.3887e-05, 2.4815e-05, 3.5734e-05,  ..., 2.6700e-05, 2.6281e-05,
         1.0539e-04]], device='cuda:0')]
DEBUG   [05-05 14:49:23] forward in Ensembler:
raw confidence
DEBUG   [05-05 14:49:23] forward in Ensembler:
[tensor([0.0009, 0.0004, 0.0003,  ..., 0.0009, 0.0007, 0.0002], device='cuda:0'), tensor([0.0007, 0.0008, 0.0005,  ..., 0.0006, 0.0009, 0.0003], device='cuda:0')]
DEBUG   [05-05 14:49:23] forward in Ensembler:
weighted predict
DEBUG   [05-05 14:49:23] forward in Ensembler:
[tensor([[1.1796e-05, 2.2930e-05, 1.1946e-05,  ..., 2.0912e-05, 6.9466e-06,
         1.1526e-05],
        [1.1157e-05, 1.5686e-05, 1.4047e-05,  ..., 1.9470e-05, 1.0067e-05,
         2.2299e-05],
        [1.1180e-05, 3.5322e-05, 2.1069e-05,  ..., 2.5026e-05, 2.1446e-05,
         2.2197e-05],
        ...,
        [8.5079e-06, 4.8096e-05, 1.2043e-05,  ..., 6.1964e-06, 1.2896e-05,
         5.3129e-05],
        [1.1025e-05, 3.0323e-05, 6.1495e-06,  ..., 2.5419e-05, 1.8586e-05,
         1.4453e-04],
        [1.3370e-05, 2.7882e-05, 1.4561e-05,  ..., 2.3521e-05, 1.6974e-05,
         3.3603e-05]], device='cuda:0'), tensor([[9.3017e-06, 1.1010e-05, 1.1727e-05,  ..., 9.0133e-06, 5.6028e-06,
         1.5661e-05],
        [9.7933e-06, 1.5377e-05, 4.9638e-06,  ..., 1.5294e-05, 8.2211e-06,
         2.2199e-05],
        [9.1514e-06, 1.4702e-05, 9.2901e-06,  ..., 1.2176e-05, 1.0233e-05,
         1.6428e-05],
        ...,
        [1.2161e-05, 1.8852e-05, 1.8343e-05,  ..., 4.5659e-05, 1.5160e-05,
         2.2018e-05],
        [5.3332e-06, 9.3761e-06, 2.2659e-05,  ..., 3.3694e-06, 1.4022e-05,
         6.4096e-05],
        [1.1944e-05, 1.2407e-05, 1.7867e-05,  ..., 1.3350e-05, 1.3140e-05,
         5.2693e-05]], device='cuda:0')]
DEBUG   [05-05 14:49:23] forward in Ensembler:
final predict
DEBUG   [05-05 14:49:23] forward in Ensembler:
tensor([[2.1098e-05, 3.3940e-05, 2.3673e-05,  ..., 2.9925e-05, 1.2549e-05,
         2.7187e-05],
        [2.0950e-05, 3.1064e-05, 1.9011e-05,  ..., 3.4765e-05, 1.8288e-05,
         4.4497e-05],
        [2.0331e-05, 5.0025e-05, 3.0359e-05,  ..., 3.7202e-05, 3.1680e-05,
         3.8625e-05],
        ...,
        [2.0669e-05, 6.6948e-05, 3.0386e-05,  ..., 5.1855e-05, 2.8056e-05,
         7.5147e-05],
        [1.6358e-05, 3.9699e-05, 2.8809e-05,  ..., 2.8788e-05, 3.2608e-05,
         2.0863e-04],
        [2.5313e-05, 4.0289e-05, 3.2428e-05,  ..., 3.6871e-05, 3.0115e-05,
         8.6295e-05]], device='cuda:0')
DEBUG   [05-05 14:49:23] forward in Ensembler:
final confidence
DEBUG   [05-05 14:49:23] forward in Ensembler:
tensor([0.0008, 0.0006, 0.0004,  ..., 0.0006, 0.0005, 0.0002], device='cuda:0')
INFO    [05-05 14:49:47] test_mentor in DistillTrainer:
{'Recall@10': 0.10128817707300186, 'NDCG@10': 0.07016499205069109, 'MRR@10': 0.0606252442706715, 'Recall@5': 0.07962329550222917, 'NDCG@5': 0.06317826292731545, 'MRR@5': 0.057753188704902474, 'Recall*@10': 0.10128817707300186, 'NDCG*@10': 0.07016499205069109, 'MRR*@10': 0.0606252442706715, 'Recall*@5': 0.07962329550222917, 'NDCG*@5': 0.06317826292731545, 'MRR*@5': 0.057753188704902474}
INFO    [05-05 14:49:47] train in DistillTrainer:
result:
{'Recall@10': 0.10128817707300186, 'NDCG@10': 0.07016499205069109, 'MRR@10': 0.0606252442706715, 'Recall@5': 0.07962329550222917, 'NDCG@5': 0.06317826292731545, 'MRR@5': 0.057753188704902474, 'Recall*@10': 0.10128817707300186, 'NDCG*@10': 0.07016499205069109, 'MRR*@10': 0.0606252442706715, 'Recall*@5': 0.07962329550222917, 'NDCG*@5': 0.06317826292731545, 'MRR*@5': 0.057753188704902474}
INFO    [05-05 14:50:28] log in loggers:
Update Best NDCG@10 Model at 0
INFO    [05-05 14:50:28] validate in BasicTrainer:
{'Recall@10': 0.0005409107675818218, 'NDCG@10': 0.0002186306764170612, 'MRR@10': 0.00012369002268480307, 'Recall@5': 0.0002523809380363673, 'NDCG@5': 0.0001265002171170305, 'MRR@5': 8.639956782148643e-05, 'Recall*@10': 0.0005409107675818218, 'NDCG*@10': 0.0002186306764170612, 'MRR*@10': 0.00012369002268480307, 'Recall*@5': 0.0002523809380363673, 'NDCG*@5': 0.0001265002171170305, 'MRR*@5': 8.639956782148643e-05}
INFO    [05-05 14:50:28] train in BasicTrainer:
epoch: 0
DEBUG   [05-05 14:50:28] calculate_loss in loss:
soft_target max: 0.7040249109268188, argmax 12524275
DEBUG   [05-05 14:50:28] calculate_loss in loss:
pred max in softmax: 5.020570461056195e-05, argmax 60132394
INFO    [05-05 14:50:46] _train_one_epoch in BasicTrainer:
loss = 7.078377502305167
INFO    [05-05 14:51:26] log in loggers:
Update Best NDCG@10 Model at 0
INFO    [05-05 14:51:26] validate in BasicTrainer:
{'Recall@10': 0.0061129596592350436, 'NDCG@10': 0.00278152798471803, 'MRR@10': 0.0017935059943490407, 'Recall@5': 0.003264471571045843, 'NDCG@5': 0.0018820873863825743, 'MRR@5': 0.0014347959923642602, 'Recall*@10': 0.0061129596592350436, 'NDCG*@10': 0.00278152798471803, 'MRR*@10': 0.0017935059943490407, 'Recall*@5': 0.003264471571045843, 'NDCG*@5': 0.0018820873863825743, 'MRR*@5': 0.0014347959923642602}
INFO    [05-05 14:51:26] train in BasicTrainer:
duration: 58.28948640823364s
INFO    [05-05 14:51:26] train in BasicTrainer:
epoch: 1
INFO    [05-05 14:51:45] _train_one_epoch in BasicTrainer:
loss = 6.630514434405735
INFO    [05-05 14:52:25] log in loggers:
Update Best NDCG@10 Model at 1
INFO    [05-05 14:52:25] validate in BasicTrainer:
{'Recall@10': 0.020405503328550945, 'NDCG@10': 0.010182150470262224, 'MRR@10': 0.007131198251789267, 'Recall@5': 0.011593703857877037, 'NDCG@5': 0.0073593354953283615, 'MRR@5': 0.005981737028130076, 'Recall*@10': 0.020405503328550945, 'NDCG*@10': 0.010182150470262224, 'MRR*@10': 0.007131198251789267, 'Recall*@5': 0.011593703857877037, 'NDCG*@5': 0.0073593354953283615, 'MRR*@5': 0.005981737028130076}
INFO    [05-05 14:52:25] train in BasicTrainer:
duration: 59.336193323135376s
INFO    [05-05 14:52:25] train in BasicTrainer:
epoch: 2
INFO    [05-05 14:52:43] _train_one_epoch in BasicTrainer:
loss = 6.25974304335458
INFO    [05-05 14:53:24] log in loggers:
Update Best NDCG@10 Model at 2
INFO    [05-05 14:53:24] validate in BasicTrainer:
{'Recall@10': 0.030488109216094017, 'NDCG@10': 0.015162302858450195, 'MRR@10': 0.010573381642726335, 'Recall@5': 0.01785697296939113, 'NDCG@5': 0.011132479983974587, 'MRR@5': 0.008942452047697523, 'Recall*@10': 0.030488109216094017, 'NDCG*@10': 0.015162302858450195, 'MRR*@10': 0.010573381642726335, 'Recall*@5': 0.01785697296939113, 'NDCG*@5': 0.011132479983974587, 'MRR*@5': 0.008942452047697523}
INFO    [05-05 14:53:24] train in BasicTrainer:
duration: 58.587077617645264s
INFO    [05-05 14:53:24] train in BasicTrainer:
epoch: 3
INFO    [05-05 14:53:43] _train_one_epoch in BasicTrainer:
loss = 6.093803822994232
INFO    [05-05 14:54:22] log in loggers:
Update Best NDCG@10 Model at 3
INFO    [05-05 14:54:23] validate in BasicTrainer:
{'Recall@10': 0.03535817123272202, 'NDCG@10': 0.017647184516218575, 'MRR@10': 0.012354959903115576, 'Recall@5': 0.020642065019770103, 'NDCG@5': 0.012943207624961029, 'MRR@5': 0.010445307178253477, 'Recall*@10': 0.03535817123272202, 'NDCG*@10': 0.017647184516218575, 'MRR*@10': 0.012354959903115576, 'Recall*@5': 0.020642065019770103, 'NDCG*@5': 0.012943207624961029, 'MRR*@5': 0.010445307178253477}
INFO    [05-05 14:54:23] train in BasicTrainer:
duration: 58.722766160964966s
INFO    [05-05 14:54:23] train in BasicTrainer:
epoch: 4
INFO    [05-05 14:54:41] _train_one_epoch in BasicTrainer:
loss = 5.9891210198402405
INFO    [05-05 14:55:22] log in loggers:
Update Best NDCG@10 Model at 4
INFO    [05-05 14:55:22] validate in BasicTrainer:
{'Recall@10': 0.037994276054880836, 'NDCG@10': 0.01912957328287038, 'MRR@10': 0.013473357835953886, 'Recall@5': 0.022203266112641853, 'NDCG@5': 0.014065728184174408, 'MRR@5': 0.011408125219697302, 'Recall*@10': 0.037994276054880836, 'NDCG*@10': 0.01912957328287038, 'MRR*@10': 0.013473357835953886, 'Recall*@5': 0.022203266112641853, 'NDCG*@5': 0.014065728184174408, 'MRR*@5': 0.011408125219697302}
INFO    [05-05 14:55:22] train in BasicTrainer:
duration: 59.19689607620239s
INFO    [05-05 14:55:22] train in BasicTrainer:
epoch: 5
INFO    [05-05 14:55:41] _train_one_epoch in BasicTrainer:
loss = 5.9097780585289
INFO    [05-05 14:56:21] log in loggers:
Update Best NDCG@10 Model at 5
INFO    [05-05 14:56:22] validate in BasicTrainer:
{'Recall@10': 0.041882061484185135, 'NDCG@10': 0.021269730546257713, 'MRR@10': 0.015110949816351587, 'Recall@5': 0.024117054587060757, 'NDCG@5': 0.01557595892386003, 'MRR@5': 0.012791529975154182, 'Recall*@10': 0.041882061484185135, 'NDCG*@10': 0.021269730546257713, 'MRR*@10': 0.015110949816351587, 'Recall*@5': 0.024117054587060757, 'NDCG*@5': 0.01557595892386003, 'MRR*@5': 0.012791529975154182}
INFO    [05-05 14:56:22] train in BasicTrainer:
duration: 59.82087588310242s
INFO    [05-05 14:56:22] train in BasicTrainer:
epoch: 6
INFO    [05-05 14:56:40] _train_one_epoch in BasicTrainer:
loss = 5.837584103856768
INFO    [05-05 14:57:21] log in loggers:
Update Best NDCG@10 Model at 6
INFO    [05-05 14:57:21] validate in BasicTrainer:
{'Recall@10': 0.04572798413309184, 'NDCG@10': 0.023657642643560062, 'MRR@10': 0.017028149810026993, 'Recall@5': 0.02821601944213564, 'NDCG@5': 0.018056830391287804, 'MRR@5': 0.01475228995762088, 'Recall*@10': 0.04572798413309184, 'NDCG*@10': 0.023657642643560062, 'MRR*@10': 0.017028149810026993, 'Recall*@5': 0.02821601944213564, 'NDCG*@5': 0.018056830391287804, 'MRR*@5': 0.01475228995762088}
INFO    [05-05 14:57:21] train in BasicTrainer:
duration: 59.424769163131714s
INFO    [05-05 14:57:21] train in BasicTrainer:
epoch: 7
INFO    [05-05 14:57:39] _train_one_epoch in BasicTrainer:
loss = 5.771381088665554
INFO    [05-05 14:58:19] log in loggers:
Update Best NDCG@10 Model at 7
INFO    [05-05 14:58:19] validate in BasicTrainer:
{'Recall@10': 0.04776549610224637, 'NDCG@10': 0.025116033852100372, 'MRR@10': 0.018326884135603905, 'Recall@5': 0.02880769476971843, 'NDCG@5': 0.019030737267299133, 'MRR@5': 0.01584151192483577, 'Recall*@10': 0.04776549610224637, 'NDCG*@10': 0.025116033852100372, 'MRR*@10': 0.018326884135603905, 'Recall*@5': 0.02880769476971843, 'NDCG*@5': 0.019030737267299133, 'MRR*@5': 0.01584151192483577}
INFO    [05-05 14:58:19] train in BasicTrainer:
duration: 58.15469431877136s
INFO    [05-05 14:58:19] train in BasicTrainer:
epoch: 8
INFO    [05-05 14:58:38] _train_one_epoch in BasicTrainer:
loss = 5.709424768175397
INFO    [05-05 14:59:18] log in loggers:
Update Best NDCG@10 Model at 8
INFO    [05-05 14:59:19] validate in BasicTrainer:
{'Recall@10': 0.05166218328205022, 'NDCG@10': 0.027185031636194748, 'MRR@10': 0.019836911592971195, 'Recall@5': 0.03156487813050097, 'NDCG@5': 0.02073686569929123, 'MRR@5': 0.017205146818675777, 'Recall*@10': 0.05166218328205022, 'NDCG*@10': 0.027185031636194748, 'MRR*@10': 0.019836911592971195, 'Recall*@5': 0.03156487813050097, 'NDCG*@5': 0.02073686569929123, 'MRR*@5': 0.017205146818675777}
INFO    [05-05 14:59:19] train in BasicTrainer:
duration: 59.57244324684143s
INFO    [05-05 14:59:19] train in BasicTrainer:
epoch: 9
INFO    [05-05 14:59:37] _train_one_epoch in BasicTrainer:
loss = 5.651012190750667
INFO    [05-05 15:00:17] log in loggers:
Update Best NDCG@10 Model at 9
INFO    [05-05 15:00:17] validate in BasicTrainer:
{'Recall@10': 0.055157502605156464, 'NDCG@10': 0.02955845387821848, 'MRR@10': 0.021857259117744186, 'Recall@5': 0.034521151672710075, 'NDCG@5': 0.022946379401467064, 'MRR@5': 0.019164462489160625, 'Recall*@10': 0.055157502605156464, 'NDCG*@10': 0.02955845387821848, 'MRR*@10': 0.021857259117744186, 'Recall*@5': 0.034521151672710075, 'NDCG*@5': 0.022946379401467064, 'MRR*@5': 0.019164462489160625}
INFO    [05-05 15:00:17] train in BasicTrainer:
duration: 58.69505453109741s
INFO    [05-05 15:00:17] train in BasicTrainer:
epoch: 10
INFO    [05-05 15:00:35] _train_one_epoch in BasicTrainer:
loss = 5.59645049061094
INFO    [05-05 15:01:15] log in loggers:
Update Best NDCG@10 Model at 10
INFO    [05-05 15:01:15] validate in BasicTrainer:
{'Recall@10': 0.056979325007308616, 'NDCG@10': 0.0306717592545531, 'MRR@10': 0.022744832391088658, 'Recall@5': 0.036307486282153564, 'NDCG@5': 0.02405533939599991, 'MRR@5': 0.020054251971569927, 'Recall*@10': 0.056979325007308616, 'NDCG*@10': 0.0306717592545531, 'MRR*@10': 0.022744832391088658, 'Recall*@5': 0.036307486282153564, 'NDCG*@5': 0.02405533939599991, 'MRR*@5': 0.020054251971569927}
INFO    [05-05 15:01:15] train in BasicTrainer:
duration: 57.86579394340515s
INFO    [05-05 15:01:15] train in BasicTrainer:
epoch: 11
INFO    [05-05 15:01:34] _train_one_epoch in BasicTrainer:
loss = 5.542884945869446
INFO    [05-05 15:02:15] log in loggers:
Update Best NDCG@10 Model at 11
INFO    [05-05 15:02:15] validate in BasicTrainer:
{'Recall@10': 0.06047145649790764, 'NDCG@10': 0.03264788961545988, 'MRR@10': 0.02429273741489107, 'Recall@5': 0.03746094453063878, 'NDCG@5': 0.02528204227035696, 'MRR@5': 0.021296043795618145, 'Recall*@10': 0.06047145649790764, 'NDCG*@10': 0.03264788961545988, 'MRR*@10': 0.02429273741489107, 'Recall*@5': 0.03746094453063878, 'NDCG*@5': 0.02528204227035696, 'MRR*@5': 0.021296043795618145}
INFO    [05-05 15:02:15] train in BasicTrainer:
duration: 59.493616580963135s
INFO    [05-05 15:02:15] train in BasicTrainer:
epoch: 12
INFO    [05-05 15:02:34] _train_one_epoch in BasicTrainer:
loss = 5.490743270942143
INFO    [05-05 15:03:14] log in loggers:
Update Best NDCG@10 Model at 12
INFO    [05-05 15:03:14] validate in BasicTrainer:
{'Recall@10': 0.06371944736350667, 'NDCG@10': 0.034930873323570595, 'MRR@10': 0.026268183846365322, 'Recall@5': 0.04053071716969663, 'NDCG@5': 0.02750182202593847, 'MRR@5': 0.02324238825928081, 'Recall*@10': 0.06371944736350667, 'NDCG*@10': 0.034930873323570595, 'MRR*@10': 0.026268183846365322, 'Recall*@5': 0.04053071716969663, 'NDCG*@5': 0.02750182202593847, 'MRR*@5': 0.02324238825928081}
INFO    [05-05 15:03:14] train in BasicTrainer:
duration: 59.226621866226196s
INFO    [05-05 15:03:14] train in BasicTrainer:
epoch: 13
INFO    [05-05 15:03:32] _train_one_epoch in BasicTrainer:
loss = 5.443852722644806
INFO    [05-05 15:04:13] log in loggers:
Update Best NDCG@10 Model at 13
INFO    [05-05 15:04:13] validate in BasicTrainer:
{'Recall@10': 0.06477907435460524, 'NDCG@10': 0.036131024699319496, 'MRR@10': 0.027469350533051926, 'Recall@5': 0.04256943308494308, 'NDCG@5': 0.028991257094524124, 'MRR@5': 0.024547215720469303, 'Recall*@10': 0.06477907435460524, 'NDCG*@10': 0.036131024699319496, 'MRR*@10': 0.027469350533051926, 'Recall*@5': 0.04256943308494308, 'NDCG*@5': 0.028991257094524124, 'MRR*@5': 0.024547215720469303}
INFO    [05-05 15:04:13] train in BasicTrainer:
duration: 58.9310142993927s
INFO    [05-05 15:04:13] train in BasicTrainer:
epoch: 14
INFO    [05-05 15:04:31] _train_one_epoch in BasicTrainer:
loss = 5.397615586008344
INFO    [05-05 15:05:11] log in loggers:
Update Best NDCG@10 Model at 14
INFO    [05-05 15:05:11] validate in BasicTrainer:
{'Recall@10': 0.06719191101464358, 'NDCG@10': 0.0378177978775718, 'MRR@10': 0.028948394243012775, 'Recall@5': 0.04395373876799236, 'NDCG@5': 0.030336078425700016, 'MRR@5': 0.02587957460094582, 'Recall*@10': 0.06719191101464358, 'NDCG*@10': 0.0378177978775718, 'MRR*@10': 0.028948394243012775, 'Recall*@5': 0.04395373876799236, 'NDCG*@5': 0.030336078425700016, 'MRR*@5': 0.02587957460094582}
INFO    [05-05 15:05:11] train in BasicTrainer:
duration: 58.54783916473389s
INFO    [05-05 15:05:11] train in BasicTrainer:
epoch: 15
INFO    [05-05 15:05:31] _train_one_epoch in BasicTrainer:
loss = 5.353172642844064
INFO    [05-05 15:06:11] log in loggers:
Update Best NDCG@10 Model at 15
INFO    [05-05 15:06:11] validate in BasicTrainer:
{'Recall@10': 0.06852039897983725, 'NDCG@10': 0.03888684545050968, 'MRR@10': 0.029942689632827587, 'Recall@5': 0.045438250696117226, 'NDCG@5': 0.031493647024035454, 'MRR@5': 0.026932957836172798, 'Recall*@10': 0.06852039897983725, 'NDCG*@10': 0.03888684545050968, 'MRR*@10': 0.029942689632827587, 'Recall*@5': 0.045438250696117226, 'NDCG*@5': 0.031493647024035454, 'MRR*@5': 0.026932957836172798}
INFO    [05-05 15:06:11] train in BasicTrainer:
duration: 59.31644105911255s
INFO    [05-05 15:06:11] train in BasicTrainer:
epoch: 16
INFO    [05-05 15:06:31] _train_one_epoch in BasicTrainer:
loss = 5.312834918498993
INFO    [05-05 15:07:11] log in loggers:
Update Best NDCG@10 Model at 16
INFO    [05-05 15:07:11] validate in BasicTrainer:
{'Recall@10': 0.07180772654034874, 'NDCG@10': 0.040925781496546486, 'MRR@10': 0.03159564987502315, 'Recall@5': 0.0472987483848225, 'NDCG@5': 0.033036826009100136, 'MRR@5': 0.028361149470914494, 'Recall*@10': 0.07180772654034874, 'NDCG*@10': 0.040925781496546486, 'MRR*@10': 0.03159564987502315, 'Recall*@5': 0.0472987483848225, 'NDCG*@5': 0.033036826009100136, 'MRR*@5': 0.028361149470914494}
INFO    [05-05 15:07:11] train in BasicTrainer:
duration: 60.56363558769226s
INFO    [05-05 15:07:11] train in BasicTrainer:
epoch: 17
DEBUG   [05-05 15:07:28] calculate_loss in loss:
soft_target max: 0.5084485411643982, argmax 75511540
DEBUG   [05-05 15:07:28] calculate_loss in loss:
pred max in softmax: 0.9786636829376221, argmax 36284209
DEBUG   [05-05 15:07:29] calculate_loss in loss:
soft_target max: 0.5066223740577698, argmax 24822906
DEBUG   [05-05 15:07:29] calculate_loss in loss:
pred max in softmax: 0.5456761717796326, argmax 24822906
INFO    [05-05 15:07:30] _train_one_epoch in BasicTrainer:
loss = 5.274728723934719
INFO    [05-05 15:08:10] log in loggers:
Update Best NDCG@10 Model at 17
INFO    [05-05 15:08:10] validate in BasicTrainer:
{'Recall@10': 0.07317928157069466, 'NDCG@10': 0.04191605814478614, 'MRR@10': 0.03243644891137427, 'Recall@5': 0.04960885203697465, 'NDCG@5': 0.03434156423265284, 'MRR@5': 0.029338925738226284, 'Recall*@10': 0.07317928157069466, 'NDCG*@10': 0.04191605814478614, 'MRR*@10': 0.03243644891137427, 'Recall*@5': 0.04960885203697465, 'NDCG*@5': 0.03434156423265284, 'MRR*@5': 0.029338925738226284}
INFO    [05-05 15:08:10] train in BasicTrainer:
duration: 59.0677285194397s
INFO    [05-05 15:08:10] train in BasicTrainer:
epoch: 18
INFO    [05-05 15:08:28] _train_one_epoch in BasicTrainer:
loss = 5.2376611999103
INFO    [05-05 15:09:09] log in loggers:
Update Best NDCG@10 Model at 18
INFO    [05-05 15:09:09] validate in BasicTrainer:
{'Recall@10': 0.07500242712822827, 'NDCG@10': 0.04312063719738613, 'MRR@10': 0.033490075983784416, 'Recall@5': 0.050081314011053604, 'NDCG@5': 0.035121685401959854, 'MRR@5': 0.030223925174637276, 'Recall*@10': 0.07500242712822827, 'NDCG*@10': 0.04312063719738613, 'MRR*@10': 0.033490075983784416, 'Recall*@5': 0.050081314011053604, 'NDCG*@5': 0.035121685401959854, 'MRR*@5': 0.030223925174637276}
INFO    [05-05 15:09:09] train in BasicTrainer:
duration: 58.61576557159424s
INFO    [05-05 15:09:09] train in BasicTrainer:
epoch: 19
INFO    [05-05 15:09:27] _train_one_epoch in BasicTrainer:
loss = 5.203780438218798
INFO    [05-05 15:10:08] log in loggers:
Update Best NDCG@10 Model at 19
INFO    [05-05 15:10:08] validate in BasicTrainer:
{'Recall@10': 0.07664735344323245, 'NDCG@10': 0.04433807967738672, 'MRR@10': 0.03455111723054539, 'Recall@5': 0.05195829204537652, 'NDCG@5': 0.036395742473277176, 'MRR@5': 0.0312971735203808, 'Recall*@10': 0.07664735344323245, 'NDCG*@10': 0.04433807967738672, 'MRR*@10': 0.03455111723054539, 'Recall*@5': 0.05195829204537652, 'NDCG*@5': 0.036395742473277176, 'MRR*@5': 0.0312971735203808}
INFO    [05-05 15:10:08] train in BasicTrainer:
duration: 58.77392029762268s
INFO    [05-05 15:10:08] train in BasicTrainer:
epoch: 20
INFO    [05-05 15:10:26] _train_one_epoch in BasicTrainer:
loss = 5.169008357184274
INFO    [05-05 15:11:05] log in loggers:
Update Best NDCG@10 Model at 20
INFO    [05-05 15:11:06] validate in BasicTrainer:
{'Recall@10': 0.07821745628660376, 'NDCG@10': 0.04525106332518838, 'MRR@10': 0.035250471058216964, 'Recall@5': 0.053795391524379906, 'NDCG@5': 0.037397103892131286, 'MRR@5': 0.032034233889796516, 'Recall*@10': 0.07821745628660376, 'NDCG*@10': 0.04525106332518838, 'MRR*@10': 0.035250471058216964, 'Recall*@5': 0.053795391524379906, 'NDCG*@5': 0.037397103892131286, 'MRR*@5': 0.032034233889796516}
INFO    [05-05 15:11:06] train in BasicTrainer:
duration: 57.92346167564392s
INFO    [05-05 15:11:06] train in BasicTrainer:
epoch: 21
INFO    [05-05 15:11:25] _train_one_epoch in BasicTrainer:
loss = 5.139108751501356
INFO    [05-05 15:12:06] log in loggers:
Update Best NDCG@10 Model at 21
INFO    [05-05 15:12:06] validate in BasicTrainer:
{'Recall@10': 0.0792624679478732, 'NDCG@10': 0.046084805645725944, 'MRR@10': 0.03605214641852812, 'Recall@5': 0.05357849801128561, 'NDCG@5': 0.037810609421946785, 'MRR@5': 0.0326556283980608, 'Recall*@10': 0.0792624679478732, 'NDCG*@10': 0.046084805645725944, 'MRR*@10': 0.03605214641852812, 'Recall*@5': 0.05357849801128561, 'NDCG*@5': 0.037810609421946785, 'MRR*@5': 0.0326556283980608}
INFO    [05-05 15:12:06] train in BasicTrainer:
duration: 60.34907388687134s
INFO    [05-05 15:12:06] train in BasicTrainer:
epoch: 22
INFO    [05-05 15:12:25] _train_one_epoch in BasicTrainer:
loss = 5.1122313397271295
INFO    [05-05 15:13:04] validate in BasicTrainer:
{'Recall@10': 0.0787741866978732, 'NDCG@10': 0.04592342674732208, 'MRR@10': 0.03596832366152243, 'Recall@5': 0.05405095998536457, 'NDCG@5': 0.03799264200709083, 'MRR@5': 0.0327327312393622, 'Recall*@10': 0.0787741866978732, 'NDCG*@10': 0.04592342674732208, 'MRR*@10': 0.03596832366152243, 'Recall*@5': 0.05405095998536457, 'NDCG*@5': 0.03799264200709083, 'MRR*@5': 0.0327327312393622}
INFO    [05-05 15:13:04] train in BasicTrainer:
duration: 58.295653104782104s
INFO    [05-05 15:13:04] train in BasicTrainer:
epoch: 23
INFO    [05-05 15:13:24] _train_one_epoch in BasicTrainer:
loss = 5.082328753811972
INFO    [05-05 15:14:04] log in loggers:
Update Best NDCG@10 Model at 23
INFO    [05-05 15:14:04] validate in BasicTrainer:
{'Recall@10': 0.08089981566775929, 'NDCG@10': 0.04750936275178736, 'MRR@10': 0.03738772835243832, 'Recall@5': 0.05590640516443686, 'NDCG@5': 0.03948743472045118, 'MRR@5': 0.03411185724491423, 'Recall*@10': 0.08089981566775929, 'NDCG*@10': 0.04750936275178736, 'MRR*@10': 0.03738772835243832, 'Recall*@5': 0.05590640516443686, 'NDCG*@5': 0.03948743472045118, 'MRR*@5': 0.03411185724491423}
INFO    [05-05 15:14:04] train in BasicTrainer:
duration: 59.83964443206787s
INFO    [05-05 15:14:04] train in BasicTrainer:
epoch: 24
INFO    [05-05 15:14:22] _train_one_epoch in BasicTrainer:
loss = 5.055011749267578
INFO    [05-05 15:15:02] log in loggers:
Update Best NDCG@10 Model at 24
INFO    [05-05 15:15:02] validate in BasicTrainer:
{'Recall@10': 0.08195691623471, 'NDCG@10': 0.048404471440748734, 'MRR@10': 0.03820774365555157, 'Recall@5': 0.05703580345619808, 'NDCG@5': 0.04037892445921898, 'MRR@5': 0.034915452653711494, 'Recall*@10': 0.08195691623471, 'NDCG*@10': 0.048404471440748734, 'MRR*@10': 0.03820774365555157, 'Recall*@5': 0.05703580345619808, 'NDCG*@5': 0.04037892445921898, 'MRR*@5': 0.034915452653711494}
INFO    [05-05 15:15:02] train in BasicTrainer:
duration: 58.07828330993652s
INFO    [05-05 15:15:02] train in BasicTrainer:
epoch: 25
INFO    [05-05 15:15:21] _train_one_epoch in BasicTrainer:
loss = 5.028771238667624
INFO    [05-05 15:16:01] log in loggers:
Update Best NDCG@10 Model at 25
INFO    [05-05 15:16:01] validate in BasicTrainer:
{'Recall@10': 0.08208184350620616, 'NDCG@10': 0.048985957422039726, 'MRR@10': 0.03892914442853494, 'Recall@5': 0.05802752382375977, 'NDCG@5': 0.041275013238191605, 'MRR@5': 0.03578659113157879, 'Recall*@10': 0.08208184350620616, 'NDCG*@10': 0.048985957422039726, 'MRR*@10': 0.03892914442853494, 'Recall*@5': 0.05802752382375977, 'NDCG*@5': 0.041275013238191605, 'MRR*@5': 0.03578659113157879}
INFO    [05-05 15:16:01] train in BasicTrainer:
duration: 58.934900999069214s
INFO    [05-05 15:16:01] train in BasicTrainer:
epoch: 26
INFO    [05-05 15:16:21] _train_one_epoch in BasicTrainer:
loss = 5.003937874521528
INFO    [05-05 15:17:01] log in loggers:
Update Best NDCG@10 Model at 26
INFO    [05-05 15:17:01] validate in BasicTrainer:
{'Recall@10': 0.0840311199426651, 'NDCG@10': 0.04980343749577349, 'MRR@10': 0.0394212779673663, 'Recall@5': 0.057498041201721535, 'NDCG@5': 0.041262163695963944, 'MRR@5': 0.035918458957563744, 'Recall*@10': 0.0840311199426651, 'NDCG*@10': 0.04980343749577349, 'MRR*@10': 0.0394212779673663, 'Recall*@5': 0.057498041201721535, 'NDCG*@5': 0.041262163695963944, 'MRR*@5': 0.035918458957563744}
INFO    [05-05 15:17:01] train in BasicTrainer:
duration: 59.935266733169556s
INFO    [05-05 15:17:01] train in BasicTrainer:
epoch: 27
INFO    [05-05 15:17:19] _train_one_epoch in BasicTrainer:
loss = 4.979992594037737
INFO    [05-05 15:17:59] log in loggers:
Update Best NDCG@10 Model at 27
INFO    [05-05 15:17:59] validate in BasicTrainer:
{'Recall@10': 0.08497724749825218, 'NDCG@10': 0.05077948353507302, 'MRR@10': 0.04040822014212608, 'Recall@5': 0.0591480207036842, 'NDCG@5': 0.042471779002384705, 'MRR@5': 0.037005900998007164, 'Recall*@10': 0.08497724749825218, 'NDCG*@10': 0.05077948353507302, 'MRR*@10': 0.04040822014212608, 'Recall*@5': 0.0591480207036842, 'NDCG*@5': 0.042471779002384705, 'MRR*@5': 0.037005900998007164}
INFO    [05-05 15:17:59] train in BasicTrainer:
duration: 58.16817831993103s
INFO    [05-05 15:17:59] train in BasicTrainer:
epoch: 28
INFO    [05-05 15:18:19] _train_one_epoch in BasicTrainer:
loss = 4.960037844521659
INFO    [05-05 15:18:59] log in loggers:
Update Best NDCG@10 Model at 28
INFO    [05-05 15:18:59] validate in BasicTrainer:
{'Recall@10': 0.08563099598342722, 'NDCG@10': 0.05119270526550033, 'MRR@10': 0.04072022810578346, 'Recall@5': 0.060354769568551674, 'NDCG@5': 0.04306212067604065, 'MRR@5': 0.03739048168063164, 'Recall*@10': 0.08563099598342722, 'NDCG*@10': 0.05119270526550033, 'MRR*@10': 0.04072022810578346, 'Recall*@5': 0.060354769568551674, 'NDCG*@5': 0.04306212067604065, 'MRR*@5': 0.03739048168063164}
INFO    [05-05 15:18:59] train in BasicTrainer:
duration: 60.0431649684906s
INFO    [05-05 15:18:59] train in BasicTrainer:
epoch: 29
INFO    [05-05 15:19:18] _train_one_epoch in BasicTrainer:
loss = 4.936430173260825
INFO    [05-05 15:19:57] log in loggers:
Update Best NDCG@10 Model at 29
INFO    [05-05 15:19:58] validate in BasicTrainer:
{'Recall@10': 0.0866487601941282, 'NDCG@10': 0.05239442295648835, 'MRR@10': 0.041994688524441284, 'Recall@5': 0.06090963462536985, 'NDCG@5': 0.044123134152455765, 'MRR@5': 0.038611735132607544, 'Recall*@10': 0.0866487601941282, 'NDCG*@10': 0.05239442295648835, 'MRR*@10': 0.041994688524441284, 'Recall*@5': 0.06090963462536985, 'NDCG*@5': 0.044123134152455765, 'MRR*@5': 0.038611735132607544}
INFO    [05-05 15:19:58] train in BasicTrainer:
duration: 58.25471258163452s
INFO    [05-05 15:19:58] train in BasicTrainer:
epoch: 30
INFO    [05-05 15:20:16] _train_one_epoch in BasicTrainer:
loss = 4.91402382510049
INFO    [05-05 15:20:57] log in loggers:
Update Best NDCG@10 Model at 30
INFO    [05-05 15:20:57] validate in BasicTrainer:
{'Recall@10': 0.08721691844138232, 'NDCG@10': 0.052933955057100815, 'MRR@10': 0.0425385097888383, 'Recall@5': 0.060962264172055504, 'NDCG@5': 0.044506999918005684, 'MRR@5': 0.0390971147201278, 'Recall*@10': 0.08721691844138232, 'NDCG*@10': 0.052933955057100815, 'MRR*@10': 0.0425385097888383, 'Recall*@5': 0.060962264172055504, 'NDCG*@5': 0.044506999918005684, 'MRR*@5': 0.0390971147201278}
INFO    [05-05 15:20:57] train in BasicTrainer:
duration: 59.39559555053711s
INFO    [05-05 15:20:57] train in BasicTrainer:
epoch: 31
INFO    [05-05 15:21:16] _train_one_epoch in BasicTrainer:
loss = 4.892918765544891
INFO    [05-05 15:21:56] validate in BasicTrainer:
{'Recall@10': 0.0872670215639201, 'NDCG@10': 0.05290805006569082, 'MRR@10': 0.042492132633924484, 'Recall@5': 0.061337045986544, 'NDCG@5': 0.044601129537278954, 'MRR@5': 0.03910918635400859, 'Recall*@10': 0.0872670215639201, 'NDCG*@10': 0.05290805006569082, 'MRR*@10': 0.042492132633924484, 'Recall*@5': 0.061337045986544, 'NDCG*@5': 0.044601129537278954, 'MRR*@5': 0.03910918635400859}
INFO    [05-05 15:21:56] train in BasicTrainer:
duration: 59.07806324958801s
INFO    [05-05 15:21:56] train in BasicTrainer:
epoch: 32
INFO    [05-05 15:22:14] _train_one_epoch in BasicTrainer:
loss = 4.87538115467344
INFO    [05-05 15:22:53] log in loggers:
Update Best NDCG@10 Model at 32
INFO    [05-05 15:22:54] validate in BasicTrainer:
{'Recall@10': 0.08785803548314354, 'NDCG@10': 0.05346475304527716, 'MRR@10': 0.04299755936319178, 'Recall@5': 0.062460068951953544, 'NDCG@5': 0.04528420858762481, 'MRR@5': 0.039639935913411056, 'Recall*@10': 0.08785803548314354, 'NDCG*@10': 0.05346475304527716, 'MRR*@10': 0.04299755936319178, 'Recall*@5': 0.062460068951953544, 'NDCG*@5': 0.04528420858762481, 'MRR*@5': 0.039639935913411056}
INFO    [05-05 15:22:54] train in BasicTrainer:
duration: 57.54485249519348s
INFO    [05-05 15:22:54] train in BasicTrainer:
epoch: 33
INFO    [05-05 15:23:14] _train_one_epoch in BasicTrainer:
loss = 4.851490582738604
INFO    [05-05 15:23:54] log in loggers:
Update Best NDCG@10 Model at 33
INFO    [05-05 15:23:55] validate in BasicTrainer:
{'Recall@10': 0.08923915367234837, 'NDCG@10': 0.05420000207695094, 'MRR@10': 0.04356639662926847, 'Recall@5': 0.06327874315055934, 'NDCG@5': 0.04586753249168396, 'MRR@5': 0.040164098820903084, 'Recall*@10': 0.08923915367234837, 'NDCG*@10': 0.05420000207695094, 'MRR*@10': 0.04356639662926847, 'Recall*@5': 0.06327874315055934, 'NDCG*@5': 0.04586753249168396, 'MRR*@5': 0.040164098820903084}
INFO    [05-05 15:23:55] train in BasicTrainer:
duration: 61.024174213409424s
INFO    [05-05 15:23:55] train in BasicTrainer:
epoch: 34
INFO    [05-05 15:24:13] _train_one_epoch in BasicTrainer:
loss = 4.837080146585192
INFO    [05-05 15:24:53] validate in BasicTrainer:
{'Recall@10': 0.08947571502490477, 'NDCG@10': 0.05415759032422846, 'MRR@10': 0.04341525076465173, 'Recall@5': 0.06289066814563492, 'NDCG@5': 0.04558872194452719, 'MRR@5': 0.03989522768692537, 'Recall*@10': 0.08947571502490477, 'NDCG*@10': 0.05415759032422846, 'MRR*@10': 0.04341525076465173, 'Recall*@5': 0.06289066814563492, 'NDCG*@5': 0.04558872194452719, 'MRR*@5': 0.03989522768692537}
INFO    [05-05 15:24:53] train in BasicTrainer:
duration: 58.29981017112732s
INFO    [05-05 15:24:53] train in BasicTrainer:
epoch: 35
DEBUG   [05-05 15:25:06] calculate_loss in loss:
soft_target max: 0.5084485411643982, argmax 74910520
DEBUG   [05-05 15:25:06] calculate_loss in loss:
pred max in softmax: 0.7506635189056396, argmax 20833813
DEBUG   [05-05 15:25:07] calculate_loss in loss:
soft_target max: 0.5172132849693298, argmax 19409827
DEBUG   [05-05 15:25:07] calculate_loss in loss:
pred max in softmax: 0.8984236717224121, argmax 19409827
INFO    [05-05 15:25:12] _train_one_epoch in BasicTrainer:
loss = 4.818546959332058
INFO    [05-05 15:25:53] log in loggers:
Update Best NDCG@10 Model at 35
INFO    [05-05 15:25:53] validate in BasicTrainer:
{'Recall@10': 0.09053786844015121, 'NDCG@10': 0.05510057170282711, 'MRR@10': 0.044294312934983864, 'Recall@5': 0.06542019139636647, 'NDCG@5': 0.047052892771634186, 'MRR@5': 0.041016863151030106, 'Recall*@10': 0.09053786844015121, 'NDCG*@10': 0.05510057170282711, 'MRR*@10': 0.044294312934983864, 'Recall*@5': 0.06542019139636647, 'NDCG*@5': 0.047052892771634186, 'MRR*@5': 0.041016863151030106}
INFO    [05-05 15:25:53] train in BasicTrainer:
duration: 59.86821174621582s
INFO    [05-05 15:25:53] train in BasicTrainer:
epoch: 36
INFO    [05-05 15:26:11] _train_one_epoch in BasicTrainer:
loss = 4.801677235535213
INFO    [05-05 15:26:51] log in loggers:
Update Best NDCG@10 Model at 36
INFO    [05-05 15:26:51] validate in BasicTrainer:
{'Recall@10': 0.09151058169928464, 'NDCG@10': 0.05570774288340048, 'MRR@10': 0.04483217949217016, 'Recall@5': 0.06513671441511674, 'NDCG@5': 0.0472504896196452, 'MRR@5': 0.04138340631669218, 'Recall*@10': 0.09151058169928464, 'NDCG*@10': 0.05570774288340048, 'MRR*@10': 0.04483217949217016, 'Recall*@5': 0.06513671441511674, 'NDCG*@5': 0.0472504896196452, 'MRR*@5': 0.04138340631669218}
INFO    [05-05 15:26:51] train in BasicTrainer:
duration: 58.32996678352356s
INFO    [05-05 15:26:51] train in BasicTrainer:
epoch: 37
INFO    [05-05 15:27:10] _train_one_epoch in BasicTrainer:
loss = 4.784514316490719
INFO    [05-05 15:27:50] log in loggers:
Update Best NDCG@10 Model at 37
INFO    [05-05 15:27:50] validate in BasicTrainer:
{'Recall@10': 0.09105658463456413, 'NDCG@10': 0.055954520336606285, 'MRR@10': 0.04522397606210275, 'Recall@5': 0.06629083373329857, 'NDCG@5': 0.04798091101375493, 'MRR@5': 0.04195289042862979, 'Recall*@10': 0.09105658463456413, 'NDCG*@10': 0.055954520336606285, 'MRR*@10': 0.04522397606210275, 'Recall*@5': 0.06629083373329857, 'NDCG*@5': 0.04798091101375493, 'MRR*@5': 0.04195289042862979}
INFO    [05-05 15:27:50] train in BasicTrainer:
duration: 58.61502289772034s
INFO    [05-05 15:27:50] train in BasicTrainer:
epoch: 38
INFO    [05-05 15:28:10] _train_one_epoch in BasicTrainer:
loss = 4.770700667585645
INFO    [05-05 15:28:50] validate in BasicTrainer:
{'Recall@10': 0.09089550850066272, 'NDCG@10': 0.055856125259941276, 'MRR@10': 0.045189212330363014, 'Recall@5': 0.06526164168661291, 'NDCG@5': 0.04763278263536366, 'MRR@5': 0.04183338209986687, 'Recall*@10': 0.09089550850066272, 'NDCG*@10': 0.055856125259941276, 'MRR*@10': 0.045189212330363014, 'Recall*@5': 0.06526164168661291, 'NDCG*@5': 0.04763278263536366, 'MRR*@5': 0.04183338209986687}
INFO    [05-05 15:28:50] train in BasicTrainer:
duration: 60.10800242424011s
INFO    [05-05 15:28:50] train in BasicTrainer:
epoch: 39
INFO    [05-05 15:29:08] _train_one_epoch in BasicTrainer:
loss = 4.7512243049485345
INFO    [05-05 15:29:48] log in loggers:
Update Best NDCG@10 Model at 39
INFO    [05-05 15:29:48] validate in BasicTrainer:
{'Recall@10': 0.09193294088948857, 'NDCG@10': 0.05636566978963939, 'MRR@10': 0.04552682726220651, 'Recall@5': 0.06591923941265453, 'NDCG@5': 0.047986202957955276, 'MRR@5': 0.04208745604211634, 'Recall*@10': 0.09193294088948857, 'NDCG*@10': 0.05636566978963939, 'MRR*@10': 0.04552682726220651, 'Recall*@5': 0.06591923941265453, 'NDCG*@5': 0.047986202957955276, 'MRR*@5': 0.04208745604211634}
INFO    [05-05 15:29:48] train in BasicTrainer:
duration: 58.18699288368225s
INFO    [05-05 15:29:48] train in BasicTrainer:
epoch: 40
INFO    [05-05 15:30:07] _train_one_epoch in BasicTrainer:
loss = 4.737638064793178
INFO    [05-05 15:30:47] log in loggers:
Update Best NDCG@10 Model at 40
INFO    [05-05 15:30:47] validate in BasicTrainer:
{'Recall@10': 0.09359940073706886, 'NDCG@10': 0.057400134138085625, 'MRR@10': 0.0463932871141217, 'Recall@5': 0.06719443676146594, 'NDCG@5': 0.04895641045136885, 'MRR@5': 0.042963737791234795, 'Recall*@10': 0.09359940073706886, 'NDCG*@10': 0.057400134138085625, 'MRR*@10': 0.0463932871141217, 'Recall*@5': 0.06719443676146594, 'NDCG*@5': 0.04895641045136885, 'MRR*@5': 0.042963737791234795}
INFO    [05-05 15:30:47] train in BasicTrainer:
duration: 59.431642293930054s
INFO    [05-05 15:30:47] train in BasicTrainer:
epoch: 41
INFO    [05-05 15:31:06] _train_one_epoch in BasicTrainer:
loss = 4.722968765667507
INFO    [05-05 15:31:46] log in loggers:
Update Best NDCG@10 Model at 41
INFO    [05-05 15:31:46] validate in BasicTrainer:
{'Recall@10': 0.0934998555616899, 'NDCG@10': 0.057673451575365936, 'MRR@10': 0.04676649313081394, 'Recall@5': 0.067370128902522, 'NDCG@5': 0.049297228794206276, 'MRR@5': 0.043352452191439544, 'Recall*@10': 0.0934998555616899, 'NDCG*@10': 0.057673451575365936, 'MRR*@10': 0.04676649313081394, 'Recall*@5': 0.067370128902522, 'NDCG*@5': 0.049297228794206276, 'MRR*@5': 0.043352452191439544}
INFO    [05-05 15:31:46] train in BasicTrainer:
duration: 58.40070557594299s
INFO    [05-05 15:31:46] train in BasicTrainer:
epoch: 42
INFO    [05-05 15:32:04] _train_one_epoch in BasicTrainer:
loss = 4.709587957177844
INFO    [05-05 15:32:45] validate in BasicTrainer:
{'Recall@10': 0.09275414117357948, 'NDCG@10': 0.05757352574305101, 'MRR@10': 0.04682176594029774, 'Recall@5': 0.06786027482964775, 'NDCG@5': 0.04955707253380255, 'MRR@5': 0.043533353304321114, 'Recall*@10': 0.09275414117357948, 'NDCG*@10': 0.05757352574305101, 'MRR*@10': 0.04682176594029774, 'Recall*@5': 0.06786027482964775, 'NDCG*@5': 0.04955707253380255, 'MRR*@5': 0.043533353304321114}
INFO    [05-05 15:32:45] train in BasicTrainer:
duration: 59.27122521400452s
INFO    [05-05 15:32:45] train in BasicTrainer:
epoch: 43
INFO    [05-05 15:33:04] _train_one_epoch in BasicTrainer:
loss = 4.697423815727234
INFO    [05-05 15:33:44] log in loggers:
Update Best NDCG@10 Model at 43
INFO    [05-05 15:33:44] validate in BasicTrainer:
{'Recall@10': 0.0944764180616899, 'NDCG@10': 0.05839567089622671, 'MRR@10': 0.047405398366126145, 'Recall@5': 0.06816847351464358, 'NDCG@5': 0.049936903471296486, 'MRR@5': 0.043942759998820045, 'Recall*@10': 0.0944764180616899, 'NDCG*@10': 0.05839567089622671, 'MRR*@10': 0.047405398366126145, 'Recall*@5': 0.06816847351464358, 'NDCG*@5': 0.049936903471296486, 'MRR*@5': 0.043942759998820045}
INFO    [05-05 15:33:44] train in BasicTrainer:
duration: 58.85902953147888s
INFO    [05-05 15:33:44] train in BasicTrainer:
epoch: 44
INFO    [05-05 15:34:02] _train_one_epoch in BasicTrainer:
loss = 4.68208417722157
INFO    [05-05 15:34:42] validate in BasicTrainer:
{'Recall@10': 0.0939881368116899, 'NDCG@10': 0.058385143225843254, 'MRR@10': 0.04752766103907065, 'Recall@5': 0.06861236556009813, 'NDCG@5': 0.050234078683636406, 'MRR@5': 0.04419627582485026, 'Recall*@10': 0.0939881368116899, 'NDCG*@10': 0.058385143225843254, 'MRR*@10': 0.04752766103907065, 'Recall*@5': 0.06861236556009813, 'NDCG*@5': 0.050234078683636406, 'MRR*@5': 0.04419627582485026}
INFO    [05-05 15:34:42] train in BasicTrainer:
duration: 58.07057785987854s
INFO    [05-05 15:34:42] train in BasicTrainer:
epoch: 45
INFO    [05-05 15:35:01] _train_one_epoch in BasicTrainer:
loss = 4.667672949177878
INFO    [05-05 15:35:42] log in loggers:
Update Best NDCG@10 Model at 45
INFO    [05-05 15:35:42] validate in BasicTrainer:
{'Recall@10': 0.09499447318640622, 'NDCG@10': 0.058538844639604744, 'MRR@10': 0.04744013161821799, 'Recall@5': 0.06789642436937852, 'NDCG@5': 0.0497954860329628, 'MRR@5': 0.04384284568103877, 'Recall*@10': 0.09499447318640622, 'NDCG*@10': 0.058538844639604744, 'MRR*@10': 0.04744013161821799, 'Recall*@5': 0.06789642436937852, 'NDCG*@5': 0.0497954860329628, 'MRR*@5': 0.04384284568103877}
INFO    [05-05 15:35:42] train in BasicTrainer:
duration: 59.626824378967285s
INFO    [05-05 15:35:42] train in BasicTrainer:
epoch: 46
INFO    [05-05 15:36:00] _train_one_epoch in BasicTrainer:
loss = 4.654317336423056
INFO    [05-05 15:36:40] log in loggers:
Update Best NDCG@10 Model at 46
INFO    [05-05 15:36:40] validate in BasicTrainer:
{'Recall@10': 0.09512511437589471, 'NDCG@10': 0.058875005692243576, 'MRR@10': 0.047813731161030854, 'Recall@5': 0.0690537311814048, 'NDCG@5': 0.05048600821332498, 'MRR@5': 0.04437579248439182, 'Recall*@10': 0.09512511437589471, 'NDCG*@10': 0.058875005692243576, 'MRR*@10': 0.047813731161030854, 'Recall*@5': 0.0690537311814048, 'NDCG*@5': 0.05048600821332498, 'MRR*@5': 0.04437579248439182}
INFO    [05-05 15:36:40] train in BasicTrainer:
duration: 58.43889355659485s
INFO    [05-05 15:36:40] train in BasicTrainer:
epoch: 47
INFO    [05-05 15:36:59] _train_one_epoch in BasicTrainer:
loss = 4.644261743341174
INFO    [05-05 15:37:40] log in loggers:
Update Best NDCG@10 Model at 47
INFO    [05-05 15:37:40] validate in BasicTrainer:
{'Recall@10': 0.09543331238356503, 'NDCG@10': 0.05955646965991367, 'MRR@10': 0.048633852804248985, 'Recall@5': 0.06916975636373866, 'NDCG@5': 0.051143123683604325, 'MRR@5': 0.04520794038068165, 'Recall*@10': 0.09543331238356503, 'NDCG*@10': 0.05955646965991367, 'MRR*@10': 0.048633852804248985, 'Recall*@5': 0.06916975636373866, 'NDCG*@5': 0.051143123683604325, 'MRR*@5': 0.04520794038068165}
INFO    [05-05 15:37:40] train in BasicTrainer:
duration: 59.722105979919434s
INFO    [05-05 15:37:40] train in BasicTrainer:
epoch: 48
INFO    [05-05 15:37:58] _train_one_epoch in BasicTrainer:
loss = 4.6318574632917136
INFO    [05-05 15:38:38] log in loggers:
Update Best NDCG@10 Model at 48
INFO    [05-05 15:38:38] validate in BasicTrainer:
{'Recall@10': 0.09728623113848946, 'NDCG@10': 0.0602701377462257, 'MRR@10': 0.048977756703441795, 'Recall@5': 0.0710144347765229, 'NDCG@5': 0.05186559801751917, 'MRR@5': 0.0455628518353809, 'Recall*@10': 0.09728623113848946, 'NDCG*@10': 0.0602701377462257, 'MRR*@10': 0.048977756703441795, 'Recall*@5': 0.0710144347765229, 'NDCG*@5': 0.05186559801751917, 'MRR*@5': 0.0455628518353809}
INFO    [05-05 15:38:38] train in BasicTrainer:
duration: 58.19255876541138s
INFO    [05-05 15:38:38] train in BasicTrainer:
epoch: 49
INFO    [05-05 15:38:56] _train_one_epoch in BasicTrainer:
loss = 4.617977006094796
INFO    [05-05 15:39:36] log in loggers:
Update Best NDCG@10 Model at 49
INFO    [05-05 15:39:37] validate in BasicTrainer:
{'Recall@10': 0.09769331325184215, 'NDCG@10': 0.06065794791687618, 'MRR@10': 0.04939459162679585, 'Recall@5': 0.07027629898353056, 'NDCG@5': 0.05184420028870756, 'MRR@5': 0.045788034119389275, 'Recall*@10': 0.09769331325184215, 'NDCG*@10': 0.06065794791687618, 'MRR*@10': 0.04939459162679585, 'Recall*@5': 0.07027629898353056, 'NDCG*@5': 0.05184420028870756, 'MRR*@5': 0.045788034119389275}
INFO    [05-05 15:39:37] train in BasicTrainer:
duration: 58.4606876373291s
INFO    [05-05 15:39:37] train in BasicTrainer:
epoch: 50
INFO    [05-05 15:39:55] _train_one_epoch in BasicTrainer:
loss = 4.607640743255615
INFO    [05-05 15:40:35] validate in BasicTrainer:
{'Recall@10': 0.09663753482428464, 'NDCG@10': 0.06047800691290335, 'MRR@10': 0.04943783750588244, 'Recall@5': 0.07062822512604973, 'NDCG@5': 0.05211446231061762, 'MRR@5': 0.04601390117948705, 'Recall*@10': 0.09663753482428464, 'NDCG*@10': 0.06047800691290335, 'MRR*@10': 0.04943783750588244, 'Recall*@5': 0.07062822512604973, 'NDCG*@5': 0.05211446231061762, 'MRR*@5': 0.04601390117948705}
INFO    [05-05 15:40:35] train in BasicTrainer:
duration: 58.9639413356781s
INFO    [05-05 15:40:35] train in BasicTrainer:
epoch: 51
INFO    [05-05 15:40:55] _train_one_epoch in BasicTrainer:
loss = 4.5958095874105185
INFO    [05-05 15:41:35] log in loggers:
Update Best NDCG@10 Model at 51
INFO    [05-05 15:41:35] validate in BasicTrainer:
{'Recall@10': 0.09757981381633064, 'NDCG@10': 0.06119153106754476, 'MRR@10': 0.05005625127391382, 'Recall@5': 0.07224271717396649, 'NDCG@5': 0.05302322418852286, 'MRR@5': 0.04670010879635811, 'Recall*@10': 0.09757981381633064, 'NDCG*@10': 0.06119153106754476, 'MRR*@10': 0.05005625127391382, 'Recall*@5': 0.07224271717396649, 'NDCG*@5': 0.05302322418852286, 'MRR*@5': 0.04670010879635811}
INFO    [05-05 15:41:35] train in BasicTrainer:
duration: 59.86715126037598s
INFO    [05-05 15:41:35] train in BasicTrainer:
epoch: 52
INFO    [05-05 15:41:54] _train_one_epoch in BasicTrainer:
loss = 4.585856590952192
INFO    [05-05 15:42:34] log in loggers:
Update Best NDCG@10 Model at 52
INFO    [05-05 15:42:34] validate in BasicTrainer:
{'Recall@10': 0.09794382886453108, 'NDCG@10': 0.06136690926822749, 'MRR@10': 0.05019606920805844, 'Recall@5': 0.07213493165644733, 'NDCG@5': 0.05304920842701739, 'MRR@5': 0.046779626133767044, 'Recall*@10': 0.09794382886453108, 'NDCG*@10': 0.06136690926822749, 'MRR*@10': 0.05019606920805844, 'Recall*@5': 0.07213493165644733, 'NDCG*@5': 0.05304920842701739, 'MRR*@5': 0.046779626133767044}
INFO    [05-05 15:42:34] train in BasicTrainer:
duration: 59.04845142364502s
INFO    [05-05 15:42:34] train in BasicTrainer:
epoch: 53
DEBUG   [05-05 15:42:46] calculate_loss in loss:
soft_target max: 0.5035508871078491, argmax 12619029
DEBUG   [05-05 15:42:46] calculate_loss in loss:
pred max in softmax: 0.7240179777145386, argmax 30109078
DEBUG   [05-05 15:42:46] calculate_loss in loss:
soft_target max: 0.5112051367759705, argmax 38201719
DEBUG   [05-05 15:42:46] calculate_loss in loss:
pred max in softmax: 0.8961509466171265, argmax 1225099
INFO    [05-05 15:42:54] _train_one_epoch in BasicTrainer:
loss = 4.576316407748631
INFO    [05-05 15:43:34] log in loggers:
Update Best NDCG@10 Model at 53
INFO    [05-05 15:43:34] validate in BasicTrainer:
{'Recall@10': 0.09812709960070523, 'NDCG@10': 0.061486981131813744, 'MRR@10': 0.050306614827026024, 'Recall@5': 0.0719827569343827, 'NDCG@5': 0.05306278812614354, 'MRR@5': 0.046846563843163574, 'Recall*@10': 0.09812709960070523, 'NDCG*@10': 0.061486981131813744, 'MRR*@10': 0.050306614827026024, 'Recall*@5': 0.0719827569343827, 'NDCG*@5': 0.05306278812614354, 'MRR*@5': 0.046846563843163574}
INFO    [05-05 15:43:34] train in BasicTrainer:
duration: 59.361109256744385s
INFO    [05-05 15:43:34] train in BasicTrainer:
epoch: 54
INFO    [05-05 15:43:53] _train_one_epoch in BasicTrainer:
loss = 4.56742114680154
INFO    [05-05 15:44:33] log in loggers:
Update Best NDCG@10 Model at 54
INFO    [05-05 15:44:33] validate in BasicTrainer:
{'Recall@10': 0.09844792972911488, 'NDCG@10': 0.06187838349830021, 'MRR@10': 0.05068397589705207, 'Recall@5': 0.07321422682567076, 'NDCG@5': 0.05375272103331306, 'MRR@5': 0.047350422563877975, 'Recall*@10': 0.09844792972911488, 'NDCG*@10': 0.06187838349830021, 'MRR*@10': 0.05068397589705207, 'Recall*@5': 0.07321422682567076, 'NDCG*@5': 0.05375272103331306, 'MRR*@5': 0.047350422563877975}
INFO    [05-05 15:44:33] train in BasicTrainer:
duration: 59.70968723297119s
INFO    [05-05 15:44:33] train in BasicTrainer:
epoch: 55
INFO    [05-05 15:44:52] _train_one_epoch in BasicTrainer:
loss = 4.557915014880044
INFO    [05-05 15:45:32] log in loggers:
Update Best NDCG@10 Model at 55
INFO    [05-05 15:45:32] validate in BasicTrainer:
{'Recall@10': 0.09964962574568662, 'NDCG@10': 0.06259674680503932, 'MRR@10': 0.05128978531468998, 'Recall@5': 0.07395488904281096, 'NDCG@5': 0.054379119791767815, 'MRR@5': 0.04795155132358724, 'Recall*@10': 0.09964962574568662, 'NDCG*@10': 0.06259674680503932, 'MRR*@10': 0.05128978531468998, 'Recall*@5': 0.07395488904281096, 'NDCG*@5': 0.054379119791767815, 'MRR*@5': 0.04795155132358724}
INFO    [05-05 15:45:32] train in BasicTrainer:
duration: 58.8741774559021s
INFO    [05-05 15:45:32] train in BasicTrainer:
epoch: 56
INFO    [05-05 15:45:52] _train_one_epoch in BasicTrainer:
loss = 4.548377897058215
INFO    [05-05 15:46:32] log in loggers:
Update Best NDCG@10 Model at 56
INFO    [05-05 15:46:32] validate in BasicTrainer:
{'Recall@10': 0.0994885496117852, 'NDCG@10': 0.06293055787682533, 'MRR@10': 0.05174749954180284, 'Recall@5': 0.07409058308059518, 'NDCG@5': 0.05474815686995333, 'MRR@5': 0.048388356173580345, 'Recall*@10': 0.0994885496117852, 'NDCG*@10': 0.06293055787682533, 'MRR*@10': 0.05174749954180284, 'Recall*@5': 0.07409058308059518, 'NDCG*@5': 0.05474815686995333, 'MRR*@5': 0.048388356173580345}
INFO    [05-05 15:46:32] train in BasicTrainer:
duration: 59.49291443824768s
INFO    [05-05 15:46:32] train in BasicTrainer:
epoch: 57
INFO    [05-05 15:46:50] _train_one_epoch in BasicTrainer:
loss = 4.537558768476758
INFO    [05-05 15:47:31] validate in BasicTrainer:
{'Recall@10': 0.10062871466983449, 'NDCG@10': 0.0628613755106926, 'MRR@10': 0.051330812614072456, 'Recall@5': 0.0737880989909172, 'NDCG@5': 0.054221543398770417, 'MRR@5': 0.047787381166761574, 'Recall*@10': 0.10062871466983449, 'NDCG*@10': 0.0628613755106926, 'MRR*@10': 0.051330812614072456, 'Recall*@5': 0.0737880989909172, 'NDCG*@5': 0.054221543398770417, 'MRR*@5': 0.047787381166761574}
INFO    [05-05 15:47:31] train in BasicTrainer:
duration: 58.98141288757324s
INFO    [05-05 15:47:31] train in BasicTrainer:
epoch: 58
INFO    [05-05 15:47:49] _train_one_epoch in BasicTrainer:
loss = 4.528604447841644
INFO    [05-05 15:48:29] log in loggers:
Update Best NDCG@10 Model at 58
INFO    [05-05 15:48:29] validate in BasicTrainer:
{'Recall@10': 0.10016834194009955, 'NDCG@10': 0.06323484365235675, 'MRR@10': 0.0519331307573752, 'Recall@5': 0.0745205208659172, 'NDCG@5': 0.054978145117109474, 'MRR@5': 0.04854713346470486, 'Recall*@10': 0.10016834194009955, 'NDCG*@10': 0.06323484365235675, 'MRR*@10': 0.0519331307573752, 'Recall*@5': 0.0745205208659172, 'NDCG*@5': 0.054978145117109474, 'MRR*@5': 0.04854713346470486}
INFO    [05-05 15:48:29] train in BasicTrainer:
duration: 58.36711597442627s
INFO    [05-05 15:48:29] train in BasicTrainer:
epoch: 59
INFO    [05-05 15:48:47] _train_one_epoch in BasicTrainer:
loss = 4.518350447927203
INFO    [05-05 15:49:28] log in loggers:
Update Best NDCG@10 Model at 59
INFO    [05-05 15:49:28] validate in BasicTrainer:
{'Recall@10': 0.10154879838228226, 'NDCG@10': 0.06436387652700598, 'MRR@10': 0.052983764220367775, 'Recall@5': 0.07594097541137175, 'NDCG@5': 0.05612253262238069, 'MRR@5': 0.049605362794616005, 'Recall*@10': 0.10154879838228226, 'NDCG*@10': 0.06436387652700598, 'MRR*@10': 0.052983764220367775, 'Recall*@5': 0.07594097541137175, 'NDCG*@5': 0.05612253262238069, 'MRR*@5': 0.049605362794616005}
INFO    [05-05 15:49:28] train in BasicTrainer:
duration: 58.99479532241821s
INFO    [05-05 15:49:28] train in BasicTrainer:
epoch: 60
INFO    [05-05 15:49:47] _train_one_epoch in BasicTrainer:
loss = 4.510266559464591
INFO    [05-05 15:50:28] log in loggers:
Update Best NDCG@10 Model at 60
INFO    [05-05 15:50:28] validate in BasicTrainer:
{'Recall@10': 0.10141881826249036, 'NDCG@10': 0.06437499753453514, 'MRR@10': 0.053036117418245834, 'Recall@5': 0.07570760155265982, 'NDCG@5': 0.05610849911516363, 'MRR@5': 0.04965222931720994, 'Recall*@10': 0.10141881826249036, 'NDCG*@10': 0.06437499753453514, 'MRR*@10': 0.053036117418245834, 'Recall*@5': 0.07570760155265982, 'NDCG*@5': 0.05610849911516363, 'MRR*@5': 0.04965222931720994}
INFO    [05-05 15:50:28] train in BasicTrainer:
duration: 59.60757899284363s
INFO    [05-05 15:50:28] train in BasicTrainer:
epoch: 61
INFO    [05-05 15:50:46] _train_one_epoch in BasicTrainer:
loss = 4.5000185796192715
INFO    [05-05 15:51:26] log in loggers:
Update Best NDCG@10 Model at 61
INFO    [05-05 15:51:26] validate in BasicTrainer:
{'Recall@10': 0.10138014297593724, 'NDCG@10': 0.06450385498729619, 'MRR@10': 0.05323997106064449, 'Recall@5': 0.07511658763343637, 'NDCG@5': 0.05604483153332363, 'MRR@5': 0.049769150601191955, 'Recall*@10': 0.10138014297593724, 'NDCG*@10': 0.06450385498729619, 'MRR*@10': 0.05323997106064449, 'Recall*@5': 0.07511658763343637, 'NDCG*@5': 0.05604483153332363, 'MRR*@5': 0.049769150601191955}
INFO    [05-05 15:51:26] train in BasicTrainer:
duration: 58.03755307197571s
INFO    [05-05 15:51:26] train in BasicTrainer:
epoch: 62
INFO    [05-05 15:51:45] _train_one_epoch in BasicTrainer:
loss = 4.492534373487745
INFO    [05-05 15:52:25] validate in BasicTrainer:
{'Recall@10': 0.10108589922839945, 'NDCG@10': 0.06420838528058746, 'MRR@10': 0.05291647023775361, 'Recall@5': 0.07538611035455357, 'NDCG@5': 0.05593400076031685, 'MRR@5': 0.049522824585437775, 'Recall*@10': 0.10108589922839945, 'NDCG*@10': 0.06420838528058746, 'MRR*@10': 0.05291647023775361, 'Recall*@5': 0.07538611035455357, 'NDCG*@5': 0.05593400076031685, 'MRR*@5': 0.049522824585437775}
INFO    [05-05 15:52:25] train in BasicTrainer:
duration: 59.43699407577515s
INFO    [05-05 15:52:25] train in BasicTrainer:
epoch: 63
INFO    [05-05 15:52:45] _train_one_epoch in BasicTrainer:
loss = 4.486077530043466
INFO    [05-05 15:53:24] log in loggers:
Update Best NDCG@10 Model at 63
INFO    [05-05 15:53:24] validate in BasicTrainer:
{'Recall@10': 0.1013991500843655, 'NDCG@10': 0.06475451080636545, 'MRR@10': 0.053529822352257644, 'Recall@5': 0.07611347938125784, 'NDCG@5': 0.05661570314656605, 'MRR@5': 0.05019350824030963, 'Recall*@10': 0.1013991500843655, 'NDCG*@10': 0.06475451080636545, 'MRR*@10': 0.053529822352257644, 'Recall*@5': 0.07611347938125784, 'NDCG*@5': 0.05661570314656605, 'MRR*@5': 0.05019350824030963}
INFO    [05-05 15:53:24] train in BasicTrainer:
duration: 59.227593183517456s
INFO    [05-05 15:53:24] train in BasicTrainer:
epoch: 64
INFO    [05-05 15:53:43] _train_one_epoch in BasicTrainer:
loss = 4.475440451077053
INFO    [05-05 15:54:23] log in loggers:
Update Best NDCG@10 Model at 64
INFO    [05-05 15:54:23] validate in BasicTrainer:
{'Recall@10': 0.10177645832300186, 'NDCG@10': 0.06509476425972852, 'MRR@10': 0.05384854430502111, 'Recall@5': 0.07647617229006508, 'NDCG@5': 0.056958045810461044, 'MRR@5': 0.05051724680445411, 'Recall*@10': 0.10177645832300186, 'NDCG*@10': 0.06509476425972852, 'MRR*@10': 0.05384854430502111, 'Recall*@5': 0.07647617229006508, 'NDCG*@5': 0.056958045810461044, 'MRR*@5': 0.05051724680445411}
INFO    [05-05 15:54:23] train in BasicTrainer:
duration: 58.79971361160278s
INFO    [05-05 15:54:23] train in BasicTrainer:
epoch: 65
INFO    [05-05 15:54:42] _train_one_epoch in BasicTrainer:
loss = 4.4704681124006
INFO    [05-05 15:55:22] log in loggers:
Update Best NDCG@10 Model at 65
INFO    [05-05 15:55:22] validate in BasicTrainer:
{'Recall@10': 0.10255579582669518, 'NDCG@10': 0.0655059540136294, 'MRR@10': 0.054168751293962654, 'Recall@5': 0.07694478536194022, 'NDCG@5': 0.05728838762099093, 'MRR@5': 0.05081486464901404, 'Recall*@10': 0.10255579582669518, 'NDCG*@10': 0.0655059540136294, 'MRR*@10': 0.054168751293962654, 'Recall*@5': 0.07694478536194022, 'NDCG*@5': 0.05728838762099093, 'MRR*@5': 0.05081486464901404}
INFO    [05-05 15:55:22] train in BasicTrainer:
duration: 58.60319781303406s
INFO    [05-05 15:55:22] train in BasicTrainer:
epoch: 66
INFO    [05-05 15:55:41] _train_one_epoch in BasicTrainer:
loss = 4.462810771805899
INFO    [05-05 15:56:21] log in loggers:
Update Best NDCG@10 Model at 66
INFO    [05-05 15:56:21] validate in BasicTrainer:
{'Recall@10': 0.10349302197044546, 'NDCG@10': 0.0662027048793706, 'MRR@10': 0.054787274450063705, 'Recall@5': 0.07770764218135313, 'NDCG@5': 0.05790711803869768, 'MRR@5': 0.051388267766345634, 'Recall*@10': 0.10349302197044546, 'NDCG*@10': 0.0662027048793706, 'MRR*@10': 0.054787274450063705, 'Recall*@5': 0.07770764218135313, 'NDCG*@5': 0.05790711803869768, 'MRR*@5': 0.051388267766345634}
INFO    [05-05 15:56:21] train in BasicTrainer:
duration: 59.1676766872406s
INFO    [05-05 15:56:21] train in BasicTrainer:
epoch: 67
INFO    [05-05 15:56:40] _train_one_epoch in BasicTrainer:
loss = 4.455534934997559
INFO    [05-05 15:57:20] validate in BasicTrainer:
{'Recall@10': 0.10349873588843779, 'NDCG@10': 0.06589576635848392, 'MRR@10': 0.05440345745195042, 'Recall@5': 0.07693149217150429, 'NDCG@5': 0.05737044831568545, 'MRR@5': 0.050923375582153145, 'Recall*@10': 0.10349873588843779, 'NDCG*@10': 0.06589576635848392, 'MRR*@10': 0.05440345745195042, 'Recall*@5': 0.07693149217150429, 'NDCG*@5': 0.05737044831568545, 'MRR*@5': 0.050923375582153145}
INFO    [05-05 15:57:20] train in BasicTrainer:
duration: 59.13533401489258s
INFO    [05-05 15:57:20] train in BasicTrainer:
epoch: 68
INFO    [05-05 15:57:39] _train_one_epoch in BasicTrainer:
loss = 4.447182876723153
INFO    [05-05 15:58:19] validate in BasicTrainer:
{'Recall@10': 0.10304979099468752, 'NDCG@10': 0.06608295914801685, 'MRR@10': 0.05475894090804187, 'Recall@5': 0.07739691774953496, 'NDCG@5': 0.057806373997168106, 'MRR@5': 0.05135428058830174, 'Recall*@10': 0.10304979099468752, 'NDCG*@10': 0.06608295914801685, 'MRR*@10': 0.05475894090804187, 'Recall*@5': 0.07739691774953496, 'NDCG*@5': 0.057806373997168106, 'MRR*@5': 0.05135428058830174}
INFO    [05-05 15:58:19] train in BasicTrainer:
duration: 58.88685917854309s
INFO    [05-05 15:58:19] train in BasicTrainer:
epoch: 69
INFO    [05-05 15:58:39] _train_one_epoch in BasicTrainer:
loss = 4.440607462610517
INFO    [05-05 15:59:20] validate in BasicTrainer:
{'Recall@10': 0.10341633246703581, 'NDCG@10': 0.06618085706775839, 'MRR@10': 0.054780004038052124, 'Recall@5': 0.07705323194915598, 'NDCG@5': 0.05768702483989976, 'MRR@5': 0.05129293555563146, 'Recall*@10': 0.10341633246703581, 'NDCG*@10': 0.06618085706775839, 'MRR*@10': 0.054780004038052124, 'Recall*@5': 0.07705323194915598, 'NDCG*@5': 0.05768702483989976, 'MRR*@5': 0.05129293555563146}
INFO    [05-05 15:59:20] train in BasicTrainer:
duration: 60.89807415008545s
INFO    [05-05 15:59:20] train in BasicTrainer:
epoch: 70
INFO    [05-05 15:59:38] _train_one_epoch in BasicTrainer:
loss = 4.435079778943743
INFO    [05-05 16:00:18] log in loggers:
Update Best NDCG@10 Model at 70
INFO    [05-05 16:00:18] validate in BasicTrainer:
{'Recall@10': 0.10446134412830527, 'NDCG@10': 0.06700378487055952, 'MRR@10': 0.055547921495004135, 'Recall@5': 0.07812176035209135, 'NDCG@5': 0.058539151806722985, 'MRR@5': 0.05208581855351275, 'Recall*@10': 0.10446134412830527, 'NDCG*@10': 0.06700378487055952, 'MRR*@10': 0.055547921495004135, 'Recall*@5': 0.07812176035209135, 'NDCG*@5': 0.058539151806722985, 'MRR*@5': 0.05208581855351275}
INFO    [05-05 16:00:18] train in BasicTrainer:
duration: 57.97192311286926s
INFO    [05-05 16:00:18] train in BasicTrainer:
epoch: 71
DEBUG   [05-05 16:00:27] calculate_loss in loss:
soft_target max: 0.7040249109268188, argmax 66676177
DEBUG   [05-05 16:00:27] calculate_loss in loss:
pred max in softmax: 0.9474835395812988, argmax 51045404
DEBUG   [05-05 16:00:28] calculate_loss in loss:
soft_target max: 0.5172132849693298, argmax 18728671
DEBUG   [05-05 16:00:28] calculate_loss in loss:
pred max in softmax: 0.9307683110237122, argmax 4557409
INFO    [05-05 16:00:38] _train_one_epoch in BasicTrainer:
loss = 4.430159739085606
INFO    [05-05 16:01:18] log in loggers:
Update Best NDCG@10 Model at 71
INFO    [05-05 16:01:18] validate in BasicTrainer:
{'Recall@10': 0.10440366173332388, 'NDCG@10': 0.06701794876293703, 'MRR@10': 0.055564739148725166, 'Recall@5': 0.0791832526976412, 'NDCG@5': 0.05893777954307469, 'MRR@5': 0.052273684265938675, 'Recall*@10': 0.10440366173332388, 'NDCG*@10': 0.06701794876293703, 'MRR*@10': 0.055564739148725166, 'Recall*@5': 0.0791832526976412, 'NDCG*@5': 0.05893777954307469, 'MRR*@5': 0.052273684265938675}
INFO    [05-05 16:01:18] train in BasicTrainer:
duration: 60.523879289627075s
INFO    [05-05 16:01:18] train in BasicTrainer:
epoch: 72
INFO    [05-05 16:01:37] _train_one_epoch in BasicTrainer:
loss = 4.424642537321363
INFO    [05-05 16:02:18] log in loggers:
Update Best NDCG@10 Model at 72
INFO    [05-05 16:02:18] validate in BasicTrainer:
{'Recall@10': 0.10421786457300186, 'NDCG@10': 0.06716426461935043, 'MRR@10': 0.05578419600020756, 'Recall@5': 0.07892768355933102, 'NDCG@5': 0.05898377773436633, 'MRR@5': 0.05240664732727138, 'Recall*@10': 0.10421786457300186, 'NDCG*@10': 0.06716426461935043, 'MRR*@10': 0.05578419600020756, 'Recall*@5': 0.07892768355933102, 'NDCG*@5': 0.05898377773436633, 'MRR*@5': 0.05240664732727138}
INFO    [05-05 16:02:18] train in BasicTrainer:
duration: 59.371264934539795s
INFO    [05-05 16:02:18] train in BasicTrainer:
epoch: 73
INFO    [05-05 16:02:37] _train_one_epoch in BasicTrainer:
loss = 4.415209259305682
INFO    [05-05 16:03:17] log in loggers:
Update Best NDCG@10 Model at 73
INFO    [05-05 16:03:17] validate in BasicTrainer:
{'Recall@10': 0.10536879639733922, 'NDCG@10': 0.0675909160213037, 'MRR@10': 0.05601403659040278, 'Recall@5': 0.07940519872036847, 'NDCG@5': 0.05922491983933882, 'MRR@5': 0.05257927524772557, 'Recall*@10': 0.10536879639733922, 'NDCG*@10': 0.0675909160213037, 'MRR*@10': 0.05601403659040278, 'Recall*@5': 0.07940519872036847, 'NDCG*@5': 0.05922491983933882, 'MRR*@5': 0.05257927524772557}
INFO    [05-05 16:03:17] train in BasicTrainer:
duration: 59.01789879798889s
INFO    [05-05 16:03:17] train in BasicTrainer:
epoch: 74
INFO    [05-05 16:03:35] _train_one_epoch in BasicTrainer:
loss = 4.407033026218414
INFO    [05-05 16:04:16] log in loggers:
Update Best NDCG@10 Model at 74
INFO    [05-05 16:04:16] validate in BasicTrainer:
{'Recall@10': 0.10543219271031293, 'NDCG@10': 0.06772816215049136, 'MRR@10': 0.05617469616911628, 'Recall@5': 0.07958022911440242, 'NDCG@5': 0.059400643137368286, 'MRR@5': 0.05275712399320169, 'Recall*@10': 0.10543219271031293, 'NDCG*@10': 0.06772816215049136, 'MRR*@10': 0.05617469616911628, 'Recall*@5': 0.07958022911440242, 'NDCG*@5': 0.059400643137368286, 'MRR*@5': 0.05275712399320169}
INFO    [05-05 16:04:16] train in BasicTrainer:
duration: 59.02669835090637s
INFO    [05-05 16:04:16] train in BasicTrainer:
epoch: 75
INFO    [05-05 16:04:34] _train_one_epoch in BasicTrainer:
loss = 4.403107566492898
INFO    [05-05 16:05:14] log in loggers:
Update Best NDCG@10 Model at 75
INFO    [05-05 16:05:14] validate in BasicTrainer:
{'Recall@10': 0.10609484328465028, 'NDCG@10': 0.068183034658432, 'MRR@10': 0.056567287241870705, 'Recall@5': 0.07996072484688325, 'NDCG@5': 0.05975172634829174, 'MRR@5': 0.053099066696383736, 'Recall*@10': 0.10609484328465028, 'NDCG*@10': 0.068183034658432, 'MRR*@10': 0.056567287241870705, 'Recall*@5': 0.07996072484688325, 'NDCG*@5': 0.05975172634829174, 'MRR*@5': 0.053099066696383736}
INFO    [05-05 16:05:14] train in BasicTrainer:
duration: 58.56791949272156s
INFO    [05-05 16:05:14] train in BasicTrainer:
epoch: 76
INFO    [05-05 16:05:34] _train_one_epoch in BasicTrainer:
loss = 4.395137284483228
INFO    [05-05 16:06:14] validate in BasicTrainer:
{'Recall@10': 0.10539923134175214, 'NDCG@10': 0.06792586974122307, 'MRR@10': 0.05642448230223222, 'Recall@5': 0.07966581935232336, 'NDCG@5': 0.05961693146012046, 'MRR@5': 0.053002897311340676, 'Recall*@10': 0.10539923134175214, 'NDCG*@10': 0.06792586974122307, 'MRR*@10': 0.05642448230223222, 'Recall*@5': 0.07966581935232336, 'NDCG*@5': 0.05961693146012046, 'MRR*@5': 0.053002897311340676}
INFO    [05-05 16:06:14] train in BasicTrainer:
duration: 59.90109634399414s
INFO    [05-05 16:06:14] train in BasicTrainer:
epoch: 77
INFO    [05-05 16:06:33] _train_one_epoch in BasicTrainer:
loss = 4.390072200979505
INFO    [05-05 16:07:13] log in loggers:
Update Best NDCG@10 Model at 77
INFO    [05-05 16:07:13] validate in BasicTrainer:
{'Recall@10': 0.10670047253370285, 'NDCG@10': 0.06860582801428708, 'MRR@10': 0.05697102573784915, 'Recall@5': 0.07893658564849333, 'NDCG@5': 0.059669416059147225, 'MRR@5': 0.053307101130485535, 'Recall*@10': 0.10670047253370285, 'NDCG*@10': 0.06860582801428708, 'MRR*@10': 0.05697102573784915, 'Recall*@5': 0.07893658564849333, 'NDCG*@5': 0.059669416059147225, 'MRR*@5': 0.053307101130485535}
INFO    [05-05 16:07:13] train in BasicTrainer:
duration: 58.69574451446533s
INFO    [05-05 16:07:13] train in BasicTrainer:
epoch: 78
INFO    [05-05 16:07:33] _train_one_epoch in BasicTrainer:
loss = 4.388649531773159
INFO    [05-05 16:08:12] validate in BasicTrainer:
{'Recall@10': 0.10681649839336221, 'NDCG@10': 0.06846709176898003, 'MRR@10': 0.05671655386686325, 'Recall@5': 0.0801680555397814, 'NDCG@5': 0.05991823361678557, 'MRR@5': 0.05322832885113629, 'Recall*@10': 0.10681649839336221, 'NDCG*@10': 0.06846709176898003, 'MRR*@10': 0.05671655386686325, 'Recall*@5': 0.0801680555397814, 'NDCG*@5': 0.05991823361678557, 'MRR*@5': 0.05322832885113629}
INFO    [05-05 16:08:12] train in BasicTrainer:
duration: 59.318636417388916s
INFO    [05-05 16:08:12] train in BasicTrainer:
epoch: 79
INFO    [05-05 16:08:31] _train_one_epoch in BasicTrainer:
loss = 4.379215793950217
INFO    [05-05 16:09:11] validate in BasicTrainer:
{'Recall@10': 0.10607583617622202, 'NDCG@10': 0.06849894808097319, 'MRR@10': 0.056986167349598625, 'Recall@5': 0.07958846945654262, 'NDCG@5': 0.059971817853775894, 'MRR@5': 0.05348998003385284, 'Recall*@10': 0.10607583617622202, 'NDCG*@10': 0.06849894808097319, 'MRR*@10': 0.056986167349598625, 'Recall*@5': 0.07958846945654262, 'NDCG*@5': 0.059971817853775894, 'MRR*@5': 0.05348998003385284}
INFO    [05-05 16:09:11] train in BasicTrainer:
duration: 59.088050842285156s
INFO    [05-05 16:09:12] close_training in BasicTrainer:
finished training
DEBUG   [05-05 16:09:12] debug_summary in loss:
loss nan summary: nan 0 times, not nan 4481 times, ratio nan / (nan + not_nan) = 0.0
INFO    [05-05 16:09:12] run_routine in Routine:
Finished training, Start final validation
INFO    [05-05 16:09:12] final_validate in BasicTrainer:
validate model on val set!
INFO    [05-05 16:09:12] load_state_from_given_path in utils:
checkpoint epoch: 77
INFO    [05-05 16:09:12] load_state_from_given_path in utils:
Loading model's parameters
INFO    [05-05 16:09:51] validate in BasicTrainer:
{'Recall@10': 0.10670047253370285, 'NDCG@10': 0.06860582801428708, 'MRR@10': 0.05697102573784915, 'Recall@5': 0.07893658564849333, 'NDCG@5': 0.059669416059147225, 'MRR@5': 0.053307101130485535, 'Recall*@10': 0.10670047253370285, 'NDCG*@10': 0.06860582801428708, 'MRR*@10': 0.05697102573784915, 'Recall*@5': 0.07893658564849333, 'NDCG*@5': 0.059669416059147225, 'MRR*@5': 0.053307101130485535}
INFO    [05-05 16:09:51] run_routine in Routine:
Finished final validating. Result: {'Recall@10': 0.10670047253370285, 'NDCG@10': 0.06860582801428708, 'MRR@10': 0.05697102573784915, 'Recall@5': 0.07893658564849333, 'NDCG@5': 0.059669416059147225, 'MRR@5': 0.053307101130485535, 'Recall*@10': 0.10670047253370285, 'NDCG*@10': 0.06860582801428708, 'MRR*@10': 0.05697102573784915, 'Recall*@5': 0.07893658564849333, 'NDCG*@5': 0.059669416059147225, 'MRR*@5': 0.053307101130485535}
INFO    [05-05 16:09:51] _evaluate in EnsembleDistillSched:
Start testing student model on test set
INFO    [05-05 16:09:51] test in BasicTrainer:
Test model on test set!
INFO    [05-05 16:09:51] test_with_given_state_path in BasicTrainer:
Loading model params from ___yelp_ep_2022/ep_narm-en-0.5-T-6.0-al-0.5-sr-0.8_05-05_14:48_t8/student_narm_logs/checkpoint/best_acc_model.pth.
INFO    [05-05 16:09:51] load_state_from_given_path in utils:
checkpoint epoch: 77
INFO    [05-05 16:09:51] load_state_from_given_path in utils:
Loading model's parameters
INFO    [05-05 16:09:51] test_with_given_state_path in BasicTrainer:
Finished loading. Start testing.
INFO    [05-05 16:10:32] test_with_given_state_path in BasicTrainer:
{'Recall@10': 0.08725493198091333, 'NDCG@10': 0.05388141829859127, 'MRR@10': 0.043712286447936836, 'Recall@5': 0.06308777427131479, 'NDCG@5': 0.04609606550498442, 'MRR@5': 0.04051630673083392, 'Recall*@10': 0.08725493198091333, 'NDCG*@10': 0.05388141829859127, 'MRR*@10': 0.043712286447936836, 'Recall*@5': 0.06308777427131479, 'NDCG*@5': 0.04609606550498442, 'MRR*@5': 0.04051630673083392}
INFO    [05-05 16:10:32] _evaluate in EnsembleDistillSched:
!!Final Result!!: {'Recall@10': 0.08725493198091333, 'NDCG@10': 0.05388141829859127, 'MRR@10': 0.043712286447936836, 'Recall@5': 0.06308777427131479, 'NDCG@5': 0.04609606550498442, 'MRR@5': 0.04051630673083392, 'Recall*@10': 0.08725493198091333, 'NDCG*@10': 0.05388141829859127, 'MRR*@10': 0.043712286447936836, 'Recall*@5': 0.06308777427131479, 'NDCG*@5': 0.04609606550498442, 'MRR*@5': 0.04051630673083392}
