INFO    [02-27 14:44:41] setup_train in utils:
{
    "experiment_dir": "___lfms_base_partial_2022",
    "experiment_description": "base",
    "describe": "{config[model_code]}-rate-{config[sample_rate]}-seed-{config[sample_seed]}",
    "dataset_name": "lastfm_small.csv",
    "sched": "basic",
    "model_code": "nextitnet",
    "num_epochs": 50,
    "mode": [
        "train",
        "test"
    ],
    "max_len": 20,
    "test_state_path": null,
    "model_state_path": null,
    "do_sampling": true,
    "path_for_sample": "Data/Cache/lastfm_small-5-5.pkl",
    "sample_rate": 0.5,
    "sample_seed": 2001,
    "rand_seed": 2022,
    "load_processed_dataset": true,
    "save_processed_dataset": false,
    "dataset_cache_filename": null,
    "weight_decay": 0,
    "decay_step": 15,
    "gamma": 0.99,
    "lr": 0.001,
    "min_length": 5,
    "min_item_inter": 5,
    "good_only": false,
    "use_rating": true,
    "test_negative_sampler_code": "random",
    "test_negative_sample_size": 0,
    "dataloader_type": "next",
    "train_batch_size": 64,
    "val_batch_size": 64,
    "test_batch_size": 64,
    "prop_sliding_window": -1.0,
    "worker_number": 2,
    "metric_ks": [
        5,
        10
    ],
    "device": "cuda",
    "num_gpu": 1,
    "optimizer": "Adam",
    "best_metric": "NDCG@10",
    "show_process_bar": false,
    "config_file": "config2.lastfm_small/nextitnet/config_partial.json",
    "task_id": 4,
    "split": "leave_one_out",
    "do_remap": true,
    "train_negative_sampler_code": "random",
    "train_negative_sample_size": 100,
    "device_idx": "0",
    "momentum": null,
    "log_period_as_iter": 12800,
    "mentor_code": "bert",
    "training_routine": null,
    "T": 1,
    "alpha": 0.1,
    "dvae_alpha": 0.5,
    "softmaxed_mentor": false,
    "weight_list": [
        0.5,
        0.5
    ],
    "validation_rate": 0.2,
    "num_items": null,
    "start_index": 1,
    "kwargs": null
}
DEBUG   [02-27 14:44:41] __init__ in BasicSched:
BasicScheduler attribs: tag=nextitnet
INFO    [02-27 14:44:41] _load_sampled_dataset_from_path in utils:
loading sampled dataset from /data/wushiguang-slurm/code/gitee-repos/soft-rec/Data/Cache/sampled_lastfm_small-5-5-rate-0.5-seed-2001.pkl
INFO    [02-27 14:44:41] _check_dataset_cache in utils:
check if the cache is generated under this configuration
INFO    [02-27 14:44:41] _check_dataset_cache in utils:
correct.
INFO    [02-27 14:44:41] __init__ in NextItemDataloader:
there are 3646 items in this dataset, 1586 users, padding_first? True
DEBUG   [02-27 14:44:42] generate_model in utils:
model_code_list=['nextitnet']
INFO    [02-27 14:44:42] load_model_config in utils:
loading model nextitnet's config file at asset/config/model/nextitnet.json
INFO    [02-27 14:44:42] load_model_config in utils:
{
    "embedding_size": 64,
    "kernel_size": 3,
    "block_num": 5,
    "dilations": [
        1
    ],
    "reg_weight": 5e-06,
    "loss_type": "CE"
}
WARNING [02-27 14:44:46] get_exist_path in utils:
dir ___lfms_base_partial_2022/base_nextitnet-rate-0.5-seed-2001_02-27_14:44_t4/nextitnet_logs does not exist! Create one.
WARNING [02-27 14:44:46] get_exist_path in utils:
dir ___lfms_base_partial_2022/base_nextitnet-rate-0.5-seed-2001_02-27_14:44_t4/nextitnet_logs/tb_vis does not exist! Create one.
WARNING [02-27 14:44:46] get_exist_path in utils:
dir ___lfms_base_partial_2022/base_nextitnet-rate-0.5-seed-2001_02-27_14:44_t4/nextitnet_logs/checkpoint does not exist! Create one.
INFO    [02-27 14:44:46] __init__ in BasicSched:
NextItNet(
  (item_embedding): Embedding(3647, 64, padding_idx=0)
  (residual_blocks): Sequential(
    (0): ResidualBlock_b(
      (conv1): Conv2d(64, 64, kernel_size=(1, 3), stride=(1, 1))
      (ln1): LayerNorm((64,), eps=1e-08, elementwise_affine=True)
      (conv2): Conv2d(64, 64, kernel_size=(1, 3), stride=(1, 1), dilation=(2, 2))
      (ln2): LayerNorm((64,), eps=1e-08, elementwise_affine=True)
    )
    (1): ResidualBlock_b(
      (conv1): Conv2d(64, 64, kernel_size=(1, 3), stride=(1, 1))
      (ln1): LayerNorm((64,), eps=1e-08, elementwise_affine=True)
      (conv2): Conv2d(64, 64, kernel_size=(1, 3), stride=(1, 1), dilation=(2, 2))
      (ln2): LayerNorm((64,), eps=1e-08, elementwise_affine=True)
    )
    (2): ResidualBlock_b(
      (conv1): Conv2d(64, 64, kernel_size=(1, 3), stride=(1, 1))
      (ln1): LayerNorm((64,), eps=1e-08, elementwise_affine=True)
      (conv2): Conv2d(64, 64, kernel_size=(1, 3), stride=(1, 1), dilation=(2, 2))
      (ln2): LayerNorm((64,), eps=1e-08, elementwise_affine=True)
    )
    (3): ResidualBlock_b(
      (conv1): Conv2d(64, 64, kernel_size=(1, 3), stride=(1, 1))
      (ln1): LayerNorm((64,), eps=1e-08, elementwise_affine=True)
      (conv2): Conv2d(64, 64, kernel_size=(1, 3), stride=(1, 1), dilation=(2, 2))
      (ln2): LayerNorm((64,), eps=1e-08, elementwise_affine=True)
    )
    (4): ResidualBlock_b(
      (conv1): Conv2d(64, 64, kernel_size=(1, 3), stride=(1, 1))
      (ln1): LayerNorm((64,), eps=1e-08, elementwise_affine=True)
      (conv2): Conv2d(64, 64, kernel_size=(1, 3), stride=(1, 1), dilation=(2, 2))
      (ln2): LayerNorm((64,), eps=1e-08, elementwise_affine=True)
    )
  )
  (final_layer): Linear(in_features=64, out_features=64, bias=True)
  (loss_fct): CrossEntropyLoss()
  (reg_loss): RegLoss()
)
WARNING [02-27 14:44:46] get_path in utils:
Path is None
WARNING [02-27 14:44:46] load_state_from_given_path in utils:
Not given any path.
INFO    [02-27 14:44:46] assert_model_device in utils:
model nextitnet has 1.38232421875 MB params.
INFO    [02-27 14:44:46] __init__ in BasicTrainer:
24192 iter per epoch
INFO    [02-27 14:44:46] _fit in BasicSched:
Start training.
INFO    [02-27 14:44:49] log in loggers:
Update Best NDCG@10 Model at 0
INFO    [02-27 14:44:49] validate in BasicTrainer:
{'Recall@10': 0.003924999982118606, 'NDCG@10': 0.0013396145589649677, 'MRR@10': 0.0006000992190092802, 'Recall@5': 0.000625, 'NDCG@5': 0.00026917286217212675, 'MRR@5': 0.00015625, 'Recall*@10': 0.003924999982118606, 'NDCG*@10': 0.0013396145589649677, 'MRR*@10': 0.0006000992190092802, 'Recall*@5': 0.000625, 'NDCG*@5': 0.00026917286217212675, 'MRR*@5': 0.00015625}
INFO    [02-27 14:44:49] train in BasicTrainer:
epoch: 0
INFO    [02-27 14:45:00] _train_one_epoch in BasicTrainer:
loss = 7.801185442657067
INFO    [02-27 14:45:02] log in loggers:
Update Best NDCG@10 Model at 0
INFO    [02-27 14:45:02] validate in BasicTrainer:
{'Recall@10': 0.019375, 'NDCG@10': 0.009362189341336489, 'MRR@10': 0.0063105160696432, 'Recall@5': 0.0125, 'NDCG@5': 0.007172691971063614, 'MRR@5': 0.005427083475515246, 'Recall*@10': 0.019375, 'NDCG*@10': 0.009362189341336489, 'MRR*@10': 0.0063105160696432, 'Recall*@5': 0.0125, 'NDCG*@5': 0.007172691971063614, 'MRR*@5': 0.005427083475515246}
INFO    [02-27 14:45:02] train in BasicTrainer:
duration: 13.089848518371582s
INFO    [02-27 14:45:02] train in BasicTrainer:
epoch: 1
INFO    [02-27 14:45:13] _train_one_epoch in BasicTrainer:
loss = 7.287627394237216
INFO    [02-27 14:45:15] log in loggers:
Update Best NDCG@10 Model at 1
INFO    [02-27 14:45:15] validate in BasicTrainer:
{'Recall@10': 0.03989999994635582, 'NDCG@10': 0.019154316131025553, 'MRR@10': 0.013033184609375893, 'Recall@5': 0.020974999964237212, 'NDCG@5': 0.01327908419072628, 'MRR@5': 0.010750000029802323, 'Recall*@10': 0.03989999994635582, 'NDCG*@10': 0.019154316131025553, 'MRR*@10': 0.013033184609375893, 'Recall*@5': 0.020974999964237212, 'NDCG*@5': 0.01327908419072628, 'MRR*@5': 0.010750000029802323}
INFO    [02-27 14:45:15] train in BasicTrainer:
duration: 13.056923151016235s
INFO    [02-27 14:45:15] train in BasicTrainer:
epoch: 2
INFO    [02-27 14:45:26] _train_one_epoch in BasicTrainer:
loss = 6.964678942211091
INFO    [02-27 14:45:28] log in loggers:
Update Best NDCG@10 Model at 2
INFO    [02-27 14:45:28] validate in BasicTrainer:
{'Recall@10': 0.051949999928474426, 'NDCG@10': 0.024173816051334143, 'MRR@10': 0.01580039693508297, 'Recall@5': 0.029724999964237213, 'NDCG@5': 0.017138039879500865, 'MRR@5': 0.012985416930168867, 'Recall*@10': 0.051949999928474426, 'NDCG*@10': 0.024173816051334143, 'MRR*@10': 0.01580039693508297, 'Recall*@5': 0.029724999964237213, 'NDCG*@5': 0.017138039879500865, 'MRR*@5': 0.012985416930168867}
INFO    [02-27 14:45:28] train in BasicTrainer:
duration: 13.008344411849976s
INFO    [02-27 14:45:28] train in BasicTrainer:
epoch: 3
INFO    [02-27 14:45:39] _train_one_epoch in BasicTrainer:
loss = 6.662494347839759
INFO    [02-27 14:45:41] log in loggers:
Update Best NDCG@10 Model at 3
INFO    [02-27 14:45:41] validate in BasicTrainer:
{'Recall@10': 0.06587499976158143, 'NDCG@10': 0.03367357935756445, 'MRR@10': 0.023855903428047897, 'Recall@5': 0.04409999996423721, 'NDCG@5': 0.0267098093777895, 'MRR@5': 0.0210270837508142, 'Recall*@10': 0.06587499976158143, 'NDCG*@10': 0.03367357935756445, 'MRR*@10': 0.023855903428047897, 'Recall*@5': 0.04409999996423721, 'NDCG*@5': 0.0267098093777895, 'MRR*@5': 0.0210270837508142}
INFO    [02-27 14:45:41] train in BasicTrainer:
duration: 13.082799673080444s
INFO    [02-27 14:45:41] train in BasicTrainer:
epoch: 4
INFO    [02-27 14:45:52] _train_one_epoch in BasicTrainer:
loss = 6.315453134516559
INFO    [02-27 14:45:54] log in loggers:
Update Best NDCG@10 Model at 4
INFO    [02-27 14:45:54] validate in BasicTrainer:
{'Recall@10': 0.07292499989271164, 'NDCG@10': 0.03580499716103077, 'MRR@10': 0.024715506322681904, 'Recall@5': 0.04069999992847442, 'NDCG@5': 0.02543317649513483, 'MRR@5': 0.02046541705727577, 'Recall*@10': 0.07292499989271164, 'NDCG*@10': 0.03580499716103077, 'MRR*@10': 0.024715506322681904, 'Recall*@5': 0.04069999992847442, 'NDCG*@5': 0.02543317649513483, 'MRR*@5': 0.02046541705727577}
INFO    [02-27 14:45:54] train in BasicTrainer:
duration: 13.063758373260498s
INFO    [02-27 14:45:54] train in BasicTrainer:
epoch: 5
INFO    [02-27 14:46:05] _train_one_epoch in BasicTrainer:
loss = 5.925701316702303
INFO    [02-27 14:46:07] log in loggers:
Update Best NDCG@10 Model at 5
INFO    [02-27 14:46:07] validate in BasicTrainer:
{'Recall@10': 0.07989999994635583, 'NDCG@10': 0.04001076467335224, 'MRR@10': 0.027950744573026896, 'Recall@5': 0.048299999982118605, 'NDCG@5': 0.02964796993881464, 'MRR@5': 0.02358958370052278, 'Recall*@10': 0.07989999994635583, 'NDCG*@10': 0.04001076467335224, 'MRR*@10': 0.027950744573026896, 'Recall*@5': 0.048299999982118605, 'NDCG*@5': 0.02964796993881464, 'MRR*@5': 0.02358958370052278}
INFO    [02-27 14:46:07] train in BasicTrainer:
duration: 13.123209953308105s
INFO    [02-27 14:46:07] train in BasicTrainer:
epoch: 6
INFO    [02-27 14:46:19] _train_one_epoch in BasicTrainer:
loss = 5.4985032384357755
INFO    [02-27 14:46:20] log in loggers:
Update Best NDCG@10 Model at 6
INFO    [02-27 14:46:20] validate in BasicTrainer:
{'Recall@10': 0.08497500002384185, 'NDCG@10': 0.043696996942162517, 'MRR@10': 0.0314496829919517, 'Recall@5': 0.04569999992847443, 'NDCG@5': 0.031096670515835284, 'MRR@5': 0.026307917069643735, 'Recall*@10': 0.08497500002384185, 'NDCG*@10': 0.043696996942162517, 'MRR*@10': 0.0314496829919517, 'Recall*@5': 0.04569999992847443, 'NDCG*@5': 0.031096670515835284, 'MRR*@5': 0.026307917069643735}
INFO    [02-27 14:46:20] train in BasicTrainer:
duration: 12.996092796325684s
INFO    [02-27 14:46:20] train in BasicTrainer:
epoch: 7
INFO    [02-27 14:46:32] _train_one_epoch in BasicTrainer:
loss = 5.047913184241643
INFO    [02-27 14:46:34] log in loggers:
Update Best NDCG@10 Model at 7
INFO    [02-27 14:46:34] validate in BasicTrainer:
{'Recall@10': 0.09007499992847443, 'NDCG@10': 0.05048491016030312, 'MRR@10': 0.038571359515190126, 'Recall@5': 0.056949999928474423, 'NDCG@5': 0.03975776553153992, 'MRR@5': 0.03413708381354809, 'Recall*@10': 0.09007499992847443, 'NDCG*@10': 0.05048491016030312, 'MRR*@10': 0.038571359515190126, 'Recall*@5': 0.056949999928474423, 'NDCG*@5': 0.03975776553153992, 'MRR*@5': 0.03413708381354809}
INFO    [02-27 14:46:34] train in BasicTrainer:
duration: 13.187990665435791s
INFO    [02-27 14:46:34] train in BasicTrainer:
epoch: 8
INFO    [02-27 14:46:45] _train_one_epoch in BasicTrainer:
loss = 4.566347964226254
INFO    [02-27 14:46:46] log in loggers:
Update Best NDCG@10 Model at 8
INFO    [02-27 14:46:47] validate in BasicTrainer:
{'Recall@10': 0.10007499992847442, 'NDCG@10': 0.053959540352225305, 'MRR@10': 0.04006813544780016, 'Recall@5': 0.06319999992847443, 'NDCG@5': 0.04214088290929794, 'MRR@5': 0.03525166736915707, 'Recall*@10': 0.10007499992847442, 'NDCG*@10': 0.053959540352225305, 'MRR*@10': 0.04006813544780016, 'Recall*@5': 0.06319999992847443, 'NDCG*@5': 0.04214088290929794, 'MRR*@5': 0.03525166736915707}
INFO    [02-27 14:46:47] train in BasicTrainer:
duration: 12.89247727394104s
INFO    [02-27 14:46:47] train in BasicTrainer:
epoch: 9
INFO    [02-27 14:46:57] _train_one_epoch in BasicTrainer:
loss = 4.0886897372190285
INFO    [02-27 14:46:59] log in loggers:
Update Best NDCG@10 Model at 9
INFO    [02-27 14:46:59] validate in BasicTrainer:
{'Recall@10': 0.10114999994635582, 'NDCG@10': 0.05794153898954391, 'MRR@10': 0.044699087366461755, 'Recall@5': 0.07177499994635582, 'NDCG@5': 0.04836059920489788, 'MRR@5': 0.04069958381354809, 'Recall*@10': 0.10114999994635582, 'NDCG*@10': 0.05794153898954391, 'MRR*@10': 0.044699087366461755, 'Recall*@5': 0.07177499994635582, 'NDCG*@5': 0.04836059920489788, 'MRR*@5': 0.04069958381354809}
INFO    [02-27 14:46:59] train in BasicTrainer:
duration: 12.796728610992432s
INFO    [02-27 14:46:59] train in BasicTrainer:
epoch: 10
INFO    [02-27 14:47:10] _train_one_epoch in BasicTrainer:
loss = 3.623082614449597
INFO    [02-27 14:47:12] log in loggers:
Update Best NDCG@10 Model at 10
INFO    [02-27 14:47:12] validate in BasicTrainer:
{'Recall@10': 0.10337499976158142, 'NDCG@10': 0.06034715831279755, 'MRR@10': 0.04720795750617981, 'Recall@5': 0.07222499996423722, 'NDCG@5': 0.05031632848083973, 'MRR@5': 0.043093334138393405, 'Recall*@10': 0.10337499976158142, 'NDCG*@10': 0.06034715831279755, 'MRR*@10': 0.04720795750617981, 'Recall*@5': 0.07222499996423722, 'NDCG*@5': 0.05031632848083973, 'MRR*@5': 0.043093334138393405}
INFO    [02-27 14:47:12] train in BasicTrainer:
duration: 12.88850450515747s
INFO    [02-27 14:47:12] train in BasicTrainer:
epoch: 11
INFO    [02-27 14:47:23] _train_one_epoch in BasicTrainer:
loss = 3.1900852338346857
INFO    [02-27 14:47:25] validate in BasicTrainer:
{'Recall@10': 0.10104999989271164, 'NDCG@10': 0.06025320440530777, 'MRR@10': 0.04782574459910393, 'Recall@5': 0.07087499976158142, 'NDCG@5': 0.05058836691081524, 'MRR@5': 0.04389166798442602, 'Recall*@10': 0.10104999989271164, 'NDCG*@10': 0.06025320440530777, 'MRR*@10': 0.04782574459910393, 'Recall*@5': 0.07087499976158142, 'NDCG*@5': 0.05058836691081524, 'MRR*@5': 0.04389166798442602}
INFO    [02-27 14:47:25] train in BasicTrainer:
duration: 12.653489112854004s
INFO    [02-27 14:47:25] train in BasicTrainer:
epoch: 12
INFO    [02-27 14:47:36] _train_one_epoch in BasicTrainer:
loss = 2.7953768757285262
INFO    [02-27 14:47:38] log in loggers:
Update Best NDCG@10 Model at 12
INFO    [02-27 14:47:38] validate in BasicTrainer:
{'Recall@10': 0.10417499989271164, 'NDCG@10': 0.063550536185503, 'MRR@10': 0.0513202577829361, 'Recall@5': 0.07149999976158142, 'NDCG@5': 0.05309280976653099, 'MRR@5': 0.04706416741013527, 'Recall*@10': 0.10417499989271164, 'NDCG*@10': 0.063550536185503, 'MRR*@10': 0.0513202577829361, 'Recall*@5': 0.07149999976158142, 'NDCG*@5': 0.05309280976653099, 'MRR*@5': 0.04706416741013527}
INFO    [02-27 14:47:38] train in BasicTrainer:
duration: 12.803389549255371s
INFO    [02-27 14:47:38] train in BasicTrainer:
epoch: 13
INFO    [02-27 14:47:49] _train_one_epoch in BasicTrainer:
loss = 2.4518471070067593
INFO    [02-27 14:47:50] validate in BasicTrainer:
{'Recall@10': 0.09104999989271163, 'NDCG@10': 0.05764153227210045, 'MRR@10': 0.047372847273945806, 'Recall@5': 0.07087499976158142, 'NDCG@5': 0.051042258888483044, 'MRR@5': 0.04460583433508873, 'Recall*@10': 0.09104999989271163, 'NDCG*@10': 0.05764153227210045, 'MRR*@10': 0.047372847273945806, 'Recall*@5': 0.07087499976158142, 'NDCG*@5': 0.051042258888483044, 'MRR*@5': 0.04460583433508873}
INFO    [02-27 14:47:50] train in BasicTrainer:
duration: 12.723937749862671s
INFO    [02-27 14:47:50] train in BasicTrainer:
epoch: 14
INFO    [02-27 14:48:01] _train_one_epoch in BasicTrainer:
loss = 2.1508293069859663
INFO    [02-27 14:48:03] validate in BasicTrainer:
{'Recall@10': 0.09872500002384185, 'NDCG@10': 0.06278329916298389, 'MRR@10': 0.05198328413069248, 'Recall@5': 0.07087499976158142, 'NDCG@5': 0.05387551724910736, 'MRR@5': 0.04836250148713589, 'Recall*@10': 0.09872500002384185, 'NDCG*@10': 0.06278329916298389, 'MRR*@10': 0.05198328413069248, 'Recall*@5': 0.07087499976158142, 'NDCG*@5': 0.05387551724910736, 'MRR*@5': 0.04836250148713589}
INFO    [02-27 14:48:03] train in BasicTrainer:
duration: 12.787473917007446s
INFO    [02-27 14:48:03] train in BasicTrainer:
epoch: 15
INFO    [02-27 14:48:14] _train_one_epoch in BasicTrainer:
loss = 1.8873189785493114
INFO    [02-27 14:48:16] validate in BasicTrainer:
{'Recall@10': 0.09569999992847443, 'NDCG@10': 0.062900430560112, 'MRR@10': 0.053186656311154365, 'Recall@5': 0.06489999994635581, 'NDCG@5': 0.05318016044795513, 'MRR@5': 0.049316666647791864, 'Recall*@10': 0.09569999992847443, 'NDCG*@10': 0.062900430560112, 'MRR*@10': 0.053186656311154365, 'Recall*@5': 0.06489999994635581, 'NDCG*@5': 0.05318016044795513, 'MRR*@5': 0.049316666647791864}
INFO    [02-27 14:48:16] train in BasicTrainer:
duration: 12.66533637046814s
INFO    [02-27 14:48:16] train in BasicTrainer:
epoch: 16
INFO    [02-27 14:48:27] _train_one_epoch in BasicTrainer:
loss = 1.6730721608671562
INFO    [02-27 14:48:29] validate in BasicTrainer:
{'Recall@10': 0.09337499976158142, 'NDCG@10': 0.06083523452281952, 'MRR@10': 0.05088586360216141, 'Recall@5': 0.07024999976158142, 'NDCG@5': 0.053303661942482, 'MRR@5': 0.04774375066161156, 'Recall*@10': 0.09337499976158142, 'NDCG*@10': 0.06083523452281952, 'MRR*@10': 0.05088586360216141, 'Recall*@5': 0.07024999976158142, 'NDCG*@5': 0.053303661942482, 'MRR*@5': 0.04774375066161156}
INFO    [02-27 14:48:29] train in BasicTrainer:
duration: 12.81150507926941s
INFO    [02-27 14:48:29] train in BasicTrainer:
epoch: 17
INFO    [02-27 14:48:40] _train_one_epoch in BasicTrainer:
loss = 1.4905993482738575
INFO    [02-27 14:48:41] log in loggers:
Update Best NDCG@10 Model at 17
INFO    [02-27 14:48:42] validate in BasicTrainer:
{'Recall@10': 0.09712499976158143, 'NDCG@10': 0.06400544114410878, 'MRR@10': 0.05407812479883432, 'Recall@5': 0.06944999992847442, 'NDCG@5': 0.05507020909339189, 'MRR@5': 0.05039791714400053, 'Recall*@10': 0.09712499976158143, 'NDCG*@10': 0.06400544114410878, 'MRR*@10': 0.05407812479883432, 'Recall*@5': 0.06944999992847442, 'NDCG*@5': 0.05507020909339189, 'MRR*@5': 0.05039791714400053}
INFO    [02-27 14:48:42] train in BasicTrainer:
duration: 12.851357221603394s
INFO    [02-27 14:48:42] train in BasicTrainer:
epoch: 18
INFO    [02-27 14:48:52] _train_one_epoch in BasicTrainer:
loss = 1.3424803516852162
INFO    [02-27 14:48:54] log in loggers:
Update Best NDCG@10 Model at 18
INFO    [02-27 14:48:54] validate in BasicTrainer:
{'Recall@10': 0.09229999989271163, 'NDCG@10': 0.06462267629802226, 'MRR@10': 0.05629767924547195, 'Recall@5': 0.06917499989271164, 'NDCG@5': 0.05729449361562729, 'MRR@5': 0.05336166739463806, 'Recall*@10': 0.09229999989271163, 'NDCG*@10': 0.06462267629802226, 'MRR*@10': 0.05629767924547195, 'Recall*@5': 0.06917499989271164, 'NDCG*@5': 0.05729449361562729, 'MRR*@5': 0.05336166739463806}
INFO    [02-27 14:48:54] train in BasicTrainer:
duration: 12.805263996124268s
INFO    [02-27 14:48:54] train in BasicTrainer:
epoch: 19
INFO    [02-27 14:49:05] _train_one_epoch in BasicTrainer:
loss = 1.2279828266491966
INFO    [02-27 14:49:07] log in loggers:
Update Best NDCG@10 Model at 19
INFO    [02-27 14:49:07] validate in BasicTrainer:
{'Recall@10': 0.09604999989271164, 'NDCG@10': 0.06746210604906082, 'MRR@10': 0.0588590782135725, 'Recall@5': 0.07462499976158142, 'NDCG@5': 0.060689141228795054, 'MRR@5': 0.056156251132488254, 'Recall*@10': 0.09604999989271164, 'NDCG*@10': 0.06746210604906082, 'MRR*@10': 0.0588590782135725, 'Recall*@5': 0.07462499976158142, 'NDCG*@5': 0.060689141228795054, 'MRR*@5': 0.056156251132488254}
INFO    [02-27 14:49:07] train in BasicTrainer:
duration: 12.743234157562256s
INFO    [02-27 14:49:07] train in BasicTrainer:
epoch: 20
INFO    [02-27 14:49:18] _train_one_epoch in BasicTrainer:
loss = 1.1288456792238528
INFO    [02-27 14:49:20] validate in BasicTrainer:
{'Recall@10': 0.09435000002384186, 'NDCG@10': 0.06622290283441544, 'MRR@10': 0.05768624991178513, 'Recall@5': 0.07104999989271164, 'NDCG@5': 0.05851012334227562, 'MRR@5': 0.05439791664481163, 'Recall*@10': 0.09435000002384186, 'NDCG*@10': 0.06622290283441544, 'MRR*@10': 0.05768624991178513, 'Recall*@5': 0.07104999989271164, 'NDCG*@5': 0.05851012334227562, 'MRR*@5': 0.05439791664481163}
INFO    [02-27 14:49:20] train in BasicTrainer:
duration: 12.640422344207764s
INFO    [02-27 14:49:20] train in BasicTrainer:
epoch: 21
INFO    [02-27 14:49:31] _train_one_epoch in BasicTrainer:
loss = 1.0285103778359752
INFO    [02-27 14:49:32] log in loggers:
Update Best NDCG@10 Model at 21
INFO    [02-27 14:49:33] validate in BasicTrainer:
{'Recall@10': 0.09247500002384186, 'NDCG@10': 0.06919736877083778, 'MRR@10': 0.062077907025814054, 'Recall@5': 0.07854999989271164, 'NDCG@5': 0.06478560179471969, 'MRR@5': 0.06031000018119812, 'Recall*@10': 0.09247500002384186, 'NDCG*@10': 0.06919736877083778, 'MRR*@10': 0.062077907025814054, 'Recall*@5': 0.07854999989271164, 'NDCG*@5': 0.06478560179471969, 'MRR*@5': 0.06031000018119812}
INFO    [02-27 14:49:33] train in BasicTrainer:
duration: 12.798276662826538s
INFO    [02-27 14:49:33] train in BasicTrainer:
epoch: 22
INFO    [02-27 14:49:43] _train_one_epoch in BasicTrainer:
loss = 0.9448403735797872
INFO    [02-27 14:49:45] log in loggers:
Update Best NDCG@10 Model at 22
INFO    [02-27 14:49:45] validate in BasicTrainer:
{'Recall@10': 0.09810000002384185, 'NDCG@10': 0.07111516073346139, 'MRR@10': 0.06290491141378879, 'Recall@5': 0.07729999989271163, 'NDCG@5': 0.06447939455509186, 'MRR@5': 0.060220833718776706, 'Recall*@10': 0.09810000002384185, 'NDCG*@10': 0.07111516073346139, 'MRR*@10': 0.06290491141378879, 'Recall*@5': 0.07729999989271163, 'NDCG*@5': 0.06447939455509186, 'MRR*@5': 0.060220833718776706}
INFO    [02-27 14:49:45] train in BasicTrainer:
duration: 12.85695505142212s
INFO    [02-27 14:49:45] train in BasicTrainer:
epoch: 23
INFO    [02-27 14:49:56] _train_one_epoch in BasicTrainer:
loss = 0.8903270685483539
INFO    [02-27 14:49:58] validate in BasicTrainer:
{'Recall@10': 0.09729999989271164, 'NDCG@10': 0.06996135696768761, 'MRR@10': 0.061726687103509904, 'Recall@5': 0.07399999976158142, 'NDCG@5': 0.06255385123193263, 'MRR@5': 0.05874166697263718, 'Recall*@10': 0.09729999989271164, 'NDCG*@10': 0.06996135696768761, 'MRR*@10': 0.061726687103509904, 'Recall*@5': 0.07399999976158142, 'NDCG*@5': 0.06255385123193263, 'MRR*@5': 0.05874166697263718}
INFO    [02-27 14:49:58] train in BasicTrainer:
duration: 12.766257762908936s
INFO    [02-27 14:49:58] train in BasicTrainer:
epoch: 24
INFO    [02-27 14:50:09] _train_one_epoch in BasicTrainer:
loss = 0.8265217395213545
INFO    [02-27 14:50:11] validate in BasicTrainer:
{'Recall@10': 0.09604999989271164, 'NDCG@10': 0.06793036773800849, 'MRR@10': 0.05955203361809254, 'Recall@5': 0.07087499976158142, 'NDCG@5': 0.05982751950621605, 'MRR@5': 0.05622916661202908, 'Recall*@10': 0.09604999989271164, 'NDCG*@10': 0.06793036773800849, 'MRR*@10': 0.05955203361809254, 'Recall*@5': 0.07087499976158142, 'NDCG*@5': 0.05982751950621605, 'MRR*@5': 0.05622916661202908}
INFO    [02-27 14:50:11] train in BasicTrainer:
duration: 12.7586829662323s
INFO    [02-27 14:50:11] train in BasicTrainer:
epoch: 25
INFO    [02-27 14:50:22] _train_one_epoch in BasicTrainer:
loss = 0.7718100050296733
INFO    [02-27 14:50:24] validate in BasicTrainer:
{'Recall@10': 0.08997500002384186, 'NDCG@10': 0.06609201490879059, 'MRR@10': 0.058870019242167476, 'Recall@5': 0.07185000002384186, 'NDCG@5': 0.06039593119174242, 'MRR@5': 0.05661208342760801, 'Recall*@10': 0.08997500002384186, 'NDCG*@10': 0.06609201490879059, 'MRR*@10': 0.058870019242167476, 'Recall*@5': 0.07185000002384186, 'NDCG*@5': 0.06039593119174242, 'MRR*@5': 0.05661208342760801}
INFO    [02-27 14:50:24] train in BasicTrainer:
duration: 12.694282531738281s
INFO    [02-27 14:50:24] train in BasicTrainer:
epoch: 26
INFO    [02-27 14:50:35] _train_one_epoch in BasicTrainer:
loss = 0.7471027740883449
INFO    [02-27 14:50:36] validate in BasicTrainer:
{'Recall@10': 0.09685000002384186, 'NDCG@10': 0.0700838302820921, 'MRR@10': 0.06187076464295387, 'Recall@5': 0.07810000002384186, 'NDCG@5': 0.06397262267768383, 'MRR@5': 0.05932041704654693, 'Recall*@10': 0.09685000002384186, 'NDCG*@10': 0.0700838302820921, 'MRR*@10': 0.06187076464295387, 'Recall*@5': 0.07810000002384186, 'NDCG*@5': 0.06397262267768383, 'MRR*@5': 0.05932041704654693}
INFO    [02-27 14:50:36] train in BasicTrainer:
duration: 12.662366390228271s
INFO    [02-27 14:50:36] train in BasicTrainer:
epoch: 27
INFO    [02-27 14:50:47] _train_one_epoch in BasicTrainer:
loss = 0.7112228822298151
INFO    [02-27 14:50:49] validate in BasicTrainer:
{'Recall@10': 0.08997500002384186, 'NDCG@10': 0.06714840710163117, 'MRR@10': 0.06015573419630527, 'Recall@5': 0.07310000002384186, 'NDCG@5': 0.06150561034679413, 'MRR@5': 0.05771625027060509, 'Recall*@10': 0.08997500002384186, 'NDCG*@10': 0.06714840710163117, 'MRR*@10': 0.06015573419630527, 'Recall*@5': 0.07310000002384186, 'NDCG*@5': 0.06150561034679413, 'MRR*@5': 0.05771625027060509}
INFO    [02-27 14:50:49] train in BasicTrainer:
duration: 12.712386846542358s
INFO    [02-27 14:50:49] train in BasicTrainer:
epoch: 28
INFO    [02-27 14:51:00] _train_one_epoch in BasicTrainer:
loss = 0.6531533857502004
INFO    [02-27 14:51:02] validate in BasicTrainer:
{'Recall@10': 0.09514999985694886, 'NDCG@10': 0.06945889413356782, 'MRR@10': 0.061776884272694586, 'Recall@5': 0.07372500002384186, 'NDCG@5': 0.06266205072402954, 'MRR@5': 0.059050000384449956, 'Recall*@10': 0.09514999985694886, 'NDCG*@10': 0.06945889413356782, 'MRR*@10': 0.061776884272694586, 'Recall*@5': 0.07372500002384186, 'NDCG*@5': 0.06266205072402954, 'MRR*@5': 0.059050000384449956}
INFO    [02-27 14:51:02] train in BasicTrainer:
duration: 12.650365114212036s
INFO    [02-27 14:51:02] train in BasicTrainer:
epoch: 29
INFO    [02-27 14:51:12] _train_one_epoch in BasicTrainer:
loss = 0.6446302198464908
INFO    [02-27 14:51:14] validate in BasicTrainer:
{'Recall@10': 0.08997500002384186, 'NDCG@10': 0.06751524060964584, 'MRR@10': 0.06068472236394882, 'Recall@5': 0.07560000002384186, 'NDCG@5': 0.06293697491288185, 'MRR@5': 0.058837500363588334, 'Recall*@10': 0.08997500002384186, 'NDCG*@10': 0.06751524060964584, 'MRR*@10': 0.06068472236394882, 'Recall*@5': 0.07560000002384186, 'NDCG*@5': 0.06293697491288185, 'MRR*@5': 0.058837500363588334}
INFO    [02-27 14:51:14] train in BasicTrainer:
duration: 12.695660829544067s
INFO    [02-27 14:51:14] train in BasicTrainer:
epoch: 30
INFO    [02-27 14:51:25] _train_one_epoch in BasicTrainer:
loss = 0.6297049436067778
INFO    [02-27 14:51:27] validate in BasicTrainer:
{'Recall@10': 0.09497500002384186, 'NDCG@10': 0.06874195296317338, 'MRR@10': 0.060862183375284075, 'Recall@5': 0.07435000002384186, 'NDCG@5': 0.062299087941646576, 'MRR@5': 0.05833291657269001, 'Recall*@10': 0.09497500002384186, 'NDCG*@10': 0.06874195296317338, 'MRR*@10': 0.060862183375284075, 'Recall*@5': 0.07435000002384186, 'NDCG*@5': 0.062299087941646576, 'MRR*@5': 0.05833291657269001}
INFO    [02-27 14:51:27] train in BasicTrainer:
duration: 12.66228723526001s
INFO    [02-27 14:51:27] train in BasicTrainer:
epoch: 31
INFO    [02-27 14:51:38] _train_one_epoch in BasicTrainer:
loss = 0.5788912498367527
INFO    [02-27 14:51:40] validate in BasicTrainer:
{'Recall@10': 0.09122500002384186, 'NDCG@10': 0.06732382625341415, 'MRR@10': 0.059980307668447495, 'Recall@5': 0.07497500002384186, 'NDCG@5': 0.06213920682668686, 'MRR@5': 0.05788333386182785, 'Recall*@10': 0.09122500002384186, 'NDCG*@10': 0.06732382625341415, 'MRR*@10': 0.059980307668447495, 'Recall*@5': 0.07497500002384186, 'NDCG*@5': 0.06213920682668686, 'MRR*@5': 0.05788333386182785}
INFO    [02-27 14:51:40] train in BasicTrainer:
duration: 12.7823646068573s
INFO    [02-27 14:51:40] train in BasicTrainer:
epoch: 32
INFO    [02-27 14:51:51] _train_one_epoch in BasicTrainer:
loss = 0.5290603805234824
INFO    [02-27 14:51:54] validate in BasicTrainer:
{'Recall@10': 0.09577499985694886, 'NDCG@10': 0.06778265967965126, 'MRR@10': 0.05952527783811092, 'Recall@5': 0.06979999989271164, 'NDCG@5': 0.05972095936536789, 'MRR@5': 0.05638958364725113, 'Recall*@10': 0.09577499985694886, 'NDCG*@10': 0.06778265967965126, 'MRR*@10': 0.05952527783811092, 'Recall*@5': 0.06979999989271164, 'NDCG*@5': 0.05972095936536789, 'MRR*@5': 0.05638958364725113}
INFO    [02-27 14:51:54] train in BasicTrainer:
duration: 14.429807662963867s
INFO    [02-27 14:51:54] train in BasicTrainer:
epoch: 33
INFO    [02-27 14:52:05] _train_one_epoch in BasicTrainer:
loss = 0.563137962625771
INFO    [02-27 14:52:08] log in loggers:
Update Best NDCG@10 Model at 33
INFO    [02-27 14:52:09] validate in BasicTrainer:
{'Recall@10': 0.09827499985694885, 'NDCG@10': 0.07229915827512741, 'MRR@10': 0.06455832436680793, 'Recall@5': 0.07622500002384186, 'NDCG@5': 0.06533027820289135, 'MRR@5': 0.06177916690707207, 'Recall*@10': 0.09827499985694885, 'NDCG*@10': 0.07229915827512741, 'MRR*@10': 0.06455832436680793, 'Recall*@5': 0.07622500002384186, 'NDCG*@5': 0.06533027820289135, 'MRR*@5': 0.06177916690707207}
INFO    [02-27 14:52:09] train in BasicTrainer:
duration: 14.858007907867432s
INFO    [02-27 14:52:09] train in BasicTrainer:
epoch: 34
INFO    [02-27 14:52:20] _train_one_epoch in BasicTrainer:
loss = 0.5668968587483048
INFO    [02-27 14:52:22] validate in BasicTrainer:
{'Recall@10': 0.09952499985694885, 'NDCG@10': 0.07040122993290425, 'MRR@10': 0.06159309566020966, 'Recall@5': 0.08104999989271164, 'NDCG@5': 0.06457411132752895, 'MRR@5': 0.059272916316986085, 'Recall*@10': 0.09952499985694885, 'NDCG*@10': 0.07040122993290425, 'MRR*@10': 0.06159309566020966, 'Recall*@5': 0.08104999989271164, 'NDCG*@5': 0.06457411132752895, 'MRR*@5': 0.059272916316986085}
INFO    [02-27 14:52:22] train in BasicTrainer:
duration: 12.652372598648071s
INFO    [02-27 14:52:22] train in BasicTrainer:
epoch: 35
INFO    [02-27 14:52:32] _train_one_epoch in BasicTrainer:
loss = 0.5555303208727055
INFO    [02-27 14:52:34] validate in BasicTrainer:
{'Recall@10': 0.09327499985694886, 'NDCG@10': 0.06642936572432517, 'MRR@10': 0.05832475207746029, 'Recall@5': 0.07042499989271164, 'NDCG@5': 0.05903972804546356, 'MRR@5': 0.05527499996125698, 'Recall*@10': 0.09327499985694886, 'NDCG*@10': 0.06642936572432517, 'MRR*@10': 0.05832475207746029, 'Recall*@5': 0.07042499989271164, 'NDCG*@5': 0.05903972804546356, 'MRR*@5': 0.05527499996125698}
INFO    [02-27 14:52:34] train in BasicTrainer:
duration: 12.641363859176636s
INFO    [02-27 14:52:34] train in BasicTrainer:
epoch: 36
INFO    [02-27 14:52:45] _train_one_epoch in BasicTrainer:
loss = 0.5340892413542384
INFO    [02-27 14:52:47] validate in BasicTrainer:
{'Recall@10': 0.09639999985694886, 'NDCG@10': 0.06980497419834136, 'MRR@10': 0.06168874055147171, 'Recall@5': 0.07952499985694886, 'NDCG@5': 0.06441165804862976, 'MRR@5': 0.05950000017881393, 'Recall*@10': 0.09639999985694886, 'NDCG*@10': 0.06980497419834136, 'MRR*@10': 0.06168874055147171, 'Recall*@5': 0.07952499985694886, 'NDCG*@5': 0.06441165804862976, 'MRR*@5': 0.05950000017881393}
INFO    [02-27 14:52:47] train in BasicTrainer:
duration: 12.637369394302368s
INFO    [02-27 14:52:47] train in BasicTrainer:
epoch: 37
INFO    [02-27 14:52:58] _train_one_epoch in BasicTrainer:
loss = 0.486013543590036
INFO    [02-27 14:53:00] validate in BasicTrainer:
{'Recall@10': 0.09514999985694886, 'NDCG@10': 0.0692677527666092, 'MRR@10': 0.061385149508714675, 'Recall@5': 0.07729999989271163, 'NDCG@5': 0.06373868063092232, 'MRR@5': 0.05924375101923943, 'Recall*@10': 0.09514999985694886, 'NDCG*@10': 0.0692677527666092, 'MRR*@10': 0.061385149508714675, 'Recall*@5': 0.07729999989271163, 'NDCG*@5': 0.06373868063092232, 'MRR*@5': 0.05924375101923943}
INFO    [02-27 14:53:00] train in BasicTrainer:
duration: 12.740079641342163s
INFO    [02-27 14:53:00] train in BasicTrainer:
epoch: 38
INFO    [02-27 14:53:10] _train_one_epoch in BasicTrainer:
loss = 0.4696997646340933
INFO    [02-27 14:53:12] validate in BasicTrainer:
{'Recall@10': 0.09282499969005585, 'NDCG@10': 0.06844661965966224, 'MRR@10': 0.06102275863289833, 'Recall@5': 0.07577499985694885, 'NDCG@5': 0.0630360397696495, 'MRR@5': 0.0588500003516674, 'Recall*@10': 0.09282499969005585, 'NDCG*@10': 0.06844661965966224, 'MRR*@10': 0.06102275863289833, 'Recall*@5': 0.07577499985694885, 'NDCG*@5': 0.0630360397696495, 'MRR*@5': 0.0588500003516674}
INFO    [02-27 14:53:12] train in BasicTrainer:
duration: 12.604854345321655s
INFO    [02-27 14:53:12] train in BasicTrainer:
epoch: 39
INFO    [02-27 14:53:23] _train_one_epoch in BasicTrainer:
loss = 0.4852889058766542
INFO    [02-27 14:53:25] validate in BasicTrainer:
{'Recall@10': 0.09060000002384186, 'NDCG@10': 0.06868432089686394, 'MRR@10': 0.062042411118745804, 'Recall@5': 0.07479999989271163, 'NDCG@5': 0.06368019104003907, 'MRR@5': 0.06003541752696037, 'Recall*@10': 0.09060000002384186, 'NDCG*@10': 0.06868432089686394, 'MRR*@10': 0.062042411118745804, 'Recall*@5': 0.07479999989271163, 'NDCG*@5': 0.06368019104003907, 'MRR*@5': 0.06003541752696037}
INFO    [02-27 14:53:25] train in BasicTrainer:
duration: 12.678900957107544s
INFO    [02-27 14:53:25] train in BasicTrainer:
epoch: 40
INFO    [02-27 14:53:36] _train_one_epoch in BasicTrainer:
loss = 0.5078824433503012
INFO    [02-27 14:53:38] validate in BasicTrainer:
{'Recall@10': 0.09497500002384186, 'NDCG@10': 0.07058678403496742, 'MRR@10': 0.06306646838784218, 'Recall@5': 0.07935000002384186, 'NDCG@5': 0.06560644567012787, 'MRR@5': 0.06105208367109299, 'Recall*@10': 0.09497500002384186, 'NDCG*@10': 0.07058678403496742, 'MRR*@10': 0.06306646838784218, 'Recall*@5': 0.07935000002384186, 'NDCG*@5': 0.06560644567012787, 'MRR*@5': 0.06105208367109299}
INFO    [02-27 14:53:38] train in BasicTrainer:
duration: 12.655397176742554s
INFO    [02-27 14:53:38] train in BasicTrainer:
epoch: 41
INFO    [02-27 14:53:48] _train_one_epoch in BasicTrainer:
loss = 0.48485913803731956
INFO    [02-27 14:53:50] validate in BasicTrainer:
{'Recall@10': 0.08622500002384186, 'NDCG@10': 0.06653426498174668, 'MRR@10': 0.06055932566523552, 'Recall@5': 0.07104999989271164, 'NDCG@5': 0.061632817313075065, 'MRR@5': 0.05853958353400231, 'Recall*@10': 0.08622500002384186, 'NDCG*@10': 0.06653426498174668, 'MRR*@10': 0.06055932566523552, 'Recall*@5': 0.07104999989271164, 'NDCG*@5': 0.061632817313075065, 'MRR*@5': 0.05853958353400231}
INFO    [02-27 14:53:50] train in BasicTrainer:
duration: 12.667933702468872s
INFO    [02-27 14:53:50] train in BasicTrainer:
epoch: 42
INFO    [02-27 14:54:01] _train_one_epoch in BasicTrainer:
loss = 0.4269980784584448
INFO    [02-27 14:54:03] validate in BasicTrainer:
{'Recall@10': 0.09604999989271164, 'NDCG@10': 0.07133049383759499, 'MRR@10': 0.06366944439709186, 'Recall@5': 0.07979999989271164, 'NDCG@5': 0.06612321734428406, 'MRR@5': 0.061547916829586026, 'Recall*@10': 0.09604999989271164, 'NDCG*@10': 0.07133049383759499, 'MRR*@10': 0.06366944439709186, 'Recall*@5': 0.07979999989271164, 'NDCG*@5': 0.06612321734428406, 'MRR*@5': 0.061547916829586026}
INFO    [02-27 14:54:03] train in BasicTrainer:
duration: 12.525861501693726s
INFO    [02-27 14:54:03] train in BasicTrainer:
epoch: 43
INFO    [02-27 14:54:14] _train_one_epoch in BasicTrainer:
loss = 0.37514497170214933
INFO    [02-27 14:54:16] log in loggers:
Update Best NDCG@10 Model at 43
INFO    [02-27 14:54:16] validate in BasicTrainer:
{'Recall@10': 0.09667499989271164, 'NDCG@10': 0.07267080798745156, 'MRR@10': 0.06545972228050231, 'Recall@5': 0.07604999989271163, 'NDCG@5': 0.06606259703636169, 'MRR@5': 0.06276875019073486, 'Recall*@10': 0.09667499989271164, 'NDCG*@10': 0.07267080798745156, 'MRR*@10': 0.06545972228050231, 'Recall*@5': 0.07604999989271163, 'NDCG*@5': 0.06606259703636169, 'MRR*@5': 0.06276875019073486}
INFO    [02-27 14:54:16] train in BasicTrainer:
duration: 12.745553255081177s
INFO    [02-27 14:54:16] train in BasicTrainer:
epoch: 44
INFO    [02-27 14:54:26] _train_one_epoch in BasicTrainer:
loss = 0.3768477104998455
INFO    [02-27 14:54:28] validate in BasicTrainer:
{'Recall@10': 0.09667499989271164, 'NDCG@10': 0.06994435653090476, 'MRR@10': 0.0616933037340641, 'Recall@5': 0.08042499989271164, 'NDCG@5': 0.06467863216996193, 'MRR@5': 0.05951249986886978, 'Recall*@10': 0.09667499989271164, 'NDCG*@10': 0.06994435653090476, 'MRR*@10': 0.0616933037340641, 'Recall*@5': 0.08042499989271164, 'NDCG*@5': 0.06467863216996193, 'MRR*@5': 0.05951249986886978}
INFO    [02-27 14:54:28] train in BasicTrainer:
duration: 12.593380451202393s
INFO    [02-27 14:54:28] train in BasicTrainer:
epoch: 45
INFO    [02-27 14:54:39] _train_one_epoch in BasicTrainer:
loss = 0.40111135514009566
INFO    [02-27 14:54:41] validate in BasicTrainer:
{'Recall@10': 0.09702499985694885, 'NDCG@10': 0.06925152763724327, 'MRR@10': 0.06088754929602146, 'Recall@5': 0.07560000002384186, 'NDCG@5': 0.06240221120417118, 'MRR@5': 0.058106250166893005, 'Recall*@10': 0.09702499985694885, 'NDCG*@10': 0.06925152763724327, 'MRR*@10': 0.06088754929602146, 'Recall*@5': 0.07560000002384186, 'NDCG*@5': 0.06240221120417118, 'MRR*@5': 0.058106250166893005}
INFO    [02-27 14:54:41] train in BasicTrainer:
duration: 12.77651596069336s
INFO    [02-27 14:54:41] train in BasicTrainer:
epoch: 46
INFO    [02-27 14:54:52] _train_one_epoch in BasicTrainer:
loss = 0.43050242783058257
INFO    [02-27 14:54:54] validate in BasicTrainer:
{'Recall@10': 0.09310000002384186, 'NDCG@10': 0.06669697284698486, 'MRR@10': 0.0585961801558733, 'Recall@5': 0.07560000002384186, 'NDCG@5': 0.06105345815420151, 'MRR@5': 0.056275000274181364, 'Recall*@10': 0.09310000002384186, 'NDCG*@10': 0.06669697284698486, 'MRR*@10': 0.0585961801558733, 'Recall*@5': 0.07560000002384186, 'NDCG*@5': 0.06105345815420151, 'MRR*@5': 0.056275000274181364}
INFO    [02-27 14:54:54] train in BasicTrainer:
duration: 12.634884119033813s
INFO    [02-27 14:54:54] train in BasicTrainer:
epoch: 47
INFO    [02-27 14:55:04] _train_one_epoch in BasicTrainer:
loss = 0.4235408282272084
INFO    [02-27 14:55:06] validate in BasicTrainer:
{'Recall@10': 0.09702499985694885, 'NDCG@10': 0.07140972808003426, 'MRR@10': 0.06369418695569039, 'Recall@5': 0.07560000002384186, 'NDCG@5': 0.06451240375638008, 'MRR@5': 0.06086666680872441, 'Recall*@10': 0.09702499985694885, 'NDCG*@10': 0.07140972808003426, 'MRR*@10': 0.06369418695569039, 'Recall*@5': 0.07560000002384186, 'NDCG*@5': 0.06451240375638008, 'MRR*@5': 0.06086666680872441}
INFO    [02-27 14:55:06] train in BasicTrainer:
duration: 12.663851499557495s
INFO    [02-27 14:55:06] train in BasicTrainer:
epoch: 48
INFO    [02-27 14:55:17] _train_one_epoch in BasicTrainer:
loss = 0.36717132987484097
INFO    [02-27 14:55:19] validate in BasicTrainer:
{'Recall@10': 0.09719999969005584, 'NDCG@10': 0.07185686483979226, 'MRR@10': 0.06406151793897152, 'Recall@5': 0.08202499985694885, 'NDCG@5': 0.06698179602622986, 'MRR@5': 0.062067917361855504, 'Recall*@10': 0.09719999969005584, 'NDCG*@10': 0.07185686483979226, 'MRR*@10': 0.06406151793897152, 'Recall*@5': 0.08202499985694885, 'NDCG*@5': 0.06698179602622986, 'MRR*@5': 0.062067917361855504}
INFO    [02-27 14:55:19] train in BasicTrainer:
duration: 12.709035396575928s
INFO    [02-27 14:55:19] train in BasicTrainer:
epoch: 49
INFO    [02-27 14:55:30] _train_one_epoch in BasicTrainer:
loss = 0.3316564260139352
INFO    [02-27 14:55:32] log in loggers:
Update Best NDCG@10 Model at 49
INFO    [02-27 14:55:32] validate in BasicTrainer:
{'Recall@10': 0.09889999985694885, 'NDCG@10': 0.07446876481175423, 'MRR@10': 0.0670821924507618, 'Recall@5': 0.08122500002384186, 'NDCG@5': 0.06880878299474716, 'MRR@5': 0.06477916672825813, 'Recall*@10': 0.09889999985694885, 'NDCG*@10': 0.07446876481175423, 'MRR*@10': 0.0670821924507618, 'Recall*@5': 0.08122500002384186, 'NDCG*@5': 0.06880878299474716, 'MRR*@5': 0.06477916672825813}
INFO    [02-27 14:55:32] train in BasicTrainer:
duration: 12.755097389221191s
INFO    [02-27 14:55:32] close_training in BasicTrainer:
finished training
INFO    [02-27 14:55:32] final_validate in BasicTrainer:
validate model on val set!
INFO    [02-27 14:55:32] load_state_from_given_path in utils:
checkpoint epoch: 49
INFO    [02-27 14:55:32] load_state_from_given_path in utils:
Loading model's parameters
INFO    [02-27 14:55:34] validate in BasicTrainer:
{'Recall@10': 0.09889999985694885, 'NDCG@10': 0.07446876481175423, 'MRR@10': 0.0670821924507618, 'Recall@5': 0.08122500002384186, 'NDCG@5': 0.06880878299474716, 'MRR@5': 0.06477916672825813, 'Recall*@10': 0.09889999985694885, 'NDCG*@10': 0.07446876481175423, 'MRR*@10': 0.0670821924507618, 'Recall*@5': 0.08122500002384186, 'NDCG*@5': 0.06880878299474716, 'MRR*@5': 0.06477916672825813}
INFO    [02-27 14:55:34] test in BasicTrainer:
Test model on test set!
INFO    [02-27 14:55:34] test_with_given_state_path in BasicTrainer:
Loading model params from ___lfms_base_partial_2022/base_nextitnet-rate-0.5-seed-2001_02-27_14:44_t4/nextitnet_logs/checkpoint/best_acc_model.pth.
INFO    [02-27 14:55:34] load_state_from_given_path in utils:
checkpoint epoch: 49
INFO    [02-27 14:55:34] load_state_from_given_path in utils:
Loading model's parameters
INFO    [02-27 14:55:34] test_with_given_state_path in BasicTrainer:
Finished loading. Start testing.
INFO    [02-27 14:55:36] test_with_given_state_path in BasicTrainer:
{'Recall@10': 0.09452499985694886, 'NDCG@10': 0.06914614826440811, 'MRR@10': 0.061359177976846695, 'Recall@5': 0.07712499976158142, 'NDCG@5': 0.06346730902791023, 'MRR@5': 0.05898333445191383, 'Recall*@10': 0.09452499985694886, 'NDCG*@10': 0.06914614826440811, 'MRR*@10': 0.061359177976846695, 'Recall*@5': 0.07712499976158142, 'NDCG*@5': 0.06346730902791023, 'MRR*@5': 0.05898333445191383}
INFO    [02-27 14:55:36] _evaluate in BasicSched:
!!Final Result!!: {'Recall@10': 0.09452499985694886, 'NDCG@10': 0.06914614826440811, 'MRR@10': 0.061359177976846695, 'Recall@5': 0.07712499976158142, 'NDCG@5': 0.06346730902791023, 'MRR@5': 0.05898333445191383, 'Recall*@10': 0.09452499985694886, 'NDCG*@10': 0.06914614826440811, 'MRR*@10': 0.061359177976846695, 'Recall*@5': 0.07712499976158142, 'NDCG*@5': 0.06346730902791023, 'MRR*@5': 0.05898333445191383}
