INFO    [11-27 18:41:45] setup_train in utils:
{
    "experiment_dir": "_____lfms_soft_len_4",
    "experiment_description": "soft",
    "describe": "{config[model_code]}-len-{config[max_len]}",
    "dataset_name": "lastfm_small.csv",
    "sched": "distill",
    "model_code": "gru4rec",
    "mentor_code": "pop",
    "training_routine": "student",
    "softmaxed_mentor": false,
    "dvae_alpha": 0.5,
    "alpha": 0.5,
    "T": 3,
    "num_epochs": 80,
    "mode": [
        "train",
        "test"
    ],
    "max_len": 10,
    "test_state_path": null,
    "model_state_path": null,
    "mentor_state_path": null,
    "rand_seed": 2021,
    "load_processed_dataset": false,
    "save_processed_dataset": false,
    "dataset_cache_filename": null,
    "weight_decay": 0,
    "decay_step": 15,
    "gamma": 0.99,
    "lr": 0.001,
    "min_length": 5,
    "min_item_inter": 5,
    "good_only": false,
    "use_rating": true,
    "test_negative_sampler_code": "random",
    "test_negative_sample_size": 0,
    "dataloader_type": "next",
    "train_batch_size": 1024,
    "val_batch_size": 1024,
    "test_batch_size": 1024,
    "prop_sliding_window": -1.0,
    "worker_number": 2,
    "metric_ks": [
        5,
        10
    ],
    "device": "cuda",
    "num_gpu": 1,
    "optimizer": "Adam",
    "best_metric": "NDCG@10",
    "show_process_bar": false,
    "enable_sample": false,
    "samples_ratio": 0.1,
    "config_file": "config2.lastfm_small/gru4rec/config_distill.json",
    "task_id": 1,
    "split": "leave_one_out",
    "do_remap": true,
    "do_sampling": false,
    "path_for_sample": null,
    "sample_rate": 0.5,
    "sample_seed": 0,
    "train_negative_sampler_code": "random",
    "train_negative_sample_size": 100,
    "device_idx": "0",
    "momentum": null,
    "log_period_as_iter": 12800,
    "weight_list": [
        0.5,
        0.5
    ],
    "validation_rate": 0.2,
    "num_items": null,
    "start_index": 1,
    "kwargs": null
}
DEBUG   [11-27 18:41:45] __init__ in DistillSched:
DistillScheduler attribs: teacher tag=teacher_pop, student tag=student_gru4rec
INFO    [11-27 18:41:45] _gen_dataset in utils:
processing dataset lastfm_small.csv
INFO    [11-27 18:41:45] _drop_cold in utils:
filtering out cold users (who interacts with less or eq than 5 items) and cold items (which is interacted by less or eq than 5 users)
DEBUG   [11-27 18:41:45] _drop_cold in utils:
before filtering, there are 1090 users, 3646 items 
DEBUG   [11-27 18:41:45] _drop_cold in utils:
after 0 filterings, there are 1090 users, 3646 items
INFO    [11-27 18:41:45] _drop_cold in utils:
user desc 
            seq_len
count  1090.000000
mean     48.211927
std      77.730410
min       5.000000
25%       9.000000
50%      19.000000
75%      49.750000
max     899.000000
INFO    [11-27 18:41:45] _drop_cold in utils:
item desc 
           item_pop
count  3646.000000
mean     14.413330
std      16.072829
min       5.000000
25%       6.000000
50%       9.000000
75%      15.000000
max     177.000000
INFO    [11-27 18:41:45] _df_data_partition in utils:
dataset summary:
         session_id       item_id   rating
count  52551.000000  52551.000000  52551.0
mean     527.873799   1828.243915      1.0
std      316.650738   1049.669215      0.0
min        1.000000      1.000000      1.0
25%      248.000000    928.000000      1.0
50%      515.000000   1834.000000      1.0
75%      813.000000   2718.500000      1.0
max     1090.000000   3646.000000      1.0
INFO    [11-27 18:41:45] __init__ in NextItemDataloader:
there are 3646 items in this dataset, 5728 users, padding_first? False
DEBUG   [11-27 18:41:47] generate_model in utils:
model_code_list=['pop']
INFO    [11-27 18:41:47] load_model_config in utils:
loading model pop's config file at asset/config/model/pop.json
INFO    [11-27 18:41:47] load_model_config in utils:
{}
WARNING [11-27 18:41:52] get_exist_path in utils:
dir _____lfms_soft_len_4/soft_gru4rec-len-10_11-27_18-41_t1/teacher_pop_logs does not exist! Create one.
WARNING [11-27 18:41:52] get_exist_path in utils:
dir _____lfms_soft_len_4/soft_gru4rec-len-10_11-27_18-41_t1/teacher_pop_logs/tb_vis does not exist! Create one.
WARNING [11-27 18:41:52] get_exist_path in utils:
dir _____lfms_soft_len_4/soft_gru4rec-len-10_11-27_18-41_t1/teacher_pop_logs/checkpoint does not exist! Create one.
WARNING [11-27 18:41:52] get_path in utils:
Path is None
WARNING [11-27 18:41:52] load_state_from_given_path in utils:
Not given any path.
DEBUG   [11-27 18:41:52] __init__ in DistillSched:
teacher model: 
POPModel(
  (fake_parameter): Linear(in_features=1, out_features=1, bias=False)
)
INFO    [11-27 18:41:52] assert_model_device in utils:
model teacher_pop has 3.814697265625e-06 MB params.
INFO    [11-27 18:41:52] __init__ in BasicTrainer:
38912 iter per epoch
DEBUG   [11-27 18:41:52] generate_model in utils:
model_code_list=['gru4rec']
INFO    [11-27 18:41:52] load_model_config in utils:
loading model gru4rec's config file at asset/config/model/gru4rec.json
INFO    [11-27 18:41:52] load_model_config in utils:
{
    "embed_size": 64,
    "hidden_units": 64,
    "num_layers": 2,
    "hidden_dropout": 0.5,
    "loss_type": "CE"
}
WARNING [11-27 18:41:53] get_exist_path in utils:
dir _____lfms_soft_len_4/soft_gru4rec-len-10_11-27_18-41_t1/student_gru4rec_logs does not exist! Create one.
WARNING [11-27 18:41:53] get_exist_path in utils:
dir _____lfms_soft_len_4/soft_gru4rec-len-10_11-27_18-41_t1/student_gru4rec_logs/tb_vis does not exist! Create one.
WARNING [11-27 18:41:53] get_exist_path in utils:
dir _____lfms_soft_len_4/soft_gru4rec-len-10_11-27_18-41_t1/student_gru4rec_logs/checkpoint does not exist! Create one.
WARNING [11-27 18:41:53] get_path in utils:
Path is None
WARNING [11-27 18:41:53] load_state_from_given_path in utils:
Not given any path.
DEBUG   [11-27 18:41:53] __init__ in DistillSched:
student model: 
GRU4RecModel(
  (item_embedding): Embedding(3647, 64, padding_idx=0)
  (emb_dropout): Dropout(p=0.5, inplace=False)
  (gru_layers): GRU(64, 64, num_layers=2, bias=False, batch_first=True)
  (dense): Linear(in_features=64, out_features=64, bias=True)
  (loss_fct): CrossEntropyLoss()
)
INFO    [11-27 18:41:53] assert_model_device in utils:
model student_gru4rec has 1.09375 MB params.
INFO    [11-27 18:41:53] assert_model_device in utils:
model teacher_pop has 3.814697265625e-06 MB params.
INFO    [11-27 18:41:53] __init__ in DistillTrainer:
38912 iter per epoch
INFO    [11-27 18:41:53] _set_current_routine in Routine:
first routine: student
INFO    [11-27 18:41:53] run_routine in Routine:
Start routine student
INFO    [11-27 18:41:53] run_routine in Routine:
Start training
INFO    [11-27 18:41:53] train in DistillTrainer:
Test mentor model: teacher_pop
INFO    [11-27 18:41:56] test_mentor in DistillTrainer:
{'Recall@10': 0.02751507672170798, 'NDCG@10': 0.012666461213181416, 'MRR@10': 0.008176042620713512, 'Recall@5': 0.01691851702829202, 'NDCG@5': 0.009283407358452678, 'MRR@5': 0.006806098157539964, 'Recall*@10': 0.02751507672170798, 'NDCG*@10': 0.012666461213181416, 'MRR*@10': 0.008176042620713512, 'Recall*@5': 0.01691851702829202, 'NDCG*@5': 0.009283407358452678, 'MRR*@5': 0.006806098157539964}
INFO    [11-27 18:41:56] train in DistillTrainer:
result:
{'Recall@10': 0.02751507672170798, 'NDCG@10': 0.012666461213181416, 'MRR@10': 0.008176042620713512, 'Recall@5': 0.01691851702829202, 'NDCG@5': 0.009283407358452678, 'MRR@5': 0.006806098157539964, 'Recall*@10': 0.02751507672170798, 'NDCG*@10': 0.012666461213181416, 'MRR*@10': 0.008176042620713512, 'Recall*@5': 0.01691851702829202, 'NDCG*@5': 0.009283407358452678, 'MRR*@5': 0.006806098157539964}
INFO    [11-27 18:41:59] log in loggers:
Update Best NDCG@10 Model at 0
INFO    [11-27 18:41:59] validate in BasicTrainer:
{'Recall@10': 0.0020644873923932514, 'NDCG@10': 0.0010105425220293303, 'MRR@10': 0.0007005360724482065, 'Recall@5': 0.0008138020833333334, 'NDCG@5': 0.0006009987264405936, 'MRR@5': 0.0005289713541666666, 'Recall*@10': 0.0020644873923932514, 'NDCG*@10': 0.0010105425220293303, 'MRR*@10': 0.0007005360724482065, 'Recall*@5': 0.0008138020833333334, 'NDCG*@5': 0.0006009987264405936, 'MRR*@5': 0.0005289713541666666}
INFO    [11-27 18:41:59] train in BasicTrainer:
epoch: 0
DEBUG   [11-27 18:41:59] calculate_loss in loss:
soft_target max: 0.5027896165847778, argmax 650392
DEBUG   [11-27 18:41:59] calculate_loss in loss:
pred max in softmax: 0.000288273993646726, argmax 548614
INFO    [11-27 18:42:01] _train_one_epoch in BasicTrainer:
loss = 5.783279080139963
INFO    [11-27 18:42:04] log in loggers:
Update Best NDCG@10 Model at 0
INFO    [11-27 18:42:04] validate in BasicTrainer:
{'Recall@10': 0.01875171313683192, 'NDCG@10': 0.008368362051745256, 'MRR@10': 0.005299677141010761, 'Recall@5': 0.009457236776749292, 'NDCG@5': 0.005446000179896752, 'MRR@5': 0.00414153883078446, 'Recall*@10': 0.01875171313683192, 'NDCG*@10': 0.008368362051745256, 'MRR*@10': 0.005299677141010761, 'Recall*@5': 0.009457236776749292, 'NDCG*@5': 0.005446000179896752, 'MRR*@5': 0.00414153883078446}
INFO    [11-27 18:42:04] train in BasicTrainer:
duration: 5.082155227661133s
INFO    [11-27 18:42:04] train in BasicTrainer:
epoch: 1
INFO    [11-27 18:42:06] _train_one_epoch in BasicTrainer:
loss = 5.539369081196032
INFO    [11-27 18:42:09] log in loggers:
Update Best NDCG@10 Model at 1
INFO    [11-27 18:42:09] validate in BasicTrainer:
{'Recall@10': 0.02243523858487606, 'NDCG@10': 0.01035456289537251, 'MRR@10': 0.006709495675750077, 'Recall@5': 0.012601082834104696, 'NDCG@5': 0.007197510528688629, 'MRR@5': 0.005419351082916061, 'Recall*@10': 0.02243523858487606, 'NDCG*@10': 0.01035456289537251, 'MRR*@10': 0.006709495675750077, 'Recall*@5': 0.012601082834104696, 'NDCG*@5': 0.007197510528688629, 'MRR*@5': 0.005419351082916061}
INFO    [11-27 18:42:09] train in BasicTrainer:
duration: 4.909221649169922s
INFO    [11-27 18:42:09] train in BasicTrainer:
epoch: 2
INFO    [11-27 18:42:11] _train_one_epoch in BasicTrainer:
loss = 5.438410031168084
INFO    [11-27 18:42:13] log in loggers:
Update Best NDCG@10 Model at 2
INFO    [11-27 18:42:14] validate in BasicTrainer:
{'Recall@10': 0.02380585266898076, 'NDCG@10': 0.012502338737249374, 'MRR@10': 0.009149096828574935, 'Recall@5': 0.014828330526749292, 'NDCG@5': 0.009669204630578557, 'MRR@5': 0.008018948991472522, 'Recall*@10': 0.02380585266898076, 'NDCG*@10': 0.012502338737249374, 'MRR*@10': 0.009149096828574935, 'Recall*@5': 0.014828330526749292, 'NDCG*@5': 0.009669204630578557, 'MRR*@5': 0.008018948991472522}
INFO    [11-27 18:42:14] train in BasicTrainer:
duration: 4.8982627391815186s
INFO    [11-27 18:42:14] train in BasicTrainer:
epoch: 3
INFO    [11-27 18:42:15] _train_one_epoch in BasicTrainer:
loss = 5.413197454653289
INFO    [11-27 18:42:19] validate in BasicTrainer:
{'Recall@10': 0.02461108813683192, 'NDCG@10': 0.011352357299377521, 'MRR@10': 0.007394571555778384, 'Recall@5': 0.013252124500771364, 'NDCG@5': 0.00774407231559356, 'MRR@5': 0.005944610262910525, 'Recall*@10': 0.02461108813683192, 'NDCG*@10': 0.011352357299377521, 'MRR*@10': 0.007394571555778384, 'Recall*@5': 0.013252124500771364, 'NDCG*@5': 0.00774407231559356, 'MRR*@5': 0.005944610262910525}
INFO    [11-27 18:42:19] train in BasicTrainer:
duration: 5.195181608200073s
INFO    [11-27 18:42:19] train in BasicTrainer:
epoch: 4
INFO    [11-27 18:42:20] _train_one_epoch in BasicTrainer:
loss = 5.3949267864227295
INFO    [11-27 18:42:23] validate in BasicTrainer:
{'Recall@10': 0.024336965444187324, 'NDCG@10': 0.010742325180520615, 'MRR@10': 0.00668035998630027, 'Recall@5': 0.012489720402906338, 'NDCG@5': 0.00692446642400076, 'MRR@5': 0.005114960328986247, 'Recall*@10': 0.024336965444187324, 'NDCG*@10': 0.010742325180520615, 'MRR*@10': 0.00668035998630027, 'Recall*@5': 0.012489720402906338, 'NDCG*@5': 0.00692446642400076, 'MRR*@5': 0.005114960328986247}
INFO    [11-27 18:42:23] train in BasicTrainer:
duration: 4.481102705001831s
INFO    [11-27 18:42:23] train in BasicTrainer:
epoch: 5
INFO    [11-27 18:42:25] _train_one_epoch in BasicTrainer:
loss = 5.372105134160895
INFO    [11-27 18:42:28] validate in BasicTrainer:
{'Recall@10': 0.02449972586085399, 'NDCG@10': 0.010921030150105556, 'MRR@10': 0.0068943112855777144, 'Recall@5': 0.012164199569573006, 'NDCG@5': 0.006995316478423774, 'MRR@5': 0.005311843512269358, 'Recall*@10': 0.02449972586085399, 'NDCG*@10': 0.010921030150105556, 'MRR*@10': 0.0068943112855777144, 'Recall*@5': 0.012164199569573006, 'NDCG*@5': 0.006995316478423774, 'MRR*@5': 0.005311843512269358}
INFO    [11-27 18:42:28] train in BasicTrainer:
duration: 4.564431667327881s
INFO    [11-27 18:42:28] train in BasicTrainer:
epoch: 6
INFO    [11-27 18:42:30] _train_one_epoch in BasicTrainer:
loss = 5.343403251547563
INFO    [11-27 18:42:32] log in loggers:
Update Best NDCG@10 Model at 6
INFO    [11-27 18:42:33] validate in BasicTrainer:
{'Recall@10': 0.03200383763760328, 'NDCG@10': 0.015083434836318096, 'MRR@10': 0.00998666750577589, 'Recall@5': 0.018426192303498585, 'NDCG@5': 0.010758009583999714, 'MRR@5': 0.008239103946834803, 'Recall*@10': 0.03200383763760328, 'NDCG*@10': 0.015083434836318096, 'MRR*@10': 0.00998666750577589, 'Recall*@5': 0.018426192303498585, 'NDCG*@5': 0.010758009583999714, 'MRR*@5': 0.008239103946834803}
INFO    [11-27 18:42:33] train in BasicTrainer:
duration: 4.78399133682251s
INFO    [11-27 18:42:33] train in BasicTrainer:
epoch: 7
INFO    [11-27 18:42:34] _train_one_epoch in BasicTrainer:
loss = 5.297741425664801
INFO    [11-27 18:42:37] log in loggers:
Update Best NDCG@10 Model at 7
INFO    [11-27 18:42:37] validate in BasicTrainer:
{'Recall@10': 0.03830866205195586, 'NDCG@10': 0.018193071397642296, 'MRR@10': 0.012159807917972406, 'Recall@5': 0.021844161053498585, 'NDCG@5': 0.012945516034960747, 'MRR@5': 0.010038748383522034, 'Recall*@10': 0.03830866205195586, 'NDCG*@10': 0.018193071397642296, 'MRR*@10': 0.012159807917972406, 'Recall*@5': 0.021844161053498585, 'NDCG*@5': 0.012945516034960747, 'MRR*@5': 0.010038748383522034}
INFO    [11-27 18:42:37] train in BasicTrainer:
duration: 4.598592519760132s
INFO    [11-27 18:42:37] train in BasicTrainer:
epoch: 8
INFO    [11-27 18:42:39] _train_one_epoch in BasicTrainer:
loss = 5.2345138725481535
INFO    [11-27 18:42:42] log in loggers:
Update Best NDCG@10 Model at 8
INFO    [11-27 18:42:42] validate in BasicTrainer:
{'Recall@10': 0.045161732782920204, 'NDCG@10': 0.02065091859549284, 'MRR@10': 0.013307268576075634, 'Recall@5': 0.024336965444187324, 'NDCG@5': 0.01400639225418369, 'MRR@5': 0.010619403483966986, 'Recall*@10': 0.045161732782920204, 'NDCG*@10': 0.02065091859549284, 'MRR*@10': 0.013307268576075634, 'Recall*@5': 0.024336965444187324, 'NDCG*@5': 0.01400639225418369, 'MRR*@5': 0.010619403483966986}
INFO    [11-27 18:42:42] train in BasicTrainer:
duration: 4.664769411087036s
INFO    [11-27 18:42:42] train in BasicTrainer:
epoch: 9
INFO    [11-27 18:42:44] _train_one_epoch in BasicTrainer:
loss = 5.18026442276804
INFO    [11-27 18:42:47] log in loggers:
Update Best NDCG@10 Model at 9
INFO    [11-27 18:42:47] validate in BasicTrainer:
{'Recall@10': 0.053239788860082626, 'NDCG@10': 0.02560237143188715, 'MRR@10': 0.01733911441018184, 'Recall@5': 0.029656661053498585, 'NDCG@5': 0.018033886949221294, 'MRR@5': 0.014249960581461588, 'Recall*@10': 0.053239788860082626, 'NDCG*@10': 0.02560237143188715, 'MRR*@10': 0.01733911441018184, 'Recall*@5': 0.029656661053498585, 'NDCG*@5': 0.018033886949221294, 'MRR*@5': 0.014249960581461588}
INFO    [11-27 18:42:47] train in BasicTrainer:
duration: 4.974087953567505s
INFO    [11-27 18:42:47] train in BasicTrainer:
epoch: 10
INFO    [11-27 18:42:49] _train_one_epoch in BasicTrainer:
loss = 5.14070463180542
INFO    [11-27 18:42:51] log in loggers:
Update Best NDCG@10 Model at 10
INFO    [11-27 18:42:51] validate in BasicTrainer:
{'Recall@10': 0.055107250809669495, 'NDCG@10': 0.026578853217264015, 'MRR@10': 0.018068643286824226, 'Recall@5': 0.030144942303498585, 'NDCG@5': 0.018478106552114088, 'MRR@5': 0.014707259833812714, 'Recall*@10': 0.055107250809669495, 'NDCG*@10': 0.026578853217264015, 'MRR*@10': 0.018068643286824226, 'Recall*@5': 0.030144942303498585, 'NDCG*@5': 0.018478106552114088, 'MRR*@5': 0.014707259833812714}
INFO    [11-27 18:42:51] train in BasicTrainer:
duration: 4.5974133014678955s
INFO    [11-27 18:42:51] train in BasicTrainer:
epoch: 11
INFO    [11-27 18:42:53] _train_one_epoch in BasicTrainer:
loss = 5.109338835666054
INFO    [11-27 18:42:56] log in loggers:
Update Best NDCG@10 Model at 11
INFO    [11-27 18:42:56] validate in BasicTrainer:
{'Recall@10': 0.06037554827829202, 'NDCG@10': 0.028610048505167168, 'MRR@10': 0.019155388542761404, 'Recall@5': 0.03188390905658404, 'NDCG@5': 0.019482563094546396, 'MRR@5': 0.015439253455648819, 'Recall*@10': 0.06037554827829202, 'NDCG*@10': 0.028610048505167168, 'MRR*@10': 0.019155388542761404, 'Recall*@5': 0.03188390905658404, 'NDCG*@5': 0.019482563094546396, 'MRR*@5': 0.015439253455648819}
INFO    [11-27 18:42:56] train in BasicTrainer:
duration: 4.980450868606567s
INFO    [11-27 18:42:56] train in BasicTrainer:
epoch: 12
INFO    [11-27 18:42:58] _train_one_epoch in BasicTrainer:
loss = 5.082599037571957
INFO    [11-27 18:43:01] log in loggers:
Update Best NDCG@10 Model at 12
INFO    [11-27 18:43:01] validate in BasicTrainer:
{'Recall@10': 0.06036698197325071, 'NDCG@10': 0.02964602845410506, 'MRR@10': 0.020432664391895134, 'Recall@5': 0.03564453125, 'NDCG@5': 0.021763181934754055, 'MRR@5': 0.01724560900280873, 'Recall*@10': 0.06036698197325071, 'NDCG*@10': 0.02964602845410506, 'MRR*@10': 0.020432664391895134, 'Recall*@5': 0.03564453125, 'NDCG*@5': 0.021763181934754055, 'MRR*@5': 0.01724560900280873}
INFO    [11-27 18:43:01] train in BasicTrainer:
duration: 4.699660062789917s
INFO    [11-27 18:43:01] train in BasicTrainer:
epoch: 13
INFO    [11-27 18:43:03] _train_one_epoch in BasicTrainer:
loss = 5.056859254837036
INFO    [11-27 18:43:06] log in loggers:
Update Best NDCG@10 Model at 13
INFO    [11-27 18:43:06] validate in BasicTrainer:
{'Recall@10': 0.06287691866358121, 'NDCG@10': 0.030083390263219673, 'MRR@10': 0.02025772351771593, 'Recall@5': 0.036295572916666664, 'NDCG@5': 0.021615438784162205, 'MRR@5': 0.01683827939753731, 'Recall*@10': 0.06287691866358121, 'NDCG*@10': 0.030083390263219673, 'MRR*@10': 0.02025772351771593, 'Recall*@5': 0.036295572916666664, 'NDCG*@5': 0.021615438784162205, 'MRR*@5': 0.01683827939753731}
INFO    [11-27 18:43:06] train in BasicTrainer:
duration: 4.847728729248047s
INFO    [11-27 18:43:06] train in BasicTrainer:
epoch: 14
INFO    [11-27 18:43:08] _train_one_epoch in BasicTrainer:
loss = 5.030924019060637
INFO    [11-27 18:43:11] log in loggers:
Update Best NDCG@10 Model at 14
INFO    [11-27 18:43:11] validate in BasicTrainer:
{'Recall@10': 0.06678316866358121, 'NDCG@10': 0.0327139717216293, 'MRR@10': 0.0224372586235404, 'Recall@5': 0.03961074538528919, 'NDCG@5': 0.023908161247769993, 'MRR@5': 0.018793117565413315, 'Recall*@10': 0.06678316866358121, 'NDCG*@10': 0.0327139717216293, 'MRR*@10': 0.0224372586235404, 'Recall*@5': 0.03961074538528919, 'NDCG*@5': 0.023908161247769993, 'MRR*@5': 0.018793117565413315}
INFO    [11-27 18:43:11] train in BasicTrainer:
duration: 4.806865930557251s
INFO    [11-27 18:43:11] train in BasicTrainer:
epoch: 15
INFO    [11-27 18:43:13] _train_one_epoch in BasicTrainer:
loss = 5.00279890863519
INFO    [11-27 18:43:15] log in loggers:
Update Best NDCG@10 Model at 15
INFO    [11-27 18:43:15] validate in BasicTrainer:
{'Recall@10': 0.06711725642283757, 'NDCG@10': 0.03315611369907856, 'MRR@10': 0.022973456420004368, 'Recall@5': 0.03895113772402207, 'NDCG@5': 0.02415180082122485, 'MRR@5': 0.019319090836991865, 'Recall*@10': 0.06711725642283757, 'NDCG*@10': 0.03315611369907856, 'MRR*@10': 0.022973456420004368, 'Recall*@5': 0.03895113772402207, 'NDCG*@5': 0.02415180082122485, 'MRR*@5': 0.019319090836991865}
INFO    [11-27 18:43:15] train in BasicTrainer:
duration: 4.769253730773926s
INFO    [11-27 18:43:15] train in BasicTrainer:
epoch: 16
INFO    [11-27 18:43:17] _train_one_epoch in BasicTrainer:
loss = 4.9732581941705005
INFO    [11-27 18:43:20] log in loggers:
Update Best NDCG@10 Model at 16
INFO    [11-27 18:43:20] validate in BasicTrainer:
{'Recall@10': 0.0724455180267493, 'NDCG@10': 0.035770571480194725, 'MRR@10': 0.024753361009061337, 'Recall@5': 0.04258326472093662, 'NDCG@5': 0.026231893183042605, 'MRR@5': 0.02088387543335557, 'Recall*@10': 0.0724455180267493, 'NDCG*@10': 0.035770571480194725, 'MRR*@10': 0.024753361009061337, 'Recall*@5': 0.04258326472093662, 'NDCG*@5': 0.026231893183042605, 'MRR*@5': 0.02088387543335557}
INFO    [11-27 18:43:20] train in BasicTrainer:
duration: 4.790902137756348s
INFO    [11-27 18:43:20] train in BasicTrainer:
epoch: 17
INFO    [11-27 18:43:22] _train_one_epoch in BasicTrainer:
loss = 4.942292037763093
INFO    [11-27 18:43:25] log in loggers:
Update Best NDCG@10 Model at 17
INFO    [11-27 18:43:25] validate in BasicTrainer:
{'Recall@10': 0.07462993388374646, 'NDCG@10': 0.03632207028567791, 'MRR@10': 0.024866892335315544, 'Recall@5': 0.04167523297170798, 'NDCG@5': 0.025790684546033543, 'MRR@5': 0.020595046691596508, 'Recall*@10': 0.07462993388374646, 'NDCG*@10': 0.03632207028567791, 'MRR*@10': 0.024866892335315544, 'Recall*@5': 0.04167523297170798, 'NDCG*@5': 0.025790684546033543, 'MRR*@5': 0.020595046691596508}
INFO    [11-27 18:43:25] train in BasicTrainer:
duration: 4.873978853225708s
INFO    [11-27 18:43:25] train in BasicTrainer:
epoch: 18
INFO    [11-27 18:43:27] _train_one_epoch in BasicTrainer:
loss = 4.912104681918495
INFO    [11-27 18:43:30] log in loggers:
Update Best NDCG@10 Model at 18
INFO    [11-27 18:43:30] validate in BasicTrainer:
{'Recall@10': 0.0804978758096695, 'NDCG@10': 0.04078667921324571, 'MRR@10': 0.02891158126294613, 'Recall@5': 0.04623252463837465, 'NDCG@5': 0.02981706305096547, 'MRR@5': 0.024449185157815616, 'Recall*@10': 0.0804978758096695, 'NDCG*@10': 0.04078667921324571, 'MRR*@10': 0.02891158126294613, 'Recall*@5': 0.04623252463837465, 'NDCG*@5': 0.02981706305096547, 'MRR*@5': 0.024449185157815616}
INFO    [11-27 18:43:30] train in BasicTrainer:
duration: 4.786601781845093s
INFO    [11-27 18:43:30] train in BasicTrainer:
epoch: 19
INFO    [11-27 18:43:32] _train_one_epoch in BasicTrainer:
loss = 4.887190078434191
INFO    [11-27 18:43:35] log in loggers:
Update Best NDCG@10 Model at 19
INFO    [11-27 18:43:35] validate in BasicTrainer:
{'Recall@10': 0.08108895272016525, 'NDCG@10': 0.04175356092552344, 'MRR@10': 0.0299013356367747, 'Recall@5': 0.0499246163914601, 'NDCG@5': 0.031741228265066944, 'MRR@5': 0.025805093348026276, 'Recall*@10': 0.08108895272016525, 'NDCG*@10': 0.04175356092552344, 'MRR*@10': 0.0299013356367747, 'Recall*@5': 0.0499246163914601, 'NDCG*@5': 0.031741228265066944, 'MRR*@5': 0.025805093348026276}
INFO    [11-27 18:43:35] train in BasicTrainer:
duration: 4.783333778381348s
INFO    [11-27 18:43:35] train in BasicTrainer:
epoch: 20
INFO    [11-27 18:43:37] _train_one_epoch in BasicTrainer:
loss = 4.8626688028636735
INFO    [11-27 18:43:39] validate in BasicTrainer:
{'Recall@10': 0.07967550680041313, 'NDCG@10': 0.041156539072593055, 'MRR@10': 0.029574951777855556, 'Recall@5': 0.048896655440330505, 'NDCG@5': 0.03130425854275624, 'MRR@5': 0.02556666328261296, 'Recall*@10': 0.07967550680041313, 'NDCG*@10': 0.041156539072593055, 'MRR*@10': 0.029574951777855556, 'Recall*@5': 0.048896655440330505, 'NDCG*@5': 0.03130425854275624, 'MRR*@5': 0.02556666328261296}
INFO    [11-27 18:43:39] train in BasicTrainer:
duration: 4.697474241256714s
INFO    [11-27 18:43:39] train in BasicTrainer:
epoch: 21
INFO    [11-27 18:43:41] _train_one_epoch in BasicTrainer:
loss = 4.8371865874842594
INFO    [11-27 18:43:45] log in loggers:
Update Best NDCG@10 Model at 21
INFO    [11-27 18:43:45] validate in BasicTrainer:
{'Recall@10': 0.08445552363991737, 'NDCG@10': 0.04377733916044235, 'MRR@10': 0.03154225585361322, 'Recall@5': 0.05172354727983475, 'NDCG@5': 0.03328508542229732, 'MRR@5': 0.027267224465807278, 'Recall*@10': 0.08445552363991737, 'NDCG*@10': 0.04377733916044235, 'MRR*@10': 0.03154225585361322, 'Recall*@5': 0.05172354727983475, 'NDCG*@5': 0.03328508542229732, 'MRR*@5': 0.027267224465807278}
INFO    [11-27 18:43:45] train in BasicTrainer:
duration: 5.149996757507324s
INFO    [11-27 18:43:45] train in BasicTrainer:
epoch: 22
INFO    [11-27 18:43:46] _train_one_epoch in BasicTrainer:
loss = 4.815139707766082
INFO    [11-27 18:43:49] log in loggers:
Update Best NDCG@10 Model at 22
INFO    [11-27 18:43:49] validate in BasicTrainer:
{'Recall@10': 0.08994654566049576, 'NDCG@10': 0.04659364620844523, 'MRR@10': 0.03359219462921222, 'Recall@5': 0.054062157248457275, 'NDCG@5': 0.035105627961456776, 'MRR@5': 0.028918957337737083, 'Recall*@10': 0.08994654566049576, 'NDCG*@10': 0.04659364620844523, 'MRR*@10': 0.03359219462921222, 'Recall*@5': 0.054062157248457275, 'NDCG*@5': 0.035105627961456776, 'MRR*@5': 0.028918957337737083}
INFO    [11-27 18:43:49] train in BasicTrainer:
duration: 4.613072156906128s
INFO    [11-27 18:43:49] train in BasicTrainer:
epoch: 23
INFO    [11-27 18:43:51] _train_one_epoch in BasicTrainer:
loss = 4.78909074632745
INFO    [11-27 18:43:54] log in loggers:
Update Best NDCG@10 Model at 23
INFO    [11-27 18:43:54] validate in BasicTrainer:
{'Recall@10': 0.09423828125, 'NDCG@10': 0.0485401793072621, 'MRR@10': 0.03478062121818463, 'Recall@5': 0.05781421313683192, 'NDCG@5': 0.036825976644953094, 'MRR@5': 0.029985465419789154, 'Recall*@10': 0.09423828125, 'NDCG*@10': 0.0485401793072621, 'MRR*@10': 0.03478062121818463, 'Recall*@5': 0.05781421313683192, 'NDCG*@5': 0.036825976644953094, 'MRR*@5': 0.029985465419789154}
INFO    [11-27 18:43:54] train in BasicTrainer:
duration: 4.617917776107788s
INFO    [11-27 18:43:54] train in BasicTrainer:
epoch: 24
INFO    [11-27 18:43:56] _train_one_epoch in BasicTrainer:
loss = 4.765165655236495
INFO    [11-27 18:43:58] log in loggers:
Update Best NDCG@10 Model at 24
INFO    [11-27 18:43:58] validate in BasicTrainer:
{'Recall@10': 0.09886410335699718, 'NDCG@10': 0.050388035674889885, 'MRR@10': 0.03580130605647961, 'Recall@5': 0.05998149700462818, 'NDCG@5': 0.03791179476926724, 'MRR@5': 0.030708608217537403, 'Recall*@10': 0.09886410335699718, 'NDCG*@10': 0.050388035674889885, 'MRR*@10': 0.03580130605647961, 'Recall*@5': 0.05998149700462818, 'NDCG*@5': 0.03791179476926724, 'MRR*@5': 0.030708608217537403}
INFO    [11-27 18:43:58] train in BasicTrainer:
duration: 4.593637466430664s
INFO    [11-27 18:43:58] train in BasicTrainer:
epoch: 25
INFO    [11-27 18:44:00] _train_one_epoch in BasicTrainer:
loss = 4.739588034780402
INFO    [11-27 18:44:03] log in loggers:
Update Best NDCG@10 Model at 25
INFO    [11-27 18:44:03] validate in BasicTrainer:
{'Recall@10': 0.10112561658024788, 'NDCG@10': 0.052693149695793785, 'MRR@10': 0.038122413059075676, 'Recall@5': 0.06030701783796152, 'NDCG@5': 0.03943084366619587, 'MRR@5': 0.032611905597150326, 'Recall*@10': 0.10112561658024788, 'NDCG*@10': 0.052693149695793785, 'MRR*@10': 0.038122413059075676, 'Recall*@5': 0.06030701783796152, 'NDCG*@5': 0.03943084366619587, 'MRR*@5': 0.032611905597150326}
INFO    [11-27 18:44:03] train in BasicTrainer:
duration: 4.868622779846191s
INFO    [11-27 18:44:03] train in BasicTrainer:
epoch: 26
DEBUG   [11-27 18:44:04] calculate_loss in loss:
soft_target max: 0.5027896165847778, argmax 8520
DEBUG   [11-27 18:44:04] calculate_loss in loss:
pred max in softmax: 0.06084763631224632, argmax 1149675
DEBUG   [11-27 18:44:04] calculate_loss in loss:
soft_target max: 0.5027896165847778, argmax 1460026
DEBUG   [11-27 18:44:04] calculate_loss in loss:
pred max in softmax: 0.08449988812208176, argmax 1540260
INFO    [11-27 18:44:05] _train_one_epoch in BasicTrainer:
loss = 4.713354600103278
INFO    [11-27 18:44:08] log in loggers:
Update Best NDCG@10 Model at 26
INFO    [11-27 18:44:08] validate in BasicTrainer:
{'Recall@10': 0.10611979166666667, 'NDCG@10': 0.053706816087166466, 'MRR@10': 0.037845843471586704, 'Recall@5': 0.06590083613991737, 'NDCG@5': 0.04077764041721821, 'MRR@5': 0.03255422537525495, 'Recall*@10': 0.10611979166666667, 'NDCG*@10': 0.053706816087166466, 'MRR*@10': 0.037845843471586704, 'Recall*@5': 0.06590083613991737, 'NDCG*@5': 0.04077764041721821, 'MRR*@5': 0.03255422537525495}
INFO    [11-27 18:44:08] train in BasicTrainer:
duration: 4.731760501861572s
INFO    [11-27 18:44:08] train in BasicTrainer:
epoch: 27
INFO    [11-27 18:44:10] _train_one_epoch in BasicTrainer:
loss = 4.688408349689684
INFO    [11-27 18:44:13] log in loggers:
Update Best NDCG@10 Model at 27
INFO    [11-27 18:44:13] validate in BasicTrainer:
{'Recall@10': 0.10840700442592303, 'NDCG@10': 0.055419733126958214, 'MRR@10': 0.03943531649808089, 'Recall@5': 0.06807668569187324, 'NDCG@5': 0.04245816978315512, 'MRR@5': 0.0341304320221146, 'Recall*@10': 0.10840700442592303, 'NDCG*@10': 0.055419733126958214, 'MRR*@10': 0.03943531649808089, 'Recall*@5': 0.06807668569187324, 'NDCG*@5': 0.04245816978315512, 'MRR*@5': 0.0341304320221146}
INFO    [11-27 18:44:13] train in BasicTrainer:
duration: 4.874109506607056s
INFO    [11-27 18:44:13] train in BasicTrainer:
epoch: 28
INFO    [11-27 18:44:15] _train_one_epoch in BasicTrainer:
loss = 4.66469733338607
INFO    [11-27 18:44:18] log in loggers:
Update Best NDCG@10 Model at 28
INFO    [11-27 18:44:18] validate in BasicTrainer:
{'Recall@10': 0.11378666386008263, 'NDCG@10': 0.05938310734927654, 'MRR@10': 0.042974957885841526, 'Recall@5': 0.0712205320596695, 'NDCG@5': 0.045757743219534554, 'MRR@5': 0.03743332593391339, 'Recall*@10': 0.11378666386008263, 'NDCG*@10': 0.05938310734927654, 'MRR*@10': 0.042974957885841526, 'Recall*@5': 0.0712205320596695, 'NDCG*@5': 0.045757743219534554, 'MRR*@5': 0.03743332593391339}
INFO    [11-27 18:44:18] train in BasicTrainer:
duration: 4.794936418533325s
INFO    [11-27 18:44:18] train in BasicTrainer:
epoch: 29
INFO    [11-27 18:44:19] _train_one_epoch in BasicTrainer:
loss = 4.640252565082751
INFO    [11-27 18:44:22] log in loggers:
Update Best NDCG@10 Model at 29
INFO    [11-27 18:44:22] validate in BasicTrainer:
{'Recall@10': 0.11448910335699718, 'NDCG@10': 0.059892250845829643, 'MRR@10': 0.04332173056900501, 'Recall@5': 0.07345634574691455, 'NDCG@5': 0.0465961080044508, 'MRR@5': 0.03781852529694637, 'Recall*@10': 0.11448910335699718, 'NDCG*@10': 0.059892250845829643, 'MRR*@10': 0.04332173056900501, 'Recall*@5': 0.07345634574691455, 'NDCG*@5': 0.0465961080044508, 'MRR*@5': 0.03781852529694637}
INFO    [11-27 18:44:22] train in BasicTrainer:
duration: 4.622239828109741s
INFO    [11-27 18:44:22] train in BasicTrainer:
epoch: 30
INFO    [11-27 18:44:24] _train_one_epoch in BasicTrainer:
loss = 4.615955528460051
INFO    [11-27 18:44:27] log in loggers:
Update Best NDCG@10 Model at 30
INFO    [11-27 18:44:27] validate in BasicTrainer:
{'Recall@10': 0.11884080370267232, 'NDCG@10': 0.060621246695518494, 'MRR@10': 0.04309126238028208, 'Recall@5': 0.07383326503137748, 'NDCG@5': 0.046269895508885384, 'MRR@5': 0.0372857004404068, 'Recall*@10': 0.11884080370267232, 'NDCG*@10': 0.060621246695518494, 'MRR*@10': 0.04309126238028208, 'Recall*@5': 0.07383326503137748, 'NDCG*@5': 0.046269895508885384, 'MRR*@5': 0.0372857004404068}
INFO    [11-27 18:44:27] train in BasicTrainer:
duration: 4.875582933425903s
INFO    [11-27 18:44:27] train in BasicTrainer:
epoch: 31
INFO    [11-27 18:44:29] _train_one_epoch in BasicTrainer:
loss = 4.59477538811533
INFO    [11-27 18:44:32] log in loggers:
Update Best NDCG@10 Model at 31
INFO    [11-27 18:44:32] validate in BasicTrainer:
{'Recall@10': 0.12368935098250707, 'NDCG@10': 0.06334998086094856, 'MRR@10': 0.04512299473086993, 'Recall@5': 0.07785944392283757, 'NDCG@5': 0.04873171324531237, 'MRR@5': 0.03920613043010235, 'Recall*@10': 0.12368935098250707, 'NDCG*@10': 0.06334998086094856, 'MRR*@10': 0.04512299473086993, 'Recall*@5': 0.07785944392283757, 'NDCG*@5': 0.04873171324531237, 'MRR*@5': 0.03920613043010235}
INFO    [11-27 18:44:32] train in BasicTrainer:
duration: 4.922668695449829s
INFO    [11-27 18:44:32] train in BasicTrainer:
epoch: 32
INFO    [11-27 18:44:34] _train_one_epoch in BasicTrainer:
loss = 4.574168330744693
INFO    [11-27 18:44:37] log in loggers:
Update Best NDCG@10 Model at 32
INFO    [11-27 18:44:37] validate in BasicTrainer:
{'Recall@10': 0.12570243949691454, 'NDCG@10': 0.06511979301770528, 'MRR@10': 0.04680145035187403, 'Recall@5': 0.08058353886008263, 'NDCG@5': 0.050704892724752426, 'MRR@5': 0.04095452092587948, 'Recall*@10': 0.12570243949691454, 'NDCG*@10': 0.06511979301770528, 'MRR*@10': 0.04680145035187403, 'Recall*@5': 0.08058353886008263, 'NDCG*@5': 0.050704892724752426, 'MRR*@5': 0.04095452092587948}
INFO    [11-27 18:44:37] train in BasicTrainer:
duration: 4.842753648757935s
INFO    [11-27 18:44:37] train in BasicTrainer:
epoch: 33
INFO    [11-27 18:44:39] _train_one_epoch in BasicTrainer:
loss = 4.55506009804575
INFO    [11-27 18:44:42] log in loggers:
Update Best NDCG@10 Model at 33
INFO    [11-27 18:44:42] validate in BasicTrainer:
{'Recall@10': 0.12667900199691454, 'NDCG@10': 0.06642337640126546, 'MRR@10': 0.04829287280639013, 'Recall@5': 0.07715700442592303, 'NDCG@5': 0.05043587523202101, 'MRR@5': 0.04171021282672882, 'Recall*@10': 0.12667900199691454, 'NDCG*@10': 0.06642337640126546, 'MRR*@10': 0.04829287280639013, 'Recall*@5': 0.07715700442592303, 'NDCG*@5': 0.05043587523202101, 'MRR*@5': 0.04171021282672882}
INFO    [11-27 18:44:42] train in BasicTrainer:
duration: 4.861165523529053s
INFO    [11-27 18:44:42] train in BasicTrainer:
epoch: 34
INFO    [11-27 18:44:44] _train_one_epoch in BasicTrainer:
loss = 4.534030926854987
INFO    [11-27 18:44:47] log in loggers:
Update Best NDCG@10 Model at 34
INFO    [11-27 18:44:47] validate in BasicTrainer:
{'Recall@10': 0.12553967908024788, 'NDCG@10': 0.06675193334619205, 'MRR@10': 0.0489132230480512, 'Recall@5': 0.07954701160391171, 'NDCG@5': 0.05184901195267836, 'MRR@5': 0.04274674008289973, 'Recall*@10': 0.12553967908024788, 'NDCG*@10': 0.06675193334619205, 'MRR*@10': 0.0489132230480512, 'Recall*@5': 0.07954701160391171, 'NDCG*@5': 0.05184901195267836, 'MRR*@5': 0.04274674008289973}
INFO    [11-27 18:44:47] train in BasicTrainer:
duration: 4.930118799209595s
INFO    [11-27 18:44:47] train in BasicTrainer:
epoch: 35
INFO    [11-27 18:44:49] _train_one_epoch in BasicTrainer:
loss = 4.516241688477366
INFO    [11-27 18:44:52] validate in BasicTrainer:
{'Recall@10': 0.12602796033024788, 'NDCG@10': 0.06608490583797295, 'MRR@10': 0.0479702806721131, 'Recall@5': 0.08140590786933899, 'NDCG@5': 0.0518600195646286, 'MRR@5': 0.04221962516506513, 'Recall*@10': 0.12602796033024788, 'NDCG*@10': 0.06608490583797295, 'MRR*@10': 0.0479702806721131, 'Recall*@5': 0.08140590786933899, 'NDCG*@5': 0.0518600195646286, 'MRR*@5': 0.04221962516506513}
INFO    [11-27 18:44:52] train in BasicTrainer:
duration: 4.814576864242554s
INFO    [11-27 18:44:52] train in BasicTrainer:
epoch: 36
INFO    [11-27 18:44:54] _train_one_epoch in BasicTrainer:
loss = 4.497826337814331
INFO    [11-27 18:44:56] log in loggers:
Update Best NDCG@10 Model at 36
INFO    [11-27 18:44:56] validate in BasicTrainer:
{'Recall@10': 0.13016550242900848, 'NDCG@10': 0.06978989392518997, 'MRR@10': 0.05151441382865111, 'Recall@5': 0.08395867546399434, 'NDCG@5': 0.055023507525523506, 'MRR@5': 0.04552380430201689, 'Recall*@10': 0.13016550242900848, 'NDCG*@10': 0.06978989392518997, 'MRR*@10': 0.05151441382865111, 'Recall*@5': 0.08395867546399434, 'NDCG*@5': 0.055023507525523506, 'MRR*@5': 0.04552380430201689}
INFO    [11-27 18:44:56] train in BasicTrainer:
duration: 4.875504970550537s
INFO    [11-27 18:44:56] train in BasicTrainer:
epoch: 37
INFO    [11-27 18:44:59] _train_one_epoch in BasicTrainer:
loss = 4.482237464503238
INFO    [11-27 18:45:02] validate in BasicTrainer:
{'Recall@10': 0.13270113741358122, 'NDCG@10': 0.0686263417204221, 'MRR@10': 0.04928708759446939, 'Recall@5': 0.08259662861625354, 'NDCG@5': 0.052590178325772285, 'MRR@5': 0.04276458670695623, 'Recall*@10': 0.13270113741358122, 'NDCG*@10': 0.0686263417204221, 'MRR*@10': 0.04928708759446939, 'Recall*@5': 0.08259662861625354, 'NDCG*@5': 0.052590178325772285, 'MRR*@5': 0.04276458670695623}
INFO    [11-27 18:45:02] train in BasicTrainer:
duration: 5.218214988708496s
INFO    [11-27 18:45:02] train in BasicTrainer:
epoch: 38
INFO    [11-27 18:45:03] _train_one_epoch in BasicTrainer:
loss = 4.464410656376889
INFO    [11-27 18:45:06] validate in BasicTrainer:
{'Recall@10': 0.12935170034567514, 'NDCG@10': 0.06805642632146676, 'MRR@10': 0.04948920880754789, 'Recall@5': 0.08221970995267232, 'NDCG@5': 0.0528377623607715, 'MRR@5': 0.04322317180534204, 'Recall*@10': 0.12935170034567514, 'NDCG*@10': 0.06805642632146676, 'MRR*@10': 0.04948920880754789, 'Recall*@5': 0.08221970995267232, 'NDCG*@5': 0.0528377623607715, 'MRR*@5': 0.04322317180534204}
INFO    [11-27 18:45:06] train in BasicTrainer:
duration: 4.540414810180664s
INFO    [11-27 18:45:06] train in BasicTrainer:
epoch: 39
INFO    [11-27 18:45:08] _train_one_epoch in BasicTrainer:
loss = 4.445572288412797
INFO    [11-27 18:45:11] log in loggers:
Update Best NDCG@10 Model at 39
INFO    [11-27 18:45:11] validate in BasicTrainer:
{'Recall@10': 0.1328895961244901, 'NDCG@10': 0.07078475753466289, 'MRR@10': 0.05204113759100437, 'Recall@5': 0.0848924070596695, 'NDCG@5': 0.055456362664699554, 'MRR@5': 0.04582962145407995, 'Recall*@10': 0.1328895961244901, 'NDCG*@10': 0.07078475753466289, 'MRR*@10': 0.05204113759100437, 'Recall*@5': 0.0848924070596695, 'NDCG*@5': 0.055456362664699554, 'MRR*@5': 0.04582962145407995}
INFO    [11-27 18:45:11] train in BasicTrainer:
duration: 4.527759790420532s
INFO    [11-27 18:45:11] train in BasicTrainer:
epoch: 40
INFO    [11-27 18:45:13] _train_one_epoch in BasicTrainer:
loss = 4.430243705448351
INFO    [11-27 18:45:15] log in loggers:
Update Best NDCG@10 Model at 40
INFO    [11-27 18:45:16] validate in BasicTrainer:
{'Recall@10': 0.13424307852983475, 'NDCG@10': 0.07148982211947441, 'MRR@10': 0.05245956343909105, 'Recall@5': 0.08705969030658404, 'NDCG@5': 0.056381739055116974, 'MRR@5': 0.046312049652139343, 'Recall*@10': 0.13424307852983475, 'NDCG*@10': 0.07148982211947441, 'MRR*@10': 0.05245956343909105, 'Recall*@5': 0.08705969030658404, 'NDCG*@5': 0.056381739055116974, 'MRR*@5': 0.046312049652139343}
INFO    [11-27 18:45:16] train in BasicTrainer:
duration: 4.846486568450928s
INFO    [11-27 18:45:16] train in BasicTrainer:
epoch: 41
INFO    [11-27 18:45:17] _train_one_epoch in BasicTrainer:
loss = 4.414872320074784
INFO    [11-27 18:45:20] log in loggers:
Update Best NDCG@10 Model at 41
INFO    [11-27 18:45:20] validate in BasicTrainer:
{'Recall@10': 0.13564795752366385, 'NDCG@10': 0.07182642258703709, 'MRR@10': 0.05252092890441418, 'Recall@5': 0.08554344872633617, 'NDCG@5': 0.055696009347836174, 'MRR@5': 0.04590757439533869, 'Recall*@10': 0.13564795752366385, 'NDCG*@10': 0.07182642258703709, 'MRR*@10': 0.05252092890441418, 'Recall*@5': 0.08554344872633617, 'NDCG*@5': 0.055696009347836174, 'MRR*@5': 0.04590757439533869}
INFO    [11-27 18:45:20] train in BasicTrainer:
duration: 4.640103101730347s
INFO    [11-27 18:45:20] train in BasicTrainer:
epoch: 42
INFO    [11-27 18:45:22] _train_one_epoch in BasicTrainer:
loss = 4.400810392279374
INFO    [11-27 18:45:25] log in loggers:
Update Best NDCG@10 Model at 42
INFO    [11-27 18:45:25] validate in BasicTrainer:
{'Recall@10': 0.13940001279115677, 'NDCG@10': 0.07280582562088966, 'MRR@10': 0.052774141232172646, 'Recall@5': 0.08586040263374646, 'NDCG@5': 0.055730102583765984, 'MRR@5': 0.045865743731458984, 'Recall*@10': 0.13940001279115677, 'NDCG*@10': 0.07280582562088966, 'MRR*@10': 0.052774141232172646, 'Recall*@5': 0.08586040263374646, 'NDCG*@5': 0.055730102583765984, 'MRR*@5': 0.045865743731458984}
INFO    [11-27 18:45:25] train in BasicTrainer:
duration: 4.561321020126343s
INFO    [11-27 18:45:25] train in BasicTrainer:
epoch: 43
INFO    [11-27 18:45:27] _train_one_epoch in BasicTrainer:
loss = 4.38391469654284
INFO    [11-27 18:45:30] validate in BasicTrainer:
{'Recall@10': 0.13614480445782343, 'NDCG@10': 0.07261638094981511, 'MRR@10': 0.05335055726269881, 'Recall@5': 0.08814761539300282, 'NDCG@5': 0.05719883864124616, 'MRR@5': 0.047049755230546, 'Recall*@10': 0.13614480445782343, 'NDCG*@10': 0.07261638094981511, 'MRR*@10': 0.05335055726269881, 'Recall*@5': 0.08814761539300282, 'NDCG*@5': 0.05719883864124616, 'MRR*@5': 0.047049755230546}
INFO    [11-27 18:45:30] train in BasicTrainer:
duration: 4.764046907424927s
INFO    [11-27 18:45:30] train in BasicTrainer:
epoch: 44
INFO    [11-27 18:45:32] _train_one_epoch in BasicTrainer:
loss = 4.36982650505869
INFO    [11-27 18:45:34] log in loggers:
Update Best NDCG@10 Model at 44
INFO    [11-27 18:45:34] validate in BasicTrainer:
{'Recall@10': 0.13891173154115677, 'NDCG@10': 0.07302252079049747, 'MRR@10': 0.05308199177185694, 'Recall@5': 0.0881990132232507, 'NDCG@5': 0.05680574973424276, 'MRR@5': 0.04649851036568483, 'Recall*@10': 0.13891173154115677, 'NDCG*@10': 0.07302252079049747, 'MRR*@10': 0.05308199177185694, 'Recall*@5': 0.0881990132232507, 'NDCG*@5': 0.05680574973424276, 'MRR*@5': 0.04649851036568483}
INFO    [11-27 18:45:34] train in BasicTrainer:
duration: 4.9408605098724365s
INFO    [11-27 18:45:34] train in BasicTrainer:
epoch: 45
INFO    [11-27 18:45:36] _train_one_epoch in BasicTrainer:
loss = 4.354839726498253
INFO    [11-27 18:45:39] log in loggers:
Update Best NDCG@10 Model at 45
INFO    [11-27 18:45:39] validate in BasicTrainer:
{'Recall@10': 0.1413103068868319, 'NDCG@10': 0.07432240371902783, 'MRR@10': 0.053983695805072784, 'Recall@5': 0.0905804547170798, 'NDCG@5': 0.05804851775368055, 'MRR@5': 0.04734286665916443, 'Recall*@10': 0.1413103068868319, 'NDCG*@10': 0.07432240371902783, 'MRR*@10': 0.053983695805072784, 'Recall*@5': 0.0905804547170798, 'NDCG*@5': 0.05804851775368055, 'MRR*@5': 0.04734286665916443}
INFO    [11-27 18:45:39] train in BasicTrainer:
duration: 4.795494079589844s
INFO    [11-27 18:45:39] train in BasicTrainer:
epoch: 46
INFO    [11-27 18:45:41] _train_one_epoch in BasicTrainer:
loss = 4.340422555019981
INFO    [11-27 18:45:44] validate in BasicTrainer:
{'Recall@10': 0.13803796718517938, 'NDCG@10': 0.07404884075125058, 'MRR@10': 0.05467174636820952, 'Recall@5': 0.08891001964608829, 'NDCG@5': 0.05826609581708908, 'MRR@5': 0.04822091571986675, 'Recall*@10': 0.13803796718517938, 'NDCG*@10': 0.07404884075125058, 'MRR*@10': 0.05467174636820952, 'Recall*@5': 0.08891001964608829, 'NDCG*@5': 0.05826609581708908, 'MRR*@5': 0.04822091571986675}
INFO    [11-27 18:45:44] train in BasicTrainer:
duration: 4.773662090301514s
INFO    [11-27 18:45:44] train in BasicTrainer:
epoch: 47
INFO    [11-27 18:45:46] _train_one_epoch in BasicTrainer:
loss = 4.327119977850663
INFO    [11-27 18:45:49] validate in BasicTrainer:
{'Recall@10': 0.13646175960699716, 'NDCG@10': 0.07354050626357396, 'MRR@10': 0.05439437118669351, 'Recall@5': 0.09027206649382909, 'NDCG@5': 0.058653456469376884, 'MRR@5': 0.04827930902441343, 'Recall*@10': 0.13646175960699716, 'NDCG*@10': 0.07354050626357396, 'MRR*@10': 0.05439437118669351, 'Recall*@5': 0.09027206649382909, 'NDCG*@5': 0.058653456469376884, 'MRR*@5': 0.04827930902441343}
INFO    [11-27 18:45:49] train in BasicTrainer:
duration: 4.741962194442749s
INFO    [11-27 18:45:49] train in BasicTrainer:
epoch: 48
INFO    [11-27 18:45:51] _train_one_epoch in BasicTrainer:
loss = 4.3135574240433545
INFO    [11-27 18:45:54] validate in BasicTrainer:
{'Recall@10': 0.1394514118631681, 'NDCG@10': 0.07413744181394577, 'MRR@10': 0.05435552882651488, 'Recall@5': 0.09081174681584041, 'NDCG@5': 0.058559736236929893, 'MRR@5': 0.04801618121564388, 'Recall*@10': 0.1394514118631681, 'NDCG*@10': 0.07413744181394577, 'MRR*@10': 0.05435552882651488, 'Recall*@5': 0.09081174681584041, 'NDCG*@5': 0.058559736236929893, 'MRR*@5': 0.04801618121564388}
INFO    [11-27 18:45:54] train in BasicTrainer:
duration: 5.009031772613525s
INFO    [11-27 18:45:54] train in BasicTrainer:
epoch: 49
INFO    [11-27 18:45:56] _train_one_epoch in BasicTrainer:
loss = 4.3024170649679085
INFO    [11-27 18:45:59] log in loggers:
Update Best NDCG@10 Model at 49
INFO    [11-27 18:45:59] validate in BasicTrainer:
{'Recall@10': 0.13990542789300284, 'NDCG@10': 0.07520176097750664, 'MRR@10': 0.05562911803523699, 'Recall@5': 0.08927837138374646, 'NDCG@5': 0.05892312154173851, 'MRR@5': 0.04896475871404012, 'Recall*@10': 0.13990542789300284, 'NDCG*@10': 0.07520176097750664, 'MRR*@10': 0.05562911803523699, 'Recall*@5': 0.08927837138374646, 'NDCG*@5': 0.05892312154173851, 'MRR*@5': 0.04896475871404012}
INFO    [11-27 18:45:59] train in BasicTrainer:
duration: 4.838648080825806s
INFO    [11-27 18:45:59] train in BasicTrainer:
epoch: 50
INFO    [11-27 18:46:01] _train_one_epoch in BasicTrainer:
loss = 4.287522667332699
INFO    [11-27 18:46:03] log in loggers:
Update Best NDCG@10 Model at 50
INFO    [11-27 18:46:03] validate in BasicTrainer:
{'Recall@10': 0.13989686220884323, 'NDCG@10': 0.07556217163801193, 'MRR@10': 0.05609764903783798, 'Recall@5': 0.09010074039300282, 'NDCG@5': 0.05958111397922039, 'MRR@5': 0.04957339788476626, 'Recall*@10': 0.13989686220884323, 'NDCG*@10': 0.07556217163801193, 'MRR*@10': 0.05609764903783798, 'Recall*@5': 0.09010074039300282, 'NDCG*@5': 0.05958111397922039, 'MRR*@5': 0.04957339788476626}
INFO    [11-27 18:46:03] train in BasicTrainer:
duration: 4.856927394866943s
INFO    [11-27 18:46:03] train in BasicTrainer:
epoch: 51
INFO    [11-27 18:46:05] _train_one_epoch in BasicTrainer:
loss = 4.275582112764058
INFO    [11-27 18:46:08] validate in BasicTrainer:
{'Recall@10': 0.1392372523744901, 'NDCG@10': 0.07482509935895602, 'MRR@10': 0.05527356887857119, 'Recall@5': 0.08932976921399434, 'NDCG@5': 0.05878495673338572, 'MRR@5': 0.048708911364277206, 'Recall*@10': 0.1392372523744901, 'NDCG*@10': 0.07482509935895602, 'MRR*@10': 0.05527356887857119, 'Recall*@5': 0.08932976921399434, 'NDCG*@5': 0.05878495673338572, 'MRR*@5': 0.048708911364277206}
INFO    [11-27 18:46:08] train in BasicTrainer:
duration: 4.753325462341309s
INFO    [11-27 18:46:08] train in BasicTrainer:
epoch: 52
DEBUG   [11-27 18:46:10] calculate_loss in loss:
soft_target max: 0.5027896165847778, argmax 103342
DEBUG   [11-27 18:46:10] calculate_loss in loss:
pred max in softmax: 0.12198043614625931, argmax 142051
DEBUG   [11-27 18:46:10] calculate_loss in loss:
soft_target max: 0.5027896165847778, argmax 1226
DEBUG   [11-27 18:46:10] calculate_loss in loss:
pred max in softmax: 0.1279495805501938, argmax 2264605
INFO    [11-27 18:46:10] _train_one_epoch in BasicTrainer:
loss = 4.26325609809474
INFO    [11-27 18:46:13] log in loggers:
Update Best NDCG@10 Model at 52
INFO    [11-27 18:46:13] validate in BasicTrainer:
{'Recall@10': 0.14283511539300284, 'NDCG@10': 0.07651824876666069, 'MRR@10': 0.05636765621602535, 'Recall@5': 0.09282483533024788, 'NDCG@5': 0.060506729409098625, 'MRR@5': 0.049851947153608, 'Recall*@10': 0.14283511539300284, 'NDCG*@10': 0.07651824876666069, 'MRR*@10': 0.05636765621602535, 'Recall*@5': 0.09282483533024788, 'NDCG*@5': 0.060506729409098625, 'MRR*@5': 0.049851947153608}
INFO    [11-27 18:46:13] train in BasicTrainer:
duration: 4.877827167510986s
INFO    [11-27 18:46:13] train in BasicTrainer:
epoch: 53
INFO    [11-27 18:46:15] _train_one_epoch in BasicTrainer:
loss = 4.253305836727745
INFO    [11-27 18:46:18] log in loggers:
Update Best NDCG@10 Model at 53
INFO    [11-27 18:46:18] validate in BasicTrainer:
{'Recall@10': 0.1428693806131681, 'NDCG@10': 0.07716143503785133, 'MRR@10': 0.05716693215072155, 'Recall@5': 0.09560032933950424, 'NDCG@5': 0.061990443617105484, 'MRR@5': 0.05097185323635737, 'Recall*@10': 0.1428693806131681, 'NDCG*@10': 0.07716143503785133, 'MRR*@10': 0.05716693215072155, 'Recall*@5': 0.09560032933950424, 'NDCG*@5': 0.061990443617105484, 'MRR*@5': 0.05097185323635737}
INFO    [11-27 18:46:18] train in BasicTrainer:
duration: 4.800376892089844s
INFO    [11-27 18:46:18] train in BasicTrainer:
epoch: 54
INFO    [11-27 18:46:20] _train_one_epoch in BasicTrainer:
loss = 4.237989488400911
INFO    [11-27 18:46:23] validate in BasicTrainer:
{'Recall@10': 0.1427066201965014, 'NDCG@10': 0.07681574175755183, 'MRR@10': 0.05682750294605891, 'Recall@5': 0.09244791666666667, 'NDCG@5': 0.06065142837663492, 'MRR@5': 0.05020787691076597, 'Recall*@10': 0.1427066201965014, 'NDCG*@10': 0.07681574175755183, 'MRR*@10': 0.05682750294605891, 'Recall*@5': 0.09244791666666667, 'NDCG*@5': 0.06065142837663492, 'MRR*@5': 0.05020787691076597}
INFO    [11-27 18:46:23] train in BasicTrainer:
duration: 4.802218675613403s
INFO    [11-27 18:46:23] train in BasicTrainer:
epoch: 55
INFO    [11-27 18:46:25] _train_one_epoch in BasicTrainer:
loss = 4.226126971997712
INFO    [11-27 18:46:28] validate in BasicTrainer:
{'Recall@10': 0.1439144735534986, 'NDCG@10': 0.07627465203404427, 'MRR@10': 0.05580338463187218, 'Recall@5': 0.09292763223250707, 'NDCG@5': 0.0599584790567557, 'MRR@5': 0.049168351416786514, 'Recall*@10': 0.1439144735534986, 'NDCG*@10': 0.07627465203404427, 'MRR*@10': 0.05580338463187218, 'Recall*@5': 0.09292763223250707, 'NDCG*@5': 0.0599584790567557, 'MRR*@5': 0.049168351416786514}
INFO    [11-27 18:46:28] train in BasicTrainer:
duration: 5.135561466217041s
INFO    [11-27 18:46:28] train in BasicTrainer:
epoch: 56
INFO    [11-27 18:46:30] _train_one_epoch in BasicTrainer:
loss = 4.217492580413818
INFO    [11-27 18:46:32] log in loggers:
Update Best NDCG@10 Model at 56
INFO    [11-27 18:46:33] validate in BasicTrainer:
{'Recall@10': 0.1457048381368319, 'NDCG@10': 0.07839250316222508, 'MRR@10': 0.057940016190210976, 'Recall@5': 0.09572025761008263, 'NDCG@5': 0.06234495776395003, 'MRR@5': 0.05138689217468103, 'Recall*@10': 0.1457048381368319, 'NDCG*@10': 0.07839250316222508, 'MRR*@10': 0.057940016190210976, 'Recall*@5': 0.09572025761008263, 'NDCG*@5': 0.06234495776395003, 'MRR*@5': 0.05138689217468103}
INFO    [11-27 18:46:33] train in BasicTrainer:
duration: 4.675673246383667s
INFO    [11-27 18:46:33] train in BasicTrainer:
epoch: 57
INFO    [11-27 18:46:34] _train_one_epoch in BasicTrainer:
loss = 4.202059595208419
INFO    [11-27 18:46:37] validate in BasicTrainer:
{'Recall@10': 0.14525938779115677, 'NDCG@10': 0.07814903929829597, 'MRR@10': 0.05777826843162378, 'Recall@5': 0.09363863741358121, 'NDCG@5': 0.061577012141545616, 'MRR@5': 0.05100683122873306, 'Recall*@10': 0.14525938779115677, 'NDCG*@10': 0.07814903929829597, 'MRR*@10': 0.05777826843162378, 'Recall*@5': 0.09363863741358121, 'NDCG*@5': 0.061577012141545616, 'MRR*@5': 0.05100683122873306}
INFO    [11-27 18:46:37] train in BasicTrainer:
duration: 4.6198365688323975s
INFO    [11-27 18:46:37] train in BasicTrainer:
epoch: 58
INFO    [11-27 18:46:39] _train_one_epoch in BasicTrainer:
loss = 4.192954013222142
INFO    [11-27 18:46:42] log in loggers:
Update Best NDCG@10 Model at 58
INFO    [11-27 18:46:42] validate in BasicTrainer:
{'Recall@10': 0.1479406530658404, 'NDCG@10': 0.07907452558477719, 'MRR@10': 0.05821822149058183, 'Recall@5': 0.09428967908024788, 'NDCG@5': 0.061802273616194725, 'MRR@5': 0.051134468987584114, 'Recall*@10': 0.1479406530658404, 'NDCG*@10': 0.07907452558477719, 'MRR*@10': 0.05821822149058183, 'Recall*@5': 0.09428967908024788, 'NDCG*@5': 0.061802273616194725, 'MRR*@5': 0.051134468987584114}
INFO    [11-27 18:46:42] train in BasicTrainer:
duration: 4.91368293762207s
INFO    [11-27 18:46:42] train in BasicTrainer:
epoch: 59
INFO    [11-27 18:46:44] _train_one_epoch in BasicTrainer:
loss = 4.182438674725984
INFO    [11-27 18:46:47] validate in BasicTrainer:
{'Recall@10': 0.1453793173034986, 'NDCG@10': 0.078103373448054, 'MRR@10': 0.057715882236758866, 'Recall@5': 0.09417831649382909, 'NDCG@5': 0.06158990288774172, 'MRR@5': 0.05092488043010235, 'Recall*@10': 0.1453793173034986, 'NDCG*@10': 0.078103373448054, 'MRR*@10': 0.057715882236758866, 'Recall*@5': 0.09417831649382909, 'NDCG*@5': 0.06158990288774172, 'MRR*@5': 0.05092488043010235}
INFO    [11-27 18:46:47] train in BasicTrainer:
duration: 4.536683797836304s
INFO    [11-27 18:46:47] train in BasicTrainer:
epoch: 60
INFO    [11-27 18:46:49] _train_one_epoch in BasicTrainer:
loss = 4.1711497808757585
INFO    [11-27 18:46:51] validate in BasicTrainer:
{'Recall@10': 0.14483963946501413, 'NDCG@10': 0.07793136437733968, 'MRR@10': 0.057597032437721886, 'Recall@5': 0.09560032933950424, 'NDCG@5': 0.06216505169868469, 'MRR@5': 0.051184297228852906, 'Recall*@10': 0.14483963946501413, 'NDCG*@10': 0.07793136437733968, 'MRR*@10': 0.057597032437721886, 'Recall*@5': 0.09560032933950424, 'NDCG*@5': 0.06216505169868469, 'MRR*@5': 0.051184297228852906}
INFO    [11-27 18:46:51] train in BasicTrainer:
duration: 4.74370551109314s
INFO    [11-27 18:46:51] train in BasicTrainer:
epoch: 61
INFO    [11-27 18:46:53] _train_one_epoch in BasicTrainer:
loss = 4.15786600112915
INFO    [11-27 18:46:56] validate in BasicTrainer:
{'Recall@10': 0.14685272673765817, 'NDCG@10': 0.07790269578496616, 'MRR@10': 0.05706012745698293, 'Recall@5': 0.09396415824691455, 'NDCG@5': 0.06098132890959581, 'MRR@5': 0.050183321038881935, 'Recall*@10': 0.14685272673765817, 'NDCG*@10': 0.07790269578496616, 'MRR*@10': 0.05706012745698293, 'Recall*@5': 0.09396415824691455, 'NDCG*@5': 0.06098132890959581, 'MRR*@5': 0.050183321038881935}
INFO    [11-27 18:46:56] train in BasicTrainer:
duration: 4.754451274871826s
INFO    [11-27 18:46:56] train in BasicTrainer:
epoch: 62
INFO    [11-27 18:46:58] _train_one_epoch in BasicTrainer:
loss = 4.150938034057617
INFO    [11-27 18:47:01] validate in BasicTrainer:
{'Recall@10': 0.1463558798034986, 'NDCG@10': 0.07823363691568375, 'MRR@10': 0.05756430886685848, 'Recall@5': 0.09521484375, 'NDCG@5': 0.061916773517926536, 'MRR@5': 0.05096000184615453, 'Recall*@10': 0.1463558798034986, 'NDCG*@10': 0.07823363691568375, 'MRR*@10': 0.05756430886685848, 'Recall*@5': 0.09521484375, 'NDCG*@5': 0.061916773517926536, 'MRR*@5': 0.05096000184615453}
INFO    [11-27 18:47:01] train in BasicTrainer:
duration: 4.91870379447937s
INFO    [11-27 18:47:01] train in BasicTrainer:
epoch: 63
INFO    [11-27 18:47:03] _train_one_epoch in BasicTrainer:
loss = 4.140399029380397
INFO    [11-27 18:47:06] log in loggers:
Update Best NDCG@10 Model at 63
INFO    [11-27 18:47:06] validate in BasicTrainer:
{'Recall@10': 0.14946546157201132, 'NDCG@10': 0.07926415527860324, 'MRR@10': 0.0580442783733209, 'Recall@5': 0.09542900199691455, 'NDCG@5': 0.06199654936790466, 'MRR@5': 0.05103838381667932, 'Recall*@10': 0.14946546157201132, 'NDCG*@10': 0.07926415527860324, 'MRR*@10': 0.0580442783733209, 'Recall*@5': 0.09542900199691455, 'NDCG*@5': 0.06199654936790466, 'MRR*@5': 0.05103838381667932}
INFO    [11-27 18:47:06] train in BasicTrainer:
duration: 4.9930033683776855s
INFO    [11-27 18:47:06] train in BasicTrainer:
epoch: 64
INFO    [11-27 18:47:08] _train_one_epoch in BasicTrainer:
loss = 4.127196726046111
INFO    [11-27 18:47:11] log in loggers:
Update Best NDCG@10 Model at 64
INFO    [11-27 18:47:11] validate in BasicTrainer:
{'Recall@10': 0.14805201441049576, 'NDCG@10': 0.07977276916305225, 'MRR@10': 0.05900116761525472, 'Recall@5': 0.09896690025925636, 'NDCG@5': 0.06405075763662656, 'MRR@5': 0.05260131197671095, 'Recall*@10': 0.14805201441049576, 'NDCG*@10': 0.07977276916305225, 'MRR*@10': 0.05900116761525472, 'Recall*@5': 0.09896690025925636, 'NDCG*@5': 0.06405075763662656, 'MRR*@5': 0.05260131197671095}
INFO    [11-27 18:47:11] train in BasicTrainer:
duration: 4.796278238296509s
INFO    [11-27 18:47:11] train in BasicTrainer:
epoch: 65
INFO    [11-27 18:47:13] _train_one_epoch in BasicTrainer:
loss = 4.115334146901181
INFO    [11-27 18:47:15] log in loggers:
Update Best NDCG@10 Model at 65
INFO    [11-27 18:47:16] validate in BasicTrainer:
{'Recall@10': 0.14853172997633615, 'NDCG@10': 0.07993543396393459, 'MRR@10': 0.0591777004301548, 'Recall@5': 0.09602864583333333, 'NDCG@5': 0.06314164524277051, 'MRR@5': 0.05235160328447819, 'Recall*@10': 0.14853172997633615, 'NDCG*@10': 0.07993543396393459, 'MRR*@10': 0.0591777004301548, 'Recall*@5': 0.09602864583333333, 'NDCG*@5': 0.06314164524277051, 'MRR*@5': 0.05235160328447819}
INFO    [11-27 18:47:16] train in BasicTrainer:
duration: 4.716184377670288s
INFO    [11-27 18:47:16] train in BasicTrainer:
epoch: 66
INFO    [11-27 18:47:18] _train_one_epoch in BasicTrainer:
loss = 4.107107300507395
INFO    [11-27 18:47:20] log in loggers:
Update Best NDCG@10 Model at 66
INFO    [11-27 18:47:20] validate in BasicTrainer:
{'Recall@10': 0.14777789264917374, 'NDCG@10': 0.08012056971589725, 'MRR@10': 0.05960363335907459, 'Recall@5': 0.09880413984258969, 'NDCG@5': 0.06448635458946228, 'MRR@5': 0.05326877410213152, 'Recall*@10': 0.14777789264917374, 'NDCG*@10': 0.08012056971589725, 'MRR*@10': 0.05960363335907459, 'Recall*@5': 0.09880413984258969, 'NDCG*@5': 0.06448635458946228, 'MRR*@5': 0.05326877410213152}
INFO    [11-27 18:47:20] train in BasicTrainer:
duration: 4.885377883911133s
INFO    [11-27 18:47:20] train in BasicTrainer:
epoch: 67
INFO    [11-27 18:47:22] _train_one_epoch in BasicTrainer:
loss = 4.09823435231259
INFO    [11-27 18:47:25] log in loggers:
Update Best NDCG@10 Model at 67
INFO    [11-27 18:47:25] validate in BasicTrainer:
{'Recall@10': 0.15017646551132202, 'NDCG@10': 0.0812730888525645, 'MRR@10': 0.06042418753107389, 'Recall@5': 0.09797320514917374, 'NDCG@5': 0.06453522046407063, 'MRR@5': 0.05359800470372041, 'Recall*@10': 0.15017646551132202, 'NDCG*@10': 0.0812730888525645, 'MRR*@10': 0.06042418753107389, 'Recall*@5': 0.09797320514917374, 'NDCG*@5': 0.06453522046407063, 'MRR*@5': 0.05359800470372041}
INFO    [11-27 18:47:25] train in BasicTrainer:
duration: 4.848020076751709s
INFO    [11-27 18:47:25] train in BasicTrainer:
epoch: 68
INFO    [11-27 18:47:27] _train_one_epoch in BasicTrainer:
loss = 4.089266639006765
INFO    [11-27 18:47:30] log in loggers:
Update Best NDCG@10 Model at 68
INFO    [11-27 18:47:30] validate in BasicTrainer:
{'Recall@10': 0.15170127401749292, 'NDCG@10': 0.08159330735603969, 'MRR@10': 0.06032719152669112, 'Recall@5': 0.10038034493724506, 'NDCG@5': 0.06516185651222865, 'MRR@5': 0.05364212145407995, 'Recall*@10': 0.15170127401749292, 'NDCG*@10': 0.08159330735603969, 'MRR*@10': 0.06032719152669112, 'Recall*@5': 0.10038034493724506, 'NDCG*@5': 0.06516185651222865, 'MRR*@5': 0.05364212145407995}
INFO    [11-27 18:47:30] train in BasicTrainer:
duration: 4.8307740688323975s
INFO    [11-27 18:47:30] train in BasicTrainer:
epoch: 69
INFO    [11-27 18:47:32] _train_one_epoch in BasicTrainer:
loss = 4.078036245546843
INFO    [11-27 18:47:35] validate in BasicTrainer:
{'Recall@10': 0.1508189414938291, 'NDCG@10': 0.08095173413554828, 'MRR@10': 0.059754179790616035, 'Recall@5': 0.09996059536933899, 'NDCG@5': 0.0645536941786607, 'MRR@5': 0.05301563814282417, 'Recall*@10': 0.1508189414938291, 'NDCG*@10': 0.08095173413554828, 'MRR*@10': 0.059754179790616035, 'Recall*@5': 0.09996059536933899, 'NDCG*@5': 0.0645536941786607, 'MRR*@5': 0.05301563814282417}
INFO    [11-27 18:47:35] train in BasicTrainer:
duration: 4.795553684234619s
INFO    [11-27 18:47:35] train in BasicTrainer:
epoch: 70
INFO    [11-27 18:47:37] _train_one_epoch in BasicTrainer:
loss = 4.066776275634766
INFO    [11-27 18:47:40] validate in BasicTrainer:
{'Recall@10': 0.15099026759465536, 'NDCG@10': 0.08156719555457433, 'MRR@10': 0.06043705282111963, 'Recall@5': 0.10115131611625354, 'NDCG@5': 0.06552830586830775, 'MRR@5': 0.053863704204559326, 'Recall*@10': 0.15099026759465536, 'NDCG*@10': 0.08156719555457433, 'MRR*@10': 0.06043705282111963, 'Recall*@5': 0.10115131611625354, 'NDCG*@5': 0.06552830586830775, 'MRR*@5': 0.053863704204559326}
INFO    [11-27 18:47:40] train in BasicTrainer:
duration: 4.955950736999512s
INFO    [11-27 18:47:40] train in BasicTrainer:
epoch: 71
INFO    [11-27 18:47:42] _train_one_epoch in BasicTrainer:
loss = 4.061374946644432
INFO    [11-27 18:47:45] log in loggers:
Update Best NDCG@10 Model at 71
INFO    [11-27 18:47:45] validate in BasicTrainer:
{'Recall@10': 0.1498423789938291, 'NDCG@10': 0.08175448576609294, 'MRR@10': 0.061013796056310333, 'Recall@5': 0.09989206368724506, 'NDCG@5': 0.06565468882520993, 'MRR@5': 0.05440109844009081, 'Recall*@10': 0.1498423789938291, 'NDCG*@10': 0.08175448576609294, 'MRR*@10': 0.061013796056310333, 'Recall*@5': 0.09989206368724506, 'NDCG*@5': 0.06565468882520993, 'MRR*@5': 0.05440109844009081}
INFO    [11-27 18:47:45] train in BasicTrainer:
duration: 5.266794919967651s
INFO    [11-27 18:47:45] train in BasicTrainer:
epoch: 72
INFO    [11-27 18:47:47] _train_one_epoch in BasicTrainer:
loss = 4.048346155568173
INFO    [11-27 18:47:50] validate in BasicTrainer:
{'Recall@10': 0.15022786458333334, 'NDCG@10': 0.08112329865495364, 'MRR@10': 0.060136633614699044, 'Recall@5': 0.09907826160391171, 'NDCG@5': 0.06465141413112481, 'MRR@5': 0.053378708039720855, 'Recall*@10': 0.15022786458333334, 'NDCG*@10': 0.08112329865495364, 'MRR*@10': 0.060136633614699044, 'Recall*@5': 0.09907826160391171, 'NDCG*@5': 0.06465141413112481, 'MRR*@5': 0.053378708039720855}
INFO    [11-27 18:47:50] train in BasicTrainer:
duration: 4.5235276222229s
INFO    [11-27 18:47:50] train in BasicTrainer:
epoch: 73
INFO    [11-27 18:47:51] _train_one_epoch in BasicTrainer:
loss = 4.0423694598047355
INFO    [11-27 18:47:54] log in loggers:
Update Best NDCG@10 Model at 73
INFO    [11-27 18:47:54] validate in BasicTrainer:
{'Recall@10': 0.15316611776749292, 'NDCG@10': 0.0829496681690216, 'MRR@10': 0.061663433288534485, 'Recall@5': 0.09907826160391171, 'NDCG@5': 0.06544876905779044, 'MRR@5': 0.05443750570217768, 'Recall*@10': 0.15316611776749292, 'NDCG*@10': 0.0829496681690216, 'MRR*@10': 0.061663433288534485, 'Recall*@5': 0.09907826160391171, 'NDCG*@5': 0.06544876905779044, 'MRR*@5': 0.05443750570217768}
INFO    [11-27 18:47:54] train in BasicTrainer:
duration: 4.694829225540161s
INFO    [11-27 18:47:54] train in BasicTrainer:
epoch: 74
INFO    [11-27 18:47:56] _train_one_epoch in BasicTrainer:
loss = 4.033784257738214
INFO    [11-27 18:47:59] validate in BasicTrainer:
{'Recall@10': 0.15343167384465536, 'NDCG@10': 0.08190329372882843, 'MRR@10': 0.060194576159119606, 'Recall@5': 0.10086862618724506, 'NDCG@5': 0.06499988709886868, 'MRR@5': 0.053275768334666886, 'Recall*@10': 0.15343167384465536, 'NDCG*@10': 0.08190329372882843, 'MRR*@10': 0.060194576159119606, 'Recall*@5': 0.10086862618724506, 'NDCG*@5': 0.06499988709886868, 'MRR*@5': 0.053275768334666886}
INFO    [11-27 18:47:59] train in BasicTrainer:
duration: 4.686685562133789s
INFO    [11-27 18:47:59] train in BasicTrainer:
epoch: 75
INFO    [11-27 18:48:01] _train_one_epoch in BasicTrainer:
loss = 4.0243481774079175
INFO    [11-27 18:48:04] validate in BasicTrainer:
{'Recall@10': 0.15403988460699716, 'NDCG@10': 0.08203075577815373, 'MRR@10': 0.06018268627425035, 'Recall@5': 0.10207648078600566, 'NDCG@5': 0.06541799629728, 'MRR@5': 0.053438673416773476, 'Recall*@10': 0.15403988460699716, 'NDCG*@10': 0.08203075577815373, 'MRR*@10': 0.06018268627425035, 'Recall*@5': 0.10207648078600566, 'NDCG*@5': 0.06541799629728, 'MRR*@5': 0.053438673416773476}
INFO    [11-27 18:48:04] train in BasicTrainer:
duration: 4.602514743804932s
INFO    [11-27 18:48:04] train in BasicTrainer:
epoch: 76
INFO    [11-27 18:48:05] _train_one_epoch in BasicTrainer:
loss = 4.014953205459996
INFO    [11-27 18:48:08] log in loggers:
Update Best NDCG@10 Model at 76
INFO    [11-27 18:48:08] validate in BasicTrainer:
{'Recall@10': 0.15535910179217657, 'NDCG@10': 0.08355655148625374, 'MRR@10': 0.06180448147157828, 'Recall@5': 0.10021758452057838, 'NDCG@5': 0.06586212602754433, 'MRR@5': 0.054580278073747955, 'Recall*@10': 0.15535910179217657, 'NDCG*@10': 0.08355655148625374, 'MRR*@10': 0.06180448147157828, 'Recall*@5': 0.10021758452057838, 'NDCG*@5': 0.06586212602754433, 'MRR*@5': 0.054580278073747955}
INFO    [11-27 18:48:08] train in BasicTrainer:
duration: 4.727781534194946s
INFO    [11-27 18:48:08] train in BasicTrainer:
epoch: 77
INFO    [11-27 18:48:10] _train_one_epoch in BasicTrainer:
loss = 4.003640821105556
INFO    [11-27 18:48:13] validate in BasicTrainer:
{'Recall@10': 0.15306332210699716, 'NDCG@10': 0.08215779438614845, 'MRR@10': 0.060656179984410606, 'Recall@5': 0.09831585859258969, 'NDCG@5': 0.0644729236761729, 'MRR@5': 0.05336957114438216, 'Recall*@10': 0.15306332210699716, 'NDCG*@10': 0.08215779438614845, 'MRR*@10': 0.060656179984410606, 'Recall*@5': 0.09831585859258969, 'NDCG*@5': 0.0644729236761729, 'MRR*@5': 0.05336957114438216}
INFO    [11-27 18:48:13] train in BasicTrainer:
duration: 4.876882553100586s
INFO    [11-27 18:48:13] train in BasicTrainer:
epoch: 78
DEBUG   [11-27 18:48:15] calculate_loss in loss:
soft_target max: 0.5027896165847778, argmax 1077091
DEBUG   [11-27 18:48:15] calculate_loss in loss:
pred max in softmax: 0.18498632311820984, argmax 3136562
DEBUG   [11-27 18:48:15] calculate_loss in loss:
soft_target max: 0.5027896165847778, argmax 1784609
DEBUG   [11-27 18:48:15] calculate_loss in loss:
pred max in softmax: 0.2363993376493454, argmax 2763595
INFO    [11-27 18:48:15] _train_one_epoch in BasicTrainer:
loss = 3.995432314119841
INFO    [11-27 18:48:18] validate in BasicTrainer:
{'Recall@10': 0.1533288781841596, 'NDCG@10': 0.08221201226115227, 'MRR@10': 0.060642397652069725, 'Recall@5': 0.09912966067592303, 'NDCG@5': 0.06472104787826538, 'MRR@5': 0.053442668790618576, 'Recall*@10': 0.1533288781841596, 'NDCG*@10': 0.08221201226115227, 'MRR*@10': 0.060642397652069725, 'Recall*@5': 0.09912966067592303, 'NDCG*@5': 0.06472104787826538, 'MRR*@5': 0.053442668790618576}
INFO    [11-27 18:48:18] train in BasicTrainer:
duration: 4.550590515136719s
INFO    [11-27 18:48:18] train in BasicTrainer:
epoch: 79
INFO    [11-27 18:48:20] _train_one_epoch in BasicTrainer:
loss = 3.9904079688222787
INFO    [11-27 18:48:23] validate in BasicTrainer:
{'Recall@10': 0.1549821818868319, 'NDCG@10': 0.0833636795481046, 'MRR@10': 0.06166680529713631, 'Recall@5': 0.1006544679403305, 'NDCG@5': 0.06582506683965524, 'MRR@5': 0.05444393182794253, 'Recall*@10': 0.1549821818868319, 'NDCG*@10': 0.0833636795481046, 'MRR*@10': 0.06166680529713631, 'Recall*@5': 0.1006544679403305, 'NDCG*@5': 0.06582506683965524, 'MRR*@5': 0.05444393182794253}
INFO    [11-27 18:48:23] train in BasicTrainer:
duration: 4.830628156661987s
INFO    [11-27 18:48:23] close_training in BasicTrainer:
finished training
DEBUG   [11-27 18:48:23] debug_summary in loss:
loss nan summary: nan 0 times, not nan 3041 times, ratio nan / (nan + not_nan) = 0.0
INFO    [11-27 18:48:23] run_routine in Routine:
Finished training, Start final validation
INFO    [11-27 18:48:23] final_validate in BasicTrainer:
validate model on val set!
INFO    [11-27 18:48:23] load_state_from_given_path in utils:
checkpoint epoch: 76
INFO    [11-27 18:48:23] load_state_from_given_path in utils:
Loading model's parameters
INFO    [11-27 18:48:26] validate in BasicTrainer:
{'Recall@10': 0.15535910179217657, 'NDCG@10': 0.08355655148625374, 'MRR@10': 0.06180448147157828, 'Recall@5': 0.10021758452057838, 'NDCG@5': 0.06586212602754433, 'MRR@5': 0.054580278073747955, 'Recall*@10': 0.15535910179217657, 'NDCG*@10': 0.08355655148625374, 'MRR*@10': 0.06180448147157828, 'Recall*@5': 0.10021758452057838, 'NDCG*@5': 0.06586212602754433, 'MRR*@5': 0.054580278073747955}
INFO    [11-27 18:48:26] run_routine in Routine:
Finished final validating. Result: {'Recall@10': 0.15535910179217657, 'NDCG@10': 0.08355655148625374, 'MRR@10': 0.06180448147157828, 'Recall@5': 0.10021758452057838, 'NDCG@5': 0.06586212602754433, 'MRR@5': 0.054580278073747955, 'Recall*@10': 0.15535910179217657, 'NDCG*@10': 0.08355655148625374, 'MRR*@10': 0.06180448147157828, 'Recall*@5': 0.10021758452057838, 'NDCG*@5': 0.06586212602754433, 'MRR*@5': 0.054580278073747955}
INFO    [11-27 18:48:26] _evaluate in DistillSched:
Start testing student model on test set
INFO    [11-27 18:48:26] test in BasicTrainer:
Test model on test set!
INFO    [11-27 18:48:26] test_with_given_state_path in BasicTrainer:
Loading model params from _____lfms_soft_len_4/soft_gru4rec-len-10_11-27_18-41_t1/student_gru4rec_logs/checkpoint/best_acc_model.pth.
INFO    [11-27 18:48:26] load_state_from_given_path in utils:
checkpoint epoch: 76
INFO    [11-27 18:48:26] load_state_from_given_path in utils:
Loading model's parameters
INFO    [11-27 18:48:26] test_with_given_state_path in BasicTrainer:
Finished loading. Start testing.
INFO    [11-27 18:48:28] test_with_given_state_path in BasicTrainer:
{'Recall@10': 0.14243249843517938, 'NDCG@10': 0.07385590175787608, 'MRR@10': 0.0531251293917497, 'Recall@5': 0.08965529004732768, 'NDCG@5': 0.05687098825971285, 'MRR@5': 0.04616199682156245, 'Recall*@10': 0.14243249843517938, 'NDCG*@10': 0.07385590175787608, 'MRR*@10': 0.0531251293917497, 'Recall*@5': 0.08965529004732768, 'NDCG*@5': 0.05687098825971285, 'MRR*@5': 0.04616199682156245}
INFO    [11-27 18:48:28] _evaluate in DistillSched:
!!Final Result!!: {'Recall@10': 0.14243249843517938, 'NDCG@10': 0.07385590175787608, 'MRR@10': 0.0531251293917497, 'Recall@5': 0.08965529004732768, 'NDCG@5': 0.05687098825971285, 'MRR@5': 0.04616199682156245, 'Recall*@10': 0.14243249843517938, 'NDCG*@10': 0.07385590175787608, 'MRR*@10': 0.0531251293917497, 'Recall*@5': 0.08965529004732768, 'NDCG*@5': 0.05687098825971285, 'MRR*@5': 0.04616199682156245}
