INFO    [05-05 16:53:31] setup_train in utils:
{
    "experiment_dir": "___el_soft_2022",
    "experiment_description": "pop",
    "describe": "{config[model_code]}-T-{config[T]}-al-{config[alpha]}",
    "dataset_name": "electronics.csv",
    "sched": "distill",
    "model_code": "narm",
    "mentor_code": "pop",
    "training_routine": "student",
    "softmaxed_mentor": false,
    "alpha": 0.5,
    "T": 1.0,
    "num_epochs": 60,
    "mode": [
        "train",
        "test"
    ],
    "max_len": 10,
    "test_state_path": null,
    "model_state_path": null,
    "mentor_state_path": null,
    "rand_seed": 2022,
    "load_processed_dataset": true,
    "save_processed_dataset": false,
    "dataset_cache_filename": null,
    "do_remap": false,
    "weight_decay": 0,
    "decay_step": 15,
    "gamma": 0.99,
    "lr": 0.001,
    "min_length": 5,
    "min_item_inter": 5,
    "good_only": false,
    "use_rating": true,
    "test_negative_sampler_code": "random",
    "test_negative_sample_size": 0,
    "dataloader_type": "next",
    "train_batch_size": 4096,
    "val_batch_size": 4096,
    "test_batch_size": 4096,
    "prop_sliding_window": -1.0,
    "worker_number": 2,
    "metric_ks": [
        5,
        10
    ],
    "device": "cuda",
    "num_gpu": 1,
    "optimizer": "Adam",
    "best_metric": "NDCG@10",
    "show_process_bar": false,
    "enable_sample": false,
    "samples_ratio": 0.1,
    "config_file": "config2.electronics/narm/config_distill.json",
    "task_id": 2,
    "split": "leave_one_out",
    "do_sampling": false,
    "path_for_sample": null,
    "sample_rate": 0.5,
    "sample_seed": 0,
    "train_negative_sampler_code": "random",
    "train_negative_sample_size": 100,
    "device_idx": "0",
    "momentum": null,
    "log_period_as_iter": 12800,
    "dvae_alpha": 0.5,
    "weight_list": [
        0.5,
        0.5
    ],
    "validation_rate": 0.2,
    "num_items": null,
    "start_index": 1,
    "kwargs": null
}
DEBUG   [05-05 16:53:31] __init__ in DistillSched:
DistillScheduler attribs: teacher tag=teacher_pop, student tag=student_narm
INFO    [05-05 16:53:31] _load_full_dataset_from_path in utils:
loading cache from /data01/wushiguang-slurm/Codes/soft-rec/Data/Cache/electronics-5-5.pkl
INFO    [05-05 16:53:32] _check_dataset_cache in utils:
check if the cache is generated under this configuration
INFO    [05-05 16:53:32] _check_dataset_cache in utils:
correct.
INFO    [05-05 16:53:32] __init__ in NextItemDataloader:
there are 29351 items in this dataset, 102187 users, padding_first? False
DEBUG   [05-05 16:53:44] generate_model in utils:
model_code_list=['pop']
INFO    [05-05 16:53:44] load_model_config in utils:
loading model pop's config file at asset/config/model/pop.json
INFO    [05-05 16:53:44] load_model_config in utils:
{}
WARNING [05-05 16:54:25] get_exist_path in utils:
dir ___el_soft_2022/pop_narm-T-1.0-al-0.5_05-05_16:53_t2/teacher_pop_logs does not exist! Create one.
WARNING [05-05 16:54:25] get_exist_path in utils:
dir ___el_soft_2022/pop_narm-T-1.0-al-0.5_05-05_16:53_t2/teacher_pop_logs/tb_vis does not exist! Create one.
WARNING [05-05 16:54:26] get_exist_path in utils:
dir ___el_soft_2022/pop_narm-T-1.0-al-0.5_05-05_16:53_t2/teacher_pop_logs/checkpoint does not exist! Create one.
WARNING [05-05 16:54:26] get_path in utils:
Path is None
WARNING [05-05 16:54:26] load_state_from_given_path in utils:
Not given any path.
DEBUG   [05-05 16:54:26] __init__ in DistillSched:
teacher model: 
POPModel(
  (fake_parameter): Linear(in_features=1, out_features=1, bias=False)
)
INFO    [05-05 16:54:26] assert_model_device in utils:
model teacher_pop has 3.814697265625e-06 MB params.
INFO    [05-05 16:54:26] __init__ in BasicTrainer:
454656 iter per epoch
DEBUG   [05-05 16:54:26] generate_model in utils:
model_code_list=['narm']
INFO    [05-05 16:54:26] load_model_config in utils:
loading model narm's config file at asset/config/model/narm.json
INFO    [05-05 16:54:26] load_model_config in utils:
{
    "embedding_size": 64,
    "hidden_size": 128,
    "n_layers": 1,
    "dropout_probs": [
        0.25,
        0.5
    ]
}
WARNING [05-05 16:55:07] get_exist_path in utils:
dir ___el_soft_2022/pop_narm-T-1.0-al-0.5_05-05_16:53_t2/student_narm_logs does not exist! Create one.
WARNING [05-05 16:55:07] get_exist_path in utils:
dir ___el_soft_2022/pop_narm-T-1.0-al-0.5_05-05_16:53_t2/student_narm_logs/tb_vis does not exist! Create one.
WARNING [05-05 16:55:07] get_exist_path in utils:
dir ___el_soft_2022/pop_narm-T-1.0-al-0.5_05-05_16:53_t2/student_narm_logs/checkpoint does not exist! Create one.
WARNING [05-05 16:55:07] get_path in utils:
Path is None
WARNING [05-05 16:55:07] load_state_from_given_path in utils:
Not given any path.
DEBUG   [05-05 16:55:07] __init__ in DistillSched:
student model: 
NARM(
  (item_embedding): Embedding(29352, 64, padding_idx=0)
  (emb_dropout): Dropout(p=0.25, inplace=False)
  (gru): GRU(64, 128, bias=False, batch_first=True)
  (a_1): Linear(in_features=128, out_features=128, bias=False)
  (a_2): Linear(in_features=128, out_features=128, bias=False)
  (v_t): Linear(in_features=128, out_features=1, bias=False)
  (ct_dropout): Dropout(p=0.5, inplace=False)
  (b): Linear(in_features=256, out_features=64, bias=False)
  (loss_fct): CrossEntropyLoss()
)
INFO    [05-05 16:55:07] assert_model_device in utils:
model student_narm has 7.63525390625 MB params.
INFO    [05-05 16:55:07] assert_model_device in utils:
model teacher_pop has 3.814697265625e-06 MB params.
INFO    [05-05 16:55:07] __init__ in DistillTrainer:
454656 iter per epoch
INFO    [05-05 16:55:07] _set_current_routine in Routine:
first routine: student
INFO    [05-05 16:55:07] run_routine in Routine:
Start routine student
INFO    [05-05 16:55:07] run_routine in Routine:
Start training
INFO    [05-05 16:55:07] train in DistillTrainer:
Test mentor model: teacher_pop
INFO    [05-05 16:55:40] test_mentor in DistillTrainer:
{'Recall@10': 0.04048062071204186, 'NDCG@10': 0.02167647883296013, 'MRR@10': 0.015917981527745723, 'Recall@5': 0.028058579713106154, 'NDCG@5': 0.017639418356120585, 'MRR@5': 0.014240672662854195, 'Recall*@10': 0.043127909898757935, 'NDCG*@10': 0.023359048739075662, 'MRR*@10': 0.017322874814271926, 'Recall*@5': 0.029491848796606063, 'NDCG*@5': 0.018924577198922633, 'MRR*@5': 0.015478770807385444}
INFO    [05-05 16:55:40] train in DistillTrainer:
result:
{'Recall@10': 0.04048062071204186, 'NDCG@10': 0.02167647883296013, 'MRR@10': 0.015917981527745723, 'Recall@5': 0.028058579713106154, 'NDCG@5': 0.017639418356120585, 'MRR@5': 0.014240672662854195, 'Recall*@10': 0.043127909898757935, 'NDCG*@10': 0.023359048739075662, 'MRR*@10': 0.017322874814271926, 'Recall*@5': 0.029491848796606063, 'NDCG*@5': 0.018924577198922633, 'MRR*@5': 0.015478770807385444}
INFO    [05-05 16:56:11] log in loggers:
Update Best NDCG@10 Model at 0
INFO    [05-05 16:56:11] validate in BasicTrainer:
{'Recall@10': 0.00046112712938338517, 'NDCG@10': 0.0001878673874307424, 'MRR@10': 0.0001083456721244147, 'Recall@5': 0.0002056138135958463, 'NDCG@5': 0.00010829133738297969, 'MRR@5': 7.732700178166851e-05, 'Recall*@10': 0.0004343977500684559, 'NDCG*@10': 0.00017877638310892507, 'MRR*@10': 0.00010495455870113802, 'Recall*@5': 0.00018039603368379174, 'NDCG*@5': 0.00010018079599831253, 'MRR*@5': 7.460956403519959e-05}
INFO    [05-05 16:56:11] train in BasicTrainer:
epoch: 0
DEBUG   [05-05 16:56:12] calculate_loss in loss:
soft_target max: 0.6800931692123413, argmax 1089957
DEBUG   [05-05 16:56:12] calculate_loss in loss:
pred max in softmax: 3.4140768548240885e-05, argmax 84041741
INFO    [05-05 16:56:33] _train_one_epoch in BasicTrainer:
loss = 7.746176676707225
INFO    [05-05 16:57:05] log in loggers:
Update Best NDCG@10 Model at 0
INFO    [05-05 16:57:05] validate in BasicTrainer:
{'Recall@10': 0.03541184887290001, 'NDCG@10': 0.019288971647620202, 'MRR@10': 0.014406251385807992, 'Recall@5': 0.022202542051672935, 'NDCG@5': 0.01501893799751997, 'MRR@5': 0.01264540795236826, 'Recall*@10': 0.03853307217359543, 'NDCG*@10': 0.021096434891223908, 'MRR*@10': 0.015830635242164135, 'Recall*@5': 0.023873475790023805, 'NDCG*@5': 0.01636025983840227, 'MRR*@5': 0.013879077099263669}
INFO    [05-05 16:57:05] train in BasicTrainer:
duration: 54.147196769714355s
INFO    [05-05 16:57:05] train in BasicTrainer:
epoch: 1
INFO    [05-05 16:57:26] _train_one_epoch in BasicTrainer:
loss = 7.030502663002358
INFO    [05-05 16:57:57] log in loggers:
Update Best NDCG@10 Model at 1
INFO    [05-05 16:57:58] validate in BasicTrainer:
{'Recall@10': 0.03649744033813476, 'NDCG@10': 0.019752895459532738, 'MRR@10': 0.014678954631090164, 'Recall@5': 0.02390015371143818, 'NDCG@5': 0.015716382786631584, 'MRR@5': 0.013034734725952148, 'Recall*@10': 0.03955377325415611, 'NDCG*@10': 0.02154696300625801, 'MRR*@10': 0.01610320009291172, 'Recall*@5': 0.025565968081355094, 'NDCG*@5': 0.017059038504958154, 'MRR*@5': 0.014271680042147636}
INFO    [05-05 16:57:58] train in BasicTrainer:
duration: 52.802371978759766s
INFO    [05-05 16:57:58] train in BasicTrainer:
epoch: 2
INFO    [05-05 16:58:20] _train_one_epoch in BasicTrainer:
loss = 6.968053035907917
INFO    [05-05 16:58:53] log in loggers:
Update Best NDCG@10 Model at 2
INFO    [05-05 16:58:53] validate in BasicTrainer:
{'Recall@10': 0.03753861233592033, 'NDCG@10': 0.02017153099179268, 'MRR@10': 0.0149097990244627, 'Recall@5': 0.024232720658183098, 'NDCG@5': 0.015900398194789885, 'MRR@5': 0.013165701292455196, 'Recall*@10': 0.04062034159898758, 'NDCG*@10': 0.021970864608883856, 'MRR*@10': 0.016334895491600037, 'Recall*@5': 0.025828468352556228, 'NDCG*@5': 0.0172188438847661, 'MRR*@5': 0.014392081685364246}
INFO    [05-05 16:58:53] train in BasicTrainer:
duration: 55.26134943962097s
INFO    [05-05 16:58:53] train in BasicTrainer:
epoch: 3
INFO    [05-05 16:59:16] _train_one_epoch in BasicTrainer:
loss = 6.929346080298896
INFO    [05-05 16:59:47] log in loggers:
Update Best NDCG@10 Model at 3
INFO    [05-05 16:59:47] validate in BasicTrainer:
{'Recall@10': 0.03920519679784775, 'NDCG@10': 0.020879164412617682, 'MRR@10': 0.015329412631690503, 'Recall@5': 0.025223334282636643, 'NDCG@5': 0.01639686934649944, 'MRR@5': 0.013502366729080678, 'Recall*@10': 0.04239190876483917, 'NDCG*@10': 0.02274034596979618, 'MRR*@10': 0.016799631640315057, 'Recall*@5': 0.027110361233353614, 'NDCG*@5': 0.017839317806065083, 'MRR*@5': 0.014800607077777386}
INFO    [05-05 16:59:47] train in BasicTrainer:
duration: 54.532400131225586s
INFO    [05-05 16:59:47] train in BasicTrainer:
epoch: 4
INFO    [05-05 17:00:10] _train_one_epoch in BasicTrainer:
loss = 6.867088515479286
INFO    [05-05 17:00:42] log in loggers:
Update Best NDCG@10 Model at 4
INFO    [05-05 17:00:43] validate in BasicTrainer:
{'Recall@10': 0.0402517257630825, 'NDCG@10': 0.021196794286370276, 'MRR@10': 0.015444105267524719, 'Recall@5': 0.02555590122938156, 'NDCG@5': 0.016488411501049995, 'MRR@5': 0.013526328392326831, 'Recall*@10': 0.04346242040395737, 'NDCG*@10': 0.023041286170482636, 'MRR*@10': 0.016886844597756863, 'Recall*@5': 0.027431257367134095, 'NDCG*@5': 0.017904265485703945, 'MRR*@5': 0.014794001057744026}
INFO    [05-05 17:00:43] train in BasicTrainer:
duration: 55.3626651763916s
INFO    [05-05 17:00:43] train in BasicTrainer:
epoch: 5
INFO    [05-05 17:01:06] _train_one_epoch in BasicTrainer:
loss = 6.810370050035082
INFO    [05-05 17:01:36] log in loggers:
Update Best NDCG@10 Model at 5
INFO    [05-05 17:01:37] validate in BasicTrainer:
{'Recall@10': 0.040493188053369523, 'NDCG@10': 0.021275423914194107, 'MRR@10': 0.015466400980949402, 'Recall@5': 0.0257522851228714, 'NDCG@5': 0.016538895815610886, 'MRR@5': 0.013529505766928195, 'Recall*@10': 0.04390399575233459, 'NDCG*@10': 0.02319339267909527, 'MRR*@10': 0.01694722715765238, 'Recall*@5': 0.02762428894639015, 'NDCG*@5': 0.017963931001722812, 'MRR*@5': 0.014809642843902111}
INFO    [05-05 17:01:37] train in BasicTrainer:
duration: 54.008898973464966s
INFO    [05-05 17:01:37] train in BasicTrainer:
epoch: 6
INFO    [05-05 17:01:58] _train_one_epoch in BasicTrainer:
loss = 6.771808774621637
INFO    [05-05 17:02:31] log in loggers:
Update Best NDCG@10 Model at 6
INFO    [05-05 17:02:31] validate in BasicTrainer:
{'Recall@10': 0.04074762985110283, 'NDCG@10': 0.0213968575745821, 'MRR@10': 0.015549956895411015, 'Recall@5': 0.025890610963106155, 'NDCG@5': 0.01662979707121849, 'MRR@5': 0.013604228794574737, 'Recall*@10': 0.04396616861224174, 'NDCG*@10': 0.023275920897722246, 'MRR*@10': 0.017033355571329595, 'Recall*@5': 0.02784252628684044, 'NDCG*@5': 0.018101631700992583, 'MRR*@5': 0.014921014830470085}
INFO    [05-05 17:02:31] train in BasicTrainer:
duration: 54.25785970687866s
INFO    [05-05 17:02:31] train in BasicTrainer:
epoch: 7
INFO    [05-05 17:02:54] _train_one_epoch in BasicTrainer:
loss = 6.740031177933152
INFO    [05-05 17:03:24] log in loggers:
Update Best NDCG@10 Model at 7
INFO    [05-05 17:03:25] validate in BasicTrainer:
{'Recall@10': 0.04254825472831726, 'NDCG@10': 0.022116418182849883, 'MRR@10': 0.01595314957201481, 'Recall@5': 0.02665995255112648, 'NDCG@5': 0.01702858828008175, 'MRR@5': 0.01388249546289444, 'Recall*@10': 0.04615693405270577, 'NDCG*@10': 0.02412826254963875, 'MRR*@10': 0.017497634813189507, 'Recall*@5': 0.028574172258377075, 'NDCG*@5': 0.018498513028025628, 'MRR*@5': 0.015206735134124755}
INFO    [05-05 17:03:25] train in BasicTrainer:
duration: 53.58504343032837s
INFO    [05-05 17:03:25] train in BasicTrainer:
epoch: 8
INFO    [05-05 17:03:46] _train_one_epoch in BasicTrainer:
loss = 6.706292960020873
INFO    [05-05 17:04:18] log in loggers:
Update Best NDCG@10 Model at 8
INFO    [05-05 17:04:18] validate in BasicTrainer:
{'Recall@10': 0.04322797536849975, 'NDCG@10': 0.022390333265066148, 'MRR@10': 0.01609750635921955, 'Recall@5': 0.027511704713106155, 'NDCG@5': 0.017359340712428093, 'MRR@5': 0.014050633944571018, 'Recall*@10': 0.04685279607772827, 'NDCG*@10': 0.024403573870658876, 'MRR*@10': 0.017637934498488904, 'Recall*@5': 0.02956391714513302, 'NDCG*@5': 0.018871187269687652, 'MRR*@5': 0.015388320572674275}
INFO    [05-05 17:04:18] train in BasicTrainer:
duration: 53.78016710281372s
INFO    [05-05 17:04:18] train in BasicTrainer:
epoch: 9
DEBUG   [05-05 17:04:20] calculate_loss in loss:
soft_target max: 0.6800931692123413, argmax 10130373
DEBUG   [05-05 17:04:20] calculate_loss in loss:
pred max in softmax: 0.5301178097724915, argmax 106786509
DEBUG   [05-05 17:04:20] calculate_loss in loss:
soft_target max: 0.6800931692123413, argmax 9279165
DEBUG   [05-05 17:04:20] calculate_loss in loss:
pred max in softmax: 0.5673113465309143, argmax 414861
INFO    [05-05 17:04:41] _train_one_epoch in BasicTrainer:
loss = 6.667298106459884
INFO    [05-05 17:05:11] log in loggers:
Update Best NDCG@10 Model at 9
INFO    [05-05 17:05:12] validate in BasicTrainer:
{'Recall@10': 0.04444051995873451, 'NDCG@10': 0.022957139164209366, 'MRR@10': 0.016464692503213883, 'Recall@5': 0.028100320622324943, 'NDCG@5': 0.017706684917211533, 'MRR@5': 0.014317533522844315, 'Recall*@10': 0.0479948316514492, 'NDCG*@10': 0.02495651684701443, 'MRR*@10': 0.018005552142858504, 'Recall*@5': 0.03008388414978981, 'NDCG*@5': 0.019196855202317238, 'MRR*@5': 0.01564743883907795}
INFO    [05-05 17:05:12] train in BasicTrainer:
duration: 53.24759602546692s
INFO    [05-05 17:05:12] train in BasicTrainer:
epoch: 10
INFO    [05-05 17:05:34] _train_one_epoch in BasicTrainer:
loss = 6.625164972769247
INFO    [05-05 17:06:06] log in loggers:
Update Best NDCG@10 Model at 10
INFO    [05-05 17:06:06] validate in BasicTrainer:
{'Recall@10': 0.04624823197722435, 'NDCG@10': 0.023581410348415374, 'MRR@10': 0.016734798327088355, 'Recall@5': 0.028784450069069864, 'NDCG@5': 0.017944832630455494, 'MRR@5': 0.014414741322398186, 'Recall*@10': 0.04990756258368492, 'NDCG*@10': 0.02562060475349426, 'MRR*@10': 0.018295535519719124, 'Recall*@5': 0.03084084704518318, 'NDCG*@5': 0.019462905041873455, 'MRR*@5': 0.01575874913483858}
INFO    [05-05 17:06:06] train in BasicTrainer:
duration: 54.526108503341675s
INFO    [05-05 17:06:06] train in BasicTrainer:
epoch: 11
INFO    [05-05 17:06:28] _train_one_epoch in BasicTrainer:
loss = 6.588228397541218
INFO    [05-05 17:06:59] log in loggers:
Update Best NDCG@10 Model at 11
INFO    [05-05 17:06:59] validate in BasicTrainer:
{'Recall@10': 0.047299582213163376, 'NDCG@10': 0.023921742141246795, 'MRR@10': 0.016881960332393645, 'Recall@5': 0.029014416337013245, 'NDCG@5': 0.018061614744365215, 'MRR@5': 0.014494182839989662, 'Recall*@10': 0.050995223224163055, 'NDCG*@10': 0.02596017353236675, 'MRR*@10': 0.01843221127986908, 'Recall*@5': 0.031037270575761795, 'NDCG*@5': 0.019558786936104296, 'MRR*@5': 0.015820940472185612}
INFO    [05-05 17:06:59] train in BasicTrainer:
duration: 53.252036333084106s
INFO    [05-05 17:06:59] train in BasicTrainer:
epoch: 12
INFO    [05-05 17:07:21] _train_one_epoch in BasicTrainer:
loss = 6.558404351139928
INFO    [05-05 17:07:54] log in loggers:
Update Best NDCG@10 Model at 12
INFO    [05-05 17:07:54] validate in BasicTrainer:
{'Recall@10': 0.04784806415438652, 'NDCG@10': 0.02422829009592533, 'MRR@10': 0.017097725123167037, 'Recall@5': 0.02981734037399292, 'NDCG@5': 0.01843146689236164, 'MRR@5': 0.014724759459495545, 'Recall*@10': 0.051585468947887424, 'NDCG*@10': 0.02630631476640701, 'MRR*@10': 0.018685550317168235, 'Recall*@5': 0.031942284032702446, 'NDCG*@5': 0.019989802241325377, 'MRR*@5': 0.016099089495837687}
INFO    [05-05 17:07:54] train in BasicTrainer:
duration: 54.39390420913696s
INFO    [05-05 17:07:54] train in BasicTrainer:
epoch: 13
INFO    [05-05 17:08:16] _train_one_epoch in BasicTrainer:
loss = 6.532499558216816
INFO    [05-05 17:08:47] log in loggers:
Update Best NDCG@10 Model at 13
INFO    [05-05 17:08:47] validate in BasicTrainer:
{'Recall@10': 0.0484041690826416, 'NDCG@10': 0.0245308605581522, 'MRR@10': 0.017313359305262566, 'Recall@5': 0.030203679800033568, 'NDCG@5': 0.018665982186794283, 'MRR@5': 0.014904506020247937, 'Recall*@10': 0.05229720115661621, 'NDCG*@10': 0.0266584100574255, 'MRR*@10': 0.01891971182078123, 'Recall*@5': 0.03244372338056564, 'NDCG*@5': 0.020264853052794934, 'MRR*@5': 0.01629593312740326}
INFO    [05-05 17:08:47] train in BasicTrainer:
duration: 53.52288770675659s
INFO    [05-05 17:08:47] train in BasicTrainer:
epoch: 14
INFO    [05-05 17:09:09] _train_one_epoch in BasicTrainer:
loss = 6.507982894107029
INFO    [05-05 17:09:41] log in loggers:
Update Best NDCG@10 Model at 14
INFO    [05-05 17:09:42] validate in BasicTrainer:
{'Recall@10': 0.04948213770985603, 'NDCG@10': 0.02501730613410473, 'MRR@10': 0.017626244984567167, 'Recall@5': 0.030834572464227675, 'NDCG@5': 0.01902360126376152, 'MRR@5': 0.015173530466854572, 'Recall*@10': 0.053394985049963, 'NDCG*@10': 0.027174832075834276, 'MRR*@10': 0.019261966496706008, 'Recall*@5': 0.033171590343117716, 'NDCG*@5': 0.02067546494305134, 'MRR*@5': 0.016602871641516685}
INFO    [05-05 17:09:42] train in BasicTrainer:
duration: 54.350831508636475s
INFO    [05-05 17:09:42] train in BasicTrainer:
epoch: 15
INFO    [05-05 17:10:04] _train_one_epoch in BasicTrainer:
loss = 6.484740759875323
INFO    [05-05 17:10:35] log in loggers:
Update Best NDCG@10 Model at 15
INFO    [05-05 17:10:35] validate in BasicTrainer:
{'Recall@10': 0.049775106459856035, 'NDCG@10': 0.02525706097483635, 'MRR@10': 0.01783769380301237, 'Recall@5': 0.03142265260219574, 'NDCG@5': 0.019345573373138903, 'MRR@5': 0.015411529578268529, 'Recall*@10': 0.053675703257322314, 'NDCG*@10': 0.027447482720017433, 'MRR*@10': 0.019515529423952103, 'Recall*@5': 0.033812730610370635, 'NDCG*@5': 0.021043152660131455, 'MRR*@5': 0.016883385889232157}
INFO    [05-05 17:10:35] train in BasicTrainer:
duration: 53.58587145805359s
INFO    [05-05 17:10:35] train in BasicTrainer:
epoch: 16
INFO    [05-05 17:10:59] _train_one_epoch in BasicTrainer:
loss = 6.462558273796563
INFO    [05-05 17:11:31] log in loggers:
Update Best NDCG@10 Model at 16
INFO    [05-05 17:11:31] validate in BasicTrainer:
{'Recall@10': 0.05093387842178345, 'NDCG@10': 0.025659335106611253, 'MRR@10': 0.018021285943686963, 'Recall@5': 0.03170960560441017, 'NDCG@5': 0.0194679170101881, 'MRR@5': 0.015480632744729519, 'Recall*@10': 0.05502797916531563, 'NDCG*@10': 0.02791517585515976, 'MRR*@10': 0.019728234857320785, 'Recall*@5': 0.03406699225306511, 'NDCG*@5': 0.021157919242978097, 'MRR*@5': 0.016951545663177966}
INFO    [05-05 17:11:31] train in BasicTrainer:
duration: 56.230000019073486s
INFO    [05-05 17:11:31] train in BasicTrainer:
epoch: 17
INFO    [05-05 17:11:53] _train_one_epoch in BasicTrainer:
loss = 6.441750844319661
INFO    [05-05 17:12:23] log in loggers:
Update Best NDCG@10 Model at 17
INFO    [05-05 17:12:24] validate in BasicTrainer:
{'Recall@10': 0.05128544092178345, 'NDCG@10': 0.025890090987086296, 'MRR@10': 0.018196849413216115, 'Recall@5': 0.0326449628174305, 'NDCG@5': 0.01988748423755169, 'MRR@5': 0.01573432669043541, 'Recall*@10': 0.05549396872520447, 'NDCG*@10': 0.02820542424917221, 'MRR*@10': 0.01994626097381115, 'Recall*@5': 0.03521934576332569, 'NDCG*@5': 0.021675466895103454, 'MRR*@5': 0.01726670954376459}
INFO    [05-05 17:12:24] train in BasicTrainer:
duration: 52.063915967941284s
INFO    [05-05 17:12:24] train in BasicTrainer:
epoch: 18
DEBUG   [05-05 17:12:25] calculate_loss in loss:
soft_target max: 0.6800931692123413, argmax 1207365
DEBUG   [05-05 17:12:25] calculate_loss in loss:
pred max in softmax: 0.5054290890693665, argmax 86797797
DEBUG   [05-05 17:12:26] calculate_loss in loss:
soft_target max: 0.6800931692123413, argmax 1295421
DEBUG   [05-05 17:12:26] calculate_loss in loss:
pred max in softmax: 0.4386387765407562, argmax 767085
INFO    [05-05 17:12:47] _train_one_epoch in BasicTrainer:
loss = 6.420849495105915
INFO    [05-05 17:13:19] log in loggers:
Update Best NDCG@10 Model at 18
INFO    [05-05 17:13:20] validate in BasicTrainer:
{'Recall@10': 0.05183553010225296, 'NDCG@10': 0.026079701632261275, 'MRR@10': 0.018286496326327326, 'Recall@5': 0.03276161462068558, 'NDCG@5': 0.019938288778066634, 'MRR@5': 0.015767164155840875, 'Recall*@10': 0.05609569579362869, 'NDCG*@10': 0.028413108959794046, 'MRR*@10': 0.020043434128165245, 'Recall*@5': 0.03548272624611855, 'NDCG*@5': 0.02178186520934105, 'MRR*@5': 0.017326503098011016}
INFO    [05-05 17:13:20] train in BasicTrainer:
duration: 56.179725885391235s
INFO    [05-05 17:13:20] train in BasicTrainer:
epoch: 19
INFO    [05-05 17:13:43] _train_one_epoch in BasicTrainer:
loss = 6.401303166741723
INFO    [05-05 17:14:13] log in loggers:
Update Best NDCG@10 Model at 19
INFO    [05-05 17:14:13] validate in BasicTrainer:
{'Recall@10': 0.05237263947725296, 'NDCG@10': 0.02637477286159992, 'MRR@10': 0.0185030597448349, 'Recall@5': 0.03301177114248276, 'NDCG@5': 0.020133789107203485, 'MRR@5': 0.015938734486699104, 'Recall*@10': 0.05661858156323433, 'NDCG*@10': 0.02871024817228317, 'MRR*@10': 0.02026770256459713, 'Recall*@5': 0.035549831986427305, 'NDCG*@5': 0.02191943123936653, 'MRR*@5': 0.017477827221155165}
INFO    [05-05 17:14:13] train in BasicTrainer:
duration: 53.71299648284912s
INFO    [05-05 17:14:13] train in BasicTrainer:
epoch: 20
INFO    [05-05 17:14:36] _train_one_epoch in BasicTrainer:
loss = 6.382836805807577
INFO    [05-05 17:15:08] log in loggers:
Update Best NDCG@10 Model at 20
INFO    [05-05 17:15:08] validate in BasicTrainer:
{'Recall@10': 0.0526998496055603, 'NDCG@10': 0.026590538918972017, 'MRR@10': 0.018682900927960874, 'Recall@5': 0.03351196065545082, 'NDCG@5': 0.020410933941602708, 'MRR@5': 0.016147155910730362, 'Recall*@10': 0.05695867136120796, 'NDCG*@10': 0.0289312581717968, 'MRR*@10': 0.020448841527104376, 'Recall*@5': 0.036130789890885355, 'NDCG*@5': 0.022221136838197708, 'MRR*@5': 0.017693942226469517}
INFO    [05-05 17:15:08] train in BasicTrainer:
duration: 54.85208463668823s
INFO    [05-05 17:15:08] train in BasicTrainer:
epoch: 21
INFO    [05-05 17:15:31] _train_one_epoch in BasicTrainer:
loss = 6.3656745773177965
INFO    [05-05 17:16:02] validate in BasicTrainer:
{'Recall@10': 0.05244582012295723, 'NDCG@10': 0.02640704616904259, 'MRR@10': 0.01852631390094757, 'Recall@5': 0.03325150296092033, 'NDCG@5': 0.02023411951959133, 'MRR@5': 0.01599851381033659, 'Recall*@10': 0.056741788238286975, 'NDCG*@10': 0.0287644824385643, 'MRR*@10': 0.020305356495082378, 'Recall*@5': 0.03580804415047169, 'NDCG*@5': 0.022029951214790344, 'MRR*@5': 0.01754614446312189}
INFO    [05-05 17:16:02] train in BasicTrainer:
duration: 53.58009600639343s
INFO    [05-05 17:16:02] train in BasicTrainer:
epoch: 22
INFO    [05-05 17:16:24] _train_one_epoch in BasicTrainer:
loss = 6.347124593751925
INFO    [05-05 17:16:56] log in loggers:
Update Best NDCG@10 Model at 22
INFO    [05-05 17:16:56] validate in BasicTrainer:
{'Recall@10': 0.052848476618528366, 'NDCG@10': 0.026690653711557388, 'MRR@10': 0.01876000575721264, 'Recall@5': 0.03407395824790001, 'NDCG@5': 0.020658483877778053, 'MRR@5': 0.016293206848204136, 'Recall*@10': 0.057163824439048765, 'NDCG*@10': 0.02906152069568634, 'MRR*@10': 0.020548029094934462, 'Recall*@5': 0.03674905434250832, 'NDCG*@5': 0.022502764761447906, 'MRR*@5': 0.01786599073559046}
INFO    [05-05 17:16:56] train in BasicTrainer:
duration: 54.356547832489014s
INFO    [05-05 17:16:56] train in BasicTrainer:
epoch: 23
INFO    [05-05 17:17:17] _train_one_epoch in BasicTrainer:
loss = 6.331548020646379
INFO    [05-05 17:17:48] log in loggers:
Update Best NDCG@10 Model at 23
INFO    [05-05 17:17:48] validate in BasicTrainer:
{'Recall@10': 0.053166333585977554, 'NDCG@10': 0.02683975674211979, 'MRR@10': 0.018863586597144603, 'Recall@5': 0.03391288697719574, 'NDCG@5': 0.020644511356949807, 'MRR@5': 0.016324927993118764, 'Recall*@10': 0.05746125340461731, 'NDCG*@10': 0.029246639534831045, 'MRR*@10': 0.0207021451741457, 'Recall*@5': 0.03662484116852283, 'NDCG*@5': 0.022541935443878173, 'MRR*@5': 0.017954682298004628}
INFO    [05-05 17:17:48] train in BasicTrainer:
duration: 52.18116593360901s
INFO    [05-05 17:17:48] train in BasicTrainer:
epoch: 24
INFO    [05-05 17:18:10] _train_one_epoch in BasicTrainer:
loss = 6.314144151704806
INFO    [05-05 17:18:43] log in loggers:
Update Best NDCG@10 Model at 24
INFO    [05-05 17:18:43] validate in BasicTrainer:
{'Recall@10': 0.053770730942487716, 'NDCG@10': 0.027062411457300185, 'MRR@10': 0.018970222510397435, 'Recall@5': 0.03435234010219574, 'NDCG@5': 0.020818088352680206, 'MRR@5': 0.016413410119712354, 'Recall*@10': 0.058165581822395326, 'NDCG*@10': 0.029477599635720254, 'MRR*@10': 0.020792421102523804, 'Recall*@5': 0.036946198865771294, 'NDCG*@5': 0.022651950865983962, 'MRR*@5': 0.017996261715888976}
INFO    [05-05 17:18:43] train in BasicTrainer:
duration: 54.77167725563049s
INFO    [05-05 17:18:43] train in BasicTrainer:
epoch: 25
INFO    [05-05 17:19:06] _train_one_epoch in BasicTrainer:
loss = 6.297167073498975
INFO    [05-05 17:19:37] log in loggers:
Update Best NDCG@10 Model at 25
INFO    [05-05 17:19:37] validate in BasicTrainer:
{'Recall@10': 0.054098353385925294, 'NDCG@10': 0.0273565986007452, 'MRR@10': 0.01924116738140583, 'Recall@5': 0.034837284088134766, 'NDCG@5': 0.02114650085568428, 'MRR@5': 0.01668880704790354, 'Recall*@10': 0.05841477155685425, 'NDCG*@10': 0.029755781814455987, 'MRR*@10': 0.0210681577026844, 'Recall*@5': 0.03740937441587448, 'NDCG*@5': 0.022985777109861372, 'MRR*@5': 0.01828713234513998}
INFO    [05-05 17:19:37] train in BasicTrainer:
duration: 54.1512131690979s
INFO    [05-05 17:19:37] train in BasicTrainer:
epoch: 26
INFO    [05-05 17:20:00] _train_one_epoch in BasicTrainer:
loss = 6.27874113203169
INFO    [05-05 17:20:33] log in loggers:
Update Best NDCG@10 Model at 26
INFO    [05-05 17:20:33] validate in BasicTrainer:
{'Recall@10': 0.05441740497946739, 'NDCG@10': 0.02742366410791874, 'MRR@10': 0.019237633012235165, 'Recall@5': 0.03487420380115509, 'NDCG@5': 0.021129762679338457, 'MRR@5': 0.016655046083033084, 'Recall*@10': 0.05880672097206116, 'NDCG*@10': 0.02984918400645256, 'MRR*@10': 0.02107363976538181, 'Recall*@5': 0.03754006437957287, 'NDCG*@5': 0.022995222732424735, 'MRR*@5': 0.018258315920829774}
INFO    [05-05 17:20:33] train in BasicTrainer:
duration: 55.78108549118042s
INFO    [05-05 17:20:33] train in BasicTrainer:
epoch: 27
DEBUG   [05-05 17:20:35] calculate_loss in loss:
soft_target max: 0.6800931692123413, argmax 6696189
DEBUG   [05-05 17:20:35] calculate_loss in loss:
pred max in softmax: 0.6112579107284546, argmax 114450689
DEBUG   [05-05 17:20:35] calculate_loss in loss:
soft_target max: 0.6800931692123413, argmax 12419829
DEBUG   [05-05 17:20:35] calculate_loss in loss:
pred max in softmax: 0.5036637783050537, argmax 107520309
INFO    [05-05 17:20:56] _train_one_epoch in BasicTrainer:
loss = 6.263461985029616
INFO    [05-05 17:21:26] log in loggers:
Update Best NDCG@10 Model at 27
INFO    [05-05 17:21:27] validate in BasicTrainer:
{'Recall@10': 0.054946891367435455, 'NDCG@10': 0.02765090100467205, 'MRR@10': 0.01937821988016367, 'Recall@5': 0.03523981735110283, 'NDCG@5': 0.021306372955441476, 'MRR@5': 0.01677647963166237, 'Recall*@10': 0.05945677801966667, 'NDCG*@10': 0.030145260989665985, 'MRR*@10': 0.02126903586089611, 'Recall*@5': 0.03803802028298378, 'NDCG*@5': 0.02325642094016075, 'MRR*@5': 0.01844792742282152}
INFO    [05-05 17:21:27] train in BasicTrainer:
duration: 53.62184000015259s
INFO    [05-05 17:21:27] train in BasicTrainer:
epoch: 28
INFO    [05-05 17:21:50] _train_one_epoch in BasicTrainer:
loss = 6.245851100028098
INFO    [05-05 17:22:22] log in loggers:
Update Best NDCG@10 Model at 28
INFO    [05-05 17:22:22] validate in BasicTrainer:
{'Recall@10': 0.05539718151092529, 'NDCG@10': 0.02774917334318161, 'MRR@10': 0.019383786506950856, 'Recall@5': 0.03484544262290001, 'NDCG@5': 0.021133131310343743, 'MRR@5': 0.01667054809629917, 'Recall*@10': 0.05982847109436989, 'NDCG*@10': 0.03020478717982769, 'MRR*@10': 0.021247871816158295, 'Recall*@5': 0.03742756500840187, 'NDCG*@5': 0.02298685669898987, 'MRR*@5': 0.01828383207321167}
INFO    [05-05 17:22:22] train in BasicTrainer:
duration: 55.56857776641846s
INFO    [05-05 17:22:22] train in BasicTrainer:
epoch: 29
INFO    [05-05 17:22:45] _train_one_epoch in BasicTrainer:
loss = 6.228143717791583
INFO    [05-05 17:23:16] log in loggers:
Update Best NDCG@10 Model at 29
INFO    [05-05 17:23:16] validate in BasicTrainer:
{'Recall@10': 0.055621790885925296, 'NDCG@10': 0.02799376644194126, 'MRR@10': 0.019617497362196444, 'Recall@5': 0.03542322158813477, 'NDCG@5': 0.021488830521702765, 'MRR@5': 0.016948300376534463, 'Recall*@10': 0.060177299827337265, 'NDCG*@10': 0.030491012036800384, 'MRR*@10': 0.02150022141635418, 'Recall*@5': 0.03816505871713161, 'NDCG*@5': 0.023407842293381692, 'MRR*@5': 0.018597102798521517}
INFO    [05-05 17:23:16] train in BasicTrainer:
duration: 53.498130559921265s
INFO    [05-05 17:23:16] train in BasicTrainer:
epoch: 30
INFO    [05-05 17:23:38] _train_one_epoch in BasicTrainer:
loss = 6.209778880213832
INFO    [05-05 17:24:10] log in loggers:
Update Best NDCG@10 Model at 30
INFO    [05-05 17:24:10] validate in BasicTrainer:
{'Recall@10': 0.05636064112186432, 'NDCG@10': 0.028142276853322983, 'MRR@10': 0.019605192504823208, 'Recall@5': 0.035316871106624605, 'NDCG@5': 0.021372965723276138, 'MRR@5': 0.0168322641402483, 'Recall*@10': 0.061024255752563476, 'NDCG*@10': 0.03065337210893631, 'MRR*@10': 0.021476573422551156, 'Recall*@5': 0.03793839417397976, 'NDCG*@5': 0.02322758488357067, 'MRR*@5': 0.018434947654604912}
INFO    [05-05 17:24:10] train in BasicTrainer:
duration: 54.30543661117554s
INFO    [05-05 17:24:10] train in BasicTrainer:
epoch: 31
INFO    [05-05 17:24:34] _train_one_epoch in BasicTrainer:
loss = 6.192482870978278
INFO    [05-05 17:25:05] log in loggers:
Update Best NDCG@10 Model at 31
INFO    [05-05 17:25:05] validate in BasicTrainer:
{'Recall@10': 0.05664384424686432, 'NDCG@10': 0.028359606713056564, 'MRR@10': 0.019788711443543435, 'Recall@5': 0.03590120151638985, 'NDCG@5': 0.02168315939605236, 'MRR@5': 0.01705170400440693, 'Recall*@10': 0.06120594531297684, 'NDCG*@10': 0.030860998183488846, 'MRR*@10': 0.021672986969351767, 'Recall*@5': 0.03869214341044426, 'NDCG*@5': 0.02361719936132431, 'MRR*@5': 0.018704850450158118}
INFO    [05-05 17:25:05] train in BasicTrainer:
duration: 55.37090349197388s
INFO    [05-05 17:25:05] train in BasicTrainer:
epoch: 32
INFO    [05-05 17:25:28] _train_one_epoch in BasicTrainer:
loss = 6.174711923341493
INFO    [05-05 17:26:00] log in loggers:
Update Best NDCG@10 Model at 32
INFO    [05-05 17:26:00] validate in BasicTrainer:
{'Recall@10': 0.05677133291959763, 'NDCG@10': 0.02846694886684418, 'MRR@10': 0.01989001378417015, 'Recall@5': 0.03598855644464493, 'NDCG@5': 0.02177484132349491, 'MRR@5': 0.017144704908132552, 'Recall*@10': 0.061349694728851316, 'NDCG*@10': 0.0309845183044672, 'MRR*@10': 0.02179126240313053, 'Recall*@5': 0.03869253292679787, 'NDCG*@5': 0.023693079501390456, 'MRR*@5': 0.01880248785018921}
INFO    [05-05 17:26:00] train in BasicTrainer:
duration: 54.6734824180603s
INFO    [05-05 17:26:00] train in BasicTrainer:
epoch: 33
INFO    [05-05 17:26:22] _train_one_epoch in BasicTrainer:
loss = 6.158011376320779
INFO    [05-05 17:26:53] log in loggers:
Update Best NDCG@10 Model at 33
INFO    [05-05 17:26:54] validate in BasicTrainer:
{'Recall@10': 0.056827248334884645, 'NDCG@10': 0.028510641679167746, 'MRR@10': 0.01993211902678013, 'Recall@5': 0.035884884297847745, 'NDCG@5': 0.0217731773853302, 'MRR@5': 0.01717196762561798, 'Recall*@10': 0.061309141516685484, 'NDCG*@10': 0.031002920493483542, 'MRR*@10': 0.021822753995656967, 'Recall*@5': 0.03871037453413009, 'NDCG*@5': 0.02372849591076374, 'MRR*@5': 0.01884023431688547}
INFO    [05-05 17:26:54] train in BasicTrainer:
duration: 53.44819688796997s
INFO    [05-05 17:26:54] train in BasicTrainer:
epoch: 34
INFO    [05-05 17:27:15] _train_one_epoch in BasicTrainer:
loss = 6.13963609557968
INFO    [05-05 17:27:46] log in loggers:
Update Best NDCG@10 Model at 34
INFO    [05-05 17:27:47] validate in BasicTrainer:
{'Recall@10': 0.0572910538315773, 'NDCG@10': 0.028774250000715255, 'MRR@10': 0.02012517236173153, 'Recall@5': 0.03663737311959267, 'NDCG@5': 0.02212476186454296, 'MRR@5': 0.017398177571594717, 'Recall*@10': 0.061822833716869356, 'NDCG*@10': 0.03127519130706787, 'MRR*@10': 0.022013350278139113, 'Recall*@5': 0.03955024868249893, 'NDCG*@5': 0.024106265753507616, 'MRR*@5': 0.019074369817972184}
INFO    [05-05 17:27:47] train in BasicTrainer:
duration: 53.121073722839355s
INFO    [05-05 17:27:47] train in BasicTrainer:
epoch: 35
INFO    [05-05 17:28:09] _train_one_epoch in BasicTrainer:
loss = 6.123044048343693
INFO    [05-05 17:28:40] log in loggers:
Update Best NDCG@10 Model at 35
INFO    [05-05 17:28:41] validate in BasicTrainer:
{'Recall@10': 0.057355127781629565, 'NDCG@10': 0.028779661282896996, 'MRR@10': 0.020115326941013336, 'Recall@5': 0.03651041999459267, 'NDCG@5': 0.02206640109419823, 'MRR@5': 0.017360642738640308, 'Recall*@10': 0.06196247115731239, 'NDCG*@10': 0.03131693497300148, 'MRR*@10': 0.022027478739619254, 'Recall*@5': 0.039406488314270974, 'NDCG*@5': 0.02404737114906311, 'MRR*@5': 0.019041542299091815}
INFO    [05-05 17:28:41] train in BasicTrainer:
duration: 53.849374532699585s
INFO    [05-05 17:28:41] train in BasicTrainer:
epoch: 36
DEBUG   [05-05 17:28:43] calculate_loss in loss:
soft_target max: 0.6800931692123413, argmax 15120213
DEBUG   [05-05 17:28:43] calculate_loss in loss:
pred max in softmax: 0.7064549326896667, argmax 32379189
DEBUG   [05-05 17:28:44] calculate_loss in loss:
soft_target max: 0.6800931692123413, argmax 4964421
DEBUG   [05-05 17:28:44] calculate_loss in loss:
pred max in softmax: 0.8503598570823669, argmax 86129020
INFO    [05-05 17:29:04] _train_one_epoch in BasicTrainer:
loss = 6.106685462298694
INFO    [05-05 17:29:36] validate in BasicTrainer:
{'Recall@10': 0.05694711416959763, 'NDCG@10': 0.028773759230971335, 'MRR@10': 0.020220068097114564, 'Recall@5': 0.036735029369592664, 'NDCG@5': 0.022256474643945694, 'MRR@5': 0.017541128285229204, 'Recall*@10': 0.06143490612506866, 'NDCG*@10': 0.031250807270407674, 'MRR*@10': 0.022092601656913756, 'Recall*@5': 0.039500381499528885, 'NDCG*@5': 0.024177404195070265, 'MRR*@5': 0.019184666275978087}
INFO    [05-05 17:29:36] train in BasicTrainer:
duration: 55.261075496673584s
INFO    [05-05 17:29:36] train in BasicTrainer:
epoch: 37
INFO    [05-05 17:29:58] _train_one_epoch in BasicTrainer:
loss = 6.090718136177407
INFO    [05-05 17:30:29] log in loggers:
Update Best NDCG@10 Model at 37
INFO    [05-05 17:30:29] validate in BasicTrainer:
{'Recall@10': 0.05810708090662956, 'NDCG@10': 0.029226350635290145, 'MRR@10': 0.020467201843857766, 'Recall@5': 0.03738986194133759, 'NDCG@5': 0.02257435992360115, 'MRR@5': 0.017749216817319394, 'Recall*@10': 0.06265085026621818, 'NDCG*@10': 0.031765888184309005, 'MRR*@10': 0.022399572879076003, 'Recall*@5': 0.040323227047920226, 'NDCG*@5': 0.024592987671494485, 'MRR*@5': 0.01946648698300123}
INFO    [05-05 17:30:29] train in BasicTrainer:
duration: 53.652101039886475s
INFO    [05-05 17:30:29] train in BasicTrainer:
epoch: 38
INFO    [05-05 17:30:53] _train_one_epoch in BasicTrainer:
loss = 6.075205132767961
INFO    [05-05 17:31:26] log in loggers:
Update Best NDCG@10 Model at 38
INFO    [05-05 17:31:26] validate in BasicTrainer:
{'Recall@10': 0.05816781729459763, 'NDCG@10': 0.029470228031277655, 'MRR@10': 0.020754743069410324, 'Recall@5': 0.037493534088134765, 'NDCG@5': 0.022809457927942277, 'MRR@5': 0.0180203016474843, 'Recall*@10': 0.0627330356836319, 'NDCG*@10': 0.03201150827109814, 'MRR*@10': 0.02268629051744938, 'Recall*@5': 0.040449923127889635, 'NDCG*@5': 0.024839702025055886, 'MRR*@5': 0.019746345281600953}
INFO    [05-05 17:31:26] train in BasicTrainer:
duration: 56.621131896972656s
INFO    [05-05 17:31:26] train in BasicTrainer:
epoch: 39
INFO    [05-05 17:31:50] _train_one_epoch in BasicTrainer:
loss = 6.058566750706853
INFO    [05-05 17:32:22] validate in BasicTrainer:
{'Recall@10': 0.05849276155233383, 'NDCG@10': 0.02940348573029041, 'MRR@10': 0.020584716498851775, 'Recall@5': 0.03707575485110283, 'NDCG@5': 0.022518065646290778, 'MRR@5': 0.01776638738811016, 'Recall*@10': 0.0630782924592495, 'NDCG*@10': 0.03192242540419102, 'MRR*@10': 0.02248299017548561, 'Recall*@5': 0.03995192989706993, 'NDCG*@5': 0.024491423293948173, 'MRR*@5': 0.019443682059645653}
INFO    [05-05 17:32:22] train in BasicTrainer:
duration: 55.77960729598999s
INFO    [05-05 17:32:22] train in BasicTrainer:
epoch: 40
INFO    [05-05 17:32:45] _train_one_epoch in BasicTrainer:
loss = 6.042856358193062
INFO    [05-05 17:33:16] log in loggers:
Update Best NDCG@10 Model at 40
INFO    [05-05 17:33:16] validate in BasicTrainer:
{'Recall@10': 0.05896913439035416, 'NDCG@10': 0.029760647341609003, 'MRR@10': 0.020896673277020453, 'Recall@5': 0.037819013744592664, 'NDCG@5': 0.02294943206012249, 'MRR@5': 0.018102376386523247, 'Recall*@10': 0.06343759521842003, 'NDCG*@10': 0.03230502493679523, 'MRR*@10': 0.02285514310002327, 'Recall*@5': 0.040840368419885635, 'NDCG*@5': 0.025026898384094238, 'MRR*@5': 0.019868813864886762}
INFO    [05-05 17:33:16] train in BasicTrainer:
duration: 54.40795350074768s
INFO    [05-05 17:33:16] train in BasicTrainer:
epoch: 41
INFO    [05-05 17:33:38] _train_one_epoch in BasicTrainer:
loss = 6.029217823131664
INFO    [05-05 17:34:10] log in loggers:
Update Best NDCG@10 Model at 41
INFO    [05-05 17:34:10] validate in BasicTrainer:
{'Recall@10': 0.05905113235116005, 'NDCG@10': 0.029829933792352676, 'MRR@10': 0.020957461073994637, 'Recall@5': 0.037877607494592666, 'NDCG@5': 0.0230041728913784, 'MRR@5': 0.0181529276072979, 'Recall*@10': 0.06362002372741699, 'NDCG*@10': 0.03237542986869812, 'MRR*@10': 0.02289580211043358, 'Recall*@5': 0.040741899758577345, 'NDCG*@5': 0.025003292486071586, 'MRR*@5': 0.019868568368256092}
INFO    [05-05 17:34:10] train in BasicTrainer:
duration: 53.58994817733765s
INFO    [05-05 17:34:10] train in BasicTrainer:
epoch: 42
INFO    [05-05 17:34:35] _train_one_epoch in BasicTrainer:
loss = 6.0143973247424976
INFO    [05-05 17:35:08] log in loggers:
Update Best NDCG@10 Model at 42
INFO    [05-05 17:35:08] validate in BasicTrainer:
{'Recall@10': 0.05902987092733383, 'NDCG@10': 0.02999900296330452, 'MRR@10': 0.021184954941272736, 'Recall@5': 0.03802302047610283, 'NDCG@5': 0.023234660252928734, 'MRR@5': 0.018409676514565945, 'Recall*@10': 0.06339259460568428, 'NDCG*@10': 0.032531163543462756, 'MRR*@10': 0.02316126734018326, 'Recall*@5': 0.04100390553474426, 'NDCG*@5': 0.025325717329978945, 'MRR*@5': 0.02020729221403599}
INFO    [05-05 17:35:08] train in BasicTrainer:
duration: 58.19167423248291s
INFO    [05-05 17:35:08] train in BasicTrainer:
epoch: 43
INFO    [05-05 17:35:30] _train_one_epoch in BasicTrainer:
loss = 6.000587308729017
INFO    [05-05 17:36:01] validate in BasicTrainer:
{'Recall@10': 0.059125384390354155, 'NDCG@10': 0.029981663897633553, 'MRR@10': 0.02113112136721611, 'Recall@5': 0.03812442660331726, 'NDCG@5': 0.02321376822888851, 'MRR@5': 0.018351630419492723, 'Recall*@10': 0.06360375627875328, 'NDCG*@10': 0.032536715641617774, 'MRR*@10': 0.023095785677433013, 'Recall*@5': 0.04132322624325752, 'NDCG*@5': 0.025354809984564783, 'MRR*@5': 0.020145301409065723}
INFO    [05-05 17:36:01] train in BasicTrainer:
duration: 52.892393827438354s
INFO    [05-05 17:36:01] train in BasicTrainer:
epoch: 44
INFO    [05-05 17:36:24] _train_one_epoch in BasicTrainer:
loss = 5.986367229942803
INFO    [05-05 17:36:57] log in loggers:
Update Best NDCG@10 Model at 44
INFO    [05-05 17:36:57] validate in BasicTrainer:
{'Recall@10': 0.059526846408843995, 'NDCG@10': 0.03026041492819786, 'MRR@10': 0.02136422261595726, 'Recall@5': 0.03877497360110283, 'NDCG@5': 0.02358576461672783, 'MRR@5': 0.018630347661674023, 'Recall*@10': 0.06390367209911346, 'NDCG*@10': 0.03278876096010208, 'MRR*@10': 0.023330436870455742, 'Recall*@5': 0.041702643036842346, 'NDCG*@5': 0.02565285935997963, 'MRR*@5': 0.020410350002348424}
INFO    [05-05 17:36:57] train in BasicTrainer:
duration: 56.13757085800171s
INFO    [05-05 17:36:57] train in BasicTrainer:
epoch: 45
DEBUG   [05-05 17:36:59] calculate_loss in loss:
soft_target max: 0.6800931692123413, argmax 1207365
DEBUG   [05-05 17:36:59] calculate_loss in loss:
pred max in softmax: 0.7185285091400146, argmax 11920845
DEBUG   [05-05 17:36:59] calculate_loss in loss:
soft_target max: 0.6800931692123413, argmax 6872301
DEBUG   [05-05 17:36:59] calculate_loss in loss:
pred max in softmax: 0.6547520756721497, argmax 104759902
INFO    [05-05 17:37:20] _train_one_epoch in BasicTrainer:
loss = 5.9716972488540785
INFO    [05-05 17:37:52] log in loggers:
Update Best NDCG@10 Model at 45
INFO    [05-05 17:37:52] validate in BasicTrainer:
{'Recall@10': 0.059679758846759794, 'NDCG@10': 0.03065988205373287, 'MRR@10': 0.021833192855119705, 'Recall@5': 0.038760263621807095, 'NDCG@5': 0.023891289755702018, 'MRR@5': 0.019037617184221745, 'Recall*@10': 0.06401812255382539, 'NDCG*@10': 0.03314011685550213, 'MRR*@10': 0.023748608753085137, 'Recall*@5': 0.04156071051955223, 'NDCG*@5': 0.025876917764544486, 'MRR*@5': 0.020750499442219735}
INFO    [05-05 17:37:52] train in BasicTrainer:
duration: 55.26801013946533s
INFO    [05-05 17:37:52] train in BasicTrainer:
epoch: 46
INFO    [05-05 17:38:16] _train_one_epoch in BasicTrainer:
loss = 5.959227007788581
INFO    [05-05 17:38:46] validate in BasicTrainer:
{'Recall@10': 0.059588654339313506, 'NDCG@10': 0.030515637546777725, 'MRR@10': 0.02167714051902294, 'Recall@5': 0.0387185226380825, 'NDCG@5': 0.02378059387207031, 'MRR@5': 0.01890535492449999, 'Recall*@10': 0.06408470615744591, 'NDCG*@10': 0.03307257696986198, 'MRR*@10': 0.02364699825644493, 'Recall*@5': 0.04167897447943687, 'NDCG*@5': 0.02584630757570267, 'MRR*@5': 0.020675542131066323}
INFO    [05-05 17:38:46] train in BasicTrainer:
duration: 54.05982732772827s
INFO    [05-05 17:38:46] train in BasicTrainer:
epoch: 47
INFO    [05-05 17:39:09] _train_one_epoch in BasicTrainer:
loss = 5.947738840773299
INFO    [05-05 17:39:41] validate in BasicTrainer:
{'Recall@10': 0.06007747113704681, 'NDCG@10': 0.03044332779943943, 'MRR@10': 0.02145605504512787, 'Recall@5': 0.03846568778157234, 'NDCG@5': 0.023490346893668176, 'MRR@5': 0.018607499748468398, 'Recall*@10': 0.06454571470618248, 'NDCG*@10': 0.03297165036201477, 'MRR*@10': 0.023397952914237977, 'Recall*@5': 0.04136906906962395, 'NDCG*@5': 0.025521127209067344, 'MRR*@5': 0.020348971337080003}
INFO    [05-05 17:39:41] train in BasicTrainer:
duration: 54.82731246948242s
INFO    [05-05 17:39:41] train in BasicTrainer:
epoch: 48
INFO    [05-05 17:40:03] _train_one_epoch in BasicTrainer:
loss = 5.934260540180378
INFO    [05-05 17:40:34] log in loggers:
Update Best NDCG@10 Model at 48
INFO    [05-05 17:40:34] validate in BasicTrainer:
{'Recall@10': 0.0605293682217598, 'NDCG@10': 0.030790052711963653, 'MRR@10': 0.021757759526371954, 'Recall@5': 0.0393227967619896, 'NDCG@5': 0.02396348722279072, 'MRR@5': 0.01895825710147619, 'Recall*@10': 0.06482544541358948, 'NDCG*@10': 0.033287011682987214, 'MRR*@10': 0.023702406510710716, 'Recall*@5': 0.04242304921150208, 'NDCG*@5': 0.026073088049888612, 'MRR*@5': 0.020742508098483086}
INFO    [05-05 17:40:34] train in BasicTrainer:
duration: 53.020973443984985s
INFO    [05-05 17:40:34] train in BasicTrainer:
epoch: 49
INFO    [05-05 17:40:56] _train_one_epoch in BasicTrainer:
loss = 5.920812851673848
INFO    [05-05 17:41:28] log in loggers:
Update Best NDCG@10 Model at 49
INFO    [05-05 17:41:28] validate in BasicTrainer:
{'Recall@10': 0.06017566323280334, 'NDCG@10': 0.030871069282293318, 'MRR@10': 0.02196219630539417, 'Recall@5': 0.03946446001529694, 'NDCG@5': 0.02420279137790203, 'MRR@5': 0.019227379113435746, 'Recall*@10': 0.06456856220960618, 'NDCG*@10': 0.03341008111834526, 'MRR*@10': 0.02393385484814644, 'Recall*@5': 0.042563343048095705, 'NDCG*@5': 0.02632799223065376, 'MRR*@5': 0.02103101968765259}
INFO    [05-05 17:41:28] train in BasicTrainer:
duration: 54.19755268096924s
INFO    [05-05 17:41:28] train in BasicTrainer:
epoch: 50
INFO    [05-05 17:41:52] _train_one_epoch in BasicTrainer:
loss = 5.908773954924162
INFO    [05-05 17:42:23] validate in BasicTrainer:
{'Recall@10': 0.060115998089313505, 'NDCG@10': 0.030717928409576416, 'MRR@10': 0.02178209476172924, 'Recall@5': 0.03945630148053169, 'NDCG@5': 0.02408206827938557, 'MRR@5': 0.019069437235593796, 'Recall*@10': 0.06463808164000512, 'NDCG*@10': 0.03329734697937965, 'MRR*@10': 0.02377385400235653, 'Recall*@5': 0.04235884800553322, 'NDCG*@5': 0.026141124069690703, 'MRR*@5': 0.020848289653658866}
INFO    [05-05 17:42:23] train in BasicTrainer:
duration: 54.52193522453308s
INFO    [05-05 17:42:23] train in BasicTrainer:
epoch: 51
INFO    [05-05 17:42:45] _train_one_epoch in BasicTrainer:
loss = 5.896805797611271
INFO    [05-05 17:43:17] log in loggers:
Update Best NDCG@10 Model at 51
INFO    [05-05 17:43:18] validate in BasicTrainer:
{'Recall@10': 0.060807091295719144, 'NDCG@10': 0.031207829862833023, 'MRR@10': 0.022203545644879343, 'Recall@5': 0.039786725640296935, 'NDCG@5': 0.02444283738732338, 'MRR@5': 0.019430592954158783, 'Recall*@10': 0.06494452431797981, 'NDCG*@10': 0.0336654082685709, 'MRR*@10': 0.02414556123316288, 'Recall*@5': 0.04269537419080734, 'NDCG*@5': 0.026503476426005364, 'MRR*@5': 0.021208878755569458}
INFO    [05-05 17:43:18] train in BasicTrainer:
duration: 54.78085231781006s
INFO    [05-05 17:43:18] train in BasicTrainer:
epoch: 52
INFO    [05-05 17:43:40] _train_one_epoch in BasicTrainer:
loss = 5.883859368057938
INFO    [05-05 17:44:11] log in loggers:
Update Best NDCG@10 Model at 52
INFO    [05-05 17:44:11] validate in BasicTrainer:
{'Recall@10': 0.06111851990222931, 'NDCG@10': 0.03126957416534424, 'MRR@10': 0.022200694680213927, 'Recall@5': 0.03961737260222435, 'NDCG@5': 0.024348935559391976, 'MRR@5': 0.0193632223084569, 'Recall*@10': 0.06535789430141449, 'NDCG*@10': 0.033720257729291915, 'MRR*@10': 0.02410615958273411, 'Recall*@5': 0.042459253966808316, 'NDCG*@5': 0.026349840238690376, 'MRR*@5': 0.0210843525826931}
INFO    [05-05 17:44:11] train in BasicTrainer:
duration: 53.534488677978516s
INFO    [05-05 17:44:11] train in BasicTrainer:
epoch: 53
INFO    [05-05 17:44:33] _train_one_epoch in BasicTrainer:
loss = 5.872272289551057
INFO    [05-05 17:45:05] log in loggers:
Update Best NDCG@10 Model at 53
INFO    [05-05 17:45:05] validate in BasicTrainer:
{'Recall@10': 0.061304066777229306, 'NDCG@10': 0.03145716279745102, 'MRR@10': 0.02237838439643383, 'Recall@5': 0.04021427035331726, 'NDCG@5': 0.024670283794403076, 'MRR@5': 0.019596774652600287, 'Recall*@10': 0.06557503804564475, 'NDCG*@10': 0.03395055748522282, 'MRR*@10': 0.024328083992004396, 'Recall*@5': 0.04318912953138351, 'NDCG*@5': 0.026745975539088248, 'MRR*@5': 0.021374819949269295}
INFO    [05-05 17:45:05] train in BasicTrainer:
duration: 53.92982482910156s
INFO    [05-05 17:45:05] train in BasicTrainer:
epoch: 54
DEBUG   [05-05 17:45:07] calculate_loss in loss:
soft_target max: 0.6800931692123413, argmax 708381
DEBUG   [05-05 17:45:07] calculate_loss in loss:
pred max in softmax: 0.8645619750022888, argmax 42083590
DEBUG   [05-05 17:45:08] calculate_loss in loss:
soft_target max: 0.6800931692123413, argmax 326805
DEBUG   [05-05 17:45:08] calculate_loss in loss:
pred max in softmax: 0.955780565738678, argmax 16828431
INFO    [05-05 17:45:27] _train_one_epoch in BasicTrainer:
loss = 5.860557027765222
INFO    [05-05 17:45:58] log in loggers:
Update Best NDCG@10 Model at 54
INFO    [05-05 17:45:58] validate in BasicTrainer:
{'Recall@10': 0.06143810719251633, 'NDCG@10': 0.03147182144224644, 'MRR@10': 0.02235976740717888, 'Recall@5': 0.04062055349349976, 'NDCG@5': 0.02480077587068081, 'MRR@5': 0.01964206375181675, 'Recall*@10': 0.06601384595036507, 'NDCG*@10': 0.03408520981669426, 'MRR*@10': 0.024374962598085404, 'Recall*@5': 0.04376941815018654, 'NDCG*@5': 0.026959828436374664, 'MRR*@5': 0.02147380106151104}
INFO    [05-05 17:45:58] train in BasicTrainer:
duration: 52.706772565841675s
INFO    [05-05 17:45:58] train in BasicTrainer:
epoch: 55
INFO    [05-05 17:46:20] _train_one_epoch in BasicTrainer:
loss = 5.849950545542949
INFO    [05-05 17:46:52] log in loggers:
Update Best NDCG@10 Model at 55
INFO    [05-05 17:46:52] validate in BasicTrainer:
{'Recall@10': 0.061846656203269956, 'NDCG@10': 0.031806775406003, 'MRR@10': 0.022666270062327385, 'Recall@5': 0.04055272981524467, 'NDCG@5': 0.024944614470005035, 'MRR@5': 0.019847758039832117, 'Recall*@10': 0.06661558911204338, 'NDCG*@10': 0.034476352855563164, 'MRR*@10': 0.024698599353432656, 'Recall*@5': 0.04367635533213615, 'NDCG*@5': 0.027084701880812644, 'MRR*@5': 0.02166279099881649}
INFO    [05-05 17:46:52] train in BasicTrainer:
duration: 54.01192092895508s
INFO    [05-05 17:46:52] train in BasicTrainer:
epoch: 56
INFO    [05-05 17:47:13] _train_one_epoch in BasicTrainer:
loss = 5.840571369136776
INFO    [05-05 17:47:44] validate in BasicTrainer:
{'Recall@10': 0.061798899471759795, 'NDCG@10': 0.03178951397538185, 'MRR@10': 0.02266556866466999, 'Recall@5': 0.04047740653157234, 'NDCG@5': 0.024941953346133233, 'MRR@5': 0.01986728772521019, 'Recall*@10': 0.0663280165195465, 'NDCG*@10': 0.034364173486828804, 'MRR*@10': 0.0246456628292799, 'Recall*@5': 0.043544932156801226, 'NDCG*@5': 0.02704758457839489, 'MRR*@5': 0.02165577858686447}
INFO    [05-05 17:47:44] train in BasicTrainer:
duration: 52.254109144210815s
INFO    [05-05 17:47:44] train in BasicTrainer:
epoch: 57
INFO    [05-05 17:48:06] _train_one_epoch in BasicTrainer:
loss = 5.826223334750614
INFO    [05-05 17:48:38] log in loggers:
Update Best NDCG@10 Model at 57
INFO    [05-05 17:48:38] validate in BasicTrainer:
{'Recall@10': 0.06200224757194519, 'NDCG@10': 0.03182546459138393, 'MRR@10': 0.0226569152623415, 'Recall@5': 0.040188187658786775, 'NDCG@5': 0.024802952632308008, 'MRR@5': 0.01977686256170273, 'Recall*@10': 0.0666359443962574, 'NDCG*@10': 0.034455207884311674, 'MRR*@10': 0.024680244028568266, 'Recall*@5': 0.04317834779620171, 'NDCG*@5': 0.026906525865197182, 'MRR*@5': 0.021586212813854217}
INFO    [05-05 17:48:38] train in BasicTrainer:
duration: 53.906867265701294s
INFO    [05-05 17:48:38] train in BasicTrainer:
epoch: 58
INFO    [05-05 17:48:59] _train_one_epoch in BasicTrainer:
loss = 5.8138077710125895
INFO    [05-05 17:49:30] log in loggers:
Update Best NDCG@10 Model at 58
INFO    [05-05 17:49:30] validate in BasicTrainer:
{'Recall@10': 0.06281881004571915, 'NDCG@10': 0.0324294013530016, 'MRR@10': 0.0231781841814518, 'Recall@5': 0.041065486818552016, 'NDCG@5': 0.02540833696722984, 'MRR@5': 0.02028829276561737, 'Recall*@10': 0.06750499948859215, 'NDCG*@10': 0.0350739498436451, 'MRR*@10': 0.025201277285814287, 'Recall*@5': 0.04406404793262482, 'NDCG*@5': 0.027501055598258974, 'MRR*@5': 0.02208020128309727}
INFO    [05-05 17:49:30] train in BasicTrainer:
duration: 51.948282957077026s
INFO    [05-05 17:49:30] train in BasicTrainer:
epoch: 59
INFO    [05-05 17:49:54] _train_one_epoch in BasicTrainer:
loss = 5.805948880341676
INFO    [05-05 17:50:26] validate in BasicTrainer:
{'Recall@10': 0.06252959132194519, 'NDCG@10': 0.032315816655755045, 'MRR@10': 0.023116008788347246, 'Recall@5': 0.04105077669024468, 'NDCG@5': 0.02538473442196846, 'MRR@5': 0.02026382803916931, 'Recall*@10': 0.06702216848731041, 'NDCG*@10': 0.034900339394807814, 'MRR*@10': 0.025120992213487625, 'Recall*@5': 0.043972824066877365, 'NDCG*@5': 0.02745967224240303, 'MRR*@5': 0.022057479619979857}
INFO    [05-05 17:50:26] train in BasicTrainer:
duration: 56.18156599998474s
INFO    [05-05 17:50:26] close_training in BasicTrainer:
finished training
DEBUG   [05-05 17:50:26] debug_summary in loss:
loss nan summary: nan 0 times, not nan 6661 times, ratio nan / (nan + not_nan) = 0.0
INFO    [05-05 17:50:26] run_routine in Routine:
Finished training, Start final validation
INFO    [05-05 17:50:26] final_validate in BasicTrainer:
validate model on val set!
INFO    [05-05 17:50:27] load_state_from_given_path in utils:
checkpoint epoch: 58
INFO    [05-05 17:50:27] load_state_from_given_path in utils:
Loading model's parameters
INFO    [05-05 17:50:58] validate in BasicTrainer:
{'Recall@10': 0.06281881004571915, 'NDCG@10': 0.0324294013530016, 'MRR@10': 0.0231781841814518, 'Recall@5': 0.041065486818552016, 'NDCG@5': 0.02540833696722984, 'MRR@5': 0.02028829276561737, 'Recall*@10': 0.06750499948859215, 'NDCG*@10': 0.0350739498436451, 'MRR*@10': 0.025201277285814287, 'Recall*@5': 0.04406404793262482, 'NDCG*@5': 0.027501055598258974, 'MRR*@5': 0.02208020128309727}
INFO    [05-05 17:50:58] run_routine in Routine:
Finished final validating. Result: {'Recall@10': 0.06281881004571915, 'NDCG@10': 0.0324294013530016, 'MRR@10': 0.0231781841814518, 'Recall@5': 0.041065486818552016, 'NDCG@5': 0.02540833696722984, 'MRR@5': 0.02028829276561737, 'Recall*@10': 0.06750499948859215, 'NDCG*@10': 0.0350739498436451, 'MRR*@10': 0.025201277285814287, 'Recall*@5': 0.04406404793262482, 'NDCG*@5': 0.027501055598258974, 'MRR*@5': 0.02208020128309727}
INFO    [05-05 17:50:58] _evaluate in DistillSched:
Start testing student model on test set
INFO    [05-05 17:50:58] test in BasicTrainer:
Test model on test set!
INFO    [05-05 17:50:58] test_with_given_state_path in BasicTrainer:
Loading model params from ___el_soft_2022/pop_narm-T-1.0-al-0.5_05-05_16:53_t2/student_narm_logs/checkpoint/best_acc_model.pth.
INFO    [05-05 17:50:58] load_state_from_given_path in utils:
checkpoint epoch: 58
INFO    [05-05 17:50:58] load_state_from_given_path in utils:
Loading model's parameters
INFO    [05-05 17:50:58] test_with_given_state_path in BasicTrainer:
Finished loading. Start testing.
INFO    [05-05 17:51:28] test_with_given_state_path in BasicTrainer:
{'Recall@10': 0.05781089797616005, 'NDCG@10': 0.029831119701266288, 'MRR@10': 0.021318246349692344, 'Recall@5': 0.037797339856624604, 'NDCG@5': 0.023367881178855895, 'MRR@5': 0.01865587677806616, 'Recall*@10': 0.06215467557311058, 'NDCG*@10': 0.03237325593829155, 'MRR*@10': 0.02332016035914421, 'Recall*@5': 0.040558649003505705, 'NDCG*@5': 0.02539832018315792, 'MRR*@5': 0.020446657724678515}
INFO    [05-05 17:51:28] _evaluate in DistillSched:
!!Final Result!!: {'Recall@10': 0.05781089797616005, 'NDCG@10': 0.029831119701266288, 'MRR@10': 0.021318246349692344, 'Recall@5': 0.037797339856624604, 'NDCG@5': 0.023367881178855895, 'MRR@5': 0.01865587677806616, 'Recall*@10': 0.06215467557311058, 'NDCG*@10': 0.03237325593829155, 'MRR*@10': 0.02332016035914421, 'Recall*@5': 0.040558649003505705, 'NDCG*@5': 0.02539832018315792, 'MRR*@5': 0.020446657724678515}
